Warming up...
Finished warming up!
=====================================================
Completed 1 games.

Agent 1 (SHUCT)
Winning score (between 0 and 1) : N=1, mean=1 (+/-0).
P1: N=0, mean=0 (+/-0).
P2: N=1, mean=1 (+/-0).
Game Durations: N=1, mean=116 (+/-0).
P1: N=0, mean=0 (+/-0).
P2: N=1, mean=116 (+/-0).

Agent 2 (UCT)
Winning score (between 0 and 1) : N=1, mean=0 (+/-0).
P1: N=1, mean=0 (+/-0).
P2: N=0, mean=0 (+/-0).
Game Durations: N=1, mean=116 (+/-0).
P1: N=1, mean=116 (+/-0).
P2: N=0, mean=0 (+/-0).
=====================================================
=====================================================
Completed 2 games.

Agent 1 (SHUCT)
Winning score (between 0 and 1) : N=2, mean=1 (+/-0).
P1: N=1, mean=1 (+/-0).
P2: N=1, mean=1 (+/-0).
Game Durations: N=2, mean=115 (+/-1.95996).
P1: N=1, mean=114 (+/-0).
P2: N=1, mean=116 (+/-0).

Agent 2 (UCT)
Winning score (between 0 and 1) : N=2, mean=0 (+/-0).
P1: N=1, mean=0 (+/-0).
P2: N=1, mean=0 (+/-0).
Game Durations: N=2, mean=115 (+/-1.95996).
P1: N=1, mean=116 (+/-0).
P2: N=1, mean=114 (+/-0).
=====================================================
=====================================================
Completed 3 games.

Agent 1 (SHUCT)
Winning score (between 0 and 1) : N=3, mean=1 (+/-0).
P1: N=1, mean=1 (+/-0).
P2: N=2, mean=1 (+/-0).
Game Durations: N=3, mean=120.666667 (+/-11.163937).
P1: N=1, mean=114 (+/-0).
P2: N=2, mean=124 (+/-15.67968).

Agent 2 (UCT)
Winning score (between 0 and 1) : N=3, mean=0 (+/-0).
P1: N=2, mean=0 (+/-0).
P2: N=1, mean=0 (+/-0).
Game Durations: N=3, mean=120.666667 (+/-11.163937).
P1: N=2, mean=124 (+/-15.67968).
P2: N=1, mean=114 (+/-0).
=====================================================
=====================================================
Completed 4 games.

Agent 1 (SHUCT)
Winning score (between 0 and 1) : N=4, mean=1 (+/-0).
P1: N=2, mean=1 (+/-0).
P2: N=2, mean=1 (+/-0).
Game Durations: N=4, mean=122 (+/-8.315406).
P1: N=2, mean=120 (+/-11.75976).
P2: N=2, mean=124 (+/-15.67968).

Agent 2 (UCT)
Winning score (between 0 and 1) : N=4, mean=0 (+/-0).
P1: N=2, mean=0 (+/-0).
P2: N=2, mean=0 (+/-0).
Game Durations: N=4, mean=122 (+/-8.315406).
P1: N=2, mean=124 (+/-15.67968).
P2: N=2, mean=120 (+/-11.75976).
=====================================================
=====================================================
Completed 5 games.

Agent 1 (SHUCT)
Winning score (between 0 and 1) : N=5, mean=1 (+/-0).
P1: N=2, mean=1 (+/-0).
P2: N=3, mean=1 (+/-0).
Game Durations: N=5, mean=118.4 (+/-9.553674).
P1: N=2, mean=120 (+/-11.75976).
P2: N=3, mean=117.333333 (+/-15.895962).

Agent 2 (UCT)
Winning score (between 0 and 1) : N=5, mean=0 (+/-0).
P1: N=3, mean=0 (+/-0).
P2: N=2, mean=0 (+/-0).
Game Durations: N=5, mean=118.4 (+/-9.553674).
P1: N=3, mean=117.333333 (+/-15.895962).
P2: N=2, mean=120 (+/-11.75976).
=====================================================
=====================================================
Completed 10 games.

Agent 1 (SHUCT)
Winning score (between 0 and 1) : N=10, mean=1 (+/-0).
P1: N=5, mean=1 (+/-0).
P2: N=5, mean=1 (+/-0).
Game Durations: N=10, mean=121.4 (+/-6.508326).
P1: N=5, mean=121.2 (+/-5.761082).
P2: N=5, mean=121.6 (+/-12.543744).

Agent 2 (UCT)
Winning score (between 0 and 1) : N=10, mean=0 (+/-0).
P1: N=5, mean=0 (+/-0).
P2: N=5, mean=0 (+/-0).
Game Durations: N=10, mean=121.4 (+/-6.508326).
P1: N=5, mean=121.6 (+/-12.543744).
P2: N=5, mean=121.2 (+/-5.761082).
=====================================================
=====================================================
Completed 20 games.

Agent 1 (SHUCT)
Winning score (between 0 and 1) : N=20, mean=0.95 (+/-0.097998).
P1: N=10, mean=0.9 (+/-0.195996).
P2: N=10, mean=1 (+/-0).
Game Durations: N=20, mean=125.1 (+/-7.380081).
P1: N=10, mean=126.6 (+/-13.402458).
P2: N=10, mean=123.6 (+/-6.958395).

Agent 2 (UCT)
Winning score (between 0 and 1) : N=20, mean=0.05 (+/-0.097998).
P1: N=10, mean=0 (+/-0).
P2: N=10, mean=0.1 (+/-0.195996).
Game Durations: N=20, mean=125.1 (+/-7.380081).
P1: N=10, mean=123.6 (+/-6.958395).
P2: N=10, mean=126.6 (+/-13.402458).
=====================================================
=====================================================
Completed 30 games.

Agent 1 (SHUCT)
Winning score (between 0 and 1) : N=30, mean=0.933333 (+/-0.090786).
P1: N=15, mean=0.866667 (+/-0.178065).
P2: N=15, mean=1 (+/-0).
Game Durations: N=30, mean=127.933333 (+/-6.335985).
P1: N=15, mean=131.333333 (+/-10.831272).
P2: N=15, mean=124.533333 (+/-6.53096).

Agent 2 (UCT)
Winning score (between 0 and 1) : N=30, mean=0.066667 (+/-0.090786).
P1: N=15, mean=0 (+/-0).
P2: N=15, mean=0.133333 (+/-0.178065).
Game Durations: N=30, mean=127.933333 (+/-6.335985).
P1: N=15, mean=124.533333 (+/-6.53096).
P2: N=15, mean=131.333333 (+/-10.831272).
=====================================================
=====================================================
Completed 40 games.

Agent 1 (SHUCT)
Winning score (between 0 and 1) : N=40, mean=0.95 (+/-0.068401).
P1: N=20, mean=0.9 (+/-0.134894).
P2: N=20, mean=1 (+/-0).
Game Durations: N=40, mean=124.5 (+/-6.257643).
P1: N=20, mean=126.6 (+/-10.806848).
P2: N=20, mean=122.4 (+/-6.494851).

Agent 2 (UCT)
Winning score (between 0 and 1) : N=40, mean=0.05 (+/-0.068401).
P1: N=20, mean=0 (+/-0).
P2: N=20, mean=0.1 (+/-0.134894).
Game Durations: N=40, mean=124.5 (+/-6.257643).
P1: N=20, mean=122.4 (+/-6.494851).
P2: N=20, mean=126.6 (+/-10.806848).
=====================================================
=====================================================
Completed 50 games.

Agent 1 (SHUCT)
Winning score (between 0 and 1) : N=50, mean=0.96 (+/-0.054867).
P1: N=25, mean=0.92 (+/-0.108538).
P2: N=25, mean=1 (+/-0).
Game Durations: N=50, mean=124.12 (+/-5.379867).
P1: N=25, mean=126.8 (+/-9.151145).
P2: N=25, mean=121.44 (+/-5.669312).

Agent 2 (UCT)
Winning score (between 0 and 1) : N=50, mean=0.04 (+/-0.054867).
P1: N=25, mean=0 (+/-0).
P2: N=25, mean=0.08 (+/-0.108538).
Game Durations: N=50, mean=124.12 (+/-5.379867).
P1: N=25, mean=121.44 (+/-5.669312).
P2: N=25, mean=126.8 (+/-9.151145).
=====================================================
=====================================================
Completed 60 games.

Agent 1 (SHUCT)
Winning score (between 0 and 1) : N=60, mean=0.966667 (+/-0.045804).
P1: N=30, mean=0.933333 (+/-0.090786).
P2: N=30, mean=1 (+/-0).
Game Durations: N=60, mean=123.733333 (+/-5.060137).
P1: N=30, mean=127.2 (+/-7.99068).
P2: N=30, mean=120.266667 (+/-6.095164).

Agent 2 (UCT)
Winning score (between 0 and 1) : N=60, mean=0.033333 (+/-0.045804).
P1: N=30, mean=0 (+/-0).
P2: N=30, mean=0.066667 (+/-0.090786).
Game Durations: N=60, mean=123.733333 (+/-5.060137).
P1: N=30, mean=120.266667 (+/-6.095164).
P2: N=30, mean=127.2 (+/-7.99068).
=====================================================
=====================================================
Completed 70 games.

Agent 1 (SHUCT)
Winning score (between 0 and 1) : N=70, mean=0.971429 (+/-0.039309).
P1: N=35, mean=0.942857 (+/-0.078021).
P2: N=35, mean=1 (+/-0).
Game Durations: N=70, mean=123.685714 (+/-4.435196).
P1: N=35, mean=126.114286 (+/-6.991775).
P2: N=35, mean=121.257143 (+/-5.442728).

Agent 2 (UCT)
Winning score (between 0 and 1) : N=70, mean=0.028571 (+/-0.039309).
P1: N=35, mean=0 (+/-0).
P2: N=35, mean=0.057143 (+/-0.078021).
Game Durations: N=70, mean=123.685714 (+/-4.435196).
P1: N=35, mean=121.257143 (+/-5.442728).
P2: N=35, mean=126.114286 (+/-6.991775).
=====================================================
=====================================================
Completed 80 games.

Agent 1 (SHUCT)
Winning score (between 0 and 1) : N=80, mean=0.975 (+/-0.034428).
P1: N=40, mean=0.95 (+/-0.068401).
P2: N=40, mean=1 (+/-0).
Game Durations: N=80, mean=122.2 (+/-4.185445).
P1: N=40, mean=124 (+/-6.53973).
P2: N=40, mean=120.4 (+/-5.250127).

Agent 2 (UCT)
Winning score (between 0 and 1) : N=80, mean=0.025 (+/-0.034428).
P1: N=40, mean=0 (+/-0).
P2: N=40, mean=0.05 (+/-0.068401).
Game Durations: N=80, mean=122.2 (+/-4.185445).
P1: N=40, mean=120.4 (+/-5.250127).
P2: N=40, mean=124 (+/-6.53973).
=====================================================
=====================================================
Completed 90 games.

Agent 1 (SHUCT)
Winning score (between 0 and 1) : N=90, mean=0.977778 (+/-0.030624).
P1: N=45, mean=0.955556 (+/-0.060892).
P2: N=45, mean=1 (+/-0).
Game Durations: N=90, mean=122.288889 (+/-3.822578).
P1: N=45, mean=123.6 (+/-5.954766).
P2: N=45, mean=120.977778 (+/-4.832516).

Agent 2 (UCT)
Winning score (between 0 and 1) : N=90, mean=0.022222 (+/-0.030624).
P1: N=45, mean=0 (+/-0).
P2: N=45, mean=0.044444 (+/-0.060892).
Game Durations: N=90, mean=122.288889 (+/-3.822578).
P1: N=45, mean=120.977778 (+/-4.832516).
P2: N=45, mean=123.6 (+/-5.954766).
=====================================================
=====================================================
Completed 100 games.

Agent 1 (SHUCT)
Winning score (between 0 and 1) : N=100, mean=0.96 (+/-0.038601).
P1: N=50, mean=0.96 (+/-0.054867).
P2: N=50, mean=0.96 (+/-0.054867).
Game Durations: N=100, mean=123.2 (+/-3.837892).
P1: N=50, mean=125.84 (+/-5.852714).
P2: N=50, mean=120.56 (+/-4.916483).

Agent 2 (UCT)
Winning score (between 0 and 1) : N=100, mean=0.04 (+/-0.038601).
P1: N=50, mean=0.04 (+/-0.054867).
P2: N=50, mean=0.04 (+/-0.054867).
Game Durations: N=100, mean=123.2 (+/-3.837892).
P1: N=50, mean=120.56 (+/-4.916483).
P2: N=50, mean=125.84 (+/-5.852714).
=====================================================
