Warming up...
Finished warming up!
=====================================================
Completed 1 games.

Agent 1 (SHUCT)
Winning score (between 0 and 1) : N=1, mean=0 (+/-0).
P1: N=1, mean=0 (+/-0).
P2: N=0, mean=0 (+/-0).
Game Durations: N=1, mean=128 (+/-0).
P1: N=1, mean=128 (+/-0).
P2: N=0, mean=0 (+/-0).

Agent 2 (UCT)
Winning score (between 0 and 1) : N=1, mean=1 (+/-0).
P1: N=0, mean=0 (+/-0).
P2: N=1, mean=1 (+/-0).
Game Durations: N=1, mean=128 (+/-0).
P1: N=0, mean=0 (+/-0).
P2: N=1, mean=128 (+/-0).
=====================================================
=====================================================
Completed 2 games.

Agent 1 (SHUCT)
Winning score (between 0 and 1) : N=2, mean=0 (+/-0).
P1: N=1, mean=0 (+/-0).
P2: N=1, mean=0 (+/-0).
Game Durations: N=2, mean=135 (+/-13.71972).
P1: N=1, mean=128 (+/-0).
P2: N=1, mean=142 (+/-0).

Agent 2 (UCT)
Winning score (between 0 and 1) : N=2, mean=1 (+/-0).
P1: N=1, mean=1 (+/-0).
P2: N=1, mean=1 (+/-0).
Game Durations: N=2, mean=135 (+/-13.71972).
P1: N=1, mean=142 (+/-0).
P2: N=1, mean=128 (+/-0).
=====================================================
=====================================================
Completed 3 games.

Agent 1 (SHUCT)
Winning score (between 0 and 1) : N=3, mean=0 (+/-0).
P1: N=2, mean=0 (+/-0).
P2: N=1, mean=0 (+/-0).
Game Durations: N=3, mean=135.333333 (+/-7.947981).
P1: N=2, mean=132 (+/-7.83984).
P2: N=1, mean=142 (+/-0).

Agent 2 (UCT)
Winning score (between 0 and 1) : N=3, mean=1 (+/-0).
P1: N=1, mean=1 (+/-0).
P2: N=2, mean=1 (+/-0).
Game Durations: N=3, mean=135.333333 (+/-7.947981).
P1: N=1, mean=142 (+/-0).
P2: N=2, mean=132 (+/-7.83984).
=====================================================
=====================================================
Completed 4 games.

Agent 1 (SHUCT)
Winning score (between 0 and 1) : N=4, mean=0.25 (+/-0.48999).
P1: N=2, mean=0 (+/-0).
P2: N=2, mean=0.5 (+/-0.97998).
Game Durations: N=4, mean=142.5 (+/-15.128979).
P1: N=2, mean=132 (+/-7.83984).
P2: N=2, mean=153 (+/-21.55956).

Agent 2 (UCT)
Winning score (between 0 and 1) : N=4, mean=0.75 (+/-0.48999).
P1: N=2, mean=0.5 (+/-0.97998).
P2: N=2, mean=1 (+/-0).
Game Durations: N=4, mean=142.5 (+/-15.128979).
P1: N=2, mean=153 (+/-21.55956).
P2: N=2, mean=132 (+/-7.83984).
=====================================================
=====================================================
Completed 5 games.

Agent 1 (SHUCT)
Winning score (between 0 and 1) : N=5, mean=0.2 (+/-0.391992).
P1: N=3, mean=0 (+/-0).
P2: N=2, mean=0.5 (+/-0.97998).
Game Durations: N=5, mean=142.8 (+/-11.733598).
P1: N=3, mean=136 (+/-9.052667).
P2: N=2, mean=153 (+/-21.55956).

Agent 2 (UCT)
Winning score (between 0 and 1) : N=5, mean=0.8 (+/-0.391992).
P1: N=2, mean=0.5 (+/-0.97998).
P2: N=3, mean=1 (+/-0).
Game Durations: N=5, mean=142.8 (+/-11.733598).
P1: N=2, mean=153 (+/-21.55956).
P2: N=3, mean=136 (+/-9.052667).
=====================================================
=====================================================
Completed 10 games.

Agent 1 (SHUCT)
Winning score (between 0 and 1) : N=10, mean=0.3 (+/-0.299389).
P1: N=5, mean=0.2 (+/-0.391992).
P2: N=5, mean=0.4 (+/-0.48009).
Game Durations: N=10, mean=144.8 (+/-8.205866).
P1: N=5, mean=143.6 (+/-14.792181).
P2: N=5, mean=146 (+/-9.024334).

Agent 2 (UCT)
Winning score (between 0 and 1) : N=10, mean=0.7 (+/-0.299389).
P1: N=5, mean=0.6 (+/-0.48009).
P2: N=5, mean=0.8 (+/-0.391992).
Game Durations: N=10, mean=144.8 (+/-8.205866).
P1: N=5, mean=146 (+/-9.024334).
P2: N=5, mean=143.6 (+/-14.792181).
=====================================================
=====================================================
Completed 20 games.

Agent 1 (SHUCT)
Winning score (between 0 and 1) : N=20, mean=0.55 (+/-0.223696).
P1: N=10, mean=0.5 (+/-0.32666).
P2: N=10, mean=0.6 (+/-0.32006).
Game Durations: N=20, mean=148.7 (+/-6.354338).
P1: N=10, mean=148.6 (+/-9.708784).
P2: N=10, mean=148.8 (+/-8.730076).

Agent 2 (UCT)
Winning score (between 0 and 1) : N=20, mean=0.45 (+/-0.223696).
P1: N=10, mean=0.4 (+/-0.32006).
P2: N=10, mean=0.5 (+/-0.32666).
Game Durations: N=20, mean=148.7 (+/-6.354338).
P1: N=10, mean=148.8 (+/-8.730076).
P2: N=10, mean=148.6 (+/-9.708784).
=====================================================
=====================================================
Completed 30 games.

Agent 1 (SHUCT)
Winning score (between 0 and 1) : N=30, mean=0.566667 (+/-0.180353).
P1: N=15, mean=0.533333 (+/-0.261328).
P2: N=15, mean=0.6 (+/-0.256619).
Game Durations: N=30, mean=152.266667 (+/-4.939555).
P1: N=15, mean=150.666667 (+/-7.019119).
P2: N=15, mean=153.866667 (+/-7.099964).

Agent 2 (UCT)
Winning score (between 0 and 1) : N=30, mean=0.433333 (+/-0.180353).
P1: N=15, mean=0.4 (+/-0.256619).
P2: N=15, mean=0.466667 (+/-0.261328).
Game Durations: N=30, mean=152.266667 (+/-4.939555).
P1: N=15, mean=153.866667 (+/-7.099964).
P2: N=15, mean=150.666667 (+/-7.019119).
=====================================================
=====================================================
Completed 40 games.

Agent 1 (SHUCT)
Winning score (between 0 and 1) : N=40, mean=0.55 (+/-0.156136).
P1: N=20, mean=0.5 (+/-0.224823).
P2: N=20, mean=0.6 (+/-0.22028).
Game Durations: N=40, mean=151.3 (+/-4.826582).
P1: N=20, mean=153.6 (+/-6.946116).
P2: N=20, mean=149 (+/-6.726675).

Agent 2 (UCT)
Winning score (between 0 and 1) : N=40, mean=0.45 (+/-0.156136).
P1: N=20, mean=0.4 (+/-0.22028).
P2: N=20, mean=0.5 (+/-0.224823).
Game Durations: N=40, mean=151.3 (+/-4.826582).
P1: N=20, mean=149 (+/-6.726675).
P2: N=20, mean=153.6 (+/-6.946116).
=====================================================
=====================================================
Completed 50 games.

Agent 1 (SHUCT)
Winning score (between 0 and 1) : N=50, mean=0.5 (+/-0.139997).
P1: N=25, mean=0.4 (+/-0.195996).
P2: N=25, mean=0.6 (+/-0.195996).
Game Durations: N=50, mean=152.16 (+/-4.351857).
P1: N=25, mean=153.76 (+/-6.052945).
P2: N=25, mean=150.56 (+/-6.314682).

Agent 2 (UCT)
Winning score (between 0 and 1) : N=50, mean=0.5 (+/-0.139997).
P1: N=25, mean=0.4 (+/-0.195996).
P2: N=25, mean=0.6 (+/-0.195996).
Game Durations: N=50, mean=152.16 (+/-4.351857).
P1: N=25, mean=150.56 (+/-6.314682).
P2: N=25, mean=153.76 (+/-6.052945).
=====================================================
=====================================================
Completed 60 games.

Agent 1 (SHUCT)
Winning score (between 0 and 1) : N=60, mean=0.516667 (+/-0.127512).
P1: N=30, mean=0.433333 (+/-0.180353).
P2: N=30, mean=0.6 (+/-0.178301).
Game Durations: N=60, mean=151.7 (+/-3.886363).
P1: N=30, mean=152.466667 (+/-5.227743).
P2: N=30, mean=150.933333 (+/-5.828542).

Agent 2 (UCT)
Winning score (between 0 and 1) : N=60, mean=0.483333 (+/-0.127512).
P1: N=30, mean=0.4 (+/-0.178301).
P2: N=30, mean=0.566667 (+/-0.180353).
Game Durations: N=60, mean=151.7 (+/-3.886363).
P1: N=30, mean=150.933333 (+/-5.828542).
P2: N=30, mean=152.466667 (+/-5.227743).
=====================================================
=====================================================
Completed 70 games.

Agent 1 (SHUCT)
Winning score (between 0 and 1) : N=70, mean=0.514286 (+/-0.117928).
P1: N=35, mean=0.457143 (+/-0.167447).
P2: N=35, mean=0.571429 (+/-0.166341).
Game Durations: N=70, mean=151.571429 (+/-3.545686).
P1: N=35, mean=152.457143 (+/-4.737509).
P2: N=35, mean=150.685714 (+/-5.329713).

Agent 2 (UCT)
Winning score (between 0 and 1) : N=70, mean=0.485714 (+/-0.117928).
P1: N=35, mean=0.428571 (+/-0.166341).
P2: N=35, mean=0.542857 (+/-0.167447).
Game Durations: N=70, mean=151.571429 (+/-3.545686).
P1: N=35, mean=150.685714 (+/-5.329713).
P2: N=35, mean=152.457143 (+/-4.737509).
=====================================================
=====================================================
Completed 80 games.

Agent 1 (SHUCT)
Winning score (between 0 and 1) : N=80, mean=0.5 (+/-0.110256).
P1: N=40, mean=0.475 (+/-0.156726).
P2: N=40, mean=0.525 (+/-0.156726).
Game Durations: N=80, mean=151.8 (+/-3.227782).
P1: N=40, mean=152.65 (+/-4.437076).
P2: N=40, mean=150.95 (+/-4.730605).

Agent 2 (UCT)
Winning score (between 0 and 1) : N=80, mean=0.5 (+/-0.110256).
P1: N=40, mean=0.475 (+/-0.156726).
P2: N=40, mean=0.525 (+/-0.156726).
Game Durations: N=80, mean=151.8 (+/-3.227782).
P1: N=40, mean=150.95 (+/-4.730605).
P2: N=40, mean=152.65 (+/-4.437076).
=====================================================
=====================================================
Completed 90 games.

Agent 1 (SHUCT)
Winning score (between 0 and 1) : N=90, mean=0.477778 (+/-0.103775).
P1: N=45, mean=0.466667 (+/-0.147409).
P2: N=45, mean=0.488889 (+/-0.147701).
Game Durations: N=90, mean=152.311111 (+/-3.066477).
P1: N=45, mean=152.311111 (+/-4.29759).
P2: N=45, mean=152.311111 (+/-4.423943).

Agent 2 (UCT)
Winning score (between 0 and 1) : N=90, mean=0.522222 (+/-0.103775).
P1: N=45, mean=0.511111 (+/-0.147701).
P2: N=45, mean=0.533333 (+/-0.147409).
Game Durations: N=90, mean=152.311111 (+/-3.066477).
P1: N=45, mean=152.311111 (+/-4.423943).
P2: N=45, mean=152.311111 (+/-4.29759).
=====================================================
=====================================================
Completed 100 games.

Agent 1 (SHUCT)
Winning score (between 0 and 1) : N=100, mean=0.49 (+/-0.098472).
P1: N=50, mean=0.48 (+/-0.139885).
P2: N=50, mean=0.5 (+/-0.139997).
Game Durations: N=100, mean=151.86 (+/-2.921871).
P1: N=50, mean=152.4 (+/-3.948614).
P2: N=50, mean=151.32 (+/-4.342869).

Agent 2 (UCT)
Winning score (between 0 and 1) : N=100, mean=0.51 (+/-0.098472).
P1: N=50, mean=0.5 (+/-0.139997).
P2: N=50, mean=0.52 (+/-0.139885).
Game Durations: N=100, mean=151.86 (+/-2.921871).
P1: N=50, mean=151.32 (+/-4.342869).
P2: N=50, mean=152.4 (+/-3.948614).
=====================================================
