Warming up...
Finished warming up!
=====================================================
Completed 1 games.

Agent 1 (SHUCT)
Winning score (between 0 and 1) : N=1, mean=1 (+/-0).
P1: N=1, mean=1 (+/-0).
P2: N=0, mean=0 (+/-0).
Game Durations: N=1, mean=158 (+/-0).
P1: N=1, mean=158 (+/-0).
P2: N=0, mean=0 (+/-0).

Agent 2 (UCT)
Winning score (between 0 and 1) : N=1, mean=0 (+/-0).
P1: N=0, mean=0 (+/-0).
P2: N=1, mean=0 (+/-0).
Game Durations: N=1, mean=158 (+/-0).
P1: N=0, mean=0 (+/-0).
P2: N=1, mean=158 (+/-0).
=====================================================
=====================================================
Completed 2 games.

Agent 1 (SHUCT)
Winning score (between 0 and 1) : N=2, mean=1 (+/-0).
P1: N=1, mean=1 (+/-0).
P2: N=1, mean=1 (+/-0).
Game Durations: N=2, mean=145 (+/-25.47948).
P1: N=1, mean=158 (+/-0).
P2: N=1, mean=132 (+/-0).

Agent 2 (UCT)
Winning score (between 0 and 1) : N=2, mean=0 (+/-0).
P1: N=1, mean=0 (+/-0).
P2: N=1, mean=0 (+/-0).
Game Durations: N=2, mean=145 (+/-25.47948).
P1: N=1, mean=132 (+/-0).
P2: N=1, mean=158 (+/-0).
=====================================================
=====================================================
Completed 3 games.

Agent 1 (SHUCT)
Winning score (between 0 and 1) : N=3, mean=1 (+/-0).
P1: N=2, mean=1 (+/-0).
P2: N=1, mean=1 (+/-0).
Game Durations: N=3, mean=146.666667 (+/-15.068908).
P1: N=2, mean=154 (+/-7.83984).
P2: N=1, mean=132 (+/-0).

Agent 2 (UCT)
Winning score (between 0 and 1) : N=3, mean=0 (+/-0).
P1: N=1, mean=0 (+/-0).
P2: N=2, mean=0 (+/-0).
Game Durations: N=3, mean=146.666667 (+/-15.068908).
P1: N=1, mean=132 (+/-0).
P2: N=2, mean=154 (+/-7.83984).
=====================================================
=====================================================
Completed 4 games.

Agent 1 (SHUCT)
Winning score (between 0 and 1) : N=4, mean=0.75 (+/-0.48999).
P1: N=2, mean=1 (+/-0).
P2: N=2, mean=0.5 (+/-0.97998).
Game Durations: N=4, mean=145.5 (+/-10.897918).
P1: N=2, mean=154 (+/-7.83984).
P2: N=2, mean=137 (+/-9.7998).

Agent 2 (UCT)
Winning score (between 0 and 1) : N=4, mean=0.25 (+/-0.48999).
P1: N=2, mean=0.5 (+/-0.97998).
P2: N=2, mean=0 (+/-0).
Game Durations: N=4, mean=145.5 (+/-10.897918).
P1: N=2, mean=137 (+/-9.7998).
P2: N=2, mean=154 (+/-7.83984).
=====================================================
=====================================================
Completed 5 games.

Agent 1 (SHUCT)
Winning score (between 0 and 1) : N=5, mean=0.6 (+/-0.48009).
P1: N=3, mean=0.666667 (+/-0.65332).
P2: N=2, mean=0.5 (+/-0.97998).
Game Durations: N=5, mean=145.2 (+/-8.461944).
P1: N=3, mean=150.666667 (+/-7.947981).
P2: N=2, mean=137 (+/-9.7998).

Agent 2 (UCT)
Winning score (between 0 and 1) : N=5, mean=0.4 (+/-0.48009).
P1: N=2, mean=0.5 (+/-0.97998).
P2: N=3, mean=0.333333 (+/-0.65332).
Game Durations: N=5, mean=145.2 (+/-8.461944).
P1: N=2, mean=137 (+/-9.7998).
P2: N=3, mean=150.666667 (+/-7.947981).
=====================================================
=====================================================
Completed 10 games.

Agent 1 (SHUCT)
Winning score (between 0 and 1) : N=10, mean=0.6 (+/-0.32006).
P1: N=5, mean=0.4 (+/-0.48009).
P2: N=5, mean=0.8 (+/-0.391992).
Game Durations: N=10, mean=149.8 (+/-7.914615).
P1: N=5, mean=152 (+/-5.944853).
P2: N=5, mean=147.6 (+/-15.402842).

Agent 2 (UCT)
Winning score (between 0 and 1) : N=10, mean=0.4 (+/-0.32006).
P1: N=5, mean=0.2 (+/-0.391992).
P2: N=5, mean=0.6 (+/-0.48009).
Game Durations: N=10, mean=149.8 (+/-7.914615).
P1: N=5, mean=147.6 (+/-15.402842).
P2: N=5, mean=152 (+/-5.944853).
=====================================================
=====================================================
Completed 20 games.

Agent 1 (SHUCT)
Winning score (between 0 and 1) : N=20, mean=0.55 (+/-0.223696).
P1: N=10, mean=0.5 (+/-0.32666).
P2: N=10, mean=0.6 (+/-0.32006).
Game Durations: N=20, mean=150.9 (+/-6.33011).
P1: N=10, mean=149.4 (+/-8.181904).
P2: N=10, mean=152.4 (+/-10.016058).

Agent 2 (UCT)
Winning score (between 0 and 1) : N=20, mean=0.45 (+/-0.223696).
P1: N=10, mean=0.4 (+/-0.32006).
P2: N=10, mean=0.5 (+/-0.32666).
Game Durations: N=20, mean=150.9 (+/-6.33011).
P1: N=10, mean=152.4 (+/-10.016058).
P2: N=10, mean=149.4 (+/-8.181904).
=====================================================
=====================================================
Completed 30 games.

Agent 1 (SHUCT)
Winning score (between 0 and 1) : N=30, mean=0.566667 (+/-0.180353).
P1: N=15, mean=0.6 (+/-0.256619).
P2: N=15, mean=0.533333 (+/-0.261328).
Game Durations: N=30, mean=149.733333 (+/-5.721501).
P1: N=15, mean=150.8 (+/-7.687156).
P2: N=15, mean=148.666667 (+/-8.712178).

Agent 2 (UCT)
Winning score (between 0 and 1) : N=30, mean=0.433333 (+/-0.180353).
P1: N=15, mean=0.466667 (+/-0.261328).
P2: N=15, mean=0.4 (+/-0.256619).
Game Durations: N=30, mean=149.733333 (+/-5.721501).
P1: N=15, mean=148.666667 (+/-8.712178).
P2: N=15, mean=150.8 (+/-7.687156).
=====================================================
=====================================================
Completed 40 games.

Agent 1 (SHUCT)
Winning score (between 0 and 1) : N=40, mean=0.575 (+/-0.155147).
P1: N=20, mean=0.6 (+/-0.22028).
P2: N=20, mean=0.55 (+/-0.223696).
Game Durations: N=40, mean=149.05 (+/-5.327948).
P1: N=20, mean=148.2 (+/-8.162772).
P2: N=20, mean=149.9 (+/-7.043667).

Agent 2 (UCT)
Winning score (between 0 and 1) : N=40, mean=0.425 (+/-0.155147).
P1: N=20, mean=0.45 (+/-0.223696).
P2: N=20, mean=0.4 (+/-0.22028).
Game Durations: N=40, mean=149.05 (+/-5.327948).
P1: N=20, mean=149.9 (+/-7.043667).
P2: N=20, mean=148.2 (+/-8.162772).
=====================================================
=====================================================
Completed 50 games.

Agent 1 (SHUCT)
Winning score (between 0 and 1) : N=50, mean=0.58 (+/-0.138194).
P1: N=25, mean=0.64 (+/-0.192036).
P2: N=25, mean=0.52 (+/-0.199877).
Game Durations: N=50, mean=150.08 (+/-4.547935).
P1: N=25, mean=149.76 (+/-6.925143).
P2: N=25, mean=150.4 (+/-6.038882).

Agent 2 (UCT)
Winning score (between 0 and 1) : N=50, mean=0.42 (+/-0.138194).
P1: N=25, mean=0.48 (+/-0.199877).
P2: N=25, mean=0.36 (+/-0.192036).
Game Durations: N=50, mean=150.08 (+/-4.547935).
P1: N=25, mean=150.4 (+/-6.038882).
P2: N=25, mean=149.76 (+/-6.925143).
=====================================================
=====================================================
Completed 60 games.

Agent 1 (SHUCT)
Winning score (between 0 and 1) : N=60, mean=0.583333 (+/-0.125798).
P1: N=30, mean=0.666667 (+/-0.17157).
P2: N=30, mean=0.5 (+/-0.181978).
Game Durations: N=60, mean=150.433333 (+/-4.136604).
P1: N=30, mean=150.4 (+/-5.878829).
P2: N=30, mean=150.466667 (+/-5.921585).

Agent 2 (UCT)
Winning score (between 0 and 1) : N=60, mean=0.416667 (+/-0.125798).
P1: N=30, mean=0.5 (+/-0.181978).
P2: N=30, mean=0.333333 (+/-0.17157).
Game Durations: N=60, mean=150.433333 (+/-4.136604).
P1: N=30, mean=150.466667 (+/-5.921585).
P2: N=30, mean=150.4 (+/-5.878829).
=====================================================
=====================================================
Completed 70 games.

Agent 1 (SHUCT)
Winning score (between 0 and 1) : N=70, mean=0.6 (+/-0.115592).
P1: N=35, mean=0.628571 (+/-0.162414).
P2: N=35, mean=0.571429 (+/-0.166341).
Game Durations: N=70, mean=150.714286 (+/-3.98674).
P1: N=35, mean=151.542857 (+/-5.242121).
P2: N=35, mean=149.885714 (+/-6.072592).

Agent 2 (UCT)
Winning score (between 0 and 1) : N=70, mean=0.4 (+/-0.115592).
P1: N=35, mean=0.428571 (+/-0.166341).
P2: N=35, mean=0.371429 (+/-0.162414).
Game Durations: N=70, mean=150.714286 (+/-3.98674).
P1: N=35, mean=149.885714 (+/-6.072592).
P2: N=35, mean=151.542857 (+/-5.242121).
=====================================================
=====================================================
Completed 80 games.

Agent 1 (SHUCT)
Winning score (between 0 and 1) : N=80, mean=0.6 (+/-0.108029).
P1: N=40, mean=0.625 (+/-0.151939).
P2: N=40, mean=0.575 (+/-0.155147).
Game Durations: N=80, mean=150.6 (+/-3.743135).
P1: N=40, mean=152.55 (+/-4.811124).
P2: N=40, mean=148.65 (+/-5.732953).

Agent 2 (UCT)
Winning score (between 0 and 1) : N=80, mean=0.4 (+/-0.108029).
P1: N=40, mean=0.425 (+/-0.155147).
P2: N=40, mean=0.375 (+/-0.151939).
Game Durations: N=80, mean=150.6 (+/-3.743135).
P1: N=40, mean=148.65 (+/-5.732953).
P2: N=40, mean=152.55 (+/-4.811124).
=====================================================
=====================================================
Completed 90 games.

Agent 1 (SHUCT)
Winning score (between 0 and 1) : N=90, mean=0.622222 (+/-0.100726).
P1: N=45, mean=0.622222 (+/-0.143256).
P2: N=45, mean=0.622222 (+/-0.143256).
Game Durations: N=90, mean=150.911111 (+/-3.512184).
P1: N=45, mean=152.533333 (+/-4.648808).
P2: N=45, mean=149.288889 (+/-5.27556).

Agent 2 (UCT)
Winning score (between 0 and 1) : N=90, mean=0.377778 (+/-0.100726).
P1: N=45, mean=0.377778 (+/-0.143256).
P2: N=45, mean=0.377778 (+/-0.143256).
Game Durations: N=90, mean=150.911111 (+/-3.512184).
P1: N=45, mean=149.288889 (+/-5.27556).
P2: N=45, mean=152.533333 (+/-4.648808).
=====================================================
=====================================================
Completed 100 games.

Agent 1 (SHUCT)
Winning score (between 0 and 1) : N=100, mean=0.64 (+/-0.094552).
P1: N=50, mean=0.64 (+/-0.134397).
P2: N=50, mean=0.64 (+/-0.134397).
Game Durations: N=100, mean=151.92 (+/-3.402249).
P1: N=50, mean=153.52 (+/-4.62804).
P2: N=50, mean=150.32 (+/-4.995349).

Agent 2 (UCT)
Winning score (between 0 and 1) : N=100, mean=0.36 (+/-0.094552).
P1: N=50, mean=0.36 (+/-0.134397).
P2: N=50, mean=0.36 (+/-0.134397).
Game Durations: N=100, mean=151.92 (+/-3.402249).
P1: N=50, mean=150.32 (+/-4.995349).
P2: N=50, mean=153.52 (+/-4.62804).
=====================================================
