Warming up...
Finished warming up!
=====================================================
Completed 1 games.

Agent 1 (SHUCT)
Winning score (between 0 and 1) : N=1, mean=1 (+/-0).
P1: N=1, mean=1 (+/-0).
P2: N=0, mean=0 (+/-0).
Game Durations: N=1, mean=146 (+/-0).
P1: N=1, mean=146 (+/-0).
P2: N=0, mean=0 (+/-0).

Agent 2 (UCT)
Winning score (between 0 and 1) : N=1, mean=0 (+/-0).
P1: N=0, mean=0 (+/-0).
P2: N=1, mean=0 (+/-0).
Game Durations: N=1, mean=146 (+/-0).
P1: N=0, mean=0 (+/-0).
P2: N=1, mean=146 (+/-0).
=====================================================
=====================================================
Completed 2 games.

Agent 1 (SHUCT)
Winning score (between 0 and 1) : N=2, mean=1 (+/-0).
P1: N=1, mean=1 (+/-0).
P2: N=1, mean=1 (+/-0).
Game Durations: N=2, mean=151 (+/-9.7998).
P1: N=1, mean=146 (+/-0).
P2: N=1, mean=156 (+/-0).

Agent 2 (UCT)
Winning score (between 0 and 1) : N=2, mean=0 (+/-0).
P1: N=1, mean=0 (+/-0).
P2: N=1, mean=0 (+/-0).
Game Durations: N=2, mean=151 (+/-9.7998).
P1: N=1, mean=156 (+/-0).
P2: N=1, mean=146 (+/-0).
=====================================================
=====================================================
Completed 3 games.

Agent 1 (SHUCT)
Winning score (between 0 and 1) : N=3, mean=1 (+/-0).
P1: N=2, mean=1 (+/-0).
P2: N=1, mean=1 (+/-0).
Game Durations: N=3, mean=160 (+/-18.524819).
P1: N=2, mean=162 (+/-31.35936).
P2: N=1, mean=156 (+/-0).

Agent 2 (UCT)
Winning score (between 0 and 1) : N=3, mean=0 (+/-0).
P1: N=1, mean=0 (+/-0).
P2: N=2, mean=0 (+/-0).
Game Durations: N=3, mean=160 (+/-18.524819).
P1: N=1, mean=156 (+/-0).
P2: N=2, mean=162 (+/-31.35936).
=====================================================
=====================================================
Completed 4 games.

Agent 1 (SHUCT)
Winning score (between 0 and 1) : N=4, mean=1 (+/-0).
P1: N=2, mean=1 (+/-0).
P2: N=2, mean=1 (+/-0).
Game Durations: N=4, mean=161 (+/-13.244845).
P1: N=2, mean=162 (+/-31.35936).
P2: N=2, mean=160 (+/-7.83984).

Agent 2 (UCT)
Winning score (between 0 and 1) : N=4, mean=0 (+/-0).
P1: N=2, mean=0 (+/-0).
P2: N=2, mean=0 (+/-0).
Game Durations: N=4, mean=161 (+/-13.244845).
P1: N=2, mean=160 (+/-7.83984).
P2: N=2, mean=162 (+/-31.35936).
=====================================================
=====================================================
Completed 5 games.

Agent 1 (SHUCT)
Winning score (between 0 and 1) : N=5, mean=1 (+/-0).
P1: N=3, mean=1 (+/-0).
P2: N=2, mean=1 (+/-0).
Game Durations: N=5, mean=162 (+/-10.44495).
P1: N=3, mean=163.333333 (+/-18.29296).
P2: N=2, mean=160 (+/-7.83984).

Agent 2 (UCT)
Winning score (between 0 and 1) : N=5, mean=0 (+/-0).
P1: N=2, mean=0 (+/-0).
P2: N=3, mean=0 (+/-0).
Game Durations: N=5, mean=162 (+/-10.44495).
P1: N=2, mean=160 (+/-7.83984).
P2: N=3, mean=163.333333 (+/-18.29296).
=====================================================
=====================================================
Completed 10 games.

Agent 1 (SHUCT)
Winning score (between 0 and 1) : N=10, mean=0.8 (+/-0.261328).
P1: N=5, mean=0.8 (+/-0.391992).
P2: N=5, mean=0.8 (+/-0.391992).
Game Durations: N=10, mean=159 (+/-6.643336).
P1: N=5, mean=160 (+/-12.762335).
P2: N=5, mean=158 (+/-5.814181).

Agent 2 (UCT)
Winning score (between 0 and 1) : N=10, mean=0.2 (+/-0.261328).
P1: N=5, mean=0.2 (+/-0.391992).
P2: N=5, mean=0.2 (+/-0.391992).
Game Durations: N=10, mean=159 (+/-6.643336).
P1: N=5, mean=158 (+/-5.814181).
P2: N=5, mean=160 (+/-12.762335).
=====================================================
=====================================================
Completed 20 games.

Agent 1 (SHUCT)
Winning score (between 0 and 1) : N=20, mean=0.8 (+/-0.179858).
P1: N=10, mean=0.9 (+/-0.195996).
P2: N=10, mean=0.7 (+/-0.299389).
Game Durations: N=20, mean=153.6 (+/-6.419706).
P1: N=10, mean=152.6 (+/-11.570222).
P2: N=10, mean=154.6 (+/-6.267787).

Agent 2 (UCT)
Winning score (between 0 and 1) : N=20, mean=0.2 (+/-0.179858).
P1: N=10, mean=0.3 (+/-0.299389).
P2: N=10, mean=0.1 (+/-0.195996).
Game Durations: N=20, mean=153.6 (+/-6.419706).
P1: N=10, mean=154.6 (+/-6.267787).
P2: N=10, mean=152.6 (+/-11.570222).
=====================================================
=====================================================
Completed 30 games.

Agent 1 (SHUCT)
Winning score (between 0 and 1) : N=30, mean=0.766667 (+/-0.153936).
P1: N=15, mean=0.8 (+/-0.209529).
P2: N=15, mean=0.733333 (+/-0.231643).
Game Durations: N=30, mean=154.666667 (+/-5.01267).
P1: N=15, mean=154.933333 (+/-8.059513).
P2: N=15, mean=154.4 (+/-6.253178).

Agent 2 (UCT)
Winning score (between 0 and 1) : N=30, mean=0.233333 (+/-0.153936).
P1: N=15, mean=0.266667 (+/-0.231643).
P2: N=15, mean=0.2 (+/-0.209529).
Game Durations: N=30, mean=154.666667 (+/-5.01267).
P1: N=15, mean=154.4 (+/-6.253178).
P2: N=15, mean=154.933333 (+/-8.059513).
=====================================================
=====================================================
Completed 40 games.

Agent 1 (SHUCT)
Winning score (between 0 and 1) : N=40, mean=0.775 (+/-0.131056).
P1: N=20, mean=0.8 (+/-0.179858).
P2: N=20, mean=0.75 (+/-0.194702).
Game Durations: N=40, mean=153.45 (+/-4.837666).
P1: N=20, mean=152.8 (+/-6.574059).
P2: N=20, mean=154.1 (+/-7.25854).

Agent 2 (UCT)
Winning score (between 0 and 1) : N=40, mean=0.225 (+/-0.131056).
P1: N=20, mean=0.25 (+/-0.194702).
P2: N=20, mean=0.2 (+/-0.179858).
Game Durations: N=40, mean=153.45 (+/-4.837666).
P1: N=20, mean=154.1 (+/-7.25854).
P2: N=20, mean=152.8 (+/-6.574059).
=====================================================
=====================================================
Completed 50 games.

Agent 1 (SHUCT)
Winning score (between 0 and 1) : N=50, mean=0.7 (+/-0.12831).
P1: N=25, mean=0.76 (+/-0.170865).
P2: N=25, mean=0.64 (+/-0.192036).
Game Durations: N=50, mean=154.4 (+/-4.601457).
P1: N=25, mean=154.16 (+/-6.452685).
P2: N=25, mean=154.64 (+/-6.693467).

Agent 2 (UCT)
Winning score (between 0 and 1) : N=50, mean=0.3 (+/-0.12831).
P1: N=25, mean=0.36 (+/-0.192036).
P2: N=25, mean=0.24 (+/-0.170865).
Game Durations: N=50, mean=154.4 (+/-4.601457).
P1: N=25, mean=154.64 (+/-6.693467).
P2: N=25, mean=154.16 (+/-6.452685).
=====================================================
=====================================================
Completed 60 games.

Agent 1 (SHUCT)
Winning score (between 0 and 1) : N=60, mean=0.666667 (+/-0.120286).
P1: N=30, mean=0.7 (+/-0.166785).
P2: N=30, mean=0.633333 (+/-0.175388).
Game Durations: N=60, mean=152.933333 (+/-4.450386).
P1: N=30, mean=153.266667 (+/-5.794351).
P2: N=30, mean=152.6 (+/-6.854612).

Agent 2 (UCT)
Winning score (between 0 and 1) : N=60, mean=0.333333 (+/-0.120286).
P1: N=30, mean=0.366667 (+/-0.175388).
P2: N=30, mean=0.3 (+/-0.166785).
Game Durations: N=60, mean=152.933333 (+/-4.450386).
P1: N=30, mean=152.6 (+/-6.854612).
P2: N=30, mean=153.266667 (+/-5.794351).
=====================================================
=====================================================
Completed 70 games.

Agent 1 (SHUCT)
Winning score (between 0 and 1) : N=70, mean=0.642857 (+/-0.113058).
P1: N=35, mean=0.657143 (+/-0.159549).
P2: N=35, mean=0.628571 (+/-0.162414).
Game Durations: N=70, mean=152.857143 (+/-4.133681).
P1: N=35, mean=153.314286 (+/-5.363523).
P2: N=35, mean=152.4 (+/-6.367088).

Agent 2 (UCT)
Winning score (between 0 and 1) : N=70, mean=0.357143 (+/-0.113058).
P1: N=35, mean=0.371429 (+/-0.162414).
P2: N=35, mean=0.342857 (+/-0.159549).
Game Durations: N=70, mean=152.857143 (+/-4.133681).
P1: N=35, mean=152.4 (+/-6.367088).
P2: N=35, mean=153.314286 (+/-5.363523).
=====================================================
=====================================================
Completed 80 games.

Agent 1 (SHUCT)
Winning score (between 0 and 1) : N=80, mean=0.6625 (+/-0.104271).
P1: N=40, mean=0.65 (+/-0.149694).
P2: N=40, mean=0.675 (+/-0.146997).
Game Durations: N=80, mean=153.025 (+/-3.800883).
P1: N=40, mean=153.1 (+/-4.952288).
P2: N=40, mean=152.95 (+/-5.831076).

Agent 2 (UCT)
Winning score (between 0 and 1) : N=80, mean=0.3375 (+/-0.104271).
P1: N=40, mean=0.325 (+/-0.146997).
P2: N=40, mean=0.35 (+/-0.149694).
Game Durations: N=80, mean=153.025 (+/-3.800883).
P1: N=40, mean=152.95 (+/-5.831076).
P2: N=40, mean=153.1 (+/-4.952288).
=====================================================
=====================================================
Completed 90 games.

Agent 1 (SHUCT)
Winning score (between 0 and 1) : N=90, mean=0.633333 (+/-0.100116).
P1: N=45, mean=0.622222 (+/-0.143256).
P2: N=45, mean=0.644444 (+/-0.141438).
Game Durations: N=90, mean=153.911111 (+/-3.45033).
P1: N=45, mean=154.311111 (+/-4.536533).
P2: N=45, mean=153.511111 (+/-5.249015).

Agent 2 (UCT)
Winning score (between 0 and 1) : N=90, mean=0.366667 (+/-0.100116).
P1: N=45, mean=0.355556 (+/-0.141438).
P2: N=45, mean=0.377778 (+/-0.143256).
Game Durations: N=90, mean=153.911111 (+/-3.45033).
P1: N=45, mean=153.511111 (+/-5.249015).
P2: N=45, mean=154.311111 (+/-4.536533).
=====================================================
=====================================================
Completed 100 games.

Agent 1 (SHUCT)
Winning score (between 0 and 1) : N=100, mean=0.6 (+/-0.096502).
P1: N=50, mean=0.6 (+/-0.137169).
P2: N=50, mean=0.6 (+/-0.137169).
Game Durations: N=100, mean=154.88 (+/-3.329576).
P1: N=50, mean=155.2 (+/-4.405085).
P2: N=50, mean=154.56 (+/-5.037457).

Agent 2 (UCT)
Winning score (between 0 and 1) : N=100, mean=0.4 (+/-0.096502).
P1: N=50, mean=0.4 (+/-0.137169).
P2: N=50, mean=0.4 (+/-0.137169).
Game Durations: N=100, mean=154.88 (+/-3.329576).
P1: N=50, mean=154.56 (+/-5.037457).
P2: N=50, mean=155.2 (+/-4.405085).
=====================================================
