Warming up...
Finished warming up!
=====================================================
Completed 1 games.

Agent 1 (SHUCT)
Winning score (between 0 and 1) : N=1, mean=1 (+/-0).
P1: N=0, mean=0 (+/-0).
P2: N=1, mean=1 (+/-0).
Game Durations: N=1, mean=144 (+/-0).
P1: N=0, mean=0 (+/-0).
P2: N=1, mean=144 (+/-0).

Agent 2 (UCT)
Winning score (between 0 and 1) : N=1, mean=0 (+/-0).
P1: N=1, mean=0 (+/-0).
P2: N=0, mean=0 (+/-0).
Game Durations: N=1, mean=144 (+/-0).
P1: N=1, mean=144 (+/-0).
P2: N=0, mean=0 (+/-0).
=====================================================
=====================================================
Completed 2 games.

Agent 1 (SHUCT)
Winning score (between 0 and 1) : N=2, mean=1 (+/-0).
P1: N=1, mean=1 (+/-0).
P2: N=1, mean=1 (+/-0).
Game Durations: N=2, mean=135 (+/-17.63964).
P1: N=1, mean=126 (+/-0).
P2: N=1, mean=144 (+/-0).

Agent 2 (UCT)
Winning score (between 0 and 1) : N=2, mean=0 (+/-0).
P1: N=1, mean=0 (+/-0).
P2: N=1, mean=0 (+/-0).
Game Durations: N=2, mean=135 (+/-17.63964).
P1: N=1, mean=144 (+/-0).
P2: N=1, mean=126 (+/-0).
=====================================================
=====================================================
Completed 3 games.

Agent 1 (SHUCT)
Winning score (between 0 and 1) : N=3, mean=1 (+/-0).
P1: N=1, mean=1 (+/-0).
P2: N=2, mean=1 (+/-0).
Game Durations: N=3, mean=144.666667 (+/-21.510009).
P1: N=1, mean=126 (+/-0).
P2: N=2, mean=154 (+/-19.5996).

Agent 2 (UCT)
Winning score (between 0 and 1) : N=3, mean=0 (+/-0).
P1: N=2, mean=0 (+/-0).
P2: N=1, mean=0 (+/-0).
Game Durations: N=3, mean=144.666667 (+/-21.510009).
P1: N=2, mean=154 (+/-19.5996).
P2: N=1, mean=126 (+/-0).
=====================================================
=====================================================
Completed 4 games.

Agent 1 (SHUCT)
Winning score (between 0 and 1) : N=4, mean=1 (+/-0).
P1: N=2, mean=1 (+/-0).
P2: N=2, mean=1 (+/-0).
Game Durations: N=4, mean=144 (+/-15.265895).
P1: N=2, mean=134 (+/-15.67968).
P2: N=2, mean=154 (+/-19.5996).

Agent 2 (UCT)
Winning score (between 0 and 1) : N=4, mean=0 (+/-0).
P1: N=2, mean=0 (+/-0).
P2: N=2, mean=0 (+/-0).
Game Durations: N=4, mean=144 (+/-15.265895).
P1: N=2, mean=154 (+/-19.5996).
P2: N=2, mean=134 (+/-15.67968).
=====================================================
=====================================================
Completed 5 games.

Agent 1 (SHUCT)
Winning score (between 0 and 1) : N=5, mean=1 (+/-0).
P1: N=2, mean=1 (+/-0).
P2: N=3, mean=1 (+/-0).
Game Durations: N=5, mean=140.8 (+/-13.38525).
P1: N=2, mean=134 (+/-15.67968).
P2: N=3, mean=145.333333 (+/-20.410369).

Agent 2 (UCT)
Winning score (between 0 and 1) : N=5, mean=0 (+/-0).
P1: N=3, mean=0 (+/-0).
P2: N=2, mean=0 (+/-0).
Game Durations: N=5, mean=140.8 (+/-13.38525).
P1: N=3, mean=145.333333 (+/-20.410369).
P2: N=2, mean=134 (+/-15.67968).
=====================================================
=====================================================
Completed 10 games.

Agent 1 (SHUCT)
Winning score (between 0 and 1) : N=10, mean=0.9 (+/-0.195996).
P1: N=5, mean=1 (+/-0).
P2: N=5, mean=0.8 (+/-0.391992).
Game Durations: N=10, mean=135.6 (+/-11.640102).
P1: N=5, mean=130 (+/-16.996368).
P2: N=5, mean=141.2 (+/-16.143219).

Agent 2 (UCT)
Winning score (between 0 and 1) : N=10, mean=0.1 (+/-0.195996).
P1: N=5, mean=0.2 (+/-0.391992).
P2: N=5, mean=0 (+/-0).
Game Durations: N=10, mean=135.6 (+/-11.640102).
P1: N=5, mean=141.2 (+/-16.143219).
P2: N=5, mean=130 (+/-16.996368).
=====================================================
=====================================================
Completed 20 games.

Agent 1 (SHUCT)
Winning score (between 0 and 1) : N=20, mean=0.95 (+/-0.097998).
P1: N=10, mean=1 (+/-0).
P2: N=10, mean=0.9 (+/-0.195996).
Game Durations: N=20, mean=137.9 (+/-7.580098).
P1: N=10, mean=138 (+/-12.368298).
P2: N=10, mean=137.8 (+/-9.466605).

Agent 2 (UCT)
Winning score (between 0 and 1) : N=20, mean=0.05 (+/-0.097998).
P1: N=10, mean=0.1 (+/-0.195996).
P2: N=10, mean=0 (+/-0).
Game Durations: N=20, mean=137.9 (+/-7.580098).
P1: N=10, mean=137.8 (+/-9.466605).
P2: N=10, mean=138 (+/-12.368298).
=====================================================
=====================================================
Completed 30 games.

Agent 1 (SHUCT)
Winning score (between 0 and 1) : N=30, mean=0.966667 (+/-0.065332).
P1: N=15, mean=1 (+/-0).
P2: N=15, mean=0.933333 (+/-0.130664).
Game Durations: N=30, mean=140.266667 (+/-6.428002).
P1: N=15, mean=143.866667 (+/-9.853536).
P2: N=15, mean=136.666667 (+/-8.183841).

Agent 2 (UCT)
Winning score (between 0 and 1) : N=30, mean=0.033333 (+/-0.065332).
P1: N=15, mean=0.066667 (+/-0.130664).
P2: N=15, mean=0 (+/-0).
Game Durations: N=30, mean=140.266667 (+/-6.428002).
P1: N=15, mean=136.666667 (+/-8.183841).
P2: N=15, mean=143.866667 (+/-9.853536).
=====================================================
=====================================================
Completed 40 games.

Agent 1 (SHUCT)
Winning score (between 0 and 1) : N=40, mean=0.95 (+/-0.068401).
P1: N=20, mean=1 (+/-0).
P2: N=20, mean=0.9 (+/-0.134894).
Game Durations: N=40, mean=141.5 (+/-5.624305).
P1: N=20, mean=143.4 (+/-8.49866).
P2: N=20, mean=139.6 (+/-7.494934).

Agent 2 (UCT)
Winning score (between 0 and 1) : N=40, mean=0.05 (+/-0.068401).
P1: N=20, mean=0.1 (+/-0.134894).
P2: N=20, mean=0 (+/-0).
Game Durations: N=40, mean=141.5 (+/-5.624305).
P1: N=20, mean=139.6 (+/-7.494934).
P2: N=20, mean=143.4 (+/-8.49866).
=====================================================
=====================================================
Completed 50 games.

Agent 1 (SHUCT)
Winning score (between 0 and 1) : N=50, mean=0.96 (+/-0.054867).
P1: N=25, mean=1 (+/-0).
P2: N=25, mean=0.92 (+/-0.108538).
Game Durations: N=50, mean=139 (+/-5.247484).
P1: N=25, mean=141.36 (+/-7.294001).
P2: N=25, mean=136.64 (+/-7.579819).

Agent 2 (UCT)
Winning score (between 0 and 1) : N=50, mean=0.04 (+/-0.054867).
P1: N=25, mean=0.08 (+/-0.108538).
P2: N=25, mean=0 (+/-0).
Game Durations: N=50, mean=139 (+/-5.247484).
P1: N=25, mean=136.64 (+/-7.579819).
P2: N=25, mean=141.36 (+/-7.294001).
=====================================================
=====================================================
Completed 60 games.

Agent 1 (SHUCT)
Winning score (between 0 and 1) : N=60, mean=0.966667 (+/-0.045804).
P1: N=30, mean=1 (+/-0).
P2: N=30, mean=0.933333 (+/-0.090786).
Game Durations: N=60, mean=137.8 (+/-4.746985).
P1: N=30, mean=139.2 (+/-6.424887).
P2: N=30, mean=136.4 (+/-7.063361).

Agent 2 (UCT)
Winning score (between 0 and 1) : N=60, mean=0.033333 (+/-0.045804).
P1: N=30, mean=0.066667 (+/-0.090786).
P2: N=30, mean=0 (+/-0).
Game Durations: N=60, mean=137.8 (+/-4.746985).
P1: N=30, mean=136.4 (+/-7.063361).
P2: N=30, mean=139.2 (+/-6.424887).
=====================================================
=====================================================
Completed 70 games.

Agent 1 (SHUCT)
Winning score (between 0 and 1) : N=70, mean=0.971429 (+/-0.039309).
P1: N=35, mean=1 (+/-0).
P2: N=35, mean=0.942857 (+/-0.078021).
Game Durations: N=70, mean=136.942857 (+/-4.318231).
P1: N=35, mean=139.6 (+/-5.760186).
P2: N=35, mean=134.285714 (+/-6.39611).

Agent 2 (UCT)
Winning score (between 0 and 1) : N=70, mean=0.028571 (+/-0.039309).
P1: N=35, mean=0.057143 (+/-0.078021).
P2: N=35, mean=0 (+/-0).
Game Durations: N=70, mean=136.942857 (+/-4.318231).
P1: N=35, mean=134.285714 (+/-6.39611).
P2: N=35, mean=139.6 (+/-5.760186).
=====================================================
=====================================================
Completed 80 games.

Agent 1 (SHUCT)
Winning score (between 0 and 1) : N=80, mean=0.975 (+/-0.034428).
P1: N=40, mean=1 (+/-0).
P2: N=40, mean=0.95 (+/-0.068401).
Game Durations: N=80, mean=136.7 (+/-3.96929).
P1: N=40, mean=138.3 (+/-5.231991).
P2: N=40, mean=135.1 (+/-5.995914).

Agent 2 (UCT)
Winning score (between 0 and 1) : N=80, mean=0.025 (+/-0.034428).
P1: N=40, mean=0.05 (+/-0.068401).
P2: N=40, mean=0 (+/-0).
Game Durations: N=80, mean=136.7 (+/-3.96929).
P1: N=40, mean=135.1 (+/-5.995914).
P2: N=40, mean=138.3 (+/-5.231991).
=====================================================
=====================================================
Completed 90 games.

Agent 1 (SHUCT)
Winning score (between 0 and 1) : N=90, mean=0.977778 (+/-0.030624).
P1: N=45, mean=1 (+/-0).
P2: N=45, mean=0.955556 (+/-0.060892).
Game Durations: N=90, mean=135.177778 (+/-3.713288).
P1: N=45, mean=136.311111 (+/-5.139652).
P2: N=45, mean=134.044444 (+/-5.398192).

Agent 2 (UCT)
Winning score (between 0 and 1) : N=90, mean=0.022222 (+/-0.030624).
P1: N=45, mean=0.044444 (+/-0.060892).
P2: N=45, mean=0 (+/-0).
Game Durations: N=90, mean=135.177778 (+/-3.713288).
P1: N=45, mean=134.044444 (+/-5.398192).
P2: N=45, mean=136.311111 (+/-5.139652).
=====================================================
=====================================================
Completed 100 games.

Agent 1 (SHUCT)
Winning score (between 0 and 1) : N=100, mean=0.98 (+/-0.027578).
P1: N=50, mean=1 (+/-0).
P2: N=50, mean=0.96 (+/-0.054867).
Game Durations: N=100, mean=135.28 (+/-3.467588).
P1: N=50, mean=136.64 (+/-4.80213).
P2: N=50, mean=133.92 (+/-5.023644).

Agent 2 (UCT)
Winning score (between 0 and 1) : N=100, mean=0.02 (+/-0.027578).
P1: N=50, mean=0.04 (+/-0.054867).
P2: N=50, mean=0 (+/-0).
Game Durations: N=100, mean=135.28 (+/-3.467588).
P1: N=50, mean=133.92 (+/-5.023644).
P2: N=50, mean=136.64 (+/-4.80213).
=====================================================
