Warming up...
Finished warming up!
=====================================================
Completed 1 games.

Agent 1 (SHUCT)
Winning score (between 0 and 1) : N=1, mean=0 (+/-0).
P1: N=0, mean=0 (+/-0).
P2: N=1, mean=0 (+/-0).
Game Durations: N=1, mean=33 (+/-0).
P1: N=0, mean=0 (+/-0).
P2: N=1, mean=33 (+/-0).

Agent 2 (SHUCTAnyTime)
Winning score (between 0 and 1) : N=1, mean=1 (+/-0).
P1: N=1, mean=1 (+/-0).
P2: N=0, mean=0 (+/-0).
Game Durations: N=1, mean=33 (+/-0).
P1: N=1, mean=33 (+/-0).
P2: N=0, mean=0 (+/-0).
=====================================================
=====================================================
Completed 2 games.

Agent 1 (SHUCT)
Winning score (between 0 and 1) : N=2, mean=0 (+/-0).
P1: N=1, mean=0 (+/-0).
P2: N=1, mean=0 (+/-0).
Game Durations: N=2, mean=34.5 (+/-2.93994).
P1: N=1, mean=36 (+/-0).
P2: N=1, mean=33 (+/-0).

Agent 2 (SHUCTAnyTime)
Winning score (between 0 and 1) : N=2, mean=1 (+/-0).
P1: N=1, mean=1 (+/-0).
P2: N=1, mean=1 (+/-0).
Game Durations: N=2, mean=34.5 (+/-2.93994).
P1: N=1, mean=33 (+/-0).
P2: N=1, mean=36 (+/-0).
=====================================================
=====================================================
Completed 3 games.

Agent 1 (SHUCT)
Winning score (between 0 and 1) : N=3, mean=0 (+/-0).
P1: N=1, mean=0 (+/-0).
P2: N=2, mean=0 (+/-0).
Game Durations: N=3, mean=34.666667 (+/-1.728522).
P1: N=1, mean=36 (+/-0).
P2: N=2, mean=34 (+/-1.95996).

Agent 2 (SHUCTAnyTime)
Winning score (between 0 and 1) : N=3, mean=1 (+/-0).
P1: N=2, mean=1 (+/-0).
P2: N=1, mean=1 (+/-0).
Game Durations: N=3, mean=34.666667 (+/-1.728522).
P1: N=2, mean=34 (+/-1.95996).
P2: N=1, mean=36 (+/-0).
=====================================================
=====================================================
Completed 4 games.

Agent 1 (SHUCT)
Winning score (between 0 and 1) : N=4, mean=0 (+/-0).
P1: N=2, mean=0 (+/-0).
P2: N=2, mean=0 (+/-0).
Game Durations: N=4, mean=35 (+/-1.385901).
P1: N=2, mean=36 (+/-0).
P2: N=2, mean=34 (+/-1.95996).

Agent 2 (SHUCTAnyTime)
Winning score (between 0 and 1) : N=4, mean=1 (+/-0).
P1: N=2, mean=1 (+/-0).
P2: N=2, mean=1 (+/-0).
Game Durations: N=4, mean=35 (+/-1.385901).
P1: N=2, mean=34 (+/-1.95996).
P2: N=2, mean=36 (+/-0).
=====================================================
=====================================================
Completed 5 games.

Agent 1 (SHUCT)
Winning score (between 0 and 1) : N=5, mean=0 (+/-0).
P1: N=2, mean=0 (+/-0).
P2: N=3, mean=0 (+/-0).
Game Durations: N=5, mean=35.4 (+/-1.32931).
P1: N=2, mean=36 (+/-0).
P2: N=3, mean=35 (+/-2.263167).

Agent 2 (SHUCTAnyTime)
Winning score (between 0 and 1) : N=5, mean=1 (+/-0).
P1: N=3, mean=1 (+/-0).
P2: N=2, mean=1 (+/-0).
Game Durations: N=5, mean=35.4 (+/-1.32931).
P1: N=3, mean=35 (+/-2.263167).
P2: N=2, mean=36 (+/-0).
=====================================================
=====================================================
Completed 10 games.

Agent 1 (SHUCT)
Winning score (between 0 and 1) : N=10, mean=0.1 (+/-0.195996).
P1: N=5, mean=0.2 (+/-0.391992).
P2: N=5, mean=0 (+/-0).
Game Durations: N=10, mean=34 (+/-1.518178).
P1: N=5, mean=34.6 (+/-1.708654).
P2: N=5, mean=33.4 (+/-2.600181).

Agent 2 (SHUCTAnyTime)
Winning score (between 0 and 1) : N=10, mean=0.9 (+/-0.195996).
P1: N=5, mean=1 (+/-0).
P2: N=5, mean=0.8 (+/-0.391992).
Game Durations: N=10, mean=34 (+/-1.518178).
P1: N=5, mean=33.4 (+/-2.600181).
P2: N=5, mean=34.6 (+/-1.708654).
=====================================================
=====================================================
Completed 20 games.

Agent 1 (SHUCT)
Winning score (between 0 and 1) : N=20, mean=0.3 (+/-0.206054).
P1: N=10, mean=0.4 (+/-0.32006).
P2: N=10, mean=0.2 (+/-0.261328).
Game Durations: N=20, mean=33.2 (+/-1.151655).
P1: N=10, mean=33 (+/-1.678409).
P2: N=10, mean=33.4 (+/-1.65794).

Agent 2 (SHUCTAnyTime)
Winning score (between 0 and 1) : N=20, mean=0.7 (+/-0.206054).
P1: N=10, mean=0.8 (+/-0.261328).
P2: N=10, mean=0.6 (+/-0.32006).
Game Durations: N=20, mean=33.2 (+/-1.151655).
P1: N=10, mean=33.4 (+/-1.65794).
P2: N=10, mean=33 (+/-1.678409).
=====================================================
=====================================================
Completed 30 games.

Agent 1 (SHUCT)
Winning score (between 0 and 1) : N=30, mean=0.333333 (+/-0.17157).
P1: N=15, mean=0.466667 (+/-0.261328).
P2: N=15, mean=0.2 (+/-0.209529).
Game Durations: N=30, mean=33.566667 (+/-0.894883).
P1: N=15, mean=33.4 (+/-1.336172).
P2: N=15, mean=33.733333 (+/-1.231692).

Agent 2 (SHUCTAnyTime)
Winning score (between 0 and 1) : N=30, mean=0.666667 (+/-0.17157).
P1: N=15, mean=0.8 (+/-0.209529).
P2: N=15, mean=0.533333 (+/-0.261328).
Game Durations: N=30, mean=33.566667 (+/-0.894883).
P1: N=15, mean=33.733333 (+/-1.231692).
P2: N=15, mean=33.4 (+/-1.336172).
=====================================================
=====================================================
Completed 40 games.

Agent 1 (SHUCT)
Winning score (between 0 and 1) : N=40, mean=0.375 (+/-0.151939).
P1: N=20, mean=0.45 (+/-0.223696).
P2: N=20, mean=0.3 (+/-0.206054).
Game Durations: N=40, mean=33.525 (+/-0.719066).
P1: N=20, mean=33.55 (+/-1.030022).
P2: N=20, mean=33.5 (+/-1.030268).

Agent 2 (SHUCTAnyTime)
Winning score (between 0 and 1) : N=40, mean=0.625 (+/-0.151939).
P1: N=20, mean=0.7 (+/-0.206054).
P2: N=20, mean=0.55 (+/-0.223696).
Game Durations: N=40, mean=33.525 (+/-0.719066).
P1: N=20, mean=33.5 (+/-1.030268).
P2: N=20, mean=33.55 (+/-1.030022).
=====================================================
=====================================================
Completed 50 games.

Agent 1 (SHUCT)
Winning score (between 0 and 1) : N=50, mean=0.36 (+/-0.134397).
P1: N=25, mean=0.44 (+/-0.198592).
P2: N=25, mean=0.28 (+/-0.179633).
Game Durations: N=50, mean=33.34 (+/-0.602111).
P1: N=25, mean=33.4 (+/-0.854327).
P2: N=25, mean=33.28 (+/-0.865643).

Agent 2 (SHUCTAnyTime)
Winning score (between 0 and 1) : N=50, mean=0.64 (+/-0.134397).
P1: N=25, mean=0.72 (+/-0.179633).
P2: N=25, mean=0.56 (+/-0.198592).
Game Durations: N=50, mean=33.34 (+/-0.602111).
P1: N=25, mean=33.28 (+/-0.865643).
P2: N=25, mean=33.4 (+/-0.854327).
=====================================================
=====================================================
Completed 60 games.

Agent 1 (SHUCT)
Winning score (between 0 and 1) : N=60, mean=0.4 (+/-0.125005).
P1: N=30, mean=0.5 (+/-0.181978).
P2: N=30, mean=0.3 (+/-0.166785).
Game Durations: N=60, mean=33.266667 (+/-0.577874).
P1: N=30, mean=33.166667 (+/-0.792294).
P2: N=30, mean=33.366667 (+/-0.853465).

Agent 2 (SHUCTAnyTime)
Winning score (between 0 and 1) : N=60, mean=0.6 (+/-0.125005).
P1: N=30, mean=0.7 (+/-0.166785).
P2: N=30, mean=0.5 (+/-0.181978).
Game Durations: N=60, mean=33.266667 (+/-0.577874).
P1: N=30, mean=33.366667 (+/-0.853465).
P2: N=30, mean=33.166667 (+/-0.792294).
=====================================================
=====================================================
Completed 70 games.

Agent 1 (SHUCT)
Winning score (between 0 and 1) : N=70, mean=0.428571 (+/-0.116766).
P1: N=35, mean=0.514286 (+/-0.167997).
P2: N=35, mean=0.342857 (+/-0.159549).
Game Durations: N=70, mean=33.1 (+/-0.569854).
P1: N=35, mean=33.142857 (+/-0.701138).
P2: N=35, mean=33.057143 (+/-0.908859).

Agent 2 (SHUCTAnyTime)
Winning score (between 0 and 1) : N=70, mean=0.571429 (+/-0.116766).
P1: N=35, mean=0.657143 (+/-0.159549).
P2: N=35, mean=0.485714 (+/-0.167997).
Game Durations: N=70, mean=33.1 (+/-0.569854).
P1: N=35, mean=33.057143 (+/-0.908859).
P2: N=35, mean=33.142857 (+/-0.701138).
=====================================================
=====================================================
Completed 80 games.

Agent 1 (SHUCT)
Winning score (between 0 and 1) : N=80, mean=0.4375 (+/-0.109392).
P1: N=40, mean=0.55 (+/-0.156136).
P2: N=40, mean=0.325 (+/-0.146997).
Game Durations: N=80, mean=33.1625 (+/-0.533855).
P1: N=40, mean=33.05 (+/-0.639158).
P2: N=40, mean=33.275 (+/-0.862324).

Agent 2 (SHUCTAnyTime)
Winning score (between 0 and 1) : N=80, mean=0.5625 (+/-0.109392).
P1: N=40, mean=0.675 (+/-0.146997).
P2: N=40, mean=0.45 (+/-0.156136).
Game Durations: N=80, mean=33.1625 (+/-0.533855).
P1: N=40, mean=33.275 (+/-0.862324).
P2: N=40, mean=33.05 (+/-0.639158).
=====================================================
=====================================================
Completed 90 games.

Agent 1 (SHUCT)
Winning score (between 0 and 1) : N=90, mean=0.444444 (+/-0.103234).
P1: N=45, mean=0.511111 (+/-0.147701).
P2: N=45, mean=0.377778 (+/-0.143256).
Game Durations: N=90, mean=33.166667 (+/-0.505348).
P1: N=45, mean=33.222222 (+/-0.603583).
P2: N=45, mean=33.111111 (+/-0.817474).

Agent 2 (SHUCTAnyTime)
Winning score (between 0 and 1) : N=90, mean=0.555556 (+/-0.103234).
P1: N=45, mean=0.622222 (+/-0.143256).
P2: N=45, mean=0.488889 (+/-0.147701).
Game Durations: N=90, mean=33.166667 (+/-0.505348).
P1: N=45, mean=33.111111 (+/-0.817474).
P2: N=45, mean=33.222222 (+/-0.603583).
=====================================================
=====================================================
Completed 100 games.

Agent 1 (SHUCT)
Winning score (between 0 and 1) : N=100, mean=0.42 (+/-0.097223).
P1: N=50, mean=0.48 (+/-0.139885).
P2: N=50, mean=0.36 (+/-0.134397).
Game Durations: N=100, mean=33.26 (+/-0.473269).
P1: N=50, mean=33.28 (+/-0.551638).
P2: N=50, mean=33.24 (+/-0.775053).

Agent 2 (SHUCTAnyTime)
Winning score (between 0 and 1) : N=100, mean=0.58 (+/-0.097223).
P1: N=50, mean=0.64 (+/-0.134397).
P2: N=50, mean=0.52 (+/-0.139885).
Game Durations: N=100, mean=33.26 (+/-0.473269).
P1: N=50, mean=33.24 (+/-0.775053).
P2: N=50, mean=33.28 (+/-0.551638).
=====================================================
