Warming up...
Finished warming up!
=====================================================
Completed 1 games.

Agent 1 (SHUCT)
Winning score (between 0 and 1) : N=1, mean=1 (+/-0).
P1: N=1, mean=1 (+/-0).
P2: N=0, mean=0 (+/-0).
Game Durations: N=1, mean=37 (+/-0).
P1: N=1, mean=37 (+/-0).
P2: N=0, mean=0 (+/-0).

Agent 2 (UCT)
Winning score (between 0 and 1) : N=1, mean=0 (+/-0).
P1: N=0, mean=0 (+/-0).
P2: N=1, mean=0 (+/-0).
Game Durations: N=1, mean=37 (+/-0).
P1: N=0, mean=0 (+/-0).
P2: N=1, mean=37 (+/-0).
=====================================================
=====================================================
Completed 2 games.

Agent 1 (SHUCT)
Winning score (between 0 and 1) : N=2, mean=1 (+/-0).
P1: N=1, mean=1 (+/-0).
P2: N=1, mean=1 (+/-0).
Game Durations: N=2, mean=38.5 (+/-2.93994).
P1: N=1, mean=37 (+/-0).
P2: N=1, mean=40 (+/-0).

Agent 2 (UCT)
Winning score (between 0 and 1) : N=2, mean=0 (+/-0).
P1: N=1, mean=0 (+/-0).
P2: N=1, mean=0 (+/-0).
Game Durations: N=2, mean=38.5 (+/-2.93994).
P1: N=1, mean=40 (+/-0).
P2: N=1, mean=37 (+/-0).
=====================================================
=====================================================
Completed 3 games.

Agent 1 (SHUCT)
Winning score (between 0 and 1) : N=3, mean=1 (+/-0).
P1: N=2, mean=1 (+/-0).
P2: N=1, mean=1 (+/-0).
Game Durations: N=3, mean=36.666667 (+/-3.97399).
P1: N=2, mean=35 (+/-3.91992).
P2: N=1, mean=40 (+/-0).

Agent 2 (UCT)
Winning score (between 0 and 1) : N=3, mean=0 (+/-0).
P1: N=1, mean=0 (+/-0).
P2: N=2, mean=0 (+/-0).
Game Durations: N=3, mean=36.666667 (+/-3.97399).
P1: N=1, mean=40 (+/-0).
P2: N=2, mean=35 (+/-3.91992).
=====================================================
=====================================================
Completed 4 games.

Agent 1 (SHUCT)
Winning score (between 0 and 1) : N=4, mean=1 (+/-0).
P1: N=2, mean=1 (+/-0).
P2: N=2, mean=1 (+/-0).
Game Durations: N=4, mean=35 (+/-4.308941).
P1: N=2, mean=35 (+/-3.91992).
P2: N=2, mean=35 (+/-9.7998).

Agent 2 (UCT)
Winning score (between 0 and 1) : N=4, mean=0 (+/-0).
P1: N=2, mean=0 (+/-0).
P2: N=2, mean=0 (+/-0).
Game Durations: N=4, mean=35 (+/-4.308941).
P1: N=2, mean=35 (+/-9.7998).
P2: N=2, mean=35 (+/-3.91992).
=====================================================
=====================================================
Completed 5 games.

Agent 1 (SHUCT)
Winning score (between 0 and 1) : N=5, mean=1 (+/-0).
P1: N=3, mean=1 (+/-0).
P2: N=2, mean=1 (+/-0).
Game Durations: N=5, mean=35 (+/-3.337692).
P1: N=3, mean=35 (+/-2.263167).
P2: N=2, mean=35 (+/-9.7998).

Agent 2 (UCT)
Winning score (between 0 and 1) : N=5, mean=0 (+/-0).
P1: N=2, mean=0 (+/-0).
P2: N=3, mean=0 (+/-0).
Game Durations: N=5, mean=35 (+/-3.337692).
P1: N=2, mean=35 (+/-9.7998).
P2: N=3, mean=35 (+/-2.263167).
=====================================================
=====================================================
Completed 10 games.

Agent 1 (SHUCT)
Winning score (between 0 and 1) : N=10, mean=0.7 (+/-0.299389).
P1: N=5, mean=0.8 (+/-0.391992).
P2: N=5, mean=0.6 (+/-0.48009).
Game Durations: N=10, mean=34.2 (+/-1.723577).
P1: N=5, mean=34.8 (+/-1.30009).
P2: N=5, mean=33.6 (+/-3.314593).

Agent 2 (UCT)
Winning score (between 0 and 1) : N=10, mean=0.3 (+/-0.299389).
P1: N=5, mean=0.4 (+/-0.48009).
P2: N=5, mean=0.2 (+/-0.391992).
Game Durations: N=10, mean=34.2 (+/-1.723577).
P1: N=5, mean=33.6 (+/-3.314593).
P2: N=5, mean=34.8 (+/-1.30009).
=====================================================
=====================================================
Completed 20 games.

Agent 1 (SHUCT)
Winning score (between 0 and 1) : N=20, mean=0.6 (+/-0.22028).
P1: N=10, mean=0.6 (+/-0.32006).
P2: N=10, mean=0.6 (+/-0.32006).
Game Durations: N=20, mean=34.1 (+/-1.072572).
P1: N=10, mean=33.8 (+/-1.266834).
P2: N=10, mean=34.4 (+/-1.782019).

Agent 2 (UCT)
Winning score (between 0 and 1) : N=20, mean=0.4 (+/-0.22028).
P1: N=10, mean=0.4 (+/-0.32006).
P2: N=10, mean=0.4 (+/-0.32006).
Game Durations: N=20, mean=34.1 (+/-1.072572).
P1: N=10, mean=34.4 (+/-1.782019).
P2: N=10, mean=33.8 (+/-1.266834).
=====================================================
=====================================================
Completed 30 games.

Agent 1 (SHUCT)
Winning score (between 0 and 1) : N=30, mean=0.633333 (+/-0.175388).
P1: N=15, mean=0.666667 (+/-0.246932).
P2: N=15, mean=0.6 (+/-0.256619).
Game Durations: N=30, mean=34.066667 (+/-0.871131).
P1: N=15, mean=34.266667 (+/-1.089862).
P2: N=15, mean=33.866667 (+/-1.390732).

Agent 2 (UCT)
Winning score (between 0 and 1) : N=30, mean=0.366667 (+/-0.175388).
P1: N=15, mean=0.4 (+/-0.256619).
P2: N=15, mean=0.333333 (+/-0.246932).
Game Durations: N=30, mean=34.066667 (+/-0.871131).
P1: N=15, mean=33.866667 (+/-1.390732).
P2: N=15, mean=34.266667 (+/-1.089862).
=====================================================
=====================================================
Completed 40 games.

Agent 1 (SHUCT)
Winning score (between 0 and 1) : N=40, mean=0.525 (+/-0.156726).
P1: N=20, mean=0.55 (+/-0.223696).
P2: N=20, mean=0.5 (+/-0.224823).
Game Durations: N=40, mean=33.475 (+/-0.759049).
P1: N=20, mean=33.55 (+/-1.03979).
P2: N=20, mean=33.4 (+/-1.132179).

Agent 2 (UCT)
Winning score (between 0 and 1) : N=40, mean=0.475 (+/-0.156726).
P1: N=20, mean=0.5 (+/-0.224823).
P2: N=20, mean=0.45 (+/-0.223696).
Game Durations: N=40, mean=33.475 (+/-0.759049).
P1: N=20, mean=33.4 (+/-1.132179).
P2: N=20, mean=33.55 (+/-1.03979).
=====================================================
=====================================================
Completed 50 games.

Agent 1 (SHUCT)
Winning score (between 0 and 1) : N=50, mean=0.48 (+/-0.139885).
P1: N=25, mean=0.48 (+/-0.199877).
P2: N=25, mean=0.48 (+/-0.199877).
Game Durations: N=50, mean=33.18 (+/-0.69873).
P1: N=25, mean=33.44 (+/-0.877105).
P2: N=25, mean=32.92 (+/-1.096644).

Agent 2 (UCT)
Winning score (between 0 and 1) : N=50, mean=0.52 (+/-0.139885).
P1: N=25, mean=0.52 (+/-0.199877).
P2: N=25, mean=0.52 (+/-0.199877).
Game Durations: N=50, mean=33.18 (+/-0.69873).
P1: N=25, mean=32.92 (+/-1.096644).
P2: N=25, mean=33.44 (+/-0.877105).
=====================================================
=====================================================
Completed 60 games.

Agent 1 (SHUCT)
Winning score (between 0 and 1) : N=60, mean=0.483333 (+/-0.127512).
P1: N=30, mean=0.533333 (+/-0.181573).
P2: N=30, mean=0.433333 (+/-0.180353).
Game Durations: N=60, mean=33.183333 (+/-0.632774).
P1: N=30, mean=33.333333 (+/-0.815636).
P2: N=30, mean=33.033333 (+/-0.978778).

Agent 2 (UCT)
Winning score (between 0 and 1) : N=60, mean=0.516667 (+/-0.127512).
P1: N=30, mean=0.566667 (+/-0.180353).
P2: N=30, mean=0.466667 (+/-0.181573).
Game Durations: N=60, mean=33.183333 (+/-0.632774).
P1: N=30, mean=33.033333 (+/-0.978778).
P2: N=30, mean=33.333333 (+/-0.815636).
=====================================================
=====================================================
Completed 70 games.

Agent 1 (SHUCT)
Winning score (between 0 and 1) : N=70, mean=0.5 (+/-0.117976).
P1: N=35, mean=0.485714 (+/-0.167997).
P2: N=35, mean=0.514286 (+/-0.167997).
Game Durations: N=70, mean=33.342857 (+/-0.604706).
P1: N=35, mean=33.514286 (+/-0.844145).
P2: N=35, mean=33.171429 (+/-0.874625).

Agent 2 (UCT)
Winning score (between 0 and 1) : N=70, mean=0.5 (+/-0.117976).
P1: N=35, mean=0.485714 (+/-0.167997).
P2: N=35, mean=0.514286 (+/-0.167997).
Game Durations: N=70, mean=33.342857 (+/-0.604706).
P1: N=35, mean=33.171429 (+/-0.874625).
P2: N=35, mean=33.514286 (+/-0.844145).
=====================================================
=====================================================
Completed 80 games.

Agent 1 (SHUCT)
Winning score (between 0 and 1) : N=80, mean=0.4875 (+/-0.110222).
P1: N=40, mean=0.5 (+/-0.156922).
P2: N=40, mean=0.475 (+/-0.156726).
Game Durations: N=80, mean=33.3875 (+/-0.576604).
P1: N=40, mean=33.5 (+/-0.845053).
P2: N=40, mean=33.275 (+/-0.793933).

Agent 2 (UCT)
Winning score (between 0 and 1) : N=80, mean=0.5125 (+/-0.110222).
P1: N=40, mean=0.525 (+/-0.156726).
P2: N=40, mean=0.5 (+/-0.156922).
Game Durations: N=80, mean=33.3875 (+/-0.576604).
P1: N=40, mean=33.275 (+/-0.793933).
P2: N=40, mean=33.5 (+/-0.845053).
=====================================================
=====================================================
Completed 90 games.

Agent 1 (SHUCT)
Winning score (between 0 and 1) : N=90, mean=0.5 (+/-0.103878).
P1: N=45, mean=0.511111 (+/-0.147701).
P2: N=45, mean=0.488889 (+/-0.147701).
Game Durations: N=90, mean=33.333333 (+/-0.537315).
P1: N=45, mean=33.577778 (+/-0.791591).
P2: N=45, mean=33.088889 (+/-0.728631).

Agent 2 (UCT)
Winning score (between 0 and 1) : N=90, mean=0.5 (+/-0.103878).
P1: N=45, mean=0.511111 (+/-0.147701).
P2: N=45, mean=0.488889 (+/-0.147701).
Game Durations: N=90, mean=33.333333 (+/-0.537315).
P1: N=45, mean=33.088889 (+/-0.728631).
P2: N=45, mean=33.577778 (+/-0.791591).
=====================================================
=====================================================
Completed 100 games.

Agent 1 (SHUCT)
Winning score (between 0 and 1) : N=100, mean=0.48 (+/-0.098413).
P1: N=50, mean=0.48 (+/-0.139885).
P2: N=50, mean=0.48 (+/-0.139885).
Game Durations: N=100, mean=33.36 (+/-0.504923).
P1: N=50, mean=33.6 (+/-0.747118).
P2: N=50, mean=33.12 (+/-0.680426).

Agent 2 (UCT)
Winning score (between 0 and 1) : N=100, mean=0.52 (+/-0.098413).
P1: N=50, mean=0.52 (+/-0.139885).
P2: N=50, mean=0.52 (+/-0.139885).
Game Durations: N=100, mean=33.36 (+/-0.504923).
P1: N=50, mean=33.12 (+/-0.680426).
P2: N=50, mean=33.6 (+/-0.747118).
=====================================================
