Warming up...
Finished warming up!
=====================================================
Completed 1 games.

Agent 1 (SHUCT)
Winning score (between 0 and 1) : N=1, mean=1 (+/-0).
P1: N=1, mean=1 (+/-0).
P2: N=0, mean=0 (+/-0).
Game Durations: N=1, mean=37 (+/-0).
P1: N=1, mean=37 (+/-0).
P2: N=0, mean=0 (+/-0).

Agent 2 (UCT)
Winning score (between 0 and 1) : N=1, mean=0 (+/-0).
P1: N=0, mean=0 (+/-0).
P2: N=1, mean=0 (+/-0).
Game Durations: N=1, mean=37 (+/-0).
P1: N=0, mean=0 (+/-0).
P2: N=1, mean=37 (+/-0).
=====================================================
=====================================================
Completed 2 games.

Agent 1 (SHUCT)
Winning score (between 0 and 1) : N=2, mean=0.5 (+/-0.97998).
P1: N=1, mean=1 (+/-0).
P2: N=1, mean=0 (+/-0).
Game Durations: N=2, mean=35 (+/-3.91992).
P1: N=1, mean=37 (+/-0).
P2: N=1, mean=33 (+/-0).

Agent 2 (UCT)
Winning score (between 0 and 1) : N=2, mean=0.5 (+/-0.97998).
P1: N=1, mean=1 (+/-0).
P2: N=1, mean=0 (+/-0).
Game Durations: N=2, mean=35 (+/-3.91992).
P1: N=1, mean=33 (+/-0).
P2: N=1, mean=37 (+/-0).
=====================================================
=====================================================
Completed 3 games.

Agent 1 (SHUCT)
Winning score (between 0 and 1) : N=3, mean=0.333333 (+/-0.65332).
P1: N=2, mean=0.5 (+/-0.97998).
P2: N=1, mean=0 (+/-0).
Game Durations: N=3, mean=34 (+/-2.993888).
P1: N=2, mean=34.5 (+/-4.8999).
P2: N=1, mean=33 (+/-0).

Agent 2 (UCT)
Winning score (between 0 and 1) : N=3, mean=0.666667 (+/-0.65332).
P1: N=1, mean=1 (+/-0).
P2: N=2, mean=0.5 (+/-0.97998).
Game Durations: N=3, mean=34 (+/-2.993888).
P1: N=1, mean=33 (+/-0).
P2: N=2, mean=34.5 (+/-4.8999).
=====================================================
=====================================================
Completed 4 games.

Agent 1 (SHUCT)
Winning score (between 0 and 1) : N=4, mean=0.5 (+/-0.565792).
P1: N=2, mean=0.5 (+/-0.97998).
P2: N=2, mean=0.5 (+/-0.97998).
Game Durations: N=4, mean=34.5 (+/-2.332819).
P1: N=2, mean=34.5 (+/-4.8999).
P2: N=2, mean=34.5 (+/-2.93994).

Agent 2 (UCT)
Winning score (between 0 and 1) : N=4, mean=0.5 (+/-0.565792).
P1: N=2, mean=0.5 (+/-0.97998).
P2: N=2, mean=0.5 (+/-0.97998).
Game Durations: N=4, mean=34.5 (+/-2.332819).
P1: N=2, mean=34.5 (+/-2.93994).
P2: N=2, mean=34.5 (+/-4.8999).
=====================================================
=====================================================
Completed 5 games.

Agent 1 (SHUCT)
Winning score (between 0 and 1) : N=5, mean=0.4 (+/-0.48009).
P1: N=3, mean=0.333333 (+/-0.65332).
P2: N=2, mean=0.5 (+/-0.97998).
Game Durations: N=5, mean=34.8 (+/-1.900252).
P1: N=3, mean=35 (+/-2.993888).
P2: N=2, mean=34.5 (+/-2.93994).

Agent 2 (UCT)
Winning score (between 0 and 1) : N=5, mean=0.6 (+/-0.48009).
P1: N=2, mean=0.5 (+/-0.97998).
P2: N=3, mean=0.666667 (+/-0.65332).
Game Durations: N=5, mean=34.8 (+/-1.900252).
P1: N=2, mean=34.5 (+/-2.93994).
P2: N=3, mean=35 (+/-2.993888).
=====================================================
=====================================================
Completed 10 games.

Agent 1 (SHUCT)
Winning score (between 0 and 1) : N=10, mean=0.6 (+/-0.32006).
P1: N=5, mean=0.6 (+/-0.48009).
P2: N=5, mean=0.6 (+/-0.48009).
Game Durations: N=10, mean=33.9 (+/-1.444709).
P1: N=5, mean=33.8 (+/-2.268818).
P2: N=5, mean=34 (+/-2.055623).

Agent 2 (UCT)
Winning score (between 0 and 1) : N=10, mean=0.4 (+/-0.32006).
P1: N=5, mean=0.4 (+/-0.48009).
P2: N=5, mean=0.4 (+/-0.48009).
Game Durations: N=10, mean=33.9 (+/-1.444709).
P1: N=5, mean=34 (+/-2.055623).
P2: N=5, mean=33.8 (+/-2.268818).
=====================================================
=====================================================
Completed 20 games.

Agent 1 (SHUCT)
Winning score (between 0 and 1) : N=20, mean=0.4 (+/-0.22028).
P1: N=10, mean=0.3 (+/-0.299389).
P2: N=10, mean=0.5 (+/-0.32666).
Game Durations: N=20, mean=33.3 (+/-0.954902).
P1: N=10, mean=33.3 (+/-1.462328).
P2: N=10, mean=33.3 (+/-1.308272).

Agent 2 (UCT)
Winning score (between 0 and 1) : N=20, mean=0.6 (+/-0.22028).
P1: N=10, mean=0.5 (+/-0.32666).
P2: N=10, mean=0.7 (+/-0.299389).
Game Durations: N=20, mean=33.3 (+/-0.954902).
P1: N=10, mean=33.3 (+/-1.308272).
P2: N=10, mean=33.3 (+/-1.462328).
=====================================================
=====================================================
Completed 30 games.

Agent 1 (SHUCT)
Winning score (between 0 and 1) : N=30, mean=0.5 (+/-0.181978).
P1: N=15, mean=0.4 (+/-0.256619).
P2: N=15, mean=0.6 (+/-0.256619).
Game Durations: N=30, mean=33.466667 (+/-0.839117).
P1: N=15, mean=33.866667 (+/-1.192453).
P2: N=15, mean=33.066667 (+/-1.186301).

Agent 2 (UCT)
Winning score (between 0 and 1) : N=30, mean=0.5 (+/-0.181978).
P1: N=15, mean=0.4 (+/-0.256619).
P2: N=15, mean=0.6 (+/-0.256619).
Game Durations: N=30, mean=33.466667 (+/-0.839117).
P1: N=15, mean=33.066667 (+/-1.186301).
P2: N=15, mean=33.866667 (+/-1.192453).
=====================================================
=====================================================
Completed 40 games.

Agent 1 (SHUCT)
Winning score (between 0 and 1) : N=40, mean=0.6 (+/-0.153752).
P1: N=20, mean=0.55 (+/-0.223696).
P2: N=20, mean=0.65 (+/-0.214467).
Game Durations: N=40, mean=33.45 (+/-0.745835).
P1: N=20, mean=34.15 (+/-0.998122).
P2: N=20, mean=32.75 (+/-1.043672).

Agent 2 (UCT)
Winning score (between 0 and 1) : N=40, mean=0.4 (+/-0.153752).
P1: N=20, mean=0.35 (+/-0.214467).
P2: N=20, mean=0.45 (+/-0.223696).
Game Durations: N=40, mean=33.45 (+/-0.745835).
P1: N=20, mean=32.75 (+/-1.043672).
P2: N=20, mean=34.15 (+/-0.998122).
=====================================================
=====================================================
Completed 50 games.

Agent 1 (SHUCT)
Winning score (between 0 and 1) : N=50, mean=0.6 (+/-0.137169).
P1: N=25, mean=0.6 (+/-0.195996).
P2: N=25, mean=0.6 (+/-0.195996).
Game Durations: N=50, mean=33.66 (+/-0.666386).
P1: N=25, mean=34.28 (+/-0.850722).
P2: N=25, mean=33.04 (+/-0.983111).

Agent 2 (UCT)
Winning score (between 0 and 1) : N=50, mean=0.4 (+/-0.137169).
P1: N=25, mean=0.4 (+/-0.195996).
P2: N=25, mean=0.4 (+/-0.195996).
Game Durations: N=50, mean=33.66 (+/-0.666386).
P1: N=25, mean=33.04 (+/-0.983111).
P2: N=25, mean=34.28 (+/-0.850722).
=====================================================
=====================================================
Completed 60 games.

Agent 1 (SHUCT)
Winning score (between 0 and 1) : N=60, mean=0.583333 (+/-0.125798).
P1: N=30, mean=0.633333 (+/-0.175388).
P2: N=30, mean=0.533333 (+/-0.181573).
Game Durations: N=60, mean=33.583333 (+/-0.620304).
P1: N=30, mean=33.966667 (+/-0.816447).
P2: N=30, mean=33.2 (+/-0.927432).

Agent 2 (UCT)
Winning score (between 0 and 1) : N=60, mean=0.416667 (+/-0.125798).
P1: N=30, mean=0.466667 (+/-0.181573).
P2: N=30, mean=0.366667 (+/-0.175388).
Game Durations: N=60, mean=33.583333 (+/-0.620304).
P1: N=30, mean=33.2 (+/-0.927432).
P2: N=30, mean=33.966667 (+/-0.816447).
=====================================================
=====================================================
Completed 70 games.

Agent 1 (SHUCT)
Winning score (between 0 and 1) : N=70, mean=0.557143 (+/-0.117203).
P1: N=35, mean=0.571429 (+/-0.166341).
P2: N=35, mean=0.542857 (+/-0.167447).
Game Durations: N=70, mean=33.6 (+/-0.572985).
P1: N=35, mean=34 (+/-0.770695).
P2: N=35, mean=33.2 (+/-0.838114).

Agent 2 (UCT)
Winning score (between 0 and 1) : N=70, mean=0.442857 (+/-0.117203).
P1: N=35, mean=0.457143 (+/-0.167447).
P2: N=35, mean=0.428571 (+/-0.166341).
Game Durations: N=70, mean=33.6 (+/-0.572985).
P1: N=35, mean=33.2 (+/-0.838114).
P2: N=35, mean=34 (+/-0.770695).
=====================================================
=====================================================
Completed 80 games.

Agent 1 (SHUCT)
Winning score (between 0 and 1) : N=80, mean=0.4875 (+/-0.110222).
P1: N=40, mean=0.5 (+/-0.156922).
P2: N=40, mean=0.475 (+/-0.156726).
Game Durations: N=80, mean=33.4625 (+/-0.543446).
P1: N=40, mean=33.8 (+/-0.778942).
P2: N=40, mean=33.125 (+/-0.753187).

Agent 2 (UCT)
Winning score (between 0 and 1) : N=80, mean=0.5125 (+/-0.110222).
P1: N=40, mean=0.525 (+/-0.156726).
P2: N=40, mean=0.5 (+/-0.156922).
Game Durations: N=80, mean=33.4625 (+/-0.543446).
P1: N=40, mean=33.125 (+/-0.753187).
P2: N=40, mean=33.8 (+/-0.778942).
=====================================================
=====================================================
Completed 90 games.

Agent 1 (SHUCT)
Winning score (between 0 and 1) : N=90, mean=0.488889 (+/-0.103852).
P1: N=45, mean=0.488889 (+/-0.147701).
P2: N=45, mean=0.488889 (+/-0.147701).
Game Durations: N=90, mean=33.5 (+/-0.513818).
P1: N=45, mean=33.777778 (+/-0.736752).
P2: N=45, mean=33.222222 (+/-0.715375).

Agent 2 (UCT)
Winning score (between 0 and 1) : N=90, mean=0.511111 (+/-0.103852).
P1: N=45, mean=0.511111 (+/-0.147701).
P2: N=45, mean=0.511111 (+/-0.147701).
Game Durations: N=90, mean=33.5 (+/-0.513818).
P1: N=45, mean=33.222222 (+/-0.715375).
P2: N=45, mean=33.777778 (+/-0.736752).
=====================================================
=====================================================
Completed 100 games.

Agent 1 (SHUCT)
Winning score (between 0 and 1) : N=100, mean=0.5 (+/-0.098492).
P1: N=50, mean=0.52 (+/-0.139885).
P2: N=50, mean=0.48 (+/-0.139885).
Game Durations: N=100, mean=33.52 (+/-0.47967).
P1: N=50, mean=33.88 (+/-0.691852).
P2: N=50, mean=33.16 (+/-0.65631).

Agent 2 (UCT)
Winning score (between 0 and 1) : N=100, mean=0.5 (+/-0.098492).
P1: N=50, mean=0.52 (+/-0.139885).
P2: N=50, mean=0.48 (+/-0.139885).
Game Durations: N=100, mean=33.52 (+/-0.47967).
P1: N=50, mean=33.16 (+/-0.65631).
P2: N=50, mean=33.88 (+/-0.691852).
=====================================================
