Warming up...
Finished warming up!
=====================================================
Completed 1 games.

Agent 1 (SHUCT)
Winning score (between 0 and 1) : N=1, mean=0 (+/-0).
P1: N=0, mean=0 (+/-0).
P2: N=1, mean=0 (+/-0).
Game Durations: N=1, mean=35 (+/-0).
P1: N=0, mean=0 (+/-0).
P2: N=1, mean=35 (+/-0).

Agent 2 (UCT)
Winning score (between 0 and 1) : N=1, mean=1 (+/-0).
P1: N=1, mean=1 (+/-0).
P2: N=0, mean=0 (+/-0).
Game Durations: N=1, mean=35 (+/-0).
P1: N=1, mean=35 (+/-0).
P2: N=0, mean=0 (+/-0).
=====================================================
=====================================================
Completed 2 games.

Agent 1 (SHUCT)
Winning score (between 0 and 1) : N=2, mean=0.5 (+/-0.97998).
P1: N=1, mean=1 (+/-0).
P2: N=1, mean=0 (+/-0).
Game Durations: N=2, mean=34 (+/-1.95996).
P1: N=1, mean=33 (+/-0).
P2: N=1, mean=35 (+/-0).

Agent 2 (UCT)
Winning score (between 0 and 1) : N=2, mean=0.5 (+/-0.97998).
P1: N=1, mean=1 (+/-0).
P2: N=1, mean=0 (+/-0).
Game Durations: N=2, mean=34 (+/-1.95996).
P1: N=1, mean=35 (+/-0).
P2: N=1, mean=33 (+/-0).
=====================================================
=====================================================
Completed 3 games.

Agent 1 (SHUCT)
Winning score (between 0 and 1) : N=3, mean=0.666667 (+/-0.65332).
P1: N=1, mean=1 (+/-0).
P2: N=2, mean=0.5 (+/-0.97998).
Game Durations: N=3, mean=36 (+/-4.079982).
P1: N=1, mean=33 (+/-0).
P2: N=2, mean=37.5 (+/-4.8999).

Agent 2 (UCT)
Winning score (between 0 and 1) : N=3, mean=0.333333 (+/-0.65332).
P1: N=2, mean=0.5 (+/-0.97998).
P2: N=1, mean=0 (+/-0).
Game Durations: N=3, mean=36 (+/-4.079982).
P1: N=2, mean=37.5 (+/-4.8999).
P2: N=1, mean=33 (+/-0).
=====================================================
=====================================================
Completed 4 games.

Agent 1 (SHUCT)
Winning score (between 0 and 1) : N=4, mean=0.5 (+/-0.565792).
P1: N=2, mean=0.5 (+/-0.97998).
P2: N=2, mean=0.5 (+/-0.97998).
Game Durations: N=4, mean=35.5 (+/-3.046882).
P1: N=2, mean=33.5 (+/-0.97998).
P2: N=2, mean=37.5 (+/-4.8999).

Agent 2 (UCT)
Winning score (between 0 and 1) : N=4, mean=0.5 (+/-0.565792).
P1: N=2, mean=0.5 (+/-0.97998).
P2: N=2, mean=0.5 (+/-0.97998).
Game Durations: N=4, mean=35.5 (+/-3.046882).
P1: N=2, mean=37.5 (+/-4.8999).
P2: N=2, mean=33.5 (+/-0.97998).
=====================================================
=====================================================
Completed 5 games.

Agent 1 (SHUCT)
Winning score (between 0 and 1) : N=5, mean=0.4 (+/-0.48009).
P1: N=2, mean=0.5 (+/-0.97998).
P2: N=3, mean=0.333333 (+/-0.65332).
Game Durations: N=5, mean=35.8 (+/-2.432246).
P1: N=2, mean=33.5 (+/-0.97998).
P2: N=3, mean=37.333333 (+/-2.847756).

Agent 2 (UCT)
Winning score (between 0 and 1) : N=5, mean=0.6 (+/-0.48009).
P1: N=3, mean=0.666667 (+/-0.65332).
P2: N=2, mean=0.5 (+/-0.97998).
Game Durations: N=5, mean=35.8 (+/-2.432246).
P1: N=3, mean=37.333333 (+/-2.847756).
P2: N=2, mean=33.5 (+/-0.97998).
=====================================================
=====================================================
Completed 10 games.

Agent 1 (SHUCT)
Winning score (between 0 and 1) : N=10, mean=0.5 (+/-0.32666).
P1: N=5, mean=0.6 (+/-0.48009).
P2: N=5, mean=0.4 (+/-0.48009).
Game Durations: N=10, mean=34.8 (+/-1.540506).
P1: N=5, mean=33.4 (+/-1.592279).
P2: N=5, mean=36.2 (+/-2.092665).

Agent 2 (UCT)
Winning score (between 0 and 1) : N=10, mean=0.5 (+/-0.32666).
P1: N=5, mean=0.6 (+/-0.48009).
P2: N=5, mean=0.4 (+/-0.48009).
Game Durations: N=10, mean=34.8 (+/-1.540506).
P1: N=5, mean=36.2 (+/-2.092665).
P2: N=5, mean=33.4 (+/-1.592279).
=====================================================
=====================================================
Completed 20 games.

Agent 1 (SHUCT)
Winning score (between 0 and 1) : N=20, mean=0.55 (+/-0.223696).
P1: N=10, mean=0.6 (+/-0.32006).
P2: N=10, mean=0.5 (+/-0.32666).
Game Durations: N=20, mean=33.95 (+/-1.26761).
P1: N=10, mean=33.6 (+/-1.551549).
P2: N=10, mean=34.3 (+/-2.067012).

Agent 2 (UCT)
Winning score (between 0 and 1) : N=20, mean=0.45 (+/-0.223696).
P1: N=10, mean=0.5 (+/-0.32666).
P2: N=10, mean=0.4 (+/-0.32006).
Game Durations: N=20, mean=33.95 (+/-1.26761).
P1: N=10, mean=34.3 (+/-2.067012).
P2: N=10, mean=33.6 (+/-1.551549).
=====================================================
=====================================================
Completed 30 games.

Agent 1 (SHUCT)
Winning score (between 0 and 1) : N=30, mean=0.466667 (+/-0.181573).
P1: N=15, mean=0.4 (+/-0.256619).
P2: N=15, mean=0.533333 (+/-0.261328).
Game Durations: N=30, mean=34.033333 (+/-1.014225).
P1: N=15, mean=33.733333 (+/-1.437304).
P2: N=15, mean=34.333333 (+/-1.465036).

Agent 2 (UCT)
Winning score (between 0 and 1) : N=30, mean=0.533333 (+/-0.181573).
P1: N=15, mean=0.466667 (+/-0.261328).
P2: N=15, mean=0.6 (+/-0.256619).
Game Durations: N=30, mean=34.033333 (+/-1.014225).
P1: N=15, mean=34.333333 (+/-1.465036).
P2: N=15, mean=33.733333 (+/-1.437304).
=====================================================
=====================================================
Completed 40 games.

Agent 1 (SHUCT)
Winning score (between 0 and 1) : N=40, mean=0.5 (+/-0.156922).
P1: N=20, mean=0.45 (+/-0.223696).
P2: N=20, mean=0.55 (+/-0.223696).
Game Durations: N=40, mean=33.55 (+/-0.906762).
P1: N=20, mean=33.25 (+/-1.384989).
P2: N=20, mean=33.85 (+/-1.191985).

Agent 2 (UCT)
Winning score (between 0 and 1) : N=40, mean=0.5 (+/-0.156922).
P1: N=20, mean=0.45 (+/-0.223696).
P2: N=20, mean=0.55 (+/-0.223696).
Game Durations: N=40, mean=33.55 (+/-0.906762).
P1: N=20, mean=33.85 (+/-1.191985).
P2: N=20, mean=33.25 (+/-1.384989).
=====================================================
=====================================================
Completed 50 games.

Agent 1 (SHUCT)
Winning score (between 0 and 1) : N=50, mean=0.5 (+/-0.139997).
P1: N=25, mean=0.48 (+/-0.199877).
P2: N=25, mean=0.52 (+/-0.199877).
Game Durations: N=50, mean=33.68 (+/-0.840804).
P1: N=25, mean=33.6 (+/-1.2082).
P2: N=25, mean=33.76 (+/-1.1937).

Agent 2 (UCT)
Winning score (between 0 and 1) : N=50, mean=0.5 (+/-0.139997).
P1: N=25, mean=0.48 (+/-0.199877).
P2: N=25, mean=0.52 (+/-0.199877).
Game Durations: N=50, mean=33.68 (+/-0.840804).
P1: N=25, mean=33.76 (+/-1.1937).
P2: N=25, mean=33.6 (+/-1.2082).
=====================================================
=====================================================
Completed 60 games.

Agent 1 (SHUCT)
Winning score (between 0 and 1) : N=60, mean=0.5 (+/-0.127583).
P1: N=30, mean=0.5 (+/-0.181978).
P2: N=30, mean=0.5 (+/-0.181978).
Game Durations: N=60, mean=33.766667 (+/-0.735664).
P1: N=30, mean=33.833333 (+/-1.059368).
P2: N=30, mean=33.7 (+/-1.038602).

Agent 2 (UCT)
Winning score (between 0 and 1) : N=60, mean=0.5 (+/-0.127583).
P1: N=30, mean=0.5 (+/-0.181978).
P2: N=30, mean=0.5 (+/-0.181978).
Game Durations: N=60, mean=33.766667 (+/-0.735664).
P1: N=30, mean=33.7 (+/-1.038602).
P2: N=30, mean=33.833333 (+/-1.059368).
=====================================================
=====================================================
Completed 70 games.

Agent 1 (SHUCT)
Winning score (between 0 and 1) : N=70, mean=0.5 (+/-0.117976).
P1: N=35, mean=0.514286 (+/-0.167997).
P2: N=35, mean=0.485714 (+/-0.167997).
Game Durations: N=70, mean=34.057143 (+/-0.66245).
P1: N=35, mean=34.228571 (+/-0.971164).
P2: N=35, mean=33.885714 (+/-0.911798).

Agent 2 (UCT)
Winning score (between 0 and 1) : N=70, mean=0.5 (+/-0.117976).
P1: N=35, mean=0.514286 (+/-0.167997).
P2: N=35, mean=0.485714 (+/-0.167997).
Game Durations: N=70, mean=34.057143 (+/-0.66245).
P1: N=35, mean=33.885714 (+/-0.911798).
P2: N=35, mean=34.228571 (+/-0.971164).
=====================================================
=====================================================
Completed 80 games.

Agent 1 (SHUCT)
Winning score (between 0 and 1) : N=80, mean=0.475 (+/-0.110118).
P1: N=40, mean=0.475 (+/-0.156726).
P2: N=40, mean=0.475 (+/-0.156726).
Game Durations: N=80, mean=33.875 (+/-0.607286).
P1: N=40, mean=33.925 (+/-0.897035).
P2: N=40, mean=33.825 (+/-0.830022).

Agent 2 (UCT)
Winning score (between 0 and 1) : N=80, mean=0.525 (+/-0.110118).
P1: N=40, mean=0.525 (+/-0.156726).
P2: N=40, mean=0.525 (+/-0.156726).
Game Durations: N=80, mean=33.875 (+/-0.607286).
P1: N=40, mean=33.825 (+/-0.830022).
P2: N=40, mean=33.925 (+/-0.897035).
=====================================================
=====================================================
Completed 90 games.

Agent 1 (SHUCT)
Winning score (between 0 and 1) : N=90, mean=0.5 (+/-0.103878).
P1: N=45, mean=0.488889 (+/-0.147701).
P2: N=45, mean=0.511111 (+/-0.147701).
Game Durations: N=90, mean=33.866667 (+/-0.567019).
P1: N=45, mean=33.911111 (+/-0.84685).
P2: N=45, mean=33.822222 (+/-0.763648).

Agent 2 (UCT)
Winning score (between 0 and 1) : N=90, mean=0.5 (+/-0.103878).
P1: N=45, mean=0.488889 (+/-0.147701).
P2: N=45, mean=0.511111 (+/-0.147701).
Game Durations: N=90, mean=33.866667 (+/-0.567019).
P1: N=45, mean=33.822222 (+/-0.763648).
P2: N=45, mean=33.911111 (+/-0.84685).
=====================================================
=====================================================
Completed 100 games.

Agent 1 (SHUCT)
Winning score (between 0 and 1) : N=100, mean=0.49 (+/-0.098472).
P1: N=50, mean=0.46 (+/-0.139548).
P2: N=50, mean=0.52 (+/-0.139885).
Game Durations: N=100, mean=33.83 (+/-0.535893).
P1: N=50, mean=33.78 (+/-0.796464).
P2: N=50, mean=33.88 (+/-0.72505).

Agent 2 (UCT)
Winning score (between 0 and 1) : N=100, mean=0.51 (+/-0.098472).
P1: N=50, mean=0.48 (+/-0.139885).
P2: N=50, mean=0.54 (+/-0.139548).
Game Durations: N=100, mean=33.83 (+/-0.535893).
P1: N=50, mean=33.88 (+/-0.72505).
P2: N=50, mean=33.78 (+/-0.796464).
=====================================================
