Warming up...
Finished warming up!
=====================================================
Completed 1 games.

Agent 1 (Example UCT)
Winning score (between 0 and 1) : N=1, mean=0 (+/-0).
P1: N=0, mean=0 (+/-0).
P2: N=1, mean=0 (+/-0).
Game Durations: N=1, mean=17 (+/-0).
P1: N=0, mean=0 (+/-0).
P2: N=1, mean=17 (+/-0).

Agent 2 (SHUCT)
Winning score (between 0 and 1) : N=1, mean=1 (+/-0).
P1: N=1, mean=1 (+/-0).
P2: N=0, mean=0 (+/-0).
Game Durations: N=1, mean=17 (+/-0).
P1: N=1, mean=17 (+/-0).
P2: N=0, mean=0 (+/-0).
=====================================================
=====================================================
Completed 2 games.

Agent 1 (Example UCT)
Winning score (between 0 and 1) : N=2, mean=0.5 (+/-0.97998).
P1: N=1, mean=1 (+/-0).
P2: N=1, mean=0 (+/-0).
Game Durations: N=2, mean=22 (+/-9.7998).
P1: N=1, mean=27 (+/-0).
P2: N=1, mean=17 (+/-0).

Agent 2 (SHUCT)
Winning score (between 0 and 1) : N=2, mean=0.5 (+/-0.97998).
P1: N=1, mean=1 (+/-0).
P2: N=1, mean=0 (+/-0).
Game Durations: N=2, mean=22 (+/-9.7998).
P1: N=1, mean=17 (+/-0).
P2: N=1, mean=27 (+/-0).
=====================================================
=====================================================
Completed 3 games.

Agent 1 (Example UCT)
Winning score (between 0 and 1) : N=3, mean=0.333333 (+/-0.65332).
P1: N=1, mean=1 (+/-0).
P2: N=2, mean=0 (+/-0).
Game Durations: N=3, mean=17.666667 (+/-10.205185).
P1: N=1, mean=27 (+/-0).
P2: N=2, mean=13 (+/-7.83984).

Agent 2 (SHUCT)
Winning score (between 0 and 1) : N=3, mean=0.666667 (+/-0.65332).
P1: N=2, mean=1 (+/-0).
P2: N=1, mean=0 (+/-0).
Game Durations: N=3, mean=17.666667 (+/-10.205185).
P1: N=2, mean=13 (+/-7.83984).
P2: N=1, mean=27 (+/-0).
=====================================================
=====================================================
Completed 4 games.

Agent 1 (Example UCT)
Winning score (between 0 and 1) : N=4, mean=0.5 (+/-0.565792).
P1: N=2, mean=1 (+/-0).
P2: N=2, mean=0 (+/-0).
Game Durations: N=4, mean=18.5 (+/-7.398687).
P1: N=2, mean=24 (+/-5.87988).
P2: N=2, mean=13 (+/-7.83984).

Agent 2 (SHUCT)
Winning score (between 0 and 1) : N=4, mean=0.5 (+/-0.565792).
P1: N=2, mean=1 (+/-0).
P2: N=2, mean=0 (+/-0).
Game Durations: N=4, mean=18.5 (+/-7.398687).
P1: N=2, mean=13 (+/-7.83984).
P2: N=2, mean=24 (+/-5.87988).
=====================================================
=====================================================
Completed 5 games.

Agent 1 (Example UCT)
Winning score (between 0 and 1) : N=5, mean=0.4 (+/-0.48009).
P1: N=2, mean=1 (+/-0).
P2: N=3, mean=0 (+/-0).
Game Durations: N=5, mean=17.4 (+/-6.123111).
P1: N=2, mean=24 (+/-5.87988).
P2: N=3, mean=13 (+/-4.526334).

Agent 2 (SHUCT)
Winning score (between 0 and 1) : N=5, mean=0.6 (+/-0.48009).
P1: N=3, mean=1 (+/-0).
P2: N=2, mean=0 (+/-0).
Game Durations: N=5, mean=17.4 (+/-6.123111).
P1: N=3, mean=13 (+/-4.526334).
P2: N=2, mean=24 (+/-5.87988).
=====================================================
=====================================================
Completed 10 games.

Agent 1 (Example UCT)
Winning score (between 0 and 1) : N=10, mean=0.5 (+/-0.32666).
P1: N=5, mean=0.8 (+/-0.391992).
P2: N=5, mean=0.2 (+/-0.391992).
Game Durations: N=10, mean=17 (+/-3.2666).
P1: N=5, mean=18.8 (+/-4.571373).
P2: N=5, mean=15.2 (+/-4.571373).

Agent 2 (SHUCT)
Winning score (between 0 and 1) : N=10, mean=0.5 (+/-0.32666).
P1: N=5, mean=0.8 (+/-0.391992).
P2: N=5, mean=0.2 (+/-0.391992).
Game Durations: N=10, mean=17 (+/-3.2666).
P1: N=5, mean=15.2 (+/-4.571373).
P2: N=5, mean=18.8 (+/-4.571373).
=====================================================
=====================================================
Completed 20 games.

Agent 1 (Example UCT)
Winning score (between 0 and 1) : N=20, mean=0.55 (+/-0.223696).
P1: N=10, mean=0.5 (+/-0.32666).
P2: N=10, mean=0.6 (+/-0.32006).
Game Durations: N=20, mean=19.65 (+/-3.398545).
P1: N=10, mean=20.9 (+/-4.053217).
P2: N=10, mean=18.4 (+/-5.568188).

Agent 2 (SHUCT)
Winning score (between 0 and 1) : N=20, mean=0.45 (+/-0.223696).
P1: N=10, mean=0.4 (+/-0.32006).
P2: N=10, mean=0.5 (+/-0.32666).
Game Durations: N=20, mean=19.65 (+/-3.398545).
P1: N=10, mean=18.4 (+/-5.568188).
P2: N=10, mean=20.9 (+/-4.053217).
=====================================================
=====================================================
Completed 30 games.

Agent 1 (Example UCT)
Winning score (between 0 and 1) : N=30, mean=0.433333 (+/-0.180353).
P1: N=15, mean=0.333333 (+/-0.246932).
P2: N=15, mean=0.533333 (+/-0.261328).
Game Durations: N=30, mean=20 (+/-2.681111).
P1: N=15, mean=20.6 (+/-3.536214).
P2: N=15, mean=19.4 (+/-4.132549).

Agent 2 (SHUCT)
Winning score (between 0 and 1) : N=30, mean=0.566667 (+/-0.180353).
P1: N=15, mean=0.466667 (+/-0.261328).
P2: N=15, mean=0.666667 (+/-0.246932).
Game Durations: N=30, mean=20 (+/-2.681111).
P1: N=15, mean=19.4 (+/-4.132549).
P2: N=15, mean=20.6 (+/-3.536214).
=====================================================
=====================================================
Completed 40 games.

Agent 1 (Example UCT)
Winning score (between 0 and 1) : N=40, mean=0.425 (+/-0.155147).
P1: N=20, mean=0.3 (+/-0.206054).
P2: N=20, mean=0.55 (+/-0.223696).
Game Durations: N=40, mean=19.125 (+/-2.261194).
P1: N=20, mean=18.7 (+/-3.082943).
P2: N=20, mean=19.55 (+/-3.378258).

Agent 2 (SHUCT)
Winning score (between 0 and 1) : N=40, mean=0.575 (+/-0.155147).
P1: N=20, mean=0.45 (+/-0.223696).
P2: N=20, mean=0.7 (+/-0.206054).
Game Durations: N=40, mean=19.125 (+/-2.261194).
P1: N=20, mean=19.55 (+/-3.378258).
P2: N=20, mean=18.7 (+/-3.082943).
=====================================================
=====================================================
Completed 50 games.

Agent 1 (Example UCT)
Winning score (between 0 and 1) : N=50, mean=0.42 (+/-0.138194).
P1: N=25, mean=0.32 (+/-0.186626).
P2: N=25, mean=0.52 (+/-0.199877).
Game Durations: N=50, mean=18.72 (+/-2.007416).
P1: N=25, mean=18.8 (+/-2.813072).
P2: N=25, mean=18.64 (+/-2.922203).

Agent 2 (SHUCT)
Winning score (between 0 and 1) : N=50, mean=0.58 (+/-0.138194).
P1: N=25, mean=0.48 (+/-0.199877).
P2: N=25, mean=0.68 (+/-0.186626).
Game Durations: N=50, mean=18.72 (+/-2.007416).
P1: N=25, mean=18.64 (+/-2.922203).
P2: N=25, mean=18.8 (+/-2.813072).
=====================================================
=====================================================
Completed 60 games.

Agent 1 (Example UCT)
Winning score (between 0 and 1) : N=60, mean=0.383333 (+/-0.124061).
P1: N=30, mean=0.333333 (+/-0.17157).
P2: N=30, mean=0.433333 (+/-0.180353).
Game Durations: N=60, mean=19.483333 (+/-2.173896).
P1: N=30, mean=18.533333 (+/-2.459027).
P2: N=30, mean=20.433333 (+/-3.597681).

Agent 2 (SHUCT)
Winning score (between 0 and 1) : N=60, mean=0.616667 (+/-0.124061).
P1: N=30, mean=0.566667 (+/-0.180353).
P2: N=30, mean=0.666667 (+/-0.17157).
Game Durations: N=60, mean=19.483333 (+/-2.173896).
P1: N=30, mean=20.433333 (+/-3.597681).
P2: N=30, mean=18.533333 (+/-2.459027).
=====================================================
=====================================================
Completed 70 games.

Agent 1 (Example UCT)
Winning score (between 0 and 1) : N=70, mean=0.4 (+/-0.115592).
P1: N=35, mean=0.314286 (+/-0.156042).
P2: N=35, mean=0.485714 (+/-0.167997).
Game Durations: N=70, mean=20.3 (+/-2.037299).
P1: N=35, mean=19.685714 (+/-2.540616).
P2: N=35, mean=20.914286 (+/-3.210375).

Agent 2 (SHUCT)
Winning score (between 0 and 1) : N=70, mean=0.6 (+/-0.115592).
P1: N=35, mean=0.514286 (+/-0.167997).
P2: N=35, mean=0.685714 (+/-0.156042).
Game Durations: N=70, mean=20.3 (+/-2.037299).
P1: N=35, mean=20.914286 (+/-3.210375).
P2: N=35, mean=19.685714 (+/-2.540616).
=====================================================
=====================================================
Completed 80 games.

Agent 1 (Example UCT)
Winning score (between 0 and 1) : N=80, mean=0.3875 (+/-0.107429).
P1: N=40, mean=0.3 (+/-0.143822).
P2: N=40, mean=0.475 (+/-0.156726).
Game Durations: N=80, mean=20.0625 (+/-1.827179).
P1: N=40, mean=19.55 (+/-2.276132).
P2: N=40, mean=20.575 (+/-2.879761).

Agent 2 (SHUCT)
Winning score (between 0 and 1) : N=80, mean=0.6125 (+/-0.107429).
P1: N=40, mean=0.525 (+/-0.156726).
P2: N=40, mean=0.7 (+/-0.143822).
Game Durations: N=80, mean=20.0625 (+/-1.827179).
P1: N=40, mean=20.575 (+/-2.879761).
P2: N=40, mean=19.55 (+/-2.276132).
=====================================================
=====================================================
Completed 90 games.

Agent 1 (Example UCT)
Winning score (between 0 and 1) : N=90, mean=0.411111 (+/-0.102223).
P1: N=45, mean=0.311111 (+/-0.13679).
P2: N=45, mean=0.511111 (+/-0.147701).
Game Durations: N=90, mean=20.4 (+/-1.725134).
P1: N=45, mean=19.822222 (+/-2.168866).
P2: N=45, mean=20.977778 (+/-2.697658).

Agent 2 (SHUCT)
Winning score (between 0 and 1) : N=90, mean=0.588889 (+/-0.102223).
P1: N=45, mean=0.488889 (+/-0.147701).
P2: N=45, mean=0.688889 (+/-0.13679).
Game Durations: N=90, mean=20.4 (+/-1.725134).
P1: N=45, mean=20.977778 (+/-2.697658).
P2: N=45, mean=19.822222 (+/-2.168866).
=====================================================
=====================================================
Completed 100 games.

Agent 1 (Example UCT)
Winning score (between 0 and 1) : N=100, mean=0.42 (+/-0.097223).
P1: N=50, mean=0.34 (+/-0.132636).
P2: N=50, mean=0.5 (+/-0.139997).
Game Durations: N=100, mean=20.54 (+/-1.620162).
P1: N=50, mean=20.18 (+/-2.136553).
P2: N=50, mean=20.9 (+/-2.453907).

Agent 2 (SHUCT)
Winning score (between 0 and 1) : N=100, mean=0.58 (+/-0.097223).
P1: N=50, mean=0.5 (+/-0.139997).
P2: N=50, mean=0.66 (+/-0.132636).
Game Durations: N=100, mean=20.54 (+/-1.620162).
P1: N=50, mean=20.9 (+/-2.453907).
P2: N=50, mean=20.18 (+/-2.136553).
=====================================================
=====================================================
Completed 110 games.

Agent 1 (Example UCT)
Winning score (between 0 and 1) : N=110, mean=0.4 (+/-0.091969).
P1: N=55, mean=0.327273 (+/-0.125148).
P2: N=55, mean=0.472727 (+/-0.13316).
Game Durations: N=110, mean=20.390909 (+/-1.503354).
P1: N=55, mean=19.890909 (+/-2.000245).
P2: N=55, mean=20.890909 (+/-2.255537).

Agent 2 (SHUCT)
Winning score (between 0 and 1) : N=110, mean=0.6 (+/-0.091969).
P1: N=55, mean=0.527273 (+/-0.13316).
P2: N=55, mean=0.672727 (+/-0.125148).
Game Durations: N=110, mean=20.390909 (+/-1.503354).
P1: N=55, mean=20.890909 (+/-2.255537).
P2: N=55, mean=19.890909 (+/-2.000245).
=====================================================
=====================================================
Completed 120 games.

Agent 1 (Example UCT)
Winning score (between 0 and 1) : N=120, mean=0.383333 (+/-0.087355).
P1: N=60, mean=0.316667 (+/-0.118697).
P2: N=60, mean=0.45 (+/-0.126943).
Game Durations: N=120, mean=20.583333 (+/-1.463245).
P1: N=60, mean=20.35 (+/-1.907106).
P2: N=60, mean=20.816667 (+/-2.234451).

Agent 2 (SHUCT)
Winning score (between 0 and 1) : N=120, mean=0.616667 (+/-0.087355).
P1: N=60, mean=0.55 (+/-0.126943).
P2: N=60, mean=0.683333 (+/-0.118697).
Game Durations: N=120, mean=20.583333 (+/-1.463245).
P1: N=60, mean=20.816667 (+/-2.234451).
P2: N=60, mean=20.35 (+/-1.907106).
=====================================================
=====================================================
Completed 130 games.

Agent 1 (Example UCT)
Winning score (between 0 and 1) : N=130, mean=0.361538 (+/-0.082908).
P1: N=65, mean=0.307692 (+/-0.113075).
P2: N=65, mean=0.415385 (+/-0.120731).
Game Durations: N=130, mean=20.769231 (+/-1.392174).
P1: N=65, mean=20.307692 (+/-1.810528).
P2: N=65, mean=21.230769 (+/-2.123576).

Agent 2 (SHUCT)
Winning score (between 0 and 1) : N=130, mean=0.638462 (+/-0.082908).
P1: N=65, mean=0.584615 (+/-0.120731).
P2: N=65, mean=0.692308 (+/-0.113075).
Game Durations: N=130, mean=20.769231 (+/-1.392174).
P1: N=65, mean=21.230769 (+/-2.123576).
P2: N=65, mean=20.307692 (+/-1.810528).
=====================================================
=====================================================
Completed 140 games.

Agent 1 (Example UCT)
Winning score (between 0 and 1) : N=140, mean=0.357143 (+/-0.079656).
P1: N=70, mean=0.3 (+/-0.108127).
P2: N=70, mean=0.414286 (+/-0.116229).
Game Durations: N=140, mean=20.942857 (+/-1.33242).
P1: N=70, mean=20.585714 (+/-1.797171).
P2: N=70, mean=21.3 (+/-1.97707).

Agent 2 (SHUCT)
Winning score (between 0 and 1) : N=140, mean=0.642857 (+/-0.079656).
P1: N=70, mean=0.585714 (+/-0.116229).
P2: N=70, mean=0.7 (+/-0.108127).
Game Durations: N=140, mean=20.942857 (+/-1.33242).
P1: N=70, mean=21.3 (+/-1.97707).
P2: N=70, mean=20.585714 (+/-1.797171).
=====================================================
=====================================================
Completed 150 games.

Agent 1 (Example UCT)
Winning score (between 0 and 1) : N=150, mean=0.353333 (+/-0.076751).
P1: N=75, mean=0.293333 (+/-0.103734).
P2: N=75, mean=0.413333 (+/-0.112196).
Game Durations: N=150, mean=21 (+/-1.276207).
P1: N=75, mean=20.56 (+/-1.75037).
P2: N=75, mean=21.44 (+/-1.864118).

Agent 2 (SHUCT)
Winning score (between 0 and 1) : N=150, mean=0.646667 (+/-0.076751).
P1: N=75, mean=0.586667 (+/-0.112196).
P2: N=75, mean=0.706667 (+/-0.103734).
Game Durations: N=150, mean=21 (+/-1.276207).
P1: N=75, mean=21.44 (+/-1.864118).
P2: N=75, mean=20.56 (+/-1.75037).
=====================================================
