Warming up...
Finished warming up!
=====================================================
Completed 1 games.

Agent 1 (Example UCT)
Winning score (between 0 and 1) : N=1, mean=0 (+/-0).
P1: N=1, mean=0 (+/-0).
P2: N=0, mean=0 (+/-0).
Game Durations: N=1, mean=54 (+/-0).
P1: N=1, mean=54 (+/-0).
P2: N=0, mean=0 (+/-0).

Agent 2 (SHUCT)
Winning score (between 0 and 1) : N=1, mean=1 (+/-0).
P1: N=0, mean=0 (+/-0).
P2: N=1, mean=1 (+/-0).
Game Durations: N=1, mean=54 (+/-0).
P1: N=0, mean=0 (+/-0).
P2: N=1, mean=54 (+/-0).
=====================================================
=====================================================
Completed 2 games.

Agent 1 (Example UCT)
Winning score (between 0 and 1) : N=2, mean=0 (+/-0).
P1: N=1, mean=0 (+/-0).
P2: N=1, mean=0 (+/-0).
Game Durations: N=2, mean=34.5 (+/-38.21922).
P1: N=1, mean=54 (+/-0).
P2: N=1, mean=15 (+/-0).

Agent 2 (SHUCT)
Winning score (between 0 and 1) : N=2, mean=1 (+/-0).
P1: N=1, mean=1 (+/-0).
P2: N=1, mean=1 (+/-0).
Game Durations: N=2, mean=34.5 (+/-38.21922).
P1: N=1, mean=15 (+/-0).
P2: N=1, mean=54 (+/-0).
=====================================================
=====================================================
Completed 3 games.

Agent 1 (Example UCT)
Winning score (between 0 and 1) : N=3, mean=0.333333 (+/-0.65332).
P1: N=2, mean=0.5 (+/-0.97998).
P2: N=1, mean=0 (+/-0).
Game Durations: N=3, mean=31.333333 (+/-22.92213).
P1: N=2, mean=39.5 (+/-28.41942).
P2: N=1, mean=15 (+/-0).

Agent 2 (SHUCT)
Winning score (between 0 and 1) : N=3, mean=0.666667 (+/-0.65332).
P1: N=1, mean=1 (+/-0).
P2: N=2, mean=0.5 (+/-0.97998).
Game Durations: N=3, mean=31.333333 (+/-22.92213).
P1: N=1, mean=15 (+/-0).
P2: N=2, mean=39.5 (+/-28.41942).
=====================================================
=====================================================
Completed 4 games.

Agent 1 (Example UCT)
Winning score (between 0 and 1) : N=4, mean=0.25 (+/-0.48999).
P1: N=2, mean=0.5 (+/-0.97998).
P2: N=2, mean=0 (+/-0).
Game Durations: N=4, mean=27.75 (+/-17.664576).
P1: N=2, mean=39.5 (+/-28.41942).
P2: N=2, mean=16 (+/-1.95996).

Agent 2 (SHUCT)
Winning score (between 0 and 1) : N=4, mean=0.75 (+/-0.48999).
P1: N=2, mean=1 (+/-0).
P2: N=2, mean=0.5 (+/-0.97998).
Game Durations: N=4, mean=27.75 (+/-17.664576).
P1: N=2, mean=16 (+/-1.95996).
P2: N=2, mean=39.5 (+/-28.41942).
=====================================================
=====================================================
Completed 5 games.

Agent 1 (Example UCT)
Winning score (between 0 and 1) : N=5, mean=0.2 (+/-0.391992).
P1: N=3, mean=0.333333 (+/-0.65332).
P2: N=2, mean=0 (+/-0).
Game Durations: N=5, mean=26.6 (+/-13.867323).
P1: N=3, mean=33.666667 (+/-19.998423).
P2: N=2, mean=16 (+/-1.95996).

Agent 2 (SHUCT)
Winning score (between 0 and 1) : N=5, mean=0.8 (+/-0.391992).
P1: N=2, mean=1 (+/-0).
P2: N=3, mean=0.666667 (+/-0.65332).
Game Durations: N=5, mean=26.6 (+/-13.867323).
P1: N=2, mean=16 (+/-1.95996).
P2: N=3, mean=33.666667 (+/-19.998423).
=====================================================
=====================================================
Completed 10 games.

Agent 1 (Example UCT)
Winning score (between 0 and 1) : N=10, mean=0.2 (+/-0.261328).
P1: N=5, mean=0.4 (+/-0.48009).
P2: N=5, mean=0 (+/-0).
Game Durations: N=10, mean=23.3 (+/-7.823763).
P1: N=5, mean=25.6 (+/-15.164062).
P2: N=5, mean=21 (+/-5.944853).

Agent 2 (SHUCT)
Winning score (between 0 and 1) : N=10, mean=0.8 (+/-0.261328).
P1: N=5, mean=1 (+/-0).
P2: N=5, mean=0.6 (+/-0.48009).
Game Durations: N=10, mean=23.3 (+/-7.823763).
P1: N=5, mean=21 (+/-5.944853).
P2: N=5, mean=25.6 (+/-15.164062).
=====================================================
=====================================================
Completed 20 games.

Agent 1 (Example UCT)
Winning score (between 0 and 1) : N=20, mean=0.3 (+/-0.206054).
P1: N=10, mean=0.4 (+/-0.32006).
P2: N=10, mean=0.2 (+/-0.261328).
Game Durations: N=20, mean=21.6 (+/-5.232917).
P1: N=10, mean=21.8 (+/-8.764234).
P2: N=10, mean=21.4 (+/-6.226794).

Agent 2 (SHUCT)
Winning score (between 0 and 1) : N=20, mean=0.7 (+/-0.206054).
P1: N=10, mean=0.8 (+/-0.261328).
P2: N=10, mean=0.6 (+/-0.32006).
Game Durations: N=20, mean=21.6 (+/-5.232917).
P1: N=10, mean=21.4 (+/-6.226794).
P2: N=10, mean=21.8 (+/-8.764234).
=====================================================
=====================================================
Completed 30 games.

Agent 1 (Example UCT)
Winning score (between 0 and 1) : N=30, mean=0.366667 (+/-0.175388).
P1: N=15, mean=0.533333 (+/-0.261328).
P2: N=15, mean=0.2 (+/-0.209529).
Game Durations: N=30, mean=21.066667 (+/-3.877943).
P1: N=15, mean=21.2 (+/-6.590441).
P2: N=15, mean=20.933333 (+/-4.34263).

Agent 2 (SHUCT)
Winning score (between 0 and 1) : N=30, mean=0.633333 (+/-0.175388).
P1: N=15, mean=0.8 (+/-0.209529).
P2: N=15, mean=0.466667 (+/-0.261328).
Game Durations: N=30, mean=21.066667 (+/-3.877943).
P1: N=15, mean=20.933333 (+/-4.34263).
P2: N=15, mean=21.2 (+/-6.590441).
=====================================================
=====================================================
Completed 40 games.

Agent 1 (Example UCT)
Winning score (between 0 and 1) : N=40, mean=0.35 (+/-0.149694).
P1: N=20, mean=0.45 (+/-0.223696).
P2: N=20, mean=0.25 (+/-0.194702).
Game Durations: N=40, mean=20.65 (+/-3.141232).
P1: N=20, mean=20.65 (+/-5.182203).
P2: N=20, mean=20.65 (+/-3.694969).

Agent 2 (SHUCT)
Winning score (between 0 and 1) : N=40, mean=0.65 (+/-0.149694).
P1: N=20, mean=0.75 (+/-0.194702).
P2: N=20, mean=0.55 (+/-0.223696).
Game Durations: N=40, mean=20.65 (+/-3.141232).
P1: N=20, mean=20.65 (+/-3.694969).
P2: N=20, mean=20.65 (+/-5.182203).
=====================================================
=====================================================
Completed 50 games.

Agent 1 (Example UCT)
Winning score (between 0 and 1) : N=50, mean=0.38 (+/-0.135905).
P1: N=25, mean=0.4 (+/-0.195996).
P2: N=25, mean=0.36 (+/-0.192036).
Game Durations: N=50, mean=19.68 (+/-2.624453).
P1: N=25, mean=19.28 (+/-4.336372).
P2: N=25, mean=20.08 (+/-3.044611).

Agent 2 (SHUCT)
Winning score (between 0 and 1) : N=50, mean=0.62 (+/-0.135905).
P1: N=25, mean=0.64 (+/-0.192036).
P2: N=25, mean=0.6 (+/-0.195996).
Game Durations: N=50, mean=19.68 (+/-2.624453).
P1: N=25, mean=20.08 (+/-3.044611).
P2: N=25, mean=19.28 (+/-4.336372).
=====================================================
=====================================================
Completed 60 games.

Agent 1 (Example UCT)
Winning score (between 0 and 1) : N=60, mean=0.416667 (+/-0.125798).
P1: N=30, mean=0.433333 (+/-0.180353).
P2: N=30, mean=0.4 (+/-0.178301).
Game Durations: N=60, mean=20.05 (+/-2.488535).
P1: N=30, mean=20.766667 (+/-4.206463).
P2: N=30, mean=19.333333 (+/-2.714391).

Agent 2 (SHUCT)
Winning score (between 0 and 1) : N=60, mean=0.583333 (+/-0.125798).
P1: N=30, mean=0.6 (+/-0.178301).
P2: N=30, mean=0.566667 (+/-0.180353).
Game Durations: N=60, mean=20.05 (+/-2.488535).
P1: N=30, mean=19.333333 (+/-2.714391).
P2: N=30, mean=20.766667 (+/-4.206463).
=====================================================
=====================================================
Completed 70 games.

Agent 1 (Example UCT)
Winning score (between 0 and 1) : N=70, mean=0.4 (+/-0.115592).
P1: N=35, mean=0.428571 (+/-0.166341).
P2: N=35, mean=0.371429 (+/-0.162414).
Game Durations: N=70, mean=19.757143 (+/-2.393794).
P1: N=35, mean=19.971429 (+/-3.674652).
P2: N=35, mean=19.542857 (+/-3.121639).

Agent 2 (SHUCT)
Winning score (between 0 and 1) : N=70, mean=0.6 (+/-0.115592).
P1: N=35, mean=0.628571 (+/-0.162414).
P2: N=35, mean=0.571429 (+/-0.166341).
Game Durations: N=70, mean=19.757143 (+/-2.393794).
P1: N=35, mean=19.542857 (+/-3.121639).
P2: N=35, mean=19.971429 (+/-3.674652).
=====================================================
=====================================================
Completed 80 games.

Agent 1 (Example UCT)
Winning score (between 0 and 1) : N=80, mean=0.4 (+/-0.108029).
P1: N=40, mean=0.425 (+/-0.155147).
P2: N=40, mean=0.375 (+/-0.151939).
Game Durations: N=80, mean=19.825 (+/-2.199545).
P1: N=40, mean=20.375 (+/-3.433473).
P2: N=40, mean=19.275 (+/-2.784201).

Agent 2 (SHUCT)
Winning score (between 0 and 1) : N=80, mean=0.6 (+/-0.108029).
P1: N=40, mean=0.625 (+/-0.151939).
P2: N=40, mean=0.575 (+/-0.155147).
Game Durations: N=80, mean=19.825 (+/-2.199545).
P1: N=40, mean=19.275 (+/-2.784201).
P2: N=40, mean=20.375 (+/-3.433473).
=====================================================
=====================================================
Completed 90 games.

Agent 1 (Example UCT)
Winning score (between 0 and 1) : N=90, mean=0.377778 (+/-0.100726).
P1: N=45, mean=0.377778 (+/-0.143256).
P2: N=45, mean=0.377778 (+/-0.143256).
Game Durations: N=90, mean=19.611111 (+/-2.000812).
P1: N=45, mean=20.2 (+/-3.113086).
P2: N=45, mean=19.022222 (+/-2.538327).

Agent 2 (SHUCT)
Winning score (between 0 and 1) : N=90, mean=0.622222 (+/-0.100726).
P1: N=45, mean=0.622222 (+/-0.143256).
P2: N=45, mean=0.622222 (+/-0.143256).
Game Durations: N=90, mean=19.611111 (+/-2.000812).
P1: N=45, mean=19.022222 (+/-2.538327).
P2: N=45, mean=20.2 (+/-3.113086).
=====================================================
=====================================================
Completed 100 games.

Agent 1 (Example UCT)
Winning score (between 0 and 1) : N=100, mean=0.36 (+/-0.094552).
P1: N=50, mean=0.36 (+/-0.134397).
P2: N=50, mean=0.36 (+/-0.134397).
Game Durations: N=100, mean=19.54 (+/-1.846696).
P1: N=50, mean=20 (+/-2.866901).
P2: N=50, mean=19.08 (+/-2.351179).

Agent 2 (SHUCT)
Winning score (between 0 and 1) : N=100, mean=0.64 (+/-0.094552).
P1: N=50, mean=0.64 (+/-0.134397).
P2: N=50, mean=0.64 (+/-0.134397).
Game Durations: N=100, mean=19.54 (+/-1.846696).
P1: N=50, mean=19.08 (+/-2.351179).
P2: N=50, mean=20 (+/-2.866901).
=====================================================
=====================================================
Completed 110 games.

Agent 1 (Example UCT)
Winning score (between 0 and 1) : N=110, mean=0.345455 (+/-0.089269).
P1: N=55, mean=0.345455 (+/-0.126828).
P2: N=55, mean=0.345455 (+/-0.126828).
Game Durations: N=110, mean=19.136364 (+/-1.739184).
P1: N=55, mean=19.436364 (+/-2.663656).
P2: N=55, mean=18.836364 (+/-2.259027).

Agent 2 (SHUCT)
Winning score (between 0 and 1) : N=110, mean=0.654545 (+/-0.089269).
P1: N=55, mean=0.654545 (+/-0.126828).
P2: N=55, mean=0.654545 (+/-0.126828).
Game Durations: N=110, mean=19.136364 (+/-1.739184).
P1: N=55, mean=18.836364 (+/-2.259027).
P2: N=55, mean=19.436364 (+/-2.663656).
=====================================================
=====================================================
Completed 120 games.

Agent 1 (Example UCT)
Winning score (between 0 and 1) : N=120, mean=0.358333 (+/-0.086153).
P1: N=60, mean=0.366667 (+/-0.122963).
P2: N=60, mean=0.35 (+/-0.121706).
Game Durations: N=120, mean=19.308333 (+/-1.634858).
P1: N=60, mean=19.233333 (+/-2.471006).
P2: N=60, mean=19.383333 (+/-2.162184).

Agent 2 (SHUCT)
Winning score (between 0 and 1) : N=120, mean=0.641667 (+/-0.086153).
P1: N=60, mean=0.65 (+/-0.121706).
P2: N=60, mean=0.633333 (+/-0.122963).
Game Durations: N=120, mean=19.308333 (+/-1.634858).
P1: N=60, mean=19.383333 (+/-2.162184).
P2: N=60, mean=19.233333 (+/-2.471006).
=====================================================
=====================================================
Completed 130 games.

Agent 1 (Example UCT)
Winning score (between 0 and 1) : N=130, mean=0.369231 (+/-0.083279).
P1: N=65, mean=0.4 (+/-0.120023).
P2: N=65, mean=0.338462 (+/-0.115928).
Game Durations: N=130, mean=19.115385 (+/-1.55052).
P1: N=65, mean=19.446154 (+/-2.310691).
P2: N=65, mean=18.784615 (+/-2.083064).

Agent 2 (SHUCT)
Winning score (between 0 and 1) : N=130, mean=0.630769 (+/-0.083279).
P1: N=65, mean=0.661538 (+/-0.115928).
P2: N=65, mean=0.6 (+/-0.120023).
Game Durations: N=130, mean=19.115385 (+/-1.55052).
P1: N=65, mean=18.784615 (+/-2.083064).
P2: N=65, mean=19.446154 (+/-2.310691).
=====================================================
=====================================================
Completed 140 games.

Agent 1 (Example UCT)
Winning score (between 0 and 1) : N=140, mean=0.371429 (+/-0.080326).
P1: N=70, mean=0.4 (+/-0.115592).
P2: N=70, mean=0.342857 (+/-0.111998).
Game Durations: N=140, mean=19.128571 (+/-1.473554).
P1: N=70, mean=19.6 (+/-2.215001).
P2: N=70, mean=18.657143 (+/-1.953817).

Agent 2 (SHUCT)
Winning score (between 0 and 1) : N=140, mean=0.628571 (+/-0.080326).
P1: N=70, mean=0.657143 (+/-0.111998).
P2: N=70, mean=0.6 (+/-0.115592).
Game Durations: N=140, mean=19.128571 (+/-1.473554).
P1: N=70, mean=18.657143 (+/-1.953817).
P2: N=70, mean=19.6 (+/-2.215001).
=====================================================
=====================================================
Completed 150 games.

Agent 1 (Example UCT)
Winning score (between 0 and 1) : N=150, mean=0.38 (+/-0.077937).
P1: N=75, mean=0.4 (+/-0.111619).
P2: N=75, mean=0.36 (+/-0.109364).
Game Durations: N=150, mean=19.293333 (+/-1.412197).
P1: N=75, mean=19.866667 (+/-2.118578).
P2: N=75, mean=18.72 (+/-1.873126).

Agent 2 (SHUCT)
Winning score (between 0 and 1) : N=150, mean=0.62 (+/-0.077937).
P1: N=75, mean=0.64 (+/-0.109364).
P2: N=75, mean=0.6 (+/-0.111619).
Game Durations: N=150, mean=19.293333 (+/-1.412197).
P1: N=75, mean=18.72 (+/-1.873126).
P2: N=75, mean=19.866667 (+/-2.118578).
=====================================================
