Warming up...
Finished warming up!
=====================================================
Completed 1 games.

Agent 1 (Example UCT)
Winning score (between 0 and 1) : N=1, mean=0 (+/-0).
P1: N=1, mean=0 (+/-0).
P2: N=0, mean=0 (+/-0).
Game Durations: N=1, mean=12 (+/-0).
P1: N=1, mean=12 (+/-0).
P2: N=0, mean=0 (+/-0).

Agent 2 (SHUCT)
Winning score (between 0 and 1) : N=1, mean=1 (+/-0).
P1: N=0, mean=0 (+/-0).
P2: N=1, mean=1 (+/-0).
Game Durations: N=1, mean=12 (+/-0).
P1: N=0, mean=0 (+/-0).
P2: N=1, mean=12 (+/-0).
=====================================================
=====================================================
Completed 2 games.

Agent 1 (Example UCT)
Winning score (between 0 and 1) : N=2, mean=0 (+/-0).
P1: N=1, mean=0 (+/-0).
P2: N=1, mean=0 (+/-0).
Game Durations: N=2, mean=14.5 (+/-4.8999).
P1: N=1, mean=12 (+/-0).
P2: N=1, mean=17 (+/-0).

Agent 2 (SHUCT)
Winning score (between 0 and 1) : N=2, mean=1 (+/-0).
P1: N=1, mean=1 (+/-0).
P2: N=1, mean=1 (+/-0).
Game Durations: N=2, mean=14.5 (+/-4.8999).
P1: N=1, mean=17 (+/-0).
P2: N=1, mean=12 (+/-0).
=====================================================
=====================================================
Completed 3 games.

Agent 1 (Example UCT)
Winning score (between 0 and 1) : N=3, mean=0.333333 (+/-0.65332).
P1: N=2, mean=0.5 (+/-0.97998).
P2: N=1, mean=0 (+/-0).
Game Durations: N=3, mean=22.666667 (+/-16.254413).
P1: N=2, mean=25.5 (+/-26.45946).
P2: N=1, mean=17 (+/-0).

Agent 2 (SHUCT)
Winning score (between 0 and 1) : N=3, mean=0.666667 (+/-0.65332).
P1: N=1, mean=1 (+/-0).
P2: N=2, mean=0.5 (+/-0.97998).
Game Durations: N=3, mean=22.666667 (+/-16.254413).
P1: N=1, mean=17 (+/-0).
P2: N=2, mean=25.5 (+/-26.45946).
=====================================================
=====================================================
Completed 4 games.

Agent 1 (Example UCT)
Winning score (between 0 and 1) : N=4, mean=0.5 (+/-0.565792).
P1: N=2, mean=0.5 (+/-0.97998).
P2: N=2, mean=0.5 (+/-0.97998).
Game Durations: N=4, mean=19 (+/-13.555406).
P1: N=2, mean=25.5 (+/-26.45946).
P2: N=2, mean=12.5 (+/-8.81982).

Agent 2 (SHUCT)
Winning score (between 0 and 1) : N=4, mean=0.5 (+/-0.565792).
P1: N=2, mean=0.5 (+/-0.97998).
P2: N=2, mean=0.5 (+/-0.97998).
Game Durations: N=4, mean=19 (+/-13.555406).
P1: N=2, mean=12.5 (+/-8.81982).
P2: N=2, mean=25.5 (+/-26.45946).
=====================================================
=====================================================
Completed 5 games.

Agent 1 (Example UCT)
Winning score (between 0 and 1) : N=5, mean=0.4 (+/-0.48009).
P1: N=3, mean=0.333333 (+/-0.65332).
P2: N=2, mean=0.5 (+/-0.97998).
Game Durations: N=5, mean=17.6 (+/-10.852587).
P1: N=3, mean=21 (+/-17.63964).
P2: N=2, mean=12.5 (+/-8.81982).

Agent 2 (SHUCT)
Winning score (between 0 and 1) : N=5, mean=0.6 (+/-0.48009).
P1: N=2, mean=0.5 (+/-0.97998).
P2: N=3, mean=0.666667 (+/-0.65332).
Game Durations: N=5, mean=17.6 (+/-10.852587).
P1: N=2, mean=12.5 (+/-8.81982).
P2: N=3, mean=21 (+/-17.63964).
=====================================================
=====================================================
Completed 10 games.

Agent 1 (Example UCT)
Winning score (between 0 and 1) : N=10, mean=0.5 (+/-0.32666).
P1: N=5, mean=0.4 (+/-0.48009).
P2: N=5, mean=0.6 (+/-0.48009).
Game Durations: N=10, mean=15.6 (+/-5.924716).
P1: N=5, mean=18.8 (+/-10.795804).
P2: N=5, mean=12.4 (+/-4.662893).

Agent 2 (SHUCT)
Winning score (between 0 and 1) : N=10, mean=0.5 (+/-0.32666).
P1: N=5, mean=0.4 (+/-0.48009).
P2: N=5, mean=0.6 (+/-0.48009).
Game Durations: N=10, mean=15.6 (+/-5.924716).
P1: N=5, mean=12.4 (+/-4.662893).
P2: N=5, mean=18.8 (+/-10.795804).
=====================================================
=====================================================
Completed 20 games.

Agent 1 (Example UCT)
Winning score (between 0 and 1) : N=20, mean=0.5 (+/-0.224823).
P1: N=10, mean=0.6 (+/-0.32006).
P2: N=10, mean=0.4 (+/-0.32006).
Game Durations: N=20, mean=18.1 (+/-5.547068).
P1: N=10, mean=16.4 (+/-6.07412).
P2: N=10, mean=19.8 (+/-9.516072).

Agent 2 (SHUCT)
Winning score (between 0 and 1) : N=20, mean=0.5 (+/-0.224823).
P1: N=10, mean=0.6 (+/-0.32006).
P2: N=10, mean=0.4 (+/-0.32006).
Game Durations: N=20, mean=18.1 (+/-5.547068).
P1: N=10, mean=19.8 (+/-9.516072).
P2: N=10, mean=16.4 (+/-6.07412).
=====================================================
=====================================================
Completed 30 games.

Agent 1 (Example UCT)
Winning score (between 0 and 1) : N=30, mean=0.433333 (+/-0.180353).
P1: N=15, mean=0.533333 (+/-0.261328).
P2: N=15, mean=0.333333 (+/-0.246932).
Game Durations: N=30, mean=18.533333 (+/-4.114181).
P1: N=15, mean=18.266667 (+/-5.394653).
P2: N=15, mean=18.8 (+/-6.401774).

Agent 2 (SHUCT)
Winning score (between 0 and 1) : N=30, mean=0.566667 (+/-0.180353).
P1: N=15, mean=0.666667 (+/-0.246932).
P2: N=15, mean=0.466667 (+/-0.261328).
Game Durations: N=30, mean=18.533333 (+/-4.114181).
P1: N=15, mean=18.8 (+/-6.401774).
P2: N=15, mean=18.266667 (+/-5.394653).
=====================================================
=====================================================
Completed 40 games.

Agent 1 (Example UCT)
Winning score (between 0 and 1) : N=40, mean=0.5 (+/-0.156922).
P1: N=20, mean=0.6 (+/-0.22028).
P2: N=20, mean=0.4 (+/-0.22028).
Game Durations: N=40, mean=18.95 (+/-3.7227).
P1: N=20, mean=18.9 (+/-5.002801).
P2: N=20, mean=19 (+/-5.644799).

Agent 2 (SHUCT)
Winning score (between 0 and 1) : N=40, mean=0.5 (+/-0.156922).
P1: N=20, mean=0.6 (+/-0.22028).
P2: N=20, mean=0.4 (+/-0.22028).
Game Durations: N=40, mean=18.95 (+/-3.7227).
P1: N=20, mean=19 (+/-5.644799).
P2: N=20, mean=18.9 (+/-5.002801).
=====================================================
=====================================================
Completed 50 games.

Agent 1 (Example UCT)
Winning score (between 0 and 1) : N=50, mean=0.46 (+/-0.139548).
P1: N=25, mean=0.56 (+/-0.198592).
P2: N=25, mean=0.36 (+/-0.192036).
Game Durations: N=50, mean=20 (+/-3.321917).
P1: N=25, mean=21.36 (+/-4.824687).
P2: N=25, mean=18.64 (+/-4.603306).

Agent 2 (SHUCT)
Winning score (between 0 and 1) : N=50, mean=0.54 (+/-0.139548).
P1: N=25, mean=0.64 (+/-0.192036).
P2: N=25, mean=0.44 (+/-0.198592).
Game Durations: N=50, mean=20 (+/-3.321917).
P1: N=25, mean=18.64 (+/-4.603306).
P2: N=25, mean=21.36 (+/-4.824687).
=====================================================
=====================================================
Completed 60 games.

Agent 1 (Example UCT)
Winning score (between 0 and 1) : N=60, mean=0.433333 (+/-0.126443).
P1: N=30, mean=0.5 (+/-0.181978).
P2: N=30, mean=0.366667 (+/-0.175388).
Game Durations: N=60, mean=19.2 (+/-2.844375).
P1: N=30, mean=20.5 (+/-4.113126).
P2: N=30, mean=17.9 (+/-3.943896).

Agent 2 (SHUCT)
Winning score (between 0 and 1) : N=60, mean=0.566667 (+/-0.126443).
P1: N=30, mean=0.633333 (+/-0.175388).
P2: N=30, mean=0.5 (+/-0.181978).
Game Durations: N=60, mean=19.2 (+/-2.844375).
P1: N=30, mean=17.9 (+/-3.943896).
P2: N=30, mean=20.5 (+/-4.113126).
=====================================================
=====================================================
Completed 70 games.

Agent 1 (Example UCT)
Winning score (between 0 and 1) : N=70, mean=0.414286 (+/-0.116229).
P1: N=35, mean=0.457143 (+/-0.167447).
P2: N=35, mean=0.371429 (+/-0.162414).
Game Durations: N=70, mean=19.171429 (+/-2.513891).
P1: N=35, mean=20.114286 (+/-3.667869).
P2: N=35, mean=18.228571 (+/-3.463551).

Agent 2 (SHUCT)
Winning score (between 0 and 1) : N=70, mean=0.585714 (+/-0.116229).
P1: N=35, mean=0.628571 (+/-0.162414).
P2: N=35, mean=0.542857 (+/-0.167447).
Game Durations: N=70, mean=19.171429 (+/-2.513891).
P1: N=35, mean=18.228571 (+/-3.463551).
P2: N=35, mean=20.114286 (+/-3.667869).
=====================================================
=====================================================
Completed 80 games.

Agent 1 (Example UCT)
Winning score (between 0 and 1) : N=80, mean=0.3625 (+/-0.106005).
P1: N=40, mean=0.4 (+/-0.153752).
P2: N=40, mean=0.325 (+/-0.146997).
Game Durations: N=80, mean=19.2875 (+/-2.388061).
P1: N=40, mean=19.3 (+/-3.305219).
P2: N=40, mean=19.275 (+/-3.489883).

Agent 2 (SHUCT)
Winning score (between 0 and 1) : N=80, mean=0.6375 (+/-0.106005).
P1: N=40, mean=0.675 (+/-0.146997).
P2: N=40, mean=0.6 (+/-0.153752).
Game Durations: N=80, mean=19.2875 (+/-2.388061).
P1: N=40, mean=19.275 (+/-3.489883).
P2: N=40, mean=19.3 (+/-3.305219).
=====================================================
=====================================================
Completed 90 games.

Agent 1 (Example UCT)
Winning score (between 0 and 1) : N=90, mean=0.355556 (+/-0.099449).
P1: N=45, mean=0.422222 (+/-0.145939).
P2: N=45, mean=0.288889 (+/-0.133923).
Game Durations: N=90, mean=19.677778 (+/-2.251871).
P1: N=45, mean=19.177778 (+/-2.962809).
P2: N=45, mean=20.177778 (+/-3.419401).

Agent 2 (SHUCT)
Winning score (between 0 and 1) : N=90, mean=0.644444 (+/-0.099449).
P1: N=45, mean=0.711111 (+/-0.133923).
P2: N=45, mean=0.577778 (+/-0.145939).
Game Durations: N=90, mean=19.677778 (+/-2.251871).
P1: N=45, mean=20.177778 (+/-3.419401).
P2: N=45, mean=19.177778 (+/-2.962809).
=====================================================
=====================================================
Completed 100 games.

Agent 1 (Example UCT)
Winning score (between 0 and 1) : N=100, mean=0.33 (+/-0.092624).
P1: N=50, mean=0.38 (+/-0.135905).
P2: N=50, mean=0.28 (+/-0.125717).
Game Durations: N=100, mean=19.53 (+/-2.067942).
P1: N=50, mean=19.22 (+/-2.748106).
P2: N=50, mean=19.84 (+/-3.116557).

Agent 2 (SHUCT)
Winning score (between 0 and 1) : N=100, mean=0.67 (+/-0.092624).
P1: N=50, mean=0.72 (+/-0.125717).
P2: N=50, mean=0.62 (+/-0.135905).
Game Durations: N=100, mean=19.53 (+/-2.067942).
P1: N=50, mean=19.84 (+/-3.116557).
P2: N=50, mean=19.22 (+/-2.748106).
=====================================================
=====================================================
Completed 110 games.

Agent 1 (Example UCT)
Winning score (between 0 and 1) : N=110, mean=0.345455 (+/-0.089269).
P1: N=55, mean=0.381818 (+/-0.12958).
P2: N=55, mean=0.309091 (+/-0.123255).
Game Durations: N=110, mean=19.645455 (+/-1.977469).
P1: N=55, mean=19.363636 (+/-2.592092).
P2: N=55, mean=19.927273 (+/-3.009338).

Agent 2 (SHUCT)
Winning score (between 0 and 1) : N=110, mean=0.654545 (+/-0.089269).
P1: N=55, mean=0.690909 (+/-0.123255).
P2: N=55, mean=0.618182 (+/-0.12958).
Game Durations: N=110, mean=19.645455 (+/-1.977469).
P1: N=55, mean=19.927273 (+/-3.009338).
P2: N=55, mean=19.363636 (+/-2.592092).
=====================================================
=====================================================
Completed 120 games.

Agent 1 (Example UCT)
Winning score (between 0 and 1) : N=120, mean=0.341667 (+/-0.085211).
P1: N=60, mean=0.383333 (+/-0.124061).
P2: N=60, mean=0.3 (+/-0.116931).
Game Durations: N=120, mean=19.625 (+/-1.881539).
P1: N=60, mean=19.05 (+/-2.47147).
P2: N=60, mean=20.2 (+/-2.851234).

Agent 2 (SHUCT)
Winning score (between 0 and 1) : N=120, mean=0.658333 (+/-0.085211).
P1: N=60, mean=0.7 (+/-0.116931).
P2: N=60, mean=0.616667 (+/-0.124061).
Game Durations: N=120, mean=19.625 (+/-1.881539).
P1: N=60, mean=20.2 (+/-2.851234).
P2: N=60, mean=19.05 (+/-2.47147).
=====================================================
=====================================================
Completed 130 games.

Agent 1 (Example UCT)
Winning score (between 0 and 1) : N=130, mean=0.346154 (+/-0.082097).
P1: N=65, mean=0.384615 (+/-0.119191).
P2: N=65, mean=0.307692 (+/-0.113075).
Game Durations: N=130, mean=19.461538 (+/-1.76919).
P1: N=65, mean=18.938462 (+/-2.303024).
P2: N=65, mean=19.984615 (+/-2.698367).

Agent 2 (SHUCT)
Winning score (between 0 and 1) : N=130, mean=0.653846 (+/-0.082097).
P1: N=65, mean=0.692308 (+/-0.113075).
P2: N=65, mean=0.615385 (+/-0.119191).
Game Durations: N=130, mean=19.461538 (+/-1.76919).
P1: N=65, mean=19.984615 (+/-2.698367).
P2: N=65, mean=18.938462 (+/-2.303024).
=====================================================
=====================================================
Completed 140 games.

Agent 1 (Example UCT)
Winning score (between 0 and 1) : N=140, mean=0.357143 (+/-0.079656).
P1: N=70, mean=0.371429 (+/-0.114009).
P2: N=70, mean=0.342857 (+/-0.111998).
Game Durations: N=140, mean=19.171429 (+/-1.681771).
P1: N=70, mean=18.485714 (+/-2.187667).
P2: N=70, mean=19.857143 (+/-2.560694).

Agent 2 (SHUCT)
Winning score (between 0 and 1) : N=140, mean=0.642857 (+/-0.079656).
P1: N=70, mean=0.657143 (+/-0.111998).
P2: N=70, mean=0.628571 (+/-0.114009).
Game Durations: N=140, mean=19.171429 (+/-1.681771).
P1: N=70, mean=19.857143 (+/-2.560694).
P2: N=70, mean=18.485714 (+/-2.187667).
=====================================================
=====================================================
Completed 150 games.

Agent 1 (Example UCT)
Winning score (between 0 and 1) : N=150, mean=0.353333 (+/-0.076751).
P1: N=75, mean=0.373333 (+/-0.110204).
P2: N=75, mean=0.333333 (+/-0.107405).
Game Durations: N=150, mean=18.906667 (+/-1.603235).
P1: N=75, mean=18.106667 (+/-2.084736).
P2: N=75, mean=19.706667 (+/-2.436873).

Agent 2 (SHUCT)
Winning score (between 0 and 1) : N=150, mean=0.646667 (+/-0.076751).
P1: N=75, mean=0.666667 (+/-0.107405).
P2: N=75, mean=0.626667 (+/-0.110204).
Game Durations: N=150, mean=18.906667 (+/-1.603235).
P1: N=75, mean=19.706667 (+/-2.436873).
P2: N=75, mean=18.106667 (+/-2.084736).
=====================================================
