Warming up...
Finished warming up!
=====================================================
Completed 1 games.

Agent 1 (Example UCT)
Winning score (between 0 and 1) : N=1, mean=0 (+/-0).
P1: N=1, mean=0 (+/-0).
P2: N=0, mean=0 (+/-0).
Game Durations: N=1, mean=12 (+/-0).
P1: N=1, mean=12 (+/-0).
P2: N=0, mean=0 (+/-0).

Agent 2 (SHUCT)
Winning score (between 0 and 1) : N=1, mean=1 (+/-0).
P1: N=0, mean=0 (+/-0).
P2: N=1, mean=1 (+/-0).
Game Durations: N=1, mean=12 (+/-0).
P1: N=0, mean=0 (+/-0).
P2: N=1, mean=12 (+/-0).
=====================================================
=====================================================
Completed 2 games.

Agent 1 (Example UCT)
Winning score (between 0 and 1) : N=2, mean=0.5 (+/-0.97998).
P1: N=1, mean=0 (+/-0).
P2: N=1, mean=1 (+/-0).
Game Durations: N=2, mean=17 (+/-9.7998).
P1: N=1, mean=12 (+/-0).
P2: N=1, mean=22 (+/-0).

Agent 2 (SHUCT)
Winning score (between 0 and 1) : N=2, mean=0.5 (+/-0.97998).
P1: N=1, mean=0 (+/-0).
P2: N=1, mean=1 (+/-0).
Game Durations: N=2, mean=17 (+/-9.7998).
P1: N=1, mean=22 (+/-0).
P2: N=1, mean=12 (+/-0).
=====================================================
=====================================================
Completed 3 games.

Agent 1 (Example UCT)
Winning score (between 0 and 1) : N=3, mean=0.333333 (+/-0.65332).
P1: N=2, mean=0 (+/-0).
P2: N=1, mean=1 (+/-0).
Game Durations: N=3, mean=18 (+/-5.987777).
P1: N=2, mean=16 (+/-7.83984).
P2: N=1, mean=22 (+/-0).

Agent 2 (SHUCT)
Winning score (between 0 and 1) : N=3, mean=0.666667 (+/-0.65332).
P1: N=1, mean=0 (+/-0).
P2: N=2, mean=1 (+/-0).
Game Durations: N=3, mean=18 (+/-5.987777).
P1: N=1, mean=22 (+/-0).
P2: N=2, mean=16 (+/-7.83984).
=====================================================
=====================================================
Completed 4 games.

Agent 1 (Example UCT)
Winning score (between 0 and 1) : N=4, mean=0.25 (+/-0.48999).
P1: N=2, mean=0 (+/-0).
P2: N=2, mean=0.5 (+/-0.97998).
Game Durations: N=4, mean=19.25 (+/-4.891727).
P1: N=2, mean=16 (+/-7.83984).
P2: N=2, mean=22.5 (+/-0.97998).

Agent 2 (SHUCT)
Winning score (between 0 and 1) : N=4, mean=0.75 (+/-0.48999).
P1: N=2, mean=0.5 (+/-0.97998).
P2: N=2, mean=1 (+/-0).
Game Durations: N=4, mean=19.25 (+/-4.891727).
P1: N=2, mean=22.5 (+/-0.97998).
P2: N=2, mean=16 (+/-7.83984).
=====================================================
=====================================================
Completed 5 games.

Agent 1 (Example UCT)
Winning score (between 0 and 1) : N=5, mean=0.2 (+/-0.391992).
P1: N=3, mean=0 (+/-0).
P2: N=2, mean=0.5 (+/-0.97998).
Game Durations: N=5, mean=17.4 (+/-5.244496).
P1: N=3, mean=14 (+/-5.987777).
P2: N=2, mean=22.5 (+/-0.97998).

Agent 2 (SHUCT)
Winning score (between 0 and 1) : N=5, mean=0.8 (+/-0.391992).
P1: N=2, mean=0.5 (+/-0.97998).
P2: N=3, mean=1 (+/-0).
Game Durations: N=5, mean=17.4 (+/-5.244496).
P1: N=2, mean=22.5 (+/-0.97998).
P2: N=3, mean=14 (+/-5.987777).
=====================================================
=====================================================
Completed 10 games.

Agent 1 (Example UCT)
Winning score (between 0 and 1) : N=10, mean=0.2 (+/-0.261328).
P1: N=5, mean=0.2 (+/-0.391992).
P2: N=5, mean=0.2 (+/-0.391992).
Game Durations: N=10, mean=16.9 (+/-4.318341).
P1: N=5, mean=17 (+/-7.641331).
P2: N=5, mean=16.8 (+/-5.050464).

Agent 2 (SHUCT)
Winning score (between 0 and 1) : N=10, mean=0.8 (+/-0.261328).
P1: N=5, mean=0.8 (+/-0.391992).
P2: N=5, mean=0.8 (+/-0.391992).
Game Durations: N=10, mean=16.9 (+/-4.318341).
P1: N=5, mean=16.8 (+/-5.050464).
P2: N=5, mean=17 (+/-7.641331).
=====================================================
=====================================================
Completed 20 games.

Agent 1 (Example UCT)
Winning score (between 0 and 1) : N=20, mean=0.25 (+/-0.194702).
P1: N=10, mean=0.3 (+/-0.299389).
P2: N=10, mean=0.2 (+/-0.261328).
Game Durations: N=20, mean=18.25 (+/-3.025935).
P1: N=10, mean=18.1 (+/-4.347892).
P2: N=10, mean=18.4 (+/-4.442576).

Agent 2 (SHUCT)
Winning score (between 0 and 1) : N=20, mean=0.75 (+/-0.194702).
P1: N=10, mean=0.8 (+/-0.261328).
P2: N=10, mean=0.7 (+/-0.299389).
Game Durations: N=20, mean=18.25 (+/-3.025935).
P1: N=10, mean=18.4 (+/-4.442576).
P2: N=10, mean=18.1 (+/-4.347892).
=====================================================
=====================================================
Completed 30 games.

Agent 1 (Example UCT)
Winning score (between 0 and 1) : N=30, mean=0.2 (+/-0.145582).
P1: N=15, mean=0.266667 (+/-0.231643).
P2: N=15, mean=0.133333 (+/-0.178065).
Game Durations: N=30, mean=18.5 (+/-3.066383).
P1: N=15, mean=18.8 (+/-5.400528).
P2: N=15, mean=18.2 (+/-3.120733).

Agent 2 (SHUCT)
Winning score (between 0 and 1) : N=30, mean=0.8 (+/-0.145582).
P1: N=15, mean=0.866667 (+/-0.178065).
P2: N=15, mean=0.733333 (+/-0.231643).
Game Durations: N=30, mean=18.5 (+/-3.066383).
P1: N=15, mean=18.2 (+/-3.120733).
P2: N=15, mean=18.8 (+/-5.400528).
=====================================================
=====================================================
Completed 40 games.

Agent 1 (Example UCT)
Winning score (between 0 and 1) : N=40, mean=0.2 (+/-0.125538).
P1: N=20, mean=0.25 (+/-0.194702).
P2: N=20, mean=0.15 (+/-0.160556).
Game Durations: N=40, mean=19.55 (+/-3.407023).
P1: N=20, mean=19.95 (+/-5.748566).
P2: N=20, mean=19.15 (+/-3.813449).

Agent 2 (SHUCT)
Winning score (between 0 and 1) : N=40, mean=0.8 (+/-0.125538).
P1: N=20, mean=0.85 (+/-0.160556).
P2: N=20, mean=0.75 (+/-0.194702).
Game Durations: N=40, mean=19.55 (+/-3.407023).
P1: N=20, mean=19.15 (+/-3.813449).
P2: N=20, mean=19.95 (+/-5.748566).
=====================================================
=====================================================
Completed 50 games.

Agent 1 (Example UCT)
Winning score (between 0 and 1) : N=50, mean=0.22 (+/-0.115987).
P1: N=25, mean=0.32 (+/-0.186626).
P2: N=25, mean=0.12 (+/-0.130009).
Game Durations: N=50, mean=19.52 (+/-3.018354).
P1: N=25, mean=18.72 (+/-4.797593).
P2: N=25, mean=20.32 (+/-3.738886).

Agent 2 (SHUCT)
Winning score (between 0 and 1) : N=50, mean=0.78 (+/-0.115987).
P1: N=25, mean=0.88 (+/-0.130009).
P2: N=25, mean=0.68 (+/-0.186626).
Game Durations: N=50, mean=19.52 (+/-3.018354).
P1: N=25, mean=20.32 (+/-3.738886).
P2: N=25, mean=18.72 (+/-4.797593).
=====================================================
=====================================================
Completed 60 games.

Agent 1 (Example UCT)
Winning score (between 0 and 1) : N=60, mean=0.25 (+/-0.11049).
P1: N=30, mean=0.333333 (+/-0.17157).
P2: N=30, mean=0.166667 (+/-0.135638).
Game Durations: N=60, mean=20.083333 (+/-2.849518).
P1: N=30, mean=17.933333 (+/-4.082074).
P2: N=30, mean=22.233333 (+/-3.892433).

Agent 2 (SHUCT)
Winning score (between 0 and 1) : N=60, mean=0.75 (+/-0.11049).
P1: N=30, mean=0.833333 (+/-0.135638).
P2: N=30, mean=0.666667 (+/-0.17157).
Game Durations: N=60, mean=20.083333 (+/-2.849518).
P1: N=30, mean=22.233333 (+/-3.892433).
P2: N=30, mean=17.933333 (+/-4.082074).
=====================================================
=====================================================
Completed 70 games.

Agent 1 (Example UCT)
Winning score (between 0 and 1) : N=70, mean=0.242857 (+/-0.101178).
P1: N=35, mean=0.285714 (+/-0.151848).
P2: N=35, mean=0.2 (+/-0.134452).
Game Durations: N=70, mean=19.971429 (+/-2.550326).
P1: N=35, mean=17.714286 (+/-3.623418).
P2: N=35, mean=22.228571 (+/-3.481214).

Agent 2 (SHUCT)
Winning score (between 0 and 1) : N=70, mean=0.757143 (+/-0.101178).
P1: N=35, mean=0.8 (+/-0.134452).
P2: N=35, mean=0.714286 (+/-0.151848).
Game Durations: N=70, mean=19.971429 (+/-2.550326).
P1: N=35, mean=22.228571 (+/-3.481214).
P2: N=35, mean=17.714286 (+/-3.623418).
=====================================================
=====================================================
Completed 80 games.

Agent 1 (Example UCT)
Winning score (between 0 and 1) : N=80, mean=0.2875 (+/-0.099803).
P1: N=40, mean=0.3 (+/-0.143822).
P2: N=40, mean=0.275 (+/-0.140136).
Game Durations: N=80, mean=20.2625 (+/-2.317416).
P1: N=40, mean=18.8 (+/-3.381086).
P2: N=40, mean=21.725 (+/-3.147057).

Agent 2 (SHUCT)
Winning score (between 0 and 1) : N=80, mean=0.7125 (+/-0.099803).
P1: N=40, mean=0.725 (+/-0.140136).
P2: N=40, mean=0.7 (+/-0.143822).
Game Durations: N=80, mean=20.2625 (+/-2.317416).
P1: N=40, mean=21.725 (+/-3.147057).
P2: N=40, mean=18.8 (+/-3.381086).
=====================================================
=====================================================
Completed 90 games.

Agent 1 (Example UCT)
Winning score (between 0 and 1) : N=90, mean=0.277778 (+/-0.093054).
P1: N=45, mean=0.311111 (+/-0.13679).
P2: N=45, mean=0.244444 (+/-0.126983).
Game Durations: N=90, mean=20 (+/-2.119602).
P1: N=45, mean=18.888889 (+/-3.043519).
P2: N=45, mean=21.111111 (+/-2.948982).

Agent 2 (SHUCT)
Winning score (between 0 and 1) : N=90, mean=0.722222 (+/-0.093054).
P1: N=45, mean=0.755556 (+/-0.126983).
P2: N=45, mean=0.688889 (+/-0.13679).
Game Durations: N=90, mean=20 (+/-2.119602).
P1: N=45, mean=21.111111 (+/-2.948982).
P2: N=45, mean=18.888889 (+/-3.043519).
=====================================================
=====================================================
Completed 100 games.

Agent 1 (Example UCT)
Winning score (between 0 and 1) : N=100, mean=0.29 (+/-0.089384).
P1: N=50, mean=0.36 (+/-0.134397).
P2: N=50, mean=0.22 (+/-0.115987).
Game Durations: N=100, mean=19.95 (+/-2.038826).
P1: N=50, mean=19.2 (+/-3.08604).
P2: N=50, mean=20.7 (+/-2.680497).

Agent 2 (SHUCT)
Winning score (between 0 and 1) : N=100, mean=0.71 (+/-0.089384).
P1: N=50, mean=0.78 (+/-0.115987).
P2: N=50, mean=0.64 (+/-0.134397).
Game Durations: N=100, mean=19.95 (+/-2.038826).
P1: N=50, mean=20.7 (+/-2.680497).
P2: N=50, mean=19.2 (+/-3.08604).
=====================================================
=====================================================
Completed 110 games.

Agent 1 (Example UCT)
Winning score (between 0 and 1) : N=110, mean=0.281818 (+/-0.084457).
P1: N=55, mean=0.345455 (+/-0.126828).
P2: N=55, mean=0.218182 (+/-0.110157).
Game Durations: N=110, mean=19.6 (+/-1.910492).
P1: N=55, mean=19.254545 (+/-2.881717).
P2: N=55, mean=19.945455 (+/-2.532555).

Agent 2 (SHUCT)
Winning score (between 0 and 1) : N=110, mean=0.718182 (+/-0.084457).
P1: N=55, mean=0.781818 (+/-0.110157).
P2: N=55, mean=0.654545 (+/-0.126828).
Game Durations: N=110, mean=19.6 (+/-1.910492).
P1: N=55, mean=19.945455 (+/-2.532555).
P2: N=55, mean=19.254545 (+/-2.881717).
=====================================================
=====================================================
Completed 120 games.

Agent 1 (Example UCT)
Winning score (between 0 and 1) : N=120, mean=0.275 (+/-0.080225).
P1: N=60, mean=0.316667 (+/-0.118697).
P2: N=60, mean=0.233333 (+/-0.107923).
Game Durations: N=120, mean=19.591667 (+/-1.826465).
P1: N=60, mean=18.916667 (+/-2.70294).
P2: N=60, mean=20.266667 (+/-2.46815).

Agent 2 (SHUCT)
Winning score (between 0 and 1) : N=120, mean=0.725 (+/-0.080225).
P1: N=60, mean=0.766667 (+/-0.107923).
P2: N=60, mean=0.683333 (+/-0.118697).
Game Durations: N=120, mean=19.591667 (+/-1.826465).
P1: N=60, mean=20.266667 (+/-2.46815).
P2: N=60, mean=18.916667 (+/-2.70294).
=====================================================
=====================================================
Completed 130 games.

Agent 1 (Example UCT)
Winning score (between 0 and 1) : N=130, mean=0.307692 (+/-0.079645).
P1: N=65, mean=0.323077 (+/-0.114572).
P2: N=65, mean=0.292308 (+/-0.111429).
Game Durations: N=130, mean=19.3 (+/-1.721083).
P1: N=65, mean=18.723077 (+/-2.549509).
P2: N=65, mean=19.876923 (+/-2.324031).

Agent 2 (SHUCT)
Winning score (between 0 and 1) : N=130, mean=0.692308 (+/-0.079645).
P1: N=65, mean=0.707692 (+/-0.111429).
P2: N=65, mean=0.676923 (+/-0.114572).
Game Durations: N=130, mean=19.3 (+/-1.721083).
P1: N=65, mean=19.876923 (+/-2.324031).
P2: N=65, mean=18.723077 (+/-2.549509).
=====================================================
=====================================================
Completed 140 games.

Agent 1 (Example UCT)
Winning score (between 0 and 1) : N=140, mean=0.328571 (+/-0.078083).
P1: N=70, mean=0.357143 (+/-0.113058).
P2: N=70, mean=0.3 (+/-0.108127).
Game Durations: N=140, mean=19.171429 (+/-1.616779).
P1: N=70, mean=18.7 (+/-2.394098).
P2: N=70, mean=19.642857 (+/-2.185227).

Agent 2 (SHUCT)
Winning score (between 0 and 1) : N=140, mean=0.671429 (+/-0.078083).
P1: N=70, mean=0.7 (+/-0.108127).
P2: N=70, mean=0.642857 (+/-0.113058).
Game Durations: N=140, mean=19.171429 (+/-1.616779).
P1: N=70, mean=19.642857 (+/-2.185227).
P2: N=70, mean=18.7 (+/-2.394098).
=====================================================
=====================================================
Completed 150 games.

Agent 1 (Example UCT)
Winning score (between 0 and 1) : N=150, mean=0.34 (+/-0.076062).
P1: N=75, mean=0.373333 (+/-0.110204).
P2: N=75, mean=0.306667 (+/-0.10506).
Game Durations: N=150, mean=19.24 (+/-1.541511).
P1: N=75, mean=18.853333 (+/-2.309993).
P2: N=75, mean=19.626667 (+/-2.053694).

Agent 2 (SHUCT)
Winning score (between 0 and 1) : N=150, mean=0.66 (+/-0.076062).
P1: N=75, mean=0.693333 (+/-0.10506).
P2: N=75, mean=0.626667 (+/-0.110204).
Game Durations: N=150, mean=19.24 (+/-1.541511).
P1: N=75, mean=19.626667 (+/-2.053694).
P2: N=75, mean=18.853333 (+/-2.309993).
=====================================================
