Warming up...
Finished warming up!
=====================================================
Completed 1 games.

Agent 1 (Example UCT)
Winning score (between 0 and 1) : N=1, mean=0 (+/-0).
P1: N=1, mean=0 (+/-0).
P2: N=0, mean=0 (+/-0).
Game Durations: N=1, mean=34 (+/-0).
P1: N=1, mean=34 (+/-0).
P2: N=0, mean=0 (+/-0).

Agent 2 (SHUCT)
Winning score (between 0 and 1) : N=1, mean=1 (+/-0).
P1: N=0, mean=0 (+/-0).
P2: N=1, mean=1 (+/-0).
Game Durations: N=1, mean=34 (+/-0).
P1: N=0, mean=0 (+/-0).
P2: N=1, mean=34 (+/-0).
=====================================================
=====================================================
Completed 2 games.

Agent 1 (Example UCT)
Winning score (between 0 and 1) : N=2, mean=0 (+/-0).
P1: N=1, mean=0 (+/-0).
P2: N=1, mean=0 (+/-0).
Game Durations: N=2, mean=28.5 (+/-10.77978).
P1: N=1, mean=34 (+/-0).
P2: N=1, mean=23 (+/-0).

Agent 2 (SHUCT)
Winning score (between 0 and 1) : N=2, mean=1 (+/-0).
P1: N=1, mean=1 (+/-0).
P2: N=1, mean=1 (+/-0).
Game Durations: N=2, mean=28.5 (+/-10.77978).
P1: N=1, mean=23 (+/-0).
P2: N=1, mean=34 (+/-0).
=====================================================
=====================================================
Completed 3 games.

Agent 1 (Example UCT)
Winning score (between 0 and 1) : N=3, mean=0 (+/-0).
P1: N=2, mean=0 (+/-0).
P2: N=1, mean=0 (+/-0).
Game Durations: N=3, mean=33 (+/-10.794618).
P1: N=2, mean=38 (+/-7.83984).
P2: N=1, mean=23 (+/-0).

Agent 2 (SHUCT)
Winning score (between 0 and 1) : N=3, mean=1 (+/-0).
P1: N=1, mean=1 (+/-0).
P2: N=2, mean=1 (+/-0).
Game Durations: N=3, mean=33 (+/-10.794618).
P1: N=1, mean=23 (+/-0).
P2: N=2, mean=38 (+/-7.83984).
=====================================================
=====================================================
Completed 4 games.

Agent 1 (Example UCT)
Winning score (between 0 and 1) : N=4, mean=0 (+/-0).
P1: N=2, mean=0 (+/-0).
P2: N=2, mean=0 (+/-0).
Game Durations: N=4, mean=26.5 (+/-14.851359).
P1: N=2, mean=38 (+/-7.83984).
P2: N=2, mean=15 (+/-15.67968).

Agent 2 (SHUCT)
Winning score (between 0 and 1) : N=4, mean=1 (+/-0).
P1: N=2, mean=1 (+/-0).
P2: N=2, mean=1 (+/-0).
Game Durations: N=4, mean=26.5 (+/-14.851359).
P1: N=2, mean=15 (+/-15.67968).
P2: N=2, mean=38 (+/-7.83984).
=====================================================
=====================================================
Completed 5 games.

Agent 1 (Example UCT)
Winning score (between 0 and 1) : N=5, mean=0.2 (+/-0.391992).
P1: N=3, mean=0.333333 (+/-0.65332).
P2: N=2, mean=0 (+/-0).
Game Durations: N=5, mean=23.4 (+/-13.009765).
P1: N=3, mean=29 (+/-18.211112).
P2: N=2, mean=15 (+/-15.67968).

Agent 2 (SHUCT)
Winning score (between 0 and 1) : N=5, mean=0.8 (+/-0.391992).
P1: N=2, mean=1 (+/-0).
P2: N=3, mean=0.666667 (+/-0.65332).
Game Durations: N=5, mean=23.4 (+/-13.009765).
P1: N=2, mean=15 (+/-15.67968).
P2: N=3, mean=29 (+/-18.211112).
=====================================================
=====================================================
Completed 10 games.

Agent 1 (Example UCT)
Winning score (between 0 and 1) : N=10, mean=0.2 (+/-0.261328).
P1: N=5, mean=0.2 (+/-0.391992).
P2: N=5, mean=0.2 (+/-0.391992).
Game Durations: N=10, mean=21.1 (+/-9.621565).
P1: N=5, mean=29 (+/-16.398202).
P2: N=5, mean=13.2 (+/-5.273713).

Agent 2 (SHUCT)
Winning score (between 0 and 1) : N=10, mean=0.8 (+/-0.261328).
P1: N=5, mean=0.8 (+/-0.391992).
P2: N=5, mean=0.8 (+/-0.391992).
Game Durations: N=10, mean=21.1 (+/-9.621565).
P1: N=5, mean=13.2 (+/-5.273713).
P2: N=5, mean=29 (+/-16.398202).
=====================================================
=====================================================
Completed 20 games.

Agent 1 (Example UCT)
Winning score (between 0 and 1) : N=20, mean=0.25 (+/-0.194702).
P1: N=10, mean=0.3 (+/-0.299389).
P2: N=10, mean=0.2 (+/-0.261328).
Game Durations: N=20, mean=22.95 (+/-6.893634).
P1: N=10, mean=24.7 (+/-8.972393).
P2: N=10, mean=21.2 (+/-10.841176).

Agent 2 (SHUCT)
Winning score (between 0 and 1) : N=20, mean=0.75 (+/-0.194702).
P1: N=10, mean=0.8 (+/-0.261328).
P2: N=10, mean=0.7 (+/-0.299389).
Game Durations: N=20, mean=22.95 (+/-6.893634).
P1: N=10, mean=21.2 (+/-10.841176).
P2: N=10, mean=24.7 (+/-8.972393).
=====================================================
=====================================================
Completed 30 games.

Agent 1 (Example UCT)
Winning score (between 0 and 1) : N=30, mean=0.3 (+/-0.166785).
P1: N=15, mean=0.333333 (+/-0.246932).
P2: N=15, mean=0.266667 (+/-0.231643).
Game Durations: N=30, mean=20.666667 (+/-4.835116).
P1: N=15, mean=21.933333 (+/-6.362411).
P2: N=15, mean=19.4 (+/-7.449322).

Agent 2 (SHUCT)
Winning score (between 0 and 1) : N=30, mean=0.7 (+/-0.166785).
P1: N=15, mean=0.733333 (+/-0.231643).
P2: N=15, mean=0.666667 (+/-0.246932).
Game Durations: N=30, mean=20.666667 (+/-4.835116).
P1: N=15, mean=19.4 (+/-7.449322).
P2: N=15, mean=21.933333 (+/-6.362411).
=====================================================
=====================================================
Completed 40 games.

Agent 1 (Example UCT)
Winning score (between 0 and 1) : N=40, mean=0.35 (+/-0.149694).
P1: N=20, mean=0.3 (+/-0.206054).
P2: N=20, mean=0.4 (+/-0.22028).
Game Durations: N=40, mean=19.35 (+/-3.78996).
P1: N=20, mean=20.1 (+/-5.132464).
P2: N=20, mean=18.6 (+/-5.691882).

Agent 2 (SHUCT)
Winning score (between 0 and 1) : N=40, mean=0.65 (+/-0.149694).
P1: N=20, mean=0.6 (+/-0.22028).
P2: N=20, mean=0.7 (+/-0.206054).
Game Durations: N=40, mean=19.35 (+/-3.78996).
P1: N=20, mean=18.6 (+/-5.691882).
P2: N=20, mean=20.1 (+/-5.132464).
=====================================================
=====================================================
Completed 50 games.

Agent 1 (Example UCT)
Winning score (between 0 and 1) : N=50, mean=0.32 (+/-0.130611).
P1: N=25, mean=0.28 (+/-0.179633).
P2: N=25, mean=0.36 (+/-0.192036).
Game Durations: N=50, mean=19.58 (+/-3.279205).
P1: N=25, mean=18.6 (+/-4.27463).
P2: N=25, mean=20.56 (+/-5.032786).

Agent 2 (SHUCT)
Winning score (between 0 and 1) : N=50, mean=0.68 (+/-0.130611).
P1: N=25, mean=0.64 (+/-0.192036).
P2: N=25, mean=0.72 (+/-0.179633).
Game Durations: N=50, mean=19.58 (+/-3.279205).
P1: N=25, mean=20.56 (+/-5.032786).
P2: N=25, mean=18.6 (+/-4.27463).
=====================================================
=====================================================
Completed 60 games.

Agent 1 (Example UCT)
Winning score (between 0 and 1) : N=60, mean=0.333333 (+/-0.120286).
P1: N=30, mean=0.3 (+/-0.166785).
P2: N=30, mean=0.366667 (+/-0.175388).
Game Durations: N=60, mean=22.5 (+/-3.846848).
P1: N=30, mean=20.833333 (+/-5.417994).
P2: N=30, mean=24.166667 (+/-5.488438).

Agent 2 (SHUCT)
Winning score (between 0 and 1) : N=60, mean=0.666667 (+/-0.120286).
P1: N=30, mean=0.633333 (+/-0.175388).
P2: N=30, mean=0.7 (+/-0.166785).
Game Durations: N=60, mean=22.5 (+/-3.846848).
P1: N=30, mean=24.166667 (+/-5.488438).
P2: N=30, mean=20.833333 (+/-5.417994).
=====================================================
=====================================================
Completed 70 games.

Agent 1 (Example UCT)
Winning score (between 0 and 1) : N=70, mean=0.4 (+/-0.115592).
P1: N=35, mean=0.4 (+/-0.16467).
P2: N=35, mean=0.4 (+/-0.16467).
Game Durations: N=70, mean=21.928571 (+/-3.360447).
P1: N=35, mean=20.914286 (+/-4.725247).
P2: N=35, mean=22.942857 (+/-4.82434).

Agent 2 (SHUCT)
Winning score (between 0 and 1) : N=70, mean=0.6 (+/-0.115592).
P1: N=35, mean=0.6 (+/-0.16467).
P2: N=35, mean=0.6 (+/-0.16467).
Game Durations: N=70, mean=21.928571 (+/-3.360447).
P1: N=35, mean=22.942857 (+/-4.82434).
P2: N=35, mean=20.914286 (+/-4.725247).
=====================================================
=====================================================
Completed 80 games.

Agent 1 (Example UCT)
Winning score (between 0 and 1) : N=80, mean=0.3875 (+/-0.107429).
P1: N=40, mean=0.375 (+/-0.151939).
P2: N=40, mean=0.4 (+/-0.153752).
Game Durations: N=80, mean=21.7875 (+/-3.053065).
P1: N=40, mean=21.275 (+/-4.326614).
P2: N=40, mean=22.3 (+/-4.357924).

Agent 2 (SHUCT)
Winning score (between 0 and 1) : N=80, mean=0.6125 (+/-0.107429).
P1: N=40, mean=0.6 (+/-0.153752).
P2: N=40, mean=0.625 (+/-0.151939).
Game Durations: N=80, mean=21.7875 (+/-3.053065).
P1: N=40, mean=22.3 (+/-4.357924).
P2: N=40, mean=21.275 (+/-4.326614).
=====================================================
=====================================================
Completed 90 games.

Agent 1 (Example UCT)
Winning score (between 0 and 1) : N=90, mean=0.388889 (+/-0.10128).
P1: N=45, mean=0.377778 (+/-0.143256).
P2: N=45, mean=0.4 (+/-0.144753).
Game Durations: N=90, mean=21.577778 (+/-2.727848).
P1: N=45, mean=20.955556 (+/-3.868082).
P2: N=45, mean=22.2 (+/-3.882422).

Agent 2 (SHUCT)
Winning score (between 0 and 1) : N=90, mean=0.611111 (+/-0.10128).
P1: N=45, mean=0.6 (+/-0.144753).
P2: N=45, mean=0.622222 (+/-0.143256).
Game Durations: N=90, mean=21.577778 (+/-2.727848).
P1: N=45, mean=22.2 (+/-3.882422).
P2: N=45, mean=20.955556 (+/-3.868082).
=====================================================
=====================================================
Completed 100 games.

Agent 1 (Example UCT)
Winning score (between 0 and 1) : N=100, mean=0.39 (+/-0.096079).
P1: N=50, mean=0.34 (+/-0.132636).
P2: N=50, mean=0.44 (+/-0.138986).
Game Durations: N=100, mean=20.93 (+/-2.499944).
P1: N=50, mean=20.3 (+/-3.526706).
P2: N=50, mean=21.56 (+/-3.571287).

Agent 2 (SHUCT)
Winning score (between 0 and 1) : N=100, mean=0.61 (+/-0.096079).
P1: N=50, mean=0.56 (+/-0.138986).
P2: N=50, mean=0.66 (+/-0.132636).
Game Durations: N=100, mean=20.93 (+/-2.499944).
P1: N=50, mean=21.56 (+/-3.571287).
P2: N=50, mean=20.3 (+/-3.526706).
=====================================================
=====================================================
Completed 110 games.

Agent 1 (Example UCT)
Winning score (between 0 and 1) : N=110, mean=0.390909 (+/-0.091604).
P1: N=55, mean=0.327273 (+/-0.125148).
P2: N=55, mean=0.454545 (+/-0.132806).
Game Durations: N=110, mean=20.509091 (+/-2.323024).
P1: N=55, mean=20.218182 (+/-3.276362).
P2: N=55, mean=20.8 (+/-3.322505).

Agent 2 (SHUCT)
Winning score (between 0 and 1) : N=110, mean=0.609091 (+/-0.091604).
P1: N=55, mean=0.545455 (+/-0.132806).
P2: N=55, mean=0.672727 (+/-0.125148).
Game Durations: N=110, mean=20.509091 (+/-2.323024).
P1: N=55, mean=20.8 (+/-3.322505).
P2: N=55, mean=20.218182 (+/-3.276362).
=====================================================
=====================================================
Completed 120 games.

Agent 1 (Example UCT)
Winning score (between 0 and 1) : N=120, mean=0.4 (+/-0.08802).
P1: N=60, mean=0.35 (+/-0.121706).
P2: N=60, mean=0.45 (+/-0.126943).
Game Durations: N=120, mean=20.216667 (+/-2.174689).
P1: N=60, mean=20.083333 (+/-3.046451).
P2: N=60, mean=20.35 (+/-3.129571).

Agent 2 (SHUCT)
Winning score (between 0 and 1) : N=120, mean=0.6 (+/-0.08802).
P1: N=60, mean=0.55 (+/-0.126943).
P2: N=60, mean=0.65 (+/-0.121706).
Game Durations: N=120, mean=20.216667 (+/-2.174689).
P1: N=60, mean=20.35 (+/-3.129571).
P2: N=60, mean=20.083333 (+/-3.046451).
=====================================================
=====================================================
Completed 130 games.

Agent 1 (Example UCT)
Winning score (between 0 and 1) : N=130, mean=0.4 (+/-0.084539).
P1: N=65, mean=0.353846 (+/-0.117147).
P2: N=65, mean=0.446154 (+/-0.121785).
Game Durations: N=130, mean=20.561538 (+/-2.181218).
P1: N=65, mean=20.476923 (+/-3.044893).
P2: N=65, mean=20.646154 (+/-3.147584).

Agent 2 (SHUCT)
Winning score (between 0 and 1) : N=130, mean=0.6 (+/-0.084539).
P1: N=65, mean=0.553846 (+/-0.121785).
P2: N=65, mean=0.646154 (+/-0.117147).
Game Durations: N=130, mean=20.561538 (+/-2.181218).
P1: N=65, mean=20.646154 (+/-3.147584).
P2: N=65, mean=20.476923 (+/-3.044893).
=====================================================
=====================================================
Completed 140 games.

Agent 1 (Example UCT)
Winning score (between 0 and 1) : N=140, mean=0.414286 (+/-0.08189).
P1: N=70, mean=0.371429 (+/-0.114009).
P2: N=70, mean=0.457143 (+/-0.117542).
Game Durations: N=140, mean=20.342857 (+/-2.046651).
P1: N=70, mean=20.114286 (+/-2.878924).
P2: N=70, mean=20.571429 (+/-2.929594).

Agent 2 (SHUCT)
Winning score (between 0 and 1) : N=140, mean=0.585714 (+/-0.08189).
P1: N=70, mean=0.542857 (+/-0.117542).
P2: N=70, mean=0.628571 (+/-0.114009).
Game Durations: N=140, mean=20.342857 (+/-2.046651).
P1: N=70, mean=20.571429 (+/-2.929594).
P2: N=70, mean=20.114286 (+/-2.878924).
=====================================================
=====================================================
Completed 150 games.

Agent 1 (Example UCT)
Winning score (between 0 and 1) : N=150, mean=0.406667 (+/-0.078872).
P1: N=75, mean=0.36 (+/-0.109364).
P2: N=75, mean=0.453333 (+/-0.113423).
Game Durations: N=150, mean=20.133333 (+/-1.946202).
P1: N=75, mean=19.826667 (+/-2.704147).
P2: N=75, mean=20.44 (+/-2.816205).

Agent 2 (SHUCT)
Winning score (between 0 and 1) : N=150, mean=0.593333 (+/-0.078872).
P1: N=75, mean=0.546667 (+/-0.113423).
P2: N=75, mean=0.64 (+/-0.109364).
Game Durations: N=150, mean=20.133333 (+/-1.946202).
P1: N=75, mean=20.44 (+/-2.816205).
P2: N=75, mean=19.826667 (+/-2.704147).
=====================================================
