Warming up...
Finished warming up!
=====================================================
Completed 1 games.

Agent 1 (Example UCT)
Winning score (between 0 and 1) : N=1, mean=0 (+/-0).
P1: N=1, mean=0 (+/-0).
P2: N=0, mean=0 (+/-0).
Game Durations: N=1, mean=22 (+/-0).
P1: N=1, mean=22 (+/-0).
P2: N=0, mean=0 (+/-0).

Agent 2 (SHUCT)
Winning score (between 0 and 1) : N=1, mean=1 (+/-0).
P1: N=0, mean=0 (+/-0).
P2: N=1, mean=1 (+/-0).
Game Durations: N=1, mean=22 (+/-0).
P1: N=0, mean=0 (+/-0).
P2: N=1, mean=22 (+/-0).
=====================================================
=====================================================
Completed 2 games.

Agent 1 (Example UCT)
Winning score (between 0 and 1) : N=2, mean=0.5 (+/-0.97998).
P1: N=1, mean=0 (+/-0).
P2: N=1, mean=1 (+/-0).
Game Durations: N=2, mean=21 (+/-1.95996).
P1: N=1, mean=22 (+/-0).
P2: N=1, mean=20 (+/-0).

Agent 2 (SHUCT)
Winning score (between 0 and 1) : N=2, mean=0.5 (+/-0.97998).
P1: N=1, mean=0 (+/-0).
P2: N=1, mean=1 (+/-0).
Game Durations: N=2, mean=21 (+/-1.95996).
P1: N=1, mean=20 (+/-0).
P2: N=1, mean=22 (+/-0).
=====================================================
=====================================================
Completed 3 games.

Agent 1 (Example UCT)
Winning score (between 0 and 1) : N=3, mean=0.333333 (+/-0.65332).
P1: N=2, mean=0 (+/-0).
P2: N=1, mean=1 (+/-0).
Game Durations: N=3, mean=23.333333 (+/-4.711158).
P1: N=2, mean=25 (+/-5.87988).
P2: N=1, mean=20 (+/-0).

Agent 2 (SHUCT)
Winning score (between 0 and 1) : N=3, mean=0.666667 (+/-0.65332).
P1: N=1, mean=0 (+/-0).
P2: N=2, mean=1 (+/-0).
Game Durations: N=3, mean=23.333333 (+/-4.711158).
P1: N=1, mean=20 (+/-0).
P2: N=2, mean=25 (+/-5.87988).
=====================================================
=====================================================
Completed 4 games.

Agent 1 (Example UCT)
Winning score (between 0 and 1) : N=4, mean=0.25 (+/-0.48999).
P1: N=2, mean=0 (+/-0).
P2: N=2, mean=0.5 (+/-0.97998).
Game Durations: N=4, mean=23.75 (+/-3.42993).
P1: N=2, mean=25 (+/-5.87988).
P2: N=2, mean=22.5 (+/-4.8999).

Agent 2 (SHUCT)
Winning score (between 0 and 1) : N=4, mean=0.75 (+/-0.48999).
P1: N=2, mean=0.5 (+/-0.97998).
P2: N=2, mean=1 (+/-0).
Game Durations: N=4, mean=23.75 (+/-3.42993).
P1: N=2, mean=22.5 (+/-4.8999).
P2: N=2, mean=25 (+/-5.87988).
=====================================================
=====================================================
Completed 5 games.

Agent 1 (Example UCT)
Winning score (between 0 and 1) : N=5, mean=0.2 (+/-0.391992).
P1: N=3, mean=0 (+/-0).
P2: N=2, mean=0.5 (+/-0.97998).
Game Durations: N=5, mean=21.8 (+/-4.654647).
P1: N=3, mean=21.333333 (+/-7.947981).
P2: N=2, mean=22.5 (+/-4.8999).

Agent 2 (SHUCT)
Winning score (between 0 and 1) : N=5, mean=0.8 (+/-0.391992).
P1: N=2, mean=0.5 (+/-0.97998).
P2: N=3, mean=1 (+/-0).
Game Durations: N=5, mean=21.8 (+/-4.654647).
P1: N=2, mean=22.5 (+/-4.8999).
P2: N=3, mean=21.333333 (+/-7.947981).
=====================================================
=====================================================
Completed 10 games.

Agent 1 (Example UCT)
Winning score (between 0 and 1) : N=10, mean=0.3 (+/-0.299389).
P1: N=5, mean=0 (+/-0).
P2: N=5, mean=0.6 (+/-0.48009).
Game Durations: N=10, mean=19.6 (+/-4.154622).
P1: N=5, mean=20.8 (+/-7.601007).
P2: N=5, mean=18.4 (+/-4.139183).

Agent 2 (SHUCT)
Winning score (between 0 and 1) : N=10, mean=0.7 (+/-0.299389).
P1: N=5, mean=0.4 (+/-0.48009).
P2: N=5, mean=1 (+/-0).
Game Durations: N=10, mean=19.6 (+/-4.154622).
P1: N=5, mean=18.4 (+/-4.139183).
P2: N=5, mean=20.8 (+/-7.601007).
=====================================================
=====================================================
Completed 20 games.

Agent 1 (Example UCT)
Winning score (between 0 and 1) : N=20, mean=0.35 (+/-0.214467).
P1: N=10, mean=0.3 (+/-0.299389).
P2: N=10, mean=0.4 (+/-0.32006).
Game Durations: N=20, mean=20.75 (+/-4.234495).
P1: N=10, mean=20.3 (+/-4.555004).
P2: N=10, mean=21.2 (+/-7.401859).

Agent 2 (SHUCT)
Winning score (between 0 and 1) : N=20, mean=0.65 (+/-0.214467).
P1: N=10, mean=0.6 (+/-0.32006).
P2: N=10, mean=0.7 (+/-0.299389).
Game Durations: N=20, mean=20.75 (+/-4.234495).
P1: N=10, mean=21.2 (+/-7.401859).
P2: N=10, mean=20.3 (+/-4.555004).
=====================================================
=====================================================
Completed 30 games.

Agent 1 (Example UCT)
Winning score (between 0 and 1) : N=30, mean=0.433333 (+/-0.180353).
P1: N=15, mean=0.466667 (+/-0.261328).
P2: N=15, mean=0.4 (+/-0.256619).
Game Durations: N=30, mean=24.4 (+/-5.310591).
P1: N=15, mean=25.666667 (+/-8.824831).
P2: N=15, mean=23.133333 (+/-6.170923).

Agent 2 (SHUCT)
Winning score (between 0 and 1) : N=30, mean=0.566667 (+/-0.180353).
P1: N=15, mean=0.6 (+/-0.256619).
P2: N=15, mean=0.533333 (+/-0.261328).
Game Durations: N=30, mean=24.4 (+/-5.310591).
P1: N=15, mean=23.133333 (+/-6.170923).
P2: N=15, mean=25.666667 (+/-8.824831).
=====================================================
=====================================================
Completed 40 games.

Agent 1 (Example UCT)
Winning score (between 0 and 1) : N=40, mean=0.45 (+/-0.156136).
P1: N=20, mean=0.45 (+/-0.223696).
P2: N=20, mean=0.45 (+/-0.223696).
Game Durations: N=40, mean=22.65 (+/-4.164538).
P1: N=20, mean=23.35 (+/-6.902134).
P2: N=20, mean=21.95 (+/-4.833377).

Agent 2 (SHUCT)
Winning score (between 0 and 1) : N=40, mean=0.55 (+/-0.156136).
P1: N=20, mean=0.55 (+/-0.223696).
P2: N=20, mean=0.55 (+/-0.223696).
Game Durations: N=40, mean=22.65 (+/-4.164538).
P1: N=20, mean=21.95 (+/-4.833377).
P2: N=20, mean=23.35 (+/-6.902134).
=====================================================
=====================================================
Completed 50 games.

Agent 1 (Example UCT)
Winning score (between 0 and 1) : N=50, mean=0.44 (+/-0.138986).
P1: N=25, mean=0.4 (+/-0.195996).
P2: N=25, mean=0.48 (+/-0.199877).
Game Durations: N=50, mean=24.5 (+/-4.504777).
P1: N=25, mean=23.6 (+/-6.132514).
P2: N=25, mean=25.4 (+/-6.707914).

Agent 2 (SHUCT)
Winning score (between 0 and 1) : N=50, mean=0.56 (+/-0.138986).
P1: N=25, mean=0.52 (+/-0.199877).
P2: N=25, mean=0.6 (+/-0.195996).
Game Durations: N=50, mean=24.5 (+/-4.504777).
P1: N=25, mean=25.4 (+/-6.707914).
P2: N=25, mean=23.6 (+/-6.132514).
=====================================================
=====================================================
Completed 60 games.

Agent 1 (Example UCT)
Winning score (between 0 and 1) : N=60, mean=0.5 (+/-0.127583).
P1: N=30, mean=0.433333 (+/-0.180353).
P2: N=30, mean=0.566667 (+/-0.180353).
Game Durations: N=60, mean=24.4 (+/-3.965115).
P1: N=30, mean=23.7 (+/-5.593677).
P2: N=30, mean=25.1 (+/-5.705594).

Agent 2 (SHUCT)
Winning score (between 0 and 1) : N=60, mean=0.5 (+/-0.127583).
P1: N=30, mean=0.433333 (+/-0.180353).
P2: N=30, mean=0.566667 (+/-0.180353).
Game Durations: N=60, mean=24.4 (+/-3.965115).
P1: N=30, mean=25.1 (+/-5.705594).
P2: N=30, mean=23.7 (+/-5.593677).
=====================================================
=====================================================
Completed 70 games.

Agent 1 (Example UCT)
Winning score (between 0 and 1) : N=70, mean=0.5 (+/-0.117976).
P1: N=35, mean=0.457143 (+/-0.167447).
P2: N=35, mean=0.542857 (+/-0.167447).
Game Durations: N=70, mean=24.771429 (+/-3.64863).
P1: N=35, mean=24.971429 (+/-5.296731).
P2: N=35, mean=24.571429 (+/-5.09595).

Agent 2 (SHUCT)
Winning score (between 0 and 1) : N=70, mean=0.5 (+/-0.117976).
P1: N=35, mean=0.457143 (+/-0.167447).
P2: N=35, mean=0.542857 (+/-0.167447).
Game Durations: N=70, mean=24.771429 (+/-3.64863).
P1: N=35, mean=24.571429 (+/-5.09595).
P2: N=35, mean=24.971429 (+/-5.296731).
=====================================================
=====================================================
Completed 80 games.

Agent 1 (Example UCT)
Winning score (between 0 and 1) : N=80, mean=0.5 (+/-0.110256).
P1: N=40, mean=0.475 (+/-0.156726).
P2: N=40, mean=0.525 (+/-0.156726).
Game Durations: N=80, mean=25.6 (+/-3.567709).
P1: N=40, mean=26.175 (+/-5.485953).
P2: N=40, mean=25.025 (+/-4.626676).

Agent 2 (SHUCT)
Winning score (between 0 and 1) : N=80, mean=0.5 (+/-0.110256).
P1: N=40, mean=0.475 (+/-0.156726).
P2: N=40, mean=0.525 (+/-0.156726).
Game Durations: N=80, mean=25.6 (+/-3.567709).
P1: N=40, mean=25.025 (+/-4.626676).
P2: N=40, mean=26.175 (+/-5.485953).
=====================================================
=====================================================
Completed 90 games.

Agent 1 (Example UCT)
Winning score (between 0 and 1) : N=90, mean=0.522222 (+/-0.103775).
P1: N=45, mean=0.488889 (+/-0.147701).
P2: N=45, mean=0.555556 (+/-0.146823).
Game Durations: N=90, mean=25.866667 (+/-3.34941).
P1: N=45, mean=25.466667 (+/-4.949186).
P2: N=45, mean=26.266667 (+/-4.567467).

Agent 2 (SHUCT)
Winning score (between 0 and 1) : N=90, mean=0.477778 (+/-0.103775).
P1: N=45, mean=0.444444 (+/-0.146823).
P2: N=45, mean=0.511111 (+/-0.147701).
Game Durations: N=90, mean=25.866667 (+/-3.34941).
P1: N=45, mean=26.266667 (+/-4.567467).
P2: N=45, mean=25.466667 (+/-4.949186).
=====================================================
=====================================================
Completed 100 games.

Agent 1 (Example UCT)
Winning score (between 0 and 1) : N=100, mean=0.5 (+/-0.098492).
P1: N=50, mean=0.46 (+/-0.139548).
P2: N=50, mean=0.54 (+/-0.139548).
Game Durations: N=100, mean=25.44 (+/-3.14302).
P1: N=50, mean=24.7 (+/-4.624994).
P2: N=50, mean=26.18 (+/-4.294309).

Agent 2 (SHUCT)
Winning score (between 0 and 1) : N=100, mean=0.5 (+/-0.098492).
P1: N=50, mean=0.46 (+/-0.139548).
P2: N=50, mean=0.54 (+/-0.139548).
Game Durations: N=100, mean=25.44 (+/-3.14302).
P1: N=50, mean=26.18 (+/-4.294309).
P2: N=50, mean=24.7 (+/-4.624994).
=====================================================
=====================================================
Completed 110 games.

Agent 1 (Example UCT)
Winning score (between 0 and 1) : N=110, mean=0.481818 (+/-0.093803).
P1: N=55, mean=0.454545 (+/-0.132806).
P2: N=55, mean=0.509091 (+/-0.133336).
Game Durations: N=110, mean=25.145455 (+/-2.950501).
P1: N=55, mean=24.6 (+/-4.352278).
P2: N=55, mean=25.690909 (+/-4.019901).

Agent 2 (SHUCT)
Winning score (between 0 and 1) : N=110, mean=0.518182 (+/-0.093803).
P1: N=55, mean=0.490909 (+/-0.133336).
P2: N=55, mean=0.545455 (+/-0.132806).
Game Durations: N=110, mean=25.145455 (+/-2.950501).
P1: N=55, mean=25.690909 (+/-4.019901).
P2: N=55, mean=24.6 (+/-4.352278).
=====================================================
=====================================================
Completed 120 games.

Agent 1 (Example UCT)
Winning score (between 0 and 1) : N=120, mean=0.483333 (+/-0.089785).
P1: N=60, mean=0.466667 (+/-0.127299).
P2: N=60, mean=0.5 (+/-0.127583).
Game Durations: N=120, mean=24.483333 (+/-2.740077).
P1: N=60, mean=24 (+/-4.033438).
P2: N=60, mean=24.966667 (+/-3.739994).

Agent 2 (SHUCT)
Winning score (between 0 and 1) : N=120, mean=0.516667 (+/-0.089785).
P1: N=60, mean=0.5 (+/-0.127583).
P2: N=60, mean=0.533333 (+/-0.127299).
Game Durations: N=120, mean=24.483333 (+/-2.740077).
P1: N=60, mean=24.966667 (+/-3.739994).
P2: N=60, mean=24 (+/-4.033438).
=====================================================
=====================================================
Completed 130 games.

Agent 1 (Example UCT)
Winning score (between 0 and 1) : N=130, mean=0.484615 (+/-0.086242).
P1: N=65, mean=0.476923 (+/-0.122367).
P2: N=65, mean=0.492308 (+/-0.122483).
Game Durations: N=130, mean=23.876923 (+/-2.571071).
P1: N=65, mean=23.523077 (+/-3.773023).
P2: N=65, mean=24.230769 (+/-3.521003).

Agent 2 (SHUCT)
Winning score (between 0 and 1) : N=130, mean=0.515385 (+/-0.086242).
P1: N=65, mean=0.507692 (+/-0.122483).
P2: N=65, mean=0.523077 (+/-0.122367).
Game Durations: N=130, mean=23.876923 (+/-2.571071).
P1: N=65, mean=24.230769 (+/-3.521003).
P2: N=65, mean=23.523077 (+/-3.773023).
=====================================================
=====================================================
Completed 140 games.

Agent 1 (Example UCT)
Winning score (between 0 and 1) : N=140, mean=0.471429 (+/-0.082985).
P1: N=70, mean=0.457143 (+/-0.117542).
P2: N=70, mean=0.485714 (+/-0.117928).
Game Durations: N=140, mean=24.014286 (+/-2.450503).
P1: N=70, mean=23.542857 (+/-3.616119).
P2: N=70, mean=24.485714 (+/-3.330593).

Agent 2 (SHUCT)
Winning score (between 0 and 1) : N=140, mean=0.528571 (+/-0.082985).
P1: N=70, mean=0.514286 (+/-0.117928).
P2: N=70, mean=0.542857 (+/-0.117542).
Game Durations: N=140, mean=24.014286 (+/-2.450503).
P1: N=70, mean=24.485714 (+/-3.330593).
P2: N=70, mean=23.542857 (+/-3.616119).
=====================================================
=====================================================
Completed 150 games.

Agent 1 (Example UCT)
Winning score (between 0 and 1) : N=150, mean=0.473333 (+/-0.080169).
P1: N=75, mean=0.48 (+/-0.113829).
P2: N=75, mean=0.466667 (+/-0.113667).
Game Durations: N=150, mean=23.92 (+/-2.332249).
P1: N=75, mean=23.573333 (+/-3.420784).
P2: N=75, mean=24.266667 (+/-3.192228).

Agent 2 (SHUCT)
Winning score (between 0 and 1) : N=150, mean=0.526667 (+/-0.080169).
P1: N=75, mean=0.533333 (+/-0.113667).
P2: N=75, mean=0.52 (+/-0.113829).
Game Durations: N=150, mean=23.92 (+/-2.332249).
P1: N=75, mean=24.266667 (+/-3.192228).
P2: N=75, mean=23.573333 (+/-3.420784).
=====================================================
