Warming up...
Finished warming up!
=====================================================
Completed 1 games.

Agent 1 (Example UCT)
Winning score (between 0 and 1) : N=1, mean=1 (+/-0).
P1: N=0, mean=0 (+/-0).
P2: N=1, mean=1 (+/-0).
Game Durations: N=1, mean=12 (+/-0).
P1: N=0, mean=0 (+/-0).
P2: N=1, mean=12 (+/-0).

Agent 2 (SHUCT)
Winning score (between 0 and 1) : N=1, mean=0 (+/-0).
P1: N=1, mean=0 (+/-0).
P2: N=0, mean=0 (+/-0).
Game Durations: N=1, mean=12 (+/-0).
P1: N=1, mean=12 (+/-0).
P2: N=0, mean=0 (+/-0).
=====================================================
=====================================================
Completed 2 games.

Agent 1 (Example UCT)
Winning score (between 0 and 1) : N=2, mean=1 (+/-0).
P1: N=1, mean=1 (+/-0).
P2: N=1, mean=1 (+/-0).
Game Durations: N=2, mean=16.5 (+/-8.81982).
P1: N=1, mean=21 (+/-0).
P2: N=1, mean=12 (+/-0).

Agent 2 (SHUCT)
Winning score (between 0 and 1) : N=2, mean=0 (+/-0).
P1: N=1, mean=0 (+/-0).
P2: N=1, mean=0 (+/-0).
Game Durations: N=2, mean=16.5 (+/-8.81982).
P1: N=1, mean=12 (+/-0).
P2: N=1, mean=21 (+/-0).
=====================================================
=====================================================
Completed 3 games.

Agent 1 (Example UCT)
Winning score (between 0 and 1) : N=3, mean=1 (+/-0).
P1: N=1, mean=1 (+/-0).
P2: N=2, mean=1 (+/-0).
Game Durations: N=3, mean=18.333333 (+/-6.232276).
P1: N=1, mean=21 (+/-0).
P2: N=2, mean=17 (+/-9.7998).

Agent 2 (SHUCT)
Winning score (between 0 and 1) : N=3, mean=0 (+/-0).
P1: N=2, mean=0 (+/-0).
P2: N=1, mean=0 (+/-0).
Game Durations: N=3, mean=18.333333 (+/-6.232276).
P1: N=2, mean=17 (+/-9.7998).
P2: N=1, mean=21 (+/-0).
=====================================================
=====================================================
Completed 4 games.

Agent 1 (Example UCT)
Winning score (between 0 and 1) : N=4, mean=1 (+/-0).
P1: N=2, mean=1 (+/-0).
P2: N=2, mean=1 (+/-0).
Game Durations: N=4, mean=22 (+/-8.430107).
P1: N=2, mean=27 (+/-11.75976).
P2: N=2, mean=17 (+/-9.7998).

Agent 2 (SHUCT)
Winning score (between 0 and 1) : N=4, mean=0 (+/-0).
P1: N=2, mean=0 (+/-0).
P2: N=2, mean=0 (+/-0).
Game Durations: N=4, mean=22 (+/-8.430107).
P1: N=2, mean=17 (+/-9.7998).
P2: N=2, mean=27 (+/-11.75976).
=====================================================
=====================================================
Completed 5 games.

Agent 1 (Example UCT)
Winning score (between 0 and 1) : N=5, mean=0.8 (+/-0.391992).
P1: N=2, mean=1 (+/-0).
P2: N=3, mean=0.666667 (+/-0.65332).
Game Durations: N=5, mean=20.6 (+/-7.083025).
P1: N=2, mean=27 (+/-11.75976).
P2: N=3, mean=16.333333 (+/-5.806835).

Agent 2 (SHUCT)
Winning score (between 0 and 1) : N=5, mean=0.2 (+/-0.391992).
P1: N=3, mean=0.333333 (+/-0.65332).
P2: N=2, mean=0 (+/-0).
Game Durations: N=5, mean=20.6 (+/-7.083025).
P1: N=3, mean=16.333333 (+/-5.806835).
P2: N=2, mean=27 (+/-11.75976).
=====================================================
=====================================================
Completed 10 games.

Agent 1 (Example UCT)
Winning score (between 0 and 1) : N=10, mean=0.9 (+/-0.195996).
P1: N=5, mean=1 (+/-0).
P2: N=5, mean=0.8 (+/-0.391992).
Game Durations: N=10, mean=20.6 (+/-4.102933).
P1: N=5, mean=23 (+/-6.789501).
P2: N=5, mean=18.2 (+/-4.311912).

Agent 2 (SHUCT)
Winning score (between 0 and 1) : N=10, mean=0.1 (+/-0.195996).
P1: N=5, mean=0.2 (+/-0.391992).
P2: N=5, mean=0 (+/-0).
Game Durations: N=10, mean=20.6 (+/-4.102933).
P1: N=5, mean=18.2 (+/-4.311912).
P2: N=5, mean=23 (+/-6.789501).
=====================================================
=====================================================
Completed 20 games.

Agent 1 (Example UCT)
Winning score (between 0 and 1) : N=20, mean=0.55 (+/-0.223696).
P1: N=10, mean=0.5 (+/-0.32666).
P2: N=10, mean=0.6 (+/-0.32006).
Game Durations: N=20, mean=19.05 (+/-3.041264).
P1: N=10, mean=19.1 (+/-4.435364).
P2: N=10, mean=19 (+/-4.402039).

Agent 2 (SHUCT)
Winning score (between 0 and 1) : N=20, mean=0.45 (+/-0.223696).
P1: N=10, mean=0.4 (+/-0.32006).
P2: N=10, mean=0.5 (+/-0.32666).
Game Durations: N=20, mean=19.05 (+/-3.041264).
P1: N=10, mean=19 (+/-4.402039).
P2: N=10, mean=19.1 (+/-4.435364).
=====================================================
=====================================================
Completed 30 games.

Agent 1 (Example UCT)
Winning score (between 0 and 1) : N=30, mean=0.533333 (+/-0.181573).
P1: N=15, mean=0.466667 (+/-0.261328).
P2: N=15, mean=0.6 (+/-0.256619).
Game Durations: N=30, mean=19.5 (+/-2.550719).
P1: N=15, mean=20.733333 (+/-3.91743).
P2: N=15, mean=18.266667 (+/-3.282242).

Agent 2 (SHUCT)
Winning score (between 0 and 1) : N=30, mean=0.466667 (+/-0.181573).
P1: N=15, mean=0.4 (+/-0.256619).
P2: N=15, mean=0.533333 (+/-0.261328).
Game Durations: N=30, mean=19.5 (+/-2.550719).
P1: N=15, mean=18.266667 (+/-3.282242).
P2: N=15, mean=20.733333 (+/-3.91743).
=====================================================
=====================================================
Completed 40 games.

Agent 1 (Example UCT)
Winning score (between 0 and 1) : N=40, mean=0.575 (+/-0.155147).
P1: N=20, mean=0.5 (+/-0.224823).
P2: N=20, mean=0.65 (+/-0.214467).
Game Durations: N=40, mean=19.725 (+/-2.358004).
P1: N=20, mean=21.1 (+/-3.491347).
P2: N=20, mean=18.35 (+/-3.141974).

Agent 2 (SHUCT)
Winning score (between 0 and 1) : N=40, mean=0.425 (+/-0.155147).
P1: N=20, mean=0.35 (+/-0.214467).
P2: N=20, mean=0.5 (+/-0.224823).
Game Durations: N=40, mean=19.725 (+/-2.358004).
P1: N=20, mean=18.35 (+/-3.141974).
P2: N=20, mean=21.1 (+/-3.491347).
=====================================================
=====================================================
Completed 50 games.

Agent 1 (Example UCT)
Winning score (between 0 and 1) : N=50, mean=0.56 (+/-0.138986).
P1: N=25, mean=0.44 (+/-0.198592).
P2: N=25, mean=0.68 (+/-0.186626).
Game Durations: N=50, mean=19.9 (+/-2.078191).
P1: N=25, mean=19.96 (+/-3.118493).
P2: N=25, mean=19.84 (+/-2.812343).

Agent 2 (SHUCT)
Winning score (between 0 and 1) : N=50, mean=0.44 (+/-0.138986).
P1: N=25, mean=0.32 (+/-0.186626).
P2: N=25, mean=0.56 (+/-0.198592).
Game Durations: N=50, mean=19.9 (+/-2.078191).
P1: N=25, mean=19.84 (+/-2.812343).
P2: N=25, mean=19.96 (+/-3.118493).
=====================================================
=====================================================
Completed 60 games.

Agent 1 (Example UCT)
Winning score (between 0 and 1) : N=60, mean=0.516667 (+/-0.127512).
P1: N=30, mean=0.4 (+/-0.178301).
P2: N=30, mean=0.633333 (+/-0.175388).
Game Durations: N=60, mean=20.016667 (+/-2.100786).
P1: N=30, mean=21.133333 (+/-3.336677).
P2: N=30, mean=18.9 (+/-2.548295).

Agent 2 (SHUCT)
Winning score (between 0 and 1) : N=60, mean=0.483333 (+/-0.127512).
P1: N=30, mean=0.366667 (+/-0.175388).
P2: N=30, mean=0.6 (+/-0.178301).
Game Durations: N=60, mean=20.016667 (+/-2.100786).
P1: N=30, mean=18.9 (+/-2.548295).
P2: N=30, mean=21.133333 (+/-3.336677).
=====================================================
=====================================================
Completed 70 games.

Agent 1 (Example UCT)
Winning score (between 0 and 1) : N=70, mean=0.457143 (+/-0.117542).
P1: N=35, mean=0.342857 (+/-0.159549).
P2: N=35, mean=0.571429 (+/-0.166341).
Game Durations: N=70, mean=19.528571 (+/-1.97722).
P1: N=35, mean=20.742857 (+/-3.192195).
P2: N=35, mean=18.314286 (+/-2.311766).

Agent 2 (SHUCT)
Winning score (between 0 and 1) : N=70, mean=0.542857 (+/-0.117542).
P1: N=35, mean=0.428571 (+/-0.166341).
P2: N=35, mean=0.657143 (+/-0.159549).
Game Durations: N=70, mean=19.528571 (+/-1.97722).
P1: N=35, mean=18.314286 (+/-2.311766).
P2: N=35, mean=20.742857 (+/-3.192195).
=====================================================
=====================================================
Completed 80 games.

Agent 1 (Example UCT)
Winning score (between 0 and 1) : N=80, mean=0.4625 (+/-0.109946).
P1: N=40, mean=0.375 (+/-0.151939).
P2: N=40, mean=0.55 (+/-0.156136).
Game Durations: N=80, mean=20.6625 (+/-2.027921).
P1: N=40, mean=21.625 (+/-2.994454).
P2: N=40, mean=19.7 (+/-2.740711).

Agent 2 (SHUCT)
Winning score (between 0 and 1) : N=80, mean=0.5375 (+/-0.109946).
P1: N=40, mean=0.45 (+/-0.156136).
P2: N=40, mean=0.625 (+/-0.151939).
Game Durations: N=80, mean=20.6625 (+/-2.027921).
P1: N=40, mean=19.7 (+/-2.740711).
P2: N=40, mean=21.625 (+/-2.994454).
=====================================================
=====================================================
Completed 90 games.

Agent 1 (Example UCT)
Winning score (between 0 and 1) : N=90, mean=0.466667 (+/-0.103647).
P1: N=45, mean=0.377778 (+/-0.143256).
P2: N=45, mean=0.555556 (+/-0.146823).
Game Durations: N=90, mean=20.1 (+/-1.850993).
P1: N=45, mean=20.822222 (+/-2.761486).
P2: N=45, mean=19.377778 (+/-2.478619).

Agent 2 (SHUCT)
Winning score (between 0 and 1) : N=90, mean=0.533333 (+/-0.103647).
P1: N=45, mean=0.444444 (+/-0.146823).
P2: N=45, mean=0.622222 (+/-0.143256).
Game Durations: N=90, mean=20.1 (+/-1.850993).
P1: N=45, mean=19.377778 (+/-2.478619).
P2: N=45, mean=20.822222 (+/-2.761486).
=====================================================
=====================================================
Completed 100 games.

Agent 1 (Example UCT)
Winning score (between 0 and 1) : N=100, mean=0.45 (+/-0.097998).
P1: N=50, mean=0.38 (+/-0.135905).
P2: N=50, mean=0.52 (+/-0.139885).
Game Durations: N=100, mean=19.69 (+/-1.729576).
P1: N=50, mean=20.02 (+/-2.59746).
P2: N=50, mean=19.36 (+/-2.30737).

Agent 2 (SHUCT)
Winning score (between 0 and 1) : N=100, mean=0.55 (+/-0.097998).
P1: N=50, mean=0.48 (+/-0.139885).
P2: N=50, mean=0.62 (+/-0.135905).
Game Durations: N=100, mean=19.69 (+/-1.729576).
P1: N=50, mean=19.36 (+/-2.30737).
P2: N=50, mean=20.02 (+/-2.59746).
=====================================================
=====================================================
Completed 110 games.

Agent 1 (Example UCT)
Winning score (between 0 and 1) : N=110, mean=0.436364 (+/-0.093102).
P1: N=55, mean=0.363636 (+/-0.128303).
P2: N=55, mean=0.509091 (+/-0.133336).
Game Durations: N=110, mean=19.718182 (+/-1.667455).
P1: N=55, mean=19.418182 (+/-2.422544).
P2: N=55, mean=20.018182 (+/-2.311509).

Agent 2 (SHUCT)
Winning score (between 0 and 1) : N=110, mean=0.563636 (+/-0.093102).
P1: N=55, mean=0.490909 (+/-0.133336).
P2: N=55, mean=0.636364 (+/-0.128303).
Game Durations: N=110, mean=19.718182 (+/-1.667455).
P1: N=55, mean=20.018182 (+/-2.311509).
P2: N=55, mean=19.418182 (+/-2.422544).
=====================================================
=====================================================
Completed 120 games.

Agent 1 (Example UCT)
Winning score (between 0 and 1) : N=120, mean=0.45 (+/-0.089384).
P1: N=60, mean=0.4 (+/-0.125005).
P2: N=60, mean=0.5 (+/-0.127583).
Game Durations: N=120, mean=19.866667 (+/-1.586784).
P1: N=60, mean=19.4 (+/-2.277125).
P2: N=60, mean=20.333333 (+/-2.223339).

Agent 2 (SHUCT)
Winning score (between 0 and 1) : N=120, mean=0.55 (+/-0.089384).
P1: N=60, mean=0.5 (+/-0.127583).
P2: N=60, mean=0.6 (+/-0.125005).
Game Durations: N=120, mean=19.866667 (+/-1.586784).
P1: N=60, mean=20.333333 (+/-2.223339).
P2: N=60, mean=19.4 (+/-2.277125).
=====================================================
=====================================================
Completed 130 games.

Agent 1 (Example UCT)
Winning score (between 0 and 1) : N=130, mean=0.446154 (+/-0.085781).
P1: N=65, mean=0.4 (+/-0.120023).
P2: N=65, mean=0.492308 (+/-0.122483).
Game Durations: N=130, mean=19.961538 (+/-1.534746).
P1: N=65, mean=19.323077 (+/-2.110639).
P2: N=65, mean=20.6 (+/-2.234202).

Agent 2 (SHUCT)
Winning score (between 0 and 1) : N=130, mean=0.553846 (+/-0.085781).
P1: N=65, mean=0.507692 (+/-0.122483).
P2: N=65, mean=0.6 (+/-0.120023).
Game Durations: N=130, mean=19.961538 (+/-1.534746).
P1: N=65, mean=20.6 (+/-2.234202).
P2: N=65, mean=19.323077 (+/-2.110639).
=====================================================
=====================================================
Completed 140 games.

Agent 1 (Example UCT)
Winning score (between 0 and 1) : N=140, mean=0.435714 (+/-0.082431).
P1: N=70, mean=0.371429 (+/-0.114009).
P2: N=70, mean=0.5 (+/-0.117976).
Game Durations: N=140, mean=19.921429 (+/-1.458232).
P1: N=70, mean=19.028571 (+/-1.98695).
P2: N=70, mean=20.814286 (+/-2.128536).

Agent 2 (SHUCT)
Winning score (between 0 and 1) : N=140, mean=0.564286 (+/-0.082431).
P1: N=70, mean=0.5 (+/-0.117976).
P2: N=70, mean=0.628571 (+/-0.114009).
Game Durations: N=140, mean=19.921429 (+/-1.458232).
P1: N=70, mean=20.814286 (+/-2.128536).
P2: N=70, mean=19.028571 (+/-1.98695).
=====================================================
=====================================================
Completed 150 games.

Agent 1 (Example UCT)
Winning score (between 0 and 1) : N=150, mean=0.433333 (+/-0.079566).
P1: N=75, mean=0.373333 (+/-0.110204).
P2: N=75, mean=0.493333 (+/-0.11391).
Game Durations: N=150, mean=19.973333 (+/-1.389548).
P1: N=75, mean=19.226667 (+/-1.918765).
P2: N=75, mean=20.72 (+/-2.008985).

Agent 2 (SHUCT)
Winning score (between 0 and 1) : N=150, mean=0.566667 (+/-0.079566).
P1: N=75, mean=0.506667 (+/-0.11391).
P2: N=75, mean=0.626667 (+/-0.110204).
Game Durations: N=150, mean=19.973333 (+/-1.389548).
P1: N=75, mean=20.72 (+/-2.008985).
P2: N=75, mean=19.226667 (+/-1.918765).
=====================================================
