Warming up...
Finished warming up!
=====================================================
Completed 1 games.

Agent 1 (SHUCTAnyTime)
Winning score (between 0 and 1) : N=1, mean=1 (+/-0).
P1: N=1, mean=1 (+/-0).
P2: N=0, mean=0 (+/-0).
Game Durations: N=1, mean=166 (+/-0).
P1: N=1, mean=166 (+/-0).
P2: N=0, mean=0 (+/-0).

Agent 2 (SHUCT)
Winning score (between 0 and 1) : N=1, mean=0 (+/-0).
P1: N=0, mean=0 (+/-0).
P2: N=1, mean=0 (+/-0).
Game Durations: N=1, mean=166 (+/-0).
P1: N=0, mean=0 (+/-0).
P2: N=1, mean=166 (+/-0).
=====================================================
=====================================================
Completed 2 games.

Agent 1 (SHUCTAnyTime)
Winning score (between 0 and 1) : N=2, mean=0.5 (+/-0.97998).
P1: N=1, mean=1 (+/-0).
P2: N=1, mean=0 (+/-0).
Game Durations: N=2, mean=160 (+/-11.75976).
P1: N=1, mean=166 (+/-0).
P2: N=1, mean=154 (+/-0).

Agent 2 (SHUCT)
Winning score (between 0 and 1) : N=2, mean=0.5 (+/-0.97998).
P1: N=1, mean=1 (+/-0).
P2: N=1, mean=0 (+/-0).
Game Durations: N=2, mean=160 (+/-11.75976).
P1: N=1, mean=154 (+/-0).
P2: N=1, mean=166 (+/-0).
=====================================================
=====================================================
Completed 3 games.

Agent 1 (SHUCTAnyTime)
Winning score (between 0 and 1) : N=3, mean=0.333333 (+/-0.65332).
P1: N=2, mean=0.5 (+/-0.97998).
P2: N=1, mean=0 (+/-0).
Game Durations: N=3, mean=162.666667 (+/-8.568211).
P1: N=2, mean=167 (+/-1.95996).
P2: N=1, mean=154 (+/-0).

Agent 2 (SHUCT)
Winning score (between 0 and 1) : N=3, mean=0.666667 (+/-0.65332).
P1: N=1, mean=1 (+/-0).
P2: N=2, mean=0.5 (+/-0.97998).
Game Durations: N=3, mean=162.666667 (+/-8.568211).
P1: N=1, mean=154 (+/-0).
P2: N=2, mean=167 (+/-1.95996).
=====================================================
=====================================================
Completed 4 games.

Agent 1 (SHUCTAnyTime)
Winning score (between 0 and 1) : N=4, mean=0.25 (+/-0.48999).
P1: N=2, mean=0.5 (+/-0.97998).
P2: N=2, mean=0 (+/-0).
Game Durations: N=4, mean=161.5 (+/-6.475782).
P1: N=2, mean=167 (+/-1.95996).
P2: N=2, mean=156 (+/-3.91992).

Agent 2 (SHUCT)
Winning score (between 0 and 1) : N=4, mean=0.75 (+/-0.48999).
P1: N=2, mean=1 (+/-0).
P2: N=2, mean=0.5 (+/-0.97998).
Game Durations: N=4, mean=161.5 (+/-6.475782).
P1: N=2, mean=156 (+/-3.91992).
P2: N=2, mean=167 (+/-1.95996).
=====================================================
=====================================================
Completed 5 games.

Agent 1 (SHUCTAnyTime)
Winning score (between 0 and 1) : N=5, mean=0.2 (+/-0.391992).
P1: N=3, mean=0.333333 (+/-0.65332).
P2: N=2, mean=0 (+/-0).
Game Durations: N=5, mean=161.2 (+/-5.050464).
P1: N=3, mean=164.666667 (+/-4.711158).
P2: N=2, mean=156 (+/-3.91992).

Agent 2 (SHUCT)
Winning score (between 0 and 1) : N=5, mean=0.8 (+/-0.391992).
P1: N=2, mean=1 (+/-0).
P2: N=3, mean=0.666667 (+/-0.65332).
Game Durations: N=5, mean=161.2 (+/-5.050464).
P1: N=2, mean=156 (+/-3.91992).
P2: N=3, mean=164.666667 (+/-4.711158).
=====================================================
=====================================================
Completed 10 games.

Agent 1 (SHUCTAnyTime)
Winning score (between 0 and 1) : N=10, mean=0.2 (+/-0.261328).
P1: N=5, mean=0.4 (+/-0.48009).
P2: N=5, mean=0 (+/-0).
Game Durations: N=10, mean=155.8 (+/-12.193829).
P1: N=5, mean=162.4 (+/-12.358632).
P2: N=5, mean=149.2 (+/-20.801446).

Agent 2 (SHUCT)
Winning score (between 0 and 1) : N=10, mean=0.8 (+/-0.261328).
P1: N=5, mean=1 (+/-0).
P2: N=5, mean=0.6 (+/-0.48009).
Game Durations: N=10, mean=155.8 (+/-12.193829).
P1: N=5, mean=149.2 (+/-20.801446).
P2: N=5, mean=162.4 (+/-12.358632).
=====================================================
=====================================================
Completed 20 games.

Agent 1 (SHUCTAnyTime)
Winning score (between 0 and 1) : N=20, mean=0.35 (+/-0.214467).
P1: N=10, mean=0.5 (+/-0.32666).
P2: N=10, mean=0.2 (+/-0.261328).
Game Durations: N=20, mean=153.9 (+/-6.892791).
P1: N=10, mean=155.8 (+/-7.67366).
P2: N=10, mean=152 (+/-11.774269).

Agent 2 (SHUCT)
Winning score (between 0 and 1) : N=20, mean=0.65 (+/-0.214467).
P1: N=10, mean=0.8 (+/-0.261328).
P2: N=10, mean=0.5 (+/-0.32666).
Game Durations: N=20, mean=153.9 (+/-6.892791).
P1: N=10, mean=152 (+/-11.774269).
P2: N=10, mean=155.8 (+/-7.67366).
=====================================================
=====================================================
Completed 30 games.

Agent 1 (SHUCTAnyTime)
Winning score (between 0 and 1) : N=30, mean=0.466667 (+/-0.181573).
P1: N=15, mean=0.533333 (+/-0.261328).
P2: N=15, mean=0.4 (+/-0.256619).
Game Durations: N=30, mean=153.4 (+/-5.259628).
P1: N=15, mean=155.466667 (+/-5.265613).
P2: N=15, mean=151.333333 (+/-9.194354).

Agent 2 (SHUCT)
Winning score (between 0 and 1) : N=30, mean=0.533333 (+/-0.181573).
P1: N=15, mean=0.6 (+/-0.256619).
P2: N=15, mean=0.466667 (+/-0.261328).
Game Durations: N=30, mean=153.4 (+/-5.259628).
P1: N=15, mean=151.333333 (+/-9.194354).
P2: N=15, mean=155.466667 (+/-5.265613).
=====================================================
=====================================================
Completed 40 games.

Agent 1 (SHUCTAnyTime)
Winning score (between 0 and 1) : N=40, mean=0.5 (+/-0.156922).
P1: N=20, mean=0.6 (+/-0.22028).
P2: N=20, mean=0.4 (+/-0.22028).
Game Durations: N=40, mean=152.6 (+/-4.680814).
P1: N=20, mean=157 (+/-5.301244).
P2: N=20, mean=148.2 (+/-7.349472).

Agent 2 (SHUCT)
Winning score (between 0 and 1) : N=40, mean=0.5 (+/-0.156922).
P1: N=20, mean=0.6 (+/-0.22028).
P2: N=20, mean=0.4 (+/-0.22028).
Game Durations: N=40, mean=152.6 (+/-4.680814).
P1: N=20, mean=148.2 (+/-7.349472).
P2: N=20, mean=157 (+/-5.301244).
=====================================================
=====================================================
Completed 50 games.

Agent 1 (SHUCTAnyTime)
Winning score (between 0 and 1) : N=50, mean=0.48 (+/-0.139885).
P1: N=25, mean=0.56 (+/-0.198592).
P2: N=25, mean=0.4 (+/-0.195996).
Game Durations: N=50, mean=152.76 (+/-4.076609).
P1: N=25, mean=156.16 (+/-5.055127).
P2: N=25, mean=149.36 (+/-6.21329).

Agent 2 (SHUCT)
Winning score (between 0 and 1) : N=50, mean=0.52 (+/-0.139885).
P1: N=25, mean=0.6 (+/-0.195996).
P2: N=25, mean=0.44 (+/-0.198592).
Game Durations: N=50, mean=152.76 (+/-4.076609).
P1: N=25, mean=149.36 (+/-6.21329).
P2: N=25, mean=156.16 (+/-5.055127).
=====================================================
=====================================================
Completed 60 games.

Agent 1 (SHUCTAnyTime)
Winning score (between 0 and 1) : N=60, mean=0.483333 (+/-0.127512).
P1: N=30, mean=0.566667 (+/-0.180353).
P2: N=30, mean=0.4 (+/-0.178301).
Game Durations: N=60, mean=153.033333 (+/-3.777238).
P1: N=30, mean=157.133333 (+/-4.935799).
P2: N=30, mean=148.933333 (+/-5.407267).

Agent 2 (SHUCT)
Winning score (between 0 and 1) : N=60, mean=0.516667 (+/-0.127512).
P1: N=30, mean=0.6 (+/-0.178301).
P2: N=30, mean=0.433333 (+/-0.180353).
Game Durations: N=60, mean=153.033333 (+/-3.777238).
P1: N=30, mean=148.933333 (+/-5.407267).
P2: N=30, mean=157.133333 (+/-4.935799).
=====================================================
=====================================================
Completed 70 games.

Agent 1 (SHUCTAnyTime)
Winning score (between 0 and 1) : N=70, mean=0.471429 (+/-0.117783).
P1: N=35, mean=0.571429 (+/-0.166341).
P2: N=35, mean=0.371429 (+/-0.162414).
Game Durations: N=70, mean=152.628571 (+/-3.480166).
P1: N=35, mean=157.257143 (+/-4.525627).
P2: N=35, mean=148 (+/-4.882245).

Agent 2 (SHUCT)
Winning score (between 0 and 1) : N=70, mean=0.528571 (+/-0.117783).
P1: N=35, mean=0.628571 (+/-0.162414).
P2: N=35, mean=0.428571 (+/-0.166341).
Game Durations: N=70, mean=152.628571 (+/-3.480166).
P1: N=35, mean=148 (+/-4.882245).
P2: N=35, mean=157.257143 (+/-4.525627).
=====================================================
=====================================================
Completed 80 games.

Agent 1 (SHUCTAnyTime)
Winning score (between 0 and 1) : N=80, mean=0.4625 (+/-0.109946).
P1: N=40, mean=0.55 (+/-0.156136).
P2: N=40, mean=0.375 (+/-0.151939).
Game Durations: N=80, mean=152.075 (+/-3.391486).
P1: N=40, mean=156.3 (+/-4.698352).
P2: N=40, mean=147.85 (+/-4.583396).

Agent 2 (SHUCT)
Winning score (between 0 and 1) : N=80, mean=0.5375 (+/-0.109946).
P1: N=40, mean=0.625 (+/-0.151939).
P2: N=40, mean=0.45 (+/-0.156136).
Game Durations: N=80, mean=152.075 (+/-3.391486).
P1: N=40, mean=147.85 (+/-4.583396).
P2: N=40, mean=156.3 (+/-4.698352).
=====================================================
=====================================================
Completed 90 games.

Agent 1 (SHUCTAnyTime)
Winning score (between 0 and 1) : N=90, mean=0.444444 (+/-0.103234).
P1: N=45, mean=0.488889 (+/-0.147701).
P2: N=45, mean=0.4 (+/-0.144753).
Game Durations: N=90, mean=152.244444 (+/-3.195699).
P1: N=45, mean=156.088889 (+/-4.56892).
P2: N=45, mean=148.4 (+/-4.225925).

Agent 2 (SHUCT)
Winning score (between 0 and 1) : N=90, mean=0.555556 (+/-0.103234).
P1: N=45, mean=0.6 (+/-0.144753).
P2: N=45, mean=0.511111 (+/-0.147701).
Game Durations: N=90, mean=152.244444 (+/-3.195699).
P1: N=45, mean=148.4 (+/-4.225925).
P2: N=45, mean=156.088889 (+/-4.56892).
=====================================================
=====================================================
Completed 100 games.

Agent 1 (SHUCTAnyTime)
Winning score (between 0 and 1) : N=100, mean=0.42 (+/-0.097223).
P1: N=50, mean=0.46 (+/-0.139548).
P2: N=50, mean=0.38 (+/-0.135905).
Game Durations: N=100, mean=152.2 (+/-3.006821).
P1: N=50, mean=155.64 (+/-4.292143).
P2: N=50, mean=148.76 (+/-4.031747).

Agent 2 (SHUCT)
Winning score (between 0 and 1) : N=100, mean=0.58 (+/-0.097223).
P1: N=50, mean=0.62 (+/-0.135905).
P2: N=50, mean=0.54 (+/-0.139548).
Game Durations: N=100, mean=152.2 (+/-3.006821).
P1: N=50, mean=148.76 (+/-4.031747).
P2: N=50, mean=155.64 (+/-4.292143).
=====================================================
=====================================================
Completed 110 games.

Agent 1 (SHUCTAnyTime)
Winning score (between 0 and 1) : N=110, mean=0.418182 (+/-0.0926).
P1: N=55, mean=0.454545 (+/-0.132806).
P2: N=55, mean=0.381818 (+/-0.12958).
Game Durations: N=110, mean=151.654545 (+/-2.84858).
P1: N=55, mean=154.945455 (+/-3.998138).
P2: N=55, mean=148.363636 (+/-3.902845).

Agent 2 (SHUCT)
Winning score (between 0 and 1) : N=110, mean=0.581818 (+/-0.0926).
P1: N=55, mean=0.618182 (+/-0.12958).
P2: N=55, mean=0.545455 (+/-0.132806).
Game Durations: N=110, mean=151.654545 (+/-2.84858).
P1: N=55, mean=148.363636 (+/-3.902845).
P2: N=55, mean=154.945455 (+/-3.998138).
=====================================================
=====================================================
Completed 120 games.

Agent 1 (SHUCTAnyTime)
Winning score (between 0 and 1) : N=120, mean=0.425 (+/-0.088818).
P1: N=60, mean=0.466667 (+/-0.127299).
P2: N=60, mean=0.383333 (+/-0.124061).
Game Durations: N=120, mean=151.816667 (+/-2.666538).
P1: N=60, mean=154.666667 (+/-3.732355).
P2: N=60, mean=148.966667 (+/-3.700617).

Agent 2 (SHUCT)
Winning score (between 0 and 1) : N=120, mean=0.575 (+/-0.088818).
P1: N=60, mean=0.616667 (+/-0.124061).
P2: N=60, mean=0.533333 (+/-0.127299).
Game Durations: N=120, mean=151.816667 (+/-2.666538).
P1: N=60, mean=148.966667 (+/-3.700617).
P2: N=60, mean=154.666667 (+/-3.732355).
=====================================================
=====================================================
Completed 130 games.

Agent 1 (SHUCTAnyTime)
Winning score (between 0 and 1) : N=130, mean=0.430769 (+/-0.085451).
P1: N=65, mean=0.461538 (+/-0.122135).
P2: N=65, mean=0.4 (+/-0.120023).
Game Durations: N=130, mean=151.646154 (+/-2.589257).
P1: N=65, mean=153.907692 (+/-3.684266).
P2: N=65, mean=149.384615 (+/-3.583116).

Agent 2 (SHUCT)
Winning score (between 0 and 1) : N=130, mean=0.569231 (+/-0.085451).
P1: N=65, mean=0.6 (+/-0.120023).
P2: N=65, mean=0.538462 (+/-0.122135).
Game Durations: N=130, mean=151.646154 (+/-2.589257).
P1: N=65, mean=149.384615 (+/-3.583116).
P2: N=65, mean=153.907692 (+/-3.684266).
=====================================================
=====================================================
Completed 140 games.

Agent 1 (SHUCTAnyTime)
Winning score (between 0 and 1) : N=140, mean=0.464286 (+/-0.082909).
P1: N=70, mean=0.5 (+/-0.117976).
P2: N=70, mean=0.428571 (+/-0.116766).
Game Durations: N=140, mean=151.9 (+/-2.436552).
P1: N=70, mean=154.028571 (+/-3.463627).
P2: N=70, mean=149.771429 (+/-3.379057).

Agent 2 (SHUCT)
Winning score (between 0 and 1) : N=140, mean=0.535714 (+/-0.082909).
P1: N=70, mean=0.571429 (+/-0.116766).
P2: N=70, mean=0.5 (+/-0.117976).
Game Durations: N=140, mean=151.9 (+/-2.436552).
P1: N=70, mean=149.771429 (+/-3.379057).
P2: N=70, mean=154.028571 (+/-3.463627).
=====================================================
=====================================================
Completed 150 games.

Agent 1 (SHUCTAnyTime)
Winning score (between 0 and 1) : N=150, mean=0.48 (+/-0.080219).
P1: N=75, mean=0.506667 (+/-0.11391).
P2: N=75, mean=0.453333 (+/-0.113423).
Game Durations: N=150, mean=151.4 (+/-2.347197).
P1: N=75, mean=153.6 (+/-3.316994).
P2: N=75, mean=149.2 (+/-3.268224).

Agent 2 (SHUCT)
Winning score (between 0 and 1) : N=150, mean=0.52 (+/-0.080219).
P1: N=75, mean=0.546667 (+/-0.113423).
P2: N=75, mean=0.493333 (+/-0.11391).
Game Durations: N=150, mean=151.4 (+/-2.347197).
P1: N=75, mean=149.2 (+/-3.268224).
P2: N=75, mean=153.6 (+/-3.316994).
=====================================================
