Warming up...
Finished warming up!
=====================================================
Completed 1 games.

Agent 1 (SHUCTAnyTime)
Winning score (between 0 and 1) : N=1, mean=0 (+/-0).
P1: N=0, mean=0 (+/-0).
P2: N=1, mean=0 (+/-0).
Game Durations: N=1, mean=138 (+/-0).
P1: N=0, mean=0 (+/-0).
P2: N=1, mean=138 (+/-0).

Agent 2 (SHUCT)
Winning score (between 0 and 1) : N=1, mean=1 (+/-0).
P1: N=1, mean=1 (+/-0).
P2: N=0, mean=0 (+/-0).
Game Durations: N=1, mean=138 (+/-0).
P1: N=1, mean=138 (+/-0).
P2: N=0, mean=0 (+/-0).
=====================================================
=====================================================
Completed 2 games.

Agent 1 (SHUCTAnyTime)
Winning score (between 0 and 1) : N=2, mean=0.5 (+/-0.97998).
P1: N=1, mean=1 (+/-0).
P2: N=1, mean=0 (+/-0).
Game Durations: N=2, mean=144 (+/-11.75976).
P1: N=1, mean=150 (+/-0).
P2: N=1, mean=138 (+/-0).

Agent 2 (SHUCT)
Winning score (between 0 and 1) : N=2, mean=0.5 (+/-0.97998).
P1: N=1, mean=1 (+/-0).
P2: N=1, mean=0 (+/-0).
Game Durations: N=2, mean=144 (+/-11.75976).
P1: N=1, mean=138 (+/-0).
P2: N=1, mean=150 (+/-0).
=====================================================
=====================================================
Completed 3 games.

Agent 1 (SHUCTAnyTime)
Winning score (between 0 and 1) : N=3, mean=0.333333 (+/-0.65332).
P1: N=1, mean=1 (+/-0).
P2: N=2, mean=0 (+/-0).
Game Durations: N=3, mean=150 (+/-13.579001).
P1: N=1, mean=150 (+/-0).
P2: N=2, mean=150 (+/-23.51952).

Agent 2 (SHUCT)
Winning score (between 0 and 1) : N=3, mean=0.666667 (+/-0.65332).
P1: N=2, mean=1 (+/-0).
P2: N=1, mean=0 (+/-0).
Game Durations: N=3, mean=150 (+/-13.579001).
P1: N=2, mean=150 (+/-23.51952).
P2: N=1, mean=150 (+/-0).
=====================================================
=====================================================
Completed 4 games.

Agent 1 (SHUCTAnyTime)
Winning score (between 0 and 1) : N=4, mean=0.25 (+/-0.48999).
P1: N=2, mean=0.5 (+/-0.97998).
P2: N=2, mean=0 (+/-0).
Game Durations: N=4, mean=147.5 (+/-10.77978).
P1: N=2, mean=145 (+/-9.7998).
P2: N=2, mean=150 (+/-23.51952).

Agent 2 (SHUCT)
Winning score (between 0 and 1) : N=4, mean=0.75 (+/-0.48999).
P1: N=2, mean=1 (+/-0).
P2: N=2, mean=0.5 (+/-0.97998).
Game Durations: N=4, mean=147.5 (+/-10.77978).
P1: N=2, mean=150 (+/-23.51952).
P2: N=2, mean=145 (+/-9.7998).
=====================================================
=====================================================
Completed 5 games.

Agent 1 (SHUCTAnyTime)
Winning score (between 0 and 1) : N=5, mean=0.2 (+/-0.391992).
P1: N=2, mean=0.5 (+/-0.97998).
P2: N=3, mean=0 (+/-0).
Game Durations: N=5, mean=153.6 (+/-14.582945).
P1: N=2, mean=145 (+/-9.7998).
P2: N=3, mean=159.333333 (+/-22.782047).

Agent 2 (SHUCT)
Winning score (between 0 and 1) : N=5, mean=0.8 (+/-0.391992).
P1: N=3, mean=1 (+/-0).
P2: N=2, mean=0.5 (+/-0.97998).
Game Durations: N=5, mean=153.6 (+/-14.582945).
P1: N=3, mean=159.333333 (+/-22.782047).
P2: N=2, mean=145 (+/-9.7998).
=====================================================
=====================================================
Completed 10 games.

Agent 1 (SHUCTAnyTime)
Winning score (between 0 and 1) : N=10, mean=0.2 (+/-0.261328).
P1: N=5, mean=0.4 (+/-0.48009).
P2: N=5, mean=0 (+/-0).
Game Durations: N=10, mean=151.8 (+/-9.192099).
P1: N=5, mean=150.4 (+/-6.488622).
P2: N=5, mean=153.2 (+/-18.285492).

Agent 2 (SHUCT)
Winning score (between 0 and 1) : N=10, mean=0.8 (+/-0.261328).
P1: N=5, mean=1 (+/-0).
P2: N=5, mean=0.6 (+/-0.48009).
Game Durations: N=10, mean=151.8 (+/-9.192099).
P1: N=5, mean=153.2 (+/-18.285492).
P2: N=5, mean=150.4 (+/-6.488622).
=====================================================
=====================================================
Completed 20 games.

Agent 1 (SHUCTAnyTime)
Winning score (between 0 and 1) : N=20, mean=0.35 (+/-0.214467).
P1: N=10, mean=0.5 (+/-0.32666).
P2: N=10, mean=0.2 (+/-0.261328).
Game Durations: N=20, mean=154.3 (+/-6.04117).
P1: N=10, mean=155.8 (+/-6.518811).
P2: N=10, mean=152.8 (+/-10.472701).

Agent 2 (SHUCT)
Winning score (between 0 and 1) : N=20, mean=0.65 (+/-0.214467).
P1: N=10, mean=0.8 (+/-0.261328).
P2: N=10, mean=0.5 (+/-0.32666).
Game Durations: N=20, mean=154.3 (+/-6.04117).
P1: N=10, mean=152.8 (+/-10.472701).
P2: N=10, mean=155.8 (+/-6.518811).
=====================================================
=====================================================
Completed 30 games.

Agent 1 (SHUCTAnyTime)
Winning score (between 0 and 1) : N=30, mean=0.366667 (+/-0.175388).
P1: N=15, mean=0.533333 (+/-0.261328).
P2: N=15, mean=0.2 (+/-0.209529).
Game Durations: N=30, mean=155.2 (+/-4.74577).
P1: N=15, mean=156 (+/-5.776303).
P2: N=15, mean=154.4 (+/-7.719451).

Agent 2 (SHUCT)
Winning score (between 0 and 1) : N=30, mean=0.633333 (+/-0.175388).
P1: N=15, mean=0.8 (+/-0.209529).
P2: N=15, mean=0.466667 (+/-0.261328).
Game Durations: N=30, mean=155.2 (+/-4.74577).
P1: N=15, mean=154.4 (+/-7.719451).
P2: N=15, mean=156 (+/-5.776303).
=====================================================
=====================================================
Completed 40 games.

Agent 1 (SHUCTAnyTime)
Winning score (between 0 and 1) : N=40, mean=0.375 (+/-0.151939).
P1: N=20, mean=0.45 (+/-0.223696).
P2: N=20, mean=0.3 (+/-0.206054).
Game Durations: N=40, mean=154.05 (+/-4.107621).
P1: N=20, mean=152.3 (+/-5.472208).
P2: N=20, mean=155.8 (+/-6.171131).

Agent 2 (SHUCT)
Winning score (between 0 and 1) : N=40, mean=0.625 (+/-0.151939).
P1: N=20, mean=0.7 (+/-0.206054).
P2: N=20, mean=0.55 (+/-0.223696).
Game Durations: N=40, mean=154.05 (+/-4.107621).
P1: N=20, mean=155.8 (+/-6.171131).
P2: N=20, mean=152.3 (+/-5.472208).
=====================================================
=====================================================
Completed 50 games.

Agent 1 (SHUCTAnyTime)
Winning score (between 0 and 1) : N=50, mean=0.42 (+/-0.138194).
P1: N=25, mean=0.48 (+/-0.199877).
P2: N=25, mean=0.36 (+/-0.192036).
Game Durations: N=50, mean=152.16 (+/-4.157273).
P1: N=25, mean=150.88 (+/-5.534727).
P2: N=25, mean=153.44 (+/-6.278075).

Agent 2 (SHUCT)
Winning score (between 0 and 1) : N=50, mean=0.58 (+/-0.138194).
P1: N=25, mean=0.64 (+/-0.192036).
P2: N=25, mean=0.52 (+/-0.199877).
Game Durations: N=50, mean=152.16 (+/-4.157273).
P1: N=25, mean=153.44 (+/-6.278075).
P2: N=25, mean=150.88 (+/-5.534727).
=====================================================
=====================================================
Completed 60 games.

Agent 1 (SHUCTAnyTime)
Winning score (between 0 and 1) : N=60, mean=0.4 (+/-0.125005).
P1: N=30, mean=0.433333 (+/-0.180353).
P2: N=30, mean=0.366667 (+/-0.175388).
Game Durations: N=60, mean=152.866667 (+/-3.913677).
P1: N=30, mean=152.866667 (+/-5.446159).
P2: N=30, mean=152.866667 (+/-5.715169).

Agent 2 (SHUCT)
Winning score (between 0 and 1) : N=60, mean=0.6 (+/-0.125005).
P1: N=30, mean=0.633333 (+/-0.175388).
P2: N=30, mean=0.566667 (+/-0.180353).
Game Durations: N=60, mean=152.866667 (+/-3.913677).
P1: N=30, mean=152.866667 (+/-5.715169).
P2: N=30, mean=152.866667 (+/-5.446159).
=====================================================
=====================================================
Completed 70 games.

Agent 1 (SHUCTAnyTime)
Winning score (between 0 and 1) : N=70, mean=0.4 (+/-0.115592).
P1: N=35, mean=0.428571 (+/-0.166341).
P2: N=35, mean=0.371429 (+/-0.162414).
Game Durations: N=70, mean=154.428571 (+/-3.675214).
P1: N=35, mean=154.457143 (+/-5.007806).
P2: N=35, mean=154.4 (+/-5.453901).

Agent 2 (SHUCT)
Winning score (between 0 and 1) : N=70, mean=0.6 (+/-0.115592).
P1: N=35, mean=0.628571 (+/-0.162414).
P2: N=35, mean=0.571429 (+/-0.166341).
Game Durations: N=70, mean=154.428571 (+/-3.675214).
P1: N=35, mean=154.4 (+/-5.453901).
P2: N=35, mean=154.457143 (+/-5.007806).
=====================================================
=====================================================
Completed 80 games.

Agent 1 (SHUCTAnyTime)
Winning score (between 0 and 1) : N=80, mean=0.425 (+/-0.109009).
P1: N=40, mean=0.45 (+/-0.156136).
P2: N=40, mean=0.4 (+/-0.153752).
Game Durations: N=80, mean=155.7 (+/-3.569378).
P1: N=40, mean=156.2 (+/-4.761347).
P2: N=40, mean=155.2 (+/-5.375457).

Agent 2 (SHUCT)
Winning score (between 0 and 1) : N=80, mean=0.575 (+/-0.109009).
P1: N=40, mean=0.6 (+/-0.153752).
P2: N=40, mean=0.55 (+/-0.156136).
Game Durations: N=80, mean=155.7 (+/-3.569378).
P1: N=40, mean=155.2 (+/-5.375457).
P2: N=40, mean=156.2 (+/-4.761347).
=====================================================
=====================================================
Completed 90 games.

Agent 1 (SHUCTAnyTime)
Winning score (between 0 and 1) : N=90, mean=0.455556 (+/-0.103466).
P1: N=45, mean=0.466667 (+/-0.147409).
P2: N=45, mean=0.444444 (+/-0.146823).
Game Durations: N=90, mean=155.466667 (+/-3.303128).
P1: N=45, mean=156.488889 (+/-4.462716).
P2: N=45, mean=154.444444 (+/-4.903089).

Agent 2 (SHUCT)
Winning score (between 0 and 1) : N=90, mean=0.544444 (+/-0.103466).
P1: N=45, mean=0.555556 (+/-0.146823).
P2: N=45, mean=0.533333 (+/-0.147409).
Game Durations: N=90, mean=155.466667 (+/-3.303128).
P1: N=45, mean=154.444444 (+/-4.903089).
P2: N=45, mean=156.488889 (+/-4.462716).
=====================================================
=====================================================
Completed 100 games.

Agent 1 (SHUCTAnyTime)
Winning score (between 0 and 1) : N=100, mean=0.47 (+/-0.098314).
P1: N=50, mean=0.5 (+/-0.139997).
P2: N=50, mean=0.44 (+/-0.138986).
Game Durations: N=100, mean=155.58 (+/-3.047732).
P1: N=50, mean=157 (+/-4.169941).
P2: N=50, mean=154.16 (+/-4.453004).

Agent 2 (SHUCT)
Winning score (between 0 and 1) : N=100, mean=0.53 (+/-0.098314).
P1: N=50, mean=0.56 (+/-0.138986).
P2: N=50, mean=0.5 (+/-0.139997).
Game Durations: N=100, mean=155.58 (+/-3.047732).
P1: N=50, mean=154.16 (+/-4.453004).
P2: N=50, mean=157 (+/-4.169941).
=====================================================
=====================================================
Completed 110 games.

Agent 1 (SHUCTAnyTime)
Winning score (between 0 and 1) : N=110, mean=0.472727 (+/-0.093725).
P1: N=55, mean=0.527273 (+/-0.13316).
P2: N=55, mean=0.418182 (+/-0.131561).
Game Durations: N=110, mean=155.472727 (+/-2.901543).
P1: N=55, mean=157.490909 (+/-3.943892).
P2: N=55, mean=153.454545 (+/-4.22538).

Agent 2 (SHUCT)
Winning score (between 0 and 1) : N=110, mean=0.527273 (+/-0.093725).
P1: N=55, mean=0.581818 (+/-0.131561).
P2: N=55, mean=0.472727 (+/-0.13316).
Game Durations: N=110, mean=155.472727 (+/-2.901543).
P1: N=55, mean=153.454545 (+/-4.22538).
P2: N=55, mean=157.490909 (+/-3.943892).
=====================================================
=====================================================
Completed 120 games.

Agent 1 (SHUCTAnyTime)
Winning score (between 0 and 1) : N=120, mean=0.466667 (+/-0.089635).
P1: N=60, mean=0.5 (+/-0.127583).
P2: N=60, mean=0.433333 (+/-0.126443).
Game Durations: N=120, mean=155.366667 (+/-2.74997).
P1: N=60, mean=157.2 (+/-3.724827).
P2: N=60, mean=153.533333 (+/-4.024136).

Agent 2 (SHUCT)
Winning score (between 0 and 1) : N=120, mean=0.533333 (+/-0.089635).
P1: N=60, mean=0.566667 (+/-0.126443).
P2: N=60, mean=0.5 (+/-0.127583).
Game Durations: N=120, mean=155.366667 (+/-2.74997).
P1: N=60, mean=153.533333 (+/-4.024136).
P2: N=60, mean=157.2 (+/-3.724827).
=====================================================
=====================================================
Completed 130 games.

Agent 1 (SHUCTAnyTime)
Winning score (between 0 and 1) : N=130, mean=0.438462 (+/-0.085626).
P1: N=65, mean=0.461538 (+/-0.122135).
P2: N=65, mean=0.415385 (+/-0.120731).
Game Durations: N=130, mean=155.384615 (+/-2.601043).
P1: N=65, mean=157.169231 (+/-3.56448).
P2: N=65, mean=153.6 (+/-3.766333).

Agent 2 (SHUCT)
Winning score (between 0 and 1) : N=130, mean=0.561538 (+/-0.085626).
P1: N=65, mean=0.584615 (+/-0.120731).
P2: N=65, mean=0.538462 (+/-0.122135).
Game Durations: N=130, mean=155.384615 (+/-2.601043).
P1: N=65, mean=153.6 (+/-3.766333).
P2: N=65, mean=157.169231 (+/-3.56448).
=====================================================
=====================================================
Completed 140 games.

Agent 1 (SHUCTAnyTime)
Winning score (between 0 and 1) : N=140, mean=0.435714 (+/-0.082431).
P1: N=70, mean=0.457143 (+/-0.117542).
P2: N=70, mean=0.414286 (+/-0.116229).
Game Durations: N=140, mean=155.3 (+/-2.524599).
P1: N=70, mean=157.085714 (+/-3.428725).
P2: N=70, mean=153.514286 (+/-3.683466).

Agent 2 (SHUCT)
Winning score (between 0 and 1) : N=140, mean=0.564286 (+/-0.082431).
P1: N=70, mean=0.585714 (+/-0.116229).
P2: N=70, mean=0.542857 (+/-0.117542).
Game Durations: N=140, mean=155.3 (+/-2.524599).
P1: N=70, mean=153.514286 (+/-3.683466).
P2: N=70, mean=157.085714 (+/-3.428725).
=====================================================
=====================================================
Completed 150 games.

Agent 1 (SHUCTAnyTime)
Winning score (between 0 and 1) : N=150, mean=0.413333 (+/-0.079068).
P1: N=75, mean=0.426667 (+/-0.112688).
P2: N=75, mean=0.4 (+/-0.111619).
Game Durations: N=150, mean=154.946667 (+/-2.490711).
P1: N=75, mean=155.946667 (+/-3.557798).
P2: N=75, mean=153.946667 (+/-3.495781).

Agent 2 (SHUCT)
Winning score (between 0 and 1) : N=150, mean=0.586667 (+/-0.079068).
P1: N=75, mean=0.6 (+/-0.111619).
P2: N=75, mean=0.573333 (+/-0.112688).
Game Durations: N=150, mean=154.946667 (+/-2.490711).
P1: N=75, mean=153.946667 (+/-3.495781).
P2: N=75, mean=155.946667 (+/-3.557798).
=====================================================
