Warming up...
Finished warming up!
=====================================================
Completed 1 games.

Agent 1 (SHUCTAnyTime)
Winning score (between 0 and 1) : N=1, mean=1 (+/-0).
P1: N=0, mean=0 (+/-0).
P2: N=1, mean=1 (+/-0).
Game Durations: N=1, mean=160 (+/-0).
P1: N=0, mean=0 (+/-0).
P2: N=1, mean=160 (+/-0).

Agent 2 (SHUCT)
Winning score (between 0 and 1) : N=1, mean=0 (+/-0).
P1: N=1, mean=0 (+/-0).
P2: N=0, mean=0 (+/-0).
Game Durations: N=1, mean=160 (+/-0).
P1: N=1, mean=160 (+/-0).
P2: N=0, mean=0 (+/-0).
=====================================================
=====================================================
Completed 2 games.

Agent 1 (SHUCTAnyTime)
Winning score (between 0 and 1) : N=2, mean=0.5 (+/-0.97998).
P1: N=1, mean=0 (+/-0).
P2: N=1, mean=1 (+/-0).
Game Durations: N=2, mean=164 (+/-7.83984).
P1: N=1, mean=168 (+/-0).
P2: N=1, mean=160 (+/-0).

Agent 2 (SHUCT)
Winning score (between 0 and 1) : N=2, mean=0.5 (+/-0.97998).
P1: N=1, mean=0 (+/-0).
P2: N=1, mean=1 (+/-0).
Game Durations: N=2, mean=164 (+/-7.83984).
P1: N=1, mean=160 (+/-0).
P2: N=1, mean=168 (+/-0).
=====================================================
=====================================================
Completed 3 games.

Agent 1 (SHUCTAnyTime)
Winning score (between 0 and 1) : N=3, mean=0.333333 (+/-0.65332).
P1: N=1, mean=0 (+/-0).
P2: N=2, mean=0.5 (+/-0.97998).
Game Durations: N=3, mean=159.333333 (+/-10.205185).
P1: N=1, mean=168 (+/-0).
P2: N=2, mean=155 (+/-9.7998).

Agent 2 (SHUCT)
Winning score (between 0 and 1) : N=3, mean=0.666667 (+/-0.65332).
P1: N=2, mean=0.5 (+/-0.97998).
P2: N=1, mean=1 (+/-0).
Game Durations: N=3, mean=159.333333 (+/-10.205185).
P1: N=2, mean=155 (+/-9.7998).
P2: N=1, mean=168 (+/-0).
=====================================================
=====================================================
Completed 4 games.

Agent 1 (SHUCTAnyTime)
Winning score (between 0 and 1) : N=4, mean=0.5 (+/-0.565792).
P1: N=2, mean=0.5 (+/-0.97998).
P2: N=2, mean=0.5 (+/-0.97998).
Game Durations: N=4, mean=163 (+/-10.184251).
P1: N=2, mean=171 (+/-5.87988).
P2: N=2, mean=155 (+/-9.7998).

Agent 2 (SHUCT)
Winning score (between 0 and 1) : N=4, mean=0.5 (+/-0.565792).
P1: N=2, mean=0.5 (+/-0.97998).
P2: N=2, mean=0.5 (+/-0.97998).
Game Durations: N=4, mean=163 (+/-10.184251).
P1: N=2, mean=155 (+/-9.7998).
P2: N=2, mean=171 (+/-5.87988).
=====================================================
=====================================================
Completed 5 games.

Agent 1 (SHUCTAnyTime)
Winning score (between 0 and 1) : N=5, mean=0.6 (+/-0.48009).
P1: N=2, mean=0.5 (+/-0.97998).
P2: N=3, mean=0.666667 (+/-0.65332).
Game Durations: N=5, mean=163.2 (+/-7.89842).
P1: N=2, mean=171 (+/-5.87988).
P2: N=3, mean=158 (+/-8.159964).

Agent 2 (SHUCT)
Winning score (between 0 and 1) : N=5, mean=0.4 (+/-0.48009).
P1: N=3, mean=0.333333 (+/-0.65332).
P2: N=2, mean=0.5 (+/-0.97998).
Game Durations: N=5, mean=163.2 (+/-7.89842).
P1: N=3, mean=158 (+/-8.159964).
P2: N=2, mean=171 (+/-5.87988).
=====================================================
=====================================================
Completed 10 games.

Agent 1 (SHUCTAnyTime)
Winning score (between 0 and 1) : N=10, mean=0.6 (+/-0.32006).
P1: N=5, mean=0.6 (+/-0.48009).
P2: N=5, mean=0.6 (+/-0.48009).
Game Durations: N=10, mean=159.4 (+/-7.840929).
P1: N=5, mean=158.8 (+/-15.709052).
P2: N=5, mean=160 (+/-5.403237).

Agent 2 (SHUCT)
Winning score (between 0 and 1) : N=10, mean=0.4 (+/-0.32006).
P1: N=5, mean=0.4 (+/-0.48009).
P2: N=5, mean=0.4 (+/-0.48009).
Game Durations: N=10, mean=159.4 (+/-7.840929).
P1: N=5, mean=160 (+/-5.403237).
P2: N=5, mean=158.8 (+/-15.709052).
=====================================================
=====================================================
Completed 20 games.

Agent 1 (SHUCTAnyTime)
Winning score (between 0 and 1) : N=20, mean=0.35 (+/-0.214467).
P1: N=10, mean=0.3 (+/-0.299389).
P2: N=10, mean=0.4 (+/-0.32006).
Game Durations: N=20, mean=160.9 (+/-5.561628).
P1: N=10, mean=161 (+/-9.354119).
P2: N=10, mean=160.8 (+/-6.564484).

Agent 2 (SHUCT)
Winning score (between 0 and 1) : N=20, mean=0.65 (+/-0.214467).
P1: N=10, mean=0.6 (+/-0.32006).
P2: N=10, mean=0.7 (+/-0.299389).
Game Durations: N=20, mean=160.9 (+/-5.561628).
P1: N=10, mean=160.8 (+/-6.564484).
P2: N=10, mean=161 (+/-9.354119).
=====================================================
=====================================================
Completed 30 games.

Agent 1 (SHUCTAnyTime)
Winning score (between 0 and 1) : N=30, mean=0.433333 (+/-0.180353).
P1: N=15, mean=0.466667 (+/-0.261328).
P2: N=15, mean=0.4 (+/-0.256619).
Game Durations: N=30, mean=157.333333 (+/-5.61116).
P1: N=15, mean=154.533333 (+/-9.366236).
P2: N=15, mean=160.133333 (+/-6.197544).

Agent 2 (SHUCT)
Winning score (between 0 and 1) : N=30, mean=0.566667 (+/-0.180353).
P1: N=15, mean=0.6 (+/-0.256619).
P2: N=15, mean=0.533333 (+/-0.261328).
Game Durations: N=30, mean=157.333333 (+/-5.61116).
P1: N=15, mean=160.133333 (+/-6.197544).
P2: N=15, mean=154.533333 (+/-9.366236).
=====================================================
=====================================================
Completed 40 games.

Agent 1 (SHUCTAnyTime)
Winning score (between 0 and 1) : N=40, mean=0.4 (+/-0.153752).
P1: N=20, mean=0.4 (+/-0.22028).
P2: N=20, mean=0.4 (+/-0.22028).
Game Durations: N=40, mean=156.4 (+/-4.741446).
P1: N=20, mean=152 (+/-7.756876).
P2: N=20, mean=160.8 (+/-4.928904).

Agent 2 (SHUCT)
Winning score (between 0 and 1) : N=40, mean=0.6 (+/-0.153752).
P1: N=20, mean=0.6 (+/-0.22028).
P2: N=20, mean=0.6 (+/-0.22028).
Game Durations: N=40, mean=156.4 (+/-4.741446).
P1: N=20, mean=160.8 (+/-4.928904).
P2: N=20, mean=152 (+/-7.756876).
=====================================================
=====================================================
Completed 50 games.

Agent 1 (SHUCTAnyTime)
Winning score (between 0 and 1) : N=50, mean=0.46 (+/-0.139548).
P1: N=25, mean=0.48 (+/-0.199877).
P2: N=25, mean=0.44 (+/-0.198592).
Game Durations: N=50, mean=155.44 (+/-4.388024).
P1: N=25, mean=152.16 (+/-6.923663).
P2: N=25, mean=158.72 (+/-5.219434).

Agent 2 (SHUCT)
Winning score (between 0 and 1) : N=50, mean=0.54 (+/-0.139548).
P1: N=25, mean=0.56 (+/-0.198592).
P2: N=25, mean=0.52 (+/-0.199877).
Game Durations: N=50, mean=155.44 (+/-4.388024).
P1: N=25, mean=158.72 (+/-5.219434).
P2: N=25, mean=152.16 (+/-6.923663).
=====================================================
=====================================================
Completed 60 games.

Agent 1 (SHUCTAnyTime)
Winning score (between 0 and 1) : N=60, mean=0.466667 (+/-0.127299).
P1: N=30, mean=0.5 (+/-0.181978).
P2: N=30, mean=0.433333 (+/-0.180353).
Game Durations: N=60, mean=156.133333 (+/-4.078244).
P1: N=30, mean=153.4 (+/-6.00883).
P2: N=30, mean=158.866667 (+/-5.439669).

Agent 2 (SHUCT)
Winning score (between 0 and 1) : N=60, mean=0.533333 (+/-0.127299).
P1: N=30, mean=0.566667 (+/-0.180353).
P2: N=30, mean=0.5 (+/-0.181978).
Game Durations: N=60, mean=156.133333 (+/-4.078244).
P1: N=30, mean=158.866667 (+/-5.439669).
P2: N=30, mean=153.4 (+/-6.00883).
=====================================================
=====================================================
Completed 70 games.

Agent 1 (SHUCTAnyTime)
Winning score (between 0 and 1) : N=70, mean=0.457143 (+/-0.117542).
P1: N=35, mean=0.485714 (+/-0.167997).
P2: N=35, mean=0.428571 (+/-0.166341).
Game Durations: N=70, mean=156.828571 (+/-3.890179).
P1: N=35, mean=154.685714 (+/-5.827364).
P2: N=35, mean=158.971429 (+/-5.140855).

Agent 2 (SHUCT)
Winning score (between 0 and 1) : N=70, mean=0.542857 (+/-0.117542).
P1: N=35, mean=0.571429 (+/-0.166341).
P2: N=35, mean=0.514286 (+/-0.167997).
Game Durations: N=70, mean=156.828571 (+/-3.890179).
P1: N=35, mean=158.971429 (+/-5.140855).
P2: N=35, mean=154.685714 (+/-5.827364).
=====================================================
=====================================================
Completed 80 games.

Agent 1 (SHUCTAnyTime)
Winning score (between 0 and 1) : N=80, mean=0.475 (+/-0.110118).
P1: N=40, mean=0.5 (+/-0.156922).
P2: N=40, mean=0.45 (+/-0.156136).
Game Durations: N=80, mean=157.15 (+/-3.810327).
P1: N=40, mean=154.4 (+/-5.993038).
P2: N=40, mean=159.9 (+/-4.627375).

Agent 2 (SHUCT)
Winning score (between 0 and 1) : N=80, mean=0.525 (+/-0.110118).
P1: N=40, mean=0.55 (+/-0.156136).
P2: N=40, mean=0.5 (+/-0.156922).
Game Durations: N=80, mean=157.15 (+/-3.810327).
P1: N=40, mean=159.9 (+/-4.627375).
P2: N=40, mean=154.4 (+/-5.993038).
=====================================================
=====================================================
Completed 90 games.

Agent 1 (SHUCTAnyTime)
Winning score (between 0 and 1) : N=90, mean=0.511111 (+/-0.103852).
P1: N=45, mean=0.511111 (+/-0.147701).
P2: N=45, mean=0.511111 (+/-0.147701).
Game Durations: N=90, mean=157.133333 (+/-3.497345).
P1: N=45, mean=154.888889 (+/-5.428393).
P2: N=45, mean=159.377778 (+/-4.374313).

Agent 2 (SHUCT)
Winning score (between 0 and 1) : N=90, mean=0.488889 (+/-0.103852).
P1: N=45, mean=0.488889 (+/-0.147701).
P2: N=45, mean=0.488889 (+/-0.147701).
Game Durations: N=90, mean=157.133333 (+/-3.497345).
P1: N=45, mean=159.377778 (+/-4.374313).
P2: N=45, mean=154.888889 (+/-5.428393).
=====================================================
=====================================================
Completed 100 games.

Agent 1 (SHUCTAnyTime)
Winning score (between 0 and 1) : N=100, mean=0.52 (+/-0.098413).
P1: N=50, mean=0.5 (+/-0.139997).
P2: N=50, mean=0.54 (+/-0.139548).
Game Durations: N=100, mean=157 (+/-3.353812).
P1: N=50, mean=154.12 (+/-5.224918).
P2: N=50, mean=159.88 (+/-4.105003).

Agent 2 (SHUCT)
Winning score (between 0 and 1) : N=100, mean=0.48 (+/-0.098413).
P1: N=50, mean=0.46 (+/-0.139548).
P2: N=50, mean=0.5 (+/-0.139997).
Game Durations: N=100, mean=157 (+/-3.353812).
P1: N=50, mean=159.88 (+/-4.105003).
P2: N=50, mean=154.12 (+/-5.224918).
=====================================================
=====================================================
Completed 110 games.

Agent 1 (SHUCTAnyTime)
Winning score (between 0 and 1) : N=110, mean=0.527273 (+/-0.093725).
P1: N=55, mean=0.509091 (+/-0.133336).
P2: N=55, mean=0.545455 (+/-0.132806).
Game Durations: N=110, mean=156.890909 (+/-3.107522).
P1: N=55, mean=154.109091 (+/-4.772712).
P2: N=55, mean=159.672727 (+/-3.886469).

Agent 2 (SHUCT)
Winning score (between 0 and 1) : N=110, mean=0.472727 (+/-0.093725).
P1: N=55, mean=0.454545 (+/-0.132806).
P2: N=55, mean=0.490909 (+/-0.133336).
Game Durations: N=110, mean=156.890909 (+/-3.107522).
P1: N=55, mean=159.672727 (+/-3.886469).
P2: N=55, mean=154.109091 (+/-4.772712).
=====================================================
=====================================================
Completed 120 games.

Agent 1 (SHUCTAnyTime)
Winning score (between 0 and 1) : N=120, mean=0.533333 (+/-0.089635).
P1: N=60, mean=0.5 (+/-0.127583).
P2: N=60, mean=0.566667 (+/-0.126443).
Game Durations: N=120, mean=156.433333 (+/-2.940282).
P1: N=60, mean=153.733333 (+/-4.433774).
P2: N=60, mean=159.133333 (+/-3.777094).

Agent 2 (SHUCT)
Winning score (between 0 and 1) : N=120, mean=0.466667 (+/-0.089635).
P1: N=60, mean=0.433333 (+/-0.126443).
P2: N=60, mean=0.5 (+/-0.127583).
Game Durations: N=120, mean=156.433333 (+/-2.940282).
P1: N=60, mean=159.133333 (+/-3.777094).
P2: N=60, mean=153.733333 (+/-4.433774).
=====================================================
=====================================================
Completed 130 games.

Agent 1 (SHUCTAnyTime)
Winning score (between 0 and 1) : N=130, mean=0.507692 (+/-0.086272).
P1: N=65, mean=0.492308 (+/-0.122483).
P2: N=65, mean=0.523077 (+/-0.122367).
Game Durations: N=130, mean=155.984615 (+/-2.792549).
P1: N=65, mean=153.723077 (+/-4.208807).
P2: N=65, mean=158.246154 (+/-3.620633).

Agent 2 (SHUCT)
Winning score (between 0 and 1) : N=130, mean=0.492308 (+/-0.086272).
P1: N=65, mean=0.476923 (+/-0.122367).
P2: N=65, mean=0.507692 (+/-0.122483).
Game Durations: N=130, mean=155.984615 (+/-2.792549).
P1: N=65, mean=158.246154 (+/-3.620633).
P2: N=65, mean=153.723077 (+/-4.208807).
=====================================================
=====================================================
Completed 140 games.

Agent 1 (SHUCTAnyTime)
Winning score (between 0 and 1) : N=140, mean=0.528571 (+/-0.082985).
P1: N=70, mean=0.528571 (+/-0.117783).
P2: N=70, mean=0.528571 (+/-0.117783).
Game Durations: N=140, mean=155.628571 (+/-2.734976).
P1: N=70, mean=153.457143 (+/-4.037398).
P2: N=70, mean=157.8 (+/-3.648506).

Agent 2 (SHUCT)
Winning score (between 0 and 1) : N=140, mean=0.471429 (+/-0.082985).
P1: N=70, mean=0.471429 (+/-0.117783).
P2: N=70, mean=0.471429 (+/-0.117783).
Game Durations: N=140, mean=155.628571 (+/-2.734976).
P1: N=70, mean=157.8 (+/-3.648506).
P2: N=70, mean=153.457143 (+/-4.037398).
=====================================================
=====================================================
Completed 150 games.

Agent 1 (SHUCTAnyTime)
Winning score (between 0 and 1) : N=150, mean=0.52 (+/-0.080219).
P1: N=75, mean=0.52 (+/-0.113829).
P2: N=75, mean=0.52 (+/-0.113829).
Game Durations: N=150, mean=155.72 (+/-2.673969).
P1: N=75, mean=153.2 (+/-4.025157).
P2: N=75, mean=158.24 (+/-3.454342).

Agent 2 (SHUCT)
Winning score (between 0 and 1) : N=150, mean=0.48 (+/-0.080219).
P1: N=75, mean=0.48 (+/-0.113829).
P2: N=75, mean=0.48 (+/-0.113829).
Game Durations: N=150, mean=155.72 (+/-2.673969).
P1: N=75, mean=158.24 (+/-3.454342).
P2: N=75, mean=153.2 (+/-4.025157).
=====================================================
