Warming up...
Finished warming up!
=====================================================
Completed 1 games.

Agent 1 (SHUCTAnyTime)
Winning score (between 0 and 1) : N=1, mean=0 (+/-0).
P1: N=1, mean=0 (+/-0).
P2: N=0, mean=0 (+/-0).
Game Durations: N=1, mean=176 (+/-0).
P1: N=1, mean=176 (+/-0).
P2: N=0, mean=0 (+/-0).

Agent 2 (SHUCT)
Winning score (between 0 and 1) : N=1, mean=1 (+/-0).
P1: N=0, mean=0 (+/-0).
P2: N=1, mean=1 (+/-0).
Game Durations: N=1, mean=176 (+/-0).
P1: N=0, mean=0 (+/-0).
P2: N=1, mean=176 (+/-0).
=====================================================
=====================================================
Completed 2 games.

Agent 1 (SHUCTAnyTime)
Winning score (between 0 and 1) : N=2, mean=0.5 (+/-0.97998).
P1: N=1, mean=0 (+/-0).
P2: N=1, mean=1 (+/-0).
Game Durations: N=2, mean=164 (+/-23.51952).
P1: N=1, mean=176 (+/-0).
P2: N=1, mean=152 (+/-0).

Agent 2 (SHUCT)
Winning score (between 0 and 1) : N=2, mean=0.5 (+/-0.97998).
P1: N=1, mean=0 (+/-0).
P2: N=1, mean=1 (+/-0).
Game Durations: N=2, mean=164 (+/-23.51952).
P1: N=1, mean=152 (+/-0).
P2: N=1, mean=176 (+/-0).
=====================================================
=====================================================
Completed 3 games.

Agent 1 (SHUCTAnyTime)
Winning score (between 0 and 1) : N=3, mean=0.333333 (+/-0.65332).
P1: N=2, mean=0 (+/-0).
P2: N=1, mean=1 (+/-0).
Game Durations: N=3, mean=169.333333 (+/-17.136423).
P1: N=2, mean=178 (+/-3.91992).
P2: N=1, mean=152 (+/-0).

Agent 2 (SHUCT)
Winning score (between 0 and 1) : N=3, mean=0.666667 (+/-0.65332).
P1: N=1, mean=0 (+/-0).
P2: N=2, mean=1 (+/-0).
Game Durations: N=3, mean=169.333333 (+/-17.136423).
P1: N=1, mean=152 (+/-0).
P2: N=2, mean=178 (+/-3.91992).
=====================================================
=====================================================
Completed 4 games.

Agent 1 (SHUCTAnyTime)
Winning score (between 0 and 1) : N=4, mean=0.25 (+/-0.48999).
P1: N=2, mean=0 (+/-0).
P2: N=2, mean=0.5 (+/-0.97998).
Game Durations: N=4, mean=163.5 (+/-16.65966).
P1: N=2, mean=178 (+/-3.91992).
P2: N=2, mean=149 (+/-5.87988).

Agent 2 (SHUCT)
Winning score (between 0 and 1) : N=4, mean=0.75 (+/-0.48999).
P1: N=2, mean=0.5 (+/-0.97998).
P2: N=2, mean=1 (+/-0).
Game Durations: N=4, mean=163.5 (+/-16.65966).
P1: N=2, mean=149 (+/-5.87988).
P2: N=2, mean=178 (+/-3.91992).
=====================================================
=====================================================
Completed 5 games.

Agent 1 (SHUCTAnyTime)
Winning score (between 0 and 1) : N=5, mean=0.4 (+/-0.48009).
P1: N=3, mean=0.333333 (+/-0.65332).
P2: N=2, mean=0.5 (+/-0.97998).
Game Durations: N=5, mean=165.6 (+/-13.545011).
P1: N=3, mean=176.666667 (+/-3.457044).
P2: N=2, mean=149 (+/-5.87988).

Agent 2 (SHUCT)
Winning score (between 0 and 1) : N=5, mean=0.6 (+/-0.48009).
P1: N=2, mean=0.5 (+/-0.97998).
P2: N=3, mean=0.666667 (+/-0.65332).
Game Durations: N=5, mean=165.6 (+/-13.545011).
P1: N=2, mean=149 (+/-5.87988).
P2: N=3, mean=176.666667 (+/-3.457044).
=====================================================
=====================================================
Completed 10 games.

Agent 1 (SHUCTAnyTime)
Winning score (between 0 and 1) : N=10, mean=0.4 (+/-0.32006).
P1: N=5, mean=0.4 (+/-0.48009).
P2: N=5, mean=0.4 (+/-0.48009).
Game Durations: N=10, mean=165.8 (+/-8.597056).
P1: N=5, mean=168.8 (+/-13.38525).
P2: N=5, mean=162.8 (+/-11.667937).

Agent 2 (SHUCT)
Winning score (between 0 and 1) : N=10, mean=0.6 (+/-0.32006).
P1: N=5, mean=0.6 (+/-0.48009).
P2: N=5, mean=0.6 (+/-0.48009).
Game Durations: N=10, mean=165.8 (+/-8.597056).
P1: N=5, mean=162.8 (+/-11.667937).
P2: N=5, mean=168.8 (+/-13.38525).
=====================================================
=====================================================
Completed 20 games.

Agent 1 (SHUCTAnyTime)
Winning score (between 0 and 1) : N=20, mean=0.4 (+/-0.22028).
P1: N=10, mean=0.3 (+/-0.299389).
P2: N=10, mean=0.5 (+/-0.32666).
Game Durations: N=20, mean=161.8 (+/-6.883545).
P1: N=10, mean=162.6 (+/-10.56764).
P2: N=10, mean=161 (+/-9.372353).

Agent 2 (SHUCT)
Winning score (between 0 and 1) : N=20, mean=0.6 (+/-0.22028).
P1: N=10, mean=0.5 (+/-0.32666).
P2: N=10, mean=0.7 (+/-0.299389).
Game Durations: N=20, mean=161.8 (+/-6.883545).
P1: N=10, mean=161 (+/-9.372353).
P2: N=10, mean=162.6 (+/-10.56764).
=====================================================
=====================================================
Completed 30 games.

Agent 1 (SHUCTAnyTime)
Winning score (between 0 and 1) : N=30, mean=0.466667 (+/-0.181573).
P1: N=15, mean=0.333333 (+/-0.246932).
P2: N=15, mean=0.6 (+/-0.256619).
Game Durations: N=30, mean=162.2 (+/-5.151737).
P1: N=15, mean=163.333333 (+/-7.685887).
P2: N=15, mean=161.066667 (+/-7.083456).

Agent 2 (SHUCT)
Winning score (between 0 and 1) : N=30, mean=0.533333 (+/-0.181573).
P1: N=15, mean=0.4 (+/-0.256619).
P2: N=15, mean=0.666667 (+/-0.246932).
Game Durations: N=30, mean=162.2 (+/-5.151737).
P1: N=15, mean=161.066667 (+/-7.083456).
P2: N=15, mean=163.333333 (+/-7.685887).
=====================================================
=====================================================
Completed 40 games.

Agent 1 (SHUCTAnyTime)
Winning score (between 0 and 1) : N=40, mean=0.5 (+/-0.156922).
P1: N=20, mean=0.4 (+/-0.22028).
P2: N=20, mean=0.6 (+/-0.22028).
Game Durations: N=40, mean=161.3 (+/-4.538395).
P1: N=20, mean=162.4 (+/-6.556814).
P2: N=20, mean=160.2 (+/-6.408989).

Agent 2 (SHUCT)
Winning score (between 0 and 1) : N=40, mean=0.5 (+/-0.156922).
P1: N=20, mean=0.4 (+/-0.22028).
P2: N=20, mean=0.6 (+/-0.22028).
Game Durations: N=40, mean=161.3 (+/-4.538395).
P1: N=20, mean=160.2 (+/-6.408989).
P2: N=20, mean=162.4 (+/-6.556814).
=====================================================
=====================================================
Completed 50 games.

Agent 1 (SHUCTAnyTime)
Winning score (between 0 and 1) : N=50, mean=0.5 (+/-0.139997).
P1: N=25, mean=0.4 (+/-0.195996).
P2: N=25, mean=0.6 (+/-0.195996).
Game Durations: N=50, mean=161.68 (+/-3.994976).
P1: N=25, mean=163.68 (+/-5.63833).
P2: N=25, mean=159.68 (+/-5.665516).

Agent 2 (SHUCT)
Winning score (between 0 and 1) : N=50, mean=0.5 (+/-0.139997).
P1: N=25, mean=0.4 (+/-0.195996).
P2: N=25, mean=0.6 (+/-0.195996).
Game Durations: N=50, mean=161.68 (+/-3.994976).
P1: N=25, mean=159.68 (+/-5.665516).
P2: N=25, mean=163.68 (+/-5.63833).
=====================================================
=====================================================
Completed 60 games.

Agent 1 (SHUCTAnyTime)
Winning score (between 0 and 1) : N=60, mean=0.516667 (+/-0.127512).
P1: N=30, mean=0.433333 (+/-0.180353).
P2: N=30, mean=0.6 (+/-0.178301).
Game Durations: N=60, mean=160.3 (+/-3.632347).
P1: N=30, mean=161.666667 (+/-5.229094).
P2: N=30, mean=158.933333 (+/-5.08404).

Agent 2 (SHUCT)
Winning score (between 0 and 1) : N=60, mean=0.483333 (+/-0.127512).
P1: N=30, mean=0.4 (+/-0.178301).
P2: N=30, mean=0.566667 (+/-0.180353).
Game Durations: N=60, mean=160.3 (+/-3.632347).
P1: N=30, mean=158.933333 (+/-5.08404).
P2: N=30, mean=161.666667 (+/-5.229094).
=====================================================
=====================================================
Completed 70 games.

Agent 1 (SHUCTAnyTime)
Winning score (between 0 and 1) : N=70, mean=0.542857 (+/-0.117542).
P1: N=35, mean=0.485714 (+/-0.167997).
P2: N=35, mean=0.6 (+/-0.16467).
Game Durations: N=70, mean=159.571429 (+/-3.369016).
P1: N=35, mean=160.742857 (+/-4.641134).
P2: N=35, mean=158.4 (+/-4.921232).

Agent 2 (SHUCT)
Winning score (between 0 and 1) : N=70, mean=0.457143 (+/-0.117542).
P1: N=35, mean=0.4 (+/-0.16467).
P2: N=35, mean=0.514286 (+/-0.167997).
Game Durations: N=70, mean=159.571429 (+/-3.369016).
P1: N=35, mean=158.4 (+/-4.921232).
P2: N=35, mean=160.742857 (+/-4.641134).
=====================================================
=====================================================
Completed 80 games.

Agent 1 (SHUCTAnyTime)
Winning score (between 0 and 1) : N=80, mean=0.525 (+/-0.110118).
P1: N=40, mean=0.475 (+/-0.156726).
P2: N=40, mean=0.575 (+/-0.155147).
Game Durations: N=80, mean=159.6 (+/-3.085918).
P1: N=40, mean=161.45 (+/-4.2083).
P2: N=40, mean=157.75 (+/-4.493984).

Agent 2 (SHUCT)
Winning score (between 0 and 1) : N=80, mean=0.475 (+/-0.110118).
P1: N=40, mean=0.425 (+/-0.155147).
P2: N=40, mean=0.525 (+/-0.156726).
Game Durations: N=80, mean=159.6 (+/-3.085918).
P1: N=40, mean=157.75 (+/-4.493984).
P2: N=40, mean=161.45 (+/-4.2083).
=====================================================
=====================================================
Completed 90 games.

Agent 1 (SHUCTAnyTime)
Winning score (between 0 and 1) : N=90, mean=0.533333 (+/-0.103647).
P1: N=45, mean=0.466667 (+/-0.147409).
P2: N=45, mean=0.6 (+/-0.144753).
Game Durations: N=90, mean=160.244444 (+/-2.841739).
P1: N=45, mean=162.177778 (+/-3.93143).
P2: N=45, mean=158.311111 (+/-4.069422).

Agent 2 (SHUCT)
Winning score (between 0 and 1) : N=90, mean=0.466667 (+/-0.103647).
P1: N=45, mean=0.4 (+/-0.144753).
P2: N=45, mean=0.533333 (+/-0.147409).
Game Durations: N=90, mean=160.244444 (+/-2.841739).
P1: N=45, mean=158.311111 (+/-4.069422).
P2: N=45, mean=162.177778 (+/-3.93143).
=====================================================
=====================================================
Completed 100 games.

Agent 1 (SHUCTAnyTime)
Winning score (between 0 and 1) : N=100, mean=0.53 (+/-0.098314).
P1: N=50, mean=0.44 (+/-0.138986).
P2: N=50, mean=0.62 (+/-0.135905).
Game Durations: N=100, mean=159.06 (+/-3.01659).
P1: N=50, mean=161.68 (+/-3.961871).
P2: N=50, mean=156.44 (+/-4.471908).

Agent 2 (SHUCT)
Winning score (between 0 and 1) : N=100, mean=0.47 (+/-0.098314).
P1: N=50, mean=0.38 (+/-0.135905).
P2: N=50, mean=0.56 (+/-0.138986).
Game Durations: N=100, mean=159.06 (+/-3.01659).
P1: N=50, mean=156.44 (+/-4.471908).
P2: N=50, mean=161.68 (+/-3.961871).
=====================================================
=====================================================
Completed 110 games.

Agent 1 (SHUCTAnyTime)
Winning score (between 0 and 1) : N=110, mean=0.527273 (+/-0.093725).
P1: N=55, mean=0.436364 (+/-0.132274).
P2: N=55, mean=0.618182 (+/-0.12958).
Game Durations: N=110, mean=158.418182 (+/-3.06036).
P1: N=55, mean=160.581818 (+/-4.129043).
P2: N=55, mean=156.254545 (+/-4.482752).

Agent 2 (SHUCT)
Winning score (between 0 and 1) : N=110, mean=0.472727 (+/-0.093725).
P1: N=55, mean=0.381818 (+/-0.12958).
P2: N=55, mean=0.563636 (+/-0.132274).
Game Durations: N=110, mean=158.418182 (+/-3.06036).
P1: N=55, mean=156.254545 (+/-4.482752).
P2: N=55, mean=160.581818 (+/-4.129043).
=====================================================
=====================================================
Completed 120 games.

Agent 1 (SHUCTAnyTime)
Winning score (between 0 and 1) : N=120, mean=0.525 (+/-0.089722).
P1: N=60, mean=0.433333 (+/-0.126443).
P2: N=60, mean=0.616667 (+/-0.124061).
Game Durations: N=120, mean=158.783333 (+/-2.889752).
P1: N=60, mean=161.066667 (+/-3.835368).
P2: N=60, mean=156.5 (+/-4.277473).

Agent 2 (SHUCT)
Winning score (between 0 and 1) : N=120, mean=0.475 (+/-0.089722).
P1: N=60, mean=0.383333 (+/-0.124061).
P2: N=60, mean=0.566667 (+/-0.126443).
Game Durations: N=120, mean=158.783333 (+/-2.889752).
P1: N=60, mean=156.5 (+/-4.277473).
P2: N=60, mean=161.066667 (+/-3.835368).
=====================================================
=====================================================
Completed 130 games.

Agent 1 (SHUCTAnyTime)
Winning score (between 0 and 1) : N=130, mean=0.553846 (+/-0.085781).
P1: N=65, mean=0.476923 (+/-0.122367).
P2: N=65, mean=0.630769 (+/-0.118234).
Game Durations: N=130, mean=158.692308 (+/-2.785392).
P1: N=65, mean=160.769231 (+/-3.663416).
P2: N=65, mean=156.615385 (+/-4.163849).

Agent 2 (SHUCT)
Winning score (between 0 and 1) : N=130, mean=0.446154 (+/-0.085781).
P1: N=65, mean=0.369231 (+/-0.118234).
P2: N=65, mean=0.523077 (+/-0.122367).
Game Durations: N=130, mean=158.692308 (+/-2.785392).
P1: N=65, mean=156.615385 (+/-4.163849).
P2: N=65, mean=160.769231 (+/-3.663416).
=====================================================
=====================================================
Completed 140 games.

Agent 1 (SHUCTAnyTime)
Winning score (between 0 and 1) : N=140, mean=0.535714 (+/-0.082909).
P1: N=70, mean=0.442857 (+/-0.117203).
P2: N=70, mean=0.628571 (+/-0.114009).
Game Durations: N=140, mean=158.442857 (+/-2.704048).
P1: N=70, mean=161.114286 (+/-3.44072).
P2: N=70, mean=155.771429 (+/-4.101984).

Agent 2 (SHUCT)
Winning score (between 0 and 1) : N=140, mean=0.464286 (+/-0.082909).
P1: N=70, mean=0.371429 (+/-0.114009).
P2: N=70, mean=0.557143 (+/-0.117203).
Game Durations: N=140, mean=158.442857 (+/-2.704048).
P1: N=70, mean=155.771429 (+/-4.101984).
P2: N=70, mean=161.114286 (+/-3.44072).
=====================================================
=====================================================
Completed 150 games.

Agent 1 (SHUCTAnyTime)
Winning score (between 0 and 1) : N=150, mean=0.526667 (+/-0.080169).
P1: N=75, mean=0.453333 (+/-0.113423).
P2: N=75, mean=0.6 (+/-0.111619).
Game Durations: N=150, mean=158.16 (+/-2.615345).
P1: N=75, mean=160.8 (+/-3.29858).
P2: N=75, mean=155.52 (+/-3.992588).

Agent 2 (SHUCT)
Winning score (between 0 and 1) : N=150, mean=0.473333 (+/-0.080169).
P1: N=75, mean=0.4 (+/-0.111619).
P2: N=75, mean=0.546667 (+/-0.113423).
Game Durations: N=150, mean=158.16 (+/-2.615345).
P1: N=75, mean=155.52 (+/-3.992588).
P2: N=75, mean=160.8 (+/-3.29858).
=====================================================
