Warming up...
Finished warming up!
=====================================================
Completed 1 games.

Agent 1 (SHUCTAnyTime)
Winning score (between 0 and 1) : N=1, mean=0 (+/-0).
P1: N=0, mean=0 (+/-0).
P2: N=1, mean=0 (+/-0).
Game Durations: N=1, mean=154 (+/-0).
P1: N=0, mean=0 (+/-0).
P2: N=1, mean=154 (+/-0).

Agent 2 (SHUCT)
Winning score (between 0 and 1) : N=1, mean=1 (+/-0).
P1: N=1, mean=1 (+/-0).
P2: N=0, mean=0 (+/-0).
Game Durations: N=1, mean=154 (+/-0).
P1: N=1, mean=154 (+/-0).
P2: N=0, mean=0 (+/-0).
=====================================================
=====================================================
Completed 2 games.

Agent 1 (SHUCTAnyTime)
Winning score (between 0 and 1) : N=2, mean=0 (+/-0).
P1: N=1, mean=0 (+/-0).
P2: N=1, mean=0 (+/-0).
Game Durations: N=2, mean=145 (+/-17.63964).
P1: N=1, mean=136 (+/-0).
P2: N=1, mean=154 (+/-0).

Agent 2 (SHUCT)
Winning score (between 0 and 1) : N=2, mean=1 (+/-0).
P1: N=1, mean=1 (+/-0).
P2: N=1, mean=1 (+/-0).
Game Durations: N=2, mean=145 (+/-17.63964).
P1: N=1, mean=154 (+/-0).
P2: N=1, mean=136 (+/-0).
=====================================================
=====================================================
Completed 3 games.

Agent 1 (SHUCTAnyTime)
Winning score (between 0 and 1) : N=3, mean=0 (+/-0).
P1: N=1, mean=0 (+/-0).
P2: N=2, mean=0 (+/-0).
Game Durations: N=3, mean=144 (+/-10.371133).
P1: N=1, mean=136 (+/-0).
P2: N=2, mean=148 (+/-11.75976).

Agent 2 (SHUCT)
Winning score (between 0 and 1) : N=3, mean=1 (+/-0).
P1: N=2, mean=1 (+/-0).
P2: N=1, mean=1 (+/-0).
Game Durations: N=3, mean=144 (+/-10.371133).
P1: N=2, mean=148 (+/-11.75976).
P2: N=1, mean=136 (+/-0).
=====================================================
=====================================================
Completed 4 games.

Agent 1 (SHUCTAnyTime)
Winning score (between 0 and 1) : N=4, mean=0.25 (+/-0.48999).
P1: N=2, mean=0.5 (+/-0.97998).
P2: N=2, mean=0 (+/-0).
Game Durations: N=4, mean=152.5 (+/-18.202321).
P1: N=2, mean=157 (+/-41.15916).
P2: N=2, mean=148 (+/-11.75976).

Agent 2 (SHUCT)
Winning score (between 0 and 1) : N=4, mean=0.75 (+/-0.48999).
P1: N=2, mean=1 (+/-0).
P2: N=2, mean=0.5 (+/-0.97998).
Game Durations: N=4, mean=152.5 (+/-18.202321).
P1: N=2, mean=148 (+/-11.75976).
P2: N=2, mean=157 (+/-41.15916).
=====================================================
=====================================================
Completed 5 games.

Agent 1 (SHUCTAnyTime)
Winning score (between 0 and 1) : N=5, mean=0.2 (+/-0.391992).
P1: N=2, mean=0.5 (+/-0.97998).
P2: N=3, mean=0 (+/-0).
Game Durations: N=5, mean=152 (+/-14.133473).
P1: N=2, mean=157 (+/-41.15916).
P2: N=3, mean=148.666667 (+/-6.914089).

Agent 2 (SHUCT)
Winning score (between 0 and 1) : N=5, mean=0.8 (+/-0.391992).
P1: N=3, mean=1 (+/-0).
P2: N=2, mean=0.5 (+/-0.97998).
Game Durations: N=5, mean=152 (+/-14.133473).
P1: N=3, mean=148.666667 (+/-6.914089).
P2: N=2, mean=157 (+/-41.15916).
=====================================================
=====================================================
Completed 10 games.

Agent 1 (SHUCTAnyTime)
Winning score (between 0 and 1) : N=10, mean=0.3 (+/-0.299389).
P1: N=5, mean=0.4 (+/-0.48009).
P2: N=5, mean=0.2 (+/-0.391992).
Game Durations: N=10, mean=150.8 (+/-10.730371).
P1: N=5, mean=154.4 (+/-17.5041).
P2: N=5, mean=147.2 (+/-13.669228).

Agent 2 (SHUCT)
Winning score (between 0 and 1) : N=10, mean=0.7 (+/-0.299389).
P1: N=5, mean=0.8 (+/-0.391992).
P2: N=5, mean=0.6 (+/-0.48009).
Game Durations: N=10, mean=150.8 (+/-10.730371).
P1: N=5, mean=147.2 (+/-13.669228).
P2: N=5, mean=154.4 (+/-17.5041).
=====================================================
=====================================================
Completed 20 games.

Agent 1 (SHUCTAnyTime)
Winning score (between 0 and 1) : N=20, mean=0.45 (+/-0.223696).
P1: N=10, mean=0.4 (+/-0.32006).
P2: N=10, mean=0.5 (+/-0.32666).
Game Durations: N=20, mean=160.1 (+/-7.914147).
P1: N=10, mean=163.6 (+/-10.644105).
P2: N=10, mean=156.6 (+/-11.861672).

Agent 2 (SHUCT)
Winning score (between 0 and 1) : N=20, mean=0.55 (+/-0.223696).
P1: N=10, mean=0.5 (+/-0.32666).
P2: N=10, mean=0.6 (+/-0.32006).
Game Durations: N=20, mean=160.1 (+/-7.914147).
P1: N=10, mean=156.6 (+/-11.861672).
P2: N=10, mean=163.6 (+/-10.644105).
=====================================================
=====================================================
Completed 30 games.

Agent 1 (SHUCTAnyTime)
Winning score (between 0 and 1) : N=30, mean=0.466667 (+/-0.181573).
P1: N=15, mean=0.4 (+/-0.256619).
P2: N=15, mean=0.533333 (+/-0.261328).
Game Durations: N=30, mean=155.666667 (+/-6.844126).
P1: N=15, mean=157.866667 (+/-10.903987).
P2: N=15, mean=153.466667 (+/-8.5151).

Agent 2 (SHUCT)
Winning score (between 0 and 1) : N=30, mean=0.533333 (+/-0.181573).
P1: N=15, mean=0.466667 (+/-0.261328).
P2: N=15, mean=0.6 (+/-0.256619).
Game Durations: N=30, mean=155.666667 (+/-6.844126).
P1: N=15, mean=153.466667 (+/-8.5151).
P2: N=15, mean=157.866667 (+/-10.903987).
=====================================================
=====================================================
Completed 40 games.

Agent 1 (SHUCTAnyTime)
Winning score (between 0 and 1) : N=40, mean=0.45 (+/-0.156136).
P1: N=20, mean=0.4 (+/-0.22028).
P2: N=20, mean=0.5 (+/-0.224823).
Game Durations: N=40, mean=158.1 (+/-5.455756).
P1: N=20, mean=160 (+/-8.464811).
P2: N=20, mean=156.2 (+/-7.00582).

Agent 2 (SHUCT)
Winning score (between 0 and 1) : N=40, mean=0.55 (+/-0.156136).
P1: N=20, mean=0.5 (+/-0.224823).
P2: N=20, mean=0.6 (+/-0.22028).
Game Durations: N=40, mean=158.1 (+/-5.455756).
P1: N=20, mean=156.2 (+/-7.00582).
P2: N=20, mean=160 (+/-8.464811).
=====================================================
=====================================================
Completed 50 games.

Agent 1 (SHUCTAnyTime)
Winning score (between 0 and 1) : N=50, mean=0.46 (+/-0.139548).
P1: N=25, mean=0.4 (+/-0.195996).
P2: N=25, mean=0.52 (+/-0.199877).
Game Durations: N=50, mean=155.84 (+/-4.969519).
P1: N=25, mean=157.6 (+/-7.378757).
P2: N=25, mean=154.08 (+/-6.738311).

Agent 2 (SHUCT)
Winning score (between 0 and 1) : N=50, mean=0.54 (+/-0.139548).
P1: N=25, mean=0.48 (+/-0.199877).
P2: N=25, mean=0.6 (+/-0.195996).
Game Durations: N=50, mean=155.84 (+/-4.969519).
P1: N=25, mean=154.08 (+/-6.738311).
P2: N=25, mean=157.6 (+/-7.378757).
=====================================================
=====================================================
Completed 60 games.

Agent 1 (SHUCTAnyTime)
Winning score (between 0 and 1) : N=60, mean=0.45 (+/-0.126943).
P1: N=30, mean=0.433333 (+/-0.180353).
P2: N=30, mean=0.466667 (+/-0.181573).
Game Durations: N=60, mean=156.766667 (+/-4.340399).
P1: N=30, mean=158.333333 (+/-6.210985).
P2: N=30, mean=155.2 (+/-6.117917).

Agent 2 (SHUCT)
Winning score (between 0 and 1) : N=60, mean=0.55 (+/-0.126943).
P1: N=30, mean=0.533333 (+/-0.181573).
P2: N=30, mean=0.566667 (+/-0.180353).
Game Durations: N=60, mean=156.766667 (+/-4.340399).
P1: N=30, mean=155.2 (+/-6.117917).
P2: N=30, mean=158.333333 (+/-6.210985).
=====================================================
=====================================================
Completed 70 games.

Agent 1 (SHUCTAnyTime)
Winning score (between 0 and 1) : N=70, mean=0.457143 (+/-0.117542).
P1: N=35, mean=0.457143 (+/-0.167447).
P2: N=35, mean=0.457143 (+/-0.167447).
Game Durations: N=70, mean=157.4 (+/-4.007684).
P1: N=35, mean=159.085714 (+/-5.817162).
P2: N=35, mean=155.714286 (+/-5.541607).

Agent 2 (SHUCT)
Winning score (between 0 and 1) : N=70, mean=0.542857 (+/-0.117542).
P1: N=35, mean=0.542857 (+/-0.167447).
P2: N=35, mean=0.542857 (+/-0.167447).
Game Durations: N=70, mean=157.4 (+/-4.007684).
P1: N=35, mean=155.714286 (+/-5.541607).
P2: N=35, mean=159.085714 (+/-5.817162).
=====================================================
=====================================================
Completed 80 games.

Agent 1 (SHUCTAnyTime)
Winning score (between 0 and 1) : N=80, mean=0.4625 (+/-0.109946).
P1: N=40, mean=0.5 (+/-0.156922).
P2: N=40, mean=0.425 (+/-0.155147).
Game Durations: N=80, mean=157.125 (+/-3.72454).
P1: N=40, mean=158 (+/-5.596654).
P2: N=40, mean=156.25 (+/-4.972608).

Agent 2 (SHUCT)
Winning score (between 0 and 1) : N=80, mean=0.5375 (+/-0.109946).
P1: N=40, mean=0.575 (+/-0.155147).
P2: N=40, mean=0.5 (+/-0.156922).
Game Durations: N=80, mean=157.125 (+/-3.72454).
P1: N=40, mean=156.25 (+/-4.972608).
P2: N=40, mean=158 (+/-5.596654).
=====================================================
=====================================================
Completed 90 games.

Agent 1 (SHUCTAnyTime)
Winning score (between 0 and 1) : N=90, mean=0.455556 (+/-0.103466).
P1: N=45, mean=0.488889 (+/-0.147701).
P2: N=45, mean=0.422222 (+/-0.145939).
Game Durations: N=90, mean=156.577778 (+/-3.594825).
P1: N=45, mean=157.333333 (+/-5.446154).
P2: N=45, mean=155.822222 (+/-4.745333).

Agent 2 (SHUCT)
Winning score (between 0 and 1) : N=90, mean=0.544444 (+/-0.103466).
P1: N=45, mean=0.577778 (+/-0.145939).
P2: N=45, mean=0.511111 (+/-0.147701).
Game Durations: N=90, mean=156.577778 (+/-3.594825).
P1: N=45, mean=155.822222 (+/-4.745333).
P2: N=45, mean=157.333333 (+/-5.446154).
=====================================================
=====================================================
Completed 100 games.

Agent 1 (SHUCTAnyTime)
Winning score (between 0 and 1) : N=100, mean=0.44 (+/-0.09778).
P1: N=50, mean=0.48 (+/-0.139885).
P2: N=50, mean=0.4 (+/-0.137169).
Game Durations: N=100, mean=156.88 (+/-3.342603).
P1: N=50, mean=157.2 (+/-5.024942).
P2: N=50, mean=156.56 (+/-4.458916).

Agent 2 (SHUCT)
Winning score (between 0 and 1) : N=100, mean=0.56 (+/-0.09778).
P1: N=50, mean=0.6 (+/-0.137169).
P2: N=50, mean=0.52 (+/-0.139885).
Game Durations: N=100, mean=156.88 (+/-3.342603).
P1: N=50, mean=156.56 (+/-4.458916).
P2: N=50, mean=157.2 (+/-5.024942).
=====================================================
=====================================================
Completed 110 games.

Agent 1 (SHUCTAnyTime)
Winning score (between 0 and 1) : N=110, mean=0.409091 (+/-0.092301).
P1: N=55, mean=0.454545 (+/-0.132806).
P2: N=55, mean=0.363636 (+/-0.128303).
Game Durations: N=110, mean=157.272727 (+/-3.092698).
P1: N=55, mean=157.345455 (+/-4.639288).
P2: N=55, mean=157.2 (+/-4.133961).

Agent 2 (SHUCT)
Winning score (between 0 and 1) : N=110, mean=0.590909 (+/-0.092301).
P1: N=55, mean=0.636364 (+/-0.128303).
P2: N=55, mean=0.545455 (+/-0.132806).
Game Durations: N=110, mean=157.272727 (+/-3.092698).
P1: N=55, mean=157.2 (+/-4.133961).
P2: N=55, mean=157.345455 (+/-4.639288).
=====================================================
=====================================================
Completed 120 games.

Agent 1 (SHUCTAnyTime)
Winning score (between 0 and 1) : N=120, mean=0.425 (+/-0.088818).
P1: N=60, mean=0.483333 (+/-0.127512).
P2: N=60, mean=0.366667 (+/-0.122963).
Game Durations: N=120, mean=157.316667 (+/-2.919831).
P1: N=60, mean=156.7 (+/-4.365063).
P2: N=60, mean=157.933333 (+/-3.909904).

Agent 2 (SHUCT)
Winning score (between 0 and 1) : N=120, mean=0.575 (+/-0.088818).
P1: N=60, mean=0.633333 (+/-0.122963).
P2: N=60, mean=0.516667 (+/-0.127512).
Game Durations: N=120, mean=157.316667 (+/-2.919831).
P1: N=60, mean=157.933333 (+/-3.909904).
P2: N=60, mean=156.7 (+/-4.365063).
=====================================================
=====================================================
Completed 130 games.

Agent 1 (SHUCTAnyTime)
Winning score (between 0 and 1) : N=130, mean=0.430769 (+/-0.085451).
P1: N=65, mean=0.476923 (+/-0.122367).
P2: N=65, mean=0.384615 (+/-0.119191).
Game Durations: N=130, mean=157.676923 (+/-2.763626).
P1: N=65, mean=157.569231 (+/-4.123351).
P2: N=65, mean=157.784615 (+/-3.712921).

Agent 2 (SHUCT)
Winning score (between 0 and 1) : N=130, mean=0.569231 (+/-0.085451).
P1: N=65, mean=0.615385 (+/-0.119191).
P2: N=65, mean=0.523077 (+/-0.122367).
Game Durations: N=130, mean=157.676923 (+/-2.763626).
P1: N=65, mean=157.784615 (+/-3.712921).
P2: N=65, mean=157.569231 (+/-4.123351).
=====================================================
=====================================================
Completed 140 games.

Agent 1 (SHUCTAnyTime)
Winning score (between 0 and 1) : N=140, mean=0.414286 (+/-0.08189).
P1: N=70, mean=0.457143 (+/-0.117542).
P2: N=70, mean=0.371429 (+/-0.114009).
Game Durations: N=140, mean=157.257143 (+/-2.686552).
P1: N=70, mean=156.457143 (+/-4.093932).
P2: N=70, mean=158.057143 (+/-3.4997).

Agent 2 (SHUCT)
Winning score (between 0 and 1) : N=140, mean=0.585714 (+/-0.08189).
P1: N=70, mean=0.628571 (+/-0.114009).
P2: N=70, mean=0.542857 (+/-0.117542).
Game Durations: N=140, mean=157.257143 (+/-2.686552).
P1: N=70, mean=158.057143 (+/-3.4997).
P2: N=70, mean=156.457143 (+/-4.093932).
=====================================================
=====================================================
Completed 150 games.

Agent 1 (SHUCTAnyTime)
Winning score (between 0 and 1) : N=150, mean=0.413333 (+/-0.079068).
P1: N=75, mean=0.453333 (+/-0.113423).
P2: N=75, mean=0.373333 (+/-0.110204).
Game Durations: N=150, mean=157.24 (+/-2.556093).
P1: N=75, mean=156.426667 (+/-3.921539).
P2: N=75, mean=158.053333 (+/-3.296038).

Agent 2 (SHUCT)
Winning score (between 0 and 1) : N=150, mean=0.586667 (+/-0.079068).
P1: N=75, mean=0.626667 (+/-0.110204).
P2: N=75, mean=0.546667 (+/-0.113423).
Game Durations: N=150, mean=157.24 (+/-2.556093).
P1: N=75, mean=158.053333 (+/-3.296038).
P2: N=75, mean=156.426667 (+/-3.921539).
=====================================================
