Warming up...
Finished warming up!
=====================================================
Completed 1 games.

Agent 1 (SHUCTAnyTime)
Winning score (between 0 and 1) : N=1, mean=1 (+/-0).
P1: N=0, mean=0 (+/-0).
P2: N=1, mean=1 (+/-0).
Game Durations: N=1, mean=164 (+/-0).
P1: N=0, mean=0 (+/-0).
P2: N=1, mean=164 (+/-0).

Agent 2 (SHUCT)
Winning score (between 0 and 1) : N=1, mean=0 (+/-0).
P1: N=1, mean=0 (+/-0).
P2: N=0, mean=0 (+/-0).
Game Durations: N=1, mean=164 (+/-0).
P1: N=1, mean=164 (+/-0).
P2: N=0, mean=0 (+/-0).
=====================================================
=====================================================
Completed 2 games.

Agent 1 (SHUCTAnyTime)
Winning score (between 0 and 1) : N=2, mean=0.5 (+/-0.97998).
P1: N=1, mean=0 (+/-0).
P2: N=1, mean=1 (+/-0).
Game Durations: N=2, mean=154 (+/-19.5996).
P1: N=1, mean=144 (+/-0).
P2: N=1, mean=164 (+/-0).

Agent 2 (SHUCT)
Winning score (between 0 and 1) : N=2, mean=0.5 (+/-0.97998).
P1: N=1, mean=0 (+/-0).
P2: N=1, mean=1 (+/-0).
Game Durations: N=2, mean=154 (+/-19.5996).
P1: N=1, mean=164 (+/-0).
P2: N=1, mean=144 (+/-0).
=====================================================
=====================================================
Completed 3 games.

Agent 1 (SHUCTAnyTime)
Winning score (between 0 and 1) : N=3, mean=0.333333 (+/-0.65332).
P1: N=1, mean=0 (+/-0).
P2: N=2, mean=0.5 (+/-0.97998).
Game Durations: N=3, mean=139.333333 (+/-30.893126).
P1: N=1, mean=144 (+/-0).
P2: N=2, mean=137 (+/-52.91892).

Agent 2 (SHUCT)
Winning score (between 0 and 1) : N=3, mean=0.666667 (+/-0.65332).
P1: N=2, mean=0.5 (+/-0.97998).
P2: N=1, mean=1 (+/-0).
Game Durations: N=3, mean=139.333333 (+/-30.893126).
P1: N=2, mean=137 (+/-52.91892).
P2: N=1, mean=144 (+/-0).
=====================================================
=====================================================
Completed 4 games.

Agent 1 (SHUCTAnyTime)
Winning score (between 0 and 1) : N=4, mean=0.5 (+/-0.565792).
P1: N=2, mean=0.5 (+/-0.97998).
P2: N=2, mean=0.5 (+/-0.97998).
Game Durations: N=4, mean=143 (+/-22.996493).
P1: N=2, mean=149 (+/-9.7998).
P2: N=2, mean=137 (+/-52.91892).

Agent 2 (SHUCT)
Winning score (between 0 and 1) : N=4, mean=0.5 (+/-0.565792).
P1: N=2, mean=0.5 (+/-0.97998).
P2: N=2, mean=0.5 (+/-0.97998).
Game Durations: N=4, mean=143 (+/-22.996493).
P1: N=2, mean=137 (+/-52.91892).
P2: N=2, mean=149 (+/-9.7998).
=====================================================
=====================================================
Completed 5 games.

Agent 1 (SHUCTAnyTime)
Winning score (between 0 and 1) : N=5, mean=0.6 (+/-0.48009).
P1: N=2, mean=0.5 (+/-0.97998).
P2: N=3, mean=0.666667 (+/-0.65332).
Game Durations: N=5, mean=143.2 (+/-17.817319).
P1: N=2, mean=149 (+/-9.7998).
P2: N=3, mean=139.333333 (+/-30.893126).

Agent 2 (SHUCT)
Winning score (between 0 and 1) : N=5, mean=0.4 (+/-0.48009).
P1: N=3, mean=0.333333 (+/-0.65332).
P2: N=2, mean=0.5 (+/-0.97998).
Game Durations: N=5, mean=143.2 (+/-17.817319).
P1: N=3, mean=139.333333 (+/-30.893126).
P2: N=2, mean=149 (+/-9.7998).
=====================================================
=====================================================
Completed 10 games.

Agent 1 (SHUCTAnyTime)
Winning score (between 0 and 1) : N=10, mean=0.7 (+/-0.299389).
P1: N=5, mean=0.6 (+/-0.48009).
P2: N=5, mean=0.8 (+/-0.391992).
Game Durations: N=10, mean=150.8 (+/-10.74627).
P1: N=5, mean=155.6 (+/-11.1838).
P2: N=5, mean=146 (+/-18.717361).

Agent 2 (SHUCT)
Winning score (between 0 and 1) : N=10, mean=0.3 (+/-0.299389).
P1: N=5, mean=0.2 (+/-0.391992).
P2: N=5, mean=0.4 (+/-0.48009).
Game Durations: N=10, mean=150.8 (+/-10.74627).
P1: N=5, mean=146 (+/-18.717361).
P2: N=5, mean=155.6 (+/-11.1838).
=====================================================
=====================================================
Completed 20 games.

Agent 1 (SHUCTAnyTime)
Winning score (between 0 and 1) : N=20, mean=0.5 (+/-0.224823).
P1: N=10, mean=0.4 (+/-0.32006).
P2: N=10, mean=0.6 (+/-0.32006).
Game Durations: N=20, mean=156.6 (+/-7.178012).
P1: N=10, mean=160.8 (+/-7.465021).
P2: N=10, mean=152.4 (+/-12.114463).

Agent 2 (SHUCT)
Winning score (between 0 and 1) : N=20, mean=0.5 (+/-0.224823).
P1: N=10, mean=0.4 (+/-0.32006).
P2: N=10, mean=0.6 (+/-0.32006).
Game Durations: N=20, mean=156.6 (+/-7.178012).
P1: N=10, mean=152.4 (+/-12.114463).
P2: N=10, mean=160.8 (+/-7.465021).
=====================================================
=====================================================
Completed 30 games.

Agent 1 (SHUCTAnyTime)
Winning score (between 0 and 1) : N=30, mean=0.5 (+/-0.181978).
P1: N=15, mean=0.466667 (+/-0.261328).
P2: N=15, mean=0.533333 (+/-0.261328).
Game Durations: N=30, mean=155.6 (+/-5.950495).
P1: N=15, mean=158.533333 (+/-8.074026).
P2: N=15, mean=152.666667 (+/-8.762425).

Agent 2 (SHUCT)
Winning score (between 0 and 1) : N=30, mean=0.5 (+/-0.181978).
P1: N=15, mean=0.466667 (+/-0.261328).
P2: N=15, mean=0.533333 (+/-0.261328).
Game Durations: N=30, mean=155.6 (+/-5.950495).
P1: N=15, mean=152.666667 (+/-8.762425).
P2: N=15, mean=158.533333 (+/-8.074026).
=====================================================
=====================================================
Completed 40 games.

Agent 1 (SHUCTAnyTime)
Winning score (between 0 and 1) : N=40, mean=0.425 (+/-0.155147).
P1: N=20, mean=0.4 (+/-0.22028).
P2: N=20, mean=0.45 (+/-0.223696).
Game Durations: N=40, mean=155.45 (+/-5.247852).
P1: N=20, mean=155.4 (+/-7.783417).
P2: N=20, mean=155.5 (+/-7.244041).

Agent 2 (SHUCT)
Winning score (between 0 and 1) : N=40, mean=0.575 (+/-0.155147).
P1: N=20, mean=0.55 (+/-0.223696).
P2: N=20, mean=0.6 (+/-0.22028).
Game Durations: N=40, mean=155.45 (+/-5.247852).
P1: N=20, mean=155.5 (+/-7.244041).
P2: N=20, mean=155.4 (+/-7.783417).
=====================================================
=====================================================
Completed 50 games.

Agent 1 (SHUCTAnyTime)
Winning score (between 0 and 1) : N=50, mean=0.46 (+/-0.139548).
P1: N=25, mean=0.48 (+/-0.199877).
P2: N=25, mean=0.44 (+/-0.198592).
Game Durations: N=50, mean=156.24 (+/-4.30957).
P1: N=25, mean=156.8 (+/-6.344945).
P2: N=25, mean=155.68 (+/-5.956387).

Agent 2 (SHUCT)
Winning score (between 0 and 1) : N=50, mean=0.54 (+/-0.139548).
P1: N=25, mean=0.56 (+/-0.198592).
P2: N=25, mean=0.52 (+/-0.199877).
Game Durations: N=50, mean=156.24 (+/-4.30957).
P1: N=25, mean=155.68 (+/-5.956387).
P2: N=25, mean=156.8 (+/-6.344945).
=====================================================
=====================================================
Completed 60 games.

Agent 1 (SHUCTAnyTime)
Winning score (between 0 and 1) : N=60, mean=0.5 (+/-0.127583).
P1: N=30, mean=0.533333 (+/-0.181573).
P2: N=30, mean=0.466667 (+/-0.181573).
Game Durations: N=60, mean=156.333333 (+/-3.967431).
P1: N=30, mean=156.266667 (+/-5.637538).
P2: N=30, mean=156.4 (+/-5.680193).

Agent 2 (SHUCT)
Winning score (between 0 and 1) : N=60, mean=0.5 (+/-0.127583).
P1: N=30, mean=0.533333 (+/-0.181573).
P2: N=30, mean=0.466667 (+/-0.181573).
Game Durations: N=60, mean=156.333333 (+/-3.967431).
P1: N=30, mean=156.4 (+/-5.680193).
P2: N=30, mean=156.266667 (+/-5.637538).
=====================================================
=====================================================
Completed 70 games.

Agent 1 (SHUCTAnyTime)
Winning score (between 0 and 1) : N=70, mean=0.514286 (+/-0.117928).
P1: N=35, mean=0.514286 (+/-0.167997).
P2: N=35, mean=0.514286 (+/-0.167997).
Game Durations: N=70, mean=155.457143 (+/-3.764186).
P1: N=35, mean=155.2 (+/-5.534746).
P2: N=35, mean=155.714286 (+/-5.182809).

Agent 2 (SHUCT)
Winning score (between 0 and 1) : N=70, mean=0.485714 (+/-0.117928).
P1: N=35, mean=0.485714 (+/-0.167997).
P2: N=35, mean=0.485714 (+/-0.167997).
Game Durations: N=70, mean=155.457143 (+/-3.764186).
P1: N=35, mean=155.714286 (+/-5.182809).
P2: N=35, mean=155.2 (+/-5.534746).
=====================================================
=====================================================
Completed 80 games.

Agent 1 (SHUCTAnyTime)
Winning score (between 0 and 1) : N=80, mean=0.5125 (+/-0.110222).
P1: N=40, mean=0.525 (+/-0.156726).
P2: N=40, mean=0.5 (+/-0.156922).
Game Durations: N=80, mean=154.825 (+/-3.48291).
P1: N=40, mean=154.25 (+/-5.182123).
P2: N=40, mean=155.4 (+/-4.714362).

Agent 2 (SHUCT)
Winning score (between 0 and 1) : N=80, mean=0.4875 (+/-0.110222).
P1: N=40, mean=0.5 (+/-0.156922).
P2: N=40, mean=0.475 (+/-0.156726).
Game Durations: N=80, mean=154.825 (+/-3.48291).
P1: N=40, mean=155.4 (+/-4.714362).
P2: N=40, mean=154.25 (+/-5.182123).
=====================================================
=====================================================
Completed 90 games.

Agent 1 (SHUCTAnyTime)
Winning score (between 0 and 1) : N=90, mean=0.511111 (+/-0.103852).
P1: N=45, mean=0.555556 (+/-0.146823).
P2: N=45, mean=0.466667 (+/-0.147409).
Game Durations: N=90, mean=154.6 (+/-3.254362).
P1: N=45, mean=154.8 (+/-4.908643).
P2: N=45, mean=154.4 (+/-4.329335).

Agent 2 (SHUCT)
Winning score (between 0 and 1) : N=90, mean=0.488889 (+/-0.103852).
P1: N=45, mean=0.533333 (+/-0.147409).
P2: N=45, mean=0.444444 (+/-0.146823).
Game Durations: N=90, mean=154.6 (+/-3.254362).
P1: N=45, mean=154.4 (+/-4.329335).
P2: N=45, mean=154.8 (+/-4.908643).
=====================================================
=====================================================
Completed 100 games.

Agent 1 (SHUCTAnyTime)
Winning score (between 0 and 1) : N=100, mean=0.5 (+/-0.098492).
P1: N=50, mean=0.52 (+/-0.139885).
P2: N=50, mean=0.48 (+/-0.139885).
Game Durations: N=100, mean=154.28 (+/-3.04912).
P1: N=50, mean=154.96 (+/-4.454976).
P2: N=50, mean=153.6 (+/-4.201034).

Agent 2 (SHUCT)
Winning score (between 0 and 1) : N=100, mean=0.5 (+/-0.098492).
P1: N=50, mean=0.52 (+/-0.139885).
P2: N=50, mean=0.48 (+/-0.139885).
Game Durations: N=100, mean=154.28 (+/-3.04912).
P1: N=50, mean=153.6 (+/-4.201034).
P2: N=50, mean=154.96 (+/-4.454976).
=====================================================
=====================================================
Completed 110 games.

Agent 1 (SHUCTAnyTime)
Winning score (between 0 and 1) : N=110, mean=0.472727 (+/-0.093725).
P1: N=55, mean=0.509091 (+/-0.133336).
P2: N=55, mean=0.436364 (+/-0.132274).
Game Durations: N=110, mean=154.054545 (+/-2.937878).
P1: N=55, mean=155.490909 (+/-4.233653).
P2: N=55, mean=152.618182 (+/-4.077601).

Agent 2 (SHUCT)
Winning score (between 0 and 1) : N=110, mean=0.527273 (+/-0.093725).
P1: N=55, mean=0.563636 (+/-0.132274).
P2: N=55, mean=0.490909 (+/-0.133336).
Game Durations: N=110, mean=154.054545 (+/-2.937878).
P1: N=55, mean=152.618182 (+/-4.077601).
P2: N=55, mean=155.490909 (+/-4.233653).
=====================================================
=====================================================
Completed 120 games.

Agent 1 (SHUCTAnyTime)
Winning score (between 0 and 1) : N=120, mean=0.458333 (+/-0.089522).
P1: N=60, mean=0.483333 (+/-0.127512).
P2: N=60, mean=0.433333 (+/-0.126443).
Game Durations: N=120, mean=153.883333 (+/-2.813529).
P1: N=60, mean=155.1 (+/-4.010152).
P2: N=60, mean=152.666667 (+/-3.957024).

Agent 2 (SHUCT)
Winning score (between 0 and 1) : N=120, mean=0.541667 (+/-0.089522).
P1: N=60, mean=0.566667 (+/-0.126443).
P2: N=60, mean=0.516667 (+/-0.127512).
Game Durations: N=120, mean=153.883333 (+/-2.813529).
P1: N=60, mean=152.666667 (+/-3.957024).
P2: N=60, mean=155.1 (+/-4.010152).
=====================================================
=====================================================
Completed 130 games.

Agent 1 (SHUCTAnyTime)
Winning score (between 0 and 1) : N=130, mean=0.453846 (+/-0.085914).
P1: N=65, mean=0.492308 (+/-0.122483).
P2: N=65, mean=0.415385 (+/-0.120731).
Game Durations: N=130, mean=153.815385 (+/-2.71939).
P1: N=65, mean=154.830769 (+/-3.948922).
P2: N=65, mean=152.8 (+/-3.754153).

Agent 2 (SHUCT)
Winning score (between 0 and 1) : N=130, mean=0.546154 (+/-0.085914).
P1: N=65, mean=0.584615 (+/-0.120731).
P2: N=65, mean=0.507692 (+/-0.122483).
Game Durations: N=130, mean=153.815385 (+/-2.71939).
P1: N=65, mean=152.8 (+/-3.754153).
P2: N=65, mean=154.830769 (+/-3.948922).
=====================================================
=====================================================
Completed 140 games.

Agent 1 (SHUCTAnyTime)
Winning score (between 0 and 1) : N=140, mean=0.45 (+/-0.082704).
P1: N=70, mean=0.457143 (+/-0.117542).
P2: N=70, mean=0.442857 (+/-0.117203).
Game Durations: N=140, mean=153.157143 (+/-2.642015).
P1: N=70, mean=153.942857 (+/-3.936095).
P2: N=70, mean=152.371429 (+/-3.544251).

Agent 2 (SHUCT)
Winning score (between 0 and 1) : N=140, mean=0.55 (+/-0.082704).
P1: N=70, mean=0.557143 (+/-0.117203).
P2: N=70, mean=0.542857 (+/-0.117542).
Game Durations: N=140, mean=153.157143 (+/-2.642015).
P1: N=70, mean=152.371429 (+/-3.544251).
P2: N=70, mean=153.942857 (+/-3.936095).
=====================================================
=====================================================
Completed 150 games.

Agent 1 (SHUCTAnyTime)
Winning score (between 0 and 1) : N=150, mean=0.46 (+/-0.080026).
P1: N=75, mean=0.466667 (+/-0.113667).
P2: N=75, mean=0.453333 (+/-0.113423).
Game Durations: N=150, mean=153.306667 (+/-2.53457).
P1: N=75, mean=153.626667 (+/-3.762574).
P2: N=75, mean=152.986667 (+/-3.420848).

Agent 2 (SHUCT)
Winning score (between 0 and 1) : N=150, mean=0.54 (+/-0.080026).
P1: N=75, mean=0.546667 (+/-0.113423).
P2: N=75, mean=0.533333 (+/-0.113667).
Game Durations: N=150, mean=153.306667 (+/-2.53457).
P1: N=75, mean=152.986667 (+/-3.420848).
P2: N=75, mean=153.626667 (+/-3.762574).
=====================================================
