Warming up...
Finished warming up!
=====================================================
Completed 1 games.

Agent 1 (SHUCTAnyTime)
Winning score (between 0 and 1) : N=1, mean=0 (+/-0).
P1: N=0, mean=0 (+/-0).
P2: N=1, mean=0 (+/-0).
Game Durations: N=1, mean=142 (+/-0).
P1: N=0, mean=0 (+/-0).
P2: N=1, mean=142 (+/-0).

Agent 2 (SHUCT)
Winning score (between 0 and 1) : N=1, mean=1 (+/-0).
P1: N=1, mean=1 (+/-0).
P2: N=0, mean=0 (+/-0).
Game Durations: N=1, mean=142 (+/-0).
P1: N=1, mean=142 (+/-0).
P2: N=0, mean=0 (+/-0).
=====================================================
=====================================================
Completed 2 games.

Agent 1 (SHUCTAnyTime)
Winning score (between 0 and 1) : N=2, mean=0.5 (+/-0.97998).
P1: N=1, mean=1 (+/-0).
P2: N=1, mean=0 (+/-0).
Game Durations: N=2, mean=146 (+/-7.83984).
P1: N=1, mean=150 (+/-0).
P2: N=1, mean=142 (+/-0).

Agent 2 (SHUCT)
Winning score (between 0 and 1) : N=2, mean=0.5 (+/-0.97998).
P1: N=1, mean=1 (+/-0).
P2: N=1, mean=0 (+/-0).
Game Durations: N=2, mean=146 (+/-7.83984).
P1: N=1, mean=142 (+/-0).
P2: N=1, mean=150 (+/-0).
=====================================================
=====================================================
Completed 3 games.

Agent 1 (SHUCTAnyTime)
Winning score (between 0 and 1) : N=3, mean=0.666667 (+/-0.65332).
P1: N=1, mean=1 (+/-0).
P2: N=2, mean=0.5 (+/-0.97998).
Game Durations: N=3, mean=154.666667 (+/-17.579043).
P1: N=1, mean=150 (+/-0).
P2: N=2, mean=157 (+/-29.3994).

Agent 2 (SHUCT)
Winning score (between 0 and 1) : N=3, mean=0.333333 (+/-0.65332).
P1: N=2, mean=0.5 (+/-0.97998).
P2: N=1, mean=0 (+/-0).
Game Durations: N=3, mean=154.666667 (+/-17.579043).
P1: N=2, mean=157 (+/-29.3994).
P2: N=1, mean=150 (+/-0).
=====================================================
=====================================================
Completed 4 games.

Agent 1 (SHUCTAnyTime)
Winning score (between 0 and 1) : N=4, mean=0.75 (+/-0.48999).
P1: N=2, mean=1 (+/-0).
P2: N=2, mean=0.5 (+/-0.97998).
Game Durations: N=4, mean=155.5 (+/-12.537107).
P1: N=2, mean=154 (+/-7.83984).
P2: N=2, mean=157 (+/-29.3994).

Agent 2 (SHUCT)
Winning score (between 0 and 1) : N=4, mean=0.25 (+/-0.48999).
P1: N=2, mean=0.5 (+/-0.97998).
P2: N=2, mean=0 (+/-0).
Game Durations: N=4, mean=155.5 (+/-12.537107).
P1: N=2, mean=157 (+/-29.3994).
P2: N=2, mean=154 (+/-7.83984).
=====================================================
=====================================================
Completed 5 games.

Agent 1 (SHUCTAnyTime)
Winning score (between 0 and 1) : N=5, mean=0.6 (+/-0.48009).
P1: N=2, mean=1 (+/-0).
P2: N=3, mean=0.333333 (+/-0.65332).
Game Durations: N=5, mean=158.4 (+/-11.252287).
P1: N=2, mean=154 (+/-7.83984).
P2: N=3, mean=161.333333 (+/-18.980042).

Agent 2 (SHUCT)
Winning score (between 0 and 1) : N=5, mean=0.4 (+/-0.48009).
P1: N=3, mean=0.666667 (+/-0.65332).
P2: N=2, mean=0 (+/-0).
Game Durations: N=5, mean=158.4 (+/-11.252287).
P1: N=3, mean=161.333333 (+/-18.980042).
P2: N=2, mean=154 (+/-7.83984).
=====================================================
=====================================================
Completed 10 games.

Agent 1 (SHUCTAnyTime)
Winning score (between 0 and 1) : N=10, mean=0.5 (+/-0.32666).
P1: N=5, mean=0.4 (+/-0.48009).
P2: N=5, mean=0.6 (+/-0.48009).
Game Durations: N=10, mean=161.2 (+/-7.39609).
P1: N=5, mean=162.4 (+/-11.455291).
P2: N=5, mean=160 (+/-10.591041).

Agent 2 (SHUCT)
Winning score (between 0 and 1) : N=10, mean=0.5 (+/-0.32666).
P1: N=5, mean=0.4 (+/-0.48009).
P2: N=5, mean=0.6 (+/-0.48009).
Game Durations: N=10, mean=161.2 (+/-7.39609).
P1: N=5, mean=160 (+/-10.591041).
P2: N=5, mean=162.4 (+/-11.455291).
=====================================================
=====================================================
Completed 20 games.

Agent 1 (SHUCTAnyTime)
Winning score (between 0 and 1) : N=20, mean=0.35 (+/-0.214467).
P1: N=10, mean=0.2 (+/-0.261328).
P2: N=10, mean=0.5 (+/-0.32666).
Game Durations: N=20, mean=162.9 (+/-4.745626).
P1: N=10, mean=160.4 (+/-6.422504).
P2: N=10, mean=165.4 (+/-6.964526).

Agent 2 (SHUCT)
Winning score (between 0 and 1) : N=20, mean=0.65 (+/-0.214467).
P1: N=10, mean=0.5 (+/-0.32666).
P2: N=10, mean=0.8 (+/-0.261328).
Game Durations: N=20, mean=162.9 (+/-4.745626).
P1: N=10, mean=165.4 (+/-6.964526).
P2: N=10, mean=160.4 (+/-6.422504).
=====================================================
=====================================================
Completed 30 games.

Agent 1 (SHUCTAnyTime)
Winning score (between 0 and 1) : N=30, mean=0.4 (+/-0.178301).
P1: N=15, mean=0.266667 (+/-0.231643).
P2: N=15, mean=0.533333 (+/-0.261328).
Game Durations: N=30, mean=160.733333 (+/-4.011149).
P1: N=15, mean=159.466667 (+/-5.483442).
P2: N=15, mean=162 (+/-5.975544).

Agent 2 (SHUCT)
Winning score (between 0 and 1) : N=30, mean=0.6 (+/-0.178301).
P1: N=15, mean=0.466667 (+/-0.261328).
P2: N=15, mean=0.733333 (+/-0.231643).
Game Durations: N=30, mean=160.733333 (+/-4.011149).
P1: N=15, mean=162 (+/-5.975544).
P2: N=15, mean=159.466667 (+/-5.483442).
=====================================================
=====================================================
Completed 40 games.

Agent 1 (SHUCTAnyTime)
Winning score (between 0 and 1) : N=40, mean=0.375 (+/-0.151939).
P1: N=20, mean=0.35 (+/-0.214467).
P2: N=20, mean=0.4 (+/-0.22028).
Game Durations: N=40, mean=158.55 (+/-4.161226).
P1: N=20, mean=158.1 (+/-6.220568).
P2: N=20, mean=159 (+/-5.684062).

Agent 2 (SHUCT)
Winning score (between 0 and 1) : N=40, mean=0.625 (+/-0.151939).
P1: N=20, mean=0.6 (+/-0.22028).
P2: N=20, mean=0.65 (+/-0.214467).
Game Durations: N=40, mean=158.55 (+/-4.161226).
P1: N=20, mean=159 (+/-5.684062).
P2: N=20, mean=158.1 (+/-6.220568).
=====================================================
=====================================================
Completed 50 games.

Agent 1 (SHUCTAnyTime)
Winning score (between 0 and 1) : N=50, mean=0.36 (+/-0.134397).
P1: N=25, mean=0.36 (+/-0.192036).
P2: N=25, mean=0.36 (+/-0.192036).
Game Durations: N=50, mean=157.08 (+/-3.8849).
P1: N=25, mean=154.96 (+/-6.035149).
P2: N=25, mean=159.2 (+/-4.875011).

Agent 2 (SHUCT)
Winning score (between 0 and 1) : N=50, mean=0.64 (+/-0.134397).
P1: N=25, mean=0.64 (+/-0.192036).
P2: N=25, mean=0.64 (+/-0.192036).
Game Durations: N=50, mean=157.08 (+/-3.8849).
P1: N=25, mean=159.2 (+/-4.875011).
P2: N=25, mean=154.96 (+/-6.035149).
=====================================================
=====================================================
Completed 60 games.

Agent 1 (SHUCTAnyTime)
Winning score (between 0 and 1) : N=60, mean=0.35 (+/-0.121706).
P1: N=30, mean=0.366667 (+/-0.175388).
P2: N=30, mean=0.333333 (+/-0.17157).
Game Durations: N=60, mean=156.766667 (+/-3.678971).
P1: N=30, mean=155 (+/-5.755408).
P2: N=30, mean=158.533333 (+/-4.595777).

Agent 2 (SHUCT)
Winning score (between 0 and 1) : N=60, mean=0.65 (+/-0.121706).
P1: N=30, mean=0.666667 (+/-0.17157).
P2: N=30, mean=0.633333 (+/-0.175388).
Game Durations: N=60, mean=156.766667 (+/-3.678971).
P1: N=30, mean=158.533333 (+/-4.595777).
P2: N=30, mean=155 (+/-5.755408).
=====================================================
=====================================================
Completed 70 games.

Agent 1 (SHUCTAnyTime)
Winning score (between 0 and 1) : N=70, mean=0.342857 (+/-0.111998).
P1: N=35, mean=0.342857 (+/-0.159549).
P2: N=35, mean=0.342857 (+/-0.159549).
Game Durations: N=70, mean=157 (+/-3.446369).
P1: N=35, mean=154.971429 (+/-5.357329).
P2: N=35, mean=159.028571 (+/-4.310179).

Agent 2 (SHUCT)
Winning score (between 0 and 1) : N=70, mean=0.657143 (+/-0.111998).
P1: N=35, mean=0.657143 (+/-0.159549).
P2: N=35, mean=0.657143 (+/-0.159549).
Game Durations: N=70, mean=157 (+/-3.446369).
P1: N=35, mean=159.028571 (+/-4.310179).
P2: N=35, mean=154.971429 (+/-5.357329).
=====================================================
=====================================================
Completed 80 games.

Agent 1 (SHUCTAnyTime)
Winning score (between 0 and 1) : N=80, mean=0.375 (+/-0.106755).
P1: N=40, mean=0.4 (+/-0.153752).
P2: N=40, mean=0.35 (+/-0.149694).
Game Durations: N=80, mean=156.75 (+/-3.188964).
P1: N=40, mean=154.1 (+/-4.962222).
P2: N=40, mean=159.4 (+/-3.897745).

Agent 2 (SHUCT)
Winning score (between 0 and 1) : N=80, mean=0.625 (+/-0.106755).
P1: N=40, mean=0.65 (+/-0.149694).
P2: N=40, mean=0.6 (+/-0.153752).
Game Durations: N=80, mean=156.75 (+/-3.188964).
P1: N=40, mean=159.4 (+/-3.897745).
P2: N=40, mean=154.1 (+/-4.962222).
=====================================================
=====================================================
Completed 90 games.

Agent 1 (SHUCTAnyTime)
Winning score (between 0 and 1) : N=90, mean=0.377778 (+/-0.100726).
P1: N=45, mean=0.4 (+/-0.144753).
P2: N=45, mean=0.355556 (+/-0.141438).
Game Durations: N=90, mean=156.066667 (+/-3.051765).
P1: N=45, mean=153.333333 (+/-4.582564).
P2: N=45, mean=158.8 (+/-3.920712).

Agent 2 (SHUCT)
Winning score (between 0 and 1) : N=90, mean=0.622222 (+/-0.100726).
P1: N=45, mean=0.644444 (+/-0.141438).
P2: N=45, mean=0.6 (+/-0.144753).
Game Durations: N=90, mean=156.066667 (+/-3.051765).
P1: N=45, mean=158.8 (+/-3.920712).
P2: N=45, mean=153.333333 (+/-4.582564).
=====================================================
=====================================================
Completed 100 games.

Agent 1 (SHUCTAnyTime)
Winning score (between 0 and 1) : N=100, mean=0.37 (+/-0.095104).
P1: N=50, mean=0.38 (+/-0.135905).
P2: N=50, mean=0.36 (+/-0.134397).
Game Durations: N=100, mean=156.22 (+/-2.979022).
P1: N=50, mean=152.52 (+/-4.431785).
P2: N=50, mean=159.92 (+/-3.751439).

Agent 2 (SHUCT)
Winning score (between 0 and 1) : N=100, mean=0.63 (+/-0.095104).
P1: N=50, mean=0.64 (+/-0.134397).
P2: N=50, mean=0.62 (+/-0.135905).
Game Durations: N=100, mean=156.22 (+/-2.979022).
P1: N=50, mean=159.92 (+/-3.751439).
P2: N=50, mean=152.52 (+/-4.431785).
=====================================================
=====================================================
Completed 110 games.

Agent 1 (SHUCTAnyTime)
Winning score (between 0 and 1) : N=110, mean=0.381818 (+/-0.091205).
P1: N=55, mean=0.418182 (+/-0.131561).
P2: N=55, mean=0.345455 (+/-0.126828).
Game Durations: N=110, mean=156.563636 (+/-2.8184).
P1: N=55, mean=153.709091 (+/-4.281289).
P2: N=55, mean=159.418182 (+/-3.546683).

Agent 2 (SHUCT)
Winning score (between 0 and 1) : N=110, mean=0.618182 (+/-0.091205).
P1: N=55, mean=0.654545 (+/-0.126828).
P2: N=55, mean=0.581818 (+/-0.131561).
Game Durations: N=110, mean=156.563636 (+/-2.8184).
P1: N=55, mean=159.418182 (+/-3.546683).
P2: N=55, mean=153.709091 (+/-4.281289).
=====================================================
=====================================================
Completed 120 games.

Agent 1 (SHUCTAnyTime)
Winning score (between 0 and 1) : N=120, mean=0.383333 (+/-0.087355).
P1: N=60, mean=0.416667 (+/-0.125798).
P2: N=60, mean=0.35 (+/-0.121706).
Game Durations: N=120, mean=156.4 (+/-2.72624).
P1: N=60, mean=153.433333 (+/-4.190814).
P2: N=60, mean=159.366667 (+/-3.357455).

Agent 2 (SHUCT)
Winning score (between 0 and 1) : N=120, mean=0.616667 (+/-0.087355).
P1: N=60, mean=0.65 (+/-0.121706).
P2: N=60, mean=0.583333 (+/-0.125798).
Game Durations: N=120, mean=156.4 (+/-2.72624).
P1: N=60, mean=159.366667 (+/-3.357455).
P2: N=60, mean=153.433333 (+/-4.190814).
=====================================================
=====================================================
Completed 130 games.

Agent 1 (SHUCTAnyTime)
Winning score (between 0 and 1) : N=130, mean=0.384615 (+/-0.083954).
P1: N=65, mean=0.4 (+/-0.120023).
P2: N=65, mean=0.369231 (+/-0.118234).
Game Durations: N=130, mean=156.169231 (+/-2.761381).
P1: N=65, mean=154.030769 (+/-4.076503).
P2: N=65, mean=158.307692 (+/-3.684066).

Agent 2 (SHUCT)
Winning score (between 0 and 1) : N=130, mean=0.615385 (+/-0.083954).
P1: N=65, mean=0.630769 (+/-0.118234).
P2: N=65, mean=0.6 (+/-0.120023).
Game Durations: N=130, mean=156.169231 (+/-2.761381).
P1: N=65, mean=158.307692 (+/-3.684066).
P2: N=65, mean=154.030769 (+/-4.076503).
=====================================================
=====================================================
Completed 140 games.

Agent 1 (SHUCTAnyTime)
Winning score (between 0 and 1) : N=140, mean=0.385714 (+/-0.08092).
P1: N=70, mean=0.4 (+/-0.115592).
P2: N=70, mean=0.371429 (+/-0.114009).
Game Durations: N=140, mean=156 (+/-2.739422).
P1: N=70, mean=153.828571 (+/-4.077247).
P2: N=70, mean=158.171429 (+/-3.617501).

Agent 2 (SHUCT)
Winning score (between 0 and 1) : N=140, mean=0.614286 (+/-0.08092).
P1: N=70, mean=0.628571 (+/-0.114009).
P2: N=70, mean=0.6 (+/-0.115592).
Game Durations: N=140, mean=156 (+/-2.739422).
P1: N=70, mean=158.171429 (+/-3.617501).
P2: N=70, mean=153.828571 (+/-4.077247).
=====================================================
=====================================================
Completed 150 games.

Agent 1 (SHUCTAnyTime)
Winning score (between 0 and 1) : N=150, mean=0.4 (+/-0.078661).
P1: N=75, mean=0.413333 (+/-0.112196).
P2: N=75, mean=0.386667 (+/-0.110955).
Game Durations: N=150, mean=156.546667 (+/-2.614393).
P1: N=75, mean=154.266667 (+/-3.874692).
P2: N=75, mean=158.826667 (+/-3.460054).

Agent 2 (SHUCT)
Winning score (between 0 and 1) : N=150, mean=0.6 (+/-0.078661).
P1: N=75, mean=0.613333 (+/-0.110955).
P2: N=75, mean=0.586667 (+/-0.112196).
Game Durations: N=150, mean=156.546667 (+/-2.614393).
P1: N=75, mean=158.826667 (+/-3.460054).
P2: N=75, mean=154.266667 (+/-3.874692).
=====================================================
