Warming up...
Finished warming up!
=====================================================
Completed 1 games.

Agent 1 (SHUCTAnyTime)
Winning score (between 0 and 1) : N=1, mean=1 (+/-0).
P1: N=1, mean=1 (+/-0).
P2: N=0, mean=0 (+/-0).
Game Durations: N=1, mean=29 (+/-0).
P1: N=1, mean=29 (+/-0).
P2: N=0, mean=0 (+/-0).

Agent 2 (Example UCT)
Winning score (between 0 and 1) : N=1, mean=0 (+/-0).
P1: N=0, mean=0 (+/-0).
P2: N=1, mean=0 (+/-0).
Game Durations: N=1, mean=29 (+/-0).
P1: N=0, mean=0 (+/-0).
P2: N=1, mean=29 (+/-0).
=====================================================
=====================================================
Completed 2 games.

Agent 1 (SHUCTAnyTime)
Winning score (between 0 and 1) : N=2, mean=0.5 (+/-0.97998).
P1: N=1, mean=1 (+/-0).
P2: N=1, mean=0 (+/-0).
Game Durations: N=2, mean=43 (+/-27.43944).
P1: N=1, mean=29 (+/-0).
P2: N=1, mean=57 (+/-0).

Agent 2 (Example UCT)
Winning score (between 0 and 1) : N=2, mean=0.5 (+/-0.97998).
P1: N=1, mean=1 (+/-0).
P2: N=1, mean=0 (+/-0).
Game Durations: N=2, mean=43 (+/-27.43944).
P1: N=1, mean=57 (+/-0).
P2: N=1, mean=29 (+/-0).
=====================================================
=====================================================
Completed 3 games.

Agent 1 (SHUCTAnyTime)
Winning score (between 0 and 1) : N=3, mean=0.666667 (+/-0.65332).
P1: N=2, mean=1 (+/-0).
P2: N=1, mean=0 (+/-0).
Game Durations: N=3, mean=41 (+/-16.319928).
P1: N=2, mean=33 (+/-7.83984).
P2: N=1, mean=57 (+/-0).

Agent 2 (Example UCT)
Winning score (between 0 and 1) : N=3, mean=0.333333 (+/-0.65332).
P1: N=1, mean=1 (+/-0).
P2: N=2, mean=0 (+/-0).
Game Durations: N=3, mean=41 (+/-16.319928).
P1: N=1, mean=57 (+/-0).
P2: N=2, mean=33 (+/-7.83984).
=====================================================
=====================================================
Completed 4 games.

Agent 1 (SHUCTAnyTime)
Winning score (between 0 and 1) : N=4, mean=0.5 (+/-0.565792).
P1: N=2, mean=1 (+/-0).
P2: N=2, mean=0 (+/-0).
Game Durations: N=4, mean=39 (+/-12.187527).
P1: N=2, mean=33 (+/-7.83984).
P2: N=2, mean=45 (+/-23.51952).

Agent 2 (Example UCT)
Winning score (between 0 and 1) : N=4, mean=0.5 (+/-0.565792).
P1: N=2, mean=1 (+/-0).
P2: N=2, mean=0 (+/-0).
Game Durations: N=4, mean=39 (+/-12.187527).
P1: N=2, mean=45 (+/-23.51952).
P2: N=2, mean=33 (+/-7.83984).
=====================================================
=====================================================
Completed 5 games.

Agent 1 (SHUCTAnyTime)
Winning score (between 0 and 1) : N=5, mean=0.4 (+/-0.48009).
P1: N=3, mean=0.666667 (+/-0.65332).
P2: N=2, mean=0 (+/-0).
Game Durations: N=5, mean=41.2 (+/-10.378539).
P1: N=3, mean=38.666667 (+/-11.993361).
P2: N=2, mean=45 (+/-23.51952).

Agent 2 (Example UCT)
Winning score (between 0 and 1) : N=5, mean=0.6 (+/-0.48009).
P1: N=2, mean=1 (+/-0).
P2: N=3, mean=0.333333 (+/-0.65332).
Game Durations: N=5, mean=41.2 (+/-10.378539).
P1: N=2, mean=45 (+/-23.51952).
P2: N=3, mean=38.666667 (+/-11.993361).
=====================================================
=====================================================
Completed 10 games.

Agent 1 (SHUCTAnyTime)
Winning score (between 0 and 1) : N=10, mean=0.7 (+/-0.299389).
P1: N=5, mean=0.8 (+/-0.391992).
P2: N=5, mean=0.6 (+/-0.48009).
Game Durations: N=10, mean=39 (+/-7.379914).
P1: N=5, mean=33.2 (+/-10.525551).
P2: N=5, mean=44.8 (+/-8.347681).

Agent 2 (Example UCT)
Winning score (between 0 and 1) : N=10, mean=0.3 (+/-0.299389).
P1: N=5, mean=0.4 (+/-0.48009).
P2: N=5, mean=0.2 (+/-0.391992).
Game Durations: N=10, mean=39 (+/-7.379914).
P1: N=5, mean=44.8 (+/-8.347681).
P2: N=5, mean=33.2 (+/-10.525551).
=====================================================
=====================================================
Completed 20 games.

Agent 1 (SHUCTAnyTime)
Winning score (between 0 and 1) : N=20, mean=0.65 (+/-0.214467).
P1: N=10, mean=0.8 (+/-0.261328).
P2: N=10, mean=0.5 (+/-0.32666).
Game Durations: N=20, mean=38.85 (+/-3.969317).
P1: N=10, mean=35.8 (+/-5.448861).
P2: N=10, mean=41.9 (+/-5.375121).

Agent 2 (Example UCT)
Winning score (between 0 and 1) : N=20, mean=0.35 (+/-0.214467).
P1: N=10, mean=0.5 (+/-0.32666).
P2: N=10, mean=0.2 (+/-0.261328).
Game Durations: N=20, mean=38.85 (+/-3.969317).
P1: N=10, mean=41.9 (+/-5.375121).
P2: N=10, mean=35.8 (+/-5.448861).
=====================================================
=====================================================
Completed 30 games.

Agent 1 (SHUCTAnyTime)
Winning score (between 0 and 1) : N=30, mean=0.6 (+/-0.178301).
P1: N=15, mean=0.666667 (+/-0.246932).
P2: N=15, mean=0.533333 (+/-0.261328).
Game Durations: N=30, mean=38.433333 (+/-3.268424).
P1: N=15, mean=37.333333 (+/-3.92769).
P2: N=15, mean=39.533333 (+/-5.307137).

Agent 2 (Example UCT)
Winning score (between 0 and 1) : N=30, mean=0.4 (+/-0.178301).
P1: N=15, mean=0.466667 (+/-0.261328).
P2: N=15, mean=0.333333 (+/-0.246932).
Game Durations: N=30, mean=38.433333 (+/-3.268424).
P1: N=15, mean=39.533333 (+/-5.307137).
P2: N=15, mean=37.333333 (+/-3.92769).
=====================================================
=====================================================
Completed 40 games.

Agent 1 (SHUCTAnyTime)
Winning score (between 0 and 1) : N=40, mean=0.575 (+/-0.155147).
P1: N=20, mean=0.65 (+/-0.214467).
P2: N=20, mean=0.5 (+/-0.224823).
Game Durations: N=40, mean=37.425 (+/-3.099674).
P1: N=20, mean=35.05 (+/-3.93915).
P2: N=20, mean=39.8 (+/-4.652475).

Agent 2 (Example UCT)
Winning score (between 0 and 1) : N=40, mean=0.425 (+/-0.155147).
P1: N=20, mean=0.5 (+/-0.224823).
P2: N=20, mean=0.35 (+/-0.214467).
Game Durations: N=40, mean=37.425 (+/-3.099674).
P1: N=20, mean=39.8 (+/-4.652475).
P2: N=20, mean=35.05 (+/-3.93915).
=====================================================
=====================================================
Completed 50 games.

Agent 1 (SHUCTAnyTime)
Winning score (between 0 and 1) : N=50, mean=0.6 (+/-0.137169).
P1: N=25, mean=0.68 (+/-0.186626).
P2: N=25, mean=0.52 (+/-0.199877).
Game Durations: N=50, mean=37.58 (+/-2.646851).
P1: N=25, mean=35.64 (+/-3.388861).
P2: N=25, mean=39.52 (+/-3.989726).

Agent 2 (Example UCT)
Winning score (between 0 and 1) : N=50, mean=0.4 (+/-0.137169).
P1: N=25, mean=0.48 (+/-0.199877).
P2: N=25, mean=0.32 (+/-0.186626).
Game Durations: N=50, mean=37.58 (+/-2.646851).
P1: N=25, mean=39.52 (+/-3.989726).
P2: N=25, mean=35.64 (+/-3.388861).
=====================================================
=====================================================
Completed 60 games.

Agent 1 (SHUCTAnyTime)
Winning score (between 0 and 1) : N=60, mean=0.583333 (+/-0.125798).
P1: N=30, mean=0.633333 (+/-0.175388).
P2: N=30, mean=0.533333 (+/-0.181573).
Game Durations: N=60, mean=37.65 (+/-2.488274).
P1: N=30, mean=35.5 (+/-3.003827).
P2: N=30, mean=39.8 (+/-3.865931).

Agent 2 (Example UCT)
Winning score (between 0 and 1) : N=60, mean=0.416667 (+/-0.125798).
P1: N=30, mean=0.466667 (+/-0.181573).
P2: N=30, mean=0.366667 (+/-0.175388).
Game Durations: N=60, mean=37.65 (+/-2.488274).
P1: N=30, mean=39.8 (+/-3.865931).
P2: N=30, mean=35.5 (+/-3.003827).
=====================================================
=====================================================
Completed 70 games.

Agent 1 (SHUCTAnyTime)
Winning score (between 0 and 1) : N=70, mean=0.571429 (+/-0.116766).
P1: N=35, mean=0.628571 (+/-0.162414).
P2: N=35, mean=0.514286 (+/-0.167997).
Game Durations: N=70, mean=37.871429 (+/-2.229504).
P1: N=35, mean=35.885714 (+/-2.720991).
P2: N=35, mean=39.857143 (+/-3.446787).

Agent 2 (Example UCT)
Winning score (between 0 and 1) : N=70, mean=0.428571 (+/-0.116766).
P1: N=35, mean=0.485714 (+/-0.167997).
P2: N=35, mean=0.371429 (+/-0.162414).
Game Durations: N=70, mean=37.871429 (+/-2.229504).
P1: N=35, mean=39.857143 (+/-3.446787).
P2: N=35, mean=35.885714 (+/-2.720991).
=====================================================
=====================================================
Completed 80 games.

Agent 1 (SHUCTAnyTime)
Winning score (between 0 and 1) : N=80, mean=0.5875 (+/-0.108555).
P1: N=40, mean=0.65 (+/-0.149694).
P2: N=40, mean=0.525 (+/-0.156726).
Game Durations: N=80, mean=38.3375 (+/-2.112192).
P1: N=40, mean=36.55 (+/-2.588934).
P2: N=40, mean=40.125 (+/-3.277528).

Agent 2 (Example UCT)
Winning score (between 0 and 1) : N=80, mean=0.4125 (+/-0.108555).
P1: N=40, mean=0.475 (+/-0.156726).
P2: N=40, mean=0.35 (+/-0.149694).
Game Durations: N=80, mean=38.3375 (+/-2.112192).
P1: N=40, mean=40.125 (+/-3.277528).
P2: N=40, mean=36.55 (+/-2.588934).
=====================================================
=====================================================
Completed 90 games.

Agent 1 (SHUCTAnyTime)
Winning score (between 0 and 1) : N=90, mean=0.577778 (+/-0.102613).
P1: N=45, mean=0.644444 (+/-0.141438).
P2: N=45, mean=0.511111 (+/-0.147701).
Game Durations: N=90, mean=38.455556 (+/-1.947481).
P1: N=45, mean=36.733333 (+/-2.332736).
P2: N=45, mean=40.177778 (+/-3.063259).

Agent 2 (Example UCT)
Winning score (between 0 and 1) : N=90, mean=0.422222 (+/-0.102613).
P1: N=45, mean=0.488889 (+/-0.147701).
P2: N=45, mean=0.355556 (+/-0.141438).
Game Durations: N=90, mean=38.455556 (+/-1.947481).
P1: N=45, mean=40.177778 (+/-3.063259).
P2: N=45, mean=36.733333 (+/-2.332736).
=====================================================
=====================================================
Completed 100 games.

Agent 1 (SHUCTAnyTime)
Winning score (between 0 and 1) : N=100, mean=0.56 (+/-0.09778).
P1: N=50, mean=0.62 (+/-0.135905).
P2: N=50, mean=0.5 (+/-0.139997).
Game Durations: N=100, mean=38.46 (+/-1.829173).
P1: N=50, mean=37.22 (+/-2.34547).
P2: N=50, mean=39.7 (+/-2.788861).

Agent 2 (Example UCT)
Winning score (between 0 and 1) : N=100, mean=0.44 (+/-0.09778).
P1: N=50, mean=0.5 (+/-0.139997).
P2: N=50, mean=0.38 (+/-0.135905).
Game Durations: N=100, mean=38.46 (+/-1.829173).
P1: N=50, mean=39.7 (+/-2.788861).
P2: N=50, mean=37.22 (+/-2.34547).
=====================================================
=====================================================
Completed 110 games.

Agent 1 (SHUCTAnyTime)
Winning score (between 0 and 1) : N=110, mean=0.545455 (+/-0.093476).
P1: N=55, mean=0.581818 (+/-0.131561).
P2: N=55, mean=0.509091 (+/-0.133336).
Game Durations: N=110, mean=38.609091 (+/-1.746284).
P1: N=55, mean=37.345455 (+/-2.351852).
P2: N=55, mean=39.872727 (+/-2.559801).

Agent 2 (Example UCT)
Winning score (between 0 and 1) : N=110, mean=0.454545 (+/-0.093476).
P1: N=55, mean=0.490909 (+/-0.133336).
P2: N=55, mean=0.418182 (+/-0.131561).
Game Durations: N=110, mean=38.609091 (+/-1.746284).
P1: N=55, mean=39.872727 (+/-2.559801).
P2: N=55, mean=37.345455 (+/-2.351852).
=====================================================
=====================================================
Completed 120 games.

Agent 1 (SHUCTAnyTime)
Winning score (between 0 and 1) : N=120, mean=0.575 (+/-0.088818).
P1: N=60, mean=0.6 (+/-0.125005).
P2: N=60, mean=0.55 (+/-0.126943).
Game Durations: N=120, mean=38.575 (+/-1.634507).
P1: N=60, mean=37.233333 (+/-2.184292).
P2: N=60, mean=39.916667 (+/-2.40239).

Agent 2 (Example UCT)
Winning score (between 0 and 1) : N=120, mean=0.425 (+/-0.088818).
P1: N=60, mean=0.45 (+/-0.126943).
P2: N=60, mean=0.4 (+/-0.125005).
Game Durations: N=120, mean=38.575 (+/-1.634507).
P1: N=60, mean=39.916667 (+/-2.40239).
P2: N=60, mean=37.233333 (+/-2.184292).
=====================================================
=====================================================
Completed 130 games.

Agent 1 (SHUCTAnyTime)
Winning score (between 0 and 1) : N=130, mean=0.569231 (+/-0.085451).
P1: N=65, mean=0.6 (+/-0.120023).
P2: N=65, mean=0.538462 (+/-0.122135).
Game Durations: N=130, mean=38.607692 (+/-1.588303).
P1: N=65, mean=37.676923 (+/-2.157372).
P2: N=65, mean=39.538462 (+/-2.326243).

Agent 2 (Example UCT)
Winning score (between 0 and 1) : N=130, mean=0.430769 (+/-0.085451).
P1: N=65, mean=0.461538 (+/-0.122135).
P2: N=65, mean=0.4 (+/-0.120023).
Game Durations: N=130, mean=38.607692 (+/-1.588303).
P1: N=65, mean=39.538462 (+/-2.326243).
P2: N=65, mean=37.676923 (+/-2.157372).
=====================================================
=====================================================
Completed 140 games.

Agent 1 (SHUCTAnyTime)
Winning score (between 0 and 1) : N=140, mean=0.564286 (+/-0.082431).
P1: N=70, mean=0.585714 (+/-0.116229).
P2: N=70, mean=0.542857 (+/-0.117542).
Game Durations: N=140, mean=38.421429 (+/-1.526745).
P1: N=70, mean=37.785714 (+/-2.041021).
P2: N=70, mean=39.057143 (+/-2.276092).

Agent 2 (Example UCT)
Winning score (between 0 and 1) : N=140, mean=0.435714 (+/-0.082431).
P1: N=70, mean=0.457143 (+/-0.117542).
P2: N=70, mean=0.414286 (+/-0.116229).
Game Durations: N=140, mean=38.421429 (+/-1.526745).
P1: N=70, mean=39.057143 (+/-2.276092).
P2: N=70, mean=37.785714 (+/-2.041021).
=====================================================
=====================================================
Completed 150 games.

Agent 1 (SHUCTAnyTime)
Winning score (between 0 and 1) : N=150, mean=0.553333 (+/-0.079825).
P1: N=75, mean=0.56 (+/-0.113097).
P2: N=75, mean=0.546667 (+/-0.113423).
Game Durations: N=150, mean=38.346667 (+/-1.482898).
P1: N=75, mean=37.946667 (+/-1.992147).
P2: N=75, mean=38.746667 (+/-2.206833).

Agent 2 (Example UCT)
Winning score (between 0 and 1) : N=150, mean=0.446667 (+/-0.079825).
P1: N=75, mean=0.453333 (+/-0.113423).
P2: N=75, mean=0.44 (+/-0.113097).
Game Durations: N=150, mean=38.346667 (+/-1.482898).
P1: N=75, mean=38.746667 (+/-2.206833).
P2: N=75, mean=37.946667 (+/-1.992147).
=====================================================
