Warming up...
Finished warming up!
=====================================================
Completed 1 games.

Agent 1 (SHUCTAnyTime)
Winning score (between 0 and 1) : N=1, mean=0 (+/-0).
P1: N=1, mean=0 (+/-0).
P2: N=0, mean=0 (+/-0).
Game Durations: N=1, mean=18 (+/-0).
P1: N=1, mean=18 (+/-0).
P2: N=0, mean=0 (+/-0).

Agent 2 (Example UCT)
Winning score (between 0 and 1) : N=1, mean=1 (+/-0).
P1: N=0, mean=0 (+/-0).
P2: N=1, mean=1 (+/-0).
Game Durations: N=1, mean=18 (+/-0).
P1: N=0, mean=0 (+/-0).
P2: N=1, mean=18 (+/-0).
=====================================================
=====================================================
Completed 2 games.

Agent 1 (SHUCTAnyTime)
Winning score (between 0 and 1) : N=2, mean=0.5 (+/-0.97998).
P1: N=1, mean=0 (+/-0).
P2: N=1, mean=1 (+/-0).
Game Durations: N=2, mean=19 (+/-1.95996).
P1: N=1, mean=18 (+/-0).
P2: N=1, mean=20 (+/-0).

Agent 2 (Example UCT)
Winning score (between 0 and 1) : N=2, mean=0.5 (+/-0.97998).
P1: N=1, mean=0 (+/-0).
P2: N=1, mean=1 (+/-0).
Game Durations: N=2, mean=19 (+/-1.95996).
P1: N=1, mean=20 (+/-0).
P2: N=1, mean=18 (+/-0).
=====================================================
=====================================================
Completed 3 games.

Agent 1 (SHUCTAnyTime)
Winning score (between 0 and 1) : N=3, mean=0.333333 (+/-0.65332).
P1: N=2, mean=0 (+/-0).
P2: N=1, mean=1 (+/-0).
Game Durations: N=3, mean=20 (+/-2.263167).
P1: N=2, mean=20 (+/-3.91992).
P2: N=1, mean=20 (+/-0).

Agent 2 (Example UCT)
Winning score (between 0 and 1) : N=3, mean=0.666667 (+/-0.65332).
P1: N=1, mean=0 (+/-0).
P2: N=2, mean=1 (+/-0).
Game Durations: N=3, mean=20 (+/-2.263167).
P1: N=1, mean=20 (+/-0).
P2: N=2, mean=20 (+/-3.91992).
=====================================================
=====================================================
Completed 4 games.

Agent 1 (SHUCTAnyTime)
Winning score (between 0 and 1) : N=4, mean=0.5 (+/-0.565792).
P1: N=2, mean=0 (+/-0).
P2: N=2, mean=1 (+/-0).
Game Durations: N=4, mean=20 (+/-1.600301).
P1: N=2, mean=20 (+/-3.91992).
P2: N=2, mean=20 (+/-0).

Agent 2 (Example UCT)
Winning score (between 0 and 1) : N=4, mean=0.5 (+/-0.565792).
P1: N=2, mean=0 (+/-0).
P2: N=2, mean=1 (+/-0).
Game Durations: N=4, mean=20 (+/-1.600301).
P1: N=2, mean=20 (+/-0).
P2: N=2, mean=20 (+/-3.91992).
=====================================================
=====================================================
Completed 5 games.

Agent 1 (SHUCTAnyTime)
Winning score (between 0 and 1) : N=5, mean=0.6 (+/-0.48009).
P1: N=3, mean=0.333333 (+/-0.65332).
P2: N=2, mean=1 (+/-0).
Game Durations: N=5, mean=20.2 (+/-1.30009).
P1: N=3, mean=20.333333 (+/-2.355579).
P2: N=2, mean=20 (+/-0).

Agent 2 (Example UCT)
Winning score (between 0 and 1) : N=5, mean=0.4 (+/-0.48009).
P1: N=2, mean=0 (+/-0).
P2: N=3, mean=0.666667 (+/-0.65332).
Game Durations: N=5, mean=20.2 (+/-1.30009).
P1: N=2, mean=20 (+/-0).
P2: N=3, mean=20.333333 (+/-2.355579).
=====================================================
=====================================================
Completed 10 games.

Agent 1 (SHUCTAnyTime)
Winning score (between 0 and 1) : N=10, mean=0.8 (+/-0.261328).
P1: N=5, mean=0.6 (+/-0.48009).
P2: N=5, mean=1 (+/-0).
Game Durations: N=10, mean=22.9 (+/-2.327324).
P1: N=5, mean=21.8 (+/-2.268818).
P2: N=5, mean=24 (+/-4.111247).

Agent 2 (Example UCT)
Winning score (between 0 and 1) : N=10, mean=0.2 (+/-0.261328).
P1: N=5, mean=0 (+/-0).
P2: N=5, mean=0.4 (+/-0.48009).
Game Durations: N=10, mean=22.9 (+/-2.327324).
P1: N=5, mean=24 (+/-4.111247).
P2: N=5, mean=21.8 (+/-2.268818).
=====================================================
=====================================================
Completed 20 games.

Agent 1 (SHUCTAnyTime)
Winning score (between 0 and 1) : N=20, mean=0.65 (+/-0.214467).
P1: N=10, mean=0.8 (+/-0.261328).
P2: N=10, mean=0.5 (+/-0.32666).
Game Durations: N=20, mean=23.85 (+/-2.10074).
P1: N=10, mean=24 (+/-2.024238).
P2: N=10, mean=23.7 (+/-3.810038).

Agent 2 (Example UCT)
Winning score (between 0 and 1) : N=20, mean=0.35 (+/-0.214467).
P1: N=10, mean=0.5 (+/-0.32666).
P2: N=10, mean=0.2 (+/-0.261328).
Game Durations: N=20, mean=23.85 (+/-2.10074).
P1: N=10, mean=23.7 (+/-3.810038).
P2: N=10, mean=24 (+/-2.024238).
=====================================================
=====================================================
Completed 30 games.

Agent 1 (SHUCTAnyTime)
Winning score (between 0 and 1) : N=30, mean=0.6 (+/-0.178301).
P1: N=15, mean=0.6 (+/-0.256619).
P2: N=15, mean=0.6 (+/-0.256619).
Game Durations: N=30, mean=22.166667 (+/-1.946585).
P1: N=15, mean=22.066667 (+/-2.681001).
P2: N=15, mean=22.266667 (+/-2.916305).

Agent 2 (Example UCT)
Winning score (between 0 and 1) : N=30, mean=0.4 (+/-0.178301).
P1: N=15, mean=0.4 (+/-0.256619).
P2: N=15, mean=0.4 (+/-0.256619).
Game Durations: N=30, mean=22.166667 (+/-1.946585).
P1: N=15, mean=22.266667 (+/-2.916305).
P2: N=15, mean=22.066667 (+/-2.681001).
=====================================================
=====================================================
Completed 40 games.

Agent 1 (SHUCTAnyTime)
Winning score (between 0 and 1) : N=40, mean=0.6 (+/-0.153752).
P1: N=20, mean=0.6 (+/-0.22028).
P2: N=20, mean=0.6 (+/-0.22028).
Game Durations: N=40, mean=22.4 (+/-2.063753).
P1: N=20, mean=23 (+/-3.400701).
P2: N=20, mean=21.8 (+/-2.402976).

Agent 2 (Example UCT)
Winning score (between 0 and 1) : N=40, mean=0.4 (+/-0.153752).
P1: N=20, mean=0.4 (+/-0.22028).
P2: N=20, mean=0.4 (+/-0.22028).
Game Durations: N=40, mean=22.4 (+/-2.063753).
P1: N=20, mean=21.8 (+/-2.402976).
P2: N=20, mean=23 (+/-3.400701).
=====================================================
=====================================================
Completed 50 games.

Agent 1 (SHUCTAnyTime)
Winning score (between 0 and 1) : N=50, mean=0.6 (+/-0.137169).
P1: N=25, mean=0.56 (+/-0.198592).
P2: N=25, mean=0.64 (+/-0.192036).
Game Durations: N=50, mean=21.9 (+/-1.746994).
P1: N=25, mean=22.32 (+/-2.82606).
P2: N=25, mean=21.48 (+/-2.102188).

Agent 2 (Example UCT)
Winning score (between 0 and 1) : N=50, mean=0.4 (+/-0.137169).
P1: N=25, mean=0.36 (+/-0.192036).
P2: N=25, mean=0.44 (+/-0.198592).
Game Durations: N=50, mean=21.9 (+/-1.746994).
P1: N=25, mean=21.48 (+/-2.102188).
P2: N=25, mean=22.32 (+/-2.82606).
=====================================================
=====================================================
Completed 60 games.

Agent 1 (SHUCTAnyTime)
Winning score (between 0 and 1) : N=60, mean=0.533333 (+/-0.127299).
P1: N=30, mean=0.533333 (+/-0.181573).
P2: N=30, mean=0.533333 (+/-0.181573).
Game Durations: N=60, mean=21.733333 (+/-1.566629).
P1: N=30, mean=21.733333 (+/-2.437747).
P2: N=30, mean=21.733333 (+/-2.010961).

Agent 2 (Example UCT)
Winning score (between 0 and 1) : N=60, mean=0.466667 (+/-0.127299).
P1: N=30, mean=0.466667 (+/-0.181573).
P2: N=30, mean=0.466667 (+/-0.181573).
Game Durations: N=60, mean=21.733333 (+/-1.566629).
P1: N=30, mean=21.733333 (+/-2.010961).
P2: N=30, mean=21.733333 (+/-2.437747).
=====================================================
=====================================================
Completed 70 games.

Agent 1 (SHUCTAnyTime)
Winning score (between 0 and 1) : N=70, mean=0.514286 (+/-0.117928).
P1: N=35, mean=0.514286 (+/-0.167997).
P2: N=35, mean=0.514286 (+/-0.167997).
Game Durations: N=70, mean=22.128571 (+/-1.434084).
P1: N=35, mean=22.171429 (+/-2.218731).
P2: N=35, mean=22.085714 (+/-1.850456).

Agent 2 (Example UCT)
Winning score (between 0 and 1) : N=70, mean=0.485714 (+/-0.117928).
P1: N=35, mean=0.485714 (+/-0.167997).
P2: N=35, mean=0.485714 (+/-0.167997).
Game Durations: N=70, mean=22.128571 (+/-1.434084).
P1: N=35, mean=22.085714 (+/-1.850456).
P2: N=35, mean=22.171429 (+/-2.218731).
=====================================================
=====================================================
Completed 80 games.

Agent 1 (SHUCTAnyTime)
Winning score (between 0 and 1) : N=80, mean=0.525 (+/-0.110118).
P1: N=40, mean=0.525 (+/-0.156726).
P2: N=40, mean=0.525 (+/-0.156726).
Game Durations: N=80, mean=22.15 (+/-1.333646).
P1: N=40, mean=21.975 (+/-2.082387).
P2: N=40, mean=22.325 (+/-1.692126).

Agent 2 (Example UCT)
Winning score (between 0 and 1) : N=80, mean=0.475 (+/-0.110118).
P1: N=40, mean=0.475 (+/-0.156726).
P2: N=40, mean=0.475 (+/-0.156726).
Game Durations: N=80, mean=22.15 (+/-1.333646).
P1: N=40, mean=22.325 (+/-1.692126).
P2: N=40, mean=21.975 (+/-2.082387).
=====================================================
=====================================================
Completed 90 games.

Agent 1 (SHUCTAnyTime)
Winning score (between 0 and 1) : N=90, mean=0.511111 (+/-0.103852).
P1: N=45, mean=0.488889 (+/-0.147701).
P2: N=45, mean=0.533333 (+/-0.147409).
Game Durations: N=90, mean=22.077778 (+/-1.254672).
P1: N=45, mean=21.6 (+/-1.888782).
P2: N=45, mean=22.555556 (+/-1.661629).

Agent 2 (Example UCT)
Winning score (between 0 and 1) : N=90, mean=0.488889 (+/-0.103852).
P1: N=45, mean=0.466667 (+/-0.147409).
P2: N=45, mean=0.511111 (+/-0.147701).
Game Durations: N=90, mean=22.077778 (+/-1.254672).
P1: N=45, mean=22.555556 (+/-1.661629).
P2: N=45, mean=21.6 (+/-1.888782).
=====================================================
=====================================================
Completed 100 games.

Agent 1 (SHUCTAnyTime)
Winning score (between 0 and 1) : N=100, mean=0.51 (+/-0.098472).
P1: N=50, mean=0.48 (+/-0.139885).
P2: N=50, mean=0.54 (+/-0.139548).
Game Durations: N=100, mean=21.95 (+/-1.172465).
P1: N=50, mean=21.56 (+/-1.745117).
P2: N=50, mean=22.34 (+/-1.576554).

Agent 2 (Example UCT)
Winning score (between 0 and 1) : N=100, mean=0.49 (+/-0.098472).
P1: N=50, mean=0.46 (+/-0.139548).
P2: N=50, mean=0.52 (+/-0.139885).
Game Durations: N=100, mean=21.95 (+/-1.172465).
P1: N=50, mean=22.34 (+/-1.576554).
P2: N=50, mean=21.56 (+/-1.745117).
=====================================================
=====================================================
Completed 110 games.

Agent 1 (SHUCTAnyTime)
Winning score (between 0 and 1) : N=110, mean=0.518182 (+/-0.093803).
P1: N=55, mean=0.472727 (+/-0.13316).
P2: N=55, mean=0.563636 (+/-0.132274).
Game Durations: N=110, mean=21.654545 (+/-1.124227).
P1: N=55, mean=21.090909 (+/-1.688607).
P2: N=55, mean=22.218182 (+/-1.485182).

Agent 2 (Example UCT)
Winning score (between 0 and 1) : N=110, mean=0.481818 (+/-0.093803).
P1: N=55, mean=0.436364 (+/-0.132274).
P2: N=55, mean=0.527273 (+/-0.13316).
Game Durations: N=110, mean=21.654545 (+/-1.124227).
P1: N=55, mean=22.218182 (+/-1.485182).
P2: N=55, mean=21.090909 (+/-1.688607).
=====================================================
=====================================================
Completed 120 games.

Agent 1 (SHUCTAnyTime)
Winning score (between 0 and 1) : N=120, mean=0.508333 (+/-0.089822).
P1: N=60, mean=0.466667 (+/-0.127299).
P2: N=60, mean=0.55 (+/-0.126943).
Game Durations: N=120, mean=21.591667 (+/-1.05059).
P1: N=60, mean=20.9 (+/-1.561657).
P2: N=60, mean=22.283333 (+/-1.396891).

Agent 2 (Example UCT)
Winning score (between 0 and 1) : N=120, mean=0.491667 (+/-0.089822).
P1: N=60, mean=0.45 (+/-0.126943).
P2: N=60, mean=0.533333 (+/-0.127299).
Game Durations: N=120, mean=21.591667 (+/-1.05059).
P1: N=60, mean=22.283333 (+/-1.396891).
P2: N=60, mean=20.9 (+/-1.561657).
=====================================================
=====================================================
Completed 130 games.

Agent 1 (SHUCTAnyTime)
Winning score (between 0 and 1) : N=130, mean=0.492308 (+/-0.086272).
P1: N=65, mean=0.461538 (+/-0.122135).
P2: N=65, mean=0.523077 (+/-0.122367).
Game Durations: N=130, mean=21.576923 (+/-1.007779).
P1: N=65, mean=21.138462 (+/-1.518712).
P2: N=65, mean=22.015385 (+/-1.328401).

Agent 2 (Example UCT)
Winning score (between 0 and 1) : N=130, mean=0.507692 (+/-0.086272).
P1: N=65, mean=0.476923 (+/-0.122367).
P2: N=65, mean=0.538462 (+/-0.122135).
Game Durations: N=130, mean=21.576923 (+/-1.007779).
P1: N=65, mean=22.015385 (+/-1.328401).
P2: N=65, mean=21.138462 (+/-1.518712).
=====================================================
=====================================================
Completed 140 games.

Agent 1 (SHUCTAnyTime)
Winning score (between 0 and 1) : N=140, mean=0.485714 (+/-0.083087).
P1: N=70, mean=0.457143 (+/-0.117542).
P2: N=70, mean=0.514286 (+/-0.117928).
Game Durations: N=140, mean=21.485714 (+/-0.961677).
P1: N=70, mean=21.114286 (+/-1.450419).
P2: N=70, mean=21.857143 (+/-1.267683).

Agent 2 (Example UCT)
Winning score (between 0 and 1) : N=140, mean=0.514286 (+/-0.083087).
P1: N=70, mean=0.485714 (+/-0.117928).
P2: N=70, mean=0.542857 (+/-0.117542).
Game Durations: N=140, mean=21.485714 (+/-0.961677).
P1: N=70, mean=21.857143 (+/-1.267683).
P2: N=70, mean=21.114286 (+/-1.450419).
=====================================================
=====================================================
Completed 150 games.

Agent 1 (SHUCTAnyTime)
Winning score (between 0 and 1) : N=150, mean=0.5 (+/-0.080283).
P1: N=75, mean=0.466667 (+/-0.113667).
P2: N=75, mean=0.533333 (+/-0.113667).
Game Durations: N=150, mean=21.4 (+/-0.92443).
P1: N=75, mean=21.08 (+/-1.400932).
P2: N=75, mean=21.72 (+/-1.211667).

Agent 2 (Example UCT)
Winning score (between 0 and 1) : N=150, mean=0.5 (+/-0.080283).
P1: N=75, mean=0.466667 (+/-0.113667).
P2: N=75, mean=0.533333 (+/-0.113667).
Game Durations: N=150, mean=21.4 (+/-0.92443).
P1: N=75, mean=21.72 (+/-1.211667).
P2: N=75, mean=21.08 (+/-1.400932).
=====================================================
