Warming up...
Finished warming up!
=====================================================
Completed 1 games.

Agent 1 (SHUCTAnyTime)
Winning score (between 0 and 1) : N=1, mean=0 (+/-0).
P1: N=1, mean=0 (+/-0).
P2: N=0, mean=0 (+/-0).
Game Durations: N=1, mean=18 (+/-0).
P1: N=1, mean=18 (+/-0).
P2: N=0, mean=0 (+/-0).

Agent 2 (Example UCT)
Winning score (between 0 and 1) : N=1, mean=1 (+/-0).
P1: N=0, mean=0 (+/-0).
P2: N=1, mean=1 (+/-0).
Game Durations: N=1, mean=18 (+/-0).
P1: N=0, mean=0 (+/-0).
P2: N=1, mean=18 (+/-0).
=====================================================
=====================================================
Completed 2 games.

Agent 1 (SHUCTAnyTime)
Winning score (between 0 and 1) : N=2, mean=0.5 (+/-0.97998).
P1: N=1, mean=0 (+/-0).
P2: N=1, mean=1 (+/-0).
Game Durations: N=2, mean=21 (+/-5.87988).
P1: N=1, mean=18 (+/-0).
P2: N=1, mean=24 (+/-0).

Agent 2 (Example UCT)
Winning score (between 0 and 1) : N=2, mean=0.5 (+/-0.97998).
P1: N=1, mean=0 (+/-0).
P2: N=1, mean=1 (+/-0).
Game Durations: N=2, mean=21 (+/-5.87988).
P1: N=1, mean=24 (+/-0).
P2: N=1, mean=18 (+/-0).
=====================================================
=====================================================
Completed 3 games.

Agent 1 (SHUCTAnyTime)
Winning score (between 0 and 1) : N=3, mean=0.666667 (+/-0.65332).
P1: N=2, mean=0.5 (+/-0.97998).
P2: N=1, mean=1 (+/-0).
Game Durations: N=3, mean=17 (+/-8.543268).
P1: N=2, mean=13.5 (+/-8.81982).
P2: N=1, mean=24 (+/-0).

Agent 2 (Example UCT)
Winning score (between 0 and 1) : N=3, mean=0.333333 (+/-0.65332).
P1: N=1, mean=0 (+/-0).
P2: N=2, mean=0.5 (+/-0.97998).
Game Durations: N=3, mean=17 (+/-8.543268).
P1: N=1, mean=24 (+/-0).
P2: N=2, mean=13.5 (+/-8.81982).
=====================================================
=====================================================
Completed 4 games.

Agent 1 (SHUCTAnyTime)
Winning score (between 0 and 1) : N=4, mean=0.5 (+/-0.565792).
P1: N=2, mean=0.5 (+/-0.97998).
P2: N=2, mean=0.5 (+/-0.97998).
Game Durations: N=4, mean=19 (+/-7.201353).
P1: N=2, mean=13.5 (+/-8.81982).
P2: N=2, mean=24.5 (+/-0.97998).

Agent 2 (Example UCT)
Winning score (between 0 and 1) : N=4, mean=0.5 (+/-0.565792).
P1: N=2, mean=0.5 (+/-0.97998).
P2: N=2, mean=0.5 (+/-0.97998).
Game Durations: N=4, mean=19 (+/-7.201353).
P1: N=2, mean=24.5 (+/-0.97998).
P2: N=2, mean=13.5 (+/-8.81982).
=====================================================
=====================================================
Completed 5 games.

Agent 1 (SHUCTAnyTime)
Winning score (between 0 and 1) : N=5, mean=0.4 (+/-0.48009).
P1: N=3, mean=0.333333 (+/-0.65332).
P2: N=2, mean=0.5 (+/-0.97998).
Game Durations: N=5, mean=18 (+/-5.912456).
P1: N=3, mean=13.666667 (+/-5.102592).
P2: N=2, mean=24.5 (+/-0.97998).

Agent 2 (Example UCT)
Winning score (between 0 and 1) : N=5, mean=0.6 (+/-0.48009).
P1: N=2, mean=0.5 (+/-0.97998).
P2: N=3, mean=0.666667 (+/-0.65332).
Game Durations: N=5, mean=18 (+/-5.912456).
P1: N=2, mean=24.5 (+/-0.97998).
P2: N=3, mean=13.666667 (+/-5.102592).
=====================================================
=====================================================
Completed 10 games.

Agent 1 (SHUCTAnyTime)
Winning score (between 0 and 1) : N=10, mean=0.5 (+/-0.32666).
P1: N=5, mean=0.6 (+/-0.48009).
P2: N=5, mean=0.4 (+/-0.48009).
Game Durations: N=10, mean=17.2 (+/-3.67024).
P1: N=5, mean=14.2 (+/-3.123662).
P2: N=5, mean=20.2 (+/-5.794326).

Agent 2 (Example UCT)
Winning score (between 0 and 1) : N=10, mean=0.5 (+/-0.32666).
P1: N=5, mean=0.6 (+/-0.48009).
P2: N=5, mean=0.4 (+/-0.48009).
Game Durations: N=10, mean=17.2 (+/-3.67024).
P1: N=5, mean=20.2 (+/-5.794326).
P2: N=5, mean=14.2 (+/-3.123662).
=====================================================
=====================================================
Completed 20 games.

Agent 1 (SHUCTAnyTime)
Winning score (between 0 and 1) : N=20, mean=0.4 (+/-0.22028).
P1: N=10, mean=0.5 (+/-0.32666).
P2: N=10, mean=0.3 (+/-0.299389).
Game Durations: N=20, mean=16.8 (+/-2.369082).
P1: N=10, mean=14.9 (+/-2.58784).
P2: N=10, mean=18.7 (+/-3.730795).

Agent 2 (Example UCT)
Winning score (between 0 and 1) : N=20, mean=0.6 (+/-0.22028).
P1: N=10, mean=0.7 (+/-0.299389).
P2: N=10, mean=0.5 (+/-0.32666).
Game Durations: N=20, mean=16.8 (+/-2.369082).
P1: N=10, mean=18.7 (+/-3.730795).
P2: N=10, mean=14.9 (+/-2.58784).
=====================================================
=====================================================
Completed 30 games.

Agent 1 (SHUCTAnyTime)
Winning score (between 0 and 1) : N=30, mean=0.433333 (+/-0.180353).
P1: N=15, mean=0.533333 (+/-0.261328).
P2: N=15, mean=0.333333 (+/-0.246932).
Game Durations: N=30, mean=18.666667 (+/-2.063841).
P1: N=15, mean=18 (+/-3.06036).
P2: N=15, mean=19.333333 (+/-2.83488).

Agent 2 (Example UCT)
Winning score (between 0 and 1) : N=30, mean=0.566667 (+/-0.180353).
P1: N=15, mean=0.666667 (+/-0.246932).
P2: N=15, mean=0.466667 (+/-0.261328).
Game Durations: N=30, mean=18.666667 (+/-2.063841).
P1: N=15, mean=19.333333 (+/-2.83488).
P2: N=15, mean=18 (+/-3.06036).
=====================================================
=====================================================
Completed 40 games.

Agent 1 (SHUCTAnyTime)
Winning score (between 0 and 1) : N=40, mean=0.45 (+/-0.156136).
P1: N=20, mean=0.5 (+/-0.224823).
P2: N=20, mean=0.4 (+/-0.22028).
Game Durations: N=40, mean=19.25 (+/-1.738584).
P1: N=20, mean=18.7 (+/-2.675675).
P2: N=20, mean=19.8 (+/-2.264358).

Agent 2 (Example UCT)
Winning score (between 0 and 1) : N=40, mean=0.55 (+/-0.156136).
P1: N=20, mean=0.6 (+/-0.22028).
P2: N=20, mean=0.5 (+/-0.224823).
Game Durations: N=40, mean=19.25 (+/-1.738584).
P1: N=20, mean=19.8 (+/-2.264358).
P2: N=20, mean=18.7 (+/-2.675675).
=====================================================
=====================================================
Completed 50 games.

Agent 1 (SHUCTAnyTime)
Winning score (between 0 and 1) : N=50, mean=0.44 (+/-0.138986).
P1: N=25, mean=0.52 (+/-0.199877).
P2: N=25, mean=0.36 (+/-0.192036).
Game Durations: N=50, mean=19.14 (+/-1.502617).
P1: N=25, mean=18.2 (+/-2.362816).
P2: N=25, mean=20.08 (+/-1.831348).

Agent 2 (Example UCT)
Winning score (between 0 and 1) : N=50, mean=0.56 (+/-0.138986).
P1: N=25, mean=0.64 (+/-0.192036).
P2: N=25, mean=0.48 (+/-0.199877).
Game Durations: N=50, mean=19.14 (+/-1.502617).
P1: N=25, mean=20.08 (+/-1.831348).
P2: N=25, mean=18.2 (+/-2.362816).
=====================================================
=====================================================
Completed 60 games.

Agent 1 (SHUCTAnyTime)
Winning score (between 0 and 1) : N=60, mean=0.416667 (+/-0.125798).
P1: N=30, mean=0.466667 (+/-0.181573).
P2: N=30, mean=0.366667 (+/-0.175388).
Game Durations: N=60, mean=19.05 (+/-1.308929).
P1: N=30, mean=17.866667 (+/-1.999511).
P2: N=30, mean=20.233333 (+/-1.613171).

Agent 2 (Example UCT)
Winning score (between 0 and 1) : N=60, mean=0.583333 (+/-0.125798).
P1: N=30, mean=0.633333 (+/-0.175388).
P2: N=30, mean=0.533333 (+/-0.181573).
Game Durations: N=60, mean=19.05 (+/-1.308929).
P1: N=30, mean=20.233333 (+/-1.613171).
P2: N=30, mean=17.866667 (+/-1.999511).
=====================================================
=====================================================
Completed 70 games.

Agent 1 (SHUCTAnyTime)
Winning score (between 0 and 1) : N=70, mean=0.414286 (+/-0.116229).
P1: N=35, mean=0.457143 (+/-0.167447).
P2: N=35, mean=0.371429 (+/-0.162414).
Game Durations: N=70, mean=19.257143 (+/-1.194953).
P1: N=35, mean=18.457143 (+/-1.86431).
P2: N=35, mean=20.057143 (+/-1.474915).

Agent 2 (Example UCT)
Winning score (between 0 and 1) : N=70, mean=0.585714 (+/-0.116229).
P1: N=35, mean=0.628571 (+/-0.162414).
P2: N=35, mean=0.542857 (+/-0.167447).
Game Durations: N=70, mean=19.257143 (+/-1.194953).
P1: N=35, mean=20.057143 (+/-1.474915).
P2: N=35, mean=18.457143 (+/-1.86431).
=====================================================
=====================================================
Completed 80 games.

Agent 1 (SHUCTAnyTime)
Winning score (between 0 and 1) : N=80, mean=0.4375 (+/-0.109392).
P1: N=40, mean=0.45 (+/-0.156136).
P2: N=40, mean=0.425 (+/-0.155147).
Game Durations: N=80, mean=19.4375 (+/-1.107977).
P1: N=40, mean=18.85 (+/-1.711174).
P2: N=40, mean=20.025 (+/-1.406164).

Agent 2 (Example UCT)
Winning score (between 0 and 1) : N=80, mean=0.5625 (+/-0.109392).
P1: N=40, mean=0.575 (+/-0.155147).
P2: N=40, mean=0.55 (+/-0.156136).
Game Durations: N=80, mean=19.4375 (+/-1.107977).
P1: N=40, mean=20.025 (+/-1.406164).
P2: N=40, mean=18.85 (+/-1.711174).
=====================================================
=====================================================
Completed 90 games.

Agent 1 (SHUCTAnyTime)
Winning score (between 0 and 1) : N=90, mean=0.422222 (+/-0.102613).
P1: N=45, mean=0.444444 (+/-0.146823).
P2: N=45, mean=0.4 (+/-0.144753).
Game Durations: N=90, mean=19.522222 (+/-1.05537).
P1: N=45, mean=18.755556 (+/-1.572361).
P2: N=45, mean=20.288889 (+/-1.389567).

Agent 2 (Example UCT)
Winning score (between 0 and 1) : N=90, mean=0.577778 (+/-0.102613).
P1: N=45, mean=0.6 (+/-0.144753).
P2: N=45, mean=0.555556 (+/-0.146823).
Game Durations: N=90, mean=19.522222 (+/-1.05537).
P1: N=45, mean=20.288889 (+/-1.389567).
P2: N=45, mean=18.755556 (+/-1.572361).
=====================================================
=====================================================
Completed 100 games.

Agent 1 (SHUCTAnyTime)
Winning score (between 0 and 1) : N=100, mean=0.43 (+/-0.097522).
P1: N=50, mean=0.46 (+/-0.139548).
P2: N=50, mean=0.4 (+/-0.137169).
Game Durations: N=100, mean=19.27 (+/-0.995051).
P1: N=50, mean=18.66 (+/-1.480119).
P2: N=50, mean=19.88 (+/-1.323565).

Agent 2 (Example UCT)
Winning score (between 0 and 1) : N=100, mean=0.57 (+/-0.097522).
P1: N=50, mean=0.6 (+/-0.137169).
P2: N=50, mean=0.54 (+/-0.139548).
Game Durations: N=100, mean=19.27 (+/-0.995051).
P1: N=50, mean=19.88 (+/-1.323565).
P2: N=50, mean=18.66 (+/-1.480119).
=====================================================
=====================================================
Completed 110 games.

Agent 1 (SHUCTAnyTime)
Winning score (between 0 and 1) : N=110, mean=0.427273 (+/-0.092867).
P1: N=55, mean=0.472727 (+/-0.13316).
P2: N=55, mean=0.381818 (+/-0.12958).
Game Durations: N=110, mean=19.236364 (+/-0.979711).
P1: N=55, mean=18.618182 (+/-1.429988).
P2: N=55, mean=19.854545 (+/-1.332534).

Agent 2 (Example UCT)
Winning score (between 0 and 1) : N=110, mean=0.572727 (+/-0.092867).
P1: N=55, mean=0.618182 (+/-0.12958).
P2: N=55, mean=0.527273 (+/-0.13316).
Game Durations: N=110, mean=19.236364 (+/-0.979711).
P1: N=55, mean=19.854545 (+/-1.332534).
P2: N=55, mean=18.618182 (+/-1.429988).
=====================================================
=====================================================
Completed 120 games.

Agent 1 (SHUCTAnyTime)
Winning score (between 0 and 1) : N=120, mean=0.433333 (+/-0.089033).
P1: N=60, mean=0.5 (+/-0.127583).
P2: N=60, mean=0.366667 (+/-0.122963).
Game Durations: N=120, mean=19.1 (+/-0.931685).
P1: N=60, mean=18.666667 (+/-1.333765).
P2: N=60, mean=19.533333 (+/-1.303147).

Agent 2 (Example UCT)
Winning score (between 0 and 1) : N=120, mean=0.566667 (+/-0.089033).
P1: N=60, mean=0.633333 (+/-0.122963).
P2: N=60, mean=0.5 (+/-0.127583).
Game Durations: N=120, mean=19.1 (+/-0.931685).
P1: N=60, mean=19.533333 (+/-1.303147).
P2: N=60, mean=18.666667 (+/-1.333765).
=====================================================
=====================================================
Completed 130 games.

Agent 1 (SHUCTAnyTime)
Winning score (between 0 and 1) : N=130, mean=0.438462 (+/-0.085626).
P1: N=65, mean=0.507692 (+/-0.122483).
P2: N=65, mean=0.369231 (+/-0.118234).
Game Durations: N=130, mean=18.984615 (+/-0.883026).
P1: N=65, mean=18.569231 (+/-1.257317).
P2: N=65, mean=19.4 (+/-1.241672).

Agent 2 (Example UCT)
Winning score (between 0 and 1) : N=130, mean=0.561538 (+/-0.085626).
P1: N=65, mean=0.630769 (+/-0.118234).
P2: N=65, mean=0.492308 (+/-0.122483).
Game Durations: N=130, mean=18.984615 (+/-0.883026).
P1: N=65, mean=19.4 (+/-1.241672).
P2: N=65, mean=18.569231 (+/-1.257317).
=====================================================
=====================================================
Completed 140 games.

Agent 1 (SHUCTAnyTime)
Winning score (between 0 and 1) : N=140, mean=0.45 (+/-0.082704).
P1: N=70, mean=0.514286 (+/-0.117928).
P2: N=70, mean=0.385714 (+/-0.114853).
Game Durations: N=140, mean=19.178571 (+/-0.850057).
P1: N=70, mean=18.885714 (+/-1.232215).
P2: N=70, mean=19.471429 (+/-1.176193).

Agent 2 (Example UCT)
Winning score (between 0 and 1) : N=140, mean=0.55 (+/-0.082704).
P1: N=70, mean=0.614286 (+/-0.114853).
P2: N=70, mean=0.485714 (+/-0.117928).
Game Durations: N=140, mean=19.178571 (+/-0.850057).
P1: N=70, mean=19.471429 (+/-1.176193).
P2: N=70, mean=18.885714 (+/-1.232215).
=====================================================
=====================================================
Completed 150 games.

Agent 1 (SHUCTAnyTime)
Winning score (between 0 and 1) : N=150, mean=0.453333 (+/-0.079933).
P1: N=75, mean=0.52 (+/-0.113829).
P2: N=75, mean=0.386667 (+/-0.110955).
Game Durations: N=150, mean=19.086667 (+/-0.806875).
P1: N=75, mean=18.893333 (+/-1.175136).
P2: N=75, mean=19.28 (+/-1.112186).

Agent 2 (Example UCT)
Winning score (between 0 and 1) : N=150, mean=0.546667 (+/-0.079933).
P1: N=75, mean=0.613333 (+/-0.110955).
P2: N=75, mean=0.48 (+/-0.113829).
Game Durations: N=150, mean=19.086667 (+/-0.806875).
P1: N=75, mean=19.28 (+/-1.112186).
P2: N=75, mean=18.893333 (+/-1.175136).
=====================================================
