Warming up...
Finished warming up!
=====================================================
Completed 1 games.

Agent 1 (SHUCTAnyTime)
Winning score (between 0 and 1) : N=1, mean=1 (+/-0).
P1: N=0, mean=0 (+/-0).
P2: N=1, mean=1 (+/-0).
Game Durations: N=1, mean=12 (+/-0).
P1: N=0, mean=0 (+/-0).
P2: N=1, mean=12 (+/-0).

Agent 2 (Example UCT)
Winning score (between 0 and 1) : N=1, mean=0 (+/-0).
P1: N=1, mean=0 (+/-0).
P2: N=0, mean=0 (+/-0).
Game Durations: N=1, mean=12 (+/-0).
P1: N=1, mean=12 (+/-0).
P2: N=0, mean=0 (+/-0).
=====================================================
=====================================================
Completed 2 games.

Agent 1 (SHUCTAnyTime)
Winning score (between 0 and 1) : N=2, mean=1 (+/-0).
P1: N=1, mean=1 (+/-0).
P2: N=1, mean=1 (+/-0).
Game Durations: N=2, mean=13.5 (+/-2.93994).
P1: N=1, mean=15 (+/-0).
P2: N=1, mean=12 (+/-0).

Agent 2 (Example UCT)
Winning score (between 0 and 1) : N=2, mean=0 (+/-0).
P1: N=1, mean=0 (+/-0).
P2: N=1, mean=0 (+/-0).
Game Durations: N=2, mean=13.5 (+/-2.93994).
P1: N=1, mean=12 (+/-0).
P2: N=1, mean=15 (+/-0).
=====================================================
=====================================================
Completed 3 games.

Agent 1 (SHUCTAnyTime)
Winning score (between 0 and 1) : N=3, mean=0.666667 (+/-0.65332).
P1: N=1, mean=1 (+/-0).
P2: N=2, mean=0.5 (+/-0.97998).
Game Durations: N=3, mean=14.666667 (+/-2.847756).
P1: N=1, mean=15 (+/-0).
P2: N=2, mean=14.5 (+/-4.8999).

Agent 2 (Example UCT)
Winning score (between 0 and 1) : N=3, mean=0.333333 (+/-0.65332).
P1: N=2, mean=0.5 (+/-0.97998).
P2: N=1, mean=0 (+/-0).
Game Durations: N=3, mean=14.666667 (+/-2.847756).
P1: N=2, mean=14.5 (+/-4.8999).
P2: N=1, mean=15 (+/-0).
=====================================================
=====================================================
Completed 4 games.

Agent 1 (SHUCTAnyTime)
Winning score (between 0 and 1) : N=4, mean=0.5 (+/-0.565792).
P1: N=2, mean=0.5 (+/-0.97998).
P2: N=2, mean=0.5 (+/-0.97998).
Game Durations: N=4, mean=14 (+/-2.400451).
P1: N=2, mean=13.5 (+/-2.93994).
P2: N=2, mean=14.5 (+/-4.8999).

Agent 2 (Example UCT)
Winning score (between 0 and 1) : N=4, mean=0.5 (+/-0.565792).
P1: N=2, mean=0.5 (+/-0.97998).
P2: N=2, mean=0.5 (+/-0.97998).
Game Durations: N=4, mean=14 (+/-2.400451).
P1: N=2, mean=14.5 (+/-4.8999).
P2: N=2, mean=13.5 (+/-2.93994).
=====================================================
=====================================================
Completed 5 games.

Agent 1 (SHUCTAnyTime)
Winning score (between 0 and 1) : N=5, mean=0.6 (+/-0.48009).
P1: N=2, mean=0.5 (+/-0.97998).
P2: N=3, mean=0.666667 (+/-0.65332).
Game Durations: N=5, mean=16 (+/-4.338556).
P1: N=2, mean=13.5 (+/-2.93994).
P2: N=3, mean=17.666667 (+/-6.820861).

Agent 2 (Example UCT)
Winning score (between 0 and 1) : N=5, mean=0.4 (+/-0.48009).
P1: N=3, mean=0.333333 (+/-0.65332).
P2: N=2, mean=0.5 (+/-0.97998).
Game Durations: N=5, mean=16 (+/-4.338556).
P1: N=3, mean=17.666667 (+/-6.820861).
P2: N=2, mean=13.5 (+/-2.93994).
=====================================================
=====================================================
Completed 10 games.

Agent 1 (SHUCTAnyTime)
Winning score (between 0 and 1) : N=10, mean=0.4 (+/-0.32006).
P1: N=5, mean=0.4 (+/-0.48009).
P2: N=5, mean=0.4 (+/-0.48009).
Game Durations: N=10, mean=15.5 (+/-2.210694).
P1: N=5, mean=14.8 (+/-1.900252).
P2: N=5, mean=16.2 (+/-4.176141).

Agent 2 (Example UCT)
Winning score (between 0 and 1) : N=10, mean=0.6 (+/-0.32006).
P1: N=5, mean=0.6 (+/-0.48009).
P2: N=5, mean=0.6 (+/-0.48009).
Game Durations: N=10, mean=15.5 (+/-2.210694).
P1: N=5, mean=16.2 (+/-4.176141).
P2: N=5, mean=14.8 (+/-1.900252).
=====================================================
=====================================================
Completed 20 games.

Agent 1 (SHUCTAnyTime)
Winning score (between 0 and 1) : N=20, mean=0.35 (+/-0.214467).
P1: N=10, mean=0.3 (+/-0.299389).
P2: N=10, mean=0.4 (+/-0.32006).
Game Durations: N=20, mean=14.85 (+/-1.43094).
P1: N=10, mean=15.1 (+/-1.530778).
P2: N=10, mean=14.6 (+/-2.49975).

Agent 2 (Example UCT)
Winning score (between 0 and 1) : N=20, mean=0.65 (+/-0.214467).
P1: N=10, mean=0.6 (+/-0.32006).
P2: N=10, mean=0.7 (+/-0.299389).
Game Durations: N=20, mean=14.85 (+/-1.43094).
P1: N=10, mean=14.6 (+/-2.49975).
P2: N=10, mean=15.1 (+/-1.530778).
=====================================================
=====================================================
Completed 30 games.

Agent 1 (SHUCTAnyTime)
Winning score (between 0 and 1) : N=30, mean=0.4 (+/-0.178301).
P1: N=15, mean=0.4 (+/-0.256619).
P2: N=15, mean=0.4 (+/-0.256619).
Game Durations: N=30, mean=15.633333 (+/-1.32726).
P1: N=15, mean=15.6 (+/-1.687106).
P2: N=15, mean=15.666667 (+/-2.109786).

Agent 2 (Example UCT)
Winning score (between 0 and 1) : N=30, mean=0.6 (+/-0.178301).
P1: N=15, mean=0.6 (+/-0.256619).
P2: N=15, mean=0.6 (+/-0.256619).
Game Durations: N=30, mean=15.633333 (+/-1.32726).
P1: N=15, mean=15.666667 (+/-2.109786).
P2: N=15, mean=15.6 (+/-1.687106).
=====================================================
=====================================================
Completed 40 games.

Agent 1 (SHUCTAnyTime)
Winning score (between 0 and 1) : N=40, mean=0.425 (+/-0.155147).
P1: N=20, mean=0.4 (+/-0.22028).
P2: N=20, mean=0.45 (+/-0.223696).
Game Durations: N=40, mean=15.725 (+/-1.186789).
P1: N=20, mean=15 (+/-1.436053).
P2: N=20, mean=16.45 (+/-1.872789).

Agent 2 (Example UCT)
Winning score (between 0 and 1) : N=40, mean=0.575 (+/-0.155147).
P1: N=20, mean=0.55 (+/-0.223696).
P2: N=20, mean=0.6 (+/-0.22028).
Game Durations: N=40, mean=15.725 (+/-1.186789).
P1: N=20, mean=16.45 (+/-1.872789).
P2: N=20, mean=15 (+/-1.436053).
=====================================================
=====================================================
Completed 50 games.

Agent 1 (SHUCTAnyTime)
Winning score (between 0 and 1) : N=50, mean=0.44 (+/-0.138986).
P1: N=25, mean=0.44 (+/-0.198592).
P2: N=25, mean=0.44 (+/-0.198592).
Game Durations: N=50, mean=15.54 (+/-1.061337).
P1: N=25, mean=15 (+/-1.40881).
P2: N=25, mean=16.08 (+/-1.587931).

Agent 2 (Example UCT)
Winning score (between 0 and 1) : N=50, mean=0.56 (+/-0.138986).
P1: N=25, mean=0.56 (+/-0.198592).
P2: N=25, mean=0.56 (+/-0.198592).
Game Durations: N=50, mean=15.54 (+/-1.061337).
P1: N=25, mean=16.08 (+/-1.587931).
P2: N=25, mean=15 (+/-1.40881).
=====================================================
=====================================================
Completed 60 games.

Agent 1 (SHUCTAnyTime)
Winning score (between 0 and 1) : N=60, mean=0.45 (+/-0.126943).
P1: N=30, mean=0.466667 (+/-0.181573).
P2: N=30, mean=0.433333 (+/-0.180353).
Game Durations: N=60, mean=15.516667 (+/-0.98879).
P1: N=30, mean=15.133333 (+/-1.347891).
P2: N=30, mean=15.9 (+/-1.456883).

Agent 2 (Example UCT)
Winning score (between 0 and 1) : N=60, mean=0.55 (+/-0.126943).
P1: N=30, mean=0.566667 (+/-0.180353).
P2: N=30, mean=0.533333 (+/-0.181573).
Game Durations: N=60, mean=15.516667 (+/-0.98879).
P1: N=30, mean=15.9 (+/-1.456883).
P2: N=30, mean=15.133333 (+/-1.347891).
=====================================================
=====================================================
Completed 70 games.

Agent 1 (SHUCTAnyTime)
Winning score (between 0 and 1) : N=70, mean=0.442857 (+/-0.117203).
P1: N=35, mean=0.428571 (+/-0.166341).
P2: N=35, mean=0.457143 (+/-0.167447).
Game Durations: N=70, mean=15.942857 (+/-1.012815).
P1: N=35, mean=15.457143 (+/-1.420053).
P2: N=35, mean=16.428571 (+/-1.446947).

Agent 2 (Example UCT)
Winning score (between 0 and 1) : N=70, mean=0.557143 (+/-0.117203).
P1: N=35, mean=0.542857 (+/-0.167447).
P2: N=35, mean=0.571429 (+/-0.166341).
Game Durations: N=70, mean=15.942857 (+/-1.012815).
P1: N=35, mean=16.428571 (+/-1.446947).
P2: N=35, mean=15.457143 (+/-1.420053).
=====================================================
=====================================================
Completed 80 games.

Agent 1 (SHUCTAnyTime)
Winning score (between 0 and 1) : N=80, mean=0.4875 (+/-0.110222).
P1: N=40, mean=0.45 (+/-0.156136).
P2: N=40, mean=0.525 (+/-0.156726).
Game Durations: N=80, mean=15.7875 (+/-0.917644).
P1: N=40, mean=15.3 (+/-1.288676).
P2: N=40, mean=16.275 (+/-1.305359).

Agent 2 (Example UCT)
Winning score (between 0 and 1) : N=80, mean=0.5125 (+/-0.110222).
P1: N=40, mean=0.475 (+/-0.156726).
P2: N=40, mean=0.55 (+/-0.156136).
Game Durations: N=80, mean=15.7875 (+/-0.917644).
P1: N=40, mean=16.275 (+/-1.305359).
P2: N=40, mean=15.3 (+/-1.288676).
=====================================================
=====================================================
Completed 90 games.

Agent 1 (SHUCTAnyTime)
Winning score (between 0 and 1) : N=90, mean=0.488889 (+/-0.103852).
P1: N=45, mean=0.444444 (+/-0.146823).
P2: N=45, mean=0.533333 (+/-0.147409).
Game Durations: N=90, mean=15.9 (+/-0.845921).
P1: N=45, mean=15.466667 (+/-1.216841).
P2: N=45, mean=16.333333 (+/-1.175316).

Agent 2 (Example UCT)
Winning score (between 0 and 1) : N=90, mean=0.511111 (+/-0.103852).
P1: N=45, mean=0.466667 (+/-0.147409).
P2: N=45, mean=0.555556 (+/-0.146823).
Game Durations: N=90, mean=15.9 (+/-0.845921).
P1: N=45, mean=16.333333 (+/-1.175316).
P2: N=45, mean=15.466667 (+/-1.216841).
=====================================================
=====================================================
Completed 100 games.

Agent 1 (SHUCTAnyTime)
Winning score (between 0 and 1) : N=100, mean=0.52 (+/-0.098413).
P1: N=50, mean=0.5 (+/-0.139997).
P2: N=50, mean=0.54 (+/-0.139548).
Game Durations: N=100, mean=15.82 (+/-0.788121).
P1: N=50, mean=15.5 (+/-1.153427).
P2: N=50, mean=16.14 (+/-1.078629).

Agent 2 (Example UCT)
Winning score (between 0 and 1) : N=100, mean=0.48 (+/-0.098413).
P1: N=50, mean=0.46 (+/-0.139548).
P2: N=50, mean=0.5 (+/-0.139997).
Game Durations: N=100, mean=15.82 (+/-0.788121).
P1: N=50, mean=16.14 (+/-1.078629).
P2: N=50, mean=15.5 (+/-1.153427).
=====================================================
=====================================================
Completed 110 games.

Agent 1 (SHUCTAnyTime)
Winning score (between 0 and 1) : N=110, mean=0.509091 (+/-0.09385).
P1: N=55, mean=0.490909 (+/-0.133336).
P2: N=55, mean=0.527273 (+/-0.13316).
Game Durations: N=110, mean=15.954545 (+/-0.766288).
P1: N=55, mean=15.618182 (+/-1.090241).
P2: N=55, mean=16.290909 (+/-1.079729).

Agent 2 (Example UCT)
Winning score (between 0 and 1) : N=110, mean=0.490909 (+/-0.09385).
P1: N=55, mean=0.472727 (+/-0.13316).
P2: N=55, mean=0.509091 (+/-0.133336).
Game Durations: N=110, mean=15.954545 (+/-0.766288).
P1: N=55, mean=16.290909 (+/-1.079729).
P2: N=55, mean=15.618182 (+/-1.090241).
=====================================================
=====================================================
Completed 120 games.

Agent 1 (SHUCTAnyTime)
Winning score (between 0 and 1) : N=120, mean=0.491667 (+/-0.089822).
P1: N=60, mean=0.5 (+/-0.127583).
P2: N=60, mean=0.483333 (+/-0.127512).
Game Durations: N=120, mean=16.025 (+/-0.727036).
P1: N=60, mean=15.9 (+/-1.052794).
P2: N=60, mean=16.15 (+/-1.010858).

Agent 2 (Example UCT)
Winning score (between 0 and 1) : N=120, mean=0.508333 (+/-0.089822).
P1: N=60, mean=0.516667 (+/-0.127512).
P2: N=60, mean=0.5 (+/-0.127583).
Game Durations: N=120, mean=16.025 (+/-0.727036).
P1: N=60, mean=16.15 (+/-1.010858).
P2: N=60, mean=15.9 (+/-1.052794).
=====================================================
=====================================================
Completed 130 games.

Agent 1 (SHUCTAnyTime)
Winning score (between 0 and 1) : N=130, mean=0.476923 (+/-0.08619).
P1: N=65, mean=0.507692 (+/-0.122483).
P2: N=65, mean=0.446154 (+/-0.121785).
Game Durations: N=130, mean=16.023077 (+/-0.711331).
P1: N=65, mean=15.676923 (+/-0.997823).
P2: N=65, mean=16.369231 (+/-1.014764).

Agent 2 (Example UCT)
Winning score (between 0 and 1) : N=130, mean=0.523077 (+/-0.08619).
P1: N=65, mean=0.553846 (+/-0.121785).
P2: N=65, mean=0.492308 (+/-0.122483).
Game Durations: N=130, mean=16.023077 (+/-0.711331).
P1: N=65, mean=16.369231 (+/-1.014764).
P2: N=65, mean=15.676923 (+/-0.997823).
=====================================================
=====================================================
Completed 140 games.

Agent 1 (SHUCTAnyTime)
Winning score (between 0 and 1) : N=140, mean=0.478571 (+/-0.083044).
P1: N=70, mean=0.5 (+/-0.117976).
P2: N=70, mean=0.457143 (+/-0.117542).
Game Durations: N=140, mean=16.164286 (+/-0.699291).
P1: N=70, mean=15.985714 (+/-1.01172).
P2: N=70, mean=16.342857 (+/-0.971123).

Agent 2 (Example UCT)
Winning score (between 0 and 1) : N=140, mean=0.521429 (+/-0.083044).
P1: N=70, mean=0.542857 (+/-0.117542).
P2: N=70, mean=0.5 (+/-0.117976).
Game Durations: N=140, mean=16.164286 (+/-0.699291).
P1: N=70, mean=16.342857 (+/-0.971123).
P2: N=70, mean=15.985714 (+/-1.01172).
=====================================================
=====================================================
Completed 150 games.

Agent 1 (SHUCTAnyTime)
Winning score (between 0 and 1) : N=150, mean=0.453333 (+/-0.079933).
P1: N=75, mean=0.48 (+/-0.113829).
P2: N=75, mean=0.426667 (+/-0.112688).
Game Durations: N=150, mean=16.286667 (+/-0.676499).
P1: N=75, mean=16.053333 (+/-0.982902).
P2: N=75, mean=16.52 (+/-0.933395).

Agent 2 (Example UCT)
Winning score (between 0 and 1) : N=150, mean=0.546667 (+/-0.079933).
P1: N=75, mean=0.573333 (+/-0.112688).
P2: N=75, mean=0.52 (+/-0.113829).
Game Durations: N=150, mean=16.286667 (+/-0.676499).
P1: N=75, mean=16.52 (+/-0.933395).
P2: N=75, mean=16.053333 (+/-0.982902).
=====================================================
