Warming up...
Finished warming up!
=====================================================
Completed 1 games.

Agent 1 (SHUCTAnyTime)
Winning score (between 0 and 1) : N=1, mean=0 (+/-0).
P1: N=0, mean=0 (+/-0).
P2: N=1, mean=0 (+/-0).
Game Durations: N=1, mean=15 (+/-0).
P1: N=0, mean=0 (+/-0).
P2: N=1, mean=15 (+/-0).

Agent 2 (Example UCT)
Winning score (between 0 and 1) : N=1, mean=1 (+/-0).
P1: N=1, mean=1 (+/-0).
P2: N=0, mean=0 (+/-0).
Game Durations: N=1, mean=15 (+/-0).
P1: N=1, mean=15 (+/-0).
P2: N=0, mean=0 (+/-0).
=====================================================
=====================================================
Completed 2 games.

Agent 1 (SHUCTAnyTime)
Winning score (between 0 and 1) : N=2, mean=0.5 (+/-0.97998).
P1: N=1, mean=1 (+/-0).
P2: N=1, mean=0 (+/-0).
Game Durations: N=2, mean=13 (+/-3.91992).
P1: N=1, mean=11 (+/-0).
P2: N=1, mean=15 (+/-0).

Agent 2 (Example UCT)
Winning score (between 0 and 1) : N=2, mean=0.5 (+/-0.97998).
P1: N=1, mean=1 (+/-0).
P2: N=1, mean=0 (+/-0).
Game Durations: N=2, mean=13 (+/-3.91992).
P1: N=1, mean=15 (+/-0).
P2: N=1, mean=11 (+/-0).
=====================================================
=====================================================
Completed 3 games.

Agent 1 (SHUCTAnyTime)
Winning score (between 0 and 1) : N=3, mean=0.333333 (+/-0.65332).
P1: N=1, mean=1 (+/-0).
P2: N=2, mean=0 (+/-0).
Game Durations: N=3, mean=12.333333 (+/-2.61328).
P1: N=1, mean=11 (+/-0).
P2: N=2, mean=13 (+/-3.91992).

Agent 2 (Example UCT)
Winning score (between 0 and 1) : N=3, mean=0.666667 (+/-0.65332).
P1: N=2, mean=1 (+/-0).
P2: N=1, mean=0 (+/-0).
Game Durations: N=3, mean=12.333333 (+/-2.61328).
P1: N=2, mean=13 (+/-3.91992).
P2: N=1, mean=11 (+/-0).
=====================================================
=====================================================
Completed 4 games.

Agent 1 (SHUCTAnyTime)
Winning score (between 0 and 1) : N=4, mean=0.25 (+/-0.48999).
P1: N=2, mean=0.5 (+/-0.97998).
P2: N=2, mean=0 (+/-0).
Game Durations: N=4, mean=13.25 (+/-2.577304).
P1: N=2, mean=13.5 (+/-4.8999).
P2: N=2, mean=13 (+/-3.91992).

Agent 2 (Example UCT)
Winning score (between 0 and 1) : N=4, mean=0.75 (+/-0.48999).
P1: N=2, mean=1 (+/-0).
P2: N=2, mean=0.5 (+/-0.97998).
Game Durations: N=4, mean=13.25 (+/-2.577304).
P1: N=2, mean=13 (+/-3.91992).
P2: N=2, mean=13.5 (+/-4.8999).
=====================================================
=====================================================
Completed 5 games.

Agent 1 (SHUCTAnyTime)
Winning score (between 0 and 1) : N=5, mean=0.2 (+/-0.391992).
P1: N=2, mean=0.5 (+/-0.97998).
P2: N=3, mean=0 (+/-0).
Game Durations: N=5, mean=14 (+/-2.479175).
P1: N=2, mean=13.5 (+/-4.8999).
P2: N=3, mean=14.333333 (+/-3.457044).

Agent 2 (Example UCT)
Winning score (between 0 and 1) : N=5, mean=0.8 (+/-0.391992).
P1: N=3, mean=1 (+/-0).
P2: N=2, mean=0.5 (+/-0.97998).
Game Durations: N=5, mean=14 (+/-2.479175).
P1: N=3, mean=14.333333 (+/-3.457044).
P2: N=2, mean=13.5 (+/-4.8999).
=====================================================
=====================================================
Completed 10 games.

Agent 1 (SHUCTAnyTime)
Winning score (between 0 and 1) : N=10, mean=0.5 (+/-0.32666).
P1: N=5, mean=0.6 (+/-0.48009).
P2: N=5, mean=0.4 (+/-0.48009).
Game Durations: N=10, mean=16.8 (+/-3.277036).
P1: N=5, mean=18.2 (+/-6.241172).
P2: N=5, mean=15.4 (+/-2.368229).

Agent 2 (Example UCT)
Winning score (between 0 and 1) : N=10, mean=0.5 (+/-0.32666).
P1: N=5, mean=0.6 (+/-0.48009).
P2: N=5, mean=0.4 (+/-0.48009).
Game Durations: N=10, mean=16.8 (+/-3.277036).
P1: N=5, mean=15.4 (+/-2.368229).
P2: N=5, mean=18.2 (+/-6.241172).
=====================================================
=====================================================
Completed 20 games.

Agent 1 (SHUCTAnyTime)
Winning score (between 0 and 1) : N=20, mean=0.55 (+/-0.223696).
P1: N=10, mean=0.4 (+/-0.32006).
P2: N=10, mean=0.7 (+/-0.299389).
Game Durations: N=20, mean=16.05 (+/-2.008236).
P1: N=10, mean=16.4 (+/-3.49633).
P2: N=10, mean=15.7 (+/-2.167802).

Agent 2 (Example UCT)
Winning score (between 0 and 1) : N=20, mean=0.45 (+/-0.223696).
P1: N=10, mean=0.3 (+/-0.299389).
P2: N=10, mean=0.6 (+/-0.32006).
Game Durations: N=20, mean=16.05 (+/-2.008236).
P1: N=10, mean=15.7 (+/-2.167802).
P2: N=10, mean=16.4 (+/-3.49633).
=====================================================
=====================================================
Completed 30 games.

Agent 1 (SHUCTAnyTime)
Winning score (between 0 and 1) : N=30, mean=0.533333 (+/-0.181573).
P1: N=15, mean=0.466667 (+/-0.261328).
P2: N=15, mean=0.6 (+/-0.256619).
Game Durations: N=30, mean=16.3 (+/-1.422534).
P1: N=15, mean=16.333333 (+/-2.363332).
P2: N=15, mean=16.266667 (+/-1.672587).

Agent 2 (Example UCT)
Winning score (between 0 and 1) : N=30, mean=0.466667 (+/-0.181573).
P1: N=15, mean=0.4 (+/-0.256619).
P2: N=15, mean=0.533333 (+/-0.261328).
Game Durations: N=30, mean=16.3 (+/-1.422534).
P1: N=15, mean=16.266667 (+/-1.672587).
P2: N=15, mean=16.333333 (+/-2.363332).
=====================================================
=====================================================
Completed 40 games.

Agent 1 (SHUCTAnyTime)
Winning score (between 0 and 1) : N=40, mean=0.475 (+/-0.156726).
P1: N=20, mean=0.4 (+/-0.22028).
P2: N=20, mean=0.55 (+/-0.223696).
Game Durations: N=40, mean=16.425 (+/-1.268817).
P1: N=20, mean=16.9 (+/-1.979973).
P2: N=20, mean=15.95 (+/-1.611683).

Agent 2 (Example UCT)
Winning score (between 0 and 1) : N=40, mean=0.525 (+/-0.156726).
P1: N=20, mean=0.45 (+/-0.223696).
P2: N=20, mean=0.6 (+/-0.22028).
Game Durations: N=40, mean=16.425 (+/-1.268817).
P1: N=20, mean=15.95 (+/-1.611683).
P2: N=20, mean=16.9 (+/-1.979973).
=====================================================
=====================================================
Completed 50 games.

Agent 1 (SHUCTAnyTime)
Winning score (between 0 and 1) : N=50, mean=0.5 (+/-0.139997).
P1: N=25, mean=0.48 (+/-0.199877).
P2: N=25, mean=0.52 (+/-0.199877).
Game Durations: N=50, mean=16.28 (+/-1.11723).
P1: N=25, mean=16.88 (+/-1.694808).
P2: N=25, mean=15.68 (+/-1.452311).

Agent 2 (Example UCT)
Winning score (between 0 and 1) : N=50, mean=0.5 (+/-0.139997).
P1: N=25, mean=0.48 (+/-0.199877).
P2: N=25, mean=0.52 (+/-0.199877).
Game Durations: N=50, mean=16.28 (+/-1.11723).
P1: N=25, mean=15.68 (+/-1.452311).
P2: N=25, mean=16.88 (+/-1.694808).
=====================================================
=====================================================
Completed 60 games.

Agent 1 (SHUCTAnyTime)
Winning score (between 0 and 1) : N=60, mean=0.483333 (+/-0.127512).
P1: N=30, mean=0.466667 (+/-0.181573).
P2: N=30, mean=0.5 (+/-0.181978).
Game Durations: N=60, mean=16.016667 (+/-1.064879).
P1: N=30, mean=17 (+/-1.605809).
P2: N=30, mean=15.033333 (+/-1.333897).

Agent 2 (Example UCT)
Winning score (between 0 and 1) : N=60, mean=0.516667 (+/-0.127512).
P1: N=30, mean=0.5 (+/-0.181978).
P2: N=30, mean=0.533333 (+/-0.181573).
Game Durations: N=60, mean=16.016667 (+/-1.064879).
P1: N=30, mean=15.033333 (+/-1.333897).
P2: N=30, mean=17 (+/-1.605809).
=====================================================
=====================================================
Completed 70 games.

Agent 1 (SHUCTAnyTime)
Winning score (between 0 and 1) : N=70, mean=0.457143 (+/-0.117542).
P1: N=35, mean=0.485714 (+/-0.167997).
P2: N=35, mean=0.428571 (+/-0.166341).
Game Durations: N=70, mean=15.957143 (+/-0.959216).
P1: N=35, mean=16.714286 (+/-1.454259).
P2: N=35, mean=15.2 (+/-1.220693).

Agent 2 (Example UCT)
Winning score (between 0 and 1) : N=70, mean=0.542857 (+/-0.117542).
P1: N=35, mean=0.571429 (+/-0.166341).
P2: N=35, mean=0.514286 (+/-0.167997).
Game Durations: N=70, mean=15.957143 (+/-0.959216).
P1: N=35, mean=15.2 (+/-1.220693).
P2: N=35, mean=16.714286 (+/-1.454259).
=====================================================
=====================================================
Completed 80 games.

Agent 1 (SHUCTAnyTime)
Winning score (between 0 and 1) : N=80, mean=0.4375 (+/-0.109392).
P1: N=40, mean=0.475 (+/-0.156726).
P2: N=40, mean=0.4 (+/-0.153752).
Game Durations: N=80, mean=15.8125 (+/-0.903896).
P1: N=40, mean=16.475 (+/-1.41228).
P2: N=40, mean=15.15 (+/-1.10861).

Agent 2 (Example UCT)
Winning score (between 0 and 1) : N=80, mean=0.5625 (+/-0.109392).
P1: N=40, mean=0.6 (+/-0.153752).
P2: N=40, mean=0.525 (+/-0.156726).
Game Durations: N=80, mean=15.8125 (+/-0.903896).
P1: N=40, mean=15.15 (+/-1.10861).
P2: N=40, mean=16.475 (+/-1.41228).
=====================================================
=====================================================
Completed 90 games.

Agent 1 (SHUCTAnyTime)
Winning score (between 0 and 1) : N=90, mean=0.455556 (+/-0.103466).
P1: N=45, mean=0.488889 (+/-0.147701).
P2: N=45, mean=0.422222 (+/-0.145939).
Game Durations: N=90, mean=16.066667 (+/-0.86151).
P1: N=45, mean=16.577778 (+/-1.320654).
P2: N=45, mean=15.555556 (+/-1.101269).

Agent 2 (Example UCT)
Winning score (between 0 and 1) : N=90, mean=0.544444 (+/-0.103466).
P1: N=45, mean=0.577778 (+/-0.145939).
P2: N=45, mean=0.511111 (+/-0.147701).
Game Durations: N=90, mean=16.066667 (+/-0.86151).
P1: N=45, mean=15.555556 (+/-1.101269).
P2: N=45, mean=16.577778 (+/-1.320654).
=====================================================
=====================================================
Completed 100 games.

Agent 1 (SHUCTAnyTime)
Winning score (between 0 and 1) : N=100, mean=0.47 (+/-0.098314).
P1: N=50, mean=0.52 (+/-0.139885).
P2: N=50, mean=0.42 (+/-0.138194).
Game Durations: N=100, mean=16.05 (+/-0.78861).
P1: N=50, mean=16.48 (+/-1.194811).
P2: N=50, mean=15.62 (+/-1.027835).

Agent 2 (Example UCT)
Winning score (between 0 and 1) : N=100, mean=0.53 (+/-0.098314).
P1: N=50, mean=0.58 (+/-0.138194).
P2: N=50, mean=0.48 (+/-0.139885).
Game Durations: N=100, mean=16.05 (+/-0.78861).
P1: N=50, mean=15.62 (+/-1.027835).
P2: N=50, mean=16.48 (+/-1.194811).
=====================================================
=====================================================
Completed 110 games.

Agent 1 (SHUCTAnyTime)
Winning score (between 0 and 1) : N=110, mean=0.490909 (+/-0.09385).
P1: N=55, mean=0.545455 (+/-0.132806).
P2: N=55, mean=0.436364 (+/-0.132274).
Game Durations: N=110, mean=16.063636 (+/-0.74073).
P1: N=55, mean=16.436364 (+/-1.097657).
P2: N=55, mean=15.690909 (+/-0.995202).

Agent 2 (Example UCT)
Winning score (between 0 and 1) : N=110, mean=0.509091 (+/-0.09385).
P1: N=55, mean=0.563636 (+/-0.132274).
P2: N=55, mean=0.454545 (+/-0.132806).
Game Durations: N=110, mean=16.063636 (+/-0.74073).
P1: N=55, mean=15.690909 (+/-0.995202).
P2: N=55, mean=16.436364 (+/-1.097657).
=====================================================
=====================================================
Completed 120 games.

Agent 1 (SHUCTAnyTime)
Winning score (between 0 and 1) : N=120, mean=0.483333 (+/-0.089785).
P1: N=60, mean=0.533333 (+/-0.127299).
P2: N=60, mean=0.433333 (+/-0.126443).
Game Durations: N=120, mean=16.2 (+/-0.727087).
P1: N=60, mean=16.433333 (+/-1.072874).
P2: N=60, mean=15.966667 (+/-0.987115).

Agent 2 (Example UCT)
Winning score (between 0 and 1) : N=120, mean=0.516667 (+/-0.089785).
P1: N=60, mean=0.566667 (+/-0.126443).
P2: N=60, mean=0.466667 (+/-0.127299).
Game Durations: N=120, mean=16.2 (+/-0.727087).
P1: N=60, mean=15.966667 (+/-0.987115).
P2: N=60, mean=16.433333 (+/-1.072874).
=====================================================
=====================================================
Completed 130 games.

Agent 1 (SHUCTAnyTime)
Winning score (between 0 and 1) : N=130, mean=0.469231 (+/-0.086119).
P1: N=65, mean=0.538462 (+/-0.122135).
P2: N=65, mean=0.4 (+/-0.120023).
Game Durations: N=130, mean=15.969231 (+/-0.700451).
P1: N=65, mean=16.230769 (+/-1.018579).
P2: N=65, mean=15.707692 (+/-0.965477).

Agent 2 (Example UCT)
Winning score (between 0 and 1) : N=130, mean=0.530769 (+/-0.086119).
P1: N=65, mean=0.6 (+/-0.120023).
P2: N=65, mean=0.461538 (+/-0.122135).
Game Durations: N=130, mean=15.969231 (+/-0.700451).
P1: N=65, mean=15.707692 (+/-0.965477).
P2: N=65, mean=16.230769 (+/-1.018579).
=====================================================
=====================================================
Completed 140 games.

Agent 1 (SHUCTAnyTime)
Winning score (between 0 and 1) : N=140, mean=0.464286 (+/-0.082909).
P1: N=70, mean=0.542857 (+/-0.117542).
P2: N=70, mean=0.385714 (+/-0.114853).
Game Durations: N=140, mean=16.221429 (+/-0.69942).
P1: N=70, mean=16.342857 (+/-0.972759).
P2: N=70, mean=16.1 (+/-1.011451).

Agent 2 (Example UCT)
Winning score (between 0 and 1) : N=140, mean=0.535714 (+/-0.082909).
P1: N=70, mean=0.614286 (+/-0.114853).
P2: N=70, mean=0.457143 (+/-0.117542).
Game Durations: N=140, mean=16.221429 (+/-0.69942).
P1: N=70, mean=16.1 (+/-1.011451).
P2: N=70, mean=16.342857 (+/-0.972759).
=====================================================
=====================================================
Completed 150 games.

Agent 1 (SHUCTAnyTime)
Winning score (between 0 and 1) : N=150, mean=0.473333 (+/-0.080169).
P1: N=75, mean=0.56 (+/-0.113097).
P2: N=75, mean=0.386667 (+/-0.110955).
Game Durations: N=150, mean=16.146667 (+/-0.67269).
P1: N=75, mean=16.293333 (+/-0.932217).
P2: N=75, mean=16 (+/-0.975201).

Agent 2 (Example UCT)
Winning score (between 0 and 1) : N=150, mean=0.526667 (+/-0.080169).
P1: N=75, mean=0.613333 (+/-0.110955).
P2: N=75, mean=0.44 (+/-0.113097).
Game Durations: N=150, mean=16.146667 (+/-0.67269).
P1: N=75, mean=16 (+/-0.975201).
P2: N=75, mean=16.293333 (+/-0.932217).
=====================================================
