Warming up...
Finished warming up!
=====================================================
Completed 1 games.

Agent 1 (SHUCTAnyTime)
Winning score (between 0 and 1) : N=1, mean=1 (+/-0).
P1: N=0, mean=0 (+/-0).
P2: N=1, mean=1 (+/-0).
Game Durations: N=1, mean=28 (+/-0).
P1: N=0, mean=0 (+/-0).
P2: N=1, mean=28 (+/-0).

Agent 2 (Example UCT)
Winning score (between 0 and 1) : N=1, mean=0 (+/-0).
P1: N=1, mean=0 (+/-0).
P2: N=0, mean=0 (+/-0).
Game Durations: N=1, mean=28 (+/-0).
P1: N=1, mean=28 (+/-0).
P2: N=0, mean=0 (+/-0).
=====================================================
=====================================================
Completed 2 games.

Agent 1 (SHUCTAnyTime)
Winning score (between 0 and 1) : N=2, mean=1 (+/-0).
P1: N=1, mean=1 (+/-0).
P2: N=1, mean=1 (+/-0).
Game Durations: N=2, mean=26.5 (+/-2.93994).
P1: N=1, mean=25 (+/-0).
P2: N=1, mean=28 (+/-0).

Agent 2 (Example UCT)
Winning score (between 0 and 1) : N=2, mean=0 (+/-0).
P1: N=1, mean=0 (+/-0).
P2: N=1, mean=0 (+/-0).
Game Durations: N=2, mean=26.5 (+/-2.93994).
P1: N=1, mean=28 (+/-0).
P2: N=1, mean=25 (+/-0).
=====================================================
=====================================================
Completed 3 games.

Agent 1 (SHUCTAnyTime)
Winning score (between 0 and 1) : N=3, mean=1 (+/-0).
P1: N=1, mean=1 (+/-0).
P2: N=2, mean=1 (+/-0).
Game Durations: N=3, mean=23 (+/-7.066736).
P1: N=1, mean=25 (+/-0).
P2: N=2, mean=22 (+/-11.75976).

Agent 2 (Example UCT)
Winning score (between 0 and 1) : N=3, mean=0 (+/-0).
P1: N=2, mean=0 (+/-0).
P2: N=1, mean=0 (+/-0).
Game Durations: N=3, mean=23 (+/-7.066736).
P1: N=2, mean=22 (+/-11.75976).
P2: N=1, mean=25 (+/-0).
=====================================================
=====================================================
Completed 4 games.

Agent 1 (SHUCTAnyTime)
Winning score (between 0 and 1) : N=4, mean=1 (+/-0).
P1: N=2, mean=1 (+/-0).
P2: N=2, mean=1 (+/-0).
Game Durations: N=4, mean=22.5 (+/-5.092125).
P1: N=2, mean=23 (+/-3.91992).
P2: N=2, mean=22 (+/-11.75976).

Agent 2 (Example UCT)
Winning score (between 0 and 1) : N=4, mean=0 (+/-0).
P1: N=2, mean=0 (+/-0).
P2: N=2, mean=0 (+/-0).
Game Durations: N=4, mean=22.5 (+/-5.092125).
P1: N=2, mean=22 (+/-11.75976).
P2: N=2, mean=23 (+/-3.91992).
=====================================================
=====================================================
Completed 5 games.

Agent 1 (SHUCTAnyTime)
Winning score (between 0 and 1) : N=5, mean=1 (+/-0).
P1: N=2, mean=1 (+/-0).
P2: N=3, mean=1 (+/-0).
Game Durations: N=5, mean=22 (+/-4.06426).
P1: N=2, mean=23 (+/-3.91992).
P2: N=3, mean=21.333333 (+/-6.914089).

Agent 2 (Example UCT)
Winning score (between 0 and 1) : N=5, mean=0 (+/-0).
P1: N=3, mean=0 (+/-0).
P2: N=2, mean=0 (+/-0).
Game Durations: N=5, mean=22 (+/-4.06426).
P1: N=3, mean=21.333333 (+/-6.914089).
P2: N=2, mean=23 (+/-3.91992).
=====================================================
=====================================================
Completed 10 games.

Agent 1 (SHUCTAnyTime)
Winning score (between 0 and 1) : N=10, mean=0.6 (+/-0.32006).
P1: N=5, mean=0.4 (+/-0.48009).
P2: N=5, mean=0.8 (+/-0.391992).
Game Durations: N=10, mean=21.5 (+/-2.305211).
P1: N=5, mean=21.6 (+/-2.20005).
P2: N=5, mean=21.4 (+/-4.365038).

Agent 2 (Example UCT)
Winning score (between 0 and 1) : N=10, mean=0.4 (+/-0.32006).
P1: N=5, mean=0.2 (+/-0.391992).
P2: N=5, mean=0.6 (+/-0.48009).
Game Durations: N=10, mean=21.5 (+/-2.305211).
P1: N=5, mean=21.4 (+/-4.365038).
P2: N=5, mean=21.6 (+/-2.20005).
=====================================================
=====================================================
Completed 20 games.

Agent 1 (SHUCTAnyTime)
Winning score (between 0 and 1) : N=20, mean=0.5 (+/-0.224823).
P1: N=10, mean=0.4 (+/-0.32006).
P2: N=10, mean=0.6 (+/-0.32006).
Game Durations: N=20, mean=23 (+/-2.487317).
P1: N=10, mean=23.8 (+/-1.933651).
P2: N=10, mean=22.2 (+/-4.672951).

Agent 2 (Example UCT)
Winning score (between 0 and 1) : N=20, mean=0.5 (+/-0.224823).
P1: N=10, mean=0.4 (+/-0.32006).
P2: N=10, mean=0.6 (+/-0.32006).
Game Durations: N=20, mean=23 (+/-2.487317).
P1: N=10, mean=22.2 (+/-4.672951).
P2: N=10, mean=23.8 (+/-1.933651).
=====================================================
=====================================================
Completed 30 games.

Agent 1 (SHUCTAnyTime)
Winning score (between 0 and 1) : N=30, mean=0.5 (+/-0.181978).
P1: N=15, mean=0.4 (+/-0.256619).
P2: N=15, mean=0.6 (+/-0.256619).
Game Durations: N=30, mean=24 (+/-2.041614).
P1: N=15, mean=25.733333 (+/-2.330596).
P2: N=15, mean=22.266667 (+/-3.191826).

Agent 2 (Example UCT)
Winning score (between 0 and 1) : N=30, mean=0.5 (+/-0.181978).
P1: N=15, mean=0.4 (+/-0.256619).
P2: N=15, mean=0.6 (+/-0.256619).
Game Durations: N=30, mean=24 (+/-2.041614).
P1: N=15, mean=22.266667 (+/-3.191826).
P2: N=15, mean=25.733333 (+/-2.330596).
=====================================================
=====================================================
Completed 40 games.

Agent 1 (SHUCTAnyTime)
Winning score (between 0 and 1) : N=40, mean=0.525 (+/-0.156726).
P1: N=20, mean=0.4 (+/-0.22028).
P2: N=20, mean=0.65 (+/-0.214467).
Game Durations: N=40, mean=23.725 (+/-1.921883).
P1: N=20, mean=25.1 (+/-2.211507).
P2: N=20, mean=22.35 (+/-3.083517).

Agent 2 (Example UCT)
Winning score (between 0 and 1) : N=40, mean=0.475 (+/-0.156726).
P1: N=20, mean=0.35 (+/-0.214467).
P2: N=20, mean=0.6 (+/-0.22028).
Game Durations: N=40, mean=23.725 (+/-1.921883).
P1: N=20, mean=22.35 (+/-3.083517).
P2: N=20, mean=25.1 (+/-2.211507).
=====================================================
=====================================================
Completed 50 games.

Agent 1 (SHUCTAnyTime)
Winning score (between 0 and 1) : N=50, mean=0.54 (+/-0.139548).
P1: N=25, mean=0.44 (+/-0.198592).
P2: N=25, mean=0.64 (+/-0.192036).
Game Durations: N=50, mean=23 (+/-1.648879).
P1: N=25, mean=23.8 (+/-2.144045).
P2: N=25, mean=22.2 (+/-2.509973).

Agent 2 (Example UCT)
Winning score (between 0 and 1) : N=50, mean=0.46 (+/-0.139548).
P1: N=25, mean=0.36 (+/-0.192036).
P2: N=25, mean=0.56 (+/-0.198592).
Game Durations: N=50, mean=23 (+/-1.648879).
P1: N=25, mean=22.2 (+/-2.509973).
P2: N=25, mean=23.8 (+/-2.144045).
=====================================================
=====================================================
Completed 60 games.

Agent 1 (SHUCTAnyTime)
Winning score (between 0 and 1) : N=60, mean=0.533333 (+/-0.127299).
P1: N=30, mean=0.466667 (+/-0.181573).
P2: N=30, mean=0.6 (+/-0.178301).
Game Durations: N=60, mean=23.333333 (+/-1.470001).
P1: N=30, mean=24.066667 (+/-1.881649).
P2: N=30, mean=22.6 (+/-2.260434).

Agent 2 (Example UCT)
Winning score (between 0 and 1) : N=60, mean=0.466667 (+/-0.127299).
P1: N=30, mean=0.4 (+/-0.178301).
P2: N=30, mean=0.533333 (+/-0.181573).
Game Durations: N=60, mean=23.333333 (+/-1.470001).
P1: N=30, mean=22.6 (+/-2.260434).
P2: N=30, mean=24.066667 (+/-1.881649).
=====================================================
=====================================================
Completed 70 games.

Agent 1 (SHUCTAnyTime)
Winning score (between 0 and 1) : N=70, mean=0.542857 (+/-0.117542).
P1: N=35, mean=0.542857 (+/-0.167447).
P2: N=35, mean=0.542857 (+/-0.167447).
Game Durations: N=70, mean=23.242857 (+/-1.280884).
P1: N=35, mean=23.857143 (+/-1.621295).
P2: N=35, mean=22.628571 (+/-1.986277).

Agent 2 (Example UCT)
Winning score (between 0 and 1) : N=70, mean=0.457143 (+/-0.117542).
P1: N=35, mean=0.457143 (+/-0.167447).
P2: N=35, mean=0.457143 (+/-0.167447).
Game Durations: N=70, mean=23.242857 (+/-1.280884).
P1: N=35, mean=22.628571 (+/-1.986277).
P2: N=35, mean=23.857143 (+/-1.621295).
=====================================================
=====================================================
Completed 80 games.

Agent 1 (SHUCTAnyTime)
Winning score (between 0 and 1) : N=80, mean=0.5625 (+/-0.109392).
P1: N=40, mean=0.55 (+/-0.156136).
P2: N=40, mean=0.575 (+/-0.155147).
Game Durations: N=80, mean=23.4625 (+/-1.227735).
P1: N=40, mean=24 (+/-1.626249).
P2: N=40, mean=22.925 (+/-1.845273).

Agent 2 (Example UCT)
Winning score (between 0 and 1) : N=80, mean=0.4375 (+/-0.109392).
P1: N=40, mean=0.425 (+/-0.155147).
P2: N=40, mean=0.45 (+/-0.156136).
Game Durations: N=80, mean=23.4625 (+/-1.227735).
P1: N=40, mean=22.925 (+/-1.845273).
P2: N=40, mean=24 (+/-1.626249).
=====================================================
=====================================================
Completed 90 games.

Agent 1 (SHUCTAnyTime)
Winning score (between 0 and 1) : N=90, mean=0.555556 (+/-0.103234).
P1: N=45, mean=0.533333 (+/-0.147409).
P2: N=45, mean=0.577778 (+/-0.145939).
Game Durations: N=90, mean=23.411111 (+/-1.147949).
P1: N=45, mean=24.088889 (+/-1.553326).
P2: N=45, mean=22.733333 (+/-1.68464).

Agent 2 (Example UCT)
Winning score (between 0 and 1) : N=90, mean=0.444444 (+/-0.103234).
P1: N=45, mean=0.422222 (+/-0.145939).
P2: N=45, mean=0.466667 (+/-0.147409).
Game Durations: N=90, mean=23.411111 (+/-1.147949).
P1: N=45, mean=22.733333 (+/-1.68464).
P2: N=45, mean=24.088889 (+/-1.553326).
=====================================================
=====================================================
Completed 100 games.

Agent 1 (SHUCTAnyTime)
Winning score (between 0 and 1) : N=100, mean=0.56 (+/-0.09778).
P1: N=50, mean=0.54 (+/-0.139548).
P2: N=50, mean=0.58 (+/-0.138194).
Game Durations: N=100, mean=23.18 (+/-1.097599).
P1: N=50, mean=23.94 (+/-1.480966).
P2: N=50, mean=22.42 (+/-1.607557).

Agent 2 (Example UCT)
Winning score (between 0 and 1) : N=100, mean=0.44 (+/-0.09778).
P1: N=50, mean=0.42 (+/-0.138194).
P2: N=50, mean=0.46 (+/-0.139548).
Game Durations: N=100, mean=23.18 (+/-1.097599).
P1: N=50, mean=22.42 (+/-1.607557).
P2: N=50, mean=23.94 (+/-1.480966).
=====================================================
=====================================================
Completed 110 games.

Agent 1 (SHUCTAnyTime)
Winning score (between 0 and 1) : N=110, mean=0.572727 (+/-0.092867).
P1: N=55, mean=0.581818 (+/-0.131561).
P2: N=55, mean=0.563636 (+/-0.132274).
Game Durations: N=110, mean=23.472727 (+/-1.109388).
P1: N=55, mean=24.290909 (+/-1.522154).
P2: N=55, mean=22.654545 (+/-1.59886).

Agent 2 (Example UCT)
Winning score (between 0 and 1) : N=110, mean=0.427273 (+/-0.092867).
P1: N=55, mean=0.436364 (+/-0.132274).
P2: N=55, mean=0.418182 (+/-0.131561).
Game Durations: N=110, mean=23.472727 (+/-1.109388).
P1: N=55, mean=22.654545 (+/-1.59886).
P2: N=55, mean=24.290909 (+/-1.522154).
=====================================================
=====================================================
Completed 120 games.

Agent 1 (SHUCTAnyTime)
Winning score (between 0 and 1) : N=120, mean=0.591667 (+/-0.088312).
P1: N=60, mean=0.583333 (+/-0.125798).
P2: N=60, mean=0.6 (+/-0.125005).
Game Durations: N=120, mean=23.758333 (+/-1.076016).
P1: N=60, mean=24.716667 (+/-1.473264).
P2: N=60, mean=22.8 (+/-1.542852).

Agent 2 (Example UCT)
Winning score (between 0 and 1) : N=120, mean=0.408333 (+/-0.088312).
P1: N=60, mean=0.4 (+/-0.125005).
P2: N=60, mean=0.416667 (+/-0.125798).
Game Durations: N=120, mean=23.758333 (+/-1.076016).
P1: N=60, mean=22.8 (+/-1.542852).
P2: N=60, mean=24.716667 (+/-1.473264).
=====================================================
=====================================================
Completed 130 games.

Agent 1 (SHUCTAnyTime)
Winning score (between 0 and 1) : N=130, mean=0.561538 (+/-0.085626).
P1: N=65, mean=0.569231 (+/-0.121318).
P2: N=65, mean=0.553846 (+/-0.121785).
Game Durations: N=130, mean=23.692308 (+/-1.04614).
P1: N=65, mean=24.569231 (+/-1.405728).
P2: N=65, mean=22.815385 (+/-1.530833).

Agent 2 (Example UCT)
Winning score (between 0 and 1) : N=130, mean=0.438462 (+/-0.085626).
P1: N=65, mean=0.446154 (+/-0.121785).
P2: N=65, mean=0.430769 (+/-0.121318).
Game Durations: N=130, mean=23.692308 (+/-1.04614).
P1: N=65, mean=22.815385 (+/-1.530833).
P2: N=65, mean=24.569231 (+/-1.405728).
=====================================================
=====================================================
Completed 140 games.

Agent 1 (SHUCTAnyTime)
Winning score (between 0 and 1) : N=140, mean=0.557143 (+/-0.082576).
P1: N=70, mean=0.571429 (+/-0.116766).
P2: N=70, mean=0.542857 (+/-0.117542).
Game Durations: N=140, mean=23.828571 (+/-1.015094).
P1: N=70, mean=24.8 (+/-1.322531).
P2: N=70, mean=22.857143 (+/-1.515707).

Agent 2 (Example UCT)
Winning score (between 0 and 1) : N=140, mean=0.442857 (+/-0.082576).
P1: N=70, mean=0.457143 (+/-0.117542).
P2: N=70, mean=0.428571 (+/-0.116766).
Game Durations: N=140, mean=23.828571 (+/-1.015094).
P1: N=70, mean=22.857143 (+/-1.515707).
P2: N=70, mean=24.8 (+/-1.322531).
=====================================================
=====================================================
Completed 150 games.

Agent 1 (SHUCTAnyTime)
Winning score (between 0 and 1) : N=150, mean=0.553333 (+/-0.079825).
P1: N=75, mean=0.586667 (+/-0.112196).
P2: N=75, mean=0.52 (+/-0.113829).
Game Durations: N=150, mean=23.586667 (+/-0.995543).
P1: N=75, mean=24.293333 (+/-1.32319).
P2: N=75, mean=22.88 (+/-1.479368).

Agent 2 (Example UCT)
Winning score (between 0 and 1) : N=150, mean=0.446667 (+/-0.079825).
P1: N=75, mean=0.48 (+/-0.113829).
P2: N=75, mean=0.413333 (+/-0.112196).
Game Durations: N=150, mean=23.586667 (+/-0.995543).
P1: N=75, mean=22.88 (+/-1.479368).
P2: N=75, mean=24.293333 (+/-1.32319).
=====================================================
