Warming up...
Finished warming up!
=====================================================
Completed 1 games.

Agent 1 (SHUCTAnyTime)
Winning score (between 0 and 1) : N=1, mean=0 (+/-0).
P1: N=0, mean=0 (+/-0).
P2: N=1, mean=0 (+/-0).
Game Durations: N=1, mean=15 (+/-0).
P1: N=0, mean=0 (+/-0).
P2: N=1, mean=15 (+/-0).

Agent 2 (Example UCT)
Winning score (between 0 and 1) : N=1, mean=1 (+/-0).
P1: N=1, mean=1 (+/-0).
P2: N=0, mean=0 (+/-0).
Game Durations: N=1, mean=15 (+/-0).
P1: N=1, mean=15 (+/-0).
P2: N=0, mean=0 (+/-0).
=====================================================
=====================================================
Completed 2 games.

Agent 1 (SHUCTAnyTime)
Winning score (between 0 and 1) : N=2, mean=0 (+/-0).
P1: N=1, mean=0 (+/-0).
P2: N=1, mean=0 (+/-0).
Game Durations: N=2, mean=15.5 (+/-0.97998).
P1: N=1, mean=16 (+/-0).
P2: N=1, mean=15 (+/-0).

Agent 2 (Example UCT)
Winning score (between 0 and 1) : N=2, mean=1 (+/-0).
P1: N=1, mean=1 (+/-0).
P2: N=1, mean=1 (+/-0).
Game Durations: N=2, mean=15.5 (+/-0.97998).
P1: N=1, mean=15 (+/-0).
P2: N=1, mean=16 (+/-0).
=====================================================
=====================================================
Completed 3 games.

Agent 1 (SHUCTAnyTime)
Winning score (between 0 and 1) : N=3, mean=0 (+/-0).
P1: N=1, mean=0 (+/-0).
P2: N=2, mean=0 (+/-0).
Game Durations: N=3, mean=14.666667 (+/-1.728522).
P1: N=1, mean=16 (+/-0).
P2: N=2, mean=14 (+/-1.95996).

Agent 2 (Example UCT)
Winning score (between 0 and 1) : N=3, mean=1 (+/-0).
P1: N=2, mean=1 (+/-0).
P2: N=1, mean=1 (+/-0).
Game Durations: N=3, mean=14.666667 (+/-1.728522).
P1: N=2, mean=14 (+/-1.95996).
P2: N=1, mean=16 (+/-0).
=====================================================
=====================================================
Completed 4 games.

Agent 1 (SHUCTAnyTime)
Winning score (between 0 and 1) : N=4, mean=0 (+/-0).
P1: N=2, mean=0 (+/-0).
P2: N=2, mean=0 (+/-0).
Game Durations: N=4, mean=14 (+/-1.789191).
P1: N=2, mean=14 (+/-3.91992).
P2: N=2, mean=14 (+/-1.95996).

Agent 2 (Example UCT)
Winning score (between 0 and 1) : N=4, mean=1 (+/-0).
P1: N=2, mean=1 (+/-0).
P2: N=2, mean=1 (+/-0).
Game Durations: N=4, mean=14 (+/-1.789191).
P1: N=2, mean=14 (+/-1.95996).
P2: N=2, mean=14 (+/-3.91992).
=====================================================
=====================================================
Completed 5 games.

Agent 1 (SHUCTAnyTime)
Winning score (between 0 and 1) : N=5, mean=0 (+/-0).
P1: N=2, mean=0 (+/-0).
P2: N=3, mean=0 (+/-0).
Game Durations: N=5, mean=13.4 (+/-1.817592).
P1: N=2, mean=14 (+/-3.91992).
P2: N=3, mean=13 (+/-2.263167).

Agent 2 (Example UCT)
Winning score (between 0 and 1) : N=5, mean=1 (+/-0).
P1: N=3, mean=1 (+/-0).
P2: N=2, mean=1 (+/-0).
Game Durations: N=5, mean=13.4 (+/-1.817592).
P1: N=3, mean=13 (+/-2.263167).
P2: N=2, mean=14 (+/-3.91992).
=====================================================
=====================================================
Completed 10 games.

Agent 1 (SHUCTAnyTime)
Winning score (between 0 and 1) : N=10, mean=0.3 (+/-0.299389).
P1: N=5, mean=0.2 (+/-0.391992).
P2: N=5, mean=0.4 (+/-0.48009).
Game Durations: N=10, mean=14.6 (+/-2.110942).
P1: N=5, mean=15 (+/-3.160341).
P2: N=5, mean=14.2 (+/-3.123662).

Agent 2 (Example UCT)
Winning score (between 0 and 1) : N=10, mean=0.7 (+/-0.299389).
P1: N=5, mean=0.6 (+/-0.48009).
P2: N=5, mean=0.8 (+/-0.391992).
Game Durations: N=10, mean=14.6 (+/-2.110942).
P1: N=5, mean=14.2 (+/-3.123662).
P2: N=5, mean=15 (+/-3.160341).
=====================================================
=====================================================
Completed 20 games.

Agent 1 (SHUCTAnyTime)
Winning score (between 0 and 1) : N=20, mean=0.45 (+/-0.223696).
P1: N=10, mean=0.4 (+/-0.32006).
P2: N=10, mean=0.5 (+/-0.32666).
Game Durations: N=20, mean=14.85 (+/-2.384712).
P1: N=10, mean=14 (+/-2.677815).
P2: N=10, mean=15.7 (+/-4.027865).

Agent 2 (Example UCT)
Winning score (between 0 and 1) : N=20, mean=0.55 (+/-0.223696).
P1: N=10, mean=0.5 (+/-0.32666).
P2: N=10, mean=0.6 (+/-0.32006).
Game Durations: N=20, mean=14.85 (+/-2.384712).
P1: N=10, mean=15.7 (+/-4.027865).
P2: N=10, mean=14 (+/-2.677815).
=====================================================
=====================================================
Completed 30 games.

Agent 1 (SHUCTAnyTime)
Winning score (between 0 and 1) : N=30, mean=0.466667 (+/-0.181573).
P1: N=15, mean=0.466667 (+/-0.261328).
P2: N=15, mean=0.466667 (+/-0.261328).
Game Durations: N=30, mean=15.9 (+/-1.905936).
P1: N=15, mean=15.4 (+/-2.348839).
P2: N=15, mean=16.4 (+/-3.065138).

Agent 2 (Example UCT)
Winning score (between 0 and 1) : N=30, mean=0.533333 (+/-0.181573).
P1: N=15, mean=0.533333 (+/-0.261328).
P2: N=15, mean=0.533333 (+/-0.261328).
Game Durations: N=30, mean=15.9 (+/-1.905936).
P1: N=15, mean=16.4 (+/-3.065138).
P2: N=15, mean=15.4 (+/-2.348839).
=====================================================
=====================================================
Completed 40 games.

Agent 1 (SHUCTAnyTime)
Winning score (between 0 and 1) : N=40, mean=0.5 (+/-0.156922).
P1: N=20, mean=0.55 (+/-0.223696).
P2: N=20, mean=0.45 (+/-0.223696).
Game Durations: N=40, mean=15.45 (+/-1.595601).
P1: N=20, mean=15.35 (+/-1.97678).
P2: N=20, mean=15.55 (+/-2.557354).

Agent 2 (Example UCT)
Winning score (between 0 and 1) : N=40, mean=0.5 (+/-0.156922).
P1: N=20, mean=0.55 (+/-0.223696).
P2: N=20, mean=0.45 (+/-0.223696).
Game Durations: N=40, mean=15.45 (+/-1.595601).
P1: N=20, mean=15.55 (+/-2.557354).
P2: N=20, mean=15.35 (+/-1.97678).
=====================================================
=====================================================
Completed 50 games.

Agent 1 (SHUCTAnyTime)
Winning score (between 0 and 1) : N=50, mean=0.52 (+/-0.139885).
P1: N=25, mean=0.56 (+/-0.198592).
P2: N=25, mean=0.48 (+/-0.199877).
Game Durations: N=50, mean=15.46 (+/-1.458348).
P1: N=25, mean=14.64 (+/-1.831208).
P2: N=25, mean=16.28 (+/-2.261809).

Agent 2 (Example UCT)
Winning score (between 0 and 1) : N=50, mean=0.48 (+/-0.139885).
P1: N=25, mean=0.52 (+/-0.199877).
P2: N=25, mean=0.44 (+/-0.198592).
Game Durations: N=50, mean=15.46 (+/-1.458348).
P1: N=25, mean=16.28 (+/-2.261809).
P2: N=25, mean=14.64 (+/-1.831208).
=====================================================
=====================================================
Completed 60 games.

Agent 1 (SHUCTAnyTime)
Winning score (between 0 and 1) : N=60, mean=0.5 (+/-0.127583).
P1: N=30, mean=0.566667 (+/-0.180353).
P2: N=30, mean=0.433333 (+/-0.180353).
Game Durations: N=60, mean=15.533333 (+/-1.309792).
P1: N=30, mean=14.366667 (+/-1.634381).
P2: N=30, mean=16.7 (+/-1.987143).

Agent 2 (Example UCT)
Winning score (between 0 and 1) : N=60, mean=0.5 (+/-0.127583).
P1: N=30, mean=0.566667 (+/-0.180353).
P2: N=30, mean=0.433333 (+/-0.180353).
Game Durations: N=60, mean=15.533333 (+/-1.309792).
P1: N=30, mean=16.7 (+/-1.987143).
P2: N=30, mean=14.366667 (+/-1.634381).
=====================================================
=====================================================
Completed 70 games.

Agent 1 (SHUCTAnyTime)
Winning score (between 0 and 1) : N=70, mean=0.557143 (+/-0.117203).
P1: N=35, mean=0.628571 (+/-0.162414).
P2: N=35, mean=0.485714 (+/-0.167997).
Game Durations: N=70, mean=15.714286 (+/-1.240321).
P1: N=35, mean=14.571429 (+/-1.577176).
P2: N=35, mean=16.857143 (+/-1.860497).

Agent 2 (Example UCT)
Winning score (between 0 and 1) : N=70, mean=0.442857 (+/-0.117203).
P1: N=35, mean=0.514286 (+/-0.167997).
P2: N=35, mean=0.371429 (+/-0.162414).
Game Durations: N=70, mean=15.714286 (+/-1.240321).
P1: N=35, mean=16.857143 (+/-1.860497).
P2: N=35, mean=14.571429 (+/-1.577176).
=====================================================
=====================================================
Completed 80 games.

Agent 1 (SHUCTAnyTime)
Winning score (between 0 and 1) : N=80, mean=0.5875 (+/-0.108555).
P1: N=40, mean=0.65 (+/-0.149694).
P2: N=40, mean=0.525 (+/-0.156726).
Game Durations: N=80, mean=15.5875 (+/-1.117726).
P1: N=40, mean=14.5 (+/-1.39299).
P2: N=40, mean=16.675 (+/-1.699387).

Agent 2 (Example UCT)
Winning score (between 0 and 1) : N=80, mean=0.4125 (+/-0.108555).
P1: N=40, mean=0.475 (+/-0.156726).
P2: N=40, mean=0.35 (+/-0.149694).
Game Durations: N=80, mean=15.5875 (+/-1.117726).
P1: N=40, mean=16.675 (+/-1.699387).
P2: N=40, mean=14.5 (+/-1.39299).
=====================================================
=====================================================
Completed 90 games.

Agent 1 (SHUCTAnyTime)
Winning score (between 0 and 1) : N=90, mean=0.6 (+/-0.101779).
P1: N=45, mean=0.666667 (+/-0.139288).
P2: N=45, mean=0.533333 (+/-0.147409).
Game Durations: N=90, mean=15.9 (+/-1.043406).
P1: N=45, mean=14.755556 (+/-1.26462).
P2: N=45, mean=17.044444 (+/-1.605089).

Agent 2 (Example UCT)
Winning score (between 0 and 1) : N=90, mean=0.4 (+/-0.101779).
P1: N=45, mean=0.466667 (+/-0.147409).
P2: N=45, mean=0.333333 (+/-0.139288).
Game Durations: N=90, mean=15.9 (+/-1.043406).
P1: N=45, mean=17.044444 (+/-1.605089).
P2: N=45, mean=14.755556 (+/-1.26462).
=====================================================
=====================================================
Completed 100 games.

Agent 1 (SHUCTAnyTime)
Winning score (between 0 and 1) : N=100, mean=0.6 (+/-0.096502).
P1: N=50, mean=0.66 (+/-0.132636).
P2: N=50, mean=0.54 (+/-0.139548).
Game Durations: N=100, mean=15.88 (+/-0.964728).
P1: N=50, mean=14.94 (+/-1.167156).
P2: N=50, mean=16.82 (+/-1.503327).

Agent 2 (Example UCT)
Winning score (between 0 and 1) : N=100, mean=0.4 (+/-0.096502).
P1: N=50, mean=0.46 (+/-0.139548).
P2: N=50, mean=0.34 (+/-0.132636).
Game Durations: N=100, mean=15.88 (+/-0.964728).
P1: N=50, mean=16.82 (+/-1.503327).
P2: N=50, mean=14.94 (+/-1.167156).
=====================================================
=====================================================
Completed 110 games.

Agent 1 (SHUCTAnyTime)
Winning score (between 0 and 1) : N=110, mean=0.590909 (+/-0.092301).
P1: N=55, mean=0.654545 (+/-0.126828).
P2: N=55, mean=0.527273 (+/-0.13316).
Game Durations: N=110, mean=15.818182 (+/-0.948897).
P1: N=55, mean=14.836364 (+/-1.110543).
P2: N=55, mean=16.8 (+/-1.504829).

Agent 2 (Example UCT)
Winning score (between 0 and 1) : N=110, mean=0.409091 (+/-0.092301).
P1: N=55, mean=0.472727 (+/-0.13316).
P2: N=55, mean=0.345455 (+/-0.126828).
Game Durations: N=110, mean=15.818182 (+/-0.948897).
P1: N=55, mean=16.8 (+/-1.504829).
P2: N=55, mean=14.836364 (+/-1.110543).
=====================================================
=====================================================
Completed 120 games.

Agent 1 (SHUCTAnyTime)
Winning score (between 0 and 1) : N=120, mean=0.591667 (+/-0.088312).
P1: N=60, mean=0.65 (+/-0.121706).
P2: N=60, mean=0.533333 (+/-0.127299).
Game Durations: N=120, mean=15.758333 (+/-0.886893).
P1: N=60, mean=14.883333 (+/-1.048034).
P2: N=60, mean=16.633333 (+/-1.405314).

Agent 2 (Example UCT)
Winning score (between 0 and 1) : N=120, mean=0.408333 (+/-0.088312).
P1: N=60, mean=0.466667 (+/-0.127299).
P2: N=60, mean=0.35 (+/-0.121706).
Game Durations: N=120, mean=15.758333 (+/-0.886893).
P1: N=60, mean=16.633333 (+/-1.405314).
P2: N=60, mean=14.883333 (+/-1.048034).
=====================================================
=====================================================
Completed 130 games.

Agent 1 (SHUCTAnyTime)
Winning score (between 0 and 1) : N=130, mean=0.592308 (+/-0.084799).
P1: N=65, mean=0.630769 (+/-0.118234).
P2: N=65, mean=0.553846 (+/-0.121785).
Game Durations: N=130, mean=15.692308 (+/-0.850483).
P1: N=65, mean=14.938462 (+/-1.038428).
P2: N=65, mean=16.446154 (+/-1.330164).

Agent 2 (Example UCT)
Winning score (between 0 and 1) : N=130, mean=0.407692 (+/-0.084799).
P1: N=65, mean=0.446154 (+/-0.121785).
P2: N=65, mean=0.369231 (+/-0.118234).
Game Durations: N=130, mean=15.692308 (+/-0.850483).
P1: N=65, mean=16.446154 (+/-1.330164).
P2: N=65, mean=14.938462 (+/-1.038428).
=====================================================
=====================================================
Completed 140 games.

Agent 1 (SHUCTAnyTime)
Winning score (between 0 and 1) : N=140, mean=0.592857 (+/-0.081675).
P1: N=70, mean=0.628571 (+/-0.114009).
P2: N=70, mean=0.557143 (+/-0.117203).
Game Durations: N=140, mean=15.65 (+/-0.832851).
P1: N=70, mean=14.742857 (+/-1.007934).
P2: N=70, mean=16.557143 (+/-1.298888).

Agent 2 (Example UCT)
Winning score (between 0 and 1) : N=140, mean=0.407143 (+/-0.081675).
P1: N=70, mean=0.442857 (+/-0.117203).
P2: N=70, mean=0.371429 (+/-0.114009).
Game Durations: N=140, mean=15.65 (+/-0.832851).
P1: N=70, mean=16.557143 (+/-1.298888).
P2: N=70, mean=14.742857 (+/-1.007934).
=====================================================
=====================================================
Completed 150 games.

Agent 1 (SHUCTAnyTime)
Winning score (between 0 and 1) : N=150, mean=0.593333 (+/-0.078872).
P1: N=75, mean=0.64 (+/-0.109364).
P2: N=75, mean=0.546667 (+/-0.113423).
Game Durations: N=150, mean=15.533333 (+/-0.795014).
P1: N=75, mean=14.8 (+/-0.974491).
P2: N=75, mean=16.266667 (+/-1.24089).

Agent 2 (Example UCT)
Winning score (between 0 and 1) : N=150, mean=0.406667 (+/-0.078872).
P1: N=75, mean=0.453333 (+/-0.113423).
P2: N=75, mean=0.36 (+/-0.109364).
Game Durations: N=150, mean=15.533333 (+/-0.795014).
P1: N=75, mean=16.266667 (+/-1.24089).
P2: N=75, mean=14.8 (+/-0.974491).
=====================================================
