Warming up...
Finished warming up!
=====================================================
Completed 1 games.

Agent 1 (SHUCTAnyTime)
Winning score (between 0 and 1) : N=1, mean=0 (+/-0).
P1: N=1, mean=0 (+/-0).
P2: N=0, mean=0 (+/-0).
Game Durations: N=1, mean=62 (+/-0).
P1: N=1, mean=62 (+/-0).
P2: N=0, mean=0 (+/-0).

Agent 2 (SHUCT)
Winning score (between 0 and 1) : N=1, mean=1 (+/-0).
P1: N=0, mean=0 (+/-0).
P2: N=1, mean=1 (+/-0).
Game Durations: N=1, mean=62 (+/-0).
P1: N=0, mean=0 (+/-0).
P2: N=1, mean=62 (+/-0).
=====================================================
=====================================================
Completed 2 games.

Agent 1 (SHUCTAnyTime)
Winning score (between 0 and 1) : N=2, mean=0.5 (+/-0.97998).
P1: N=1, mean=0 (+/-0).
P2: N=1, mean=1 (+/-0).
Game Durations: N=2, mean=62 (+/-0).
P1: N=1, mean=62 (+/-0).
P2: N=1, mean=62 (+/-0).

Agent 2 (SHUCT)
Winning score (between 0 and 1) : N=2, mean=0.5 (+/-0.97998).
P1: N=1, mean=0 (+/-0).
P2: N=1, mean=1 (+/-0).
Game Durations: N=2, mean=62 (+/-0).
P1: N=1, mean=62 (+/-0).
P2: N=1, mean=62 (+/-0).
=====================================================
=====================================================
Completed 3 games.

Agent 1 (SHUCTAnyTime)
Winning score (between 0 and 1) : N=3, mean=0.333333 (+/-0.65332).
P1: N=2, mean=0 (+/-0).
P2: N=1, mean=1 (+/-0).
Game Durations: N=3, mean=62.666667 (+/-1.30664).
P1: N=2, mean=63 (+/-1.95996).
P2: N=1, mean=62 (+/-0).

Agent 2 (SHUCT)
Winning score (between 0 and 1) : N=3, mean=0.666667 (+/-0.65332).
P1: N=1, mean=0 (+/-0).
P2: N=2, mean=1 (+/-0).
Game Durations: N=3, mean=62.666667 (+/-1.30664).
P1: N=1, mean=62 (+/-0).
P2: N=2, mean=63 (+/-1.95996).
=====================================================
=====================================================
Completed 4 games.

Agent 1 (SHUCTAnyTime)
Winning score (between 0 and 1) : N=4, mean=0.5 (+/-0.565792).
P1: N=2, mean=0 (+/-0).
P2: N=2, mean=1 (+/-0).
Game Durations: N=4, mean=62.5 (+/-0.97998).
P1: N=2, mean=63 (+/-1.95996).
P2: N=2, mean=62 (+/-0).

Agent 2 (SHUCT)
Winning score (between 0 and 1) : N=4, mean=0.5 (+/-0.565792).
P1: N=2, mean=0 (+/-0).
P2: N=2, mean=1 (+/-0).
Game Durations: N=4, mean=62.5 (+/-0.97998).
P1: N=2, mean=62 (+/-0).
P2: N=2, mean=63 (+/-1.95996).
=====================================================
=====================================================
Completed 5 games.

Agent 1 (SHUCTAnyTime)
Winning score (between 0 and 1) : N=5, mean=0.4 (+/-0.48009).
P1: N=3, mean=0 (+/-0).
P2: N=2, mean=1 (+/-0).
Game Durations: N=5, mean=62.4 (+/-0.783984).
P1: N=3, mean=62.666667 (+/-1.30664).
P2: N=2, mean=62 (+/-0).

Agent 2 (SHUCT)
Winning score (between 0 and 1) : N=5, mean=0.6 (+/-0.48009).
P1: N=2, mean=0 (+/-0).
P2: N=3, mean=1 (+/-0).
Game Durations: N=5, mean=62.4 (+/-0.783984).
P1: N=2, mean=62 (+/-0).
P2: N=3, mean=62.666667 (+/-1.30664).
=====================================================
=====================================================
Completed 10 games.

Agent 1 (SHUCTAnyTime)
Winning score (between 0 and 1) : N=10, mean=0.6 (+/-0.32006).
P1: N=5, mean=0.4 (+/-0.48009).
P2: N=5, mean=0.8 (+/-0.391992).
Game Durations: N=10, mean=62.4 (+/-0.433363).
P1: N=5, mean=62.6 (+/-0.783984).
P2: N=5, mean=62.2 (+/-0.391992).

Agent 2 (SHUCT)
Winning score (between 0 and 1) : N=10, mean=0.4 (+/-0.32006).
P1: N=5, mean=0.2 (+/-0.391992).
P2: N=5, mean=0.6 (+/-0.48009).
Game Durations: N=10, mean=62.4 (+/-0.433363).
P1: N=5, mean=62.2 (+/-0.391992).
P2: N=5, mean=62.6 (+/-0.783984).
=====================================================
=====================================================
Completed 20 games.

Agent 1 (SHUCTAnyTime)
Winning score (between 0 and 1) : N=20, mean=0.475 (+/-0.218842).
P1: N=10, mean=0.4 (+/-0.32006).
P2: N=10, mean=0.55 (+/-0.30817).
Game Durations: N=20, mean=62.6 (+/-0.298261).
P1: N=10, mean=62.9 (+/-0.457324).
P2: N=10, mean=62.3 (+/-0.299389).

Agent 2 (SHUCT)
Winning score (between 0 and 1) : N=20, mean=0.525 (+/-0.218842).
P1: N=10, mean=0.45 (+/-0.30817).
P2: N=10, mean=0.6 (+/-0.32006).
Game Durations: N=20, mean=62.6 (+/-0.298261).
P1: N=10, mean=62.3 (+/-0.299389).
P2: N=10, mean=62.9 (+/-0.457324).
=====================================================
=====================================================
Completed 30 games.

Agent 1 (SHUCTAnyTime)
Winning score (between 0 and 1) : N=30, mean=0.483333 (+/-0.178816).
P1: N=15, mean=0.4 (+/-0.256619).
P2: N=15, mean=0.566667 (+/-0.250608).
Game Durations: N=30, mean=62.566667 (+/-0.24294).
P1: N=15, mean=62.666667 (+/-0.366259).
P2: N=15, mean=62.466667 (+/-0.323848).

Agent 2 (SHUCT)
Winning score (between 0 and 1) : N=30, mean=0.516667 (+/-0.178816).
P1: N=15, mean=0.433333 (+/-0.250608).
P2: N=15, mean=0.6 (+/-0.256619).
Game Durations: N=30, mean=62.566667 (+/-0.24294).
P1: N=15, mean=62.466667 (+/-0.323848).
P2: N=15, mean=62.666667 (+/-0.366259).
=====================================================
=====================================================
Completed 40 games.

Agent 1 (SHUCTAnyTime)
Winning score (between 0 and 1) : N=40, mean=0.4875 (+/-0.154899).
P1: N=20, mean=0.4 (+/-0.22028).
P2: N=20, mean=0.575 (+/-0.21652).
Game Durations: N=40, mean=62.5 (+/-0.198493).
P1: N=20, mean=62.6 (+/-0.298261).
P2: N=20, mean=62.4 (+/-0.262186).

Agent 2 (SHUCT)
Winning score (between 0 and 1) : N=40, mean=0.5125 (+/-0.154899).
P1: N=20, mean=0.425 (+/-0.21652).
P2: N=20, mean=0.6 (+/-0.22028).
Game Durations: N=40, mean=62.5 (+/-0.198493).
P1: N=20, mean=62.4 (+/-0.262186).
P2: N=20, mean=62.6 (+/-0.298261).
=====================================================
=====================================================
Completed 50 games.

Agent 1 (SHUCTAnyTime)
Winning score (between 0 and 1) : N=50, mean=0.53 (+/-0.138335).
P1: N=25, mean=0.48 (+/-0.199877).
P2: N=25, mean=0.58 (+/-0.193365).
Game Durations: N=50, mean=62.5 (+/-0.170314).
P1: N=25, mean=62.56 (+/-0.255046).
P2: N=25, mean=62.44 (+/-0.228569).

Agent 2 (SHUCT)
Winning score (between 0 and 1) : N=50, mean=0.47 (+/-0.138335).
P1: N=25, mean=0.42 (+/-0.193365).
P2: N=25, mean=0.52 (+/-0.199877).
Game Durations: N=50, mean=62.5 (+/-0.170314).
P1: N=25, mean=62.44 (+/-0.228569).
P2: N=25, mean=62.56 (+/-0.255046).
=====================================================
=====================================================
Completed 60 games.

Agent 1 (SHUCTAnyTime)
Winning score (between 0 and 1) : N=60, mean=0.533333 (+/-0.125149).
P1: N=30, mean=0.466667 (+/-0.181573).
P2: N=30, mean=0.6 (+/-0.171999).
Game Durations: N=60, mean=62.45 (+/-0.150418).
P1: N=30, mean=62.5 (+/-0.225339).
P2: N=30, mean=62.4 (+/-0.201549).

Agent 2 (SHUCT)
Winning score (between 0 and 1) : N=60, mean=0.466667 (+/-0.125149).
P1: N=30, mean=0.4 (+/-0.171999).
P2: N=30, mean=0.533333 (+/-0.181573).
Game Durations: N=60, mean=62.45 (+/-0.150418).
P1: N=30, mean=62.4 (+/-0.201549).
P2: N=30, mean=62.5 (+/-0.225339).
=====================================================
=====================================================
Completed 70 games.

Agent 1 (SHUCTAnyTime)
Winning score (between 0 and 1) : N=70, mean=0.557143 (+/-0.115494).
P1: N=35, mean=0.514286 (+/-0.167997).
P2: N=35, mean=0.6 (+/-0.159694).
Game Durations: N=70, mean=62.442857 (+/-0.136046).
P1: N=35, mean=62.514286 (+/-0.202818).
P2: N=35, mean=62.371429 (+/-0.181203).

Agent 2 (SHUCT)
Winning score (between 0 and 1) : N=70, mean=0.442857 (+/-0.115494).
P1: N=35, mean=0.4 (+/-0.159694).
P2: N=35, mean=0.485714 (+/-0.167997).
Game Durations: N=70, mean=62.442857 (+/-0.136046).
P1: N=35, mean=62.371429 (+/-0.181203).
P2: N=35, mean=62.514286 (+/-0.202818).
=====================================================
=====================================================
Completed 80 games.

Agent 1 (SHUCTAnyTime)
Winning score (between 0 and 1) : N=80, mean=0.525 (+/-0.10873).
P1: N=40, mean=0.475 (+/-0.156726).
P2: N=40, mean=0.575 (+/-0.151127).
Game Durations: N=80, mean=62.5 (+/-0.139464).
P1: N=40, mean=62.5 (+/-0.185673).
P2: N=40, mean=62.5 (+/-0.210533).

Agent 2 (SHUCT)
Winning score (between 0 and 1) : N=80, mean=0.475 (+/-0.10873).
P1: N=40, mean=0.425 (+/-0.151127).
P2: N=40, mean=0.525 (+/-0.156726).
Game Durations: N=80, mean=62.5 (+/-0.139464).
P1: N=40, mean=62.5 (+/-0.210533).
P2: N=40, mean=62.5 (+/-0.185673).
=====================================================
=====================================================
Completed 90 games.

Agent 1 (SHUCTAnyTime)
Winning score (between 0 and 1) : N=90, mean=0.516667 (+/-0.102073).
P1: N=45, mean=0.477778 (+/-0.145939).
P2: N=45, mean=0.555556 (+/-0.143481).
Game Durations: N=90, mean=62.511111 (+/-0.152494).
P1: N=45, mean=62.533333 (+/-0.22972).
P2: N=45, mean=62.488889 (+/-0.203019).

Agent 2 (SHUCT)
Winning score (between 0 and 1) : N=90, mean=0.483333 (+/-0.102073).
P1: N=45, mean=0.444444 (+/-0.143481).
P2: N=45, mean=0.522222 (+/-0.145939).
Game Durations: N=90, mean=62.511111 (+/-0.152494).
P1: N=45, mean=62.488889 (+/-0.203019).
P2: N=45, mean=62.533333 (+/-0.22972).
=====================================================
=====================================================
Completed 100 games.

Agent 1 (SHUCTAnyTime)
Winning score (between 0 and 1) : N=100, mean=0.535 (+/-0.096758).
P1: N=50, mean=0.51 (+/-0.138562).
P2: N=50, mean=0.56 (+/-0.136136).
Game Durations: N=100, mean=62.56 (+/-0.158373).
P1: N=50, mean=62.54 (+/-0.211094).
P2: N=50, mean=62.58 (+/-0.238176).

Agent 2 (SHUCT)
Winning score (between 0 and 1) : N=100, mean=0.465 (+/-0.096758).
P1: N=50, mean=0.44 (+/-0.136136).
P2: N=50, mean=0.49 (+/-0.138562).
Game Durations: N=100, mean=62.56 (+/-0.158373).
P1: N=50, mean=62.58 (+/-0.238176).
P2: N=50, mean=62.54 (+/-0.211094).
=====================================================
=====================================================
Completed 110 games.

Agent 1 (SHUCTAnyTime)
Winning score (between 0 and 1) : N=110, mean=0.531818 (+/-0.092383).
P1: N=55, mean=0.5 (+/-0.13214).
P2: N=55, mean=0.563636 (+/-0.129806).
Game Durations: N=110, mean=62.563636 (+/-0.148742).
P1: N=55, mean=62.509091 (+/-0.196146).
P2: N=55, mean=62.618182 (+/-0.224543).

Agent 2 (SHUCT)
Winning score (between 0 and 1) : N=110, mean=0.468182 (+/-0.092383).
P1: N=55, mean=0.436364 (+/-0.129806).
P2: N=55, mean=0.5 (+/-0.13214).
Game Durations: N=110, mean=62.563636 (+/-0.148742).
P1: N=55, mean=62.618182 (+/-0.224543).
P2: N=55, mean=62.509091 (+/-0.196146).
=====================================================
=====================================================
Completed 120 games.

Agent 1 (SHUCTAnyTime)
Winning score (between 0 and 1) : N=120, mean=0.545833 (+/-0.087557).
P1: N=60, mean=0.491667 (+/-0.124334).
P2: N=60, mean=0.6 (+/-0.122815).
Game Durations: N=120, mean=62.558333 (+/-0.140701).
P1: N=60, mean=62.466667 (+/-0.183214).
P2: N=60, mean=62.65 (+/-0.212595).

Agent 2 (SHUCT)
Winning score (between 0 and 1) : N=120, mean=0.454167 (+/-0.087557).
P1: N=60, mean=0.4 (+/-0.122815).
P2: N=60, mean=0.508333 (+/-0.124334).
Game Durations: N=120, mean=62.558333 (+/-0.140701).
P1: N=60, mean=62.65 (+/-0.212595).
P2: N=60, mean=62.466667 (+/-0.183214).
=====================================================
=====================================================
Completed 130 games.

Agent 1 (SHUCTAnyTime)
Winning score (between 0 and 1) : N=130, mean=0.542308 (+/-0.084291).
P1: N=65, mean=0.484615 (+/-0.119578).
P2: N=65, mean=0.6 (+/-0.118083).
Game Durations: N=130, mean=62.546154 (+/-0.133859).
P1: N=65, mean=62.430769 (+/-0.171734).
P2: N=65, mean=62.661538 (+/-0.202835).

Agent 2 (SHUCT)
Winning score (between 0 and 1) : N=130, mean=0.457692 (+/-0.084291).
P1: N=65, mean=0.4 (+/-0.118083).
P2: N=65, mean=0.515385 (+/-0.119578).
Game Durations: N=130, mean=62.546154 (+/-0.133859).
P1: N=65, mean=62.661538 (+/-0.202835).
P2: N=65, mean=62.430769 (+/-0.171734).
=====================================================
=====================================================
Completed 140 games.

Agent 1 (SHUCTAnyTime)
Winning score (between 0 and 1) : N=140, mean=0.539286 (+/-0.081361).
P1: N=70, mean=0.464286 (+/-0.115112).
P2: N=70, mean=0.614286 (+/-0.113108).
Game Durations: N=140, mean=62.571429 (+/-0.13051).
P1: N=70, mean=62.485714 (+/-0.177212).
P2: N=70, mean=62.657143 (+/-0.190797).

Agent 2 (SHUCT)
Winning score (between 0 and 1) : N=140, mean=0.460714 (+/-0.081361).
P1: N=70, mean=0.385714 (+/-0.113108).
P2: N=70, mean=0.535714 (+/-0.115112).
Game Durations: N=140, mean=62.571429 (+/-0.13051).
P1: N=70, mean=62.657143 (+/-0.190797).
P2: N=70, mean=62.485714 (+/-0.177212).
=====================================================
=====================================================
Completed 150 games.

Agent 1 (SHUCTAnyTime)
Winning score (between 0 and 1) : N=150, mean=0.543333 (+/-0.078626).
P1: N=75, mean=0.486667 (+/-0.111577).
P2: N=75, mean=0.6 (+/-0.110058).
Game Durations: N=150, mean=62.586667 (+/-0.124632).
P1: N=75, mean=62.506667 (+/-0.172009).
P2: N=75, mean=62.666667 (+/-0.179723).

Agent 2 (SHUCT)
Winning score (between 0 and 1) : N=150, mean=0.456667 (+/-0.078626).
P1: N=75, mean=0.4 (+/-0.110058).
P2: N=75, mean=0.513333 (+/-0.111577).
Game Durations: N=150, mean=62.586667 (+/-0.124632).
P1: N=75, mean=62.666667 (+/-0.179723).
P2: N=75, mean=62.506667 (+/-0.172009).
=====================================================
