Warming up...
Finished warming up!
=====================================================
Completed 1 games.

Agent 1 (SHUCTAnyTime)
Winning score (between 0 and 1) : N=1, mean=1 (+/-0).
P1: N=1, mean=1 (+/-0).
P2: N=0, mean=0 (+/-0).
Game Durations: N=1, mean=63 (+/-0).
P1: N=1, mean=63 (+/-0).
P2: N=0, mean=0 (+/-0).

Agent 2 (SHUCT)
Winning score (between 0 and 1) : N=1, mean=0 (+/-0).
P1: N=0, mean=0 (+/-0).
P2: N=1, mean=0 (+/-0).
Game Durations: N=1, mean=63 (+/-0).
P1: N=0, mean=0 (+/-0).
P2: N=1, mean=63 (+/-0).
=====================================================
=====================================================
Completed 2 games.

Agent 1 (SHUCTAnyTime)
Winning score (between 0 and 1) : N=2, mean=0.5 (+/-0.97998).
P1: N=1, mean=1 (+/-0).
P2: N=1, mean=0 (+/-0).
Game Durations: N=2, mean=62.5 (+/-0.97998).
P1: N=1, mean=63 (+/-0).
P2: N=1, mean=62 (+/-0).

Agent 2 (SHUCT)
Winning score (between 0 and 1) : N=2, mean=0.5 (+/-0.97998).
P1: N=1, mean=1 (+/-0).
P2: N=1, mean=0 (+/-0).
Game Durations: N=2, mean=62.5 (+/-0.97998).
P1: N=1, mean=62 (+/-0).
P2: N=1, mean=63 (+/-0).
=====================================================
=====================================================
Completed 3 games.

Agent 1 (SHUCTAnyTime)
Winning score (between 0 and 1) : N=3, mean=0.666667 (+/-0.65332).
P1: N=2, mean=1 (+/-0).
P2: N=1, mean=0 (+/-0).
Game Durations: N=3, mean=62.333333 (+/-0.65332).
P1: N=2, mean=62.5 (+/-0.97998).
P2: N=1, mean=62 (+/-0).

Agent 2 (SHUCT)
Winning score (between 0 and 1) : N=3, mean=0.333333 (+/-0.65332).
P1: N=1, mean=1 (+/-0).
P2: N=2, mean=0 (+/-0).
Game Durations: N=3, mean=62.333333 (+/-0.65332).
P1: N=1, mean=62 (+/-0).
P2: N=2, mean=62.5 (+/-0.97998).
=====================================================
=====================================================
Completed 4 games.

Agent 1 (SHUCTAnyTime)
Winning score (between 0 and 1) : N=4, mean=0.5 (+/-0.565792).
P1: N=2, mean=1 (+/-0).
P2: N=2, mean=0 (+/-0).
Game Durations: N=4, mean=62.5 (+/-0.565792).
P1: N=2, mean=62.5 (+/-0.97998).
P2: N=2, mean=62.5 (+/-0.97998).

Agent 2 (SHUCT)
Winning score (between 0 and 1) : N=4, mean=0.5 (+/-0.565792).
P1: N=2, mean=1 (+/-0).
P2: N=2, mean=0 (+/-0).
Game Durations: N=4, mean=62.5 (+/-0.565792).
P1: N=2, mean=62.5 (+/-0.97998).
P2: N=2, mean=62.5 (+/-0.97998).
=====================================================
=====================================================
Completed 5 games.

Agent 1 (SHUCTAnyTime)
Winning score (between 0 and 1) : N=5, mean=0.6 (+/-0.48009).
P1: N=3, mean=1 (+/-0).
P2: N=2, mean=0 (+/-0).
Game Durations: N=5, mean=62.4 (+/-0.48009).
P1: N=3, mean=62.333333 (+/-0.65332).
P2: N=2, mean=62.5 (+/-0.97998).

Agent 2 (SHUCT)
Winning score (between 0 and 1) : N=5, mean=0.4 (+/-0.48009).
P1: N=2, mean=1 (+/-0).
P2: N=3, mean=0 (+/-0).
Game Durations: N=5, mean=62.4 (+/-0.48009).
P1: N=2, mean=62.5 (+/-0.97998).
P2: N=3, mean=62.333333 (+/-0.65332).
=====================================================
=====================================================
Completed 10 games.

Agent 1 (SHUCTAnyTime)
Winning score (between 0 and 1) : N=10, mean=0.7 (+/-0.299389).
P1: N=5, mean=0.8 (+/-0.391992).
P2: N=5, mean=0.6 (+/-0.48009).
Game Durations: N=10, mean=62.3 (+/-0.299389).
P1: N=5, mean=62.4 (+/-0.48009).
P2: N=5, mean=62.2 (+/-0.391992).

Agent 2 (SHUCT)
Winning score (between 0 and 1) : N=10, mean=0.3 (+/-0.299389).
P1: N=5, mean=0.4 (+/-0.48009).
P2: N=5, mean=0.2 (+/-0.391992).
Game Durations: N=10, mean=62.3 (+/-0.299389).
P1: N=5, mean=62.2 (+/-0.391992).
P2: N=5, mean=62.4 (+/-0.48009).
=====================================================
=====================================================
Completed 20 games.

Agent 1 (SHUCTAnyTime)
Winning score (between 0 and 1) : N=20, mean=0.6 (+/-0.22028).
P1: N=10, mean=0.6 (+/-0.32006).
P2: N=10, mean=0.6 (+/-0.32006).
Game Durations: N=20, mean=62.45 (+/-0.332707).
P1: N=10, mean=62.6 (+/-0.522656).
P2: N=10, mean=62.3 (+/-0.418329).

Agent 2 (SHUCT)
Winning score (between 0 and 1) : N=20, mean=0.4 (+/-0.22028).
P1: N=10, mean=0.4 (+/-0.32006).
P2: N=10, mean=0.4 (+/-0.32006).
Game Durations: N=20, mean=62.45 (+/-0.332707).
P1: N=10, mean=62.3 (+/-0.418329).
P2: N=10, mean=62.6 (+/-0.522656).
=====================================================
=====================================================
Completed 30 games.

Agent 1 (SHUCTAnyTime)
Winning score (between 0 and 1) : N=30, mean=0.533333 (+/-0.181573).
P1: N=15, mean=0.533333 (+/-0.261328).
P2: N=15, mean=0.533333 (+/-0.261328).
Game Durations: N=30, mean=62.533333 (+/-0.261328).
P1: N=15, mean=62.666667 (+/-0.413196).
P2: N=15, mean=62.4 (+/-0.32006).

Agent 2 (SHUCT)
Winning score (between 0 and 1) : N=30, mean=0.466667 (+/-0.181573).
P1: N=15, mean=0.466667 (+/-0.261328).
P2: N=15, mean=0.466667 (+/-0.261328).
Game Durations: N=30, mean=62.533333 (+/-0.261328).
P1: N=15, mean=62.4 (+/-0.32006).
P2: N=15, mean=62.666667 (+/-0.413196).
=====================================================
=====================================================
Completed 40 games.

Agent 1 (SHUCTAnyTime)
Winning score (between 0 and 1) : N=40, mean=0.525 (+/-0.156726).
P1: N=20, mean=0.55 (+/-0.223696).
P2: N=20, mean=0.5 (+/-0.224823).
Game Durations: N=40, mean=62.55 (+/-0.221366).
P1: N=20, mean=62.7 (+/-0.351184).
P2: N=20, mean=62.4 (+/-0.262186).

Agent 2 (SHUCT)
Winning score (between 0 and 1) : N=40, mean=0.475 (+/-0.156726).
P1: N=20, mean=0.5 (+/-0.224823).
P2: N=20, mean=0.45 (+/-0.223696).
Game Durations: N=40, mean=62.55 (+/-0.221366).
P1: N=20, mean=62.4 (+/-0.262186).
P2: N=20, mean=62.7 (+/-0.351184).
=====================================================
=====================================================
Completed 50 games.

Agent 1 (SHUCTAnyTime)
Winning score (between 0 and 1) : N=50, mean=0.56 (+/-0.138986).
P1: N=25, mean=0.56 (+/-0.198592).
P2: N=25, mean=0.56 (+/-0.198592).
Game Durations: N=50, mean=62.52 (+/-0.195916).
P1: N=25, mean=62.68 (+/-0.314409).
P2: N=25, mean=62.36 (+/-0.222896).

Agent 2 (SHUCT)
Winning score (between 0 and 1) : N=50, mean=0.44 (+/-0.138986).
P1: N=25, mean=0.44 (+/-0.198592).
P2: N=25, mean=0.44 (+/-0.198592).
Game Durations: N=50, mean=62.52 (+/-0.195916).
P1: N=25, mean=62.36 (+/-0.222896).
P2: N=25, mean=62.68 (+/-0.314409).
=====================================================
=====================================================
Completed 60 games.

Agent 1 (SHUCTAnyTime)
Winning score (between 0 and 1) : N=60, mean=0.558333 (+/-0.125636).
P1: N=30, mean=0.616667 (+/-0.173808).
P2: N=30, mean=0.5 (+/-0.181978).
Game Durations: N=60, mean=62.583333 (+/-0.176117).
P1: N=30, mean=62.733333 (+/-0.264686).
P2: N=30, mean=62.433333 (+/-0.224029).

Agent 2 (SHUCT)
Winning score (between 0 and 1) : N=60, mean=0.441667 (+/-0.125636).
P1: N=30, mean=0.5 (+/-0.181978).
P2: N=30, mean=0.383333 (+/-0.173808).
Game Durations: N=60, mean=62.583333 (+/-0.176117).
P1: N=30, mean=62.433333 (+/-0.224029).
P2: N=30, mean=62.733333 (+/-0.264686).
=====================================================
=====================================================
Completed 70 games.

Agent 1 (SHUCTAnyTime)
Winning score (between 0 and 1) : N=70, mean=0.535714 (+/-0.116826).
P1: N=35, mean=0.557143 (+/-0.164529).
P2: N=35, mean=0.514286 (+/-0.167997).
Game Durations: N=70, mean=62.6 (+/-0.161514).
P1: N=35, mean=62.714286 (+/-0.235242).
P2: N=35, mean=62.485714 (+/-0.218155).

Agent 2 (SHUCT)
Winning score (between 0 and 1) : N=70, mean=0.464286 (+/-0.116826).
P1: N=35, mean=0.485714 (+/-0.167997).
P2: N=35, mean=0.442857 (+/-0.164529).
Game Durations: N=70, mean=62.6 (+/-0.161514).
P1: N=35, mean=62.485714 (+/-0.218155).
P2: N=35, mean=62.714286 (+/-0.235242).
=====================================================
=====================================================
Completed 80 games.

Agent 1 (SHUCTAnyTime)
Winning score (between 0 and 1) : N=80, mean=0.53125 (+/-0.109348).
P1: N=40, mean=0.5625 (+/-0.153702).
P2: N=40, mean=0.5 (+/-0.156922).
Game Durations: N=80, mean=62.6 (+/-0.154359).
P1: N=40, mean=62.7 (+/-0.21286).
P2: N=40, mean=62.5 (+/-0.221922).

Agent 2 (SHUCT)
Winning score (between 0 and 1) : N=80, mean=0.46875 (+/-0.109348).
P1: N=40, mean=0.5 (+/-0.156922).
P2: N=40, mean=0.4375 (+/-0.153702).
Game Durations: N=80, mean=62.6 (+/-0.154359).
P1: N=40, mean=62.5 (+/-0.221922).
P2: N=40, mean=62.7 (+/-0.21286).
=====================================================
=====================================================
Completed 90 games.

Agent 1 (SHUCTAnyTime)
Winning score (between 0 and 1) : N=90, mean=0.505556 (+/-0.103293).
P1: N=45, mean=0.522222 (+/-0.145939).
P2: N=45, mean=0.488889 (+/-0.147701).
Game Durations: N=90, mean=62.633333 (+/-0.146742).
P1: N=45, mean=62.755556 (+/-0.208054).
P2: N=45, mean=62.511111 (+/-0.203019).

Agent 2 (SHUCT)
Winning score (between 0 and 1) : N=90, mean=0.494444 (+/-0.103293).
P1: N=45, mean=0.511111 (+/-0.147701).
P2: N=45, mean=0.477778 (+/-0.145939).
Game Durations: N=90, mean=62.633333 (+/-0.146742).
P1: N=45, mean=62.511111 (+/-0.203019).
P2: N=45, mean=62.755556 (+/-0.208054).
=====================================================
=====================================================
Completed 100 games.

Agent 1 (SHUCTAnyTime)
Winning score (between 0 and 1) : N=100, mean=0.485 (+/-0.097953).
P1: N=50, mean=0.49 (+/-0.138562).
P2: N=50, mean=0.48 (+/-0.139885).
Game Durations: N=100, mean=62.61 (+/-0.147132).
P1: N=50, mean=62.74 (+/-0.222661).
P2: N=50, mean=62.48 (+/-0.187742).

Agent 2 (SHUCT)
Winning score (between 0 and 1) : N=100, mean=0.515 (+/-0.097953).
P1: N=50, mean=0.52 (+/-0.139885).
P2: N=50, mean=0.51 (+/-0.138562).
Game Durations: N=100, mean=62.61 (+/-0.147132).
P1: N=50, mean=62.48 (+/-0.187742).
P2: N=50, mean=62.74 (+/-0.222661).
=====================================================
=====================================================
Completed 110 games.

Agent 1 (SHUCTAnyTime)
Winning score (between 0 and 1) : N=110, mean=0.486364 (+/-0.093402).
P1: N=55, mean=0.5 (+/-0.13214).
P2: N=55, mean=0.472727 (+/-0.13316).
Game Durations: N=110, mean=62.609091 (+/-0.141157).
P1: N=55, mean=62.727273 (+/-0.21249).
P2: N=55, mean=62.490909 (+/-0.182482).

Agent 2 (SHUCT)
Winning score (between 0 and 1) : N=110, mean=0.513636 (+/-0.093402).
P1: N=55, mean=0.527273 (+/-0.13316).
P2: N=55, mean=0.5 (+/-0.13214).
Game Durations: N=110, mean=62.609091 (+/-0.141157).
P1: N=55, mean=62.490909 (+/-0.182482).
P2: N=55, mean=62.727273 (+/-0.21249).
=====================================================
=====================================================
Completed 120 games.

Agent 1 (SHUCTAnyTime)
Winning score (between 0 and 1) : N=120, mean=0.495833 (+/-0.089456).
P1: N=60, mean=0.508333 (+/-0.126497).
P2: N=60, mean=0.483333 (+/-0.127512).
Game Durations: N=120, mean=62.591667 (+/-0.134244).
P1: N=60, mean=62.716667 (+/-0.203555).
P2: N=60, mean=62.466667 (+/-0.170958).

Agent 2 (SHUCT)
Winning score (between 0 and 1) : N=120, mean=0.504167 (+/-0.089456).
P1: N=60, mean=0.516667 (+/-0.127512).
P2: N=60, mean=0.491667 (+/-0.126497).
Game Durations: N=120, mean=62.591667 (+/-0.134244).
P1: N=60, mean=62.466667 (+/-0.170958).
P2: N=60, mean=62.716667 (+/-0.203555).
=====================================================
=====================================================
Completed 130 games.

Agent 1 (SHUCTAnyTime)
Winning score (between 0 and 1) : N=130, mean=0.503846 (+/-0.085947).
P1: N=65, mean=0.515385 (+/-0.121493).
P2: N=65, mean=0.492308 (+/-0.122483).
Game Durations: N=130, mean=62.584615 (+/-0.126238).
P1: N=65, mean=62.692308 (+/-0.19182).
P2: N=65, mean=62.476923 (+/-0.161415).

Agent 2 (SHUCT)
Winning score (between 0 and 1) : N=130, mean=0.496154 (+/-0.085947).
P1: N=65, mean=0.507692 (+/-0.122483).
P2: N=65, mean=0.484615 (+/-0.121493).
Game Durations: N=130, mean=62.584615 (+/-0.126238).
P1: N=65, mean=62.476923 (+/-0.161415).
P2: N=65, mean=62.692308 (+/-0.19182).
=====================================================
=====================================================
Completed 140 games.

Agent 1 (SHUCTAnyTime)
Winning score (between 0 and 1) : N=140, mean=0.503571 (+/-0.082821).
P1: N=70, mean=0.507143 (+/-0.117118).
P2: N=70, mean=0.5 (+/-0.117976).
Game Durations: N=140, mean=62.564286 (+/-0.119566).
P1: N=70, mean=62.671429 (+/-0.181551).
P2: N=70, mean=62.457143 (+/-0.15284).

Agent 2 (SHUCT)
Winning score (between 0 and 1) : N=140, mean=0.496429 (+/-0.082821).
P1: N=70, mean=0.5 (+/-0.117976).
P2: N=70, mean=0.492857 (+/-0.117118).
Game Durations: N=140, mean=62.564286 (+/-0.119566).
P1: N=70, mean=62.457143 (+/-0.15284).
P2: N=70, mean=62.671429 (+/-0.181551).
=====================================================
=====================================================
Completed 150 games.

Agent 1 (SHUCTAnyTime)
Winning score (between 0 and 1) : N=150, mean=0.51 (+/-0.079999).
P1: N=75, mean=0.526667 (+/-0.112995).
P2: N=75, mean=0.493333 (+/-0.11391).
Game Durations: N=150, mean=62.573333 (+/-0.119219).
P1: N=75, mean=62.666667 (+/-0.17583).
P2: N=75, mean=62.48 (+/-0.159423).

Agent 2 (SHUCT)
Winning score (between 0 and 1) : N=150, mean=0.49 (+/-0.079999).
P1: N=75, mean=0.506667 (+/-0.11391).
P2: N=75, mean=0.473333 (+/-0.112995).
Game Durations: N=150, mean=62.573333 (+/-0.119219).
P1: N=75, mean=62.48 (+/-0.159423).
P2: N=75, mean=62.666667 (+/-0.17583).
=====================================================
