Warming up...
Finished warming up!
=====================================================
Completed 1 games.

Agent 1 (SHUCTAnyTime)
Winning score (between 0 and 1) : N=1, mean=0 (+/-0).
P1: N=1, mean=0 (+/-0).
P2: N=0, mean=0 (+/-0).
Game Durations: N=1, mean=64 (+/-0).
P1: N=1, mean=64 (+/-0).
P2: N=0, mean=0 (+/-0).

Agent 2 (SHUCT)
Winning score (between 0 and 1) : N=1, mean=1 (+/-0).
P1: N=0, mean=0 (+/-0).
P2: N=1, mean=1 (+/-0).
Game Durations: N=1, mean=64 (+/-0).
P1: N=0, mean=0 (+/-0).
P2: N=1, mean=64 (+/-0).
=====================================================
=====================================================
Completed 2 games.

Agent 1 (SHUCTAnyTime)
Winning score (between 0 and 1) : N=2, mean=0.5 (+/-0.97998).
P1: N=1, mean=0 (+/-0).
P2: N=1, mean=1 (+/-0).
Game Durations: N=2, mean=63 (+/-1.95996).
P1: N=1, mean=64 (+/-0).
P2: N=1, mean=62 (+/-0).

Agent 2 (SHUCT)
Winning score (between 0 and 1) : N=2, mean=0.5 (+/-0.97998).
P1: N=1, mean=0 (+/-0).
P2: N=1, mean=1 (+/-0).
Game Durations: N=2, mean=63 (+/-1.95996).
P1: N=1, mean=62 (+/-0).
P2: N=1, mean=64 (+/-0).
=====================================================
=====================================================
Completed 3 games.

Agent 1 (SHUCTAnyTime)
Winning score (between 0 and 1) : N=3, mean=0.666667 (+/-0.65332).
P1: N=2, mean=0.5 (+/-0.97998).
P2: N=1, mean=1 (+/-0).
Game Durations: N=3, mean=62.666667 (+/-1.30664).
P1: N=2, mean=63 (+/-1.95996).
P2: N=1, mean=62 (+/-0).

Agent 2 (SHUCT)
Winning score (between 0 and 1) : N=3, mean=0.333333 (+/-0.65332).
P1: N=1, mean=0 (+/-0).
P2: N=2, mean=0.5 (+/-0.97998).
Game Durations: N=3, mean=62.666667 (+/-1.30664).
P1: N=1, mean=62 (+/-0).
P2: N=2, mean=63 (+/-1.95996).
=====================================================
=====================================================
Completed 4 games.

Agent 1 (SHUCTAnyTime)
Winning score (between 0 and 1) : N=4, mean=0.5 (+/-0.565792).
P1: N=2, mean=0.5 (+/-0.97998).
P2: N=2, mean=0.5 (+/-0.97998).
Game Durations: N=4, mean=62.5 (+/-0.97998).
P1: N=2, mean=63 (+/-1.95996).
P2: N=2, mean=62 (+/-0).

Agent 2 (SHUCT)
Winning score (between 0 and 1) : N=4, mean=0.5 (+/-0.565792).
P1: N=2, mean=0.5 (+/-0.97998).
P2: N=2, mean=0.5 (+/-0.97998).
Game Durations: N=4, mean=62.5 (+/-0.97998).
P1: N=2, mean=62 (+/-0).
P2: N=2, mean=63 (+/-1.95996).
=====================================================
=====================================================
Completed 5 games.

Agent 1 (SHUCTAnyTime)
Winning score (between 0 and 1) : N=5, mean=0.6 (+/-0.48009).
P1: N=3, mean=0.666667 (+/-0.65332).
P2: N=2, mean=0.5 (+/-0.97998).
Game Durations: N=5, mean=62.4 (+/-0.783984).
P1: N=3, mean=62.666667 (+/-1.30664).
P2: N=2, mean=62 (+/-0).

Agent 2 (SHUCT)
Winning score (between 0 and 1) : N=5, mean=0.4 (+/-0.48009).
P1: N=2, mean=0.5 (+/-0.97998).
P2: N=3, mean=0.333333 (+/-0.65332).
Game Durations: N=5, mean=62.4 (+/-0.783984).
P1: N=2, mean=62 (+/-0).
P2: N=3, mean=62.666667 (+/-1.30664).
=====================================================
=====================================================
Completed 10 games.

Agent 1 (SHUCTAnyTime)
Winning score (between 0 and 1) : N=10, mean=0.6 (+/-0.32006).
P1: N=5, mean=0.6 (+/-0.48009).
P2: N=5, mean=0.6 (+/-0.48009).
Game Durations: N=10, mean=62.4 (+/-0.433363).
P1: N=5, mean=62.4 (+/-0.783984).
P2: N=5, mean=62.4 (+/-0.48009).

Agent 2 (SHUCT)
Winning score (between 0 and 1) : N=10, mean=0.4 (+/-0.32006).
P1: N=5, mean=0.4 (+/-0.48009).
P2: N=5, mean=0.4 (+/-0.48009).
Game Durations: N=10, mean=62.4 (+/-0.433363).
P1: N=5, mean=62.4 (+/-0.48009).
P2: N=5, mean=62.4 (+/-0.783984).
=====================================================
=====================================================
Completed 20 games.

Agent 1 (SHUCTAnyTime)
Winning score (between 0 and 1) : N=20, mean=0.625 (+/-0.211799).
P1: N=10, mean=0.45 (+/-0.30817).
P2: N=10, mean=0.8 (+/-0.261328).
Game Durations: N=20, mean=62.5 (+/-0.301631).
P1: N=10, mean=62.4 (+/-0.433363).
P2: N=10, mean=62.6 (+/-0.433363).

Agent 2 (SHUCT)
Winning score (between 0 and 1) : N=20, mean=0.375 (+/-0.211799).
P1: N=10, mean=0.2 (+/-0.261328).
P2: N=10, mean=0.55 (+/-0.30817).
Game Durations: N=20, mean=62.5 (+/-0.301631).
P1: N=10, mean=62.6 (+/-0.433363).
P2: N=10, mean=62.4 (+/-0.433363).
=====================================================
=====================================================
Completed 30 games.

Agent 1 (SHUCTAnyTime)
Winning score (between 0 and 1) : N=30, mean=0.583333 (+/-0.17633).
P1: N=15, mean=0.433333 (+/-0.250608).
P2: N=15, mean=0.733333 (+/-0.231643).
Game Durations: N=30, mean=62.8 (+/-0.543095).
P1: N=15, mean=63 (+/-1.030034).
P2: N=15, mean=62.6 (+/-0.372859).

Agent 2 (SHUCT)
Winning score (between 0 and 1) : N=30, mean=0.416667 (+/-0.17633).
P1: N=15, mean=0.266667 (+/-0.231643).
P2: N=15, mean=0.566667 (+/-0.250608).
Game Durations: N=30, mean=62.8 (+/-0.543095).
P1: N=15, mean=62.6 (+/-0.372859).
P2: N=15, mean=63 (+/-1.030034).
=====================================================
=====================================================
Completed 40 games.

Agent 1 (SHUCTAnyTime)
Winning score (between 0 and 1) : N=40, mean=0.5875 (+/-0.152496).
P1: N=20, mean=0.475 (+/-0.218842).
P2: N=20, mean=0.7 (+/-0.206054).
Game Durations: N=40, mean=62.775 (+/-0.423908).
P1: N=20, mean=62.95 (+/-0.78495).
P2: N=20, mean=62.6 (+/-0.330421).

Agent 2 (SHUCT)
Winning score (between 0 and 1) : N=40, mean=0.4125 (+/-0.152496).
P1: N=20, mean=0.3 (+/-0.206054).
P2: N=20, mean=0.525 (+/-0.218842).
Game Durations: N=40, mean=62.775 (+/-0.423908).
P1: N=20, mean=62.6 (+/-0.330421).
P2: N=20, mean=62.95 (+/-0.78495).
=====================================================
=====================================================
Completed 50 games.

Agent 1 (SHUCTAnyTime)
Winning score (between 0 and 1) : N=50, mean=0.51 (+/-0.138562).
P1: N=25, mean=0.42 (+/-0.193365).
P2: N=25, mean=0.6 (+/-0.195996).
Game Durations: N=50, mean=62.84 (+/-0.360138).
P1: N=25, mean=62.88 (+/-0.643313).
P2: N=25, mean=62.8 (+/-0.339475).

Agent 2 (SHUCT)
Winning score (between 0 and 1) : N=50, mean=0.49 (+/-0.138562).
P1: N=25, mean=0.4 (+/-0.195996).
P2: N=25, mean=0.58 (+/-0.193365).
Game Durations: N=50, mean=62.84 (+/-0.360138).
P1: N=25, mean=62.8 (+/-0.339475).
P2: N=25, mean=62.88 (+/-0.643313).
=====================================================
=====================================================
Completed 60 games.

Agent 1 (SHUCTAnyTime)
Winning score (between 0 and 1) : N=60, mean=0.491667 (+/-0.126497).
P1: N=30, mean=0.45 (+/-0.177991).
P2: N=30, mean=0.533333 (+/-0.181573).
Game Durations: N=60, mean=62.766667 (+/-0.310305).
P1: N=30, mean=62.833333 (+/-0.548622).
P2: N=30, mean=62.7 (+/-0.299389).

Agent 2 (SHUCT)
Winning score (between 0 and 1) : N=60, mean=0.508333 (+/-0.126497).
P1: N=30, mean=0.466667 (+/-0.181573).
P2: N=30, mean=0.55 (+/-0.177991).
Game Durations: N=60, mean=62.766667 (+/-0.310305).
P1: N=30, mean=62.7 (+/-0.299389).
P2: N=30, mean=62.833333 (+/-0.548622).
=====================================================
=====================================================
Completed 70 games.

Agent 1 (SHUCTAnyTime)
Winning score (between 0 and 1) : N=70, mean=0.492857 (+/-0.117118).
P1: N=35, mean=0.471429 (+/-0.165368).
P2: N=35, mean=0.514286 (+/-0.167997).
Game Durations: N=70, mean=62.728571 (+/-0.278958).
P1: N=35, mean=62.714286 (+/-0.479225).
P2: N=35, mean=62.742857 (+/-0.293503).

Agent 2 (SHUCT)
Winning score (between 0 and 1) : N=70, mean=0.507143 (+/-0.117118).
P1: N=35, mean=0.485714 (+/-0.167997).
P2: N=35, mean=0.528571 (+/-0.165368).
Game Durations: N=70, mean=62.728571 (+/-0.278958).
P1: N=35, mean=62.742857 (+/-0.293503).
P2: N=35, mean=62.714286 (+/-0.479225).
=====================================================
=====================================================
Completed 80 games.

Agent 1 (SHUCTAnyTime)
Winning score (between 0 and 1) : N=80, mean=0.49375 (+/-0.109556).
P1: N=40, mean=0.4625 (+/-0.154501).
P2: N=40, mean=0.525 (+/-0.156726).
Game Durations: N=80, mean=62.75 (+/-0.264385).
P1: N=40, mean=62.85 (+/-0.457772).
P2: N=40, mean=62.65 (+/-0.26769).

Agent 2 (SHUCT)
Winning score (between 0 and 1) : N=80, mean=0.50625 (+/-0.109556).
P1: N=40, mean=0.475 (+/-0.156726).
P2: N=40, mean=0.5375 (+/-0.154501).
Game Durations: N=80, mean=62.75 (+/-0.264385).
P1: N=40, mean=62.65 (+/-0.26769).
P2: N=40, mean=62.85 (+/-0.457772).
=====================================================
=====================================================
Completed 90 games.

Agent 1 (SHUCTAnyTime)
Winning score (between 0 and 1) : N=90, mean=0.494444 (+/-0.103293).
P1: N=45, mean=0.433333 (+/-0.144753).
P2: N=45, mean=0.555556 (+/-0.146823).
Game Durations: N=90, mean=62.722222 (+/-0.241941).
P1: N=45, mean=62.8 (+/-0.416004).
P2: N=45, mean=62.644444 (+/-0.250375).

Agent 2 (SHUCT)
Winning score (between 0 and 1) : N=90, mean=0.505556 (+/-0.103293).
P1: N=45, mean=0.444444 (+/-0.146823).
P2: N=45, mean=0.566667 (+/-0.144753).
Game Durations: N=90, mean=62.722222 (+/-0.241941).
P1: N=45, mean=62.644444 (+/-0.250375).
P2: N=45, mean=62.8 (+/-0.416004).
=====================================================
=====================================================
Completed 100 games.

Agent 1 (SHUCTAnyTime)
Winning score (between 0 and 1) : N=100, mean=0.465 (+/-0.097755).
P1: N=50, mean=0.43 (+/-0.137197).
P2: N=50, mean=0.5 (+/-0.139997).
Game Durations: N=100, mean=62.71 (+/-0.22163).
P1: N=50, mean=62.78 (+/-0.380998).
P2: N=50, mean=62.64 (+/-0.229254).

Agent 2 (SHUCT)
Winning score (between 0 and 1) : N=100, mean=0.535 (+/-0.097755).
P1: N=50, mean=0.5 (+/-0.139997).
P2: N=50, mean=0.57 (+/-0.137197).
Game Durations: N=100, mean=62.71 (+/-0.22163).
P1: N=50, mean=62.64 (+/-0.229254).
P2: N=50, mean=62.78 (+/-0.380998).
=====================================================
=====================================================
Completed 110 games.

Agent 1 (SHUCTAnyTime)
Winning score (between 0 and 1) : N=110, mean=0.468182 (+/-0.093246).
P1: N=55, mean=0.427273 (+/-0.130709).
P2: N=55, mean=0.509091 (+/-0.133336).
Game Durations: N=110, mean=62.718182 (+/-0.207404).
P1: N=55, mean=62.781818 (+/-0.354902).
P2: N=55, mean=62.654545 (+/-0.217088).

Agent 2 (SHUCT)
Winning score (between 0 and 1) : N=110, mean=0.531818 (+/-0.093246).
P1: N=55, mean=0.490909 (+/-0.133336).
P2: N=55, mean=0.572727 (+/-0.130709).
Game Durations: N=110, mean=62.718182 (+/-0.207404).
P1: N=55, mean=62.654545 (+/-0.217088).
P2: N=55, mean=62.781818 (+/-0.354902).
=====================================================
=====================================================
Completed 120 games.

Agent 1 (SHUCTAnyTime)
Winning score (between 0 and 1) : N=120, mean=0.491667 (+/-0.08907).
P1: N=60, mean=0.466667 (+/-0.125149).
P2: N=60, mean=0.516667 (+/-0.127512).
Game Durations: N=120, mean=62.7 (+/-0.192115).
P1: N=60, mean=62.75 (+/-0.328179).
P2: N=60, mean=62.65 (+/-0.202129).

Agent 2 (SHUCT)
Winning score (between 0 and 1) : N=120, mean=0.508333 (+/-0.08907).
P1: N=60, mean=0.483333 (+/-0.127512).
P2: N=60, mean=0.533333 (+/-0.125149).
Game Durations: N=120, mean=62.7 (+/-0.192115).
P1: N=60, mean=62.65 (+/-0.202129).
P2: N=60, mean=62.75 (+/-0.328179).
=====================================================
=====================================================
Completed 130 games.

Agent 1 (SHUCTAnyTime)
Winning score (between 0 and 1) : N=130, mean=0.492308 (+/-0.085606).
P1: N=65, mean=0.461538 (+/-0.12023).
P2: N=65, mean=0.523077 (+/-0.122367).
Game Durations: N=130, mean=62.730769 (+/-0.186336).
P1: N=65, mean=62.753846 (+/-0.306995).
P2: N=65, mean=62.707692 (+/-0.213681).

Agent 2 (SHUCT)
Winning score (between 0 and 1) : N=130, mean=0.507692 (+/-0.085606).
P1: N=65, mean=0.476923 (+/-0.122367).
P2: N=65, mean=0.538462 (+/-0.12023).
Game Durations: N=130, mean=62.730769 (+/-0.186336).
P1: N=65, mean=62.707692 (+/-0.213681).
P2: N=65, mean=62.753846 (+/-0.306995).
=====================================================
=====================================================
Completed 140 games.

Agent 1 (SHUCTAnyTime)
Winning score (between 0 and 1) : N=140, mean=0.492857 (+/-0.082516).
P1: N=70, mean=0.457143 (+/-0.115838).
P2: N=70, mean=0.528571 (+/-0.117783).
Game Durations: N=140, mean=62.714286 (+/-0.175805).
P1: N=70, mean=62.742857 (+/-0.289491).
P2: N=70, mean=62.685714 (+/-0.201569).

Agent 2 (SHUCT)
Winning score (between 0 and 1) : N=140, mean=0.507143 (+/-0.082516).
P1: N=70, mean=0.471429 (+/-0.117783).
P2: N=70, mean=0.542857 (+/-0.115838).
Game Durations: N=140, mean=62.714286 (+/-0.175805).
P1: N=70, mean=62.685714 (+/-0.201569).
P2: N=70, mean=62.742857 (+/-0.289491).
=====================================================
=====================================================
Completed 150 games.

Agent 1 (SHUCTAnyTime)
Winning score (between 0 and 1) : N=150, mean=0.48 (+/-0.079681).
P1: N=75, mean=0.453333 (+/-0.111887).
P2: N=75, mean=0.506667 (+/-0.11391).
Game Durations: N=150, mean=62.74 (+/-0.16935).
P1: N=75, mean=62.8 (+/-0.278426).
P2: N=75, mean=62.68 (+/-0.193901).

Agent 2 (SHUCT)
Winning score (between 0 and 1) : N=150, mean=0.52 (+/-0.079681).
P1: N=75, mean=0.493333 (+/-0.11391).
P2: N=75, mean=0.546667 (+/-0.111887).
Game Durations: N=150, mean=62.74 (+/-0.16935).
P1: N=75, mean=62.68 (+/-0.193901).
P2: N=75, mean=62.8 (+/-0.278426).
=====================================================
