Warming up...
Finished warming up!
=====================================================
Completed 1 games.

Agent 1 (SHUCTAnyTime)
Winning score (between 0 and 1) : N=1, mean=0 (+/-0).
P1: N=0, mean=0 (+/-0).
P2: N=1, mean=0 (+/-0).
Game Durations: N=1, mean=62 (+/-0).
P1: N=0, mean=0 (+/-0).
P2: N=1, mean=62 (+/-0).

Agent 2 (SHUCT)
Winning score (between 0 and 1) : N=1, mean=1 (+/-0).
P1: N=1, mean=1 (+/-0).
P2: N=0, mean=0 (+/-0).
Game Durations: N=1, mean=62 (+/-0).
P1: N=1, mean=62 (+/-0).
P2: N=0, mean=0 (+/-0).
=====================================================
=====================================================
Completed 2 games.

Agent 1 (SHUCTAnyTime)
Winning score (between 0 and 1) : N=2, mean=0.5 (+/-0.97998).
P1: N=1, mean=1 (+/-0).
P2: N=1, mean=0 (+/-0).
Game Durations: N=2, mean=63 (+/-1.95996).
P1: N=1, mean=64 (+/-0).
P2: N=1, mean=62 (+/-0).

Agent 2 (SHUCT)
Winning score (between 0 and 1) : N=2, mean=0.5 (+/-0.97998).
P1: N=1, mean=1 (+/-0).
P2: N=1, mean=0 (+/-0).
Game Durations: N=2, mean=63 (+/-1.95996).
P1: N=1, mean=62 (+/-0).
P2: N=1, mean=64 (+/-0).
=====================================================
=====================================================
Completed 3 games.

Agent 1 (SHUCTAnyTime)
Winning score (between 0 and 1) : N=3, mean=0.666667 (+/-0.65332).
P1: N=1, mean=1 (+/-0).
P2: N=2, mean=0.5 (+/-0.97998).
Game Durations: N=3, mean=62.666667 (+/-1.30664).
P1: N=1, mean=64 (+/-0).
P2: N=2, mean=62 (+/-0).

Agent 2 (SHUCT)
Winning score (between 0 and 1) : N=3, mean=0.333333 (+/-0.65332).
P1: N=2, mean=0.5 (+/-0.97998).
P2: N=1, mean=0 (+/-0).
Game Durations: N=3, mean=62.666667 (+/-1.30664).
P1: N=2, mean=62 (+/-0).
P2: N=1, mean=64 (+/-0).
=====================================================
=====================================================
Completed 4 games.

Agent 1 (SHUCTAnyTime)
Winning score (between 0 and 1) : N=4, mean=0.75 (+/-0.48999).
P1: N=2, mean=1 (+/-0).
P2: N=2, mean=0.5 (+/-0.97998).
Game Durations: N=4, mean=62.5 (+/-0.97998).
P1: N=2, mean=63 (+/-1.95996).
P2: N=2, mean=62 (+/-0).

Agent 2 (SHUCT)
Winning score (between 0 and 1) : N=4, mean=0.25 (+/-0.48999).
P1: N=2, mean=0.5 (+/-0.97998).
P2: N=2, mean=0 (+/-0).
Game Durations: N=4, mean=62.5 (+/-0.97998).
P1: N=2, mean=62 (+/-0).
P2: N=2, mean=63 (+/-1.95996).
=====================================================
=====================================================
Completed 5 games.

Agent 1 (SHUCTAnyTime)
Winning score (between 0 and 1) : N=5, mean=0.8 (+/-0.391992).
P1: N=2, mean=1 (+/-0).
P2: N=3, mean=0.666667 (+/-0.65332).
Game Durations: N=5, mean=62.4 (+/-0.783984).
P1: N=2, mean=63 (+/-1.95996).
P2: N=3, mean=62 (+/-0).

Agent 2 (SHUCT)
Winning score (between 0 and 1) : N=5, mean=0.2 (+/-0.391992).
P1: N=3, mean=0.333333 (+/-0.65332).
P2: N=2, mean=0 (+/-0).
Game Durations: N=5, mean=62.4 (+/-0.783984).
P1: N=3, mean=62 (+/-0).
P2: N=2, mean=63 (+/-1.95996).
=====================================================
=====================================================
Completed 10 games.

Agent 1 (SHUCTAnyTime)
Winning score (between 0 and 1) : N=10, mean=0.7 (+/-0.299389).
P1: N=5, mean=0.8 (+/-0.391992).
P2: N=5, mean=0.6 (+/-0.48009).
Game Durations: N=10, mean=62.7 (+/-0.510259).
P1: N=5, mean=63.2 (+/-0.73335).
P2: N=5, mean=62.2 (+/-0.391992).

Agent 2 (SHUCT)
Winning score (between 0 and 1) : N=10, mean=0.3 (+/-0.299389).
P1: N=5, mean=0.4 (+/-0.48009).
P2: N=5, mean=0.2 (+/-0.391992).
Game Durations: N=10, mean=62.7 (+/-0.510259).
P1: N=5, mean=62.2 (+/-0.391992).
P2: N=5, mean=63.2 (+/-0.73335).
=====================================================
=====================================================
Completed 20 games.

Agent 1 (SHUCTAnyTime)
Winning score (between 0 and 1) : N=20, mean=0.6 (+/-0.22028).
P1: N=10, mean=0.7 (+/-0.299389).
P2: N=10, mean=0.5 (+/-0.32666).
Game Durations: N=20, mean=62.75 (+/-0.313948).
P1: N=10, mean=63 (+/-0.413196).
P2: N=10, mean=62.5 (+/-0.43826).

Agent 2 (SHUCT)
Winning score (between 0 and 1) : N=20, mean=0.4 (+/-0.22028).
P1: N=10, mean=0.5 (+/-0.32666).
P2: N=10, mean=0.3 (+/-0.299389).
Game Durations: N=20, mean=62.75 (+/-0.313948).
P1: N=10, mean=62.5 (+/-0.43826).
P2: N=10, mean=63 (+/-0.413196).
=====================================================
=====================================================
Completed 30 games.

Agent 1 (SHUCTAnyTime)
Winning score (between 0 and 1) : N=30, mean=0.7 (+/-0.166785).
P1: N=15, mean=0.733333 (+/-0.231643).
P2: N=15, mean=0.666667 (+/-0.246932).
Game Durations: N=30, mean=62.6 (+/-0.241421).
P1: N=15, mean=62.8 (+/-0.342159).
P2: N=15, mean=62.4 (+/-0.32006).

Agent 2 (SHUCT)
Winning score (between 0 and 1) : N=30, mean=0.3 (+/-0.166785).
P1: N=15, mean=0.333333 (+/-0.246932).
P2: N=15, mean=0.266667 (+/-0.231643).
Game Durations: N=30, mean=62.6 (+/-0.241421).
P1: N=15, mean=62.4 (+/-0.32006).
P2: N=15, mean=62.8 (+/-0.342159).
=====================================================
=====================================================
Completed 40 games.

Agent 1 (SHUCTAnyTime)
Winning score (between 0 and 1) : N=40, mean=0.7 (+/-0.143822).
P1: N=20, mean=0.7 (+/-0.206054).
P2: N=20, mean=0.7 (+/-0.206054).
Game Durations: N=40, mean=62.65 (+/-0.227943).
P1: N=20, mean=62.75 (+/-0.279902).
P2: N=20, mean=62.55 (+/-0.361818).

Agent 2 (SHUCT)
Winning score (between 0 and 1) : N=40, mean=0.3 (+/-0.143822).
P1: N=20, mean=0.3 (+/-0.206054).
P2: N=20, mean=0.3 (+/-0.206054).
Game Durations: N=40, mean=62.65 (+/-0.227943).
P1: N=20, mean=62.55 (+/-0.361818).
P2: N=20, mean=62.75 (+/-0.279902).
=====================================================
=====================================================
Completed 50 games.

Agent 1 (SHUCTAnyTime)
Winning score (between 0 and 1) : N=50, mean=0.68 (+/-0.130611).
P1: N=25, mean=0.6 (+/-0.195996).
P2: N=25, mean=0.76 (+/-0.170865).
Game Durations: N=50, mean=62.66 (+/-0.221249).
P1: N=25, mean=62.8 (+/-0.32006).
P2: N=25, mean=62.52 (+/-0.301944).

Agent 2 (SHUCT)
Winning score (between 0 and 1) : N=50, mean=0.32 (+/-0.130611).
P1: N=25, mean=0.24 (+/-0.170865).
P2: N=25, mean=0.4 (+/-0.195996).
Game Durations: N=50, mean=62.66 (+/-0.221249).
P1: N=25, mean=62.52 (+/-0.301944).
P2: N=25, mean=62.8 (+/-0.32006).
=====================================================
=====================================================
Completed 60 games.

Agent 1 (SHUCTAnyTime)
Winning score (between 0 and 1) : N=60, mean=0.666667 (+/-0.120286).
P1: N=30, mean=0.566667 (+/-0.180353).
P2: N=30, mean=0.766667 (+/-0.153936).
Game Durations: N=60, mean=62.65 (+/-0.196687).
P1: N=30, mean=62.866667 (+/-0.277711).
P2: N=30, mean=62.433333 (+/-0.260482).

Agent 2 (SHUCT)
Winning score (between 0 and 1) : N=60, mean=0.333333 (+/-0.120286).
P1: N=30, mean=0.233333 (+/-0.153936).
P2: N=30, mean=0.433333 (+/-0.180353).
Game Durations: N=60, mean=62.65 (+/-0.196687).
P1: N=30, mean=62.433333 (+/-0.260482).
P2: N=30, mean=62.866667 (+/-0.277711).
=====================================================
=====================================================
Completed 70 games.

Agent 1 (SHUCTAnyTime)
Winning score (between 0 and 1) : N=70, mean=0.671429 (+/-0.110825).
P1: N=35, mean=0.6 (+/-0.16467).
P2: N=35, mean=0.742857 (+/-0.146909).
Game Durations: N=70, mean=62.642857 (+/-0.191421).
P1: N=35, mean=62.857143 (+/-0.279994).
P2: N=35, mean=62.428571 (+/-0.244848).

Agent 2 (SHUCT)
Winning score (between 0 and 1) : N=70, mean=0.328571 (+/-0.110825).
P1: N=35, mean=0.257143 (+/-0.146909).
P2: N=35, mean=0.4 (+/-0.16467).
Game Durations: N=70, mean=62.642857 (+/-0.191421).
P1: N=35, mean=62.428571 (+/-0.244848).
P2: N=35, mean=62.857143 (+/-0.279994).
=====================================================
=====================================================
Completed 80 games.

Agent 1 (SHUCTAnyTime)
Winning score (between 0 and 1) : N=80, mean=0.66875 (+/-0.103052).
P1: N=40, mean=0.625 (+/-0.151939).
P2: N=40, mean=0.7125 (+/-0.139861).
Game Durations: N=80, mean=62.6375 (+/-0.175178).
P1: N=40, mean=62.825 (+/-0.251933).
P2: N=40, mean=62.45 (+/-0.232224).

Agent 2 (SHUCT)
Winning score (between 0 and 1) : N=80, mean=0.33125 (+/-0.103052).
P1: N=40, mean=0.2875 (+/-0.139861).
P2: N=40, mean=0.375 (+/-0.151939).
Game Durations: N=80, mean=62.6375 (+/-0.175178).
P1: N=40, mean=62.45 (+/-0.232224).
P2: N=40, mean=62.825 (+/-0.251933).
=====================================================
=====================================================
Completed 90 games.

Agent 1 (SHUCTAnyTime)
Winning score (between 0 and 1) : N=90, mean=0.661111 (+/-0.097726).
P1: N=45, mean=0.6 (+/-0.144753).
P2: N=45, mean=0.722222 (+/-0.130499).
Game Durations: N=90, mean=62.633333 (+/-0.165191).
P1: N=45, mean=62.755556 (+/-0.234365).
P2: N=45, mean=62.511111 (+/-0.229908).

Agent 2 (SHUCT)
Winning score (between 0 and 1) : N=90, mean=0.338889 (+/-0.097726).
P1: N=45, mean=0.277778 (+/-0.130499).
P2: N=45, mean=0.4 (+/-0.144753).
Game Durations: N=90, mean=62.633333 (+/-0.165191).
P1: N=45, mean=62.511111 (+/-0.229908).
P2: N=45, mean=62.755556 (+/-0.234365).
=====================================================
=====================================================
Completed 100 games.

Agent 1 (SHUCTAnyTime)
Winning score (between 0 and 1) : N=100, mean=0.665 (+/-0.092451).
P1: N=50, mean=0.6 (+/-0.137169).
P2: N=50, mean=0.73 (+/-0.122719).
Game Durations: N=100, mean=62.66 (+/-0.155654).
P1: N=50, mean=62.78 (+/-0.218969).
P2: N=50, mean=62.54 (+/-0.218396).

Agent 2 (SHUCT)
Winning score (between 0 and 1) : N=100, mean=0.335 (+/-0.092451).
P1: N=50, mean=0.27 (+/-0.122719).
P2: N=50, mean=0.4 (+/-0.137169).
Game Durations: N=100, mean=62.66 (+/-0.155654).
P1: N=50, mean=62.54 (+/-0.218396).
P2: N=50, mean=62.78 (+/-0.218969).
=====================================================
=====================================================
Completed 110 games.

Agent 1 (SHUCTAnyTime)
Winning score (between 0 and 1) : N=110, mean=0.659091 (+/-0.088536).
P1: N=55, mean=0.563636 (+/-0.132274).
P2: N=55, mean=0.754545 (+/-0.113366).
Game Durations: N=110, mean=62.7 (+/-0.163169).
P1: N=55, mean=62.745455 (+/-0.204826).
P2: N=55, mean=62.654545 (+/-0.255412).

Agent 2 (SHUCT)
Winning score (between 0 and 1) : N=110, mean=0.340909 (+/-0.088536).
P1: N=55, mean=0.245455 (+/-0.113366).
P2: N=55, mean=0.436364 (+/-0.132274).
Game Durations: N=110, mean=62.7 (+/-0.163169).
P1: N=55, mean=62.654545 (+/-0.255412).
P2: N=55, mean=62.745455 (+/-0.204826).
=====================================================
=====================================================
Completed 120 games.

Agent 1 (SHUCTAnyTime)
Winning score (between 0 and 1) : N=120, mean=0.6375 (+/-0.085981).
P1: N=60, mean=0.55 (+/-0.126943).
P2: N=60, mean=0.725 (+/-0.112738).
Game Durations: N=120, mean=62.683333 (+/-0.157289).
P1: N=60, mean=62.7 (+/-0.193769).
P2: N=60, mean=62.666667 (+/-0.24943).

Agent 2 (SHUCT)
Winning score (between 0 and 1) : N=120, mean=0.3625 (+/-0.085981).
P1: N=60, mean=0.275 (+/-0.112738).
P2: N=60, mean=0.45 (+/-0.126943).
Game Durations: N=120, mean=62.683333 (+/-0.157289).
P1: N=60, mean=62.666667 (+/-0.24943).
P2: N=60, mean=62.7 (+/-0.193769).
=====================================================
=====================================================
Completed 130 games.

Agent 1 (SHUCTAnyTime)
Winning score (between 0 and 1) : N=130, mean=0.642308 (+/-0.082367).
P1: N=65, mean=0.553846 (+/-0.121785).
P2: N=65, mean=0.730769 (+/-0.107603).
Game Durations: N=130, mean=62.7 (+/-0.156776).
P1: N=65, mean=62.738462 (+/-0.207338).
P2: N=65, mean=62.661538 (+/-0.236467).

Agent 2 (SHUCT)
Winning score (between 0 and 1) : N=130, mean=0.357692 (+/-0.082367).
P1: N=65, mean=0.269231 (+/-0.107603).
P2: N=65, mean=0.446154 (+/-0.121785).
Game Durations: N=130, mean=62.7 (+/-0.156776).
P1: N=65, mean=62.661538 (+/-0.236467).
P2: N=65, mean=62.738462 (+/-0.207338).
=====================================================
=====================================================
Completed 140 games.

Agent 1 (SHUCTAnyTime)
Winning score (between 0 and 1) : N=140, mean=0.635714 (+/-0.078757).
P1: N=70, mean=0.528571 (+/-0.116083).
P2: N=70, mean=0.742857 (+/-0.101178).
Game Durations: N=140, mean=62.664286 (+/-0.148173).
P1: N=70, mean=62.7 (+/-0.196806).
P2: N=70, mean=62.628571 (+/-0.222673).

Agent 2 (SHUCT)
Winning score (between 0 and 1) : N=140, mean=0.364286 (+/-0.078757).
P1: N=70, mean=0.257143 (+/-0.101178).
P2: N=70, mean=0.471429 (+/-0.116083).
Game Durations: N=140, mean=62.664286 (+/-0.148173).
P1: N=70, mean=62.628571 (+/-0.222673).
P2: N=70, mean=62.7 (+/-0.196806).
=====================================================
=====================================================
Completed 150 games.

Agent 1 (SHUCTAnyTime)
Winning score (between 0 and 1) : N=150, mean=0.653333 (+/-0.075282).
P1: N=75, mean=0.56 (+/-0.111557).
P2: N=75, mean=0.746667 (+/-0.097331).
Game Durations: N=150, mean=62.646667 (+/-0.140146).
P1: N=75, mean=62.693333 (+/-0.185932).
P2: N=75, mean=62.6 (+/-0.21047).

Agent 2 (SHUCT)
Winning score (between 0 and 1) : N=150, mean=0.346667 (+/-0.075282).
P1: N=75, mean=0.253333 (+/-0.097331).
P2: N=75, mean=0.44 (+/-0.111557).
Game Durations: N=150, mean=62.646667 (+/-0.140146).
P1: N=75, mean=62.6 (+/-0.21047).
P2: N=75, mean=62.693333 (+/-0.185932).
=====================================================
