Warming up...
Finished warming up!
=====================================================
Completed 1 games.

Agent 1 (SHUCTAnyTime)
Winning score (between 0 and 1) : N=1, mean=1 (+/-0).
P1: N=0, mean=0 (+/-0).
P2: N=1, mean=1 (+/-0).
Game Durations: N=1, mean=64 (+/-0).
P1: N=0, mean=0 (+/-0).
P2: N=1, mean=64 (+/-0).

Agent 2 (SHUCT)
Winning score (between 0 and 1) : N=1, mean=0 (+/-0).
P1: N=1, mean=0 (+/-0).
P2: N=0, mean=0 (+/-0).
Game Durations: N=1, mean=64 (+/-0).
P1: N=1, mean=64 (+/-0).
P2: N=0, mean=0 (+/-0).
=====================================================
=====================================================
Completed 2 games.

Agent 1 (SHUCTAnyTime)
Winning score (between 0 and 1) : N=2, mean=1 (+/-0).
P1: N=1, mean=1 (+/-0).
P2: N=1, mean=1 (+/-0).
Game Durations: N=2, mean=64 (+/-0).
P1: N=1, mean=64 (+/-0).
P2: N=1, mean=64 (+/-0).

Agent 2 (SHUCT)
Winning score (between 0 and 1) : N=2, mean=0 (+/-0).
P1: N=1, mean=0 (+/-0).
P2: N=1, mean=0 (+/-0).
Game Durations: N=2, mean=64 (+/-0).
P1: N=1, mean=64 (+/-0).
P2: N=1, mean=64 (+/-0).
=====================================================
=====================================================
Completed 3 games.

Agent 1 (SHUCTAnyTime)
Winning score (between 0 and 1) : N=3, mean=1 (+/-0).
P1: N=1, mean=1 (+/-0).
P2: N=2, mean=1 (+/-0).
Game Durations: N=3, mean=64 (+/-0).
P1: N=1, mean=64 (+/-0).
P2: N=2, mean=64 (+/-0).

Agent 2 (SHUCT)
Winning score (between 0 and 1) : N=3, mean=0 (+/-0).
P1: N=2, mean=0 (+/-0).
P2: N=1, mean=0 (+/-0).
Game Durations: N=3, mean=64 (+/-0).
P1: N=2, mean=64 (+/-0).
P2: N=1, mean=64 (+/-0).
=====================================================
=====================================================
Completed 4 games.

Agent 1 (SHUCTAnyTime)
Winning score (between 0 and 1) : N=4, mean=1 (+/-0).
P1: N=2, mean=1 (+/-0).
P2: N=2, mean=1 (+/-0).
Game Durations: N=4, mean=63.75 (+/-0.48999).
P1: N=2, mean=63.5 (+/-0.97998).
P2: N=2, mean=64 (+/-0).

Agent 2 (SHUCT)
Winning score (between 0 and 1) : N=4, mean=0 (+/-0).
P1: N=2, mean=0 (+/-0).
P2: N=2, mean=0 (+/-0).
Game Durations: N=4, mean=63.75 (+/-0.48999).
P1: N=2, mean=64 (+/-0).
P2: N=2, mean=63.5 (+/-0.97998).
=====================================================
=====================================================
Completed 5 games.

Agent 1 (SHUCTAnyTime)
Winning score (between 0 and 1) : N=5, mean=0.8 (+/-0.391992).
P1: N=2, mean=1 (+/-0).
P2: N=3, mean=0.666667 (+/-0.65332).
Game Durations: N=5, mean=64 (+/-0.619794).
P1: N=2, mean=63.5 (+/-0.97998).
P2: N=3, mean=64.333333 (+/-0.65332).

Agent 2 (SHUCT)
Winning score (between 0 and 1) : N=5, mean=0.2 (+/-0.391992).
P1: N=3, mean=0.333333 (+/-0.65332).
P2: N=2, mean=0 (+/-0).
Game Durations: N=5, mean=64 (+/-0.619794).
P1: N=3, mean=64.333333 (+/-0.65332).
P2: N=2, mean=63.5 (+/-0.97998).
=====================================================
=====================================================
Completed 10 games.

Agent 1 (SHUCTAnyTime)
Winning score (between 0 and 1) : N=10, mean=0.6 (+/-0.32006).
P1: N=5, mean=0.8 (+/-0.391992).
P2: N=5, mean=0.4 (+/-0.48009).
Game Durations: N=10, mean=63.4 (+/-0.522656).
P1: N=5, mean=63 (+/-0.619794).
P2: N=5, mean=63.8 (+/-0.73335).

Agent 2 (SHUCT)
Winning score (between 0 and 1) : N=10, mean=0.4 (+/-0.32006).
P1: N=5, mean=0.6 (+/-0.48009).
P2: N=5, mean=0.2 (+/-0.391992).
Game Durations: N=10, mean=63.4 (+/-0.522656).
P1: N=5, mean=63.8 (+/-0.73335).
P2: N=5, mean=63 (+/-0.619794).
=====================================================
=====================================================
Completed 20 games.

Agent 1 (SHUCTAnyTime)
Winning score (between 0 and 1) : N=20, mean=0.45 (+/-0.223696).
P1: N=10, mean=0.4 (+/-0.32006).
P2: N=10, mean=0.5 (+/-0.32666).
Game Durations: N=20, mean=62.9 (+/-0.399654).
P1: N=10, mean=62.7 (+/-0.510259).
P2: N=10, mean=63.1 (+/-0.616341).

Agent 2 (SHUCT)
Winning score (between 0 and 1) : N=20, mean=0.55 (+/-0.223696).
P1: N=10, mean=0.5 (+/-0.32666).
P2: N=10, mean=0.6 (+/-0.32006).
Game Durations: N=20, mean=62.9 (+/-0.399654).
P1: N=10, mean=63.1 (+/-0.616341).
P2: N=10, mean=62.7 (+/-0.510259).
=====================================================
=====================================================
Completed 30 games.

Agent 1 (SHUCTAnyTime)
Winning score (between 0 and 1) : N=30, mean=0.5 (+/-0.181978).
P1: N=15, mean=0.4 (+/-0.256619).
P2: N=15, mean=0.6 (+/-0.256619).
Game Durations: N=30, mean=62.7 (+/-0.299389).
P1: N=15, mean=62.6 (+/-0.372859).
P2: N=15, mean=62.8 (+/-0.476265).

Agent 2 (SHUCT)
Winning score (between 0 and 1) : N=30, mean=0.5 (+/-0.181978).
P1: N=15, mean=0.4 (+/-0.256619).
P2: N=15, mean=0.6 (+/-0.256619).
Game Durations: N=30, mean=62.7 (+/-0.299389).
P1: N=15, mean=62.8 (+/-0.476265).
P2: N=15, mean=62.6 (+/-0.372859).
=====================================================
=====================================================
Completed 40 games.

Agent 1 (SHUCTAnyTime)
Winning score (between 0 and 1) : N=40, mean=0.525 (+/-0.156726).
P1: N=20, mean=0.5 (+/-0.224823).
P2: N=20, mean=0.55 (+/-0.223696).
Game Durations: N=40, mean=62.725 (+/-0.271684).
P1: N=20, mean=62.7 (+/-0.378878).
P2: N=20, mean=62.75 (+/-0.399021).

Agent 2 (SHUCT)
Winning score (between 0 and 1) : N=40, mean=0.475 (+/-0.156726).
P1: N=20, mean=0.45 (+/-0.223696).
P2: N=20, mean=0.5 (+/-0.224823).
Game Durations: N=40, mean=62.725 (+/-0.271684).
P1: N=20, mean=62.75 (+/-0.399021).
P2: N=20, mean=62.7 (+/-0.378878).
=====================================================
=====================================================
Completed 50 games.

Agent 1 (SHUCTAnyTime)
Winning score (between 0 and 1) : N=50, mean=0.52 (+/-0.139885).
P1: N=25, mean=0.48 (+/-0.199877).
P2: N=25, mean=0.56 (+/-0.198592).
Game Durations: N=50, mean=62.66 (+/-0.247981).
P1: N=25, mean=62.68 (+/-0.370496).
P2: N=25, mean=62.64 (+/-0.337204).

Agent 2 (SHUCT)
Winning score (between 0 and 1) : N=50, mean=0.48 (+/-0.139885).
P1: N=25, mean=0.44 (+/-0.198592).
P2: N=25, mean=0.52 (+/-0.199877).
Game Durations: N=50, mean=62.66 (+/-0.247981).
P1: N=25, mean=62.64 (+/-0.337204).
P2: N=25, mean=62.68 (+/-0.370496).
=====================================================
=====================================================
Completed 60 games.

Agent 1 (SHUCTAnyTime)
Winning score (between 0 and 1) : N=60, mean=0.491667 (+/-0.126497).
P1: N=30, mean=0.433333 (+/-0.180353).
P2: N=30, mean=0.55 (+/-0.177991).
Game Durations: N=60, mean=62.65 (+/-0.217639).
P1: N=30, mean=62.7 (+/-0.32756).
P2: N=30, mean=62.6 (+/-0.291164).

Agent 2 (SHUCT)
Winning score (between 0 and 1) : N=60, mean=0.508333 (+/-0.126497).
P1: N=30, mean=0.45 (+/-0.177991).
P2: N=30, mean=0.566667 (+/-0.180353).
Game Durations: N=60, mean=62.65 (+/-0.217639).
P1: N=30, mean=62.6 (+/-0.291164).
P2: N=30, mean=62.7 (+/-0.32756).
=====================================================
=====================================================
Completed 70 games.

Agent 1 (SHUCTAnyTime)
Winning score (between 0 and 1) : N=70, mean=0.528571 (+/-0.116083).
P1: N=35, mean=0.471429 (+/-0.165368).
P2: N=35, mean=0.585714 (+/-0.163122).
Game Durations: N=70, mean=62.614286 (+/-0.192486).
P1: N=35, mean=62.685714 (+/-0.28715).
P2: N=35, mean=62.542857 (+/-0.25841).

Agent 2 (SHUCT)
Winning score (between 0 and 1) : N=70, mean=0.471429 (+/-0.116083).
P1: N=35, mean=0.414286 (+/-0.163122).
P2: N=35, mean=0.528571 (+/-0.165368).
Game Durations: N=70, mean=62.614286 (+/-0.192486).
P1: N=35, mean=62.542857 (+/-0.25841).
P2: N=35, mean=62.685714 (+/-0.28715).
=====================================================
=====================================================
Completed 80 games.

Agent 1 (SHUCTAnyTime)
Winning score (between 0 and 1) : N=80, mean=0.5625 (+/-0.107994).
P1: N=40, mean=0.5125 (+/-0.154899).
P2: N=40, mean=0.6125 (+/-0.150872).
Game Durations: N=80, mean=62.6125 (+/-0.186114).
P1: N=40, mean=62.675 (+/-0.266191).
P2: N=40, mean=62.55 (+/-0.262112).

Agent 2 (SHUCT)
Winning score (between 0 and 1) : N=80, mean=0.4375 (+/-0.107994).
P1: N=40, mean=0.3875 (+/-0.150872).
P2: N=40, mean=0.4875 (+/-0.154899).
Game Durations: N=80, mean=62.6125 (+/-0.186114).
P1: N=40, mean=62.55 (+/-0.262112).
P2: N=40, mean=62.675 (+/-0.266191).
=====================================================
=====================================================
Completed 90 games.

Agent 1 (SHUCTAnyTime)
Winning score (between 0 and 1) : N=90, mean=0.533333 (+/-0.102483).
P1: N=45, mean=0.455556 (+/-0.145495).
P2: N=45, mean=0.611111 (+/-0.14235).
Game Durations: N=90, mean=62.566667 (+/-0.169773).
P1: N=45, mean=62.6 (+/-0.24445).
P2: N=45, mean=62.533333 (+/-0.238016).

Agent 2 (SHUCT)
Winning score (between 0 and 1) : N=90, mean=0.466667 (+/-0.102483).
P1: N=45, mean=0.388889 (+/-0.14235).
P2: N=45, mean=0.544444 (+/-0.145495).
Game Durations: N=90, mean=62.566667 (+/-0.169773).
P1: N=45, mean=62.533333 (+/-0.238016).
P2: N=45, mean=62.6 (+/-0.24445).
=====================================================
=====================================================
Completed 100 games.

Agent 1 (SHUCTAnyTime)
Winning score (between 0 and 1) : N=100, mean=0.545 (+/-0.096597).
P1: N=50, mean=0.47 (+/-0.138335).
P2: N=50, mean=0.62 (+/-0.13299).
Game Durations: N=100, mean=62.59 (+/-0.176396).
P1: N=50, mean=62.68 (+/-0.276841).
P2: N=50, mean=62.5 (+/-0.218683).

Agent 2 (SHUCT)
Winning score (between 0 and 1) : N=100, mean=0.455 (+/-0.096597).
P1: N=50, mean=0.38 (+/-0.13299).
P2: N=50, mean=0.53 (+/-0.138335).
Game Durations: N=100, mean=62.59 (+/-0.176396).
P1: N=50, mean=62.5 (+/-0.218683).
P2: N=50, mean=62.68 (+/-0.276841).
=====================================================
=====================================================
Completed 110 games.

Agent 1 (SHUCTAnyTime)
Winning score (between 0 and 1) : N=110, mean=0.545455 (+/-0.091747).
P1: N=55, mean=0.490909 (+/-0.130889).
P2: N=55, mean=0.6 (+/-0.128165).
Game Durations: N=110, mean=62.690909 (+/-0.183842).
P1: N=55, mean=62.8 (+/-0.289505).
P2: N=55, mean=62.581818 (+/-0.225692).

Agent 2 (SHUCT)
Winning score (between 0 and 1) : N=110, mean=0.454545 (+/-0.091747).
P1: N=55, mean=0.4 (+/-0.128165).
P2: N=55, mean=0.509091 (+/-0.130889).
Game Durations: N=110, mean=62.690909 (+/-0.183842).
P1: N=55, mean=62.581818 (+/-0.225692).
P2: N=55, mean=62.8 (+/-0.289505).
=====================================================
=====================================================
Completed 120 games.

Agent 1 (SHUCTAnyTime)
Winning score (between 0 and 1) : N=120, mean=0.55 (+/-0.087867).
P1: N=60, mean=0.483333 (+/-0.125366).
P2: N=60, mean=0.616667 (+/-0.121854).
Game Durations: N=120, mean=62.691667 (+/-0.17326).
P1: N=60, mean=62.783333 (+/-0.27201).
P2: N=60, mean=62.6 (+/-0.214501).

Agent 2 (SHUCT)
Winning score (between 0 and 1) : N=120, mean=0.45 (+/-0.087867).
P1: N=60, mean=0.383333 (+/-0.121854).
P2: N=60, mean=0.516667 (+/-0.125366).
Game Durations: N=120, mean=62.691667 (+/-0.17326).
P1: N=60, mean=62.6 (+/-0.214501).
P2: N=60, mean=62.783333 (+/-0.27201).
=====================================================
=====================================================
Completed 130 games.

Agent 1 (SHUCTAnyTime)
Winning score (between 0 and 1) : N=130, mean=0.553846 (+/-0.084435).
P1: N=65, mean=0.492308 (+/-0.120583).
P2: N=65, mean=0.615385 (+/-0.117238).
Game Durations: N=130, mean=62.7 (+/-0.163919).
P1: N=65, mean=62.784615 (+/-0.256025).
P2: N=65, mean=62.615385 (+/-0.204717).

Agent 2 (SHUCT)
Winning score (between 0 and 1) : N=130, mean=0.446154 (+/-0.084435).
P1: N=65, mean=0.384615 (+/-0.117238).
P2: N=65, mean=0.507692 (+/-0.120583).
Game Durations: N=130, mean=62.7 (+/-0.163919).
P1: N=65, mean=62.615385 (+/-0.204717).
P2: N=65, mean=62.784615 (+/-0.256025).
=====================================================
=====================================================
Completed 140 games.

Agent 1 (SHUCTAnyTime)
Winning score (between 0 and 1) : N=140, mean=0.55 (+/-0.081502).
P1: N=70, mean=0.485714 (+/-0.116229).
P2: N=70, mean=0.614286 (+/-0.113108).
Game Durations: N=140, mean=62.707143 (+/-0.157079).
P1: N=70, mean=62.771429 (+/-0.243161).
P2: N=70, mean=62.642857 (+/-0.199558).

Agent 2 (SHUCT)
Winning score (between 0 and 1) : N=140, mean=0.45 (+/-0.081502).
P1: N=70, mean=0.385714 (+/-0.113108).
P2: N=70, mean=0.514286 (+/-0.116229).
Game Durations: N=140, mean=62.707143 (+/-0.157079).
P1: N=70, mean=62.642857 (+/-0.199558).
P2: N=70, mean=62.771429 (+/-0.243161).
=====================================================
=====================================================
Completed 150 games.

Agent 1 (SHUCTAnyTime)
Winning score (between 0 and 1) : N=150, mean=0.543333 (+/-0.078626).
P1: N=75, mean=0.466667 (+/-0.112134).
P2: N=75, mean=0.62 (+/-0.108218).
Game Durations: N=150, mean=62.686667 (+/-0.15078).
P1: N=75, mean=62.76 (+/-0.234842).
P2: N=75, mean=62.613333 (+/-0.189326).

Agent 2 (SHUCT)
Winning score (between 0 and 1) : N=150, mean=0.456667 (+/-0.078626).
P1: N=75, mean=0.38 (+/-0.108218).
P2: N=75, mean=0.533333 (+/-0.112134).
Game Durations: N=150, mean=62.686667 (+/-0.15078).
P1: N=75, mean=62.613333 (+/-0.189326).
P2: N=75, mean=62.76 (+/-0.234842).
=====================================================
