Warming up...
Finished warming up!
=====================================================
Completed 1 games.

Agent 1 (SHUCTAnyTime)
Winning score (between 0 and 1) : N=1, mean=1 (+/-0).
P1: N=1, mean=1 (+/-0).
P2: N=0, mean=0 (+/-0).
Game Durations: N=1, mean=65 (+/-0).
P1: N=1, mean=65 (+/-0).
P2: N=0, mean=0 (+/-0).

Agent 2 (SHUCT)
Winning score (between 0 and 1) : N=1, mean=0 (+/-0).
P1: N=0, mean=0 (+/-0).
P2: N=1, mean=0 (+/-0).
Game Durations: N=1, mean=65 (+/-0).
P1: N=0, mean=0 (+/-0).
P2: N=1, mean=65 (+/-0).
=====================================================
=====================================================
Completed 2 games.

Agent 1 (SHUCTAnyTime)
Winning score (between 0 and 1) : N=2, mean=0.5 (+/-0.97998).
P1: N=1, mean=1 (+/-0).
P2: N=1, mean=0 (+/-0).
Game Durations: N=2, mean=64 (+/-1.95996).
P1: N=1, mean=65 (+/-0).
P2: N=1, mean=63 (+/-0).

Agent 2 (SHUCT)
Winning score (between 0 and 1) : N=2, mean=0.5 (+/-0.97998).
P1: N=1, mean=1 (+/-0).
P2: N=1, mean=0 (+/-0).
Game Durations: N=2, mean=64 (+/-1.95996).
P1: N=1, mean=63 (+/-0).
P2: N=1, mean=65 (+/-0).
=====================================================
=====================================================
Completed 3 games.

Agent 1 (SHUCTAnyTime)
Winning score (between 0 and 1) : N=3, mean=0.666667 (+/-0.65332).
P1: N=2, mean=1 (+/-0).
P2: N=1, mean=0 (+/-0).
Game Durations: N=3, mean=63 (+/-2.263167).
P1: N=2, mean=63 (+/-3.91992).
P2: N=1, mean=63 (+/-0).

Agent 2 (SHUCT)
Winning score (between 0 and 1) : N=3, mean=0.333333 (+/-0.65332).
P1: N=1, mean=1 (+/-0).
P2: N=2, mean=0 (+/-0).
Game Durations: N=3, mean=63 (+/-2.263167).
P1: N=1, mean=63 (+/-0).
P2: N=2, mean=63 (+/-3.91992).
=====================================================
=====================================================
Completed 4 games.

Agent 1 (SHUCTAnyTime)
Winning score (between 0 and 1) : N=4, mean=0.75 (+/-0.48999).
P1: N=2, mean=1 (+/-0).
P2: N=2, mean=0.5 (+/-0.97998).
Game Durations: N=4, mean=62.75 (+/-1.673634).
P1: N=2, mean=63 (+/-3.91992).
P2: N=2, mean=62.5 (+/-0.97998).

Agent 2 (SHUCT)
Winning score (between 0 and 1) : N=4, mean=0.25 (+/-0.48999).
P1: N=2, mean=0.5 (+/-0.97998).
P2: N=2, mean=0 (+/-0).
Game Durations: N=4, mean=62.75 (+/-1.673634).
P1: N=2, mean=62.5 (+/-0.97998).
P2: N=2, mean=63 (+/-3.91992).
=====================================================
=====================================================
Completed 5 games.

Agent 1 (SHUCTAnyTime)
Winning score (between 0 and 1) : N=5, mean=0.8 (+/-0.391992).
P1: N=3, mean=1 (+/-0).
P2: N=2, mean=0.5 (+/-0.97998).
Game Durations: N=5, mean=62.6 (+/-1.32931).
P1: N=3, mean=62.666667 (+/-2.355579).
P2: N=2, mean=62.5 (+/-0.97998).

Agent 2 (SHUCT)
Winning score (between 0 and 1) : N=5, mean=0.2 (+/-0.391992).
P1: N=2, mean=0.5 (+/-0.97998).
P2: N=3, mean=0 (+/-0).
Game Durations: N=5, mean=62.6 (+/-1.32931).
P1: N=2, mean=62.5 (+/-0.97998).
P2: N=3, mean=62.666667 (+/-2.355579).
=====================================================
=====================================================
Completed 10 games.

Agent 1 (SHUCTAnyTime)
Winning score (between 0 and 1) : N=10, mean=0.6 (+/-0.32006).
P1: N=5, mean=0.8 (+/-0.391992).
P2: N=5, mean=0.4 (+/-0.48009).
Game Durations: N=10, mean=62.8 (+/-0.703647).
P1: N=5, mean=63 (+/-1.385901).
P2: N=5, mean=62.6 (+/-0.48009).

Agent 2 (SHUCT)
Winning score (between 0 and 1) : N=10, mean=0.4 (+/-0.32006).
P1: N=5, mean=0.6 (+/-0.48009).
P2: N=5, mean=0.2 (+/-0.391992).
Game Durations: N=10, mean=62.8 (+/-0.703647).
P1: N=5, mean=62.6 (+/-0.48009).
P2: N=5, mean=63 (+/-1.385901).
=====================================================
=====================================================
Completed 20 games.

Agent 1 (SHUCTAnyTime)
Winning score (between 0 and 1) : N=20, mean=0.6 (+/-0.22028).
P1: N=10, mean=0.7 (+/-0.299389).
P2: N=10, mean=0.5 (+/-0.32666).
Game Durations: N=20, mean=62.65 (+/-0.383519).
P1: N=10, mean=62.9 (+/-0.682086).
P2: N=10, mean=62.4 (+/-0.32006).

Agent 2 (SHUCT)
Winning score (between 0 and 1) : N=20, mean=0.4 (+/-0.22028).
P1: N=10, mean=0.5 (+/-0.32666).
P2: N=10, mean=0.3 (+/-0.299389).
Game Durations: N=20, mean=62.65 (+/-0.383519).
P1: N=10, mean=62.4 (+/-0.32006).
P2: N=10, mean=62.9 (+/-0.682086).
=====================================================
=====================================================
Completed 30 games.

Agent 1 (SHUCTAnyTime)
Winning score (between 0 and 1) : N=30, mean=0.483333 (+/-0.178816).
P1: N=15, mean=0.533333 (+/-0.261328).
P2: N=15, mean=0.433333 (+/-0.250608).
Game Durations: N=30, mean=62.533333 (+/-0.307872).
P1: N=15, mean=62.6 (+/-0.534195).
P2: N=15, mean=62.466667 (+/-0.323848).

Agent 2 (SHUCT)
Winning score (between 0 and 1) : N=30, mean=0.516667 (+/-0.178816).
P1: N=15, mean=0.566667 (+/-0.250608).
P2: N=15, mean=0.466667 (+/-0.261328).
Game Durations: N=30, mean=62.533333 (+/-0.307872).
P1: N=15, mean=62.466667 (+/-0.323848).
P2: N=15, mean=62.6 (+/-0.534195).
=====================================================
=====================================================
Completed 40 games.

Agent 1 (SHUCTAnyTime)
Winning score (between 0 and 1) : N=40, mean=0.5375 (+/-0.154501).
P1: N=20, mean=0.55 (+/-0.223696).
P2: N=20, mean=0.525 (+/-0.218842).
Game Durations: N=40, mean=62.675 (+/-0.28409).
P1: N=20, mean=62.7 (+/-0.428935).
P2: N=20, mean=62.65 (+/-0.383519).

Agent 2 (SHUCT)
Winning score (between 0 and 1) : N=40, mean=0.4625 (+/-0.154501).
P1: N=20, mean=0.475 (+/-0.218842).
P2: N=20, mean=0.45 (+/-0.223696).
Game Durations: N=40, mean=62.675 (+/-0.28409).
P1: N=20, mean=62.65 (+/-0.383519).
P2: N=20, mean=62.7 (+/-0.428935).
=====================================================
=====================================================
Completed 50 games.

Agent 1 (SHUCTAnyTime)
Winning score (between 0 and 1) : N=50, mean=0.54 (+/-0.136711).
P1: N=25, mean=0.58 (+/-0.193365).
P2: N=25, mean=0.5 (+/-0.195996).
Game Durations: N=50, mean=62.76 (+/-0.24125).
P1: N=25, mean=62.8 (+/-0.357838).
P2: N=25, mean=62.72 (+/-0.330298).

Agent 2 (SHUCT)
Winning score (between 0 and 1) : N=50, mean=0.46 (+/-0.136711).
P1: N=25, mean=0.5 (+/-0.195996).
P2: N=25, mean=0.42 (+/-0.193365).
Game Durations: N=50, mean=62.76 (+/-0.24125).
P1: N=25, mean=62.72 (+/-0.330298).
P2: N=25, mean=62.8 (+/-0.357838).
=====================================================
=====================================================
Completed 60 games.

Agent 1 (SHUCTAnyTime)
Winning score (between 0 and 1) : N=60, mean=0.533333 (+/-0.125149).
P1: N=30, mean=0.583333 (+/-0.17633).
P2: N=30, mean=0.483333 (+/-0.178816).
Game Durations: N=60, mean=62.666667 (+/-0.211785).
P1: N=30, mean=62.7 (+/-0.313791).
P2: N=30, mean=62.633333 (+/-0.28939).

Agent 2 (SHUCT)
Winning score (between 0 and 1) : N=60, mean=0.466667 (+/-0.125149).
P1: N=30, mean=0.516667 (+/-0.178816).
P2: N=30, mean=0.416667 (+/-0.17633).
Game Durations: N=60, mean=62.666667 (+/-0.211785).
P1: N=30, mean=62.633333 (+/-0.28939).
P2: N=30, mean=62.7 (+/-0.313791).
=====================================================
=====================================================
Completed 70 games.

Agent 1 (SHUCTAnyTime)
Winning score (between 0 and 1) : N=70, mean=0.528571 (+/-0.116083).
P1: N=35, mean=0.528571 (+/-0.165368).
P2: N=35, mean=0.528571 (+/-0.165368).
Game Durations: N=70, mean=62.557143 (+/-0.193898).
P1: N=35, mean=62.571429 (+/-0.292874).
P2: N=35, mean=62.542857 (+/-0.25841).

Agent 2 (SHUCT)
Winning score (between 0 and 1) : N=70, mean=0.471429 (+/-0.116083).
P1: N=35, mean=0.471429 (+/-0.165368).
P2: N=35, mean=0.471429 (+/-0.165368).
Game Durations: N=70, mean=62.557143 (+/-0.193898).
P1: N=35, mean=62.542857 (+/-0.25841).
P2: N=35, mean=62.571429 (+/-0.292874).
=====================================================
=====================================================
Completed 80 games.

Agent 1 (SHUCTAnyTime)
Winning score (between 0 and 1) : N=80, mean=0.5625 (+/-0.107994).
P1: N=40, mean=0.5625 (+/-0.153702).
P2: N=40, mean=0.5625 (+/-0.153702).
Game Durations: N=80, mean=62.5375 (+/-0.184309).
P1: N=40, mean=62.6 (+/-0.287643).
P2: N=40, mean=62.475 (+/-0.232621).

Agent 2 (SHUCT)
Winning score (between 0 and 1) : N=80, mean=0.4375 (+/-0.107994).
P1: N=40, mean=0.4375 (+/-0.153702).
P2: N=40, mean=0.4375 (+/-0.153702).
Game Durations: N=80, mean=62.5375 (+/-0.184309).
P1: N=40, mean=62.475 (+/-0.232621).
P2: N=40, mean=62.6 (+/-0.287643).
=====================================================
=====================================================
Completed 90 games.

Agent 1 (SHUCTAnyTime)
Winning score (between 0 and 1) : N=90, mean=0.566667 (+/-0.100594).
P1: N=45, mean=0.555556 (+/-0.143481).
P2: N=45, mean=0.577778 (+/-0.142577).
Game Durations: N=90, mean=62.522222 (+/-0.167434).
P1: N=45, mean=62.577778 (+/-0.260502).
P2: N=45, mean=62.466667 (+/-0.212158).

Agent 2 (SHUCT)
Winning score (between 0 and 1) : N=90, mean=0.433333 (+/-0.100594).
P1: N=45, mean=0.422222 (+/-0.142577).
P2: N=45, mean=0.444444 (+/-0.143481).
Game Durations: N=90, mean=62.522222 (+/-0.167434).
P1: N=45, mean=62.466667 (+/-0.212158).
P2: N=45, mean=62.577778 (+/-0.260502).
=====================================================
=====================================================
Completed 100 games.

Agent 1 (SHUCTAnyTime)
Winning score (between 0 and 1) : N=100, mean=0.55 (+/-0.094982).
P1: N=50, mean=0.56 (+/-0.133226).
P2: N=50, mean=0.54 (+/-0.136711).
Game Durations: N=100, mean=62.49 (+/-0.153836).
P1: N=50, mean=62.52 (+/-0.239162).
P2: N=50, mean=62.46 (+/-0.195676).

Agent 2 (SHUCT)
Winning score (between 0 and 1) : N=100, mean=0.45 (+/-0.094982).
P1: N=50, mean=0.46 (+/-0.136711).
P2: N=50, mean=0.44 (+/-0.133226).
Game Durations: N=100, mean=62.49 (+/-0.153836).
P1: N=50, mean=62.46 (+/-0.195676).
P2: N=50, mean=62.52 (+/-0.239162).
=====================================================
=====================================================
Completed 110 games.

Agent 1 (SHUCTAnyTime)
Winning score (between 0 and 1) : N=110, mean=0.554545 (+/-0.090693).
P1: N=55, mean=0.545455 (+/-0.127844).
P2: N=55, mean=0.563636 (+/-0.129806).
Game Durations: N=110, mean=62.536364 (+/-0.151199).
P1: N=55, mean=62.618182 (+/-0.241206).
P2: N=55, mean=62.454545 (+/-0.182095).

Agent 2 (SHUCT)
Winning score (between 0 and 1) : N=110, mean=0.445455 (+/-0.090693).
P1: N=55, mean=0.436364 (+/-0.129806).
P2: N=55, mean=0.454545 (+/-0.127844).
Game Durations: N=110, mean=62.536364 (+/-0.151199).
P1: N=55, mean=62.454545 (+/-0.182095).
P2: N=55, mean=62.618182 (+/-0.241206).
=====================================================
=====================================================
Completed 120 games.

Agent 1 (SHUCTAnyTime)
Winning score (between 0 and 1) : N=120, mean=0.533333 (+/-0.087355).
P1: N=60, mean=0.533333 (+/-0.122963).
P2: N=60, mean=0.533333 (+/-0.125149).
Game Durations: N=120, mean=62.533333 (+/-0.14473).
P1: N=60, mean=62.616667 (+/-0.228662).
P2: N=60, mean=62.45 (+/-0.176937).

Agent 2 (SHUCT)
Winning score (between 0 and 1) : N=120, mean=0.466667 (+/-0.087355).
P1: N=60, mean=0.466667 (+/-0.125149).
P2: N=60, mean=0.466667 (+/-0.122963).
Game Durations: N=120, mean=62.533333 (+/-0.14473).
P1: N=60, mean=62.45 (+/-0.176937).
P2: N=60, mean=62.616667 (+/-0.228662).
=====================================================
=====================================================
Completed 130 games.

Agent 1 (SHUCTAnyTime)
Winning score (between 0 and 1) : N=130, mean=0.523077 (+/-0.084174).
P1: N=65, mean=0.523077 (+/-0.118534).
P2: N=65, mean=0.523077 (+/-0.120466).
Game Durations: N=130, mean=62.553846 (+/-0.142078).
P1: N=65, mean=62.661538 (+/-0.228524).
P2: N=65, mean=62.446154 (+/-0.166612).

Agent 2 (SHUCT)
Winning score (between 0 and 1) : N=130, mean=0.476923 (+/-0.084174).
P1: N=65, mean=0.476923 (+/-0.120466).
P2: N=65, mean=0.476923 (+/-0.118534).
Game Durations: N=130, mean=62.553846 (+/-0.142078).
P1: N=65, mean=62.446154 (+/-0.166612).
P2: N=65, mean=62.661538 (+/-0.228524).
=====================================================
=====================================================
Completed 140 games.

Agent 1 (SHUCTAnyTime)
Winning score (between 0 and 1) : N=140, mean=0.510714 (+/-0.080997).
P1: N=70, mean=0.485714 (+/-0.114506).
P2: N=70, mean=0.535714 (+/-0.115112).
Game Durations: N=140, mean=62.557143 (+/-0.13516).
P1: N=70, mean=62.671429 (+/-0.217432).
P2: N=70, mean=62.442857 (+/-0.157706).

Agent 2 (SHUCT)
Winning score (between 0 and 1) : N=140, mean=0.489286 (+/-0.080997).
P1: N=70, mean=0.464286 (+/-0.115112).
P2: N=70, mean=0.514286 (+/-0.114506).
Game Durations: N=140, mean=62.557143 (+/-0.13516).
P1: N=70, mean=62.442857 (+/-0.157706).
P2: N=70, mean=62.671429 (+/-0.217432).
=====================================================
=====================================================
Completed 150 games.

Agent 1 (SHUCTAnyTime)
Winning score (between 0 and 1) : N=150, mean=0.52 (+/-0.078047).
P1: N=75, mean=0.493333 (+/-0.11083).
P2: N=75, mean=0.546667 (+/-0.11033).
Game Durations: N=150, mean=62.526667 (+/-0.128046).
P1: N=75, mean=62.64 (+/-0.205949).
P2: N=75, mean=62.413333 (+/-0.149258).

Agent 2 (SHUCT)
Winning score (between 0 and 1) : N=150, mean=0.48 (+/-0.078047).
P1: N=75, mean=0.453333 (+/-0.11033).
P2: N=75, mean=0.506667 (+/-0.11083).
Game Durations: N=150, mean=62.526667 (+/-0.128046).
P1: N=75, mean=62.413333 (+/-0.149258).
P2: N=75, mean=62.64 (+/-0.205949).
=====================================================
