Warming up...
Finished warming up!
=====================================================
Completed 1 games.

Agent 1 (SHUCTAnyTime)
Winning score (between 0 and 1) : N=1, mean=0 (+/-0).
P1: N=0, mean=0 (+/-0).
P2: N=1, mean=0 (+/-0).
Game Durations: N=1, mean=61 (+/-0).
P1: N=0, mean=0 (+/-0).
P2: N=1, mean=61 (+/-0).

Agent 2 (SHUCT)
Winning score (between 0 and 1) : N=1, mean=1 (+/-0).
P1: N=1, mean=1 (+/-0).
P2: N=0, mean=0 (+/-0).
Game Durations: N=1, mean=61 (+/-0).
P1: N=1, mean=61 (+/-0).
P2: N=0, mean=0 (+/-0).
=====================================================
=====================================================
Completed 2 games.

Agent 1 (SHUCTAnyTime)
Winning score (between 0 and 1) : N=2, mean=0.5 (+/-0.97998).
P1: N=1, mean=1 (+/-0).
P2: N=1, mean=0 (+/-0).
Game Durations: N=2, mean=62 (+/-1.95996).
P1: N=1, mean=63 (+/-0).
P2: N=1, mean=61 (+/-0).

Agent 2 (SHUCT)
Winning score (between 0 and 1) : N=2, mean=0.5 (+/-0.97998).
P1: N=1, mean=1 (+/-0).
P2: N=1, mean=0 (+/-0).
Game Durations: N=2, mean=62 (+/-1.95996).
P1: N=1, mean=61 (+/-0).
P2: N=1, mean=63 (+/-0).
=====================================================
=====================================================
Completed 3 games.

Agent 1 (SHUCTAnyTime)
Winning score (between 0 and 1) : N=3, mean=0.666667 (+/-0.65332).
P1: N=1, mean=1 (+/-0).
P2: N=2, mean=0.5 (+/-0.97998).
Game Durations: N=3, mean=62 (+/-1.131583).
P1: N=1, mean=63 (+/-0).
P2: N=2, mean=61.5 (+/-0.97998).

Agent 2 (SHUCT)
Winning score (between 0 and 1) : N=3, mean=0.333333 (+/-0.65332).
P1: N=2, mean=0.5 (+/-0.97998).
P2: N=1, mean=0 (+/-0).
Game Durations: N=3, mean=62 (+/-1.131583).
P1: N=2, mean=61.5 (+/-0.97998).
P2: N=1, mean=63 (+/-0).
=====================================================
=====================================================
Completed 4 games.

Agent 1 (SHUCTAnyTime)
Winning score (between 0 and 1) : N=4, mean=0.5 (+/-0.565792).
P1: N=2, mean=0.5 (+/-0.97998).
P2: N=2, mean=0.5 (+/-0.97998).
Game Durations: N=4, mean=62 (+/-0.80015).
P1: N=2, mean=62.5 (+/-0.97998).
P2: N=2, mean=61.5 (+/-0.97998).

Agent 2 (SHUCT)
Winning score (between 0 and 1) : N=4, mean=0.5 (+/-0.565792).
P1: N=2, mean=0.5 (+/-0.97998).
P2: N=2, mean=0.5 (+/-0.97998).
Game Durations: N=4, mean=62 (+/-0.80015).
P1: N=2, mean=61.5 (+/-0.97998).
P2: N=2, mean=62.5 (+/-0.97998).
=====================================================
=====================================================
Completed 5 games.

Agent 1 (SHUCTAnyTime)
Winning score (between 0 and 1) : N=5, mean=0.4 (+/-0.48009).
P1: N=2, mean=0.5 (+/-0.97998).
P2: N=3, mean=0.333333 (+/-0.65332).
Game Durations: N=5, mean=62.2 (+/-0.73335).
P1: N=2, mean=62.5 (+/-0.97998).
P2: N=3, mean=62 (+/-1.131583).

Agent 2 (SHUCT)
Winning score (between 0 and 1) : N=5, mean=0.6 (+/-0.48009).
P1: N=3, mean=0.666667 (+/-0.65332).
P2: N=2, mean=0.5 (+/-0.97998).
Game Durations: N=5, mean=62.2 (+/-0.73335).
P1: N=3, mean=62 (+/-1.131583).
P2: N=2, mean=62.5 (+/-0.97998).
=====================================================
=====================================================
Completed 10 games.

Agent 1 (SHUCTAnyTime)
Winning score (between 0 and 1) : N=10, mean=0.4 (+/-0.32006).
P1: N=5, mean=0.6 (+/-0.48009).
P2: N=5, mean=0.2 (+/-0.391992).
Game Durations: N=10, mean=62.5 (+/-0.669454).
P1: N=5, mean=63 (+/-1.073514).
P2: N=5, mean=62 (+/-0.619794).

Agent 2 (SHUCT)
Winning score (between 0 and 1) : N=10, mean=0.6 (+/-0.32006).
P1: N=5, mean=0.8 (+/-0.391992).
P2: N=5, mean=0.4 (+/-0.48009).
Game Durations: N=10, mean=62.5 (+/-0.669454).
P1: N=5, mean=62 (+/-0.619794).
P2: N=5, mean=63 (+/-1.073514).
=====================================================
=====================================================
Completed 20 games.

Agent 1 (SHUCTAnyTime)
Winning score (between 0 and 1) : N=20, mean=0.4 (+/-0.22028).
P1: N=10, mean=0.5 (+/-0.32666).
P2: N=10, mean=0.3 (+/-0.299389).
Game Durations: N=20, mean=62.6 (+/-0.435948).
P1: N=10, mean=62.7 (+/-0.656578).
P2: N=10, mean=62.5 (+/-0.602331).

Agent 2 (SHUCT)
Winning score (between 0 and 1) : N=20, mean=0.6 (+/-0.22028).
P1: N=10, mean=0.7 (+/-0.299389).
P2: N=10, mean=0.5 (+/-0.32666).
Game Durations: N=20, mean=62.6 (+/-0.435948).
P1: N=10, mean=62.5 (+/-0.602331).
P2: N=10, mean=62.7 (+/-0.656578).
=====================================================
=====================================================
Completed 30 games.

Agent 1 (SHUCTAnyTime)
Winning score (between 0 and 1) : N=30, mean=0.433333 (+/-0.180353).
P1: N=15, mean=0.466667 (+/-0.261328).
P2: N=15, mean=0.4 (+/-0.256619).
Game Durations: N=30, mean=62.733333 (+/-0.363146).
P1: N=15, mean=62.6 (+/-0.460645).
P2: N=15, mean=62.866667 (+/-0.569551).

Agent 2 (SHUCT)
Winning score (between 0 and 1) : N=30, mean=0.566667 (+/-0.180353).
P1: N=15, mean=0.6 (+/-0.256619).
P2: N=15, mean=0.533333 (+/-0.261328).
Game Durations: N=30, mean=62.733333 (+/-0.363146).
P1: N=15, mean=62.866667 (+/-0.569551).
P2: N=15, mean=62.6 (+/-0.460645).
=====================================================
=====================================================
Completed 40 games.

Agent 1 (SHUCTAnyTime)
Winning score (between 0 and 1) : N=40, mean=0.5 (+/-0.156922).
P1: N=20, mean=0.45 (+/-0.223696).
P2: N=20, mean=0.55 (+/-0.223696).
Game Durations: N=40, mean=62.7 (+/-0.291048).
P1: N=20, mean=62.65 (+/-0.383519).
P2: N=20, mean=62.75 (+/-0.446827).

Agent 2 (SHUCT)
Winning score (between 0 and 1) : N=40, mean=0.5 (+/-0.156922).
P1: N=20, mean=0.45 (+/-0.223696).
P2: N=20, mean=0.55 (+/-0.223696).
Game Durations: N=40, mean=62.7 (+/-0.291048).
P1: N=20, mean=62.75 (+/-0.446827).
P2: N=20, mean=62.65 (+/-0.383519).
=====================================================
=====================================================
Completed 50 games.

Agent 1 (SHUCTAnyTime)
Winning score (between 0 and 1) : N=50, mean=0.54 (+/-0.139548).
P1: N=25, mean=0.44 (+/-0.198592).
P2: N=25, mean=0.64 (+/-0.192036).
Game Durations: N=50, mean=62.72 (+/-0.256863).
P1: N=25, mean=62.72 (+/-0.349144).
P2: N=25, mean=62.72 (+/-0.384072).

Agent 2 (SHUCT)
Winning score (between 0 and 1) : N=50, mean=0.46 (+/-0.139548).
P1: N=25, mean=0.36 (+/-0.192036).
P2: N=25, mean=0.56 (+/-0.198592).
Game Durations: N=50, mean=62.72 (+/-0.256863).
P1: N=25, mean=62.72 (+/-0.384072).
P2: N=25, mean=62.72 (+/-0.349144).
=====================================================
=====================================================
Completed 60 games.

Agent 1 (SHUCTAnyTime)
Winning score (between 0 and 1) : N=60, mean=0.591667 (+/-0.124334).
P1: N=30, mean=0.516667 (+/-0.178816).
P2: N=30, mean=0.666667 (+/-0.17157).
Game Durations: N=60, mean=62.666667 (+/-0.226636).
P1: N=30, mean=62.666667 (+/-0.302081).
P2: N=30, mean=62.666667 (+/-0.34314).

Agent 2 (SHUCT)
Winning score (between 0 and 1) : N=60, mean=0.408333 (+/-0.124334).
P1: N=30, mean=0.333333 (+/-0.17157).
P2: N=30, mean=0.483333 (+/-0.178816).
Game Durations: N=60, mean=62.666667 (+/-0.226636).
P1: N=30, mean=62.666667 (+/-0.34314).
P2: N=30, mean=62.666667 (+/-0.302081).
=====================================================
=====================================================
Completed 70 games.

Agent 1 (SHUCTAnyTime)
Winning score (between 0 and 1) : N=70, mean=0.578571 (+/-0.115654).
P1: N=35, mean=0.5 (+/-0.165647).
P2: N=35, mean=0.657143 (+/-0.159549).
Game Durations: N=70, mean=62.657143 (+/-0.206799).
P1: N=35, mean=62.628571 (+/-0.267529).
P2: N=35, mean=62.685714 (+/-0.319098).

Agent 2 (SHUCT)
Winning score (between 0 and 1) : N=70, mean=0.421429 (+/-0.115654).
P1: N=35, mean=0.342857 (+/-0.159549).
P2: N=35, mean=0.5 (+/-0.165647).
Game Durations: N=70, mean=62.657143 (+/-0.206799).
P1: N=35, mean=62.685714 (+/-0.319098).
P2: N=35, mean=62.628571 (+/-0.267529).
=====================================================
=====================================================
Completed 80 games.

Agent 1 (SHUCTAnyTime)
Winning score (between 0 and 1) : N=80, mean=0.575 (+/-0.107606).
P1: N=40, mean=0.4875 (+/-0.154899).
P2: N=40, mean=0.6625 (+/-0.146315).
Game Durations: N=80, mean=62.725 (+/-0.200215).
P1: N=40, mean=62.725 (+/-0.262464).
P2: N=40, mean=62.725 (+/-0.305797).

Agent 2 (SHUCT)
Winning score (between 0 and 1) : N=80, mean=0.425 (+/-0.107606).
P1: N=40, mean=0.3375 (+/-0.146315).
P2: N=40, mean=0.5125 (+/-0.154899).
Game Durations: N=80, mean=62.725 (+/-0.200215).
P1: N=40, mean=62.725 (+/-0.305797).
P2: N=40, mean=62.725 (+/-0.262464).
=====================================================
=====================================================
Completed 90 games.

Agent 1 (SHUCTAnyTime)
Winning score (between 0 and 1) : N=90, mean=0.583333 (+/-0.100654).
P1: N=45, mean=0.511111 (+/-0.14438).
P2: N=45, mean=0.655556 (+/-0.138668).
Game Durations: N=90, mean=62.677778 (+/-0.182772).
P1: N=45, mean=62.688889 (+/-0.23982).
P2: N=45, mean=62.666667 (+/-0.278577).

Agent 2 (SHUCT)
Winning score (between 0 and 1) : N=90, mean=0.416667 (+/-0.100654).
P1: N=45, mean=0.344444 (+/-0.138668).
P2: N=45, mean=0.488889 (+/-0.14438).
Game Durations: N=90, mean=62.677778 (+/-0.182772).
P1: N=45, mean=62.666667 (+/-0.278577).
P2: N=45, mean=62.688889 (+/-0.23982).
=====================================================
=====================================================
Completed 100 games.

Agent 1 (SHUCTAnyTime)
Winning score (between 0 and 1) : N=100, mean=0.595 (+/-0.095181).
P1: N=50, mean=0.52 (+/-0.137054).
P2: N=50, mean=0.67 (+/-0.13016).
Game Durations: N=100, mean=62.67 (+/-0.169577).
P1: N=50, mean=62.66 (+/-0.221249).
P2: N=50, mean=62.68 (+/-0.259293).

Agent 2 (SHUCT)
Winning score (between 0 and 1) : N=100, mean=0.405 (+/-0.095181).
P1: N=50, mean=0.33 (+/-0.13016).
P2: N=50, mean=0.48 (+/-0.137054).
Game Durations: N=100, mean=62.67 (+/-0.169577).
P1: N=50, mean=62.68 (+/-0.259293).
P2: N=50, mean=62.66 (+/-0.221249).
=====================================================
=====================================================
Completed 110 games.

Agent 1 (SHUCTAnyTime)
Winning score (between 0 and 1) : N=110, mean=0.568182 (+/-0.091687).
P1: N=55, mean=0.509091 (+/-0.130889).
P2: N=55, mean=0.627273 (+/-0.127706).
Game Durations: N=110, mean=62.709091 (+/-0.172328).
P1: N=55, mean=62.690909 (+/-0.220954).
P2: N=55, mean=62.727273 (+/-0.266496).

Agent 2 (SHUCT)
Winning score (between 0 and 1) : N=110, mean=0.431818 (+/-0.091687).
P1: N=55, mean=0.372727 (+/-0.127706).
P2: N=55, mean=0.490909 (+/-0.130889).
Game Durations: N=110, mean=62.709091 (+/-0.172328).
P1: N=55, mean=62.727273 (+/-0.266496).
P2: N=55, mean=62.690909 (+/-0.220954).
=====================================================
=====================================================
Completed 120 games.

Agent 1 (SHUCTAnyTime)
Winning score (between 0 and 1) : N=120, mean=0.583333 (+/-0.087046).
P1: N=60, mean=0.533333 (+/-0.125149).
P2: N=60, mean=0.633333 (+/-0.120736).
Game Durations: N=120, mean=62.716667 (+/-0.164315).
P1: N=60, mean=62.733333 (+/-0.212808).
P2: N=60, mean=62.7 (+/-0.252171).

Agent 2 (SHUCT)
Winning score (between 0 and 1) : N=120, mean=0.416667 (+/-0.087046).
P1: N=60, mean=0.366667 (+/-0.120736).
P2: N=60, mean=0.466667 (+/-0.125149).
Game Durations: N=120, mean=62.716667 (+/-0.164315).
P1: N=60, mean=62.7 (+/-0.252171).
P2: N=60, mean=62.733333 (+/-0.212808).
=====================================================
=====================================================
Completed 130 games.

Agent 1 (SHUCTAnyTime)
Winning score (between 0 and 1) : N=130, mean=0.580769 (+/-0.083451).
P1: N=65, mean=0.523077 (+/-0.120466).
P2: N=65, mean=0.638462 (+/-0.114727).
Game Durations: N=130, mean=62.707692 (+/-0.159379).
P1: N=65, mean=62.707692 (+/-0.204856).
P2: N=65, mean=62.707692 (+/-0.245834).

Agent 2 (SHUCT)
Winning score (between 0 and 1) : N=130, mean=0.419231 (+/-0.083451).
P1: N=65, mean=0.361538 (+/-0.114727).
P2: N=65, mean=0.476923 (+/-0.120466).
Game Durations: N=130, mean=62.707692 (+/-0.159379).
P1: N=65, mean=62.707692 (+/-0.245834).
P2: N=65, mean=62.707692 (+/-0.204856).
=====================================================
=====================================================
Completed 140 games.

Agent 1 (SHUCTAnyTime)
Winning score (between 0 and 1) : N=140, mean=0.589286 (+/-0.080262).
P1: N=70, mean=0.514286 (+/-0.116229).
P2: N=70, mean=0.664286 (+/-0.108716).
Game Durations: N=140, mean=62.714286 (+/-0.151695).
P1: N=70, mean=62.714286 (+/-0.195967).
P2: N=70, mean=62.714286 (+/-0.233044).

Agent 2 (SHUCT)
Winning score (between 0 and 1) : N=140, mean=0.410714 (+/-0.080262).
P1: N=70, mean=0.335714 (+/-0.108716).
P2: N=70, mean=0.485714 (+/-0.116229).
Game Durations: N=140, mean=62.714286 (+/-0.151695).
P1: N=70, mean=62.714286 (+/-0.233044).
P2: N=70, mean=62.714286 (+/-0.195967).
=====================================================
=====================================================
Completed 150 games.

Agent 1 (SHUCTAnyTime)
Winning score (between 0 and 1) : N=150, mean=0.596667 (+/-0.077393).
P1: N=75, mean=0.506667 (+/-0.112381).
P2: N=75, mean=0.686667 (+/-0.103198).
Game Durations: N=150, mean=62.713333 (+/-0.145206).
P1: N=75, mean=62.733333 (+/-0.190928).
P2: N=75, mean=62.693333 (+/-0.220031).

Agent 2 (SHUCT)
Winning score (between 0 and 1) : N=150, mean=0.403333 (+/-0.077393).
P1: N=75, mean=0.313333 (+/-0.103198).
P2: N=75, mean=0.493333 (+/-0.112381).
Game Durations: N=150, mean=62.713333 (+/-0.145206).
P1: N=75, mean=62.693333 (+/-0.220031).
P2: N=75, mean=62.733333 (+/-0.190928).
=====================================================
