Warming up...
Finished warming up!
=====================================================
Completed 1 games.

Agent 1 (SHUCTAnyTime)
Winning score (between 0 and 1) : N=1, mean=1 (+/-0).
P1: N=0, mean=0 (+/-0).
P2: N=1, mean=1 (+/-0).
Game Durations: N=1, mean=36 (+/-0).
P1: N=0, mean=0 (+/-0).
P2: N=1, mean=36 (+/-0).

Agent 2 (Example UCT)
Winning score (between 0 and 1) : N=1, mean=0 (+/-0).
P1: N=1, mean=0 (+/-0).
P2: N=0, mean=0 (+/-0).
Game Durations: N=1, mean=36 (+/-0).
P1: N=1, mean=36 (+/-0).
P2: N=0, mean=0 (+/-0).
=====================================================
=====================================================
Completed 2 games.

Agent 1 (SHUCTAnyTime)
Winning score (between 0 and 1) : N=2, mean=0.5 (+/-0.97998).
P1: N=1, mean=0 (+/-0).
P2: N=1, mean=1 (+/-0).
Game Durations: N=2, mean=35 (+/-1.95996).
P1: N=1, mean=34 (+/-0).
P2: N=1, mean=36 (+/-0).

Agent 2 (Example UCT)
Winning score (between 0 and 1) : N=2, mean=0.5 (+/-0.97998).
P1: N=1, mean=0 (+/-0).
P2: N=1, mean=1 (+/-0).
Game Durations: N=2, mean=35 (+/-1.95996).
P1: N=1, mean=36 (+/-0).
P2: N=1, mean=34 (+/-0).
=====================================================
=====================================================
Completed 3 games.

Agent 1 (SHUCTAnyTime)
Winning score (between 0 and 1) : N=3, mean=0.666667 (+/-0.65332).
P1: N=1, mean=0 (+/-0).
P2: N=2, mean=1 (+/-0).
Game Durations: N=3, mean=36 (+/-2.263167).
P1: N=1, mean=34 (+/-0).
P2: N=2, mean=37 (+/-1.95996).

Agent 2 (Example UCT)
Winning score (between 0 and 1) : N=3, mean=0.333333 (+/-0.65332).
P1: N=2, mean=0 (+/-0).
P2: N=1, mean=1 (+/-0).
Game Durations: N=3, mean=36 (+/-2.263167).
P1: N=2, mean=37 (+/-1.95996).
P2: N=1, mean=34 (+/-0).
=====================================================
=====================================================
Completed 4 games.

Agent 1 (SHUCTAnyTime)
Winning score (between 0 and 1) : N=4, mean=0.5 (+/-0.565792).
P1: N=2, mean=0 (+/-0).
P2: N=2, mean=1 (+/-0).
Game Durations: N=4, mean=34.5 (+/-3.347269).
P1: N=2, mean=32 (+/-3.91992).
P2: N=2, mean=37 (+/-1.95996).

Agent 2 (Example UCT)
Winning score (between 0 and 1) : N=4, mean=0.5 (+/-0.565792).
P1: N=2, mean=0 (+/-0).
P2: N=2, mean=1 (+/-0).
Game Durations: N=4, mean=34.5 (+/-3.347269).
P1: N=2, mean=37 (+/-1.95996).
P2: N=2, mean=32 (+/-3.91992).
=====================================================
=====================================================
Completed 5 games.

Agent 1 (SHUCTAnyTime)
Winning score (between 0 and 1) : N=5, mean=0.4 (+/-0.48009).
P1: N=2, mean=0 (+/-0).
P2: N=3, mean=0.666667 (+/-0.65332).
Game Durations: N=5, mean=36.6 (+/-4.864493).
P1: N=2, mean=32 (+/-3.91992).
P2: N=3, mean=39.666667 (+/-5.347655).

Agent 2 (Example UCT)
Winning score (between 0 and 1) : N=5, mean=0.6 (+/-0.48009).
P1: N=3, mean=0.333333 (+/-0.65332).
P2: N=2, mean=1 (+/-0).
Game Durations: N=5, mean=36.6 (+/-4.864493).
P1: N=3, mean=39.666667 (+/-5.347655).
P2: N=2, mean=32 (+/-3.91992).
=====================================================
=====================================================
Completed 10 games.

Agent 1 (SHUCTAnyTime)
Winning score (between 0 and 1) : N=10, mean=0.3 (+/-0.299389).
P1: N=5, mean=0.2 (+/-0.391992).
P2: N=5, mean=0.4 (+/-0.48009).
Game Durations: N=10, mean=40.6 (+/-5.276949).
P1: N=5, mean=39 (+/-9.151145).
P2: N=5, mean=42.2 (+/-6.053707).

Agent 2 (Example UCT)
Winning score (between 0 and 1) : N=10, mean=0.7 (+/-0.299389).
P1: N=5, mean=0.6 (+/-0.48009).
P2: N=5, mean=0.8 (+/-0.391992).
Game Durations: N=10, mean=40.6 (+/-5.276949).
P1: N=5, mean=42.2 (+/-6.053707).
P2: N=5, mean=39 (+/-9.151145).
=====================================================
=====================================================
Completed 20 games.

Agent 1 (SHUCTAnyTime)
Winning score (between 0 and 1) : N=20, mean=0.4 (+/-0.22028).
P1: N=10, mean=0.4 (+/-0.32006).
P2: N=10, mean=0.4 (+/-0.32006).
Game Durations: N=20, mean=38.8 (+/-4.112722).
P1: N=10, mean=38 (+/-5.558982).
P2: N=10, mean=39.6 (+/-6.322032).

Agent 2 (Example UCT)
Winning score (between 0 and 1) : N=20, mean=0.6 (+/-0.22028).
P1: N=10, mean=0.6 (+/-0.32006).
P2: N=10, mean=0.6 (+/-0.32006).
Game Durations: N=20, mean=38.8 (+/-4.112722).
P1: N=10, mean=39.6 (+/-6.322032).
P2: N=10, mean=38 (+/-5.558982).
=====================================================
=====================================================
Completed 30 games.

Agent 1 (SHUCTAnyTime)
Winning score (between 0 and 1) : N=30, mean=0.5 (+/-0.181978).
P1: N=15, mean=0.466667 (+/-0.261328).
P2: N=15, mean=0.533333 (+/-0.261328).
Game Durations: N=30, mean=39 (+/-3.130863).
P1: N=15, mean=37.933333 (+/-4.231693).
P2: N=15, mean=40.066667 (+/-4.698716).

Agent 2 (Example UCT)
Winning score (between 0 and 1) : N=30, mean=0.5 (+/-0.181978).
P1: N=15, mean=0.466667 (+/-0.261328).
P2: N=15, mean=0.533333 (+/-0.261328).
Game Durations: N=30, mean=39 (+/-3.130863).
P1: N=15, mean=40.066667 (+/-4.698716).
P2: N=15, mean=37.933333 (+/-4.231693).
=====================================================
=====================================================
Completed 40 games.

Agent 1 (SHUCTAnyTime)
Winning score (between 0 and 1) : N=40, mean=0.5 (+/-0.156922).
P1: N=20, mean=0.5 (+/-0.224823).
P2: N=20, mean=0.5 (+/-0.224823).
Game Durations: N=40, mean=38.15 (+/-2.564661).
P1: N=20, mean=37.3 (+/-3.603062).
P2: N=20, mean=39 (+/-3.705146).

Agent 2 (Example UCT)
Winning score (between 0 and 1) : N=40, mean=0.5 (+/-0.156922).
P1: N=20, mean=0.5 (+/-0.224823).
P2: N=20, mean=0.5 (+/-0.224823).
Game Durations: N=40, mean=38.15 (+/-2.564661).
P1: N=20, mean=39 (+/-3.705146).
P2: N=20, mean=37.3 (+/-3.603062).
=====================================================
=====================================================
Completed 50 games.

Agent 1 (SHUCTAnyTime)
Winning score (between 0 and 1) : N=50, mean=0.46 (+/-0.139548).
P1: N=25, mean=0.44 (+/-0.198592).
P2: N=25, mean=0.48 (+/-0.199877).
Game Durations: N=50, mean=37.56 (+/-2.155163).
P1: N=25, mean=36.92 (+/-2.957137).
P2: N=25, mean=38.2 (+/-3.176506).

Agent 2 (Example UCT)
Winning score (between 0 and 1) : N=50, mean=0.54 (+/-0.139548).
P1: N=25, mean=0.52 (+/-0.199877).
P2: N=25, mean=0.56 (+/-0.198592).
Game Durations: N=50, mean=37.56 (+/-2.155163).
P1: N=25, mean=38.2 (+/-3.176506).
P2: N=25, mean=36.92 (+/-2.957137).
=====================================================
=====================================================
Completed 60 games.

Agent 1 (SHUCTAnyTime)
Winning score (between 0 and 1) : N=60, mean=0.466667 (+/-0.127299).
P1: N=30, mean=0.5 (+/-0.181978).
P2: N=30, mean=0.433333 (+/-0.180353).
Game Durations: N=60, mean=37.666667 (+/-1.877771).
P1: N=30, mean=37.233333 (+/-2.581576).
P2: N=30, mean=38.1 (+/-2.762787).

Agent 2 (Example UCT)
Winning score (between 0 and 1) : N=60, mean=0.533333 (+/-0.127299).
P1: N=30, mean=0.566667 (+/-0.180353).
P2: N=30, mean=0.5 (+/-0.181978).
Game Durations: N=60, mean=37.666667 (+/-1.877771).
P1: N=30, mean=38.1 (+/-2.762787).
P2: N=30, mean=37.233333 (+/-2.581576).
=====================================================
=====================================================
Completed 70 games.

Agent 1 (SHUCTAnyTime)
Winning score (between 0 and 1) : N=70, mean=0.485714 (+/-0.117928).
P1: N=35, mean=0.514286 (+/-0.167997).
P2: N=35, mean=0.457143 (+/-0.167447).
Game Durations: N=70, mean=37.242857 (+/-1.689478).
P1: N=35, mean=36.685714 (+/-2.265217).
P2: N=35, mean=37.8 (+/-2.526638).

Agent 2 (Example UCT)
Winning score (between 0 and 1) : N=70, mean=0.514286 (+/-0.117928).
P1: N=35, mean=0.542857 (+/-0.167447).
P2: N=35, mean=0.485714 (+/-0.167997).
Game Durations: N=70, mean=37.242857 (+/-1.689478).
P1: N=35, mean=37.8 (+/-2.526638).
P2: N=35, mean=36.685714 (+/-2.265217).
=====================================================
=====================================================
Completed 80 games.

Agent 1 (SHUCTAnyTime)
Winning score (between 0 and 1) : N=80, mean=0.4875 (+/-0.110222).
P1: N=40, mean=0.55 (+/-0.156136).
P2: N=40, mean=0.425 (+/-0.155147).
Game Durations: N=80, mean=37.4125 (+/-1.640818).
P1: N=40, mean=37.25 (+/-2.254172).
P2: N=40, mean=37.575 (+/-2.412615).

Agent 2 (Example UCT)
Winning score (between 0 and 1) : N=80, mean=0.5125 (+/-0.110222).
P1: N=40, mean=0.575 (+/-0.155147).
P2: N=40, mean=0.45 (+/-0.156136).
Game Durations: N=80, mean=37.4125 (+/-1.640818).
P1: N=40, mean=37.575 (+/-2.412615).
P2: N=40, mean=37.25 (+/-2.254172).
=====================================================
=====================================================
Completed 90 games.

Agent 1 (SHUCTAnyTime)
Winning score (between 0 and 1) : N=90, mean=0.477778 (+/-0.103775).
P1: N=45, mean=0.511111 (+/-0.147701).
P2: N=45, mean=0.444444 (+/-0.146823).
Game Durations: N=90, mean=37.688889 (+/-1.585138).
P1: N=45, mean=37.311111 (+/-2.218861).
P2: N=45, mean=38.066667 (+/-2.283988).

Agent 2 (Example UCT)
Winning score (between 0 and 1) : N=90, mean=0.522222 (+/-0.103775).
P1: N=45, mean=0.555556 (+/-0.146823).
P2: N=45, mean=0.488889 (+/-0.147701).
Game Durations: N=90, mean=37.688889 (+/-1.585138).
P1: N=45, mean=38.066667 (+/-2.283988).
P2: N=45, mean=37.311111 (+/-2.218861).
=====================================================
=====================================================
Completed 100 games.

Agent 1 (SHUCTAnyTime)
Winning score (between 0 and 1) : N=100, mean=0.49 (+/-0.098472).
P1: N=50, mean=0.54 (+/-0.139548).
P2: N=50, mean=0.44 (+/-0.138986).
Game Durations: N=100, mean=37.87 (+/-1.519368).
P1: N=50, mean=37.22 (+/-2.05775).
P2: N=50, mean=38.52 (+/-2.242221).

Agent 2 (Example UCT)
Winning score (between 0 and 1) : N=100, mean=0.51 (+/-0.098472).
P1: N=50, mean=0.56 (+/-0.138986).
P2: N=50, mean=0.46 (+/-0.139548).
Game Durations: N=100, mean=37.87 (+/-1.519368).
P1: N=50, mean=38.52 (+/-2.242221).
P2: N=50, mean=37.22 (+/-2.05775).
=====================================================
=====================================================
Completed 110 games.

Agent 1 (SHUCTAnyTime)
Winning score (between 0 and 1) : N=110, mean=0.490909 (+/-0.09385).
P1: N=55, mean=0.545455 (+/-0.132806).
P2: N=55, mean=0.436364 (+/-0.132274).
Game Durations: N=110, mean=37.5 (+/-1.433459).
P1: N=55, mean=36.8 (+/-1.942993).
P2: N=55, mean=38.2 (+/-2.109593).

Agent 2 (Example UCT)
Winning score (between 0 and 1) : N=110, mean=0.509091 (+/-0.09385).
P1: N=55, mean=0.563636 (+/-0.132274).
P2: N=55, mean=0.454545 (+/-0.132806).
Game Durations: N=110, mean=37.5 (+/-1.433459).
P1: N=55, mean=38.2 (+/-2.109593).
P2: N=55, mean=36.8 (+/-1.942993).
=====================================================
=====================================================
Completed 120 games.

Agent 1 (SHUCTAnyTime)
Winning score (between 0 and 1) : N=120, mean=0.5 (+/-0.089835).
P1: N=60, mean=0.55 (+/-0.126943).
P2: N=60, mean=0.45 (+/-0.126943).
Game Durations: N=120, mean=38.266667 (+/-1.44719).
P1: N=60, mean=37.816667 (+/-2.045299).
P2: N=60, mean=38.716667 (+/-2.058837).

Agent 2 (Example UCT)
Winning score (between 0 and 1) : N=120, mean=0.5 (+/-0.089835).
P1: N=60, mean=0.55 (+/-0.126943).
P2: N=60, mean=0.45 (+/-0.126943).
Game Durations: N=120, mean=38.266667 (+/-1.44719).
P1: N=60, mean=38.716667 (+/-2.058837).
P2: N=60, mean=37.816667 (+/-2.045299).
=====================================================
=====================================================
Completed 130 games.

Agent 1 (SHUCTAnyTime)
Winning score (between 0 and 1) : N=130, mean=0.5 (+/-0.086282).
P1: N=65, mean=0.569231 (+/-0.121318).
P2: N=65, mean=0.430769 (+/-0.121318).
Game Durations: N=130, mean=38.353846 (+/-1.422823).
P1: N=65, mean=37.892308 (+/-1.999201).
P2: N=65, mean=38.815385 (+/-2.034352).

Agent 2 (Example UCT)
Winning score (between 0 and 1) : N=130, mean=0.5 (+/-0.086282).
P1: N=65, mean=0.569231 (+/-0.121318).
P2: N=65, mean=0.430769 (+/-0.121318).
Game Durations: N=130, mean=38.353846 (+/-1.422823).
P1: N=65, mean=38.815385 (+/-2.034352).
P2: N=65, mean=37.892308 (+/-1.999201).
=====================================================
=====================================================
Completed 140 games.

Agent 1 (SHUCTAnyTime)
Winning score (between 0 and 1) : N=140, mean=0.521429 (+/-0.083044).
P1: N=70, mean=0.585714 (+/-0.116229).
P2: N=70, mean=0.457143 (+/-0.117542).
Game Durations: N=140, mean=38.521429 (+/-1.437014).
P1: N=70, mean=37.757143 (+/-1.885266).
P2: N=70, mean=39.285714 (+/-2.168093).

Agent 2 (Example UCT)
Winning score (between 0 and 1) : N=140, mean=0.478571 (+/-0.083044).
P1: N=70, mean=0.542857 (+/-0.117542).
P2: N=70, mean=0.414286 (+/-0.116229).
Game Durations: N=140, mean=38.521429 (+/-1.437014).
P1: N=70, mean=39.285714 (+/-2.168093).
P2: N=70, mean=37.757143 (+/-1.885266).
=====================================================
=====================================================
Completed 150 games.

Agent 1 (SHUCTAnyTime)
Winning score (between 0 and 1) : N=150, mean=0.526667 (+/-0.080169).
P1: N=75, mean=0.586667 (+/-0.112196).
P2: N=75, mean=0.466667 (+/-0.113667).
Game Durations: N=150, mean=38.32 (+/-1.402767).
P1: N=75, mean=37.653333 (+/-1.842176).
P2: N=75, mean=38.986667 (+/-2.11765).

Agent 2 (Example UCT)
Winning score (between 0 and 1) : N=150, mean=0.473333 (+/-0.080169).
P1: N=75, mean=0.533333 (+/-0.113667).
P2: N=75, mean=0.413333 (+/-0.112196).
Game Durations: N=150, mean=38.32 (+/-1.402767).
P1: N=75, mean=38.986667 (+/-2.11765).
P2: N=75, mean=37.653333 (+/-1.842176).
=====================================================
