Warming up...
Finished warming up!
=====================================================
Completed 1 games.

Agent 1 (SHUCTAnyTime)
Winning score (between 0 and 1) : N=1, mean=1 (+/-0).
P1: N=1, mean=1 (+/-0).
P2: N=0, mean=0 (+/-0).
Game Durations: N=1, mean=61 (+/-0).
P1: N=1, mean=61 (+/-0).
P2: N=0, mean=0 (+/-0).

Agent 2 (Example UCT)
Winning score (between 0 and 1) : N=1, mean=0 (+/-0).
P1: N=0, mean=0 (+/-0).
P2: N=1, mean=0 (+/-0).
Game Durations: N=1, mean=61 (+/-0).
P1: N=0, mean=0 (+/-0).
P2: N=1, mean=61 (+/-0).
=====================================================
=====================================================
Completed 2 games.

Agent 1 (SHUCTAnyTime)
Winning score (between 0 and 1) : N=2, mean=0.5 (+/-0.97998).
P1: N=1, mean=1 (+/-0).
P2: N=1, mean=0 (+/-0).
Game Durations: N=2, mean=60 (+/-1.95996).
P1: N=1, mean=61 (+/-0).
P2: N=1, mean=59 (+/-0).

Agent 2 (Example UCT)
Winning score (between 0 and 1) : N=2, mean=0.5 (+/-0.97998).
P1: N=1, mean=1 (+/-0).
P2: N=1, mean=0 (+/-0).
Game Durations: N=2, mean=60 (+/-1.95996).
P1: N=1, mean=59 (+/-0).
P2: N=1, mean=61 (+/-0).
=====================================================
=====================================================
Completed 3 games.

Agent 1 (SHUCTAnyTime)
Winning score (between 0 and 1) : N=3, mean=0.333333 (+/-0.65332).
P1: N=2, mean=0.5 (+/-0.97998).
P2: N=1, mean=0 (+/-0).
Game Durations: N=3, mean=62.666667 (+/-5.347655).
P1: N=2, mean=64.5 (+/-6.85986).
P2: N=1, mean=59 (+/-0).

Agent 2 (Example UCT)
Winning score (between 0 and 1) : N=3, mean=0.666667 (+/-0.65332).
P1: N=1, mean=1 (+/-0).
P2: N=2, mean=0.5 (+/-0.97998).
Game Durations: N=3, mean=62.666667 (+/-5.347655).
P1: N=1, mean=59 (+/-0).
P2: N=2, mean=64.5 (+/-6.85986).
=====================================================
=====================================================
Completed 4 games.

Agent 1 (SHUCTAnyTime)
Winning score (between 0 and 1) : N=4, mean=0.5 (+/-0.565792).
P1: N=2, mean=0.5 (+/-0.97998).
P2: N=2, mean=0.5 (+/-0.97998).
Game Durations: N=4, mean=61 (+/-4.996937).
P1: N=2, mean=64.5 (+/-6.85986).
P2: N=2, mean=57.5 (+/-2.93994).

Agent 2 (Example UCT)
Winning score (between 0 and 1) : N=4, mean=0.5 (+/-0.565792).
P1: N=2, mean=0.5 (+/-0.97998).
P2: N=2, mean=0.5 (+/-0.97998).
Game Durations: N=4, mean=61 (+/-4.996937).
P1: N=2, mean=57.5 (+/-2.93994).
P2: N=2, mean=64.5 (+/-6.85986).
=====================================================
=====================================================
Completed 5 games.

Agent 1 (SHUCTAnyTime)
Winning score (between 0 and 1) : N=5, mean=0.6 (+/-0.48009).
P1: N=3, mean=0.666667 (+/-0.65332).
P2: N=2, mean=0.5 (+/-0.97998).
Game Durations: N=5, mean=61 (+/-3.870611).
P1: N=3, mean=63.333333 (+/-4.57324).
P2: N=2, mean=57.5 (+/-2.93994).

Agent 2 (Example UCT)
Winning score (between 0 and 1) : N=5, mean=0.4 (+/-0.48009).
P1: N=2, mean=0.5 (+/-0.97998).
P2: N=3, mean=0.333333 (+/-0.65332).
Game Durations: N=5, mean=61 (+/-3.870611).
P1: N=2, mean=57.5 (+/-2.93994).
P2: N=3, mean=63.333333 (+/-4.57324).
=====================================================
=====================================================
Completed 10 games.

Agent 1 (SHUCTAnyTime)
Winning score (between 0 and 1) : N=10, mean=0.6 (+/-0.32006).
P1: N=5, mean=0.8 (+/-0.391992).
P2: N=5, mean=0.4 (+/-0.48009).
Game Durations: N=10, mean=64.5 (+/-4.196024).
P1: N=5, mean=65.2 (+/-3.840722).
P2: N=5, mean=63.8 (+/-7.971039).

Agent 2 (Example UCT)
Winning score (between 0 and 1) : N=10, mean=0.4 (+/-0.32006).
P1: N=5, mean=0.6 (+/-0.48009).
P2: N=5, mean=0.2 (+/-0.391992).
Game Durations: N=10, mean=64.5 (+/-4.196024).
P1: N=5, mean=63.8 (+/-7.971039).
P2: N=5, mean=65.2 (+/-3.840722).
=====================================================
=====================================================
Completed 20 games.

Agent 1 (SHUCTAnyTime)
Winning score (between 0 and 1) : N=20, mean=0.5 (+/-0.224823).
P1: N=10, mean=0.6 (+/-0.32006).
P2: N=10, mean=0.4 (+/-0.32006).
Game Durations: N=20, mean=62.6 (+/-3.187097).
P1: N=10, mean=65 (+/-3.672565).
P2: N=10, mean=60.2 (+/-4.948009).

Agent 2 (Example UCT)
Winning score (between 0 and 1) : N=20, mean=0.5 (+/-0.224823).
P1: N=10, mean=0.6 (+/-0.32006).
P2: N=10, mean=0.4 (+/-0.32006).
Game Durations: N=20, mean=62.6 (+/-3.187097).
P1: N=10, mean=60.2 (+/-4.948009).
P2: N=10, mean=65 (+/-3.672565).
=====================================================
=====================================================
Completed 30 games.

Agent 1 (SHUCTAnyTime)
Winning score (between 0 and 1) : N=30, mean=0.4 (+/-0.178301).
P1: N=15, mean=0.466667 (+/-0.261328).
P2: N=15, mean=0.333333 (+/-0.246932).
Game Durations: N=30, mean=60.433333 (+/-2.82495).
P1: N=15, mean=61.4 (+/-3.960773).
P2: N=15, mean=59.466667 (+/-4.106201).

Agent 2 (Example UCT)
Winning score (between 0 and 1) : N=30, mean=0.6 (+/-0.178301).
P1: N=15, mean=0.666667 (+/-0.246932).
P2: N=15, mean=0.533333 (+/-0.261328).
Game Durations: N=30, mean=60.433333 (+/-2.82495).
P1: N=15, mean=59.466667 (+/-4.106201).
P2: N=15, mean=61.4 (+/-3.960773).
=====================================================
=====================================================
Completed 40 games.

Agent 1 (SHUCTAnyTime)
Winning score (between 0 and 1) : N=40, mean=0.4 (+/-0.153752).
P1: N=20, mean=0.45 (+/-0.223696).
P2: N=20, mean=0.35 (+/-0.214467).
Game Durations: N=40, mean=60.35 (+/-2.409206).
P1: N=20, mean=60.95 (+/-3.521834).
P2: N=20, mean=59.75 (+/-3.35845).

Agent 2 (Example UCT)
Winning score (between 0 and 1) : N=40, mean=0.6 (+/-0.153752).
P1: N=20, mean=0.65 (+/-0.214467).
P2: N=20, mean=0.55 (+/-0.223696).
Game Durations: N=40, mean=60.35 (+/-2.409206).
P1: N=20, mean=59.75 (+/-3.35845).
P2: N=20, mean=60.95 (+/-3.521834).
=====================================================
=====================================================
Completed 50 games.

Agent 1 (SHUCTAnyTime)
Winning score (between 0 and 1) : N=50, mean=0.38 (+/-0.135905).
P1: N=25, mean=0.44 (+/-0.198592).
P2: N=25, mean=0.32 (+/-0.186626).
Game Durations: N=50, mean=61.28 (+/-2.121344).
P1: N=25, mean=61.8 (+/-3.000297).
P2: N=25, mean=60.76 (+/-3.04747).

Agent 2 (Example UCT)
Winning score (between 0 and 1) : N=50, mean=0.62 (+/-0.135905).
P1: N=25, mean=0.68 (+/-0.186626).
P2: N=25, mean=0.56 (+/-0.198592).
Game Durations: N=50, mean=61.28 (+/-2.121344).
P1: N=25, mean=60.76 (+/-3.04747).
P2: N=25, mean=61.8 (+/-3.000297).
=====================================================
=====================================================
Completed 60 games.

Agent 1 (SHUCTAnyTime)
Winning score (between 0 and 1) : N=60, mean=0.366667 (+/-0.122963).
P1: N=30, mean=0.466667 (+/-0.181573).
P2: N=30, mean=0.266667 (+/-0.160947).
Game Durations: N=60, mean=61.766667 (+/-2.017992).
P1: N=30, mean=62.133333 (+/-2.682318).
P2: N=30, mean=61.4 (+/-3.05607).

Agent 2 (Example UCT)
Winning score (between 0 and 1) : N=60, mean=0.633333 (+/-0.122963).
P1: N=30, mean=0.733333 (+/-0.160947).
P2: N=30, mean=0.533333 (+/-0.181573).
Game Durations: N=60, mean=61.766667 (+/-2.017992).
P1: N=30, mean=61.4 (+/-3.05607).
P2: N=30, mean=62.133333 (+/-2.682318).
=====================================================
=====================================================
Completed 70 games.

Agent 1 (SHUCTAnyTime)
Winning score (between 0 and 1) : N=70, mean=0.328571 (+/-0.110825).
P1: N=35, mean=0.4 (+/-0.16467).
P2: N=35, mean=0.257143 (+/-0.146909).
Game Durations: N=70, mean=61.457143 (+/-1.836219).
P1: N=35, mean=61.314286 (+/-2.524045).
P2: N=35, mean=61.6 (+/-2.703649).

Agent 2 (Example UCT)
Winning score (between 0 and 1) : N=70, mean=0.671429 (+/-0.110825).
P1: N=35, mean=0.742857 (+/-0.146909).
P2: N=35, mean=0.6 (+/-0.16467).
Game Durations: N=70, mean=61.457143 (+/-1.836219).
P1: N=35, mean=61.6 (+/-2.703649).
P2: N=35, mean=61.314286 (+/-2.524045).
=====================================================
=====================================================
Completed 80 games.

Agent 1 (SHUCTAnyTime)
Winning score (between 0 and 1) : N=80, mean=0.3125 (+/-0.10221).
P1: N=40, mean=0.375 (+/-0.151939).
P2: N=40, mean=0.25 (+/-0.135899).
Game Durations: N=80, mean=61.4125 (+/-1.815281).
P1: N=40, mean=60.825 (+/-2.530188).
P2: N=40, mean=62 (+/-2.622999).

Agent 2 (Example UCT)
Winning score (between 0 and 1) : N=80, mean=0.6875 (+/-0.10221).
P1: N=40, mean=0.75 (+/-0.135899).
P2: N=40, mean=0.625 (+/-0.151939).
Game Durations: N=80, mean=61.4125 (+/-1.815281).
P1: N=40, mean=62 (+/-2.622999).
P2: N=40, mean=60.825 (+/-2.530188).
=====================================================
=====================================================
Completed 90 games.

Agent 1 (SHUCTAnyTime)
Winning score (between 0 and 1) : N=90, mean=0.333333 (+/-0.097937).
P1: N=45, mean=0.4 (+/-0.144753).
P2: N=45, mean=0.266667 (+/-0.130664).
Game Durations: N=90, mean=61.833333 (+/-1.724981).
P1: N=45, mean=61.244444 (+/-2.476165).
P2: N=45, mean=62.422222 (+/-2.417757).

Agent 2 (Example UCT)
Winning score (between 0 and 1) : N=90, mean=0.666667 (+/-0.097937).
P1: N=45, mean=0.733333 (+/-0.130664).
P2: N=45, mean=0.6 (+/-0.144753).
Game Durations: N=90, mean=61.833333 (+/-1.724981).
P1: N=45, mean=62.422222 (+/-2.417757).
P2: N=45, mean=61.244444 (+/-2.476165).
=====================================================
=====================================================
Completed 100 games.

Agent 1 (SHUCTAnyTime)
Winning score (between 0 and 1) : N=100, mean=0.32 (+/-0.091888).
P1: N=50, mean=0.38 (+/-0.135905).
P2: N=50, mean=0.26 (+/-0.122815).
Game Durations: N=100, mean=61.92 (+/-1.597311).
P1: N=50, mean=61.62 (+/-2.285611).
P2: N=50, mean=62.22 (+/-2.252025).

Agent 2 (Example UCT)
Winning score (between 0 and 1) : N=100, mean=0.68 (+/-0.091888).
P1: N=50, mean=0.74 (+/-0.122815).
P2: N=50, mean=0.62 (+/-0.135905).
Game Durations: N=100, mean=61.92 (+/-1.597311).
P1: N=50, mean=62.22 (+/-2.252025).
P2: N=50, mean=61.62 (+/-2.285611).
=====================================================
=====================================================
Completed 110 games.

Agent 1 (SHUCTAnyTime)
Winning score (between 0 and 1) : N=110, mean=0.3 (+/-0.086029).
P1: N=55, mean=0.363636 (+/-0.128303).
P2: N=55, mean=0.236364 (+/-0.113314).
Game Durations: N=110, mean=61.727273 (+/-1.526158).
P1: N=55, mean=61.490909 (+/-2.166741).
P2: N=55, mean=61.963636 (+/-2.167989).

Agent 2 (Example UCT)
Winning score (between 0 and 1) : N=110, mean=0.7 (+/-0.086029).
P1: N=55, mean=0.763636 (+/-0.113314).
P2: N=55, mean=0.636364 (+/-0.128303).
Game Durations: N=110, mean=61.727273 (+/-1.526158).
P1: N=55, mean=61.963636 (+/-2.167989).
P2: N=55, mean=61.490909 (+/-2.166741).
=====================================================
=====================================================
Completed 120 games.

Agent 1 (SHUCTAnyTime)
Winning score (between 0 and 1) : N=120, mean=0.3 (+/-0.082335).
P1: N=60, mean=0.366667 (+/-0.122963).
P2: N=60, mean=0.233333 (+/-0.107923).
Game Durations: N=120, mean=62.066667 (+/-1.502099).
P1: N=60, mean=62.033333 (+/-2.233711).
P2: N=60, mean=62.1 (+/-2.027827).

Agent 2 (Example UCT)
Winning score (between 0 and 1) : N=120, mean=0.7 (+/-0.082335).
P1: N=60, mean=0.766667 (+/-0.107923).
P2: N=60, mean=0.633333 (+/-0.122963).
Game Durations: N=120, mean=62.066667 (+/-1.502099).
P1: N=60, mean=62.1 (+/-2.027827).
P2: N=60, mean=62.033333 (+/-2.233711).
=====================================================
=====================================================
Completed 130 games.

Agent 1 (SHUCTAnyTime)
Winning score (between 0 and 1) : N=130, mean=0.315385 (+/-0.080186).
P1: N=65, mean=0.384615 (+/-0.119191).
P2: N=65, mean=0.246154 (+/-0.105536).
Game Durations: N=130, mean=61.953846 (+/-1.427324).
P1: N=65, mean=61.707692 (+/-2.141742).
P2: N=65, mean=62.2 (+/-1.902195).

Agent 2 (Example UCT)
Winning score (between 0 and 1) : N=130, mean=0.684615 (+/-0.080186).
P1: N=65, mean=0.753846 (+/-0.105536).
P2: N=65, mean=0.615385 (+/-0.119191).
Game Durations: N=130, mean=61.953846 (+/-1.427324).
P1: N=65, mean=62.2 (+/-1.902195).
P2: N=65, mean=61.707692 (+/-2.141742).
=====================================================
=====================================================
Completed 140 games.

Agent 1 (SHUCTAnyTime)
Winning score (between 0 and 1) : N=140, mean=0.321429 (+/-0.077639).
P1: N=70, mean=0.371429 (+/-0.114009).
P2: N=70, mean=0.271429 (+/-0.104927).
Game Durations: N=140, mean=61.821429 (+/-1.378083).
P1: N=70, mean=61.485714 (+/-2.032763).
P2: N=70, mean=62.157143 (+/-1.872652).

Agent 2 (Example UCT)
Winning score (between 0 and 1) : N=140, mean=0.678571 (+/-0.077639).
P1: N=70, mean=0.728571 (+/-0.104927).
P2: N=70, mean=0.628571 (+/-0.114009).
Game Durations: N=140, mean=61.821429 (+/-1.378083).
P1: N=70, mean=62.157143 (+/-1.872652).
P2: N=70, mean=61.485714 (+/-2.032763).
=====================================================
=====================================================
Completed 150 games.

Agent 1 (SHUCTAnyTime)
Winning score (between 0 and 1) : N=150, mean=0.32 (+/-0.0749).
P1: N=75, mean=0.36 (+/-0.109364).
P2: N=75, mean=0.28 (+/-0.1023).
Game Durations: N=150, mean=62.233333 (+/-1.337291).
P1: N=75, mean=62.12 (+/-2.001875).
P2: N=75, mean=62.346667 (+/-1.786865).

Agent 2 (Example UCT)
Winning score (between 0 and 1) : N=150, mean=0.68 (+/-0.0749).
P1: N=75, mean=0.72 (+/-0.1023).
P2: N=75, mean=0.64 (+/-0.109364).
Game Durations: N=150, mean=62.233333 (+/-1.337291).
P1: N=75, mean=62.346667 (+/-1.786865).
P2: N=75, mean=62.12 (+/-2.001875).
=====================================================
