Warming up...
Finished warming up!
=====================================================
Completed 1 games.

Agent 1 (SHUCTAnyTime)
Winning score (between 0 and 1) : N=1, mean=1 (+/-0).
P1: N=0, mean=0 (+/-0).
P2: N=1, mean=1 (+/-0).
Game Durations: N=1, mean=32 (+/-0).
P1: N=0, mean=0 (+/-0).
P2: N=1, mean=32 (+/-0).

Agent 2 (Example UCT)
Winning score (between 0 and 1) : N=1, mean=0 (+/-0).
P1: N=1, mean=0 (+/-0).
P2: N=0, mean=0 (+/-0).
Game Durations: N=1, mean=32 (+/-0).
P1: N=1, mean=32 (+/-0).
P2: N=0, mean=0 (+/-0).
=====================================================
=====================================================
Completed 2 games.

Agent 1 (SHUCTAnyTime)
Winning score (between 0 and 1) : N=2, mean=1 (+/-0).
P1: N=1, mean=1 (+/-0).
P2: N=1, mean=1 (+/-0).
Game Durations: N=2, mean=33.5 (+/-2.93994).
P1: N=1, mean=35 (+/-0).
P2: N=1, mean=32 (+/-0).

Agent 2 (Example UCT)
Winning score (between 0 and 1) : N=2, mean=0 (+/-0).
P1: N=1, mean=0 (+/-0).
P2: N=1, mean=0 (+/-0).
Game Durations: N=2, mean=33.5 (+/-2.93994).
P1: N=1, mean=32 (+/-0).
P2: N=1, mean=35 (+/-0).
=====================================================
=====================================================
Completed 3 games.

Agent 1 (SHUCTAnyTime)
Winning score (between 0 and 1) : N=3, mean=1 (+/-0).
P1: N=1, mean=1 (+/-0).
P2: N=2, mean=1 (+/-0).
Game Durations: N=3, mean=34.333333 (+/-2.355579).
P1: N=1, mean=35 (+/-0).
P2: N=2, mean=34 (+/-3.91992).

Agent 2 (Example UCT)
Winning score (between 0 and 1) : N=3, mean=0 (+/-0).
P1: N=2, mean=0 (+/-0).
P2: N=1, mean=0 (+/-0).
Game Durations: N=3, mean=34.333333 (+/-2.355579).
P1: N=2, mean=34 (+/-3.91992).
P2: N=1, mean=35 (+/-0).
=====================================================
=====================================================
Completed 4 games.

Agent 1 (SHUCTAnyTime)
Winning score (between 0 and 1) : N=4, mean=1 (+/-0).
P1: N=2, mean=1 (+/-0).
P2: N=2, mean=1 (+/-0).
Game Durations: N=4, mean=35 (+/-2.116999).
P1: N=2, mean=36 (+/-1.95996).
P2: N=2, mean=34 (+/-3.91992).

Agent 2 (Example UCT)
Winning score (between 0 and 1) : N=4, mean=0 (+/-0).
P1: N=2, mean=0 (+/-0).
P2: N=2, mean=0 (+/-0).
Game Durations: N=4, mean=35 (+/-2.116999).
P1: N=2, mean=34 (+/-3.91992).
P2: N=2, mean=36 (+/-1.95996).
=====================================================
=====================================================
Completed 5 games.

Agent 1 (SHUCTAnyTime)
Winning score (between 0 and 1) : N=5, mean=0.8 (+/-0.391992).
P1: N=2, mean=1 (+/-0).
P2: N=3, mean=0.666667 (+/-0.65332).
Game Durations: N=5, mean=33.8 (+/-2.867174).
P1: N=2, mean=36 (+/-1.95996).
P2: N=3, mean=32.333333 (+/-3.97399).

Agent 2 (Example UCT)
Winning score (between 0 and 1) : N=5, mean=0.2 (+/-0.391992).
P1: N=3, mean=0.333333 (+/-0.65332).
P2: N=2, mean=0 (+/-0).
Game Durations: N=5, mean=33.8 (+/-2.867174).
P1: N=3, mean=32.333333 (+/-3.97399).
P2: N=2, mean=36 (+/-1.95996).
=====================================================
=====================================================
Completed 10 games.

Agent 1 (SHUCTAnyTime)
Winning score (between 0 and 1) : N=10, mean=0.9 (+/-0.195996).
P1: N=5, mean=1 (+/-0).
P2: N=5, mean=0.8 (+/-0.391992).
Game Durations: N=10, mean=33.8 (+/-2.458428).
P1: N=5, mean=35.4 (+/-3.372043).
P2: N=5, mean=32.2 (+/-3.302983).

Agent 2 (Example UCT)
Winning score (between 0 and 1) : N=10, mean=0.1 (+/-0.195996).
P1: N=5, mean=0.2 (+/-0.391992).
P2: N=5, mean=0 (+/-0).
Game Durations: N=10, mean=33.8 (+/-2.458428).
P1: N=5, mean=32.2 (+/-3.302983).
P2: N=5, mean=35.4 (+/-3.372043).
=====================================================
=====================================================
Completed 20 games.

Agent 1 (SHUCTAnyTime)
Winning score (between 0 and 1) : N=20, mean=0.65 (+/-0.214467).
P1: N=10, mean=0.7 (+/-0.299389).
P2: N=10, mean=0.6 (+/-0.32006).
Game Durations: N=20, mean=31.75 (+/-2.169861).
P1: N=10, mean=33.3 (+/-3.370143).
P2: N=10, mean=30.2 (+/-2.543757).

Agent 2 (Example UCT)
Winning score (between 0 and 1) : N=20, mean=0.35 (+/-0.214467).
P1: N=10, mean=0.4 (+/-0.32006).
P2: N=10, mean=0.3 (+/-0.299389).
Game Durations: N=20, mean=31.75 (+/-2.169861).
P1: N=10, mean=30.2 (+/-2.543757).
P2: N=10, mean=33.3 (+/-3.370143).
=====================================================
=====================================================
Completed 30 games.

Agent 1 (SHUCTAnyTime)
Winning score (between 0 and 1) : N=30, mean=0.666667 (+/-0.17157).
P1: N=15, mean=0.733333 (+/-0.231643).
P2: N=15, mean=0.6 (+/-0.256619).
Game Durations: N=30, mean=31.3 (+/-1.66825).
P1: N=15, mean=32.733333 (+/-2.632807).
P2: N=15, mean=29.866667 (+/-1.862985).

Agent 2 (Example UCT)
Winning score (between 0 and 1) : N=30, mean=0.333333 (+/-0.17157).
P1: N=15, mean=0.4 (+/-0.256619).
P2: N=15, mean=0.266667 (+/-0.231643).
Game Durations: N=30, mean=31.3 (+/-1.66825).
P1: N=15, mean=29.866667 (+/-1.862985).
P2: N=15, mean=32.733333 (+/-2.632807).
=====================================================
=====================================================
Completed 40 games.

Agent 1 (SHUCTAnyTime)
Winning score (between 0 and 1) : N=40, mean=0.6 (+/-0.153752).
P1: N=20, mean=0.65 (+/-0.214467).
P2: N=20, mean=0.55 (+/-0.223696).
Game Durations: N=40, mean=32.3 (+/-1.700564).
P1: N=20, mean=33.65 (+/-2.217784).
P2: N=20, mean=30.95 (+/-2.493304).

Agent 2 (Example UCT)
Winning score (between 0 and 1) : N=40, mean=0.4 (+/-0.153752).
P1: N=20, mean=0.45 (+/-0.223696).
P2: N=20, mean=0.35 (+/-0.214467).
Game Durations: N=40, mean=32.3 (+/-1.700564).
P1: N=20, mean=30.95 (+/-2.493304).
P2: N=20, mean=33.65 (+/-2.217784).
=====================================================
=====================================================
Completed 50 games.

Agent 1 (SHUCTAnyTime)
Winning score (between 0 and 1) : N=50, mean=0.58 (+/-0.138194).
P1: N=25, mean=0.6 (+/-0.195996).
P2: N=25, mean=0.56 (+/-0.198592).
Game Durations: N=50, mean=32.52 (+/-1.724401).
P1: N=25, mean=32.84 (+/-2.370066).
P2: N=25, mean=32.2 (+/-2.547948).

Agent 2 (Example UCT)
Winning score (between 0 and 1) : N=50, mean=0.42 (+/-0.138194).
P1: N=25, mean=0.44 (+/-0.198592).
P2: N=25, mean=0.4 (+/-0.195996).
Game Durations: N=50, mean=32.52 (+/-1.724401).
P1: N=25, mean=32.2 (+/-2.547948).
P2: N=25, mean=32.84 (+/-2.370066).
=====================================================
=====================================================
Completed 60 games.

Agent 1 (SHUCTAnyTime)
Winning score (between 0 and 1) : N=60, mean=0.55 (+/-0.126943).
P1: N=30, mean=0.5 (+/-0.181978).
P2: N=30, mean=0.6 (+/-0.178301).
Game Durations: N=60, mean=32.716667 (+/-1.72061).
P1: N=30, mean=32.5 (+/-2.179178).
P2: N=30, mean=32.933333 (+/-2.699057).

Agent 2 (Example UCT)
Winning score (between 0 and 1) : N=60, mean=0.45 (+/-0.126943).
P1: N=30, mean=0.4 (+/-0.178301).
P2: N=30, mean=0.5 (+/-0.181978).
Game Durations: N=60, mean=32.716667 (+/-1.72061).
P1: N=30, mean=32.933333 (+/-2.699057).
P2: N=30, mean=32.5 (+/-2.179178).
=====================================================
=====================================================
Completed 70 games.

Agent 1 (SHUCTAnyTime)
Winning score (between 0 and 1) : N=70, mean=0.528571 (+/-0.117783).
P1: N=35, mean=0.514286 (+/-0.167997).
P2: N=35, mean=0.542857 (+/-0.167447).
Game Durations: N=70, mean=33.685714 (+/-1.815246).
P1: N=35, mean=33.257143 (+/-2.3854).
P2: N=35, mean=34.114286 (+/-2.764539).

Agent 2 (Example UCT)
Winning score (between 0 and 1) : N=70, mean=0.471429 (+/-0.117783).
P1: N=35, mean=0.457143 (+/-0.167447).
P2: N=35, mean=0.485714 (+/-0.167997).
Game Durations: N=70, mean=33.685714 (+/-1.815246).
P1: N=35, mean=34.114286 (+/-2.764539).
P2: N=35, mean=33.257143 (+/-2.3854).
=====================================================
=====================================================
Completed 80 games.

Agent 1 (SHUCTAnyTime)
Winning score (between 0 and 1) : N=80, mean=0.55 (+/-0.109704).
P1: N=40, mean=0.525 (+/-0.156726).
P2: N=40, mean=0.575 (+/-0.155147).
Game Durations: N=80, mean=34.25 (+/-1.706838).
P1: N=40, mean=33.725 (+/-2.189039).
P2: N=40, mean=34.775 (+/-2.637498).

Agent 2 (Example UCT)
Winning score (between 0 and 1) : N=80, mean=0.45 (+/-0.109704).
P1: N=40, mean=0.425 (+/-0.155147).
P2: N=40, mean=0.475 (+/-0.156726).
Game Durations: N=80, mean=34.25 (+/-1.706838).
P1: N=40, mean=34.775 (+/-2.637498).
P2: N=40, mean=33.725 (+/-2.189039).
=====================================================
=====================================================
Completed 90 games.

Agent 1 (SHUCTAnyTime)
Winning score (between 0 and 1) : N=90, mean=0.511111 (+/-0.103852).
P1: N=45, mean=0.488889 (+/-0.147701).
P2: N=45, mean=0.533333 (+/-0.147409).
Game Durations: N=90, mean=34.166667 (+/-1.574393).
P1: N=45, mean=33.644444 (+/-2.051046).
P2: N=45, mean=34.688889 (+/-2.402731).

Agent 2 (Example UCT)
Winning score (between 0 and 1) : N=90, mean=0.488889 (+/-0.103852).
P1: N=45, mean=0.466667 (+/-0.147409).
P2: N=45, mean=0.511111 (+/-0.147701).
Game Durations: N=90, mean=34.166667 (+/-1.574393).
P1: N=45, mean=34.688889 (+/-2.402731).
P2: N=45, mean=33.644444 (+/-2.051046).
=====================================================
=====================================================
Completed 100 games.

Agent 1 (SHUCTAnyTime)
Winning score (between 0 and 1) : N=100, mean=0.52 (+/-0.098413).
P1: N=50, mean=0.5 (+/-0.139997).
P2: N=50, mean=0.54 (+/-0.139548).
Game Durations: N=100, mean=34.32 (+/-1.495227).
P1: N=50, mean=33.62 (+/-1.942192).
P2: N=50, mean=35.02 (+/-2.277089).

Agent 2 (Example UCT)
Winning score (between 0 and 1) : N=100, mean=0.48 (+/-0.098413).
P1: N=50, mean=0.46 (+/-0.139548).
P2: N=50, mean=0.5 (+/-0.139997).
Game Durations: N=100, mean=34.32 (+/-1.495227).
P1: N=50, mean=35.02 (+/-2.277089).
P2: N=50, mean=33.62 (+/-1.942192).
=====================================================
=====================================================
Completed 110 games.

Agent 1 (SHUCTAnyTime)
Winning score (between 0 and 1) : N=110, mean=0.509091 (+/-0.09385).
P1: N=55, mean=0.509091 (+/-0.133336).
P2: N=55, mean=0.509091 (+/-0.133336).
Game Durations: N=110, mean=34.063636 (+/-1.409688).
P1: N=55, mean=33.6 (+/-1.813674).
P2: N=55, mean=34.527273 (+/-2.168521).

Agent 2 (Example UCT)
Winning score (between 0 and 1) : N=110, mean=0.490909 (+/-0.09385).
P1: N=55, mean=0.490909 (+/-0.133336).
P2: N=55, mean=0.490909 (+/-0.133336).
Game Durations: N=110, mean=34.063636 (+/-1.409688).
P1: N=55, mean=34.527273 (+/-2.168521).
P2: N=55, mean=33.6 (+/-1.813674).
=====================================================
=====================================================
Completed 120 games.

Agent 1 (SHUCTAnyTime)
Winning score (between 0 and 1) : N=120, mean=0.5 (+/-0.089835).
P1: N=60, mean=0.533333 (+/-0.127299).
P2: N=60, mean=0.466667 (+/-0.127299).
Game Durations: N=120, mean=33.85 (+/-1.337028).
P1: N=60, mean=33.366667 (+/-1.760433).
P2: N=60, mean=34.333333 (+/-2.020303).

Agent 2 (Example UCT)
Winning score (between 0 and 1) : N=120, mean=0.5 (+/-0.089835).
P1: N=60, mean=0.533333 (+/-0.127299).
P2: N=60, mean=0.466667 (+/-0.127299).
Game Durations: N=120, mean=33.85 (+/-1.337028).
P1: N=60, mean=34.333333 (+/-2.020303).
P2: N=60, mean=33.366667 (+/-1.760433).
=====================================================
=====================================================
Completed 130 games.

Agent 1 (SHUCTAnyTime)
Winning score (between 0 and 1) : N=130, mean=0.484615 (+/-0.086242).
P1: N=65, mean=0.507692 (+/-0.122483).
P2: N=65, mean=0.461538 (+/-0.122135).
Game Durations: N=130, mean=34.138462 (+/-1.336811).
P1: N=65, mean=33.953846 (+/-1.830567).
P2: N=65, mean=34.323077 (+/-1.961894).

Agent 2 (Example UCT)
Winning score (between 0 and 1) : N=130, mean=0.515385 (+/-0.086242).
P1: N=65, mean=0.538462 (+/-0.122135).
P2: N=65, mean=0.492308 (+/-0.122483).
Game Durations: N=130, mean=34.138462 (+/-1.336811).
P1: N=65, mean=34.323077 (+/-1.961894).
P2: N=65, mean=33.953846 (+/-1.830567).
=====================================================
=====================================================
Completed 140 games.

Agent 1 (SHUCTAnyTime)
Winning score (between 0 and 1) : N=140, mean=0.478571 (+/-0.083044).
P1: N=70, mean=0.5 (+/-0.117976).
P2: N=70, mean=0.457143 (+/-0.117542).
Game Durations: N=140, mean=34.092857 (+/-1.265731).
P1: N=70, mean=33.985714 (+/-1.748268).
P2: N=70, mean=34.2 (+/-1.843099).

Agent 2 (Example UCT)
Winning score (between 0 and 1) : N=140, mean=0.521429 (+/-0.083044).
P1: N=70, mean=0.542857 (+/-0.117542).
P2: N=70, mean=0.5 (+/-0.117976).
Game Durations: N=140, mean=34.092857 (+/-1.265731).
P1: N=70, mean=34.2 (+/-1.843099).
P2: N=70, mean=33.985714 (+/-1.748268).
=====================================================
=====================================================
Completed 150 games.

Agent 1 (SHUCTAnyTime)
Winning score (between 0 and 1) : N=150, mean=0.46 (+/-0.080026).
P1: N=75, mean=0.48 (+/-0.113829).
P2: N=75, mean=0.44 (+/-0.113097).
Game Durations: N=150, mean=34.106667 (+/-1.251475).
P1: N=75, mean=34.24 (+/-1.760071).
P2: N=75, mean=33.973333 (+/-1.79092).

Agent 2 (Example UCT)
Winning score (between 0 and 1) : N=150, mean=0.54 (+/-0.080026).
P1: N=75, mean=0.56 (+/-0.113097).
P2: N=75, mean=0.52 (+/-0.113829).
Game Durations: N=150, mean=34.106667 (+/-1.251475).
P1: N=75, mean=33.973333 (+/-1.79092).
P2: N=75, mean=34.24 (+/-1.760071).
=====================================================
