Warming up...
Finished warming up!
=====================================================
Completed 1 games.

Agent 1 (SHUCTAnyTime)
Winning score (between 0 and 1) : N=1, mean=0 (+/-0).
P1: N=0, mean=0 (+/-0).
P2: N=1, mean=0 (+/-0).
Game Durations: N=1, mean=41 (+/-0).
P1: N=0, mean=0 (+/-0).
P2: N=1, mean=41 (+/-0).

Agent 2 (Example UCT)
Winning score (between 0 and 1) : N=1, mean=1 (+/-0).
P1: N=1, mean=1 (+/-0).
P2: N=0, mean=0 (+/-0).
Game Durations: N=1, mean=41 (+/-0).
P1: N=1, mean=41 (+/-0).
P2: N=0, mean=0 (+/-0).
=====================================================
=====================================================
Completed 2 games.

Agent 1 (SHUCTAnyTime)
Winning score (between 0 and 1) : N=2, mean=0 (+/-0).
P1: N=1, mean=0 (+/-0).
P2: N=1, mean=0 (+/-0).
Game Durations: N=2, mean=44.5 (+/-6.85986).
P1: N=1, mean=48 (+/-0).
P2: N=1, mean=41 (+/-0).

Agent 2 (Example UCT)
Winning score (between 0 and 1) : N=2, mean=1 (+/-0).
P1: N=1, mean=1 (+/-0).
P2: N=1, mean=1 (+/-0).
Game Durations: N=2, mean=44.5 (+/-6.85986).
P1: N=1, mean=41 (+/-0).
P2: N=1, mean=48 (+/-0).
=====================================================
=====================================================
Completed 3 games.

Agent 1 (SHUCTAnyTime)
Winning score (between 0 and 1) : N=3, mean=0 (+/-0).
P1: N=1, mean=0 (+/-0).
P2: N=2, mean=0 (+/-0).
Game Durations: N=3, mean=37.333333 (+/-14.594063).
P1: N=1, mean=48 (+/-0).
P2: N=2, mean=32 (+/-17.63964).

Agent 2 (Example UCT)
Winning score (between 0 and 1) : N=3, mean=1 (+/-0).
P1: N=2, mean=1 (+/-0).
P2: N=1, mean=1 (+/-0).
Game Durations: N=3, mean=37.333333 (+/-14.594063).
P1: N=2, mean=32 (+/-17.63964).
P2: N=1, mean=48 (+/-0).
=====================================================
=====================================================
Completed 4 games.

Agent 1 (SHUCTAnyTime)
Winning score (between 0 and 1) : N=4, mean=0 (+/-0).
P1: N=2, mean=0 (+/-0).
P2: N=2, mean=0 (+/-0).
Game Durations: N=4, mean=35.5 (+/-10.927253).
P1: N=2, mean=39 (+/-17.63964).
P2: N=2, mean=32 (+/-17.63964).

Agent 2 (Example UCT)
Winning score (between 0 and 1) : N=4, mean=1 (+/-0).
P1: N=2, mean=1 (+/-0).
P2: N=2, mean=1 (+/-0).
Game Durations: N=4, mean=35.5 (+/-10.927253).
P1: N=2, mean=32 (+/-17.63964).
P2: N=2, mean=39 (+/-17.63964).
=====================================================
=====================================================
Completed 5 games.

Agent 1 (SHUCTAnyTime)
Winning score (between 0 and 1) : N=5, mean=0.2 (+/-0.391992).
P1: N=2, mean=0 (+/-0).
P2: N=3, mean=0.333333 (+/-0.65332).
Game Durations: N=5, mean=32.8 (+/-9.982336).
P1: N=2, mean=39 (+/-17.63964).
P2: N=3, mean=28.666667 (+/-12.099656).

Agent 2 (Example UCT)
Winning score (between 0 and 1) : N=5, mean=0.8 (+/-0.391992).
P1: N=3, mean=0.666667 (+/-0.65332).
P2: N=2, mean=1 (+/-0).
Game Durations: N=5, mean=32.8 (+/-9.982336).
P1: N=3, mean=28.666667 (+/-12.099656).
P2: N=2, mean=39 (+/-17.63964).
=====================================================
=====================================================
Completed 10 games.

Agent 1 (SHUCTAnyTime)
Winning score (between 0 and 1) : N=10, mean=0.3 (+/-0.299389).
P1: N=5, mean=0.2 (+/-0.391992).
P2: N=5, mean=0.4 (+/-0.48009).
Game Durations: N=10, mean=30.8 (+/-5.016545).
P1: N=5, mean=32.6 (+/-7.63127).
P2: N=5, mean=29 (+/-6.984721).

Agent 2 (Example UCT)
Winning score (between 0 and 1) : N=10, mean=0.7 (+/-0.299389).
P1: N=5, mean=0.6 (+/-0.48009).
P2: N=5, mean=0.8 (+/-0.391992).
Game Durations: N=10, mean=30.8 (+/-5.016545).
P1: N=5, mean=29 (+/-6.984721).
P2: N=5, mean=32.6 (+/-7.63127).
=====================================================
=====================================================
Completed 20 games.

Agent 1 (SHUCTAnyTime)
Winning score (between 0 and 1) : N=20, mean=0.55 (+/-0.223696).
P1: N=10, mean=0.5 (+/-0.32666).
P2: N=10, mean=0.6 (+/-0.32006).
Game Durations: N=20, mean=30.65 (+/-2.743483).
P1: N=10, mean=31.3 (+/-4.049003).
P2: N=10, mean=30 (+/-3.876121).

Agent 2 (Example UCT)
Winning score (between 0 and 1) : N=20, mean=0.45 (+/-0.223696).
P1: N=10, mean=0.4 (+/-0.32006).
P2: N=10, mean=0.5 (+/-0.32666).
Game Durations: N=20, mean=30.65 (+/-2.743483).
P1: N=10, mean=30 (+/-3.876121).
P2: N=10, mean=31.3 (+/-4.049003).
=====================================================
=====================================================
Completed 30 games.

Agent 1 (SHUCTAnyTime)
Winning score (between 0 and 1) : N=30, mean=0.5 (+/-0.181978).
P1: N=15, mean=0.466667 (+/-0.261328).
P2: N=15, mean=0.533333 (+/-0.261328).
Game Durations: N=30, mean=30.733333 (+/-2.337892).
P1: N=15, mean=31.133333 (+/-3.587911).
P2: N=15, mean=30.333333 (+/-3.111732).

Agent 2 (Example UCT)
Winning score (between 0 and 1) : N=30, mean=0.5 (+/-0.181978).
P1: N=15, mean=0.466667 (+/-0.261328).
P2: N=15, mean=0.533333 (+/-0.261328).
Game Durations: N=30, mean=30.733333 (+/-2.337892).
P1: N=15, mean=30.333333 (+/-3.111732).
P2: N=15, mean=31.133333 (+/-3.587911).
=====================================================
=====================================================
Completed 40 games.

Agent 1 (SHUCTAnyTime)
Winning score (between 0 and 1) : N=40, mean=0.525 (+/-0.156726).
P1: N=20, mean=0.5 (+/-0.224823).
P2: N=20, mean=0.55 (+/-0.223696).
Game Durations: N=40, mean=31.075 (+/-2.313089).
P1: N=20, mean=30.2 (+/-2.977863).
P2: N=20, mean=31.95 (+/-3.575955).

Agent 2 (Example UCT)
Winning score (between 0 and 1) : N=40, mean=0.475 (+/-0.156726).
P1: N=20, mean=0.45 (+/-0.223696).
P2: N=20, mean=0.5 (+/-0.224823).
Game Durations: N=40, mean=31.075 (+/-2.313089).
P1: N=20, mean=31.95 (+/-3.575955).
P2: N=20, mean=30.2 (+/-2.977863).
=====================================================
=====================================================
Completed 50 games.

Agent 1 (SHUCTAnyTime)
Winning score (between 0 and 1) : N=50, mean=0.46 (+/-0.139548).
P1: N=25, mean=0.48 (+/-0.199877).
P2: N=25, mean=0.44 (+/-0.198592).
Game Durations: N=50, mean=31.44 (+/-2.230948).
P1: N=25, mean=31.2 (+/-3.232449).
P2: N=25, mean=31.68 (+/-3.139446).

Agent 2 (Example UCT)
Winning score (between 0 and 1) : N=50, mean=0.54 (+/-0.139548).
P1: N=25, mean=0.56 (+/-0.198592).
P2: N=25, mean=0.52 (+/-0.199877).
Game Durations: N=50, mean=31.44 (+/-2.230948).
P1: N=25, mean=31.68 (+/-3.139446).
P2: N=25, mean=31.2 (+/-3.232449).
=====================================================
=====================================================
Completed 60 games.

Agent 1 (SHUCTAnyTime)
Winning score (between 0 and 1) : N=60, mean=0.45 (+/-0.126943).
P1: N=30, mean=0.466667 (+/-0.181573).
P2: N=30, mean=0.433333 (+/-0.180353).
Game Durations: N=60, mean=31.983333 (+/-2.084191).
P1: N=30, mean=32.2 (+/-3.173447).
P2: N=30, mean=31.766667 (+/-2.755319).

Agent 2 (Example UCT)
Winning score (between 0 and 1) : N=60, mean=0.55 (+/-0.126943).
P1: N=30, mean=0.566667 (+/-0.180353).
P2: N=30, mean=0.533333 (+/-0.181573).
Game Durations: N=60, mean=31.983333 (+/-2.084191).
P1: N=30, mean=31.766667 (+/-2.755319).
P2: N=30, mean=32.2 (+/-3.173447).
=====================================================
=====================================================
Completed 70 games.

Agent 1 (SHUCTAnyTime)
Winning score (between 0 and 1) : N=70, mean=0.5 (+/-0.117976).
P1: N=35, mean=0.514286 (+/-0.167997).
P2: N=35, mean=0.485714 (+/-0.167997).
Game Durations: N=70, mean=31.685714 (+/-1.873462).
P1: N=35, mean=32.457143 (+/-2.828684).
P2: N=35, mean=30.914286 (+/-2.471835).

Agent 2 (Example UCT)
Winning score (between 0 and 1) : N=70, mean=0.5 (+/-0.117976).
P1: N=35, mean=0.514286 (+/-0.167997).
P2: N=35, mean=0.485714 (+/-0.167997).
Game Durations: N=70, mean=31.685714 (+/-1.873462).
P1: N=35, mean=30.914286 (+/-2.471835).
P2: N=35, mean=32.457143 (+/-2.828684).
=====================================================
=====================================================
Completed 80 games.

Agent 1 (SHUCTAnyTime)
Winning score (between 0 and 1) : N=80, mean=0.475 (+/-0.110118).
P1: N=40, mean=0.475 (+/-0.156726).
P2: N=40, mean=0.475 (+/-0.156726).
Game Durations: N=80, mean=31.775 (+/-1.753726).
P1: N=40, mean=32.775 (+/-2.630955).
P2: N=40, mean=30.775 (+/-2.311065).

Agent 2 (Example UCT)
Winning score (between 0 and 1) : N=80, mean=0.525 (+/-0.110118).
P1: N=40, mean=0.525 (+/-0.156726).
P2: N=40, mean=0.525 (+/-0.156726).
Game Durations: N=80, mean=31.775 (+/-1.753726).
P1: N=40, mean=30.775 (+/-2.311065).
P2: N=40, mean=32.775 (+/-2.630955).
=====================================================
=====================================================
Completed 90 games.

Agent 1 (SHUCTAnyTime)
Winning score (between 0 and 1) : N=90, mean=0.511111 (+/-0.103852).
P1: N=45, mean=0.511111 (+/-0.147701).
P2: N=45, mean=0.511111 (+/-0.147701).
Game Durations: N=90, mean=31.833333 (+/-1.726926).
P1: N=45, mean=32.288889 (+/-2.417061).
P2: N=45, mean=31.377778 (+/-2.487214).

Agent 2 (Example UCT)
Winning score (between 0 and 1) : N=90, mean=0.488889 (+/-0.103852).
P1: N=45, mean=0.488889 (+/-0.147701).
P2: N=45, mean=0.488889 (+/-0.147701).
Game Durations: N=90, mean=31.833333 (+/-1.726926).
P1: N=45, mean=31.377778 (+/-2.487214).
P2: N=45, mean=32.288889 (+/-2.417061).
=====================================================
=====================================================
Completed 100 games.

Agent 1 (SHUCTAnyTime)
Winning score (between 0 and 1) : N=100, mean=0.54 (+/-0.098176).
P1: N=50, mean=0.54 (+/-0.139548).
P2: N=50, mean=0.54 (+/-0.139548).
Game Durations: N=100, mean=31.7 (+/-1.603813).
P1: N=50, mean=32.46 (+/-2.265159).
P2: N=50, mean=30.94 (+/-2.274278).

Agent 2 (Example UCT)
Winning score (between 0 and 1) : N=100, mean=0.46 (+/-0.098176).
P1: N=50, mean=0.46 (+/-0.139548).
P2: N=50, mean=0.46 (+/-0.139548).
Game Durations: N=100, mean=31.7 (+/-1.603813).
P1: N=50, mean=30.94 (+/-2.274278).
P2: N=50, mean=32.46 (+/-2.265159).
=====================================================
=====================================================
Completed 110 games.

Agent 1 (SHUCTAnyTime)
Winning score (between 0 and 1) : N=110, mean=0.536364 (+/-0.093616).
P1: N=55, mean=0.527273 (+/-0.13316).
P2: N=55, mean=0.545455 (+/-0.132806).
Game Durations: N=110, mean=31.381818 (+/-1.500984).
P1: N=55, mean=32.054545 (+/-2.156897).
P2: N=55, mean=30.709091 (+/-2.092524).

Agent 2 (Example UCT)
Winning score (between 0 and 1) : N=110, mean=0.463636 (+/-0.093616).
P1: N=55, mean=0.454545 (+/-0.132806).
P2: N=55, mean=0.472727 (+/-0.13316).
Game Durations: N=110, mean=31.381818 (+/-1.500984).
P1: N=55, mean=30.709091 (+/-2.092524).
P2: N=55, mean=32.054545 (+/-2.156897).
=====================================================
=====================================================
Completed 120 games.

Agent 1 (SHUCTAnyTime)
Winning score (between 0 and 1) : N=120, mean=0.541667 (+/-0.089522).
P1: N=60, mean=0.533333 (+/-0.127299).
P2: N=60, mean=0.55 (+/-0.126943).
Game Durations: N=120, mean=31.341667 (+/-1.417281).
P1: N=60, mean=32.133333 (+/-2.05587).
P2: N=60, mean=30.55 (+/-1.947978).

Agent 2 (Example UCT)
Winning score (between 0 and 1) : N=120, mean=0.458333 (+/-0.089522).
P1: N=60, mean=0.45 (+/-0.126943).
P2: N=60, mean=0.466667 (+/-0.127299).
Game Durations: N=120, mean=31.341667 (+/-1.417281).
P1: N=60, mean=30.55 (+/-1.947978).
P2: N=60, mean=32.133333 (+/-2.05587).
=====================================================
=====================================================
Completed 130 games.

Agent 1 (SHUCTAnyTime)
Winning score (between 0 and 1) : N=130, mean=0.553846 (+/-0.085781).
P1: N=65, mean=0.553846 (+/-0.121785).
P2: N=65, mean=0.553846 (+/-0.121785).
Game Durations: N=130, mean=31.192308 (+/-1.329137).
P1: N=65, mean=31.907692 (+/-1.929439).
P2: N=65, mean=30.476923 (+/-1.82687).

Agent 2 (Example UCT)
Winning score (between 0 and 1) : N=130, mean=0.446154 (+/-0.085781).
P1: N=65, mean=0.446154 (+/-0.121785).
P2: N=65, mean=0.446154 (+/-0.121785).
Game Durations: N=130, mean=31.192308 (+/-1.329137).
P1: N=65, mean=30.476923 (+/-1.82687).
P2: N=65, mean=31.907692 (+/-1.929439).
=====================================================
=====================================================
Completed 140 games.

Agent 1 (SHUCTAnyTime)
Winning score (between 0 and 1) : N=140, mean=0.55 (+/-0.082704).
P1: N=70, mean=0.571429 (+/-0.116766).
P2: N=70, mean=0.528571 (+/-0.117783).
Game Durations: N=140, mean=31.064286 (+/-1.255916).
P1: N=70, mean=31.628571 (+/-1.81333).
P2: N=70, mean=30.5 (+/-1.741092).

Agent 2 (Example UCT)
Winning score (between 0 and 1) : N=140, mean=0.45 (+/-0.082704).
P1: N=70, mean=0.471429 (+/-0.117783).
P2: N=70, mean=0.428571 (+/-0.116766).
Game Durations: N=140, mean=31.064286 (+/-1.255916).
P1: N=70, mean=30.5 (+/-1.741092).
P2: N=70, mean=31.628571 (+/-1.81333).
=====================================================
=====================================================
Completed 150 games.

Agent 1 (SHUCTAnyTime)
Winning score (between 0 and 1) : N=150, mean=0.54 (+/-0.080026).
P1: N=75, mean=0.586667 (+/-0.112196).
P2: N=75, mean=0.493333 (+/-0.11391).
Game Durations: N=150, mean=31.24 (+/-1.267514).
P1: N=75, mean=32.186667 (+/-1.911942).
P2: N=75, mean=30.293333 (+/-1.649614).

Agent 2 (Example UCT)
Winning score (between 0 and 1) : N=150, mean=0.46 (+/-0.080026).
P1: N=75, mean=0.506667 (+/-0.11391).
P2: N=75, mean=0.413333 (+/-0.112196).
Game Durations: N=150, mean=31.24 (+/-1.267514).
P1: N=75, mean=30.293333 (+/-1.649614).
P2: N=75, mean=32.186667 (+/-1.911942).
=====================================================
