Warming up...
Finished warming up!
=====================================================
Completed 1 games.

Agent 1 (SHUCTAnyTime)
Winning score (between 0 and 1) : N=1, mean=1 (+/-0).
P1: N=1, mean=1 (+/-0).
P2: N=0, mean=0 (+/-0).
Game Durations: N=1, mean=23 (+/-0).
P1: N=1, mean=23 (+/-0).
P2: N=0, mean=0 (+/-0).

Agent 2 (Example UCT)
Winning score (between 0 and 1) : N=1, mean=0 (+/-0).
P1: N=0, mean=0 (+/-0).
P2: N=1, mean=0 (+/-0).
Game Durations: N=1, mean=23 (+/-0).
P1: N=0, mean=0 (+/-0).
P2: N=1, mean=23 (+/-0).
=====================================================
=====================================================
Completed 2 games.

Agent 1 (SHUCTAnyTime)
Winning score (between 0 and 1) : N=2, mean=1 (+/-0).
P1: N=1, mean=1 (+/-0).
P2: N=1, mean=1 (+/-0).
Game Durations: N=2, mean=23.5 (+/-0.97998).
P1: N=1, mean=23 (+/-0).
P2: N=1, mean=24 (+/-0).

Agent 2 (Example UCT)
Winning score (between 0 and 1) : N=2, mean=0 (+/-0).
P1: N=1, mean=0 (+/-0).
P2: N=1, mean=0 (+/-0).
Game Durations: N=2, mean=23.5 (+/-0.97998).
P1: N=1, mean=24 (+/-0).
P2: N=1, mean=23 (+/-0).
=====================================================
=====================================================
Completed 3 games.

Agent 1 (SHUCTAnyTime)
Winning score (between 0 and 1) : N=3, mean=0.666667 (+/-0.65332).
P1: N=2, mean=0.5 (+/-0.97998).
P2: N=1, mean=1 (+/-0).
Game Durations: N=3, mean=24.333333 (+/-1.728522).
P1: N=2, mean=24.5 (+/-2.93994).
P2: N=1, mean=24 (+/-0).

Agent 2 (Example UCT)
Winning score (between 0 and 1) : N=3, mean=0.333333 (+/-0.65332).
P1: N=1, mean=0 (+/-0).
P2: N=2, mean=0.5 (+/-0.97998).
Game Durations: N=3, mean=24.333333 (+/-1.728522).
P1: N=1, mean=24 (+/-0).
P2: N=2, mean=24.5 (+/-2.93994).
=====================================================
=====================================================
Completed 4 games.

Agent 1 (SHUCTAnyTime)
Winning score (between 0 and 1) : N=4, mean=0.75 (+/-0.48999).
P1: N=2, mean=0.5 (+/-0.97998).
P2: N=2, mean=1 (+/-0).
Game Durations: N=4, mean=25.75 (+/-3.03372).
P1: N=2, mean=24.5 (+/-2.93994).
P2: N=2, mean=27 (+/-5.87988).

Agent 2 (Example UCT)
Winning score (between 0 and 1) : N=4, mean=0.25 (+/-0.48999).
P1: N=2, mean=0 (+/-0).
P2: N=2, mean=0.5 (+/-0.97998).
Game Durations: N=4, mean=25.75 (+/-3.03372).
P1: N=2, mean=27 (+/-5.87988).
P2: N=2, mean=24.5 (+/-2.93994).
=====================================================
=====================================================
Completed 5 games.

Agent 1 (SHUCTAnyTime)
Winning score (between 0 and 1) : N=5, mean=0.8 (+/-0.391992).
P1: N=3, mean=0.666667 (+/-0.65332).
P2: N=2, mean=1 (+/-0).
Game Durations: N=5, mean=25.2 (+/-2.585365).
P1: N=3, mean=24 (+/-1.95996).
P2: N=2, mean=27 (+/-5.87988).

Agent 2 (Example UCT)
Winning score (between 0 and 1) : N=5, mean=0.2 (+/-0.391992).
P1: N=2, mean=0 (+/-0).
P2: N=3, mean=0.333333 (+/-0.65332).
Game Durations: N=5, mean=25.2 (+/-2.585365).
P1: N=2, mean=27 (+/-5.87988).
P2: N=3, mean=24 (+/-1.95996).
=====================================================
=====================================================
Completed 10 games.

Agent 1 (SHUCTAnyTime)
Winning score (between 0 and 1) : N=10, mean=0.7 (+/-0.299389).
P1: N=5, mean=0.8 (+/-0.391992).
P2: N=5, mean=0.6 (+/-0.48009).
Game Durations: N=10, mean=25.6 (+/-3.010948).
P1: N=5, mean=26 (+/-5.612471).
P2: N=5, mean=25.2 (+/-2.998162).

Agent 2 (Example UCT)
Winning score (between 0 and 1) : N=10, mean=0.3 (+/-0.299389).
P1: N=5, mean=0.4 (+/-0.48009).
P2: N=5, mean=0.2 (+/-0.391992).
Game Durations: N=10, mean=25.6 (+/-3.010948).
P1: N=5, mean=25.2 (+/-2.998162).
P2: N=5, mean=26 (+/-5.612471).
=====================================================
=====================================================
Completed 20 games.

Agent 1 (SHUCTAnyTime)
Winning score (between 0 and 1) : N=20, mean=0.6 (+/-0.22028).
P1: N=10, mean=0.6 (+/-0.32006).
P2: N=10, mean=0.6 (+/-0.32006).
Game Durations: N=20, mean=28 (+/-2.633404).
P1: N=10, mean=27 (+/-3.554445).
P2: N=10, mean=29 (+/-3.97399).

Agent 2 (Example UCT)
Winning score (between 0 and 1) : N=20, mean=0.4 (+/-0.22028).
P1: N=10, mean=0.4 (+/-0.32006).
P2: N=10, mean=0.4 (+/-0.32006).
Game Durations: N=20, mean=28 (+/-2.633404).
P1: N=10, mean=29 (+/-3.97399).
P2: N=10, mean=27 (+/-3.554445).
=====================================================
=====================================================
Completed 30 games.

Agent 1 (SHUCTAnyTime)
Winning score (between 0 and 1) : N=30, mean=0.666667 (+/-0.17157).
P1: N=15, mean=0.733333 (+/-0.231643).
P2: N=15, mean=0.6 (+/-0.256619).
Game Durations: N=30, mean=28.433333 (+/-1.979425).
P1: N=15, mean=27.933333 (+/-2.755032).
P2: N=15, mean=28.933333 (+/-2.916305).

Agent 2 (Example UCT)
Winning score (between 0 and 1) : N=30, mean=0.333333 (+/-0.17157).
P1: N=15, mean=0.4 (+/-0.256619).
P2: N=15, mean=0.266667 (+/-0.231643).
Game Durations: N=30, mean=28.433333 (+/-1.979425).
P1: N=15, mean=28.933333 (+/-2.916305).
P2: N=15, mean=27.933333 (+/-2.755032).
=====================================================
=====================================================
Completed 40 games.

Agent 1 (SHUCTAnyTime)
Winning score (between 0 and 1) : N=40, mean=0.575 (+/-0.155147).
P1: N=20, mean=0.65 (+/-0.214467).
P2: N=20, mean=0.5 (+/-0.224823).
Game Durations: N=40, mean=28.625 (+/-1.802474).
P1: N=20, mean=28.35 (+/-2.717568).
P2: N=20, mean=28.9 (+/-2.433493).

Agent 2 (Example UCT)
Winning score (between 0 and 1) : N=40, mean=0.425 (+/-0.155147).
P1: N=20, mean=0.5 (+/-0.224823).
P2: N=20, mean=0.35 (+/-0.214467).
Game Durations: N=40, mean=28.625 (+/-1.802474).
P1: N=20, mean=28.9 (+/-2.433493).
P2: N=20, mean=28.35 (+/-2.717568).
=====================================================
=====================================================
Completed 50 games.

Agent 1 (SHUCTAnyTime)
Winning score (between 0 and 1) : N=50, mean=0.58 (+/-0.138194).
P1: N=25, mean=0.68 (+/-0.186626).
P2: N=25, mean=0.48 (+/-0.199877).
Game Durations: N=50, mean=29.36 (+/-1.713931).
P1: N=25, mean=29.48 (+/-2.641999).
P2: N=25, mean=29.24 (+/-2.238362).

Agent 2 (Example UCT)
Winning score (between 0 and 1) : N=50, mean=0.42 (+/-0.138194).
P1: N=25, mean=0.52 (+/-0.199877).
P2: N=25, mean=0.32 (+/-0.186626).
Game Durations: N=50, mean=29.36 (+/-1.713931).
P1: N=25, mean=29.24 (+/-2.238362).
P2: N=25, mean=29.48 (+/-2.641999).
=====================================================
=====================================================
Completed 60 games.

Agent 1 (SHUCTAnyTime)
Winning score (between 0 and 1) : N=60, mean=0.583333 (+/-0.125798).
P1: N=30, mean=0.7 (+/-0.166785).
P2: N=30, mean=0.466667 (+/-0.181573).
Game Durations: N=60, mean=29.083333 (+/-1.521956).
P1: N=30, mean=29.833333 (+/-2.278883).
P2: N=30, mean=28.333333 (+/-2.020599).

Agent 2 (Example UCT)
Winning score (between 0 and 1) : N=60, mean=0.416667 (+/-0.125798).
P1: N=30, mean=0.533333 (+/-0.181573).
P2: N=30, mean=0.3 (+/-0.166785).
Game Durations: N=60, mean=29.083333 (+/-1.521956).
P1: N=30, mean=28.333333 (+/-2.020599).
P2: N=30, mean=29.833333 (+/-2.278883).
=====================================================
=====================================================
Completed 70 games.

Agent 1 (SHUCTAnyTime)
Winning score (between 0 and 1) : N=70, mean=0.557143 (+/-0.117203).
P1: N=35, mean=0.685714 (+/-0.156042).
P2: N=35, mean=0.428571 (+/-0.166341).
Game Durations: N=70, mean=29 (+/-1.391342).
P1: N=35, mean=30.057143 (+/-2.057888).
P2: N=35, mean=27.942857 (+/-1.835694).

Agent 2 (Example UCT)
Winning score (between 0 and 1) : N=70, mean=0.442857 (+/-0.117203).
P1: N=35, mean=0.571429 (+/-0.166341).
P2: N=35, mean=0.314286 (+/-0.156042).
Game Durations: N=70, mean=29 (+/-1.391342).
P1: N=35, mean=27.942857 (+/-1.835694).
P2: N=35, mean=30.057143 (+/-2.057888).
=====================================================
=====================================================
Completed 80 games.

Agent 1 (SHUCTAnyTime)
Winning score (between 0 and 1) : N=80, mean=0.55 (+/-0.109704).
P1: N=40, mean=0.7 (+/-0.143822).
P2: N=40, mean=0.4 (+/-0.153752).
Game Durations: N=80, mean=28.9 (+/-1.249161).
P1: N=40, mean=29.55 (+/-1.883003).
P2: N=40, mean=28.25 (+/-1.640946).

Agent 2 (Example UCT)
Winning score (between 0 and 1) : N=80, mean=0.45 (+/-0.109704).
P1: N=40, mean=0.6 (+/-0.153752).
P2: N=40, mean=0.3 (+/-0.143822).
Game Durations: N=80, mean=28.9 (+/-1.249161).
P1: N=40, mean=28.25 (+/-1.640946).
P2: N=40, mean=29.55 (+/-1.883003).
=====================================================
=====================================================
Completed 90 games.

Agent 1 (SHUCTAnyTime)
Winning score (between 0 and 1) : N=90, mean=0.533333 (+/-0.103647).
P1: N=45, mean=0.688889 (+/-0.13679).
P2: N=45, mean=0.377778 (+/-0.143256).
Game Durations: N=90, mean=28.855556 (+/-1.1981).
P1: N=45, mean=29.8 (+/-1.844295).
P2: N=45, mean=27.911111 (+/-1.499951).

Agent 2 (Example UCT)
Winning score (between 0 and 1) : N=90, mean=0.466667 (+/-0.103647).
P1: N=45, mean=0.622222 (+/-0.143256).
P2: N=45, mean=0.311111 (+/-0.13679).
Game Durations: N=90, mean=28.855556 (+/-1.1981).
P1: N=45, mean=27.911111 (+/-1.499951).
P2: N=45, mean=29.8 (+/-1.844295).
=====================================================
=====================================================
Completed 100 games.

Agent 1 (SHUCTAnyTime)
Winning score (between 0 and 1) : N=100, mean=0.52 (+/-0.098413).
P1: N=50, mean=0.64 (+/-0.134397).
P2: N=50, mean=0.4 (+/-0.137169).
Game Durations: N=100, mean=28.92 (+/-1.180152).
P1: N=50, mean=29.76 (+/-1.821952).
P2: N=50, mean=28.08 (+/-1.482479).

Agent 2 (Example UCT)
Winning score (between 0 and 1) : N=100, mean=0.48 (+/-0.098413).
P1: N=50, mean=0.6 (+/-0.137169).
P2: N=50, mean=0.36 (+/-0.134397).
Game Durations: N=100, mean=28.92 (+/-1.180152).
P1: N=50, mean=28.08 (+/-1.482479).
P2: N=50, mean=29.76 (+/-1.821952).
=====================================================
=====================================================
Completed 110 games.

Agent 1 (SHUCTAnyTime)
Winning score (between 0 and 1) : N=110, mean=0.527273 (+/-0.093725).
P1: N=55, mean=0.654545 (+/-0.126828).
P2: N=55, mean=0.4 (+/-0.130664).
Game Durations: N=110, mean=29.209091 (+/-1.372099).
P1: N=55, mean=30.254545 (+/-2.34855).
P2: N=55, mean=28.163636 (+/-1.388944).

Agent 2 (Example UCT)
Winning score (between 0 and 1) : N=110, mean=0.472727 (+/-0.093725).
P1: N=55, mean=0.6 (+/-0.130664).
P2: N=55, mean=0.345455 (+/-0.126828).
Game Durations: N=110, mean=29.209091 (+/-1.372099).
P1: N=55, mean=28.163636 (+/-1.388944).
P2: N=55, mean=30.254545 (+/-2.34855).
=====================================================
=====================================================
Completed 120 games.

Agent 1 (SHUCTAnyTime)
Winning score (between 0 and 1) : N=120, mean=0.533333 (+/-0.089635).
P1: N=60, mean=0.65 (+/-0.121706).
P2: N=60, mean=0.416667 (+/-0.125798).
Game Durations: N=120, mean=29.15 (+/-1.279242).
P1: N=60, mean=29.916667 (+/-2.190703).
P2: N=60, mean=28.383333 (+/-1.313618).

Agent 2 (Example UCT)
Winning score (between 0 and 1) : N=120, mean=0.466667 (+/-0.089635).
P1: N=60, mean=0.583333 (+/-0.125798).
P2: N=60, mean=0.35 (+/-0.121706).
Game Durations: N=120, mean=29.15 (+/-1.279242).
P1: N=60, mean=28.383333 (+/-1.313618).
P2: N=60, mean=29.916667 (+/-2.190703).
=====================================================
=====================================================
Completed 130 games.

Agent 1 (SHUCTAnyTime)
Winning score (between 0 and 1) : N=130, mean=0.515385 (+/-0.086242).
P1: N=65, mean=0.630769 (+/-0.118234).
P2: N=65, mean=0.4 (+/-0.120023).
Game Durations: N=130, mean=29.015385 (+/-1.198814).
P1: N=65, mean=29.861538 (+/-2.044758).
P2: N=65, mean=28.169231 (+/-1.235535).

Agent 2 (Example UCT)
Winning score (between 0 and 1) : N=130, mean=0.484615 (+/-0.086242).
P1: N=65, mean=0.6 (+/-0.120023).
P2: N=65, mean=0.369231 (+/-0.118234).
Game Durations: N=130, mean=29.015385 (+/-1.198814).
P1: N=65, mean=28.169231 (+/-1.235535).
P2: N=65, mean=29.861538 (+/-2.044758).
=====================================================
=====================================================
Completed 140 games.

Agent 1 (SHUCTAnyTime)
Winning score (between 0 and 1) : N=140, mean=0.528571 (+/-0.082985).
P1: N=70, mean=0.642857 (+/-0.113058).
P2: N=70, mean=0.414286 (+/-0.116229).
Game Durations: N=140, mean=28.928571 (+/-1.13946).
P1: N=70, mean=29.728571 (+/-1.925127).
P2: N=70, mean=28.128571 (+/-1.205711).

Agent 2 (Example UCT)
Winning score (between 0 and 1) : N=140, mean=0.471429 (+/-0.082985).
P1: N=70, mean=0.585714 (+/-0.116229).
P2: N=70, mean=0.357143 (+/-0.113058).
Game Durations: N=140, mean=28.928571 (+/-1.13946).
P1: N=70, mean=28.128571 (+/-1.205711).
P2: N=70, mean=29.728571 (+/-1.925127).
=====================================================
=====================================================
Completed 150 games.

Agent 1 (SHUCTAnyTime)
Winning score (between 0 and 1) : N=150, mean=0.546667 (+/-0.079933).
P1: N=75, mean=0.653333 (+/-0.108431).
P2: N=75, mean=0.44 (+/-0.113097).
Game Durations: N=150, mean=28.993333 (+/-1.076232).
P1: N=75, mean=29.8 (+/-1.81168).
P2: N=75, mean=28.186667 (+/-1.146588).

Agent 2 (Example UCT)
Winning score (between 0 and 1) : N=150, mean=0.453333 (+/-0.079933).
P1: N=75, mean=0.56 (+/-0.113097).
P2: N=75, mean=0.346667 (+/-0.108431).
Game Durations: N=150, mean=28.993333 (+/-1.076232).
P1: N=75, mean=28.186667 (+/-1.146588).
P2: N=75, mean=29.8 (+/-1.81168).
=====================================================
