Warming up...
Finished warming up!
=====================================================
Completed 1 games.

Agent 1 (SHUCTAnyTime)
Winning score (between 0 and 1) : N=1, mean=1 (+/-0).
P1: N=0, mean=0 (+/-0).
P2: N=1, mean=1 (+/-0).
Game Durations: N=1, mean=30 (+/-0).
P1: N=0, mean=0 (+/-0).
P2: N=1, mean=30 (+/-0).

Agent 2 (Example UCT)
Winning score (between 0 and 1) : N=1, mean=0 (+/-0).
P1: N=1, mean=0 (+/-0).
P2: N=0, mean=0 (+/-0).
Game Durations: N=1, mean=30 (+/-0).
P1: N=1, mean=30 (+/-0).
P2: N=0, mean=0 (+/-0).
=====================================================
=====================================================
Completed 2 games.

Agent 1 (SHUCTAnyTime)
Winning score (between 0 and 1) : N=2, mean=1 (+/-0).
P1: N=1, mean=1 (+/-0).
P2: N=1, mean=1 (+/-0).
Game Durations: N=2, mean=33.5 (+/-6.85986).
P1: N=1, mean=37 (+/-0).
P2: N=1, mean=30 (+/-0).

Agent 2 (Example UCT)
Winning score (between 0 and 1) : N=2, mean=0 (+/-0).
P1: N=1, mean=0 (+/-0).
P2: N=1, mean=0 (+/-0).
Game Durations: N=2, mean=33.5 (+/-6.85986).
P1: N=1, mean=30 (+/-0).
P2: N=1, mean=37 (+/-0).
=====================================================
=====================================================
Completed 3 games.

Agent 1 (SHUCTAnyTime)
Winning score (between 0 and 1) : N=3, mean=1 (+/-0).
P1: N=1, mean=1 (+/-0).
P2: N=2, mean=1 (+/-0).
Game Durations: N=3, mean=29.666667 (+/-8.49316).
P1: N=1, mean=37 (+/-0).
P2: N=2, mean=26 (+/-7.83984).

Agent 2 (Example UCT)
Winning score (between 0 and 1) : N=3, mean=0 (+/-0).
P1: N=2, mean=0 (+/-0).
P2: N=1, mean=0 (+/-0).
Game Durations: N=3, mean=29.666667 (+/-8.49316).
P1: N=2, mean=26 (+/-7.83984).
P2: N=1, mean=37 (+/-0).
=====================================================
=====================================================
Completed 4 games.

Agent 1 (SHUCTAnyTime)
Winning score (between 0 and 1) : N=4, mean=0.75 (+/-0.48999).
P1: N=2, mean=0.5 (+/-0.97998).
P2: N=2, mean=1 (+/-0).
Game Durations: N=4, mean=30.25 (+/-6.113431).
P1: N=2, mean=34.5 (+/-4.8999).
P2: N=2, mean=26 (+/-7.83984).

Agent 2 (Example UCT)
Winning score (between 0 and 1) : N=4, mean=0.25 (+/-0.48999).
P1: N=2, mean=0 (+/-0).
P2: N=2, mean=0.5 (+/-0.97998).
Game Durations: N=4, mean=30.25 (+/-6.113431).
P1: N=2, mean=26 (+/-7.83984).
P2: N=2, mean=34.5 (+/-4.8999).
=====================================================
=====================================================
Completed 5 games.

Agent 1 (SHUCTAnyTime)
Winning score (between 0 and 1) : N=5, mean=0.8 (+/-0.391992).
P1: N=2, mean=0.5 (+/-0.97998).
P2: N=3, mean=1 (+/-0).
Game Durations: N=5, mean=31.4 (+/-5.244496).
P1: N=2, mean=34.5 (+/-4.8999).
P2: N=3, mean=29.333333 (+/-7.947981).

Agent 2 (Example UCT)
Winning score (between 0 and 1) : N=5, mean=0.2 (+/-0.391992).
P1: N=3, mean=0 (+/-0).
P2: N=2, mean=0.5 (+/-0.97998).
Game Durations: N=5, mean=31.4 (+/-5.244496).
P1: N=3, mean=29.333333 (+/-7.947981).
P2: N=2, mean=34.5 (+/-4.8999).
=====================================================
=====================================================
Completed 10 games.

Agent 1 (SHUCTAnyTime)
Winning score (between 0 and 1) : N=10, mean=0.5 (+/-0.32666).
P1: N=5, mean=0.4 (+/-0.48009).
P2: N=5, mean=0.6 (+/-0.48009).
Game Durations: N=10, mean=30 (+/-3.146806).
P1: N=5, mean=32.4 (+/-3.196598).
P2: N=5, mean=27.6 (+/-4.824847).

Agent 2 (Example UCT)
Winning score (between 0 and 1) : N=10, mean=0.5 (+/-0.32666).
P1: N=5, mean=0.4 (+/-0.48009).
P2: N=5, mean=0.6 (+/-0.48009).
Game Durations: N=10, mean=30 (+/-3.146806).
P1: N=5, mean=27.6 (+/-4.824847).
P2: N=5, mean=32.4 (+/-3.196598).
=====================================================
=====================================================
Completed 20 games.

Agent 1 (SHUCTAnyTime)
Winning score (between 0 and 1) : N=20, mean=0.6 (+/-0.22028).
P1: N=10, mean=0.7 (+/-0.299389).
P2: N=10, mean=0.5 (+/-0.32666).
Game Durations: N=20, mean=30.3 (+/-2.986338).
P1: N=10, mean=30.7 (+/-3.161016).
P2: N=10, mean=29.9 (+/-5.24653).

Agent 2 (Example UCT)
Winning score (between 0 and 1) : N=20, mean=0.4 (+/-0.22028).
P1: N=10, mean=0.5 (+/-0.32666).
P2: N=10, mean=0.3 (+/-0.299389).
Game Durations: N=20, mean=30.3 (+/-2.986338).
P1: N=10, mean=29.9 (+/-5.24653).
P2: N=10, mean=30.7 (+/-3.161016).
=====================================================
=====================================================
Completed 30 games.

Agent 1 (SHUCTAnyTime)
Winning score (between 0 and 1) : N=30, mean=0.5 (+/-0.181978).
P1: N=15, mean=0.533333 (+/-0.261328).
P2: N=15, mean=0.466667 (+/-0.261328).
Game Durations: N=30, mean=30.133333 (+/-2.48226).
P1: N=15, mean=30.933333 (+/-2.548068).
P2: N=15, mean=29.333333 (+/-4.322364).

Agent 2 (Example UCT)
Winning score (between 0 and 1) : N=30, mean=0.5 (+/-0.181978).
P1: N=15, mean=0.533333 (+/-0.261328).
P2: N=15, mean=0.466667 (+/-0.261328).
Game Durations: N=30, mean=30.133333 (+/-2.48226).
P1: N=15, mean=29.333333 (+/-4.322364).
P2: N=15, mean=30.933333 (+/-2.548068).
=====================================================
=====================================================
Completed 40 games.

Agent 1 (SHUCTAnyTime)
Winning score (between 0 and 1) : N=40, mean=0.45 (+/-0.156136).
P1: N=20, mean=0.45 (+/-0.223696).
P2: N=20, mean=0.45 (+/-0.223696).
Game Durations: N=40, mean=29.3 (+/-2.031766).
P1: N=20, mean=29.85 (+/-2.328952).
P2: N=20, mean=28.75 (+/-3.376462).

Agent 2 (Example UCT)
Winning score (between 0 and 1) : N=40, mean=0.55 (+/-0.156136).
P1: N=20, mean=0.55 (+/-0.223696).
P2: N=20, mean=0.55 (+/-0.223696).
Game Durations: N=40, mean=29.3 (+/-2.031766).
P1: N=20, mean=28.75 (+/-3.376462).
P2: N=20, mean=29.85 (+/-2.328952).
=====================================================
=====================================================
Completed 50 games.

Agent 1 (SHUCTAnyTime)
Winning score (between 0 and 1) : N=50, mean=0.5 (+/-0.139997).
P1: N=25, mean=0.52 (+/-0.199877).
P2: N=25, mean=0.48 (+/-0.199877).
Game Durations: N=50, mean=29.2 (+/-1.842864).
P1: N=25, mean=29.32 (+/-2.491335).
P2: N=25, mean=29.08 (+/-2.766993).

Agent 2 (Example UCT)
Winning score (between 0 and 1) : N=50, mean=0.5 (+/-0.139997).
P1: N=25, mean=0.52 (+/-0.199877).
P2: N=25, mean=0.48 (+/-0.199877).
Game Durations: N=50, mean=29.2 (+/-1.842864).
P1: N=25, mean=29.08 (+/-2.766993).
P2: N=25, mean=29.32 (+/-2.491335).
=====================================================
=====================================================
Completed 60 games.

Agent 1 (SHUCTAnyTime)
Winning score (between 0 and 1) : N=60, mean=0.466667 (+/-0.127299).
P1: N=30, mean=0.466667 (+/-0.181573).
P2: N=30, mean=0.466667 (+/-0.181573).
Game Durations: N=60, mean=29 (+/-1.576389).
P1: N=30, mean=29.2 (+/-2.154009).
P2: N=30, mean=28.8 (+/-2.336885).

Agent 2 (Example UCT)
Winning score (between 0 and 1) : N=60, mean=0.533333 (+/-0.127299).
P1: N=30, mean=0.533333 (+/-0.181573).
P2: N=30, mean=0.533333 (+/-0.181573).
Game Durations: N=60, mean=29 (+/-1.576389).
P1: N=30, mean=28.8 (+/-2.336885).
P2: N=30, mean=29.2 (+/-2.154009).
=====================================================
=====================================================
Completed 70 games.

Agent 1 (SHUCTAnyTime)
Winning score (between 0 and 1) : N=70, mean=0.457143 (+/-0.117542).
P1: N=35, mean=0.457143 (+/-0.167447).
P2: N=35, mean=0.457143 (+/-0.167447).
Game Durations: N=70, mean=28.728571 (+/-1.499159).
P1: N=35, mean=28.742857 (+/-1.965458).
P2: N=35, mean=28.714286 (+/-2.29326).

Agent 2 (Example UCT)
Winning score (between 0 and 1) : N=70, mean=0.542857 (+/-0.117542).
P1: N=35, mean=0.542857 (+/-0.167447).
P2: N=35, mean=0.542857 (+/-0.167447).
Game Durations: N=70, mean=28.728571 (+/-1.499159).
P1: N=35, mean=28.714286 (+/-2.29326).
P2: N=35, mean=28.742857 (+/-1.965458).
=====================================================
=====================================================
Completed 80 games.

Agent 1 (SHUCTAnyTime)
Winning score (between 0 and 1) : N=80, mean=0.475 (+/-0.110118).
P1: N=40, mean=0.5 (+/-0.156922).
P2: N=40, mean=0.45 (+/-0.156136).
Game Durations: N=80, mean=28.85 (+/-1.443516).
P1: N=40, mean=28.9 (+/-1.967234).
P2: N=40, mean=28.8 (+/-2.138064).

Agent 2 (Example UCT)
Winning score (between 0 and 1) : N=80, mean=0.525 (+/-0.110118).
P1: N=40, mean=0.55 (+/-0.156136).
P2: N=40, mean=0.5 (+/-0.156922).
Game Durations: N=80, mean=28.85 (+/-1.443516).
P1: N=40, mean=28.8 (+/-2.138064).
P2: N=40, mean=28.9 (+/-1.967234).
=====================================================
=====================================================
Completed 90 games.

Agent 1 (SHUCTAnyTime)
Winning score (between 0 and 1) : N=90, mean=0.477778 (+/-0.103775).
P1: N=45, mean=0.533333 (+/-0.147409).
P2: N=45, mean=0.422222 (+/-0.145939).
Game Durations: N=90, mean=28.622222 (+/-1.337681).
P1: N=45, mean=29.022222 (+/-1.827268).
P2: N=45, mean=28.222222 (+/-1.967754).

Agent 2 (Example UCT)
Winning score (between 0 and 1) : N=90, mean=0.522222 (+/-0.103775).
P1: N=45, mean=0.577778 (+/-0.145939).
P2: N=45, mean=0.466667 (+/-0.147409).
Game Durations: N=90, mean=28.622222 (+/-1.337681).
P1: N=45, mean=28.222222 (+/-1.967754).
P2: N=45, mean=29.022222 (+/-1.827268).
=====================================================
=====================================================
Completed 100 games.

Agent 1 (SHUCTAnyTime)
Winning score (between 0 and 1) : N=100, mean=0.5 (+/-0.098492).
P1: N=50, mean=0.58 (+/-0.138194).
P2: N=50, mean=0.42 (+/-0.138194).
Game Durations: N=100, mean=28.58 (+/-1.245265).
P1: N=50, mean=28.9 (+/-1.729857).
P2: N=50, mean=28.26 (+/-1.804875).

Agent 2 (Example UCT)
Winning score (between 0 and 1) : N=100, mean=0.5 (+/-0.098492).
P1: N=50, mean=0.58 (+/-0.138194).
P2: N=50, mean=0.42 (+/-0.138194).
Game Durations: N=100, mean=28.58 (+/-1.245265).
P1: N=50, mean=28.26 (+/-1.804875).
P2: N=50, mean=28.9 (+/-1.729857).
=====================================================
=====================================================
Completed 110 games.

Agent 1 (SHUCTAnyTime)
Winning score (between 0 and 1) : N=110, mean=0.509091 (+/-0.09385).
P1: N=55, mean=0.581818 (+/-0.131561).
P2: N=55, mean=0.436364 (+/-0.132274).
Game Durations: N=110, mean=29.190909 (+/-1.349355).
P1: N=55, mean=29.890909 (+/-2.089431).
P2: N=55, mean=28.490909 (+/-1.707346).

Agent 2 (Example UCT)
Winning score (between 0 and 1) : N=110, mean=0.490909 (+/-0.09385).
P1: N=55, mean=0.563636 (+/-0.132274).
P2: N=55, mean=0.418182 (+/-0.131561).
Game Durations: N=110, mean=29.190909 (+/-1.349355).
P1: N=55, mean=28.490909 (+/-1.707346).
P2: N=55, mean=29.890909 (+/-2.089431).
=====================================================
=====================================================
Completed 120 games.

Agent 1 (SHUCTAnyTime)
Winning score (between 0 and 1) : N=120, mean=0.491667 (+/-0.089822).
P1: N=60, mean=0.583333 (+/-0.125798).
P2: N=60, mean=0.4 (+/-0.125005).
Game Durations: N=120, mean=29.075 (+/-1.278508).
P1: N=60, mean=29.683333 (+/-1.977868).
P2: N=60, mean=28.466667 (+/-1.622836).

Agent 2 (Example UCT)
Winning score (between 0 and 1) : N=120, mean=0.508333 (+/-0.089822).
P1: N=60, mean=0.6 (+/-0.125005).
P2: N=60, mean=0.416667 (+/-0.125798).
Game Durations: N=120, mean=29.075 (+/-1.278508).
P1: N=60, mean=28.466667 (+/-1.622836).
P2: N=60, mean=29.683333 (+/-1.977868).
=====================================================
=====================================================
Completed 130 games.

Agent 1 (SHUCTAnyTime)
Winning score (between 0 and 1) : N=130, mean=0.492308 (+/-0.086272).
P1: N=65, mean=0.553846 (+/-0.121785).
P2: N=65, mean=0.430769 (+/-0.121318).
Game Durations: N=130, mean=29.376923 (+/-1.254515).
P1: N=65, mean=29.938462 (+/-1.984251).
P2: N=65, mean=28.815385 (+/-1.539255).

Agent 2 (Example UCT)
Winning score (between 0 and 1) : N=130, mean=0.507692 (+/-0.086272).
P1: N=65, mean=0.569231 (+/-0.121318).
P2: N=65, mean=0.446154 (+/-0.121785).
Game Durations: N=130, mean=29.376923 (+/-1.254515).
P1: N=65, mean=28.815385 (+/-1.539255).
P2: N=65, mean=29.938462 (+/-1.984251).
=====================================================
=====================================================
Completed 140 games.

Agent 1 (SHUCTAnyTime)
Winning score (between 0 and 1) : N=140, mean=0.492857 (+/-0.083112).
P1: N=70, mean=0.557143 (+/-0.117203).
P2: N=70, mean=0.428571 (+/-0.116766).
Game Durations: N=140, mean=29.292857 (+/-1.20609).
P1: N=70, mean=30.014286 (+/-1.921641).
P2: N=70, mean=28.571429 (+/-1.452626).

Agent 2 (Example UCT)
Winning score (between 0 and 1) : N=140, mean=0.507143 (+/-0.083112).
P1: N=70, mean=0.571429 (+/-0.116766).
P2: N=70, mean=0.442857 (+/-0.117203).
Game Durations: N=140, mean=29.292857 (+/-1.20609).
P1: N=70, mean=28.571429 (+/-1.452626).
P2: N=70, mean=30.014286 (+/-1.921641).
=====================================================
=====================================================
Completed 150 games.

Agent 1 (SHUCTAnyTime)
Winning score (between 0 and 1) : N=150, mean=0.48 (+/-0.080219).
P1: N=75, mean=0.533333 (+/-0.113667).
P2: N=75, mean=0.426667 (+/-0.112688).
Game Durations: N=150, mean=29.26 (+/-1.16709).
P1: N=75, mean=29.866667 (+/-1.83534).
P2: N=75, mean=28.653333 (+/-1.441708).

Agent 2 (Example UCT)
Winning score (between 0 and 1) : N=150, mean=0.52 (+/-0.080219).
P1: N=75, mean=0.573333 (+/-0.112688).
P2: N=75, mean=0.466667 (+/-0.113667).
Game Durations: N=150, mean=29.26 (+/-1.16709).
P1: N=75, mean=28.653333 (+/-1.441708).
P2: N=75, mean=29.866667 (+/-1.83534).
=====================================================
