Warming up...
Finished warming up!
=====================================================
Completed 1 games.

Agent 1 (SHUCTAnyTime)
Winning score (between 0 and 1) : N=1, mean=1 (+/-0).
P1: N=1, mean=1 (+/-0).
P2: N=0, mean=0 (+/-0).
Game Durations: N=1, mean=35 (+/-0).
P1: N=1, mean=35 (+/-0).
P2: N=0, mean=0 (+/-0).

Agent 2 (Example UCT)
Winning score (between 0 and 1) : N=1, mean=0 (+/-0).
P1: N=0, mean=0 (+/-0).
P2: N=1, mean=0 (+/-0).
Game Durations: N=1, mean=35 (+/-0).
P1: N=0, mean=0 (+/-0).
P2: N=1, mean=35 (+/-0).
=====================================================
=====================================================
Completed 2 games.

Agent 1 (SHUCTAnyTime)
Winning score (between 0 and 1) : N=2, mean=0.5 (+/-0.97998).
P1: N=1, mean=1 (+/-0).
P2: N=1, mean=0 (+/-0).
Game Durations: N=2, mean=44 (+/-17.63964).
P1: N=1, mean=35 (+/-0).
P2: N=1, mean=53 (+/-0).

Agent 2 (Example UCT)
Winning score (between 0 and 1) : N=2, mean=0.5 (+/-0.97998).
P1: N=1, mean=1 (+/-0).
P2: N=1, mean=0 (+/-0).
Game Durations: N=2, mean=44 (+/-17.63964).
P1: N=1, mean=53 (+/-0).
P2: N=1, mean=35 (+/-0).
=====================================================
=====================================================
Completed 3 games.

Agent 1 (SHUCTAnyTime)
Winning score (between 0 and 1) : N=3, mean=0.666667 (+/-0.65332).
P1: N=2, mean=1 (+/-0).
P2: N=1, mean=0 (+/-0).
Game Durations: N=3, mean=42.333333 (+/-10.695309).
P1: N=2, mean=37 (+/-3.91992).
P2: N=1, mean=53 (+/-0).

Agent 2 (Example UCT)
Winning score (between 0 and 1) : N=3, mean=0.333333 (+/-0.65332).
P1: N=1, mean=1 (+/-0).
P2: N=2, mean=0 (+/-0).
Game Durations: N=3, mean=42.333333 (+/-10.695309).
P1: N=1, mean=53 (+/-0).
P2: N=2, mean=37 (+/-3.91992).
=====================================================
=====================================================
Completed 4 games.

Agent 1 (SHUCTAnyTime)
Winning score (between 0 and 1) : N=4, mean=0.75 (+/-0.48999).
P1: N=2, mean=1 (+/-0).
P2: N=2, mean=0.5 (+/-0.97998).
Game Durations: N=4, mean=49.25 (+/-15.523226).
P1: N=2, mean=37 (+/-3.91992).
P2: N=2, mean=61.5 (+/-16.65966).

Agent 2 (Example UCT)
Winning score (between 0 and 1) : N=4, mean=0.25 (+/-0.48999).
P1: N=2, mean=0.5 (+/-0.97998).
P2: N=2, mean=0 (+/-0).
Game Durations: N=4, mean=49.25 (+/-15.523226).
P1: N=2, mean=61.5 (+/-16.65966).
P2: N=2, mean=37 (+/-3.91992).
=====================================================
=====================================================
Completed 5 games.

Agent 1 (SHUCTAnyTime)
Winning score (between 0 and 1) : N=5, mean=0.6 (+/-0.48009).
P1: N=3, mean=0.666667 (+/-0.65332).
P2: N=2, mean=0.5 (+/-0.97998).
Game Durations: N=5, mean=47.8 (+/-12.355523).
P1: N=3, mean=38.666667 (+/-3.97399).
P2: N=2, mean=61.5 (+/-16.65966).

Agent 2 (Example UCT)
Winning score (between 0 and 1) : N=5, mean=0.4 (+/-0.48009).
P1: N=2, mean=0.5 (+/-0.97998).
P2: N=3, mean=0.333333 (+/-0.65332).
Game Durations: N=5, mean=47.8 (+/-12.355523).
P1: N=2, mean=61.5 (+/-16.65966).
P2: N=3, mean=38.666667 (+/-3.97399).
=====================================================
=====================================================
Completed 10 games.

Agent 1 (SHUCTAnyTime)
Winning score (between 0 and 1) : N=10, mean=0.4 (+/-0.32006).
P1: N=5, mean=0.4 (+/-0.48009).
P2: N=5, mean=0.4 (+/-0.48009).
Game Durations: N=10, mean=45.5 (+/-8.712703).
P1: N=5, mean=41.6 (+/-7.453004).
P2: N=5, mean=49.4 (+/-16.026194).

Agent 2 (Example UCT)
Winning score (between 0 and 1) : N=10, mean=0.6 (+/-0.32006).
P1: N=5, mean=0.6 (+/-0.48009).
P2: N=5, mean=0.6 (+/-0.48009).
Game Durations: N=10, mean=45.5 (+/-8.712703).
P1: N=5, mean=49.4 (+/-16.026194).
P2: N=5, mean=41.6 (+/-7.453004).
=====================================================
=====================================================
Completed 20 games.

Agent 1 (SHUCTAnyTime)
Winning score (between 0 and 1) : N=20, mean=0.35 (+/-0.214467).
P1: N=10, mean=0.4 (+/-0.32006).
P2: N=10, mean=0.3 (+/-0.299389).
Game Durations: N=20, mean=45.35 (+/-5.226877).
P1: N=10, mean=42.6 (+/-5.145906).
P2: N=10, mean=48.1 (+/-9.078327).

Agent 2 (Example UCT)
Winning score (between 0 and 1) : N=20, mean=0.65 (+/-0.214467).
P1: N=10, mean=0.7 (+/-0.299389).
P2: N=10, mean=0.6 (+/-0.32006).
Game Durations: N=20, mean=45.35 (+/-5.226877).
P1: N=10, mean=48.1 (+/-9.078327).
P2: N=10, mean=42.6 (+/-5.145906).
=====================================================
=====================================================
Completed 30 games.

Agent 1 (SHUCTAnyTime)
Winning score (between 0 and 1) : N=30, mean=0.333333 (+/-0.17157).
P1: N=15, mean=0.466667 (+/-0.261328).
P2: N=15, mean=0.2 (+/-0.209529).
Game Durations: N=30, mean=45.1 (+/-3.655714).
P1: N=15, mean=43 (+/-3.938542).
P2: N=15, mean=47.2 (+/-6.118329).

Agent 2 (Example UCT)
Winning score (between 0 and 1) : N=30, mean=0.666667 (+/-0.17157).
P1: N=15, mean=0.8 (+/-0.209529).
P2: N=15, mean=0.533333 (+/-0.261328).
Game Durations: N=30, mean=45.1 (+/-3.655714).
P1: N=15, mean=47.2 (+/-6.118329).
P2: N=15, mean=43 (+/-3.938542).
=====================================================
=====================================================
Completed 40 games.

Agent 1 (SHUCTAnyTime)
Winning score (between 0 and 1) : N=40, mean=0.35 (+/-0.149694).
P1: N=20, mean=0.5 (+/-0.224823).
P2: N=20, mean=0.2 (+/-0.179858).
Game Durations: N=40, mean=43.55 (+/-2.916351).
P1: N=20, mean=42.2 (+/-3.084582).
P2: N=20, mean=44.9 (+/-4.966295).

Agent 2 (Example UCT)
Winning score (between 0 and 1) : N=40, mean=0.65 (+/-0.149694).
P1: N=20, mean=0.8 (+/-0.179858).
P2: N=20, mean=0.5 (+/-0.224823).
Game Durations: N=40, mean=43.55 (+/-2.916351).
P1: N=20, mean=44.9 (+/-4.966295).
P2: N=20, mean=42.2 (+/-3.084582).
=====================================================
=====================================================
Completed 50 games.

Agent 1 (SHUCTAnyTime)
Winning score (between 0 and 1) : N=50, mean=0.38 (+/-0.135905).
P1: N=25, mean=0.48 (+/-0.199877).
P2: N=25, mean=0.28 (+/-0.179633).
Game Durations: N=50, mean=43.32 (+/-2.640535).
P1: N=25, mean=43.2 (+/-3.172472).
P2: N=25, mean=43.44 (+/-4.289701).

Agent 2 (Example UCT)
Winning score (between 0 and 1) : N=50, mean=0.62 (+/-0.135905).
P1: N=25, mean=0.72 (+/-0.179633).
P2: N=25, mean=0.52 (+/-0.199877).
Game Durations: N=50, mean=43.32 (+/-2.640535).
P1: N=25, mean=43.44 (+/-4.289701).
P2: N=25, mean=43.2 (+/-3.172472).
=====================================================
=====================================================
Completed 60 games.

Agent 1 (SHUCTAnyTime)
Winning score (between 0 and 1) : N=60, mean=0.366667 (+/-0.122963).
P1: N=30, mean=0.466667 (+/-0.181573).
P2: N=30, mean=0.266667 (+/-0.160947).
Game Durations: N=60, mean=43.6 (+/-2.283787).
P1: N=30, mean=43.666667 (+/-2.821274).
P2: N=30, mean=43.533333 (+/-3.641657).

Agent 2 (Example UCT)
Winning score (between 0 and 1) : N=60, mean=0.633333 (+/-0.122963).
P1: N=30, mean=0.733333 (+/-0.160947).
P2: N=30, mean=0.533333 (+/-0.181573).
Game Durations: N=60, mean=43.6 (+/-2.283787).
P1: N=30, mean=43.533333 (+/-3.641657).
P2: N=30, mean=43.666667 (+/-2.821274).
=====================================================
=====================================================
Completed 70 games.

Agent 1 (SHUCTAnyTime)
Winning score (between 0 and 1) : N=70, mean=0.371429 (+/-0.114009).
P1: N=35, mean=0.428571 (+/-0.166341).
P2: N=35, mean=0.314286 (+/-0.156042).
Game Durations: N=70, mean=43.528571 (+/-2.035101).
P1: N=35, mean=43.4 (+/-2.567699).
P2: N=35, mean=43.657143 (+/-3.195833).

Agent 2 (Example UCT)
Winning score (between 0 and 1) : N=70, mean=0.628571 (+/-0.114009).
P1: N=35, mean=0.685714 (+/-0.156042).
P2: N=35, mean=0.571429 (+/-0.166341).
Game Durations: N=70, mean=43.528571 (+/-2.035101).
P1: N=35, mean=43.657143 (+/-3.195833).
P2: N=35, mean=43.4 (+/-2.567699).
=====================================================
=====================================================
Completed 80 games.

Agent 1 (SHUCTAnyTime)
Winning score (between 0 and 1) : N=80, mean=0.3625 (+/-0.106005).
P1: N=40, mean=0.425 (+/-0.155147).
P2: N=40, mean=0.3 (+/-0.143822).
Game Durations: N=80, mean=43.9375 (+/-1.917429).
P1: N=40, mean=44.325 (+/-2.609245).
P2: N=40, mean=43.55 (+/-2.838474).

Agent 2 (Example UCT)
Winning score (between 0 and 1) : N=80, mean=0.6375 (+/-0.106005).
P1: N=40, mean=0.7 (+/-0.143822).
P2: N=40, mean=0.575 (+/-0.155147).
Game Durations: N=80, mean=43.9375 (+/-1.917429).
P1: N=40, mean=43.55 (+/-2.838474).
P2: N=40, mean=44.325 (+/-2.609245).
=====================================================
=====================================================
Completed 90 games.

Agent 1 (SHUCTAnyTime)
Winning score (between 0 and 1) : N=90, mean=0.366667 (+/-0.100116).
P1: N=45, mean=0.422222 (+/-0.145939).
P2: N=45, mean=0.311111 (+/-0.13679).
Game Durations: N=90, mean=44.2 (+/-1.758832).
P1: N=45, mean=44.377778 (+/-2.347567).
P2: N=45, mean=44.022222 (+/-2.64537).

Agent 2 (Example UCT)
Winning score (between 0 and 1) : N=90, mean=0.633333 (+/-0.100116).
P1: N=45, mean=0.688889 (+/-0.13679).
P2: N=45, mean=0.577778 (+/-0.145939).
Game Durations: N=90, mean=44.2 (+/-1.758832).
P1: N=45, mean=44.022222 (+/-2.64537).
P2: N=45, mean=44.377778 (+/-2.347567).
=====================================================
=====================================================
Completed 100 games.

Agent 1 (SHUCTAnyTime)
Winning score (between 0 and 1) : N=100, mean=0.36 (+/-0.094552).
P1: N=50, mean=0.42 (+/-0.138194).
P2: N=50, mean=0.3 (+/-0.12831).
Game Durations: N=100, mean=44.08 (+/-1.656461).
P1: N=50, mean=43.86 (+/-2.181808).
P2: N=50, mean=44.3 (+/-2.513875).

Agent 2 (Example UCT)
Winning score (between 0 and 1) : N=100, mean=0.64 (+/-0.094552).
P1: N=50, mean=0.7 (+/-0.12831).
P2: N=50, mean=0.58 (+/-0.138194).
Game Durations: N=100, mean=44.08 (+/-1.656461).
P1: N=50, mean=44.3 (+/-2.513875).
P2: N=50, mean=43.86 (+/-2.181808).
=====================================================
=====================================================
Completed 110 games.

Agent 1 (SHUCTAnyTime)
Winning score (between 0 and 1) : N=110, mean=0.354545 (+/-0.089805).
P1: N=55, mean=0.418182 (+/-0.131561).
P2: N=55, mean=0.290909 (+/-0.121138).
Game Durations: N=110, mean=44.345455 (+/-1.626468).
P1: N=55, mean=44.090909 (+/-2.054221).
P2: N=55, mean=44.6 (+/-2.539787).

Agent 2 (Example UCT)
Winning score (between 0 and 1) : N=110, mean=0.645455 (+/-0.089805).
P1: N=55, mean=0.709091 (+/-0.121138).
P2: N=55, mean=0.581818 (+/-0.131561).
Game Durations: N=110, mean=44.345455 (+/-1.626468).
P1: N=55, mean=44.6 (+/-2.539787).
P2: N=55, mean=44.090909 (+/-2.054221).
=====================================================
=====================================================
Completed 120 games.

Agent 1 (SHUCTAnyTime)
Winning score (between 0 and 1) : N=120, mean=0.375 (+/-0.086982).
P1: N=60, mean=0.45 (+/-0.126943).
P2: N=60, mean=0.3 (+/-0.116931).
Game Durations: N=120, mean=44.408333 (+/-1.585184).
P1: N=60, mean=43.683333 (+/-1.978965).
P2: N=60, mean=45.133333 (+/-2.480255).

Agent 2 (Example UCT)
Winning score (between 0 and 1) : N=120, mean=0.625 (+/-0.086982).
P1: N=60, mean=0.7 (+/-0.116931).
P2: N=60, mean=0.55 (+/-0.126943).
Game Durations: N=120, mean=44.408333 (+/-1.585184).
P1: N=60, mean=45.133333 (+/-2.480255).
P2: N=60, mean=43.683333 (+/-1.978965).
=====================================================
=====================================================
Completed 130 games.

Agent 1 (SHUCTAnyTime)
Winning score (between 0 and 1) : N=130, mean=0.376923 (+/-0.083628).
P1: N=65, mean=0.430769 (+/-0.121318).
P2: N=65, mean=0.323077 (+/-0.114572).
Game Durations: N=130, mean=44.123077 (+/-1.515462).
P1: N=65, mean=43.476923 (+/-1.917622).
P2: N=65, mean=44.769231 (+/-2.351783).

Agent 2 (Example UCT)
Winning score (between 0 and 1) : N=130, mean=0.623077 (+/-0.083628).
P1: N=65, mean=0.676923 (+/-0.114572).
P2: N=65, mean=0.569231 (+/-0.121318).
Game Durations: N=130, mean=44.123077 (+/-1.515462).
P1: N=65, mean=44.769231 (+/-2.351783).
P2: N=65, mean=43.476923 (+/-1.917622).
=====================================================
=====================================================
Completed 140 games.

Agent 1 (SHUCTAnyTime)
Winning score (between 0 and 1) : N=140, mean=0.392857 (+/-0.08119).
P1: N=70, mean=0.442857 (+/-0.117203).
P2: N=70, mean=0.342857 (+/-0.111998).
Game Durations: N=140, mean=43.807143 (+/-1.45875).
P1: N=70, mean=43.357143 (+/-1.832468).
P2: N=70, mean=44.257143 (+/-2.278816).

Agent 2 (Example UCT)
Winning score (between 0 and 1) : N=140, mean=0.607143 (+/-0.08119).
P1: N=70, mean=0.657143 (+/-0.111998).
P2: N=70, mean=0.557143 (+/-0.117203).
Game Durations: N=140, mean=43.807143 (+/-1.45875).
P1: N=70, mean=44.257143 (+/-2.278816).
P2: N=70, mean=43.357143 (+/-1.832468).
=====================================================
=====================================================
Completed 150 games.

Agent 1 (SHUCTAnyTime)
Winning score (between 0 and 1) : N=150, mean=0.406667 (+/-0.078872).
P1: N=75, mean=0.466667 (+/-0.113667).
P2: N=75, mean=0.346667 (+/-0.108431).
Game Durations: N=150, mean=43.786667 (+/-1.404758).
P1: N=75, mean=43.133333 (+/-1.777872).
P2: N=75, mean=44.44 (+/-2.177515).

Agent 2 (Example UCT)
Winning score (between 0 and 1) : N=150, mean=0.593333 (+/-0.078872).
P1: N=75, mean=0.653333 (+/-0.108431).
P2: N=75, mean=0.533333 (+/-0.113667).
Game Durations: N=150, mean=43.786667 (+/-1.404758).
P1: N=75, mean=44.44 (+/-2.177515).
P2: N=75, mean=43.133333 (+/-1.777872).
=====================================================
