Warming up...
Finished warming up!
=====================================================
Completed 1 games.

Agent 1 (SHUCT)
Winning score (between 0 and 1) : N=1, mean=1 (+/-0).
P1: N=1, mean=1 (+/-0).
P2: N=0, mean=0 (+/-0).
Game Durations: N=1, mean=49 (+/-0).
P1: N=1, mean=49 (+/-0).
P2: N=0, mean=0 (+/-0).

Agent 2 (SHUCTAnyTime)
Winning score (between 0 and 1) : N=1, mean=0 (+/-0).
P1: N=0, mean=0 (+/-0).
P2: N=1, mean=0 (+/-0).
Game Durations: N=1, mean=49 (+/-0).
P1: N=0, mean=0 (+/-0).
P2: N=1, mean=49 (+/-0).
=====================================================
=====================================================
Completed 2 games.

Agent 1 (SHUCT)
Winning score (between 0 and 1) : N=2, mean=0.5 (+/-0.97998).
P1: N=1, mean=1 (+/-0).
P2: N=1, mean=0 (+/-0).
Game Durations: N=2, mean=61 (+/-23.51952).
P1: N=1, mean=49 (+/-0).
P2: N=1, mean=73 (+/-0).

Agent 2 (SHUCTAnyTime)
Winning score (between 0 and 1) : N=2, mean=0.5 (+/-0.97998).
P1: N=1, mean=1 (+/-0).
P2: N=1, mean=0 (+/-0).
Game Durations: N=2, mean=61 (+/-23.51952).
P1: N=1, mean=73 (+/-0).
P2: N=1, mean=49 (+/-0).
=====================================================
=====================================================
Completed 3 games.

Agent 1 (SHUCT)
Winning score (between 0 and 1) : N=3, mean=0.333333 (+/-0.65332).
P1: N=2, mean=0.5 (+/-0.97998).
P2: N=1, mean=0 (+/-0).
Game Durations: N=3, mean=58.666667 (+/-14.328426).
P1: N=2, mean=51.5 (+/-4.8999).
P2: N=1, mean=73 (+/-0).

Agent 2 (SHUCTAnyTime)
Winning score (between 0 and 1) : N=3, mean=0.666667 (+/-0.65332).
P1: N=1, mean=1 (+/-0).
P2: N=2, mean=0.5 (+/-0.97998).
Game Durations: N=3, mean=58.666667 (+/-14.328426).
P1: N=1, mean=73 (+/-0).
P2: N=2, mean=51.5 (+/-4.8999).
=====================================================
=====================================================
Completed 4 games.

Agent 1 (SHUCT)
Winning score (between 0 and 1) : N=4, mean=0.5 (+/-0.565792).
P1: N=2, mean=0.5 (+/-0.97998).
P2: N=2, mean=0.5 (+/-0.97998).
Game Durations: N=4, mean=54.5 (+/-13.013209).
P1: N=2, mean=51.5 (+/-4.8999).
P2: N=2, mean=57.5 (+/-30.37938).

Agent 2 (SHUCTAnyTime)
Winning score (between 0 and 1) : N=4, mean=0.5 (+/-0.565792).
P1: N=2, mean=0.5 (+/-0.97998).
P2: N=2, mean=0.5 (+/-0.97998).
Game Durations: N=4, mean=54.5 (+/-13.013209).
P1: N=2, mean=57.5 (+/-30.37938).
P2: N=2, mean=51.5 (+/-4.8999).
=====================================================
=====================================================
Completed 5 games.

Agent 1 (SHUCT)
Winning score (between 0 and 1) : N=5, mean=0.4 (+/-0.48009).
P1: N=3, mean=0.333333 (+/-0.65332).
P2: N=2, mean=0.5 (+/-0.97998).
Game Durations: N=5, mean=54.4 (+/-10.081894).
P1: N=3, mean=52.333333 (+/-3.2666).
P2: N=2, mean=57.5 (+/-30.37938).

Agent 2 (SHUCTAnyTime)
Winning score (between 0 and 1) : N=5, mean=0.6 (+/-0.48009).
P1: N=2, mean=0.5 (+/-0.97998).
P2: N=3, mean=0.666667 (+/-0.65332).
Game Durations: N=5, mean=54.4 (+/-10.081894).
P1: N=2, mean=57.5 (+/-30.37938).
P2: N=3, mean=52.333333 (+/-3.2666).
=====================================================
=====================================================
Completed 10 games.

Agent 1 (SHUCT)
Winning score (between 0 and 1) : N=10, mean=0.5 (+/-0.32666).
P1: N=5, mean=0.6 (+/-0.48009).
P2: N=5, mean=0.4 (+/-0.48009).
Game Durations: N=10, mean=51.4 (+/-8.018555).
P1: N=5, mean=46.6 (+/-9.850627).
P2: N=5, mean=56.2 (+/-12.167548).

Agent 2 (SHUCTAnyTime)
Winning score (between 0 and 1) : N=10, mean=0.5 (+/-0.32666).
P1: N=5, mean=0.6 (+/-0.48009).
P2: N=5, mean=0.4 (+/-0.48009).
Game Durations: N=10, mean=51.4 (+/-8.018555).
P1: N=5, mean=56.2 (+/-12.167548).
P2: N=5, mean=46.6 (+/-9.850627).
=====================================================
=====================================================
Completed 20 games.

Agent 1 (SHUCT)
Winning score (between 0 and 1) : N=20, mean=0.45 (+/-0.223696).
P1: N=10, mean=0.5 (+/-0.32666).
P2: N=10, mean=0.4 (+/-0.32006).
Game Durations: N=20, mean=52.45 (+/-4.866726).
P1: N=10, mean=50.9 (+/-6.377488).
P2: N=10, mean=54 (+/-7.568367).

Agent 2 (SHUCTAnyTime)
Winning score (between 0 and 1) : N=20, mean=0.55 (+/-0.223696).
P1: N=10, mean=0.6 (+/-0.32006).
P2: N=10, mean=0.5 (+/-0.32666).
Game Durations: N=20, mean=52.45 (+/-4.866726).
P1: N=10, mean=54 (+/-7.568367).
P2: N=10, mean=50.9 (+/-6.377488).
=====================================================
=====================================================
Completed 30 games.

Agent 1 (SHUCT)
Winning score (between 0 and 1) : N=30, mean=0.4 (+/-0.178301).
P1: N=15, mean=0.4 (+/-0.256619).
P2: N=15, mean=0.4 (+/-0.256619).
Game Durations: N=30, mean=53.3 (+/-3.926841).
P1: N=15, mean=53.333333 (+/-5.743486).
P2: N=15, mean=53.266667 (+/-5.558323).

Agent 2 (SHUCTAnyTime)
Winning score (between 0 and 1) : N=30, mean=0.6 (+/-0.178301).
P1: N=15, mean=0.6 (+/-0.256619).
P2: N=15, mean=0.6 (+/-0.256619).
Game Durations: N=30, mean=53.3 (+/-3.926841).
P1: N=15, mean=53.266667 (+/-5.558323).
P2: N=15, mean=53.333333 (+/-5.743486).
=====================================================
=====================================================
Completed 40 games.

Agent 1 (SHUCT)
Winning score (between 0 and 1) : N=40, mean=0.475 (+/-0.156726).
P1: N=20, mean=0.45 (+/-0.223696).
P2: N=20, mean=0.5 (+/-0.224823).
Game Durations: N=40, mean=53.625 (+/-3.218009).
P1: N=20, mean=54.05 (+/-4.42958).
P2: N=20, mean=53.2 (+/-4.776837).

Agent 2 (SHUCTAnyTime)
Winning score (between 0 and 1) : N=40, mean=0.525 (+/-0.156726).
P1: N=20, mean=0.5 (+/-0.224823).
P2: N=20, mean=0.55 (+/-0.223696).
Game Durations: N=40, mean=53.625 (+/-3.218009).
P1: N=20, mean=53.2 (+/-4.776837).
P2: N=20, mean=54.05 (+/-4.42958).
=====================================================
=====================================================
Completed 50 games.

Agent 1 (SHUCT)
Winning score (between 0 and 1) : N=50, mean=0.46 (+/-0.139548).
P1: N=25, mean=0.4 (+/-0.195996).
P2: N=25, mean=0.52 (+/-0.199877).
Game Durations: N=50, mean=54.52 (+/-3.057066).
P1: N=25, mean=54.24 (+/-4.394683).
P2: N=25, mean=54.8 (+/-4.338556).

Agent 2 (SHUCTAnyTime)
Winning score (between 0 and 1) : N=50, mean=0.54 (+/-0.139548).
P1: N=25, mean=0.48 (+/-0.199877).
P2: N=25, mean=0.6 (+/-0.195996).
Game Durations: N=50, mean=54.52 (+/-3.057066).
P1: N=25, mean=54.8 (+/-4.338556).
P2: N=25, mean=54.24 (+/-4.394683).
=====================================================
=====================================================
Completed 60 games.

Agent 1 (SHUCT)
Winning score (between 0 and 1) : N=60, mean=0.483333 (+/-0.127512).
P1: N=30, mean=0.4 (+/-0.178301).
P2: N=30, mean=0.566667 (+/-0.180353).
Game Durations: N=60, mean=54.55 (+/-2.858693).
P1: N=30, mean=54.666667 (+/-3.762829).
P2: N=30, mean=54.433333 (+/-4.369167).

Agent 2 (SHUCTAnyTime)
Winning score (between 0 and 1) : N=60, mean=0.516667 (+/-0.127512).
P1: N=30, mean=0.433333 (+/-0.180353).
P2: N=30, mean=0.6 (+/-0.178301).
Game Durations: N=60, mean=54.55 (+/-2.858693).
P1: N=30, mean=54.433333 (+/-4.369167).
P2: N=30, mean=54.666667 (+/-3.762829).
=====================================================
