Warming up...
Finished warming up!
=====================================================
Completed 1 games.

Agent 1 (SHUCT)
Winning score (between 0 and 1) : N=1, mean=1 (+/-0).
P1: N=1, mean=1 (+/-0).
P2: N=0, mean=0 (+/-0).
Game Durations: N=1, mean=55 (+/-0).
P1: N=1, mean=55 (+/-0).
P2: N=0, mean=0 (+/-0).

Agent 2 (SHUCTAnyTime)
Winning score (between 0 and 1) : N=1, mean=0 (+/-0).
P1: N=0, mean=0 (+/-0).
P2: N=1, mean=0 (+/-0).
Game Durations: N=1, mean=55 (+/-0).
P1: N=0, mean=0 (+/-0).
P2: N=1, mean=55 (+/-0).
=====================================================
=====================================================
Completed 2 games.

Agent 1 (SHUCT)
Winning score (between 0 and 1) : N=2, mean=1 (+/-0).
P1: N=1, mean=1 (+/-0).
P2: N=1, mean=1 (+/-0).
Game Durations: N=2, mean=49.5 (+/-10.77978).
P1: N=1, mean=55 (+/-0).
P2: N=1, mean=44 (+/-0).

Agent 2 (SHUCTAnyTime)
Winning score (between 0 and 1) : N=2, mean=0 (+/-0).
P1: N=1, mean=0 (+/-0).
P2: N=1, mean=0 (+/-0).
Game Durations: N=2, mean=49.5 (+/-10.77978).
P1: N=1, mean=44 (+/-0).
P2: N=1, mean=55 (+/-0).
=====================================================
=====================================================
Completed 3 games.

Agent 1 (SHUCT)
Winning score (between 0 and 1) : N=3, mean=0.666667 (+/-0.65332).
P1: N=2, mean=0.5 (+/-0.97998).
P2: N=1, mean=1 (+/-0).
Game Durations: N=3, mean=45.666667 (+/-9.756148).
P1: N=2, mean=46.5 (+/-16.65966).
P2: N=1, mean=44 (+/-0).

Agent 2 (SHUCTAnyTime)
Winning score (between 0 and 1) : N=3, mean=0.333333 (+/-0.65332).
P1: N=1, mean=0 (+/-0).
P2: N=2, mean=0.5 (+/-0.97998).
Game Durations: N=3, mean=45.666667 (+/-9.756148).
P1: N=1, mean=44 (+/-0).
P2: N=2, mean=46.5 (+/-16.65966).
=====================================================
=====================================================
Completed 4 games.

Agent 1 (SHUCT)
Winning score (between 0 and 1) : N=4, mean=0.5 (+/-0.565792).
P1: N=2, mean=0.5 (+/-0.97998).
P2: N=2, mean=0.5 (+/-0.97998).
Game Durations: N=4, mean=49 (+/-9.501259).
P1: N=2, mean=46.5 (+/-16.65966).
P2: N=2, mean=51.5 (+/-14.6997).

Agent 2 (SHUCTAnyTime)
Winning score (between 0 and 1) : N=4, mean=0.5 (+/-0.565792).
P1: N=2, mean=0.5 (+/-0.97998).
P2: N=2, mean=0.5 (+/-0.97998).
Game Durations: N=4, mean=49 (+/-9.501259).
P1: N=2, mean=51.5 (+/-14.6997).
P2: N=2, mean=46.5 (+/-16.65966).
=====================================================
=====================================================
Completed 5 games.

Agent 1 (SHUCT)
Winning score (between 0 and 1) : N=5, mean=0.4 (+/-0.48009).
P1: N=3, mean=0.333333 (+/-0.65332).
P2: N=2, mean=0.5 (+/-0.97998).
Game Durations: N=5, mean=50 (+/-7.616153).
P1: N=3, mean=49 (+/-10.794618).
P2: N=2, mean=51.5 (+/-14.6997).

Agent 2 (SHUCTAnyTime)
Winning score (between 0 and 1) : N=5, mean=0.6 (+/-0.48009).
P1: N=2, mean=0.5 (+/-0.97998).
P2: N=3, mean=0.666667 (+/-0.65332).
Game Durations: N=5, mean=50 (+/-7.616153).
P1: N=2, mean=51.5 (+/-14.6997).
P2: N=3, mean=49 (+/-10.794618).
=====================================================
=====================================================
Completed 10 games.

Agent 1 (SHUCT)
Winning score (between 0 and 1) : N=10, mean=0.5 (+/-0.32666).
P1: N=5, mean=0.6 (+/-0.48009).
P2: N=5, mean=0.4 (+/-0.48009).
Game Durations: N=10, mean=60 (+/-9.650578).
P1: N=5, mean=60.2 (+/-14.893117).
P2: N=5, mean=59.8 (+/-14.043493).

Agent 2 (SHUCTAnyTime)
Winning score (between 0 and 1) : N=10, mean=0.5 (+/-0.32666).
P1: N=5, mean=0.6 (+/-0.48009).
P2: N=5, mean=0.4 (+/-0.48009).
Game Durations: N=10, mean=60 (+/-9.650578).
P1: N=5, mean=59.8 (+/-14.043493).
P2: N=5, mean=60.2 (+/-14.893117).
=====================================================
=====================================================
Completed 20 games.

Agent 1 (SHUCT)
Winning score (between 0 and 1) : N=20, mean=0.5 (+/-0.224823).
P1: N=10, mean=0.6 (+/-0.32006).
P2: N=10, mean=0.4 (+/-0.32006).
Game Durations: N=20, mean=57.6 (+/-6.488622).
P1: N=10, mean=59.2 (+/-8.880347).
P2: N=10, mean=56 (+/-9.834582).

Agent 2 (SHUCTAnyTime)
Winning score (between 0 and 1) : N=20, mean=0.5 (+/-0.224823).
P1: N=10, mean=0.6 (+/-0.32006).
P2: N=10, mean=0.4 (+/-0.32006).
Game Durations: N=20, mean=57.6 (+/-6.488622).
P1: N=10, mean=56 (+/-9.834582).
P2: N=10, mean=59.2 (+/-8.880347).
=====================================================
=====================================================
Completed 30 games.

Agent 1 (SHUCT)
Winning score (between 0 and 1) : N=30, mean=0.4 (+/-0.178301).
P1: N=15, mean=0.466667 (+/-0.261328).
P2: N=15, mean=0.333333 (+/-0.246932).
Game Durations: N=30, mean=55.366667 (+/-5.337861).
P1: N=15, mean=54.466667 (+/-7.645798).
P2: N=15, mean=56.266667 (+/-7.69017).

Agent 2 (SHUCTAnyTime)
Winning score (between 0 and 1) : N=30, mean=0.6 (+/-0.178301).
P1: N=15, mean=0.666667 (+/-0.246932).
P2: N=15, mean=0.533333 (+/-0.261328).
Game Durations: N=30, mean=55.366667 (+/-5.337861).
P1: N=15, mean=56.266667 (+/-7.69017).
P2: N=15, mean=54.466667 (+/-7.645798).
=====================================================
=====================================================
Completed 40 games.

Agent 1 (SHUCT)
Winning score (between 0 and 1) : N=40, mean=0.425 (+/-0.155147).
P1: N=20, mean=0.55 (+/-0.223696).
P2: N=20, mean=0.3 (+/-0.206054).
Game Durations: N=40, mean=55.675 (+/-4.414173).
P1: N=20, mean=57.15 (+/-6.413207).
P2: N=20, mean=54.2 (+/-6.162935).

Agent 2 (SHUCTAnyTime)
Winning score (between 0 and 1) : N=40, mean=0.575 (+/-0.155147).
P1: N=20, mean=0.7 (+/-0.206054).
P2: N=20, mean=0.45 (+/-0.223696).
Game Durations: N=40, mean=55.675 (+/-4.414173).
P1: N=20, mean=54.2 (+/-6.162935).
P2: N=20, mean=57.15 (+/-6.413207).
=====================================================
=====================================================
Completed 50 games.

Agent 1 (SHUCT)
Winning score (between 0 and 1) : N=50, mean=0.4 (+/-0.137169).
P1: N=25, mean=0.52 (+/-0.199877).
P2: N=25, mean=0.28 (+/-0.179633).
Game Durations: N=50, mean=56.14 (+/-3.806691).
P1: N=25, mean=57.56 (+/-5.365281).
P2: N=25, mean=54.72 (+/-5.453387).

Agent 2 (SHUCTAnyTime)
Winning score (between 0 and 1) : N=50, mean=0.6 (+/-0.137169).
P1: N=25, mean=0.72 (+/-0.179633).
P2: N=25, mean=0.48 (+/-0.199877).
Game Durations: N=50, mean=56.14 (+/-3.806691).
P1: N=25, mean=54.72 (+/-5.453387).
P2: N=25, mean=57.56 (+/-5.365281).
=====================================================
=====================================================
Completed 60 games.

Agent 1 (SHUCT)
Winning score (between 0 and 1) : N=60, mean=0.4 (+/-0.125005).
P1: N=30, mean=0.466667 (+/-0.181573).
P2: N=30, mean=0.333333 (+/-0.17157).
Game Durations: N=60, mean=56.2 (+/-3.5497).
P1: N=30, mean=57.866667 (+/-4.652117).
P2: N=30, mean=54.533333 (+/-5.375162).

Agent 2 (SHUCTAnyTime)
Winning score (between 0 and 1) : N=60, mean=0.6 (+/-0.125005).
P1: N=30, mean=0.666667 (+/-0.17157).
P2: N=30, mean=0.533333 (+/-0.181573).
Game Durations: N=60, mean=56.2 (+/-3.5497).
P1: N=30, mean=54.533333 (+/-5.375162).
P2: N=30, mean=57.866667 (+/-4.652117).
=====================================================
=====================================================
Completed 70 games.

Agent 1 (SHUCT)
Winning score (between 0 and 1) : N=70, mean=0.4 (+/-0.115592).
P1: N=35, mean=0.457143 (+/-0.167447).
P2: N=35, mean=0.342857 (+/-0.159549).
Game Durations: N=70, mean=56.328571 (+/-3.256209).
P1: N=35, mean=58 (+/-4.424389).
P2: N=35, mean=54.657143 (+/-4.777947).

Agent 2 (SHUCTAnyTime)
Winning score (between 0 and 1) : N=70, mean=0.6 (+/-0.115592).
P1: N=35, mean=0.657143 (+/-0.159549).
P2: N=35, mean=0.542857 (+/-0.167447).
Game Durations: N=70, mean=56.328571 (+/-3.256209).
P1: N=35, mean=54.657143 (+/-4.777947).
P2: N=35, mean=58 (+/-4.424389).
=====================================================
=====================================================
Completed 80 games.

Agent 1 (SHUCT)
Winning score (between 0 and 1) : N=80, mean=0.425 (+/-0.109009).
P1: N=40, mean=0.5 (+/-0.156922).
P2: N=40, mean=0.35 (+/-0.149694).
Game Durations: N=80, mean=57.125 (+/-3.049216).
P1: N=40, mean=58.25 (+/-4.220454).
P2: N=40, mean=56 (+/-4.427882).

Agent 2 (SHUCTAnyTime)
Winning score (between 0 and 1) : N=80, mean=0.575 (+/-0.109009).
P1: N=40, mean=0.65 (+/-0.149694).
P2: N=40, mean=0.5 (+/-0.156922).
Game Durations: N=80, mean=57.125 (+/-3.049216).
P1: N=40, mean=56 (+/-4.427882).
P2: N=40, mean=58.25 (+/-4.220454).
=====================================================
=====================================================
Completed 90 games.

Agent 1 (SHUCT)
Winning score (between 0 and 1) : N=90, mean=0.411111 (+/-0.102223).
P1: N=45, mean=0.488889 (+/-0.147701).
P2: N=45, mean=0.333333 (+/-0.139288).
Game Durations: N=90, mean=57.822222 (+/-2.827403).
P1: N=45, mean=59.244444 (+/-3.937774).
P2: N=45, mean=56.4 (+/-4.059674).

Agent 2 (SHUCTAnyTime)
Winning score (between 0 and 1) : N=90, mean=0.588889 (+/-0.102223).
P1: N=45, mean=0.666667 (+/-0.139288).
P2: N=45, mean=0.511111 (+/-0.147701).
Game Durations: N=90, mean=57.822222 (+/-2.827403).
P1: N=45, mean=56.4 (+/-4.059674).
P2: N=45, mean=59.244444 (+/-3.937774).
=====================================================
=====================================================
Completed 100 games.

Agent 1 (SHUCT)
Winning score (between 0 and 1) : N=100, mean=0.43 (+/-0.097522).
P1: N=50, mean=0.5 (+/-0.139997).
P2: N=50, mean=0.36 (+/-0.134397).
Game Durations: N=100, mean=58.19 (+/-2.739514).
P1: N=50, mean=59.78 (+/-3.816679).
P2: N=50, mean=56.6 (+/-3.91952).

Agent 2 (SHUCTAnyTime)
Winning score (between 0 and 1) : N=100, mean=0.57 (+/-0.097522).
P1: N=50, mean=0.64 (+/-0.134397).
P2: N=50, mean=0.5 (+/-0.139997).
Game Durations: N=100, mean=58.19 (+/-2.739514).
P1: N=50, mean=56.6 (+/-3.91952).
P2: N=50, mean=59.78 (+/-3.816679).
=====================================================
