Warming up...
Finished warming up!
=====================================================
Completed 1 games.

Agent 1 (SHUCT)
Winning score (between 0 and 1) : N=1, mean=0 (+/-0).
P1: N=0, mean=0 (+/-0).
P2: N=1, mean=0 (+/-0).
Game Durations: N=1, mean=55 (+/-0).
P1: N=0, mean=0 (+/-0).
P2: N=1, mean=55 (+/-0).

Agent 2 (SHUCTAnyTime)
Winning score (between 0 and 1) : N=1, mean=1 (+/-0).
P1: N=1, mean=1 (+/-0).
P2: N=0, mean=0 (+/-0).
Game Durations: N=1, mean=55 (+/-0).
P1: N=1, mean=55 (+/-0).
P2: N=0, mean=0 (+/-0).
=====================================================
=====================================================
Completed 2 games.

Agent 1 (SHUCT)
Winning score (between 0 and 1) : N=2, mean=0 (+/-0).
P1: N=1, mean=0 (+/-0).
P2: N=1, mean=0 (+/-0).
Game Durations: N=2, mean=55.5 (+/-0.97998).
P1: N=1, mean=56 (+/-0).
P2: N=1, mean=55 (+/-0).

Agent 2 (SHUCTAnyTime)
Winning score (between 0 and 1) : N=2, mean=1 (+/-0).
P1: N=1, mean=1 (+/-0).
P2: N=1, mean=1 (+/-0).
Game Durations: N=2, mean=55.5 (+/-0.97998).
P1: N=1, mean=55 (+/-0).
P2: N=1, mean=56 (+/-0).
=====================================================
=====================================================
Completed 3 games.

Agent 1 (SHUCT)
Winning score (between 0 and 1) : N=3, mean=0 (+/-0).
P1: N=1, mean=0 (+/-0).
P2: N=2, mean=0 (+/-0).
Game Durations: N=3, mean=49.333333 (+/-12.099656).
P1: N=1, mean=56 (+/-0).
P2: N=2, mean=46 (+/-17.63964).

Agent 2 (SHUCTAnyTime)
Winning score (between 0 and 1) : N=3, mean=1 (+/-0).
P1: N=2, mean=1 (+/-0).
P2: N=1, mean=1 (+/-0).
Game Durations: N=3, mean=49.333333 (+/-12.099656).
P1: N=2, mean=46 (+/-17.63964).
P2: N=1, mean=56 (+/-0).
=====================================================
=====================================================
Completed 4 games.

Agent 1 (SHUCT)
Winning score (between 0 and 1) : N=4, mean=0 (+/-0).
P1: N=2, mean=0 (+/-0).
P2: N=2, mean=0 (+/-0).
Game Durations: N=4, mean=52.5 (+/-10.569862).
P1: N=2, mean=59 (+/-5.87988).
P2: N=2, mean=46 (+/-17.63964).

Agent 2 (SHUCTAnyTime)
Winning score (between 0 and 1) : N=4, mean=1 (+/-0).
P1: N=2, mean=1 (+/-0).
P2: N=2, mean=1 (+/-0).
Game Durations: N=4, mean=52.5 (+/-10.569862).
P1: N=2, mean=46 (+/-17.63964).
P2: N=2, mean=59 (+/-5.87988).
=====================================================
=====================================================
Completed 5 games.

Agent 1 (SHUCT)
Winning score (between 0 and 1) : N=5, mean=0.2 (+/-0.391992).
P1: N=2, mean=0 (+/-0).
P2: N=3, mean=0.333333 (+/-0.65332).
Game Durations: N=5, mean=51.2 (+/-8.574685).
P1: N=2, mean=59 (+/-5.87988).
P2: N=3, mean=46 (+/-10.184251).

Agent 2 (SHUCTAnyTime)
Winning score (between 0 and 1) : N=5, mean=0.8 (+/-0.391992).
P1: N=3, mean=0.666667 (+/-0.65332).
P2: N=2, mean=1 (+/-0).
Game Durations: N=5, mean=51.2 (+/-8.574685).
P1: N=3, mean=46 (+/-10.184251).
P2: N=2, mean=59 (+/-5.87988).
=====================================================
=====================================================
Completed 10 games.

Agent 1 (SHUCT)
Winning score (between 0 and 1) : N=10, mean=0.3 (+/-0.299389).
P1: N=5, mean=0.2 (+/-0.391992).
P2: N=5, mean=0.4 (+/-0.48009).
Game Durations: N=10, mean=56.4 (+/-10.03309).
P1: N=5, mean=65.4 (+/-15.723717).
P2: N=5, mean=47.4 (+/-7.083025).

Agent 2 (SHUCTAnyTime)
Winning score (between 0 and 1) : N=10, mean=0.7 (+/-0.299389).
P1: N=5, mean=0.6 (+/-0.48009).
P2: N=5, mean=0.8 (+/-0.391992).
Game Durations: N=10, mean=56.4 (+/-10.03309).
P1: N=5, mean=47.4 (+/-7.083025).
P2: N=5, mean=65.4 (+/-15.723717).
=====================================================
=====================================================
Completed 20 games.

Agent 1 (SHUCT)
Winning score (between 0 and 1) : N=20, mean=0.5 (+/-0.224823).
P1: N=10, mean=0.5 (+/-0.32666).
P2: N=10, mean=0.5 (+/-0.32666).
Game Durations: N=20, mean=54.6 (+/-6.871492).
P1: N=10, mean=63.9 (+/-9.111179).
P2: N=10, mean=45.3 (+/-6.520448).

Agent 2 (SHUCTAnyTime)
Winning score (between 0 and 1) : N=20, mean=0.5 (+/-0.224823).
P1: N=10, mean=0.5 (+/-0.32666).
P2: N=10, mean=0.5 (+/-0.32666).
Game Durations: N=20, mean=54.6 (+/-6.871492).
P1: N=10, mean=45.3 (+/-6.520448).
P2: N=10, mean=63.9 (+/-9.111179).
=====================================================
=====================================================
Completed 30 games.

Agent 1 (SHUCT)
Winning score (between 0 and 1) : N=30, mean=0.466667 (+/-0.181573).
P1: N=15, mean=0.533333 (+/-0.261328).
P2: N=15, mean=0.4 (+/-0.256619).
Game Durations: N=30, mean=55.1 (+/-5.494281).
P1: N=15, mean=62.266667 (+/-6.467915).
P2: N=15, mean=47.933333 (+/-7.418974).

Agent 2 (SHUCTAnyTime)
Winning score (between 0 and 1) : N=30, mean=0.533333 (+/-0.181573).
P1: N=15, mean=0.6 (+/-0.256619).
P2: N=15, mean=0.466667 (+/-0.261328).
Game Durations: N=30, mean=55.1 (+/-5.494281).
P1: N=15, mean=47.933333 (+/-7.418974).
P2: N=15, mean=62.266667 (+/-6.467915).
=====================================================
=====================================================
Completed 40 games.

Agent 1 (SHUCT)
Winning score (between 0 and 1) : N=40, mean=0.4 (+/-0.153752).
P1: N=20, mean=0.45 (+/-0.223696).
P2: N=20, mean=0.35 (+/-0.214467).
Game Durations: N=40, mean=55.85 (+/-4.524456).
P1: N=20, mean=59.85 (+/-5.838948).
P2: N=20, mean=51.85 (+/-6.593521).

Agent 2 (SHUCTAnyTime)
Winning score (between 0 and 1) : N=40, mean=0.6 (+/-0.153752).
P1: N=20, mean=0.65 (+/-0.214467).
P2: N=20, mean=0.55 (+/-0.223696).
Game Durations: N=40, mean=55.85 (+/-4.524456).
P1: N=20, mean=51.85 (+/-6.593521).
P2: N=20, mean=59.85 (+/-5.838948).
=====================================================
=====================================================
Completed 50 games.

Agent 1 (SHUCT)
Winning score (between 0 and 1) : N=50, mean=0.42 (+/-0.138194).
P1: N=25, mean=0.44 (+/-0.198592).
P2: N=25, mean=0.4 (+/-0.195996).
Game Durations: N=50, mean=54.32 (+/-3.845797).
P1: N=25, mean=57.4 (+/-5.213887).
P2: N=25, mean=51.24 (+/-5.492879).

Agent 2 (SHUCTAnyTime)
Winning score (between 0 and 1) : N=50, mean=0.58 (+/-0.138194).
P1: N=25, mean=0.6 (+/-0.195996).
P2: N=25, mean=0.56 (+/-0.198592).
Game Durations: N=50, mean=54.32 (+/-3.845797).
P1: N=25, mean=51.24 (+/-5.492879).
P2: N=25, mean=57.4 (+/-5.213887).
=====================================================
=====================================================
Completed 60 games.

Agent 1 (SHUCT)
Winning score (between 0 and 1) : N=60, mean=0.416667 (+/-0.125798).
P1: N=30, mean=0.433333 (+/-0.180353).
P2: N=30, mean=0.4 (+/-0.178301).
Game Durations: N=60, mean=53.316667 (+/-3.412442).
P1: N=30, mean=55.9 (+/-4.922915).
P2: N=30, mean=50.733333 (+/-4.623746).

Agent 2 (SHUCTAnyTime)
Winning score (between 0 and 1) : N=60, mean=0.583333 (+/-0.125798).
P1: N=30, mean=0.6 (+/-0.178301).
P2: N=30, mean=0.566667 (+/-0.180353).
Game Durations: N=60, mean=53.316667 (+/-3.412442).
P1: N=30, mean=50.733333 (+/-4.623746).
P2: N=30, mean=55.9 (+/-4.922915).
=====================================================
=====================================================
Completed 70 games.

Agent 1 (SHUCT)
Winning score (between 0 and 1) : N=70, mean=0.471429 (+/-0.117783).
P1: N=35, mean=0.485714 (+/-0.167997).
P2: N=35, mean=0.457143 (+/-0.167447).
Game Durations: N=70, mean=53.657143 (+/-3.14138).
P1: N=35, mean=56.542857 (+/-4.473254).
P2: N=35, mean=50.771429 (+/-4.261674).

Agent 2 (SHUCTAnyTime)
Winning score (between 0 and 1) : N=70, mean=0.528571 (+/-0.117783).
P1: N=35, mean=0.542857 (+/-0.167447).
P2: N=35, mean=0.514286 (+/-0.167997).
Game Durations: N=70, mean=53.657143 (+/-3.14138).
P1: N=35, mean=50.771429 (+/-4.261674).
P2: N=35, mean=56.542857 (+/-4.473254).
=====================================================
=====================================================
Completed 80 games.

Agent 1 (SHUCT)
Winning score (between 0 and 1) : N=80, mean=0.45 (+/-0.109704).
P1: N=40, mean=0.475 (+/-0.156726).
P2: N=40, mean=0.425 (+/-0.155147).
Game Durations: N=80, mean=53.4 (+/-2.958612).
P1: N=40, mean=55.975 (+/-4.204517).
P2: N=40, mean=50.825 (+/-4.059341).

Agent 2 (SHUCTAnyTime)
Winning score (between 0 and 1) : N=80, mean=0.55 (+/-0.109704).
P1: N=40, mean=0.575 (+/-0.155147).
P2: N=40, mean=0.525 (+/-0.156726).
Game Durations: N=80, mean=53.4 (+/-2.958612).
P1: N=40, mean=50.825 (+/-4.059341).
P2: N=40, mean=55.975 (+/-4.204517).
=====================================================
=====================================================
Completed 90 games.

Agent 1 (SHUCT)
Winning score (between 0 and 1) : N=90, mean=0.455556 (+/-0.103466).
P1: N=45, mean=0.444444 (+/-0.146823).
P2: N=45, mean=0.466667 (+/-0.147409).
Game Durations: N=90, mean=53.488889 (+/-2.715914).
P1: N=45, mean=55.333333 (+/-3.906037).
P2: N=45, mean=51.644444 (+/-3.740172).

Agent 2 (SHUCTAnyTime)
Winning score (between 0 and 1) : N=90, mean=0.544444 (+/-0.103466).
P1: N=45, mean=0.533333 (+/-0.147409).
P2: N=45, mean=0.555556 (+/-0.146823).
Game Durations: N=90, mean=53.488889 (+/-2.715914).
P1: N=45, mean=51.644444 (+/-3.740172).
P2: N=45, mean=55.333333 (+/-3.906037).
=====================================================
=====================================================
Completed 100 games.

Agent 1 (SHUCT)
Winning score (between 0 and 1) : N=100, mean=0.43 (+/-0.097522).
P1: N=50, mean=0.42 (+/-0.138194).
P2: N=50, mean=0.44 (+/-0.138986).
Game Durations: N=100, mean=53.61 (+/-2.587449).
P1: N=50, mean=55.1 (+/-3.718868).
P2: N=50, mean=52.12 (+/-3.588142).

Agent 2 (SHUCTAnyTime)
Winning score (between 0 and 1) : N=100, mean=0.57 (+/-0.097522).
P1: N=50, mean=0.56 (+/-0.138986).
P2: N=50, mean=0.58 (+/-0.138194).
Game Durations: N=100, mean=53.61 (+/-2.587449).
P1: N=50, mean=52.12 (+/-3.588142).
P2: N=50, mean=55.1 (+/-3.718868).
=====================================================
