Warming up...
Finished warming up!
=====================================================
Completed 1 games.

Agent 1 (SHUCT)
Winning score (between 0 and 1) : N=1, mean=0 (+/-0).
P1: N=0, mean=0 (+/-0).
P2: N=1, mean=0 (+/-0).
Game Durations: N=1, mean=71 (+/-0).
P1: N=0, mean=0 (+/-0).
P2: N=1, mean=71 (+/-0).

Agent 2 (SHUCTAnyTime)
Winning score (between 0 and 1) : N=1, mean=1 (+/-0).
P1: N=1, mean=1 (+/-0).
P2: N=0, mean=0 (+/-0).
Game Durations: N=1, mean=71 (+/-0).
P1: N=1, mean=71 (+/-0).
P2: N=0, mean=0 (+/-0).
=====================================================
=====================================================
Completed 2 games.

Agent 1 (SHUCT)
Winning score (between 0 and 1) : N=2, mean=0 (+/-0).
P1: N=1, mean=0 (+/-0).
P2: N=1, mean=0 (+/-0).
Game Durations: N=2, mean=78.5 (+/-14.6997).
P1: N=1, mean=86 (+/-0).
P2: N=1, mean=71 (+/-0).

Agent 2 (SHUCTAnyTime)
Winning score (between 0 and 1) : N=2, mean=1 (+/-0).
P1: N=1, mean=1 (+/-0).
P2: N=1, mean=1 (+/-0).
Game Durations: N=2, mean=78.5 (+/-14.6997).
P1: N=1, mean=71 (+/-0).
P2: N=1, mean=86 (+/-0).
=====================================================
=====================================================
Completed 3 games.

Agent 1 (SHUCT)
Winning score (between 0 and 1) : N=3, mean=0.333333 (+/-0.65332).
P1: N=1, mean=0 (+/-0).
P2: N=2, mean=0.5 (+/-0.97998).
Game Durations: N=3, mean=72.333333 (+/-14.768501).
P1: N=1, mean=86 (+/-0).
P2: N=2, mean=65.5 (+/-10.77978).

Agent 2 (SHUCTAnyTime)
Winning score (between 0 and 1) : N=3, mean=0.666667 (+/-0.65332).
P1: N=2, mean=0.5 (+/-0.97998).
P2: N=1, mean=1 (+/-0).
Game Durations: N=3, mean=72.333333 (+/-14.768501).
P1: N=2, mean=65.5 (+/-10.77978).
P2: N=1, mean=86 (+/-0).
=====================================================
=====================================================
Completed 4 games.

Agent 1 (SHUCT)
Winning score (between 0 and 1) : N=4, mean=0.25 (+/-0.48999).
P1: N=2, mean=0 (+/-0).
P2: N=2, mean=0.5 (+/-0.97998).
Game Durations: N=4, mean=65.25 (+/-17.372201).
P1: N=2, mean=65 (+/-41.15916).
P2: N=2, mean=65.5 (+/-10.77978).

Agent 2 (SHUCTAnyTime)
Winning score (between 0 and 1) : N=4, mean=0.75 (+/-0.48999).
P1: N=2, mean=0.5 (+/-0.97998).
P2: N=2, mean=1 (+/-0).
Game Durations: N=4, mean=65.25 (+/-17.372201).
P1: N=2, mean=65.5 (+/-10.77978).
P2: N=2, mean=65 (+/-41.15916).
=====================================================
=====================================================
Completed 5 games.

Agent 1 (SHUCT)
Winning score (between 0 and 1) : N=5, mean=0.2 (+/-0.391992).
P1: N=2, mean=0 (+/-0).
P2: N=3, mean=0.333333 (+/-0.65332).
Game Durations: N=5, mean=66 (+/-13.5365).
P1: N=2, mean=65 (+/-41.15916).
P2: N=3, mean=66.666667 (+/-6.630474).

Agent 2 (SHUCTAnyTime)
Winning score (between 0 and 1) : N=5, mean=0.8 (+/-0.391992).
P1: N=3, mean=0.666667 (+/-0.65332).
P2: N=2, mean=1 (+/-0).
Game Durations: N=5, mean=66 (+/-13.5365).
P1: N=3, mean=66.666667 (+/-6.630474).
P2: N=2, mean=65 (+/-41.15916).
=====================================================
=====================================================
Completed 10 games.

Agent 1 (SHUCT)
Winning score (between 0 and 1) : N=10, mean=0.3 (+/-0.299389).
P1: N=5, mean=0.2 (+/-0.391992).
P2: N=5, mean=0.4 (+/-0.48009).
Game Durations: N=10, mean=63.6 (+/-8.702654).
P1: N=5, mean=61.8 (+/-17.402856).
P2: N=5, mean=65.4 (+/-5.632967).

Agent 2 (SHUCTAnyTime)
Winning score (between 0 and 1) : N=10, mean=0.7 (+/-0.299389).
P1: N=5, mean=0.6 (+/-0.48009).
P2: N=5, mean=0.8 (+/-0.391992).
Game Durations: N=10, mean=63.6 (+/-8.702654).
P1: N=5, mean=65.4 (+/-5.632967).
P2: N=5, mean=61.8 (+/-17.402856).
=====================================================
=====================================================
Completed 20 games.

Agent 1 (SHUCT)
Winning score (between 0 and 1) : N=20, mean=0.4 (+/-0.22028).
P1: N=10, mean=0.4 (+/-0.32006).
P2: N=10, mean=0.4 (+/-0.32006).
Game Durations: N=20, mean=63.3 (+/-6.475678).
P1: N=10, mean=64.8 (+/-11.288644).
P2: N=10, mean=61.8 (+/-6.906677).

Agent 2 (SHUCTAnyTime)
Winning score (between 0 and 1) : N=20, mean=0.6 (+/-0.22028).
P1: N=10, mean=0.6 (+/-0.32006).
P2: N=10, mean=0.6 (+/-0.32006).
Game Durations: N=20, mean=63.3 (+/-6.475678).
P1: N=10, mean=61.8 (+/-6.906677).
P2: N=10, mean=64.8 (+/-11.288644).
=====================================================
=====================================================
Completed 30 games.

Agent 1 (SHUCT)
Winning score (between 0 and 1) : N=30, mean=0.3 (+/-0.166785).
P1: N=15, mean=0.333333 (+/-0.246932).
P2: N=15, mean=0.266667 (+/-0.231643).
Game Durations: N=30, mean=63.933333 (+/-5.780619).
P1: N=15, mean=66.2 (+/-8.377212).
P2: N=15, mean=61.666667 (+/-8.089418).

Agent 2 (SHUCTAnyTime)
Winning score (between 0 and 1) : N=30, mean=0.7 (+/-0.166785).
P1: N=15, mean=0.733333 (+/-0.231643).
P2: N=15, mean=0.666667 (+/-0.246932).
Game Durations: N=30, mean=63.933333 (+/-5.780619).
P1: N=15, mean=61.666667 (+/-8.089418).
P2: N=15, mean=66.2 (+/-8.377212).
=====================================================
=====================================================
Completed 40 games.

Agent 1 (SHUCT)
Winning score (between 0 and 1) : N=40, mean=0.35 (+/-0.149694).
P1: N=20, mean=0.35 (+/-0.214467).
P2: N=20, mean=0.35 (+/-0.214467).
Game Durations: N=40, mean=62.85 (+/-4.518466).
P1: N=20, mean=65.15 (+/-6.466578).
P2: N=20, mean=60.55 (+/-6.31344).

Agent 2 (SHUCTAnyTime)
Winning score (between 0 and 1) : N=40, mean=0.65 (+/-0.149694).
P1: N=20, mean=0.65 (+/-0.214467).
P2: N=20, mean=0.65 (+/-0.214467).
Game Durations: N=40, mean=62.85 (+/-4.518466).
P1: N=20, mean=60.55 (+/-6.31344).
P2: N=20, mean=65.15 (+/-6.466578).
=====================================================
=====================================================
Completed 50 games.

Agent 1 (SHUCT)
Winning score (between 0 and 1) : N=50, mean=0.36 (+/-0.134397).
P1: N=25, mean=0.36 (+/-0.192036).
P2: N=25, mean=0.36 (+/-0.192036).
Game Durations: N=50, mean=61.42 (+/-4.019489).
P1: N=25, mean=62.6 (+/-6.249374).
P2: N=25, mean=60.24 (+/-5.14501).

Agent 2 (SHUCTAnyTime)
Winning score (between 0 and 1) : N=50, mean=0.64 (+/-0.134397).
P1: N=25, mean=0.64 (+/-0.192036).
P2: N=25, mean=0.64 (+/-0.192036).
Game Durations: N=50, mean=61.42 (+/-4.019489).
P1: N=25, mean=60.24 (+/-5.14501).
P2: N=25, mean=62.6 (+/-6.249374).
=====================================================
=====================================================
Completed 60 games.

Agent 1 (SHUCT)
Winning score (between 0 and 1) : N=60, mean=0.366667 (+/-0.122963).
P1: N=30, mean=0.366667 (+/-0.175388).
P2: N=30, mean=0.366667 (+/-0.175388).
Game Durations: N=60, mean=61.5 (+/-3.561206).
P1: N=30, mean=62.566667 (+/-5.500974).
P2: N=30, mean=60.433333 (+/-4.587074).

Agent 2 (SHUCTAnyTime)
Winning score (between 0 and 1) : N=60, mean=0.633333 (+/-0.122963).
P1: N=30, mean=0.633333 (+/-0.175388).
P2: N=30, mean=0.633333 (+/-0.175388).
Game Durations: N=60, mean=61.5 (+/-3.561206).
P1: N=30, mean=60.433333 (+/-4.587074).
P2: N=30, mean=62.566667 (+/-5.500974).
=====================================================
=====================================================
Completed 70 games.

Agent 1 (SHUCT)
Winning score (between 0 and 1) : N=70, mean=0.357143 (+/-0.113058).
P1: N=35, mean=0.371429 (+/-0.162414).
P2: N=35, mean=0.342857 (+/-0.159549).
Game Durations: N=70, mean=60.885714 (+/-3.217094).
P1: N=35, mean=61.971429 (+/-4.783715).
P2: N=35, mean=59.8 (+/-4.342498).

Agent 2 (SHUCTAnyTime)
Winning score (between 0 and 1) : N=70, mean=0.642857 (+/-0.113058).
P1: N=35, mean=0.657143 (+/-0.159549).
P2: N=35, mean=0.628571 (+/-0.162414).
Game Durations: N=70, mean=60.885714 (+/-3.217094).
P1: N=35, mean=59.8 (+/-4.342498).
P2: N=35, mean=61.971429 (+/-4.783715).
=====================================================
=====================================================
Completed 80 games.

Agent 1 (SHUCT)
Winning score (between 0 and 1) : N=80, mean=0.3625 (+/-0.106005).
P1: N=40, mean=0.375 (+/-0.151939).
P2: N=40, mean=0.35 (+/-0.149694).
Game Durations: N=80, mean=61.2375 (+/-2.922364).
P1: N=40, mean=61.825 (+/-4.301441).
P2: N=40, mean=60.65 (+/-4.003551).

Agent 2 (SHUCTAnyTime)
Winning score (between 0 and 1) : N=80, mean=0.6375 (+/-0.106005).
P1: N=40, mean=0.65 (+/-0.149694).
P2: N=40, mean=0.625 (+/-0.151939).
Game Durations: N=80, mean=61.2375 (+/-2.922364).
P1: N=40, mean=60.65 (+/-4.003551).
P2: N=40, mean=61.825 (+/-4.301441).
=====================================================
=====================================================
Completed 90 games.

Agent 1 (SHUCT)
Winning score (between 0 and 1) : N=90, mean=0.366667 (+/-0.100116).
P1: N=45, mean=0.355556 (+/-0.141438).
P2: N=45, mean=0.377778 (+/-0.143256).
Game Durations: N=90, mean=61.333333 (+/-2.761749).
P1: N=45, mean=62.533333 (+/-4.165442).
P2: N=45, mean=60.133333 (+/-3.640517).

Agent 2 (SHUCTAnyTime)
Winning score (between 0 and 1) : N=90, mean=0.633333 (+/-0.100116).
P1: N=45, mean=0.622222 (+/-0.143256).
P2: N=45, mean=0.644444 (+/-0.141438).
Game Durations: N=90, mean=61.333333 (+/-2.761749).
P1: N=45, mean=60.133333 (+/-3.640517).
P2: N=45, mean=62.533333 (+/-4.165442).
=====================================================
=====================================================
Completed 100 games.

Agent 1 (SHUCT)
Winning score (between 0 and 1) : N=100, mean=0.39 (+/-0.096079).
P1: N=50, mean=0.38 (+/-0.135905).
P2: N=50, mean=0.4 (+/-0.137169).
Game Durations: N=100, mean=61.49 (+/-2.650067).
P1: N=50, mean=62.3 (+/-3.963378).
P2: N=50, mean=60.68 (+/-3.544971).

Agent 2 (SHUCTAnyTime)
Winning score (between 0 and 1) : N=100, mean=0.61 (+/-0.096079).
P1: N=50, mean=0.6 (+/-0.137169).
P2: N=50, mean=0.62 (+/-0.135905).
Game Durations: N=100, mean=61.49 (+/-2.650067).
P1: N=50, mean=60.68 (+/-3.544971).
P2: N=50, mean=62.3 (+/-3.963378).
=====================================================
