Warming up...
Finished warming up!
=====================================================
Completed 1 games.

Agent 1 (Example UCT)
Winning score (between 0 and 1) : N=1, mean=0 (+/-0).
P1: N=1, mean=0 (+/-0).
P2: N=0, mean=0 (+/-0).
Game Durations: N=1, mean=26 (+/-0).
P1: N=1, mean=26 (+/-0).
P2: N=0, mean=0 (+/-0).

Agent 2 (SHUCT)
Winning score (between 0 and 1) : N=1, mean=1 (+/-0).
P1: N=0, mean=0 (+/-0).
P2: N=1, mean=1 (+/-0).
Game Durations: N=1, mean=26 (+/-0).
P1: N=0, mean=0 (+/-0).
P2: N=1, mean=26 (+/-0).
=====================================================
=====================================================
Completed 2 games.

Agent 1 (Example UCT)
Winning score (between 0 and 1) : N=2, mean=0.5 (+/-0.97998).
P1: N=1, mean=0 (+/-0).
P2: N=1, mean=1 (+/-0).
Game Durations: N=2, mean=31 (+/-9.7998).
P1: N=1, mean=26 (+/-0).
P2: N=1, mean=36 (+/-0).

Agent 2 (SHUCT)
Winning score (between 0 and 1) : N=2, mean=0.5 (+/-0.97998).
P1: N=1, mean=0 (+/-0).
P2: N=1, mean=1 (+/-0).
Game Durations: N=2, mean=31 (+/-9.7998).
P1: N=1, mean=36 (+/-0).
P2: N=1, mean=26 (+/-0).
=====================================================
=====================================================
Completed 3 games.

Agent 1 (Example UCT)
Winning score (between 0 and 1) : N=3, mean=0.333333 (+/-0.65332).
P1: N=2, mean=0 (+/-0).
P2: N=1, mean=1 (+/-0).
Game Durations: N=3, mean=28.666667 (+/-7.275064).
P1: N=2, mean=25 (+/-1.95996).
P2: N=1, mean=36 (+/-0).

Agent 2 (SHUCT)
Winning score (between 0 and 1) : N=3, mean=0.666667 (+/-0.65332).
P1: N=1, mean=0 (+/-0).
P2: N=2, mean=1 (+/-0).
Game Durations: N=3, mean=28.666667 (+/-7.275064).
P1: N=1, mean=36 (+/-0).
P2: N=2, mean=25 (+/-1.95996).
=====================================================
=====================================================
Completed 4 games.

Agent 1 (Example UCT)
Winning score (between 0 and 1) : N=4, mean=0.25 (+/-0.48999).
P1: N=2, mean=0 (+/-0).
P2: N=2, mean=0.5 (+/-0.97998).
Game Durations: N=4, mean=44.75 (+/-31.939682).
P1: N=2, mean=25 (+/-1.95996).
P2: N=2, mean=64.5 (+/-55.85886).

Agent 2 (SHUCT)
Winning score (between 0 and 1) : N=4, mean=0.75 (+/-0.48999).
P1: N=2, mean=0.5 (+/-0.97998).
P2: N=2, mean=1 (+/-0).
Game Durations: N=4, mean=44.75 (+/-31.939682).
P1: N=2, mean=64.5 (+/-55.85886).
P2: N=2, mean=25 (+/-1.95996).
=====================================================
=====================================================
Completed 5 games.

Agent 1 (Example UCT)
Winning score (between 0 and 1) : N=5, mean=0.2 (+/-0.391992).
P1: N=3, mean=0 (+/-0).
P2: N=2, mean=0.5 (+/-0.97998).
Game Durations: N=5, mean=43.4 (+/-24.881459).
P1: N=3, mean=29.333333 (+/-8.568211).
P2: N=2, mean=64.5 (+/-55.85886).

Agent 2 (SHUCT)
Winning score (between 0 and 1) : N=5, mean=0.8 (+/-0.391992).
P1: N=2, mean=0.5 (+/-0.97998).
P2: N=3, mean=1 (+/-0).
Game Durations: N=5, mean=43.4 (+/-24.881459).
P1: N=2, mean=64.5 (+/-55.85886).
P2: N=3, mean=29.333333 (+/-8.568211).
=====================================================
=====================================================
Completed 10 games.

Agent 1 (Example UCT)
Winning score (between 0 and 1) : N=10, mean=0.3 (+/-0.299389).
P1: N=5, mean=0 (+/-0).
P2: N=5, mean=0.6 (+/-0.48009).
Game Durations: N=10, mean=39.8 (+/-14.081433).
P1: N=5, mean=27.6 (+/-10.620018).
P2: N=5, mean=52 (+/-22.217683).

Agent 2 (SHUCT)
Winning score (between 0 and 1) : N=10, mean=0.7 (+/-0.299389).
P1: N=5, mean=0.4 (+/-0.48009).
P2: N=5, mean=1 (+/-0).
Game Durations: N=10, mean=39.8 (+/-14.081433).
P1: N=5, mean=52 (+/-22.217683).
P2: N=5, mean=27.6 (+/-10.620018).
=====================================================
=====================================================
Completed 20 games.

Agent 1 (Example UCT)
Winning score (between 0 and 1) : N=20, mean=0.3 (+/-0.206054).
P1: N=10, mean=0 (+/-0).
P2: N=10, mean=0.6 (+/-0.32006).
Game Durations: N=20, mean=39.1 (+/-9.66257).
P1: N=10, mean=28.2 (+/-6.800807).
P2: N=10, mean=50 (+/-15.701442).

Agent 2 (SHUCT)
Winning score (between 0 and 1) : N=20, mean=0.7 (+/-0.206054).
P1: N=10, mean=0.4 (+/-0.32006).
P2: N=10, mean=1 (+/-0).
Game Durations: N=20, mean=39.1 (+/-9.66257).
P1: N=10, mean=50 (+/-15.701442).
P2: N=10, mean=28.2 (+/-6.800807).
=====================================================
=====================================================
Completed 30 games.

Agent 1 (Example UCT)
Winning score (between 0 and 1) : N=30, mean=0.366667 (+/-0.175388).
P1: N=15, mean=0 (+/-0).
P2: N=15, mean=0.733333 (+/-0.231643).
Game Durations: N=30, mean=33.666667 (+/-7.286586).
P1: N=15, mean=26.8 (+/-5.352897).
P2: N=15, mean=40.533333 (+/-12.862087).

Agent 2 (SHUCT)
Winning score (between 0 and 1) : N=30, mean=0.633333 (+/-0.175388).
P1: N=15, mean=0.266667 (+/-0.231643).
P2: N=15, mean=1 (+/-0).
Game Durations: N=30, mean=33.666667 (+/-7.286586).
P1: N=15, mean=40.533333 (+/-12.862087).
P2: N=15, mean=26.8 (+/-5.352897).
=====================================================
=====================================================
Completed 40 games.

Agent 1 (Example UCT)
Winning score (between 0 and 1) : N=40, mean=0.4 (+/-0.153752).
P1: N=20, mean=0 (+/-0).
P2: N=20, mean=0.8 (+/-0.179858).
Game Durations: N=40, mean=37.1 (+/-6.72822).
P1: N=20, mean=27.5 (+/-5.054265).
P2: N=20, mean=46.7 (+/-11.091857).

Agent 2 (SHUCT)
Winning score (between 0 and 1) : N=40, mean=0.6 (+/-0.153752).
P1: N=20, mean=0.2 (+/-0.179858).
P2: N=20, mean=1 (+/-0).
Game Durations: N=40, mean=37.1 (+/-6.72822).
P1: N=20, mean=46.7 (+/-11.091857).
P2: N=20, mean=27.5 (+/-5.054265).
=====================================================
=====================================================
Completed 50 games.

Agent 1 (Example UCT)
Winning score (between 0 and 1) : N=50, mean=0.38 (+/-0.135905).
P1: N=25, mean=0 (+/-0).
P2: N=25, mean=0.76 (+/-0.170865).
Game Durations: N=50, mean=37.92 (+/-5.81225).
P1: N=25, mean=31.68 (+/-6.150986).
P2: N=25, mean=44.16 (+/-9.361882).

Agent 2 (SHUCT)
Winning score (between 0 and 1) : N=50, mean=0.62 (+/-0.135905).
P1: N=25, mean=0.24 (+/-0.170865).
P2: N=25, mean=1 (+/-0).
Game Durations: N=50, mean=37.92 (+/-5.81225).
P1: N=25, mean=44.16 (+/-9.361882).
P2: N=25, mean=31.68 (+/-6.150986).
=====================================================
=====================================================
Completed 60 games.

Agent 1 (Example UCT)
Winning score (between 0 and 1) : N=60, mean=0.4 (+/-0.125005).
P1: N=30, mean=0 (+/-0).
P2: N=30, mean=0.8 (+/-0.145582).
Game Durations: N=60, mean=36.233333 (+/-5.148471).
P1: N=30, mean=30.2 (+/-5.611212).
P2: N=30, mean=42.266667 (+/-8.168581).

Agent 2 (SHUCT)
Winning score (between 0 and 1) : N=60, mean=0.6 (+/-0.125005).
P1: N=30, mean=0.2 (+/-0.145582).
P2: N=30, mean=1 (+/-0).
Game Durations: N=60, mean=36.233333 (+/-5.148471).
P1: N=30, mean=42.266667 (+/-8.168581).
P2: N=30, mean=30.2 (+/-5.611212).
=====================================================
=====================================================
Completed 70 games.

Agent 1 (Example UCT)
Winning score (between 0 and 1) : N=70, mean=0.414286 (+/-0.116229).
P1: N=35, mean=0 (+/-0).
P2: N=35, mean=0.828571 (+/-0.126682).
Game Durations: N=70, mean=36.457143 (+/-4.701754).
P1: N=35, mean=30.057143 (+/-4.959615).
P2: N=35, mean=42.857143 (+/-7.47482).

Agent 2 (SHUCT)
Winning score (between 0 and 1) : N=70, mean=0.585714 (+/-0.116229).
P1: N=35, mean=0.171429 (+/-0.126682).
P2: N=35, mean=1 (+/-0).
Game Durations: N=70, mean=36.457143 (+/-4.701754).
P1: N=35, mean=42.857143 (+/-7.47482).
P2: N=35, mean=30.057143 (+/-4.959615).
=====================================================
=====================================================
Completed 80 games.

Agent 1 (Example UCT)
Winning score (between 0 and 1) : N=80, mean=0.4 (+/-0.108029).
P1: N=40, mean=0 (+/-0).
P2: N=40, mean=0.8 (+/-0.125538).
Game Durations: N=80, mean=35.85 (+/-4.206985).
P1: N=40, mean=30.05 (+/-4.52957).
P2: N=40, mean=41.65 (+/-6.675217).

Agent 2 (SHUCT)
Winning score (between 0 and 1) : N=80, mean=0.6 (+/-0.108029).
P1: N=40, mean=0.2 (+/-0.125538).
P2: N=40, mean=1 (+/-0).
Game Durations: N=80, mean=35.85 (+/-4.206985).
P1: N=40, mean=41.65 (+/-6.675217).
P2: N=40, mean=30.05 (+/-4.52957).
=====================================================
=====================================================
Completed 90 games.

Agent 1 (Example UCT)
Winning score (between 0 and 1) : N=90, mean=0.4 (+/-0.101779).
P1: N=45, mean=0 (+/-0).
P2: N=45, mean=0.8 (+/-0.11819).
Game Durations: N=90, mean=36.055556 (+/-3.921677).
P1: N=45, mean=30.533333 (+/-4.300198).
P2: N=45, mean=41.577778 (+/-6.196839).

Agent 2 (SHUCT)
Winning score (between 0 and 1) : N=90, mean=0.6 (+/-0.101779).
P1: N=45, mean=0.2 (+/-0.11819).
P2: N=45, mean=1 (+/-0).
Game Durations: N=90, mean=36.055556 (+/-3.921677).
P1: N=45, mean=41.577778 (+/-6.196839).
P2: N=45, mean=30.533333 (+/-4.300198).
=====================================================
=====================================================
Completed 100 games.

Agent 1 (Example UCT)
Winning score (between 0 and 1) : N=100, mean=0.4 (+/-0.096502).
P1: N=50, mean=0 (+/-0).
P2: N=50, mean=0.8 (+/-0.111998).
Game Durations: N=100, mean=36.06 (+/-3.725312).
P1: N=50, mean=30.12 (+/-4.02633).
P2: N=50, mean=42 (+/-5.859579).

Agent 2 (SHUCT)
Winning score (between 0 and 1) : N=100, mean=0.6 (+/-0.096502).
P1: N=50, mean=0.2 (+/-0.111998).
P2: N=50, mean=1 (+/-0).
Game Durations: N=100, mean=36.06 (+/-3.725312).
P1: N=50, mean=42 (+/-5.859579).
P2: N=50, mean=30.12 (+/-4.02633).
=====================================================
=====================================================
Completed 110 games.

Agent 1 (Example UCT)
Winning score (between 0 and 1) : N=110, mean=0.409091 (+/-0.092301).
P1: N=55, mean=0 (+/-0).
P2: N=55, mean=0.818182 (+/-0.102871).
Game Durations: N=110, mean=35.945455 (+/-3.48802).
P1: N=55, mean=30.909091 (+/-4.000678).
P2: N=55, mean=40.981818 (+/-5.431527).

Agent 2 (SHUCT)
Winning score (between 0 and 1) : N=110, mean=0.590909 (+/-0.092301).
P1: N=55, mean=0.181818 (+/-0.102871).
P2: N=55, mean=1 (+/-0).
Game Durations: N=110, mean=35.945455 (+/-3.48802).
P1: N=55, mean=40.981818 (+/-5.431527).
P2: N=55, mean=30.909091 (+/-4.000678).
=====================================================
=====================================================
Completed 120 games.

Agent 1 (Example UCT)
Winning score (between 0 and 1) : N=120, mean=0.425 (+/-0.088818).
P1: N=60, mean=0.016667 (+/-0.032666).
P2: N=60, mean=0.833333 (+/-0.095094).
Game Durations: N=120, mean=35.625 (+/-3.229973).
P1: N=60, mean=30.85 (+/-3.712579).
P2: N=60, mean=40.4 (+/-5.033116).

Agent 2 (SHUCT)
Winning score (between 0 and 1) : N=120, mean=0.575 (+/-0.088818).
P1: N=60, mean=0.166667 (+/-0.095094).
P2: N=60, mean=0.983333 (+/-0.032666).
Game Durations: N=120, mean=35.625 (+/-3.229973).
P1: N=60, mean=40.4 (+/-5.033116).
P2: N=60, mean=30.85 (+/-3.712579).
=====================================================
=====================================================
Completed 130 games.

Agent 1 (Example UCT)
Winning score (between 0 and 1) : N=130, mean=0.415385 (+/-0.085038).
P1: N=65, mean=0.015385 (+/-0.030153).
P2: N=65, mean=0.815385 (+/-0.095054).
Game Durations: N=130, mean=35.392308 (+/-3.039863).
P1: N=65, mean=31.030769 (+/-3.459944).
P2: N=65, mean=39.753846 (+/-4.795519).

Agent 2 (SHUCT)
Winning score (between 0 and 1) : N=130, mean=0.584615 (+/-0.085038).
P1: N=65, mean=0.184615 (+/-0.095054).
P2: N=65, mean=0.984615 (+/-0.030153).
Game Durations: N=130, mean=35.392308 (+/-3.039863).
P1: N=65, mean=39.753846 (+/-4.795519).
P2: N=65, mean=31.030769 (+/-3.459944).
=====================================================
=====================================================
Completed 140 games.

Agent 1 (Example UCT)
Winning score (between 0 and 1) : N=140, mean=0.421429 (+/-0.082088).
P1: N=70, mean=0.028571 (+/-0.039309).
P2: N=70, mean=0.814286 (+/-0.091756).
Game Durations: N=140, mean=35.364286 (+/-2.906086).
P1: N=70, mean=30.571429 (+/-3.248346).
P2: N=70, mean=40.157143 (+/-4.573466).

Agent 2 (SHUCT)
Winning score (between 0 and 1) : N=140, mean=0.578571 (+/-0.082088).
P1: N=70, mean=0.185714 (+/-0.091756).
P2: N=70, mean=0.971429 (+/-0.039309).
Game Durations: N=140, mean=35.364286 (+/-2.906086).
P1: N=70, mean=40.157143 (+/-4.573466).
P2: N=70, mean=30.571429 (+/-3.248346).
=====================================================
=====================================================
Completed 150 games.

Agent 1 (Example UCT)
Winning score (between 0 and 1) : N=150, mean=0.426667 (+/-0.079415).
P1: N=75, mean=0.026667 (+/-0.036707).
P2: N=75, mean=0.826667 (+/-0.086246).
Game Durations: N=150, mean=35.286667 (+/-2.790918).
P1: N=75, mean=30.906667 (+/-3.231201).
P2: N=75, mean=39.666667 (+/-4.351433).

Agent 2 (SHUCT)
Winning score (between 0 and 1) : N=150, mean=0.573333 (+/-0.079415).
P1: N=75, mean=0.173333 (+/-0.086246).
P2: N=75, mean=0.973333 (+/-0.036707).
Game Durations: N=150, mean=35.286667 (+/-2.790918).
P1: N=75, mean=39.666667 (+/-4.351433).
P2: N=75, mean=30.906667 (+/-3.231201).
=====================================================
