Warming up...
Finished warming up!
=====================================================
Completed 1 games.

Agent 1 (Example UCT)
Winning score (between 0 and 1) : N=1, mean=1 (+/-0).
P1: N=1, mean=1 (+/-0).
P2: N=0, mean=0 (+/-0).
Game Durations: N=1, mean=57 (+/-0).
P1: N=1, mean=57 (+/-0).
P2: N=0, mean=0 (+/-0).

Agent 2 (SHUCT)
Winning score (between 0 and 1) : N=1, mean=0 (+/-0).
P1: N=0, mean=0 (+/-0).
P2: N=1, mean=0 (+/-0).
Game Durations: N=1, mean=57 (+/-0).
P1: N=0, mean=0 (+/-0).
P2: N=1, mean=57 (+/-0).
=====================================================
=====================================================
Completed 2 games.

Agent 1 (Example UCT)
Winning score (between 0 and 1) : N=2, mean=1 (+/-0).
P1: N=1, mean=1 (+/-0).
P2: N=1, mean=1 (+/-0).
Game Durations: N=2, mean=42.5 (+/-28.41942).
P1: N=1, mean=57 (+/-0).
P2: N=1, mean=28 (+/-0).

Agent 2 (SHUCT)
Winning score (between 0 and 1) : N=2, mean=0 (+/-0).
P1: N=1, mean=0 (+/-0).
P2: N=1, mean=0 (+/-0).
Game Durations: N=2, mean=42.5 (+/-28.41942).
P1: N=1, mean=28 (+/-0).
P2: N=1, mean=57 (+/-0).
=====================================================
=====================================================
Completed 3 games.

Agent 1 (Example UCT)
Winning score (between 0 and 1) : N=3, mean=0.666667 (+/-0.65332).
P1: N=2, mean=0.5 (+/-0.97998).
P2: N=1, mean=1 (+/-0).
Game Durations: N=3, mean=39.666667 (+/-17.322223).
P1: N=2, mean=45.5 (+/-22.53954).
P2: N=1, mean=28 (+/-0).

Agent 2 (SHUCT)
Winning score (between 0 and 1) : N=3, mean=0.333333 (+/-0.65332).
P1: N=1, mean=0 (+/-0).
P2: N=2, mean=0.5 (+/-0.97998).
Game Durations: N=3, mean=39.666667 (+/-17.322223).
P1: N=1, mean=28 (+/-0).
P2: N=2, mean=45.5 (+/-22.53954).
=====================================================
=====================================================
Completed 4 games.

Agent 1 (Example UCT)
Winning score (between 0 and 1) : N=4, mean=0.75 (+/-0.48999).
P1: N=2, mean=0.5 (+/-0.97998).
P2: N=2, mean=1 (+/-0).
Game Durations: N=4, mean=40.25 (+/-12.301905).
P1: N=2, mean=45.5 (+/-22.53954).
P2: N=2, mean=35 (+/-13.71972).

Agent 2 (SHUCT)
Winning score (between 0 and 1) : N=4, mean=0.25 (+/-0.48999).
P1: N=2, mean=0 (+/-0).
P2: N=2, mean=0.5 (+/-0.97998).
Game Durations: N=4, mean=40.25 (+/-12.301905).
P1: N=2, mean=35 (+/-13.71972).
P2: N=2, mean=45.5 (+/-22.53954).
=====================================================
=====================================================
Completed 5 games.

Agent 1 (Example UCT)
Winning score (between 0 and 1) : N=5, mean=0.6 (+/-0.48009).
P1: N=3, mean=0.333333 (+/-0.65332).
P2: N=2, mean=1 (+/-0).
Game Durations: N=5, mean=44.6 (+/-12.786392).
P1: N=3, mean=51 (+/-16.898144).
P2: N=2, mean=35 (+/-13.71972).

Agent 2 (SHUCT)
Winning score (between 0 and 1) : N=5, mean=0.4 (+/-0.48009).
P1: N=2, mean=0 (+/-0).
P2: N=3, mean=0.666667 (+/-0.65332).
Game Durations: N=5, mean=44.6 (+/-12.786392).
P1: N=2, mean=35 (+/-13.71972).
P2: N=3, mean=51 (+/-16.898144).
=====================================================
=====================================================
Completed 10 games.

Agent 1 (Example UCT)
Winning score (between 0 and 1) : N=10, mean=0.6 (+/-0.32006).
P1: N=5, mean=0.2 (+/-0.391992).
P2: N=5, mean=1 (+/-0).
Game Durations: N=10, mean=51.3 (+/-19.983584).
P1: N=5, mean=41.4 (+/-14.895696).
P2: N=5, mean=61.2 (+/-37.241303).

Agent 2 (SHUCT)
Winning score (between 0 and 1) : N=10, mean=0.4 (+/-0.32006).
P1: N=5, mean=0 (+/-0).
P2: N=5, mean=0.8 (+/-0.391992).
Game Durations: N=10, mean=51.3 (+/-19.983584).
P1: N=5, mean=61.2 (+/-37.241303).
P2: N=5, mean=41.4 (+/-14.895696).
=====================================================
=====================================================
Completed 20 games.

Agent 1 (Example UCT)
Winning score (between 0 and 1) : N=20, mean=0.55 (+/-0.223696).
P1: N=10, mean=0.1 (+/-0.195996).
P2: N=10, mean=1 (+/-0).
Game Durations: N=20, mean=47.05 (+/-13.127401).
P1: N=10, mean=33.3 (+/-10.087608).
P2: N=10, mean=60.8 (+/-21.551243).

Agent 2 (SHUCT)
Winning score (between 0 and 1) : N=20, mean=0.45 (+/-0.223696).
P1: N=10, mean=0 (+/-0).
P2: N=10, mean=0.9 (+/-0.195996).
Game Durations: N=20, mean=47.05 (+/-13.127401).
P1: N=10, mean=60.8 (+/-21.551243).
P2: N=10, mean=33.3 (+/-10.087608).
=====================================================
=====================================================
Completed 30 games.

Agent 1 (Example UCT)
Winning score (between 0 and 1) : N=30, mean=0.533333 (+/-0.181573).
P1: N=15, mean=0.066667 (+/-0.130664).
P2: N=15, mean=1 (+/-0).
Game Durations: N=30, mean=42.833333 (+/-10.273641).
P1: N=15, mean=30.6 (+/-8.168478).
P2: N=15, mean=55.066667 (+/-16.982874).

Agent 2 (SHUCT)
Winning score (between 0 and 1) : N=30, mean=0.466667 (+/-0.181573).
P1: N=15, mean=0 (+/-0).
P2: N=15, mean=0.933333 (+/-0.130664).
Game Durations: N=30, mean=42.833333 (+/-10.273641).
P1: N=15, mean=55.066667 (+/-16.982874).
P2: N=15, mean=30.6 (+/-8.168478).
=====================================================
=====================================================
Completed 40 games.

Agent 1 (Example UCT)
Winning score (between 0 and 1) : N=40, mean=0.525 (+/-0.156726).
P1: N=20, mean=0.05 (+/-0.097998).
P2: N=20, mean=1 (+/-0).
Game Durations: N=40, mean=40.425 (+/-8.842653).
P1: N=20, mean=28.05 (+/-6.422972).
P2: N=20, mean=52.8 (+/-14.758793).

Agent 2 (SHUCT)
Winning score (between 0 and 1) : N=40, mean=0.475 (+/-0.156726).
P1: N=20, mean=0 (+/-0).
P2: N=20, mean=0.95 (+/-0.097998).
Game Durations: N=40, mean=40.425 (+/-8.842653).
P1: N=20, mean=52.8 (+/-14.758793).
P2: N=20, mean=28.05 (+/-6.422972).
=====================================================
=====================================================
Completed 50 games.

Agent 1 (Example UCT)
Winning score (between 0 and 1) : N=50, mean=0.52 (+/-0.139885).
P1: N=25, mean=0.04 (+/-0.078398).
P2: N=25, mean=1 (+/-0).
Game Durations: N=50, mean=40.86 (+/-7.791695).
P1: N=25, mean=27.72 (+/-5.214525).
P2: N=25, mean=54 (+/-12.862276).

Agent 2 (SHUCT)
Winning score (between 0 and 1) : N=50, mean=0.48 (+/-0.139885).
P1: N=25, mean=0 (+/-0).
P2: N=25, mean=0.96 (+/-0.078398).
Game Durations: N=50, mean=40.86 (+/-7.791695).
P1: N=25, mean=54 (+/-12.862276).
P2: N=25, mean=27.72 (+/-5.214525).
=====================================================
=====================================================
Completed 60 games.

Agent 1 (Example UCT)
Winning score (between 0 and 1) : N=60, mean=0.516667 (+/-0.127512).
P1: N=30, mean=0.033333 (+/-0.065332).
P2: N=30, mean=1 (+/-0).
Game Durations: N=60, mean=42.283333 (+/-7.112363).
P1: N=30, mean=30.033333 (+/-5.957083).
P2: N=30, mean=54.533333 (+/-11.427557).

Agent 2 (SHUCT)
Winning score (between 0 and 1) : N=60, mean=0.483333 (+/-0.127512).
P1: N=30, mean=0 (+/-0).
P2: N=30, mean=0.966667 (+/-0.065332).
Game Durations: N=60, mean=42.283333 (+/-7.112363).
P1: N=30, mean=54.533333 (+/-11.427557).
P2: N=30, mean=30.033333 (+/-5.957083).
=====================================================
=====================================================
Completed 70 games.

Agent 1 (Example UCT)
Winning score (between 0 and 1) : N=70, mean=0.514286 (+/-0.117928).
P1: N=35, mean=0.028571 (+/-0.055999).
P2: N=35, mean=1 (+/-0).
Game Durations: N=70, mean=42.185714 (+/-6.639938).
P1: N=35, mean=29 (+/-5.405029).
P2: N=35, mean=55.371429 (+/-10.509371).

Agent 2 (SHUCT)
Winning score (between 0 and 1) : N=70, mean=0.485714 (+/-0.117928).
P1: N=35, mean=0 (+/-0).
P2: N=35, mean=0.971429 (+/-0.055999).
Game Durations: N=70, mean=42.185714 (+/-6.639938).
P1: N=35, mean=55.371429 (+/-10.509371).
P2: N=35, mean=29 (+/-5.405029).
=====================================================
=====================================================
Completed 80 games.

Agent 1 (Example UCT)
Winning score (between 0 and 1) : N=80, mean=0.5125 (+/-0.110222).
P1: N=40, mean=0.025 (+/-0.048999).
P2: N=40, mean=1 (+/-0).
Game Durations: N=80, mean=40.8625 (+/-5.993602).
P1: N=40, mean=29.175 (+/-5.179336).
P2: N=40, mean=52.55 (+/-9.581252).

Agent 2 (SHUCT)
Winning score (between 0 and 1) : N=80, mean=0.4875 (+/-0.110222).
P1: N=40, mean=0 (+/-0).
P2: N=40, mean=0.975 (+/-0.048999).
Game Durations: N=80, mean=40.8625 (+/-5.993602).
P1: N=40, mean=52.55 (+/-9.581252).
P2: N=40, mean=29.175 (+/-5.179336).
=====================================================
=====================================================
Completed 90 games.

Agent 1 (Example UCT)
Winning score (between 0 and 1) : N=90, mean=0.511111 (+/-0.103852).
P1: N=45, mean=0.022222 (+/-0.043555).
P2: N=45, mean=1 (+/-0).
Game Durations: N=90, mean=41.388889 (+/-5.672367).
P1: N=45, mean=28.733333 (+/-4.646637).
P2: N=45, mean=54.044444 (+/-8.978199).

Agent 2 (SHUCT)
Winning score (between 0 and 1) : N=90, mean=0.488889 (+/-0.103852).
P1: N=45, mean=0 (+/-0).
P2: N=45, mean=0.977778 (+/-0.043555).
Game Durations: N=90, mean=41.388889 (+/-5.672367).
P1: N=45, mean=54.044444 (+/-8.978199).
P2: N=45, mean=28.733333 (+/-4.646637).
=====================================================
=====================================================
Completed 100 games.

Agent 1 (Example UCT)
Winning score (between 0 and 1) : N=100, mean=0.51 (+/-0.098472).
P1: N=50, mean=0.02 (+/-0.039199).
P2: N=50, mean=1 (+/-0).
Game Durations: N=100, mean=40.15 (+/-5.253911).
P1: N=50, mean=29.06 (+/-4.464626).
P2: N=50, mean=51.24 (+/-8.504374).

Agent 2 (SHUCT)
Winning score (between 0 and 1) : N=100, mean=0.49 (+/-0.098472).
P1: N=50, mean=0 (+/-0).
P2: N=50, mean=0.98 (+/-0.039199).
Game Durations: N=100, mean=40.15 (+/-5.253911).
P1: N=50, mean=51.24 (+/-8.504374).
P2: N=50, mean=29.06 (+/-4.464626).
=====================================================
=====================================================
Completed 110 games.

Agent 1 (Example UCT)
Winning score (between 0 and 1) : N=110, mean=0.509091 (+/-0.09385).
P1: N=55, mean=0.018182 (+/-0.035636).
P2: N=55, mean=1 (+/-0).
Game Durations: N=110, mean=38.336364 (+/-4.912668).
P1: N=55, mean=28.490909 (+/-4.129414).
P2: N=55, mean=48.181818 (+/-8.160137).

Agent 2 (SHUCT)
Winning score (between 0 and 1) : N=110, mean=0.490909 (+/-0.09385).
P1: N=55, mean=0 (+/-0).
P2: N=55, mean=0.981818 (+/-0.035636).
Game Durations: N=110, mean=38.336364 (+/-4.912668).
P1: N=55, mean=48.181818 (+/-8.160137).
P2: N=55, mean=28.490909 (+/-4.129414).
=====================================================
=====================================================
Completed 120 games.

Agent 1 (Example UCT)
Winning score (between 0 and 1) : N=120, mean=0.5 (+/-0.089835).
P1: N=60, mean=0.016667 (+/-0.032666).
P2: N=60, mean=0.983333 (+/-0.032666).
Game Durations: N=120, mean=38.483333 (+/-4.597273).
P1: N=60, mean=28.316667 (+/-3.868505).
P2: N=60, mean=48.65 (+/-7.538652).

Agent 2 (SHUCT)
Winning score (between 0 and 1) : N=120, mean=0.5 (+/-0.089835).
P1: N=60, mean=0.016667 (+/-0.032666).
P2: N=60, mean=0.983333 (+/-0.032666).
Game Durations: N=120, mean=38.483333 (+/-4.597273).
P1: N=60, mean=48.65 (+/-7.538652).
P2: N=60, mean=28.316667 (+/-3.868505).
=====================================================
=====================================================
Completed 130 games.

Agent 1 (Example UCT)
Winning score (between 0 and 1) : N=130, mean=0.5 (+/-0.086282).
P1: N=65, mean=0.015385 (+/-0.030153).
P2: N=65, mean=0.984615 (+/-0.030153).
Game Durations: N=130, mean=38.2 (+/-4.332211).
P1: N=65, mean=28.507692 (+/-3.86491).
P2: N=65, mean=47.892308 (+/-7.031645).

Agent 2 (SHUCT)
Winning score (between 0 and 1) : N=130, mean=0.5 (+/-0.086282).
P1: N=65, mean=0.015385 (+/-0.030153).
P2: N=65, mean=0.984615 (+/-0.030153).
Game Durations: N=130, mean=38.2 (+/-4.332211).
P1: N=65, mean=47.892308 (+/-7.031645).
P2: N=65, mean=28.507692 (+/-3.86491).
=====================================================
=====================================================
Completed 140 games.

Agent 1 (Example UCT)
Winning score (between 0 and 1) : N=140, mean=0.5 (+/-0.083121).
P1: N=70, mean=0.014286 (+/-0.027999).
P2: N=70, mean=0.985714 (+/-0.027999).
Game Durations: N=140, mean=38.114286 (+/-4.282).
P1: N=70, mean=27.9 (+/-3.634429).
P2: N=70, mean=48.328571 (+/-7.003396).

Agent 2 (SHUCT)
Winning score (between 0 and 1) : N=140, mean=0.5 (+/-0.083121).
P1: N=70, mean=0.014286 (+/-0.027999).
P2: N=70, mean=0.985714 (+/-0.027999).
Game Durations: N=140, mean=38.114286 (+/-4.282).
P1: N=70, mean=48.328571 (+/-7.003396).
P2: N=70, mean=27.9 (+/-3.634429).
=====================================================
=====================================================
Completed 150 games.

Agent 1 (Example UCT)
Winning score (between 0 and 1) : N=150, mean=0.5 (+/-0.080283).
P1: N=75, mean=0.013333 (+/-0.026133).
P2: N=75, mean=0.986667 (+/-0.026133).
Game Durations: N=150, mean=37.413333 (+/-4.107867).
P1: N=75, mean=27.346667 (+/-3.554411).
P2: N=75, mean=47.48 (+/-6.693231).

Agent 2 (SHUCT)
Winning score (between 0 and 1) : N=150, mean=0.5 (+/-0.080283).
P1: N=75, mean=0.013333 (+/-0.026133).
P2: N=75, mean=0.986667 (+/-0.026133).
Game Durations: N=150, mean=37.413333 (+/-4.107867).
P1: N=75, mean=47.48 (+/-6.693231).
P2: N=75, mean=27.346667 (+/-3.554411).
=====================================================
