Warming up...
Finished warming up!
=====================================================
Completed 1 games.

Agent 1 (Example UCT)
Winning score (between 0 and 1) : N=1, mean=0 (+/-0).
P1: N=1, mean=0 (+/-0).
P2: N=0, mean=0 (+/-0).
Game Durations: N=1, mean=12 (+/-0).
P1: N=1, mean=12 (+/-0).
P2: N=0, mean=0 (+/-0).

Agent 2 (SHUCT)
Winning score (between 0 and 1) : N=1, mean=1 (+/-0).
P1: N=0, mean=0 (+/-0).
P2: N=1, mean=1 (+/-0).
Game Durations: N=1, mean=12 (+/-0).
P1: N=0, mean=0 (+/-0).
P2: N=1, mean=12 (+/-0).
=====================================================
=====================================================
Completed 2 games.

Agent 1 (Example UCT)
Winning score (between 0 and 1) : N=2, mean=0.5 (+/-0.97998).
P1: N=1, mean=0 (+/-0).
P2: N=1, mean=1 (+/-0).
Game Durations: N=2, mean=49 (+/-72.51852).
P1: N=1, mean=12 (+/-0).
P2: N=1, mean=86 (+/-0).

Agent 2 (SHUCT)
Winning score (between 0 and 1) : N=2, mean=0.5 (+/-0.97998).
P1: N=1, mean=0 (+/-0).
P2: N=1, mean=1 (+/-0).
Game Durations: N=2, mean=49 (+/-72.51852).
P1: N=1, mean=86 (+/-0).
P2: N=1, mean=12 (+/-0).
=====================================================
=====================================================
Completed 3 games.

Agent 1 (Example UCT)
Winning score (between 0 and 1) : N=3, mean=0.333333 (+/-0.65332).
P1: N=2, mean=0 (+/-0).
P2: N=1, mean=1 (+/-0).
Game Durations: N=3, mean=36 (+/-49.012065).
P1: N=2, mean=11 (+/-1.95996).
P2: N=1, mean=86 (+/-0).

Agent 2 (SHUCT)
Winning score (between 0 and 1) : N=3, mean=0.666667 (+/-0.65332).
P1: N=1, mean=0 (+/-0).
P2: N=2, mean=1 (+/-0).
Game Durations: N=3, mean=36 (+/-49.012065).
P1: N=1, mean=86 (+/-0).
P2: N=2, mean=11 (+/-1.95996).
=====================================================
=====================================================
Completed 4 games.

Agent 1 (Example UCT)
Winning score (between 0 and 1) : N=4, mean=0.5 (+/-0.565792).
P1: N=2, mean=0 (+/-0).
P2: N=2, mean=1 (+/-0).
Game Durations: N=4, mean=34.5 (+/-34.781238).
P1: N=2, mean=11 (+/-1.95996).
P2: N=2, mean=58 (+/-54.87888).

Agent 2 (SHUCT)
Winning score (between 0 and 1) : N=4, mean=0.5 (+/-0.565792).
P1: N=2, mean=0 (+/-0).
P2: N=2, mean=1 (+/-0).
Game Durations: N=4, mean=34.5 (+/-34.781238).
P1: N=2, mean=58 (+/-54.87888).
P2: N=2, mean=11 (+/-1.95996).
=====================================================
=====================================================
Completed 5 games.

Agent 1 (Example UCT)
Winning score (between 0 and 1) : N=5, mean=0.4 (+/-0.48009).
P1: N=3, mean=0 (+/-0).
P2: N=2, mean=1 (+/-0).
Game Durations: N=5, mean=36.4 (+/-27.197579).
P1: N=3, mean=22 (+/-21.589236).
P2: N=2, mean=58 (+/-54.87888).

Agent 2 (SHUCT)
Winning score (between 0 and 1) : N=5, mean=0.6 (+/-0.48009).
P1: N=2, mean=0 (+/-0).
P2: N=3, mean=1 (+/-0).
Game Durations: N=5, mean=36.4 (+/-27.197579).
P1: N=2, mean=58 (+/-54.87888).
P2: N=3, mean=22 (+/-21.589236).
=====================================================
=====================================================
Completed 10 games.

Agent 1 (Example UCT)
Winning score (between 0 and 1) : N=10, mean=0.5 (+/-0.32666).
P1: N=5, mean=0 (+/-0).
P2: N=5, mean=1 (+/-0).
Game Durations: N=10, mean=37.6 (+/-14.975713).
P1: N=5, mean=27.6 (+/-17.591665).
P2: N=5, mean=47.6 (+/-22.531869).

Agent 2 (SHUCT)
Winning score (between 0 and 1) : N=10, mean=0.5 (+/-0.32666).
P1: N=5, mean=0 (+/-0).
P2: N=5, mean=1 (+/-0).
Game Durations: N=10, mean=37.6 (+/-14.975713).
P1: N=5, mean=47.6 (+/-22.531869).
P2: N=5, mean=27.6 (+/-17.591665).
=====================================================
=====================================================
Completed 20 games.

Agent 1 (Example UCT)
Winning score (between 0 and 1) : N=20, mean=0.5 (+/-0.224823).
P1: N=10, mean=0 (+/-0).
P2: N=10, mean=1 (+/-0).
Game Durations: N=20, mean=36.4 (+/-9.270119).
P1: N=10, mean=26.6 (+/-10.94852).
P2: N=10, mean=46.2 (+/-12.687871).

Agent 2 (SHUCT)
Winning score (between 0 and 1) : N=20, mean=0.5 (+/-0.224823).
P1: N=10, mean=0 (+/-0).
P2: N=10, mean=1 (+/-0).
Game Durations: N=20, mean=36.4 (+/-9.270119).
P1: N=10, mean=46.2 (+/-12.687871).
P2: N=10, mean=26.6 (+/-10.94852).
=====================================================
=====================================================
Completed 30 games.

Agent 1 (Example UCT)
Winning score (between 0 and 1) : N=30, mean=0.5 (+/-0.181978).
P1: N=15, mean=0 (+/-0).
P2: N=15, mean=1 (+/-0).
Game Durations: N=30, mean=39.133333 (+/-7.780327).
P1: N=15, mean=27.466667 (+/-7.578512).
P2: N=15, mean=50.8 (+/-10.892797).

Agent 2 (SHUCT)
Winning score (between 0 and 1) : N=30, mean=0.5 (+/-0.181978).
P1: N=15, mean=0 (+/-0).
P2: N=15, mean=1 (+/-0).
Game Durations: N=30, mean=39.133333 (+/-7.780327).
P1: N=15, mean=50.8 (+/-10.892797).
P2: N=15, mean=27.466667 (+/-7.578512).
=====================================================
=====================================================
Completed 40 games.

Agent 1 (Example UCT)
Winning score (between 0 and 1) : N=40, mean=0.5 (+/-0.156922).
P1: N=20, mean=0 (+/-0).
P2: N=20, mean=1 (+/-0).
Game Durations: N=40, mean=38.2 (+/-6.525859).
P1: N=20, mean=26.1 (+/-5.968443).
P2: N=20, mean=50.3 (+/-8.944559).

Agent 2 (SHUCT)
Winning score (between 0 and 1) : N=40, mean=0.5 (+/-0.156922).
P1: N=20, mean=0 (+/-0).
P2: N=20, mean=1 (+/-0).
Game Durations: N=40, mean=38.2 (+/-6.525859).
P1: N=20, mean=50.3 (+/-8.944559).
P2: N=20, mean=26.1 (+/-5.968443).
=====================================================
=====================================================
Completed 50 games.

Agent 1 (Example UCT)
Winning score (between 0 and 1) : N=50, mean=0.5 (+/-0.139997).
P1: N=25, mean=0 (+/-0).
P2: N=25, mean=1 (+/-0).
Game Durations: N=50, mean=40.08 (+/-8.175035).
P1: N=25, mean=25.2 (+/-4.838098).
P2: N=25, mean=54.96 (+/-13.364417).

Agent 2 (SHUCT)
Winning score (between 0 and 1) : N=50, mean=0.5 (+/-0.139997).
P1: N=25, mean=0 (+/-0).
P2: N=25, mean=1 (+/-0).
Game Durations: N=50, mean=40.08 (+/-8.175035).
P1: N=25, mean=54.96 (+/-13.364417).
P2: N=25, mean=25.2 (+/-4.838098).
=====================================================
=====================================================
Completed 60 games.

Agent 1 (Example UCT)
Winning score (between 0 and 1) : N=60, mean=0.5 (+/-0.127583).
P1: N=30, mean=0 (+/-0).
P2: N=30, mean=1 (+/-0).
Game Durations: N=60, mean=41.733333 (+/-8.028833).
P1: N=30, mean=25.266667 (+/-4.204626).
P2: N=30, mean=58.2 (+/-13.144587).

Agent 2 (SHUCT)
Winning score (between 0 and 1) : N=60, mean=0.5 (+/-0.127583).
P1: N=30, mean=0 (+/-0).
P2: N=30, mean=1 (+/-0).
Game Durations: N=60, mean=41.733333 (+/-8.028833).
P1: N=30, mean=58.2 (+/-13.144587).
P2: N=30, mean=25.266667 (+/-4.204626).
=====================================================
=====================================================
Completed 70 games.

Agent 1 (Example UCT)
Winning score (between 0 and 1) : N=70, mean=0.5 (+/-0.117976).
P1: N=35, mean=0 (+/-0).
P2: N=35, mean=1 (+/-0).
Game Durations: N=70, mean=41.628571 (+/-7.851313).
P1: N=35, mean=25.085714 (+/-3.861318).
P2: N=35, mean=58.171429 (+/-13.170009).

Agent 2 (SHUCT)
Winning score (between 0 and 1) : N=70, mean=0.5 (+/-0.117976).
P1: N=35, mean=0 (+/-0).
P2: N=35, mean=1 (+/-0).
Game Durations: N=70, mean=41.628571 (+/-7.851313).
P1: N=35, mean=58.171429 (+/-13.170009).
P2: N=35, mean=25.085714 (+/-3.861318).
=====================================================
=====================================================
Completed 80 games.

Agent 1 (Example UCT)
Winning score (between 0 and 1) : N=80, mean=0.5 (+/-0.110256).
P1: N=40, mean=0 (+/-0).
P2: N=40, mean=1 (+/-0).
Game Durations: N=80, mean=41.05 (+/-6.954712).
P1: N=40, mean=25.45 (+/-3.520067).
P2: N=40, mean=56.65 (+/-11.645618).

Agent 2 (SHUCT)
Winning score (between 0 and 1) : N=80, mean=0.5 (+/-0.110256).
P1: N=40, mean=0 (+/-0).
P2: N=40, mean=1 (+/-0).
Game Durations: N=80, mean=41.05 (+/-6.954712).
P1: N=40, mean=56.65 (+/-11.645618).
P2: N=40, mean=25.45 (+/-3.520067).
=====================================================
=====================================================
Completed 90 games.

Agent 1 (Example UCT)
Winning score (between 0 and 1) : N=90, mean=0.5 (+/-0.103878).
P1: N=45, mean=0 (+/-0).
P2: N=45, mean=1 (+/-0).
Game Durations: N=90, mean=41.422222 (+/-6.561107).
P1: N=45, mean=25.466667 (+/-3.290035).
P2: N=45, mean=57.377778 (+/-10.902864).

Agent 2 (SHUCT)
Winning score (between 0 and 1) : N=90, mean=0.5 (+/-0.103878).
P1: N=45, mean=0 (+/-0).
P2: N=45, mean=1 (+/-0).
Game Durations: N=90, mean=41.422222 (+/-6.561107).
P1: N=45, mean=57.377778 (+/-10.902864).
P2: N=45, mean=25.466667 (+/-3.290035).
=====================================================
=====================================================
Completed 100 games.

Agent 1 (Example UCT)
Winning score (between 0 and 1) : N=100, mean=0.5 (+/-0.098492).
P1: N=50, mean=0 (+/-0).
P2: N=50, mean=1 (+/-0).
Game Durations: N=100, mean=41.62 (+/-6.205119).
P1: N=50, mean=25.28 (+/-3.076902).
P2: N=50, mean=57.96 (+/-10.210537).

Agent 2 (SHUCT)
Winning score (between 0 and 1) : N=100, mean=0.5 (+/-0.098492).
P1: N=50, mean=0 (+/-0).
P2: N=50, mean=1 (+/-0).
Game Durations: N=100, mean=41.62 (+/-6.205119).
P1: N=50, mean=57.96 (+/-10.210537).
P2: N=50, mean=25.28 (+/-3.076902).
=====================================================
=====================================================
Completed 110 games.

Agent 1 (Example UCT)
Winning score (between 0 and 1) : N=110, mean=0.5 (+/-0.093865).
P1: N=55, mean=0 (+/-0).
P2: N=55, mean=1 (+/-0).
Game Durations: N=110, mean=40.127273 (+/-5.753086).
P1: N=55, mean=24.763636 (+/-2.949039).
P2: N=55, mean=55.490909 (+/-9.557095).

Agent 2 (SHUCT)
Winning score (between 0 and 1) : N=110, mean=0.5 (+/-0.093865).
P1: N=55, mean=0 (+/-0).
P2: N=55, mean=1 (+/-0).
Game Durations: N=110, mean=40.127273 (+/-5.753086).
P1: N=55, mean=55.490909 (+/-9.557095).
P2: N=55, mean=24.763636 (+/-2.949039).
=====================================================
=====================================================
Completed 120 games.

Agent 1 (Example UCT)
Winning score (between 0 and 1) : N=120, mean=0.508333 (+/-0.089822).
P1: N=60, mean=0.016667 (+/-0.032666).
P2: N=60, mean=1 (+/-0).
Game Durations: N=120, mean=39.958333 (+/-5.407536).
P1: N=60, mean=24.416667 (+/-2.831946).
P2: N=60, mean=55.5 (+/-8.859104).

Agent 2 (SHUCT)
Winning score (between 0 and 1) : N=120, mean=0.491667 (+/-0.089822).
P1: N=60, mean=0 (+/-0).
P2: N=60, mean=0.983333 (+/-0.032666).
Game Durations: N=120, mean=39.958333 (+/-5.407536).
P1: N=60, mean=55.5 (+/-8.859104).
P2: N=60, mean=24.416667 (+/-2.831946).
=====================================================
=====================================================
Completed 130 games.

Agent 1 (Example UCT)
Winning score (between 0 and 1) : N=130, mean=0.507692 (+/-0.086272).
P1: N=65, mean=0.015385 (+/-0.030153).
P2: N=65, mean=1 (+/-0).
Game Durations: N=130, mean=40.376923 (+/-5.14068).
P1: N=65, mean=25 (+/-2.983589).
P2: N=65, mean=55.753846 (+/-8.321404).

Agent 2 (SHUCT)
Winning score (between 0 and 1) : N=130, mean=0.492308 (+/-0.086272).
P1: N=65, mean=0 (+/-0).
P2: N=65, mean=0.984615 (+/-0.030153).
Game Durations: N=130, mean=40.376923 (+/-5.14068).
P1: N=65, mean=55.753846 (+/-8.321404).
P2: N=65, mean=25 (+/-2.983589).
=====================================================
=====================================================
Completed 140 games.

Agent 1 (Example UCT)
Winning score (between 0 and 1) : N=140, mean=0.507143 (+/-0.083112).
P1: N=70, mean=0.014286 (+/-0.027999).
P2: N=70, mean=1 (+/-0).
Game Durations: N=140, mean=40.135714 (+/-5.019806).
P1: N=70, mean=24.9 (+/-2.837632).
P2: N=70, mean=55.371429 (+/-8.223477).

Agent 2 (SHUCT)
Winning score (between 0 and 1) : N=140, mean=0.492857 (+/-0.083112).
P1: N=70, mean=0 (+/-0).
P2: N=70, mean=0.985714 (+/-0.027999).
Game Durations: N=140, mean=40.135714 (+/-5.019806).
P1: N=70, mean=55.371429 (+/-8.223477).
P2: N=70, mean=24.9 (+/-2.837632).
=====================================================
=====================================================
Completed 150 games.

Agent 1 (Example UCT)
Winning score (between 0 and 1) : N=150, mean=0.506667 (+/-0.080276).
P1: N=75, mean=0.013333 (+/-0.026133).
P2: N=75, mean=1 (+/-0).
Game Durations: N=150, mean=40.646667 (+/-5.161652).
P1: N=75, mean=25.026667 (+/-2.774541).
P2: N=75, mean=56.266667 (+/-8.617508).

Agent 2 (SHUCT)
Winning score (between 0 and 1) : N=150, mean=0.493333 (+/-0.080276).
P1: N=75, mean=0 (+/-0).
P2: N=75, mean=0.986667 (+/-0.026133).
Game Durations: N=150, mean=40.646667 (+/-5.161652).
P1: N=75, mean=56.266667 (+/-8.617508).
P2: N=75, mean=25.026667 (+/-2.774541).
=====================================================
