Warming up...
Finished warming up!
=====================================================
Completed 1 games.

Agent 1 (Example UCT)
Winning score (between 0 and 1) : N=1, mean=1 (+/-0).
P1: N=0, mean=0 (+/-0).
P2: N=1, mean=1 (+/-0).
Game Durations: N=1, mean=40 (+/-0).
P1: N=0, mean=0 (+/-0).
P2: N=1, mean=40 (+/-0).

Agent 2 (SHUCT)
Winning score (between 0 and 1) : N=1, mean=0 (+/-0).
P1: N=1, mean=0 (+/-0).
P2: N=0, mean=0 (+/-0).
Game Durations: N=1, mean=40 (+/-0).
P1: N=1, mean=40 (+/-0).
P2: N=0, mean=0 (+/-0).
=====================================================
=====================================================
Completed 2 games.

Agent 1 (Example UCT)
Winning score (between 0 and 1) : N=2, mean=0.5 (+/-0.97998).
P1: N=1, mean=0 (+/-0).
P2: N=1, mean=1 (+/-0).
Game Durations: N=2, mean=28 (+/-23.51952).
P1: N=1, mean=16 (+/-0).
P2: N=1, mean=40 (+/-0).

Agent 2 (SHUCT)
Winning score (between 0 and 1) : N=2, mean=0.5 (+/-0.97998).
P1: N=1, mean=0 (+/-0).
P2: N=1, mean=1 (+/-0).
Game Durations: N=2, mean=28 (+/-23.51952).
P1: N=1, mean=40 (+/-0).
P2: N=1, mean=16 (+/-0).
=====================================================
=====================================================
Completed 3 games.

Agent 1 (Example UCT)
Winning score (between 0 and 1) : N=3, mean=0.666667 (+/-0.65332).
P1: N=1, mean=0 (+/-0).
P2: N=2, mean=1 (+/-0).
Game Durations: N=3, mean=46.666667 (+/-39.024592).
P1: N=1, mean=16 (+/-0).
P2: N=2, mean=62 (+/-43.11912).

Agent 2 (SHUCT)
Winning score (between 0 and 1) : N=3, mean=0.333333 (+/-0.65332).
P1: N=2, mean=0 (+/-0).
P2: N=1, mean=1 (+/-0).
Game Durations: N=3, mean=46.666667 (+/-39.024592).
P1: N=2, mean=62 (+/-43.11912).
P2: N=1, mean=16 (+/-0).
=====================================================
=====================================================
Completed 4 games.

Agent 1 (Example UCT)
Winning score (between 0 and 1) : N=4, mean=0.5 (+/-0.565792).
P1: N=2, mean=0 (+/-0).
P2: N=2, mean=1 (+/-0).
Game Durations: N=4, mean=49 (+/-27.970948).
P1: N=2, mean=36 (+/-39.1992).
P2: N=2, mean=62 (+/-43.11912).

Agent 2 (SHUCT)
Winning score (between 0 and 1) : N=4, mean=0.5 (+/-0.565792).
P1: N=2, mean=0 (+/-0).
P2: N=2, mean=1 (+/-0).
Game Durations: N=4, mean=49 (+/-27.970948).
P1: N=2, mean=62 (+/-43.11912).
P2: N=2, mean=36 (+/-39.1992).
=====================================================
=====================================================
Completed 5 games.

Agent 1 (Example UCT)
Winning score (between 0 and 1) : N=5, mean=0.6 (+/-0.48009).
P1: N=2, mean=0 (+/-0).
P2: N=3, mean=1 (+/-0).
Game Durations: N=5, mean=44.4 (+/-23.467196).
P1: N=2, mean=36 (+/-39.1992).
P2: N=3, mean=50 (+/-34.247929).

Agent 2 (SHUCT)
Winning score (between 0 and 1) : N=5, mean=0.4 (+/-0.48009).
P1: N=3, mean=0 (+/-0).
P2: N=2, mean=1 (+/-0).
Game Durations: N=5, mean=44.4 (+/-23.467196).
P1: N=3, mean=50 (+/-34.247929).
P2: N=2, mean=36 (+/-39.1992).
=====================================================
=====================================================
Completed 10 games.

Agent 1 (Example UCT)
Winning score (between 0 and 1) : N=10, mean=0.5 (+/-0.32666).
P1: N=5, mean=0 (+/-0).
P2: N=5, mean=1 (+/-0).
Game Durations: N=10, mean=38.2 (+/-14.983122).
P1: N=5, mean=27.2 (+/-14.274108).
P2: N=5, mean=49.2 (+/-23.959659).

Agent 2 (SHUCT)
Winning score (between 0 and 1) : N=10, mean=0.5 (+/-0.32666).
P1: N=5, mean=0 (+/-0).
P2: N=5, mean=1 (+/-0).
Game Durations: N=10, mean=38.2 (+/-14.983122).
P1: N=5, mean=49.2 (+/-23.959659).
P2: N=5, mean=27.2 (+/-14.274108).
=====================================================
=====================================================
Completed 20 games.

Agent 1 (Example UCT)
Winning score (between 0 and 1) : N=20, mean=0.5 (+/-0.224823).
P1: N=10, mean=0 (+/-0).
P2: N=10, mean=1 (+/-0).
Game Durations: N=20, mean=42.4 (+/-10.646637).
P1: N=10, mean=31.2 (+/-10.141412).
P2: N=10, mean=53.6 (+/-16.390912).

Agent 2 (SHUCT)
Winning score (between 0 and 1) : N=20, mean=0.5 (+/-0.224823).
P1: N=10, mean=0 (+/-0).
P2: N=10, mean=1 (+/-0).
Game Durations: N=20, mean=42.4 (+/-10.646637).
P1: N=10, mean=53.6 (+/-16.390912).
P2: N=10, mean=31.2 (+/-10.141412).
=====================================================
=====================================================
Completed 30 games.

Agent 1 (Example UCT)
Winning score (between 0 and 1) : N=30, mean=0.5 (+/-0.181978).
P1: N=15, mean=0 (+/-0).
P2: N=15, mean=1 (+/-0).
Game Durations: N=30, mean=39.266667 (+/-8.471088).
P1: N=15, mean=26.8 (+/-7.658548).
P2: N=15, mean=51.733333 (+/-12.383276).

Agent 2 (SHUCT)
Winning score (between 0 and 1) : N=30, mean=0.5 (+/-0.181978).
P1: N=15, mean=0 (+/-0).
P2: N=15, mean=1 (+/-0).
Game Durations: N=30, mean=39.266667 (+/-8.471088).
P1: N=15, mean=51.733333 (+/-12.383276).
P2: N=15, mean=26.8 (+/-7.658548).
=====================================================
=====================================================
Completed 40 games.

Agent 1 (Example UCT)
Winning score (between 0 and 1) : N=40, mean=0.5 (+/-0.156922).
P1: N=20, mean=0 (+/-0).
P2: N=20, mean=1 (+/-0).
Game Durations: N=40, mean=36.55 (+/-6.776413).
P1: N=20, mean=26.2 (+/-6.078704).
P2: N=20, mean=46.9 (+/-10.404124).

Agent 2 (SHUCT)
Winning score (between 0 and 1) : N=40, mean=0.5 (+/-0.156922).
P1: N=20, mean=0 (+/-0).
P2: N=20, mean=1 (+/-0).
Game Durations: N=40, mean=36.55 (+/-6.776413).
P1: N=20, mean=46.9 (+/-10.404124).
P2: N=20, mean=26.2 (+/-6.078704).
=====================================================
=====================================================
Completed 50 games.

Agent 1 (Example UCT)
Winning score (between 0 and 1) : N=50, mean=0.5 (+/-0.139997).
P1: N=25, mean=0 (+/-0).
P2: N=25, mean=1 (+/-0).
Game Durations: N=50, mean=36.92 (+/-6.276081).
P1: N=25, mean=25.2 (+/-4.95835).
P2: N=25, mean=48.64 (+/-9.60639).

Agent 2 (SHUCT)
Winning score (between 0 and 1) : N=50, mean=0.5 (+/-0.139997).
P1: N=25, mean=0 (+/-0).
P2: N=25, mean=1 (+/-0).
Game Durations: N=50, mean=36.92 (+/-6.276081).
P1: N=25, mean=48.64 (+/-9.60639).
P2: N=25, mean=25.2 (+/-4.95835).
=====================================================
=====================================================
Completed 60 games.

Agent 1 (Example UCT)
Winning score (between 0 and 1) : N=60, mean=0.5 (+/-0.127583).
P1: N=30, mean=0 (+/-0).
P2: N=30, mean=1 (+/-0).
Game Durations: N=60, mean=36.466667 (+/-5.600755).
P1: N=30, mean=24.8 (+/-4.238584).
P2: N=30, mean=48.133333 (+/-8.579747).

Agent 2 (SHUCT)
Winning score (between 0 and 1) : N=60, mean=0.5 (+/-0.127583).
P1: N=30, mean=0 (+/-0).
P2: N=30, mean=1 (+/-0).
Game Durations: N=60, mean=36.466667 (+/-5.600755).
P1: N=30, mean=48.133333 (+/-8.579747).
P2: N=30, mean=24.8 (+/-4.238584).
=====================================================
=====================================================
Completed 70 games.

Agent 1 (Example UCT)
Winning score (between 0 and 1) : N=70, mean=0.5 (+/-0.117976).
P1: N=35, mean=0 (+/-0).
P2: N=35, mean=1 (+/-0).
Game Durations: N=70, mean=36.514286 (+/-5.443235).
P1: N=35, mean=24.4 (+/-3.695425).
P2: N=35, mean=48.628571 (+/-8.569709).

Agent 2 (SHUCT)
Winning score (between 0 and 1) : N=70, mean=0.5 (+/-0.117976).
P1: N=35, mean=0 (+/-0).
P2: N=35, mean=1 (+/-0).
Game Durations: N=70, mean=36.514286 (+/-5.443235).
P1: N=35, mean=48.628571 (+/-8.569709).
P2: N=35, mean=24.4 (+/-3.695425).
=====================================================
=====================================================
Completed 80 games.

Agent 1 (Example UCT)
Winning score (between 0 and 1) : N=80, mean=0.5 (+/-0.110256).
P1: N=40, mean=0 (+/-0).
P2: N=40, mean=1 (+/-0).
Game Durations: N=80, mean=36.95 (+/-4.958828).
P1: N=40, mean=24.8 (+/-3.547418).
P2: N=40, mean=49.1 (+/-7.612855).

Agent 2 (SHUCT)
Winning score (between 0 and 1) : N=80, mean=0.5 (+/-0.110256).
P1: N=40, mean=0 (+/-0).
P2: N=40, mean=1 (+/-0).
Game Durations: N=80, mean=36.95 (+/-4.958828).
P1: N=40, mean=49.1 (+/-7.612855).
P2: N=40, mean=24.8 (+/-3.547418).
=====================================================
=====================================================
Completed 90 games.

Agent 1 (Example UCT)
Winning score (between 0 and 1) : N=90, mean=0.488889 (+/-0.103852).
P1: N=45, mean=0 (+/-0).
P2: N=45, mean=0.977778 (+/-0.043555).
Game Durations: N=90, mean=38.9 (+/-5.547068).
P1: N=45, mean=25.555556 (+/-3.601919).
P2: N=45, mean=52.244444 (+/-8.967214).

Agent 2 (SHUCT)
Winning score (between 0 and 1) : N=90, mean=0.511111 (+/-0.103852).
P1: N=45, mean=0.022222 (+/-0.043555).
P2: N=45, mean=1 (+/-0).
Game Durations: N=90, mean=38.9 (+/-5.547068).
P1: N=45, mean=52.244444 (+/-8.967214).
P2: N=45, mean=25.555556 (+/-3.601919).
=====================================================
=====================================================
Completed 100 games.

Agent 1 (Example UCT)
Winning score (between 0 and 1) : N=100, mean=0.49 (+/-0.098472).
P1: N=50, mean=0 (+/-0).
P2: N=50, mean=0.98 (+/-0.039199).
Game Durations: N=100, mean=38.53 (+/-5.107188).
P1: N=50, mean=25.64 (+/-3.314243).
P2: N=50, mean=51.42 (+/-8.268149).

Agent 2 (SHUCT)
Winning score (between 0 and 1) : N=100, mean=0.51 (+/-0.098472).
P1: N=50, mean=0.02 (+/-0.039199).
P2: N=50, mean=1 (+/-0).
Game Durations: N=100, mean=38.53 (+/-5.107188).
P1: N=50, mean=51.42 (+/-8.268149).
P2: N=50, mean=25.64 (+/-3.314243).
=====================================================
=====================================================
Completed 110 games.

Agent 1 (Example UCT)
Winning score (between 0 and 1) : N=110, mean=0.490909 (+/-0.09385).
P1: N=55, mean=0 (+/-0).
P2: N=55, mean=0.981818 (+/-0.035636).
Game Durations: N=110, mean=39.627273 (+/-5.350974).
P1: N=55, mean=25.2 (+/-3.047582).
P2: N=55, mean=54.054545 (+/-8.757297).

Agent 2 (SHUCT)
Winning score (between 0 and 1) : N=110, mean=0.509091 (+/-0.09385).
P1: N=55, mean=0.018182 (+/-0.035636).
P2: N=55, mean=1 (+/-0).
Game Durations: N=110, mean=39.627273 (+/-5.350974).
P1: N=55, mean=54.054545 (+/-8.757297).
P2: N=55, mean=25.2 (+/-3.047582).
=====================================================
=====================================================
Completed 120 games.

Agent 1 (Example UCT)
Winning score (between 0 and 1) : N=120, mean=0.491667 (+/-0.089822).
P1: N=60, mean=0 (+/-0).
P2: N=60, mean=0.983333 (+/-0.032666).
Game Durations: N=120, mean=38.558333 (+/-4.969828).
P1: N=60, mean=25 (+/-2.877073).
P2: N=60, mean=52.116667 (+/-8.210884).

Agent 2 (SHUCT)
Winning score (between 0 and 1) : N=120, mean=0.508333 (+/-0.089822).
P1: N=60, mean=0.016667 (+/-0.032666).
P2: N=60, mean=1 (+/-0).
Game Durations: N=120, mean=38.558333 (+/-4.969828).
P1: N=60, mean=52.116667 (+/-8.210884).
P2: N=60, mean=25 (+/-2.877073).
=====================================================
=====================================================
Completed 130 games.

Agent 1 (Example UCT)
Winning score (between 0 and 1) : N=130, mean=0.492308 (+/-0.086272).
P1: N=65, mean=0 (+/-0).
P2: N=65, mean=0.984615 (+/-0.030153).
Game Durations: N=130, mean=37.976923 (+/-4.645438).
P1: N=65, mean=25.630769 (+/-2.988404).
P2: N=65, mean=50.323077 (+/-7.73085).

Agent 2 (SHUCT)
Winning score (between 0 and 1) : N=130, mean=0.507692 (+/-0.086272).
P1: N=65, mean=0.015385 (+/-0.030153).
P2: N=65, mean=1 (+/-0).
Game Durations: N=130, mean=37.976923 (+/-4.645438).
P1: N=65, mean=50.323077 (+/-7.73085).
P2: N=65, mean=25.630769 (+/-2.988404).
=====================================================
=====================================================
Completed 140 games.

Agent 1 (Example UCT)
Winning score (between 0 and 1) : N=140, mean=0.492857 (+/-0.083112).
P1: N=70, mean=0 (+/-0).
P2: N=70, mean=0.985714 (+/-0.027999).
Game Durations: N=140, mean=38.535714 (+/-4.541706).
P1: N=70, mean=25.742857 (+/-2.832453).
P2: N=70, mean=51.328571 (+/-7.540615).

Agent 2 (SHUCT)
Winning score (between 0 and 1) : N=140, mean=0.507143 (+/-0.083112).
P1: N=70, mean=0.014286 (+/-0.027999).
P2: N=70, mean=1 (+/-0).
Game Durations: N=140, mean=38.535714 (+/-4.541706).
P1: N=70, mean=51.328571 (+/-7.540615).
P2: N=70, mean=25.742857 (+/-2.832453).
=====================================================
=====================================================
Completed 150 games.

Agent 1 (Example UCT)
Winning score (between 0 and 1) : N=150, mean=0.493333 (+/-0.080276).
P1: N=75, mean=0 (+/-0).
P2: N=75, mean=0.986667 (+/-0.026133).
Game Durations: N=150, mean=38.86 (+/-4.388327).
P1: N=75, mean=25.6 (+/-2.758285).
P2: N=75, mean=52.12 (+/-7.189373).

Agent 2 (SHUCT)
Winning score (between 0 and 1) : N=150, mean=0.506667 (+/-0.080276).
P1: N=75, mean=0.013333 (+/-0.026133).
P2: N=75, mean=1 (+/-0).
Game Durations: N=150, mean=38.86 (+/-4.388327).
P1: N=75, mean=52.12 (+/-7.189373).
P2: N=75, mean=25.6 (+/-2.758285).
=====================================================
