Warming up...
Finished warming up!
=====================================================
Completed 1 games.

Agent 1 (SHUCT)
Winning score (between 0 and 1) : N=1, mean=1 (+/-0).
P1: N=0, mean=0 (+/-0).
P2: N=1, mean=1 (+/-0).
Game Durations: N=1, mean=88 (+/-0).
P1: N=0, mean=0 (+/-0).
P2: N=1, mean=88 (+/-0).

Agent 2 (UCT)
Winning score (between 0 and 1) : N=1, mean=0 (+/-0).
P1: N=1, mean=0 (+/-0).
P2: N=0, mean=0 (+/-0).
Game Durations: N=1, mean=88 (+/-0).
P1: N=1, mean=88 (+/-0).
P2: N=0, mean=0 (+/-0).
=====================================================
=====================================================
Completed 2 games.

Agent 1 (SHUCT)
Winning score (between 0 and 1) : N=2, mean=1 (+/-0).
P1: N=1, mean=1 (+/-0).
P2: N=1, mean=1 (+/-0).
Game Durations: N=2, mean=69.5 (+/-36.25926).
P1: N=1, mean=51 (+/-0).
P2: N=1, mean=88 (+/-0).

Agent 2 (UCT)
Winning score (between 0 and 1) : N=2, mean=0 (+/-0).
P1: N=1, mean=0 (+/-0).
P2: N=1, mean=0 (+/-0).
Game Durations: N=2, mean=69.5 (+/-36.25926).
P1: N=1, mean=88 (+/-0).
P2: N=1, mean=51 (+/-0).
=====================================================
=====================================================
Completed 3 games.

Agent 1 (SHUCT)
Winning score (between 0 and 1) : N=3, mean=1 (+/-0).
P1: N=1, mean=1 (+/-0).
P2: N=2, mean=1 (+/-0).
Game Durations: N=3, mean=62.333333 (+/-25.210027).
P1: N=1, mean=51 (+/-0).
P2: N=2, mean=68 (+/-39.1992).

Agent 2 (UCT)
Winning score (between 0 and 1) : N=3, mean=0 (+/-0).
P1: N=2, mean=0 (+/-0).
P2: N=1, mean=0 (+/-0).
Game Durations: N=3, mean=62.333333 (+/-25.210027).
P1: N=2, mean=68 (+/-39.1992).
P2: N=1, mean=51 (+/-0).
=====================================================
=====================================================
Completed 4 games.

Agent 1 (SHUCT)
Winning score (between 0 and 1) : N=4, mean=1 (+/-0).
P1: N=2, mean=1 (+/-0).
P2: N=2, mean=1 (+/-0).
Game Durations: N=4, mean=62.5 (+/-17.829173).
P1: N=2, mean=57 (+/-11.75976).
P2: N=2, mean=68 (+/-39.1992).

Agent 2 (UCT)
Winning score (between 0 and 1) : N=4, mean=0 (+/-0).
P1: N=2, mean=0 (+/-0).
P2: N=2, mean=0 (+/-0).
Game Durations: N=4, mean=62.5 (+/-17.829173).
P1: N=2, mean=68 (+/-39.1992).
P2: N=2, mean=57 (+/-11.75976).
=====================================================
=====================================================
Completed 5 games.

Agent 1 (SHUCT)
Winning score (between 0 and 1) : N=5, mean=1 (+/-0).
P1: N=2, mean=1 (+/-0).
P2: N=3, mean=1 (+/-0).
Game Durations: N=5, mean=61.2 (+/-14.043493).
P1: N=2, mean=57 (+/-11.75976).
P2: N=3, mean=64 (+/-23.951107).

Agent 2 (UCT)
Winning score (between 0 and 1) : N=5, mean=0 (+/-0).
P1: N=3, mean=0 (+/-0).
P2: N=2, mean=0 (+/-0).
Game Durations: N=5, mean=61.2 (+/-14.043493).
P1: N=3, mean=64 (+/-23.951107).
P2: N=2, mean=57 (+/-11.75976).
=====================================================
=====================================================
Completed 10 games.

Agent 1 (SHUCT)
Winning score (between 0 and 1) : N=10, mean=1 (+/-0).
P1: N=5, mean=1 (+/-0).
P2: N=5, mean=1 (+/-0).
Game Durations: N=10, mean=59.7 (+/-8.478322).
P1: N=5, mean=58.6 (+/-9.791957).
P2: N=5, mean=60.8 (+/-15.008738).

Agent 2 (UCT)
Winning score (between 0 and 1) : N=10, mean=0 (+/-0).
P1: N=5, mean=0 (+/-0).
P2: N=5, mean=0 (+/-0).
Game Durations: N=10, mean=59.7 (+/-8.478322).
P1: N=5, mean=60.8 (+/-15.008738).
P2: N=5, mean=58.6 (+/-9.791957).
=====================================================
=====================================================
Completed 20 games.

Agent 1 (SHUCT)
Winning score (between 0 and 1) : N=20, mean=0.95 (+/-0.097998).
P1: N=10, mean=0.9 (+/-0.195996).
P2: N=10, mean=1 (+/-0).
Game Durations: N=20, mean=58.15 (+/-6.510203).
P1: N=10, mean=60.5 (+/-9.309523).
P2: N=10, mean=55.8 (+/-9.357769).

Agent 2 (UCT)
Winning score (between 0 and 1) : N=20, mean=0.05 (+/-0.097998).
P1: N=10, mean=0 (+/-0).
P2: N=10, mean=0.1 (+/-0.195996).
Game Durations: N=20, mean=58.15 (+/-6.510203).
P1: N=10, mean=55.8 (+/-9.357769).
P2: N=10, mean=60.5 (+/-9.309523).
=====================================================
=====================================================
Completed 30 games.

Agent 1 (SHUCT)
Winning score (between 0 and 1) : N=30, mean=0.966667 (+/-0.065332).
P1: N=15, mean=0.933333 (+/-0.130664).
P2: N=15, mean=1 (+/-0).
Game Durations: N=30, mean=57 (+/-5.160814).
P1: N=15, mean=59.333333 (+/-6.75619).
P2: N=15, mean=54.666667 (+/-7.85538).

Agent 2 (UCT)
Winning score (between 0 and 1) : N=30, mean=0.033333 (+/-0.065332).
P1: N=15, mean=0 (+/-0).
P2: N=15, mean=0.066667 (+/-0.130664).
Game Durations: N=30, mean=57 (+/-5.160814).
P1: N=15, mean=54.666667 (+/-7.85538).
P2: N=15, mean=59.333333 (+/-6.75619).
=====================================================
=====================================================
Completed 40 games.

Agent 1 (SHUCT)
Winning score (between 0 and 1) : N=40, mean=0.975 (+/-0.048999).
P1: N=20, mean=0.95 (+/-0.097998).
P2: N=20, mean=1 (+/-0).
Game Durations: N=40, mean=55.225 (+/-4.423702).
P1: N=20, mean=58.65 (+/-5.847598).
P2: N=20, mean=51.8 (+/-6.434176).

Agent 2 (UCT)
Winning score (between 0 and 1) : N=40, mean=0.025 (+/-0.048999).
P1: N=20, mean=0 (+/-0).
P2: N=20, mean=0.05 (+/-0.097998).
Game Durations: N=40, mean=55.225 (+/-4.423702).
P1: N=20, mean=51.8 (+/-6.434176).
P2: N=20, mean=58.65 (+/-5.847598).
=====================================================
=====================================================
Completed 50 games.

Agent 1 (SHUCT)
Winning score (between 0 and 1) : N=50, mean=0.98 (+/-0.039199).
P1: N=25, mean=0.96 (+/-0.078398).
P2: N=25, mean=1 (+/-0).
Game Durations: N=50, mean=56.08 (+/-3.969936).
P1: N=25, mean=58 (+/-5.415073).
P2: N=25, mean=54.16 (+/-5.818232).

Agent 2 (UCT)
Winning score (between 0 and 1) : N=50, mean=0.02 (+/-0.039199).
P1: N=25, mean=0 (+/-0).
P2: N=25, mean=0.04 (+/-0.078398).
Game Durations: N=50, mean=56.08 (+/-3.969936).
P1: N=25, mean=54.16 (+/-5.818232).
P2: N=25, mean=58 (+/-5.415073).
=====================================================
=====================================================
Completed 60 games.

Agent 1 (SHUCT)
Winning score (between 0 and 1) : N=60, mean=0.966667 (+/-0.045804).
P1: N=30, mean=0.933333 (+/-0.090786).
P2: N=30, mean=1 (+/-0).
Game Durations: N=60, mean=55.833333 (+/-3.59326).
P1: N=30, mean=58.4 (+/-4.669989).
P2: N=30, mean=53.266667 (+/-5.383534).

Agent 2 (UCT)
Winning score (between 0 and 1) : N=60, mean=0.033333 (+/-0.045804).
P1: N=30, mean=0 (+/-0).
P2: N=30, mean=0.066667 (+/-0.090786).
Game Durations: N=60, mean=55.833333 (+/-3.59326).
P1: N=30, mean=53.266667 (+/-5.383534).
P2: N=30, mean=58.4 (+/-4.669989).
=====================================================
=====================================================
Completed 70 games.

Agent 1 (SHUCT)
Winning score (between 0 and 1) : N=70, mean=0.971429 (+/-0.039309).
P1: N=35, mean=0.942857 (+/-0.078021).
P2: N=35, mean=1 (+/-0).
Game Durations: N=70, mean=55.671429 (+/-3.203761).
P1: N=35, mean=57.457143 (+/-4.286038).
P2: N=35, mean=53.885714 (+/-4.750729).

Agent 2 (UCT)
Winning score (between 0 and 1) : N=70, mean=0.028571 (+/-0.039309).
P1: N=35, mean=0 (+/-0).
P2: N=35, mean=0.057143 (+/-0.078021).
Game Durations: N=70, mean=55.671429 (+/-3.203761).
P1: N=35, mean=53.885714 (+/-4.750729).
P2: N=35, mean=57.457143 (+/-4.286038).
=====================================================
=====================================================
Completed 80 games.

Agent 1 (SHUCT)
Winning score (between 0 and 1) : N=80, mean=0.975 (+/-0.034428).
P1: N=40, mean=0.95 (+/-0.068401).
P2: N=40, mean=1 (+/-0).
Game Durations: N=80, mean=56.2 (+/-2.962882).
P1: N=40, mean=57.05 (+/-3.909195).
P2: N=40, mean=55.35 (+/-4.487843).

Agent 2 (UCT)
Winning score (between 0 and 1) : N=80, mean=0.025 (+/-0.034428).
P1: N=40, mean=0 (+/-0).
P2: N=40, mean=0.05 (+/-0.068401).
Game Durations: N=80, mean=56.2 (+/-2.962882).
P1: N=40, mean=55.35 (+/-4.487843).
P2: N=40, mean=57.05 (+/-3.909195).
=====================================================
=====================================================
Completed 90 games.

Agent 1 (SHUCT)
Winning score (between 0 and 1) : N=90, mean=0.977778 (+/-0.030624).
P1: N=45, mean=0.955556 (+/-0.060892).
P2: N=45, mean=1 (+/-0).
Game Durations: N=90, mean=56.011111 (+/-2.811911).
P1: N=45, mean=57.8 (+/-3.616456).
P2: N=45, mean=54.222222 (+/-4.283603).

Agent 2 (UCT)
Winning score (between 0 and 1) : N=90, mean=0.022222 (+/-0.030624).
P1: N=45, mean=0 (+/-0).
P2: N=45, mean=0.044444 (+/-0.060892).
Game Durations: N=90, mean=56.011111 (+/-2.811911).
P1: N=45, mean=54.222222 (+/-4.283603).
P2: N=45, mean=57.8 (+/-3.616456).
=====================================================
=====================================================
Completed 100 games.

Agent 1 (SHUCT)
Winning score (between 0 and 1) : N=100, mean=0.98 (+/-0.027578).
P1: N=50, mean=0.96 (+/-0.054867).
P2: N=50, mean=1 (+/-0).
Game Durations: N=100, mean=55.96 (+/-2.628665).
P1: N=50, mean=57.08 (+/-3.456014).
P2: N=50, mean=54.84 (+/-3.97251).

Agent 2 (UCT)
Winning score (between 0 and 1) : N=100, mean=0.02 (+/-0.027578).
P1: N=50, mean=0 (+/-0).
P2: N=50, mean=0.04 (+/-0.054867).
Game Durations: N=100, mean=55.96 (+/-2.628665).
P1: N=50, mean=54.84 (+/-3.97251).
P2: N=50, mean=57.08 (+/-3.456014).
=====================================================
