Warming up...
Finished warming up!
=====================================================
Completed 1 games.

Agent 1 (SHUCT)
Winning score (between 0 and 1) : N=1, mean=1 (+/-0).
P1: N=1, mean=1 (+/-0).
P2: N=0, mean=0 (+/-0).
Game Durations: N=1, mean=51 (+/-0).
P1: N=1, mean=51 (+/-0).
P2: N=0, mean=0 (+/-0).

Agent 2 (UCT)
Winning score (between 0 and 1) : N=1, mean=0 (+/-0).
P1: N=0, mean=0 (+/-0).
P2: N=1, mean=0 (+/-0).
Game Durations: N=1, mean=51 (+/-0).
P1: N=0, mean=0 (+/-0).
P2: N=1, mean=51 (+/-0).
=====================================================
=====================================================
Completed 2 games.

Agent 1 (SHUCT)
Winning score (between 0 and 1) : N=2, mean=0.5 (+/-0.97998).
P1: N=1, mean=1 (+/-0).
P2: N=1, mean=0 (+/-0).
Game Durations: N=2, mean=56 (+/-9.7998).
P1: N=1, mean=51 (+/-0).
P2: N=1, mean=61 (+/-0).

Agent 2 (UCT)
Winning score (between 0 and 1) : N=2, mean=0.5 (+/-0.97998).
P1: N=1, mean=1 (+/-0).
P2: N=1, mean=0 (+/-0).
Game Durations: N=2, mean=56 (+/-9.7998).
P1: N=1, mean=61 (+/-0).
P2: N=1, mean=51 (+/-0).
=====================================================
=====================================================
Completed 3 games.

Agent 1 (SHUCT)
Winning score (between 0 and 1) : N=3, mean=0.666667 (+/-0.65332).
P1: N=2, mean=1 (+/-0).
P2: N=1, mean=0 (+/-0).
Game Durations: N=3, mean=55.666667 (+/-5.695512).
P1: N=2, mean=53 (+/-3.91992).
P2: N=1, mean=61 (+/-0).

Agent 2 (UCT)
Winning score (between 0 and 1) : N=3, mean=0.333333 (+/-0.65332).
P1: N=1, mean=1 (+/-0).
P2: N=2, mean=0 (+/-0).
Game Durations: N=3, mean=55.666667 (+/-5.695512).
P1: N=1, mean=61 (+/-0).
P2: N=2, mean=53 (+/-3.91992).
=====================================================
=====================================================
Completed 4 games.

Agent 1 (SHUCT)
Winning score (between 0 and 1) : N=4, mean=0.75 (+/-0.48999).
P1: N=2, mean=1 (+/-0).
P2: N=2, mean=0.5 (+/-0.97998).
Game Durations: N=4, mean=49.75 (+/-12.275855).
P1: N=2, mean=53 (+/-3.91992).
P2: N=2, mean=46.5 (+/-28.41942).

Agent 2 (UCT)
Winning score (between 0 and 1) : N=4, mean=0.25 (+/-0.48999).
P1: N=2, mean=0.5 (+/-0.97998).
P2: N=2, mean=0 (+/-0).
Game Durations: N=4, mean=49.75 (+/-12.275855).
P1: N=2, mean=46.5 (+/-28.41942).
P2: N=2, mean=53 (+/-3.91992).
=====================================================
=====================================================
Completed 5 games.

Agent 1 (SHUCT)
Winning score (between 0 and 1) : N=5, mean=0.8 (+/-0.391992).
P1: N=3, mean=1 (+/-0).
P2: N=2, mean=0.5 (+/-0.97998).
Game Durations: N=5, mean=50.4 (+/-9.593799).
P1: N=3, mean=53 (+/-2.263167).
P2: N=2, mean=46.5 (+/-28.41942).

Agent 2 (UCT)
Winning score (between 0 and 1) : N=5, mean=0.2 (+/-0.391992).
P1: N=2, mean=0.5 (+/-0.97998).
P2: N=3, mean=0 (+/-0).
Game Durations: N=5, mean=50.4 (+/-9.593799).
P1: N=2, mean=46.5 (+/-28.41942).
P2: N=3, mean=53 (+/-2.263167).
=====================================================
=====================================================
Completed 10 games.

Agent 1 (SHUCT)
Winning score (between 0 and 1) : N=10, mean=0.7 (+/-0.299389).
P1: N=5, mean=0.8 (+/-0.391992).
P2: N=5, mean=0.6 (+/-0.48009).
Game Durations: N=10, mean=57.2 (+/-8.803108).
P1: N=5, mean=60 (+/-8.498184).
P2: N=5, mean=54.4 (+/-16.169373).

Agent 2 (UCT)
Winning score (between 0 and 1) : N=10, mean=0.3 (+/-0.299389).
P1: N=5, mean=0.4 (+/-0.48009).
P2: N=5, mean=0.2 (+/-0.391992).
Game Durations: N=10, mean=57.2 (+/-8.803108).
P1: N=5, mean=54.4 (+/-16.169373).
P2: N=5, mean=60 (+/-8.498184).
=====================================================
=====================================================
Completed 20 games.

Agent 1 (SHUCT)
Winning score (between 0 and 1) : N=20, mean=0.8 (+/-0.179858).
P1: N=10, mean=0.9 (+/-0.195996).
P2: N=10, mean=0.7 (+/-0.299389).
Game Durations: N=20, mean=53.3 (+/-6.271066).
P1: N=10, mean=52.3 (+/-8.437951).
P2: N=10, mean=54.3 (+/-9.694925).

Agent 2 (UCT)
Winning score (between 0 and 1) : N=20, mean=0.2 (+/-0.179858).
P1: N=10, mean=0.3 (+/-0.299389).
P2: N=10, mean=0.1 (+/-0.195996).
Game Durations: N=20, mean=53.3 (+/-6.271066).
P1: N=10, mean=54.3 (+/-9.694925).
P2: N=10, mean=52.3 (+/-8.437951).
=====================================================
=====================================================
Completed 30 games.

Agent 1 (SHUCT)
Winning score (between 0 and 1) : N=30, mean=0.833333 (+/-0.135638).
P1: N=15, mean=0.866667 (+/-0.178065).
P2: N=15, mean=0.8 (+/-0.209529).
Game Durations: N=30, mean=52.933333 (+/-4.810947).
P1: N=15, mean=53.933333 (+/-6.453759).
P2: N=15, mean=51.933333 (+/-7.327177).

Agent 2 (UCT)
Winning score (between 0 and 1) : N=30, mean=0.166667 (+/-0.135638).
P1: N=15, mean=0.2 (+/-0.209529).
P2: N=15, mean=0.133333 (+/-0.178065).
Game Durations: N=30, mean=52.933333 (+/-4.810947).
P1: N=15, mean=51.933333 (+/-7.327177).
P2: N=15, mean=53.933333 (+/-6.453759).
=====================================================
=====================================================
Completed 40 games.

Agent 1 (SHUCT)
Winning score (between 0 and 1) : N=40, mean=0.875 (+/-0.103794).
P1: N=20, mean=0.9 (+/-0.134894).
P2: N=20, mean=0.85 (+/-0.160556).
Game Durations: N=40, mean=53.475 (+/-4.181908).
P1: N=20, mean=55.9 (+/-5.674984).
P2: N=20, mean=51.05 (+/-6.100078).

Agent 2 (UCT)
Winning score (between 0 and 1) : N=40, mean=0.125 (+/-0.103794).
P1: N=20, mean=0.15 (+/-0.160556).
P2: N=20, mean=0.1 (+/-0.134894).
Game Durations: N=40, mean=53.475 (+/-4.181908).
P1: N=20, mean=51.05 (+/-6.100078).
P2: N=20, mean=55.9 (+/-5.674984).
=====================================================
=====================================================
Completed 50 games.

Agent 1 (SHUCT)
Winning score (between 0 and 1) : N=50, mean=0.9 (+/-0.083998).
P1: N=25, mean=0.92 (+/-0.108538).
P2: N=25, mean=0.88 (+/-0.130009).
Game Durations: N=50, mean=53.24 (+/-3.962314).
P1: N=25, mean=55.08 (+/-4.933652).
P2: N=25, mean=51.4 (+/-6.219593).

Agent 2 (UCT)
Winning score (between 0 and 1) : N=50, mean=0.1 (+/-0.083998).
P1: N=25, mean=0.12 (+/-0.130009).
P2: N=25, mean=0.08 (+/-0.108538).
Game Durations: N=50, mean=53.24 (+/-3.962314).
P1: N=25, mean=51.4 (+/-6.219593).
P2: N=25, mean=55.08 (+/-4.933652).
=====================================================
=====================================================
Completed 60 games.

Agent 1 (SHUCT)
Winning score (between 0 and 1) : N=60, mean=0.916667 (+/-0.070524).
P1: N=30, mean=0.933333 (+/-0.090786).
P2: N=30, mean=0.9 (+/-0.109187).
Game Durations: N=60, mean=53.816667 (+/-3.488238).
P1: N=30, mean=54.466667 (+/-4.329625).
P2: N=30, mean=53.166667 (+/-5.536497).

Agent 2 (UCT)
Winning score (between 0 and 1) : N=60, mean=0.083333 (+/-0.070524).
P1: N=30, mean=0.1 (+/-0.109187).
P2: N=30, mean=0.066667 (+/-0.090786).
Game Durations: N=60, mean=53.816667 (+/-3.488238).
P1: N=30, mean=53.166667 (+/-5.536497).
P2: N=30, mean=54.466667 (+/-4.329625).
=====================================================
=====================================================
Completed 70 games.

Agent 1 (SHUCT)
Winning score (between 0 and 1) : N=70, mean=0.871429 (+/-0.078979).
P1: N=35, mean=0.857143 (+/-0.117621).
P2: N=35, mean=0.885714 (+/-0.106943).
Game Durations: N=70, mean=54.657143 (+/-3.140874).
P1: N=35, mean=54.971429 (+/-3.998588).
P2: N=35, mean=54.342857 (+/-4.902003).

Agent 2 (UCT)
Winning score (between 0 and 1) : N=70, mean=0.128571 (+/-0.078979).
P1: N=35, mean=0.114286 (+/-0.106943).
P2: N=35, mean=0.142857 (+/-0.117621).
Game Durations: N=70, mean=54.657143 (+/-3.140874).
P1: N=35, mean=54.342857 (+/-4.902003).
P2: N=35, mean=54.971429 (+/-3.998588).
=====================================================
=====================================================
Completed 80 games.

Agent 1 (SHUCT)
Winning score (between 0 and 1) : N=80, mean=0.875 (+/-0.072928).
P1: N=40, mean=0.875 (+/-0.103794).
P2: N=40, mean=0.875 (+/-0.103794).
Game Durations: N=80, mean=54.75 (+/-3.073662).
P1: N=40, mean=55.075 (+/-3.905059).
P2: N=40, mean=54.425 (+/-4.796226).

Agent 2 (UCT)
Winning score (between 0 and 1) : N=80, mean=0.125 (+/-0.072928).
P1: N=40, mean=0.125 (+/-0.103794).
P2: N=40, mean=0.125 (+/-0.103794).
Game Durations: N=80, mean=54.75 (+/-3.073662).
P1: N=40, mean=54.425 (+/-4.796226).
P2: N=40, mean=55.075 (+/-3.905059).
=====================================================
=====================================================
Completed 90 games.

Agent 1 (SHUCT)
Winning score (between 0 and 1) : N=90, mean=0.877778 (+/-0.068049).
P1: N=45, mean=0.866667 (+/-0.100442).
P2: N=45, mean=0.888889 (+/-0.092859).
Game Durations: N=90, mean=54.977778 (+/-2.883233).
P1: N=45, mean=55.4 (+/-3.514594).
P2: N=45, mean=54.555556 (+/-4.609393).

Agent 2 (UCT)
Winning score (between 0 and 1) : N=90, mean=0.122222 (+/-0.068049).
P1: N=45, mean=0.111111 (+/-0.092859).
P2: N=45, mean=0.133333 (+/-0.100442).
Game Durations: N=90, mean=54.977778 (+/-2.883233).
P1: N=45, mean=54.555556 (+/-4.609393).
P2: N=45, mean=55.4 (+/-3.514594).
=====================================================
=====================================================
Completed 100 games.

Agent 1 (SHUCT)
Winning score (between 0 and 1) : N=100, mean=0.89 (+/-0.061634).
P1: N=50, mean=0.88 (+/-0.090987).
P2: N=50, mean=0.9 (+/-0.083998).
Game Durations: N=100, mean=55.33 (+/-2.708082).
P1: N=50, mean=55.72 (+/-3.259518).
P2: N=50, mean=54.94 (+/-4.357276).

Agent 2 (UCT)
Winning score (between 0 and 1) : N=100, mean=0.11 (+/-0.061634).
P1: N=50, mean=0.1 (+/-0.083998).
P2: N=50, mean=0.12 (+/-0.090987).
Game Durations: N=100, mean=55.33 (+/-2.708082).
P1: N=50, mean=54.94 (+/-4.357276).
P2: N=50, mean=55.72 (+/-3.259518).
=====================================================
