Warming up...
Finished warming up!
=====================================================
Completed 1 games.

Agent 1 (Example UCT)
Winning score (between 0 and 1) : N=1, mean=0 (+/-0).
P1: N=0, mean=0 (+/-0).
P2: N=1, mean=0 (+/-0).
Game Durations: N=1, mean=39 (+/-0).
P1: N=0, mean=0 (+/-0).
P2: N=1, mean=39 (+/-0).

Agent 2 (SHUCT)
Winning score (between 0 and 1) : N=1, mean=1 (+/-0).
P1: N=1, mean=1 (+/-0).
P2: N=0, mean=0 (+/-0).
Game Durations: N=1, mean=39 (+/-0).
P1: N=1, mean=39 (+/-0).
P2: N=0, mean=0 (+/-0).
=====================================================
=====================================================
Completed 2 games.

Agent 1 (Example UCT)
Winning score (between 0 and 1) : N=2, mean=0 (+/-0).
P1: N=1, mean=0 (+/-0).
P2: N=1, mean=0 (+/-0).
Game Durations: N=2, mean=32.5 (+/-12.73974).
P1: N=1, mean=26 (+/-0).
P2: N=1, mean=39 (+/-0).

Agent 2 (SHUCT)
Winning score (between 0 and 1) : N=2, mean=1 (+/-0).
P1: N=1, mean=1 (+/-0).
P2: N=1, mean=1 (+/-0).
Game Durations: N=2, mean=32.5 (+/-12.73974).
P1: N=1, mean=39 (+/-0).
P2: N=1, mean=26 (+/-0).
=====================================================
=====================================================
Completed 3 games.

Agent 1 (Example UCT)
Winning score (between 0 and 1) : N=3, mean=0 (+/-0).
P1: N=1, mean=0 (+/-0).
P2: N=2, mean=0 (+/-0).
Game Durations: N=3, mean=29.333333 (+/-9.624005).
P1: N=1, mean=26 (+/-0).
P2: N=2, mean=31 (+/-15.67968).

Agent 2 (SHUCT)
Winning score (between 0 and 1) : N=3, mean=1 (+/-0).
P1: N=2, mean=1 (+/-0).
P2: N=1, mean=1 (+/-0).
Game Durations: N=3, mean=29.333333 (+/-9.624005).
P1: N=2, mean=31 (+/-15.67968).
P2: N=1, mean=26 (+/-0).
=====================================================
=====================================================
Completed 4 games.

Agent 1 (Example UCT)
Winning score (between 0 and 1) : N=4, mean=0.25 (+/-0.48999).
P1: N=2, mean=0.5 (+/-0.97998).
P2: N=2, mean=0 (+/-0).
Game Durations: N=4, mean=33.25 (+/-10.258632).
P1: N=2, mean=35.5 (+/-18.61962).
P2: N=2, mean=31 (+/-15.67968).

Agent 2 (SHUCT)
Winning score (between 0 and 1) : N=4, mean=0.75 (+/-0.48999).
P1: N=2, mean=1 (+/-0).
P2: N=2, mean=0.5 (+/-0.97998).
Game Durations: N=4, mean=33.25 (+/-10.258632).
P1: N=2, mean=31 (+/-15.67968).
P2: N=2, mean=35.5 (+/-18.61962).
=====================================================
=====================================================
Completed 5 games.

Agent 1 (Example UCT)
Winning score (between 0 and 1) : N=5, mean=0.2 (+/-0.391992).
P1: N=2, mean=0.5 (+/-0.97998).
P2: N=3, mean=0 (+/-0).
Game Durations: N=5, mean=36 (+/-9.601804).
P1: N=2, mean=35.5 (+/-18.61962).
P2: N=3, mean=36.333333 (+/-13.828178).

Agent 2 (SHUCT)
Winning score (between 0 and 1) : N=5, mean=0.8 (+/-0.391992).
P1: N=3, mean=1 (+/-0).
P2: N=2, mean=0.5 (+/-0.97998).
Game Durations: N=5, mean=36 (+/-9.601804).
P1: N=3, mean=36.333333 (+/-13.828178).
P2: N=2, mean=35.5 (+/-18.61962).
=====================================================
=====================================================
Completed 10 games.

Agent 1 (Example UCT)
Winning score (between 0 and 1) : N=10, mean=0.2 (+/-0.261328).
P1: N=5, mean=0.4 (+/-0.48009).
P2: N=5, mean=0 (+/-0).
Game Durations: N=10, mean=33.1 (+/-5.222066).
P1: N=5, mean=32 (+/-7.411656).
P2: N=5, mean=34.2 (+/-8.090624).

Agent 2 (SHUCT)
Winning score (between 0 and 1) : N=10, mean=0.8 (+/-0.261328).
P1: N=5, mean=1 (+/-0).
P2: N=5, mean=0.6 (+/-0.48009).
Game Durations: N=10, mean=33.1 (+/-5.222066).
P1: N=5, mean=34.2 (+/-8.090624).
P2: N=5, mean=32 (+/-7.411656).
=====================================================
=====================================================
Completed 20 games.

Agent 1 (Example UCT)
Winning score (between 0 and 1) : N=20, mean=0.15 (+/-0.160556).
P1: N=10, mean=0.3 (+/-0.299389).
P2: N=10, mean=0 (+/-0).
Game Durations: N=20, mean=32.45 (+/-4.092702).
P1: N=10, mean=29.9 (+/-5.383056).
P2: N=10, mean=35 (+/-6.016222).

Agent 2 (SHUCT)
Winning score (between 0 and 1) : N=20, mean=0.85 (+/-0.160556).
P1: N=10, mean=1 (+/-0).
P2: N=10, mean=0.7 (+/-0.299389).
Game Durations: N=20, mean=32.45 (+/-4.092702).
P1: N=10, mean=35 (+/-6.016222).
P2: N=10, mean=29.9 (+/-5.383056).
=====================================================
=====================================================
Completed 30 games.

Agent 1 (Example UCT)
Winning score (between 0 and 1) : N=30, mean=0.2 (+/-0.145582).
P1: N=15, mean=0.266667 (+/-0.231643).
P2: N=15, mean=0.133333 (+/-0.178065).
Game Durations: N=30, mean=32.433333 (+/-3.032986).
P1: N=15, mean=31.333333 (+/-4.406192).
P2: N=15, mean=33.533333 (+/-4.246365).

Agent 2 (SHUCT)
Winning score (between 0 and 1) : N=30, mean=0.8 (+/-0.145582).
P1: N=15, mean=0.866667 (+/-0.178065).
P2: N=15, mean=0.733333 (+/-0.231643).
Game Durations: N=30, mean=32.433333 (+/-3.032986).
P1: N=15, mean=33.533333 (+/-4.246365).
P2: N=15, mean=31.333333 (+/-4.406192).
=====================================================
=====================================================
Completed 40 games.

Agent 1 (Example UCT)
Winning score (between 0 and 1) : N=40, mean=0.25 (+/-0.135899).
P1: N=20, mean=0.3 (+/-0.206054).
P2: N=20, mean=0.2 (+/-0.179858).
Game Durations: N=40, mean=32.8 (+/-2.441341).
P1: N=20, mean=31.9 (+/-3.415236).
P2: N=20, mean=33.7 (+/-3.532224).

Agent 2 (SHUCT)
Winning score (between 0 and 1) : N=40, mean=0.75 (+/-0.135899).
P1: N=20, mean=0.8 (+/-0.179858).
P2: N=20, mean=0.7 (+/-0.206054).
Game Durations: N=40, mean=32.8 (+/-2.441341).
P1: N=20, mean=33.7 (+/-3.532224).
P2: N=20, mean=31.9 (+/-3.415236).
=====================================================
=====================================================
Completed 50 games.

Agent 1 (Example UCT)
Winning score (between 0 and 1) : N=50, mean=0.24 (+/-0.119581).
P1: N=25, mean=0.24 (+/-0.170865).
P2: N=25, mean=0.24 (+/-0.170865).
Game Durations: N=50, mean=32.58 (+/-2.053021).
P1: N=25, mean=32.16 (+/-2.759486).
P2: N=25, mean=33 (+/-3.088622).

Agent 2 (SHUCT)
Winning score (between 0 and 1) : N=50, mean=0.76 (+/-0.119581).
P1: N=25, mean=0.76 (+/-0.170865).
P2: N=25, mean=0.76 (+/-0.170865).
Game Durations: N=50, mean=32.58 (+/-2.053021).
P1: N=25, mean=33 (+/-3.088622).
P2: N=25, mean=32.16 (+/-2.759486).
=====================================================
=====================================================
Completed 60 games.

Agent 1 (Example UCT)
Winning score (between 0 and 1) : N=60, mean=0.25 (+/-0.11049).
P1: N=30, mean=0.266667 (+/-0.160947).
P2: N=30, mean=0.233333 (+/-0.153936).
Game Durations: N=60, mean=33.416667 (+/-1.96951).
P1: N=30, mean=32.933333 (+/-2.922139).
P2: N=30, mean=33.9 (+/-2.68004).

Agent 2 (SHUCT)
Winning score (between 0 and 1) : N=60, mean=0.75 (+/-0.11049).
P1: N=30, mean=0.766667 (+/-0.153936).
P2: N=30, mean=0.733333 (+/-0.160947).
Game Durations: N=60, mean=33.416667 (+/-1.96951).
P1: N=30, mean=33.9 (+/-2.68004).
P2: N=30, mean=32.933333 (+/-2.922139).
=====================================================
=====================================================
Completed 70 games.

Agent 1 (Example UCT)
Winning score (between 0 and 1) : N=70, mean=0.242857 (+/-0.101178).
P1: N=35, mean=0.228571 (+/-0.141145).
P2: N=35, mean=0.257143 (+/-0.146909).
Game Durations: N=70, mean=33.628571 (+/-1.877545).
P1: N=35, mean=33.314286 (+/-2.787794).
P2: N=35, mean=33.942857 (+/-2.552243).

Agent 2 (SHUCT)
Winning score (between 0 and 1) : N=70, mean=0.757143 (+/-0.101178).
P1: N=35, mean=0.742857 (+/-0.146909).
P2: N=35, mean=0.771429 (+/-0.141145).
Game Durations: N=70, mean=33.628571 (+/-1.877545).
P1: N=35, mean=33.942857 (+/-2.552243).
P2: N=35, mean=33.314286 (+/-2.787794).
=====================================================
=====================================================
Completed 80 games.

Agent 1 (Example UCT)
Winning score (between 0 and 1) : N=80, mean=0.2375 (+/-0.093839).
P1: N=40, mean=0.225 (+/-0.131056).
P2: N=40, mean=0.25 (+/-0.135899).
Game Durations: N=80, mean=33.8125 (+/-1.750992).
P1: N=40, mean=33.525 (+/-2.570835).
P2: N=40, mean=34.1 (+/-2.407417).

Agent 2 (SHUCT)
Winning score (between 0 and 1) : N=80, mean=0.7625 (+/-0.093839).
P1: N=40, mean=0.75 (+/-0.135899).
P2: N=40, mean=0.775 (+/-0.131056).
Game Durations: N=80, mean=33.8125 (+/-1.750992).
P1: N=40, mean=34.1 (+/-2.407417).
P2: N=40, mean=33.525 (+/-2.570835).
=====================================================
=====================================================
Completed 90 games.

Agent 1 (Example UCT)
Winning score (between 0 and 1) : N=90, mean=0.244444 (+/-0.089284).
P1: N=45, mean=0.244444 (+/-0.126983).
P2: N=45, mean=0.244444 (+/-0.126983).
Game Durations: N=90, mean=33.277778 (+/-1.675558).
P1: N=45, mean=33.488889 (+/-2.347016).
P2: N=45, mean=33.066667 (+/-2.416883).

Agent 2 (SHUCT)
Winning score (between 0 and 1) : N=90, mean=0.755556 (+/-0.089284).
P1: N=45, mean=0.755556 (+/-0.126983).
P2: N=45, mean=0.755556 (+/-0.126983).
Game Durations: N=90, mean=33.277778 (+/-1.675558).
P1: N=45, mean=33.066667 (+/-2.416883).
P2: N=45, mean=33.488889 (+/-2.347016).
=====================================================
=====================================================
Completed 100 games.

Agent 1 (Example UCT)
Winning score (between 0 and 1) : N=100, mean=0.24 (+/-0.084128).
P1: N=50, mean=0.24 (+/-0.119581).
P2: N=50, mean=0.24 (+/-0.119581).
Game Durations: N=100, mean=33.24 (+/-1.556074).
P1: N=50, mean=33.44 (+/-2.1776).
P2: N=50, mean=33.04 (+/-2.244122).

Agent 2 (SHUCT)
Winning score (between 0 and 1) : N=100, mean=0.76 (+/-0.084128).
P1: N=50, mean=0.76 (+/-0.119581).
P2: N=50, mean=0.76 (+/-0.119581).
Game Durations: N=100, mean=33.24 (+/-1.556074).
P1: N=50, mean=33.04 (+/-2.244122).
P2: N=50, mean=33.44 (+/-2.1776).
=====================================================
=====================================================
Completed 110 games.

Agent 1 (Example UCT)
Winning score (between 0 and 1) : N=110, mean=0.245455 (+/-0.080791).
P1: N=55, mean=0.254545 (+/-0.116183).
P2: N=55, mean=0.236364 (+/-0.113314).
Game Durations: N=110, mean=33.163636 (+/-1.516178).
P1: N=55, mean=33.563636 (+/-2.091962).
P2: N=55, mean=32.763636 (+/-2.209356).

Agent 2 (SHUCT)
Winning score (between 0 and 1) : N=110, mean=0.754545 (+/-0.080791).
P1: N=55, mean=0.763636 (+/-0.113314).
P2: N=55, mean=0.745455 (+/-0.116183).
Game Durations: N=110, mean=33.163636 (+/-1.516178).
P1: N=55, mean=32.763636 (+/-2.209356).
P2: N=55, mean=33.563636 (+/-2.091962).
=====================================================
=====================================================
Completed 120 games.

Agent 1 (Example UCT)
Winning score (between 0 and 1) : N=120, mean=0.25 (+/-0.077799).
P1: N=60, mean=0.266667 (+/-0.112838).
P2: N=60, mean=0.233333 (+/-0.107923).
Game Durations: N=120, mean=33.233333 (+/-1.463272).
P1: N=60, mean=33.4 (+/-2.057839).
P2: N=60, mean=33.066667 (+/-2.097361).

Agent 2 (SHUCT)
Winning score (between 0 and 1) : N=120, mean=0.75 (+/-0.077799).
P1: N=60, mean=0.766667 (+/-0.107923).
P2: N=60, mean=0.733333 (+/-0.112838).
Game Durations: N=120, mean=33.233333 (+/-1.463272).
P1: N=60, mean=33.066667 (+/-2.097361).
P2: N=60, mean=33.4 (+/-2.057839).
=====================================================
=====================================================
Completed 130 games.

Agent 1 (Example UCT)
Winning score (between 0 and 1) : N=130, mean=0.253846 (+/-0.075102).
P1: N=65, mean=0.292308 (+/-0.111429).
P2: N=65, mean=0.215385 (+/-0.100715).
Game Durations: N=130, mean=33.461538 (+/-1.399659).
P1: N=65, mean=33.430769 (+/-1.973561).
P2: N=65, mean=33.492308 (+/-2.000586).

Agent 2 (SHUCT)
Winning score (between 0 and 1) : N=130, mean=0.746154 (+/-0.075102).
P1: N=65, mean=0.784615 (+/-0.100715).
P2: N=65, mean=0.707692 (+/-0.111429).
Game Durations: N=130, mean=33.461538 (+/-1.399659).
P1: N=65, mean=33.492308 (+/-2.000586).
P2: N=65, mean=33.430769 (+/-1.973561).
=====================================================
=====================================================
Completed 140 games.

Agent 1 (Example UCT)
Winning score (between 0 and 1) : N=140, mean=0.242857 (+/-0.071286).
P1: N=70, mean=0.285714 (+/-0.106592).
P2: N=70, mean=0.2 (+/-0.094381).
Game Durations: N=140, mean=33.157143 (+/-1.388928).
P1: N=70, mean=33.342857 (+/-1.969629).
P2: N=70, mean=32.971429 (+/-1.972085).

Agent 2 (SHUCT)
Winning score (between 0 and 1) : N=140, mean=0.757143 (+/-0.071286).
P1: N=70, mean=0.8 (+/-0.094381).
P2: N=70, mean=0.714286 (+/-0.106592).
Game Durations: N=140, mean=33.157143 (+/-1.388928).
P1: N=70, mean=32.971429 (+/-1.972085).
P2: N=70, mean=33.342857 (+/-1.969629).
=====================================================
=====================================================
Completed 150 games.

Agent 1 (Example UCT)
Winning score (between 0 and 1) : N=150, mean=0.24 (+/-0.068575).
P1: N=75, mean=0.28 (+/-0.1023).
P2: N=75, mean=0.2 (+/-0.091136).
Game Durations: N=150, mean=33.433333 (+/-1.419586).
P1: N=75, mean=33.986667 (+/-2.091008).
P2: N=75, mean=32.88 (+/-1.926464).

Agent 2 (SHUCT)
Winning score (between 0 and 1) : N=150, mean=0.76 (+/-0.068575).
P1: N=75, mean=0.8 (+/-0.091136).
P2: N=75, mean=0.72 (+/-0.1023).
Game Durations: N=150, mean=33.433333 (+/-1.419586).
P1: N=75, mean=32.88 (+/-1.926464).
P2: N=75, mean=33.986667 (+/-2.091008).
=====================================================
