Warming up...
Finished warming up!
=====================================================
Completed 1 games.

Agent 1 (Example UCT)
Winning score (between 0 and 1) : N=1, mean=0 (+/-0).
P1: N=1, mean=0 (+/-0).
P2: N=0, mean=0 (+/-0).
Game Durations: N=1, mean=22 (+/-0).
P1: N=1, mean=22 (+/-0).
P2: N=0, mean=0 (+/-0).

Agent 2 (SHUCT)
Winning score (between 0 and 1) : N=1, mean=1 (+/-0).
P1: N=0, mean=0 (+/-0).
P2: N=1, mean=1 (+/-0).
Game Durations: N=1, mean=22 (+/-0).
P1: N=0, mean=0 (+/-0).
P2: N=1, mean=22 (+/-0).
=====================================================
=====================================================
Completed 2 games.

Agent 1 (Example UCT)
Winning score (between 0 and 1) : N=2, mean=0 (+/-0).
P1: N=1, mean=0 (+/-0).
P2: N=1, mean=0 (+/-0).
Game Durations: N=2, mean=15.5 (+/-12.73974).
P1: N=1, mean=22 (+/-0).
P2: N=1, mean=9 (+/-0).

Agent 2 (SHUCT)
Winning score (between 0 and 1) : N=2, mean=1 (+/-0).
P1: N=1, mean=1 (+/-0).
P2: N=1, mean=1 (+/-0).
Game Durations: N=2, mean=15.5 (+/-12.73974).
P1: N=1, mean=9 (+/-0).
P2: N=1, mean=22 (+/-0).
=====================================================
=====================================================
Completed 3 games.

Agent 1 (Example UCT)
Winning score (between 0 and 1) : N=3, mean=0 (+/-0).
P1: N=2, mean=0 (+/-0).
P2: N=1, mean=0 (+/-0).
Game Durations: N=3, mean=15.666667 (+/-7.362542).
P1: N=2, mean=19 (+/-5.87988).
P2: N=1, mean=9 (+/-0).

Agent 2 (SHUCT)
Winning score (between 0 and 1) : N=3, mean=1 (+/-0).
P1: N=1, mean=1 (+/-0).
P2: N=2, mean=1 (+/-0).
Game Durations: N=3, mean=15.666667 (+/-7.362542).
P1: N=1, mean=9 (+/-0).
P2: N=2, mean=19 (+/-5.87988).
=====================================================
=====================================================
Completed 4 games.

Agent 1 (Example UCT)
Winning score (between 0 and 1) : N=4, mean=0 (+/-0).
P1: N=2, mean=0 (+/-0).
P2: N=2, mean=0 (+/-0).
Game Durations: N=4, mean=18.5 (+/-7.611949).
P1: N=2, mean=19 (+/-5.87988).
P2: N=2, mean=18 (+/-17.63964).

Agent 2 (SHUCT)
Winning score (between 0 and 1) : N=4, mean=1 (+/-0).
P1: N=2, mean=1 (+/-0).
P2: N=2, mean=1 (+/-0).
Game Durations: N=4, mean=18.5 (+/-7.611949).
P1: N=2, mean=18 (+/-17.63964).
P2: N=2, mean=19 (+/-5.87988).
=====================================================
=====================================================
Completed 5 games.

Agent 1 (Example UCT)
Winning score (between 0 and 1) : N=5, mean=0 (+/-0).
P1: N=3, mean=0 (+/-0).
P2: N=2, mean=0 (+/-0).
Game Durations: N=5, mean=18 (+/-5.977075).
P1: N=3, mean=18 (+/-3.91992).
P2: N=2, mean=18 (+/-17.63964).

Agent 2 (SHUCT)
Winning score (between 0 and 1) : N=5, mean=1 (+/-0).
P1: N=2, mean=1 (+/-0).
P2: N=3, mean=1 (+/-0).
Game Durations: N=5, mean=18 (+/-5.977075).
P1: N=2, mean=18 (+/-17.63964).
P2: N=3, mean=18 (+/-3.91992).
=====================================================
=====================================================
Completed 10 games.

Agent 1 (Example UCT)
Winning score (between 0 and 1) : N=10, mean=0.2 (+/-0.261328).
P1: N=5, mean=0.2 (+/-0.391992).
P2: N=5, mean=0.2 (+/-0.391992).
Game Durations: N=10, mean=16.7 (+/-3.530951).
P1: N=5, mean=16.6 (+/-3.135936).
P2: N=5, mean=16.8 (+/-6.800807).

Agent 2 (SHUCT)
Winning score (between 0 and 1) : N=10, mean=0.8 (+/-0.261328).
P1: N=5, mean=0.8 (+/-0.391992).
P2: N=5, mean=0.8 (+/-0.391992).
Game Durations: N=10, mean=16.7 (+/-3.530951).
P1: N=5, mean=16.8 (+/-6.800807).
P2: N=5, mean=16.6 (+/-3.135936).
=====================================================
=====================================================
Completed 20 games.

Agent 1 (Example UCT)
Winning score (between 0 and 1) : N=20, mean=0.2 (+/-0.179858).
P1: N=10, mean=0.2 (+/-0.261328).
P2: N=10, mean=0.2 (+/-0.261328).
Game Durations: N=20, mean=16.3 (+/-1.908215).
P1: N=10, mean=16.4 (+/-1.757904).
P2: N=10, mean=16.2 (+/-3.503647).

Agent 2 (SHUCT)
Winning score (between 0 and 1) : N=20, mean=0.8 (+/-0.179858).
P1: N=10, mean=0.8 (+/-0.261328).
P2: N=10, mean=0.8 (+/-0.261328).
Game Durations: N=20, mean=16.3 (+/-1.908215).
P1: N=10, mean=16.2 (+/-3.503647).
P2: N=10, mean=16.4 (+/-1.757904).
=====================================================
=====================================================
Completed 30 games.

Agent 1 (Example UCT)
Winning score (between 0 and 1) : N=30, mean=0.233333 (+/-0.153936).
P1: N=15, mean=0.266667 (+/-0.231643).
P2: N=15, mean=0.2 (+/-0.209529).
Game Durations: N=30, mean=16.266667 (+/-1.506305).
P1: N=15, mean=15.866667 (+/-1.666012).
P2: N=15, mean=16.666667 (+/-2.556668).

Agent 2 (SHUCT)
Winning score (between 0 and 1) : N=30, mean=0.766667 (+/-0.153936).
P1: N=15, mean=0.8 (+/-0.209529).
P2: N=15, mean=0.733333 (+/-0.231643).
Game Durations: N=30, mean=16.266667 (+/-1.506305).
P1: N=15, mean=16.666667 (+/-2.556668).
P2: N=15, mean=15.866667 (+/-1.666012).
=====================================================
=====================================================
Completed 40 games.

Agent 1 (Example UCT)
Winning score (between 0 and 1) : N=40, mean=0.275 (+/-0.140136).
P1: N=20, mean=0.25 (+/-0.194702).
P2: N=20, mean=0.3 (+/-0.206054).
Game Durations: N=40, mean=16.675 (+/-1.459273).
P1: N=20, mean=15.95 (+/-1.586396).
P2: N=20, mean=17.4 (+/-2.452115).

Agent 2 (SHUCT)
Winning score (between 0 and 1) : N=40, mean=0.725 (+/-0.140136).
P1: N=20, mean=0.7 (+/-0.206054).
P2: N=20, mean=0.75 (+/-0.194702).
Game Durations: N=40, mean=16.675 (+/-1.459273).
P1: N=20, mean=17.4 (+/-2.452115).
P2: N=20, mean=15.95 (+/-1.586396).
=====================================================
=====================================================
Completed 50 games.

Agent 1 (Example UCT)
Winning score (between 0 and 1) : N=50, mean=0.22 (+/-0.115987).
P1: N=25, mean=0.2 (+/-0.16003).
P2: N=25, mean=0.24 (+/-0.170865).
Game Durations: N=50, mean=16.28 (+/-1.203702).
P1: N=25, mean=15.8 (+/-1.30009).
P2: N=25, mean=16.76 (+/-2.03773).

Agent 2 (SHUCT)
Winning score (between 0 and 1) : N=50, mean=0.78 (+/-0.115987).
P1: N=25, mean=0.76 (+/-0.170865).
P2: N=25, mean=0.8 (+/-0.16003).
Game Durations: N=50, mean=16.28 (+/-1.203702).
P1: N=25, mean=16.76 (+/-2.03773).
P2: N=25, mean=15.8 (+/-1.30009).
=====================================================
=====================================================
Completed 60 games.

Agent 1 (Example UCT)
Winning score (between 0 and 1) : N=60, mean=0.2 (+/-0.102066).
P1: N=30, mean=0.166667 (+/-0.135638).
P2: N=30, mean=0.233333 (+/-0.153936).
Game Durations: N=60, mean=16.6 (+/-1.115356).
P1: N=30, mean=16.366667 (+/-1.401688).
P2: N=30, mean=16.833333 (+/-1.755768).

Agent 2 (SHUCT)
Winning score (between 0 and 1) : N=60, mean=0.8 (+/-0.102066).
P1: N=30, mean=0.766667 (+/-0.153936).
P2: N=30, mean=0.833333 (+/-0.135638).
Game Durations: N=60, mean=16.6 (+/-1.115356).
P1: N=30, mean=16.833333 (+/-1.755768).
P2: N=30, mean=16.366667 (+/-1.401688).
=====================================================
=====================================================
Completed 70 games.

Agent 1 (Example UCT)
Winning score (between 0 and 1) : N=70, mean=0.214286 (+/-0.096817).
P1: N=35, mean=0.2 (+/-0.134452).
P2: N=35, mean=0.228571 (+/-0.141145).
Game Durations: N=70, mean=17.085714 (+/-1.078867).
P1: N=35, mean=17.114286 (+/-1.423297).
P2: N=35, mean=17.057143 (+/-1.642658).

Agent 2 (SHUCT)
Winning score (between 0 and 1) : N=70, mean=0.785714 (+/-0.096817).
P1: N=35, mean=0.771429 (+/-0.141145).
P2: N=35, mean=0.8 (+/-0.134452).
Game Durations: N=70, mean=17.085714 (+/-1.078867).
P1: N=35, mean=17.057143 (+/-1.642658).
P2: N=35, mean=17.114286 (+/-1.423297).
=====================================================
=====================================================
Completed 80 games.

Agent 1 (Example UCT)
Winning score (between 0 and 1) : N=80, mean=0.1875 (+/-0.086069).
P1: N=40, mean=0.175 (+/-0.119251).
P2: N=40, mean=0.2 (+/-0.125538).
Game Durations: N=80, mean=16.8125 (+/-0.986837).
P1: N=40, mean=16.875 (+/-1.263566).
P2: N=40, mean=16.75 (+/-1.532305).

Agent 2 (SHUCT)
Winning score (between 0 and 1) : N=80, mean=0.8125 (+/-0.086069).
P1: N=40, mean=0.8 (+/-0.125538).
P2: N=40, mean=0.825 (+/-0.119251).
Game Durations: N=80, mean=16.8125 (+/-0.986837).
P1: N=40, mean=16.75 (+/-1.532305).
P2: N=40, mean=16.875 (+/-1.263566).
=====================================================
=====================================================
Completed 90 games.

Agent 1 (Example UCT)
Winning score (between 0 and 1) : N=90, mean=0.188889 (+/-0.08132).
P1: N=45, mean=0.177778 (+/-0.112968).
P2: N=45, mean=0.2 (+/-0.11819).
Game Durations: N=90, mean=16.733333 (+/-0.898567).
P1: N=45, mean=16.977778 (+/-1.152797).
P2: N=45, mean=16.488889 (+/-1.38817).

Agent 2 (SHUCT)
Winning score (between 0 and 1) : N=90, mean=0.811111 (+/-0.08132).
P1: N=45, mean=0.8 (+/-0.11819).
P2: N=45, mean=0.822222 (+/-0.112968).
Game Durations: N=90, mean=16.733333 (+/-0.898567).
P1: N=45, mean=16.488889 (+/-1.38817).
P2: N=45, mean=16.977778 (+/-1.152797).
=====================================================
=====================================================
Completed 100 games.

Agent 1 (Example UCT)
Winning score (between 0 and 1) : N=100, mean=0.19 (+/-0.077277).
P1: N=50, mean=0.18 (+/-0.10757).
P2: N=50, mean=0.2 (+/-0.111998).
Game Durations: N=100, mean=16.91 (+/-0.853688).
P1: N=50, mean=16.98 (+/-1.086565).
P2: N=50, mean=16.84 (+/-1.327964).

Agent 2 (SHUCT)
Winning score (between 0 and 1) : N=100, mean=0.81 (+/-0.077277).
P1: N=50, mean=0.8 (+/-0.111998).
P2: N=50, mean=0.82 (+/-0.10757).
Game Durations: N=100, mean=16.91 (+/-0.853688).
P1: N=50, mean=16.84 (+/-1.327964).
P2: N=50, mean=16.98 (+/-1.086565).
=====================================================
=====================================================
Completed 110 games.

Agent 1 (Example UCT)
Winning score (between 0 and 1) : N=110, mean=0.181818 (+/-0.072406).
P1: N=55, mean=0.181818 (+/-0.102871).
P2: N=55, mean=0.181818 (+/-0.102871).
Game Durations: N=110, mean=17.063636 (+/-0.807369).
P1: N=55, mean=17.090909 (+/-1.017565).
P2: N=55, mean=17.036364 (+/-1.263321).

Agent 2 (SHUCT)
Winning score (between 0 and 1) : N=110, mean=0.818182 (+/-0.072406).
P1: N=55, mean=0.818182 (+/-0.102871).
P2: N=55, mean=0.818182 (+/-0.102871).
Game Durations: N=110, mean=17.063636 (+/-0.807369).
P1: N=55, mean=17.036364 (+/-1.263321).
P2: N=55, mean=17.090909 (+/-1.017565).
=====================================================
=====================================================
Completed 120 games.

Agent 1 (Example UCT)
Winning score (between 0 and 1) : N=120, mean=0.191667 (+/-0.07072).
P1: N=60, mean=0.2 (+/-0.102066).
P2: N=60, mean=0.183333 (+/-0.098733).
Game Durations: N=120, mean=16.941667 (+/-0.759902).
P1: N=60, mean=17 (+/-0.96379).
P2: N=60, mean=16.883333 (+/-1.183236).

Agent 2 (SHUCT)
Winning score (between 0 and 1) : N=120, mean=0.808333 (+/-0.07072).
P1: N=60, mean=0.816667 (+/-0.098733).
P2: N=60, mean=0.8 (+/-0.102066).
Game Durations: N=120, mean=16.941667 (+/-0.759902).
P1: N=60, mean=16.883333 (+/-1.183236).
P2: N=60, mean=17 (+/-0.96379).
=====================================================
=====================================================
Completed 130 games.

Agent 1 (Example UCT)
Winning score (between 0 and 1) : N=130, mean=0.192308 (+/-0.06801).
P1: N=65, mean=0.215385 (+/-0.100715).
P2: N=65, mean=0.169231 (+/-0.091862).
Game Durations: N=130, mean=17.015385 (+/-0.73056).
P1: N=65, mean=17.292308 (+/-0.936345).
P2: N=65, mean=16.738462 (+/-1.12499).

Agent 2 (SHUCT)
Winning score (between 0 and 1) : N=130, mean=0.807692 (+/-0.06801).
P1: N=65, mean=0.830769 (+/-0.091862).
P2: N=65, mean=0.784615 (+/-0.100715).
Game Durations: N=130, mean=17.015385 (+/-0.73056).
P1: N=65, mean=16.738462 (+/-1.12499).
P2: N=65, mean=17.292308 (+/-0.936345).
=====================================================
=====================================================
Completed 140 games.

Agent 1 (Example UCT)
Winning score (between 0 and 1) : N=140, mean=0.185714 (+/-0.064647).
P1: N=70, mean=0.2 (+/-0.094381).
P2: N=70, mean=0.171429 (+/-0.088926).
Game Durations: N=140, mean=16.971429 (+/-0.713081).
P1: N=70, mean=17.114286 (+/-0.887829).
P2: N=70, mean=16.828571 (+/-1.12168).

Agent 2 (SHUCT)
Winning score (between 0 and 1) : N=140, mean=0.814286 (+/-0.064647).
P1: N=70, mean=0.828571 (+/-0.088926).
P2: N=70, mean=0.8 (+/-0.094381).
Game Durations: N=140, mean=16.971429 (+/-0.713081).
P1: N=70, mean=16.828571 (+/-1.12168).
P2: N=70, mean=17.114286 (+/-0.887829).
=====================================================
=====================================================
Completed 150 games.

Agent 1 (Example UCT)
Winning score (between 0 and 1) : N=150, mean=0.186667 (+/-0.062564).
P1: N=75, mean=0.2 (+/-0.091136).
P2: N=75, mean=0.173333 (+/-0.086246).
Game Durations: N=150, mean=17.033333 (+/-0.679309).
P1: N=75, mean=17.16 (+/-0.857392).
P2: N=75, mean=16.906667 (+/-1.059021).

Agent 2 (SHUCT)
Winning score (between 0 and 1) : N=150, mean=0.813333 (+/-0.062564).
P1: N=75, mean=0.826667 (+/-0.086246).
P2: N=75, mean=0.8 (+/-0.091136).
Game Durations: N=150, mean=17.033333 (+/-0.679309).
P1: N=75, mean=16.906667 (+/-1.059021).
P2: N=75, mean=17.16 (+/-0.857392).
=====================================================
