Warming up...
Finished warming up!
=====================================================
Completed 1 games.

Agent 1 (Example UCT)
Winning score (between 0 and 1) : N=1, mean=1 (+/-0).
P1: N=0, mean=0 (+/-0).
P2: N=1, mean=1 (+/-0).
Game Durations: N=1, mean=14 (+/-0).
P1: N=0, mean=0 (+/-0).
P2: N=1, mean=14 (+/-0).

Agent 2 (SHUCT)
Winning score (between 0 and 1) : N=1, mean=0 (+/-0).
P1: N=1, mean=0 (+/-0).
P2: N=0, mean=0 (+/-0).
Game Durations: N=1, mean=14 (+/-0).
P1: N=1, mean=14 (+/-0).
P2: N=0, mean=0 (+/-0).
=====================================================
=====================================================
Completed 2 games.

Agent 1 (Example UCT)
Winning score (between 0 and 1) : N=2, mean=1 (+/-0).
P1: N=1, mean=1 (+/-0).
P2: N=1, mean=1 (+/-0).
Game Durations: N=2, mean=14.5 (+/-0.97998).
P1: N=1, mean=15 (+/-0).
P2: N=1, mean=14 (+/-0).

Agent 2 (SHUCT)
Winning score (between 0 and 1) : N=2, mean=0 (+/-0).
P1: N=1, mean=0 (+/-0).
P2: N=1, mean=0 (+/-0).
Game Durations: N=2, mean=14.5 (+/-0.97998).
P1: N=1, mean=14 (+/-0).
P2: N=1, mean=15 (+/-0).
=====================================================
=====================================================
Completed 3 games.

Agent 1 (Example UCT)
Winning score (between 0 and 1) : N=3, mean=0.666667 (+/-0.65332).
P1: N=1, mean=1 (+/-0).
P2: N=2, mean=0.5 (+/-0.97998).
Game Durations: N=3, mean=13.333333 (+/-2.355579).
P1: N=1, mean=15 (+/-0).
P2: N=2, mean=12.5 (+/-2.93994).

Agent 2 (SHUCT)
Winning score (between 0 and 1) : N=3, mean=0.333333 (+/-0.65332).
P1: N=2, mean=0.5 (+/-0.97998).
P2: N=1, mean=0 (+/-0).
Game Durations: N=3, mean=13.333333 (+/-2.355579).
P1: N=2, mean=12.5 (+/-2.93994).
P2: N=1, mean=15 (+/-0).
=====================================================
=====================================================
Completed 4 games.

Agent 1 (Example UCT)
Winning score (between 0 and 1) : N=4, mean=0.5 (+/-0.565792).
P1: N=2, mean=0.5 (+/-0.97998).
P2: N=2, mean=0.5 (+/-0.97998).
Game Durations: N=4, mean=14 (+/-2.116999).
P1: N=2, mean=15.5 (+/-0.97998).
P2: N=2, mean=12.5 (+/-2.93994).

Agent 2 (SHUCT)
Winning score (between 0 and 1) : N=4, mean=0.5 (+/-0.565792).
P1: N=2, mean=0.5 (+/-0.97998).
P2: N=2, mean=0.5 (+/-0.97998).
Game Durations: N=4, mean=14 (+/-2.116999).
P1: N=2, mean=12.5 (+/-2.93994).
P2: N=2, mean=15.5 (+/-0.97998).
=====================================================
=====================================================
Completed 5 games.

Agent 1 (Example UCT)
Winning score (between 0 and 1) : N=5, mean=0.4 (+/-0.48009).
P1: N=2, mean=0.5 (+/-0.97998).
P2: N=3, mean=0.333333 (+/-0.65332).
Game Durations: N=5, mean=13 (+/-2.555475).
P1: N=2, mean=15.5 (+/-0.97998).
P2: N=3, mean=11.333333 (+/-2.847756).

Agent 2 (SHUCT)
Winning score (between 0 and 1) : N=5, mean=0.6 (+/-0.48009).
P1: N=3, mean=0.666667 (+/-0.65332).
P2: N=2, mean=0.5 (+/-0.97998).
Game Durations: N=5, mean=13 (+/-2.555475).
P1: N=3, mean=11.333333 (+/-2.847756).
P2: N=2, mean=15.5 (+/-0.97998).
=====================================================
=====================================================
Completed 10 games.

Agent 1 (Example UCT)
Winning score (between 0 and 1) : N=10, mean=0.4 (+/-0.32006).
P1: N=5, mean=0.4 (+/-0.48009).
P2: N=5, mean=0.4 (+/-0.48009).
Game Durations: N=10, mean=13.5 (+/-1.734685).
P1: N=5, mean=14 (+/-2.055623).
P2: N=5, mean=13 (+/-2.972427).

Agent 2 (SHUCT)
Winning score (between 0 and 1) : N=10, mean=0.6 (+/-0.32006).
P1: N=5, mean=0.6 (+/-0.48009).
P2: N=5, mean=0.6 (+/-0.48009).
Game Durations: N=10, mean=13.5 (+/-1.734685).
P1: N=5, mean=13 (+/-2.972427).
P2: N=5, mean=14 (+/-2.055623).
=====================================================
=====================================================
Completed 20 games.

Agent 1 (Example UCT)
Winning score (between 0 and 1) : N=20, mean=0.3 (+/-0.206054).
P1: N=10, mean=0.3 (+/-0.299389).
P2: N=10, mean=0.3 (+/-0.299389).
Game Durations: N=20, mean=15.1 (+/-1.933476).
P1: N=10, mean=15.9 (+/-2.095722).
P2: N=10, mean=14.3 (+/-3.293277).

Agent 2 (SHUCT)
Winning score (between 0 and 1) : N=20, mean=0.7 (+/-0.206054).
P1: N=10, mean=0.7 (+/-0.299389).
P2: N=10, mean=0.7 (+/-0.299389).
Game Durations: N=20, mean=15.1 (+/-1.933476).
P1: N=10, mean=14.3 (+/-3.293277).
P2: N=10, mean=15.9 (+/-2.095722).
=====================================================
=====================================================
Completed 30 games.

Agent 1 (Example UCT)
Winning score (between 0 and 1) : N=30, mean=0.3 (+/-0.166785).
P1: N=15, mean=0.266667 (+/-0.231643).
P2: N=15, mean=0.333333 (+/-0.246932).
Game Durations: N=30, mean=15.066667 (+/-1.412514).
P1: N=15, mean=15.066667 (+/-1.76828).
P2: N=15, mean=15.066667 (+/-2.266936).

Agent 2 (SHUCT)
Winning score (between 0 and 1) : N=30, mean=0.7 (+/-0.166785).
P1: N=15, mean=0.666667 (+/-0.246932).
P2: N=15, mean=0.733333 (+/-0.231643).
Game Durations: N=30, mean=15.066667 (+/-1.412514).
P1: N=15, mean=15.066667 (+/-2.266936).
P2: N=15, mean=15.066667 (+/-1.76828).
=====================================================
=====================================================
Completed 40 games.

Agent 1 (Example UCT)
Winning score (between 0 and 1) : N=40, mean=0.275 (+/-0.140136).
P1: N=20, mean=0.2 (+/-0.179858).
P2: N=20, mean=0.35 (+/-0.214467).
Game Durations: N=40, mean=14.725 (+/-1.1359).
P1: N=20, mean=14.7 (+/-1.443776).
P2: N=20, mean=14.75 (+/-1.792248).

Agent 2 (SHUCT)
Winning score (between 0 and 1) : N=40, mean=0.725 (+/-0.140136).
P1: N=20, mean=0.65 (+/-0.214467).
P2: N=20, mean=0.8 (+/-0.179858).
Game Durations: N=40, mean=14.725 (+/-1.1359).
P1: N=20, mean=14.75 (+/-1.792248).
P2: N=20, mean=14.7 (+/-1.443776).
=====================================================
=====================================================
Completed 50 games.

Agent 1 (Example UCT)
Winning score (between 0 and 1) : N=50, mean=0.26 (+/-0.122815).
P1: N=25, mean=0.2 (+/-0.16003).
P2: N=25, mean=0.32 (+/-0.186626).
Game Durations: N=50, mean=14.52 (+/-0.979964).
P1: N=25, mean=14.44 (+/-1.250284).
P2: N=25, mean=14.6 (+/-1.534954).

Agent 2 (SHUCT)
Winning score (between 0 and 1) : N=50, mean=0.74 (+/-0.122815).
P1: N=25, mean=0.68 (+/-0.186626).
P2: N=25, mean=0.8 (+/-0.16003).
Game Durations: N=50, mean=14.52 (+/-0.979964).
P1: N=25, mean=14.6 (+/-1.534954).
P2: N=25, mean=14.44 (+/-1.250284).
=====================================================
=====================================================
Completed 60 games.

Agent 1 (Example UCT)
Winning score (between 0 and 1) : N=60, mean=0.233333 (+/-0.107923).
P1: N=30, mean=0.166667 (+/-0.135638).
P2: N=30, mean=0.3 (+/-0.166785).
Game Durations: N=60, mean=14.4 (+/-0.884163).
P1: N=30, mean=14.166667 (+/-1.104265).
P2: N=30, mean=14.633333 (+/-1.395373).

Agent 2 (SHUCT)
Winning score (between 0 and 1) : N=60, mean=0.766667 (+/-0.107923).
P1: N=30, mean=0.7 (+/-0.166785).
P2: N=30, mean=0.833333 (+/-0.135638).
Game Durations: N=60, mean=14.4 (+/-0.884163).
P1: N=30, mean=14.633333 (+/-1.395373).
P2: N=30, mean=14.166667 (+/-1.104265).
=====================================================
=====================================================
Completed 70 games.

Agent 1 (Example UCT)
Winning score (between 0 and 1) : N=70, mean=0.242857 (+/-0.101178).
P1: N=35, mean=0.171429 (+/-0.126682).
P2: N=35, mean=0.314286 (+/-0.156042).
Game Durations: N=70, mean=14.142857 (+/-0.813738).
P1: N=35, mean=14.114286 (+/-1.01881).
P2: N=35, mean=14.171429 (+/-1.284316).

Agent 2 (SHUCT)
Winning score (between 0 and 1) : N=70, mean=0.757143 (+/-0.101178).
P1: N=35, mean=0.685714 (+/-0.156042).
P2: N=35, mean=0.828571 (+/-0.126682).
Game Durations: N=70, mean=14.142857 (+/-0.813738).
P1: N=35, mean=14.171429 (+/-1.284316).
P2: N=35, mean=14.114286 (+/-1.01881).
=====================================================
=====================================================
Completed 80 games.

Agent 1 (Example UCT)
Winning score (between 0 and 1) : N=80, mean=0.25 (+/-0.095485).
P1: N=40, mean=0.2 (+/-0.125538).
P2: N=40, mean=0.3 (+/-0.143822).
Game Durations: N=80, mean=14.175 (+/-0.740259).
P1: N=40, mean=14.3 (+/-0.947271).
P2: N=40, mean=14.05 (+/-1.148753).

Agent 2 (SHUCT)
Winning score (between 0 and 1) : N=80, mean=0.75 (+/-0.095485).
P1: N=40, mean=0.7 (+/-0.143822).
P2: N=40, mean=0.8 (+/-0.125538).
Game Durations: N=80, mean=14.175 (+/-0.740259).
P1: N=40, mean=14.05 (+/-1.148753).
P2: N=40, mean=14.3 (+/-0.947271).
=====================================================
=====================================================
Completed 90 games.

Agent 1 (Example UCT)
Winning score (between 0 and 1) : N=90, mean=0.244444 (+/-0.089284).
P1: N=45, mean=0.2 (+/-0.11819).
P2: N=45, mean=0.288889 (+/-0.133923).
Game Durations: N=90, mean=14.188889 (+/-0.687579).
P1: N=45, mean=14.422222 (+/-0.886401).
P2: N=45, mean=13.955556 (+/-1.057042).

Agent 2 (SHUCT)
Winning score (between 0 and 1) : N=90, mean=0.755556 (+/-0.089284).
P1: N=45, mean=0.711111 (+/-0.133923).
P2: N=45, mean=0.8 (+/-0.11819).
Game Durations: N=90, mean=14.188889 (+/-0.687579).
P1: N=45, mean=13.955556 (+/-1.057042).
P2: N=45, mean=14.422222 (+/-0.886401).
=====================================================
=====================================================
Completed 100 games.

Agent 1 (Example UCT)
Winning score (between 0 and 1) : N=100, mean=0.24 (+/-0.084128).
P1: N=50, mean=0.22 (+/-0.115987).
P2: N=50, mean=0.26 (+/-0.122815).
Game Durations: N=100, mean=14.28 (+/-0.662802).
P1: N=50, mean=14.5 (+/-0.862546).
P2: N=50, mean=14.06 (+/-1.011721).

Agent 2 (SHUCT)
Winning score (between 0 and 1) : N=100, mean=0.76 (+/-0.084128).
P1: N=50, mean=0.74 (+/-0.122815).
P2: N=50, mean=0.78 (+/-0.115987).
Game Durations: N=100, mean=14.28 (+/-0.662802).
P1: N=50, mean=14.06 (+/-1.011721).
P2: N=50, mean=14.5 (+/-0.862546).
=====================================================
=====================================================
Completed 110 games.

Agent 1 (Example UCT)
Winning score (between 0 and 1) : N=110, mean=0.227273 (+/-0.078672).
P1: N=55, mean=0.218182 (+/-0.110157).
P2: N=55, mean=0.236364 (+/-0.113314).
Game Durations: N=110, mean=14.218182 (+/-0.634548).
P1: N=55, mean=14.472727 (+/-0.832403).
P2: N=55, mean=13.963636 (+/-0.960939).

Agent 2 (SHUCT)
Winning score (between 0 and 1) : N=110, mean=0.772727 (+/-0.078672).
P1: N=55, mean=0.763636 (+/-0.113314).
P2: N=55, mean=0.781818 (+/-0.110157).
Game Durations: N=110, mean=14.218182 (+/-0.634548).
P1: N=55, mean=13.963636 (+/-0.960939).
P2: N=55, mean=14.472727 (+/-0.832403).
=====================================================
=====================================================
Completed 120 games.

Agent 1 (Example UCT)
Winning score (between 0 and 1) : N=120, mean=0.225 (+/-0.075027).
P1: N=60, mean=0.216667 (+/-0.105121).
P2: N=60, mean=0.233333 (+/-0.107923).
Game Durations: N=120, mean=14.125 (+/-0.603326).
P1: N=60, mean=14.45 (+/-0.793922).
P2: N=60, mean=13.8 (+/-0.9079).

Agent 2 (SHUCT)
Winning score (between 0 and 1) : N=120, mean=0.775 (+/-0.075027).
P1: N=60, mean=0.766667 (+/-0.107923).
P2: N=60, mean=0.783333 (+/-0.105121).
Game Durations: N=120, mean=14.125 (+/-0.603326).
P1: N=60, mean=13.8 (+/-0.9079).
P2: N=60, mean=14.45 (+/-0.793922).
=====================================================
=====================================================
Completed 130 games.

Agent 1 (Example UCT)
Winning score (between 0 and 1) : N=130, mean=0.223077 (+/-0.07184).
P1: N=65, mean=0.215385 (+/-0.100715).
P2: N=65, mean=0.230769 (+/-0.103223).
Game Durations: N=130, mean=14.2 (+/-0.589836).
P1: N=65, mean=14.676923 (+/-0.806405).
P2: N=65, mean=13.723077 (+/-0.851412).

Agent 2 (SHUCT)
Winning score (between 0 and 1) : N=130, mean=0.776923 (+/-0.07184).
P1: N=65, mean=0.769231 (+/-0.103223).
P2: N=65, mean=0.784615 (+/-0.100715).
Game Durations: N=130, mean=14.2 (+/-0.589836).
P1: N=65, mean=13.723077 (+/-0.851412).
P2: N=65, mean=14.676923 (+/-0.806405).
=====================================================
=====================================================
Completed 140 games.

Agent 1 (Example UCT)
Winning score (between 0 and 1) : N=140, mean=0.214286 (+/-0.068213).
P1: N=70, mean=0.2 (+/-0.094381).
P2: N=70, mean=0.228571 (+/-0.099079).
Game Durations: N=140, mean=14.242857 (+/-0.563358).
P1: N=70, mean=14.8 (+/-0.765714).
P2: N=70, mean=13.685714 (+/-0.811052).

Agent 2 (SHUCT)
Winning score (between 0 and 1) : N=140, mean=0.785714 (+/-0.068213).
P1: N=70, mean=0.771429 (+/-0.099079).
P2: N=70, mean=0.8 (+/-0.094381).
Game Durations: N=140, mean=14.242857 (+/-0.563358).
P1: N=70, mean=13.685714 (+/-0.811052).
P2: N=70, mean=14.8 (+/-0.765714).
=====================================================
=====================================================
Completed 150 games.

Agent 1 (Example UCT)
Winning score (between 0 and 1) : N=150, mean=0.226667 (+/-0.067225).
P1: N=75, mean=0.213333 (+/-0.093337).
P2: N=75, mean=0.24 (+/-0.097307).
Game Durations: N=150, mean=14.286667 (+/-0.540653).
P1: N=75, mean=14.773333 (+/-0.736245).
P2: N=75, mean=13.8 (+/-0.781331).

Agent 2 (SHUCT)
Winning score (between 0 and 1) : N=150, mean=0.773333 (+/-0.067225).
P1: N=75, mean=0.76 (+/-0.097307).
P2: N=75, mean=0.786667 (+/-0.093337).
Game Durations: N=150, mean=14.286667 (+/-0.540653).
P1: N=75, mean=13.8 (+/-0.781331).
P2: N=75, mean=14.773333 (+/-0.736245).
=====================================================
