Warming up...
Finished warming up!
=====================================================
Completed 1 games.

Agent 1 (Example UCT)
Winning score (between 0 and 1) : N=1, mean=0 (+/-0).
P1: N=0, mean=0 (+/-0).
P2: N=1, mean=0 (+/-0).
Game Durations: N=1, mean=29 (+/-0).
P1: N=0, mean=0 (+/-0).
P2: N=1, mean=29 (+/-0).

Agent 2 (SHUCT)
Winning score (between 0 and 1) : N=1, mean=1 (+/-0).
P1: N=1, mean=1 (+/-0).
P2: N=0, mean=0 (+/-0).
Game Durations: N=1, mean=29 (+/-0).
P1: N=1, mean=29 (+/-0).
P2: N=0, mean=0 (+/-0).
=====================================================
=====================================================
Completed 2 games.

Agent 1 (Example UCT)
Winning score (between 0 and 1) : N=2, mean=0 (+/-0).
P1: N=1, mean=0 (+/-0).
P2: N=1, mean=0 (+/-0).
Game Durations: N=2, mean=21.5 (+/-14.6997).
P1: N=1, mean=14 (+/-0).
P2: N=1, mean=29 (+/-0).

Agent 2 (SHUCT)
Winning score (between 0 and 1) : N=2, mean=1 (+/-0).
P1: N=1, mean=1 (+/-0).
P2: N=1, mean=1 (+/-0).
Game Durations: N=2, mean=21.5 (+/-14.6997).
P1: N=1, mean=29 (+/-0).
P2: N=1, mean=14 (+/-0).
=====================================================
=====================================================
Completed 3 games.

Agent 1 (Example UCT)
Winning score (between 0 and 1) : N=3, mean=0 (+/-0).
P1: N=1, mean=0 (+/-0).
P2: N=2, mean=0 (+/-0).
Game Durations: N=3, mean=17.333333 (+/-11.777894).
P1: N=1, mean=14 (+/-0).
P2: N=2, mean=19 (+/-19.5996).

Agent 2 (SHUCT)
Winning score (between 0 and 1) : N=3, mean=1 (+/-0).
P1: N=2, mean=1 (+/-0).
P2: N=1, mean=1 (+/-0).
Game Durations: N=3, mean=17.333333 (+/-11.777894).
P1: N=2, mean=19 (+/-19.5996).
P2: N=1, mean=14 (+/-0).
=====================================================
=====================================================
Completed 4 games.

Agent 1 (Example UCT)
Winning score (between 0 and 1) : N=4, mean=0 (+/-0).
P1: N=2, mean=0 (+/-0).
P2: N=2, mean=0 (+/-0).
Game Durations: N=4, mean=16 (+/-8.728609).
P1: N=2, mean=13 (+/-1.95996).
P2: N=2, mean=19 (+/-19.5996).

Agent 2 (SHUCT)
Winning score (between 0 and 1) : N=4, mean=1 (+/-0).
P1: N=2, mean=1 (+/-0).
P2: N=2, mean=1 (+/-0).
Game Durations: N=4, mean=16 (+/-8.728609).
P1: N=2, mean=19 (+/-19.5996).
P2: N=2, mean=13 (+/-1.95996).
=====================================================
=====================================================
Completed 5 games.

Agent 1 (Example UCT)
Winning score (between 0 and 1) : N=5, mean=0 (+/-0).
P1: N=2, mean=0 (+/-0).
P2: N=3, mean=0 (+/-0).
Game Durations: N=5, mean=15.4 (+/-6.862659).
P1: N=2, mean=13 (+/-1.95996).
P2: N=3, mean=17 (+/-11.975553).

Agent 2 (SHUCT)
Winning score (between 0 and 1) : N=5, mean=1 (+/-0).
P1: N=3, mean=1 (+/-0).
P2: N=2, mean=1 (+/-0).
Game Durations: N=5, mean=15.4 (+/-6.862659).
P1: N=3, mean=17 (+/-11.975553).
P2: N=2, mean=13 (+/-1.95996).
=====================================================
=====================================================
Completed 10 games.

Agent 1 (Example UCT)
Winning score (between 0 and 1) : N=10, mean=0.3 (+/-0.299389).
P1: N=5, mean=0.4 (+/-0.48009).
P2: N=5, mean=0.2 (+/-0.391992).
Game Durations: N=10, mean=15.6 (+/-4.509328).
P1: N=5, mean=13.2 (+/-1.142843).
P2: N=5, mean=18 (+/-8.895714).

Agent 2 (SHUCT)
Winning score (between 0 and 1) : N=10, mean=0.7 (+/-0.299389).
P1: N=5, mean=0.8 (+/-0.391992).
P2: N=5, mean=0.6 (+/-0.48009).
Game Durations: N=10, mean=15.6 (+/-4.509328).
P1: N=5, mean=18 (+/-8.895714).
P2: N=5, mean=13.2 (+/-1.142843).
=====================================================
=====================================================
Completed 20 games.

Agent 1 (Example UCT)
Winning score (between 0 and 1) : N=20, mean=0.3 (+/-0.206054).
P1: N=10, mean=0.5 (+/-0.32666).
P2: N=10, mean=0.1 (+/-0.195996).
Game Durations: N=20, mean=15.4 (+/-2.501097).
P1: N=10, mean=14.5 (+/-1.525191).
P2: N=10, mean=16.3 (+/-4.836775).

Agent 2 (SHUCT)
Winning score (between 0 and 1) : N=20, mean=0.7 (+/-0.206054).
P1: N=10, mean=0.9 (+/-0.195996).
P2: N=10, mean=0.5 (+/-0.32666).
Game Durations: N=20, mean=15.4 (+/-2.501097).
P1: N=10, mean=16.3 (+/-4.836775).
P2: N=10, mean=14.5 (+/-1.525191).
=====================================================
=====================================================
Completed 30 games.

Agent 1 (Example UCT)
Winning score (between 0 and 1) : N=30, mean=0.3 (+/-0.166785).
P1: N=15, mean=0.4 (+/-0.256619).
P2: N=15, mean=0.2 (+/-0.209529).
Game Durations: N=30, mean=14.466667 (+/-1.742262).
P1: N=15, mean=13.6 (+/-1.236633).
P2: N=15, mean=15.333333 (+/-3.260995).

Agent 2 (SHUCT)
Winning score (between 0 and 1) : N=30, mean=0.7 (+/-0.166785).
P1: N=15, mean=0.8 (+/-0.209529).
P2: N=15, mean=0.6 (+/-0.256619).
Game Durations: N=30, mean=14.466667 (+/-1.742262).
P1: N=15, mean=15.333333 (+/-3.260995).
P2: N=15, mean=13.6 (+/-1.236633).
=====================================================
=====================================================
Completed 40 games.

Agent 1 (Example UCT)
Winning score (between 0 and 1) : N=40, mean=0.25 (+/-0.135899).
P1: N=20, mean=0.35 (+/-0.214467).
P2: N=20, mean=0.15 (+/-0.160556).
Game Durations: N=40, mean=14.4 (+/-1.376631).
P1: N=20, mean=13.75 (+/-1.033941).
P2: N=20, mean=15.05 (+/-2.557354).

Agent 2 (SHUCT)
Winning score (between 0 and 1) : N=40, mean=0.75 (+/-0.135899).
P1: N=20, mean=0.85 (+/-0.160556).
P2: N=20, mean=0.65 (+/-0.214467).
Game Durations: N=40, mean=14.4 (+/-1.376631).
P1: N=20, mean=15.05 (+/-2.557354).
P2: N=20, mean=13.75 (+/-1.033941).
=====================================================
=====================================================
Completed 50 games.

Agent 1 (Example UCT)
Winning score (between 0 and 1) : N=50, mean=0.24 (+/-0.119581).
P1: N=25, mean=0.32 (+/-0.186626).
P2: N=25, mean=0.16 (+/-0.14667).
Game Durations: N=50, mean=14.62 (+/-1.250782).
P1: N=25, mean=13.92 (+/-1.036619).
P2: N=25, mean=15.32 (+/-2.270849).

Agent 2 (SHUCT)
Winning score (between 0 and 1) : N=50, mean=0.76 (+/-0.119581).
P1: N=25, mean=0.84 (+/-0.14667).
P2: N=25, mean=0.68 (+/-0.186626).
Game Durations: N=50, mean=14.62 (+/-1.250782).
P1: N=25, mean=15.32 (+/-2.270849).
P2: N=25, mean=13.92 (+/-1.036619).
=====================================================
=====================================================
Completed 60 games.

Agent 1 (Example UCT)
Winning score (between 0 and 1) : N=60, mean=0.216667 (+/-0.105121).
P1: N=30, mean=0.3 (+/-0.166785).
P2: N=30, mean=0.133333 (+/-0.123721).
Game Durations: N=60, mean=14.55 (+/-1.135819).
P1: N=30, mean=14.166667 (+/-1.046789).
P2: N=30, mean=14.933333 (+/-2.028451).

Agent 2 (SHUCT)
Winning score (between 0 and 1) : N=60, mean=0.783333 (+/-0.105121).
P1: N=30, mean=0.866667 (+/-0.123721).
P2: N=30, mean=0.7 (+/-0.166785).
Game Durations: N=60, mean=14.55 (+/-1.135819).
P1: N=30, mean=14.933333 (+/-2.028451).
P2: N=30, mean=14.166667 (+/-1.046789).
=====================================================
=====================================================
Completed 70 games.

Agent 1 (Example UCT)
Winning score (between 0 and 1) : N=70, mean=0.185714 (+/-0.091756).
P1: N=35, mean=0.257143 (+/-0.146909).
P2: N=35, mean=0.114286 (+/-0.106943).
Game Durations: N=70, mean=14.257143 (+/-1.005564).
P1: N=35, mean=14.028571 (+/-0.910786).
P2: N=35, mean=14.485714 (+/-1.806317).

Agent 2 (SHUCT)
Winning score (between 0 and 1) : N=70, mean=0.814286 (+/-0.091756).
P1: N=35, mean=0.885714 (+/-0.106943).
P2: N=35, mean=0.742857 (+/-0.146909).
Game Durations: N=70, mean=14.257143 (+/-1.005564).
P1: N=35, mean=14.485714 (+/-1.806317).
P2: N=35, mean=14.028571 (+/-0.910786).
=====================================================
=====================================================
Completed 80 games.

Agent 1 (Example UCT)
Winning score (between 0 and 1) : N=80, mean=0.175 (+/-0.083788).
P1: N=40, mean=0.25 (+/-0.135899).
P2: N=40, mean=0.1 (+/-0.094153).
Game Durations: N=80, mean=14.05 (+/-0.913798).
P1: N=40, mean=13.95 (+/-0.873566).
P2: N=40, mean=14.15 (+/-1.617976).

Agent 2 (SHUCT)
Winning score (between 0 and 1) : N=80, mean=0.825 (+/-0.083788).
P1: N=40, mean=0.9 (+/-0.094153).
P2: N=40, mean=0.75 (+/-0.135899).
Game Durations: N=80, mean=14.05 (+/-0.913798).
P1: N=40, mean=14.15 (+/-1.617976).
P2: N=40, mean=13.95 (+/-0.873566).
=====================================================
=====================================================
Completed 90 games.

Agent 1 (Example UCT)
Winning score (between 0 and 1) : N=90, mean=0.177778 (+/-0.07943).
P1: N=45, mean=0.244444 (+/-0.126983).
P2: N=45, mean=0.111111 (+/-0.092859).
Game Durations: N=90, mean=14.122222 (+/-0.89054).
P1: N=45, mean=14.111111 (+/-0.951294).
P2: N=45, mean=14.133333 (+/-1.517667).

Agent 2 (SHUCT)
Winning score (between 0 and 1) : N=90, mean=0.822222 (+/-0.07943).
P1: N=45, mean=0.888889 (+/-0.092859).
P2: N=45, mean=0.755556 (+/-0.126983).
Game Durations: N=90, mean=14.122222 (+/-0.89054).
P1: N=45, mean=14.133333 (+/-1.517667).
P2: N=45, mean=14.111111 (+/-0.951294).
=====================================================
=====================================================
Completed 100 games.

Agent 1 (Example UCT)
Winning score (between 0 and 1) : N=100, mean=0.2 (+/-0.078793).
P1: N=50, mean=0.28 (+/-0.125717).
P2: N=50, mean=0.12 (+/-0.090987).
Game Durations: N=100, mean=14.12 (+/-0.83307).
P1: N=50, mean=14.32 (+/-0.941114).
P2: N=50, mean=13.92 (+/-1.382888).

Agent 2 (SHUCT)
Winning score (between 0 and 1) : N=100, mean=0.8 (+/-0.078793).
P1: N=50, mean=0.88 (+/-0.090987).
P2: N=50, mean=0.72 (+/-0.125717).
Game Durations: N=100, mean=14.12 (+/-0.83307).
P1: N=50, mean=13.92 (+/-1.382888).
P2: N=50, mean=14.32 (+/-0.941114).
=====================================================
=====================================================
Completed 110 games.

Agent 1 (Example UCT)
Winning score (between 0 and 1) : N=110, mean=0.190909 (+/-0.073781).
P1: N=55, mean=0.272727 (+/-0.118785).
P2: N=55, mean=0.109091 (+/-0.08315).
Game Durations: N=110, mean=14.036364 (+/-0.782645).
P1: N=55, mean=14.345455 (+/-0.910137).
P2: N=55, mean=13.727273 (+/-1.277059).

Agent 2 (SHUCT)
Winning score (between 0 and 1) : N=110, mean=0.809091 (+/-0.073781).
P1: N=55, mean=0.890909 (+/-0.08315).
P2: N=55, mean=0.727273 (+/-0.118785).
Game Durations: N=110, mean=14.036364 (+/-0.782645).
P1: N=55, mean=13.727273 (+/-1.277059).
P2: N=55, mean=14.345455 (+/-0.910137).
=====================================================
=====================================================
Completed 120 games.

Agent 1 (Example UCT)
Winning score (between 0 and 1) : N=120, mean=0.191667 (+/-0.07072).
P1: N=60, mean=0.266667 (+/-0.112838).
P2: N=60, mean=0.116667 (+/-0.081914).
Game Durations: N=120, mean=14.041667 (+/-0.741665).
P1: N=60, mean=14.266667 (+/-0.876356).
P2: N=60, mean=13.816667 (+/-1.201799).

Agent 2 (SHUCT)
Winning score (between 0 and 1) : N=120, mean=0.808333 (+/-0.07072).
P1: N=60, mean=0.883333 (+/-0.081914).
P2: N=60, mean=0.733333 (+/-0.112838).
Game Durations: N=120, mean=14.041667 (+/-0.741665).
P1: N=60, mean=13.816667 (+/-1.201799).
P2: N=60, mean=14.266667 (+/-0.876356).
=====================================================
=====================================================
Completed 130 games.

Agent 1 (Example UCT)
Winning score (between 0 and 1) : N=130, mean=0.192308 (+/-0.06801).
P1: N=65, mean=0.261538 (+/-0.107669).
P2: N=65, mean=0.123077 (+/-0.080487).
Game Durations: N=130, mean=14.046154 (+/-0.706288).
P1: N=65, mean=14.261538 (+/-0.826949).
P2: N=65, mean=13.830769 (+/-1.149586).

Agent 2 (SHUCT)
Winning score (between 0 and 1) : N=130, mean=0.807692 (+/-0.06801).
P1: N=65, mean=0.876923 (+/-0.080487).
P2: N=65, mean=0.738462 (+/-0.107669).
Game Durations: N=130, mean=14.046154 (+/-0.706288).
P1: N=65, mean=13.830769 (+/-1.149586).
P2: N=65, mean=14.261538 (+/-0.826949).
=====================================================
=====================================================
Completed 140 games.

Agent 1 (Example UCT)
Winning score (between 0 and 1) : N=140, mean=0.185714 (+/-0.064647).
P1: N=70, mean=0.257143 (+/-0.103125).
P2: N=70, mean=0.114286 (+/-0.07507).
Game Durations: N=140, mean=14.1 (+/-0.675364).
P1: N=70, mean=14.371429 (+/-0.789817).
P2: N=70, mean=13.828571 (+/-1.098032).

Agent 2 (SHUCT)
Winning score (between 0 and 1) : N=140, mean=0.814286 (+/-0.064647).
P1: N=70, mean=0.885714 (+/-0.07507).
P2: N=70, mean=0.742857 (+/-0.103125).
Game Durations: N=140, mean=14.1 (+/-0.675364).
P1: N=70, mean=13.828571 (+/-1.098032).
P2: N=70, mean=14.371429 (+/-0.789817).
=====================================================
=====================================================
Completed 150 games.

Agent 1 (Example UCT)
Winning score (between 0 and 1) : N=150, mean=0.2 (+/-0.064226).
P1: N=75, mean=0.266667 (+/-0.100755).
P2: N=75, mean=0.133333 (+/-0.077451).
Game Durations: N=150, mean=14.126667 (+/-0.664182).
P1: N=75, mean=14.373333 (+/-0.788187).
P2: N=75, mean=13.88 (+/-1.071875).

Agent 2 (SHUCT)
Winning score (between 0 and 1) : N=150, mean=0.8 (+/-0.064226).
P1: N=75, mean=0.866667 (+/-0.077451).
P2: N=75, mean=0.733333 (+/-0.100755).
Game Durations: N=150, mean=14.126667 (+/-0.664182).
P1: N=75, mean=13.88 (+/-1.071875).
P2: N=75, mean=14.373333 (+/-0.788187).
=====================================================
