Warming up...
Finished warming up!
=====================================================
Completed 1 games.

Agent 1 (Example UCT)
Winning score (between 0 and 1) : N=1, mean=0 (+/-0).
P1: N=1, mean=0 (+/-0).
P2: N=0, mean=0 (+/-0).
Game Durations: N=1, mean=10 (+/-0).
P1: N=1, mean=10 (+/-0).
P2: N=0, mean=0 (+/-0).

Agent 2 (SHUCT)
Winning score (between 0 and 1) : N=1, mean=1 (+/-0).
P1: N=0, mean=0 (+/-0).
P2: N=1, mean=1 (+/-0).
Game Durations: N=1, mean=10 (+/-0).
P1: N=0, mean=0 (+/-0).
P2: N=1, mean=10 (+/-0).
=====================================================
=====================================================
Completed 2 games.

Agent 1 (Example UCT)
Winning score (between 0 and 1) : N=2, mean=0 (+/-0).
P1: N=1, mean=0 (+/-0).
P2: N=1, mean=0 (+/-0).
Game Durations: N=2, mean=14.5 (+/-8.81982).
P1: N=1, mean=10 (+/-0).
P2: N=1, mean=19 (+/-0).

Agent 2 (SHUCT)
Winning score (between 0 and 1) : N=2, mean=1 (+/-0).
P1: N=1, mean=1 (+/-0).
P2: N=1, mean=1 (+/-0).
Game Durations: N=2, mean=14.5 (+/-8.81982).
P1: N=1, mean=19 (+/-0).
P2: N=1, mean=10 (+/-0).
=====================================================
=====================================================
Completed 3 games.

Agent 1 (Example UCT)
Winning score (between 0 and 1) : N=3, mean=0 (+/-0).
P1: N=2, mean=0 (+/-0).
P2: N=1, mean=0 (+/-0).
Game Durations: N=3, mean=13 (+/-5.87988).
P1: N=2, mean=10 (+/-0).
P2: N=1, mean=19 (+/-0).

Agent 2 (SHUCT)
Winning score (between 0 and 1) : N=3, mean=1 (+/-0).
P1: N=1, mean=1 (+/-0).
P2: N=2, mean=1 (+/-0).
Game Durations: N=3, mean=13 (+/-5.87988).
P1: N=1, mean=19 (+/-0).
P2: N=2, mean=10 (+/-0).
=====================================================
=====================================================
Completed 4 games.

Agent 1 (Example UCT)
Winning score (between 0 and 1) : N=4, mean=0 (+/-0).
P1: N=2, mean=0 (+/-0).
P2: N=2, mean=0 (+/-0).
Game Durations: N=4, mean=12 (+/-4.596514).
P1: N=2, mean=10 (+/-0).
P2: N=2, mean=14 (+/-9.7998).

Agent 2 (SHUCT)
Winning score (between 0 and 1) : N=4, mean=1 (+/-0).
P1: N=2, mean=1 (+/-0).
P2: N=2, mean=1 (+/-0).
Game Durations: N=4, mean=12 (+/-4.596514).
P1: N=2, mean=14 (+/-9.7998).
P2: N=2, mean=10 (+/-0).
=====================================================
=====================================================
Completed 5 games.

Agent 1 (Example UCT)
Winning score (between 0 and 1) : N=5, mean=0 (+/-0).
P1: N=3, mean=0 (+/-0).
P2: N=2, mean=0 (+/-0).
Game Durations: N=5, mean=12.4 (+/-3.645736).
P1: N=3, mean=11.333333 (+/-2.61328).
P2: N=2, mean=14 (+/-9.7998).

Agent 2 (SHUCT)
Winning score (between 0 and 1) : N=5, mean=1 (+/-0).
P1: N=2, mean=1 (+/-0).
P2: N=3, mean=1 (+/-0).
Game Durations: N=5, mean=12.4 (+/-3.645736).
P1: N=2, mean=14 (+/-9.7998).
P2: N=3, mean=11.333333 (+/-2.61328).
=====================================================
=====================================================
Completed 10 games.

Agent 1 (Example UCT)
Winning score (between 0 and 1) : N=10, mean=0.1 (+/-0.195996).
P1: N=5, mean=0 (+/-0).
P2: N=5, mean=0.2 (+/-0.391992).
Game Durations: N=10, mean=13.8 (+/-2.674625).
P1: N=5, mean=13.6 (+/-4.365038).
P2: N=5, mean=14 (+/-3.613988).

Agent 2 (SHUCT)
Winning score (between 0 and 1) : N=10, mean=0.9 (+/-0.195996).
P1: N=5, mean=0.8 (+/-0.391992).
P2: N=5, mean=1 (+/-0).
Game Durations: N=10, mean=13.8 (+/-2.674625).
P1: N=5, mean=14 (+/-3.613988).
P2: N=5, mean=13.6 (+/-4.365038).
=====================================================
=====================================================
Completed 20 games.

Agent 1 (Example UCT)
Winning score (between 0 and 1) : N=20, mean=0.2 (+/-0.179858).
P1: N=10, mean=0.2 (+/-0.261328).
P2: N=10, mean=0.2 (+/-0.261328).
Game Durations: N=20, mean=13.3 (+/-1.634263).
P1: N=10, mean=13.4 (+/-2.465363).
P2: N=10, mean=13.2 (+/-2.278205).

Agent 2 (SHUCT)
Winning score (between 0 and 1) : N=20, mean=0.8 (+/-0.179858).
P1: N=10, mean=0.8 (+/-0.261328).
P2: N=10, mean=0.8 (+/-0.261328).
Game Durations: N=20, mean=13.3 (+/-1.634263).
P1: N=10, mean=13.2 (+/-2.278205).
P2: N=10, mean=13.4 (+/-2.465363).
=====================================================
=====================================================
Completed 30 games.

Agent 1 (Example UCT)
Winning score (between 0 and 1) : N=30, mean=0.166667 (+/-0.135638).
P1: N=15, mean=0.133333 (+/-0.178065).
P2: N=15, mean=0.2 (+/-0.209529).
Game Durations: N=30, mean=13 (+/-1.210756).
P1: N=15, mean=12.933333 (+/-1.778594).
P2: N=15, mean=13.066667 (+/-1.705081).

Agent 2 (SHUCT)
Winning score (between 0 and 1) : N=30, mean=0.833333 (+/-0.135638).
P1: N=15, mean=0.8 (+/-0.209529).
P2: N=15, mean=0.866667 (+/-0.178065).
Game Durations: N=30, mean=13 (+/-1.210756).
P1: N=15, mean=13.066667 (+/-1.705081).
P2: N=15, mean=12.933333 (+/-1.778594).
=====================================================
=====================================================
Completed 40 games.

Agent 1 (Example UCT)
Winning score (between 0 and 1) : N=40, mean=0.175 (+/-0.119251).
P1: N=20, mean=0.15 (+/-0.160556).
P2: N=20, mean=0.2 (+/-0.179858).
Game Durations: N=40, mean=12.975 (+/-0.968575).
P1: N=20, mean=13.15 (+/-1.350996).
P2: N=20, mean=12.8 (+/-1.419058).

Agent 2 (SHUCT)
Winning score (between 0 and 1) : N=40, mean=0.825 (+/-0.119251).
P1: N=20, mean=0.8 (+/-0.179858).
P2: N=20, mean=0.85 (+/-0.160556).
Game Durations: N=40, mean=12.975 (+/-0.968575).
P1: N=20, mean=12.8 (+/-1.419058).
P2: N=20, mean=13.15 (+/-1.350996).
=====================================================
=====================================================
Completed 50 games.

Agent 1 (Example UCT)
Winning score (between 0 and 1) : N=50, mean=0.18 (+/-0.10757).
P1: N=25, mean=0.16 (+/-0.14667).
P2: N=25, mean=0.2 (+/-0.16003).
Game Durations: N=50, mean=12.92 (+/-0.865431).
P1: N=25, mean=13.36 (+/-1.191553).
P2: N=25, mean=12.48 (+/-1.255599).

Agent 2 (SHUCT)
Winning score (between 0 and 1) : N=50, mean=0.82 (+/-0.10757).
P1: N=25, mean=0.8 (+/-0.16003).
P2: N=25, mean=0.84 (+/-0.14667).
Game Durations: N=50, mean=12.92 (+/-0.865431).
P1: N=25, mean=12.48 (+/-1.255599).
P2: N=25, mean=13.36 (+/-1.191553).
=====================================================
=====================================================
Completed 60 games.

Agent 1 (Example UCT)
Winning score (between 0 and 1) : N=60, mean=0.216667 (+/-0.105121).
P1: N=30, mean=0.233333 (+/-0.153936).
P2: N=30, mean=0.2 (+/-0.145582).
Game Durations: N=60, mean=13.05 (+/-0.791183).
P1: N=30, mean=13.5 (+/-1.157622).
P2: N=30, mean=12.6 (+/-1.073926).

Agent 2 (SHUCT)
Winning score (between 0 and 1) : N=60, mean=0.783333 (+/-0.105121).
P1: N=30, mean=0.8 (+/-0.145582).
P2: N=30, mean=0.766667 (+/-0.153936).
Game Durations: N=60, mean=13.05 (+/-0.791183).
P1: N=30, mean=12.6 (+/-1.073926).
P2: N=30, mean=13.5 (+/-1.157622).
=====================================================
=====================================================
Completed 70 games.

Agent 1 (Example UCT)
Winning score (between 0 and 1) : N=70, mean=0.228571 (+/-0.099079).
P1: N=35, mean=0.228571 (+/-0.141145).
P2: N=35, mean=0.228571 (+/-0.141145).
Game Durations: N=70, mean=13.271429 (+/-0.721125).
P1: N=35, mean=13.714286 (+/-1.049402).
P2: N=35, mean=12.828571 (+/-0.9824).

Agent 2 (SHUCT)
Winning score (between 0 and 1) : N=70, mean=0.771429 (+/-0.099079).
P1: N=35, mean=0.771429 (+/-0.141145).
P2: N=35, mean=0.771429 (+/-0.141145).
Game Durations: N=70, mean=13.271429 (+/-0.721125).
P1: N=35, mean=12.828571 (+/-0.9824).
P2: N=35, mean=13.714286 (+/-1.049402).
=====================================================
=====================================================
Completed 80 games.

Agent 1 (Example UCT)
Winning score (between 0 and 1) : N=80, mean=0.2375 (+/-0.093839).
P1: N=40, mean=0.25 (+/-0.135899).
P2: N=40, mean=0.225 (+/-0.131056).
Game Durations: N=80, mean=13.2875 (+/-0.676253).
P1: N=40, mean=13.9 (+/-0.959154).
P2: N=40, mean=12.675 (+/-0.926739).

Agent 2 (SHUCT)
Winning score (between 0 and 1) : N=80, mean=0.7625 (+/-0.093839).
P1: N=40, mean=0.775 (+/-0.131056).
P2: N=40, mean=0.75 (+/-0.135899).
Game Durations: N=80, mean=13.2875 (+/-0.676253).
P1: N=40, mean=12.675 (+/-0.926739).
P2: N=40, mean=13.9 (+/-0.959154).
=====================================================
=====================================================
Completed 90 games.

Agent 1 (Example UCT)
Winning score (between 0 and 1) : N=90, mean=0.255556 (+/-0.090617).
P1: N=45, mean=0.266667 (+/-0.130664).
P2: N=45, mean=0.244444 (+/-0.126983).
Game Durations: N=90, mean=13.533333 (+/-0.702965).
P1: N=45, mean=14.222222 (+/-1.029017).
P2: N=45, mean=12.844444 (+/-0.925938).

Agent 2 (SHUCT)
Winning score (between 0 and 1) : N=90, mean=0.744444 (+/-0.090617).
P1: N=45, mean=0.755556 (+/-0.126983).
P2: N=45, mean=0.733333 (+/-0.130664).
Game Durations: N=90, mean=13.533333 (+/-0.702965).
P1: N=45, mean=12.844444 (+/-0.925938).
P2: N=45, mean=14.222222 (+/-1.029017).
=====================================================
=====================================================
Completed 100 games.

Agent 1 (Example UCT)
Winning score (between 0 and 1) : N=100, mean=0.25 (+/-0.085296).
P1: N=50, mean=0.26 (+/-0.122815).
P2: N=50, mean=0.24 (+/-0.119581).
Game Durations: N=100, mean=13.61 (+/-0.683447).
P1: N=50, mean=14.42 (+/-0.992444).
P2: N=50, mean=12.8 (+/-0.89423).

Agent 2 (SHUCT)
Winning score (between 0 and 1) : N=100, mean=0.75 (+/-0.085296).
P1: N=50, mean=0.76 (+/-0.119581).
P2: N=50, mean=0.74 (+/-0.122815).
Game Durations: N=100, mean=13.61 (+/-0.683447).
P1: N=50, mean=12.8 (+/-0.89423).
P2: N=50, mean=14.42 (+/-0.992444).
=====================================================
=====================================================
Completed 110 games.

Agent 1 (Example UCT)
Winning score (between 0 and 1) : N=110, mean=0.245455 (+/-0.080791).
P1: N=55, mean=0.236364 (+/-0.113314).
P2: N=55, mean=0.254545 (+/-0.116183).
Game Durations: N=110, mean=13.6 (+/-0.641487).
P1: N=55, mean=14.454545 (+/-0.916651).
P2: N=55, mean=12.745455 (+/-0.846827).

Agent 2 (SHUCT)
Winning score (between 0 and 1) : N=110, mean=0.754545 (+/-0.080791).
P1: N=55, mean=0.745455 (+/-0.116183).
P2: N=55, mean=0.763636 (+/-0.113314).
Game Durations: N=110, mean=13.6 (+/-0.641487).
P1: N=55, mean=12.745455 (+/-0.846827).
P2: N=55, mean=14.454545 (+/-0.916651).
=====================================================
=====================================================
Completed 120 games.

Agent 1 (Example UCT)
Winning score (between 0 and 1) : N=120, mean=0.258333 (+/-0.078644).
P1: N=60, mean=0.25 (+/-0.11049).
P2: N=60, mean=0.266667 (+/-0.112838).
Game Durations: N=120, mean=13.658333 (+/-0.598821).
P1: N=60, mean=14.416667 (+/-0.854316).
P2: N=60, mean=12.9 (+/-0.801099).

Agent 2 (SHUCT)
Winning score (between 0 and 1) : N=120, mean=0.741667 (+/-0.078644).
P1: N=60, mean=0.733333 (+/-0.112838).
P2: N=60, mean=0.75 (+/-0.11049).
Game Durations: N=120, mean=13.658333 (+/-0.598821).
P1: N=60, mean=12.9 (+/-0.801099).
P2: N=60, mean=14.416667 (+/-0.854316).
=====================================================
=====================================================
Completed 130 games.

Agent 1 (Example UCT)
Winning score (between 0 and 1) : N=130, mean=0.261538 (+/-0.075838).
P1: N=65, mean=0.261538 (+/-0.107669).
P2: N=65, mean=0.261538 (+/-0.107669).
Game Durations: N=130, mean=13.715385 (+/-0.582738).
P1: N=65, mean=14.538462 (+/-0.832292).
P2: N=65, mean=12.892308 (+/-0.771306).

Agent 2 (SHUCT)
Winning score (between 0 and 1) : N=130, mean=0.738462 (+/-0.075838).
P1: N=65, mean=0.738462 (+/-0.107669).
P2: N=65, mean=0.738462 (+/-0.107669).
Game Durations: N=130, mean=13.715385 (+/-0.582738).
P1: N=65, mean=12.892308 (+/-0.771306).
P2: N=65, mean=14.538462 (+/-0.832292).
=====================================================
=====================================================
Completed 140 games.

Agent 1 (Example UCT)
Winning score (between 0 and 1) : N=140, mean=0.25 (+/-0.071985).
P1: N=70, mean=0.257143 (+/-0.103125).
P2: N=70, mean=0.242857 (+/-0.101178).
Game Durations: N=140, mean=13.721429 (+/-0.551385).
P1: N=70, mean=14.4 (+/-0.791053).
P2: N=70, mean=13.042857 (+/-0.740189).

Agent 2 (SHUCT)
Winning score (between 0 and 1) : N=140, mean=0.75 (+/-0.071985).
P1: N=70, mean=0.757143 (+/-0.101178).
P2: N=70, mean=0.742857 (+/-0.103125).
Game Durations: N=140, mean=13.721429 (+/-0.551385).
P1: N=70, mean=13.042857 (+/-0.740189).
P2: N=70, mean=14.4 (+/-0.791053).
=====================================================
=====================================================
Completed 150 games.

Agent 1 (Example UCT)
Winning score (between 0 and 1) : N=150, mean=0.266667 (+/-0.071005).
P1: N=75, mean=0.253333 (+/-0.099093).
P2: N=75, mean=0.28 (+/-0.1023).
Game Durations: N=150, mean=13.766667 (+/-0.526506).
P1: N=75, mean=14.413333 (+/-0.750694).
P2: N=75, mean=13.12 (+/-0.713701).

Agent 2 (SHUCT)
Winning score (between 0 and 1) : N=150, mean=0.733333 (+/-0.071005).
P1: N=75, mean=0.72 (+/-0.1023).
P2: N=75, mean=0.746667 (+/-0.099093).
Game Durations: N=150, mean=13.766667 (+/-0.526506).
P1: N=75, mean=13.12 (+/-0.713701).
P2: N=75, mean=14.413333 (+/-0.750694).
=====================================================
