Warming up...
Finished warming up!
=====================================================
Completed 1 games.

Agent 1 (Example UCT)
Winning score (between 0 and 1) : N=1, mean=1 (+/-0).
P1: N=1, mean=1 (+/-0).
P2: N=0, mean=0 (+/-0).
Game Durations: N=1, mean=17 (+/-0).
P1: N=1, mean=17 (+/-0).
P2: N=0, mean=0 (+/-0).

Agent 2 (SHUCT)
Winning score (between 0 and 1) : N=1, mean=0 (+/-0).
P1: N=0, mean=0 (+/-0).
P2: N=1, mean=0 (+/-0).
Game Durations: N=1, mean=17 (+/-0).
P1: N=0, mean=0 (+/-0).
P2: N=1, mean=17 (+/-0).
=====================================================
=====================================================
Completed 2 games.

Agent 1 (Example UCT)
Winning score (between 0 and 1) : N=2, mean=0.5 (+/-0.97998).
P1: N=1, mean=1 (+/-0).
P2: N=1, mean=0 (+/-0).
Game Durations: N=2, mean=21 (+/-7.83984).
P1: N=1, mean=17 (+/-0).
P2: N=1, mean=25 (+/-0).

Agent 2 (SHUCT)
Winning score (between 0 and 1) : N=2, mean=0.5 (+/-0.97998).
P1: N=1, mean=1 (+/-0).
P2: N=1, mean=0 (+/-0).
Game Durations: N=2, mean=21 (+/-7.83984).
P1: N=1, mean=25 (+/-0).
P2: N=1, mean=17 (+/-0).
=====================================================
=====================================================
Completed 3 games.

Agent 1 (Example UCT)
Winning score (between 0 and 1) : N=3, mean=0.333333 (+/-0.65332).
P1: N=2, mean=0.5 (+/-0.97998).
P2: N=1, mean=0 (+/-0).
Game Durations: N=3, mean=24.666667 (+/-8.49316).
P1: N=2, mean=24.5 (+/-14.6997).
P2: N=1, mean=25 (+/-0).

Agent 2 (SHUCT)
Winning score (between 0 and 1) : N=3, mean=0.666667 (+/-0.65332).
P1: N=1, mean=1 (+/-0).
P2: N=2, mean=0.5 (+/-0.97998).
Game Durations: N=3, mean=24.666667 (+/-8.49316).
P1: N=1, mean=25 (+/-0).
P2: N=2, mean=24.5 (+/-14.6997).
=====================================================
=====================================================
Completed 4 games.

Agent 1 (Example UCT)
Winning score (between 0 and 1) : N=4, mean=0.25 (+/-0.48999).
P1: N=2, mean=0.5 (+/-0.97998).
P2: N=2, mean=0 (+/-0).
Game Durations: N=4, mean=22.75 (+/-7.083703).
P1: N=2, mean=24.5 (+/-14.6997).
P2: N=2, mean=21 (+/-7.83984).

Agent 2 (SHUCT)
Winning score (between 0 and 1) : N=4, mean=0.75 (+/-0.48999).
P1: N=2, mean=1 (+/-0).
P2: N=2, mean=0.5 (+/-0.97998).
Game Durations: N=4, mean=22.75 (+/-7.083703).
P1: N=2, mean=21 (+/-7.83984).
P2: N=2, mean=24.5 (+/-14.6997).
=====================================================
=====================================================
Completed 5 games.

Agent 1 (Example UCT)
Winning score (between 0 and 1) : N=5, mean=0.2 (+/-0.391992).
P1: N=3, mean=0.333333 (+/-0.65332).
P2: N=2, mean=0 (+/-0).
Game Durations: N=5, mean=23.4 (+/-5.632967).
P1: N=3, mean=25 (+/-8.543268).
P2: N=2, mean=21 (+/-7.83984).

Agent 2 (SHUCT)
Winning score (between 0 and 1) : N=5, mean=0.8 (+/-0.391992).
P1: N=2, mean=1 (+/-0).
P2: N=3, mean=0.666667 (+/-0.65332).
Game Durations: N=5, mean=23.4 (+/-5.632967).
P1: N=2, mean=21 (+/-7.83984).
P2: N=3, mean=25 (+/-8.543268).
=====================================================
=====================================================
Completed 10 games.

Agent 1 (Example UCT)
Winning score (between 0 and 1) : N=10, mean=0.2 (+/-0.261328).
P1: N=5, mean=0.4 (+/-0.48009).
P2: N=5, mean=0 (+/-0).
Game Durations: N=10, mean=23.7 (+/-3.661507).
P1: N=5, mean=26 (+/-5.578144).
P2: N=5, mean=21.4 (+/-4.365038).

Agent 2 (SHUCT)
Winning score (between 0 and 1) : N=10, mean=0.8 (+/-0.261328).
P1: N=5, mean=1 (+/-0).
P2: N=5, mean=0.6 (+/-0.48009).
Game Durations: N=10, mean=23.7 (+/-3.661507).
P1: N=5, mean=21.4 (+/-4.365038).
P2: N=5, mean=26 (+/-5.578144).
=====================================================
=====================================================
Completed 20 games.

Agent 1 (Example UCT)
Winning score (between 0 and 1) : N=20, mean=0.25 (+/-0.194702).
P1: N=10, mean=0.3 (+/-0.299389).
P2: N=10, mean=0.2 (+/-0.261328).
Game Durations: N=20, mean=22.95 (+/-2.062864).
P1: N=10, mean=24.3 (+/-3.24102).
P2: N=10, mean=21.6 (+/-2.430491).

Agent 2 (SHUCT)
Winning score (between 0 and 1) : N=20, mean=0.75 (+/-0.194702).
P1: N=10, mean=0.8 (+/-0.261328).
P2: N=10, mean=0.7 (+/-0.299389).
Game Durations: N=20, mean=22.95 (+/-2.062864).
P1: N=10, mean=21.6 (+/-2.430491).
P2: N=10, mean=24.3 (+/-3.24102).
=====================================================
=====================================================
Completed 30 games.

Agent 1 (Example UCT)
Winning score (between 0 and 1) : N=30, mean=0.166667 (+/-0.135638).
P1: N=15, mean=0.2 (+/-0.209529).
P2: N=15, mean=0.133333 (+/-0.178065).
Game Durations: N=30, mean=22.2 (+/-1.844839).
P1: N=15, mean=23.8 (+/-2.428483).
P2: N=15, mean=20.6 (+/-2.607206).

Agent 2 (SHUCT)
Winning score (between 0 and 1) : N=30, mean=0.833333 (+/-0.135638).
P1: N=15, mean=0.866667 (+/-0.178065).
P2: N=15, mean=0.8 (+/-0.209529).
Game Durations: N=30, mean=22.2 (+/-1.844839).
P1: N=15, mean=20.6 (+/-2.607206).
P2: N=15, mean=23.8 (+/-2.428483).
=====================================================
=====================================================
Completed 40 games.

Agent 1 (Example UCT)
Winning score (between 0 and 1) : N=40, mean=0.2 (+/-0.125538).
P1: N=20, mean=0.3 (+/-0.206054).
P2: N=20, mean=0.1 (+/-0.134894).
Game Durations: N=40, mean=22.2 (+/-1.677235).
P1: N=20, mean=23 (+/-2.602512).
P2: N=20, mean=21.4 (+/-2.12526).

Agent 2 (SHUCT)
Winning score (between 0 and 1) : N=40, mean=0.8 (+/-0.125538).
P1: N=20, mean=0.9 (+/-0.134894).
P2: N=20, mean=0.7 (+/-0.206054).
Game Durations: N=40, mean=22.2 (+/-1.677235).
P1: N=20, mean=21.4 (+/-2.12526).
P2: N=20, mean=23 (+/-2.602512).
=====================================================
=====================================================
Completed 50 games.

Agent 1 (Example UCT)
Winning score (between 0 and 1) : N=50, mean=0.18 (+/-0.10757).
P1: N=25, mean=0.28 (+/-0.179633).
P2: N=25, mean=0.08 (+/-0.108538).
Game Durations: N=50, mean=21.76 (+/-1.472632).
P1: N=25, mean=22.36 (+/-2.211312).
P2: N=25, mean=21.16 (+/-1.96218).

Agent 2 (SHUCT)
Winning score (between 0 and 1) : N=50, mean=0.82 (+/-0.10757).
P1: N=25, mean=0.92 (+/-0.108538).
P2: N=25, mean=0.72 (+/-0.179633).
Game Durations: N=50, mean=21.76 (+/-1.472632).
P1: N=25, mean=21.16 (+/-1.96218).
P2: N=25, mean=22.36 (+/-2.211312).
=====================================================
=====================================================
Completed 60 games.

Agent 1 (Example UCT)
Winning score (between 0 and 1) : N=60, mean=0.15 (+/-0.091112).
P1: N=30, mean=0.233333 (+/-0.153936).
P2: N=30, mean=0.066667 (+/-0.090786).
Game Durations: N=60, mean=21.35 (+/-1.32982).
P1: N=30, mean=22.033333 (+/-1.987884).
P2: N=30, mean=20.666667 (+/-1.766424).

Agent 2 (SHUCT)
Winning score (between 0 and 1) : N=60, mean=0.85 (+/-0.091112).
P1: N=30, mean=0.933333 (+/-0.090786).
P2: N=30, mean=0.766667 (+/-0.153936).
Game Durations: N=60, mean=21.35 (+/-1.32982).
P1: N=30, mean=20.666667 (+/-1.766424).
P2: N=30, mean=22.033333 (+/-1.987884).
=====================================================
=====================================================
Completed 70 games.

Agent 1 (Example UCT)
Winning score (between 0 and 1) : N=70, mean=0.157143 (+/-0.085871).
P1: N=35, mean=0.228571 (+/-0.141145).
P2: N=35, mean=0.085714 (+/-0.094097).
Game Durations: N=70, mean=21.285714 (+/-1.277593).
P1: N=35, mean=21.657143 (+/-1.951613).
P2: N=35, mean=20.914286 (+/-1.668839).

Agent 2 (SHUCT)
Winning score (between 0 and 1) : N=70, mean=0.842857 (+/-0.085871).
P1: N=35, mean=0.914286 (+/-0.094097).
P2: N=35, mean=0.771429 (+/-0.141145).
Game Durations: N=70, mean=21.285714 (+/-1.277593).
P1: N=35, mean=20.914286 (+/-1.668839).
P2: N=35, mean=21.657143 (+/-1.951613).
=====================================================
=====================================================
Completed 80 games.

Agent 1 (Example UCT)
Winning score (between 0 and 1) : N=80, mean=0.175 (+/-0.083788).
P1: N=40, mean=0.25 (+/-0.135899).
P2: N=40, mean=0.1 (+/-0.094153).
Game Durations: N=80, mean=20.95 (+/-1.18283).
P1: N=40, mean=21.2 (+/-1.822193).
P2: N=40, mean=20.7 (+/-1.528202).

Agent 2 (SHUCT)
Winning score (between 0 and 1) : N=80, mean=0.825 (+/-0.083788).
P1: N=40, mean=0.9 (+/-0.094153).
P2: N=40, mean=0.75 (+/-0.135899).
Game Durations: N=80, mean=20.95 (+/-1.18283).
P1: N=40, mean=20.7 (+/-1.528202).
P2: N=40, mean=21.2 (+/-1.822193).
=====================================================
=====================================================
Completed 90 games.

Agent 1 (Example UCT)
Winning score (between 0 and 1) : N=90, mean=0.222222 (+/-0.086372).
P1: N=45, mean=0.288889 (+/-0.133923).
P2: N=45, mean=0.155556 (+/-0.10709).
Game Durations: N=90, mean=20.988889 (+/-1.078859).
P1: N=45, mean=21.311111 (+/-1.66194).
P2: N=45, mean=20.666667 (+/-1.388698).

Agent 2 (SHUCT)
Winning score (between 0 and 1) : N=90, mean=0.777778 (+/-0.086372).
P1: N=45, mean=0.844444 (+/-0.10709).
P2: N=45, mean=0.711111 (+/-0.133923).
Game Durations: N=90, mean=20.988889 (+/-1.078859).
P1: N=45, mean=20.666667 (+/-1.388698).
P2: N=45, mean=21.311111 (+/-1.66194).
=====================================================
=====================================================
Completed 100 games.

Agent 1 (Example UCT)
Winning score (between 0 and 1) : N=100, mean=0.22 (+/-0.0816).
P1: N=50, mean=0.26 (+/-0.122815).
P2: N=50, mean=0.18 (+/-0.10757).
Game Durations: N=100, mean=21.02 (+/-1.031478).
P1: N=50, mean=21.5 (+/-1.554157).
P2: N=50, mean=20.54 (+/-1.359297).

Agent 2 (SHUCT)
Winning score (between 0 and 1) : N=100, mean=0.78 (+/-0.0816).
P1: N=50, mean=0.82 (+/-0.10757).
P2: N=50, mean=0.74 (+/-0.122815).
Game Durations: N=100, mean=21.02 (+/-1.031478).
P1: N=50, mean=20.54 (+/-1.359297).
P2: N=50, mean=21.5 (+/-1.554157).
=====================================================
=====================================================
Completed 110 games.

Agent 1 (Example UCT)
Winning score (between 0 and 1) : N=110, mean=0.218182 (+/-0.077535).
P1: N=55, mean=0.254545 (+/-0.116183).
P2: N=55, mean=0.181818 (+/-0.102871).
Game Durations: N=110, mean=21.063636 (+/-1.016733).
P1: N=55, mean=21.454545 (+/-1.583088).
P2: N=55, mean=20.672727 (+/-1.282718).

Agent 2 (SHUCT)
Winning score (between 0 and 1) : N=110, mean=0.781818 (+/-0.077535).
P1: N=55, mean=0.818182 (+/-0.102871).
P2: N=55, mean=0.745455 (+/-0.116183).
Game Durations: N=110, mean=21.063636 (+/-1.016733).
P1: N=55, mean=20.672727 (+/-1.282718).
P2: N=55, mean=21.454545 (+/-1.583088).
=====================================================
=====================================================
Completed 120 games.

Agent 1 (Example UCT)
Winning score (between 0 and 1) : N=120, mean=0.216667 (+/-0.074019).
P1: N=60, mean=0.25 (+/-0.11049).
P2: N=60, mean=0.183333 (+/-0.098733).
Game Durations: N=120, mean=20.983333 (+/-0.968655).
P1: N=60, mean=21.416667 (+/-1.460837).
P2: N=60, mean=20.55 (+/-1.275336).

Agent 2 (SHUCT)
Winning score (between 0 and 1) : N=120, mean=0.783333 (+/-0.074019).
P1: N=60, mean=0.816667 (+/-0.098733).
P2: N=60, mean=0.75 (+/-0.11049).
Game Durations: N=120, mean=20.983333 (+/-0.968655).
P1: N=60, mean=20.55 (+/-1.275336).
P2: N=60, mean=21.416667 (+/-1.460837).
=====================================================
=====================================================
Completed 130 games.

Agent 1 (Example UCT)
Winning score (between 0 and 1) : N=130, mean=0.207692 (+/-0.070002).
P1: N=65, mean=0.230769 (+/-0.103223).
P2: N=65, mean=0.184615 (+/-0.095054).
Game Durations: N=130, mean=21.092308 (+/-0.940913).
P1: N=65, mean=21.492308 (+/-1.385317).
P2: N=65, mean=20.692308 (+/-1.276959).

Agent 2 (SHUCT)
Winning score (between 0 and 1) : N=130, mean=0.792308 (+/-0.070002).
P1: N=65, mean=0.815385 (+/-0.095054).
P2: N=65, mean=0.769231 (+/-0.103223).
Game Durations: N=130, mean=21.092308 (+/-0.940913).
P1: N=65, mean=20.692308 (+/-1.276959).
P2: N=65, mean=21.492308 (+/-1.385317).
=====================================================
=====================================================
Completed 140 games.

Agent 1 (Example UCT)
Winning score (between 0 and 1) : N=140, mean=0.207143 (+/-0.067371).
P1: N=70, mean=0.214286 (+/-0.096817).
P2: N=70, mean=0.2 (+/-0.094381).
Game Durations: N=140, mean=21.135714 (+/-0.899903).
P1: N=70, mean=21.5 (+/-1.318406).
P2: N=70, mean=20.771429 (+/-1.228743).

Agent 2 (SHUCT)
Winning score (between 0 and 1) : N=140, mean=0.792857 (+/-0.067371).
P1: N=70, mean=0.8 (+/-0.094381).
P2: N=70, mean=0.785714 (+/-0.096817).
Game Durations: N=140, mean=21.135714 (+/-0.899903).
P1: N=70, mean=20.771429 (+/-1.228743).
P2: N=70, mean=21.5 (+/-1.318406).
=====================================================
=====================================================
Completed 150 games.

Agent 1 (Example UCT)
Winning score (between 0 and 1) : N=150, mean=0.206667 (+/-0.065016).
P1: N=75, mean=0.226667 (+/-0.095391).
P2: N=75, mean=0.186667 (+/-0.088777).
Game Durations: N=150, mean=20.92 (+/-0.881316).
P1: N=75, mean=21.453333 (+/-1.290629).
P2: N=75, mean=20.386667 (+/-1.196916).

Agent 2 (SHUCT)
Winning score (between 0 and 1) : N=150, mean=0.793333 (+/-0.065016).
P1: N=75, mean=0.813333 (+/-0.088777).
P2: N=75, mean=0.773333 (+/-0.095391).
Game Durations: N=150, mean=20.92 (+/-0.881316).
P1: N=75, mean=20.386667 (+/-1.196916).
P2: N=75, mean=21.453333 (+/-1.290629).
=====================================================
