Warming up...
Finished warming up!
=====================================================
Completed 1 games.

Agent 1 (Example UCT)
Winning score (between 0 and 1) : N=1, mean=1 (+/-0).
P1: N=1, mean=1 (+/-0).
P2: N=0, mean=0 (+/-0).
Game Durations: N=1, mean=13 (+/-0).
P1: N=1, mean=13 (+/-0).
P2: N=0, mean=0 (+/-0).

Agent 2 (SHUCT)
Winning score (between 0 and 1) : N=1, mean=0 (+/-0).
P1: N=0, mean=0 (+/-0).
P2: N=1, mean=0 (+/-0).
Game Durations: N=1, mean=13 (+/-0).
P1: N=0, mean=0 (+/-0).
P2: N=1, mean=13 (+/-0).
=====================================================
=====================================================
Completed 2 games.

Agent 1 (Example UCT)
Winning score (between 0 and 1) : N=2, mean=0.5 (+/-0.97998).
P1: N=1, mean=1 (+/-0).
P2: N=1, mean=0 (+/-0).
Game Durations: N=2, mean=12 (+/-1.95996).
P1: N=1, mean=13 (+/-0).
P2: N=1, mean=11 (+/-0).

Agent 2 (SHUCT)
Winning score (between 0 and 1) : N=2, mean=0.5 (+/-0.97998).
P1: N=1, mean=1 (+/-0).
P2: N=1, mean=0 (+/-0).
Game Durations: N=2, mean=12 (+/-1.95996).
P1: N=1, mean=11 (+/-0).
P2: N=1, mean=13 (+/-0).
=====================================================
=====================================================
Completed 3 games.

Agent 1 (Example UCT)
Winning score (between 0 and 1) : N=3, mean=0.666667 (+/-0.65332).
P1: N=2, mean=1 (+/-0).
P2: N=1, mean=0 (+/-0).
Game Durations: N=3, mean=11.666667 (+/-1.30664).
P1: N=2, mean=12 (+/-1.95996).
P2: N=1, mean=11 (+/-0).

Agent 2 (SHUCT)
Winning score (between 0 and 1) : N=3, mean=0.333333 (+/-0.65332).
P1: N=1, mean=1 (+/-0).
P2: N=2, mean=0 (+/-0).
Game Durations: N=3, mean=11.666667 (+/-1.30664).
P1: N=1, mean=11 (+/-0).
P2: N=2, mean=12 (+/-1.95996).
=====================================================
=====================================================
Completed 4 games.

Agent 1 (Example UCT)
Winning score (between 0 and 1) : N=4, mean=0.75 (+/-0.48999).
P1: N=2, mean=1 (+/-0).
P2: N=2, mean=0.5 (+/-0.97998).
Game Durations: N=4, mean=13.25 (+/-3.237891).
P1: N=2, mean=12 (+/-1.95996).
P2: N=2, mean=14.5 (+/-6.85986).

Agent 2 (SHUCT)
Winning score (between 0 and 1) : N=4, mean=0.25 (+/-0.48999).
P1: N=2, mean=0.5 (+/-0.97998).
P2: N=2, mean=0 (+/-0).
Game Durations: N=4, mean=13.25 (+/-3.237891).
P1: N=2, mean=14.5 (+/-6.85986).
P2: N=2, mean=12 (+/-1.95996).
=====================================================
=====================================================
Completed 5 games.

Agent 1 (Example UCT)
Winning score (between 0 and 1) : N=5, mean=0.6 (+/-0.48009).
P1: N=3, mean=0.666667 (+/-0.65332).
P2: N=2, mean=0.5 (+/-0.97998).
Game Durations: N=5, mean=14.2 (+/-3.123662).
P1: N=3, mean=14 (+/-4.079982).
P2: N=2, mean=14.5 (+/-6.85986).

Agent 2 (SHUCT)
Winning score (between 0 and 1) : N=5, mean=0.4 (+/-0.48009).
P1: N=2, mean=0.5 (+/-0.97998).
P2: N=3, mean=0.333333 (+/-0.65332).
Game Durations: N=5, mean=14.2 (+/-3.123662).
P1: N=2, mean=14.5 (+/-6.85986).
P2: N=3, mean=14 (+/-4.079982).
=====================================================
=====================================================
Completed 10 games.

Agent 1 (Example UCT)
Winning score (between 0 and 1) : N=10, mean=0.3 (+/-0.299389).
P1: N=5, mean=0.4 (+/-0.48009).
P2: N=5, mean=0.2 (+/-0.391992).
Game Durations: N=10, mean=12.8 (+/-1.748165).
P1: N=5, mean=13.2 (+/-2.432246).
P2: N=5, mean=12.4 (+/-2.743944).

Agent 2 (SHUCT)
Winning score (between 0 and 1) : N=10, mean=0.7 (+/-0.299389).
P1: N=5, mean=0.8 (+/-0.391992).
P2: N=5, mean=0.6 (+/-0.48009).
Game Durations: N=10, mean=12.8 (+/-1.748165).
P1: N=5, mean=12.4 (+/-2.743944).
P2: N=5, mean=13.2 (+/-2.432246).
=====================================================
=====================================================
Completed 20 games.

Agent 1 (Example UCT)
Winning score (between 0 and 1) : N=20, mean=0.4 (+/-0.22028).
P1: N=10, mean=0.4 (+/-0.32006).
P2: N=10, mean=0.4 (+/-0.32006).
Game Durations: N=20, mean=13.6 (+/-1.403298).
P1: N=10, mean=13.4 (+/-1.94246).
P2: N=10, mean=13.8 (+/-2.123039).

Agent 2 (SHUCT)
Winning score (between 0 and 1) : N=20, mean=0.6 (+/-0.22028).
P1: N=10, mean=0.6 (+/-0.32006).
P2: N=10, mean=0.6 (+/-0.32006).
Game Durations: N=20, mean=13.6 (+/-1.403298).
P1: N=10, mean=13.8 (+/-2.123039).
P2: N=10, mean=13.4 (+/-1.94246).
=====================================================
=====================================================
Completed 30 games.

Agent 1 (Example UCT)
Winning score (between 0 and 1) : N=30, mean=0.266667 (+/-0.160947).
P1: N=15, mean=0.266667 (+/-0.231643).
P2: N=15, mean=0.266667 (+/-0.231643).
Game Durations: N=30, mean=13.166667 (+/-1.155077).
P1: N=15, mean=13.066667 (+/-1.474991).
P2: N=15, mean=13.266667 (+/-1.829296).

Agent 2 (SHUCT)
Winning score (between 0 and 1) : N=30, mean=0.733333 (+/-0.160947).
P1: N=15, mean=0.733333 (+/-0.231643).
P2: N=15, mean=0.733333 (+/-0.231643).
Game Durations: N=30, mean=13.166667 (+/-1.155077).
P1: N=15, mean=13.266667 (+/-1.829296).
P2: N=15, mean=13.066667 (+/-1.474991).
=====================================================
=====================================================
Completed 40 games.

Agent 1 (Example UCT)
Winning score (between 0 and 1) : N=40, mean=0.275 (+/-0.140136).
P1: N=20, mean=0.3 (+/-0.206054).
P2: N=20, mean=0.25 (+/-0.194702).
Game Durations: N=40, mean=12.675 (+/-0.955521).
P1: N=20, mean=12.6 (+/-1.234685).
P2: N=20, mean=12.75 (+/-1.490458).

Agent 2 (SHUCT)
Winning score (between 0 and 1) : N=40, mean=0.725 (+/-0.140136).
P1: N=20, mean=0.75 (+/-0.194702).
P2: N=20, mean=0.7 (+/-0.206054).
Game Durations: N=40, mean=12.675 (+/-0.955521).
P1: N=20, mean=12.75 (+/-1.490458).
P2: N=20, mean=12.6 (+/-1.234685).
=====================================================
=====================================================
Completed 50 games.

Agent 1 (Example UCT)
Winning score (between 0 and 1) : N=50, mean=0.3 (+/-0.12831).
P1: N=25, mean=0.32 (+/-0.186626).
P2: N=25, mean=0.28 (+/-0.179633).
Game Durations: N=50, mean=13.04 (+/-0.913245).
P1: N=25, mean=13.44 (+/-1.270602).
P2: N=25, mean=12.64 (+/-1.319059).

Agent 2 (SHUCT)
Winning score (between 0 and 1) : N=50, mean=0.7 (+/-0.12831).
P1: N=25, mean=0.72 (+/-0.179633).
P2: N=25, mean=0.68 (+/-0.186626).
Game Durations: N=50, mean=13.04 (+/-0.913245).
P1: N=25, mean=12.64 (+/-1.319059).
P2: N=25, mean=13.44 (+/-1.270602).
=====================================================
=====================================================
Completed 60 games.

Agent 1 (Example UCT)
Winning score (between 0 and 1) : N=60, mean=0.266667 (+/-0.112838).
P1: N=30, mean=0.3 (+/-0.166785).
P2: N=30, mean=0.233333 (+/-0.153936).
Game Durations: N=60, mean=13.033333 (+/-0.790554).
P1: N=30, mean=13.433333 (+/-1.102664).
P2: N=30, mean=12.633333 (+/-1.133468).

Agent 2 (SHUCT)
Winning score (between 0 and 1) : N=60, mean=0.733333 (+/-0.112838).
P1: N=30, mean=0.766667 (+/-0.153936).
P2: N=30, mean=0.7 (+/-0.166785).
Game Durations: N=60, mean=13.033333 (+/-0.790554).
P1: N=30, mean=12.633333 (+/-1.133468).
P2: N=30, mean=13.433333 (+/-1.102664).
=====================================================
=====================================================
Completed 70 games.

Agent 1 (Example UCT)
Winning score (between 0 and 1) : N=70, mean=0.271429 (+/-0.104927).
P1: N=35, mean=0.342857 (+/-0.159549).
P2: N=35, mean=0.2 (+/-0.134452).
Game Durations: N=70, mean=13.057143 (+/-0.738522).
P1: N=35, mean=13.257143 (+/-0.965353).
P2: N=35, mean=12.857143 (+/-1.128182).

Agent 2 (SHUCT)
Winning score (between 0 and 1) : N=70, mean=0.728571 (+/-0.104927).
P1: N=35, mean=0.8 (+/-0.134452).
P2: N=35, mean=0.657143 (+/-0.159549).
Game Durations: N=70, mean=13.057143 (+/-0.738522).
P1: N=35, mean=12.857143 (+/-1.128182).
P2: N=35, mean=13.257143 (+/-0.965353).
=====================================================
=====================================================
Completed 80 games.

Agent 1 (Example UCT)
Winning score (between 0 and 1) : N=80, mean=0.275 (+/-0.098462).
P1: N=40, mean=0.325 (+/-0.146997).
P2: N=40, mean=0.225 (+/-0.131056).
Game Durations: N=80, mean=13.175 (+/-0.740259).
P1: N=40, mean=13.275 (+/-0.893183).
P2: N=40, mean=13.075 (+/-1.191758).

Agent 2 (SHUCT)
Winning score (between 0 and 1) : N=80, mean=0.725 (+/-0.098462).
P1: N=40, mean=0.775 (+/-0.131056).
P2: N=40, mean=0.675 (+/-0.146997).
Game Durations: N=80, mean=13.175 (+/-0.740259).
P1: N=40, mean=13.075 (+/-1.191758).
P2: N=40, mean=13.275 (+/-0.893183).
=====================================================
=====================================================
Completed 90 games.

Agent 1 (Example UCT)
Winning score (between 0 and 1) : N=90, mean=0.266667 (+/-0.091873).
P1: N=45, mean=0.333333 (+/-0.139288).
P2: N=45, mean=0.2 (+/-0.11819).
Game Durations: N=90, mean=13.433333 (+/-0.742675).
P1: N=45, mean=13.355556 (+/-0.881279).
P2: N=45, mean=13.511111 (+/-1.205664).

Agent 2 (SHUCT)
Winning score (between 0 and 1) : N=90, mean=0.733333 (+/-0.091873).
P1: N=45, mean=0.8 (+/-0.11819).
P2: N=45, mean=0.666667 (+/-0.139288).
Game Durations: N=90, mean=13.433333 (+/-0.742675).
P1: N=45, mean=13.511111 (+/-1.205664).
P2: N=45, mean=13.355556 (+/-0.881279).
=====================================================
=====================================================
Completed 100 games.

Agent 1 (Example UCT)
Winning score (between 0 and 1) : N=100, mean=0.24 (+/-0.084128).
P1: N=50, mean=0.3 (+/-0.12831).
P2: N=50, mean=0.18 (+/-0.10757).
Game Durations: N=100, mean=13.4 (+/-0.691409).
P1: N=50, mean=13.46 (+/-0.823412).
P2: N=50, mean=13.34 (+/-1.119431).

Agent 2 (SHUCT)
Winning score (between 0 and 1) : N=100, mean=0.76 (+/-0.084128).
P1: N=50, mean=0.82 (+/-0.10757).
P2: N=50, mean=0.7 (+/-0.12831).
Game Durations: N=100, mean=13.4 (+/-0.691409).
P1: N=50, mean=13.34 (+/-1.119431).
P2: N=50, mean=13.46 (+/-0.823412).
=====================================================
=====================================================
Completed 110 games.

Agent 1 (Example UCT)
Winning score (between 0 and 1) : N=110, mean=0.236364 (+/-0.079757).
P1: N=55, mean=0.309091 (+/-0.123255).
P2: N=55, mean=0.163636 (+/-0.098671).
Game Durations: N=110, mean=13.5 (+/-0.727406).
P1: N=55, mean=13.8 (+/-1.029101).
P2: N=55, mean=13.2 (+/-1.031611).

Agent 2 (SHUCT)
Winning score (between 0 and 1) : N=110, mean=0.763636 (+/-0.079757).
P1: N=55, mean=0.836364 (+/-0.098671).
P2: N=55, mean=0.690909 (+/-0.123255).
Game Durations: N=110, mean=13.5 (+/-0.727406).
P1: N=55, mean=13.2 (+/-1.031611).
P2: N=55, mean=13.8 (+/-1.029101).
=====================================================
=====================================================
Completed 120 games.

Agent 1 (Example UCT)
Winning score (between 0 and 1) : N=120, mean=0.241667 (+/-0.076915).
P1: N=60, mean=0.333333 (+/-0.120286).
P2: N=60, mean=0.15 (+/-0.091112).
Game Durations: N=120, mean=13.675 (+/-0.75417).
P1: N=60, mean=13.933333 (+/-1.07439).
P2: N=60, mean=13.416667 (+/-1.063655).

Agent 2 (SHUCT)
Winning score (between 0 and 1) : N=120, mean=0.758333 (+/-0.076915).
P1: N=60, mean=0.85 (+/-0.091112).
P2: N=60, mean=0.666667 (+/-0.120286).
Game Durations: N=120, mean=13.675 (+/-0.75417).
P1: N=60, mean=13.416667 (+/-1.063655).
P2: N=60, mean=13.933333 (+/-1.07439).
=====================================================
=====================================================
Completed 130 games.

Agent 1 (Example UCT)
Winning score (between 0 and 1) : N=130, mean=0.238462 (+/-0.073537).
P1: N=65, mean=0.338462 (+/-0.115928).
P2: N=65, mean=0.138462 (+/-0.084617).
Game Durations: N=130, mean=13.753846 (+/-0.727442).
P1: N=65, mean=14.215385 (+/-1.055726).
P2: N=65, mean=13.292308 (+/-0.99654).

Agent 2 (SHUCT)
Winning score (between 0 and 1) : N=130, mean=0.761538 (+/-0.073537).
P1: N=65, mean=0.861538 (+/-0.084617).
P2: N=65, mean=0.661538 (+/-0.115928).
Game Durations: N=130, mean=13.753846 (+/-0.727442).
P1: N=65, mean=13.292308 (+/-0.99654).
P2: N=65, mean=14.215385 (+/-1.055726).
=====================================================
=====================================================
Completed 140 games.

Agent 1 (Example UCT)
Winning score (between 0 and 1) : N=140, mean=0.25 (+/-0.071985).
P1: N=70, mean=0.342857 (+/-0.111998).
P2: N=70, mean=0.157143 (+/-0.085871).
Game Durations: N=140, mean=13.735714 (+/-0.709381).
P1: N=70, mean=14.171429 (+/-1.058947).
P2: N=70, mean=13.3 (+/-0.940725).

Agent 2 (SHUCT)
Winning score (between 0 and 1) : N=140, mean=0.75 (+/-0.071985).
P1: N=70, mean=0.842857 (+/-0.085871).
P2: N=70, mean=0.657143 (+/-0.111998).
Game Durations: N=140, mean=13.735714 (+/-0.709381).
P1: N=70, mean=13.3 (+/-0.940725).
P2: N=70, mean=14.171429 (+/-1.058947).
=====================================================
=====================================================
Completed 150 games.

Agent 1 (Example UCT)
Winning score (between 0 and 1) : N=150, mean=0.253333 (+/-0.069833).
P1: N=75, mean=0.333333 (+/-0.107405).
P2: N=75, mean=0.173333 (+/-0.086246).
Game Durations: N=150, mean=13.793333 (+/-0.70021).
P1: N=75, mean=14.093333 (+/-1.012238).
P2: N=75, mean=13.493333 (+/-0.969773).

Agent 2 (SHUCT)
Winning score (between 0 and 1) : N=150, mean=0.746667 (+/-0.069833).
P1: N=75, mean=0.826667 (+/-0.086246).
P2: N=75, mean=0.666667 (+/-0.107405).
Game Durations: N=150, mean=13.793333 (+/-0.70021).
P1: N=75, mean=13.493333 (+/-0.969773).
P2: N=75, mean=14.093333 (+/-1.012238).
=====================================================
