Warming up...
Finished warming up!
=====================================================
Completed 1 games.

Agent 1 (UCT)
Winning score (between 0 and 1) : N=1, mean=0 (+/-0).
P1: N=1, mean=0 (+/-0).
P2: N=0, mean=0 (+/-0).
Game Durations: N=1, mean=38 (+/-0).
P1: N=1, mean=38 (+/-0).
P2: N=0, mean=0 (+/-0).

Agent 2 (SHUCTAnyTime)
Winning score (between 0 and 1) : N=1, mean=1 (+/-0).
P1: N=0, mean=0 (+/-0).
P2: N=1, mean=1 (+/-0).
Game Durations: N=1, mean=38 (+/-0).
P1: N=0, mean=0 (+/-0).
P2: N=1, mean=38 (+/-0).
=====================================================
=====================================================
Completed 2 games.

Agent 1 (UCT)
Winning score (between 0 and 1) : N=2, mean=0.5 (+/-0.97998).
P1: N=1, mean=0 (+/-0).
P2: N=1, mean=1 (+/-0).
Game Durations: N=2, mean=47 (+/-17.63964).
P1: N=1, mean=38 (+/-0).
P2: N=1, mean=56 (+/-0).

Agent 2 (SHUCTAnyTime)
Winning score (between 0 and 1) : N=2, mean=0.5 (+/-0.97998).
P1: N=1, mean=0 (+/-0).
P2: N=1, mean=1 (+/-0).
Game Durations: N=2, mean=47 (+/-17.63964).
P1: N=1, mean=56 (+/-0).
P2: N=1, mean=38 (+/-0).
=====================================================
=====================================================
Completed 3 games.

Agent 1 (UCT)
Winning score (between 0 and 1) : N=3, mean=0.666667 (+/-0.65332).
P1: N=2, mean=0.5 (+/-0.97998).
P2: N=1, mean=1 (+/-0).
Game Durations: N=3, mean=47 (+/-10.184251).
P1: N=2, mean=42.5 (+/-8.81982).
P2: N=1, mean=56 (+/-0).

Agent 2 (SHUCTAnyTime)
Winning score (between 0 and 1) : N=3, mean=0.333333 (+/-0.65332).
P1: N=1, mean=0 (+/-0).
P2: N=2, mean=0.5 (+/-0.97998).
Game Durations: N=3, mean=47 (+/-10.184251).
P1: N=1, mean=56 (+/-0).
P2: N=2, mean=42.5 (+/-8.81982).
=====================================================
=====================================================
Completed 4 games.

Agent 1 (UCT)
Winning score (between 0 and 1) : N=4, mean=0.5 (+/-0.565792).
P1: N=2, mean=0.5 (+/-0.97998).
P2: N=2, mean=0.5 (+/-0.97998).
Game Durations: N=4, mean=46.5 (+/-7.267726).
P1: N=2, mean=42.5 (+/-8.81982).
P2: N=2, mean=50.5 (+/-10.77978).

Agent 2 (SHUCTAnyTime)
Winning score (between 0 and 1) : N=4, mean=0.5 (+/-0.565792).
P1: N=2, mean=0.5 (+/-0.97998).
P2: N=2, mean=0.5 (+/-0.97998).
Game Durations: N=4, mean=46.5 (+/-7.267726).
P1: N=2, mean=50.5 (+/-10.77978).
P2: N=2, mean=42.5 (+/-8.81982).
=====================================================
=====================================================
Completed 5 games.

Agent 1 (UCT)
Winning score (between 0 and 1) : N=5, mean=0.6 (+/-0.48009).
P1: N=3, mean=0.666667 (+/-0.65332).
P2: N=2, mean=0.5 (+/-0.97998).
Game Durations: N=5, mean=45.8 (+/-5.794326).
P1: N=3, mean=42.666667 (+/-5.102592).
P2: N=2, mean=50.5 (+/-10.77978).

Agent 2 (SHUCTAnyTime)
Winning score (between 0 and 1) : N=5, mean=0.4 (+/-0.48009).
P1: N=2, mean=0.5 (+/-0.97998).
P2: N=3, mean=0.333333 (+/-0.65332).
Game Durations: N=5, mean=45.8 (+/-5.794326).
P1: N=2, mean=50.5 (+/-10.77978).
P2: N=3, mean=42.666667 (+/-5.102592).
=====================================================
=====================================================
Completed 10 games.

Agent 1 (UCT)
Winning score (between 0 and 1) : N=10, mean=0.8 (+/-0.261328).
P1: N=5, mean=0.8 (+/-0.391992).
P2: N=5, mean=0.8 (+/-0.391992).
Game Durations: N=10, mean=51.5 (+/-7.056158).
P1: N=5, mean=50 (+/-11.121802).
P2: N=5, mean=53 (+/-9.7998).

Agent 2 (SHUCTAnyTime)
Winning score (between 0 and 1) : N=10, mean=0.2 (+/-0.261328).
P1: N=5, mean=0.2 (+/-0.391992).
P2: N=5, mean=0.2 (+/-0.391992).
Game Durations: N=10, mean=51.5 (+/-7.056158).
P1: N=5, mean=53 (+/-9.7998).
P2: N=5, mean=50 (+/-11.121802).
=====================================================
=====================================================
Completed 20 games.

Agent 1 (UCT)
Winning score (between 0 and 1) : N=20, mean=0.85 (+/-0.160556).
P1: N=10, mean=0.8 (+/-0.261328).
P2: N=10, mean=0.9 (+/-0.195996).
Game Durations: N=20, mean=53.55 (+/-6.385087).
P1: N=10, mean=53.4 (+/-9.304708).
P2: N=10, mean=53.7 (+/-9.248806).

Agent 2 (SHUCTAnyTime)
Winning score (between 0 and 1) : N=20, mean=0.15 (+/-0.160556).
P1: N=10, mean=0.1 (+/-0.195996).
P2: N=10, mean=0.2 (+/-0.261328).
Game Durations: N=20, mean=53.55 (+/-6.385087).
P1: N=10, mean=53.7 (+/-9.248806).
P2: N=10, mean=53.4 (+/-9.304708).
=====================================================
