Warming up...
Finished warming up!
=====================================================
Completed 1 games.

Agent 1 (UCT)
Winning score (between 0 and 1) : N=1, mean=0 (+/-0).
P1: N=1, mean=0 (+/-0).
P2: N=0, mean=0 (+/-0).
Game Durations: N=1, mean=62 (+/-0).
P1: N=1, mean=62 (+/-0).
P2: N=0, mean=0 (+/-0).

Agent 2 (SHUCTAnyTime)
Winning score (between 0 and 1) : N=1, mean=1 (+/-0).
P1: N=0, mean=0 (+/-0).
P2: N=1, mean=1 (+/-0).
Game Durations: N=1, mean=62 (+/-0).
P1: N=0, mean=0 (+/-0).
P2: N=1, mean=62 (+/-0).
=====================================================
=====================================================
Completed 2 games.

Agent 1 (UCT)
Winning score (between 0 and 1) : N=2, mean=0.5 (+/-0.97998).
P1: N=1, mean=0 (+/-0).
P2: N=1, mean=1 (+/-0).
Game Durations: N=2, mean=48 (+/-27.43944).
P1: N=1, mean=62 (+/-0).
P2: N=1, mean=34 (+/-0).

Agent 2 (SHUCTAnyTime)
Winning score (between 0 and 1) : N=2, mean=0.5 (+/-0.97998).
P1: N=1, mean=0 (+/-0).
P2: N=1, mean=1 (+/-0).
Game Durations: N=2, mean=48 (+/-27.43944).
P1: N=1, mean=34 (+/-0).
P2: N=1, mean=62 (+/-0).
=====================================================
=====================================================
Completed 3 games.

Agent 1 (UCT)
Winning score (between 0 and 1) : N=3, mean=0.666667 (+/-0.65332).
P1: N=2, mean=0.5 (+/-0.97998).
P2: N=1, mean=1 (+/-0).
Game Durations: N=3, mean=45.666667 (+/-16.489051).
P1: N=2, mean=51.5 (+/-20.57958).
P2: N=1, mean=34 (+/-0).

Agent 2 (SHUCTAnyTime)
Winning score (between 0 and 1) : N=3, mean=0.333333 (+/-0.65332).
P1: N=1, mean=0 (+/-0).
P2: N=2, mean=0.5 (+/-0.97998).
Game Durations: N=3, mean=45.666667 (+/-16.489051).
P1: N=1, mean=34 (+/-0).
P2: N=2, mean=51.5 (+/-20.57958).
=====================================================
=====================================================
Completed 4 games.

Agent 1 (UCT)
Winning score (between 0 and 1) : N=4, mean=0.5 (+/-0.565792).
P1: N=2, mean=0.5 (+/-0.97998).
P2: N=2, mean=0.5 (+/-0.97998).
Game Durations: N=4, mean=56 (+/-23.369321).
P1: N=2, mean=51.5 (+/-20.57958).
P2: N=2, mean=60.5 (+/-51.93894).

Agent 2 (SHUCTAnyTime)
Winning score (between 0 and 1) : N=4, mean=0.5 (+/-0.565792).
P1: N=2, mean=0.5 (+/-0.97998).
P2: N=2, mean=0.5 (+/-0.97998).
Game Durations: N=4, mean=56 (+/-23.369321).
P1: N=2, mean=60.5 (+/-51.93894).
P2: N=2, mean=51.5 (+/-20.57958).
=====================================================
=====================================================
Completed 5 games.

Agent 1 (UCT)
Winning score (between 0 and 1) : N=5, mean=0.4 (+/-0.48009).
P1: N=3, mean=0.333333 (+/-0.65332).
P2: N=2, mean=0.5 (+/-0.97998).
Game Durations: N=5, mean=52 (+/-19.726586).
P1: N=3, mean=46.333333 (+/-15.611478).
P2: N=2, mean=60.5 (+/-51.93894).

Agent 2 (SHUCTAnyTime)
Winning score (between 0 and 1) : N=5, mean=0.6 (+/-0.48009).
P1: N=2, mean=0.5 (+/-0.97998).
P2: N=3, mean=0.666667 (+/-0.65332).
Game Durations: N=5, mean=52 (+/-19.726586).
P1: N=2, mean=60.5 (+/-51.93894).
P2: N=3, mean=46.333333 (+/-15.611478).
=====================================================
=====================================================
Completed 10 games.

Agent 1 (UCT)
Winning score (between 0 and 1) : N=10, mean=0.4 (+/-0.32006).
P1: N=5, mean=0.4 (+/-0.48009).
P2: N=5, mean=0.4 (+/-0.48009).
Game Durations: N=10, mean=47.7 (+/-10.129831).
P1: N=5, mean=48 (+/-8.787093).
P2: N=5, mean=47.4 (+/-19.605479).

Agent 2 (SHUCTAnyTime)
Winning score (between 0 and 1) : N=10, mean=0.6 (+/-0.32006).
P1: N=5, mean=0.6 (+/-0.48009).
P2: N=5, mean=0.6 (+/-0.48009).
Game Durations: N=10, mean=47.7 (+/-10.129831).
P1: N=5, mean=47.4 (+/-19.605479).
P2: N=5, mean=48 (+/-8.787093).
=====================================================
=====================================================
Completed 20 games.

Agent 1 (UCT)
Winning score (between 0 and 1) : N=20, mean=0.5 (+/-0.224823).
P1: N=10, mean=0.6 (+/-0.32006).
P2: N=10, mean=0.4 (+/-0.32006).
Game Durations: N=20, mean=54.1 (+/-7.143425).
P1: N=10, mean=53.6 (+/-8.223532).
P2: N=10, mean=54.6 (+/-12.149644).

Agent 2 (SHUCTAnyTime)
Winning score (between 0 and 1) : N=20, mean=0.5 (+/-0.224823).
P1: N=10, mean=0.6 (+/-0.32006).
P2: N=10, mean=0.4 (+/-0.32006).
Game Durations: N=20, mean=54.1 (+/-7.143425).
P1: N=10, mean=54.6 (+/-12.149644).
P2: N=10, mean=53.6 (+/-8.223532).
=====================================================
=====================================================
Completed 30 games.

Agent 1 (UCT)
Winning score (between 0 and 1) : N=30, mean=0.466667 (+/-0.181573).
P1: N=15, mean=0.466667 (+/-0.261328).
P2: N=15, mean=0.466667 (+/-0.261328).
Game Durations: N=30, mean=54.7 (+/-6.666216).
P1: N=15, mean=54.066667 (+/-8.518537).
P2: N=15, mean=55.333333 (+/-10.550663).

Agent 2 (SHUCTAnyTime)
Winning score (between 0 and 1) : N=30, mean=0.533333 (+/-0.181573).
P1: N=15, mean=0.533333 (+/-0.261328).
P2: N=15, mean=0.533333 (+/-0.261328).
Game Durations: N=30, mean=54.7 (+/-6.666216).
P1: N=15, mean=55.333333 (+/-10.550663).
P2: N=15, mean=54.066667 (+/-8.518537).
=====================================================
=====================================================
Completed 40 games.

Agent 1 (UCT)
Winning score (between 0 and 1) : N=40, mean=0.475 (+/-0.156726).
P1: N=20, mean=0.5 (+/-0.224823).
P2: N=20, mean=0.45 (+/-0.223696).
Game Durations: N=40, mean=55.125 (+/-5.255934).
P1: N=20, mean=55 (+/-6.86207).
P2: N=20, mean=55.25 (+/-8.143274).

Agent 2 (SHUCTAnyTime)
Winning score (between 0 and 1) : N=40, mean=0.525 (+/-0.156726).
P1: N=20, mean=0.55 (+/-0.223696).
P2: N=20, mean=0.5 (+/-0.224823).
Game Durations: N=40, mean=55.125 (+/-5.255934).
P1: N=20, mean=55.25 (+/-8.143274).
P2: N=20, mean=55 (+/-6.86207).
=====================================================
=====================================================
Completed 50 games.

Agent 1 (UCT)
Winning score (between 0 and 1) : N=50, mean=0.48 (+/-0.139885).
P1: N=25, mean=0.44 (+/-0.198592).
P2: N=25, mean=0.52 (+/-0.199877).
Game Durations: N=50, mean=54.3 (+/-4.490134).
P1: N=25, mean=54.6 (+/-6.022958).
P2: N=25, mean=54 (+/-6.78384).

Agent 2 (SHUCTAnyTime)
Winning score (between 0 and 1) : N=50, mean=0.52 (+/-0.139885).
P1: N=25, mean=0.48 (+/-0.199877).
P2: N=25, mean=0.56 (+/-0.198592).
Game Durations: N=50, mean=54.3 (+/-4.490134).
P1: N=25, mean=54 (+/-6.78384).
P2: N=25, mean=54.6 (+/-6.022958).
=====================================================
=====================================================
Completed 60 games.

Agent 1 (UCT)
Winning score (between 0 and 1) : N=60, mean=0.45 (+/-0.126943).
P1: N=30, mean=0.366667 (+/-0.175388).
P2: N=30, mean=0.533333 (+/-0.181573).
Game Durations: N=60, mean=54.95 (+/-3.93413).
P1: N=30, mean=54.766667 (+/-5.26641).
P2: N=30, mean=55.133333 (+/-5.935735).

Agent 2 (SHUCTAnyTime)
Winning score (between 0 and 1) : N=60, mean=0.55 (+/-0.126943).
P1: N=30, mean=0.466667 (+/-0.181573).
P2: N=30, mean=0.633333 (+/-0.175388).
Game Durations: N=60, mean=54.95 (+/-3.93413).
P1: N=30, mean=55.133333 (+/-5.935735).
P2: N=30, mean=54.766667 (+/-5.26641).
=====================================================
=====================================================
Completed 70 games.

Agent 1 (UCT)
Winning score (between 0 and 1) : N=70, mean=0.428571 (+/-0.116766).
P1: N=35, mean=0.314286 (+/-0.156042).
P2: N=35, mean=0.542857 (+/-0.167447).
Game Durations: N=70, mean=55.728571 (+/-3.6003).
P1: N=35, mean=55.171429 (+/-4.609828).
P2: N=35, mean=56.285714 (+/-5.593788).

Agent 2 (SHUCTAnyTime)
Winning score (between 0 and 1) : N=70, mean=0.571429 (+/-0.116766).
P1: N=35, mean=0.457143 (+/-0.167447).
P2: N=35, mean=0.685714 (+/-0.156042).
Game Durations: N=70, mean=55.728571 (+/-3.6003).
P1: N=35, mean=56.285714 (+/-5.593788).
P2: N=35, mean=55.171429 (+/-4.609828).
=====================================================
=====================================================
Completed 80 games.

Agent 1 (UCT)
Winning score (between 0 and 1) : N=80, mean=0.45 (+/-0.109704).
P1: N=40, mean=0.35 (+/-0.149694).
P2: N=40, mean=0.55 (+/-0.156136).
Game Durations: N=80, mean=56.475 (+/-3.49166).
P1: N=40, mean=55.95 (+/-4.816751).
P2: N=40, mean=57 (+/-5.112396).

Agent 2 (SHUCTAnyTime)
Winning score (between 0 and 1) : N=80, mean=0.55 (+/-0.109704).
P1: N=40, mean=0.45 (+/-0.156136).
P2: N=40, mean=0.65 (+/-0.149694).
Game Durations: N=80, mean=56.475 (+/-3.49166).
P1: N=40, mean=57 (+/-5.112396).
P2: N=40, mean=55.95 (+/-4.816751).
=====================================================
=====================================================
Completed 90 games.

Agent 1 (UCT)
Winning score (between 0 and 1) : N=90, mean=0.455556 (+/-0.103466).
P1: N=45, mean=0.355556 (+/-0.141438).
P2: N=45, mean=0.555556 (+/-0.146823).
Game Durations: N=90, mean=55.6 (+/-3.248905).
P1: N=45, mean=54.844444 (+/-4.608719).
P2: N=45, mean=56.355556 (+/-4.621835).

Agent 2 (SHUCTAnyTime)
Winning score (between 0 and 1) : N=90, mean=0.544444 (+/-0.103466).
P1: N=45, mean=0.444444 (+/-0.146823).
P2: N=45, mean=0.644444 (+/-0.141438).
Game Durations: N=90, mean=55.6 (+/-3.248905).
P1: N=45, mean=56.355556 (+/-4.621835).
P2: N=45, mean=54.844444 (+/-4.608719).
=====================================================
=====================================================
Completed 100 games.

Agent 1 (UCT)
Winning score (between 0 and 1) : N=100, mean=0.47 (+/-0.098314).
P1: N=50, mean=0.38 (+/-0.135905).
P2: N=50, mean=0.56 (+/-0.138986).
Game Durations: N=100, mean=55.07 (+/-3.029865).
P1: N=50, mean=54.58 (+/-4.169223).
P2: N=50, mean=55.56 (+/-4.435647).

Agent 2 (SHUCTAnyTime)
Winning score (between 0 and 1) : N=100, mean=0.53 (+/-0.098314).
P1: N=50, mean=0.44 (+/-0.138986).
P2: N=50, mean=0.62 (+/-0.135905).
Game Durations: N=100, mean=55.07 (+/-3.029865).
P1: N=50, mean=55.56 (+/-4.435647).
P2: N=50, mean=54.58 (+/-4.169223).
=====================================================
