Exception in thread "main" java.lang.OutOfMemoryError: Java heap space
	at java.base/java.util.Arrays.copyOf(Arrays.java:3481)
	at java.base/java.util.ArrayList.grow(ArrayList.java:238)
	at java.base/java.util.ArrayList.grow(ArrayList.java:245)
	at java.base/java.util.ArrayList.add(ArrayList.java:484)
	at java.base/java.util.ArrayList.add(ArrayList.java:497)
	at other.trial.Trial.addRNGState(Trial.java:1036)
	at game.Game.applyInternal(Game.java:3234)
	at game.Game.apply(Game.java:3003)
	at game.Game.apply(Game.java:2947)
	at other.model.AlternatingMove.playout(AlternatingMove.java:633)
	at game.Game.playout(Game.java:3635)
	at mcts.SHUCTAnyTime.selectAction(SHUCTAnyTime.java:262)
	at other.model.AlternatingMove.startNewStep(AlternatingMove.java:289)
	at other.model.AlternatingMove.startNewStep(AlternatingMove.java:214)
	at other.model.Model.startNewStep(Model.java:190)
	at supplementary.experiments.EvalGamesSet$1.runExperiment(EvalGamesSet.java:311)
	at utils.experiments.InterruptableExperiment.<init>(InterruptableExperiment.java:128)
	at supplementary.experiments.EvalGamesSet$1.<init>(EvalGamesSet.java:188)
	at supplementary.experiments.EvalGamesSet.startGames(EvalGamesSet.java:187)
	at supplementary.experiments.EvalGamesSet.startGames(EvalGamesSet.java:142)
	at main.AgentExperimentRunner.startExperiment(AgentExperimentRunner.java:342)
	at main.AgentExperimentRunner.main(AgentExperimentRunner.java:360)
