Warming up...
Finished warming up!
=====================================================
Completed 1 games.

Agent 1 (UCT)
Winning score (between 0 and 1) : N=1, mean=1 (+/-0).
P1: N=0, mean=0 (+/-0).
P2: N=1, mean=1 (+/-0).
Game Durations: N=1, mean=44 (+/-0).
P1: N=0, mean=0 (+/-0).
P2: N=1, mean=44 (+/-0).

Agent 2 (SHUCTAnyTime)
Winning score (between 0 and 1) : N=1, mean=0 (+/-0).
P1: N=1, mean=0 (+/-0).
P2: N=0, mean=0 (+/-0).
Game Durations: N=1, mean=44 (+/-0).
P1: N=1, mean=44 (+/-0).
P2: N=0, mean=0 (+/-0).
=====================================================
=====================================================
Completed 2 games.

Agent 1 (UCT)
Winning score (between 0 and 1) : N=2, mean=0.5 (+/-0.97998).
P1: N=1, mean=0 (+/-0).
P2: N=1, mean=1 (+/-0).
Game Durations: N=2, mean=51 (+/-13.71972).
P1: N=1, mean=58 (+/-0).
P2: N=1, mean=44 (+/-0).

Agent 2 (SHUCTAnyTime)
Winning score (between 0 and 1) : N=2, mean=0.5 (+/-0.97998).
P1: N=1, mean=0 (+/-0).
P2: N=1, mean=1 (+/-0).
Game Durations: N=2, mean=51 (+/-13.71972).
P1: N=1, mean=44 (+/-0).
P2: N=1, mean=58 (+/-0).
=====================================================
=====================================================
Completed 3 games.

Agent 1 (UCT)
Winning score (between 0 and 1) : N=3, mean=0.666667 (+/-0.65332).
P1: N=1, mean=0 (+/-0).
P2: N=2, mean=1 (+/-0).
Game Durations: N=3, mean=49.333333 (+/-8.568211).
P1: N=1, mean=58 (+/-0).
P2: N=2, mean=45 (+/-1.95996).

Agent 2 (SHUCTAnyTime)
Winning score (between 0 and 1) : N=3, mean=0.333333 (+/-0.65332).
P1: N=2, mean=0 (+/-0).
P2: N=1, mean=1 (+/-0).
Game Durations: N=3, mean=49.333333 (+/-8.568211).
P1: N=2, mean=45 (+/-1.95996).
P2: N=1, mean=58 (+/-0).
=====================================================
=====================================================
Completed 4 games.

Agent 1 (UCT)
Winning score (between 0 and 1) : N=4, mean=0.75 (+/-0.48999).
P1: N=2, mean=0.5 (+/-0.97998).
P2: N=2, mean=1 (+/-0).
Game Durations: N=4, mean=49.75 (+/-6.113431).
P1: N=2, mean=54.5 (+/-6.85986).
P2: N=2, mean=45 (+/-1.95996).

Agent 2 (SHUCTAnyTime)
Winning score (between 0 and 1) : N=4, mean=0.25 (+/-0.48999).
P1: N=2, mean=0 (+/-0).
P2: N=2, mean=0.5 (+/-0.97998).
Game Durations: N=4, mean=49.75 (+/-6.113431).
P1: N=2, mean=45 (+/-1.95996).
P2: N=2, mean=54.5 (+/-6.85986).
=====================================================
=====================================================
Completed 5 games.

Agent 1 (UCT)
Winning score (between 0 and 1) : N=5, mean=0.8 (+/-0.391992).
P1: N=2, mean=0.5 (+/-0.97998).
P2: N=3, mean=1 (+/-0).
Game Durations: N=5, mean=54.6 (+/-10.620018).
P1: N=2, mean=54.5 (+/-6.85986).
P2: N=3, mean=54.666667 (+/-18.980042).

Agent 2 (SHUCTAnyTime)
Winning score (between 0 and 1) : N=5, mean=0.2 (+/-0.391992).
P1: N=3, mean=0 (+/-0).
P2: N=2, mean=0.5 (+/-0.97998).
Game Durations: N=5, mean=54.6 (+/-10.620018).
P1: N=3, mean=54.666667 (+/-18.980042).
P2: N=2, mean=54.5 (+/-6.85986).
=====================================================
=====================================================
Completed 10 games.

Agent 1 (UCT)
Winning score (between 0 and 1) : N=10, mean=0.9 (+/-0.195996).
P1: N=5, mean=0.8 (+/-0.391992).
P2: N=5, mean=1 (+/-0).
Game Durations: N=10, mean=55.8 (+/-5.679001).
P1: N=5, mean=54.4 (+/-4.864493).
P2: N=5, mean=57.2 (+/-10.849047).

Agent 2 (SHUCTAnyTime)
Winning score (between 0 and 1) : N=10, mean=0.1 (+/-0.195996).
P1: N=5, mean=0 (+/-0).
P2: N=5, mean=0.2 (+/-0.391992).
Game Durations: N=10, mean=55.8 (+/-5.679001).
P1: N=5, mean=57.2 (+/-10.849047).
P2: N=5, mean=54.4 (+/-4.864493).
=====================================================
=====================================================
Completed 20 games.

Agent 1 (UCT)
Winning score (between 0 and 1) : N=20, mean=0.7 (+/-0.206054).
P1: N=10, mean=0.5 (+/-0.32666).
P2: N=10, mean=0.9 (+/-0.195996).
Game Durations: N=20, mean=55.1 (+/-4.618235).
P1: N=10, mean=54.9 (+/-6.06181).
P2: N=10, mean=55.3 (+/-7.298786).

Agent 2 (SHUCTAnyTime)
Winning score (between 0 and 1) : N=20, mean=0.3 (+/-0.206054).
P1: N=10, mean=0.1 (+/-0.195996).
P2: N=10, mean=0.5 (+/-0.32666).
Game Durations: N=20, mean=55.1 (+/-4.618235).
P1: N=10, mean=55.3 (+/-7.298786).
P2: N=10, mean=54.9 (+/-6.06181).
=====================================================
=====================================================
Completed 30 games.

Agent 1 (UCT)
Winning score (between 0 and 1) : N=30, mean=0.7 (+/-0.166785).
P1: N=15, mean=0.533333 (+/-0.261328).
P2: N=15, mean=0.866667 (+/-0.178065).
Game Durations: N=30, mean=56.533333 (+/-3.635589).
P1: N=15, mean=55.2 (+/-4.587351).
P2: N=15, mean=57.866667 (+/-5.721787).

Agent 2 (SHUCTAnyTime)
Winning score (between 0 and 1) : N=30, mean=0.3 (+/-0.166785).
P1: N=15, mean=0.133333 (+/-0.178065).
P2: N=15, mean=0.466667 (+/-0.261328).
Game Durations: N=30, mean=56.533333 (+/-3.635589).
P1: N=15, mean=57.866667 (+/-5.721787).
P2: N=15, mean=55.2 (+/-4.587351).
=====================================================
=====================================================
Completed 40 games.

Agent 1 (UCT)
Winning score (between 0 and 1) : N=40, mean=0.575 (+/-0.155147).
P1: N=20, mean=0.4 (+/-0.22028).
P2: N=20, mean=0.75 (+/-0.194702).
Game Durations: N=40, mean=57.475 (+/-3.670097).
P1: N=20, mean=55.3 (+/-4.960592).
P2: N=20, mean=59.65 (+/-5.364322).

Agent 2 (SHUCTAnyTime)
Winning score (between 0 and 1) : N=40, mean=0.425 (+/-0.155147).
P1: N=20, mean=0.25 (+/-0.194702).
P2: N=20, mean=0.6 (+/-0.22028).
Game Durations: N=40, mean=57.475 (+/-3.670097).
P1: N=20, mean=59.65 (+/-5.364322).
P2: N=20, mean=55.3 (+/-4.960592).
=====================================================
=====================================================
Completed 50 games.

Agent 1 (UCT)
Winning score (between 0 and 1) : N=50, mean=0.6 (+/-0.137169).
P1: N=25, mean=0.52 (+/-0.199877).
P2: N=25, mean=0.68 (+/-0.186626).
Game Durations: N=50, mean=58.14 (+/-3.178649).
P1: N=25, mean=56.76 (+/-4.683826).
P2: N=25, mean=59.52 (+/-4.325432).

Agent 2 (SHUCTAnyTime)
Winning score (between 0 and 1) : N=50, mean=0.4 (+/-0.137169).
P1: N=25, mean=0.32 (+/-0.186626).
P2: N=25, mean=0.48 (+/-0.199877).
Game Durations: N=50, mean=58.14 (+/-3.178649).
P1: N=25, mean=59.52 (+/-4.325432).
P2: N=25, mean=56.76 (+/-4.683826).
=====================================================
=====================================================
Completed 60 games.

Agent 1 (UCT)
Winning score (between 0 and 1) : N=60, mean=0.6 (+/-0.125005).
P1: N=30, mean=0.533333 (+/-0.181573).
P2: N=30, mean=0.666667 (+/-0.17157).
Game Durations: N=60, mean=59.233333 (+/-3.045409).
P1: N=30, mean=57 (+/-4.305353).
P2: N=30, mean=61.466667 (+/-4.228502).

Agent 2 (SHUCTAnyTime)
Winning score (between 0 and 1) : N=60, mean=0.4 (+/-0.125005).
P1: N=30, mean=0.333333 (+/-0.17157).
P2: N=30, mean=0.466667 (+/-0.181573).
Game Durations: N=60, mean=59.233333 (+/-3.045409).
P1: N=30, mean=61.466667 (+/-4.228502).
P2: N=30, mean=57 (+/-4.305353).
=====================================================
=====================================================
Completed 70 games.

Agent 1 (UCT)
Winning score (between 0 and 1) : N=70, mean=0.6 (+/-0.115592).
P1: N=35, mean=0.514286 (+/-0.167997).
P2: N=35, mean=0.685714 (+/-0.156042).
Game Durations: N=70, mean=60.385714 (+/-2.871386).
P1: N=35, mean=57.6 (+/-3.865353).
P2: N=35, mean=63.171429 (+/-4.095108).

Agent 2 (SHUCTAnyTime)
Winning score (between 0 and 1) : N=70, mean=0.4 (+/-0.115592).
P1: N=35, mean=0.314286 (+/-0.156042).
P2: N=35, mean=0.485714 (+/-0.167997).
Game Durations: N=70, mean=60.385714 (+/-2.871386).
P1: N=35, mean=63.171429 (+/-4.095108).
P2: N=35, mean=57.6 (+/-3.865353).
=====================================================
=====================================================
Completed 80 games.

Agent 1 (UCT)
Winning score (between 0 and 1) : N=80, mean=0.5875 (+/-0.108555).
P1: N=40, mean=0.55 (+/-0.156136).
P2: N=40, mean=0.625 (+/-0.151939).
Game Durations: N=80, mean=59.6375 (+/-2.630774).
P1: N=40, mean=56.95 (+/-3.600984).
P2: N=40, mean=62.325 (+/-3.694439).

Agent 2 (SHUCTAnyTime)
Winning score (between 0 and 1) : N=80, mean=0.4125 (+/-0.108555).
P1: N=40, mean=0.375 (+/-0.151939).
P2: N=40, mean=0.45 (+/-0.156136).
Game Durations: N=80, mean=59.6375 (+/-2.630774).
P1: N=40, mean=62.325 (+/-3.694439).
P2: N=40, mean=56.95 (+/-3.600984).
=====================================================
=====================================================
Completed 90 games.

Agent 1 (UCT)
Winning score (between 0 and 1) : N=90, mean=0.566667 (+/-0.10295).
P1: N=45, mean=0.533333 (+/-0.147409).
P2: N=45, mean=0.6 (+/-0.144753).
Game Durations: N=90, mean=59.333333 (+/-2.476659).
P1: N=45, mean=56.177778 (+/-3.390913).
P2: N=45, mean=62.488889 (+/-3.402527).

Agent 2 (SHUCTAnyTime)
Winning score (between 0 and 1) : N=90, mean=0.433333 (+/-0.10295).
P1: N=45, mean=0.4 (+/-0.144753).
P2: N=45, mean=0.466667 (+/-0.147409).
Game Durations: N=90, mean=59.333333 (+/-2.476659).
P1: N=45, mean=62.488889 (+/-3.402527).
P2: N=45, mean=56.177778 (+/-3.390913).
=====================================================
