Warming up...
Finished warming up!
=====================================================
Completed 1 games.

Agent 1 (UCT)
Winning score (between 0 and 1) : N=1, mean=1 (+/-0).
P1: N=0, mean=0 (+/-0).
P2: N=1, mean=1 (+/-0).
Game Durations: N=1, mean=64 (+/-0).
P1: N=0, mean=0 (+/-0).
P2: N=1, mean=64 (+/-0).

Agent 2 (SHUCTAnyTime)
Winning score (between 0 and 1) : N=1, mean=0 (+/-0).
P1: N=1, mean=0 (+/-0).
P2: N=0, mean=0 (+/-0).
Game Durations: N=1, mean=64 (+/-0).
P1: N=1, mean=64 (+/-0).
P2: N=0, mean=0 (+/-0).
=====================================================
=====================================================
Completed 2 games.

Agent 1 (UCT)
Winning score (between 0 and 1) : N=2, mean=1 (+/-0).
P1: N=1, mean=1 (+/-0).
P2: N=1, mean=1 (+/-0).
Game Durations: N=2, mean=61.5 (+/-4.8999).
P1: N=1, mean=59 (+/-0).
P2: N=1, mean=64 (+/-0).

Agent 2 (SHUCTAnyTime)
Winning score (between 0 and 1) : N=2, mean=0 (+/-0).
P1: N=1, mean=0 (+/-0).
P2: N=1, mean=0 (+/-0).
Game Durations: N=2, mean=61.5 (+/-4.8999).
P1: N=1, mean=64 (+/-0).
P2: N=1, mean=59 (+/-0).
=====================================================
=====================================================
Completed 3 games.

Agent 1 (UCT)
Winning score (between 0 and 1) : N=3, mean=1 (+/-0).
P1: N=1, mean=1 (+/-0).
P2: N=2, mean=1 (+/-0).
Game Durations: N=3, mean=57.666667 (+/-8.028131).
P1: N=1, mean=59 (+/-0).
P2: N=2, mean=57 (+/-13.71972).

Agent 2 (SHUCTAnyTime)
Winning score (between 0 and 1) : N=3, mean=0 (+/-0).
P1: N=2, mean=0 (+/-0).
P2: N=1, mean=0 (+/-0).
Game Durations: N=3, mean=57.666667 (+/-8.028131).
P1: N=2, mean=57 (+/-13.71972).
P2: N=1, mean=59 (+/-0).
=====================================================
=====================================================
Completed 4 games.

Agent 1 (UCT)
Winning score (between 0 and 1) : N=4, mean=1 (+/-0).
P1: N=2, mean=1 (+/-0).
P2: N=2, mean=1 (+/-0).
Game Durations: N=4, mean=60 (+/-7.289716).
P1: N=2, mean=63 (+/-7.83984).
P2: N=2, mean=57 (+/-13.71972).

Agent 2 (SHUCTAnyTime)
Winning score (between 0 and 1) : N=4, mean=0 (+/-0).
P1: N=2, mean=0 (+/-0).
P2: N=2, mean=0 (+/-0).
Game Durations: N=4, mean=60 (+/-7.289716).
P1: N=2, mean=57 (+/-13.71972).
P2: N=2, mean=63 (+/-7.83984).
=====================================================
=====================================================
Completed 5 games.

Agent 1 (UCT)
Winning score (between 0 and 1) : N=5, mean=1 (+/-0).
P1: N=2, mean=1 (+/-0).
P2: N=3, mean=1 (+/-0).
Game Durations: N=5, mean=62.8 (+/-7.874065).
P1: N=2, mean=63 (+/-7.83984).
P2: N=3, mean=62.666667 (+/-13.641722).

Agent 2 (SHUCTAnyTime)
Winning score (between 0 and 1) : N=5, mean=0 (+/-0).
P1: N=3, mean=0 (+/-0).
P2: N=2, mean=0 (+/-0).
Game Durations: N=5, mean=62.8 (+/-7.874065).
P1: N=3, mean=62.666667 (+/-13.641722).
P2: N=2, mean=63 (+/-7.83984).
=====================================================
=====================================================
Completed 10 games.

Agent 1 (UCT)
Winning score (between 0 and 1) : N=10, mean=0.7 (+/-0.299389).
P1: N=5, mean=0.6 (+/-0.48009).
P2: N=5, mean=0.8 (+/-0.391992).
Game Durations: N=10, mean=61.2 (+/-4.895979).
P1: N=5, mean=61 (+/-6.16687).
P2: N=5, mean=61.4 (+/-8.352282).

Agent 2 (SHUCTAnyTime)
Winning score (between 0 and 1) : N=10, mean=0.3 (+/-0.299389).
P1: N=5, mean=0.2 (+/-0.391992).
P2: N=5, mean=0.4 (+/-0.48009).
Game Durations: N=10, mean=61.2 (+/-4.895979).
P1: N=5, mean=61.4 (+/-8.352282).
P2: N=5, mean=61 (+/-6.16687).
=====================================================
=====================================================
Completed 20 games.

Agent 1 (UCT)
Winning score (between 0 and 1) : N=20, mean=0.6 (+/-0.22028).
P1: N=10, mean=0.6 (+/-0.32006).
P2: N=10, mean=0.6 (+/-0.32006).
Game Durations: N=20, mean=62.4 (+/-4.417983).
P1: N=10, mean=63.6 (+/-7.169871).
P2: N=10, mean=61.2 (+/-5.456689).

Agent 2 (SHUCTAnyTime)
Winning score (between 0 and 1) : N=20, mean=0.4 (+/-0.22028).
P1: N=10, mean=0.4 (+/-0.32006).
P2: N=10, mean=0.4 (+/-0.32006).
Game Durations: N=20, mean=62.4 (+/-4.417983).
P1: N=10, mean=61.2 (+/-5.456689).
P2: N=10, mean=63.6 (+/-7.169871).
=====================================================
=====================================================
Completed 30 games.

Agent 1 (UCT)
Winning score (between 0 and 1) : N=30, mean=0.6 (+/-0.178301).
P1: N=15, mean=0.6 (+/-0.256619).
P2: N=15, mean=0.6 (+/-0.256619).
Game Durations: N=30, mean=59.5 (+/-3.727953).
P1: N=15, mean=60.733333 (+/-5.71411).
P2: N=15, mean=58.266667 (+/-4.908168).

Agent 2 (SHUCTAnyTime)
Winning score (between 0 and 1) : N=30, mean=0.4 (+/-0.178301).
P1: N=15, mean=0.4 (+/-0.256619).
P2: N=15, mean=0.4 (+/-0.256619).
Game Durations: N=30, mean=59.5 (+/-3.727953).
P1: N=15, mean=58.266667 (+/-4.908168).
P2: N=15, mean=60.733333 (+/-5.71411).
=====================================================
=====================================================
Completed 40 games.

Agent 1 (UCT)
Winning score (between 0 and 1) : N=40, mean=0.6 (+/-0.153752).
P1: N=20, mean=0.55 (+/-0.223696).
P2: N=20, mean=0.65 (+/-0.214467).
Game Durations: N=40, mean=59.25 (+/-3.752874).
P1: N=20, mean=60.75 (+/-5.216423).
P2: N=20, mean=57.75 (+/-5.449577).

Agent 2 (SHUCTAnyTime)
Winning score (between 0 and 1) : N=40, mean=0.4 (+/-0.153752).
P1: N=20, mean=0.35 (+/-0.214467).
P2: N=20, mean=0.45 (+/-0.223696).
Game Durations: N=40, mean=59.25 (+/-3.752874).
P1: N=20, mean=57.75 (+/-5.449577).
P2: N=20, mean=60.75 (+/-5.216423).
=====================================================
=====================================================
Completed 50 games.

Agent 1 (UCT)
Winning score (between 0 and 1) : N=50, mean=0.52 (+/-0.139885).
P1: N=25, mean=0.48 (+/-0.199877).
P2: N=25, mean=0.56 (+/-0.198592).
Game Durations: N=50, mean=60.06 (+/-3.326827).
P1: N=25, mean=60.56 (+/-4.385641).
P2: N=25, mean=59.56 (+/-5.087194).

Agent 2 (SHUCTAnyTime)
Winning score (between 0 and 1) : N=50, mean=0.48 (+/-0.139885).
P1: N=25, mean=0.44 (+/-0.198592).
P2: N=25, mean=0.52 (+/-0.199877).
Game Durations: N=50, mean=60.06 (+/-3.326827).
P1: N=25, mean=59.56 (+/-5.087194).
P2: N=25, mean=60.56 (+/-4.385641).
=====================================================
=====================================================
Completed 60 games.

Agent 1 (UCT)
Winning score (between 0 and 1) : N=60, mean=0.516667 (+/-0.127512).
P1: N=30, mean=0.466667 (+/-0.181573).
P2: N=30, mean=0.566667 (+/-0.180353).
Game Durations: N=60, mean=60.216667 (+/-2.924987).
P1: N=30, mean=60.466667 (+/-3.971101).
P2: N=30, mean=59.966667 (+/-4.361884).

Agent 2 (SHUCTAnyTime)
Winning score (between 0 and 1) : N=60, mean=0.483333 (+/-0.127512).
P1: N=30, mean=0.433333 (+/-0.180353).
P2: N=30, mean=0.533333 (+/-0.181573).
Game Durations: N=60, mean=60.216667 (+/-2.924987).
P1: N=30, mean=59.966667 (+/-4.361884).
P2: N=30, mean=60.466667 (+/-3.971101).
=====================================================
=====================================================
Completed 70 games.

Agent 1 (UCT)
Winning score (between 0 and 1) : N=70, mean=0.542857 (+/-0.117542).
P1: N=35, mean=0.485714 (+/-0.167997).
P2: N=35, mean=0.6 (+/-0.16467).
Game Durations: N=70, mean=60.357143 (+/-2.705894).
P1: N=35, mean=60.828571 (+/-3.858905).
P2: N=35, mean=59.885714 (+/-3.844058).

Agent 2 (SHUCTAnyTime)
Winning score (between 0 and 1) : N=70, mean=0.457143 (+/-0.117542).
P1: N=35, mean=0.4 (+/-0.16467).
P2: N=35, mean=0.514286 (+/-0.167997).
Game Durations: N=70, mean=60.357143 (+/-2.705894).
P1: N=35, mean=59.885714 (+/-3.844058).
P2: N=35, mean=60.828571 (+/-3.858905).
=====================================================
=====================================================
Completed 80 games.

Agent 1 (UCT)
Winning score (between 0 and 1) : N=80, mean=0.55 (+/-0.109704).
P1: N=40, mean=0.475 (+/-0.156726).
P2: N=40, mean=0.625 (+/-0.151939).
Game Durations: N=80, mean=60.075 (+/-2.538478).
P1: N=40, mean=60.125 (+/-3.550185).
P2: N=40, mean=60.025 (+/-3.674456).

Agent 2 (SHUCTAnyTime)
Winning score (between 0 and 1) : N=80, mean=0.45 (+/-0.109704).
P1: N=40, mean=0.375 (+/-0.151939).
P2: N=40, mean=0.525 (+/-0.156726).
Game Durations: N=80, mean=60.075 (+/-2.538478).
P1: N=40, mean=60.025 (+/-3.674456).
P2: N=40, mean=60.125 (+/-3.550185).
=====================================================
=====================================================
Completed 90 games.

Agent 1 (UCT)
Winning score (between 0 and 1) : N=90, mean=0.555556 (+/-0.103234).
P1: N=45, mean=0.511111 (+/-0.147701).
P2: N=45, mean=0.6 (+/-0.144753).
Game Durations: N=90, mean=60.122222 (+/-2.374403).
P1: N=45, mean=60.422222 (+/-3.169835).
P2: N=45, mean=59.822222 (+/-3.569853).

Agent 2 (SHUCTAnyTime)
Winning score (between 0 and 1) : N=90, mean=0.444444 (+/-0.103234).
P1: N=45, mean=0.4 (+/-0.144753).
P2: N=45, mean=0.488889 (+/-0.147701).
Game Durations: N=90, mean=60.122222 (+/-2.374403).
P1: N=45, mean=59.822222 (+/-3.569853).
P2: N=45, mean=60.422222 (+/-3.169835).
=====================================================
=====================================================
Completed 100 games.

Agent 1 (UCT)
Winning score (between 0 and 1) : N=100, mean=0.52 (+/-0.098413).
P1: N=50, mean=0.48 (+/-0.139885).
P2: N=50, mean=0.56 (+/-0.138986).
Game Durations: N=100, mean=60.2 (+/-2.353436).
P1: N=50, mean=60.64 (+/-3.268031).
P2: N=50, mean=59.76 (+/-3.416187).

Agent 2 (SHUCTAnyTime)
Winning score (between 0 and 1) : N=100, mean=0.48 (+/-0.098413).
P1: N=50, mean=0.44 (+/-0.138986).
P2: N=50, mean=0.52 (+/-0.139885).
Game Durations: N=100, mean=60.2 (+/-2.353436).
P1: N=50, mean=59.76 (+/-3.416187).
P2: N=50, mean=60.64 (+/-3.268031).
=====================================================
