Warming up...
Finished warming up!
=====================================================
Completed 1 games.

Agent 1 (SHUCT)
Winning score (between 0 and 1) : N=1, mean=1 (+/-0).
P1: N=0, mean=0 (+/-0).
P2: N=1, mean=1 (+/-0).
Game Durations: N=1, mean=160 (+/-0).
P1: N=0, mean=0 (+/-0).
P2: N=1, mean=160 (+/-0).

Agent 2 (UCT)
Winning score (between 0 and 1) : N=1, mean=0 (+/-0).
P1: N=1, mean=0 (+/-0).
P2: N=0, mean=0 (+/-0).
Game Durations: N=1, mean=160 (+/-0).
P1: N=1, mean=160 (+/-0).
P2: N=0, mean=0 (+/-0).
=====================================================
=====================================================
Completed 2 games.

Agent 1 (SHUCT)
Winning score (between 0 and 1) : N=2, mean=1 (+/-0).
P1: N=1, mean=1 (+/-0).
P2: N=1, mean=1 (+/-0).
Game Durations: N=2, mean=147 (+/-25.47948).
P1: N=1, mean=134 (+/-0).
P2: N=1, mean=160 (+/-0).

Agent 2 (UCT)
Winning score (between 0 and 1) : N=2, mean=0 (+/-0).
P1: N=1, mean=0 (+/-0).
P2: N=1, mean=0 (+/-0).
Game Durations: N=2, mean=147 (+/-25.47948).
P1: N=1, mean=160 (+/-0).
P2: N=1, mean=134 (+/-0).
=====================================================
=====================================================
Completed 3 games.

Agent 1 (SHUCT)
Winning score (between 0 and 1) : N=3, mean=1 (+/-0).
P1: N=1, mean=1 (+/-0).
P2: N=2, mean=1 (+/-0).
Game Durations: N=3, mean=138 (+/-22.968635).
P1: N=1, mean=134 (+/-0).
P2: N=2, mean=140 (+/-39.1992).

Agent 2 (UCT)
Winning score (between 0 and 1) : N=3, mean=0 (+/-0).
P1: N=2, mean=0 (+/-0).
P2: N=1, mean=0 (+/-0).
Game Durations: N=3, mean=138 (+/-22.968635).
P1: N=2, mean=140 (+/-39.1992).
P2: N=1, mean=134 (+/-0).
=====================================================
=====================================================
Completed 4 games.

Agent 1 (SHUCT)
Winning score (between 0 and 1) : N=4, mean=1 (+/-0).
P1: N=2, mean=1 (+/-0).
P2: N=2, mean=1 (+/-0).
Game Durations: N=4, mean=135 (+/-17.272871).
P1: N=2, mean=130 (+/-7.83984).
P2: N=2, mean=140 (+/-39.1992).

Agent 2 (UCT)
Winning score (between 0 and 1) : N=4, mean=0 (+/-0).
P1: N=2, mean=0 (+/-0).
P2: N=2, mean=0 (+/-0).
Game Durations: N=4, mean=135 (+/-17.272871).
P1: N=2, mean=140 (+/-39.1992).
P2: N=2, mean=130 (+/-7.83984).
=====================================================
=====================================================
Completed 5 games.

Agent 1 (SHUCT)
Winning score (between 0 and 1) : N=5, mean=1 (+/-0).
P1: N=2, mean=1 (+/-0).
P2: N=3, mean=1 (+/-0).
Game Durations: N=5, mean=140.8 (+/-17.556691).
P1: N=2, mean=130 (+/-7.83984).
P2: N=3, mean=148 (+/-27.532613).

Agent 2 (UCT)
Winning score (between 0 and 1) : N=5, mean=0 (+/-0).
P1: N=3, mean=0 (+/-0).
P2: N=2, mean=0 (+/-0).
Game Durations: N=5, mean=140.8 (+/-17.556691).
P1: N=3, mean=148 (+/-27.532613).
P2: N=2, mean=130 (+/-7.83984).
=====================================================
=====================================================
Completed 10 games.

Agent 1 (SHUCT)
Winning score (between 0 and 1) : N=10, mean=0.9 (+/-0.195996).
P1: N=5, mean=0.8 (+/-0.391992).
P2: N=5, mean=1 (+/-0).
Game Durations: N=10, mean=146 (+/-9.864916).
P1: N=5, mean=142.4 (+/-12.543744).
P2: N=5, mean=149.6 (+/-15.990199).

Agent 2 (UCT)
Winning score (between 0 and 1) : N=10, mean=0.1 (+/-0.195996).
P1: N=5, mean=0 (+/-0).
P2: N=5, mean=0.2 (+/-0.391992).
Game Durations: N=10, mean=146 (+/-9.864916).
P1: N=5, mean=149.6 (+/-15.990199).
P2: N=5, mean=142.4 (+/-12.543744).
=====================================================
=====================================================
Completed 20 games.

Agent 1 (SHUCT)
Winning score (between 0 and 1) : N=20, mean=0.85 (+/-0.160556).
P1: N=10, mean=0.8 (+/-0.261328).
P2: N=10, mean=0.9 (+/-0.195996).
Game Durations: N=20, mean=149.1 (+/-6.786373).
P1: N=10, mean=148 (+/-9.090309).
P2: N=10, mean=150.2 (+/-10.525551).

Agent 2 (UCT)
Winning score (between 0 and 1) : N=20, mean=0.15 (+/-0.160556).
P1: N=10, mean=0.1 (+/-0.195996).
P2: N=10, mean=0.2 (+/-0.261328).
Game Durations: N=20, mean=149.1 (+/-6.786373).
P1: N=10, mean=150.2 (+/-10.525551).
P2: N=10, mean=148 (+/-9.090309).
=====================================================
=====================================================
Completed 30 games.

Agent 1 (SHUCT)
Winning score (between 0 and 1) : N=30, mean=0.8 (+/-0.145582).
P1: N=15, mean=0.666667 (+/-0.246932).
P2: N=15, mean=0.933333 (+/-0.130664).
Game Durations: N=30, mean=151.266667 (+/-5.7423).
P1: N=15, mean=152.533333 (+/-7.422425).
P2: N=15, mean=150 (+/-8.979628).

Agent 2 (UCT)
Winning score (between 0 and 1) : N=30, mean=0.2 (+/-0.145582).
P1: N=15, mean=0.066667 (+/-0.130664).
P2: N=15, mean=0.333333 (+/-0.246932).
Game Durations: N=30, mean=151.266667 (+/-5.7423).
P1: N=15, mean=150 (+/-8.979628).
P2: N=15, mean=152.533333 (+/-7.422425).
=====================================================
=====================================================
Completed 40 games.

Agent 1 (SHUCT)
Winning score (between 0 and 1) : N=40, mean=0.725 (+/-0.140136).
P1: N=20, mean=0.6 (+/-0.22028).
P2: N=20, mean=0.85 (+/-0.160556).
Game Durations: N=40, mean=151.35 (+/-4.63256).
P1: N=20, mean=152 (+/-5.951651).
P2: N=20, mean=150.7 (+/-7.246274).

Agent 2 (UCT)
Winning score (between 0 and 1) : N=40, mean=0.275 (+/-0.140136).
P1: N=20, mean=0.15 (+/-0.160556).
P2: N=20, mean=0.4 (+/-0.22028).
Game Durations: N=40, mean=151.35 (+/-4.63256).
P1: N=20, mean=150.7 (+/-7.246274).
P2: N=20, mean=152 (+/-5.951651).
=====================================================
=====================================================
Completed 50 games.

Agent 1 (SHUCT)
Winning score (between 0 and 1) : N=50, mean=0.68 (+/-0.130611).
P1: N=25, mean=0.56 (+/-0.198592).
P2: N=25, mean=0.8 (+/-0.16003).
Game Durations: N=50, mean=153.24 (+/-4.229141).
P1: N=25, mean=152.32 (+/-5.425373).
P2: N=25, mean=154.16 (+/-6.582354).

Agent 2 (UCT)
Winning score (between 0 and 1) : N=50, mean=0.32 (+/-0.130611).
P1: N=25, mean=0.2 (+/-0.16003).
P2: N=25, mean=0.44 (+/-0.198592).
Game Durations: N=50, mean=153.24 (+/-4.229141).
P1: N=25, mean=154.16 (+/-6.582354).
P2: N=25, mean=152.32 (+/-5.425373).
=====================================================
=====================================================
Completed 60 games.

Agent 1 (SHUCT)
Winning score (between 0 and 1) : N=60, mean=0.683333 (+/-0.118697).
P1: N=30, mean=0.6 (+/-0.178301).
P2: N=30, mean=0.766667 (+/-0.153936).
Game Durations: N=60, mean=151.566667 (+/-3.910043).
P1: N=30, mean=151.466667 (+/-5.262258).
P2: N=30, mean=151.666667 (+/-5.874872).

Agent 2 (UCT)
Winning score (between 0 and 1) : N=60, mean=0.316667 (+/-0.118697).
P1: N=30, mean=0.233333 (+/-0.153936).
P2: N=30, mean=0.4 (+/-0.178301).
Game Durations: N=60, mean=151.566667 (+/-3.910043).
P1: N=30, mean=151.666667 (+/-5.874872).
P2: N=30, mean=151.466667 (+/-5.262258).
=====================================================
=====================================================
Completed 70 games.

Agent 1 (SHUCT)
Winning score (between 0 and 1) : N=70, mean=0.685714 (+/-0.109536).
P1: N=35, mean=0.628571 (+/-0.162414).
P2: N=35, mean=0.742857 (+/-0.146909).
Game Durations: N=70, mean=153.114286 (+/-3.664589).
P1: N=35, mean=151.885714 (+/-4.834252).
P2: N=35, mean=154.342857 (+/-5.549391).

Agent 2 (UCT)
Winning score (between 0 and 1) : N=70, mean=0.314286 (+/-0.109536).
P1: N=35, mean=0.257143 (+/-0.146909).
P2: N=35, mean=0.371429 (+/-0.162414).
Game Durations: N=70, mean=153.114286 (+/-3.664589).
P1: N=35, mean=154.342857 (+/-5.549391).
P2: N=35, mean=151.885714 (+/-4.834252).
=====================================================
=====================================================
Completed 80 games.

Agent 1 (SHUCT)
Winning score (between 0 and 1) : N=80, mean=0.725 (+/-0.098462).
P1: N=40, mean=0.675 (+/-0.146997).
P2: N=40, mean=0.775 (+/-0.131056).
Game Durations: N=80, mean=153 (+/-3.45157).
P1: N=40, mean=151.95 (+/-4.507771).
P2: N=40, mean=154.05 (+/-5.265652).

Agent 2 (UCT)
Winning score (between 0 and 1) : N=80, mean=0.275 (+/-0.098462).
P1: N=40, mean=0.225 (+/-0.131056).
P2: N=40, mean=0.325 (+/-0.146997).
Game Durations: N=80, mean=153 (+/-3.45157).
P1: N=40, mean=154.05 (+/-5.265652).
P2: N=40, mean=151.95 (+/-4.507771).
=====================================================
=====================================================
Completed 90 games.

Agent 1 (SHUCT)
Winning score (between 0 and 1) : N=90, mean=0.7 (+/-0.095205).
P1: N=45, mean=0.666667 (+/-0.139288).
P2: N=45, mean=0.733333 (+/-0.130664).
Game Durations: N=90, mean=152.177778 (+/-3.432343).
P1: N=45, mean=151.288889 (+/-4.485266).
P2: N=45, mean=153.066667 (+/-5.234868).

Agent 2 (UCT)
Winning score (between 0 and 1) : N=90, mean=0.3 (+/-0.095205).
P1: N=45, mean=0.266667 (+/-0.130664).
P2: N=45, mean=0.333333 (+/-0.139288).
Game Durations: N=90, mean=152.177778 (+/-3.432343).
P1: N=45, mean=153.066667 (+/-5.234868).
P2: N=45, mean=151.288889 (+/-4.485266).
=====================================================
=====================================================
Completed 100 games.

Agent 1 (SHUCT)
Winning score (between 0 and 1) : N=100, mean=0.67 (+/-0.092624).
P1: N=50, mean=0.64 (+/-0.134397).
P2: N=50, mean=0.7 (+/-0.12831).
Game Durations: N=100, mean=152.98 (+/-3.210041).
P1: N=50, mean=152.64 (+/-4.307823).
P2: N=50, mean=153.32 (+/-4.802352).

Agent 2 (UCT)
Winning score (between 0 and 1) : N=100, mean=0.33 (+/-0.092624).
P1: N=50, mean=0.3 (+/-0.12831).
P2: N=50, mean=0.36 (+/-0.134397).
Game Durations: N=100, mean=152.98 (+/-3.210041).
P1: N=50, mean=153.32 (+/-4.802352).
P2: N=50, mean=152.64 (+/-4.307823).
=====================================================
