Warming up...
Finished warming up!
=====================================================
Completed 1 games.

Agent 1 (SHUCT)
Winning score (between 0 and 1) : N=1, mean=1 (+/-0).
P1: N=1, mean=1 (+/-0).
P2: N=0, mean=0 (+/-0).
Game Durations: N=1, mean=122 (+/-0).
P1: N=1, mean=122 (+/-0).
P2: N=0, mean=0 (+/-0).

Agent 2 (UCT)
Winning score (between 0 and 1) : N=1, mean=0 (+/-0).
P1: N=0, mean=0 (+/-0).
P2: N=1, mean=0 (+/-0).
Game Durations: N=1, mean=122 (+/-0).
P1: N=0, mean=0 (+/-0).
P2: N=1, mean=122 (+/-0).
=====================================================
=====================================================
Completed 2 games.

Agent 1 (SHUCT)
Winning score (between 0 and 1) : N=2, mean=1 (+/-0).
P1: N=1, mean=1 (+/-0).
P2: N=1, mean=1 (+/-0).
Game Durations: N=2, mean=115 (+/-13.71972).
P1: N=1, mean=122 (+/-0).
P2: N=1, mean=108 (+/-0).

Agent 2 (UCT)
Winning score (between 0 and 1) : N=2, mean=0 (+/-0).
P1: N=1, mean=0 (+/-0).
P2: N=1, mean=0 (+/-0).
Game Durations: N=2, mean=115 (+/-13.71972).
P1: N=1, mean=108 (+/-0).
P2: N=1, mean=122 (+/-0).
=====================================================
=====================================================
Completed 3 games.

Agent 1 (SHUCT)
Winning score (between 0 and 1) : N=3, mean=1 (+/-0).
P1: N=2, mean=1 (+/-0).
P2: N=1, mean=1 (+/-0).
Game Durations: N=3, mean=114.666667 (+/-7.947981).
P1: N=2, mean=118 (+/-7.83984).
P2: N=1, mean=108 (+/-0).

Agent 2 (UCT)
Winning score (between 0 and 1) : N=3, mean=0 (+/-0).
P1: N=1, mean=0 (+/-0).
P2: N=2, mean=0 (+/-0).
Game Durations: N=3, mean=114.666667 (+/-7.947981).
P1: N=1, mean=108 (+/-0).
P2: N=2, mean=118 (+/-7.83984).
=====================================================
=====================================================
Completed 4 games.

Agent 1 (SHUCT)
Winning score (between 0 and 1) : N=4, mean=1 (+/-0).
P1: N=2, mean=1 (+/-0).
P2: N=2, mean=1 (+/-0).
Game Durations: N=4, mean=112 (+/-7.674772).
P1: N=2, mean=118 (+/-7.83984).
P2: N=2, mean=106 (+/-3.91992).

Agent 2 (UCT)
Winning score (between 0 and 1) : N=4, mean=0 (+/-0).
P1: N=2, mean=0 (+/-0).
P2: N=2, mean=0 (+/-0).
Game Durations: N=4, mean=112 (+/-7.674772).
P1: N=2, mean=106 (+/-3.91992).
P2: N=2, mean=118 (+/-7.83984).
=====================================================
=====================================================
Completed 5 games.

Agent 1 (SHUCT)
Winning score (between 0 and 1) : N=5, mean=1 (+/-0).
P1: N=3, mean=1 (+/-0).
P2: N=2, mean=1 (+/-0).
Game Durations: N=5, mean=110.8 (+/-6.393196).
P1: N=3, mean=114 (+/-9.052667).
P2: N=2, mean=106 (+/-3.91992).

Agent 2 (UCT)
Winning score (between 0 and 1) : N=5, mean=0 (+/-0).
P1: N=2, mean=0 (+/-0).
P2: N=3, mean=0 (+/-0).
Game Durations: N=5, mean=110.8 (+/-6.393196).
P1: N=2, mean=106 (+/-3.91992).
P2: N=3, mean=114 (+/-9.052667).
=====================================================
=====================================================
Completed 10 games.

Agent 1 (SHUCT)
Winning score (between 0 and 1) : N=10, mean=1 (+/-0).
P1: N=5, mean=1 (+/-0).
P2: N=5, mean=1 (+/-0).
Game Durations: N=10, mean=118.2 (+/-8.477063).
P1: N=5, mean=114.8 (+/-5.200362).
P2: N=5, mean=121.6 (+/-16.556732).

Agent 2 (UCT)
Winning score (between 0 and 1) : N=10, mean=0 (+/-0).
P1: N=5, mean=0 (+/-0).
P2: N=5, mean=0 (+/-0).
Game Durations: N=10, mean=118.2 (+/-8.477063).
P1: N=5, mean=121.6 (+/-16.556732).
P2: N=5, mean=114.8 (+/-5.200362).
=====================================================
=====================================================
Completed 20 games.

Agent 1 (SHUCT)
Winning score (between 0 and 1) : N=20, mean=1 (+/-0).
P1: N=10, mean=1 (+/-0).
P2: N=10, mean=1 (+/-0).
Game Durations: N=20, mean=120.2 (+/-6.118486).
P1: N=10, mean=119.2 (+/-4.533871).
P2: N=10, mean=121.2 (+/-11.689865).

Agent 2 (UCT)
Winning score (between 0 and 1) : N=20, mean=0 (+/-0).
P1: N=10, mean=0 (+/-0).
P2: N=10, mean=0 (+/-0).
Game Durations: N=20, mean=120.2 (+/-6.118486).
P1: N=10, mean=121.2 (+/-11.689865).
P2: N=10, mean=119.2 (+/-4.533871).
=====================================================
=====================================================
Completed 30 games.

Agent 1 (SHUCT)
Winning score (between 0 and 1) : N=30, mean=1 (+/-0).
P1: N=15, mean=1 (+/-0).
P2: N=15, mean=1 (+/-0).
Game Durations: N=30, mean=123.133333 (+/-4.925052).
P1: N=15, mean=124.666667 (+/-6.246934).
P2: N=15, mean=121.6 (+/-7.757274).

Agent 2 (UCT)
Winning score (between 0 and 1) : N=30, mean=0 (+/-0).
P1: N=15, mean=0 (+/-0).
P2: N=15, mean=0 (+/-0).
Game Durations: N=30, mean=123.133333 (+/-4.925052).
P1: N=15, mean=121.6 (+/-7.757274).
P2: N=15, mean=124.666667 (+/-6.246934).
=====================================================
=====================================================
Completed 40 games.

Agent 1 (SHUCT)
Winning score (between 0 and 1) : N=40, mean=1 (+/-0).
P1: N=20, mean=1 (+/-0).
P2: N=20, mean=1 (+/-0).
Game Durations: N=40, mean=120.9 (+/-4.464876).
P1: N=20, mean=119.6 (+/-6.292469).
P2: N=20, mean=122.2 (+/-6.446733).

Agent 2 (UCT)
Winning score (between 0 and 1) : N=40, mean=0 (+/-0).
P1: N=20, mean=0 (+/-0).
P2: N=20, mean=0 (+/-0).
Game Durations: N=40, mean=120.9 (+/-4.464876).
P1: N=20, mean=122.2 (+/-6.446733).
P2: N=20, mean=119.6 (+/-6.292469).
=====================================================
=====================================================
Completed 50 games.

Agent 1 (SHUCT)
Winning score (between 0 and 1) : N=50, mean=1 (+/-0).
P1: N=25, mean=1 (+/-0).
P2: N=25, mean=1 (+/-0).
Game Durations: N=50, mean=121.32 (+/-3.859634).
P1: N=25, mean=121.2 (+/-5.450428).
P2: N=25, mean=121.44 (+/-5.578236).

Agent 2 (UCT)
Winning score (between 0 and 1) : N=50, mean=0 (+/-0).
P1: N=25, mean=0 (+/-0).
P2: N=25, mean=0 (+/-0).
Game Durations: N=50, mean=121.32 (+/-3.859634).
P1: N=25, mean=121.44 (+/-5.578236).
P2: N=25, mean=121.2 (+/-5.450428).
=====================================================
=====================================================
Completed 60 games.

Agent 1 (SHUCT)
Winning score (between 0 and 1) : N=60, mean=1 (+/-0).
P1: N=30, mean=1 (+/-0).
P2: N=30, mean=1 (+/-0).
Game Durations: N=60, mean=122.933333 (+/-3.496744).
P1: N=30, mean=122.8 (+/-4.935501).
P2: N=30, mean=123.066667 (+/-5.038676).

Agent 2 (UCT)
Winning score (between 0 and 1) : N=60, mean=0 (+/-0).
P1: N=30, mean=0 (+/-0).
P2: N=30, mean=0 (+/-0).
Game Durations: N=60, mean=122.933333 (+/-3.496744).
P1: N=30, mean=123.066667 (+/-5.038676).
P2: N=30, mean=122.8 (+/-4.935501).
=====================================================
=====================================================
Completed 70 games.

Agent 1 (SHUCT)
Winning score (between 0 and 1) : N=70, mean=1 (+/-0).
P1: N=35, mean=1 (+/-0).
P2: N=35, mean=1 (+/-0).
Game Durations: N=70, mean=124.028571 (+/-3.172139).
P1: N=35, mean=123.142857 (+/-4.318901).
P2: N=35, mean=124.914286 (+/-4.691653).

Agent 2 (UCT)
Winning score (between 0 and 1) : N=70, mean=0 (+/-0).
P1: N=35, mean=0 (+/-0).
P2: N=35, mean=0 (+/-0).
Game Durations: N=70, mean=124.028571 (+/-3.172139).
P1: N=35, mean=124.914286 (+/-4.691653).
P2: N=35, mean=123.142857 (+/-4.318901).
=====================================================
=====================================================
Completed 80 games.

Agent 1 (SHUCT)
Winning score (between 0 and 1) : N=80, mean=1 (+/-0).
P1: N=40, mean=1 (+/-0).
P2: N=40, mean=1 (+/-0).
Game Durations: N=80, mean=123.45 (+/-3.030727).
P1: N=40, mean=121.7 (+/-4.3973).
P2: N=40, mean=125.2 (+/-4.156044).

Agent 2 (UCT)
Winning score (between 0 and 1) : N=80, mean=0 (+/-0).
P1: N=40, mean=0 (+/-0).
P2: N=40, mean=0 (+/-0).
Game Durations: N=80, mean=123.45 (+/-3.030727).
P1: N=40, mean=125.2 (+/-4.156044).
P2: N=40, mean=121.7 (+/-4.3973).
=====================================================
=====================================================
Completed 90 games.

Agent 1 (SHUCT)
Winning score (between 0 and 1) : N=90, mean=1 (+/-0).
P1: N=45, mean=1 (+/-0).
P2: N=45, mean=1 (+/-0).
Game Durations: N=90, mean=122.866667 (+/-2.913221).
P1: N=45, mean=121.022222 (+/-4.026607).
P2: N=45, mean=124.711111 (+/-4.186359).

Agent 2 (UCT)
Winning score (between 0 and 1) : N=90, mean=0 (+/-0).
P1: N=45, mean=0 (+/-0).
P2: N=45, mean=0 (+/-0).
Game Durations: N=90, mean=122.866667 (+/-2.913221).
P1: N=45, mean=124.711111 (+/-4.186359).
P2: N=45, mean=121.022222 (+/-4.026607).
=====================================================
ame Durations: N=90, mean=123.777778 (+/-3.709437).
P1: N=45, mean=125.2 (+/-5.42531).
P2: N=45, mean=122.355556 (+/-5.087039).
=====================================================
=====================================================
Completed 100 games.

Agent 1 (SHUCT)
Winning score (between 0 and 1) : N=100, mean=0.99 (+/-0.0196).
P1: N=50, mean=1 (+/-0).
P2: N=50, mean=0.98 (+/-0.039199).
Game Durations: N=100, mean=124.02 (+/-3.411623).
P1: N=50, mean=123.28 (+/-4.743417).
P2: N=50, mean=124.76 (+/-4.944277).

Agent 2 (UCT)
Winning score (between 0 and 1) : N=100, mean=0.01 (+/-0.0196).
P1: N=50, mean=0.02 (+/-0.039199).
P2: N=50, mean=0 (+/-0).
Game Durations: N=100, mean=124.02 (+/-3.411623).
P1: N=50, mean=124.76 (+/-4.944277).
P2: N=50, mean=123.28 (+/-4.743417).
=====================================================
