Warming up...
Finished warming up!
=====================================================
Completed 1 games.

Agent 1 (SHUCT)
Winning score (between 0 and 1) : N=1, mean=0 (+/-0).
P1: N=1, mean=0 (+/-0).
P2: N=0, mean=0 (+/-0).
Game Durations: N=1, mean=144 (+/-0).
P1: N=1, mean=144 (+/-0).
P2: N=0, mean=0 (+/-0).

Agent 2 (UCT)
Winning score (between 0 and 1) : N=1, mean=1 (+/-0).
P1: N=0, mean=0 (+/-0).
P2: N=1, mean=1 (+/-0).
Game Durations: N=1, mean=144 (+/-0).
P1: N=0, mean=0 (+/-0).
P2: N=1, mean=144 (+/-0).
=====================================================
=====================================================
Completed 2 games.

Agent 1 (SHUCT)
Winning score (between 0 and 1) : N=2, mean=0.5 (+/-0.97998).
P1: N=1, mean=0 (+/-0).
P2: N=1, mean=1 (+/-0).
Game Durations: N=2, mean=140 (+/-7.83984).
P1: N=1, mean=144 (+/-0).
P2: N=1, mean=136 (+/-0).

Agent 2 (UCT)
Winning score (between 0 and 1) : N=2, mean=0.5 (+/-0.97998).
P1: N=1, mean=0 (+/-0).
P2: N=1, mean=1 (+/-0).
Game Durations: N=2, mean=140 (+/-7.83984).
P1: N=1, mean=136 (+/-0).
P2: N=1, mean=144 (+/-0).
=====================================================
=====================================================
Completed 3 games.

Agent 1 (SHUCT)
Winning score (between 0 and 1) : N=3, mean=0.333333 (+/-0.65332).
P1: N=2, mean=0 (+/-0).
P2: N=1, mean=1 (+/-0).
Game Durations: N=3, mean=152 (+/-23.951107).
P1: N=2, mean=160 (+/-31.35936).
P2: N=1, mean=136 (+/-0).

Agent 2 (UCT)
Winning score (between 0 and 1) : N=3, mean=0.666667 (+/-0.65332).
P1: N=1, mean=0 (+/-0).
P2: N=2, mean=1 (+/-0).
Game Durations: N=3, mean=152 (+/-23.951107).
P1: N=1, mean=136 (+/-0).
P2: N=2, mean=160 (+/-31.35936).
=====================================================
=====================================================
Completed 4 games.

Agent 1 (SHUCT)
Winning score (between 0 and 1) : N=4, mean=0.5 (+/-0.565792).
P1: N=2, mean=0 (+/-0).
P2: N=2, mean=1 (+/-0).
Game Durations: N=4, mean=148 (+/-18.662552).
P1: N=2, mean=160 (+/-31.35936).
P2: N=2, mean=136 (+/-0).

Agent 2 (UCT)
Winning score (between 0 and 1) : N=4, mean=0.5 (+/-0.565792).
P1: N=2, mean=0 (+/-0).
P2: N=2, mean=1 (+/-0).
Game Durations: N=4, mean=148 (+/-18.662552).
P1: N=2, mean=136 (+/-0).
P2: N=2, mean=160 (+/-31.35936).
=====================================================
=====================================================
Completed 5 games.

Agent 1 (SHUCT)
Winning score (between 0 and 1) : N=5, mean=0.6 (+/-0.48009).
P1: N=3, mean=0.333333 (+/-0.65332).
P2: N=2, mean=1 (+/-0).
Game Durations: N=5, mean=153.2 (+/-17.687485).
P1: N=3, mean=164.666667 (+/-20.284508).
P2: N=2, mean=136 (+/-0).

Agent 2 (UCT)
Winning score (between 0 and 1) : N=5, mean=0.4 (+/-0.48009).
P1: N=2, mean=0 (+/-0).
P2: N=3, mean=0.666667 (+/-0.65332).
Game Durations: N=5, mean=153.2 (+/-17.687485).
P1: N=2, mean=136 (+/-0).
P2: N=3, mean=164.666667 (+/-20.284508).
=====================================================
=====================================================
Completed 10 games.

Agent 1 (SHUCT)
Winning score (between 0 and 1) : N=10, mean=0.7 (+/-0.299389).
P1: N=5, mean=0.4 (+/-0.48009).
P2: N=5, mean=1 (+/-0).
Game Durations: N=10, mean=157.2 (+/-9.480121).
P1: N=5, mean=166.4 (+/-11.455291).
P2: N=5, mean=148 (+/-10.518249).

Agent 2 (UCT)
Winning score (between 0 and 1) : N=10, mean=0.3 (+/-0.299389).
P1: N=5, mean=0 (+/-0).
P2: N=5, mean=0.6 (+/-0.48009).
Game Durations: N=10, mean=157.2 (+/-9.480121).
P1: N=5, mean=148 (+/-10.518249).
P2: N=5, mean=166.4 (+/-11.455291).
=====================================================
=====================================================
Completed 20 games.

Agent 1 (SHUCT)
Winning score (between 0 and 1) : N=20, mean=0.7 (+/-0.206054).
P1: N=10, mean=0.6 (+/-0.32006).
P2: N=10, mean=0.8 (+/-0.261328).
Game Durations: N=20, mean=157 (+/-6.798428).
P1: N=10, mean=162 (+/-10.45312).
P2: N=10, mean=152 (+/-8.033445).

Agent 2 (UCT)
Winning score (between 0 and 1) : N=20, mean=0.3 (+/-0.206054).
P1: N=10, mean=0.2 (+/-0.261328).
P2: N=10, mean=0.4 (+/-0.32006).
Game Durations: N=20, mean=157 (+/-6.798428).
P1: N=10, mean=152 (+/-8.033445).
P2: N=10, mean=162 (+/-10.45312).
=====================================================
=====================================================
Completed 30 games.

Agent 1 (SHUCT)
Winning score (between 0 and 1) : N=30, mean=0.533333 (+/-0.181573).
P1: N=15, mean=0.466667 (+/-0.261328).
P2: N=15, mean=0.6 (+/-0.256619).
Game Durations: N=30, mean=155.933333 (+/-5.155621).
P1: N=15, mean=159.066667 (+/-8.113803).
P2: N=15, mean=152.8 (+/-6.236775).

Agent 2 (UCT)
Winning score (between 0 and 1) : N=30, mean=0.466667 (+/-0.181573).
P1: N=15, mean=0.4 (+/-0.256619).
P2: N=15, mean=0.533333 (+/-0.261328).
Game Durations: N=30, mean=155.933333 (+/-5.155621).
P1: N=15, mean=152.8 (+/-6.236775).
P2: N=15, mean=159.066667 (+/-8.113803).
=====================================================
=====================================================
Completed 40 games.

Agent 1 (SHUCT)
Winning score (between 0 and 1) : N=40, mean=0.55 (+/-0.156136).
P1: N=20, mean=0.5 (+/-0.224823).
P2: N=20, mean=0.6 (+/-0.22028).
Game Durations: N=40, mean=156.7 (+/-4.345475).
P1: N=20, mean=157.8 (+/-6.936212).
P2: N=20, mean=155.6 (+/-5.377732).

Agent 2 (UCT)
Winning score (between 0 and 1) : N=40, mean=0.45 (+/-0.156136).
P1: N=20, mean=0.4 (+/-0.22028).
P2: N=20, mean=0.5 (+/-0.224823).
Game Durations: N=40, mean=156.7 (+/-4.345475).
P1: N=20, mean=155.6 (+/-5.377732).
P2: N=20, mean=157.8 (+/-6.936212).
=====================================================
=====================================================
Completed 50 games.

Agent 1 (SHUCT)
Winning score (between 0 and 1) : N=50, mean=0.6 (+/-0.137169).
P1: N=25, mean=0.56 (+/-0.198592).
P2: N=25, mean=0.64 (+/-0.192036).
Game Durations: N=50, mean=155.48 (+/-4.25858).
P1: N=25, mean=157.6 (+/-5.694013).
P2: N=25, mean=153.36 (+/-6.339776).

Agent 2 (UCT)
Winning score (between 0 and 1) : N=50, mean=0.4 (+/-0.137169).
P1: N=25, mean=0.36 (+/-0.192036).
P2: N=25, mean=0.44 (+/-0.198592).
Game Durations: N=50, mean=155.48 (+/-4.25858).
P1: N=25, mean=153.36 (+/-6.339776).
P2: N=25, mean=157.6 (+/-5.694013).
=====================================================
=====================================================
Completed 60 games.

Agent 1 (SHUCT)
Winning score (between 0 and 1) : N=60, mean=0.6 (+/-0.125005).
P1: N=30, mean=0.533333 (+/-0.181573).
P2: N=30, mean=0.666667 (+/-0.17157).
Game Durations: N=60, mean=156 (+/-3.664677).
P1: N=30, mean=156.933333 (+/-4.932398).
P2: N=30, mean=155.066667 (+/-5.485098).

Agent 2 (UCT)
Winning score (between 0 and 1) : N=60, mean=0.4 (+/-0.125005).
P1: N=30, mean=0.333333 (+/-0.17157).
P2: N=30, mean=0.466667 (+/-0.181573).
Game Durations: N=60, mean=156 (+/-3.664677).
P1: N=30, mean=155.066667 (+/-5.485098).
P2: N=30, mean=156.933333 (+/-4.932398).
=====================================================
=====================================================
Completed 70 games.

Agent 1 (SHUCT)
Winning score (between 0 and 1) : N=70, mean=0.585714 (+/-0.116229).
P1: N=35, mean=0.514286 (+/-0.167997).
P2: N=35, mean=0.657143 (+/-0.159549).
Game Durations: N=70, mean=156.342857 (+/-3.417839).
P1: N=35, mean=156.457143 (+/-4.826615).
P2: N=35, mean=156.228571 (+/-4.91065).

Agent 2 (UCT)
Winning score (between 0 and 1) : N=70, mean=0.414286 (+/-0.116229).
P1: N=35, mean=0.342857 (+/-0.159549).
P2: N=35, mean=0.485714 (+/-0.167997).
Game Durations: N=70, mean=156.342857 (+/-3.417839).
P1: N=35, mean=156.228571 (+/-4.91065).
P2: N=35, mean=156.457143 (+/-4.826615).
=====================================================
=====================================================
Completed 80 games.

Agent 1 (SHUCT)
Winning score (between 0 and 1) : N=80, mean=0.5875 (+/-0.108555).
P1: N=40, mean=0.525 (+/-0.156726).
P2: N=40, mean=0.65 (+/-0.149694).
Game Durations: N=80, mean=155.475 (+/-3.208247).
P1: N=40, mean=155.85 (+/-4.676998).
P2: N=40, mean=155.1 (+/-4.449407).

Agent 2 (UCT)
Winning score (between 0 and 1) : N=80, mean=0.4125 (+/-0.108555).
P1: N=40, mean=0.35 (+/-0.149694).
P2: N=40, mean=0.475 (+/-0.156726).
Game Durations: N=80, mean=155.475 (+/-3.208247).
P1: N=40, mean=155.1 (+/-4.449407).
P2: N=40, mean=155.85 (+/-4.676998).
=====================================================
=====================================================
Completed 90 games.

Agent 1 (SHUCT)
Winning score (between 0 and 1) : N=90, mean=0.6 (+/-0.101779).
P1: N=45, mean=0.555556 (+/-0.146823).
P2: N=45, mean=0.644444 (+/-0.141438).
Game Durations: N=90, mean=155.844444 (+/-3.038396).
P1: N=45, mean=155.955556 (+/-4.405544).
P2: N=45, mean=155.733333 (+/-4.235097).

Agent 2 (UCT)
Winning score (between 0 and 1) : N=90, mean=0.4 (+/-0.101779).
P1: N=45, mean=0.355556 (+/-0.141438).
P2: N=45, mean=0.444444 (+/-0.146823).
Game Durations: N=90, mean=155.844444 (+/-3.038396).
P1: N=45, mean=155.733333 (+/-4.235097).
P2: N=45, mean=155.955556 (+/-4.405544).
=====================================================
=====================================================
Completed 100 games.

Agent 1 (SHUCT)
Winning score (between 0 and 1) : N=100, mean=0.62 (+/-0.095613).
P1: N=50, mean=0.58 (+/-0.138194).
P2: N=50, mean=0.66 (+/-0.132636).
Game Durations: N=100, mean=155.16 (+/-2.929259).
P1: N=50, mean=154.6 (+/-4.343793).
P2: N=50, mean=155.72 (+/-3.969225).

Agent 2 (UCT)
Winning score (between 0 and 1) : N=100, mean=0.38 (+/-0.095613).
P1: N=50, mean=0.34 (+/-0.132636).
P2: N=50, mean=0.42 (+/-0.138194).
Game Durations: N=100, mean=155.16 (+/-2.929259).
P1: N=50, mean=155.72 (+/-3.969225).
P2: N=50, mean=154.6 (+/-4.343793).
=====================================================
