Warming up...
Finished warming up!
=====================================================
Completed 1 games.

Agent 1 (SHUCTAnyTime)
Winning score (between 0 and 1) : N=1, mean=0 (+/-0).
P1: N=1, mean=0 (+/-0).
P2: N=0, mean=0 (+/-0).
Game Durations: N=1, mean=32 (+/-0).
P1: N=1, mean=32 (+/-0).
P2: N=0, mean=0 (+/-0).

Agent 2 (UCT)
Winning score (between 0 and 1) : N=1, mean=1 (+/-0).
P1: N=0, mean=0 (+/-0).
P2: N=1, mean=1 (+/-0).
Game Durations: N=1, mean=32 (+/-0).
P1: N=0, mean=0 (+/-0).
P2: N=1, mean=32 (+/-0).
=====================================================
=====================================================
Completed 2 games.

Agent 1 (SHUCTAnyTime)
Winning score (between 0 and 1) : N=2, mean=0.5 (+/-0.97998).
P1: N=1, mean=0 (+/-0).
P2: N=1, mean=1 (+/-0).
Game Durations: N=2, mean=33 (+/-1.95996).
P1: N=1, mean=32 (+/-0).
P2: N=1, mean=34 (+/-0).

Agent 2 (UCT)
Winning score (between 0 and 1) : N=2, mean=0.5 (+/-0.97998).
P1: N=1, mean=0 (+/-0).
P2: N=1, mean=1 (+/-0).
Game Durations: N=2, mean=33 (+/-1.95996).
P1: N=1, mean=34 (+/-0).
P2: N=1, mean=32 (+/-0).
=====================================================
=====================================================
Completed 3 games.

Agent 1 (SHUCTAnyTime)
Winning score (between 0 and 1) : N=3, mean=0.666667 (+/-0.65332).
P1: N=2, mean=0.5 (+/-0.97998).
P2: N=1, mean=1 (+/-0).
Game Durations: N=3, mean=32.333333 (+/-1.728522).
P1: N=2, mean=31.5 (+/-0.97998).
P2: N=1, mean=34 (+/-0).

Agent 2 (UCT)
Winning score (between 0 and 1) : N=3, mean=0.333333 (+/-0.65332).
P1: N=1, mean=0 (+/-0).
P2: N=2, mean=0.5 (+/-0.97998).
Game Durations: N=3, mean=32.333333 (+/-1.728522).
P1: N=1, mean=34 (+/-0).
P2: N=2, mean=31.5 (+/-0.97998).
=====================================================
=====================================================
Completed 4 games.

Agent 1 (SHUCTAnyTime)
Winning score (between 0 and 1) : N=4, mean=0.5 (+/-0.565792).
P1: N=2, mean=0.5 (+/-0.97998).
P2: N=2, mean=0.5 (+/-0.97998).
Game Durations: N=4, mean=33 (+/-1.789191).
P1: N=2, mean=31.5 (+/-0.97998).
P2: N=2, mean=34.5 (+/-0.97998).

Agent 2 (UCT)
Winning score (between 0 and 1) : N=4, mean=0.5 (+/-0.565792).
P1: N=2, mean=0.5 (+/-0.97998).
P2: N=2, mean=0.5 (+/-0.97998).
Game Durations: N=4, mean=33 (+/-1.789191).
P1: N=2, mean=34.5 (+/-0.97998).
P2: N=2, mean=31.5 (+/-0.97998).
=====================================================
=====================================================
Completed 5 games.

Agent 1 (SHUCTAnyTime)
Winning score (between 0 and 1) : N=5, mean=0.4 (+/-0.48009).
P1: N=3, mean=0.333333 (+/-0.65332).
P2: N=2, mean=0.5 (+/-0.97998).
Game Durations: N=5, mean=32.8 (+/-1.440271).
P1: N=3, mean=31.666667 (+/-0.65332).
P2: N=2, mean=34.5 (+/-0.97998).

Agent 2 (UCT)
Winning score (between 0 and 1) : N=5, mean=0.6 (+/-0.48009).
P1: N=2, mean=0.5 (+/-0.97998).
P2: N=3, mean=0.666667 (+/-0.65332).
Game Durations: N=5, mean=32.8 (+/-1.440271).
P1: N=2, mean=34.5 (+/-0.97998).
P2: N=3, mean=31.666667 (+/-0.65332).
=====================================================
=====================================================
Completed 10 games.

Agent 1 (SHUCTAnyTime)
Winning score (between 0 and 1) : N=10, mean=0.4 (+/-0.32006).
P1: N=5, mean=0.4 (+/-0.48009).
P2: N=5, mean=0.4 (+/-0.48009).
Game Durations: N=10, mean=32.5 (+/-1.213488).
P1: N=5, mean=31.6 (+/-1.592279).
P2: N=5, mean=33.4 (+/-1.592279).

Agent 2 (UCT)
Winning score (between 0 and 1) : N=10, mean=0.6 (+/-0.32006).
P1: N=5, mean=0.6 (+/-0.48009).
P2: N=5, mean=0.6 (+/-0.48009).
Game Durations: N=10, mean=32.5 (+/-1.213488).
P1: N=5, mean=33.4 (+/-1.592279).
P2: N=5, mean=31.6 (+/-1.592279).
=====================================================
=====================================================
Completed 20 games.

Agent 1 (SHUCTAnyTime)
Winning score (between 0 and 1) : N=20, mean=0.6 (+/-0.22028).
P1: N=10, mean=0.6 (+/-0.32006).
P2: N=10, mean=0.6 (+/-0.32006).
Game Durations: N=20, mean=32.7 (+/-0.830324).
P1: N=10, mean=32.2 (+/-1.045312).
P2: N=10, mean=33.2 (+/-1.266834).

Agent 2 (UCT)
Winning score (between 0 and 1) : N=20, mean=0.4 (+/-0.22028).
P1: N=10, mean=0.4 (+/-0.32006).
P2: N=10, mean=0.4 (+/-0.32006).
Game Durations: N=20, mean=32.7 (+/-0.830324).
P1: N=10, mean=33.2 (+/-1.266834).
P2: N=10, mean=32.2 (+/-1.045312).
=====================================================
=====================================================
Completed 30 games.

Agent 1 (SHUCTAnyTime)
Winning score (between 0 and 1) : N=30, mean=0.533333 (+/-0.181573).
P1: N=15, mean=0.533333 (+/-0.261328).
P2: N=15, mean=0.533333 (+/-0.261328).
Game Durations: N=30, mean=32.833333 (+/-0.846191).
P1: N=15, mean=32.4 (+/-1.251337).
P2: N=15, mean=33.266667 (+/-1.139102).

Agent 2 (UCT)
Winning score (between 0 and 1) : N=30, mean=0.466667 (+/-0.181573).
P1: N=15, mean=0.466667 (+/-0.261328).
P2: N=15, mean=0.466667 (+/-0.261328).
Game Durations: N=30, mean=32.833333 (+/-0.846191).
P1: N=15, mean=33.266667 (+/-1.139102).
P2: N=15, mean=32.4 (+/-1.251337).
=====================================================
=====================================================
Completed 40 games.

Agent 1 (SHUCTAnyTime)
Winning score (between 0 and 1) : N=40, mean=0.45 (+/-0.156136).
P1: N=20, mean=0.5 (+/-0.224823).
P2: N=20, mean=0.4 (+/-0.22028).
Game Durations: N=40, mean=32.95 (+/-0.75241).
P1: N=20, mean=32.9 (+/-1.09126).
P2: N=20, mean=33 (+/-1.064056).

Agent 2 (UCT)
Winning score (between 0 and 1) : N=40, mean=0.55 (+/-0.156136).
P1: N=20, mean=0.6 (+/-0.22028).
P2: N=20, mean=0.5 (+/-0.224823).
Game Durations: N=40, mean=32.95 (+/-0.75241).
P1: N=20, mean=33 (+/-1.064056).
P2: N=20, mean=32.9 (+/-1.09126).
=====================================================
=====================================================
Completed 50 games.

Agent 1 (SHUCTAnyTime)
Winning score (between 0 and 1) : N=50, mean=0.44 (+/-0.138986).
P1: N=25, mean=0.48 (+/-0.199877).
P2: N=25, mean=0.4 (+/-0.195996).
Game Durations: N=50, mean=33.18 (+/-0.654708).
P1: N=25, mean=33.2 (+/-0.999387).
P2: N=25, mean=33.16 (+/-0.866825).

Agent 2 (UCT)
Winning score (between 0 and 1) : N=50, mean=0.56 (+/-0.138986).
P1: N=25, mean=0.6 (+/-0.195996).
P2: N=25, mean=0.52 (+/-0.199877).
Game Durations: N=50, mean=33.18 (+/-0.654708).
P1: N=25, mean=33.16 (+/-0.866825).
P2: N=25, mean=33.2 (+/-0.999387).
=====================================================
=====================================================
Completed 60 games.

Agent 1 (SHUCTAnyTime)
Winning score (between 0 and 1) : N=60, mean=0.516667 (+/-0.127512).
P1: N=30, mean=0.533333 (+/-0.181573).
P2: N=30, mean=0.5 (+/-0.181978).
Game Durations: N=60, mean=33.216667 (+/-0.609361).
P1: N=30, mean=33.066667 (+/-0.934704).
P2: N=30, mean=33.366667 (+/-0.79452).

Agent 2 (UCT)
Winning score (between 0 and 1) : N=60, mean=0.483333 (+/-0.127512).
P1: N=30, mean=0.5 (+/-0.181978).
P2: N=30, mean=0.466667 (+/-0.181573).
Game Durations: N=60, mean=33.216667 (+/-0.609361).
P1: N=30, mean=33.366667 (+/-0.79452).
P2: N=30, mean=33.066667 (+/-0.934704).
=====================================================
=====================================================
Completed 70 games.

Agent 1 (SHUCTAnyTime)
Winning score (between 0 and 1) : N=70, mean=0.5 (+/-0.117976).
P1: N=35, mean=0.542857 (+/-0.167447).
P2: N=35, mean=0.457143 (+/-0.167447).
Game Durations: N=70, mean=33.085714 (+/-0.588519).
P1: N=35, mean=32.714286 (+/-0.896805).
P2: N=35, mean=33.457143 (+/-0.755222).

Agent 2 (UCT)
Winning score (between 0 and 1) : N=70, mean=0.5 (+/-0.117976).
P1: N=35, mean=0.542857 (+/-0.167447).
P2: N=35, mean=0.457143 (+/-0.167447).
Game Durations: N=70, mean=33.085714 (+/-0.588519).
P1: N=35, mean=33.457143 (+/-0.755222).
P2: N=35, mean=32.714286 (+/-0.896805).
=====================================================
=====================================================
Completed 80 games.

Agent 1 (SHUCTAnyTime)
Winning score (between 0 and 1) : N=80, mean=0.5 (+/-0.110256).
P1: N=40, mean=0.525 (+/-0.156726).
P2: N=40, mean=0.475 (+/-0.156726).
Game Durations: N=80, mean=32.975 (+/-0.538989).
P1: N=40, mean=32.725 (+/-0.806244).
P2: N=40, mean=33.225 (+/-0.717352).

Agent 2 (UCT)
Winning score (between 0 and 1) : N=80, mean=0.5 (+/-0.110256).
P1: N=40, mean=0.525 (+/-0.156726).
P2: N=40, mean=0.475 (+/-0.156726).
Game Durations: N=80, mean=32.975 (+/-0.538989).
P1: N=40, mean=33.225 (+/-0.717352).
P2: N=40, mean=32.725 (+/-0.806244).
=====================================================
=====================================================
Completed 90 games.

Agent 1 (SHUCTAnyTime)
Winning score (between 0 and 1) : N=90, mean=0.477778 (+/-0.103775).
P1: N=45, mean=0.488889 (+/-0.147701).
P2: N=45, mean=0.466667 (+/-0.147409).
Game Durations: N=90, mean=32.933333 (+/-0.503018).
P1: N=45, mean=32.755556 (+/-0.768376).
P2: N=45, mean=33.111111 (+/-0.65398).

Agent 2 (UCT)
Winning score (between 0 and 1) : N=90, mean=0.522222 (+/-0.103775).
P1: N=45, mean=0.533333 (+/-0.147409).
P2: N=45, mean=0.511111 (+/-0.147701).
Game Durations: N=90, mean=32.933333 (+/-0.503018).
P1: N=45, mean=33.111111 (+/-0.65398).
P2: N=45, mean=32.755556 (+/-0.768376).
=====================================================
=====================================================
Completed 100 games.

Agent 1 (SHUCTAnyTime)
Winning score (between 0 and 1) : N=100, mean=0.51 (+/-0.098472).
P1: N=50, mean=0.5 (+/-0.139997).
P2: N=50, mean=0.52 (+/-0.139885).
Game Durations: N=100, mean=32.79 (+/-0.468883).
P1: N=50, mean=32.62 (+/-0.710303).
P2: N=50, mean=32.96 (+/-0.615886).

Agent 2 (UCT)
Winning score (between 0 and 1) : N=100, mean=0.49 (+/-0.098472).
P1: N=50, mean=0.48 (+/-0.139885).
P2: N=50, mean=0.5 (+/-0.139997).
Game Durations: N=100, mean=32.79 (+/-0.468883).
P1: N=50, mean=32.96 (+/-0.615886).
P2: N=50, mean=32.62 (+/-0.710303).
=====================================================
