Warming up...
Finished warming up!
=====================================================
Completed 1 games.

Agent 1 (SHUCTAnyTime)
Winning score (between 0 and 1) : N=1, mean=0 (+/-0).
P1: N=0, mean=0 (+/-0).
P2: N=1, mean=0 (+/-0).
Game Durations: N=1, mean=35 (+/-0).
P1: N=0, mean=0 (+/-0).
P2: N=1, mean=35 (+/-0).

Agent 2 (UCT)
Winning score (between 0 and 1) : N=1, mean=1 (+/-0).
P1: N=1, mean=1 (+/-0).
P2: N=0, mean=0 (+/-0).
Game Durations: N=1, mean=35 (+/-0).
P1: N=1, mean=35 (+/-0).
P2: N=0, mean=0 (+/-0).
=====================================================
=====================================================
Completed 2 games.

Agent 1 (SHUCTAnyTime)
Winning score (between 0 and 1) : N=2, mean=0.5 (+/-0.97998).
P1: N=1, mean=1 (+/-0).
P2: N=1, mean=0 (+/-0).
Game Durations: N=2, mean=35 (+/-0).
P1: N=1, mean=35 (+/-0).
P2: N=1, mean=35 (+/-0).

Agent 2 (UCT)
Winning score (between 0 and 1) : N=2, mean=0.5 (+/-0.97998).
P1: N=1, mean=1 (+/-0).
P2: N=1, mean=0 (+/-0).
Game Durations: N=2, mean=35 (+/-0).
P1: N=1, mean=35 (+/-0).
P2: N=1, mean=35 (+/-0).
=====================================================
=====================================================
Completed 3 games.

Agent 1 (SHUCTAnyTime)
Winning score (between 0 and 1) : N=3, mean=0.666667 (+/-0.65332).
P1: N=1, mean=1 (+/-0).
P2: N=2, mean=0.5 (+/-0.97998).
Game Durations: N=3, mean=33.333333 (+/-3.2666).
P1: N=1, mean=35 (+/-0).
P2: N=2, mean=32.5 (+/-4.8999).

Agent 2 (UCT)
Winning score (between 0 and 1) : N=3, mean=0.333333 (+/-0.65332).
P1: N=2, mean=0.5 (+/-0.97998).
P2: N=1, mean=0 (+/-0).
Game Durations: N=3, mean=33.333333 (+/-3.2666).
P1: N=2, mean=32.5 (+/-4.8999).
P2: N=1, mean=35 (+/-0).
=====================================================
=====================================================
Completed 4 games.

Agent 1 (SHUCTAnyTime)
Winning score (between 0 and 1) : N=4, mean=0.75 (+/-0.48999).
P1: N=2, mean=1 (+/-0).
P2: N=2, mean=0.5 (+/-0.97998).
Game Durations: N=4, mean=33.75 (+/-2.44995).
P1: N=2, mean=35 (+/-0).
P2: N=2, mean=32.5 (+/-4.8999).

Agent 2 (UCT)
Winning score (between 0 and 1) : N=4, mean=0.25 (+/-0.48999).
P1: N=2, mean=0.5 (+/-0.97998).
P2: N=2, mean=0 (+/-0).
Game Durations: N=4, mean=33.75 (+/-2.44995).
P1: N=2, mean=32.5 (+/-4.8999).
P2: N=2, mean=35 (+/-0).
=====================================================
=====================================================
Completed 5 games.

Agent 1 (SHUCTAnyTime)
Winning score (between 0 and 1) : N=5, mean=0.8 (+/-0.391992).
P1: N=2, mean=1 (+/-0).
P2: N=3, mean=0.666667 (+/-0.65332).
Game Durations: N=5, mean=33.4 (+/-2.017902).
P1: N=2, mean=35 (+/-0).
P2: N=3, mean=32.333333 (+/-2.847756).

Agent 2 (UCT)
Winning score (between 0 and 1) : N=5, mean=0.2 (+/-0.391992).
P1: N=3, mean=0.333333 (+/-0.65332).
P2: N=2, mean=0 (+/-0).
Game Durations: N=5, mean=33.4 (+/-2.017902).
P1: N=3, mean=32.333333 (+/-2.847756).
P2: N=2, mean=35 (+/-0).
=====================================================
=====================================================
Completed 10 games.

Agent 1 (SHUCTAnyTime)
Winning score (between 0 and 1) : N=10, mean=0.5 (+/-0.32666).
P1: N=5, mean=0.6 (+/-0.48009).
P2: N=5, mean=0.4 (+/-0.48009).
Game Durations: N=10, mean=32 (+/-1.678409).
P1: N=5, mean=32.2 (+/-2.867174).
P2: N=5, mean=31.8 (+/-2.092665).

Agent 2 (UCT)
Winning score (between 0 and 1) : N=10, mean=0.5 (+/-0.32666).
P1: N=5, mean=0.6 (+/-0.48009).
P2: N=5, mean=0.4 (+/-0.48009).
Game Durations: N=10, mean=32 (+/-1.678409).
P1: N=5, mean=31.8 (+/-2.092665).
P2: N=5, mean=32.2 (+/-2.867174).
=====================================================
=====================================================
Completed 20 games.

Agent 1 (SHUCTAnyTime)
Winning score (between 0 and 1) : N=20, mean=0.45 (+/-0.223696).
P1: N=10, mean=0.4 (+/-0.32006).
P2: N=10, mean=0.5 (+/-0.32666).
Game Durations: N=20, mean=32.95 (+/-1.03979).
P1: N=10, mean=32.8 (+/-1.512545).
P2: N=10, mean=33.1 (+/-1.502636).

Agent 2 (UCT)
Winning score (between 0 and 1) : N=20, mean=0.55 (+/-0.223696).
P1: N=10, mean=0.5 (+/-0.32666).
P2: N=10, mean=0.6 (+/-0.32006).
Game Durations: N=20, mean=32.95 (+/-1.03979).
P1: N=10, mean=33.1 (+/-1.502636).
P2: N=10, mean=32.8 (+/-1.512545).
=====================================================
=====================================================
Completed 30 games.

Agent 1 (SHUCTAnyTime)
Winning score (between 0 and 1) : N=30, mean=0.5 (+/-0.181978).
P1: N=15, mean=0.4 (+/-0.256619).
P2: N=15, mean=0.6 (+/-0.256619).
Game Durations: N=30, mean=33.666667 (+/-0.959874).
P1: N=15, mean=33.866667 (+/-1.442386).
P2: N=15, mean=33.466667 (+/-1.309437).

Agent 2 (UCT)
Winning score (between 0 and 1) : N=30, mean=0.5 (+/-0.181978).
P1: N=15, mean=0.4 (+/-0.256619).
P2: N=15, mean=0.6 (+/-0.256619).
Game Durations: N=30, mean=33.666667 (+/-0.959874).
P1: N=15, mean=33.466667 (+/-1.309437).
P2: N=15, mean=33.866667 (+/-1.442386).
=====================================================
=====================================================
Completed 40 games.

Agent 1 (SHUCTAnyTime)
Winning score (between 0 and 1) : N=40, mean=0.525 (+/-0.156726).
P1: N=20, mean=0.45 (+/-0.223696).
P2: N=20, mean=0.6 (+/-0.22028).
Game Durations: N=40, mean=33.525 (+/-0.7751).
P1: N=20, mean=33.65 (+/-1.148798).
P2: N=20, mean=33.4 (+/-1.067849).

Agent 2 (UCT)
Winning score (between 0 and 1) : N=40, mean=0.475 (+/-0.156726).
P1: N=20, mean=0.4 (+/-0.22028).
P2: N=20, mean=0.55 (+/-0.223696).
Game Durations: N=40, mean=33.525 (+/-0.7751).
P1: N=20, mean=33.4 (+/-1.067849).
P2: N=20, mean=33.65 (+/-1.148798).
=====================================================
=====================================================
Completed 50 games.

Agent 1 (SHUCTAnyTime)
Winning score (between 0 and 1) : N=50, mean=0.54 (+/-0.139548).
P1: N=25, mean=0.48 (+/-0.199877).
P2: N=25, mean=0.6 (+/-0.195996).
Game Durations: N=50, mean=33.36 (+/-0.701127).
P1: N=25, mean=33.44 (+/-1.025192).
P2: N=25, mean=33.28 (+/-0.976839).

Agent 2 (UCT)
Winning score (between 0 and 1) : N=50, mean=0.46 (+/-0.139548).
P1: N=25, mean=0.4 (+/-0.195996).
P2: N=25, mean=0.52 (+/-0.199877).
Game Durations: N=50, mean=33.36 (+/-0.701127).
P1: N=25, mean=33.28 (+/-0.976839).
P2: N=25, mean=33.44 (+/-1.025192).
=====================================================
=====================================================
Completed 60 games.

Agent 1 (SHUCTAnyTime)
Winning score (between 0 and 1) : N=60, mean=0.533333 (+/-0.127299).
P1: N=30, mean=0.533333 (+/-0.181573).
P2: N=30, mean=0.533333 (+/-0.181573).
Game Durations: N=60, mean=33.4 (+/-0.642489).
P1: N=30, mean=33.2 (+/-0.913037).
P2: N=30, mean=33.6 (+/-0.914004).

Agent 2 (UCT)
Winning score (between 0 and 1) : N=60, mean=0.466667 (+/-0.127299).
P1: N=30, mean=0.466667 (+/-0.181573).
P2: N=30, mean=0.466667 (+/-0.181573).
Game Durations: N=60, mean=33.4 (+/-0.642489).
P1: N=30, mean=33.6 (+/-0.914004).
P2: N=30, mean=33.2 (+/-0.913037).
=====================================================
=====================================================
Completed 70 games.

Agent 1 (SHUCTAnyTime)
Winning score (between 0 and 1) : N=70, mean=0.542857 (+/-0.117542).
P1: N=35, mean=0.571429 (+/-0.166341).
P2: N=35, mean=0.514286 (+/-0.167997).
Game Durations: N=70, mean=33.614286 (+/-0.595972).
P1: N=35, mean=33.542857 (+/-0.851651).
P2: N=35, mean=33.685714 (+/-0.845673).

Agent 2 (UCT)
Winning score (between 0 and 1) : N=70, mean=0.457143 (+/-0.117542).
P1: N=35, mean=0.485714 (+/-0.167997).
P2: N=35, mean=0.428571 (+/-0.166341).
Game Durations: N=70, mean=33.614286 (+/-0.595972).
P1: N=35, mean=33.685714 (+/-0.845673).
P2: N=35, mean=33.542857 (+/-0.851651).
=====================================================
=====================================================
Completed 80 games.

Agent 1 (SHUCTAnyTime)
Winning score (between 0 and 1) : N=80, mean=0.5125 (+/-0.110222).
P1: N=40, mean=0.55 (+/-0.156136).
P2: N=40, mean=0.475 (+/-0.156726).
Game Durations: N=80, mean=33.6375 (+/-0.606153).
P1: N=40, mean=33.55 (+/-0.796912).
P2: N=40, mean=33.725 (+/-0.923012).

Agent 2 (UCT)
Winning score (between 0 and 1) : N=80, mean=0.4875 (+/-0.110222).
P1: N=40, mean=0.525 (+/-0.156726).
P2: N=40, mean=0.45 (+/-0.156136).
Game Durations: N=80, mean=33.6375 (+/-0.606153).
P1: N=40, mean=33.725 (+/-0.923012).
P2: N=40, mean=33.55 (+/-0.796912).
=====================================================
=====================================================
Completed 90 games.

Agent 1 (SHUCTAnyTime)
Winning score (between 0 and 1) : N=90, mean=0.533333 (+/-0.103647).
P1: N=45, mean=0.555556 (+/-0.146823).
P2: N=45, mean=0.511111 (+/-0.147701).
Game Durations: N=90, mean=33.655556 (+/-0.577878).
P1: N=45, mean=33.444444 (+/-0.781891).
P2: N=45, mean=33.866667 (+/-0.855461).

Agent 2 (UCT)
Winning score (between 0 and 1) : N=90, mean=0.466667 (+/-0.103647).
P1: N=45, mean=0.488889 (+/-0.147701).
P2: N=45, mean=0.444444 (+/-0.146823).
Game Durations: N=90, mean=33.655556 (+/-0.577878).
P1: N=45, mean=33.866667 (+/-0.855461).
P2: N=45, mean=33.444444 (+/-0.781891).
=====================================================
=====================================================
Completed 100 games.

Agent 1 (SHUCTAnyTime)
Winning score (between 0 and 1) : N=100, mean=0.52 (+/-0.098413).
P1: N=50, mean=0.54 (+/-0.139548).
P2: N=50, mean=0.5 (+/-0.139997).
Game Durations: N=100, mean=33.66 (+/-0.541772).
P1: N=50, mean=33.5 (+/-0.753908).
P2: N=50, mean=33.82 (+/-0.783364).

Agent 2 (UCT)
Winning score (between 0 and 1) : N=100, mean=0.48 (+/-0.098413).
P1: N=50, mean=0.5 (+/-0.139997).
P2: N=50, mean=0.46 (+/-0.139548).
Game Durations: N=100, mean=33.66 (+/-0.541772).
P1: N=50, mean=33.82 (+/-0.783364).
P2: N=50, mean=33.5 (+/-0.753908).
=====================================================
