Warming up...
Finished warming up!
=====================================================
Completed 1 games.

Agent 1 (SHUCTAnyTime)
Winning score (between 0 and 1) : N=1, mean=0 (+/-0).
P1: N=1, mean=0 (+/-0).
P2: N=0, mean=0 (+/-0).
Game Durations: N=1, mean=32 (+/-0).
P1: N=1, mean=32 (+/-0).
P2: N=0, mean=0 (+/-0).

Agent 2 (UCT)
Winning score (between 0 and 1) : N=1, mean=1 (+/-0).
P1: N=0, mean=0 (+/-0).
P2: N=1, mean=1 (+/-0).
Game Durations: N=1, mean=32 (+/-0).
P1: N=0, mean=0 (+/-0).
P2: N=1, mean=32 (+/-0).
=====================================================
=====================================================
Completed 2 games.

Agent 1 (SHUCTAnyTime)
Winning score (between 0 and 1) : N=2, mean=0 (+/-0).
P1: N=1, mean=0 (+/-0).
P2: N=1, mean=0 (+/-0).
Game Durations: N=2, mean=32.5 (+/-0.97998).
P1: N=1, mean=32 (+/-0).
P2: N=1, mean=33 (+/-0).

Agent 2 (UCT)
Winning score (between 0 and 1) : N=2, mean=1 (+/-0).
P1: N=1, mean=1 (+/-0).
P2: N=1, mean=1 (+/-0).
Game Durations: N=2, mean=32.5 (+/-0.97998).
P1: N=1, mean=33 (+/-0).
P2: N=1, mean=32 (+/-0).
=====================================================
=====================================================
Completed 3 games.

Agent 1 (SHUCTAnyTime)
Winning score (between 0 and 1) : N=3, mean=0 (+/-0).
P1: N=2, mean=0 (+/-0).
P2: N=1, mean=0 (+/-0).
Game Durations: N=3, mean=33 (+/-1.131583).
P1: N=2, mean=33 (+/-1.95996).
P2: N=1, mean=33 (+/-0).

Agent 2 (UCT)
Winning score (between 0 and 1) : N=3, mean=1 (+/-0).
P1: N=1, mean=1 (+/-0).
P2: N=2, mean=1 (+/-0).
Game Durations: N=3, mean=33 (+/-1.131583).
P1: N=1, mean=33 (+/-0).
P2: N=2, mean=33 (+/-1.95996).
=====================================================
=====================================================
Completed 4 games.

Agent 1 (SHUCTAnyTime)
Winning score (between 0 and 1) : N=4, mean=0 (+/-0).
P1: N=2, mean=0 (+/-0).
P2: N=2, mean=0 (+/-0).
Game Durations: N=4, mean=32.5 (+/-1.265149).
P1: N=2, mean=33 (+/-1.95996).
P2: N=2, mean=32 (+/-1.95996).

Agent 2 (UCT)
Winning score (between 0 and 1) : N=4, mean=1 (+/-0).
P1: N=2, mean=1 (+/-0).
P2: N=2, mean=1 (+/-0).
Game Durations: N=4, mean=32.5 (+/-1.265149).
P1: N=2, mean=32 (+/-1.95996).
P2: N=2, mean=33 (+/-1.95996).
=====================================================
=====================================================
Completed 5 games.

Agent 1 (SHUCTAnyTime)
Winning score (between 0 and 1) : N=5, mean=0 (+/-0).
P1: N=3, mean=0 (+/-0).
P2: N=2, mean=0 (+/-0).
Game Durations: N=5, mean=32.4 (+/-0.999387).
P1: N=3, mean=32.666667 (+/-1.30664).
P2: N=2, mean=32 (+/-1.95996).

Agent 2 (UCT)
Winning score (between 0 and 1) : N=5, mean=1 (+/-0).
P1: N=2, mean=1 (+/-0).
P2: N=3, mean=1 (+/-0).
Game Durations: N=5, mean=32.4 (+/-0.999387).
P1: N=2, mean=32 (+/-1.95996).
P2: N=3, mean=32.666667 (+/-1.30664).
=====================================================
=====================================================
Completed 10 games.

Agent 1 (SHUCTAnyTime)
Winning score (between 0 and 1) : N=10, mean=0.3 (+/-0.299389).
P1: N=5, mean=0.2 (+/-0.391992).
P2: N=5, mean=0.4 (+/-0.48009).
Game Durations: N=10, mean=33 (+/-1.460868).
P1: N=5, mean=32.6 (+/-1.708654).
P2: N=5, mean=33.4 (+/-2.525232).

Agent 2 (UCT)
Winning score (between 0 and 1) : N=10, mean=0.7 (+/-0.299389).
P1: N=5, mean=0.6 (+/-0.48009).
P2: N=5, mean=0.8 (+/-0.391992).
Game Durations: N=10, mean=33 (+/-1.460868).
P1: N=5, mean=33.4 (+/-2.525232).
P2: N=5, mean=32.6 (+/-1.708654).
=====================================================
=====================================================
Completed 20 games.

Agent 1 (SHUCTAnyTime)
Winning score (between 0 and 1) : N=20, mean=0.3 (+/-0.206054).
P1: N=10, mean=0.2 (+/-0.261328).
P2: N=10, mean=0.4 (+/-0.32006).
Game Durations: N=20, mean=32.8 (+/-1.021399).
P1: N=10, mean=33.4 (+/-1.280241).
P2: N=10, mean=32.2 (+/-1.567968).

Agent 2 (UCT)
Winning score (between 0 and 1) : N=20, mean=0.7 (+/-0.206054).
P1: N=10, mean=0.6 (+/-0.32006).
P2: N=10, mean=0.8 (+/-0.261328).
Game Durations: N=20, mean=32.8 (+/-1.021399).
P1: N=10, mean=32.2 (+/-1.567968).
P2: N=10, mean=33.4 (+/-1.280241).
=====================================================
=====================================================
Completed 30 games.

Agent 1 (SHUCTAnyTime)
Winning score (between 0 and 1) : N=30, mean=0.333333 (+/-0.17157).
P1: N=15, mean=0.266667 (+/-0.231643).
P2: N=15, mean=0.4 (+/-0.256619).
Game Durations: N=30, mean=33.166667 (+/-0.840957).
P1: N=15, mean=33.733333 (+/-0.92657).
P2: N=15, mean=32.6 (+/-1.376631).

Agent 2 (UCT)
Winning score (between 0 and 1) : N=30, mean=0.666667 (+/-0.17157).
P1: N=15, mean=0.6 (+/-0.256619).
P2: N=15, mean=0.733333 (+/-0.231643).
Game Durations: N=30, mean=33.166667 (+/-0.840957).
P1: N=15, mean=32.6 (+/-1.376631).
P2: N=15, mean=33.733333 (+/-0.92657).
=====================================================
=====================================================
Completed 40 games.

Agent 1 (SHUCTAnyTime)
Winning score (between 0 and 1) : N=40, mean=0.4 (+/-0.153752).
P1: N=20, mean=0.3 (+/-0.206054).
P2: N=20, mean=0.5 (+/-0.224823).
Game Durations: N=40, mean=33.4 (+/-0.718424).
P1: N=20, mean=33.8 (+/-0.836389).
P2: N=20, mean=33 (+/-1.163879).

Agent 2 (UCT)
Winning score (between 0 and 1) : N=40, mean=0.6 (+/-0.153752).
P1: N=20, mean=0.5 (+/-0.224823).
P2: N=20, mean=0.7 (+/-0.206054).
Game Durations: N=40, mean=33.4 (+/-0.718424).
P1: N=20, mean=33 (+/-1.163879).
P2: N=20, mean=33.8 (+/-0.836389).
=====================================================
=====================================================
Completed 50 games.

Agent 1 (SHUCTAnyTime)
Winning score (between 0 and 1) : N=50, mean=0.42 (+/-0.138194).
P1: N=25, mean=0.36 (+/-0.192036).
P2: N=25, mean=0.48 (+/-0.199877).
Game Durations: N=50, mean=33.4 (+/-0.633555).
P1: N=25, mean=33.72 (+/-0.7963).
P2: N=25, mean=33.08 (+/-0.985972).

Agent 2 (UCT)
Winning score (between 0 and 1) : N=50, mean=0.58 (+/-0.138194).
P1: N=25, mean=0.52 (+/-0.199877).
P2: N=25, mean=0.64 (+/-0.192036).
Game Durations: N=50, mean=33.4 (+/-0.633555).
P1: N=25, mean=33.08 (+/-0.985972).
P2: N=25, mean=33.72 (+/-0.7963).
=====================================================
=====================================================
Completed 60 games.

Agent 1 (SHUCTAnyTime)
Winning score (between 0 and 1) : N=60, mean=0.466667 (+/-0.127299).
P1: N=30, mean=0.433333 (+/-0.180353).
P2: N=30, mean=0.5 (+/-0.181978).
Game Durations: N=60, mean=33.366667 (+/-0.562843).
P1: N=30, mean=33.633333 (+/-0.718652).
P2: N=30, mean=33.1 (+/-0.868169).

Agent 2 (UCT)
Winning score (between 0 and 1) : N=60, mean=0.533333 (+/-0.127299).
P1: N=30, mean=0.5 (+/-0.181978).
P2: N=30, mean=0.566667 (+/-0.180353).
Game Durations: N=60, mean=33.366667 (+/-0.562843).
P1: N=30, mean=33.1 (+/-0.868169).
P2: N=30, mean=33.633333 (+/-0.718652).
=====================================================
=====================================================
Completed 70 games.

Agent 1 (SHUCTAnyTime)
Winning score (between 0 and 1) : N=70, mean=0.442857 (+/-0.117203).
P1: N=35, mean=0.4 (+/-0.16467).
P2: N=35, mean=0.485714 (+/-0.167997).
Game Durations: N=70, mean=33.571429 (+/-0.537418).
P1: N=35, mean=33.828571 (+/-0.693466).
P2: N=35, mean=33.314286 (+/-0.822451).

Agent 2 (UCT)
Winning score (between 0 and 1) : N=70, mean=0.557143 (+/-0.117203).
P1: N=35, mean=0.514286 (+/-0.167997).
P2: N=35, mean=0.6 (+/-0.16467).
Game Durations: N=70, mean=33.571429 (+/-0.537418).
P1: N=35, mean=33.314286 (+/-0.822451).
P2: N=35, mean=33.828571 (+/-0.693466).
=====================================================
=====================================================
Completed 80 games.

Agent 1 (SHUCTAnyTime)
Winning score (between 0 and 1) : N=80, mean=0.45 (+/-0.109704).
P1: N=40, mean=0.425 (+/-0.155147).
P2: N=40, mean=0.475 (+/-0.156726).
Game Durations: N=80, mean=33.625 (+/-0.511683).
P1: N=40, mean=33.875 (+/-0.709412).
P2: N=40, mean=33.375 (+/-0.738328).

Agent 2 (UCT)
Winning score (between 0 and 1) : N=80, mean=0.55 (+/-0.109704).
P1: N=40, mean=0.525 (+/-0.156726).
P2: N=40, mean=0.575 (+/-0.155147).
Game Durations: N=80, mean=33.625 (+/-0.511683).
P1: N=40, mean=33.375 (+/-0.738328).
P2: N=40, mean=33.875 (+/-0.709412).
=====================================================
=====================================================
Completed 90 games.

Agent 1 (SHUCTAnyTime)
Winning score (between 0 and 1) : N=90, mean=0.466667 (+/-0.103647).
P1: N=45, mean=0.422222 (+/-0.145939).
P2: N=45, mean=0.511111 (+/-0.147701).
Game Durations: N=90, mean=33.611111 (+/-0.485449).
P1: N=45, mean=33.711111 (+/-0.681296).
P2: N=45, mean=33.511111 (+/-0.698173).

Agent 2 (UCT)
Winning score (between 0 and 1) : N=90, mean=0.533333 (+/-0.103647).
P1: N=45, mean=0.488889 (+/-0.147701).
P2: N=45, mean=0.577778 (+/-0.145939).
Game Durations: N=90, mean=33.611111 (+/-0.485449).
P1: N=45, mean=33.511111 (+/-0.698173).
P2: N=45, mean=33.711111 (+/-0.681296).
=====================================================
=====================================================
Completed 100 games.

Agent 1 (SHUCTAnyTime)
Winning score (between 0 and 1) : N=100, mean=0.44 (+/-0.09778).
P1: N=50, mean=0.4 (+/-0.137169).
P2: N=50, mean=0.48 (+/-0.139885).
Game Durations: N=100, mean=33.46 (+/-0.458104).
P1: N=50, mean=33.52 (+/-0.653629).
P2: N=50, mean=33.4 (+/-0.648234).

Agent 2 (UCT)
Winning score (between 0 and 1) : N=100, mean=0.56 (+/-0.09778).
P1: N=50, mean=0.52 (+/-0.139885).
P2: N=50, mean=0.6 (+/-0.137169).
Game Durations: N=100, mean=33.46 (+/-0.458104).
P1: N=50, mean=33.4 (+/-0.648234).
P2: N=50, mean=33.52 (+/-0.653629).
=====================================================
