Warming up...
Finished warming up!
=====================================================
Completed 1 games.

Agent 1 (SHUCTAnyTime)
Winning score (between 0 and 1) : N=1, mean=1 (+/-0).
P1: N=1, mean=1 (+/-0).
P2: N=0, mean=0 (+/-0).
Game Durations: N=1, mean=31 (+/-0).
P1: N=1, mean=31 (+/-0).
P2: N=0, mean=0 (+/-0).

Agent 2 (UCT)
Winning score (between 0 and 1) : N=1, mean=0 (+/-0).
P1: N=0, mean=0 (+/-0).
P2: N=1, mean=0 (+/-0).
Game Durations: N=1, mean=31 (+/-0).
P1: N=0, mean=0 (+/-0).
P2: N=1, mean=31 (+/-0).
=====================================================
=====================================================
Completed 2 games.

Agent 1 (SHUCTAnyTime)
Winning score (between 0 and 1) : N=2, mean=1 (+/-0).
P1: N=1, mean=1 (+/-0).
P2: N=1, mean=1 (+/-0).
Game Durations: N=2, mean=32.5 (+/-2.93994).
P1: N=1, mean=31 (+/-0).
P2: N=1, mean=34 (+/-0).

Agent 2 (UCT)
Winning score (between 0 and 1) : N=2, mean=0 (+/-0).
P1: N=1, mean=0 (+/-0).
P2: N=1, mean=0 (+/-0).
Game Durations: N=2, mean=32.5 (+/-2.93994).
P1: N=1, mean=34 (+/-0).
P2: N=1, mean=31 (+/-0).
=====================================================
=====================================================
Completed 3 games.

Agent 1 (SHUCTAnyTime)
Winning score (between 0 and 1) : N=3, mean=1 (+/-0).
P1: N=2, mean=1 (+/-0).
P2: N=1, mean=1 (+/-0).
Game Durations: N=3, mean=34 (+/-3.39475).
P1: N=2, mean=34 (+/-5.87988).
P2: N=1, mean=34 (+/-0).

Agent 2 (UCT)
Winning score (between 0 and 1) : N=3, mean=0 (+/-0).
P1: N=1, mean=0 (+/-0).
P2: N=2, mean=0 (+/-0).
Game Durations: N=3, mean=34 (+/-3.39475).
P1: N=1, mean=34 (+/-0).
P2: N=2, mean=34 (+/-5.87988).
=====================================================
=====================================================
Completed 4 games.

Agent 1 (SHUCTAnyTime)
Winning score (between 0 and 1) : N=4, mean=1 (+/-0).
P1: N=2, mean=1 (+/-0).
P2: N=2, mean=1 (+/-0).
Game Durations: N=4, mean=34 (+/-2.400451).
P1: N=2, mean=34 (+/-5.87988).
P2: N=2, mean=34 (+/-0).

Agent 2 (UCT)
Winning score (between 0 and 1) : N=4, mean=0 (+/-0).
P1: N=2, mean=0 (+/-0).
P2: N=2, mean=0 (+/-0).
Game Durations: N=4, mean=34 (+/-2.400451).
P1: N=2, mean=34 (+/-0).
P2: N=2, mean=34 (+/-5.87988).
=====================================================
=====================================================
Completed 5 games.

Agent 1 (SHUCTAnyTime)
Winning score (between 0 and 1) : N=5, mean=1 (+/-0).
P1: N=3, mean=1 (+/-0).
P2: N=2, mean=1 (+/-0).
Game Durations: N=5, mean=33.8 (+/-1.900252).
P1: N=3, mean=33.666667 (+/-3.457044).
P2: N=2, mean=34 (+/-0).

Agent 2 (UCT)
Winning score (between 0 and 1) : N=5, mean=0 (+/-0).
P1: N=2, mean=0 (+/-0).
P2: N=3, mean=0 (+/-0).
Game Durations: N=5, mean=33.8 (+/-1.900252).
P1: N=2, mean=34 (+/-0).
P2: N=3, mean=33.666667 (+/-3.457044).
=====================================================
=====================================================
Completed 10 games.

Agent 1 (SHUCTAnyTime)
Winning score (between 0 and 1) : N=10, mean=0.7 (+/-0.299389).
P1: N=5, mean=0.8 (+/-0.391992).
P2: N=5, mean=0.6 (+/-0.48009).
Game Durations: N=10, mean=33 (+/-1.801079).
P1: N=5, mean=33.6 (+/-2.880541).
P2: N=5, mean=32.4 (+/-2.368229).

Agent 2 (UCT)
Winning score (between 0 and 1) : N=10, mean=0.3 (+/-0.299389).
P1: N=5, mean=0.4 (+/-0.48009).
P2: N=5, mean=0.2 (+/-0.391992).
Game Durations: N=10, mean=33 (+/-1.801079).
P1: N=5, mean=32.4 (+/-2.368229).
P2: N=5, mean=33.6 (+/-2.880541).
=====================================================
=====================================================
Completed 20 games.

Agent 1 (SHUCTAnyTime)
Winning score (between 0 and 1) : N=20, mean=0.65 (+/-0.214467).
P1: N=10, mean=0.8 (+/-0.261328).
P2: N=10, mean=0.5 (+/-0.32666).
Game Durations: N=20, mean=32.95 (+/-1.059056).
P1: N=10, mean=33.2 (+/-1.567968).
P2: N=10, mean=32.7 (+/-1.491231).

Agent 2 (UCT)
Winning score (between 0 and 1) : N=20, mean=0.35 (+/-0.214467).
P1: N=10, mean=0.5 (+/-0.32666).
P2: N=10, mean=0.2 (+/-0.261328).
Game Durations: N=20, mean=32.95 (+/-1.059056).
P1: N=10, mean=32.7 (+/-1.491231).
P2: N=10, mean=33.2 (+/-1.567968).
=====================================================
=====================================================
Completed 30 games.

Agent 1 (SHUCTAnyTime)
Winning score (between 0 and 1) : N=30, mean=0.566667 (+/-0.180353).
P1: N=15, mean=0.666667 (+/-0.246932).
P2: N=15, mean=0.466667 (+/-0.261328).
Game Durations: N=30, mean=32.666667 (+/-0.912715).
P1: N=15, mean=32.8 (+/-1.408161).
P2: N=15, mean=32.533333 (+/-1.207696).

Agent 2 (UCT)
Winning score (between 0 and 1) : N=30, mean=0.433333 (+/-0.180353).
P1: N=15, mean=0.533333 (+/-0.261328).
P2: N=15, mean=0.333333 (+/-0.246932).
Game Durations: N=30, mean=32.666667 (+/-0.912715).
P1: N=15, mean=32.533333 (+/-1.207696).
P2: N=15, mean=32.8 (+/-1.408161).
=====================================================
=====================================================
Completed 40 games.

Agent 1 (SHUCTAnyTime)
Winning score (between 0 and 1) : N=40, mean=0.575 (+/-0.155147).
P1: N=20, mean=0.7 (+/-0.206054).
P2: N=20, mean=0.45 (+/-0.223696).
Game Durations: N=40, mean=32.925 (+/-0.798263).
P1: N=20, mean=33 (+/-1.110543).
P2: N=20, mean=32.85 (+/-1.174901).

Agent 2 (UCT)
Winning score (between 0 and 1) : N=40, mean=0.425 (+/-0.155147).
P1: N=20, mean=0.55 (+/-0.223696).
P2: N=20, mean=0.3 (+/-0.206054).
Game Durations: N=40, mean=32.925 (+/-0.798263).
P1: N=20, mean=32.85 (+/-1.174901).
P2: N=20, mean=33 (+/-1.110543).
=====================================================
=====================================================
Completed 50 games.

Agent 1 (SHUCTAnyTime)
Winning score (between 0 and 1) : N=50, mean=0.58 (+/-0.138194).
P1: N=25, mean=0.72 (+/-0.179633).
P2: N=25, mean=0.44 (+/-0.198592).
Game Durations: N=50, mean=33.08 (+/-0.723318).
P1: N=25, mean=33.04 (+/-1.008824).
P2: N=25, mean=33.12 (+/-1.05741).

Agent 2 (UCT)
Winning score (between 0 and 1) : N=50, mean=0.42 (+/-0.138194).
P1: N=25, mean=0.56 (+/-0.198592).
P2: N=25, mean=0.28 (+/-0.179633).
Game Durations: N=50, mean=33.08 (+/-0.723318).
P1: N=25, mean=33.12 (+/-1.05741).
P2: N=25, mean=33.04 (+/-1.008824).
=====================================================
=====================================================
Completed 60 games.

Agent 1 (SHUCTAnyTime)
Winning score (between 0 and 1) : N=60, mean=0.6 (+/-0.125005).
P1: N=30, mean=0.7 (+/-0.166785).
P2: N=30, mean=0.5 (+/-0.181978).
Game Durations: N=60, mean=33.166667 (+/-0.620086).
P1: N=30, mean=33.033333 (+/-0.843054).
P2: N=30, mean=33.3 (+/-0.921462).

Agent 2 (UCT)
Winning score (between 0 and 1) : N=60, mean=0.4 (+/-0.125005).
P1: N=30, mean=0.5 (+/-0.181978).
P2: N=30, mean=0.3 (+/-0.166785).
Game Durations: N=60, mean=33.166667 (+/-0.620086).
P1: N=30, mean=33.3 (+/-0.921462).
P2: N=30, mean=33.033333 (+/-0.843054).
=====================================================
=====================================================
Completed 70 games.

Agent 1 (SHUCTAnyTime)
Winning score (between 0 and 1) : N=70, mean=0.628571 (+/-0.114009).
P1: N=35, mean=0.714286 (+/-0.151848).
P2: N=35, mean=0.542857 (+/-0.167447).
Game Durations: N=70, mean=33.1 (+/-0.599773).
P1: N=35, mean=32.885714 (+/-0.890302).
P2: N=35, mean=33.314286 (+/-0.810591).

Agent 2 (UCT)
Winning score (between 0 and 1) : N=70, mean=0.371429 (+/-0.114009).
P1: N=35, mean=0.457143 (+/-0.167447).
P2: N=35, mean=0.285714 (+/-0.151848).
Game Durations: N=70, mean=33.1 (+/-0.599773).
P1: N=35, mean=33.314286 (+/-0.810591).
P2: N=35, mean=32.885714 (+/-0.890302).
=====================================================
=====================================================
Completed 80 games.

Agent 1 (SHUCTAnyTime)
Winning score (between 0 and 1) : N=80, mean=0.625 (+/-0.106755).
P1: N=40, mean=0.7 (+/-0.143822).
P2: N=40, mean=0.55 (+/-0.156136).
Game Durations: N=80, mean=33.075 (+/-0.541015).
P1: N=40, mean=32.95 (+/-0.799996).
P2: N=40, mean=33.2 (+/-0.7367).

Agent 2 (UCT)
Winning score (between 0 and 1) : N=80, mean=0.375 (+/-0.106755).
P1: N=40, mean=0.45 (+/-0.156136).
P2: N=40, mean=0.3 (+/-0.143822).
Game Durations: N=80, mean=33.075 (+/-0.541015).
P1: N=40, mean=33.2 (+/-0.7367).
P2: N=40, mean=32.95 (+/-0.799996).
=====================================================
=====================================================
Completed 90 games.

Agent 1 (SHUCTAnyTime)
Winning score (between 0 and 1) : N=90, mean=0.633333 (+/-0.100116).
P1: N=45, mean=0.688889 (+/-0.13679).
P2: N=45, mean=0.577778 (+/-0.145939).
Game Durations: N=90, mean=32.977778 (+/-0.531011).
P1: N=45, mean=32.822222 (+/-0.763648).
P2: N=45, mean=33.133333 (+/-0.743857).

Agent 2 (UCT)
Winning score (between 0 and 1) : N=90, mean=0.366667 (+/-0.100116).
P1: N=45, mean=0.422222 (+/-0.145939).
P2: N=45, mean=0.311111 (+/-0.13679).
Game Durations: N=90, mean=32.977778 (+/-0.531011).
P1: N=45, mean=33.133333 (+/-0.743857).
P2: N=45, mean=32.822222 (+/-0.763648).
=====================================================
=====================================================
Completed 100 games.

Agent 1 (SHUCTAnyTime)
Winning score (between 0 and 1) : N=100, mean=0.64 (+/-0.094552).
P1: N=50, mean=0.7 (+/-0.12831).
P2: N=50, mean=0.58 (+/-0.138194).
Game Durations: N=100, mean=33.02 (+/-0.499872).
P1: N=50, mean=32.94 (+/-0.698102).
P2: N=50, mean=33.1 (+/-0.722038).

Agent 2 (UCT)
Winning score (between 0 and 1) : N=100, mean=0.36 (+/-0.094552).
P1: N=50, mean=0.42 (+/-0.138194).
P2: N=50, mean=0.3 (+/-0.12831).
Game Durations: N=100, mean=33.02 (+/-0.499872).
P1: N=50, mean=33.1 (+/-0.722038).
P2: N=50, mean=32.94 (+/-0.698102).
=====================================================
