Warming up...
Finished warming up!
=====================================================
Completed 1 games.

Agent 1 (UCT)
Winning score (between 0 and 1) : N=1, mean=0 (+/-0).
P1: N=0, mean=0 (+/-0).
P2: N=1, mean=0 (+/-0).
Game Durations: N=1, mean=41 (+/-0).
P1: N=0, mean=0 (+/-0).
P2: N=1, mean=41 (+/-0).

Agent 2 (SHUCTAnyTime)
Winning score (between 0 and 1) : N=1, mean=1 (+/-0).
P1: N=1, mean=1 (+/-0).
P2: N=0, mean=0 (+/-0).
Game Durations: N=1, mean=41 (+/-0).
P1: N=1, mean=41 (+/-0).
P2: N=0, mean=0 (+/-0).
=====================================================
=====================================================
Completed 2 games.

Agent 1 (UCT)
Winning score (between 0 and 1) : N=2, mean=0 (+/-0).
P1: N=1, mean=0 (+/-0).
P2: N=1, mean=0 (+/-0).
Game Durations: N=2, mean=35.5 (+/-10.77978).
P1: N=1, mean=30 (+/-0).
P2: N=1, mean=41 (+/-0).

Agent 2 (SHUCTAnyTime)
Winning score (between 0 and 1) : N=2, mean=1 (+/-0).
P1: N=1, mean=1 (+/-0).
P2: N=1, mean=1 (+/-0).
Game Durations: N=2, mean=35.5 (+/-10.77978).
P1: N=1, mean=41 (+/-0).
P2: N=1, mean=30 (+/-0).
=====================================================
=====================================================
Completed 3 games.

Agent 1 (UCT)
Winning score (between 0 and 1) : N=3, mean=0.333333 (+/-0.65332).
P1: N=1, mean=0 (+/-0).
P2: N=2, mean=0.5 (+/-0.97998).
Game Durations: N=3, mean=34.333333 (+/-6.630474).
P1: N=1, mean=30 (+/-0).
P2: N=2, mean=36.5 (+/-8.81982).

Agent 2 (SHUCTAnyTime)
Winning score (between 0 and 1) : N=3, mean=0.666667 (+/-0.65332).
P1: N=2, mean=0.5 (+/-0.97998).
P2: N=1, mean=1 (+/-0).
Game Durations: N=3, mean=34.333333 (+/-6.630474).
P1: N=2, mean=36.5 (+/-8.81982).
P2: N=1, mean=30 (+/-0).
=====================================================
=====================================================
Completed 4 games.

Agent 1 (UCT)
Winning score (between 0 and 1) : N=4, mean=0.5 (+/-0.565792).
P1: N=2, mean=0.5 (+/-0.97998).
P2: N=2, mean=0.5 (+/-0.97998).
Game Durations: N=4, mean=33.5 (+/-4.964802).
P1: N=2, mean=30.5 (+/-0.97998).
P2: N=2, mean=36.5 (+/-8.81982).

Agent 2 (SHUCTAnyTime)
Winning score (between 0 and 1) : N=4, mean=0.5 (+/-0.565792).
P1: N=2, mean=0.5 (+/-0.97998).
P2: N=2, mean=0.5 (+/-0.97998).
Game Durations: N=4, mean=33.5 (+/-4.964802).
P1: N=2, mean=36.5 (+/-8.81982).
P2: N=2, mean=30.5 (+/-0.97998).
=====================================================
=====================================================
Completed 5 games.

Agent 1 (UCT)
Winning score (between 0 and 1) : N=5, mean=0.6 (+/-0.48009).
P1: N=2, mean=0.5 (+/-0.97998).
P2: N=3, mean=0.666667 (+/-0.65332).
Game Durations: N=5, mean=33.2 (+/-3.89041).
P1: N=2, mean=30.5 (+/-0.97998).
P2: N=3, mean=35 (+/-5.87988).

Agent 2 (SHUCTAnyTime)
Winning score (between 0 and 1) : N=5, mean=0.4 (+/-0.48009).
P1: N=3, mean=0.333333 (+/-0.65332).
P2: N=2, mean=0.5 (+/-0.97998).
Game Durations: N=5, mean=33.2 (+/-3.89041).
P1: N=3, mean=35 (+/-5.87988).
P2: N=2, mean=30.5 (+/-0.97998).
=====================================================
=====================================================
Completed 10 games.

Agent 1 (UCT)
Winning score (between 0 and 1) : N=10, mean=0.6 (+/-0.32006).
P1: N=5, mean=0.4 (+/-0.48009).
P2: N=5, mean=0.8 (+/-0.391992).
Game Durations: N=10, mean=33.3 (+/-1.917024).
P1: N=5, mean=32 (+/-1.63982).
P2: N=5, mean=34.6 (+/-3.25613).

Agent 2 (SHUCTAnyTime)
Winning score (between 0 and 1) : N=10, mean=0.4 (+/-0.32006).
P1: N=5, mean=0.2 (+/-0.391992).
P2: N=5, mean=0.6 (+/-0.48009).
Game Durations: N=10, mean=33.3 (+/-1.917024).
P1: N=5, mean=34.6 (+/-3.25613).
P2: N=5, mean=32 (+/-1.63982).
=====================================================
=====================================================
Completed 20 games.

Agent 1 (UCT)
Winning score (between 0 and 1) : N=20, mean=0.5 (+/-0.224823).
P1: N=10, mean=0.5 (+/-0.32666).
P2: N=10, mean=0.5 (+/-0.32666).
Game Durations: N=20, mean=33 (+/-1.231405).
P1: N=10, mean=32.5 (+/-1.468154).
P2: N=10, mean=33.5 (+/-2.008361).

Agent 2 (SHUCTAnyTime)
Winning score (between 0 and 1) : N=20, mean=0.5 (+/-0.224823).
P1: N=10, mean=0.5 (+/-0.32666).
P2: N=10, mean=0.5 (+/-0.32666).
Game Durations: N=20, mean=33 (+/-1.231405).
P1: N=10, mean=33.5 (+/-2.008361).
P2: N=10, mean=32.5 (+/-1.468154).
=====================================================
=====================================================
Completed 30 games.

Agent 1 (UCT)
Winning score (between 0 and 1) : N=30, mean=0.6 (+/-0.178301).
P1: N=15, mean=0.6 (+/-0.256619).
P2: N=15, mean=0.6 (+/-0.256619).
Game Durations: N=30, mean=33.233333 (+/-0.933522).
P1: N=15, mean=33.266667 (+/-1.275469).
P2: N=15, mean=33.2 (+/-1.408161).

Agent 2 (SHUCTAnyTime)
Winning score (between 0 and 1) : N=30, mean=0.4 (+/-0.178301).
P1: N=15, mean=0.4 (+/-0.256619).
P2: N=15, mean=0.4 (+/-0.256619).
Game Durations: N=30, mean=33.233333 (+/-0.933522).
P1: N=15, mean=33.2 (+/-1.408161).
P2: N=15, mean=33.266667 (+/-1.275469).
=====================================================
=====================================================
Completed 40 games.

Agent 1 (UCT)
Winning score (between 0 and 1) : N=40, mean=0.5 (+/-0.156922).
P1: N=20, mean=0.45 (+/-0.223696).
P2: N=20, mean=0.55 (+/-0.223696).
Game Durations: N=40, mean=33.6 (+/-0.768119).
P1: N=20, mean=33.65 (+/-1.018177).
P2: N=20, mean=33.55 (+/-1.176621).

Agent 2 (SHUCTAnyTime)
Winning score (between 0 and 1) : N=40, mean=0.5 (+/-0.156922).
P1: N=20, mean=0.45 (+/-0.223696).
P2: N=20, mean=0.55 (+/-0.223696).
Game Durations: N=40, mean=33.6 (+/-0.768119).
P1: N=20, mean=33.55 (+/-1.176621).
P2: N=20, mean=33.65 (+/-1.018177).
=====================================================
=====================================================
Completed 50 games.

Agent 1 (UCT)
Winning score (between 0 and 1) : N=50, mean=0.56 (+/-0.138986).
P1: N=25, mean=0.56 (+/-0.198592).
P2: N=25, mean=0.56 (+/-0.198592).
Game Durations: N=50, mean=33.54 (+/-0.728437).
P1: N=25, mean=33.44 (+/-0.954026).
P2: N=25, mean=33.64 (+/-1.119524).

Agent 2 (SHUCTAnyTime)
Winning score (between 0 and 1) : N=50, mean=0.44 (+/-0.138986).
P1: N=25, mean=0.44 (+/-0.198592).
P2: N=25, mean=0.44 (+/-0.198592).
Game Durations: N=50, mean=33.54 (+/-0.728437).
P1: N=25, mean=33.64 (+/-1.119524).
P2: N=25, mean=33.44 (+/-0.954026).
=====================================================
=====================================================
Completed 60 games.

Agent 1 (UCT)
Winning score (between 0 and 1) : N=60, mean=0.516667 (+/-0.127512).
P1: N=30, mean=0.533333 (+/-0.181573).
P2: N=30, mean=0.5 (+/-0.181978).
Game Durations: N=60, mean=33.616667 (+/-0.657336).
P1: N=30, mean=33.533333 (+/-0.904942).
P2: N=30, mean=33.7 (+/-0.968194).

Agent 2 (SHUCTAnyTime)
Winning score (between 0 and 1) : N=60, mean=0.483333 (+/-0.127512).
P1: N=30, mean=0.5 (+/-0.181978).
P2: N=30, mean=0.466667 (+/-0.181573).
Game Durations: N=60, mean=33.616667 (+/-0.657336).
P1: N=30, mean=33.7 (+/-0.968194).
P2: N=30, mean=33.533333 (+/-0.904942).
=====================================================
=====================================================
Completed 70 games.

Agent 1 (UCT)
Winning score (between 0 and 1) : N=70, mean=0.514286 (+/-0.117928).
P1: N=35, mean=0.542857 (+/-0.167447).
P2: N=35, mean=0.485714 (+/-0.167997).
Game Durations: N=70, mean=33.5 (+/-0.596582).
P1: N=35, mean=33.342857 (+/-0.819193).
P2: N=35, mean=33.657143 (+/-0.87631).

Agent 2 (SHUCTAnyTime)
Winning score (between 0 and 1) : N=70, mean=0.485714 (+/-0.117928).
P1: N=35, mean=0.514286 (+/-0.167997).
P2: N=35, mean=0.457143 (+/-0.167447).
Game Durations: N=70, mean=33.5 (+/-0.596582).
P1: N=35, mean=33.657143 (+/-0.87631).
P2: N=35, mean=33.342857 (+/-0.819193).
=====================================================
=====================================================
Completed 80 games.

Agent 1 (UCT)
Winning score (between 0 and 1) : N=80, mean=0.5 (+/-0.110256).
P1: N=40, mean=0.525 (+/-0.156726).
P2: N=40, mean=0.475 (+/-0.156726).
Game Durations: N=80, mean=33.475 (+/-0.555647).
P1: N=40, mean=33.275 (+/-0.76872).
P2: N=40, mean=33.675 (+/-0.807464).

Agent 2 (SHUCTAnyTime)
Winning score (between 0 and 1) : N=80, mean=0.5 (+/-0.110256).
P1: N=40, mean=0.525 (+/-0.156726).
P2: N=40, mean=0.475 (+/-0.156726).
Game Durations: N=80, mean=33.475 (+/-0.555647).
P1: N=40, mean=33.675 (+/-0.807464).
P2: N=40, mean=33.275 (+/-0.76872).
=====================================================
=====================================================
Completed 90 games.

Agent 1 (UCT)
Winning score (between 0 and 1) : N=90, mean=0.522222 (+/-0.103775).
P1: N=45, mean=0.555556 (+/-0.146823).
P2: N=45, mean=0.488889 (+/-0.147701).
Game Durations: N=90, mean=33.555556 (+/-0.530227).
P1: N=45, mean=33.266667 (+/-0.748537).
P2: N=45, mean=33.844444 (+/-0.749975).

Agent 2 (SHUCTAnyTime)
Winning score (between 0 and 1) : N=90, mean=0.477778 (+/-0.103775).
P1: N=45, mean=0.511111 (+/-0.147701).
P2: N=45, mean=0.444444 (+/-0.146823).
Game Durations: N=90, mean=33.555556 (+/-0.530227).
P1: N=45, mean=33.844444 (+/-0.749975).
P2: N=45, mean=33.266667 (+/-0.748537).
=====================================================
=====================================================
Completed 100 games.

Agent 1 (UCT)
Winning score (between 0 and 1) : N=100, mean=0.54 (+/-0.098176).
P1: N=50, mean=0.58 (+/-0.138194).
P2: N=50, mean=0.5 (+/-0.139997).
Game Durations: N=100, mean=33.52 (+/-0.499484).
P1: N=50, mean=33.26 (+/-0.696753).
P2: N=50, mean=33.78 (+/-0.715581).

Agent 2 (SHUCTAnyTime)
Winning score (between 0 and 1) : N=100, mean=0.46 (+/-0.098176).
P1: N=50, mean=0.5 (+/-0.139997).
P2: N=50, mean=0.42 (+/-0.138194).
Game Durations: N=100, mean=33.52 (+/-0.499484).
P1: N=50, mean=33.78 (+/-0.715581).
P2: N=50, mean=33.26 (+/-0.696753).
=====================================================
