Warming up...
Finished warming up!
=====================================================
Completed 1 games.

Agent 1 (UCT)
Winning score (between 0 and 1) : N=1, mean=0 (+/-0).
P1: N=1, mean=0 (+/-0).
P2: N=0, mean=0 (+/-0).
Game Durations: N=1, mean=34 (+/-0).
P1: N=1, mean=34 (+/-0).
P2: N=0, mean=0 (+/-0).

Agent 2 (SHUCTAnyTime)
Winning score (between 0 and 1) : N=1, mean=1 (+/-0).
P1: N=0, mean=0 (+/-0).
P2: N=1, mean=1 (+/-0).
Game Durations: N=1, mean=34 (+/-0).
P1: N=0, mean=0 (+/-0).
P2: N=1, mean=34 (+/-0).
=====================================================
=====================================================
Completed 2 games.

Agent 1 (UCT)
Winning score (between 0 and 1) : N=2, mean=0.5 (+/-0.97998).
P1: N=1, mean=0 (+/-0).
P2: N=1, mean=1 (+/-0).
Game Durations: N=2, mean=36 (+/-3.91992).
P1: N=1, mean=34 (+/-0).
P2: N=1, mean=38 (+/-0).

Agent 2 (SHUCTAnyTime)
Winning score (between 0 and 1) : N=2, mean=0.5 (+/-0.97998).
P1: N=1, mean=0 (+/-0).
P2: N=1, mean=1 (+/-0).
Game Durations: N=2, mean=36 (+/-3.91992).
P1: N=1, mean=38 (+/-0).
P2: N=1, mean=34 (+/-0).
=====================================================
=====================================================
Completed 3 games.

Agent 1 (UCT)
Winning score (between 0 and 1) : N=3, mean=0.666667 (+/-0.65332).
P1: N=2, mean=0.5 (+/-0.97998).
P2: N=1, mean=1 (+/-0).
Game Durations: N=3, mean=35 (+/-2.993888).
P1: N=2, mean=33.5 (+/-0.97998).
P2: N=1, mean=38 (+/-0).

Agent 2 (SHUCTAnyTime)
Winning score (between 0 and 1) : N=3, mean=0.333333 (+/-0.65332).
P1: N=1, mean=0 (+/-0).
P2: N=2, mean=0.5 (+/-0.97998).
Game Durations: N=3, mean=35 (+/-2.993888).
P1: N=1, mean=38 (+/-0).
P2: N=2, mean=33.5 (+/-0.97998).
=====================================================
=====================================================
Completed 4 games.

Agent 1 (UCT)
Winning score (between 0 and 1) : N=4, mean=0.75 (+/-0.48999).
P1: N=2, mean=0.5 (+/-0.97998).
P2: N=2, mean=1 (+/-0).
Game Durations: N=4, mean=34.25 (+/-2.577304).
P1: N=2, mean=33.5 (+/-0.97998).
P2: N=2, mean=35 (+/-5.87988).

Agent 2 (SHUCTAnyTime)
Winning score (between 0 and 1) : N=4, mean=0.25 (+/-0.48999).
P1: N=2, mean=0 (+/-0).
P2: N=2, mean=0.5 (+/-0.97998).
Game Durations: N=4, mean=34.25 (+/-2.577304).
P1: N=2, mean=35 (+/-5.87988).
P2: N=2, mean=33.5 (+/-0.97998).
=====================================================
=====================================================
Completed 5 games.

Agent 1 (UCT)
Winning score (between 0 and 1) : N=5, mean=0.8 (+/-0.391992).
P1: N=3, mean=0.666667 (+/-0.65332).
P2: N=2, mean=1 (+/-0).
Game Durations: N=5, mean=34.8 (+/-2.268818).
P1: N=3, mean=34.666667 (+/-2.355579).
P2: N=2, mean=35 (+/-5.87988).

Agent 2 (SHUCTAnyTime)
Winning score (between 0 and 1) : N=5, mean=0.2 (+/-0.391992).
P1: N=2, mean=0 (+/-0).
P2: N=3, mean=0.333333 (+/-0.65332).
Game Durations: N=5, mean=34.8 (+/-2.268818).
P1: N=2, mean=35 (+/-5.87988).
P2: N=3, mean=34.666667 (+/-2.355579).
=====================================================
=====================================================
Completed 10 games.

Agent 1 (UCT)
Winning score (between 0 and 1) : N=10, mean=0.9 (+/-0.195996).
P1: N=5, mean=0.8 (+/-0.391992).
P2: N=5, mean=1 (+/-0).
Game Durations: N=10, mean=34.4 (+/-1.345268).
P1: N=5, mean=34 (+/-1.95996).
P2: N=5, mean=34.8 (+/-1.998775).

Agent 2 (SHUCTAnyTime)
Winning score (between 0 and 1) : N=10, mean=0.1 (+/-0.195996).
P1: N=5, mean=0 (+/-0).
P2: N=5, mean=0.2 (+/-0.391992).
Game Durations: N=10, mean=34.4 (+/-1.345268).
P1: N=5, mean=34.8 (+/-1.998775).
P2: N=5, mean=34 (+/-1.95996).
=====================================================
=====================================================
Completed 20 games.

Agent 1 (UCT)
Winning score (between 0 and 1) : N=20, mean=0.7 (+/-0.206054).
P1: N=10, mean=0.5 (+/-0.32666).
P2: N=10, mean=0.9 (+/-0.195996).
Game Durations: N=20, mean=33.6 (+/-1.019417).
P1: N=10, mean=33.5 (+/-1.525191).
P2: N=10, mean=33.7 (+/-1.432843).

Agent 2 (SHUCTAnyTime)
Winning score (between 0 and 1) : N=20, mean=0.3 (+/-0.206054).
P1: N=10, mean=0.1 (+/-0.195996).
P2: N=10, mean=0.5 (+/-0.32666).
Game Durations: N=20, mean=33.6 (+/-1.019417).
P1: N=10, mean=33.7 (+/-1.432843).
P2: N=10, mean=33.5 (+/-1.525191).
=====================================================
=====================================================
Completed 30 games.

Agent 1 (UCT)
Winning score (between 0 and 1) : N=30, mean=0.7 (+/-0.166785).
P1: N=15, mean=0.6 (+/-0.256619).
P2: N=15, mean=0.8 (+/-0.209529).
Game Durations: N=30, mean=33.4 (+/-0.933128).
P1: N=15, mean=33 (+/-1.254258).
P2: N=15, mean=33.8 (+/-1.39511).

Agent 2 (SHUCTAnyTime)
Winning score (between 0 and 1) : N=30, mean=0.3 (+/-0.166785).
P1: N=15, mean=0.2 (+/-0.209529).
P2: N=15, mean=0.4 (+/-0.256619).
Game Durations: N=30, mean=33.4 (+/-0.933128).
P1: N=15, mean=33.8 (+/-1.39511).
P2: N=15, mean=33 (+/-1.254258).
=====================================================
=====================================================
Completed 40 games.

Agent 1 (UCT)
Winning score (between 0 and 1) : N=40, mean=0.65 (+/-0.149694).
P1: N=20, mean=0.6 (+/-0.22028).
P2: N=20, mean=0.7 (+/-0.206054).
Game Durations: N=40, mean=33.65 (+/-0.855335).
P1: N=20, mean=33.4 (+/-1.086618).
P2: N=20, mean=33.9 (+/-1.340668).

Agent 2 (SHUCTAnyTime)
Winning score (between 0 and 1) : N=40, mean=0.35 (+/-0.149694).
P1: N=20, mean=0.3 (+/-0.206054).
P2: N=20, mean=0.4 (+/-0.22028).
Game Durations: N=40, mean=33.65 (+/-0.855335).
P1: N=20, mean=33.9 (+/-1.340668).
P2: N=20, mean=33.4 (+/-1.086618).
=====================================================
=====================================================
Completed 50 games.

Agent 1 (UCT)
Winning score (between 0 and 1) : N=50, mean=0.66 (+/-0.132636).
P1: N=25, mean=0.64 (+/-0.192036).
P2: N=25, mean=0.68 (+/-0.186626).
Game Durations: N=50, mean=33.84 (+/-0.73305).
P1: N=25, mean=33.6 (+/-0.89101).
P2: N=25, mean=34.08 (+/-1.17554).

Agent 2 (SHUCTAnyTime)
Winning score (between 0 and 1) : N=50, mean=0.34 (+/-0.132636).
P1: N=25, mean=0.32 (+/-0.186626).
P2: N=25, mean=0.36 (+/-0.192036).
Game Durations: N=50, mean=33.84 (+/-0.73305).
P1: N=25, mean=34.08 (+/-1.17554).
P2: N=25, mean=33.6 (+/-0.89101).
=====================================================
=====================================================
Completed 60 games.

Agent 1 (UCT)
Winning score (between 0 and 1) : N=60, mean=0.616667 (+/-0.124061).
P1: N=30, mean=0.633333 (+/-0.175388).
P2: N=30, mean=0.6 (+/-0.178301).
Game Durations: N=60, mean=33.85 (+/-0.633346).
P1: N=30, mean=33.7 (+/-0.764306).
P2: N=30, mean=34 (+/-1.020807).

Agent 2 (SHUCTAnyTime)
Winning score (between 0 and 1) : N=60, mean=0.383333 (+/-0.124061).
P1: N=30, mean=0.4 (+/-0.178301).
P2: N=30, mean=0.366667 (+/-0.175388).
Game Durations: N=60, mean=33.85 (+/-0.633346).
P1: N=30, mean=34 (+/-1.020807).
P2: N=30, mean=33.7 (+/-0.764306).
=====================================================
=====================================================
Completed 70 games.

Agent 1 (UCT)
Winning score (between 0 and 1) : N=70, mean=0.6 (+/-0.115592).
P1: N=35, mean=0.6 (+/-0.16467).
P2: N=35, mean=0.6 (+/-0.16467).
Game Durations: N=70, mean=33.728571 (+/-0.573709).
P1: N=35, mean=33.685714 (+/-0.694795).
P2: N=35, mean=33.771429 (+/-0.923457).

Agent 2 (SHUCTAnyTime)
Winning score (between 0 and 1) : N=70, mean=0.4 (+/-0.115592).
P1: N=35, mean=0.4 (+/-0.16467).
P2: N=35, mean=0.4 (+/-0.16467).
Game Durations: N=70, mean=33.728571 (+/-0.573709).
P1: N=35, mean=33.771429 (+/-0.923457).
P2: N=35, mean=33.685714 (+/-0.694795).
=====================================================
=====================================================
Completed 80 games.

Agent 1 (UCT)
Winning score (between 0 and 1) : N=80, mean=0.5875 (+/-0.108555).
P1: N=40, mean=0.625 (+/-0.151939).
P2: N=40, mean=0.55 (+/-0.156136).
Game Durations: N=80, mean=33.6125 (+/-0.532772).
P1: N=40, mean=33.625 (+/-0.664608).
P2: N=40, mean=33.6 (+/-0.841549).

Agent 2 (SHUCTAnyTime)
Winning score (between 0 and 1) : N=80, mean=0.4125 (+/-0.108555).
P1: N=40, mean=0.45 (+/-0.156136).
P2: N=40, mean=0.375 (+/-0.151939).
Game Durations: N=80, mean=33.6125 (+/-0.532772).
P1: N=40, mean=33.6 (+/-0.841549).
P2: N=40, mean=33.625 (+/-0.664608).
=====================================================
=====================================================
Completed 90 games.

Agent 1 (UCT)
Winning score (between 0 and 1) : N=90, mean=0.588889 (+/-0.102223).
P1: N=45, mean=0.644444 (+/-0.141438).
P2: N=45, mean=0.533333 (+/-0.147409).
Game Durations: N=90, mean=33.555556 (+/-0.479901).
P1: N=45, mean=33.622222 (+/-0.595167).
P2: N=45, mean=33.488889 (+/-0.759402).

Agent 2 (SHUCTAnyTime)
Winning score (between 0 and 1) : N=90, mean=0.411111 (+/-0.102223).
P1: N=45, mean=0.466667 (+/-0.147409).
P2: N=45, mean=0.355556 (+/-0.141438).
Game Durations: N=90, mean=33.555556 (+/-0.479901).
P1: N=45, mean=33.488889 (+/-0.759402).
P2: N=45, mean=33.622222 (+/-0.595167).
=====================================================
=====================================================
Completed 100 games.

Agent 1 (UCT)
Winning score (between 0 and 1) : N=100, mean=0.58 (+/-0.097223).
P1: N=50, mean=0.64 (+/-0.134397).
P2: N=50, mean=0.52 (+/-0.139885).
Game Durations: N=100, mean=33.5 (+/-0.452205).
P1: N=50, mean=33.56 (+/-0.568768).
P2: N=50, mean=33.44 (+/-0.70869).

Agent 2 (SHUCTAnyTime)
Winning score (between 0 and 1) : N=100, mean=0.42 (+/-0.097223).
P1: N=50, mean=0.48 (+/-0.139885).
P2: N=50, mean=0.36 (+/-0.134397).
Game Durations: N=100, mean=33.5 (+/-0.452205).
P1: N=50, mean=33.44 (+/-0.70869).
P2: N=50, mean=33.56 (+/-0.568768).
=====================================================
