Warming up...
Finished warming up!
=====================================================
Completed 1 games.

Agent 1 (UCT)
Winning score (between 0 and 1) : N=1, mean=0 (+/-0).
P1: N=0, mean=0 (+/-0).
P2: N=1, mean=0 (+/-0).
Game Durations: N=1, mean=31 (+/-0).
P1: N=0, mean=0 (+/-0).
P2: N=1, mean=31 (+/-0).

Agent 2 (SHUCTAnyTime)
Winning score (between 0 and 1) : N=1, mean=1 (+/-0).
P1: N=1, mean=1 (+/-0).
P2: N=0, mean=0 (+/-0).
Game Durations: N=1, mean=31 (+/-0).
P1: N=1, mean=31 (+/-0).
P2: N=0, mean=0 (+/-0).
=====================================================
=====================================================
Completed 2 games.

Agent 1 (UCT)
Winning score (between 0 and 1) : N=2, mean=0 (+/-0).
P1: N=1, mean=0 (+/-0).
P2: N=1, mean=0 (+/-0).
Game Durations: N=2, mean=31.5 (+/-0.97998).
P1: N=1, mean=32 (+/-0).
P2: N=1, mean=31 (+/-0).

Agent 2 (SHUCTAnyTime)
Winning score (between 0 and 1) : N=2, mean=1 (+/-0).
P1: N=1, mean=1 (+/-0).
P2: N=1, mean=1 (+/-0).
Game Durations: N=2, mean=31.5 (+/-0.97998).
P1: N=1, mean=31 (+/-0).
P2: N=1, mean=32 (+/-0).
=====================================================
=====================================================
Completed 3 games.

Agent 1 (UCT)
Winning score (between 0 and 1) : N=3, mean=0.333333 (+/-0.65332).
P1: N=1, mean=0 (+/-0).
P2: N=2, mean=0.5 (+/-0.97998).
Game Durations: N=3, mean=32.333333 (+/-1.728522).
P1: N=1, mean=32 (+/-0).
P2: N=2, mean=32.5 (+/-2.93994).

Agent 2 (SHUCTAnyTime)
Winning score (between 0 and 1) : N=3, mean=0.666667 (+/-0.65332).
P1: N=2, mean=0.5 (+/-0.97998).
P2: N=1, mean=1 (+/-0).
Game Durations: N=3, mean=32.333333 (+/-1.728522).
P1: N=2, mean=32.5 (+/-2.93994).
P2: N=1, mean=32 (+/-0).
=====================================================
=====================================================
Completed 4 games.

Agent 1 (UCT)
Winning score (between 0 and 1) : N=4, mean=0.5 (+/-0.565792).
P1: N=2, mean=0.5 (+/-0.97998).
P2: N=2, mean=0.5 (+/-0.97998).
Game Durations: N=4, mean=33 (+/-1.789191).
P1: N=2, mean=33.5 (+/-2.93994).
P2: N=2, mean=32.5 (+/-2.93994).

Agent 2 (SHUCTAnyTime)
Winning score (between 0 and 1) : N=4, mean=0.5 (+/-0.565792).
P1: N=2, mean=0.5 (+/-0.97998).
P2: N=2, mean=0.5 (+/-0.97998).
Game Durations: N=4, mean=33 (+/-1.789191).
P1: N=2, mean=32.5 (+/-2.93994).
P2: N=2, mean=33.5 (+/-2.93994).
=====================================================
=====================================================
Completed 5 games.

Agent 1 (UCT)
Winning score (between 0 and 1) : N=5, mean=0.4 (+/-0.48009).
P1: N=2, mean=0.5 (+/-0.97998).
P2: N=3, mean=0.333333 (+/-0.65332).
Game Durations: N=5, mean=33.4 (+/-1.592279).
P1: N=2, mean=33.5 (+/-2.93994).
P2: N=3, mean=33.333333 (+/-2.355579).

Agent 2 (SHUCTAnyTime)
Winning score (between 0 and 1) : N=5, mean=0.6 (+/-0.48009).
P1: N=3, mean=0.666667 (+/-0.65332).
P2: N=2, mean=0.5 (+/-0.97998).
Game Durations: N=5, mean=33.4 (+/-1.592279).
P1: N=3, mean=33.333333 (+/-2.355579).
P2: N=2, mean=33.5 (+/-2.93994).
=====================================================
=====================================================
Completed 10 games.

Agent 1 (UCT)
Winning score (between 0 and 1) : N=10, mean=0.5 (+/-0.32666).
P1: N=5, mean=0.8 (+/-0.391992).
P2: N=5, mean=0.2 (+/-0.391992).
Game Durations: N=10, mean=34.2 (+/-1.232682).
P1: N=5, mean=34.4 (+/-1.708654).
P2: N=5, mean=34 (+/-1.95996).

Agent 2 (SHUCTAnyTime)
Winning score (between 0 and 1) : N=10, mean=0.5 (+/-0.32666).
P1: N=5, mean=0.8 (+/-0.391992).
P2: N=5, mean=0.2 (+/-0.391992).
Game Durations: N=10, mean=34.2 (+/-1.232682).
P1: N=5, mean=34 (+/-1.95996).
P2: N=5, mean=34.4 (+/-1.708654).
=====================================================
=====================================================
Completed 20 games.

Agent 1 (UCT)
Winning score (between 0 and 1) : N=20, mean=0.4 (+/-0.22028).
P1: N=10, mean=0.6 (+/-0.32006).
P2: N=10, mean=0.2 (+/-0.261328).
Game Durations: N=20, mean=34.6 (+/-0.892521).
P1: N=10, mean=35 (+/-1.30664).
P2: N=10, mean=34.2 (+/-1.232682).

Agent 2 (SHUCTAnyTime)
Winning score (between 0 and 1) : N=20, mean=0.6 (+/-0.22028).
P1: N=10, mean=0.8 (+/-0.261328).
P2: N=10, mean=0.4 (+/-0.32006).
Game Durations: N=20, mean=34.6 (+/-0.892521).
P1: N=10, mean=34.2 (+/-1.232682).
P2: N=10, mean=35 (+/-1.30664).
=====================================================
=====================================================
Completed 30 games.

Agent 1 (UCT)
Winning score (between 0 and 1) : N=30, mean=0.433333 (+/-0.180353).
P1: N=15, mean=0.666667 (+/-0.246932).
P2: N=15, mean=0.2 (+/-0.209529).
Game Durations: N=30, mean=33.8 (+/-0.863324).
P1: N=15, mean=33.733333 (+/-1.487341).
P2: N=15, mean=33.866667 (+/-0.934434).

Agent 2 (SHUCTAnyTime)
Winning score (between 0 and 1) : N=30, mean=0.566667 (+/-0.180353).
P1: N=15, mean=0.8 (+/-0.209529).
P2: N=15, mean=0.333333 (+/-0.246932).
Game Durations: N=30, mean=33.8 (+/-0.863324).
P1: N=15, mean=33.866667 (+/-0.934434).
P2: N=15, mean=33.733333 (+/-1.487341).
=====================================================
=====================================================
Completed 40 games.

Agent 1 (UCT)
Winning score (between 0 and 1) : N=40, mean=0.4 (+/-0.153752).
P1: N=20, mean=0.6 (+/-0.22028).
P2: N=20, mean=0.2 (+/-0.179858).
Game Durations: N=40, mean=33.5 (+/-0.76555).
P1: N=20, mean=33.5 (+/-1.219029).
P2: N=20, mean=33.5 (+/-0.959127).

Agent 2 (SHUCTAnyTime)
Winning score (between 0 and 1) : N=40, mean=0.6 (+/-0.153752).
P1: N=20, mean=0.8 (+/-0.179858).
P2: N=20, mean=0.4 (+/-0.22028).
Game Durations: N=40, mean=33.5 (+/-0.76555).
P1: N=20, mean=33.5 (+/-0.959127).
P2: N=20, mean=33.5 (+/-1.219029).
=====================================================
=====================================================
Completed 50 games.

Agent 1 (UCT)
Winning score (between 0 and 1) : N=50, mean=0.46 (+/-0.139548).
P1: N=25, mean=0.68 (+/-0.186626).
P2: N=25, mean=0.24 (+/-0.170865).
Game Durations: N=50, mean=33.48 (+/-0.728502).
P1: N=25, mean=33.88 (+/-1.051338).
P2: N=25, mean=33.08 (+/-1.005264).

Agent 2 (SHUCTAnyTime)
Winning score (between 0 and 1) : N=50, mean=0.54 (+/-0.139548).
P1: N=25, mean=0.76 (+/-0.170865).
P2: N=25, mean=0.32 (+/-0.186626).
Game Durations: N=50, mean=33.48 (+/-0.728502).
P1: N=25, mean=33.08 (+/-1.005264).
P2: N=25, mean=33.88 (+/-1.051338).
=====================================================
=====================================================
Completed 60 games.

Agent 1 (UCT)
Winning score (between 0 and 1) : N=60, mean=0.433333 (+/-0.126443).
P1: N=30, mean=0.633333 (+/-0.175388).
P2: N=30, mean=0.233333 (+/-0.153936).
Game Durations: N=60, mean=33.466667 (+/-0.625834).
P1: N=30, mean=33.833333 (+/-0.916336).
P2: N=30, mean=33.1 (+/-0.847581).

Agent 2 (SHUCTAnyTime)
Winning score (between 0 and 1) : N=60, mean=0.566667 (+/-0.126443).
P1: N=30, mean=0.766667 (+/-0.153936).
P2: N=30, mean=0.366667 (+/-0.175388).
Game Durations: N=60, mean=33.466667 (+/-0.625834).
P1: N=30, mean=33.1 (+/-0.847581).
P2: N=30, mean=33.833333 (+/-0.916336).
=====================================================
=====================================================
Completed 70 games.

Agent 1 (UCT)
Winning score (between 0 and 1) : N=70, mean=0.457143 (+/-0.117542).
P1: N=35, mean=0.6 (+/-0.16467).
P2: N=35, mean=0.314286 (+/-0.156042).
Game Durations: N=70, mean=33.385714 (+/-0.616955).
P1: N=35, mean=33.628571 (+/-0.902239).
P2: N=35, mean=33.142857 (+/-0.84709).

Agent 2 (SHUCTAnyTime)
Winning score (between 0 and 1) : N=70, mean=0.542857 (+/-0.117542).
P1: N=35, mean=0.685714 (+/-0.156042).
P2: N=35, mean=0.4 (+/-0.16467).
Game Durations: N=70, mean=33.385714 (+/-0.616955).
P1: N=35, mean=33.142857 (+/-0.84709).
P2: N=35, mean=33.628571 (+/-0.902239).
=====================================================
=====================================================
Completed 80 games.

Agent 1 (UCT)
Winning score (between 0 and 1) : N=80, mean=0.475 (+/-0.110118).
P1: N=40, mean=0.625 (+/-0.151939).
P2: N=40, mean=0.325 (+/-0.146997).
Game Durations: N=80, mean=33.5 (+/-0.577137).
P1: N=40, mean=33.675 (+/-0.813541).
P2: N=40, mean=33.325 (+/-0.825559).

Agent 2 (SHUCTAnyTime)
Winning score (between 0 and 1) : N=80, mean=0.525 (+/-0.110118).
P1: N=40, mean=0.675 (+/-0.146997).
P2: N=40, mean=0.375 (+/-0.151939).
Game Durations: N=80, mean=33.5 (+/-0.577137).
P1: N=40, mean=33.325 (+/-0.825559).
P2: N=40, mean=33.675 (+/-0.813541).
=====================================================
=====================================================
Completed 90 games.

Agent 1 (UCT)
Winning score (between 0 and 1) : N=90, mean=0.466667 (+/-0.103647).
P1: N=45, mean=0.6 (+/-0.144753).
P2: N=45, mean=0.333333 (+/-0.139288).
Game Durations: N=90, mean=33.455556 (+/-0.524818).
P1: N=45, mean=33.622222 (+/-0.743045).
P2: N=45, mean=33.288889 (+/-0.746518).

Agent 2 (SHUCTAnyTime)
Winning score (between 0 and 1) : N=90, mean=0.533333 (+/-0.103647).
P1: N=45, mean=0.666667 (+/-0.139288).
P2: N=45, mean=0.4 (+/-0.144753).
Game Durations: N=90, mean=33.455556 (+/-0.524818).
P1: N=45, mean=33.288889 (+/-0.746518).
P2: N=45, mean=33.622222 (+/-0.743045).
=====================================================
=====================================================
Completed 100 games.

Agent 1 (UCT)
Winning score (between 0 and 1) : N=100, mean=0.48 (+/-0.098413).
P1: N=50, mean=0.6 (+/-0.137169).
P2: N=50, mean=0.36 (+/-0.134397).
Game Durations: N=100, mean=33.44 (+/-0.483569).
P1: N=50, mean=33.56 (+/-0.681624).
P2: N=50, mean=33.32 (+/-0.691399).

Agent 2 (SHUCTAnyTime)
Winning score (between 0 and 1) : N=100, mean=0.52 (+/-0.098413).
P1: N=50, mean=0.64 (+/-0.134397).
P2: N=50, mean=0.4 (+/-0.137169).
Game Durations: N=100, mean=33.44 (+/-0.483569).
P1: N=50, mean=33.32 (+/-0.691399).
P2: N=50, mean=33.56 (+/-0.681624).
=====================================================
