Warming up...
Finished warming up!
=====================================================
Completed 1 games.

Agent 1 (SHUCTAnyTime)
Winning score (between 0 and 1) : N=1, mean=0 (+/-0).
P1: N=1, mean=0 (+/-0).
P2: N=0, mean=0 (+/-0).
Game Durations: N=1, mean=20 (+/-0).
P1: N=1, mean=20 (+/-0).
P2: N=0, mean=0 (+/-0).

Agent 2 (Example UCT)
Winning score (between 0 and 1) : N=1, mean=1 (+/-0).
P1: N=0, mean=0 (+/-0).
P2: N=1, mean=1 (+/-0).
Game Durations: N=1, mean=20 (+/-0).
P1: N=0, mean=0 (+/-0).
P2: N=1, mean=20 (+/-0).
=====================================================
=====================================================
Completed 2 games.

Agent 1 (SHUCTAnyTime)
Winning score (between 0 and 1) : N=2, mean=0.5 (+/-0.97998).
P1: N=1, mean=0 (+/-0).
P2: N=1, mean=1 (+/-0).
Game Durations: N=2, mean=16 (+/-7.83984).
P1: N=1, mean=20 (+/-0).
P2: N=1, mean=12 (+/-0).

Agent 2 (Example UCT)
Winning score (between 0 and 1) : N=2, mean=0.5 (+/-0.97998).
P1: N=1, mean=0 (+/-0).
P2: N=1, mean=1 (+/-0).
Game Durations: N=2, mean=16 (+/-7.83984).
P1: N=1, mean=12 (+/-0).
P2: N=1, mean=20 (+/-0).
=====================================================
=====================================================
Completed 3 games.

Agent 1 (SHUCTAnyTime)
Winning score (between 0 and 1) : N=3, mean=0.666667 (+/-0.65332).
P1: N=2, mean=0.5 (+/-0.97998).
P2: N=1, mean=1 (+/-0).
Game Durations: N=3, mean=15 (+/-4.932458).
P1: N=2, mean=16.5 (+/-6.85986).
P2: N=1, mean=12 (+/-0).

Agent 2 (Example UCT)
Winning score (between 0 and 1) : N=3, mean=0.333333 (+/-0.65332).
P1: N=1, mean=0 (+/-0).
P2: N=2, mean=0.5 (+/-0.97998).
Game Durations: N=3, mean=15 (+/-4.932458).
P1: N=1, mean=12 (+/-0).
P2: N=2, mean=16.5 (+/-6.85986).
=====================================================
=====================================================
Completed 4 games.

Agent 1 (SHUCTAnyTime)
Winning score (between 0 and 1) : N=4, mean=0.75 (+/-0.48999).
P1: N=2, mean=0.5 (+/-0.97998).
P2: N=2, mean=1 (+/-0).
Game Durations: N=4, mean=12.75 (+/-5.622444).
P1: N=2, mean=16.5 (+/-6.85986).
P2: N=2, mean=9 (+/-5.87988).

Agent 2 (Example UCT)
Winning score (between 0 and 1) : N=4, mean=0.25 (+/-0.48999).
P1: N=2, mean=0 (+/-0).
P2: N=2, mean=0.5 (+/-0.97998).
Game Durations: N=4, mean=12.75 (+/-5.622444).
P1: N=2, mean=9 (+/-5.87988).
P2: N=2, mean=16.5 (+/-6.85986).
=====================================================
=====================================================
Completed 5 games.

Agent 1 (SHUCTAnyTime)
Winning score (between 0 and 1) : N=5, mean=0.8 (+/-0.391992).
P1: N=3, mean=0.666667 (+/-0.65332).
P2: N=2, mean=1 (+/-0).
Game Durations: N=5, mean=13.2 (+/-4.443537).
P1: N=3, mean=16 (+/-4.079982).
P2: N=2, mean=9 (+/-5.87988).

Agent 2 (Example UCT)
Winning score (between 0 and 1) : N=5, mean=0.2 (+/-0.391992).
P1: N=2, mean=0 (+/-0).
P2: N=3, mean=0.333333 (+/-0.65332).
Game Durations: N=5, mean=13.2 (+/-4.443537).
P1: N=2, mean=9 (+/-5.87988).
P2: N=3, mean=16 (+/-4.079982).
=====================================================
=====================================================
Completed 10 games.

Agent 1 (SHUCTAnyTime)
Winning score (between 0 and 1) : N=10, mean=0.8 (+/-0.261328).
P1: N=5, mean=0.6 (+/-0.48009).
P2: N=5, mean=1 (+/-0).
Game Durations: N=10, mean=14.5 (+/-3.834604).
P1: N=5, mean=14.6 (+/-4.408821).
P2: N=5, mean=14.4 (+/-6.834614).

Agent 2 (Example UCT)
Winning score (between 0 and 1) : N=10, mean=0.2 (+/-0.261328).
P1: N=5, mean=0 (+/-0).
P2: N=5, mean=0.4 (+/-0.48009).
Game Durations: N=10, mean=14.5 (+/-3.834604).
P1: N=5, mean=14.4 (+/-6.834614).
P2: N=5, mean=14.6 (+/-4.408821).
=====================================================
=====================================================
Completed 20 games.

Agent 1 (SHUCTAnyTime)
Winning score (between 0 and 1) : N=20, mean=0.75 (+/-0.194702).
P1: N=10, mean=0.7 (+/-0.299389).
P2: N=10, mean=0.8 (+/-0.261328).
Game Durations: N=20, mean=17.65 (+/-3.760057).
P1: N=10, mean=18.3 (+/-4.702543).
P2: N=10, mean=17 (+/-6.100764).

Agent 2 (Example UCT)
Winning score (between 0 and 1) : N=20, mean=0.25 (+/-0.194702).
P1: N=10, mean=0.2 (+/-0.261328).
P2: N=10, mean=0.3 (+/-0.299389).
Game Durations: N=20, mean=17.65 (+/-3.760057).
P1: N=10, mean=17 (+/-6.100764).
P2: N=10, mean=18.3 (+/-4.702543).
=====================================================
=====================================================
Completed 30 games.

Agent 1 (SHUCTAnyTime)
Winning score (between 0 and 1) : N=30, mean=0.7 (+/-0.166785).
P1: N=15, mean=0.666667 (+/-0.246932).
P2: N=15, mean=0.733333 (+/-0.231643).
Game Durations: N=30, mean=17.6 (+/-2.829505).
P1: N=15, mean=18 (+/-3.383956).
P2: N=15, mean=17.2 (+/-4.650715).

Agent 2 (Example UCT)
Winning score (between 0 and 1) : N=30, mean=0.3 (+/-0.166785).
P1: N=15, mean=0.266667 (+/-0.231643).
P2: N=15, mean=0.333333 (+/-0.246932).
Game Durations: N=30, mean=17.6 (+/-2.829505).
P1: N=15, mean=17.2 (+/-4.650715).
P2: N=15, mean=18 (+/-3.383956).
=====================================================
=====================================================
Completed 40 games.

Agent 1 (SHUCTAnyTime)
Winning score (between 0 and 1) : N=40, mean=0.675 (+/-0.146997).
P1: N=20, mean=0.75 (+/-0.194702).
P2: N=20, mean=0.6 (+/-0.22028).
Game Durations: N=40, mean=17.725 (+/-2.850626).
P1: N=20, mean=18.35 (+/-4.374003).
P2: N=20, mean=17.1 (+/-3.750972).

Agent 2 (Example UCT)
Winning score (between 0 and 1) : N=40, mean=0.325 (+/-0.146997).
P1: N=20, mean=0.4 (+/-0.22028).
P2: N=20, mean=0.25 (+/-0.194702).
Game Durations: N=40, mean=17.725 (+/-2.850626).
P1: N=20, mean=17.1 (+/-3.750972).
P2: N=20, mean=18.35 (+/-4.374003).
=====================================================
=====================================================
Completed 50 games.

Agent 1 (SHUCTAnyTime)
Winning score (between 0 and 1) : N=50, mean=0.7 (+/-0.12831).
P1: N=25, mean=0.8 (+/-0.16003).
P2: N=25, mean=0.6 (+/-0.195996).
Game Durations: N=50, mean=16.92 (+/-2.514243).
P1: N=25, mean=16.72 (+/-3.816507).
P2: N=25, mean=17.12 (+/-3.351704).

Agent 2 (Example UCT)
Winning score (between 0 and 1) : N=50, mean=0.3 (+/-0.12831).
P1: N=25, mean=0.4 (+/-0.195996).
P2: N=25, mean=0.2 (+/-0.16003).
Game Durations: N=50, mean=16.92 (+/-2.514243).
P1: N=25, mean=17.12 (+/-3.351704).
P2: N=25, mean=16.72 (+/-3.816507).
=====================================================
=====================================================
Completed 60 games.

Agent 1 (SHUCTAnyTime)
Winning score (between 0 and 1) : N=60, mean=0.683333 (+/-0.118697).
P1: N=30, mean=0.766667 (+/-0.153936).
P2: N=30, mean=0.6 (+/-0.178301).
Game Durations: N=60, mean=17.283333 (+/-2.1911).
P1: N=30, mean=17.5 (+/-3.324768).
P2: N=30, mean=17.066667 (+/-2.910025).

Agent 2 (Example UCT)
Winning score (between 0 and 1) : N=60, mean=0.316667 (+/-0.118697).
P1: N=30, mean=0.4 (+/-0.178301).
P2: N=30, mean=0.233333 (+/-0.153936).
Game Durations: N=60, mean=17.283333 (+/-2.1911).
P1: N=30, mean=17.066667 (+/-2.910025).
P2: N=30, mean=17.5 (+/-3.324768).
=====================================================
=====================================================
Completed 70 games.

Agent 1 (SHUCTAnyTime)
Winning score (between 0 and 1) : N=70, mean=0.642857 (+/-0.113058).
P1: N=35, mean=0.714286 (+/-0.151848).
P2: N=35, mean=0.571429 (+/-0.166341).
Game Durations: N=70, mean=17.485714 (+/-2.199993).
P1: N=35, mean=16.771429 (+/-2.947984).
P2: N=35, mean=18.2 (+/-3.292215).

Agent 2 (Example UCT)
Winning score (between 0 and 1) : N=70, mean=0.357143 (+/-0.113058).
P1: N=35, mean=0.428571 (+/-0.166341).
P2: N=35, mean=0.285714 (+/-0.151848).
Game Durations: N=70, mean=17.485714 (+/-2.199993).
P1: N=35, mean=18.2 (+/-3.292215).
P2: N=35, mean=16.771429 (+/-2.947984).
=====================================================
=====================================================
Completed 80 games.

Agent 1 (SHUCTAnyTime)
Winning score (between 0 and 1) : N=80, mean=0.625 (+/-0.106755).
P1: N=40, mean=0.65 (+/-0.149694).
P2: N=40, mean=0.6 (+/-0.153752).
Game Durations: N=80, mean=17.975 (+/-2.016509).
P1: N=40, mean=17.3 (+/-2.702712).
P2: N=40, mean=18.65 (+/-3.013196).

Agent 2 (Example UCT)
Winning score (between 0 and 1) : N=80, mean=0.375 (+/-0.106755).
P1: N=40, mean=0.4 (+/-0.153752).
P2: N=40, mean=0.35 (+/-0.149694).
Game Durations: N=80, mean=17.975 (+/-2.016509).
P1: N=40, mean=18.65 (+/-3.013196).
P2: N=40, mean=17.3 (+/-2.702712).
=====================================================
=====================================================
Completed 90 games.

Agent 1 (SHUCTAnyTime)
Winning score (between 0 and 1) : N=90, mean=0.611111 (+/-0.10128).
P1: N=45, mean=0.644444 (+/-0.141438).
P2: N=45, mean=0.577778 (+/-0.145939).
Game Durations: N=90, mean=17.577778 (+/-1.842664).
P1: N=45, mean=17.177778 (+/-2.451861).
P2: N=45, mean=17.977778 (+/-2.774243).

Agent 2 (Example UCT)
Winning score (between 0 and 1) : N=90, mean=0.388889 (+/-0.10128).
P1: N=45, mean=0.422222 (+/-0.145939).
P2: N=45, mean=0.355556 (+/-0.141438).
Game Durations: N=90, mean=17.577778 (+/-1.842664).
P1: N=45, mean=17.977778 (+/-2.774243).
P2: N=45, mean=17.177778 (+/-2.451861).
=====================================================
=====================================================
Completed 100 games.

Agent 1 (SHUCTAnyTime)
Winning score (between 0 and 1) : N=100, mean=0.62 (+/-0.095613).
P1: N=50, mean=0.68 (+/-0.130611).
P2: N=50, mean=0.56 (+/-0.138986).
Game Durations: N=100, mean=17.66 (+/-1.714598).
P1: N=50, mean=17.08 (+/-2.227206).
P2: N=50, mean=18.24 (+/-2.62034).

Agent 2 (Example UCT)
Winning score (between 0 and 1) : N=100, mean=0.38 (+/-0.095613).
P1: N=50, mean=0.44 (+/-0.138986).
P2: N=50, mean=0.32 (+/-0.130611).
Game Durations: N=100, mean=17.66 (+/-1.714598).
P1: N=50, mean=18.24 (+/-2.62034).
P2: N=50, mean=17.08 (+/-2.227206).
=====================================================
=====================================================
Completed 110 games.

Agent 1 (SHUCTAnyTime)
Winning score (between 0 and 1) : N=110, mean=0.618182 (+/-0.091205).
P1: N=55, mean=0.672727 (+/-0.125148).
P2: N=55, mean=0.563636 (+/-0.132274).
Game Durations: N=110, mean=17.809091 (+/-1.618977).
P1: N=55, mean=17 (+/-2.055309).
P2: N=55, mean=18.618182 (+/-2.502796).

Agent 2 (Example UCT)
Winning score (between 0 and 1) : N=110, mean=0.381818 (+/-0.091205).
P1: N=55, mean=0.436364 (+/-0.132274).
P2: N=55, mean=0.327273 (+/-0.125148).
Game Durations: N=110, mean=17.809091 (+/-1.618977).
P1: N=55, mean=18.618182 (+/-2.502796).
P2: N=55, mean=17 (+/-2.055309).
=====================================================
=====================================================
Completed 120 games.

Agent 1 (SHUCTAnyTime)
Winning score (between 0 and 1) : N=120, mean=0.6 (+/-0.08802).
P1: N=60, mean=0.666667 (+/-0.120286).
P2: N=60, mean=0.533333 (+/-0.127299).
Game Durations: N=120, mean=17.733333 (+/-1.531188).
P1: N=60, mean=17 (+/-1.936567).
P2: N=60, mean=18.466667 (+/-2.3743).

Agent 2 (Example UCT)
Winning score (between 0 and 1) : N=120, mean=0.4 (+/-0.08802).
P1: N=60, mean=0.466667 (+/-0.127299).
P2: N=60, mean=0.333333 (+/-0.120286).
Game Durations: N=120, mean=17.733333 (+/-1.531188).
P1: N=60, mean=18.466667 (+/-2.3743).
P2: N=60, mean=17 (+/-1.936567).
=====================================================
=====================================================
Completed 130 games.

Agent 1 (SHUCTAnyTime)
Winning score (between 0 and 1) : N=130, mean=0.607692 (+/-0.084257).
P1: N=65, mean=0.661538 (+/-0.115928).
P2: N=65, mean=0.553846 (+/-0.121785).
Game Durations: N=130, mean=17.738462 (+/-1.482228).
P1: N=65, mean=17.215385 (+/-1.973806).
P2: N=65, mean=18.261538 (+/-2.219888).

Agent 2 (Example UCT)
Winning score (between 0 and 1) : N=130, mean=0.392308 (+/-0.084257).
P1: N=65, mean=0.446154 (+/-0.121785).
P2: N=65, mean=0.338462 (+/-0.115928).
Game Durations: N=130, mean=17.738462 (+/-1.482228).
P1: N=65, mean=18.261538 (+/-2.219888).
P2: N=65, mean=17.215385 (+/-1.973806).
=====================================================
=====================================================
Completed 140 games.

Agent 1 (SHUCTAnyTime)
Winning score (between 0 and 1) : N=140, mean=0.607143 (+/-0.08119).
P1: N=70, mean=0.657143 (+/-0.111998).
P2: N=70, mean=0.557143 (+/-0.117203).
Game Durations: N=140, mean=17.692857 (+/-1.39143).
P1: N=70, mean=17.257143 (+/-1.856036).
P2: N=70, mean=18.128571 (+/-2.081928).

Agent 2 (Example UCT)
Winning score (between 0 and 1) : N=140, mean=0.392857 (+/-0.08119).
P1: N=70, mean=0.442857 (+/-0.117203).
P2: N=70, mean=0.342857 (+/-0.111998).
Game Durations: N=140, mean=17.692857 (+/-1.39143).
P1: N=70, mean=18.128571 (+/-2.081928).
P2: N=70, mean=17.257143 (+/-1.856036).
=====================================================
=====================================================
Completed 150 games.

Agent 1 (SHUCTAnyTime)
Winning score (between 0 and 1) : N=150, mean=0.613333 (+/-0.078194).
P1: N=75, mean=0.64 (+/-0.109364).
P2: N=75, mean=0.586667 (+/-0.112196).
Game Durations: N=150, mean=17.82 (+/-1.316652).
P1: N=75, mean=17.306667 (+/-1.767971).
P2: N=75, mean=18.333333 (+/-1.956543).

Agent 2 (Example UCT)
Winning score (between 0 and 1) : N=150, mean=0.386667 (+/-0.078194).
P1: N=75, mean=0.413333 (+/-0.112196).
P2: N=75, mean=0.36 (+/-0.109364).
Game Durations: N=150, mean=17.82 (+/-1.316652).
P1: N=75, mean=18.333333 (+/-1.956543).
P2: N=75, mean=17.306667 (+/-1.767971).
=====================================================
