Warming up...
Finished warming up!
=====================================================
Completed 1 games.

Agent 1 (SHUCTAnyTime)
Winning score (between 0 and 1) : N=1, mean=0 (+/-0).
P1: N=1, mean=0 (+/-0).
P2: N=0, mean=0 (+/-0).
Game Durations: N=1, mean=16 (+/-0).
P1: N=1, mean=16 (+/-0).
P2: N=0, mean=0 (+/-0).

Agent 2 (Example UCT)
Winning score (between 0 and 1) : N=1, mean=1 (+/-0).
P1: N=0, mean=0 (+/-0).
P2: N=1, mean=1 (+/-0).
Game Durations: N=1, mean=16 (+/-0).
P1: N=0, mean=0 (+/-0).
P2: N=1, mean=16 (+/-0).
=====================================================
=====================================================
Completed 2 games.

Agent 1 (SHUCTAnyTime)
Winning score (between 0 and 1) : N=2, mean=0.5 (+/-0.97998).
P1: N=1, mean=0 (+/-0).
P2: N=1, mean=1 (+/-0).
Game Durations: N=2, mean=19 (+/-5.87988).
P1: N=1, mean=16 (+/-0).
P2: N=1, mean=22 (+/-0).

Agent 2 (Example UCT)
Winning score (between 0 and 1) : N=2, mean=0.5 (+/-0.97998).
P1: N=1, mean=0 (+/-0).
P2: N=1, mean=1 (+/-0).
Game Durations: N=2, mean=19 (+/-5.87988).
P1: N=1, mean=22 (+/-0).
P2: N=1, mean=16 (+/-0).
=====================================================
=====================================================
Completed 3 games.

Agent 1 (SHUCTAnyTime)
Winning score (between 0 and 1) : N=3, mean=0.333333 (+/-0.65332).
P1: N=2, mean=0 (+/-0).
P2: N=1, mean=1 (+/-0).
Game Durations: N=3, mean=22.666667 (+/-7.947981).
P1: N=2, mean=23 (+/-13.71972).
P2: N=1, mean=22 (+/-0).

Agent 2 (Example UCT)
Winning score (between 0 and 1) : N=3, mean=0.666667 (+/-0.65332).
P1: N=1, mean=0 (+/-0).
P2: N=2, mean=1 (+/-0).
Game Durations: N=3, mean=22.666667 (+/-7.947981).
P1: N=1, mean=22 (+/-0).
P2: N=2, mean=23 (+/-13.71972).
=====================================================
=====================================================
Completed 4 games.

Agent 1 (SHUCTAnyTime)
Winning score (between 0 and 1) : N=4, mean=0.25 (+/-0.48999).
P1: N=2, mean=0 (+/-0).
P2: N=2, mean=0.5 (+/-0.97998).
Game Durations: N=4, mean=24.25 (+/-6.419929).
P1: N=2, mean=23 (+/-13.71972).
P2: N=2, mean=25.5 (+/-6.85986).

Agent 2 (Example UCT)
Winning score (between 0 and 1) : N=4, mean=0.75 (+/-0.48999).
P1: N=2, mean=0.5 (+/-0.97998).
P2: N=2, mean=1 (+/-0).
Game Durations: N=4, mean=24.25 (+/-6.419929).
P1: N=2, mean=25.5 (+/-6.85986).
P2: N=2, mean=23 (+/-13.71972).
=====================================================
=====================================================
Completed 5 games.

Agent 1 (SHUCTAnyTime)
Winning score (between 0 and 1) : N=5, mean=0.4 (+/-0.48009).
P1: N=3, mean=0.333333 (+/-0.65332).
P2: N=2, mean=0.5 (+/-0.97998).
Game Durations: N=5, mean=21.6 (+/-7.190676).
P1: N=3, mean=19 (+/-11.144804).
P2: N=2, mean=25.5 (+/-6.85986).

Agent 2 (Example UCT)
Winning score (between 0 and 1) : N=5, mean=0.6 (+/-0.48009).
P1: N=2, mean=0.5 (+/-0.97998).
P2: N=3, mean=0.666667 (+/-0.65332).
Game Durations: N=5, mean=21.6 (+/-7.190676).
P1: N=2, mean=25.5 (+/-6.85986).
P2: N=3, mean=19 (+/-11.144804).
=====================================================
=====================================================
Completed 10 games.

Agent 1 (SHUCTAnyTime)
Winning score (between 0 and 1) : N=10, mean=0.3 (+/-0.299389).
P1: N=5, mean=0.4 (+/-0.48009).
P2: N=5, mean=0.2 (+/-0.391992).
Game Durations: N=10, mean=20.4 (+/-3.900271).
P1: N=5, mean=18.8 (+/-6.995712).
P2: N=5, mean=22 (+/-3.820665).

Agent 2 (Example UCT)
Winning score (between 0 and 1) : N=10, mean=0.7 (+/-0.299389).
P1: N=5, mean=0.8 (+/-0.391992).
P2: N=5, mean=0.6 (+/-0.48009).
Game Durations: N=10, mean=20.4 (+/-3.900271).
P1: N=5, mean=22 (+/-3.820665).
P2: N=5, mean=18.8 (+/-6.995712).
=====================================================
=====================================================
Completed 20 games.

Agent 1 (SHUCTAnyTime)
Winning score (between 0 and 1) : N=20, mean=0.45 (+/-0.223696).
P1: N=10, mean=0.5 (+/-0.32666).
P2: N=10, mean=0.4 (+/-0.32006).
Game Durations: N=20, mean=23.65 (+/-3.708623).
P1: N=10, mean=23.1 (+/-6.978302).
P2: N=10, mean=24.2 (+/-3.019441).

Agent 2 (Example UCT)
Winning score (between 0 and 1) : N=20, mean=0.55 (+/-0.223696).
P1: N=10, mean=0.6 (+/-0.32006).
P2: N=10, mean=0.5 (+/-0.32666).
Game Durations: N=20, mean=23.65 (+/-3.708623).
P1: N=10, mean=24.2 (+/-3.019441).
P2: N=10, mean=23.1 (+/-6.978302).
=====================================================
=====================================================
Completed 30 games.

Agent 1 (SHUCTAnyTime)
Winning score (between 0 and 1) : N=30, mean=0.5 (+/-0.181978).
P1: N=15, mean=0.533333 (+/-0.261328).
P2: N=15, mean=0.466667 (+/-0.261328).
Game Durations: N=30, mean=23.533333 (+/-3.383981).
P1: N=15, mean=23.733333 (+/-5.541844).
P2: N=15, mean=23.333333 (+/-4.087448).

Agent 2 (Example UCT)
Winning score (between 0 and 1) : N=30, mean=0.5 (+/-0.181978).
P1: N=15, mean=0.533333 (+/-0.261328).
P2: N=15, mean=0.466667 (+/-0.261328).
Game Durations: N=30, mean=23.533333 (+/-3.383981).
P1: N=15, mean=23.333333 (+/-4.087448).
P2: N=15, mean=23.733333 (+/-5.541844).
=====================================================
=====================================================
Completed 40 games.

Agent 1 (SHUCTAnyTime)
Winning score (between 0 and 1) : N=40, mean=0.55 (+/-0.156136).
P1: N=20, mean=0.55 (+/-0.223696).
P2: N=20, mean=0.55 (+/-0.223696).
Game Durations: N=40, mean=21.55 (+/-2.890057).
P1: N=20, mean=21.65 (+/-4.451889).
P2: N=20, mean=21.45 (+/-3.803362).

Agent 2 (Example UCT)
Winning score (between 0 and 1) : N=40, mean=0.45 (+/-0.156136).
P1: N=20, mean=0.45 (+/-0.223696).
P2: N=20, mean=0.45 (+/-0.223696).
Game Durations: N=40, mean=21.55 (+/-2.890057).
P1: N=20, mean=21.45 (+/-3.803362).
P2: N=20, mean=21.65 (+/-4.451889).
=====================================================
=====================================================
Completed 50 games.

Agent 1 (SHUCTAnyTime)
Winning score (between 0 and 1) : N=50, mean=0.52 (+/-0.139885).
P1: N=25, mean=0.56 (+/-0.198592).
P2: N=25, mean=0.48 (+/-0.199877).
Game Durations: N=50, mean=21.22 (+/-2.467949).
P1: N=25, mean=20.4 (+/-3.744498).
P2: N=25, mean=22.04 (+/-3.261003).

Agent 2 (Example UCT)
Winning score (between 0 and 1) : N=50, mean=0.48 (+/-0.139885).
P1: N=25, mean=0.52 (+/-0.199877).
P2: N=25, mean=0.44 (+/-0.198592).
Game Durations: N=50, mean=21.22 (+/-2.467949).
P1: N=25, mean=22.04 (+/-3.261003).
P2: N=25, mean=20.4 (+/-3.744498).
=====================================================
=====================================================
Completed 60 games.

Agent 1 (SHUCTAnyTime)
Winning score (between 0 and 1) : N=60, mean=0.5 (+/-0.127583).
P1: N=30, mean=0.533333 (+/-0.181573).
P2: N=30, mean=0.466667 (+/-0.181573).
Game Durations: N=60, mean=20.766667 (+/-2.105365).
P1: N=30, mean=20 (+/-3.178452).
P2: N=30, mean=21.533333 (+/-2.788848).

Agent 2 (Example UCT)
Winning score (between 0 and 1) : N=60, mean=0.5 (+/-0.127583).
P1: N=30, mean=0.533333 (+/-0.181573).
P2: N=30, mean=0.466667 (+/-0.181573).
Game Durations: N=60, mean=20.766667 (+/-2.105365).
P1: N=30, mean=21.533333 (+/-2.788848).
P2: N=30, mean=20 (+/-3.178452).
=====================================================
=====================================================
Completed 70 games.

Agent 1 (SHUCTAnyTime)
Winning score (between 0 and 1) : N=70, mean=0.471429 (+/-0.117783).
P1: N=35, mean=0.485714 (+/-0.167997).
P2: N=35, mean=0.457143 (+/-0.167447).
Game Durations: N=70, mean=20.942857 (+/-1.888827).
P1: N=35, mean=20.485714 (+/-2.836694).
P2: N=35, mean=21.4 (+/-2.527149).

Agent 2 (Example UCT)
Winning score (between 0 and 1) : N=70, mean=0.528571 (+/-0.117783).
P1: N=35, mean=0.542857 (+/-0.167447).
P2: N=35, mean=0.514286 (+/-0.167997).
Game Durations: N=70, mean=20.942857 (+/-1.888827).
P1: N=35, mean=21.4 (+/-2.527149).
P2: N=35, mean=20.485714 (+/-2.836694).
=====================================================
=====================================================
Completed 80 games.

Agent 1 (SHUCTAnyTime)
Winning score (between 0 and 1) : N=80, mean=0.4375 (+/-0.109392).
P1: N=40, mean=0.45 (+/-0.156136).
P2: N=40, mean=0.425 (+/-0.155147).
Game Durations: N=80, mean=20.9625 (+/-1.849366).
P1: N=40, mean=21.25 (+/-2.889887).
P2: N=40, mean=20.675 (+/-2.342707).

Agent 2 (Example UCT)
Winning score (between 0 and 1) : N=80, mean=0.5625 (+/-0.109392).
P1: N=40, mean=0.575 (+/-0.155147).
P2: N=40, mean=0.55 (+/-0.156136).
Game Durations: N=80, mean=20.9625 (+/-1.849366).
P1: N=40, mean=20.675 (+/-2.342707).
P2: N=40, mean=21.25 (+/-2.889887).
=====================================================
=====================================================
Completed 90 games.

Agent 1 (SHUCTAnyTime)
Winning score (between 0 and 1) : N=90, mean=0.466667 (+/-0.103647).
P1: N=45, mean=0.466667 (+/-0.147409).
P2: N=45, mean=0.466667 (+/-0.147409).
Game Durations: N=90, mean=21.411111 (+/-1.79545).
P1: N=45, mean=21.711111 (+/-2.761017).
P2: N=45, mean=21.111111 (+/-2.324256).

Agent 2 (Example UCT)
Winning score (between 0 and 1) : N=90, mean=0.533333 (+/-0.103647).
P1: N=45, mean=0.533333 (+/-0.147409).
P2: N=45, mean=0.533333 (+/-0.147409).
Game Durations: N=90, mean=21.411111 (+/-1.79545).
P1: N=45, mean=21.111111 (+/-2.324256).
P2: N=45, mean=21.711111 (+/-2.761017).
=====================================================
=====================================================
Completed 100 games.

Agent 1 (SHUCTAnyTime)
Winning score (between 0 and 1) : N=100, mean=0.46 (+/-0.098176).
P1: N=50, mean=0.48 (+/-0.139885).
P2: N=50, mean=0.44 (+/-0.138986).
Game Durations: N=100, mean=21.5 (+/-1.73155).
P1: N=50, mean=21.56 (+/-2.626078).
P2: N=50, mean=21.44 (+/-2.284424).

Agent 2 (Example UCT)
Winning score (between 0 and 1) : N=100, mean=0.54 (+/-0.098176).
P1: N=50, mean=0.56 (+/-0.138986).
P2: N=50, mean=0.52 (+/-0.139885).
Game Durations: N=100, mean=21.5 (+/-1.73155).
P1: N=50, mean=21.44 (+/-2.284424).
P2: N=50, mean=21.56 (+/-2.626078).
=====================================================
=====================================================
Completed 110 games.

Agent 1 (SHUCTAnyTime)
Winning score (between 0 and 1) : N=110, mean=0.472727 (+/-0.093725).
P1: N=55, mean=0.490909 (+/-0.133336).
P2: N=55, mean=0.454545 (+/-0.132806).
Game Durations: N=110, mean=21.390909 (+/-1.633477).
P1: N=55, mean=21.509091 (+/-2.494193).
P2: N=55, mean=21.272727 (+/-2.132797).

Agent 2 (Example UCT)
Winning score (between 0 and 1) : N=110, mean=0.527273 (+/-0.093725).
P1: N=55, mean=0.545455 (+/-0.132806).
P2: N=55, mean=0.509091 (+/-0.133336).
Game Durations: N=110, mean=21.390909 (+/-1.633477).
P1: N=55, mean=21.272727 (+/-2.132797).
P2: N=55, mean=21.509091 (+/-2.494193).
=====================================================
=====================================================
Completed 120 games.

Agent 1 (SHUCTAnyTime)
Winning score (between 0 and 1) : N=120, mean=0.475 (+/-0.089722).
P1: N=60, mean=0.483333 (+/-0.127512).
P2: N=60, mean=0.466667 (+/-0.127299).
Game Durations: N=120, mean=21.258333 (+/-1.55451).
P1: N=60, mean=21.383333 (+/-2.362215).
P2: N=60, mean=21.133333 (+/-2.041037).

Agent 2 (Example UCT)
Winning score (between 0 and 1) : N=120, mean=0.525 (+/-0.089722).
P1: N=60, mean=0.533333 (+/-0.127299).
P2: N=60, mean=0.516667 (+/-0.127512).
Game Durations: N=120, mean=21.258333 (+/-1.55451).
P1: N=60, mean=21.133333 (+/-2.041037).
P2: N=60, mean=21.383333 (+/-2.362215).
=====================================================
=====================================================
Completed 130 games.

Agent 1 (SHUCTAnyTime)
Winning score (between 0 and 1) : N=130, mean=0.469231 (+/-0.086119).
P1: N=65, mean=0.476923 (+/-0.122367).
P2: N=65, mean=0.461538 (+/-0.122135).
Game Durations: N=130, mean=21.307692 (+/-1.497035).
P1: N=65, mean=21.276923 (+/-2.290412).
P2: N=65, mean=21.338462 (+/-1.94638).

Agent 2 (Example UCT)
Winning score (between 0 and 1) : N=130, mean=0.530769 (+/-0.086119).
P1: N=65, mean=0.538462 (+/-0.122135).
P2: N=65, mean=0.523077 (+/-0.122367).
Game Durations: N=130, mean=21.307692 (+/-1.497035).
P1: N=65, mean=21.338462 (+/-1.94638).
P2: N=65, mean=21.276923 (+/-2.290412).
=====================================================
=====================================================
Completed 140 games.

Agent 1 (SHUCTAnyTime)
Winning score (between 0 and 1) : N=140, mean=0.457143 (+/-0.082815).
P1: N=70, mean=0.442857 (+/-0.117203).
P2: N=70, mean=0.471429 (+/-0.117783).
Game Durations: N=140, mean=21 (+/-1.419257).
P1: N=70, mean=20.871429 (+/-2.178989).
P2: N=70, mean=21.128571 (+/-1.834587).

Agent 2 (Example UCT)
Winning score (between 0 and 1) : N=140, mean=0.542857 (+/-0.082815).
P1: N=70, mean=0.528571 (+/-0.117783).
P2: N=70, mean=0.557143 (+/-0.117203).
Game Durations: N=140, mean=21 (+/-1.419257).
P1: N=70, mean=21.128571 (+/-1.834587).
P2: N=70, mean=20.871429 (+/-2.178989).
=====================================================
=====================================================
Completed 150 games.

Agent 1 (SHUCTAnyTime)
Winning score (between 0 and 1) : N=150, mean=0.446667 (+/-0.079825).
P1: N=75, mean=0.44 (+/-0.113097).
P2: N=75, mean=0.453333 (+/-0.113423).
Game Durations: N=150, mean=20.786667 (+/-1.34985).
P1: N=75, mean=20.813333 (+/-2.059389).
P2: N=75, mean=20.76 (+/-1.759678).

Agent 2 (Example UCT)
Winning score (between 0 and 1) : N=150, mean=0.553333 (+/-0.079825).
P1: N=75, mean=0.546667 (+/-0.113423).
P2: N=75, mean=0.56 (+/-0.113097).
Game Durations: N=150, mean=20.786667 (+/-1.34985).
P1: N=75, mean=20.76 (+/-1.759678).
P2: N=75, mean=20.813333 (+/-2.059389).
=====================================================
