Warming up...
Finished warming up!
=====================================================
Completed 1 games.

Agent 1 (SHUCTAnyTime)
Winning score (between 0 and 1) : N=1, mean=1 (+/-0).
P1: N=1, mean=1 (+/-0).
P2: N=0, mean=0 (+/-0).
Game Durations: N=1, mean=37 (+/-0).
P1: N=1, mean=37 (+/-0).
P2: N=0, mean=0 (+/-0).

Agent 2 (Example UCT)
Winning score (between 0 and 1) : N=1, mean=0 (+/-0).
P1: N=0, mean=0 (+/-0).
P2: N=1, mean=0 (+/-0).
Game Durations: N=1, mean=37 (+/-0).
P1: N=0, mean=0 (+/-0).
P2: N=1, mean=37 (+/-0).
=====================================================
=====================================================
Completed 2 games.

Agent 1 (SHUCTAnyTime)
Winning score (between 0 and 1) : N=2, mean=0.5 (+/-0.97998).
P1: N=1, mean=1 (+/-0).
P2: N=1, mean=0 (+/-0).
Game Durations: N=2, mean=26 (+/-21.55956).
P1: N=1, mean=37 (+/-0).
P2: N=1, mean=15 (+/-0).

Agent 2 (Example UCT)
Winning score (between 0 and 1) : N=2, mean=0.5 (+/-0.97998).
P1: N=1, mean=1 (+/-0).
P2: N=1, mean=0 (+/-0).
Game Durations: N=2, mean=26 (+/-21.55956).
P1: N=1, mean=15 (+/-0).
P2: N=1, mean=37 (+/-0).
=====================================================
=====================================================
Completed 3 games.

Agent 1 (SHUCTAnyTime)
Winning score (between 0 and 1) : N=3, mean=0.666667 (+/-0.65332).
P1: N=2, mean=1 (+/-0).
P2: N=1, mean=0 (+/-0).
Game Durations: N=3, mean=23 (+/-13.766307).
P1: N=2, mean=27 (+/-19.5996).
P2: N=1, mean=15 (+/-0).

Agent 2 (Example UCT)
Winning score (between 0 and 1) : N=3, mean=0.333333 (+/-0.65332).
P1: N=1, mean=1 (+/-0).
P2: N=2, mean=0 (+/-0).
Game Durations: N=3, mean=23 (+/-13.766307).
P1: N=1, mean=15 (+/-0).
P2: N=2, mean=27 (+/-19.5996).
=====================================================
=====================================================
Completed 4 games.

Agent 1 (SHUCTAnyTime)
Winning score (between 0 and 1) : N=4, mean=0.75 (+/-0.48999).
P1: N=2, mean=1 (+/-0).
P2: N=2, mean=0.5 (+/-0.97998).
Game Durations: N=4, mean=21.25 (+/-10.320854).
P1: N=2, mean=27 (+/-19.5996).
P2: N=2, mean=15.5 (+/-0.97998).

Agent 2 (Example UCT)
Winning score (between 0 and 1) : N=4, mean=0.25 (+/-0.48999).
P1: N=2, mean=0.5 (+/-0.97998).
P2: N=2, mean=0 (+/-0).
Game Durations: N=4, mean=21.25 (+/-10.320854).
P1: N=2, mean=15.5 (+/-0.97998).
P2: N=2, mean=27 (+/-19.5996).
=====================================================
=====================================================
Completed 5 games.

Agent 1 (SHUCTAnyTime)
Winning score (between 0 and 1) : N=5, mean=0.6 (+/-0.48009).
P1: N=3, mean=0.666667 (+/-0.65332).
P2: N=2, mean=0.5 (+/-0.97998).
Game Durations: N=5, mean=20.2 (+/-8.255132).
P1: N=3, mean=23.333333 (+/-13.405006).
P2: N=2, mean=15.5 (+/-0.97998).

Agent 2 (Example UCT)
Winning score (between 0 and 1) : N=5, mean=0.4 (+/-0.48009).
P1: N=2, mean=0.5 (+/-0.97998).
P2: N=3, mean=0.333333 (+/-0.65332).
Game Durations: N=5, mean=20.2 (+/-8.255132).
P1: N=2, mean=15.5 (+/-0.97998).
P2: N=3, mean=23.333333 (+/-13.405006).
=====================================================
=====================================================
Completed 10 games.

Agent 1 (SHUCTAnyTime)
Winning score (between 0 and 1) : N=10, mean=0.6 (+/-0.32006).
P1: N=5, mean=0.6 (+/-0.48009).
P2: N=5, mean=0.6 (+/-0.48009).
Game Durations: N=10, mean=17.9 (+/-5.197488).
P1: N=5, mean=20.6 (+/-8.734475).
P2: N=5, mean=15.2 (+/-5.5919).

Agent 2 (Example UCT)
Winning score (between 0 and 1) : N=10, mean=0.4 (+/-0.32006).
P1: N=5, mean=0.4 (+/-0.48009).
P2: N=5, mean=0.4 (+/-0.48009).
Game Durations: N=10, mean=17.9 (+/-5.197488).
P1: N=5, mean=15.2 (+/-5.5919).
P2: N=5, mean=20.6 (+/-8.734475).
=====================================================
=====================================================
Completed 20 games.

Agent 1 (SHUCTAnyTime)
Winning score (between 0 and 1) : N=20, mean=0.65 (+/-0.214467).
P1: N=10, mean=0.8 (+/-0.261328).
P2: N=10, mean=0.5 (+/-0.32666).
Game Durations: N=20, mean=18.95 (+/-3.918566).
P1: N=10, mean=19 (+/-5.363594).
P2: N=10, mean=18.9 (+/-6.005216).

Agent 2 (Example UCT)
Winning score (between 0 and 1) : N=20, mean=0.35 (+/-0.214467).
P1: N=10, mean=0.5 (+/-0.32666).
P2: N=10, mean=0.2 (+/-0.261328).
Game Durations: N=20, mean=18.95 (+/-3.918566).
P1: N=10, mean=18.9 (+/-6.005216).
P2: N=10, mean=19 (+/-5.363594).
=====================================================
=====================================================
Completed 30 games.

Agent 1 (SHUCTAnyTime)
Winning score (between 0 and 1) : N=30, mean=0.566667 (+/-0.180353).
P1: N=15, mean=0.666667 (+/-0.246932).
P2: N=15, mean=0.466667 (+/-0.261328).
Game Durations: N=30, mean=17.333333 (+/-2.96027).
P1: N=15, mean=17.2 (+/-4.094304).
P2: N=15, mean=17.466667 (+/-4.419457).

Agent 2 (Example UCT)
Winning score (between 0 and 1) : N=30, mean=0.433333 (+/-0.180353).
P1: N=15, mean=0.533333 (+/-0.261328).
P2: N=15, mean=0.333333 (+/-0.246932).
Game Durations: N=30, mean=17.333333 (+/-2.96027).
P1: N=15, mean=17.466667 (+/-4.419457).
P2: N=15, mean=17.2 (+/-4.094304).
=====================================================
=====================================================
Completed 40 games.

Agent 1 (SHUCTAnyTime)
Winning score (between 0 and 1) : N=40, mean=0.5 (+/-0.156922).
P1: N=20, mean=0.55 (+/-0.223696).
P2: N=20, mean=0.45 (+/-0.223696).
Game Durations: N=40, mean=17.25 (+/-2.448945).
P1: N=20, mean=17.85 (+/-3.595127).
P2: N=20, mean=16.65 (+/-3.398545).

Agent 2 (Example UCT)
Winning score (between 0 and 1) : N=40, mean=0.5 (+/-0.156922).
P1: N=20, mean=0.55 (+/-0.223696).
P2: N=20, mean=0.45 (+/-0.223696).
Game Durations: N=40, mean=17.25 (+/-2.448945).
P1: N=20, mean=16.65 (+/-3.398545).
P2: N=20, mean=17.85 (+/-3.595127).
=====================================================
=====================================================
Completed 50 games.

Agent 1 (SHUCTAnyTime)
Winning score (between 0 and 1) : N=50, mean=0.52 (+/-0.139885).
P1: N=25, mean=0.52 (+/-0.199877).
P2: N=25, mean=0.52 (+/-0.199877).
Game Durations: N=50, mean=16.38 (+/-2.101927).
P1: N=25, mean=17.32 (+/-2.995428).
P2: N=25, mean=15.44 (+/-2.963971).

Agent 2 (Example UCT)
Winning score (between 0 and 1) : N=50, mean=0.48 (+/-0.139885).
P1: N=25, mean=0.48 (+/-0.199877).
P2: N=25, mean=0.48 (+/-0.199877).
Game Durations: N=50, mean=16.38 (+/-2.101927).
P1: N=25, mean=15.44 (+/-2.963971).
P2: N=25, mean=17.32 (+/-2.995428).
=====================================================
=====================================================
Completed 60 games.

Agent 1 (SHUCTAnyTime)
Winning score (between 0 and 1) : N=60, mean=0.516667 (+/-0.127512).
P1: N=30, mean=0.533333 (+/-0.181573).
P2: N=30, mean=0.5 (+/-0.181978).
Game Durations: N=60, mean=17.35 (+/-2.285508).
P1: N=30, mean=19.266667 (+/-3.697249).
P2: N=30, mean=15.433333 (+/-2.571294).

Agent 2 (Example UCT)
Winning score (between 0 and 1) : N=60, mean=0.483333 (+/-0.127512).
P1: N=30, mean=0.5 (+/-0.181978).
P2: N=30, mean=0.466667 (+/-0.181573).
Game Durations: N=60, mean=17.35 (+/-2.285508).
P1: N=30, mean=15.433333 (+/-2.571294).
P2: N=30, mean=19.266667 (+/-3.697249).
=====================================================
=====================================================
Completed 70 games.

Agent 1 (SHUCTAnyTime)
Winning score (between 0 and 1) : N=70, mean=0.514286 (+/-0.117928).
P1: N=35, mean=0.542857 (+/-0.167447).
P2: N=35, mean=0.485714 (+/-0.167997).
Game Durations: N=70, mean=18.242857 (+/-2.230044).
P1: N=35, mean=20.714286 (+/-3.710569).
P2: N=35, mean=15.771429 (+/-2.244191).

Agent 2 (Example UCT)
Winning score (between 0 and 1) : N=70, mean=0.485714 (+/-0.117928).
P1: N=35, mean=0.514286 (+/-0.167997).
P2: N=35, mean=0.457143 (+/-0.167447).
Game Durations: N=70, mean=18.242857 (+/-2.230044).
P1: N=35, mean=15.771429 (+/-2.244191).
P2: N=35, mean=20.714286 (+/-3.710569).
=====================================================
=====================================================
Completed 80 games.

Agent 1 (SHUCTAnyTime)
Winning score (between 0 and 1) : N=80, mean=0.5 (+/-0.110256).
P1: N=40, mean=0.55 (+/-0.156136).
P2: N=40, mean=0.45 (+/-0.156136).
Game Durations: N=80, mean=18.625 (+/-2.034932).
P1: N=40, mean=20.6 (+/-3.31385).
P2: N=40, mean=16.65 (+/-2.241904).

Agent 2 (Example UCT)
Winning score (between 0 and 1) : N=80, mean=0.5 (+/-0.110256).
P1: N=40, mean=0.55 (+/-0.156136).
P2: N=40, mean=0.45 (+/-0.156136).
Game Durations: N=80, mean=18.625 (+/-2.034932).
P1: N=40, mean=16.65 (+/-2.241904).
P2: N=40, mean=20.6 (+/-3.31385).
=====================================================
=====================================================
Completed 90 games.

Agent 1 (SHUCTAnyTime)
Winning score (between 0 and 1) : N=90, mean=0.5 (+/-0.103878).
P1: N=45, mean=0.533333 (+/-0.147409).
P2: N=45, mean=0.466667 (+/-0.147409).
Game Durations: N=90, mean=19.311111 (+/-1.964761).
P1: N=45, mean=21.155556 (+/-3.068111).
P2: N=45, mean=17.466667 (+/-2.368393).

Agent 2 (Example UCT)
Winning score (between 0 and 1) : N=90, mean=0.5 (+/-0.103878).
P1: N=45, mean=0.533333 (+/-0.147409).
P2: N=45, mean=0.466667 (+/-0.147409).
Game Durations: N=90, mean=19.311111 (+/-1.964761).
P1: N=45, mean=17.466667 (+/-2.368393).
P2: N=45, mean=21.155556 (+/-3.068111).
=====================================================
=====================================================
Completed 100 games.

Agent 1 (SHUCTAnyTime)
Winning score (between 0 and 1) : N=100, mean=0.52 (+/-0.098413).
P1: N=50, mean=0.54 (+/-0.139548).
P2: N=50, mean=0.5 (+/-0.139997).
Game Durations: N=100, mean=18.72 (+/-1.830161).
P1: N=50, mean=20.38 (+/-2.855332).
P2: N=50, mean=17.06 (+/-2.22479).

Agent 2 (Example UCT)
Winning score (between 0 and 1) : N=100, mean=0.48 (+/-0.098413).
P1: N=50, mean=0.5 (+/-0.139997).
P2: N=50, mean=0.46 (+/-0.139548).
Game Durations: N=100, mean=18.72 (+/-1.830161).
P1: N=50, mean=17.06 (+/-2.22479).
P2: N=50, mean=20.38 (+/-2.855332).
=====================================================
=====================================================
Completed 110 games.

Agent 1 (SHUCTAnyTime)
Winning score (between 0 and 1) : N=110, mean=0.527273 (+/-0.093725).
P1: N=55, mean=0.545455 (+/-0.132806).
P2: N=55, mean=0.509091 (+/-0.133336).
Game Durations: N=110, mean=18.681818 (+/-1.716647).
P1: N=55, mean=20.290909 (+/-2.69355).
P2: N=55, mean=17.072727 (+/-2.06714).

Agent 2 (Example UCT)
Winning score (between 0 and 1) : N=110, mean=0.472727 (+/-0.093725).
P1: N=55, mean=0.490909 (+/-0.133336).
P2: N=55, mean=0.454545 (+/-0.132806).
Game Durations: N=110, mean=18.681818 (+/-1.716647).
P1: N=55, mean=17.072727 (+/-2.06714).
P2: N=55, mean=20.290909 (+/-2.69355).
=====================================================
=====================================================
Completed 120 games.

Agent 1 (SHUCTAnyTime)
Winning score (between 0 and 1) : N=120, mean=0.525 (+/-0.089722).
P1: N=60, mean=0.533333 (+/-0.127299).
P2: N=60, mean=0.516667 (+/-0.127512).
Game Durations: N=120, mean=18.458333 (+/-1.61134).
P1: N=60, mean=20.266667 (+/-2.51389).
P2: N=60, mean=16.65 (+/-1.930857).

Agent 2 (Example UCT)
Winning score (between 0 and 1) : N=120, mean=0.475 (+/-0.089722).
P1: N=60, mean=0.483333 (+/-0.127512).
P2: N=60, mean=0.466667 (+/-0.127299).
Game Durations: N=120, mean=18.458333 (+/-1.61134).
P1: N=60, mean=16.65 (+/-1.930857).
P2: N=60, mean=20.266667 (+/-2.51389).
=====================================================
=====================================================
Completed 130 games.

Agent 1 (SHUCTAnyTime)
Winning score (between 0 and 1) : N=130, mean=0.530769 (+/-0.086119).
P1: N=65, mean=0.538462 (+/-0.122135).
P2: N=65, mean=0.523077 (+/-0.122367).
Game Durations: N=130, mean=18.338462 (+/-1.501574).
P1: N=65, mean=20.015385 (+/-2.340259).
P2: N=65, mean=16.661538 (+/-1.809688).

Agent 2 (Example UCT)
Winning score (between 0 and 1) : N=130, mean=0.469231 (+/-0.086119).
P1: N=65, mean=0.476923 (+/-0.122367).
P2: N=65, mean=0.461538 (+/-0.122135).
Game Durations: N=130, mean=18.338462 (+/-1.501574).
P1: N=65, mean=16.661538 (+/-1.809688).
P2: N=65, mean=20.015385 (+/-2.340259).
=====================================================
=====================================================
Completed 140 games.

Agent 1 (SHUCTAnyTime)
Winning score (between 0 and 1) : N=140, mean=0.528571 (+/-0.082985).
P1: N=70, mean=0.542857 (+/-0.117542).
P2: N=70, mean=0.514286 (+/-0.117928).
Game Durations: N=140, mean=18.671429 (+/-1.472026).
P1: N=70, mean=20.342857 (+/-2.25644).
P2: N=70, mean=17 (+/-1.824188).

Agent 2 (Example UCT)
Winning score (between 0 and 1) : N=140, mean=0.471429 (+/-0.082985).
P1: N=70, mean=0.485714 (+/-0.117928).
P2: N=70, mean=0.457143 (+/-0.117542).
Game Durations: N=140, mean=18.671429 (+/-1.472026).
P1: N=70, mean=17 (+/-1.824188).
P2: N=70, mean=20.342857 (+/-2.25644).
=====================================================
=====================================================
Completed 150 games.

Agent 1 (SHUCTAnyTime)
Winning score (between 0 and 1) : N=150, mean=0.533333 (+/-0.080104).
P1: N=75, mean=0.533333 (+/-0.113667).
P2: N=75, mean=0.533333 (+/-0.113667).
Game Durations: N=150, mean=18.806667 (+/-1.436949).
P1: N=75, mean=20.746667 (+/-2.197088).
P2: N=75, mean=16.866667 (+/-1.759872).

Agent 2 (Example UCT)
Winning score (between 0 and 1) : N=150, mean=0.466667 (+/-0.080104).
P1: N=75, mean=0.466667 (+/-0.113667).
P2: N=75, mean=0.466667 (+/-0.113667).
Game Durations: N=150, mean=18.806667 (+/-1.436949).
P1: N=75, mean=16.866667 (+/-1.759872).
P2: N=75, mean=20.746667 (+/-2.197088).
=====================================================
