Warming up...
Finished warming up!
=====================================================
Completed 1 games.

Agent 1 (SHUCTAnyTime)
Winning score (between 0 and 1) : N=1, mean=0 (+/-0).
P1: N=1, mean=0 (+/-0).
P2: N=0, mean=0 (+/-0).
Game Durations: N=1, mean=54 (+/-0).
P1: N=1, mean=54 (+/-0).
P2: N=0, mean=0 (+/-0).

Agent 2 (Example UCT)
Winning score (between 0 and 1) : N=1, mean=1 (+/-0).
P1: N=0, mean=0 (+/-0).
P2: N=1, mean=1 (+/-0).
Game Durations: N=1, mean=54 (+/-0).
P1: N=0, mean=0 (+/-0).
P2: N=1, mean=54 (+/-0).
=====================================================
=====================================================
Completed 2 games.

Agent 1 (SHUCTAnyTime)
Winning score (between 0 and 1) : N=2, mean=0.5 (+/-0.97998).
P1: N=1, mean=0 (+/-0).
P2: N=1, mean=1 (+/-0).
Game Durations: N=2, mean=35 (+/-37.23924).
P1: N=1, mean=54 (+/-0).
P2: N=1, mean=16 (+/-0).

Agent 2 (Example UCT)
Winning score (between 0 and 1) : N=2, mean=0.5 (+/-0.97998).
P1: N=1, mean=0 (+/-0).
P2: N=1, mean=1 (+/-0).
Game Durations: N=2, mean=35 (+/-37.23924).
P1: N=1, mean=16 (+/-0).
P2: N=1, mean=54 (+/-0).
=====================================================
=====================================================
Completed 3 games.

Agent 1 (SHUCTAnyTime)
Winning score (between 0 and 1) : N=3, mean=0.666667 (+/-0.65332).
P1: N=2, mean=0.5 (+/-0.97998).
P2: N=1, mean=1 (+/-0).
Game Durations: N=3, mean=27 (+/-26.610262).
P1: N=2, mean=32.5 (+/-42.13914).
P2: N=1, mean=16 (+/-0).

Agent 2 (Example UCT)
Winning score (between 0 and 1) : N=3, mean=0.333333 (+/-0.65332).
P1: N=1, mean=0 (+/-0).
P2: N=2, mean=0.5 (+/-0.97998).
Game Durations: N=3, mean=27 (+/-26.610262).
P1: N=1, mean=16 (+/-0).
P2: N=2, mean=32.5 (+/-42.13914).
=====================================================
=====================================================
Completed 4 games.

Agent 1 (SHUCTAnyTime)
Winning score (between 0 and 1) : N=4, mean=0.5 (+/-0.565792).
P1: N=2, mean=0.5 (+/-0.97998).
P2: N=2, mean=0.5 (+/-0.97998).
Game Durations: N=4, mean=23 (+/-20.384212).
P1: N=2, mean=32.5 (+/-42.13914).
P2: N=2, mean=13.5 (+/-4.8999).

Agent 2 (Example UCT)
Winning score (between 0 and 1) : N=4, mean=0.5 (+/-0.565792).
P1: N=2, mean=0.5 (+/-0.97998).
P2: N=2, mean=0.5 (+/-0.97998).
Game Durations: N=4, mean=23 (+/-20.384212).
P1: N=2, mean=13.5 (+/-4.8999).
P2: N=2, mean=32.5 (+/-42.13914).
=====================================================
=====================================================
Completed 5 games.

Agent 1 (SHUCTAnyTime)
Winning score (between 0 and 1) : N=5, mean=0.4 (+/-0.48009).
P1: N=3, mean=0.333333 (+/-0.65332).
P2: N=2, mean=0.5 (+/-0.97998).
Game Durations: N=5, mean=20.8 (+/-16.36772).
P1: N=3, mean=25.666667 (+/-27.771864).
P2: N=2, mean=13.5 (+/-4.8999).

Agent 2 (Example UCT)
Winning score (between 0 and 1) : N=5, mean=0.6 (+/-0.48009).
P1: N=2, mean=0.5 (+/-0.97998).
P2: N=3, mean=0.666667 (+/-0.65332).
Game Durations: N=5, mean=20.8 (+/-16.36772).
P1: N=2, mean=13.5 (+/-4.8999).
P2: N=3, mean=25.666667 (+/-27.771864).
=====================================================
=====================================================
Completed 10 games.

Agent 1 (SHUCTAnyTime)
Winning score (between 0 and 1) : N=10, mean=0.5 (+/-0.32666).
P1: N=5, mean=0.6 (+/-0.48009).
P2: N=5, mean=0.4 (+/-0.48009).
Game Durations: N=10, mean=20.6 (+/-8.176685).
P1: N=5, mean=25.4 (+/-15.415307).
P2: N=5, mean=15.8 (+/-4.356229).

Agent 2 (Example UCT)
Winning score (between 0 and 1) : N=10, mean=0.5 (+/-0.32666).
P1: N=5, mean=0.6 (+/-0.48009).
P2: N=5, mean=0.4 (+/-0.48009).
Game Durations: N=10, mean=20.6 (+/-8.176685).
P1: N=5, mean=15.8 (+/-4.356229).
P2: N=5, mean=25.4 (+/-15.415307).
=====================================================
=====================================================
Completed 20 games.

Agent 1 (SHUCTAnyTime)
Winning score (between 0 and 1) : N=20, mean=0.6 (+/-0.22028).
P1: N=10, mean=0.6 (+/-0.32006).
P2: N=10, mean=0.6 (+/-0.32006).
Game Durations: N=20, mean=17.1 (+/-4.861375).
P1: N=10, mean=18 (+/-8.934017).
P2: N=10, mean=16.2 (+/-4.390388).

Agent 2 (Example UCT)
Winning score (between 0 and 1) : N=20, mean=0.4 (+/-0.22028).
P1: N=10, mean=0.4 (+/-0.32006).
P2: N=10, mean=0.4 (+/-0.32006).
Game Durations: N=20, mean=17.1 (+/-4.861375).
P1: N=10, mean=16.2 (+/-4.390388).
P2: N=10, mean=18 (+/-8.934017).
=====================================================
=====================================================
Completed 30 games.

Agent 1 (SHUCTAnyTime)
Winning score (between 0 and 1) : N=30, mean=0.6 (+/-0.178301).
P1: N=15, mean=0.533333 (+/-0.261328).
P2: N=15, mean=0.666667 (+/-0.246932).
Game Durations: N=30, mean=19.766667 (+/-4.283436).
P1: N=15, mean=20.8 (+/-7.316517).
P2: N=15, mean=18.733333 (+/-4.67921).

Agent 2 (Example UCT)
Winning score (between 0 and 1) : N=30, mean=0.4 (+/-0.178301).
P1: N=15, mean=0.333333 (+/-0.246932).
P2: N=15, mean=0.466667 (+/-0.261328).
Game Durations: N=30, mean=19.766667 (+/-4.283436).
P1: N=15, mean=18.733333 (+/-4.67921).
P2: N=15, mean=20.8 (+/-7.316517).
=====================================================
=====================================================
Completed 40 games.

Agent 1 (SHUCTAnyTime)
Winning score (between 0 and 1) : N=40, mean=0.5 (+/-0.156922).
P1: N=20, mean=0.45 (+/-0.223696).
P2: N=20, mean=0.55 (+/-0.223696).
Game Durations: N=40, mean=20.1 (+/-3.520661).
P1: N=20, mean=20.85 (+/-5.714703).
P2: N=20, mean=19.35 (+/-4.242604).

Agent 2 (Example UCT)
Winning score (between 0 and 1) : N=40, mean=0.5 (+/-0.156922).
P1: N=20, mean=0.45 (+/-0.223696).
P2: N=20, mean=0.55 (+/-0.223696).
Game Durations: N=40, mean=20.1 (+/-3.520661).
P1: N=20, mean=19.35 (+/-4.242604).
P2: N=20, mean=20.85 (+/-5.714703).
=====================================================
=====================================================
Completed 50 games.

Agent 1 (SHUCTAnyTime)
Winning score (between 0 and 1) : N=50, mean=0.5 (+/-0.139997).
P1: N=25, mean=0.4 (+/-0.195996).
P2: N=25, mean=0.6 (+/-0.195996).
Game Durations: N=50, mean=21.48 (+/-3.625354).
P1: N=25, mean=22 (+/-5.245716).
P2: N=25, mean=20.96 (+/-5.105285).

Agent 2 (Example UCT)
Winning score (between 0 and 1) : N=50, mean=0.5 (+/-0.139997).
P1: N=25, mean=0.4 (+/-0.195996).
P2: N=25, mean=0.6 (+/-0.195996).
Game Durations: N=50, mean=21.48 (+/-3.625354).
P1: N=25, mean=20.96 (+/-5.105285).
P2: N=25, mean=22 (+/-5.245716).
=====================================================
=====================================================
Completed 60 games.

Agent 1 (SHUCTAnyTime)
Winning score (between 0 and 1) : N=60, mean=0.5 (+/-0.127583).
P1: N=30, mean=0.4 (+/-0.178301).
P2: N=30, mean=0.6 (+/-0.178301).
Game Durations: N=60, mean=21.4 (+/-3.224651).
P1: N=30, mean=22.266667 (+/-4.829268).
P2: N=30, mean=20.533333 (+/-4.334721).

Agent 2 (Example UCT)
Winning score (between 0 and 1) : N=60, mean=0.5 (+/-0.127583).
P1: N=30, mean=0.4 (+/-0.178301).
P2: N=30, mean=0.6 (+/-0.178301).
Game Durations: N=60, mean=21.4 (+/-3.224651).
P1: N=30, mean=20.533333 (+/-4.334721).
P2: N=30, mean=22.266667 (+/-4.829268).
=====================================================
=====================================================
Completed 70 games.

Agent 1 (SHUCTAnyTime)
Winning score (between 0 and 1) : N=70, mean=0.528571 (+/-0.117783).
P1: N=35, mean=0.485714 (+/-0.167997).
P2: N=35, mean=0.571429 (+/-0.166341).
Game Durations: N=70, mean=20.885714 (+/-2.882237).
P1: N=35, mean=21.514286 (+/-4.348123).
P2: N=35, mean=20.257143 (+/-3.836974).

Agent 2 (Example UCT)
Winning score (between 0 and 1) : N=70, mean=0.471429 (+/-0.117783).
P1: N=35, mean=0.428571 (+/-0.166341).
P2: N=35, mean=0.514286 (+/-0.167997).
Game Durations: N=70, mean=20.885714 (+/-2.882237).
P1: N=35, mean=20.257143 (+/-3.836974).
P2: N=35, mean=21.514286 (+/-4.348123).
=====================================================
=====================================================
Completed 80 games.

Agent 1 (SHUCTAnyTime)
Winning score (between 0 and 1) : N=80, mean=0.525 (+/-0.110118).
P1: N=40, mean=0.475 (+/-0.156726).
P2: N=40, mean=0.575 (+/-0.155147).
Game Durations: N=80, mean=20.85 (+/-2.638124).
P1: N=40, mean=21.725 (+/-4.059402).
P2: N=40, mean=19.975 (+/-3.400901).

Agent 2 (Example UCT)
Winning score (between 0 and 1) : N=80, mean=0.475 (+/-0.110118).
P1: N=40, mean=0.425 (+/-0.155147).
P2: N=40, mean=0.525 (+/-0.156726).
Game Durations: N=80, mean=20.85 (+/-2.638124).
P1: N=40, mean=19.975 (+/-3.400901).
P2: N=40, mean=21.725 (+/-4.059402).
=====================================================
=====================================================
Completed 90 games.

Agent 1 (SHUCTAnyTime)
Winning score (between 0 and 1) : N=90, mean=0.566667 (+/-0.10295).
P1: N=45, mean=0.511111 (+/-0.147701).
P2: N=45, mean=0.622222 (+/-0.143256).
Game Durations: N=90, mean=20.733333 (+/-2.550083).
P1: N=45, mean=21.977778 (+/-4.033828).
P2: N=45, mean=19.488889 (+/-3.124918).

Agent 2 (Example UCT)
Winning score (between 0 and 1) : N=90, mean=0.433333 (+/-0.10295).
P1: N=45, mean=0.377778 (+/-0.143256).
P2: N=45, mean=0.488889 (+/-0.147701).
Game Durations: N=90, mean=20.733333 (+/-2.550083).
P1: N=45, mean=19.488889 (+/-3.124918).
P2: N=45, mean=21.977778 (+/-4.033828).
=====================================================
=====================================================
Completed 100 games.

Agent 1 (SHUCTAnyTime)
Winning score (between 0 and 1) : N=100, mean=0.56 (+/-0.09778).
P1: N=50, mean=0.54 (+/-0.139548).
P2: N=50, mean=0.58 (+/-0.138194).
Game Durations: N=100, mean=20.26 (+/-2.350734).
P1: N=50, mean=21.74 (+/-3.696692).
P2: N=50, mean=18.78 (+/-2.884507).

Agent 2 (Example UCT)
Winning score (between 0 and 1) : N=100, mean=0.44 (+/-0.09778).
P1: N=50, mean=0.42 (+/-0.138194).
P2: N=50, mean=0.46 (+/-0.139548).
Game Durations: N=100, mean=20.26 (+/-2.350734).
P1: N=50, mean=18.78 (+/-2.884507).
P2: N=50, mean=21.74 (+/-3.696692).
=====================================================
=====================================================
Completed 110 games.

Agent 1 (SHUCTAnyTime)
Winning score (between 0 and 1) : N=110, mean=0.527273 (+/-0.093725).
P1: N=55, mean=0.509091 (+/-0.133336).
P2: N=55, mean=0.545455 (+/-0.132806).
Game Durations: N=110, mean=20.172727 (+/-2.193218).
P1: N=55, mean=21.854545 (+/-3.421475).
P2: N=55, mean=18.490909 (+/-2.703711).

Agent 2 (Example UCT)
Winning score (between 0 and 1) : N=110, mean=0.472727 (+/-0.093725).
P1: N=55, mean=0.454545 (+/-0.132806).
P2: N=55, mean=0.490909 (+/-0.133336).
Game Durations: N=110, mean=20.172727 (+/-2.193218).
P1: N=55, mean=18.490909 (+/-2.703711).
P2: N=55, mean=21.854545 (+/-3.421475).
=====================================================
=====================================================
Completed 120 games.

Agent 1 (SHUCTAnyTime)
Winning score (between 0 and 1) : N=120, mean=0.516667 (+/-0.089785).
P1: N=60, mean=0.516667 (+/-0.127512).
P2: N=60, mean=0.516667 (+/-0.127512).
Game Durations: N=120, mean=20.316667 (+/-2.124354).
P1: N=60, mean=21.316667 (+/-3.196358).
P2: N=60, mean=19.316667 (+/-2.803137).

Agent 2 (Example UCT)
Winning score (between 0 and 1) : N=120, mean=0.483333 (+/-0.089785).
P1: N=60, mean=0.483333 (+/-0.127512).
P2: N=60, mean=0.483333 (+/-0.127512).
Game Durations: N=120, mean=20.316667 (+/-2.124354).
P1: N=60, mean=19.316667 (+/-2.803137).
P2: N=60, mean=21.316667 (+/-3.196358).
=====================================================
=====================================================
Completed 130 games.

Agent 1 (SHUCTAnyTime)
Winning score (between 0 and 1) : N=130, mean=0.515385 (+/-0.086242).
P1: N=65, mean=0.523077 (+/-0.122367).
P2: N=65, mean=0.507692 (+/-0.122483).
Game Durations: N=130, mean=20.661538 (+/-2.15433).
P1: N=65, mean=22.215385 (+/-3.380437).
P2: N=65, mean=19.107692 (+/-2.644313).

Agent 2 (Example UCT)
Winning score (between 0 and 1) : N=130, mean=0.484615 (+/-0.086242).
P1: N=65, mean=0.492308 (+/-0.122483).
P2: N=65, mean=0.476923 (+/-0.122367).
Game Durations: N=130, mean=20.661538 (+/-2.15433).
P1: N=65, mean=19.107692 (+/-2.644313).
P2: N=65, mean=22.215385 (+/-3.380437).
=====================================================
=====================================================
Completed 140 games.

Agent 1 (SHUCTAnyTime)
Winning score (between 0 and 1) : N=140, mean=0.507143 (+/-0.083112).
P1: N=70, mean=0.5 (+/-0.117976).
P2: N=70, mean=0.514286 (+/-0.117928).
Game Durations: N=140, mean=20.535714 (+/-2.028305).
P1: N=70, mean=22.157143 (+/-3.186315).
P2: N=70, mean=18.914286 (+/-2.475882).

Agent 2 (Example UCT)
Winning score (between 0 and 1) : N=140, mean=0.492857 (+/-0.083112).
P1: N=70, mean=0.485714 (+/-0.117928).
P2: N=70, mean=0.5 (+/-0.117976).
Game Durations: N=140, mean=20.535714 (+/-2.028305).
P1: N=70, mean=18.914286 (+/-2.475882).
P2: N=70, mean=22.157143 (+/-3.186315).
=====================================================
=====================================================
Completed 150 games.

Agent 1 (SHUCTAnyTime)
Winning score (between 0 and 1) : N=150, mean=0.513333 (+/-0.080255).
P1: N=75, mean=0.52 (+/-0.113829).
P2: N=75, mean=0.506667 (+/-0.11391).
Game Durations: N=150, mean=20.466667 (+/-1.907579).
P1: N=75, mean=22.146667 (+/-2.98641).
P2: N=75, mean=18.786667 (+/-2.332832).

Agent 2 (Example UCT)
Winning score (between 0 and 1) : N=150, mean=0.486667 (+/-0.080255).
P1: N=75, mean=0.493333 (+/-0.11391).
P2: N=75, mean=0.48 (+/-0.113829).
Game Durations: N=150, mean=20.466667 (+/-1.907579).
P1: N=75, mean=18.786667 (+/-2.332832).
P2: N=75, mean=22.146667 (+/-2.98641).
=====================================================
