Warming up...
Finished warming up!
=====================================================
Completed 1 games.

Agent 1 (SHUCTAnyTime)
Winning score (between 0 and 1) : N=1, mean=1 (+/-0).
P1: N=1, mean=1 (+/-0).
P2: N=0, mean=0 (+/-0).
Game Durations: N=1, mean=21 (+/-0).
P1: N=1, mean=21 (+/-0).
P2: N=0, mean=0 (+/-0).

Agent 2 (Example UCT)
Winning score (between 0 and 1) : N=1, mean=0 (+/-0).
P1: N=0, mean=0 (+/-0).
P2: N=1, mean=0 (+/-0).
Game Durations: N=1, mean=21 (+/-0).
P1: N=0, mean=0 (+/-0).
P2: N=1, mean=21 (+/-0).
=====================================================
=====================================================
Completed 2 games.

Agent 1 (SHUCTAnyTime)
Winning score (between 0 and 1) : N=2, mean=1 (+/-0).
P1: N=1, mean=1 (+/-0).
P2: N=1, mean=1 (+/-0).
Game Durations: N=2, mean=15.5 (+/-10.77978).
P1: N=1, mean=21 (+/-0).
P2: N=1, mean=10 (+/-0).

Agent 2 (Example UCT)
Winning score (between 0 and 1) : N=2, mean=0 (+/-0).
P1: N=1, mean=0 (+/-0).
P2: N=1, mean=0 (+/-0).
Game Durations: N=2, mean=15.5 (+/-10.77978).
P1: N=1, mean=10 (+/-0).
P2: N=1, mean=21 (+/-0).
=====================================================
=====================================================
Completed 3 games.

Agent 1 (SHUCTAnyTime)
Winning score (between 0 and 1) : N=3, mean=0.666667 (+/-0.65332).
P1: N=2, mean=0.5 (+/-0.97998).
P2: N=1, mean=1 (+/-0).
Game Durations: N=3, mean=18.333333 (+/-8.341031).
P1: N=2, mean=22.5 (+/-2.93994).
P2: N=1, mean=10 (+/-0).

Agent 2 (Example UCT)
Winning score (between 0 and 1) : N=3, mean=0.333333 (+/-0.65332).
P1: N=1, mean=0 (+/-0).
P2: N=2, mean=0.5 (+/-0.97998).
Game Durations: N=3, mean=18.333333 (+/-8.341031).
P1: N=1, mean=10 (+/-0).
P2: N=2, mean=22.5 (+/-2.93994).
=====================================================
=====================================================
Completed 4 games.

Agent 1 (SHUCTAnyTime)
Winning score (between 0 and 1) : N=4, mean=0.5 (+/-0.565792).
P1: N=2, mean=0.5 (+/-0.97998).
P2: N=2, mean=0.5 (+/-0.97998).
Game Durations: N=4, mean=16 (+/-7.463305).
P1: N=2, mean=22.5 (+/-2.93994).
P2: N=2, mean=9.5 (+/-0.97998).

Agent 2 (Example UCT)
Winning score (between 0 and 1) : N=4, mean=0.5 (+/-0.565792).
P1: N=2, mean=0.5 (+/-0.97998).
P2: N=2, mean=0.5 (+/-0.97998).
Game Durations: N=4, mean=16 (+/-7.463305).
P1: N=2, mean=9.5 (+/-0.97998).
P2: N=2, mean=22.5 (+/-2.93994).
=====================================================
=====================================================
Completed 5 games.

Agent 1 (SHUCTAnyTime)
Winning score (between 0 and 1) : N=5, mean=0.4 (+/-0.48009).
P1: N=3, mean=0.333333 (+/-0.65332).
P2: N=2, mean=0.5 (+/-0.97998).
Game Durations: N=5, mean=18.4 (+/-7.453004).
P1: N=3, mean=24.333333 (+/-3.97399).
P2: N=2, mean=9.5 (+/-0.97998).

Agent 2 (Example UCT)
Winning score (between 0 and 1) : N=5, mean=0.6 (+/-0.48009).
P1: N=2, mean=0.5 (+/-0.97998).
P2: N=3, mean=0.666667 (+/-0.65332).
Game Durations: N=5, mean=18.4 (+/-7.453004).
P1: N=2, mean=9.5 (+/-0.97998).
P2: N=3, mean=24.333333 (+/-3.97399).
=====================================================
=====================================================
Completed 10 games.

Agent 1 (SHUCTAnyTime)
Winning score (between 0 and 1) : N=10, mean=0.5 (+/-0.32666).
P1: N=5, mean=0.4 (+/-0.48009).
P2: N=5, mean=0.6 (+/-0.48009).
Game Durations: N=10, mean=20.8 (+/-3.906832).
P1: N=5, mean=23.6 (+/-2.525232).
P2: N=5, mean=18 (+/-6.873845).

Agent 2 (Example UCT)
Winning score (between 0 and 1) : N=10, mean=0.5 (+/-0.32666).
P1: N=5, mean=0.4 (+/-0.48009).
P2: N=5, mean=0.6 (+/-0.48009).
Game Durations: N=10, mean=20.8 (+/-3.906832).
P1: N=5, mean=18 (+/-6.873845).
P2: N=5, mean=23.6 (+/-2.525232).
=====================================================
=====================================================
Completed 20 games.

Agent 1 (SHUCTAnyTime)
Winning score (between 0 and 1) : N=20, mean=0.4 (+/-0.22028).
P1: N=10, mean=0.3 (+/-0.299389).
P2: N=10, mean=0.5 (+/-0.32666).
Game Durations: N=20, mean=18.2 (+/-3.228694).
P1: N=10, mean=20.3 (+/-5.052576).
P2: N=10, mean=16.1 (+/-3.83683).

Agent 2 (Example UCT)
Winning score (between 0 and 1) : N=20, mean=0.6 (+/-0.22028).
P1: N=10, mean=0.5 (+/-0.32666).
P2: N=10, mean=0.7 (+/-0.299389).
Game Durations: N=20, mean=18.2 (+/-3.228694).
P1: N=10, mean=16.1 (+/-3.83683).
P2: N=10, mean=20.3 (+/-5.052576).
=====================================================
=====================================================
Completed 30 games.

Agent 1 (SHUCTAnyTime)
Winning score (between 0 and 1) : N=30, mean=0.4 (+/-0.178301).
P1: N=15, mean=0.4 (+/-0.256619).
P2: N=15, mean=0.4 (+/-0.256619).
Game Durations: N=30, mean=20.233333 (+/-4.59669).
P1: N=15, mean=23.733333 (+/-8.120564).
P2: N=15, mean=16.733333 (+/-3.856249).

Agent 2 (Example UCT)
Winning score (between 0 and 1) : N=30, mean=0.6 (+/-0.178301).
P1: N=15, mean=0.6 (+/-0.256619).
P2: N=15, mean=0.6 (+/-0.256619).
Game Durations: N=30, mean=20.233333 (+/-4.59669).
P1: N=15, mean=16.733333 (+/-3.856249).
P2: N=15, mean=23.733333 (+/-8.120564).
=====================================================
=====================================================
Completed 40 games.

Agent 1 (SHUCTAnyTime)
Winning score (between 0 and 1) : N=40, mean=0.4 (+/-0.153752).
P1: N=20, mean=0.35 (+/-0.214467).
P2: N=20, mean=0.45 (+/-0.223696).
Game Durations: N=40, mean=20.3 (+/-3.658143).
P1: N=20, mean=22.05 (+/-6.4622).
P2: N=20, mean=18.55 (+/-3.455184).

Agent 2 (Example UCT)
Winning score (between 0 and 1) : N=40, mean=0.6 (+/-0.153752).
P1: N=20, mean=0.55 (+/-0.223696).
P2: N=20, mean=0.65 (+/-0.214467).
Game Durations: N=40, mean=20.3 (+/-3.658143).
P1: N=20, mean=18.55 (+/-3.455184).
P2: N=20, mean=22.05 (+/-6.4622).
=====================================================
=====================================================
Completed 50 games.

Agent 1 (SHUCTAnyTime)
Winning score (between 0 and 1) : N=50, mean=0.42 (+/-0.138194).
P1: N=25, mean=0.4 (+/-0.195996).
P2: N=25, mean=0.44 (+/-0.198592).
Game Durations: N=50, mean=19.56 (+/-3.613189).
P1: N=25, mean=20.56 (+/-5.442293).
P2: N=25, mean=18.56 (+/-4.834232).

Agent 2 (Example UCT)
Winning score (between 0 and 1) : N=50, mean=0.58 (+/-0.138194).
P1: N=25, mean=0.56 (+/-0.198592).
P2: N=25, mean=0.6 (+/-0.195996).
Game Durations: N=50, mean=19.56 (+/-3.613189).
P1: N=25, mean=18.56 (+/-4.834232).
P2: N=25, mean=20.56 (+/-5.442293).
=====================================================
=====================================================
Completed 60 games.

Agent 1 (SHUCTAnyTime)
Winning score (between 0 and 1) : N=60, mean=0.45 (+/-0.126943).
P1: N=30, mean=0.466667 (+/-0.181573).
P2: N=30, mean=0.433333 (+/-0.180353).
Game Durations: N=60, mean=20.25 (+/-3.640203).
P1: N=30, mean=19.533333 (+/-4.65686).
P2: N=30, mean=20.966667 (+/-5.665313).

Agent 2 (Example UCT)
Winning score (between 0 and 1) : N=60, mean=0.55 (+/-0.126943).
P1: N=30, mean=0.566667 (+/-0.180353).
P2: N=30, mean=0.533333 (+/-0.181573).
Game Durations: N=60, mean=20.25 (+/-3.640203).
P1: N=30, mean=20.966667 (+/-5.665313).
P2: N=30, mean=19.533333 (+/-4.65686).
=====================================================
=====================================================
Completed 70 games.

Agent 1 (SHUCTAnyTime)
Winning score (between 0 and 1) : N=70, mean=0.457143 (+/-0.117542).
P1: N=35, mean=0.485714 (+/-0.167997).
P2: N=35, mean=0.428571 (+/-0.166341).
Game Durations: N=70, mean=19.814286 (+/-3.165946).
P1: N=35, mean=19 (+/-4.071005).
P2: N=35, mean=20.628571 (+/-4.894848).

Agent 2 (Example UCT)
Winning score (between 0 and 1) : N=70, mean=0.542857 (+/-0.117542).
P1: N=35, mean=0.571429 (+/-0.166341).
P2: N=35, mean=0.514286 (+/-0.167997).
Game Durations: N=70, mean=19.814286 (+/-3.165946).
P1: N=35, mean=20.628571 (+/-4.894848).
P2: N=35, mean=19 (+/-4.071005).
=====================================================
=====================================================
Completed 80 games.

Agent 1 (SHUCTAnyTime)
Winning score (between 0 and 1) : N=80, mean=0.45 (+/-0.109704).
P1: N=40, mean=0.5 (+/-0.156922).
P2: N=40, mean=0.4 (+/-0.153752).
Game Durations: N=80, mean=20.35 (+/-2.965691).
P1: N=40, mean=19.25 (+/-3.719259).
P2: N=40, mean=21.45 (+/-4.643392).

Agent 2 (Example UCT)
Winning score (between 0 and 1) : N=80, mean=0.55 (+/-0.109704).
P1: N=40, mean=0.6 (+/-0.153752).
P2: N=40, mean=0.5 (+/-0.156922).
Game Durations: N=80, mean=20.35 (+/-2.965691).
P1: N=40, mean=21.45 (+/-4.643392).
P2: N=40, mean=19.25 (+/-3.719259).
=====================================================
=====================================================
Completed 90 games.

Agent 1 (SHUCTAnyTime)
Winning score (between 0 and 1) : N=90, mean=0.466667 (+/-0.103647).
P1: N=45, mean=0.511111 (+/-0.147701).
P2: N=45, mean=0.422222 (+/-0.145939).
Game Durations: N=90, mean=20.477778 (+/-2.821571).
P1: N=45, mean=19.933333 (+/-3.696471).
P2: N=45, mean=21.022222 (+/-4.300147).

Agent 2 (Example UCT)
Winning score (between 0 and 1) : N=90, mean=0.533333 (+/-0.103647).
P1: N=45, mean=0.577778 (+/-0.145939).
P2: N=45, mean=0.488889 (+/-0.147701).
Game Durations: N=90, mean=20.477778 (+/-2.821571).
P1: N=45, mean=21.022222 (+/-4.300147).
P2: N=45, mean=19.933333 (+/-3.696471).
=====================================================
=====================================================
Completed 100 games.

Agent 1 (SHUCTAnyTime)
Winning score (between 0 and 1) : N=100, mean=0.48 (+/-0.098413).
P1: N=50, mean=0.5 (+/-0.139997).
P2: N=50, mean=0.46 (+/-0.139548).
Game Durations: N=100, mean=20.32 (+/-2.586847).
P1: N=50, mean=19.62 (+/-3.36128).
P2: N=50, mean=21.02 (+/-3.957931).

Agent 2 (Example UCT)
Winning score (between 0 and 1) : N=100, mean=0.52 (+/-0.098413).
P1: N=50, mean=0.54 (+/-0.139548).
P2: N=50, mean=0.5 (+/-0.139997).
Game Durations: N=100, mean=20.32 (+/-2.586847).
P1: N=50, mean=21.02 (+/-3.957931).
P2: N=50, mean=19.62 (+/-3.36128).
=====================================================
=====================================================
Completed 110 games.

Agent 1 (SHUCTAnyTime)
Winning score (between 0 and 1) : N=110, mean=0.481818 (+/-0.093803).
P1: N=55, mean=0.509091 (+/-0.133336).
P2: N=55, mean=0.454545 (+/-0.132806).
Game Durations: N=110, mean=20.181818 (+/-2.469747).
P1: N=55, mean=19.2 (+/-3.084704).
P2: N=55, mean=21.163636 (+/-3.869362).

Agent 2 (Example UCT)
Winning score (between 0 and 1) : N=110, mean=0.518182 (+/-0.093803).
P1: N=55, mean=0.545455 (+/-0.132806).
P2: N=55, mean=0.490909 (+/-0.133336).
Game Durations: N=110, mean=20.181818 (+/-2.469747).
P1: N=55, mean=21.163636 (+/-3.869362).
P2: N=55, mean=19.2 (+/-3.084704).
=====================================================
=====================================================
Completed 120 games.

Agent 1 (SHUCTAnyTime)
Winning score (between 0 and 1) : N=120, mean=0.491667 (+/-0.089822).
P1: N=60, mean=0.533333 (+/-0.127299).
P2: N=60, mean=0.45 (+/-0.126943).
Game Durations: N=120, mean=20.208333 (+/-2.349926).
P1: N=60, mean=19.9 (+/-3.03482).
P2: N=60, mean=20.516667 (+/-3.612934).

Agent 2 (Example UCT)
Winning score (between 0 and 1) : N=120, mean=0.508333 (+/-0.089822).
P1: N=60, mean=0.55 (+/-0.126943).
P2: N=60, mean=0.466667 (+/-0.127299).
Game Durations: N=120, mean=20.208333 (+/-2.349926).
P1: N=60, mean=20.516667 (+/-3.612934).
P2: N=60, mean=19.9 (+/-3.03482).
=====================================================
=====================================================
Completed 130 games.

Agent 1 (SHUCTAnyTime)
Winning score (between 0 and 1) : N=130, mean=0.469231 (+/-0.086119).
P1: N=65, mean=0.523077 (+/-0.122367).
P2: N=65, mean=0.415385 (+/-0.120731).
Game Durations: N=130, mean=21.184615 (+/-2.391587).
P1: N=65, mean=20.953846 (+/-3.299132).
P2: N=65, mean=21.415385 (+/-3.488099).

Agent 2 (Example UCT)
Winning score (between 0 and 1) : N=130, mean=0.530769 (+/-0.086119).
P1: N=65, mean=0.584615 (+/-0.120731).
P2: N=65, mean=0.476923 (+/-0.122367).
Game Durations: N=130, mean=21.184615 (+/-2.391587).
P1: N=65, mean=21.415385 (+/-3.488099).
P2: N=65, mean=20.953846 (+/-3.299132).
=====================================================
=====================================================
Completed 140 games.

Agent 1 (SHUCTAnyTime)
Winning score (between 0 and 1) : N=140, mean=0.471429 (+/-0.082985).
P1: N=70, mean=0.5 (+/-0.117976).
P2: N=70, mean=0.442857 (+/-0.117203).
Game Durations: N=140, mean=21.6 (+/-2.352842).
P1: N=70, mean=21.5 (+/-3.388595).
P2: N=70, mean=21.7 (+/-3.289411).

Agent 2 (Example UCT)
Winning score (between 0 and 1) : N=140, mean=0.528571 (+/-0.082985).
P1: N=70, mean=0.557143 (+/-0.117203).
P2: N=70, mean=0.5 (+/-0.117976).
Game Durations: N=140, mean=21.6 (+/-2.352842).
P1: N=70, mean=21.7 (+/-3.289411).
P2: N=70, mean=21.5 (+/-3.388595).
=====================================================
=====================================================
Completed 150 games.

Agent 1 (SHUCTAnyTime)
Winning score (between 0 and 1) : N=150, mean=0.493333 (+/-0.080276).
P1: N=75, mean=0.52 (+/-0.113829).
P2: N=75, mean=0.466667 (+/-0.113667).
Game Durations: N=150, mean=21.246667 (+/-2.217049).
P1: N=75, mean=21.133333 (+/-3.193963).
P2: N=75, mean=21.36 (+/-3.096989).

Agent 2 (Example UCT)
Winning score (between 0 and 1) : N=150, mean=0.506667 (+/-0.080276).
P1: N=75, mean=0.533333 (+/-0.113667).
P2: N=75, mean=0.48 (+/-0.113829).
Game Durations: N=150, mean=21.246667 (+/-2.217049).
P1: N=75, mean=21.36 (+/-3.096989).
P2: N=75, mean=21.133333 (+/-3.193963).
=====================================================
