Warming up...
Finished warming up!
=====================================================
Completed 1 games.

Agent 1 (SHUCTAnyTime)
Winning score (between 0 and 1) : N=1, mean=1 (+/-0).
P1: N=1, mean=1 (+/-0).
P2: N=0, mean=0 (+/-0).
Game Durations: N=1, mean=11 (+/-0).
P1: N=1, mean=11 (+/-0).
P2: N=0, mean=0 (+/-0).

Agent 2 (Example UCT)
Winning score (between 0 and 1) : N=1, mean=0 (+/-0).
P1: N=0, mean=0 (+/-0).
P2: N=1, mean=0 (+/-0).
Game Durations: N=1, mean=11 (+/-0).
P1: N=0, mean=0 (+/-0).
P2: N=1, mean=11 (+/-0).
=====================================================
=====================================================
Completed 2 games.

Agent 1 (SHUCTAnyTime)
Winning score (between 0 and 1) : N=2, mean=1 (+/-0).
P1: N=1, mean=1 (+/-0).
P2: N=1, mean=1 (+/-0).
Game Durations: N=2, mean=14.5 (+/-6.85986).
P1: N=1, mean=11 (+/-0).
P2: N=1, mean=18 (+/-0).

Agent 2 (Example UCT)
Winning score (between 0 and 1) : N=2, mean=0 (+/-0).
P1: N=1, mean=0 (+/-0).
P2: N=1, mean=0 (+/-0).
Game Durations: N=2, mean=14.5 (+/-6.85986).
P1: N=1, mean=18 (+/-0).
P2: N=1, mean=11 (+/-0).
=====================================================
=====================================================
Completed 3 games.

Agent 1 (SHUCTAnyTime)
Winning score (between 0 and 1) : N=3, mean=1 (+/-0).
P1: N=2, mean=1 (+/-0).
P2: N=1, mean=1 (+/-0).
Game Durations: N=3, mean=15.333333 (+/-4.284106).
P1: N=2, mean=14 (+/-5.87988).
P2: N=1, mean=18 (+/-0).

Agent 2 (Example UCT)
Winning score (between 0 and 1) : N=3, mean=0 (+/-0).
P1: N=1, mean=0 (+/-0).
P2: N=2, mean=0 (+/-0).
Game Durations: N=3, mean=15.333333 (+/-4.284106).
P1: N=1, mean=18 (+/-0).
P2: N=2, mean=14 (+/-5.87988).
=====================================================
=====================================================
Completed 4 games.

Agent 1 (SHUCTAnyTime)
Winning score (between 0 and 1) : N=4, mean=1 (+/-0).
P1: N=2, mean=1 (+/-0).
P2: N=2, mean=1 (+/-0).
Game Durations: N=4, mean=13.5 (+/-4.699819).
P1: N=2, mean=14 (+/-5.87988).
P2: N=2, mean=13 (+/-9.7998).

Agent 2 (Example UCT)
Winning score (between 0 and 1) : N=4, mean=0 (+/-0).
P1: N=2, mean=0 (+/-0).
P2: N=2, mean=0 (+/-0).
Game Durations: N=4, mean=13.5 (+/-4.699819).
P1: N=2, mean=13 (+/-9.7998).
P2: N=2, mean=14 (+/-5.87988).
=====================================================
=====================================================
Completed 5 games.

Agent 1 (SHUCTAnyTime)
Winning score (between 0 and 1) : N=5, mean=0.8 (+/-0.391992).
P1: N=3, mean=0.666667 (+/-0.65332).
P2: N=2, mean=1 (+/-0).
Game Durations: N=5, mean=17.2 (+/-8.114329).
P1: N=3, mean=20 (+/-12.239946).
P2: N=2, mean=13 (+/-9.7998).

Agent 2 (Example UCT)
Winning score (between 0 and 1) : N=5, mean=0.2 (+/-0.391992).
P1: N=2, mean=0 (+/-0).
P2: N=3, mean=0.333333 (+/-0.65332).
Game Durations: N=5, mean=17.2 (+/-8.114329).
P1: N=2, mean=13 (+/-9.7998).
P2: N=3, mean=20 (+/-12.239946).
=====================================================
=====================================================
Completed 10 games.

Agent 1 (SHUCTAnyTime)
Winning score (between 0 and 1) : N=10, mean=0.8 (+/-0.261328).
P1: N=5, mean=0.8 (+/-0.391992).
P2: N=5, mean=0.8 (+/-0.391992).
Game Durations: N=10, mean=15.7 (+/-4.294554).
P1: N=5, mean=17.2 (+/-7.601007).
P2: N=5, mean=14.2 (+/-4.571373).

Agent 2 (Example UCT)
Winning score (between 0 and 1) : N=10, mean=0.2 (+/-0.261328).
P1: N=5, mean=0.2 (+/-0.391992).
P2: N=5, mean=0.2 (+/-0.391992).
Game Durations: N=10, mean=15.7 (+/-4.294554).
P1: N=5, mean=14.2 (+/-4.571373).
P2: N=5, mean=17.2 (+/-7.601007).
=====================================================
=====================================================
Completed 20 games.

Agent 1 (SHUCTAnyTime)
Winning score (between 0 and 1) : N=20, mean=0.55 (+/-0.223696).
P1: N=10, mean=0.5 (+/-0.32666).
P2: N=10, mean=0.6 (+/-0.32006).
Game Durations: N=20, mean=14.05 (+/-2.545467).
P1: N=10, mean=14.9 (+/-4.074224).
P2: N=10, mean=13.2 (+/-3.184558).

Agent 2 (Example UCT)
Winning score (between 0 and 1) : N=20, mean=0.45 (+/-0.223696).
P1: N=10, mean=0.4 (+/-0.32006).
P2: N=10, mean=0.5 (+/-0.32666).
Game Durations: N=20, mean=14.05 (+/-2.545467).
P1: N=10, mean=13.2 (+/-3.184558).
P2: N=10, mean=14.9 (+/-4.074224).
=====================================================
=====================================================
Completed 30 games.

Agent 1 (SHUCTAnyTime)
Winning score (between 0 and 1) : N=30, mean=0.5 (+/-0.181978).
P1: N=15, mean=0.466667 (+/-0.261328).
P2: N=15, mean=0.533333 (+/-0.261328).
Game Durations: N=30, mean=16.133333 (+/-2.679024).
P1: N=15, mean=18.466667 (+/-4.056902).
P2: N=15, mean=13.8 (+/-3.207452).

Agent 2 (Example UCT)
Winning score (between 0 and 1) : N=30, mean=0.5 (+/-0.181978).
P1: N=15, mean=0.466667 (+/-0.261328).
P2: N=15, mean=0.533333 (+/-0.261328).
Game Durations: N=30, mean=16.133333 (+/-2.679024).
P1: N=15, mean=13.8 (+/-3.207452).
P2: N=15, mean=18.466667 (+/-4.056902).
=====================================================
=====================================================
Completed 40 games.

Agent 1 (SHUCTAnyTime)
Winning score (between 0 and 1) : N=40, mean=0.475 (+/-0.156726).
P1: N=20, mean=0.45 (+/-0.223696).
P2: N=20, mean=0.5 (+/-0.224823).
Game Durations: N=40, mean=19.125 (+/-4.101765).
P1: N=20, mean=19.55 (+/-3.869239).
P2: N=20, mean=18.7 (+/-7.350159).

Agent 2 (Example UCT)
Winning score (between 0 and 1) : N=40, mean=0.525 (+/-0.156726).
P1: N=20, mean=0.5 (+/-0.224823).
P2: N=20, mean=0.55 (+/-0.223696).
Game Durations: N=40, mean=19.125 (+/-4.101765).
P1: N=20, mean=18.7 (+/-7.350159).
P2: N=20, mean=19.55 (+/-3.869239).
=====================================================
=====================================================
Completed 50 games.

Agent 1 (SHUCTAnyTime)
Winning score (between 0 and 1) : N=50, mean=0.42 (+/-0.138194).
P1: N=25, mean=0.4 (+/-0.195996).
P2: N=25, mean=0.44 (+/-0.198592).
Game Durations: N=50, mean=19.36 (+/-3.486243).
P1: N=25, mean=19.68 (+/-3.43174).
P2: N=25, mean=19.04 (+/-6.149695).

Agent 2 (Example UCT)
Winning score (between 0 and 1) : N=50, mean=0.58 (+/-0.138194).
P1: N=25, mean=0.56 (+/-0.198592).
P2: N=25, mean=0.6 (+/-0.195996).
Game Durations: N=50, mean=19.36 (+/-3.486243).
P1: N=25, mean=19.04 (+/-6.149695).
P2: N=25, mean=19.68 (+/-3.43174).
=====================================================
=====================================================
Completed 60 games.

Agent 1 (SHUCTAnyTime)
Winning score (between 0 and 1) : N=60, mean=0.4 (+/-0.125005).
P1: N=30, mean=0.433333 (+/-0.180353).
P2: N=30, mean=0.366667 (+/-0.175388).
Game Durations: N=60, mean=19.233333 (+/-3.04434).
P1: N=30, mean=20.033333 (+/-3.266803).
P2: N=30, mean=18.433333 (+/-5.183594).

Agent 2 (Example UCT)
Winning score (between 0 and 1) : N=60, mean=0.6 (+/-0.125005).
P1: N=30, mean=0.633333 (+/-0.175388).
P2: N=30, mean=0.566667 (+/-0.180353).
Game Durations: N=60, mean=19.233333 (+/-3.04434).
P1: N=30, mean=18.433333 (+/-5.183594).
P2: N=30, mean=20.033333 (+/-3.266803).
=====================================================
=====================================================
Completed 70 games.

Agent 1 (SHUCTAnyTime)
Winning score (between 0 and 1) : N=70, mean=0.371429 (+/-0.114009).
P1: N=35, mean=0.4 (+/-0.16467).
P2: N=35, mean=0.342857 (+/-0.159549).
Game Durations: N=70, mean=19.071429 (+/-2.718002).
P1: N=35, mean=19.542857 (+/-3.042032).
P2: N=35, mean=18.6 (+/-4.547584).

Agent 2 (Example UCT)
Winning score (between 0 and 1) : N=70, mean=0.628571 (+/-0.114009).
P1: N=35, mean=0.657143 (+/-0.159549).
P2: N=35, mean=0.6 (+/-0.16467).
Game Durations: N=70, mean=19.071429 (+/-2.718002).
P1: N=35, mean=18.6 (+/-4.547584).
P2: N=35, mean=19.542857 (+/-3.042032).
=====================================================
=====================================================
Completed 80 games.

Agent 1 (SHUCTAnyTime)
Winning score (between 0 and 1) : N=80, mean=0.35 (+/-0.105178).
P1: N=40, mean=0.375 (+/-0.151939).
P2: N=40, mean=0.325 (+/-0.146997).
Game Durations: N=80, mean=18.775 (+/-2.469589).
P1: N=40, mean=19.225 (+/-2.850194).
P2: N=40, mean=18.325 (+/-4.067522).

Agent 2 (Example UCT)
Winning score (between 0 and 1) : N=80, mean=0.65 (+/-0.105178).
P1: N=40, mean=0.675 (+/-0.146997).
P2: N=40, mean=0.625 (+/-0.151939).
Game Durations: N=80, mean=18.775 (+/-2.469589).
P1: N=40, mean=18.325 (+/-4.067522).
P2: N=40, mean=19.225 (+/-2.850194).
=====================================================
=====================================================
Completed 90 games.

Agent 1 (SHUCTAnyTime)
Winning score (between 0 and 1) : N=90, mean=0.355556 (+/-0.099449).
P1: N=45, mean=0.4 (+/-0.144753).
P2: N=45, mean=0.311111 (+/-0.13679).
Game Durations: N=90, mean=19.055556 (+/-2.269169).
P1: N=45, mean=19.066667 (+/-2.646771).
P2: N=45, mean=19.044444 (+/-3.718218).

Agent 2 (Example UCT)
Winning score (between 0 and 1) : N=90, mean=0.644444 (+/-0.099449).
P1: N=45, mean=0.688889 (+/-0.13679).
P2: N=45, mean=0.6 (+/-0.144753).
Game Durations: N=90, mean=19.055556 (+/-2.269169).
P1: N=45, mean=19.044444 (+/-3.718218).
P2: N=45, mean=19.066667 (+/-2.646771).
=====================================================
=====================================================
Completed 100 games.

Agent 1 (SHUCTAnyTime)
Winning score (between 0 and 1) : N=100, mean=0.4 (+/-0.096502).
P1: N=50, mean=0.44 (+/-0.138986).
P2: N=50, mean=0.36 (+/-0.134397).
Game Durations: N=100, mean=19.16 (+/-2.123353).
P1: N=50, mean=19.08 (+/-2.586784).
P2: N=50, mean=19.24 (+/-3.395009).

Agent 2 (Example UCT)
Winning score (between 0 and 1) : N=100, mean=0.6 (+/-0.096502).
P1: N=50, mean=0.64 (+/-0.134397).
P2: N=50, mean=0.56 (+/-0.138986).
Game Durations: N=100, mean=19.16 (+/-2.123353).
P1: N=50, mean=19.24 (+/-3.395009).
P2: N=50, mean=19.08 (+/-2.586784).
=====================================================
=====================================================
Completed 110 games.

Agent 1 (SHUCTAnyTime)
Winning score (between 0 and 1) : N=110, mean=0.409091 (+/-0.092301).
P1: N=55, mean=0.454545 (+/-0.132806).
P2: N=55, mean=0.363636 (+/-0.128303).
Game Durations: N=110, mean=19.181818 (+/-2.032218).
P1: N=55, mean=19.945455 (+/-2.567552).
P2: N=55, mean=18.418182 (+/-3.161851).

Agent 2 (Example UCT)
Winning score (between 0 and 1) : N=110, mean=0.590909 (+/-0.092301).
P1: N=55, mean=0.636364 (+/-0.128303).
P2: N=55, mean=0.545455 (+/-0.132806).
Game Durations: N=110, mean=19.181818 (+/-2.032218).
P1: N=55, mean=18.418182 (+/-3.161851).
P2: N=55, mean=19.945455 (+/-2.567552).
=====================================================
=====================================================
Completed 120 games.

Agent 1 (SHUCTAnyTime)
Winning score (between 0 and 1) : N=120, mean=0.441667 (+/-0.089221).
P1: N=60, mean=0.483333 (+/-0.127512).
P2: N=60, mean=0.4 (+/-0.125005).
Game Durations: N=120, mean=19.641667 (+/-2.04418).
P1: N=60, mean=19.65 (+/-2.461968).
P2: N=60, mean=19.633333 (+/-3.28558).

Agent 2 (Example UCT)
Winning score (between 0 and 1) : N=120, mean=0.558333 (+/-0.089221).
P1: N=60, mean=0.6 (+/-0.125005).
P2: N=60, mean=0.516667 (+/-0.127512).
Game Durations: N=120, mean=19.641667 (+/-2.04418).
P1: N=60, mean=19.633333 (+/-3.28558).
P2: N=60, mean=19.65 (+/-2.461968).
=====================================================
=====================================================
Completed 130 games.

Agent 1 (SHUCTAnyTime)
Winning score (between 0 and 1) : N=130, mean=0.453846 (+/-0.085914).
P1: N=65, mean=0.461538 (+/-0.122135).
P2: N=65, mean=0.446154 (+/-0.121785).
Game Durations: N=130, mean=19.369231 (+/-1.96651).
P1: N=65, mean=19.138462 (+/-2.327354).
P2: N=65, mean=19.6 (+/-3.188499).

Agent 2 (Example UCT)
Winning score (between 0 and 1) : N=130, mean=0.546154 (+/-0.085914).
P1: N=65, mean=0.553846 (+/-0.121785).
P2: N=65, mean=0.538462 (+/-0.122135).
Game Durations: N=130, mean=19.369231 (+/-1.96651).
P1: N=65, mean=19.6 (+/-3.188499).
P2: N=65, mean=19.138462 (+/-2.327354).
=====================================================
=====================================================
Completed 140 games.

Agent 1 (SHUCTAnyTime)
Winning score (between 0 and 1) : N=140, mean=0.464286 (+/-0.082909).
P1: N=70, mean=0.5 (+/-0.117976).
P2: N=70, mean=0.428571 (+/-0.116766).
Game Durations: N=140, mean=19.492857 (+/-1.87508).
P1: N=70, mean=19.214286 (+/-2.284814).
P2: N=70, mean=19.771429 (+/-2.989414).

Agent 2 (Example UCT)
Winning score (between 0 and 1) : N=140, mean=0.535714 (+/-0.082909).
P1: N=70, mean=0.571429 (+/-0.116766).
P2: N=70, mean=0.5 (+/-0.117976).
Game Durations: N=140, mean=19.492857 (+/-1.87508).
P1: N=70, mean=19.771429 (+/-2.989414).
P2: N=70, mean=19.214286 (+/-2.284814).
=====================================================
=====================================================
Completed 150 games.

Agent 1 (SHUCTAnyTime)
Winning score (between 0 and 1) : N=150, mean=0.453333 (+/-0.079933).
P1: N=75, mean=0.48 (+/-0.113829).
P2: N=75, mean=0.426667 (+/-0.112688).
Game Durations: N=150, mean=19.726667 (+/-1.8164).
P1: N=75, mean=19.066667 (+/-2.150035).
P2: N=75, mean=20.386667 (+/-2.935733).

Agent 2 (Example UCT)
Winning score (between 0 and 1) : N=150, mean=0.546667 (+/-0.079933).
P1: N=75, mean=0.573333 (+/-0.112688).
P2: N=75, mean=0.52 (+/-0.113829).
Game Durations: N=150, mean=19.726667 (+/-1.8164).
P1: N=75, mean=20.386667 (+/-2.935733).
P2: N=75, mean=19.066667 (+/-2.150035).
=====================================================
