Warming up...
Finished warming up!
=====================================================
Completed 1 games.

Agent 1 (SHUCTAnyTime)
Winning score (between 0 and 1) : N=1, mean=1 (+/-0).
P1: N=1, mean=1 (+/-0).
P2: N=0, mean=0 (+/-0).
Game Durations: N=1, mean=13 (+/-0).
P1: N=1, mean=13 (+/-0).
P2: N=0, mean=0 (+/-0).

Agent 2 (Example UCT)
Winning score (between 0 and 1) : N=1, mean=0 (+/-0).
P1: N=0, mean=0 (+/-0).
P2: N=1, mean=0 (+/-0).
Game Durations: N=1, mean=13 (+/-0).
P1: N=0, mean=0 (+/-0).
P2: N=1, mean=13 (+/-0).
=====================================================
=====================================================
Completed 2 games.

Agent 1 (SHUCTAnyTime)
Winning score (between 0 and 1) : N=2, mean=1 (+/-0).
P1: N=1, mean=1 (+/-0).
P2: N=1, mean=1 (+/-0).
Game Durations: N=2, mean=15.5 (+/-4.8999).
P1: N=1, mean=13 (+/-0).
P2: N=1, mean=18 (+/-0).

Agent 2 (Example UCT)
Winning score (between 0 and 1) : N=2, mean=0 (+/-0).
P1: N=1, mean=0 (+/-0).
P2: N=1, mean=0 (+/-0).
Game Durations: N=2, mean=15.5 (+/-4.8999).
P1: N=1, mean=18 (+/-0).
P2: N=1, mean=13 (+/-0).
=====================================================
=====================================================
Completed 3 games.

Agent 1 (SHUCTAnyTime)
Winning score (between 0 and 1) : N=3, mean=0.666667 (+/-0.65332).
P1: N=2, mean=0.5 (+/-0.97998).
P2: N=1, mean=1 (+/-0).
Game Durations: N=3, mean=14.333333 (+/-3.637532).
P1: N=2, mean=12.5 (+/-0.97998).
P2: N=1, mean=18 (+/-0).

Agent 2 (Example UCT)
Winning score (between 0 and 1) : N=3, mean=0.333333 (+/-0.65332).
P1: N=1, mean=0 (+/-0).
P2: N=2, mean=0.5 (+/-0.97998).
Game Durations: N=3, mean=14.333333 (+/-3.637532).
P1: N=1, mean=18 (+/-0).
P2: N=2, mean=12.5 (+/-0.97998).
=====================================================
=====================================================
Completed 4 games.

Agent 1 (SHUCTAnyTime)
Winning score (between 0 and 1) : N=4, mean=0.75 (+/-0.48999).
P1: N=2, mean=0.5 (+/-0.97998).
P2: N=2, mean=1 (+/-0).
Game Durations: N=4, mean=15.25 (+/-3.137467).
P1: N=2, mean=12.5 (+/-0.97998).
P2: N=2, mean=18 (+/-0).

Agent 2 (Example UCT)
Winning score (between 0 and 1) : N=4, mean=0.25 (+/-0.48999).
P1: N=2, mean=0 (+/-0).
P2: N=2, mean=0.5 (+/-0.97998).
Game Durations: N=4, mean=15.25 (+/-3.137467).
P1: N=2, mean=18 (+/-0).
P2: N=2, mean=12.5 (+/-0.97998).
=====================================================
=====================================================
Completed 5 games.

Agent 1 (SHUCTAnyTime)
Winning score (between 0 and 1) : N=5, mean=0.6 (+/-0.48009).
P1: N=3, mean=0.333333 (+/-0.65332).
P2: N=2, mean=1 (+/-0).
Game Durations: N=5, mean=13.8 (+/-3.739365).
P1: N=3, mean=11 (+/-2.993888).
P2: N=2, mean=18 (+/-0).

Agent 2 (Example UCT)
Winning score (between 0 and 1) : N=5, mean=0.4 (+/-0.48009).
P1: N=2, mean=0 (+/-0).
P2: N=3, mean=0.666667 (+/-0.65332).
Game Durations: N=5, mean=13.8 (+/-3.739365).
P1: N=2, mean=18 (+/-0).
P2: N=3, mean=11 (+/-2.993888).
=====================================================
=====================================================
Completed 10 games.

Agent 1 (SHUCTAnyTime)
Winning score (between 0 and 1) : N=10, mean=0.6 (+/-0.32006).
P1: N=5, mean=0.4 (+/-0.48009).
P2: N=5, mean=0.8 (+/-0.391992).
Game Durations: N=10, mean=15.9 (+/-3.450247).
P1: N=5, mean=12.4 (+/-4.139183).
P2: N=5, mean=19.4 (+/-3.592666).

Agent 2 (Example UCT)
Winning score (between 0 and 1) : N=10, mean=0.4 (+/-0.32006).
P1: N=5, mean=0.2 (+/-0.391992).
P2: N=5, mean=0.6 (+/-0.48009).
Game Durations: N=10, mean=15.9 (+/-3.450247).
P1: N=5, mean=19.4 (+/-3.592666).
P2: N=5, mean=12.4 (+/-4.139183).
=====================================================
=====================================================
Completed 20 games.

Agent 1 (SHUCTAnyTime)
Winning score (between 0 and 1) : N=20, mean=0.6 (+/-0.22028).
P1: N=10, mean=0.3 (+/-0.299389).
P2: N=10, mean=0.9 (+/-0.195996).
Game Durations: N=20, mean=16.6 (+/-2.561007).
P1: N=10, mean=15.5 (+/-3.834604).
P2: N=10, mean=17.7 (+/-3.457662).

Agent 2 (Example UCT)
Winning score (between 0 and 1) : N=20, mean=0.4 (+/-0.22028).
P1: N=10, mean=0.1 (+/-0.195996).
P2: N=10, mean=0.7 (+/-0.299389).
Game Durations: N=20, mean=16.6 (+/-2.561007).
P1: N=10, mean=17.7 (+/-3.457662).
P2: N=10, mean=15.5 (+/-3.834604).
=====================================================
=====================================================
Completed 30 games.

Agent 1 (SHUCTAnyTime)
Winning score (between 0 and 1) : N=30, mean=0.633333 (+/-0.175388).
P1: N=15, mean=0.466667 (+/-0.261328).
P2: N=15, mean=0.8 (+/-0.209529).
Game Durations: N=30, mean=19.133333 (+/-3.030146).
P1: N=15, mean=18.2 (+/-3.840722).
P2: N=15, mean=20.066667 (+/-4.775943).

Agent 2 (Example UCT)
Winning score (between 0 and 1) : N=30, mean=0.366667 (+/-0.175388).
P1: N=15, mean=0.2 (+/-0.209529).
P2: N=15, mean=0.533333 (+/-0.261328).
Game Durations: N=30, mean=19.133333 (+/-3.030146).
P1: N=15, mean=20.066667 (+/-4.775943).
P2: N=15, mean=18.2 (+/-3.840722).
=====================================================
=====================================================
Completed 40 games.

Agent 1 (SHUCTAnyTime)
Winning score (between 0 and 1) : N=40, mean=0.625 (+/-0.151939).
P1: N=20, mean=0.5 (+/-0.224823).
P2: N=20, mean=0.75 (+/-0.194702).
Game Durations: N=40, mean=18.375 (+/-2.382625).
P1: N=20, mean=17.7 (+/-3.082943).
P2: N=20, mean=19.05 (+/-3.690041).

Agent 2 (Example UCT)
Winning score (between 0 and 1) : N=40, mean=0.375 (+/-0.151939).
P1: N=20, mean=0.25 (+/-0.194702).
P2: N=20, mean=0.5 (+/-0.224823).
Game Durations: N=40, mean=18.375 (+/-2.382625).
P1: N=20, mean=19.05 (+/-3.690041).
P2: N=20, mean=17.7 (+/-3.082943).
=====================================================
=====================================================
Completed 50 games.

Agent 1 (SHUCTAnyTime)
Winning score (between 0 and 1) : N=50, mean=0.58 (+/-0.138194).
P1: N=25, mean=0.48 (+/-0.199877).
P2: N=25, mean=0.68 (+/-0.186626).
Game Durations: N=50, mean=18.24 (+/-2.007042).
P1: N=25, mean=17.44 (+/-2.494827).
P2: N=25, mean=19.04 (+/-3.165361).

Agent 2 (Example UCT)
Winning score (between 0 and 1) : N=50, mean=0.42 (+/-0.138194).
P1: N=25, mean=0.32 (+/-0.186626).
P2: N=25, mean=0.52 (+/-0.199877).
Game Durations: N=50, mean=18.24 (+/-2.007042).
P1: N=25, mean=19.04 (+/-3.165361).
P2: N=25, mean=17.44 (+/-2.494827).
=====================================================
=====================================================
Completed 60 games.

Agent 1 (SHUCTAnyTime)
Winning score (between 0 and 1) : N=60, mean=0.516667 (+/-0.127512).
P1: N=30, mean=0.466667 (+/-0.181573).
P2: N=30, mean=0.566667 (+/-0.180353).
Game Durations: N=60, mean=18.316667 (+/-1.823726).
P1: N=30, mean=17.2 (+/-2.261996).
P2: N=30, mean=19.433333 (+/-2.843644).

Agent 2 (Example UCT)
Winning score (between 0 and 1) : N=60, mean=0.483333 (+/-0.127512).
P1: N=30, mean=0.433333 (+/-0.180353).
P2: N=30, mean=0.533333 (+/-0.181573).
Game Durations: N=60, mean=18.316667 (+/-1.823726).
P1: N=30, mean=19.433333 (+/-2.843644).
P2: N=30, mean=17.2 (+/-2.261996).
=====================================================
=====================================================
Completed 70 games.

Agent 1 (SHUCTAnyTime)
Winning score (between 0 and 1) : N=70, mean=0.514286 (+/-0.117928).
P1: N=35, mean=0.457143 (+/-0.167447).
P2: N=35, mean=0.571429 (+/-0.166341).
Game Durations: N=70, mean=18.357143 (+/-1.580817).
P1: N=35, mean=17.657143 (+/-1.990915).
P2: N=35, mean=19.057143 (+/-2.463426).

Agent 2 (Example UCT)
Winning score (between 0 and 1) : N=70, mean=0.485714 (+/-0.117928).
P1: N=35, mean=0.428571 (+/-0.166341).
P2: N=35, mean=0.542857 (+/-0.167447).
Game Durations: N=70, mean=18.357143 (+/-1.580817).
P1: N=35, mean=19.057143 (+/-2.463426).
P2: N=35, mean=17.657143 (+/-1.990915).
=====================================================
=====================================================
Completed 80 games.

Agent 1 (SHUCTAnyTime)
Winning score (between 0 and 1) : N=80, mean=0.525 (+/-0.110118).
P1: N=40, mean=0.5 (+/-0.156922).
P2: N=40, mean=0.55 (+/-0.156136).
Game Durations: N=80, mean=18.825 (+/-1.618094).
P1: N=40, mean=18.85 (+/-2.3334).
P2: N=40, mean=18.8 (+/-2.272071).

Agent 2 (Example UCT)
Winning score (between 0 and 1) : N=80, mean=0.475 (+/-0.110118).
P1: N=40, mean=0.45 (+/-0.156136).
P2: N=40, mean=0.5 (+/-0.156922).
Game Durations: N=80, mean=18.825 (+/-1.618094).
P1: N=40, mean=18.8 (+/-2.272071).
P2: N=40, mean=18.85 (+/-2.3334).
=====================================================
=====================================================
Completed 90 games.

Agent 1 (SHUCTAnyTime)
Winning score (between 0 and 1) : N=90, mean=0.511111 (+/-0.103852).
P1: N=45, mean=0.466667 (+/-0.147409).
P2: N=45, mean=0.555556 (+/-0.146823).
Game Durations: N=90, mean=18.655556 (+/-1.530813).
P1: N=45, mean=18.911111 (+/-2.254425).
P2: N=45, mean=18.4 (+/-2.094333).

Agent 2 (Example UCT)
Winning score (between 0 and 1) : N=90, mean=0.488889 (+/-0.103852).
P1: N=45, mean=0.444444 (+/-0.146823).
P2: N=45, mean=0.533333 (+/-0.147409).
Game Durations: N=90, mean=18.655556 (+/-1.530813).
P1: N=45, mean=18.4 (+/-2.094333).
P2: N=45, mean=18.911111 (+/-2.254425).
=====================================================
=====================================================
Completed 100 games.

Agent 1 (SHUCTAnyTime)
Winning score (between 0 and 1) : N=100, mean=0.52 (+/-0.098413).
P1: N=50, mean=0.48 (+/-0.139885).
P2: N=50, mean=0.56 (+/-0.138986).
Game Durations: N=100, mean=18.76 (+/-1.466732).
P1: N=50, mean=18.88 (+/-2.106212).
P2: N=50, mean=18.64 (+/-2.062674).

Agent 2 (Example UCT)
Winning score (between 0 and 1) : N=100, mean=0.48 (+/-0.098413).
P1: N=50, mean=0.44 (+/-0.138986).
P2: N=50, mean=0.52 (+/-0.139885).
Game Durations: N=100, mean=18.76 (+/-1.466732).
P1: N=50, mean=18.64 (+/-2.062674).
P2: N=50, mean=18.88 (+/-2.106212).
=====================================================
=====================================================
Completed 110 games.

Agent 1 (SHUCTAnyTime)
Winning score (between 0 and 1) : N=110, mean=0.5 (+/-0.093865).
P1: N=55, mean=0.454545 (+/-0.132806).
P2: N=55, mean=0.545455 (+/-0.132806).
Game Durations: N=110, mean=18.745455 (+/-1.373113).
P1: N=55, mean=18.927273 (+/-1.999069).
P2: N=55, mean=18.563636 (+/-1.900159).

Agent 2 (Example UCT)
Winning score (between 0 and 1) : N=110, mean=0.5 (+/-0.093865).
P1: N=55, mean=0.454545 (+/-0.132806).
P2: N=55, mean=0.545455 (+/-0.132806).
Game Durations: N=110, mean=18.745455 (+/-1.373113).
P1: N=55, mean=18.563636 (+/-1.900159).
P2: N=55, mean=18.927273 (+/-1.999069).
=====================================================
=====================================================
Completed 120 games.

Agent 1 (SHUCTAnyTime)
Winning score (between 0 and 1) : N=120, mean=0.483333 (+/-0.089785).
P1: N=60, mean=0.45 (+/-0.126943).
P2: N=60, mean=0.516667 (+/-0.127512).
Game Durations: N=120, mean=18.9 (+/-1.305006).
P1: N=60, mean=19.15 (+/-1.912788).
P2: N=60, mean=18.65 (+/-1.789691).

Agent 2 (Example UCT)
Winning score (between 0 and 1) : N=120, mean=0.516667 (+/-0.089785).
P1: N=60, mean=0.483333 (+/-0.127512).
P2: N=60, mean=0.55 (+/-0.126943).
Game Durations: N=120, mean=18.9 (+/-1.305006).
P1: N=60, mean=18.65 (+/-1.789691).
P2: N=60, mean=19.15 (+/-1.912788).
=====================================================
=====================================================
Completed 130 games.

Agent 1 (SHUCTAnyTime)
Winning score (between 0 and 1) : N=130, mean=0.476923 (+/-0.08619).
P1: N=65, mean=0.430769 (+/-0.121318).
P2: N=65, mean=0.523077 (+/-0.122367).
Game Durations: N=130, mean=18.730769 (+/-1.272557).
P1: N=65, mean=19.076923 (+/-1.902732).
P2: N=65, mean=18.384615 (+/-1.701012).

Agent 2 (Example UCT)
Winning score (between 0 and 1) : N=130, mean=0.523077 (+/-0.08619).
P1: N=65, mean=0.476923 (+/-0.122367).
P2: N=65, mean=0.569231 (+/-0.121318).
Game Durations: N=130, mean=18.730769 (+/-1.272557).
P1: N=65, mean=18.384615 (+/-1.701012).
P2: N=65, mean=19.076923 (+/-1.902732).
=====================================================
=====================================================
Completed 140 games.

Agent 1 (SHUCTAnyTime)
Winning score (between 0 and 1) : N=140, mean=0.471429 (+/-0.082985).
P1: N=70, mean=0.428571 (+/-0.116766).
P2: N=70, mean=0.514286 (+/-0.117928).
Game Durations: N=140, mean=18.871429 (+/-1.294558).
P1: N=70, mean=19.485714 (+/-2.018629).
P2: N=70, mean=18.257143 (+/-1.623337).

Agent 2 (Example UCT)
Winning score (between 0 and 1) : N=140, mean=0.528571 (+/-0.082985).
P1: N=70, mean=0.485714 (+/-0.117928).
P2: N=70, mean=0.571429 (+/-0.116766).
Game Durations: N=140, mean=18.871429 (+/-1.294558).
P1: N=70, mean=18.257143 (+/-1.623337).
P2: N=70, mean=19.485714 (+/-2.018629).
=====================================================
=====================================================
Completed 150 games.

Agent 1 (SHUCTAnyTime)
Winning score (between 0 and 1) : N=150, mean=0.466667 (+/-0.080104).
P1: N=75, mean=0.413333 (+/-0.112196).
P2: N=75, mean=0.52 (+/-0.113829).
Game Durations: N=150, mean=18.86 (+/-1.244297).
P1: N=75, mean=19.426667 (+/-1.942284).
P2: N=75, mean=18.293333 (+/-1.55857).

Agent 2 (Example UCT)
Winning score (between 0 and 1) : N=150, mean=0.533333 (+/-0.080104).
P1: N=75, mean=0.48 (+/-0.113829).
P2: N=75, mean=0.586667 (+/-0.112196).
Game Durations: N=150, mean=18.86 (+/-1.244297).
P1: N=75, mean=18.293333 (+/-1.55857).
P2: N=75, mean=19.426667 (+/-1.942284).
=====================================================
