Warming up...
Finished warming up!
=====================================================
Completed 1 games.

Agent 1 (SHUCTAnyTime)
Winning score (between 0 and 1) : N=1, mean=0 (+/-0).
P1: N=1, mean=0 (+/-0).
P2: N=0, mean=0 (+/-0).
Game Durations: N=1, mean=30 (+/-0).
P1: N=1, mean=30 (+/-0).
P2: N=0, mean=0 (+/-0).

Agent 2 (Example UCT)
Winning score (between 0 and 1) : N=1, mean=1 (+/-0).
P1: N=0, mean=0 (+/-0).
P2: N=1, mean=1 (+/-0).
Game Durations: N=1, mean=30 (+/-0).
P1: N=0, mean=0 (+/-0).
P2: N=1, mean=30 (+/-0).
=====================================================
=====================================================
Completed 2 games.

Agent 1 (SHUCTAnyTime)
Winning score (between 0 and 1) : N=2, mean=0.5 (+/-0.97998).
P1: N=1, mean=0 (+/-0).
P2: N=1, mean=1 (+/-0).
Game Durations: N=2, mean=51 (+/-41.15916).
P1: N=1, mean=30 (+/-0).
P2: N=1, mean=72 (+/-0).

Agent 2 (Example UCT)
Winning score (between 0 and 1) : N=2, mean=0.5 (+/-0.97998).
P1: N=1, mean=0 (+/-0).
P2: N=1, mean=1 (+/-0).
Game Durations: N=2, mean=51 (+/-41.15916).
P1: N=1, mean=72 (+/-0).
P2: N=1, mean=30 (+/-0).
=====================================================
=====================================================
Completed 3 games.

Agent 1 (SHUCTAnyTime)
Winning score (between 0 and 1) : N=3, mean=0.333333 (+/-0.65332).
P1: N=2, mean=0 (+/-0).
P2: N=1, mean=1 (+/-0).
Game Durations: N=3, mean=53.333333 (+/-24.199311).
P1: N=2, mean=44 (+/-27.43944).
P2: N=1, mean=72 (+/-0).

Agent 2 (Example UCT)
Winning score (between 0 and 1) : N=3, mean=0.666667 (+/-0.65332).
P1: N=1, mean=0 (+/-0).
P2: N=2, mean=1 (+/-0).
Game Durations: N=3, mean=53.333333 (+/-24.199311).
P1: N=1, mean=72 (+/-0).
P2: N=2, mean=44 (+/-27.43944).
=====================================================
=====================================================
Completed 4 games.

Agent 1 (SHUCTAnyTime)
Winning score (between 0 and 1) : N=4, mean=0.5 (+/-0.565792).
P1: N=2, mean=0 (+/-0).
P2: N=2, mean=1 (+/-0).
Game Durations: N=4, mean=43.5 (+/-25.773039).
P1: N=2, mean=44 (+/-27.43944).
P2: N=2, mean=43 (+/-56.83884).

Agent 2 (Example UCT)
Winning score (between 0 and 1) : N=4, mean=0.5 (+/-0.565792).
P1: N=2, mean=0 (+/-0).
P2: N=2, mean=1 (+/-0).
Game Durations: N=4, mean=43.5 (+/-25.773039).
P1: N=2, mean=43 (+/-56.83884).
P2: N=2, mean=44 (+/-27.43944).
=====================================================
=====================================================
Completed 5 games.

Agent 1 (SHUCTAnyTime)
Winning score (between 0 and 1) : N=5, mean=0.4 (+/-0.48009).
P1: N=3, mean=0 (+/-0).
P2: N=2, mean=1 (+/-0).
Game Durations: N=5, mean=42.8 (+/-20.010798).
P1: N=3, mean=42.666667 (+/-16.056261).
P2: N=2, mean=43 (+/-56.83884).

Agent 2 (Example UCT)
Winning score (between 0 and 1) : N=5, mean=0.6 (+/-0.48009).
P1: N=2, mean=0 (+/-0).
P2: N=3, mean=1 (+/-0).
Game Durations: N=5, mean=42.8 (+/-20.010798).
P1: N=2, mean=43 (+/-56.83884).
P2: N=3, mean=42.666667 (+/-16.056261).
=====================================================
=====================================================
Completed 10 games.

Agent 1 (SHUCTAnyTime)
Winning score (between 0 and 1) : N=10, mean=0.5 (+/-0.32666).
P1: N=5, mean=0 (+/-0).
P2: N=5, mean=1 (+/-0).
Game Durations: N=10, mean=35.8 (+/-10.93916).
P1: N=5, mean=38.8 (+/-9.963076).
P2: N=5, mean=32.8 (+/-20.541278).

Agent 2 (Example UCT)
Winning score (between 0 and 1) : N=10, mean=0.5 (+/-0.32666).
P1: N=5, mean=0 (+/-0).
P2: N=5, mean=1 (+/-0).
Game Durations: N=10, mean=35.8 (+/-10.93916).
P1: N=5, mean=32.8 (+/-20.541278).
P2: N=5, mean=38.8 (+/-9.963076).
=====================================================
=====================================================
Completed 20 games.

Agent 1 (SHUCTAnyTime)
Winning score (between 0 and 1) : N=20, mean=0.5 (+/-0.224823).
P1: N=10, mean=0 (+/-0).
P2: N=10, mean=1 (+/-0).
Game Durations: N=20, mean=33.9 (+/-8.130882).
P1: N=10, mean=36.6 (+/-11.74596).
P2: N=10, mean=31.2 (+/-11.61661).

Agent 2 (Example UCT)
Winning score (between 0 and 1) : N=20, mean=0.5 (+/-0.224823).
P1: N=10, mean=0 (+/-0).
P2: N=10, mean=1 (+/-0).
Game Durations: N=20, mean=33.9 (+/-8.130882).
P1: N=10, mean=31.2 (+/-11.61661).
P2: N=10, mean=36.6 (+/-11.74596).
=====================================================
=====================================================
Completed 30 games.

Agent 1 (SHUCTAnyTime)
Winning score (between 0 and 1) : N=30, mean=0.5 (+/-0.181978).
P1: N=15, mean=0 (+/-0).
P2: N=15, mean=1 (+/-0).
Game Durations: N=30, mean=36.066667 (+/-7.103464).
P1: N=15, mean=40.533333 (+/-11.044007).
P2: N=15, mean=31.6 (+/-8.725046).

Agent 2 (Example UCT)
Winning score (between 0 and 1) : N=30, mean=0.5 (+/-0.181978).
P1: N=15, mean=0 (+/-0).
P2: N=15, mean=1 (+/-0).
Game Durations: N=30, mean=36.066667 (+/-7.103464).
P1: N=15, mean=31.6 (+/-8.725046).
P2: N=15, mean=40.533333 (+/-11.044007).
=====================================================
=====================================================
Completed 40 games.

Agent 1 (SHUCTAnyTime)
Winning score (between 0 and 1) : N=40, mean=0.5 (+/-0.156922).
P1: N=20, mean=0 (+/-0).
P2: N=20, mean=1 (+/-0).
Game Durations: N=40, mean=34.65 (+/-5.618413).
P1: N=20, mean=37.3 (+/-8.926457).
P2: N=20, mean=32 (+/-6.860597).

Agent 2 (Example UCT)
Winning score (between 0 and 1) : N=40, mean=0.5 (+/-0.156922).
P1: N=20, mean=0 (+/-0).
P2: N=20, mean=1 (+/-0).
Game Durations: N=40, mean=34.65 (+/-5.618413).
P1: N=20, mean=32 (+/-6.860597).
P2: N=20, mean=37.3 (+/-8.926457).
=====================================================
=====================================================
Completed 50 games.

Agent 1 (SHUCTAnyTime)
Winning score (between 0 and 1) : N=50, mean=0.5 (+/-0.139997).
P1: N=25, mean=0 (+/-0).
P2: N=25, mean=1 (+/-0).
Game Durations: N=50, mean=33.24 (+/-4.798798).
P1: N=25, mean=36.8 (+/-7.485576).
P2: N=25, mean=29.68 (+/-5.825974).

Agent 2 (Example UCT)
Winning score (between 0 and 1) : N=50, mean=0.5 (+/-0.139997).
P1: N=25, mean=0 (+/-0).
P2: N=25, mean=1 (+/-0).
Game Durations: N=50, mean=33.24 (+/-4.798798).
P1: N=25, mean=29.68 (+/-5.825974).
P2: N=25, mean=36.8 (+/-7.485576).
=====================================================
=====================================================
Completed 60 games.

Agent 1 (SHUCTAnyTime)
Winning score (between 0 and 1) : N=60, mean=0.5 (+/-0.127583).
P1: N=30, mean=0 (+/-0).
P2: N=30, mean=1 (+/-0).
Game Durations: N=60, mean=33.333333 (+/-4.103497).
P1: N=30, mean=36.933333 (+/-6.269431).
P2: N=30, mean=29.733333 (+/-5.077088).

Agent 2 (Example UCT)
Winning score (between 0 and 1) : N=60, mean=0.5 (+/-0.127583).
P1: N=30, mean=0 (+/-0).
P2: N=30, mean=1 (+/-0).
Game Durations: N=60, mean=33.333333 (+/-4.103497).
P1: N=30, mean=29.733333 (+/-5.077088).
P2: N=30, mean=36.933333 (+/-6.269431).
=====================================================
=====================================================
Completed 70 games.

Agent 1 (SHUCTAnyTime)
Winning score (between 0 and 1) : N=70, mean=0.514286 (+/-0.117928).
P1: N=35, mean=0.028571 (+/-0.055999).
P2: N=35, mean=1 (+/-0).
Game Durations: N=70, mean=33.757143 (+/-3.744432).
P1: N=35, mean=37.628571 (+/-5.757319).
P2: N=35, mean=29.885714 (+/-4.513792).

Agent 2 (Example UCT)
Winning score (between 0 and 1) : N=70, mean=0.485714 (+/-0.117928).
P1: N=35, mean=0 (+/-0).
P2: N=35, mean=0.971429 (+/-0.055999).
Game Durations: N=70, mean=33.757143 (+/-3.744432).
P1: N=35, mean=29.885714 (+/-4.513792).
P2: N=35, mean=37.628571 (+/-5.757319).
=====================================================
=====================================================
Completed 80 games.

Agent 1 (SHUCTAnyTime)
Winning score (between 0 and 1) : N=80, mean=0.5125 (+/-0.110222).
P1: N=40, mean=0.025 (+/-0.048999).
P2: N=40, mean=1 (+/-0).
Game Durations: N=80, mean=33.8875 (+/-3.489399).
P1: N=40, mean=37.775 (+/-5.480833).
P2: N=40, mean=30 (+/-4.038732).

Agent 2 (Example UCT)
Winning score (between 0 and 1) : N=80, mean=0.4875 (+/-0.110222).
P1: N=40, mean=0 (+/-0).
P2: N=40, mean=0.975 (+/-0.048999).
Game Durations: N=80, mean=33.8875 (+/-3.489399).
P1: N=40, mean=30 (+/-4.038732).
P2: N=40, mean=37.775 (+/-5.480833).
=====================================================
=====================================================
Completed 90 games.

Agent 1 (SHUCTAnyTime)
Winning score (between 0 and 1) : N=90, mean=0.511111 (+/-0.103852).
P1: N=45, mean=0.022222 (+/-0.043555).
P2: N=45, mean=1 (+/-0).
Game Durations: N=90, mean=33.788889 (+/-3.330499).
P1: N=45, mean=38.111111 (+/-5.311332).
P2: N=45, mean=29.466667 (+/-3.660713).

Agent 2 (Example UCT)
Winning score (between 0 and 1) : N=90, mean=0.488889 (+/-0.103852).
P1: N=45, mean=0 (+/-0).
P2: N=45, mean=0.977778 (+/-0.043555).
Game Durations: N=90, mean=33.788889 (+/-3.330499).
P1: N=45, mean=29.466667 (+/-3.660713).
P2: N=45, mean=38.111111 (+/-5.311332).
=====================================================
=====================================================
Completed 100 games.

Agent 1 (SHUCTAnyTime)
Winning score (between 0 and 1) : N=100, mean=0.51 (+/-0.098472).
P1: N=50, mean=0.02 (+/-0.039199).
P2: N=50, mean=1 (+/-0).
Game Durations: N=100, mean=33.85 (+/-3.208033).
P1: N=50, mean=38.5 (+/-5.109186).
P2: N=50, mean=29.2 (+/-3.477344).

Agent 2 (Example UCT)
Winning score (between 0 and 1) : N=100, mean=0.49 (+/-0.098472).
P1: N=50, mean=0 (+/-0).
P2: N=50, mean=0.98 (+/-0.039199).
Game Durations: N=100, mean=33.85 (+/-3.208033).
P1: N=50, mean=29.2 (+/-3.477344).
P2: N=50, mean=38.5 (+/-5.109186).
=====================================================
=====================================================
Completed 110 games.

Agent 1 (SHUCTAnyTime)
Winning score (between 0 and 1) : N=110, mean=0.509091 (+/-0.09385).
P1: N=55, mean=0.018182 (+/-0.035636).
P2: N=55, mean=1 (+/-0).
Game Durations: N=110, mean=33.9 (+/-3.002183).
P1: N=55, mean=38.854545 (+/-4.720049).
P2: N=55, mean=28.945455 (+/-3.258043).

Agent 2 (Example UCT)
Winning score (between 0 and 1) : N=110, mean=0.490909 (+/-0.09385).
P1: N=55, mean=0 (+/-0).
P2: N=55, mean=0.981818 (+/-0.035636).
Game Durations: N=110, mean=33.9 (+/-3.002183).
P1: N=55, mean=28.945455 (+/-3.258043).
P2: N=55, mean=38.854545 (+/-4.720049).
=====================================================
=====================================================
Completed 120 games.

Agent 1 (SHUCTAnyTime)
Winning score (between 0 and 1) : N=120, mean=0.508333 (+/-0.089822).
P1: N=60, mean=0.016667 (+/-0.032666).
P2: N=60, mean=1 (+/-0).
Game Durations: N=120, mean=33.191667 (+/-2.815834).
P1: N=60, mean=38.05 (+/-4.408876).
P2: N=60, mean=28.333333 (+/-3.07777).

Agent 2 (Example UCT)
Winning score (between 0 and 1) : N=120, mean=0.491667 (+/-0.089822).
P1: N=60, mean=0 (+/-0).
P2: N=60, mean=0.983333 (+/-0.032666).
Game Durations: N=120, mean=33.191667 (+/-2.815834).
P1: N=60, mean=28.333333 (+/-3.07777).
P2: N=60, mean=38.05 (+/-4.408876).
=====================================================
=====================================================
Completed 130 games.

Agent 1 (SHUCTAnyTime)
Winning score (between 0 and 1) : N=130, mean=0.507692 (+/-0.086272).
P1: N=65, mean=0.015385 (+/-0.030153).
P2: N=65, mean=1 (+/-0).
Game Durations: N=130, mean=32.561538 (+/-2.696909).
P1: N=65, mean=37.430769 (+/-4.2321).
P2: N=65, mean=27.692308 (+/-2.926378).

Agent 2 (Example UCT)
Winning score (between 0 and 1) : N=130, mean=0.492308 (+/-0.086272).
P1: N=65, mean=0 (+/-0).
P2: N=65, mean=0.984615 (+/-0.030153).
Game Durations: N=130, mean=32.561538 (+/-2.696909).
P1: N=65, mean=27.692308 (+/-2.926378).
P2: N=65, mean=37.430769 (+/-4.2321).
=====================================================
=====================================================
Completed 140 games.

Agent 1 (SHUCTAnyTime)
Winning score (between 0 and 1) : N=140, mean=0.507143 (+/-0.083112).
P1: N=70, mean=0.014286 (+/-0.027999).
P2: N=70, mean=1 (+/-0).
Game Durations: N=140, mean=32.878571 (+/-2.679127).
P1: N=70, mean=38.557143 (+/-4.147386).
P2: N=70, mean=27.2 (+/-2.850901).

Agent 2 (Example UCT)
Winning score (between 0 and 1) : N=140, mean=0.492857 (+/-0.083112).
P1: N=70, mean=0 (+/-0).
P2: N=70, mean=0.985714 (+/-0.027999).
Game Durations: N=140, mean=32.878571 (+/-2.679127).
P1: N=70, mean=27.2 (+/-2.850901).
P2: N=70, mean=38.557143 (+/-4.147386).
=====================================================
=====================================================
Completed 150 games.

Agent 1 (SHUCTAnyTime)
Winning score (between 0 and 1) : N=150, mean=0.506667 (+/-0.080276).
P1: N=75, mean=0.013333 (+/-0.026133).
P2: N=75, mean=1 (+/-0).
Game Durations: N=150, mean=32.74 (+/-2.581435).
P1: N=75, mean=37.426667 (+/-4.010372).
P2: N=75, mean=28.053333 (+/-2.910634).

Agent 2 (Example UCT)
Winning score (between 0 and 1) : N=150, mean=0.493333 (+/-0.080276).
P1: N=75, mean=0 (+/-0).
P2: N=75, mean=0.986667 (+/-0.026133).
Game Durations: N=150, mean=32.74 (+/-2.581435).
P1: N=75, mean=28.053333 (+/-2.910634).
P2: N=75, mean=37.426667 (+/-4.010372).
=====================================================
