Warming up...
Finished warming up!
=====================================================
Completed 1 games.

Agent 1 (SHUCTAnyTime)
Winning score (between 0 and 1) : N=1, mean=1 (+/-0).
P1: N=0, mean=0 (+/-0).
P2: N=1, mean=1 (+/-0).
Game Durations: N=1, mean=62 (+/-0).
P1: N=0, mean=0 (+/-0).
P2: N=1, mean=62 (+/-0).

Agent 2 (Example UCT)
Winning score (between 0 and 1) : N=1, mean=0 (+/-0).
P1: N=1, mean=0 (+/-0).
P2: N=0, mean=0 (+/-0).
Game Durations: N=1, mean=62 (+/-0).
P1: N=1, mean=62 (+/-0).
P2: N=0, mean=0 (+/-0).
=====================================================
=====================================================
Completed 2 games.

Agent 1 (SHUCTAnyTime)
Winning score (between 0 and 1) : N=2, mean=1 (+/-0).
P1: N=1, mean=1 (+/-0).
P2: N=1, mean=1 (+/-0).
Game Durations: N=2, mean=64.5 (+/-4.8999).
P1: N=1, mean=67 (+/-0).
P2: N=1, mean=62 (+/-0).

Agent 2 (Example UCT)
Winning score (between 0 and 1) : N=2, mean=0 (+/-0).
P1: N=1, mean=0 (+/-0).
P2: N=1, mean=0 (+/-0).
Game Durations: N=2, mean=64.5 (+/-4.8999).
P1: N=1, mean=62 (+/-0).
P2: N=1, mean=67 (+/-0).
=====================================================
=====================================================
Completed 3 games.

Agent 1 (SHUCTAnyTime)
Winning score (between 0 and 1) : N=3, mean=0.833333 (+/-0.32666).
P1: N=1, mean=1 (+/-0).
P2: N=2, mean=0.75 (+/-0.48999).
Game Durations: N=3, mean=64 (+/-2.993888).
P1: N=1, mean=67 (+/-0).
P2: N=2, mean=62.5 (+/-0.97998).

Agent 2 (Example UCT)
Winning score (between 0 and 1) : N=3, mean=0.166667 (+/-0.32666).
P1: N=2, mean=0.25 (+/-0.48999).
P2: N=1, mean=0 (+/-0).
Game Durations: N=3, mean=64 (+/-2.993888).
P1: N=2, mean=62.5 (+/-0.97998).
P2: N=1, mean=67 (+/-0).
=====================================================
=====================================================
Completed 4 games.

Agent 1 (SHUCTAnyTime)
Winning score (between 0 and 1) : N=4, mean=0.625 (+/-0.46913).
P1: N=2, mean=0.5 (+/-0.97998).
P2: N=2, mean=0.75 (+/-0.48999).
Game Durations: N=4, mean=63.5 (+/-2.332819).
P1: N=2, mean=64.5 (+/-4.8999).
P2: N=2, mean=62.5 (+/-0.97998).

Agent 2 (Example UCT)
Winning score (between 0 and 1) : N=4, mean=0.375 (+/-0.46913).
P1: N=2, mean=0.25 (+/-0.48999).
P2: N=2, mean=0.5 (+/-0.97998).
Game Durations: N=4, mean=63.5 (+/-2.332819).
P1: N=2, mean=62.5 (+/-0.97998).
P2: N=2, mean=64.5 (+/-4.8999).
=====================================================
=====================================================
Completed 5 games.

Agent 1 (SHUCTAnyTime)
Winning score (between 0 and 1) : N=5, mean=0.7 (+/-0.391992).
P1: N=2, mean=0.5 (+/-0.97998).
P2: N=3, mean=0.833333 (+/-0.32666).
Game Durations: N=5, mean=63.8 (+/-1.900252).
P1: N=2, mean=64.5 (+/-4.8999).
P2: N=3, mean=63.333333 (+/-1.728522).

Agent 2 (Example UCT)
Winning score (between 0 and 1) : N=5, mean=0.3 (+/-0.391992).
P1: N=3, mean=0.166667 (+/-0.32666).
P2: N=2, mean=0.5 (+/-0.97998).
Game Durations: N=5, mean=63.8 (+/-1.900252).
P1: N=3, mean=63.333333 (+/-1.728522).
P2: N=2, mean=64.5 (+/-4.8999).
=====================================================
=====================================================
Completed 10 games.

Agent 1 (SHUCTAnyTime)
Winning score (between 0 and 1) : N=10, mean=0.75 (+/-0.263362).
P1: N=5, mean=0.8 (+/-0.391992).
P2: N=5, mean=0.7 (+/-0.391992).
Game Durations: N=10, mean=63.1 (+/-1.030922).
P1: N=5, mean=63.2 (+/-1.900252).
P2: N=5, mean=63 (+/-1.073514).

Agent 2 (Example UCT)
Winning score (between 0 and 1) : N=10, mean=0.25 (+/-0.263362).
P1: N=5, mean=0.3 (+/-0.391992).
P2: N=5, mean=0.2 (+/-0.391992).
Game Durations: N=10, mean=63.1 (+/-1.030922).
P1: N=5, mean=63 (+/-1.073514).
P2: N=5, mean=63.2 (+/-1.900252).
=====================================================
=====================================================
Completed 20 games.

Agent 1 (SHUCTAnyTime)
Winning score (between 0 and 1) : N=20, mean=0.525 (+/-0.218842).
P1: N=10, mean=0.6 (+/-0.32006).
P2: N=10, mean=0.45 (+/-0.30817).
Game Durations: N=20, mean=62.95 (+/-0.559353).
P1: N=10, mean=63 (+/-0.96903).
P2: N=10, mean=62.9 (+/-0.616341).

Agent 2 (Example UCT)
Winning score (between 0 and 1) : N=20, mean=0.475 (+/-0.218842).
P1: N=10, mean=0.55 (+/-0.30817).
P2: N=10, mean=0.4 (+/-0.32006).
Game Durations: N=20, mean=62.95 (+/-0.559353).
P1: N=10, mean=62.9 (+/-0.616341).
P2: N=10, mean=63 (+/-0.96903).
=====================================================
=====================================================
Completed 30 games.

Agent 1 (SHUCTAnyTime)
Winning score (between 0 and 1) : N=30, mean=0.533333 (+/-0.175388).
P1: N=15, mean=0.566667 (+/-0.250608).
P2: N=15, mean=0.5 (+/-0.25303).
Game Durations: N=30, mean=62.8 (+/-0.424441).
P1: N=15, mean=62.733333 (+/-0.675348).
P2: N=15, mean=62.866667 (+/-0.536473).

Agent 2 (Example UCT)
Winning score (between 0 and 1) : N=30, mean=0.466667 (+/-0.175388).
P1: N=15, mean=0.5 (+/-0.25303).
P2: N=15, mean=0.433333 (+/-0.250608).
Game Durations: N=30, mean=62.8 (+/-0.424441).
P1: N=15, mean=62.866667 (+/-0.536473).
P2: N=15, mean=62.733333 (+/-0.675348).
=====================================================
=====================================================
Completed 40 games.

Agent 1 (SHUCTAnyTime)
Winning score (between 0 and 1) : N=40, mean=0.5625 (+/-0.149643).
P1: N=20, mean=0.6 (+/-0.208492).
P2: N=20, mean=0.525 (+/-0.218842).
Game Durations: N=40, mean=62.7 (+/-0.330656).
P1: N=20, mean=62.6 (+/-0.520502).
P2: N=20, mean=62.8 (+/-0.416984).

Agent 2 (Example UCT)
Winning score (between 0 and 1) : N=40, mean=0.4375 (+/-0.149643).
P1: N=20, mean=0.475 (+/-0.218842).
P2: N=20, mean=0.4 (+/-0.208492).
Game Durations: N=40, mean=62.7 (+/-0.330656).
P1: N=20, mean=62.8 (+/-0.416984).
P2: N=20, mean=62.6 (+/-0.520502).
=====================================================
=====================================================
Completed 50 games.

Agent 1 (SHUCTAnyTime)
Winning score (between 0 and 1) : N=50, mean=0.53 (+/-0.135472).
P1: N=25, mean=0.56 (+/-0.190362).
P2: N=25, mean=0.5 (+/-0.195996).
Game Durations: N=50, mean=62.7 (+/-0.275762).
P1: N=25, mean=62.6 (+/-0.4234).
P2: N=25, mean=62.8 (+/-0.357838).

Agent 2 (Example UCT)
Winning score (between 0 and 1) : N=50, mean=0.47 (+/-0.135472).
P1: N=25, mean=0.5 (+/-0.195996).
P2: N=25, mean=0.44 (+/-0.190362).
Game Durations: N=50, mean=62.7 (+/-0.275762).
P1: N=25, mean=62.8 (+/-0.357838).
P2: N=25, mean=62.6 (+/-0.4234).
=====================================================
=====================================================
Completed 60 games.

Agent 1 (SHUCTAnyTime)
Winning score (between 0 and 1) : N=60, mean=0.541667 (+/-0.123897).
P1: N=30, mean=0.566667 (+/-0.174125).
P2: N=30, mean=0.516667 (+/-0.178816).
Game Durations: N=60, mean=62.733333 (+/-0.250299).
P1: N=30, mean=62.666667 (+/-0.367977).
P2: N=30, mean=62.8 (+/-0.343997).

Agent 2 (Example UCT)
Winning score (between 0 and 1) : N=60, mean=0.458333 (+/-0.123897).
P1: N=30, mean=0.483333 (+/-0.178816).
P2: N=30, mean=0.433333 (+/-0.174125).
Game Durations: N=60, mean=62.733333 (+/-0.250299).
P1: N=30, mean=62.8 (+/-0.343997).
P2: N=30, mean=62.666667 (+/-0.367977).
=====================================================
=====================================================
Completed 70 games.

Agent 1 (SHUCTAnyTime)
Winning score (between 0 and 1) : N=70, mean=0.564286 (+/-0.114419).
P1: N=35, mean=0.6 (+/-0.159694).
P2: N=35, mean=0.528571 (+/-0.165368).
Game Durations: N=70, mean=62.714286 (+/-0.218968).
P1: N=35, mean=62.657143 (+/-0.320828).
P2: N=35, mean=62.771429 (+/-0.301563).

Agent 2 (Example UCT)
Winning score (between 0 and 1) : N=70, mean=0.435714 (+/-0.114419).
P1: N=35, mean=0.471429 (+/-0.165368).
P2: N=35, mean=0.4 (+/-0.159694).
Game Durations: N=70, mean=62.714286 (+/-0.218968).
P1: N=35, mean=62.771429 (+/-0.301563).
P2: N=35, mean=62.657143 (+/-0.320828).
=====================================================
=====================================================
Completed 80 games.

Agent 1 (SHUCTAnyTime)
Winning score (between 0 and 1) : N=80, mean=0.58125 (+/-0.105241).
P1: N=40, mean=0.625 (+/-0.143608).
P2: N=40, mean=0.5375 (+/-0.154501).
Game Durations: N=80, mean=62.7375 (+/-0.205514).
P1: N=40, mean=62.625 (+/-0.286679).
P2: N=40, mean=62.85 (+/-0.293994).

Agent 2 (Example UCT)
Winning score (between 0 and 1) : N=80, mean=0.41875 (+/-0.105241).
P1: N=40, mean=0.4625 (+/-0.154501).
P2: N=40, mean=0.375 (+/-0.143608).
Game Durations: N=80, mean=62.7375 (+/-0.205514).
P1: N=40, mean=62.85 (+/-0.293994).
P2: N=40, mean=62.625 (+/-0.286679).
=====================================================
=====================================================
Completed 90 games.

Agent 1 (SHUCTAnyTime)
Winning score (between 0 and 1) : N=90, mean=0.583333 (+/-0.099455).
P1: N=45, mean=0.622222 (+/-0.136316).
P2: N=45, mean=0.544444 (+/-0.145495).
Game Durations: N=90, mean=62.722222 (+/-0.188456).
P1: N=45, mean=62.622222 (+/-0.259008).
P2: N=45, mean=62.822222 (+/-0.273579).

Agent 2 (Example UCT)
Winning score (between 0 and 1) : N=90, mean=0.416667 (+/-0.099455).
P1: N=45, mean=0.455556 (+/-0.145495).
P2: N=45, mean=0.377778 (+/-0.136316).
Game Durations: N=90, mean=62.722222 (+/-0.188456).
P1: N=45, mean=62.822222 (+/-0.273579).
P2: N=45, mean=62.622222 (+/-0.259008).
=====================================================
=====================================================
Completed 100 games.

Agent 1 (SHUCTAnyTime)
Winning score (between 0 and 1) : N=100, mean=0.575 (+/-0.094854).
P1: N=50, mean=0.58 (+/-0.132399).
P2: N=50, mean=0.57 (+/-0.137197).
Game Durations: N=100, mean=62.71 (+/-0.174628).
P1: N=50, mean=62.62 (+/-0.236856).
P2: N=50, mean=62.8 (+/-0.256619).

Agent 2 (Example UCT)
Winning score (between 0 and 1) : N=100, mean=0.425 (+/-0.094854).
P1: N=50, mean=0.43 (+/-0.137197).
P2: N=50, mean=0.42 (+/-0.132399).
Game Durations: N=100, mean=62.71 (+/-0.174628).
P1: N=50, mean=62.8 (+/-0.256619).
P2: N=50, mean=62.62 (+/-0.236856).
=====================================================
=====================================================
Completed 110 games.

Agent 1 (SHUCTAnyTime)
Winning score (between 0 and 1) : N=110, mean=0.55 (+/-0.091225).
P1: N=55, mean=0.545455 (+/-0.127844).
P2: N=55, mean=0.554545 (+/-0.131337).
Game Durations: N=110, mean=62.690909 (+/-0.1655).
P1: N=55, mean=62.636364 (+/-0.229515).
P2: N=55, mean=62.745455 (+/-0.239739).

Agent 2 (Example UCT)
Winning score (between 0 and 1) : N=110, mean=0.45 (+/-0.091225).
P1: N=55, mean=0.445455 (+/-0.131337).
P2: N=55, mean=0.454545 (+/-0.127844).
Game Durations: N=110, mean=62.690909 (+/-0.1655).
P1: N=55, mean=62.745455 (+/-0.239739).
P2: N=55, mean=62.636364 (+/-0.229515).
=====================================================
=====================================================
Completed 120 games.

Agent 1 (SHUCTAnyTime)
Winning score (between 0 and 1) : N=120, mean=0.5625 (+/-0.087223).
P1: N=60, mean=0.55 (+/-0.122594).
P2: N=60, mean=0.575 (+/-0.125059).
Game Durations: N=120, mean=62.675 (+/-0.157595).
P1: N=60, mean=62.65 (+/-0.22257).
P2: N=60, mean=62.7 (+/-0.224874).

Agent 2 (Example UCT)
Winning score (between 0 and 1) : N=120, mean=0.4375 (+/-0.087223).
P1: N=60, mean=0.425 (+/-0.125059).
P2: N=60, mean=0.45 (+/-0.122594).
Game Durations: N=120, mean=62.675 (+/-0.157595).
P1: N=60, mean=62.7 (+/-0.224874).
P2: N=60, mean=62.65 (+/-0.22257).
=====================================================
=====================================================
Completed 130 games.

Agent 1 (SHUCTAnyTime)
Winning score (between 0 and 1) : N=130, mean=0.542308 (+/-0.084291).
P1: N=65, mean=0.538462 (+/-0.118294).
P2: N=65, mean=0.546154 (+/-0.121024).
Game Durations: N=130, mean=62.676923 (+/-0.150157).
P1: N=65, mean=62.646154 (+/-0.212414).
P2: N=65, mean=62.707692 (+/-0.213681).

Agent 2 (Example UCT)
Winning score (between 0 and 1) : N=130, mean=0.457692 (+/-0.084291).
P1: N=65, mean=0.453846 (+/-0.121024).
P2: N=65, mean=0.461538 (+/-0.118294).
Game Durations: N=130, mean=62.676923 (+/-0.150157).
P1: N=65, mean=62.707692 (+/-0.213681).
P2: N=65, mean=62.646154 (+/-0.212414).
=====================================================
=====================================================
Completed 140 games.

Agent 1 (SHUCTAnyTime)
Winning score (between 0 and 1) : N=140, mean=0.517857 (+/-0.081569).
P1: N=70, mean=0.528571 (+/-0.114357).
P2: N=70, mean=0.507143 (+/-0.117118).
Game Durations: N=140, mean=62.664286 (+/-0.141355).
P1: N=70, mean=62.628571 (+/-0.200098).
P2: N=70, mean=62.7 (+/-0.200806).

Agent 2 (Example UCT)
Winning score (between 0 and 1) : N=140, mean=0.482143 (+/-0.081569).
P1: N=70, mean=0.492857 (+/-0.117118).
P2: N=70, mean=0.471429 (+/-0.114357).
Game Durations: N=140, mean=62.664286 (+/-0.141355).
P1: N=70, mean=62.7 (+/-0.200806).
P2: N=70, mean=62.628571 (+/-0.200098).
=====================================================
=====================================================
Completed 150 games.

Agent 1 (SHUCTAnyTime)
Winning score (between 0 and 1) : N=150, mean=0.523333 (+/-0.078845).
P1: N=75, mean=0.533333 (+/-0.11058).
P2: N=75, mean=0.513333 (+/-0.113118).
Game Durations: N=150, mean=62.64 (+/-0.134058).
P1: N=75, mean=62.626667 (+/-0.188887).
P2: N=75, mean=62.653333 (+/-0.191507).

Agent 2 (Example UCT)
Winning score (between 0 and 1) : N=150, mean=0.476667 (+/-0.078845).
P1: N=75, mean=0.486667 (+/-0.113118).
P2: N=75, mean=0.466667 (+/-0.11058).
Game Durations: N=150, mean=62.64 (+/-0.134058).
P1: N=75, mean=62.653333 (+/-0.191507).
P2: N=75, mean=62.626667 (+/-0.188887).
=====================================================
