Warming up...
Finished warming up!
=====================================================
Completed 1 games.

Agent 1 (SHUCTAnyTime)
Winning score (between 0 and 1) : N=1, mean=0 (+/-0).
P1: N=1, mean=0 (+/-0).
P2: N=0, mean=0 (+/-0).
Game Durations: N=1, mean=62 (+/-0).
P1: N=1, mean=62 (+/-0).
P2: N=0, mean=0 (+/-0).

Agent 2 (Example UCT)
Winning score (between 0 and 1) : N=1, mean=1 (+/-0).
P1: N=0, mean=0 (+/-0).
P2: N=1, mean=1 (+/-0).
Game Durations: N=1, mean=62 (+/-0).
P1: N=0, mean=0 (+/-0).
P2: N=1, mean=62 (+/-0).
=====================================================
=====================================================
Completed 2 games.

Agent 1 (SHUCTAnyTime)
Winning score (between 0 and 1) : N=2, mean=0.5 (+/-0.97998).
P1: N=1, mean=0 (+/-0).
P2: N=1, mean=1 (+/-0).
Game Durations: N=2, mean=62 (+/-0).
P1: N=1, mean=62 (+/-0).
P2: N=1, mean=62 (+/-0).

Agent 2 (Example UCT)
Winning score (between 0 and 1) : N=2, mean=0.5 (+/-0.97998).
P1: N=1, mean=0 (+/-0).
P2: N=1, mean=1 (+/-0).
Game Durations: N=2, mean=62 (+/-0).
P1: N=1, mean=62 (+/-0).
P2: N=1, mean=62 (+/-0).
=====================================================
=====================================================
Completed 3 games.

Agent 1 (SHUCTAnyTime)
Winning score (between 0 and 1) : N=3, mean=0.333333 (+/-0.65332).
P1: N=2, mean=0 (+/-0).
P2: N=1, mean=1 (+/-0).
Game Durations: N=3, mean=62 (+/-0).
P1: N=2, mean=62 (+/-0).
P2: N=1, mean=62 (+/-0).

Agent 2 (Example UCT)
Winning score (between 0 and 1) : N=3, mean=0.666667 (+/-0.65332).
P1: N=1, mean=0 (+/-0).
P2: N=2, mean=1 (+/-0).
Game Durations: N=3, mean=62 (+/-0).
P1: N=1, mean=62 (+/-0).
P2: N=2, mean=62 (+/-0).
=====================================================
=====================================================
Completed 4 games.

Agent 1 (SHUCTAnyTime)
Winning score (between 0 and 1) : N=4, mean=0.5 (+/-0.565792).
P1: N=2, mean=0 (+/-0).
P2: N=2, mean=1 (+/-0).
Game Durations: N=4, mean=62.5 (+/-0.97998).
P1: N=2, mean=62 (+/-0).
P2: N=2, mean=63 (+/-1.95996).

Agent 2 (Example UCT)
Winning score (between 0 and 1) : N=4, mean=0.5 (+/-0.565792).
P1: N=2, mean=0 (+/-0).
P2: N=2, mean=1 (+/-0).
Game Durations: N=4, mean=62.5 (+/-0.97998).
P1: N=2, mean=63 (+/-1.95996).
P2: N=2, mean=62 (+/-0).
=====================================================
=====================================================
Completed 5 games.

Agent 1 (SHUCTAnyTime)
Winning score (between 0 and 1) : N=5, mean=0.6 (+/-0.48009).
P1: N=3, mean=0.333333 (+/-0.65332).
P2: N=2, mean=1 (+/-0).
Game Durations: N=5, mean=62.6 (+/-0.783984).
P1: N=3, mean=62.333333 (+/-0.65332).
P2: N=2, mean=63 (+/-1.95996).

Agent 2 (Example UCT)
Winning score (between 0 and 1) : N=5, mean=0.4 (+/-0.48009).
P1: N=2, mean=0 (+/-0).
P2: N=3, mean=0.666667 (+/-0.65332).
Game Durations: N=5, mean=62.6 (+/-0.783984).
P1: N=2, mean=63 (+/-1.95996).
P2: N=3, mean=62.333333 (+/-0.65332).
=====================================================
=====================================================
Completed 10 games.

Agent 1 (SHUCTAnyTime)
Winning score (between 0 and 1) : N=10, mean=0.55 (+/-0.30817).
P1: N=5, mean=0.4 (+/-0.48009).
P2: N=5, mean=0.7 (+/-0.391992).
Game Durations: N=10, mean=62.5 (+/-0.526723).
P1: N=5, mean=62.6 (+/-0.783984).
P2: N=5, mean=62.4 (+/-0.783984).

Agent 2 (Example UCT)
Winning score (between 0 and 1) : N=10, mean=0.45 (+/-0.30817).
P1: N=5, mean=0.3 (+/-0.391992).
P2: N=5, mean=0.6 (+/-0.48009).
Game Durations: N=10, mean=62.5 (+/-0.526723).
P1: N=5, mean=62.4 (+/-0.783984).
P2: N=5, mean=62.6 (+/-0.783984).
=====================================================
=====================================================
Completed 20 games.

Agent 1 (SHUCTAnyTime)
Winning score (between 0 and 1) : N=20, mean=0.475 (+/-0.218842).
P1: N=10, mean=0.4 (+/-0.32006).
P2: N=10, mean=0.55 (+/-0.30817).
Game Durations: N=20, mean=62.45 (+/-0.300792).
P1: N=10, mean=62.4 (+/-0.433363).
P2: N=10, mean=62.5 (+/-0.43826).

Agent 2 (Example UCT)
Winning score (between 0 and 1) : N=20, mean=0.525 (+/-0.218842).
P1: N=10, mean=0.45 (+/-0.30817).
P2: N=10, mean=0.6 (+/-0.32006).
Game Durations: N=20, mean=62.45 (+/-0.300792).
P1: N=10, mean=62.5 (+/-0.43826).
P2: N=10, mean=62.4 (+/-0.433363).
=====================================================
=====================================================
Completed 30 games.

Agent 1 (SHUCTAnyTime)
Winning score (between 0 and 1) : N=30, mean=0.433333 (+/-0.174125).
P1: N=15, mean=0.366667 (+/-0.2432).
P2: N=15, mean=0.5 (+/-0.25303).
Game Durations: N=30, mean=62.5 (+/-0.244149).
P1: N=15, mean=62.4 (+/-0.32006).
P2: N=15, mean=62.6 (+/-0.372859).

Agent 2 (Example UCT)
Winning score (between 0 and 1) : N=30, mean=0.566667 (+/-0.174125).
P1: N=15, mean=0.5 (+/-0.25303).
P2: N=15, mean=0.633333 (+/-0.2432).
Game Durations: N=30, mean=62.5 (+/-0.244149).
P1: N=15, mean=62.6 (+/-0.372859).
P2: N=15, mean=62.4 (+/-0.32006).
=====================================================
=====================================================
Completed 40 games.

Agent 1 (SHUCTAnyTime)
Winning score (between 0 and 1) : N=40, mean=0.4 (+/-0.149694).
P1: N=20, mean=0.325 (+/-0.204515).
P2: N=20, mean=0.475 (+/-0.218842).
Game Durations: N=40, mean=62.55 (+/-0.232224).
P1: N=20, mean=62.4 (+/-0.262186).
P2: N=20, mean=62.7 (+/-0.378878).

Agent 2 (Example UCT)
Winning score (between 0 and 1) : N=40, mean=0.6 (+/-0.149694).
P1: N=20, mean=0.525 (+/-0.218842).
P2: N=20, mean=0.675 (+/-0.204515).
Game Durations: N=40, mean=62.55 (+/-0.232224).
P1: N=20, mean=62.7 (+/-0.378878).
P2: N=20, mean=62.4 (+/-0.262186).
=====================================================
=====================================================
Completed 50 games.

Agent 1 (SHUCTAnyTime)
Winning score (between 0 and 1) : N=50, mean=0.4 (+/-0.134281).
P1: N=25, mean=0.34 (+/-0.185248).
P2: N=25, mean=0.46 (+/-0.195342).
Game Durations: N=50, mean=62.6 (+/-0.201907).
P1: N=25, mean=62.52 (+/-0.256048).
P2: N=25, mean=62.68 (+/-0.314409).

Agent 2 (Example UCT)
Winning score (between 0 and 1) : N=50, mean=0.6 (+/-0.134281).
P1: N=25, mean=0.54 (+/-0.195342).
P2: N=25, mean=0.66 (+/-0.185248).
Game Durations: N=50, mean=62.6 (+/-0.201907).
P1: N=25, mean=62.68 (+/-0.314409).
P2: N=25, mean=62.52 (+/-0.256048).
=====================================================
=====================================================
Completed 60 games.

Agent 1 (SHUCTAnyTime)
Winning score (between 0 and 1) : N=60, mean=0.433333 (+/-0.122077).
P1: N=30, mean=0.35 (+/-0.170387).
P2: N=30, mean=0.516667 (+/-0.172533).
Game Durations: N=60, mean=62.516667 (+/-0.177345).
P1: N=30, mean=62.466667 (+/-0.225012).
P2: N=30, mean=62.566667 (+/-0.276915).

Agent 2 (Example UCT)
Winning score (between 0 and 1) : N=60, mean=0.566667 (+/-0.122077).
P1: N=30, mean=0.483333 (+/-0.172533).
P2: N=30, mean=0.65 (+/-0.170387).
Game Durations: N=60, mean=62.516667 (+/-0.177345).
P1: N=30, mean=62.566667 (+/-0.276915).
P2: N=30, mean=62.466667 (+/-0.225012).
=====================================================
=====================================================
Completed 70 games.

Agent 1 (SHUCTAnyTime)
Winning score (between 0 and 1) : N=70, mean=0.457143 (+/-0.114108).
P1: N=35, mean=0.385714 (+/-0.161131).
P2: N=35, mean=0.528571 (+/-0.160414).
Game Durations: N=70, mean=62.514286 (+/-0.163194).
P1: N=35, mean=62.457143 (+/-0.202363).
P2: N=35, mean=62.571429 (+/-0.257695).

Agent 2 (Example UCT)
Winning score (between 0 and 1) : N=70, mean=0.542857 (+/-0.114108).
P1: N=35, mean=0.471429 (+/-0.160414).
P2: N=35, mean=0.614286 (+/-0.161131).
Game Durations: N=70, mean=62.514286 (+/-0.163194).
P1: N=35, mean=62.571429 (+/-0.257695).
P2: N=35, mean=62.457143 (+/-0.202363).
=====================================================
=====================================================
Completed 80 games.

Agent 1 (SHUCTAnyTime)
Winning score (between 0 and 1) : N=80, mean=0.4375 (+/-0.106577).
P1: N=40, mean=0.3625 (+/-0.148818).
P2: N=40, mean=0.5125 (+/-0.150872).
Game Durations: N=80, mean=62.5125 (+/-0.151953).
P1: N=40, mean=62.5 (+/-0.198493).
P2: N=40, mean=62.525 (+/-0.232621).

Agent 2 (Example UCT)
Winning score (between 0 and 1) : N=80, mean=0.5625 (+/-0.106577).
P1: N=40, mean=0.4875 (+/-0.150872).
P2: N=40, mean=0.6375 (+/-0.148818).
Game Durations: N=80, mean=62.5125 (+/-0.151953).
P1: N=40, mean=62.525 (+/-0.232621).
P2: N=40, mean=62.5 (+/-0.198493).
=====================================================
=====================================================
Completed 90 games.

Agent 1 (SHUCTAnyTime)
Winning score (between 0 and 1) : N=90, mean=0.455556 (+/-0.101122).
P1: N=45, mean=0.366667 (+/-0.140674).
P2: N=45, mean=0.544444 (+/-0.142123).
Game Durations: N=90, mean=62.5 (+/-0.142766).
P1: N=45, mean=62.511111 (+/-0.193227).
P2: N=45, mean=62.488889 (+/-0.212361).

Agent 2 (Example UCT)
Winning score (between 0 and 1) : N=90, mean=0.544444 (+/-0.101122).
P1: N=45, mean=0.455556 (+/-0.142123).
P2: N=45, mean=0.633333 (+/-0.140674).
Game Durations: N=90, mean=62.5 (+/-0.142766).
P1: N=45, mean=62.488889 (+/-0.212361).
P2: N=45, mean=62.511111 (+/-0.193227).
=====================================================
=====================================================
Completed 100 games.

Agent 1 (SHUCTAnyTime)
Winning score (between 0 and 1) : N=100, mean=0.47 (+/-0.096321).
P1: N=50, mean=0.39 (+/-0.135124).
P2: N=50, mean=0.55 (+/-0.135008).
Game Durations: N=100, mean=62.53 (+/-0.145967).
P1: N=50, mean=62.48 (+/-0.179196).
P2: N=50, mean=62.58 (+/-0.2315).

Agent 2 (Example UCT)
Winning score (between 0 and 1) : N=100, mean=0.53 (+/-0.096321).
P1: N=50, mean=0.45 (+/-0.135008).
P2: N=50, mean=0.61 (+/-0.135124).
Game Durations: N=100, mean=62.53 (+/-0.145967).
P1: N=50, mean=62.58 (+/-0.2315).
P2: N=50, mean=62.48 (+/-0.179196).
=====================================================
=====================================================
Completed 110 games.

Agent 1 (SHUCTAnyTime)
Winning score (between 0 and 1) : N=110, mean=0.445455 (+/-0.091572).
P1: N=55, mean=0.390909 (+/-0.128897).
P2: N=55, mean=0.5 (+/-0.12967).
Game Durations: N=110, mean=62.554545 (+/-0.137689).
P1: N=55, mean=62.527273 (+/-0.175116).
P2: N=55, mean=62.581818 (+/-0.213924).

Agent 2 (Example UCT)
Winning score (between 0 and 1) : N=110, mean=0.554545 (+/-0.091572).
P1: N=55, mean=0.5 (+/-0.12967).
P2: N=55, mean=0.609091 (+/-0.128897).
Game Durations: N=110, mean=62.554545 (+/-0.137689).
P1: N=55, mean=62.581818 (+/-0.213924).
P2: N=55, mean=62.527273 (+/-0.175116).
=====================================================
=====================================================
Completed 120 games.

Agent 1 (SHUCTAnyTime)
Winning score (between 0 and 1) : N=120, mean=0.45 (+/-0.087867).
P1: N=60, mean=0.408333 (+/-0.124334).
P2: N=60, mean=0.491667 (+/-0.124334).
Game Durations: N=120, mean=62.591667 (+/-0.136233).
P1: N=60, mean=62.55 (+/-0.182967).
P2: N=60, mean=62.633333 (+/-0.202888).

Agent 2 (Example UCT)
Winning score (between 0 and 1) : N=120, mean=0.55 (+/-0.087867).
P1: N=60, mean=0.508333 (+/-0.124334).
P2: N=60, mean=0.591667 (+/-0.124334).
Game Durations: N=120, mean=62.591667 (+/-0.136233).
P1: N=60, mean=62.633333 (+/-0.202888).
P2: N=60, mean=62.55 (+/-0.182967).
=====================================================
=====================================================
Completed 130 games.

Agent 1 (SHUCTAnyTime)
Winning score (between 0 and 1) : N=130, mean=0.430769 (+/-0.0841).
P1: N=65, mean=0.407692 (+/-0.119429).
P2: N=65, mean=0.453846 (+/-0.119102).
Game Durations: N=130, mean=62.584615 (+/-0.128039).
P1: N=65, mean=62.538462 (+/-0.172313).
P2: N=65, mean=62.630769 (+/-0.190109).

Agent 2 (Example UCT)
Winning score (between 0 and 1) : N=130, mean=0.569231 (+/-0.0841).
P1: N=65, mean=0.546154 (+/-0.119102).
P2: N=65, mean=0.592308 (+/-0.119429).
Game Durations: N=130, mean=62.584615 (+/-0.128039).
P1: N=65, mean=62.630769 (+/-0.190109).
P2: N=65, mean=62.538462 (+/-0.172313).
=====================================================
=====================================================
Completed 140 games.

Agent 1 (SHUCTAnyTime)
Winning score (between 0 and 1) : N=140, mean=0.457143 (+/-0.081614).
P1: N=70, mean=0.435714 (+/-0.116144).
P2: N=70, mean=0.478571 (+/-0.115309).
Game Durations: N=140, mean=62.6 (+/-0.125352).
P1: N=70, mean=62.542857 (+/-0.167726).
P2: N=70, mean=62.657143 (+/-0.186582).

Agent 2 (Example UCT)
Winning score (between 0 and 1) : N=140, mean=0.542857 (+/-0.081614).
P1: N=70, mean=0.521429 (+/-0.115309).
P2: N=70, mean=0.564286 (+/-0.116144).
Game Durations: N=140, mean=62.6 (+/-0.125352).
P1: N=70, mean=62.657143 (+/-0.186582).
P2: N=70, mean=62.542857 (+/-0.167726).
=====================================================
=====================================================
Completed 150 games.

Agent 1 (SHUCTAnyTime)
Winning score (between 0 and 1) : N=150, mean=0.453333 (+/-0.07885).
P1: N=75, mean=0.433333 (+/-0.112134).
P2: N=75, mean=0.473333 (+/-0.111453).
Game Durations: N=150, mean=62.6 (+/-0.121579).
P1: N=75, mean=62.533333 (+/-0.163595).
P2: N=75, mean=62.666667 (+/-0.179723).

Agent 2 (Example UCT)
Winning score (between 0 and 1) : N=150, mean=0.546667 (+/-0.07885).
P1: N=75, mean=0.526667 (+/-0.111453).
P2: N=75, mean=0.566667 (+/-0.112134).
Game Durations: N=150, mean=62.6 (+/-0.121579).
P1: N=75, mean=62.666667 (+/-0.179723).
P2: N=75, mean=62.533333 (+/-0.163595).
=====================================================
