Warming up...
Finished warming up!
=====================================================
Completed 1 games.

Agent 1 (SHUCTAnyTime)
Winning score (between 0 and 1) : N=1, mean=0 (+/-0).
P1: N=0, mean=0 (+/-0).
P2: N=1, mean=0 (+/-0).
Game Durations: N=1, mean=63 (+/-0).
P1: N=0, mean=0 (+/-0).
P2: N=1, mean=63 (+/-0).

Agent 2 (Example UCT)
Winning score (between 0 and 1) : N=1, mean=1 (+/-0).
P1: N=1, mean=1 (+/-0).
P2: N=0, mean=0 (+/-0).
Game Durations: N=1, mean=63 (+/-0).
P1: N=1, mean=63 (+/-0).
P2: N=0, mean=0 (+/-0).
=====================================================
=====================================================
Completed 2 games.

Agent 1 (SHUCTAnyTime)
Winning score (between 0 and 1) : N=2, mean=0.5 (+/-0.97998).
P1: N=1, mean=1 (+/-0).
P2: N=1, mean=0 (+/-0).
Game Durations: N=2, mean=63.5 (+/-0.97998).
P1: N=1, mean=64 (+/-0).
P2: N=1, mean=63 (+/-0).

Agent 2 (Example UCT)
Winning score (between 0 and 1) : N=2, mean=0.5 (+/-0.97998).
P1: N=1, mean=1 (+/-0).
P2: N=1, mean=0 (+/-0).
Game Durations: N=2, mean=63.5 (+/-0.97998).
P1: N=1, mean=63 (+/-0).
P2: N=1, mean=64 (+/-0).
=====================================================
=====================================================
Completed 3 games.

Agent 1 (SHUCTAnyTime)
Winning score (between 0 and 1) : N=3, mean=0.666667 (+/-0.65332).
P1: N=1, mean=1 (+/-0).
P2: N=2, mean=0.5 (+/-0.97998).
Game Durations: N=3, mean=63 (+/-1.131583).
P1: N=1, mean=64 (+/-0).
P2: N=2, mean=62.5 (+/-0.97998).

Agent 2 (Example UCT)
Winning score (between 0 and 1) : N=3, mean=0.333333 (+/-0.65332).
P1: N=2, mean=0.5 (+/-0.97998).
P2: N=1, mean=0 (+/-0).
Game Durations: N=3, mean=63 (+/-1.131583).
P1: N=2, mean=62.5 (+/-0.97998).
P2: N=1, mean=64 (+/-0).
=====================================================
=====================================================
Completed 4 games.

Agent 1 (SHUCTAnyTime)
Winning score (between 0 and 1) : N=4, mean=0.75 (+/-0.48999).
P1: N=2, mean=1 (+/-0).
P2: N=2, mean=0.5 (+/-0.97998).
Game Durations: N=4, mean=62.75 (+/-0.938259).
P1: N=2, mean=63 (+/-1.95996).
P2: N=2, mean=62.5 (+/-0.97998).

Agent 2 (Example UCT)
Winning score (between 0 and 1) : N=4, mean=0.25 (+/-0.48999).
P1: N=2, mean=0.5 (+/-0.97998).
P2: N=2, mean=0 (+/-0).
Game Durations: N=4, mean=62.75 (+/-0.938259).
P1: N=2, mean=62.5 (+/-0.97998).
P2: N=2, mean=63 (+/-1.95996).
=====================================================
=====================================================
Completed 5 games.

Agent 1 (SHUCTAnyTime)
Winning score (between 0 and 1) : N=5, mean=0.8 (+/-0.391992).
P1: N=2, mean=1 (+/-0).
P2: N=3, mean=0.666667 (+/-0.65332).
Game Durations: N=5, mean=62.6 (+/-0.783984).
P1: N=2, mean=63 (+/-1.95996).
P2: N=3, mean=62.333333 (+/-0.65332).

Agent 2 (Example UCT)
Winning score (between 0 and 1) : N=5, mean=0.2 (+/-0.391992).
P1: N=3, mean=0.333333 (+/-0.65332).
P2: N=2, mean=0 (+/-0).
Game Durations: N=5, mean=62.6 (+/-0.783984).
P1: N=3, mean=62.333333 (+/-0.65332).
P2: N=2, mean=63 (+/-1.95996).
=====================================================
=====================================================
Completed 10 games.

Agent 1 (SHUCTAnyTime)
Winning score (between 0 and 1) : N=10, mean=0.65 (+/-0.293994).
P1: N=5, mean=0.7 (+/-0.391992).
P2: N=5, mean=0.6 (+/-0.48009).
Game Durations: N=10, mean=63 (+/-0.65332).
P1: N=5, mean=63.6 (+/-0.999387).
P2: N=5, mean=62.4 (+/-0.48009).

Agent 2 (Example UCT)
Winning score (between 0 and 1) : N=10, mean=0.35 (+/-0.293994).
P1: N=5, mean=0.4 (+/-0.48009).
P2: N=5, mean=0.3 (+/-0.391992).
Game Durations: N=10, mean=63 (+/-0.65332).
P1: N=5, mean=62.4 (+/-0.48009).
P2: N=5, mean=63.6 (+/-0.999387).
=====================================================
=====================================================
Completed 20 games.

Agent 1 (SHUCTAnyTime)
Winning score (between 0 and 1) : N=20, mean=0.6 (+/-0.208492).
P1: N=10, mean=0.55 (+/-0.30817).
P2: N=10, mean=0.65 (+/-0.293994).
Game Durations: N=20, mean=62.9 (+/-0.424195).
P1: N=10, mean=63.2 (+/-0.703647).
P2: N=10, mean=62.6 (+/-0.433363).

Agent 2 (Example UCT)
Winning score (between 0 and 1) : N=20, mean=0.4 (+/-0.208492).
P1: N=10, mean=0.35 (+/-0.293994).
P2: N=10, mean=0.45 (+/-0.30817).
Game Durations: N=20, mean=62.9 (+/-0.424195).
P1: N=10, mean=62.6 (+/-0.433363).
P2: N=10, mean=63.2 (+/-0.703647).
=====================================================
=====================================================
Completed 30 games.

Agent 1 (SHUCTAnyTime)
Winning score (between 0 and 1) : N=30, mean=0.566667 (+/-0.174125).
P1: N=15, mean=0.566667 (+/-0.250608).
P2: N=15, mean=0.566667 (+/-0.250608).
Game Durations: N=30, mean=62.766667 (+/-0.307154).
P1: N=15, mean=62.933333 (+/-0.522656).
P2: N=15, mean=62.6 (+/-0.32006).

Agent 2 (Example UCT)
Winning score (between 0 and 1) : N=30, mean=0.433333 (+/-0.174125).
P1: N=15, mean=0.433333 (+/-0.250608).
P2: N=15, mean=0.433333 (+/-0.250608).
Game Durations: N=30, mean=62.766667 (+/-0.307154).
P1: N=15, mean=62.6 (+/-0.32006).
P2: N=15, mean=62.933333 (+/-0.522656).
=====================================================
=====================================================
Completed 40 games.

Agent 1 (SHUCTAnyTime)
Winning score (between 0 and 1) : N=40, mean=0.55 (+/-0.152142).
P1: N=20, mean=0.525 (+/-0.218842).
P2: N=20, mean=0.575 (+/-0.21652).
Game Durations: N=40, mean=62.675 (+/-0.246997).
P1: N=20, mean=62.8 (+/-0.416984).
P2: N=20, mean=62.55 (+/-0.265062).

Agent 2 (Example UCT)
Winning score (between 0 and 1) : N=40, mean=0.45 (+/-0.152142).
P1: N=20, mean=0.425 (+/-0.21652).
P2: N=20, mean=0.475 (+/-0.218842).
Game Durations: N=40, mean=62.675 (+/-0.246997).
P1: N=20, mean=62.55 (+/-0.265062).
P2: N=20, mean=62.8 (+/-0.416984).
=====================================================
=====================================================
Completed 50 games.

Agent 1 (SHUCTAnyTime)
Winning score (between 0 and 1) : N=50, mean=0.58 (+/-0.135327).
P1: N=25, mean=0.58 (+/-0.193365).
P2: N=25, mean=0.58 (+/-0.193365).
Game Durations: N=50, mean=62.72 (+/-0.24435).
P1: N=25, mean=62.92 (+/-0.422188).
P2: N=25, mean=62.52 (+/-0.229686).

Agent 2 (Example UCT)
Winning score (between 0 and 1) : N=50, mean=0.42 (+/-0.135327).
P1: N=25, mean=0.42 (+/-0.193365).
P2: N=25, mean=0.42 (+/-0.193365).
Game Durations: N=50, mean=62.72 (+/-0.24435).
P1: N=25, mean=62.52 (+/-0.229686).
P2: N=25, mean=62.92 (+/-0.422188).
=====================================================
=====================================================
Completed 60 games.

Agent 1 (SHUCTAnyTime)
Winning score (between 0 and 1) : N=60, mean=0.566667 (+/-0.124279).
P1: N=30, mean=0.55 (+/-0.177991).
P2: N=30, mean=0.583333 (+/-0.17633).
Game Durations: N=60, mean=62.666667 (+/-0.211785).
P1: N=30, mean=62.833333 (+/-0.364965).
P2: N=30, mean=62.5 (+/-0.204809).

Agent 2 (Example UCT)
Winning score (between 0 and 1) : N=60, mean=0.433333 (+/-0.124279).
P1: N=30, mean=0.416667 (+/-0.17633).
P2: N=30, mean=0.45 (+/-0.177991).
Game Durations: N=60, mean=62.666667 (+/-0.211785).
P1: N=30, mean=62.5 (+/-0.204809).
P2: N=30, mean=62.833333 (+/-0.364965).
=====================================================
=====================================================
Completed 70 games.

Agent 1 (SHUCTAnyTime)
Winning score (between 0 and 1) : N=70, mean=0.585714 (+/-0.114506).
P1: N=35, mean=0.557143 (+/-0.164529).
P2: N=35, mean=0.614286 (+/-0.161131).
Game Durations: N=70, mean=62.657143 (+/-0.194921).
P1: N=35, mean=62.771429 (+/-0.322262).
P2: N=35, mean=62.542857 (+/-0.217732).

Agent 2 (Example UCT)
Winning score (between 0 and 1) : N=70, mean=0.414286 (+/-0.114506).
P1: N=35, mean=0.385714 (+/-0.161131).
P2: N=35, mean=0.442857 (+/-0.164529).
Game Durations: N=70, mean=62.657143 (+/-0.194921).
P1: N=35, mean=62.542857 (+/-0.217732).
P2: N=35, mean=62.771429 (+/-0.322262).
=====================================================
=====================================================
Completed 80 games.

Agent 1 (SHUCTAnyTime)
Winning score (between 0 and 1) : N=80, mean=0.5875 (+/-0.107146).
P1: N=40, mean=0.5625 (+/-0.153702).
P2: N=40, mean=0.6125 (+/-0.150872).
Game Durations: N=80, mean=62.625 (+/-0.179061).
P1: N=40, mean=62.725 (+/-0.289244).
P2: N=40, mean=62.525 (+/-0.210387).

Agent 2 (Example UCT)
Winning score (between 0 and 1) : N=80, mean=0.4125 (+/-0.107146).
P1: N=40, mean=0.3875 (+/-0.150872).
P2: N=40, mean=0.4375 (+/-0.153702).
Game Durations: N=80, mean=62.625 (+/-0.179061).
P1: N=40, mean=62.525 (+/-0.210387).
P2: N=40, mean=62.725 (+/-0.289244).
=====================================================
=====================================================
Completed 90 games.

Agent 1 (SHUCTAnyTime)
Winning score (between 0 and 1) : N=90, mean=0.544444 (+/-0.102301).
P1: N=45, mean=0.522222 (+/-0.145939).
P2: N=45, mean=0.566667 (+/-0.144753).
Game Durations: N=90, mean=62.588889 (+/-0.16357).
P1: N=45, mean=62.688889 (+/-0.262973).
P2: N=45, mean=62.488889 (+/-0.193227).

Agent 2 (Example UCT)
Winning score (between 0 and 1) : N=90, mean=0.455556 (+/-0.102301).
P1: N=45, mean=0.433333 (+/-0.144753).
P2: N=45, mean=0.477778 (+/-0.145939).
Game Durations: N=90, mean=62.588889 (+/-0.16357).
P1: N=45, mean=62.488889 (+/-0.193227).
P2: N=45, mean=62.688889 (+/-0.262973).
=====================================================
=====================================================
Completed 100 games.

Agent 1 (SHUCTAnyTime)
Winning score (between 0 and 1) : N=100, mean=0.535 (+/-0.096758).
P1: N=50, mean=0.56 (+/-0.136136).
P2: N=50, mean=0.51 (+/-0.138562).
Game Durations: N=100, mean=62.59 (+/-0.150264).
P1: N=50, mean=62.68 (+/-0.240469).
P2: N=50, mean=62.5 (+/-0.179284).

Agent 2 (Example UCT)
Winning score (between 0 and 1) : N=100, mean=0.465 (+/-0.096758).
P1: N=50, mean=0.49 (+/-0.138562).
P2: N=50, mean=0.44 (+/-0.136136).
Game Durations: N=100, mean=62.59 (+/-0.150264).
P1: N=50, mean=62.5 (+/-0.179284).
P2: N=50, mean=62.68 (+/-0.240469).
=====================================================
=====================================================
Completed 110 games.

Agent 1 (SHUCTAnyTime)
Winning score (between 0 and 1) : N=110, mean=0.518182 (+/-0.092079).
P1: N=55, mean=0.527273 (+/-0.130709).
P2: N=55, mean=0.509091 (+/-0.130889).
Game Durations: N=110, mean=62.554545 (+/-0.139996).
P1: N=55, mean=62.636364 (+/-0.223809).
P2: N=55, mean=62.472727 (+/-0.167568).

Agent 2 (Example UCT)
Winning score (between 0 and 1) : N=110, mean=0.481818 (+/-0.092079).
P1: N=55, mean=0.490909 (+/-0.130889).
P2: N=55, mean=0.472727 (+/-0.130709).
Game Durations: N=110, mean=62.554545 (+/-0.139996).
P1: N=55, mean=62.472727 (+/-0.167568).
P2: N=55, mean=62.636364 (+/-0.223809).
=====================================================
=====================================================
Completed 120 games.

Agent 1 (SHUCTAnyTime)
Winning score (between 0 and 1) : N=120, mean=0.533333 (+/-0.088121).
P1: N=60, mean=0.516667 (+/-0.125366).
P2: N=60, mean=0.55 (+/-0.124788).
Game Durations: N=120, mean=62.583333 (+/-0.140294).
P1: N=60, mean=62.666667 (+/-0.221796).
P2: N=60, mean=62.5 (+/-0.17117).

Agent 2 (Example UCT)
Winning score (between 0 and 1) : N=120, mean=0.466667 (+/-0.088121).
P1: N=60, mean=0.45 (+/-0.124788).
P2: N=60, mean=0.483333 (+/-0.125366).
Game Durations: N=120, mean=62.583333 (+/-0.140294).
P1: N=60, mean=62.5 (+/-0.17117).
P2: N=60, mean=62.666667 (+/-0.221796).
=====================================================
=====================================================
Completed 130 games.

Agent 1 (SHUCTAnyTime)
Winning score (between 0 and 1) : N=130, mean=0.530769 (+/-0.084779).
P1: N=65, mean=0.507692 (+/-0.120583).
P2: N=65, mean=0.553846 (+/-0.119874).
Game Durations: N=130, mean=62.6 (+/-0.138052).
P1: N=65, mean=62.676923 (+/-0.211005).
P2: N=65, mean=62.523077 (+/-0.177751).

Agent 2 (Example UCT)
Winning score (between 0 and 1) : N=130, mean=0.469231 (+/-0.084779).
P1: N=65, mean=0.446154 (+/-0.119874).
P2: N=65, mean=0.492308 (+/-0.120583).
Game Durations: N=130, mean=62.6 (+/-0.138052).
P1: N=65, mean=62.523077 (+/-0.177751).
P2: N=65, mean=62.676923 (+/-0.211005).
=====================================================
=====================================================
Completed 140 games.

Agent 1 (SHUCTAnyTime)
Winning score (between 0 and 1) : N=140, mean=0.542857 (+/-0.081614).
P1: N=70, mean=0.514286 (+/-0.116229).
P2: N=70, mean=0.571429 (+/-0.11505).
Game Durations: N=140, mean=62.6 (+/-0.131501).
P1: N=70, mean=62.671429 (+/-0.202272).
P2: N=70, mean=62.528571 (+/-0.167895).

Agent 2 (Example UCT)
Winning score (between 0 and 1) : N=140, mean=0.457143 (+/-0.081614).
P1: N=70, mean=0.428571 (+/-0.11505).
P2: N=70, mean=0.485714 (+/-0.116229).
Game Durations: N=140, mean=62.6 (+/-0.131501).
P1: N=70, mean=62.528571 (+/-0.167895).
P2: N=70, mean=62.671429 (+/-0.202272).
=====================================================
=====================================================
Completed 150 games.

Agent 1 (SHUCTAnyTime)
Winning score (between 0 and 1) : N=150, mean=0.56 (+/-0.078617).
P1: N=75, mean=0.533333 (+/-0.112134).
P2: N=75, mean=0.586667 (+/-0.110643).
Game Durations: N=150, mean=62.593333 (+/-0.12588).
P1: N=75, mean=62.68 (+/-0.193901).
P2: N=75, mean=62.506667 (+/-0.159481).

Agent 2 (Example UCT)
Winning score (between 0 and 1) : N=150, mean=0.44 (+/-0.078617).
P1: N=75, mean=0.413333 (+/-0.110643).
P2: N=75, mean=0.466667 (+/-0.112134).
Game Durations: N=150, mean=62.593333 (+/-0.12588).
P1: N=75, mean=62.506667 (+/-0.159481).
P2: N=75, mean=62.68 (+/-0.193901).
=====================================================
