Warming up...
Finished warming up!
=====================================================
Completed 1 games.

Agent 1 (SHUCTAnyTime)
Winning score (between 0 and 1) : N=1, mean=0 (+/-0).
P1: N=0, mean=0 (+/-0).
P2: N=1, mean=0 (+/-0).
Game Durations: N=1, mean=62 (+/-0).
P1: N=0, mean=0 (+/-0).
P2: N=1, mean=62 (+/-0).

Agent 2 (Example UCT)
Winning score (between 0 and 1) : N=1, mean=1 (+/-0).
P1: N=1, mean=1 (+/-0).
P2: N=0, mean=0 (+/-0).
Game Durations: N=1, mean=62 (+/-0).
P1: N=1, mean=62 (+/-0).
P2: N=0, mean=0 (+/-0).
=====================================================
=====================================================
Completed 2 games.

Agent 1 (SHUCTAnyTime)
Winning score (between 0 and 1) : N=2, mean=0 (+/-0).
P1: N=1, mean=0 (+/-0).
P2: N=1, mean=0 (+/-0).
Game Durations: N=2, mean=62.5 (+/-0.97998).
P1: N=1, mean=63 (+/-0).
P2: N=1, mean=62 (+/-0).

Agent 2 (Example UCT)
Winning score (between 0 and 1) : N=2, mean=1 (+/-0).
P1: N=1, mean=1 (+/-0).
P2: N=1, mean=1 (+/-0).
Game Durations: N=2, mean=62.5 (+/-0.97998).
P1: N=1, mean=62 (+/-0).
P2: N=1, mean=63 (+/-0).
=====================================================
=====================================================
Completed 3 games.

Agent 1 (SHUCTAnyTime)
Winning score (between 0 and 1) : N=3, mean=0 (+/-0).
P1: N=1, mean=0 (+/-0).
P2: N=2, mean=0 (+/-0).
Game Durations: N=3, mean=62.666667 (+/-0.65332).
P1: N=1, mean=63 (+/-0).
P2: N=2, mean=62.5 (+/-0.97998).

Agent 2 (Example UCT)
Winning score (between 0 and 1) : N=3, mean=1 (+/-0).
P1: N=2, mean=1 (+/-0).
P2: N=1, mean=1 (+/-0).
Game Durations: N=3, mean=62.666667 (+/-0.65332).
P1: N=2, mean=62.5 (+/-0.97998).
P2: N=1, mean=63 (+/-0).
=====================================================
=====================================================
Completed 4 games.

Agent 1 (SHUCTAnyTime)
Winning score (between 0 and 1) : N=4, mean=0.25 (+/-0.48999).
P1: N=2, mean=0.5 (+/-0.97998).
P2: N=2, mean=0 (+/-0).
Game Durations: N=4, mean=62.5 (+/-0.565792).
P1: N=2, mean=62.5 (+/-0.97998).
P2: N=2, mean=62.5 (+/-0.97998).

Agent 2 (Example UCT)
Winning score (between 0 and 1) : N=4, mean=0.75 (+/-0.48999).
P1: N=2, mean=1 (+/-0).
P2: N=2, mean=0.5 (+/-0.97998).
Game Durations: N=4, mean=62.5 (+/-0.565792).
P1: N=2, mean=62.5 (+/-0.97998).
P2: N=2, mean=62.5 (+/-0.97998).
=====================================================
=====================================================
Completed 5 games.

Agent 1 (SHUCTAnyTime)
Winning score (between 0 and 1) : N=5, mean=0.2 (+/-0.391992).
P1: N=2, mean=0.5 (+/-0.97998).
P2: N=3, mean=0 (+/-0).
Game Durations: N=5, mean=62.4 (+/-0.48009).
P1: N=2, mean=62.5 (+/-0.97998).
P2: N=3, mean=62.333333 (+/-0.65332).

Agent 2 (Example UCT)
Winning score (between 0 and 1) : N=5, mean=0.8 (+/-0.391992).
P1: N=3, mean=1 (+/-0).
P2: N=2, mean=0.5 (+/-0.97998).
Game Durations: N=5, mean=62.4 (+/-0.48009).
P1: N=3, mean=62.333333 (+/-0.65332).
P2: N=2, mean=62.5 (+/-0.97998).
=====================================================
=====================================================
Completed 10 games.

Agent 1 (SHUCTAnyTime)
Winning score (between 0 and 1) : N=10, mean=0.5 (+/-0.32666).
P1: N=5, mean=0.8 (+/-0.391992).
P2: N=5, mean=0.2 (+/-0.391992).
Game Durations: N=10, mean=62.6 (+/-0.598778).
P1: N=5, mean=63 (+/-1.073514).
P2: N=5, mean=62.2 (+/-0.391992).

Agent 2 (Example UCT)
Winning score (between 0 and 1) : N=10, mean=0.5 (+/-0.32666).
P1: N=5, mean=0.8 (+/-0.391992).
P2: N=5, mean=0.2 (+/-0.391992).
Game Durations: N=10, mean=62.6 (+/-0.598778).
P1: N=5, mean=62.2 (+/-0.391992).
P2: N=5, mean=63 (+/-1.073514).
=====================================================
=====================================================
Completed 20 games.

Agent 1 (SHUCTAnyTime)
Winning score (between 0 and 1) : N=20, mean=0.65 (+/-0.214467).
P1: N=10, mean=0.8 (+/-0.261328).
P2: N=10, mean=0.5 (+/-0.32666).
Game Durations: N=20, mean=62.6 (+/-0.412107).
P1: N=10, mean=62.9 (+/-0.742029).
P2: N=10, mean=62.3 (+/-0.299389).

Agent 2 (Example UCT)
Winning score (between 0 and 1) : N=20, mean=0.35 (+/-0.214467).
P1: N=10, mean=0.5 (+/-0.32666).
P2: N=10, mean=0.2 (+/-0.261328).
Game Durations: N=20, mean=62.6 (+/-0.412107).
P1: N=10, mean=62.3 (+/-0.299389).
P2: N=10, mean=62.9 (+/-0.742029).
=====================================================
=====================================================
Completed 30 games.

Agent 1 (SHUCTAnyTime)
Winning score (between 0 and 1) : N=30, mean=0.516667 (+/-0.178816).
P1: N=15, mean=0.566667 (+/-0.250608).
P2: N=15, mean=0.466667 (+/-0.261328).
Game Durations: N=30, mean=62.7 (+/-0.353493).
P1: N=15, mean=62.6 (+/-0.534195).
P2: N=15, mean=62.8 (+/-0.476265).

Agent 2 (Example UCT)
Winning score (between 0 and 1) : N=30, mean=0.483333 (+/-0.178816).
P1: N=15, mean=0.533333 (+/-0.261328).
P2: N=15, mean=0.433333 (+/-0.250608).
Game Durations: N=30, mean=62.7 (+/-0.353493).
P1: N=15, mean=62.8 (+/-0.476265).
P2: N=15, mean=62.6 (+/-0.534195).
=====================================================
=====================================================
Completed 40 games.

Agent 1 (SHUCTAnyTime)
Winning score (between 0 and 1) : N=40, mean=0.5125 (+/-0.154899).
P1: N=20, mean=0.525 (+/-0.218842).
P2: N=20, mean=0.5 (+/-0.224823).
Game Durations: N=40, mean=62.675 (+/-0.29263).
P1: N=20, mean=62.5 (+/-0.414553).
P2: N=20, mean=62.85 (+/-0.409029).

Agent 2 (Example UCT)
Winning score (between 0 and 1) : N=40, mean=0.4875 (+/-0.154899).
P1: N=20, mean=0.5 (+/-0.224823).
P2: N=20, mean=0.475 (+/-0.218842).
Game Durations: N=40, mean=62.675 (+/-0.29263).
P1: N=20, mean=62.85 (+/-0.409029).
P2: N=20, mean=62.5 (+/-0.414553).
=====================================================
=====================================================
Completed 50 games.

Agent 1 (SHUCTAnyTime)
Winning score (between 0 and 1) : N=50, mean=0.53 (+/-0.135472).
P1: N=25, mean=0.5 (+/-0.187652).
P2: N=25, mean=0.56 (+/-0.198592).
Game Durations: N=50, mean=62.6 (+/-0.244093).
P1: N=25, mean=62.48 (+/-0.341731).
P2: N=25, mean=62.72 (+/-0.349144).

Agent 2 (Example UCT)
Winning score (between 0 and 1) : N=50, mean=0.47 (+/-0.135472).
P1: N=25, mean=0.44 (+/-0.198592).
P2: N=25, mean=0.5 (+/-0.187652).
Game Durations: N=50, mean=62.6 (+/-0.244093).
P1: N=25, mean=62.72 (+/-0.349144).
P2: N=25, mean=62.48 (+/-0.341731).
=====================================================
=====================================================
Completed 60 games.

Agent 1 (SHUCTAnyTime)
Winning score (between 0 and 1) : N=60, mean=0.541667 (+/-0.123897).
P1: N=30, mean=0.483333 (+/-0.172533).
P2: N=30, mean=0.6 (+/-0.178301).
Game Durations: N=60, mean=62.583333 (+/-0.214964).
P1: N=30, mean=62.466667 (+/-0.293179).
P2: N=30, mean=62.7 (+/-0.313791).

Agent 2 (Example UCT)
Winning score (between 0 and 1) : N=60, mean=0.458333 (+/-0.123897).
P1: N=30, mean=0.4 (+/-0.178301).
P2: N=30, mean=0.516667 (+/-0.172533).
Game Durations: N=60, mean=62.583333 (+/-0.214964).
P1: N=30, mean=62.7 (+/-0.313791).
P2: N=30, mean=62.466667 (+/-0.293179).
=====================================================
=====================================================
Completed 70 games.

Agent 1 (SHUCTAnyTime)
Winning score (between 0 and 1) : N=70, mean=0.521429 (+/-0.115309).
P1: N=35, mean=0.414286 (+/-0.158097).
P2: N=35, mean=0.628571 (+/-0.162414).
Game Durations: N=70, mean=62.557143 (+/-0.201935).
P1: N=35, mean=62.428571 (+/-0.257695).
P2: N=35, mean=62.685714 (+/-0.308816).

Agent 2 (Example UCT)
Winning score (between 0 and 1) : N=70, mean=0.478571 (+/-0.115309).
P1: N=35, mean=0.371429 (+/-0.162414).
P2: N=35, mean=0.585714 (+/-0.158097).
Game Durations: N=70, mean=62.557143 (+/-0.201935).
P1: N=35, mean=62.685714 (+/-0.308816).
P2: N=35, mean=62.428571 (+/-0.257695).
=====================================================
=====================================================
Completed 80 games.

Agent 1 (SHUCTAnyTime)
Winning score (between 0 and 1) : N=80, mean=0.5 (+/-0.107465).
P1: N=40, mean=0.3875 (+/-0.146735).
P2: N=40, mean=0.6125 (+/-0.150872).
Game Durations: N=80, mean=62.5125 (+/-0.181149).
P1: N=40, mean=62.4 (+/-0.230628).
P2: N=40, mean=62.625 (+/-0.277956).

Agent 2 (Example UCT)
Winning score (between 0 and 1) : N=80, mean=0.5 (+/-0.107465).
P1: N=40, mean=0.3875 (+/-0.150872).
P2: N=40, mean=0.6125 (+/-0.146735).
Game Durations: N=80, mean=62.5125 (+/-0.181149).
P1: N=40, mean=62.625 (+/-0.277956).
P2: N=40, mean=62.4 (+/-0.230628).
=====================================================
=====================================================
Completed 90 games.

Agent 1 (SHUCTAnyTime)
Winning score (between 0 and 1) : N=90, mean=0.494444 (+/-0.100944).
P1: N=45, mean=0.355556 (+/-0.134405).
P2: N=45, mean=0.633333 (+/-0.140674).
Game Durations: N=90, mean=62.544444 (+/-0.181014).
P1: N=45, mean=62.511111 (+/-0.261493).
P2: N=45, mean=62.577778 (+/-0.252945).

Agent 2 (Example UCT)
Winning score (between 0 and 1) : N=90, mean=0.505556 (+/-0.100944).
P1: N=45, mean=0.366667 (+/-0.140674).
P2: N=45, mean=0.644444 (+/-0.134405).
Game Durations: N=90, mean=62.544444 (+/-0.181014).
P1: N=45, mean=62.577778 (+/-0.252945).
P2: N=45, mean=62.511111 (+/-0.261493).
=====================================================
=====================================================
Completed 100 games.

Agent 1 (SHUCTAnyTime)
Winning score (between 0 and 1) : N=100, mean=0.495 (+/-0.095993).
P1: N=50, mean=0.36 (+/-0.128432).
P2: N=50, mean=0.63 (+/-0.133725).
Game Durations: N=100, mean=62.58 (+/-0.172132).
P1: N=50, mean=62.52 (+/-0.239162).
P2: N=50, mean=62.64 (+/-0.248927).

Agent 2 (Example UCT)
Winning score (between 0 and 1) : N=100, mean=0.505 (+/-0.095993).
P1: N=50, mean=0.37 (+/-0.133725).
P2: N=50, mean=0.64 (+/-0.128432).
Game Durations: N=100, mean=62.58 (+/-0.172132).
P1: N=50, mean=62.64 (+/-0.248927).
P2: N=50, mean=62.52 (+/-0.239162).
=====================================================
=====================================================
Completed 110 games.

Agent 1 (SHUCTAnyTime)
Winning score (between 0 and 1) : N=110, mean=0.513636 (+/-0.091671).
P1: N=55, mean=0.4 (+/-0.125617).
P2: N=55, mean=0.627273 (+/-0.127706).
Game Durations: N=110, mean=62.581818 (+/-0.164794).
P1: N=55, mean=62.527273 (+/-0.220847).
P2: N=55, mean=62.636364 (+/-0.245841).

Agent 2 (Example UCT)
Winning score (between 0 and 1) : N=110, mean=0.486364 (+/-0.091671).
P1: N=55, mean=0.372727 (+/-0.127706).
P2: N=55, mean=0.6 (+/-0.125617).
Game Durations: N=110, mean=62.581818 (+/-0.164794).
P1: N=55, mean=62.636364 (+/-0.245841).
P2: N=55, mean=62.527273 (+/-0.220847).
=====================================================
=====================================================
Completed 120 games.

Agent 1 (SHUCTAnyTime)
Winning score (between 0 and 1) : N=120, mean=0.5125 (+/-0.087914).
P1: N=60, mean=0.383333 (+/-0.119607).
P2: N=60, mean=0.641667 (+/-0.121241).
Game Durations: N=120, mean=62.558333 (+/-0.153502).
P1: N=60, mean=62.516667 (+/-0.205677).
P2: N=60, mean=62.6 (+/-0.229176).

Agent 2 (Example UCT)
Winning score (between 0 and 1) : N=120, mean=0.4875 (+/-0.087914).
P1: N=60, mean=0.358333 (+/-0.121241).
P2: N=60, mean=0.616667 (+/-0.119607).
Game Durations: N=120, mean=62.558333 (+/-0.153502).
P1: N=60, mean=62.6 (+/-0.229176).
P2: N=60, mean=62.516667 (+/-0.205677).
=====================================================
=====================================================
Completed 130 games.

Agent 1 (SHUCTAnyTime)
Winning score (between 0 and 1) : N=130, mean=0.519231 (+/-0.084542).
P1: N=65, mean=0.4 (+/-0.116112).
P2: N=65, mean=0.638462 (+/-0.116722).
Game Durations: N=130, mean=62.561538 (+/-0.145175).
P1: N=65, mean=62.538462 (+/-0.192559).
P2: N=65, mean=62.584615 (+/-0.218676).

Agent 2 (Example UCT)
Winning score (between 0 and 1) : N=130, mean=0.480769 (+/-0.084542).
P1: N=65, mean=0.361538 (+/-0.116722).
P2: N=65, mean=0.6 (+/-0.116112).
Game Durations: N=130, mean=62.561538 (+/-0.145175).
P1: N=65, mean=62.584615 (+/-0.218676).
P2: N=65, mean=62.538462 (+/-0.192559).
=====================================================
=====================================================
Completed 140 games.

Agent 1 (SHUCTAnyTime)
Winning score (between 0 and 1) : N=140, mean=0.525 (+/-0.081517).
P1: N=70, mean=0.414286 (+/-0.112756).
P2: N=70, mean=0.635714 (+/-0.112668).
Game Durations: N=140, mean=62.578571 (+/-0.141992).
P1: N=70, mean=62.557143 (+/-0.193898).
P2: N=70, mean=62.6 (+/-0.208768).

Agent 2 (Example UCT)
Winning score (between 0 and 1) : N=140, mean=0.475 (+/-0.081517).
P1: N=70, mean=0.364286 (+/-0.112668).
P2: N=70, mean=0.585714 (+/-0.112756).
Game Durations: N=140, mean=62.578571 (+/-0.141992).
P1: N=70, mean=62.6 (+/-0.208768).
P2: N=70, mean=62.557143 (+/-0.193898).
=====================================================
=====================================================
Completed 150 games.

Agent 1 (SHUCTAnyTime)
Winning score (between 0 and 1) : N=150, mean=0.516667 (+/-0.078342).
P1: N=75, mean=0.4 (+/-0.108474).
P2: N=75, mean=0.633333 (+/-0.107405).
Game Durations: N=150, mean=62.533333 (+/-0.147938).
P1: N=75, mean=62.506667 (+/-0.221286).
P2: N=75, mean=62.56 (+/-0.197719).

Agent 2 (Example UCT)
Winning score (between 0 and 1) : N=150, mean=0.483333 (+/-0.078342).
P1: N=75, mean=0.366667 (+/-0.107405).
P2: N=75, mean=0.6 (+/-0.108474).
Game Durations: N=150, mean=62.533333 (+/-0.147938).
P1: N=75, mean=62.56 (+/-0.197719).
P2: N=75, mean=62.506667 (+/-0.221286).
=====================================================
