Warming up...
Finished warming up!
=====================================================
Completed 1 games.

Agent 1 (SHUCTAnyTime)
Winning score (between 0 and 1) : N=1, mean=0 (+/-0).
P1: N=0, mean=0 (+/-0).
P2: N=1, mean=0 (+/-0).
Game Durations: N=1, mean=62 (+/-0).
P1: N=0, mean=0 (+/-0).
P2: N=1, mean=62 (+/-0).

Agent 2 (Example UCT)
Winning score (between 0 and 1) : N=1, mean=1 (+/-0).
P1: N=1, mean=1 (+/-0).
P2: N=0, mean=0 (+/-0).
Game Durations: N=1, mean=62 (+/-0).
P1: N=1, mean=62 (+/-0).
P2: N=0, mean=0 (+/-0).
=====================================================
=====================================================
Completed 2 games.

Agent 1 (SHUCTAnyTime)
Winning score (between 0 and 1) : N=2, mean=0.5 (+/-0.97998).
P1: N=1, mean=1 (+/-0).
P2: N=1, mean=0 (+/-0).
Game Durations: N=2, mean=62.5 (+/-0.97998).
P1: N=1, mean=63 (+/-0).
P2: N=1, mean=62 (+/-0).

Agent 2 (Example UCT)
Winning score (between 0 and 1) : N=2, mean=0.5 (+/-0.97998).
P1: N=1, mean=1 (+/-0).
P2: N=1, mean=0 (+/-0).
Game Durations: N=2, mean=62.5 (+/-0.97998).
P1: N=1, mean=62 (+/-0).
P2: N=1, mean=63 (+/-0).
=====================================================
=====================================================
Completed 3 games.

Agent 1 (SHUCTAnyTime)
Winning score (between 0 and 1) : N=3, mean=0.666667 (+/-0.65332).
P1: N=1, mean=1 (+/-0).
P2: N=2, mean=0.5 (+/-0.97998).
Game Durations: N=3, mean=62.333333 (+/-0.65332).
P1: N=1, mean=63 (+/-0).
P2: N=2, mean=62 (+/-0).

Agent 2 (Example UCT)
Winning score (between 0 and 1) : N=3, mean=0.333333 (+/-0.65332).
P1: N=2, mean=0.5 (+/-0.97998).
P2: N=1, mean=0 (+/-0).
Game Durations: N=3, mean=62.333333 (+/-0.65332).
P1: N=2, mean=62 (+/-0).
P2: N=1, mean=63 (+/-0).
=====================================================
=====================================================
Completed 4 games.

Agent 1 (SHUCTAnyTime)
Winning score (between 0 and 1) : N=4, mean=0.5 (+/-0.565792).
P1: N=2, mean=0.5 (+/-0.97998).
P2: N=2, mean=0.5 (+/-0.97998).
Game Durations: N=4, mean=62.75 (+/-0.938259).
P1: N=2, mean=63.5 (+/-0.97998).
P2: N=2, mean=62 (+/-0).

Agent 2 (Example UCT)
Winning score (between 0 and 1) : N=4, mean=0.5 (+/-0.565792).
P1: N=2, mean=0.5 (+/-0.97998).
P2: N=2, mean=0.5 (+/-0.97998).
Game Durations: N=4, mean=62.75 (+/-0.938259).
P1: N=2, mean=62 (+/-0).
P2: N=2, mean=63.5 (+/-0.97998).
=====================================================
=====================================================
Completed 5 games.

Agent 1 (SHUCTAnyTime)
Winning score (between 0 and 1) : N=5, mean=0.4 (+/-0.48009).
P1: N=2, mean=0.5 (+/-0.97998).
P2: N=3, mean=0.333333 (+/-0.65332).
Game Durations: N=5, mean=62.6 (+/-0.783984).
P1: N=2, mean=63.5 (+/-0.97998).
P2: N=3, mean=62 (+/-0).

Agent 2 (Example UCT)
Winning score (between 0 and 1) : N=5, mean=0.6 (+/-0.48009).
P1: N=3, mean=0.666667 (+/-0.65332).
P2: N=2, mean=0.5 (+/-0.97998).
Game Durations: N=5, mean=62.6 (+/-0.783984).
P1: N=3, mean=62 (+/-0).
P2: N=2, mean=63.5 (+/-0.97998).
=====================================================
=====================================================
Completed 10 games.

Agent 1 (SHUCTAnyTime)
Winning score (between 0 and 1) : N=10, mean=0.4 (+/-0.32006).
P1: N=5, mean=0.2 (+/-0.391992).
P2: N=5, mean=0.6 (+/-0.48009).
Game Durations: N=10, mean=62.6 (+/-0.522656).
P1: N=5, mean=63 (+/-0.876521).
P2: N=5, mean=62.2 (+/-0.391992).

Agent 2 (Example UCT)
Winning score (between 0 and 1) : N=10, mean=0.6 (+/-0.32006).
P1: N=5, mean=0.4 (+/-0.48009).
P2: N=5, mean=0.8 (+/-0.391992).
Game Durations: N=10, mean=62.6 (+/-0.522656).
P1: N=5, mean=62.2 (+/-0.391992).
P2: N=5, mean=63 (+/-0.876521).
=====================================================
=====================================================
Completed 20 games.

Agent 1 (SHUCTAnyTime)
Winning score (between 0 and 1) : N=20, mean=0.45 (+/-0.223696).
P1: N=10, mean=0.1 (+/-0.195996).
P2: N=10, mean=0.8 (+/-0.261328).
Game Durations: N=20, mean=62.6 (+/-0.3868).
P1: N=10, mean=62.7 (+/-0.587988).
P2: N=10, mean=62.5 (+/-0.526723).

Agent 2 (Example UCT)
Winning score (between 0 and 1) : N=20, mean=0.55 (+/-0.223696).
P1: N=10, mean=0.2 (+/-0.261328).
P2: N=10, mean=0.9 (+/-0.195996).
Game Durations: N=20, mean=62.6 (+/-0.3868).
P1: N=10, mean=62.5 (+/-0.526723).
P2: N=10, mean=62.7 (+/-0.587988).
=====================================================
=====================================================
Completed 30 games.

Agent 1 (SHUCTAnyTime)
Winning score (between 0 and 1) : N=30, mean=0.533333 (+/-0.181573).
P1: N=15, mean=0.266667 (+/-0.231643).
P2: N=15, mean=0.8 (+/-0.209529).
Game Durations: N=30, mean=62.533333 (+/-0.293179).
P1: N=15, mean=62.733333 (+/-0.447212).
P2: N=15, mean=62.333333 (+/-0.366259).

Agent 2 (Example UCT)
Winning score (between 0 and 1) : N=30, mean=0.466667 (+/-0.181573).
P1: N=15, mean=0.2 (+/-0.209529).
P2: N=15, mean=0.733333 (+/-0.231643).
Game Durations: N=30, mean=62.533333 (+/-0.293179).
P1: N=15, mean=62.333333 (+/-0.366259).
P2: N=15, mean=62.733333 (+/-0.447212).
=====================================================
=====================================================
Completed 40 games.

Agent 1 (SHUCTAnyTime)
Winning score (between 0 and 1) : N=40, mean=0.5875 (+/-0.152496).
P1: N=20, mean=0.4 (+/-0.22028).
P2: N=20, mean=0.775 (+/-0.180909).
Game Durations: N=40, mean=62.525 (+/-0.242976).
P1: N=20, mean=62.75 (+/-0.372826).
P2: N=20, mean=62.3 (+/-0.287914).

Agent 2 (Example UCT)
Winning score (between 0 and 1) : N=40, mean=0.4125 (+/-0.152496).
P1: N=20, mean=0.225 (+/-0.180909).
P2: N=20, mean=0.6 (+/-0.22028).
Game Durations: N=40, mean=62.525 (+/-0.242976).
P1: N=20, mean=62.3 (+/-0.287914).
P2: N=20, mean=62.75 (+/-0.372826).
=====================================================
=====================================================
Completed 50 games.

Agent 1 (SHUCTAnyTime)
Winning score (between 0 and 1) : N=50, mean=0.61 (+/-0.135124).
P1: N=25, mean=0.48 (+/-0.199877).
P2: N=25, mean=0.74 (+/-0.170865).
Game Durations: N=50, mean=62.58 (+/-0.210201).
P1: N=25, mean=62.72 (+/-0.31031).
P2: N=25, mean=62.44 (+/-0.279022).

Agent 2 (Example UCT)
Winning score (between 0 and 1) : N=50, mean=0.39 (+/-0.135124).
P1: N=25, mean=0.26 (+/-0.170865).
P2: N=25, mean=0.52 (+/-0.199877).
Game Durations: N=50, mean=62.58 (+/-0.210201).
P1: N=25, mean=62.44 (+/-0.279022).
P2: N=25, mean=62.72 (+/-0.31031).
=====================================================
=====================================================
Completed 60 games.

Agent 1 (SHUCTAnyTime)
Winning score (between 0 and 1) : N=60, mean=0.575 (+/-0.125059).
P1: N=30, mean=0.466667 (+/-0.181573).
P2: N=30, mean=0.683333 (+/-0.166011).
Game Durations: N=60, mean=62.616667 (+/-0.186879).
P1: N=30, mean=62.766667 (+/-0.276915).
P2: N=30, mean=62.466667 (+/-0.243847).

Agent 2 (Example UCT)
Winning score (between 0 and 1) : N=60, mean=0.425 (+/-0.125059).
P1: N=30, mean=0.316667 (+/-0.166011).
P2: N=30, mean=0.533333 (+/-0.181573).
Game Durations: N=60, mean=62.616667 (+/-0.186879).
P1: N=30, mean=62.466667 (+/-0.243847).
P2: N=30, mean=62.766667 (+/-0.276915).
=====================================================
=====================================================
Completed 70 games.

Agent 1 (SHUCTAnyTime)
Winning score (between 0 and 1) : N=70, mean=0.571429 (+/-0.11505).
P1: N=35, mean=0.485714 (+/-0.167997).
P2: N=35, mean=0.657143 (+/-0.154408).
Game Durations: N=70, mean=62.614286 (+/-0.196575).
P1: N=35, mean=62.714286 (+/-0.248586).
P2: N=35, mean=62.514286 (+/-0.304606).

Agent 2 (Example UCT)
Winning score (between 0 and 1) : N=70, mean=0.428571 (+/-0.11505).
P1: N=35, mean=0.342857 (+/-0.154408).
P2: N=35, mean=0.514286 (+/-0.167997).
Game Durations: N=70, mean=62.614286 (+/-0.196575).
P1: N=35, mean=62.514286 (+/-0.304606).
P2: N=35, mean=62.714286 (+/-0.248586).
=====================================================
=====================================================
Completed 80 games.

Agent 1 (SHUCTAnyTime)
Winning score (between 0 and 1) : N=80, mean=0.55625 (+/-0.107456).
P1: N=40, mean=0.4875 (+/-0.154899).
P2: N=40, mean=0.625 (+/-0.147832).
Game Durations: N=80, mean=62.6625 (+/-0.187578).
P1: N=40, mean=62.75 (+/-0.230093).
P2: N=40, mean=62.575 (+/-0.296807).

Agent 2 (Example UCT)
Winning score (between 0 and 1) : N=80, mean=0.44375 (+/-0.107456).
P1: N=40, mean=0.375 (+/-0.147832).
P2: N=40, mean=0.5125 (+/-0.154899).
Game Durations: N=80, mean=62.6625 (+/-0.187578).
P1: N=40, mean=62.575 (+/-0.296807).
P2: N=40, mean=62.75 (+/-0.230093).
=====================================================
=====================================================
Completed 90 games.

Agent 1 (SHUCTAnyTime)
Winning score (between 0 and 1) : N=90, mean=0.538889 (+/-0.101812).
P1: N=45, mean=0.477778 (+/-0.145939).
P2: N=45, mean=0.6 (+/-0.141362).
Game Durations: N=90, mean=62.655556 (+/-0.172883).
P1: N=45, mean=62.755556 (+/-0.217179).
P2: N=45, mean=62.555556 (+/-0.268328).

Agent 2 (Example UCT)
Winning score (between 0 and 1) : N=90, mean=0.461111 (+/-0.101812).
P1: N=45, mean=0.4 (+/-0.141362).
P2: N=45, mean=0.522222 (+/-0.145939).
Game Durations: N=90, mean=62.655556 (+/-0.172883).
P1: N=45, mean=62.555556 (+/-0.268328).
P2: N=45, mean=62.755556 (+/-0.217179).
=====================================================
=====================================================
Completed 100 games.

Agent 1 (SHUCTAnyTime)
Winning score (between 0 and 1) : N=100, mean=0.53 (+/-0.096321).
P1: N=50, mean=0.45 (+/-0.137881).
P2: N=50, mean=0.61 (+/-0.132192).
Game Durations: N=100, mean=62.71 (+/-0.170126).
P1: N=50, mean=62.8 (+/-0.223995).
P2: N=50, mean=62.62 (+/-0.255946).

Agent 2 (Example UCT)
Winning score (between 0 and 1) : N=100, mean=0.47 (+/-0.096321).
P1: N=50, mean=0.39 (+/-0.132192).
P2: N=50, mean=0.55 (+/-0.137881).
Game Durations: N=100, mean=62.71 (+/-0.170126).
P1: N=50, mean=62.62 (+/-0.255946).
P2: N=50, mean=62.8 (+/-0.223995).
=====================================================
=====================================================
Completed 110 games.

Agent 1 (SHUCTAnyTime)
Winning score (between 0 and 1) : N=110, mean=0.536364 (+/-0.091889).
P1: N=55, mean=0.481818 (+/-0.132051).
P2: N=55, mean=0.590909 (+/-0.127383).
Game Durations: N=110, mean=62.745455 (+/-0.160968).
P1: N=55, mean=62.836364 (+/-0.214363).
P2: N=55, mean=62.654545 (+/-0.239739).

Agent 2 (Example UCT)
Winning score (between 0 and 1) : N=110, mean=0.463636 (+/-0.091889).
P1: N=55, mean=0.409091 (+/-0.127383).
P2: N=55, mean=0.518182 (+/-0.132051).
Game Durations: N=110, mean=62.745455 (+/-0.160968).
P1: N=55, mean=62.654545 (+/-0.239739).
P2: N=55, mean=62.836364 (+/-0.214363).
=====================================================
=====================================================
Completed 120 games.

Agent 1 (SHUCTAnyTime)
Winning score (between 0 and 1) : N=120, mean=0.525 (+/-0.08821).
P1: N=60, mean=0.491667 (+/-0.126497).
P2: N=60, mean=0.558333 (+/-0.123458).
Game Durations: N=120, mean=62.741667 (+/-0.154724).
P1: N=60, mean=62.833333 (+/-0.214332).
P2: N=60, mean=62.65 (+/-0.22257).

Agent 2 (Example UCT)
Winning score (between 0 and 1) : N=120, mean=0.475 (+/-0.08821).
P1: N=60, mean=0.441667 (+/-0.123458).
P2: N=60, mean=0.508333 (+/-0.126497).
Game Durations: N=120, mean=62.741667 (+/-0.154724).
P1: N=60, mean=62.65 (+/-0.22257).
P2: N=60, mean=62.833333 (+/-0.214332).
=====================================================
=====================================================
Completed 130 games.

Agent 1 (SHUCTAnyTime)
Winning score (between 0 and 1) : N=130, mean=0.515385 (+/-0.084903).
P1: N=65, mean=0.5 (+/-0.121552).
P2: N=65, mean=0.530769 (+/-0.1194).
Game Durations: N=130, mean=62.769231 (+/-0.165156).
P1: N=65, mean=62.892308 (+/-0.25469).
P2: N=65, mean=62.646154 (+/-0.208022).

Agent 2 (Example UCT)
Winning score (between 0 and 1) : N=130, mean=0.484615 (+/-0.084903).
P1: N=65, mean=0.469231 (+/-0.1194).
P2: N=65, mean=0.5 (+/-0.121552).
Game Durations: N=130, mean=62.769231 (+/-0.165156).
P1: N=65, mean=62.646154 (+/-0.208022).
P2: N=65, mean=62.892308 (+/-0.25469).
=====================================================
=====================================================
Completed 140 games.

Agent 1 (SHUCTAnyTime)
Winning score (between 0 and 1) : N=140, mean=0.514286 (+/-0.08189).
P1: N=70, mean=0.492857 (+/-0.117118).
P2: N=70, mean=0.535714 (+/-0.115112).
Game Durations: N=140, mean=62.8 (+/-0.162883).
P1: N=70, mean=62.9 (+/-0.246341).
P2: N=70, mean=62.7 (+/-0.212356).

Agent 2 (Example UCT)
Winning score (between 0 and 1) : N=140, mean=0.485714 (+/-0.08189).
P1: N=70, mean=0.464286 (+/-0.115112).
P2: N=70, mean=0.507143 (+/-0.117118).
Game Durations: N=140, mean=62.8 (+/-0.162883).
P1: N=70, mean=62.7 (+/-0.212356).
P2: N=70, mean=62.9 (+/-0.246341).
=====================================================
=====================================================
Completed 150 games.

Agent 1 (SHUCTAnyTime)
Winning score (between 0 and 1) : N=150, mean=0.52 (+/-0.07914).
P1: N=75, mean=0.5 (+/-0.113158).
P2: N=75, mean=0.54 (+/-0.111246).
Game Durations: N=150, mean=62.753333 (+/-0.155051).
P1: N=75, mean=62.84 (+/-0.235431).
P2: N=75, mean=62.666667 (+/-0.20151).

Agent 2 (Example UCT)
Winning score (between 0 and 1) : N=150, mean=0.48 (+/-0.07914).
P1: N=75, mean=0.46 (+/-0.111246).
P2: N=75, mean=0.5 (+/-0.113158).
Game Durations: N=150, mean=62.753333 (+/-0.155051).
P1: N=75, mean=62.666667 (+/-0.20151).
P2: N=75, mean=62.84 (+/-0.235431).
=====================================================
