Warming up...
Finished warming up!
=====================================================
Completed 1 games.

Agent 1 (SHUCTAnyTime)
Winning score (between 0 and 1) : N=1, mean=0 (+/-0).
P1: N=1, mean=0 (+/-0).
P2: N=0, mean=0 (+/-0).
Game Durations: N=1, mean=63 (+/-0).
P1: N=1, mean=63 (+/-0).
P2: N=0, mean=0 (+/-0).

Agent 2 (Example UCT)
Winning score (between 0 and 1) : N=1, mean=1 (+/-0).
P1: N=0, mean=0 (+/-0).
P2: N=1, mean=1 (+/-0).
Game Durations: N=1, mean=63 (+/-0).
P1: N=0, mean=0 (+/-0).
P2: N=1, mean=63 (+/-0).
=====================================================
=====================================================
Completed 2 games.

Agent 1 (SHUCTAnyTime)
Winning score (between 0 and 1) : N=2, mean=0.5 (+/-0.97998).
P1: N=1, mean=0 (+/-0).
P2: N=1, mean=1 (+/-0).
Game Durations: N=2, mean=62.5 (+/-0.97998).
P1: N=1, mean=63 (+/-0).
P2: N=1, mean=62 (+/-0).

Agent 2 (Example UCT)
Winning score (between 0 and 1) : N=2, mean=0.5 (+/-0.97998).
P1: N=1, mean=0 (+/-0).
P2: N=1, mean=1 (+/-0).
Game Durations: N=2, mean=62.5 (+/-0.97998).
P1: N=1, mean=62 (+/-0).
P2: N=1, mean=63 (+/-0).
=====================================================
=====================================================
Completed 3 games.

Agent 1 (SHUCTAnyTime)
Winning score (between 0 and 1) : N=3, mean=0.666667 (+/-0.65332).
P1: N=2, mean=0.5 (+/-0.97998).
P2: N=1, mean=1 (+/-0).
Game Durations: N=3, mean=62.333333 (+/-0.65332).
P1: N=2, mean=62.5 (+/-0.97998).
P2: N=1, mean=62 (+/-0).

Agent 2 (Example UCT)
Winning score (between 0 and 1) : N=3, mean=0.333333 (+/-0.65332).
P1: N=1, mean=0 (+/-0).
P2: N=2, mean=0.5 (+/-0.97998).
Game Durations: N=3, mean=62.333333 (+/-0.65332).
P1: N=1, mean=62 (+/-0).
P2: N=2, mean=62.5 (+/-0.97998).
=====================================================
=====================================================
Completed 4 games.

Agent 1 (SHUCTAnyTime)
Winning score (between 0 and 1) : N=4, mean=0.5 (+/-0.565792).
P1: N=2, mean=0.5 (+/-0.97998).
P2: N=2, mean=0.5 (+/-0.97998).
Game Durations: N=4, mean=62.5 (+/-0.565792).
P1: N=2, mean=62.5 (+/-0.97998).
P2: N=2, mean=62.5 (+/-0.97998).

Agent 2 (Example UCT)
Winning score (between 0 and 1) : N=4, mean=0.5 (+/-0.565792).
P1: N=2, mean=0.5 (+/-0.97998).
P2: N=2, mean=0.5 (+/-0.97998).
Game Durations: N=4, mean=62.5 (+/-0.565792).
P1: N=2, mean=62.5 (+/-0.97998).
P2: N=2, mean=62.5 (+/-0.97998).
=====================================================
=====================================================
Completed 5 games.

Agent 1 (SHUCTAnyTime)
Winning score (between 0 and 1) : N=5, mean=0.4 (+/-0.48009).
P1: N=3, mean=0.333333 (+/-0.65332).
P2: N=2, mean=0.5 (+/-0.97998).
Game Durations: N=5, mean=62.4 (+/-0.48009).
P1: N=3, mean=62.333333 (+/-0.65332).
P2: N=2, mean=62.5 (+/-0.97998).

Agent 2 (Example UCT)
Winning score (between 0 and 1) : N=5, mean=0.6 (+/-0.48009).
P1: N=2, mean=0.5 (+/-0.97998).
P2: N=3, mean=0.666667 (+/-0.65332).
Game Durations: N=5, mean=62.4 (+/-0.48009).
P1: N=2, mean=62.5 (+/-0.97998).
P2: N=3, mean=62.333333 (+/-0.65332).
=====================================================
=====================================================
Completed 10 games.

Agent 1 (SHUCTAnyTime)
Winning score (between 0 and 1) : N=10, mean=0.4 (+/-0.32006).
P1: N=5, mean=0.4 (+/-0.48009).
P2: N=5, mean=0.4 (+/-0.48009).
Game Durations: N=10, mean=62.7 (+/-0.418329).
P1: N=5, mean=62.8 (+/-0.73335).
P2: N=5, mean=62.6 (+/-0.48009).

Agent 2 (Example UCT)
Winning score (between 0 and 1) : N=10, mean=0.6 (+/-0.32006).
P1: N=5, mean=0.6 (+/-0.48009).
P2: N=5, mean=0.6 (+/-0.48009).
Game Durations: N=10, mean=62.7 (+/-0.418329).
P1: N=5, mean=62.6 (+/-0.48009).
P2: N=5, mean=62.8 (+/-0.73335).
=====================================================
=====================================================
Completed 20 games.

Agent 1 (SHUCTAnyTime)
Winning score (between 0 and 1) : N=20, mean=0.4 (+/-0.208492).
P1: N=10, mean=0.45 (+/-0.30817).
P2: N=10, mean=0.35 (+/-0.293994).
Game Durations: N=20, mean=62.55 (+/-0.265062).
P1: N=10, mean=62.6 (+/-0.433363).
P2: N=10, mean=62.5 (+/-0.32666).

Agent 2 (Example UCT)
Winning score (between 0 and 1) : N=20, mean=0.6 (+/-0.208492).
P1: N=10, mean=0.65 (+/-0.293994).
P2: N=10, mean=0.55 (+/-0.30817).
Game Durations: N=20, mean=62.55 (+/-0.265062).
P1: N=10, mean=62.5 (+/-0.32666).
P2: N=10, mean=62.6 (+/-0.433363).
=====================================================
=====================================================
Completed 30 games.

Agent 1 (SHUCTAnyTime)
Winning score (between 0 and 1) : N=30, mean=0.333333 (+/-0.165011).
P1: N=15, mean=0.3 (+/-0.230323).
P2: N=15, mean=0.366667 (+/-0.2432).
Game Durations: N=30, mean=62.533333 (+/-0.261328).
P1: N=15, mean=62.4 (+/-0.32006).
P2: N=15, mean=62.666667 (+/-0.413196).

Agent 2 (Example UCT)
Winning score (between 0 and 1) : N=30, mean=0.666667 (+/-0.165011).
P1: N=15, mean=0.633333 (+/-0.2432).
P2: N=15, mean=0.7 (+/-0.230323).
Game Durations: N=30, mean=62.533333 (+/-0.261328).
P1: N=15, mean=62.666667 (+/-0.413196).
P2: N=15, mean=62.4 (+/-0.32006).
=====================================================
=====================================================
Completed 40 games.

Agent 1 (SHUCTAnyTime)
Winning score (between 0 and 1) : N=40, mean=0.3875 (+/-0.146735).
P1: N=20, mean=0.35 (+/-0.202341).
P2: N=20, mean=0.425 (+/-0.21652).
Game Durations: N=40, mean=62.55 (+/-0.221366).
P1: N=20, mean=62.5 (+/-0.266014).
P2: N=20, mean=62.6 (+/-0.359717).

Agent 2 (Example UCT)
Winning score (between 0 and 1) : N=40, mean=0.6125 (+/-0.146735).
P1: N=20, mean=0.575 (+/-0.21652).
P2: N=20, mean=0.65 (+/-0.202341).
Game Durations: N=40, mean=62.55 (+/-0.221366).
P1: N=20, mean=62.6 (+/-0.359717).
P2: N=20, mean=62.5 (+/-0.266014).
=====================================================
=====================================================
Completed 50 games.

Agent 1 (SHUCTAnyTime)
Winning score (between 0 and 1) : N=50, mean=0.43 (+/-0.13431).
P1: N=25, mean=0.36 (+/-0.183512).
P2: N=25, mean=0.5 (+/-0.195996).
Game Durations: N=50, mean=62.58 (+/-0.202604).
P1: N=25, mean=62.48 (+/-0.229686).
P2: N=25, mean=62.68 (+/-0.334153).

Agent 2 (Example UCT)
Winning score (between 0 and 1) : N=50, mean=0.57 (+/-0.13431).
P1: N=25, mean=0.5 (+/-0.195996).
P2: N=25, mean=0.64 (+/-0.183512).
Game Durations: N=50, mean=62.58 (+/-0.202604).
P1: N=25, mean=62.68 (+/-0.334153).
P2: N=25, mean=62.48 (+/-0.229686).
=====================================================
=====================================================
Completed 60 games.

Agent 1 (SHUCTAnyTime)
Winning score (between 0 and 1) : N=60, mean=0.458333 (+/-0.123897).
P1: N=30, mean=0.4 (+/-0.171999).
P2: N=30, mean=0.516667 (+/-0.178816).
Game Durations: N=60, mean=62.65 (+/-0.196687).
P1: N=30, mean=62.5 (+/-0.204809).
P2: N=30, mean=62.8 (+/-0.330913).

Agent 2 (Example UCT)
Winning score (between 0 and 1) : N=60, mean=0.541667 (+/-0.123897).
P1: N=30, mean=0.483333 (+/-0.178816).
P2: N=30, mean=0.6 (+/-0.171999).
Game Durations: N=60, mean=62.65 (+/-0.196687).
P1: N=30, mean=62.8 (+/-0.330913).
P2: N=30, mean=62.5 (+/-0.204809).
=====================================================
=====================================================
Completed 70 games.

Agent 1 (SHUCTAnyTime)
Winning score (between 0 and 1) : N=70, mean=0.471429 (+/-0.114357).
P1: N=35, mean=0.428571 (+/-0.161417).
P2: N=35, mean=0.514286 (+/-0.163122).
Game Durations: N=70, mean=62.585714 (+/-0.176087).
P1: N=35, mean=62.428571 (+/-0.184731).
P2: N=35, mean=62.742857 (+/-0.293503).

Agent 2 (Example UCT)
Winning score (between 0 and 1) : N=70, mean=0.528571 (+/-0.114357).
P1: N=35, mean=0.485714 (+/-0.163122).
P2: N=35, mean=0.571429 (+/-0.161417).
Game Durations: N=70, mean=62.585714 (+/-0.176087).
P1: N=35, mean=62.742857 (+/-0.293503).
P2: N=35, mean=62.428571 (+/-0.184731).
=====================================================
=====================================================
Completed 80 games.

Agent 1 (SHUCTAnyTime)
Winning score (between 0 and 1) : N=80, mean=0.48125 (+/-0.106675).
P1: N=40, mean=0.45 (+/-0.152142).
P2: N=40, mean=0.5125 (+/-0.150872).
Game Durations: N=80, mean=62.55 (+/-0.159396).
P1: N=40, mean=62.45 (+/-0.171182).
P2: N=40, mean=62.65 (+/-0.26769).

Agent 2 (Example UCT)
Winning score (between 0 and 1) : N=80, mean=0.51875 (+/-0.106675).
P1: N=40, mean=0.4875 (+/-0.150872).
P2: N=40, mean=0.55 (+/-0.152142).
Game Durations: N=80, mean=62.55 (+/-0.159396).
P1: N=40, mean=62.65 (+/-0.26769).
P2: N=40, mean=62.45 (+/-0.171182).
=====================================================
=====================================================
Completed 90 games.

Agent 1 (SHUCTAnyTime)
Winning score (between 0 and 1) : N=90, mean=0.483333 (+/-0.100892).
P1: N=45, mean=0.466667 (+/-0.144081).
P2: N=45, mean=0.5 (+/-0.142728).
Game Durations: N=90, mean=62.544444 (+/-0.149048).
P1: N=45, mean=62.422222 (+/-0.158677).
P2: N=45, mean=62.666667 (+/-0.249166).

Agent 2 (Example UCT)
Winning score (between 0 and 1) : N=90, mean=0.516667 (+/-0.100892).
P1: N=45, mean=0.5 (+/-0.142728).
P2: N=45, mean=0.533333 (+/-0.144081).
Game Durations: N=90, mean=62.544444 (+/-0.149048).
P1: N=45, mean=62.666667 (+/-0.249166).
P2: N=45, mean=62.422222 (+/-0.158677).
=====================================================
=====================================================
Completed 100 games.

Agent 1 (SHUCTAnyTime)
Winning score (between 0 and 1) : N=100, mean=0.465 (+/-0.09575).
P1: N=50, mean=0.48 (+/-0.137054).
P2: N=50, mean=0.45 (+/-0.135008).
Game Durations: N=100, mean=62.51 (+/-0.137874).
P1: N=50, mean=62.4 (+/-0.148159).
P2: N=50, mean=62.62 (+/-0.230141).

Agent 2 (Example UCT)
Winning score (between 0 and 1) : N=100, mean=0.535 (+/-0.09575).
P1: N=50, mean=0.55 (+/-0.135008).
P2: N=50, mean=0.52 (+/-0.137054).
Game Durations: N=100, mean=62.51 (+/-0.137874).
P1: N=50, mean=62.62 (+/-0.230141).
P2: N=50, mean=62.4 (+/-0.148159).
=====================================================
=====================================================
Completed 110 games.

Agent 1 (SHUCTAnyTime)
Winning score (between 0 and 1) : N=110, mean=0.459091 (+/-0.091385).
P1: N=55, mean=0.472727 (+/-0.130709).
P2: N=55, mean=0.445455 (+/-0.128852).
Game Durations: N=110, mean=62.518182 (+/-0.130878).
P1: N=55, mean=62.418182 (+/-0.14994).
P2: N=55, mean=62.618182 (+/-0.212711).

Agent 2 (Example UCT)
Winning score (between 0 and 1) : N=110, mean=0.540909 (+/-0.091385).
P1: N=55, mean=0.554545 (+/-0.128852).
P2: N=55, mean=0.527273 (+/-0.130709).
Game Durations: N=110, mean=62.518182 (+/-0.130878).
P1: N=55, mean=62.618182 (+/-0.212711).
P2: N=55, mean=62.418182 (+/-0.14994).
=====================================================
=====================================================
Completed 120 games.

Agent 1 (SHUCTAnyTime)
Winning score (between 0 and 1) : N=120, mean=0.466667 (+/-0.087355).
P1: N=60, mean=0.475 (+/-0.124188).
P2: N=60, mean=0.458333 (+/-0.123897).
Game Durations: N=120, mean=62.508333 (+/-0.129137).
P1: N=60, mean=62.433333 (+/-0.163828).
P2: N=60, mean=62.583333 (+/-0.199245).

Agent 2 (Example UCT)
Winning score (between 0 and 1) : N=120, mean=0.533333 (+/-0.087355).
P1: N=60, mean=0.541667 (+/-0.123897).
P2: N=60, mean=0.525 (+/-0.124188).
Game Durations: N=120, mean=62.508333 (+/-0.129137).
P1: N=60, mean=62.583333 (+/-0.199245).
P2: N=60, mean=62.433333 (+/-0.163828).
=====================================================
=====================================================
Completed 130 games.

Agent 1 (SHUCTAnyTime)
Winning score (between 0 and 1) : N=130, mean=0.484615 (+/-0.083543).
P1: N=65, mean=0.5 (+/-0.119637).
P2: N=65, mean=0.469231 (+/-0.11745).
Game Durations: N=130, mean=62.523077 (+/-0.125201).
P1: N=65, mean=62.476923 (+/-0.167038).
P2: N=65, mean=62.569231 (+/-0.187172).

Agent 2 (Example UCT)
Winning score (between 0 and 1) : N=130, mean=0.515385 (+/-0.083543).
P1: N=65, mean=0.530769 (+/-0.11745).
P2: N=65, mean=0.5 (+/-0.119637).
Game Durations: N=130, mean=62.523077 (+/-0.125201).
P1: N=65, mean=62.569231 (+/-0.187172).
P2: N=65, mean=62.476923 (+/-0.167038).
=====================================================
=====================================================
Completed 140 games.

Agent 1 (SHUCTAnyTime)
Winning score (between 0 and 1) : N=140, mean=0.507143 (+/-0.080702).
P1: N=70, mean=0.521429 (+/-0.115309).
P2: N=70, mean=0.492857 (+/-0.113672).
Game Durations: N=140, mean=62.507143 (+/-0.118381).
P1: N=70, mean=62.471429 (+/-0.158137).
P2: N=70, mean=62.542857 (+/-0.176956).

Agent 2 (Example UCT)
Winning score (between 0 and 1) : N=140, mean=0.492857 (+/-0.080702).
P1: N=70, mean=0.507143 (+/-0.113672).
P2: N=70, mean=0.478571 (+/-0.115309).
Game Durations: N=140, mean=62.507143 (+/-0.118381).
P1: N=70, mean=62.542857 (+/-0.176956).
P2: N=70, mean=62.471429 (+/-0.158137).
=====================================================
=====================================================
Completed 150 games.

Agent 1 (SHUCTAnyTime)
Winning score (between 0 and 1) : N=150, mean=0.493333 (+/-0.078106).
P1: N=75, mean=0.5 (+/-0.111619).
P2: N=75, mean=0.486667 (+/-0.110016).
Game Durations: N=150, mean=62.506667 (+/-0.115409).
P1: N=75, mean=62.48 (+/-0.155021).
P2: N=75, mean=62.533333 (+/-0.171848).

Agent 2 (Example UCT)
Winning score (between 0 and 1) : N=150, mean=0.506667 (+/-0.078106).
P1: N=75, mean=0.513333 (+/-0.110016).
P2: N=75, mean=0.5 (+/-0.111619).
Game Durations: N=150, mean=62.506667 (+/-0.115409).
P1: N=75, mean=62.533333 (+/-0.171848).
P2: N=75, mean=62.48 (+/-0.155021).
=====================================================
