Warming up...
Finished warming up!
=====================================================
Completed 1 games.

Agent 1 (SHUCTAnyTime)
Winning score (between 0 and 1) : N=1, mean=0.5 (+/-0).
P1: N=0, mean=0 (+/-0).
P2: N=1, mean=0.5 (+/-0).
Game Durations: N=1, mean=63 (+/-0).
P1: N=0, mean=0 (+/-0).
P2: N=1, mean=63 (+/-0).

Agent 2 (Example UCT)
Winning score (between 0 and 1) : N=1, mean=0.5 (+/-0).
P1: N=1, mean=0.5 (+/-0).
P2: N=0, mean=0 (+/-0).
Game Durations: N=1, mean=63 (+/-0).
P1: N=1, mean=63 (+/-0).
P2: N=0, mean=0 (+/-0).
=====================================================
=====================================================
Completed 2 games.

Agent 1 (SHUCTAnyTime)
Winning score (between 0 and 1) : N=2, mean=0.75 (+/-0.48999).
P1: N=1, mean=1 (+/-0).
P2: N=1, mean=0.5 (+/-0).
Game Durations: N=2, mean=62.5 (+/-0.97998).
P1: N=1, mean=62 (+/-0).
P2: N=1, mean=63 (+/-0).

Agent 2 (Example UCT)
Winning score (between 0 and 1) : N=2, mean=0.25 (+/-0.48999).
P1: N=1, mean=0.5 (+/-0).
P2: N=1, mean=0 (+/-0).
Game Durations: N=2, mean=62.5 (+/-0.97998).
P1: N=1, mean=63 (+/-0).
P2: N=1, mean=62 (+/-0).
=====================================================
=====================================================
Completed 3 games.

Agent 1 (SHUCTAnyTime)
Winning score (between 0 and 1) : N=3, mean=0.833333 (+/-0.32666).
P1: N=1, mean=1 (+/-0).
P2: N=2, mean=0.75 (+/-0.48999).
Game Durations: N=3, mean=62.666667 (+/-0.65332).
P1: N=1, mean=62 (+/-0).
P2: N=2, mean=63 (+/-0).

Agent 2 (Example UCT)
Winning score (between 0 and 1) : N=3, mean=0.166667 (+/-0.32666).
P1: N=2, mean=0.25 (+/-0.48999).
P2: N=1, mean=0 (+/-0).
Game Durations: N=3, mean=62.666667 (+/-0.65332).
P1: N=2, mean=63 (+/-0).
P2: N=1, mean=62 (+/-0).
=====================================================
=====================================================
Completed 4 games.

Agent 1 (SHUCTAnyTime)
Winning score (between 0 and 1) : N=4, mean=0.625 (+/-0.46913).
P1: N=2, mean=0.5 (+/-0.97998).
P2: N=2, mean=0.75 (+/-0.48999).
Game Durations: N=4, mean=63 (+/-0.80015).
P1: N=2, mean=63 (+/-1.95996).
P2: N=2, mean=63 (+/-0).

Agent 2 (Example UCT)
Winning score (between 0 and 1) : N=4, mean=0.375 (+/-0.46913).
P1: N=2, mean=0.25 (+/-0.48999).
P2: N=2, mean=0.5 (+/-0.97998).
Game Durations: N=4, mean=63 (+/-0.80015).
P1: N=2, mean=63 (+/-0).
P2: N=2, mean=63 (+/-1.95996).
=====================================================
=====================================================
Completed 5 games.

Agent 1 (SHUCTAnyTime)
Winning score (between 0 and 1) : N=5, mean=0.7 (+/-0.391992).
P1: N=2, mean=0.5 (+/-0.97998).
P2: N=3, mean=0.833333 (+/-0.32666).
Game Durations: N=5, mean=62.8 (+/-0.73335).
P1: N=2, mean=63 (+/-1.95996).
P2: N=3, mean=62.666667 (+/-0.65332).

Agent 2 (Example UCT)
Winning score (between 0 and 1) : N=5, mean=0.3 (+/-0.391992).
P1: N=3, mean=0.166667 (+/-0.32666).
P2: N=2, mean=0.5 (+/-0.97998).
Game Durations: N=5, mean=62.8 (+/-0.73335).
P1: N=3, mean=62.666667 (+/-0.65332).
P2: N=2, mean=63 (+/-1.95996).
=====================================================
=====================================================
Completed 10 games.

Agent 1 (SHUCTAnyTime)
Winning score (between 0 and 1) : N=10, mean=0.75 (+/-0.263362).
P1: N=5, mean=0.6 (+/-0.48009).
P2: N=5, mean=0.9 (+/-0.195996).
Game Durations: N=10, mean=63 (+/-0.413196).
P1: N=5, mean=63 (+/-0.619794).
P2: N=5, mean=63 (+/-0.619794).

Agent 2 (Example UCT)
Winning score (between 0 and 1) : N=10, mean=0.25 (+/-0.263362).
P1: N=5, mean=0.1 (+/-0.195996).
P2: N=5, mean=0.4 (+/-0.48009).
Game Durations: N=10, mean=63 (+/-0.413196).
P1: N=5, mean=63 (+/-0.619794).
P2: N=5, mean=63 (+/-0.619794).
=====================================================
=====================================================
Completed 20 games.

Agent 1 (SHUCTAnyTime)
Winning score (between 0 and 1) : N=20, mean=0.675 (+/-0.204515).
P1: N=10, mean=0.6 (+/-0.32006).
P2: N=10, mean=0.75 (+/-0.263362).
Game Durations: N=20, mean=62.7 (+/-0.287914).
P1: N=10, mean=62.8 (+/-0.391992).
P2: N=10, mean=62.6 (+/-0.433363).

Agent 2 (Example UCT)
Winning score (between 0 and 1) : N=20, mean=0.325 (+/-0.204515).
P1: N=10, mean=0.25 (+/-0.263362).
P2: N=10, mean=0.4 (+/-0.32006).
Game Durations: N=20, mean=62.7 (+/-0.287914).
P1: N=10, mean=62.6 (+/-0.433363).
P2: N=10, mean=62.8 (+/-0.391992).
=====================================================
=====================================================
Completed 30 games.

Agent 1 (SHUCTAnyTime)
Winning score (between 0 and 1) : N=30, mean=0.65 (+/-0.170387).
P1: N=15, mean=0.6 (+/-0.256619).
P2: N=15, mean=0.7 (+/-0.230323).
Game Durations: N=30, mean=62.7 (+/-0.251279).
P1: N=15, mean=62.866667 (+/-0.323848).
P2: N=15, mean=62.533333 (+/-0.376115).

Agent 2 (Example UCT)
Winning score (between 0 and 1) : N=30, mean=0.35 (+/-0.170387).
P1: N=15, mean=0.3 (+/-0.230323).
P2: N=15, mean=0.4 (+/-0.256619).
Game Durations: N=30, mean=62.7 (+/-0.251279).
P1: N=15, mean=62.533333 (+/-0.376115).
P2: N=15, mean=62.866667 (+/-0.323848).
=====================================================
=====================================================
Completed 40 games.

Agent 1 (SHUCTAnyTime)
Winning score (between 0 and 1) : N=40, mean=0.6125 (+/-0.150872).
P1: N=20, mean=0.55 (+/-0.223696).
P2: N=20, mean=0.675 (+/-0.204515).
Game Durations: N=40, mean=62.775 (+/-0.227267).
P1: N=20, mean=62.95 (+/-0.300792).
P2: N=20, mean=62.6 (+/-0.330421).

Agent 2 (Example UCT)
Winning score (between 0 and 1) : N=40, mean=0.3875 (+/-0.150872).
P1: N=20, mean=0.325 (+/-0.204515).
P2: N=20, mean=0.45 (+/-0.223696).
Game Durations: N=40, mean=62.775 (+/-0.227267).
P1: N=20, mean=62.6 (+/-0.330421).
P2: N=20, mean=62.95 (+/-0.300792).
=====================================================
=====================================================
Completed 50 games.

Agent 1 (SHUCTAnyTime)
Winning score (between 0 and 1) : N=50, mean=0.58 (+/-0.135327).
P1: N=25, mean=0.58 (+/-0.193365).
P2: N=25, mean=0.58 (+/-0.193365).
Game Durations: N=50, mean=62.74 (+/-0.200426).
P1: N=25, mean=62.96 (+/-0.264897).
P2: N=25, mean=62.52 (+/-0.279938).

Agent 2 (Example UCT)
Winning score (between 0 and 1) : N=50, mean=0.42 (+/-0.135327).
P1: N=25, mean=0.42 (+/-0.193365).
P2: N=25, mean=0.42 (+/-0.193365).
Game Durations: N=50, mean=62.74 (+/-0.200426).
P1: N=25, mean=62.52 (+/-0.279938).
P2: N=25, mean=62.96 (+/-0.264897).
=====================================================
=====================================================
Completed 60 games.

Agent 1 (SHUCTAnyTime)
Winning score (between 0 and 1) : N=60, mean=0.533333 (+/-0.125149).
P1: N=30, mean=0.516667 (+/-0.178816).
P2: N=30, mean=0.55 (+/-0.177991).
Game Durations: N=60, mean=62.716667 (+/-0.186879).
P1: N=30, mean=62.966667 (+/-0.257069).
P2: N=30, mean=62.466667 (+/-0.243847).

Agent 2 (Example UCT)
Winning score (between 0 and 1) : N=60, mean=0.466667 (+/-0.125149).
P1: N=30, mean=0.45 (+/-0.177991).
P2: N=30, mean=0.483333 (+/-0.178816).
Game Durations: N=60, mean=62.716667 (+/-0.186879).
P1: N=30, mean=62.466667 (+/-0.243847).
P2: N=30, mean=62.966667 (+/-0.257069).
=====================================================
=====================================================
Completed 70 games.

Agent 1 (SHUCTAnyTime)
Winning score (between 0 and 1) : N=70, mean=0.557143 (+/-0.115494).
P1: N=35, mean=0.557143 (+/-0.164529).
P2: N=35, mean=0.557143 (+/-0.164529).
Game Durations: N=70, mean=62.771429 (+/-0.249617).
P1: N=35, mean=63.114286 (+/-0.366203).
P2: N=35, mean=62.428571 (+/-0.303696).

Agent 2 (Example UCT)
Winning score (between 0 and 1) : N=70, mean=0.442857 (+/-0.115494).
P1: N=35, mean=0.442857 (+/-0.164529).
P2: N=35, mean=0.442857 (+/-0.164529).
Game Durations: N=70, mean=62.771429 (+/-0.249617).
P1: N=35, mean=62.428571 (+/-0.303696).
P2: N=35, mean=63.114286 (+/-0.366203).
=====================================================
=====================================================
Completed 80 games.

Agent 1 (SHUCTAnyTime)
Winning score (between 0 and 1) : N=80, mean=0.575 (+/-0.107606).
P1: N=40, mean=0.5625 (+/-0.153702).
P2: N=40, mean=0.5875 (+/-0.152496).
Game Durations: N=80, mean=62.7375 (+/-0.225268).
P1: N=40, mean=63.025 (+/-0.33279).
P2: N=40, mean=62.45 (+/-0.280272).

Agent 2 (Example UCT)
Winning score (between 0 and 1) : N=80, mean=0.425 (+/-0.107606).
P1: N=40, mean=0.4125 (+/-0.152496).
P2: N=40, mean=0.4375 (+/-0.153702).
Game Durations: N=80, mean=62.7375 (+/-0.225268).
P1: N=40, mean=62.45 (+/-0.280272).
P2: N=40, mean=63.025 (+/-0.33279).
=====================================================
=====================================================
Completed 90 games.

Agent 1 (SHUCTAnyTime)
Winning score (between 0 and 1) : N=90, mean=0.566667 (+/-0.100594).
P1: N=45, mean=0.544444 (+/-0.142123).
P2: N=45, mean=0.588889 (+/-0.143706).
Game Durations: N=90, mean=62.677778 (+/-0.205032).
P1: N=45, mean=62.911111 (+/-0.310349).
P2: N=45, mean=62.444444 (+/-0.253455).

Agent 2 (Example UCT)
Winning score (between 0 and 1) : N=90, mean=0.433333 (+/-0.100594).
P1: N=45, mean=0.411111 (+/-0.143706).
P2: N=45, mean=0.455556 (+/-0.142123).
Game Durations: N=90, mean=62.677778 (+/-0.205032).
P1: N=45, mean=62.444444 (+/-0.253455).
P2: N=45, mean=62.911111 (+/-0.310349).
=====================================================
=====================================================
Completed 100 games.

Agent 1 (SHUCTAnyTime)
Winning score (between 0 and 1) : N=100, mean=0.56 (+/-0.095775).
P1: N=50, mean=0.55 (+/-0.135008).
P2: N=50, mean=0.57 (+/-0.137197).
Game Durations: N=100, mean=62.68 (+/-0.186626).
P1: N=50, mean=62.88 (+/-0.283556).
P2: N=50, mean=62.48 (+/-0.232513).

Agent 2 (Example UCT)
Winning score (between 0 and 1) : N=100, mean=0.44 (+/-0.095775).
P1: N=50, mean=0.43 (+/-0.137197).
P2: N=50, mean=0.45 (+/-0.135008).
Game Durations: N=100, mean=62.68 (+/-0.186626).
P1: N=50, mean=62.48 (+/-0.232513).
P2: N=50, mean=62.88 (+/-0.283556).
=====================================================
=====================================================
Completed 110 games.

Agent 1 (SHUCTAnyTime)
Winning score (between 0 and 1) : N=110, mean=0.559091 (+/-0.091034).
P1: N=55, mean=0.554545 (+/-0.128852).
P2: N=55, mean=0.563636 (+/-0.129806).
Game Durations: N=110, mean=62.663636 (+/-0.181265).
P1: N=55, mean=62.854545 (+/-0.26632).
P2: N=55, mean=62.472727 (+/-0.237769).

Agent 2 (Example UCT)
Winning score (between 0 and 1) : N=110, mean=0.440909 (+/-0.091034).
P1: N=55, mean=0.436364 (+/-0.129806).
P2: N=55, mean=0.445455 (+/-0.128852).
Game Durations: N=110, mean=62.663636 (+/-0.181265).
P1: N=55, mean=62.472727 (+/-0.237769).
P2: N=55, mean=62.854545 (+/-0.26632).
=====================================================
=====================================================
Completed 120 games.

Agent 1 (SHUCTAnyTime)
Winning score (between 0 and 1) : N=120, mean=0.554167 (+/-0.087403).
P1: N=60, mean=0.525 (+/-0.124188).
P2: N=60, mean=0.583333 (+/-0.123623).
Game Durations: N=120, mean=62.65 (+/-0.177636).
P1: N=60, mean=62.85 (+/-0.270944).
P2: N=60, mean=62.45 (+/-0.220611).

Agent 2 (Example UCT)
Winning score (between 0 and 1) : N=120, mean=0.445833 (+/-0.087403).
P1: N=60, mean=0.416667 (+/-0.123623).
P2: N=60, mean=0.475 (+/-0.124188).
Game Durations: N=120, mean=62.65 (+/-0.177636).
P1: N=60, mean=62.45 (+/-0.220611).
P2: N=60, mean=62.85 (+/-0.270944).
=====================================================
=====================================================
Completed 130 games.

Agent 1 (SHUCTAnyTime)
Winning score (between 0 and 1) : N=130, mean=0.534615 (+/-0.084396).
P1: N=65, mean=0.515385 (+/-0.119578).
P2: N=65, mean=0.553846 (+/-0.119874).
Game Durations: N=130, mean=62.692308 (+/-0.171026).
P1: N=65, mean=62.876923 (+/-0.256081).
P2: N=65, mean=62.507692 (+/-0.219648).

Agent 2 (Example UCT)
Winning score (between 0 and 1) : N=130, mean=0.465385 (+/-0.084396).
P1: N=65, mean=0.446154 (+/-0.119874).
P2: N=65, mean=0.484615 (+/-0.119578).
Game Durations: N=130, mean=62.692308 (+/-0.171026).
P1: N=65, mean=62.507692 (+/-0.219648).
P2: N=65, mean=62.876923 (+/-0.256081).
=====================================================
=====================================================
Completed 140 games.

Agent 1 (SHUCTAnyTime)
Winning score (between 0 and 1) : N=140, mean=0.525 (+/-0.081517).
P1: N=70, mean=0.492857 (+/-0.115408).
P2: N=70, mean=0.557143 (+/-0.115494).
Game Durations: N=140, mean=62.685714 (+/-0.162744).
P1: N=70, mean=62.885714 (+/-0.244372).
P2: N=70, mean=62.485714 (+/-0.206249).

Agent 2 (Example UCT)
Winning score (between 0 and 1) : N=140, mean=0.475 (+/-0.081517).
P1: N=70, mean=0.442857 (+/-0.115494).
P2: N=70, mean=0.507143 (+/-0.115408).
Game Durations: N=140, mean=62.685714 (+/-0.162744).
P1: N=70, mean=62.485714 (+/-0.206249).
P2: N=70, mean=62.885714 (+/-0.244372).
=====================================================
=====================================================
Completed 150 games.

Agent 1 (SHUCTAnyTime)
Winning score (between 0 and 1) : N=150, mean=0.533333 (+/-0.078479).
P1: N=75, mean=0.5 (+/-0.111619).
P2: N=75, mean=0.566667 (+/-0.11058).
Game Durations: N=150, mean=62.68 (+/-0.155476).
P1: N=75, mean=62.893333 (+/-0.234055).
P2: N=75, mean=62.466667 (+/-0.194519).

Agent 2 (Example UCT)
Winning score (between 0 and 1) : N=150, mean=0.466667 (+/-0.078479).
P1: N=75, mean=0.433333 (+/-0.11058).
P2: N=75, mean=0.5 (+/-0.111619).
Game Durations: N=150, mean=62.68 (+/-0.155476).
P1: N=75, mean=62.466667 (+/-0.194519).
P2: N=75, mean=62.893333 (+/-0.234055).
=====================================================
