Warming up...
Finished warming up!
=====================================================
Completed 1 games.

Agent 1 (SHUCTAnyTime)
Winning score (between 0 and 1) : N=1, mean=0 (+/-0).
P1: N=0, mean=0 (+/-0).
P2: N=1, mean=0 (+/-0).
Game Durations: N=1, mean=15 (+/-0).
P1: N=0, mean=0 (+/-0).
P2: N=1, mean=15 (+/-0).

Agent 2 (SHUCT)
Winning score (between 0 and 1) : N=1, mean=1 (+/-0).
P1: N=1, mean=1 (+/-0).
P2: N=0, mean=0 (+/-0).
Game Durations: N=1, mean=15 (+/-0).
P1: N=1, mean=15 (+/-0).
P2: N=0, mean=0 (+/-0).
=====================================================
=====================================================
Completed 2 games.

Agent 1 (SHUCTAnyTime)
Winning score (between 0 and 1) : N=2, mean=0.5 (+/-0.97998).
P1: N=1, mean=1 (+/-0).
P2: N=1, mean=0 (+/-0).
Game Durations: N=2, mean=13 (+/-3.91992).
P1: N=1, mean=11 (+/-0).
P2: N=1, mean=15 (+/-0).

Agent 2 (SHUCT)
Winning score (between 0 and 1) : N=2, mean=0.5 (+/-0.97998).
P1: N=1, mean=1 (+/-0).
P2: N=1, mean=0 (+/-0).
Game Durations: N=2, mean=13 (+/-3.91992).
P1: N=1, mean=15 (+/-0).
P2: N=1, mean=11 (+/-0).
=====================================================
=====================================================
Completed 3 games.

Agent 1 (SHUCTAnyTime)
Winning score (between 0 and 1) : N=3, mean=0.666667 (+/-0.65332).
P1: N=1, mean=1 (+/-0).
P2: N=2, mean=0.5 (+/-0.97998).
Game Durations: N=3, mean=16.666667 (+/-7.534454).
P1: N=1, mean=11 (+/-0).
P2: N=2, mean=19.5 (+/-8.81982).

Agent 2 (SHUCT)
Winning score (between 0 and 1) : N=3, mean=0.333333 (+/-0.65332).
P1: N=2, mean=0.5 (+/-0.97998).
P2: N=1, mean=0 (+/-0).
Game Durations: N=3, mean=16.666667 (+/-7.534454).
P1: N=2, mean=19.5 (+/-8.81982).
P2: N=1, mean=11 (+/-0).
=====================================================
=====================================================
Completed 4 games.

Agent 1 (SHUCTAnyTime)
Winning score (between 0 and 1) : N=4, mean=0.5 (+/-0.565792).
P1: N=2, mean=0.5 (+/-0.97998).
P2: N=2, mean=0.5 (+/-0.97998).
Game Durations: N=4, mean=17.5 (+/-5.572402).
P1: N=2, mean=15.5 (+/-8.81982).
P2: N=2, mean=19.5 (+/-8.81982).

Agent 2 (SHUCT)
Winning score (between 0 and 1) : N=4, mean=0.5 (+/-0.565792).
P1: N=2, mean=0.5 (+/-0.97998).
P2: N=2, mean=0.5 (+/-0.97998).
Game Durations: N=4, mean=17.5 (+/-5.572402).
P1: N=2, mean=19.5 (+/-8.81982).
P2: N=2, mean=15.5 (+/-8.81982).
=====================================================
=====================================================
Completed 5 games.

Agent 1 (SHUCTAnyTime)
Winning score (between 0 and 1) : N=5, mean=0.6 (+/-0.48009).
P1: N=2, mean=0.5 (+/-0.97998).
P2: N=3, mean=0.666667 (+/-0.65332).
Game Durations: N=5, mean=16 (+/-5.222475).
P1: N=2, mean=15.5 (+/-8.81982).
P2: N=3, mean=16.333333 (+/-8.028131).

Agent 2 (SHUCT)
Winning score (between 0 and 1) : N=5, mean=0.4 (+/-0.48009).
P1: N=3, mean=0.333333 (+/-0.65332).
P2: N=2, mean=0.5 (+/-0.97998).
Game Durations: N=5, mean=16 (+/-5.222475).
P1: N=3, mean=16.333333 (+/-8.028131).
P2: N=2, mean=15.5 (+/-8.81982).
=====================================================
=====================================================
Completed 10 games.

Agent 1 (SHUCTAnyTime)
Winning score (between 0 and 1) : N=10, mean=0.4 (+/-0.32006).
P1: N=5, mean=0.4 (+/-0.48009).
P2: N=5, mean=0.4 (+/-0.48009).
Game Durations: N=10, mean=20.3 (+/-5.497601).
P1: N=5, mean=18.4 (+/-6.806453).
P2: N=5, mean=22.2 (+/-9.096411).

Agent 2 (SHUCT)
Winning score (between 0 and 1) : N=10, mean=0.6 (+/-0.32006).
P1: N=5, mean=0.6 (+/-0.48009).
P2: N=5, mean=0.6 (+/-0.48009).
Game Durations: N=10, mean=20.3 (+/-5.497601).
P1: N=5, mean=22.2 (+/-9.096411).
P2: N=5, mean=18.4 (+/-6.806453).
=====================================================
=====================================================
Completed 20 games.

Agent 1 (SHUCTAnyTime)
Winning score (between 0 and 1) : N=20, mean=0.45 (+/-0.223696).
P1: N=10, mean=0.6 (+/-0.32006).
P2: N=10, mean=0.3 (+/-0.299389).
Game Durations: N=20, mean=19.25 (+/-3.194937).
P1: N=10, mean=18.4 (+/-3.811718).
P2: N=10, mean=20.1 (+/-5.28705).

Agent 2 (SHUCT)
Winning score (between 0 and 1) : N=20, mean=0.55 (+/-0.223696).
P1: N=10, mean=0.7 (+/-0.299389).
P2: N=10, mean=0.4 (+/-0.32006).
Game Durations: N=20, mean=19.25 (+/-3.194937).
P1: N=10, mean=20.1 (+/-5.28705).
P2: N=10, mean=18.4 (+/-3.811718).
=====================================================
=====================================================
Completed 30 games.

Agent 1 (SHUCTAnyTime)
Winning score (between 0 and 1) : N=30, mean=0.366667 (+/-0.175388).
P1: N=15, mean=0.466667 (+/-0.261328).
P2: N=15, mean=0.266667 (+/-0.231643).
Game Durations: N=30, mean=19.066667 (+/-2.559676).
P1: N=15, mean=19 (+/-3.389358).
P2: N=15, mean=19.133333 (+/-3.95646).

Agent 2 (SHUCT)
Winning score (between 0 and 1) : N=30, mean=0.633333 (+/-0.175388).
P1: N=15, mean=0.733333 (+/-0.231643).
P2: N=15, mean=0.533333 (+/-0.261328).
Game Durations: N=30, mean=19.066667 (+/-2.559676).
P1: N=15, mean=19.133333 (+/-3.95646).
P2: N=15, mean=19 (+/-3.389358).
=====================================================
=====================================================
Completed 40 games.

Agent 1 (SHUCTAnyTime)
Winning score (between 0 and 1) : N=40, mean=0.325 (+/-0.146997).
P1: N=20, mean=0.4 (+/-0.22028).
P2: N=20, mean=0.25 (+/-0.194702).
Game Durations: N=40, mean=18.175 (+/-2.089942).
P1: N=20, mean=17.3 (+/-2.91785).
P2: N=20, mean=19.05 (+/-3.017906).

Agent 2 (SHUCT)
Winning score (between 0 and 1) : N=40, mean=0.675 (+/-0.146997).
P1: N=20, mean=0.75 (+/-0.194702).
P2: N=20, mean=0.6 (+/-0.22028).
Game Durations: N=40, mean=18.175 (+/-2.089942).
P1: N=20, mean=19.05 (+/-3.017906).
P2: N=20, mean=17.3 (+/-2.91785).
=====================================================
=====================================================
Completed 50 games.

Agent 1 (SHUCTAnyTime)
Winning score (between 0 and 1) : N=50, mean=0.32 (+/-0.130611).
P1: N=25, mean=0.32 (+/-0.186626).
P2: N=25, mean=0.32 (+/-0.186626).
Game Durations: N=50, mean=18.3 (+/-1.882636).
P1: N=25, mean=18.08 (+/-2.634233).
P2: N=25, mean=18.52 (+/-2.74189).

Agent 2 (SHUCT)
Winning score (between 0 and 1) : N=50, mean=0.68 (+/-0.130611).
P1: N=25, mean=0.68 (+/-0.186626).
P2: N=25, mean=0.68 (+/-0.186626).
Game Durations: N=50, mean=18.3 (+/-1.882636).
P1: N=25, mean=18.52 (+/-2.74189).
P2: N=25, mean=18.08 (+/-2.634233).
=====================================================
=====================================================
Completed 60 games.

Agent 1 (SHUCTAnyTime)
Winning score (between 0 and 1) : N=60, mean=0.366667 (+/-0.122963).
P1: N=30, mean=0.4 (+/-0.178301).
P2: N=30, mean=0.333333 (+/-0.17157).
Game Durations: N=60, mean=18.733333 (+/-1.628443).
P1: N=30, mean=18.6 (+/-2.333481).
P2: N=30, mean=18.866667 (+/-2.310918).

Agent 2 (SHUCT)
Winning score (between 0 and 1) : N=60, mean=0.633333 (+/-0.122963).
P1: N=30, mean=0.666667 (+/-0.17157).
P2: N=30, mean=0.6 (+/-0.178301).
Game Durations: N=60, mean=18.733333 (+/-1.628443).
P1: N=30, mean=18.866667 (+/-2.310918).
P2: N=30, mean=18.6 (+/-2.333481).
=====================================================
=====================================================
Completed 70 games.

Agent 1 (SHUCTAnyTime)
Winning score (between 0 and 1) : N=70, mean=0.342857 (+/-0.111998).
P1: N=35, mean=0.4 (+/-0.16467).
P2: N=35, mean=0.285714 (+/-0.151848).
Game Durations: N=70, mean=19.328571 (+/-1.598173).
P1: N=35, mean=19.485714 (+/-2.218564).
P2: N=35, mean=19.171429 (+/-2.332223).

Agent 2 (SHUCT)
Winning score (between 0 and 1) : N=70, mean=0.657143 (+/-0.111998).
P1: N=35, mean=0.714286 (+/-0.151848).
P2: N=35, mean=0.6 (+/-0.16467).
Game Durations: N=70, mean=19.328571 (+/-1.598173).
P1: N=35, mean=19.171429 (+/-2.332223).
P2: N=35, mean=19.485714 (+/-2.218564).
=====================================================
=====================================================
Completed 80 games.

Agent 1 (SHUCTAnyTime)
Winning score (between 0 and 1) : N=80, mean=0.35 (+/-0.105178).
P1: N=40, mean=0.4 (+/-0.153752).
P2: N=40, mean=0.3 (+/-0.143822).
Game Durations: N=80, mean=19.1 (+/-1.524411).
P1: N=40, mean=18.9 (+/-2.162798).
P2: N=40, mean=19.3 (+/-2.174607).

Agent 2 (SHUCT)
Winning score (between 0 and 1) : N=80, mean=0.65 (+/-0.105178).
P1: N=40, mean=0.7 (+/-0.143822).
P2: N=40, mean=0.6 (+/-0.153752).
Game Durations: N=80, mean=19.1 (+/-1.524411).
P1: N=40, mean=19.3 (+/-2.174607).
P2: N=40, mean=18.9 (+/-2.162798).
=====================================================
=====================================================
Completed 90 games.

Agent 1 (SHUCTAnyTime)
Winning score (between 0 and 1) : N=90, mean=0.333333 (+/-0.097937).
P1: N=45, mean=0.377778 (+/-0.143256).
P2: N=45, mean=0.288889 (+/-0.133923).
Game Durations: N=90, mean=19.122222 (+/-1.51211).
P1: N=45, mean=19.577778 (+/-2.272141).
P2: N=45, mean=18.666667 (+/-2.012704).

Agent 2 (SHUCT)
Winning score (between 0 and 1) : N=90, mean=0.666667 (+/-0.097937).
P1: N=45, mean=0.711111 (+/-0.133923).
P2: N=45, mean=0.622222 (+/-0.143256).
Game Durations: N=90, mean=19.122222 (+/-1.51211).
P1: N=45, mean=18.666667 (+/-2.012704).
P2: N=45, mean=19.577778 (+/-2.272141).
=====================================================
=====================================================
Completed 100 games.

Agent 1 (SHUCTAnyTime)
Winning score (between 0 and 1) : N=100, mean=0.32 (+/-0.091888).
P1: N=50, mean=0.38 (+/-0.135905).
P2: N=50, mean=0.26 (+/-0.122815).
Game Durations: N=100, mean=18.96 (+/-1.410027).
P1: N=50, mean=19.34 (+/-2.097238).
P2: N=50, mean=18.58 (+/-1.900738).

Agent 2 (SHUCT)
Winning score (between 0 and 1) : N=100, mean=0.68 (+/-0.091888).
P1: N=50, mean=0.74 (+/-0.122815).
P2: N=50, mean=0.62 (+/-0.135905).
Game Durations: N=100, mean=18.96 (+/-1.410027).
P1: N=50, mean=18.58 (+/-1.900738).
P2: N=50, mean=19.34 (+/-2.097238).
=====================================================
=====================================================
Completed 110 games.

Agent 1 (SHUCTAnyTime)
Winning score (between 0 and 1) : N=110, mean=0.327273 (+/-0.088086).
P1: N=55, mean=0.4 (+/-0.130664).
P2: N=55, mean=0.254545 (+/-0.116183).
Game Durations: N=110, mean=19.172727 (+/-1.338475).
P1: N=55, mean=19.454545 (+/-1.986063).
P2: N=55, mean=18.890909 (+/-1.810157).

Agent 2 (SHUCT)
Winning score (between 0 and 1) : N=110, mean=0.672727 (+/-0.088086).
P1: N=55, mean=0.745455 (+/-0.116183).
P2: N=55, mean=0.6 (+/-0.130664).
Game Durations: N=110, mean=19.172727 (+/-1.338475).
P1: N=55, mean=18.890909 (+/-1.810157).
P2: N=55, mean=19.454545 (+/-1.986063).
=====================================================
=====================================================
Completed 120 games.

Agent 1 (SHUCTAnyTime)
Winning score (between 0 and 1) : N=120, mean=0.325 (+/-0.084153).
P1: N=60, mean=0.4 (+/-0.125005).
P2: N=60, mean=0.25 (+/-0.11049).
Game Durations: N=120, mean=19.275 (+/-1.285391).
P1: N=60, mean=19.8 (+/-1.905384).
P2: N=60, mean=18.75 (+/-1.731632).

Agent 2 (SHUCT)
Winning score (between 0 and 1) : N=120, mean=0.675 (+/-0.084153).
P1: N=60, mean=0.75 (+/-0.11049).
P2: N=60, mean=0.6 (+/-0.125005).
Game Durations: N=120, mean=19.275 (+/-1.285391).
P1: N=60, mean=18.75 (+/-1.731632).
P2: N=60, mean=19.8 (+/-1.905384).
=====================================================
=====================================================
Completed 130 games.

Agent 1 (SHUCTAnyTime)
Winning score (between 0 and 1) : N=130, mean=0.307692 (+/-0.079645).
P1: N=65, mean=0.384615 (+/-0.119191).
P2: N=65, mean=0.230769 (+/-0.103223).
Game Durations: N=130, mean=19.3 (+/-1.226519).
P1: N=65, mean=19.769231 (+/-1.828719).
P2: N=65, mean=18.830769 (+/-1.641266).

Agent 2 (SHUCT)
Winning score (between 0 and 1) : N=130, mean=0.692308 (+/-0.079645).
P1: N=65, mean=0.769231 (+/-0.103223).
P2: N=65, mean=0.615385 (+/-0.119191).
Game Durations: N=130, mean=19.3 (+/-1.226519).
P1: N=65, mean=18.830769 (+/-1.641266).
P2: N=65, mean=19.769231 (+/-1.828719).
=====================================================
=====================================================
Completed 140 games.

Agent 1 (SHUCTAnyTime)
Winning score (between 0 and 1) : N=140, mean=0.328571 (+/-0.078083).
P1: N=70, mean=0.4 (+/-0.115592).
P2: N=70, mean=0.257143 (+/-0.103125).
Game Durations: N=140, mean=19.185714 (+/-1.192774).
P1: N=70, mean=19.428571 (+/-1.803391).
P2: N=70, mean=18.942857 (+/-1.572671).

Agent 2 (SHUCT)
Winning score (between 0 and 1) : N=140, mean=0.671429 (+/-0.078083).
P1: N=70, mean=0.742857 (+/-0.103125).
P2: N=70, mean=0.6 (+/-0.115592).
Game Durations: N=140, mean=19.185714 (+/-1.192774).
P1: N=70, mean=18.942857 (+/-1.572671).
P2: N=70, mean=19.428571 (+/-1.803391).
=====================================================
=====================================================
Completed 150 games.

Agent 1 (SHUCTAnyTime)
Winning score (between 0 and 1) : N=150, mean=0.333333 (+/-0.075692).
P1: N=75, mean=0.4 (+/-0.111619).
P2: N=75, mean=0.266667 (+/-0.100755).
Game Durations: N=150, mean=19.166667 (+/-1.13695).
P1: N=75, mean=19.2 (+/-1.718348).
P2: N=75, mean=19.133333 (+/-1.500908).

Agent 2 (SHUCT)
Winning score (between 0 and 1) : N=150, mean=0.666667 (+/-0.075692).
P1: N=75, mean=0.733333 (+/-0.100755).
P2: N=75, mean=0.6 (+/-0.111619).
Game Durations: N=150, mean=19.166667 (+/-1.13695).
P1: N=75, mean=19.133333 (+/-1.500908).
P2: N=75, mean=19.2 (+/-1.718348).
=====================================================
