Warming up...
Finished warming up!
=====================================================
Completed 1 games.

Agent 1 (SHUCTAnyTime)
Winning score (between 0 and 1) : N=1, mean=1 (+/-0).
P1: N=0, mean=0 (+/-0).
P2: N=1, mean=1 (+/-0).
Game Durations: N=1, mean=40 (+/-0).
P1: N=0, mean=0 (+/-0).
P2: N=1, mean=40 (+/-0).

Agent 2 (SHUCT)
Winning score (between 0 and 1) : N=1, mean=0 (+/-0).
P1: N=1, mean=0 (+/-0).
P2: N=0, mean=0 (+/-0).
Game Durations: N=1, mean=40 (+/-0).
P1: N=1, mean=40 (+/-0).
P2: N=0, mean=0 (+/-0).
=====================================================
=====================================================
Completed 2 games.

Agent 1 (SHUCTAnyTime)
Winning score (between 0 and 1) : N=2, mean=1 (+/-0).
P1: N=1, mean=1 (+/-0).
P2: N=1, mean=1 (+/-0).
Game Durations: N=2, mean=26.5 (+/-26.45946).
P1: N=1, mean=13 (+/-0).
P2: N=1, mean=40 (+/-0).

Agent 2 (SHUCT)
Winning score (between 0 and 1) : N=2, mean=0 (+/-0).
P1: N=1, mean=0 (+/-0).
P2: N=1, mean=0 (+/-0).
Game Durations: N=2, mean=26.5 (+/-26.45946).
P1: N=1, mean=40 (+/-0).
P2: N=1, mean=13 (+/-0).
=====================================================
=====================================================
Completed 3 games.

Agent 1 (SHUCTAnyTime)
Winning score (between 0 and 1) : N=3, mean=0.666667 (+/-0.65332).
P1: N=1, mean=1 (+/-0).
P2: N=2, mean=0.5 (+/-0.97998).
Game Durations: N=3, mean=29.333333 (+/-16.254413).
P1: N=1, mean=13 (+/-0).
P2: N=2, mean=37.5 (+/-4.8999).

Agent 2 (SHUCT)
Winning score (between 0 and 1) : N=3, mean=0.333333 (+/-0.65332).
P1: N=2, mean=0.5 (+/-0.97998).
P2: N=1, mean=0 (+/-0).
Game Durations: N=3, mean=29.333333 (+/-16.254413).
P1: N=2, mean=37.5 (+/-4.8999).
P2: N=1, mean=13 (+/-0).
=====================================================
=====================================================
Completed 4 games.

Agent 1 (SHUCTAnyTime)
Winning score (between 0 and 1) : N=4, mean=0.75 (+/-0.48999).
P1: N=2, mean=1 (+/-0).
P2: N=2, mean=0.5 (+/-0.97998).
Game Durations: N=4, mean=26.75 (+/-12.559429).
P1: N=2, mean=16 (+/-5.87988).
P2: N=2, mean=37.5 (+/-4.8999).

Agent 2 (SHUCT)
Winning score (between 0 and 1) : N=4, mean=0.25 (+/-0.48999).
P1: N=2, mean=0.5 (+/-0.97998).
P2: N=2, mean=0 (+/-0).
Game Durations: N=4, mean=26.75 (+/-12.559429).
P1: N=2, mean=37.5 (+/-4.8999).
P2: N=2, mean=16 (+/-5.87988).
=====================================================
=====================================================
Completed 5 games.

Agent 1 (SHUCTAnyTime)
Winning score (between 0 and 1) : N=5, mean=0.6 (+/-0.48009).
P1: N=2, mean=1 (+/-0).
P2: N=3, mean=0.333333 (+/-0.65332).
Game Durations: N=5, mean=22.8 (+/-12.433007).
P1: N=2, mean=16 (+/-5.87988).
P2: N=3, mean=27.333333 (+/-20.126074).

Agent 2 (SHUCT)
Winning score (between 0 and 1) : N=5, mean=0.4 (+/-0.48009).
P1: N=3, mean=0.666667 (+/-0.65332).
P2: N=2, mean=0 (+/-0).
Game Durations: N=5, mean=22.8 (+/-12.433007).
P1: N=3, mean=27.333333 (+/-20.126074).
P2: N=2, mean=16 (+/-5.87988).
=====================================================
=====================================================
Completed 10 games.

Agent 1 (SHUCTAnyTime)
Winning score (between 0 and 1) : N=10, mean=0.4 (+/-0.32006).
P1: N=5, mean=0.4 (+/-0.48009).
P2: N=5, mean=0.4 (+/-0.48009).
Game Durations: N=10, mean=24.1 (+/-6.69103).
P1: N=5, mean=22 (+/-8.057319).
P2: N=5, mean=26.2 (+/-11.316966).

Agent 2 (SHUCT)
Winning score (between 0 and 1) : N=10, mean=0.6 (+/-0.32006).
P1: N=5, mean=0.6 (+/-0.48009).
P2: N=5, mean=0.6 (+/-0.48009).
Game Durations: N=10, mean=24.1 (+/-6.69103).
P1: N=5, mean=26.2 (+/-11.316966).
P2: N=5, mean=22 (+/-8.057319).
=====================================================
=====================================================
Completed 20 games.

Agent 1 (SHUCTAnyTime)
Winning score (between 0 and 1) : N=20, mean=0.5 (+/-0.224823).
P1: N=10, mean=0.5 (+/-0.32666).
P2: N=10, mean=0.5 (+/-0.32666).
Game Durations: N=20, mean=22.1 (+/-4.756265).
P1: N=10, mean=22.7 (+/-6.507343).
P2: N=10, mean=21.5 (+/-7.270662).

Agent 2 (SHUCT)
Winning score (between 0 and 1) : N=20, mean=0.5 (+/-0.224823).
P1: N=10, mean=0.5 (+/-0.32666).
P2: N=10, mean=0.5 (+/-0.32666).
Game Durations: N=20, mean=22.1 (+/-4.756265).
P1: N=10, mean=21.5 (+/-7.270662).
P2: N=10, mean=22.7 (+/-6.507343).
=====================================================
=====================================================
Completed 30 games.

Agent 1 (SHUCTAnyTime)
Winning score (between 0 and 1) : N=30, mean=0.366667 (+/-0.175388).
P1: N=15, mean=0.4 (+/-0.256619).
P2: N=15, mean=0.333333 (+/-0.246932).
Game Durations: N=30, mean=21.333333 (+/-3.397784).
P1: N=15, mean=21.066667 (+/-4.512032).
P2: N=15, mean=21.6 (+/-5.237515).

Agent 2 (SHUCT)
Winning score (between 0 and 1) : N=30, mean=0.633333 (+/-0.175388).
P1: N=15, mean=0.666667 (+/-0.246932).
P2: N=15, mean=0.6 (+/-0.256619).
Game Durations: N=30, mean=21.333333 (+/-3.397784).
P1: N=15, mean=21.6 (+/-5.237515).
P2: N=15, mean=21.066667 (+/-4.512032).
=====================================================
=====================================================
Completed 40 games.

Agent 1 (SHUCTAnyTime)
Winning score (between 0 and 1) : N=40, mean=0.375 (+/-0.151939).
P1: N=20, mean=0.4 (+/-0.22028).
P2: N=20, mean=0.35 (+/-0.214467).
Game Durations: N=40, mean=20.425 (+/-2.878906).
P1: N=20, mean=20.7 (+/-3.93305).
P2: N=20, mean=20.15 (+/-4.30411).

Agent 2 (SHUCT)
Winning score (between 0 and 1) : N=40, mean=0.625 (+/-0.151939).
P1: N=20, mean=0.65 (+/-0.214467).
P2: N=20, mean=0.6 (+/-0.22028).
Game Durations: N=40, mean=20.425 (+/-2.878906).
P1: N=20, mean=20.15 (+/-4.30411).
P2: N=20, mean=20.7 (+/-3.93305).
=====================================================
=====================================================
Completed 50 games.

Agent 1 (SHUCTAnyTime)
Winning score (between 0 and 1) : N=50, mean=0.36 (+/-0.134397).
P1: N=25, mean=0.32 (+/-0.186626).
P2: N=25, mean=0.4 (+/-0.195996).
Game Durations: N=50, mean=19.66 (+/-2.592094).
P1: N=25, mean=18.96 (+/-3.528799).
P2: N=25, mean=20.36 (+/-3.850511).

Agent 2 (SHUCT)
Winning score (between 0 and 1) : N=50, mean=0.64 (+/-0.134397).
P1: N=25, mean=0.6 (+/-0.195996).
P2: N=25, mean=0.68 (+/-0.186626).
Game Durations: N=50, mean=19.66 (+/-2.592094).
P1: N=25, mean=20.36 (+/-3.850511).
P2: N=25, mean=18.96 (+/-3.528799).
=====================================================
=====================================================
Completed 60 games.

Agent 1 (SHUCTAnyTime)
Winning score (between 0 and 1) : N=60, mean=0.316667 (+/-0.118697).
P1: N=30, mean=0.3 (+/-0.166785).
P2: N=30, mean=0.333333 (+/-0.17157).
Game Durations: N=60, mean=19.35 (+/-2.246721).
P1: N=30, mean=18.9 (+/-3.057153).
P2: N=30, mean=19.8 (+/-3.337559).

Agent 2 (SHUCT)
Winning score (between 0 and 1) : N=60, mean=0.683333 (+/-0.118697).
P1: N=30, mean=0.666667 (+/-0.17157).
P2: N=30, mean=0.7 (+/-0.166785).
Game Durations: N=60, mean=19.35 (+/-2.246721).
P1: N=30, mean=19.8 (+/-3.337559).
P2: N=30, mean=18.9 (+/-3.057153).
=====================================================
=====================================================
Completed 70 games.

Agent 1 (SHUCTAnyTime)
Winning score (between 0 and 1) : N=70, mean=0.3 (+/-0.108127).
P1: N=35, mean=0.285714 (+/-0.151848).
P2: N=35, mean=0.314286 (+/-0.156042).
Game Durations: N=70, mean=18.685714 (+/-2.003124).
P1: N=35, mean=17.942857 (+/-2.768239).
P2: N=35, mean=19.428571 (+/-2.915169).

Agent 2 (SHUCT)
Winning score (between 0 and 1) : N=70, mean=0.7 (+/-0.108127).
P1: N=35, mean=0.685714 (+/-0.156042).
P2: N=35, mean=0.714286 (+/-0.151848).
Game Durations: N=70, mean=18.685714 (+/-2.003124).
P1: N=35, mean=19.428571 (+/-2.915169).
P2: N=35, mean=17.942857 (+/-2.768239).
=====================================================
=====================================================
Completed 80 games.

Agent 1 (SHUCTAnyTime)
Winning score (between 0 and 1) : N=80, mean=0.325 (+/-0.103283).
P1: N=40, mean=0.3 (+/-0.143822).
P2: N=40, mean=0.35 (+/-0.149694).
Game Durations: N=80, mean=18.15 (+/-1.810388).
P1: N=40, mean=17.35 (+/-2.492597).
P2: N=40, mean=18.95 (+/-2.634194).

Agent 2 (SHUCT)
Winning score (between 0 and 1) : N=80, mean=0.675 (+/-0.103283).
P1: N=40, mean=0.65 (+/-0.149694).
P2: N=40, mean=0.7 (+/-0.143822).
Game Durations: N=80, mean=18.15 (+/-1.810388).
P1: N=40, mean=18.95 (+/-2.634194).
P2: N=40, mean=17.35 (+/-2.492597).
=====================================================
=====================================================
Completed 90 games.

Agent 1 (SHUCTAnyTime)
Winning score (between 0 and 1) : N=90, mean=0.322222 (+/-0.09709).
P1: N=45, mean=0.288889 (+/-0.133923).
P2: N=45, mean=0.355556 (+/-0.141438).
Game Durations: N=90, mean=17.466667 (+/-1.682747).
P1: N=45, mean=16.955556 (+/-2.276804).
P2: N=45, mean=17.977778 (+/-2.495158).

Agent 2 (SHUCT)
Winning score (between 0 and 1) : N=90, mean=0.677778 (+/-0.09709).
P1: N=45, mean=0.644444 (+/-0.141438).
P2: N=45, mean=0.711111 (+/-0.133923).
Game Durations: N=90, mean=17.466667 (+/-1.682747).
P1: N=45, mean=17.977778 (+/-2.495158).
P2: N=45, mean=16.955556 (+/-2.276804).
=====================================================
=====================================================
Completed 100 games.

Agent 1 (SHUCTAnyTime)
Winning score (between 0 and 1) : N=100, mean=0.34 (+/-0.093313).
P1: N=50, mean=0.32 (+/-0.130611).
P2: N=50, mean=0.36 (+/-0.134397).
Game Durations: N=100, mean=18.04 (+/-1.647592).
P1: N=50, mean=17.68 (+/-2.355576).
P2: N=50, mean=18.4 (+/-2.323784).

Agent 2 (SHUCT)
Winning score (between 0 and 1) : N=100, mean=0.66 (+/-0.093313).
P1: N=50, mean=0.64 (+/-0.134397).
P2: N=50, mean=0.68 (+/-0.130611).
Game Durations: N=100, mean=18.04 (+/-1.647592).
P1: N=50, mean=18.4 (+/-2.323784).
P2: N=50, mean=17.68 (+/-2.355576).
=====================================================
=====================================================
Completed 110 games.

Agent 1 (SHUCTAnyTime)
Winning score (between 0 and 1) : N=110, mean=0.354545 (+/-0.089805).
P1: N=55, mean=0.345455 (+/-0.126828).
P2: N=55, mean=0.363636 (+/-0.128303).
Game Durations: N=110, mean=18.436364 (+/-1.567504).
P1: N=55, mean=18.381818 (+/-2.262876).
P2: N=55, mean=18.490909 (+/-2.190489).

Agent 2 (SHUCT)
Winning score (between 0 and 1) : N=110, mean=0.645455 (+/-0.089805).
P1: N=55, mean=0.636364 (+/-0.128303).
P2: N=55, mean=0.654545 (+/-0.126828).
Game Durations: N=110, mean=18.436364 (+/-1.567504).
P1: N=55, mean=18.490909 (+/-2.190489).
P2: N=55, mean=18.381818 (+/-2.262876).
=====================================================
=====================================================
Completed 120 games.

Agent 1 (SHUCTAnyTime)
Winning score (between 0 and 1) : N=120, mean=0.341667 (+/-0.085211).
P1: N=60, mean=0.35 (+/-0.121706).
P2: N=60, mean=0.333333 (+/-0.120286).
Game Durations: N=120, mean=19.075 (+/-1.666049).
P1: N=60, mean=18.883333 (+/-2.303606).
P2: N=60, mean=19.266667 (+/-2.426022).

Agent 2 (SHUCT)
Winning score (between 0 and 1) : N=120, mean=0.658333 (+/-0.085211).
P1: N=60, mean=0.666667 (+/-0.120286).
P2: N=60, mean=0.65 (+/-0.121706).
Game Durations: N=120, mean=19.075 (+/-1.666049).
P1: N=60, mean=19.266667 (+/-2.426022).
P2: N=60, mean=18.883333 (+/-2.303606).
=====================================================
=====================================================
Completed 130 games.

Agent 1 (SHUCTAnyTime)
Winning score (between 0 and 1) : N=130, mean=0.346154 (+/-0.082097).
P1: N=65, mean=0.353846 (+/-0.117147).
P2: N=65, mean=0.338462 (+/-0.115928).
Game Durations: N=130, mean=19.076923 (+/-1.549335).
P1: N=65, mean=19 (+/-2.152613).
P2: N=65, mean=19.153846 (+/-2.245511).

Agent 2 (SHUCT)
Winning score (between 0 and 1) : N=130, mean=0.653846 (+/-0.082097).
P1: N=65, mean=0.661538 (+/-0.115928).
P2: N=65, mean=0.646154 (+/-0.117147).
Game Durations: N=130, mean=19.076923 (+/-1.549335).
P1: N=65, mean=19.153846 (+/-2.245511).
P2: N=65, mean=19 (+/-2.152613).
=====================================================
=====================================================
Completed 140 games.

Agent 1 (SHUCTAnyTime)
Winning score (between 0 and 1) : N=140, mean=0.335714 (+/-0.078506).
P1: N=70, mean=0.357143 (+/-0.113058).
P2: N=70, mean=0.314286 (+/-0.109536).
Game Durations: N=140, mean=19.292857 (+/-1.561192).
P1: N=70, mean=18.7 (+/-2.041978).
P2: N=70, mean=19.885714 (+/-2.36878).

Agent 2 (SHUCT)
Winning score (between 0 and 1) : N=140, mean=0.664286 (+/-0.078506).
P1: N=70, mean=0.685714 (+/-0.109536).
P2: N=70, mean=0.642857 (+/-0.113058).
Game Durations: N=140, mean=19.292857 (+/-1.561192).
P1: N=70, mean=19.885714 (+/-2.36878).
P2: N=70, mean=18.7 (+/-2.041978).
=====================================================
=====================================================
Completed 150 games.

Agent 1 (SHUCTAnyTime)
Winning score (between 0 and 1) : N=150, mean=0.333333 (+/-0.075692).
P1: N=75, mean=0.346667 (+/-0.108431).
P2: N=75, mean=0.32 (+/-0.106282).
Game Durations: N=150, mean=19.3 (+/-1.477878).
P1: N=75, mean=18.586667 (+/-1.923995).
P2: N=75, mean=20.013333 (+/-2.245202).

Agent 2 (SHUCT)
Winning score (between 0 and 1) : N=150, mean=0.666667 (+/-0.075692).
P1: N=75, mean=0.68 (+/-0.106282).
P2: N=75, mean=0.653333 (+/-0.108431).
Game Durations: N=150, mean=19.3 (+/-1.477878).
P1: N=75, mean=20.013333 (+/-2.245202).
P2: N=75, mean=18.586667 (+/-1.923995).
=====================================================
