Warming up...
Finished warming up!
=====================================================
Completed 1 games.

Agent 1 (SHUCTAnyTime)
Winning score (between 0 and 1) : N=1, mean=0 (+/-0).
P1: N=0, mean=0 (+/-0).
P2: N=1, mean=0 (+/-0).
Game Durations: N=1, mean=55 (+/-0).
P1: N=0, mean=0 (+/-0).
P2: N=1, mean=55 (+/-0).

Agent 2 (SHUCT)
Winning score (between 0 and 1) : N=1, mean=1 (+/-0).
P1: N=1, mean=1 (+/-0).
P2: N=0, mean=0 (+/-0).
Game Durations: N=1, mean=55 (+/-0).
P1: N=1, mean=55 (+/-0).
P2: N=0, mean=0 (+/-0).
=====================================================
=====================================================
Completed 2 games.

Agent 1 (SHUCTAnyTime)
Winning score (between 0 and 1) : N=2, mean=0.5 (+/-0.97998).
P1: N=1, mean=1 (+/-0).
P2: N=1, mean=0 (+/-0).
Game Durations: N=2, mean=33 (+/-43.11912).
P1: N=1, mean=11 (+/-0).
P2: N=1, mean=55 (+/-0).

Agent 2 (SHUCT)
Winning score (between 0 and 1) : N=2, mean=0.5 (+/-0.97998).
P1: N=1, mean=1 (+/-0).
P2: N=1, mean=0 (+/-0).
Game Durations: N=2, mean=33 (+/-43.11912).
P1: N=1, mean=55 (+/-0).
P2: N=1, mean=11 (+/-0).
=====================================================
=====================================================
Completed 3 games.

Agent 1 (SHUCTAnyTime)
Winning score (between 0 and 1) : N=3, mean=0.666667 (+/-0.65332).
P1: N=1, mean=1 (+/-0).
P2: N=2, mean=0.5 (+/-0.97998).
Game Durations: N=3, mean=26.666667 (+/-27.817933).
P1: N=1, mean=11 (+/-0).
P2: N=2, mean=34.5 (+/-40.17918).

Agent 2 (SHUCT)
Winning score (between 0 and 1) : N=3, mean=0.333333 (+/-0.65332).
P1: N=2, mean=0.5 (+/-0.97998).
P2: N=1, mean=0 (+/-0).
Game Durations: N=3, mean=26.666667 (+/-27.817933).
P1: N=2, mean=34.5 (+/-40.17918).
P2: N=1, mean=11 (+/-0).
=====================================================
=====================================================
Completed 4 games.

Agent 1 (SHUCTAnyTime)
Winning score (between 0 and 1) : N=4, mean=0.75 (+/-0.48999).
P1: N=2, mean=1 (+/-0).
P2: N=2, mean=0.5 (+/-0.97998).
Game Durations: N=4, mean=25.25 (+/-19.865253).
P1: N=2, mean=16 (+/-9.7998).
P2: N=2, mean=34.5 (+/-40.17918).

Agent 2 (SHUCT)
Winning score (between 0 and 1) : N=4, mean=0.25 (+/-0.48999).
P1: N=2, mean=0.5 (+/-0.97998).
P2: N=2, mean=0 (+/-0).
Game Durations: N=4, mean=25.25 (+/-19.865253).
P1: N=2, mean=34.5 (+/-40.17918).
P2: N=2, mean=16 (+/-9.7998).
=====================================================
=====================================================
Completed 5 games.

Agent 1 (SHUCTAnyTime)
Winning score (between 0 and 1) : N=5, mean=0.6 (+/-0.48009).
P1: N=2, mean=1 (+/-0).
P2: N=3, mean=0.333333 (+/-0.65332).
Game Durations: N=5, mean=26.4 (+/-15.551761).
P1: N=2, mean=16 (+/-9.7998).
P2: N=3, mean=33.333333 (+/-23.309886).

Agent 2 (SHUCT)
Winning score (between 0 and 1) : N=5, mean=0.4 (+/-0.48009).
P1: N=3, mean=0.666667 (+/-0.65332).
P2: N=2, mean=0 (+/-0).
Game Durations: N=5, mean=26.4 (+/-15.551761).
P1: N=3, mean=33.333333 (+/-23.309886).
P2: N=2, mean=16 (+/-9.7998).
=====================================================
=====================================================
Completed 10 games.

Agent 1 (SHUCTAnyTime)
Winning score (between 0 and 1) : N=10, mean=0.4 (+/-0.32006).
P1: N=5, mean=0.6 (+/-0.48009).
P2: N=5, mean=0.2 (+/-0.391992).
Game Durations: N=10, mean=18.5 (+/-9.100867).
P1: N=5, mean=13.4 (+/-4.662893).
P2: N=5, mean=23.6 (+/-17.349798).

Agent 2 (SHUCT)
Winning score (between 0 and 1) : N=10, mean=0.6 (+/-0.32006).
P1: N=5, mean=0.8 (+/-0.391992).
P2: N=5, mean=0.4 (+/-0.48009).
Game Durations: N=10, mean=18.5 (+/-9.100867).
P1: N=5, mean=23.6 (+/-17.349798).
P2: N=5, mean=13.4 (+/-4.662893).
=====================================================
=====================================================
Completed 20 games.

Agent 1 (SHUCTAnyTime)
Winning score (between 0 and 1) : N=20, mean=0.35 (+/-0.214467).
P1: N=10, mean=0.6 (+/-0.32006).
P2: N=10, mean=0.1 (+/-0.195996).
Game Durations: N=20, mean=17.95 (+/-5.149326).
P1: N=10, mean=17.2 (+/-5.224926).
P2: N=10, mean=18.7 (+/-9.174669).

Agent 2 (SHUCT)
Winning score (between 0 and 1) : N=20, mean=0.65 (+/-0.214467).
P1: N=10, mean=0.9 (+/-0.195996).
P2: N=10, mean=0.4 (+/-0.32006).
Game Durations: N=20, mean=17.95 (+/-5.149326).
P1: N=10, mean=18.7 (+/-9.174669).
P2: N=10, mean=17.2 (+/-5.224926).
=====================================================
=====================================================
Completed 30 games.

Agent 1 (SHUCTAnyTime)
Winning score (between 0 and 1) : N=30, mean=0.5 (+/-0.181978).
P1: N=15, mean=0.6 (+/-0.256619).
P2: N=15, mean=0.4 (+/-0.256619).
Game Durations: N=30, mean=18.2 (+/-3.829208).
P1: N=15, mean=17.266667 (+/-4.78742).
P2: N=15, mean=19.133333 (+/-6.111349).

Agent 2 (SHUCT)
Winning score (between 0 and 1) : N=30, mean=0.5 (+/-0.181978).
P1: N=15, mean=0.6 (+/-0.256619).
P2: N=15, mean=0.4 (+/-0.256619).
Game Durations: N=30, mean=18.2 (+/-3.829208).
P1: N=15, mean=19.133333 (+/-6.111349).
P2: N=15, mean=17.266667 (+/-4.78742).
=====================================================
=====================================================
Completed 40 games.

Agent 1 (SHUCTAnyTime)
Winning score (between 0 and 1) : N=40, mean=0.5 (+/-0.156922).
P1: N=20, mean=0.55 (+/-0.223696).
P2: N=20, mean=0.45 (+/-0.223696).
Game Durations: N=40, mean=18.65 (+/-3.412512).
P1: N=20, mean=17.15 (+/-3.762744).
P2: N=20, mean=20.15 (+/-5.721774).

Agent 2 (SHUCT)
Winning score (between 0 and 1) : N=40, mean=0.5 (+/-0.156922).
P1: N=20, mean=0.55 (+/-0.223696).
P2: N=20, mean=0.45 (+/-0.223696).
Game Durations: N=40, mean=18.65 (+/-3.412512).
P1: N=20, mean=20.15 (+/-5.721774).
P2: N=20, mean=17.15 (+/-3.762744).
=====================================================
=====================================================
Completed 50 games.

Agent 1 (SHUCTAnyTime)
Winning score (between 0 and 1) : N=50, mean=0.44 (+/-0.138986).
P1: N=25, mean=0.48 (+/-0.199877).
P2: N=25, mean=0.4 (+/-0.195996).
Game Durations: N=50, mean=19.14 (+/-3.22517).
P1: N=25, mean=18.08 (+/-3.5603).
P2: N=25, mean=20.2 (+/-5.425704).

Agent 2 (SHUCT)
Winning score (between 0 and 1) : N=50, mean=0.56 (+/-0.138986).
P1: N=25, mean=0.6 (+/-0.195996).
P2: N=25, mean=0.52 (+/-0.199877).
Game Durations: N=50, mean=19.14 (+/-3.22517).
P1: N=25, mean=20.2 (+/-5.425704).
P2: N=25, mean=18.08 (+/-3.5603).
=====================================================
=====================================================
Completed 60 games.

Agent 1 (SHUCTAnyTime)
Winning score (between 0 and 1) : N=60, mean=0.433333 (+/-0.126443).
P1: N=30, mean=0.5 (+/-0.181978).
P2: N=30, mean=0.366667 (+/-0.175388).
Game Durations: N=60, mean=19.8 (+/-3.049125).
P1: N=30, mean=18.7 (+/-3.377995).
P2: N=30, mean=20.9 (+/-5.10866).

Agent 2 (SHUCT)
Winning score (between 0 and 1) : N=60, mean=0.566667 (+/-0.126443).
P1: N=30, mean=0.633333 (+/-0.175388).
P2: N=30, mean=0.5 (+/-0.181978).
Game Durations: N=60, mean=19.8 (+/-3.049125).
P1: N=30, mean=20.9 (+/-5.10866).
P2: N=30, mean=18.7 (+/-3.377995).
=====================================================
=====================================================
Completed 70 games.

Agent 1 (SHUCTAnyTime)
Winning score (between 0 and 1) : N=70, mean=0.428571 (+/-0.116766).
P1: N=35, mean=0.485714 (+/-0.167997).
P2: N=35, mean=0.371429 (+/-0.162414).
Game Durations: N=70, mean=19.442857 (+/-2.673248).
P1: N=35, mean=18.371429 (+/-2.937013).
P2: N=35, mean=20.514286 (+/-4.485526).

Agent 2 (SHUCT)
Winning score (between 0 and 1) : N=70, mean=0.571429 (+/-0.116766).
P1: N=35, mean=0.628571 (+/-0.162414).
P2: N=35, mean=0.514286 (+/-0.167997).
Game Durations: N=70, mean=19.442857 (+/-2.673248).
P1: N=35, mean=20.514286 (+/-4.485526).
P2: N=35, mean=18.371429 (+/-2.937013).
=====================================================
=====================================================
Completed 80 games.

Agent 1 (SHUCTAnyTime)
Winning score (between 0 and 1) : N=80, mean=0.4 (+/-0.108029).
P1: N=40, mean=0.425 (+/-0.155147).
P2: N=40, mean=0.375 (+/-0.151939).
Game Durations: N=80, mean=19.65 (+/-2.413104).
P1: N=40, mean=18.675 (+/-2.666192).
P2: N=40, mean=20.625 (+/-4.036712).

Agent 2 (SHUCT)
Winning score (between 0 and 1) : N=80, mean=0.6 (+/-0.108029).
P1: N=40, mean=0.625 (+/-0.151939).
P2: N=40, mean=0.575 (+/-0.155147).
Game Durations: N=80, mean=19.65 (+/-2.413104).
P1: N=40, mean=20.625 (+/-4.036712).
P2: N=40, mean=18.675 (+/-2.666192).
=====================================================
=====================================================
Completed 90 games.

Agent 1 (SHUCTAnyTime)
Winning score (between 0 and 1) : N=90, mean=0.4 (+/-0.101779).
P1: N=45, mean=0.4 (+/-0.144753).
P2: N=45, mean=0.4 (+/-0.144753).
Game Durations: N=90, mean=19.233333 (+/-2.335757).
P1: N=45, mean=18.044444 (+/-2.461075).
P2: N=45, mean=20.422222 (+/-3.97081).

Agent 2 (SHUCT)
Winning score (between 0 and 1) : N=90, mean=0.6 (+/-0.101779).
P1: N=45, mean=0.6 (+/-0.144753).
P2: N=45, mean=0.6 (+/-0.144753).
Game Durations: N=90, mean=19.233333 (+/-2.335757).
P1: N=45, mean=20.422222 (+/-3.97081).
P2: N=45, mean=18.044444 (+/-2.461075).
=====================================================
=====================================================
Completed 100 games.

Agent 1 (SHUCTAnyTime)
Winning score (between 0 and 1) : N=100, mean=0.43 (+/-0.097522).
P1: N=50, mean=0.44 (+/-0.138986).
P2: N=50, mean=0.42 (+/-0.138194).
Game Durations: N=100, mean=19.33 (+/-2.255448).
P1: N=50, mean=18.56 (+/-2.653401).
P2: N=50, mean=20.1 (+/-3.663648).

Agent 2 (SHUCT)
Winning score (between 0 and 1) : N=100, mean=0.57 (+/-0.097522).
P1: N=50, mean=0.58 (+/-0.138194).
P2: N=50, mean=0.56 (+/-0.138986).
Game Durations: N=100, mean=19.33 (+/-2.255448).
P1: N=50, mean=20.1 (+/-3.663648).
P2: N=50, mean=18.56 (+/-2.653401).
=====================================================
=====================================================
Completed 110 games.

Agent 1 (SHUCTAnyTime)
Winning score (between 0 and 1) : N=110, mean=0.436364 (+/-0.093102).
P1: N=55, mean=0.454545 (+/-0.132806).
P2: N=55, mean=0.418182 (+/-0.131561).
Game Durations: N=110, mean=19.681818 (+/-2.137597).
P1: N=55, mean=18.890909 (+/-2.652908).
P2: N=55, mean=20.472727 (+/-3.36446).

Agent 2 (SHUCT)
Winning score (between 0 and 1) : N=110, mean=0.563636 (+/-0.093102).
P1: N=55, mean=0.581818 (+/-0.131561).
P2: N=55, mean=0.545455 (+/-0.132806).
Game Durations: N=110, mean=19.681818 (+/-2.137597).
P1: N=55, mean=20.472727 (+/-3.36446).
P2: N=55, mean=18.890909 (+/-2.652908).
=====================================================
=====================================================
Completed 120 games.

Agent 1 (SHUCTAnyTime)
Winning score (between 0 and 1) : N=120, mean=0.441667 (+/-0.089221).
P1: N=60, mean=0.466667 (+/-0.127299).
P2: N=60, mean=0.416667 (+/-0.125798).
Game Durations: N=120, mean=19.491667 (+/-1.992358).
P1: N=60, mean=18.433333 (+/-2.485456).
P2: N=60, mean=20.55 (+/-3.112744).

Agent 2 (SHUCT)
Winning score (between 0 and 1) : N=120, mean=0.558333 (+/-0.089221).
P1: N=60, mean=0.583333 (+/-0.125798).
P2: N=60, mean=0.533333 (+/-0.127299).
Game Durations: N=120, mean=19.491667 (+/-1.992358).
P1: N=60, mean=20.55 (+/-3.112744).
P2: N=60, mean=18.433333 (+/-2.485456).
=====================================================
=====================================================
Completed 130 games.

Agent 1 (SHUCTAnyTime)
Winning score (between 0 and 1) : N=130, mean=0.438462 (+/-0.085626).
P1: N=65, mean=0.446154 (+/-0.121785).
P2: N=65, mean=0.430769 (+/-0.121318).
Game Durations: N=130, mean=19.215385 (+/-1.880023).
P1: N=65, mean=18.353846 (+/-2.384406).
P2: N=65, mean=20.076923 (+/-2.910997).

Agent 2 (SHUCT)
Winning score (between 0 and 1) : N=130, mean=0.561538 (+/-0.085626).
P1: N=65, mean=0.569231 (+/-0.121318).
P2: N=65, mean=0.553846 (+/-0.121785).
Game Durations: N=130, mean=19.215385 (+/-1.880023).
P1: N=65, mean=20.076923 (+/-2.910997).
P2: N=65, mean=18.353846 (+/-2.384406).
=====================================================
=====================================================
Completed 140 games.

Agent 1 (SHUCTAnyTime)
Winning score (between 0 and 1) : N=140, mean=0.442857 (+/-0.082576).
P1: N=70, mean=0.442857 (+/-0.117203).
P2: N=70, mean=0.442857 (+/-0.117203).
Game Durations: N=140, mean=19.257143 (+/-1.836884).
P1: N=70, mean=18.157143 (+/-2.266901).
P2: N=70, mean=20.357143 (+/-2.884579).

Agent 2 (SHUCT)
Winning score (between 0 and 1) : N=140, mean=0.557143 (+/-0.082576).
P1: N=70, mean=0.557143 (+/-0.117203).
P2: N=70, mean=0.557143 (+/-0.117203).
Game Durations: N=140, mean=19.257143 (+/-1.836884).
P1: N=70, mean=20.357143 (+/-2.884579).
P2: N=70, mean=18.157143 (+/-2.266901).
=====================================================
=====================================================
Completed 150 games.

Agent 1 (SHUCTAnyTime)
Winning score (between 0 and 1) : N=150, mean=0.453333 (+/-0.079933).
P1: N=75, mean=0.453333 (+/-0.113423).
P2: N=75, mean=0.453333 (+/-0.113423).
Game Durations: N=150, mean=19.073333 (+/-1.74765).
P1: N=75, mean=18.266667 (+/-2.19117).
P2: N=75, mean=19.88 (+/-2.725965).

Agent 2 (SHUCT)
Winning score (between 0 and 1) : N=150, mean=0.546667 (+/-0.079933).
P1: N=75, mean=0.546667 (+/-0.113423).
P2: N=75, mean=0.546667 (+/-0.113423).
Game Durations: N=150, mean=19.073333 (+/-1.74765).
P1: N=75, mean=19.88 (+/-2.725965).
P2: N=75, mean=18.266667 (+/-2.19117).
=====================================================
