Warming up...
Finished warming up!
=====================================================
Completed 1 games.

Agent 1 (SHUCTAnyTime)
Winning score (between 0 and 1) : N=1, mean=1 (+/-0).
P1: N=1, mean=1 (+/-0).
P2: N=0, mean=0 (+/-0).
Game Durations: N=1, mean=27 (+/-0).
P1: N=1, mean=27 (+/-0).
P2: N=0, mean=0 (+/-0).

Agent 2 (SHUCT)
Winning score (between 0 and 1) : N=1, mean=0 (+/-0).
P1: N=0, mean=0 (+/-0).
P2: N=1, mean=0 (+/-0).
Game Durations: N=1, mean=27 (+/-0).
P1: N=0, mean=0 (+/-0).
P2: N=1, mean=27 (+/-0).
=====================================================
=====================================================
Completed 2 games.

Agent 1 (SHUCTAnyTime)
Winning score (between 0 and 1) : N=2, mean=0.5 (+/-0.97998).
P1: N=1, mean=1 (+/-0).
P2: N=1, mean=0 (+/-0).
Game Durations: N=2, mean=36 (+/-17.63964).
P1: N=1, mean=27 (+/-0).
P2: N=1, mean=45 (+/-0).

Agent 2 (SHUCT)
Winning score (between 0 and 1) : N=2, mean=0.5 (+/-0.97998).
P1: N=1, mean=1 (+/-0).
P2: N=1, mean=0 (+/-0).
Game Durations: N=2, mean=36 (+/-17.63964).
P1: N=1, mean=45 (+/-0).
P2: N=1, mean=27 (+/-0).
=====================================================
=====================================================
Completed 3 games.

Agent 1 (SHUCTAnyTime)
Winning score (between 0 and 1) : N=3, mean=0.333333 (+/-0.65332).
P1: N=2, mean=0.5 (+/-0.97998).
P2: N=1, mean=0 (+/-0).
Game Durations: N=3, mean=28 (+/-18.696827).
P1: N=2, mean=19.5 (+/-14.6997).
P2: N=1, mean=45 (+/-0).

Agent 2 (SHUCT)
Winning score (between 0 and 1) : N=3, mean=0.666667 (+/-0.65332).
P1: N=1, mean=1 (+/-0).
P2: N=2, mean=0.5 (+/-0.97998).
Game Durations: N=3, mean=28 (+/-18.696827).
P1: N=1, mean=45 (+/-0).
P2: N=2, mean=19.5 (+/-14.6997).
=====================================================
=====================================================
Completed 4 games.

Agent 1 (SHUCTAnyTime)
Winning score (between 0 and 1) : N=4, mean=0.5 (+/-0.565792).
P1: N=2, mean=0.5 (+/-0.97998).
P2: N=2, mean=0.5 (+/-0.97998).
Game Durations: N=4, mean=28.5 (+/-13.256924).
P1: N=2, mean=19.5 (+/-14.6997).
P2: N=2, mean=37.5 (+/-14.6997).

Agent 2 (SHUCT)
Winning score (between 0 and 1) : N=4, mean=0.5 (+/-0.565792).
P1: N=2, mean=0.5 (+/-0.97998).
P2: N=2, mean=0.5 (+/-0.97998).
Game Durations: N=4, mean=28.5 (+/-13.256924).
P1: N=2, mean=37.5 (+/-14.6997).
P2: N=2, mean=19.5 (+/-14.6997).
=====================================================
=====================================================
Completed 5 games.

Agent 1 (SHUCTAnyTime)
Winning score (between 0 and 1) : N=5, mean=0.6 (+/-0.48009).
P1: N=3, mean=0.666667 (+/-0.65332).
P2: N=2, mean=0.5 (+/-0.97998).
Game Durations: N=5, mean=27 (+/-10.681332).
P1: N=3, mean=20 (+/-8.543268).
P2: N=2, mean=37.5 (+/-14.6997).

Agent 2 (SHUCT)
Winning score (between 0 and 1) : N=5, mean=0.4 (+/-0.48009).
P1: N=2, mean=0.5 (+/-0.97998).
P2: N=3, mean=0.333333 (+/-0.65332).
Game Durations: N=5, mean=27 (+/-10.681332).
P1: N=2, mean=37.5 (+/-14.6997).
P2: N=3, mean=20 (+/-8.543268).
=====================================================
=====================================================
Completed 10 games.

Agent 1 (SHUCTAnyTime)
Winning score (between 0 and 1) : N=10, mean=0.3 (+/-0.299389).
P1: N=5, mean=0.4 (+/-0.48009).
P2: N=5, mean=0.2 (+/-0.391992).
Game Durations: N=10, mean=21.2 (+/-6.413194).
P1: N=5, mean=17.6 (+/-5.632967).
P2: N=5, mean=24.8 (+/-11.333925).

Agent 2 (SHUCT)
Winning score (between 0 and 1) : N=10, mean=0.7 (+/-0.299389).
P1: N=5, mean=0.8 (+/-0.391992).
P2: N=5, mean=0.6 (+/-0.48009).
Game Durations: N=10, mean=21.2 (+/-6.413194).
P1: N=5, mean=24.8 (+/-11.333925).
P2: N=5, mean=17.6 (+/-5.632967).
=====================================================
=====================================================
Completed 20 games.

Agent 1 (SHUCTAnyTime)
Winning score (between 0 and 1) : N=20, mean=0.3 (+/-0.206054).
P1: N=10, mean=0.3 (+/-0.299389).
P2: N=10, mean=0.3 (+/-0.299389).
Game Durations: N=20, mean=20.3 (+/-5.079404).
P1: N=10, mean=19.7 (+/-8.269338).
P2: N=10, mean=20.9 (+/-6.343936).

Agent 2 (SHUCT)
Winning score (between 0 and 1) : N=20, mean=0.7 (+/-0.206054).
P1: N=10, mean=0.7 (+/-0.299389).
P2: N=10, mean=0.7 (+/-0.299389).
Game Durations: N=20, mean=20.3 (+/-5.079404).
P1: N=10, mean=20.9 (+/-6.343936).
P2: N=10, mean=19.7 (+/-8.269338).
=====================================================
=====================================================
Completed 30 games.

Agent 1 (SHUCTAnyTime)
Winning score (between 0 and 1) : N=30, mean=0.333333 (+/-0.17157).
P1: N=15, mean=0.2 (+/-0.209529).
P2: N=15, mean=0.466667 (+/-0.261328).
Game Durations: N=30, mean=20.233333 (+/-3.916182).
P1: N=15, mean=18.733333 (+/-5.639999).
P2: N=15, mean=21.733333 (+/-5.522003).

Agent 2 (SHUCT)
Winning score (between 0 and 1) : N=30, mean=0.666667 (+/-0.17157).
P1: N=15, mean=0.533333 (+/-0.261328).
P2: N=15, mean=0.8 (+/-0.209529).
Game Durations: N=30, mean=20.233333 (+/-3.916182).
P1: N=15, mean=21.733333 (+/-5.522003).
P2: N=15, mean=18.733333 (+/-5.639999).
=====================================================
=====================================================
Completed 40 games.

Agent 1 (SHUCTAnyTime)
Winning score (between 0 and 1) : N=40, mean=0.3 (+/-0.143822).
P1: N=20, mean=0.2 (+/-0.179858).
P2: N=20, mean=0.4 (+/-0.22028).
Game Durations: N=40, mean=21.3 (+/-3.845207).
P1: N=20, mean=20.3 (+/-5.581948).
P2: N=20, mean=22.3 (+/-5.397808).

Agent 2 (SHUCT)
Winning score (between 0 and 1) : N=40, mean=0.7 (+/-0.143822).
P1: N=20, mean=0.6 (+/-0.22028).
P2: N=20, mean=0.8 (+/-0.179858).
Game Durations: N=40, mean=21.3 (+/-3.845207).
P1: N=20, mean=22.3 (+/-5.397808).
P2: N=20, mean=20.3 (+/-5.581948).
=====================================================
=====================================================
Completed 50 games.

Agent 1 (SHUCTAnyTime)
Winning score (between 0 and 1) : N=50, mean=0.28 (+/-0.125717).
P1: N=25, mean=0.2 (+/-0.16003).
P2: N=25, mean=0.36 (+/-0.192036).
Game Durations: N=50, mean=21.14 (+/-3.296811).
P1: N=25, mean=19.4 (+/-4.72834).
P2: N=25, mean=22.88 (+/-4.588595).

Agent 2 (SHUCT)
Winning score (between 0 and 1) : N=50, mean=0.72 (+/-0.125717).
P1: N=25, mean=0.64 (+/-0.192036).
P2: N=25, mean=0.8 (+/-0.16003).
Game Durations: N=50, mean=21.14 (+/-3.296811).
P1: N=25, mean=22.88 (+/-4.588595).
P2: N=25, mean=19.4 (+/-4.72834).
=====================================================
=====================================================
Completed 60 games.

Agent 1 (SHUCTAnyTime)
Winning score (between 0 and 1) : N=60, mean=0.333333 (+/-0.120286).
P1: N=30, mean=0.266667 (+/-0.160947).
P2: N=30, mean=0.4 (+/-0.178301).
Game Durations: N=60, mean=21.333333 (+/-3.055477).
P1: N=30, mean=19.8 (+/-4.405114).
P2: N=30, mean=22.866667 (+/-4.237889).

Agent 2 (SHUCT)
Winning score (between 0 and 1) : N=60, mean=0.666667 (+/-0.120286).
P1: N=30, mean=0.6 (+/-0.178301).
P2: N=30, mean=0.733333 (+/-0.160947).
Game Durations: N=60, mean=21.333333 (+/-3.055477).
P1: N=30, mean=22.866667 (+/-4.237889).
P2: N=30, mean=19.8 (+/-4.405114).
=====================================================
=====================================================
Completed 70 games.

Agent 1 (SHUCTAnyTime)
Winning score (between 0 and 1) : N=70, mean=0.385714 (+/-0.114853).
P1: N=35, mean=0.342857 (+/-0.159549).
P2: N=35, mean=0.428571 (+/-0.166341).
Game Durations: N=70, mean=21.171429 (+/-2.864363).
P1: N=35, mean=19.542857 (+/-4.125624).
P2: N=35, mean=22.8 (+/-3.959903).

Agent 2 (SHUCT)
Winning score (between 0 and 1) : N=70, mean=0.614286 (+/-0.114853).
P1: N=35, mean=0.571429 (+/-0.166341).
P2: N=35, mean=0.657143 (+/-0.159549).
Game Durations: N=70, mean=21.171429 (+/-2.864363).
P1: N=35, mean=22.8 (+/-3.959903).
P2: N=35, mean=19.542857 (+/-4.125624).
=====================================================
=====================================================
Completed 80 games.

Agent 1 (SHUCTAnyTime)
Winning score (between 0 and 1) : N=80, mean=0.3875 (+/-0.107429).
P1: N=40, mean=0.325 (+/-0.146997).
P2: N=40, mean=0.45 (+/-0.156136).
Game Durations: N=80, mean=20.9125 (+/-2.641599).
P1: N=40, mean=19.325 (+/-3.786604).
P2: N=40, mean=22.5 (+/-3.665406).

Agent 2 (SHUCT)
Winning score (between 0 and 1) : N=80, mean=0.6125 (+/-0.107429).
P1: N=40, mean=0.55 (+/-0.156136).
P2: N=40, mean=0.675 (+/-0.146997).
Game Durations: N=80, mean=20.9125 (+/-2.641599).
P1: N=40, mean=22.5 (+/-3.665406).
P2: N=40, mean=19.325 (+/-3.786604).
=====================================================
=====================================================
Completed 90 games.

Agent 1 (SHUCTAnyTime)
Winning score (between 0 and 1) : N=90, mean=0.388889 (+/-0.10128).
P1: N=45, mean=0.355556 (+/-0.141438).
P2: N=45, mean=0.422222 (+/-0.145939).
Game Durations: N=90, mean=21.155556 (+/-2.511637).
P1: N=45, mean=20.4 (+/-3.792327).
P2: N=45, mean=21.911111 (+/-3.32244).

Agent 2 (SHUCT)
Winning score (between 0 and 1) : N=90, mean=0.611111 (+/-0.10128).
P1: N=45, mean=0.577778 (+/-0.145939).
P2: N=45, mean=0.644444 (+/-0.141438).
Game Durations: N=90, mean=21.155556 (+/-2.511637).
P1: N=45, mean=21.911111 (+/-3.32244).
P2: N=45, mean=20.4 (+/-3.792327).
=====================================================
=====================================================
Completed 100 games.

Agent 1 (SHUCTAnyTime)
Winning score (between 0 and 1) : N=100, mean=0.38 (+/-0.095613).
P1: N=50, mean=0.38 (+/-0.135905).
P2: N=50, mean=0.38 (+/-0.135905).
Game Durations: N=100, mean=20.8 (+/-2.295343).
P1: N=50, mean=20.1 (+/-3.429787).
P2: N=50, mean=21.5 (+/-3.07395).

Agent 2 (SHUCT)
Winning score (between 0 and 1) : N=100, mean=0.62 (+/-0.095613).
P1: N=50, mean=0.62 (+/-0.135905).
P2: N=50, mean=0.62 (+/-0.135905).
Game Durations: N=100, mean=20.8 (+/-2.295343).
P1: N=50, mean=21.5 (+/-3.07395).
P2: N=50, mean=20.1 (+/-3.429787).
=====================================================
=====================================================
Completed 110 games.

Agent 1 (SHUCTAnyTime)
Winning score (between 0 and 1) : N=110, mean=0.390909 (+/-0.091604).
P1: N=55, mean=0.4 (+/-0.130664).
P2: N=55, mean=0.381818 (+/-0.12958).
Game Durations: N=110, mean=21.145455 (+/-2.197155).
P1: N=55, mean=20.4 (+/-3.293258).
P2: N=55, mean=21.890909 (+/-2.926457).

Agent 2 (SHUCT)
Winning score (between 0 and 1) : N=110, mean=0.609091 (+/-0.091604).
P1: N=55, mean=0.618182 (+/-0.12958).
P2: N=55, mean=0.6 (+/-0.130664).
Game Durations: N=110, mean=21.145455 (+/-2.197155).
P1: N=55, mean=21.890909 (+/-2.926457).
P2: N=55, mean=20.4 (+/-3.293258).
=====================================================
=====================================================
Completed 120 games.

Agent 1 (SHUCTAnyTime)
Winning score (between 0 and 1) : N=120, mean=0.375 (+/-0.086982).
P1: N=60, mean=0.383333 (+/-0.124061).
P2: N=60, mean=0.366667 (+/-0.122963).
Game Durations: N=120, mean=21.175 (+/-2.053222).
P1: N=60, mean=20.35 (+/-3.08733).
P2: N=60, mean=22 (+/-2.717638).

Agent 2 (SHUCT)
Winning score (between 0 and 1) : N=120, mean=0.625 (+/-0.086982).
P1: N=60, mean=0.633333 (+/-0.122963).
P2: N=60, mean=0.616667 (+/-0.124061).
Game Durations: N=120, mean=21.175 (+/-2.053222).
P1: N=60, mean=22 (+/-2.717638).
P2: N=60, mean=20.35 (+/-3.08733).
=====================================================
=====================================================
Completed 130 games.

Agent 1 (SHUCTAnyTime)
Winning score (between 0 and 1) : N=130, mean=0.384615 (+/-0.083954).
P1: N=65, mean=0.4 (+/-0.120023).
P2: N=65, mean=0.369231 (+/-0.118234).
Game Durations: N=130, mean=21.423077 (+/-1.955381).
P1: N=65, mean=20.307692 (+/-2.882183).
P2: N=65, mean=22.538462 (+/-2.637654).

Agent 2 (SHUCT)
Winning score (between 0 and 1) : N=130, mean=0.615385 (+/-0.083954).
P1: N=65, mean=0.630769 (+/-0.118234).
P2: N=65, mean=0.6 (+/-0.120023).
Game Durations: N=130, mean=21.423077 (+/-1.955381).
P1: N=65, mean=22.538462 (+/-2.637654).
P2: N=65, mean=20.307692 (+/-2.882183).
=====================================================
=====================================================
Completed 140 games.

Agent 1 (SHUCTAnyTime)
Winning score (between 0 and 1) : N=140, mean=0.4 (+/-0.081441).
P1: N=70, mean=0.428571 (+/-0.116766).
P2: N=70, mean=0.371429 (+/-0.114009).
Game Durations: N=140, mean=21.071429 (+/-1.880247).
P1: N=70, mean=20.371429 (+/-2.782733).
P2: N=70, mean=21.771429 (+/-2.538824).

Agent 2 (SHUCT)
Winning score (between 0 and 1) : N=140, mean=0.6 (+/-0.081441).
P1: N=70, mean=0.628571 (+/-0.114009).
P2: N=70, mean=0.571429 (+/-0.116766).
Game Durations: N=140, mean=21.071429 (+/-1.880247).
P1: N=70, mean=21.771429 (+/-2.538824).
P2: N=70, mean=20.371429 (+/-2.782733).
=====================================================
=====================================================
Completed 150 games.

Agent 1 (SHUCTAnyTime)
Winning score (between 0 and 1) : N=150, mean=0.413333 (+/-0.079068).
P1: N=75, mean=0.453333 (+/-0.113423).
P2: N=75, mean=0.373333 (+/-0.110204).
Game Durations: N=150, mean=21.006667 (+/-1.799535).
P1: N=75, mean=20.613333 (+/-2.682178).
P2: N=75, mean=21.4 (+/-2.414682).

Agent 2 (SHUCT)
Winning score (between 0 and 1) : N=150, mean=0.586667 (+/-0.079068).
P1: N=75, mean=0.626667 (+/-0.110204).
P2: N=75, mean=0.546667 (+/-0.113423).
Game Durations: N=150, mean=21.006667 (+/-1.799535).
P1: N=75, mean=21.4 (+/-2.414682).
P2: N=75, mean=20.613333 (+/-2.682178).
=====================================================
