Warming up...
Finished warming up!
=====================================================
Completed 1 games.

Agent 1 (SHUCTAnyTime)
Winning score (between 0 and 1) : N=1, mean=1 (+/-0).
P1: N=0, mean=0 (+/-0).
P2: N=1, mean=1 (+/-0).
Game Durations: N=1, mean=12 (+/-0).
P1: N=0, mean=0 (+/-0).
P2: N=1, mean=12 (+/-0).

Agent 2 (SHUCT)
Winning score (between 0 and 1) : N=1, mean=0 (+/-0).
P1: N=1, mean=0 (+/-0).
P2: N=0, mean=0 (+/-0).
Game Durations: N=1, mean=12 (+/-0).
P1: N=1, mean=12 (+/-0).
P2: N=0, mean=0 (+/-0).
=====================================================
=====================================================
Completed 2 games.

Agent 1 (SHUCTAnyTime)
Winning score (between 0 and 1) : N=2, mean=0.5 (+/-0.97998).
P1: N=1, mean=0 (+/-0).
P2: N=1, mean=1 (+/-0).
Game Durations: N=2, mean=15 (+/-5.87988).
P1: N=1, mean=18 (+/-0).
P2: N=1, mean=12 (+/-0).

Agent 2 (SHUCT)
Winning score (between 0 and 1) : N=2, mean=0.5 (+/-0.97998).
P1: N=1, mean=0 (+/-0).
P2: N=1, mean=1 (+/-0).
Game Durations: N=2, mean=15 (+/-5.87988).
P1: N=1, mean=12 (+/-0).
P2: N=1, mean=18 (+/-0).
=====================================================
=====================================================
Completed 3 games.

Agent 1 (SHUCTAnyTime)
Winning score (between 0 and 1) : N=3, mean=0.666667 (+/-0.65332).
P1: N=1, mean=0 (+/-0).
P2: N=2, mean=1 (+/-0).
Game Durations: N=3, mean=18 (+/-6.789501).
P1: N=1, mean=18 (+/-0).
P2: N=2, mean=18 (+/-11.75976).

Agent 2 (SHUCT)
Winning score (between 0 and 1) : N=3, mean=0.333333 (+/-0.65332).
P1: N=2, mean=0 (+/-0).
P2: N=1, mean=1 (+/-0).
Game Durations: N=3, mean=18 (+/-6.789501).
P1: N=2, mean=18 (+/-11.75976).
P2: N=1, mean=18 (+/-0).
=====================================================
=====================================================
Completed 4 games.

Agent 1 (SHUCTAnyTime)
Winning score (between 0 and 1) : N=4, mean=0.75 (+/-0.48999).
P1: N=2, mean=0.5 (+/-0.97998).
P2: N=2, mean=1 (+/-0).
Game Durations: N=4, mean=17.75 (+/-4.825842).
P1: N=2, mean=17.5 (+/-0.97998).
P2: N=2, mean=18 (+/-11.75976).

Agent 2 (SHUCT)
Winning score (between 0 and 1) : N=4, mean=0.25 (+/-0.48999).
P1: N=2, mean=0 (+/-0).
P2: N=2, mean=0.5 (+/-0.97998).
Game Durations: N=4, mean=17.75 (+/-4.825842).
P1: N=2, mean=18 (+/-11.75976).
P2: N=2, mean=17.5 (+/-0.97998).
=====================================================
=====================================================
Completed 5 games.

Agent 1 (SHUCTAnyTime)
Winning score (between 0 and 1) : N=5, mean=0.8 (+/-0.391992).
P1: N=2, mean=0.5 (+/-0.97998).
P2: N=3, mean=1 (+/-0).
Game Durations: N=5, mean=17.8 (+/-3.739365).
P1: N=2, mean=17.5 (+/-0.97998).
P2: N=3, mean=18 (+/-6.789501).

Agent 2 (SHUCT)
Winning score (between 0 and 1) : N=5, mean=0.2 (+/-0.391992).
P1: N=3, mean=0 (+/-0).
P2: N=2, mean=0.5 (+/-0.97998).
Game Durations: N=5, mean=17.8 (+/-3.739365).
P1: N=3, mean=18 (+/-6.789501).
P2: N=2, mean=17.5 (+/-0.97998).
=====================================================
=====================================================
Completed 10 games.

Agent 1 (SHUCTAnyTime)
Winning score (between 0 and 1) : N=10, mean=0.6 (+/-0.32006).
P1: N=5, mean=0.4 (+/-0.48009).
P2: N=5, mean=0.8 (+/-0.391992).
Game Durations: N=10, mean=23.1 (+/-10.076601).
P1: N=5, mean=18 (+/-9.045592).
P2: N=5, mean=28.2 (+/-18.031632).

Agent 2 (SHUCT)
Winning score (between 0 and 1) : N=10, mean=0.4 (+/-0.32006).
P1: N=5, mean=0.2 (+/-0.391992).
P2: N=5, mean=0.6 (+/-0.48009).
Game Durations: N=10, mean=23.1 (+/-10.076601).
P1: N=5, mean=28.2 (+/-18.031632).
P2: N=5, mean=18 (+/-9.045592).
=====================================================
=====================================================
Completed 20 games.

Agent 1 (SHUCTAnyTime)
Winning score (between 0 and 1) : N=20, mean=0.35 (+/-0.214467).
P1: N=10, mean=0.2 (+/-0.261328).
P2: N=10, mean=0.5 (+/-0.32666).
Game Durations: N=20, mean=22.95 (+/-6.538403).
P1: N=10, mean=17.8 (+/-4.948009).
P2: N=10, mean=28.1 (+/-11.54899).

Agent 2 (SHUCT)
Winning score (between 0 and 1) : N=20, mean=0.65 (+/-0.214467).
P1: N=10, mean=0.5 (+/-0.32666).
P2: N=10, mean=0.8 (+/-0.261328).
Game Durations: N=20, mean=22.95 (+/-6.538403).
P1: N=10, mean=28.1 (+/-11.54899).
P2: N=10, mean=17.8 (+/-4.948009).
=====================================================
=====================================================
Completed 30 games.

Agent 1 (SHUCTAnyTime)
Winning score (between 0 and 1) : N=30, mean=0.3 (+/-0.166785).
P1: N=15, mean=0.266667 (+/-0.231643).
P2: N=15, mean=0.333333 (+/-0.246932).
Game Durations: N=30, mean=23.866667 (+/-5.02446).
P1: N=15, mean=19.066667 (+/-5.271169).
P2: N=15, mean=28.666667 (+/-8.009881).

Agent 2 (SHUCT)
Winning score (between 0 and 1) : N=30, mean=0.7 (+/-0.166785).
P1: N=15, mean=0.666667 (+/-0.246932).
P2: N=15, mean=0.733333 (+/-0.231643).
Game Durations: N=30, mean=23.866667 (+/-5.02446).
P1: N=15, mean=28.666667 (+/-8.009881).
P2: N=15, mean=19.066667 (+/-5.271169).
=====================================================
=====================================================
Completed 40 games.

Agent 1 (SHUCTAnyTime)
Winning score (between 0 and 1) : N=40, mean=0.275 (+/-0.140136).
P1: N=20, mean=0.2 (+/-0.179858).
P2: N=20, mean=0.35 (+/-0.214467).
Game Durations: N=40, mean=24.625 (+/-4.96167).
P1: N=20, mean=21.1 (+/-7.009138).
P2: N=20, mean=28.15 (+/-6.849205).

Agent 2 (SHUCT)
Winning score (between 0 and 1) : N=40, mean=0.725 (+/-0.140136).
P1: N=20, mean=0.65 (+/-0.214467).
P2: N=20, mean=0.8 (+/-0.179858).
Game Durations: N=40, mean=24.625 (+/-4.96167).
P1: N=20, mean=28.15 (+/-6.849205).
P2: N=20, mean=21.1 (+/-7.009138).
=====================================================
=====================================================
Completed 50 games.

Agent 1 (SHUCTAnyTime)
Winning score (between 0 and 1) : N=50, mean=0.26 (+/-0.122815).
P1: N=25, mean=0.2 (+/-0.16003).
P2: N=25, mean=0.32 (+/-0.186626).
Game Durations: N=50, mean=23.72 (+/-4.176719).
P1: N=25, mean=20.6 (+/-5.88641).
P2: N=25, mean=26.84 (+/-5.785126).

Agent 2 (SHUCT)
Winning score (between 0 and 1) : N=50, mean=0.74 (+/-0.122815).
P1: N=25, mean=0.68 (+/-0.186626).
P2: N=25, mean=0.8 (+/-0.16003).
Game Durations: N=50, mean=23.72 (+/-4.176719).
P1: N=25, mean=26.84 (+/-5.785126).
P2: N=25, mean=20.6 (+/-5.88641).
=====================================================
=====================================================
Completed 60 games.

Agent 1 (SHUCTAnyTime)
Winning score (between 0 and 1) : N=60, mean=0.3 (+/-0.116931).
P1: N=30, mean=0.266667 (+/-0.160947).
P2: N=30, mean=0.333333 (+/-0.17157).
Game Durations: N=60, mean=24.966667 (+/-4.107541).
P1: N=30, mean=21.2 (+/-5.071403).
P2: N=30, mean=28.733333 (+/-6.258858).

Agent 2 (SHUCT)
Winning score (between 0 and 1) : N=60, mean=0.7 (+/-0.116931).
P1: N=30, mean=0.666667 (+/-0.17157).
P2: N=30, mean=0.733333 (+/-0.160947).
Game Durations: N=60, mean=24.966667 (+/-4.107541).
P1: N=30, mean=28.733333 (+/-6.258858).
P2: N=30, mean=21.2 (+/-5.071403).
=====================================================
=====================================================
Completed 70 games.

Agent 1 (SHUCTAnyTime)
Winning score (between 0 and 1) : N=70, mean=0.314286 (+/-0.109536).
P1: N=35, mean=0.285714 (+/-0.151848).
P2: N=35, mean=0.342857 (+/-0.159549).
Game Durations: N=70, mean=24.957143 (+/-3.670638).
P1: N=35, mean=20.914286 (+/-4.481205).
P2: N=35, mean=29 (+/-5.559885).

Agent 2 (SHUCT)
Winning score (between 0 and 1) : N=70, mean=0.685714 (+/-0.109536).
P1: N=35, mean=0.657143 (+/-0.159549).
P2: N=35, mean=0.714286 (+/-0.151848).
Game Durations: N=70, mean=24.957143 (+/-3.670638).
P1: N=35, mean=29 (+/-5.559885).
P2: N=35, mean=20.914286 (+/-4.481205).
=====================================================
=====================================================
Completed 80 games.

Agent 1 (SHUCTAnyTime)
Winning score (between 0 and 1) : N=80, mean=0.325 (+/-0.103283).
P1: N=40, mean=0.325 (+/-0.146997).
P2: N=40, mean=0.325 (+/-0.146997).
Game Durations: N=80, mean=25.325 (+/-3.521957).
P1: N=40, mean=23.025 (+/-4.883029).
P2: N=40, mean=27.625 (+/-5.036543).

Agent 2 (SHUCT)
Winning score (between 0 and 1) : N=80, mean=0.675 (+/-0.103283).
P1: N=40, mean=0.675 (+/-0.146997).
P2: N=40, mean=0.675 (+/-0.146997).
Game Durations: N=80, mean=25.325 (+/-3.521957).
P1: N=40, mean=27.625 (+/-5.036543).
P2: N=40, mean=23.025 (+/-4.883029).
=====================================================
=====================================================
Completed 90 games.

Agent 1 (SHUCTAnyTime)
Winning score (between 0 and 1) : N=90, mean=0.311111 (+/-0.09618).
P1: N=45, mean=0.311111 (+/-0.13679).
P2: N=45, mean=0.311111 (+/-0.13679).
Game Durations: N=90, mean=24.944444 (+/-3.311997).
P1: N=45, mean=22.755556 (+/-4.425843).
P2: N=45, mean=27.133333 (+/-4.893997).

Agent 2 (SHUCT)
Winning score (between 0 and 1) : N=90, mean=0.688889 (+/-0.09618).
P1: N=45, mean=0.688889 (+/-0.13679).
P2: N=45, mean=0.688889 (+/-0.13679).
Game Durations: N=90, mean=24.944444 (+/-3.311997).
P1: N=45, mean=27.133333 (+/-4.893997).
P2: N=45, mean=22.755556 (+/-4.425843).
=====================================================
=====================================================
Completed 100 games.

Agent 1 (SHUCTAnyTime)
Winning score (between 0 and 1) : N=100, mean=0.36 (+/-0.094552).
P1: N=50, mean=0.34 (+/-0.132636).
P2: N=50, mean=0.38 (+/-0.135905).
Game Durations: N=100, mean=24.78 (+/-3.19861).
P1: N=50, mean=22.1 (+/-4.062234).
P2: N=50, mean=27.46 (+/-4.869715).

Agent 2 (SHUCT)
Winning score (between 0 and 1) : N=100, mean=0.64 (+/-0.094552).
P1: N=50, mean=0.62 (+/-0.135905).
P2: N=50, mean=0.66 (+/-0.132636).
Game Durations: N=100, mean=24.78 (+/-3.19861).
P1: N=50, mean=27.46 (+/-4.869715).
P2: N=50, mean=22.1 (+/-4.062234).
=====================================================
=====================================================
Completed 110 games.

Agent 1 (SHUCTAnyTime)
Winning score (between 0 and 1) : N=110, mean=0.381818 (+/-0.091205).
P1: N=55, mean=0.381818 (+/-0.12958).
P2: N=55, mean=0.381818 (+/-0.12958).
Game Durations: N=110, mean=24.136364 (+/-2.947529).
P1: N=55, mean=21.836364 (+/-3.727713).
P2: N=55, mean=26.436364 (+/-4.519403).

Agent 2 (SHUCT)
Winning score (between 0 and 1) : N=110, mean=0.618182 (+/-0.091205).
P1: N=55, mean=0.618182 (+/-0.12958).
P2: N=55, mean=0.618182 (+/-0.12958).
Game Durations: N=110, mean=24.136364 (+/-2.947529).
P1: N=55, mean=26.436364 (+/-4.519403).
P2: N=55, mean=21.836364 (+/-3.727713).
=====================================================
=====================================================
Completed 120 games.

Agent 1 (SHUCTAnyTime)
Winning score (between 0 and 1) : N=120, mean=0.383333 (+/-0.087355).
P1: N=60, mean=0.366667 (+/-0.122963).
P2: N=60, mean=0.4 (+/-0.125005).
Game Durations: N=120, mean=23.566667 (+/-2.73799).
P1: N=60, mean=21.833333 (+/-3.419011).
P2: N=60, mean=25.3 (+/-4.261409).

Agent 2 (SHUCT)
Winning score (between 0 and 1) : N=120, mean=0.616667 (+/-0.087355).
P1: N=60, mean=0.6 (+/-0.125005).
P2: N=60, mean=0.633333 (+/-0.122963).
Game Durations: N=120, mean=23.566667 (+/-2.73799).
P1: N=60, mean=25.3 (+/-4.261409).
P2: N=60, mean=21.833333 (+/-3.419011).
=====================================================
=====================================================
Completed 130 games.

Agent 1 (SHUCTAnyTime)
Winning score (between 0 and 1) : N=130, mean=0.376923 (+/-0.083628).
P1: N=65, mean=0.369231 (+/-0.118234).
P2: N=65, mean=0.384615 (+/-0.119191).
Game Durations: N=130, mean=23.169231 (+/-2.566802).
P1: N=65, mean=21.415385 (+/-3.191999).
P2: N=65, mean=24.923077 (+/-4.000207).

Agent 2 (SHUCT)
Winning score (between 0 and 1) : N=130, mean=0.623077 (+/-0.083628).
P1: N=65, mean=0.615385 (+/-0.119191).
P2: N=65, mean=0.630769 (+/-0.118234).
Game Durations: N=130, mean=23.169231 (+/-2.566802).
P1: N=65, mean=24.923077 (+/-4.000207).
P2: N=65, mean=21.415385 (+/-3.191999).
=====================================================
=====================================================
Completed 140 games.

Agent 1 (SHUCTAnyTime)
Winning score (between 0 and 1) : N=140, mean=0.385714 (+/-0.08092).
P1: N=70, mean=0.371429 (+/-0.114009).
P2: N=70, mean=0.4 (+/-0.115592).
Game Durations: N=140, mean=23.057143 (+/-2.426686).
P1: N=70, mean=21.314286 (+/-3.03807).
P2: N=70, mean=24.8 (+/-3.762689).

Agent 2 (SHUCT)
Winning score (between 0 and 1) : N=140, mean=0.614286 (+/-0.08092).
P1: N=70, mean=0.6 (+/-0.115592).
P2: N=70, mean=0.628571 (+/-0.114009).
Game Durations: N=140, mean=23.057143 (+/-2.426686).
P1: N=70, mean=24.8 (+/-3.762689).
P2: N=70, mean=21.314286 (+/-3.03807).
=====================================================
=====================================================
Completed 150 games.

Agent 1 (SHUCTAnyTime)
Winning score (between 0 and 1) : N=150, mean=0.4 (+/-0.078661).
P1: N=75, mean=0.373333 (+/-0.110204).
P2: N=75, mean=0.426667 (+/-0.112688).
Game Durations: N=150, mean=22.926667 (+/-2.295823).
P1: N=75, mean=21.04 (+/-2.857245).
P2: N=75, mean=24.813333 (+/-3.562619).

Agent 2 (SHUCT)
Winning score (between 0 and 1) : N=150, mean=0.6 (+/-0.078661).
P1: N=75, mean=0.573333 (+/-0.112688).
P2: N=75, mean=0.626667 (+/-0.110204).
Game Durations: N=150, mean=22.926667 (+/-2.295823).
P1: N=75, mean=24.813333 (+/-3.562619).
P2: N=75, mean=21.04 (+/-2.857245).
=====================================================
