Warming up...
Finished warming up!
=====================================================
Completed 1 games.

Agent 1 (SHUCTAnyTime)
Winning score (between 0 and 1) : N=1, mean=0 (+/-0).
P1: N=0, mean=0 (+/-0).
P2: N=1, mean=0 (+/-0).
Game Durations: N=1, mean=11 (+/-0).
P1: N=0, mean=0 (+/-0).
P2: N=1, mean=11 (+/-0).

Agent 2 (SHUCT)
Winning score (between 0 and 1) : N=1, mean=1 (+/-0).
P1: N=1, mean=1 (+/-0).
P2: N=0, mean=0 (+/-0).
Game Durations: N=1, mean=11 (+/-0).
P1: N=1, mean=11 (+/-0).
P2: N=0, mean=0 (+/-0).
=====================================================
=====================================================
Completed 2 games.

Agent 1 (SHUCTAnyTime)
Winning score (between 0 and 1) : N=2, mean=0 (+/-0).
P1: N=1, mean=0 (+/-0).
P2: N=1, mean=0 (+/-0).
Game Durations: N=2, mean=18.5 (+/-14.6997).
P1: N=1, mean=26 (+/-0).
P2: N=1, mean=11 (+/-0).

Agent 2 (SHUCT)
Winning score (between 0 and 1) : N=2, mean=1 (+/-0).
P1: N=1, mean=1 (+/-0).
P2: N=1, mean=1 (+/-0).
Game Durations: N=2, mean=18.5 (+/-14.6997).
P1: N=1, mean=11 (+/-0).
P2: N=1, mean=26 (+/-0).
=====================================================
=====================================================
Completed 3 games.

Agent 1 (SHUCTAnyTime)
Winning score (between 0 and 1) : N=3, mean=0.333333 (+/-0.65332).
P1: N=1, mean=0 (+/-0).
P2: N=2, mean=0.5 (+/-0.97998).
Game Durations: N=3, mean=22.333333 (+/-11.334678).
P1: N=1, mean=26 (+/-0).
P2: N=2, mean=20.5 (+/-18.61962).

Agent 2 (SHUCT)
Winning score (between 0 and 1) : N=3, mean=0.666667 (+/-0.65332).
P1: N=2, mean=0.5 (+/-0.97998).
P2: N=1, mean=1 (+/-0).
Game Durations: N=3, mean=22.333333 (+/-11.334678).
P1: N=2, mean=20.5 (+/-18.61962).
P2: N=1, mean=26 (+/-0).
=====================================================
=====================================================
Completed 4 games.

Agent 1 (SHUCTAnyTime)
Winning score (between 0 and 1) : N=4, mean=0.25 (+/-0.48999).
P1: N=2, mean=0 (+/-0).
P2: N=2, mean=0.5 (+/-0.97998).
Game Durations: N=4, mean=34.25 (+/-24.693098).
P1: N=2, mean=48 (+/-43.11912).
P2: N=2, mean=20.5 (+/-18.61962).

Agent 2 (SHUCT)
Winning score (between 0 and 1) : N=4, mean=0.75 (+/-0.48999).
P1: N=2, mean=0.5 (+/-0.97998).
P2: N=2, mean=1 (+/-0).
Game Durations: N=4, mean=34.25 (+/-24.693098).
P1: N=2, mean=20.5 (+/-18.61962).
P2: N=2, mean=48 (+/-43.11912).
=====================================================
=====================================================
Completed 5 games.

Agent 1 (SHUCTAnyTime)
Winning score (between 0 and 1) : N=5, mean=0.2 (+/-0.391992).
P1: N=2, mean=0 (+/-0).
P2: N=3, mean=0.333333 (+/-0.65332).
Game Durations: N=5, mean=30 (+/-20.862299).
P1: N=2, mean=48 (+/-43.11912).
P2: N=3, mean=18 (+/-11.814078).

Agent 2 (SHUCT)
Winning score (between 0 and 1) : N=5, mean=0.8 (+/-0.391992).
P1: N=3, mean=0.666667 (+/-0.65332).
P2: N=2, mean=1 (+/-0).
Game Durations: N=5, mean=30 (+/-20.862299).
P1: N=3, mean=18 (+/-11.814078).
P2: N=2, mean=48 (+/-43.11912).
=====================================================
=====================================================
Completed 10 games.

Agent 1 (SHUCTAnyTime)
Winning score (between 0 and 1) : N=10, mean=0.4 (+/-0.32006).
P1: N=5, mean=0.4 (+/-0.48009).
P2: N=5, mean=0.4 (+/-0.48009).
Game Durations: N=10, mean=29.7 (+/-12.11041).
P1: N=5, mean=39.6 (+/-20.336415).
P2: N=5, mean=19.8 (+/-7.626234).

Agent 2 (SHUCT)
Winning score (between 0 and 1) : N=10, mean=0.6 (+/-0.32006).
P1: N=5, mean=0.6 (+/-0.48009).
P2: N=5, mean=0.6 (+/-0.48009).
Game Durations: N=10, mean=29.7 (+/-12.11041).
P1: N=5, mean=19.8 (+/-7.626234).
P2: N=5, mean=39.6 (+/-20.336415).
=====================================================
=====================================================
Completed 20 games.

Agent 1 (SHUCTAnyTime)
Winning score (between 0 and 1) : N=20, mean=0.45 (+/-0.223696).
P1: N=10, mean=0.4 (+/-0.32006).
P2: N=10, mean=0.5 (+/-0.32666).
Game Durations: N=20, mean=24.25 (+/-7.134893).
P1: N=10, mean=29 (+/-12.399318).
P2: N=10, mean=19.5 (+/-6.475782).

Agent 2 (SHUCT)
Winning score (between 0 and 1) : N=20, mean=0.55 (+/-0.223696).
P1: N=10, mean=0.5 (+/-0.32666).
P2: N=10, mean=0.6 (+/-0.32006).
Game Durations: N=20, mean=24.25 (+/-7.134893).
P1: N=10, mean=19.5 (+/-6.475782).
P2: N=10, mean=29 (+/-12.399318).
=====================================================
=====================================================
Completed 30 games.

Agent 1 (SHUCTAnyTime)
Winning score (between 0 and 1) : N=30, mean=0.5 (+/-0.181978).
P1: N=15, mean=0.466667 (+/-0.261328).
P2: N=15, mean=0.533333 (+/-0.261328).
Game Durations: N=30, mean=22.733333 (+/-5.159902).
P1: N=15, mean=27.266667 (+/-8.629479).
P2: N=15, mean=18.2 (+/-4.955398).

Agent 2 (SHUCT)
Winning score (between 0 and 1) : N=30, mean=0.5 (+/-0.181978).
P1: N=15, mean=0.466667 (+/-0.261328).
P2: N=15, mean=0.533333 (+/-0.261328).
Game Durations: N=30, mean=22.733333 (+/-5.159902).
P1: N=15, mean=18.2 (+/-4.955398).
P2: N=15, mean=27.266667 (+/-8.629479).
=====================================================
=====================================================
Completed 40 games.

Agent 1 (SHUCTAnyTime)
Winning score (between 0 and 1) : N=40, mean=0.475 (+/-0.156726).
P1: N=20, mean=0.45 (+/-0.223696).
P2: N=20, mean=0.5 (+/-0.224823).
Game Durations: N=40, mean=23.425 (+/-4.108183).
P1: N=20, mean=27.45 (+/-6.86277).
P2: N=20, mean=19.4 (+/-3.954326).

Agent 2 (SHUCT)
Winning score (between 0 and 1) : N=40, mean=0.525 (+/-0.156726).
P1: N=20, mean=0.5 (+/-0.224823).
P2: N=20, mean=0.55 (+/-0.223696).
Game Durations: N=40, mean=23.425 (+/-4.108183).
P1: N=20, mean=19.4 (+/-3.954326).
P2: N=20, mean=27.45 (+/-6.86277).
=====================================================
=====================================================
Completed 50 games.

Agent 1 (SHUCTAnyTime)
Winning score (between 0 and 1) : N=50, mean=0.52 (+/-0.139885).
P1: N=25, mean=0.52 (+/-0.199877).
P2: N=25, mean=0.52 (+/-0.199877).
Game Durations: N=50, mean=22.06 (+/-3.452188).
P1: N=25, mean=24.6 (+/-5.944853).
P2: N=25, mean=19.52 (+/-3.35514).

Agent 2 (SHUCT)
Winning score (between 0 and 1) : N=50, mean=0.48 (+/-0.139885).
P1: N=25, mean=0.48 (+/-0.199877).
P2: N=25, mean=0.48 (+/-0.199877).
Game Durations: N=50, mean=22.06 (+/-3.452188).
P1: N=25, mean=19.52 (+/-3.35514).
P2: N=25, mean=24.6 (+/-5.944853).
=====================================================
=====================================================
Completed 60 games.

Agent 1 (SHUCTAnyTime)
Winning score (between 0 and 1) : N=60, mean=0.516667 (+/-0.127512).
P1: N=30, mean=0.5 (+/-0.181978).
P2: N=30, mean=0.533333 (+/-0.181573).
Game Durations: N=60, mean=22.483333 (+/-2.991528).
P1: N=30, mean=24.1 (+/-4.998572).
P2: N=30, mean=20.866667 (+/-3.276587).

Agent 2 (SHUCT)
Winning score (between 0 and 1) : N=60, mean=0.483333 (+/-0.127512).
P1: N=30, mean=0.466667 (+/-0.181573).
P2: N=30, mean=0.5 (+/-0.181978).
Game Durations: N=60, mean=22.483333 (+/-2.991528).
P1: N=30, mean=20.866667 (+/-3.276587).
P2: N=30, mean=24.1 (+/-4.998572).
=====================================================
=====================================================
Completed 70 games.

Agent 1 (SHUCTAnyTime)
Winning score (between 0 and 1) : N=70, mean=0.528571 (+/-0.117783).
P1: N=35, mean=0.542857 (+/-0.167447).
P2: N=35, mean=0.514286 (+/-0.167997).
Game Durations: N=70, mean=24.2 (+/-3.006507).
P1: N=35, mean=26.828571 (+/-4.974915).
P2: N=35, mean=21.571429 (+/-3.22133).

Agent 2 (SHUCT)
Winning score (between 0 and 1) : N=70, mean=0.471429 (+/-0.117783).
P1: N=35, mean=0.485714 (+/-0.167997).
P2: N=35, mean=0.457143 (+/-0.167447).
Game Durations: N=70, mean=24.2 (+/-3.006507).
P1: N=35, mean=21.571429 (+/-3.22133).
P2: N=35, mean=26.828571 (+/-4.974915).
=====================================================
=====================================================
Completed 80 games.

Agent 1 (SHUCTAnyTime)
Winning score (between 0 and 1) : N=80, mean=0.5125 (+/-0.110222).
P1: N=40, mean=0.525 (+/-0.156726).
P2: N=40, mean=0.5 (+/-0.156922).
Game Durations: N=80, mean=23.8375 (+/-2.708235).
P1: N=40, mean=25.675 (+/-4.529807).
P2: N=40, mean=22 (+/-2.920612).

Agent 2 (SHUCT)
Winning score (between 0 and 1) : N=80, mean=0.4875 (+/-0.110222).
P1: N=40, mean=0.5 (+/-0.156922).
P2: N=40, mean=0.475 (+/-0.156726).
Game Durations: N=80, mean=23.8375 (+/-2.708235).
P1: N=40, mean=22 (+/-2.920612).
P2: N=40, mean=25.675 (+/-4.529807).
=====================================================
=====================================================
Completed 90 games.

Agent 1 (SHUCTAnyTime)
Winning score (between 0 and 1) : N=90, mean=0.555556 (+/-0.103234).
P1: N=45, mean=0.577778 (+/-0.145939).
P2: N=45, mean=0.533333 (+/-0.147409).
Game Durations: N=90, mean=23.877778 (+/-2.423778).
P1: N=45, mean=25.422222 (+/-4.040556).
P2: N=45, mean=22.333333 (+/-2.65014).

Agent 2 (SHUCT)
Winning score (between 0 and 1) : N=90, mean=0.444444 (+/-0.103234).
P1: N=45, mean=0.466667 (+/-0.147409).
P2: N=45, mean=0.422222 (+/-0.145939).
Game Durations: N=90, mean=23.877778 (+/-2.423778).
P1: N=45, mean=22.333333 (+/-2.65014).
P2: N=45, mean=25.422222 (+/-4.040556).
=====================================================
=====================================================
Completed 100 games.

Agent 1 (SHUCTAnyTime)
Winning score (between 0 and 1) : N=100, mean=0.54 (+/-0.098176).
P1: N=50, mean=0.56 (+/-0.138986).
P2: N=50, mean=0.52 (+/-0.139885).
Game Durations: N=100, mean=23.44 (+/-2.225532).
P1: N=50, mean=24.76 (+/-3.729524).
P2: N=50, mean=22.12 (+/-2.414869).

Agent 2 (SHUCT)
Winning score (between 0 and 1) : N=100, mean=0.46 (+/-0.098176).
P1: N=50, mean=0.48 (+/-0.139885).
P2: N=50, mean=0.44 (+/-0.138986).
Game Durations: N=100, mean=23.44 (+/-2.225532).
P1: N=50, mean=22.12 (+/-2.414869).
P2: N=50, mean=24.76 (+/-3.729524).
=====================================================
=====================================================
Completed 110 games.

Agent 1 (SHUCTAnyTime)
Winning score (between 0 and 1) : N=110, mean=0.509091 (+/-0.09385).
P1: N=55, mean=0.545455 (+/-0.132806).
P2: N=55, mean=0.472727 (+/-0.13316).
Game Durations: N=110, mean=24.227273 (+/-2.416966).
P1: N=55, mean=24.727273 (+/-3.574205).
P2: N=55, mean=23.727273 (+/-3.282185).

Agent 2 (SHUCT)
Winning score (between 0 and 1) : N=110, mean=0.490909 (+/-0.09385).
P1: N=55, mean=0.527273 (+/-0.13316).
P2: N=55, mean=0.454545 (+/-0.132806).
Game Durations: N=110, mean=24.227273 (+/-2.416966).
P1: N=55, mean=23.727273 (+/-3.282185).
P2: N=55, mean=24.727273 (+/-3.574205).
=====================================================
=====================================================
Completed 120 games.

Agent 1 (SHUCTAnyTime)
Winning score (between 0 and 1) : N=120, mean=0.516667 (+/-0.089785).
P1: N=60, mean=0.533333 (+/-0.127299).
P2: N=60, mean=0.5 (+/-0.127583).
Game Durations: N=120, mean=23.8 (+/-2.320749).
P1: N=60, mean=24.533333 (+/-3.486675).
P2: N=60, mean=23.066667 (+/-3.082068).

Agent 2 (SHUCT)
Winning score (between 0 and 1) : N=120, mean=0.483333 (+/-0.089785).
P1: N=60, mean=0.5 (+/-0.127583).
P2: N=60, mean=0.466667 (+/-0.127299).
Game Durations: N=120, mean=23.8 (+/-2.320749).
P1: N=60, mean=23.066667 (+/-3.082068).
P2: N=60, mean=24.533333 (+/-3.486675).
=====================================================
=====================================================
Completed 130 games.

Agent 1 (SHUCTAnyTime)
Winning score (between 0 and 1) : N=130, mean=0.507692 (+/-0.086272).
P1: N=65, mean=0.523077 (+/-0.122367).
P2: N=65, mean=0.492308 (+/-0.122483).
Game Durations: N=130, mean=23.269231 (+/-2.180145).
P1: N=65, mean=24.153846 (+/-3.250292).
P2: N=65, mean=22.384615 (+/-2.915874).

Agent 2 (SHUCT)
Winning score (between 0 and 1) : N=130, mean=0.492308 (+/-0.086272).
P1: N=65, mean=0.507692 (+/-0.122483).
P2: N=65, mean=0.476923 (+/-0.122367).
Game Durations: N=130, mean=23.269231 (+/-2.180145).
P1: N=65, mean=22.384615 (+/-2.915874).
P2: N=65, mean=24.153846 (+/-3.250292).
=====================================================
=====================================================
Completed 140 games.

Agent 1 (SHUCTAnyTime)
Winning score (between 0 and 1) : N=140, mean=0.5 (+/-0.083121).
P1: N=70, mean=0.514286 (+/-0.117928).
P2: N=70, mean=0.485714 (+/-0.117928).
Game Durations: N=140, mean=23.714286 (+/-2.178997).
P1: N=70, mean=25.085714 (+/-3.366931).
P2: N=70, mean=22.342857 (+/-2.753922).

Agent 2 (SHUCT)
Winning score (between 0 and 1) : N=140, mean=0.5 (+/-0.083121).
P1: N=70, mean=0.514286 (+/-0.117928).
P2: N=70, mean=0.485714 (+/-0.117928).
Game Durations: N=140, mean=23.714286 (+/-2.178997).
P1: N=70, mean=22.342857 (+/-2.753922).
P2: N=70, mean=25.085714 (+/-3.366931).
=====================================================
=====================================================
Completed 150 games.

Agent 1 (SHUCTAnyTime)
Winning score (between 0 and 1) : N=150, mean=0.5 (+/-0.080283).
P1: N=75, mean=0.506667 (+/-0.11391).
P2: N=75, mean=0.493333 (+/-0.11391).
Game Durations: N=150, mean=23.52 (+/-2.060986).
P1: N=75, mean=24.693333 (+/-3.209881).
P2: N=75, mean=22.346667 (+/-2.58054).

Agent 2 (SHUCT)
Winning score (between 0 and 1) : N=150, mean=0.5 (+/-0.080283).
P1: N=75, mean=0.506667 (+/-0.11391).
P2: N=75, mean=0.493333 (+/-0.11391).
Game Durations: N=150, mean=23.52 (+/-2.060986).
P1: N=75, mean=22.346667 (+/-2.58054).
P2: N=75, mean=24.693333 (+/-3.209881).
=====================================================
