Warming up...
Finished warming up!
=====================================================
Completed 1 games.

Agent 1 (SHUCTAnyTime)
Winning score (between 0 and 1) : N=1, mean=0 (+/-0).
P1: N=0, mean=0 (+/-0).
P2: N=1, mean=0 (+/-0).
Game Durations: N=1, mean=19 (+/-0).
P1: N=0, mean=0 (+/-0).
P2: N=1, mean=19 (+/-0).

Agent 2 (SHUCT)
Winning score (between 0 and 1) : N=1, mean=1 (+/-0).
P1: N=1, mean=1 (+/-0).
P2: N=0, mean=0 (+/-0).
Game Durations: N=1, mean=19 (+/-0).
P1: N=1, mean=19 (+/-0).
P2: N=0, mean=0 (+/-0).
=====================================================
=====================================================
Completed 2 games.

Agent 1 (SHUCTAnyTime)
Winning score (between 0 and 1) : N=2, mean=0.5 (+/-0.97998).
P1: N=1, mean=1 (+/-0).
P2: N=1, mean=0 (+/-0).
Game Durations: N=2, mean=17 (+/-3.91992).
P1: N=1, mean=15 (+/-0).
P2: N=1, mean=19 (+/-0).

Agent 2 (SHUCT)
Winning score (between 0 and 1) : N=2, mean=0.5 (+/-0.97998).
P1: N=1, mean=1 (+/-0).
P2: N=1, mean=0 (+/-0).
Game Durations: N=2, mean=17 (+/-3.91992).
P1: N=1, mean=19 (+/-0).
P2: N=1, mean=15 (+/-0).
=====================================================
=====================================================
Completed 3 games.

Agent 1 (SHUCTAnyTime)
Winning score (between 0 and 1) : N=3, mean=0.333333 (+/-0.65332).
P1: N=1, mean=1 (+/-0).
P2: N=2, mean=0 (+/-0).
Game Durations: N=3, mean=14.333333 (+/-5.695512).
P1: N=1, mean=15 (+/-0).
P2: N=2, mean=14 (+/-9.7998).

Agent 2 (SHUCT)
Winning score (between 0 and 1) : N=3, mean=0.666667 (+/-0.65332).
P1: N=2, mean=1 (+/-0).
P2: N=1, mean=0 (+/-0).
Game Durations: N=3, mean=14.333333 (+/-5.695512).
P1: N=2, mean=14 (+/-9.7998).
P2: N=1, mean=15 (+/-0).
=====================================================
=====================================================
Completed 4 games.

Agent 1 (SHUCTAnyTime)
Winning score (between 0 and 1) : N=4, mean=0.25 (+/-0.48999).
P1: N=2, mean=0.5 (+/-0.97998).
P2: N=2, mean=0 (+/-0).
Game Durations: N=4, mean=14.75 (+/-4.1093).
P1: N=2, mean=15.5 (+/-0.97998).
P2: N=2, mean=14 (+/-9.7998).

Agent 2 (SHUCT)
Winning score (between 0 and 1) : N=4, mean=0.75 (+/-0.48999).
P1: N=2, mean=1 (+/-0).
P2: N=2, mean=0.5 (+/-0.97998).
Game Durations: N=4, mean=14.75 (+/-4.1093).
P1: N=2, mean=14 (+/-9.7998).
P2: N=2, mean=15.5 (+/-0.97998).
=====================================================
=====================================================
Completed 5 games.

Agent 1 (SHUCTAnyTime)
Winning score (between 0 and 1) : N=5, mean=0.4 (+/-0.48009).
P1: N=2, mean=0.5 (+/-0.97998).
P2: N=3, mean=0.333333 (+/-0.65332).
Game Durations: N=5, mean=17.8 (+/-6.772506).
P1: N=2, mean=15.5 (+/-0.97998).
P2: N=3, mean=19.333333 (+/-11.886116).

Agent 2 (SHUCT)
Winning score (between 0 and 1) : N=5, mean=0.6 (+/-0.48009).
P1: N=3, mean=0.666667 (+/-0.65332).
P2: N=2, mean=0.5 (+/-0.97998).
Game Durations: N=5, mean=17.8 (+/-6.772506).
P1: N=3, mean=19.333333 (+/-11.886116).
P2: N=2, mean=15.5 (+/-0.97998).
=====================================================
=====================================================
Completed 10 games.

Agent 1 (SHUCTAnyTime)
Winning score (between 0 and 1) : N=10, mean=0.3 (+/-0.299389).
P1: N=5, mean=0.2 (+/-0.391992).
P2: N=5, mean=0.4 (+/-0.48009).
Game Durations: N=10, mean=20.2 (+/-6.168946).
P1: N=5, mean=18.2 (+/-2.182519).
P2: N=5, mean=22.2 (+/-12.601796).

Agent 2 (SHUCT)
Winning score (between 0 and 1) : N=10, mean=0.7 (+/-0.299389).
P1: N=5, mean=0.6 (+/-0.48009).
P2: N=5, mean=0.8 (+/-0.391992).
Game Durations: N=10, mean=20.2 (+/-6.168946).
P1: N=5, mean=22.2 (+/-12.601796).
P2: N=5, mean=18.2 (+/-2.182519).
=====================================================
=====================================================
Completed 20 games.

Agent 1 (SHUCTAnyTime)
Winning score (between 0 and 1) : N=20, mean=0.4 (+/-0.22028).
P1: N=10, mean=0.3 (+/-0.299389).
P2: N=10, mean=0.5 (+/-0.32666).
Game Durations: N=20, mean=19.3 (+/-3.8969).
P1: N=10, mean=17.3 (+/-3.798818).
P2: N=10, mean=21.3 (+/-6.802376).

Agent 2 (SHUCT)
Winning score (between 0 and 1) : N=20, mean=0.6 (+/-0.22028).
P1: N=10, mean=0.5 (+/-0.32666).
P2: N=10, mean=0.7 (+/-0.299389).
Game Durations: N=20, mean=19.3 (+/-3.8969).
P1: N=10, mean=21.3 (+/-6.802376).
P2: N=10, mean=17.3 (+/-3.798818).
=====================================================
=====================================================
Completed 30 games.

Agent 1 (SHUCTAnyTime)
Winning score (between 0 and 1) : N=30, mean=0.433333 (+/-0.180353).
P1: N=15, mean=0.4 (+/-0.256619).
P2: N=15, mean=0.466667 (+/-0.261328).
Game Durations: N=30, mean=17.866667 (+/-2.945916).
P1: N=15, mean=16.666667 (+/-2.997959).
P2: N=15, mean=19.066667 (+/-5.116197).

Agent 2 (SHUCT)
Winning score (between 0 and 1) : N=30, mean=0.566667 (+/-0.180353).
P1: N=15, mean=0.533333 (+/-0.261328).
P2: N=15, mean=0.6 (+/-0.256619).
Game Durations: N=30, mean=17.866667 (+/-2.945916).
P1: N=15, mean=19.066667 (+/-5.116197).
P2: N=15, mean=16.666667 (+/-2.997959).
=====================================================
=====================================================
Completed 40 games.

Agent 1 (SHUCTAnyTime)
Winning score (between 0 and 1) : N=40, mean=0.425 (+/-0.155147).
P1: N=20, mean=0.4 (+/-0.22028).
P2: N=20, mean=0.45 (+/-0.223696).
Game Durations: N=40, mean=18.425 (+/-2.584114).
P1: N=20, mean=18.1 (+/-3.388491).
P2: N=20, mean=18.75 (+/-3.98609).

Agent 2 (SHUCT)
Winning score (between 0 and 1) : N=40, mean=0.575 (+/-0.155147).
P1: N=20, mean=0.55 (+/-0.223696).
P2: N=20, mean=0.6 (+/-0.22028).
Game Durations: N=40, mean=18.425 (+/-2.584114).
P1: N=20, mean=18.75 (+/-3.98609).
P2: N=20, mean=18.1 (+/-3.388491).
=====================================================
=====================================================
Completed 50 games.

Agent 1 (SHUCTAnyTime)
Winning score (between 0 and 1) : N=50, mean=0.5 (+/-0.139997).
P1: N=25, mean=0.48 (+/-0.199877).
P2: N=25, mean=0.52 (+/-0.199877).
Game Durations: N=50, mean=18.44 (+/-2.315104).
P1: N=25, mean=18.64 (+/-3.218316).
P2: N=25, mean=18.24 (+/-3.393392).

Agent 2 (SHUCT)
Winning score (between 0 and 1) : N=50, mean=0.5 (+/-0.139997).
P1: N=25, mean=0.48 (+/-0.199877).
P2: N=25, mean=0.52 (+/-0.199877).
Game Durations: N=50, mean=18.44 (+/-2.315104).
P1: N=25, mean=18.24 (+/-3.393392).
P2: N=25, mean=18.64 (+/-3.218316).
=====================================================
=====================================================
Completed 60 games.

Agent 1 (SHUCTAnyTime)
Winning score (between 0 and 1) : N=60, mean=0.483333 (+/-0.127512).
P1: N=30, mean=0.5 (+/-0.181978).
P2: N=30, mean=0.466667 (+/-0.181573).
Game Durations: N=60, mean=18.616667 (+/-2.162184).
P1: N=30, mean=19.233333 (+/-3.005199).
P2: N=30, mean=18 (+/-3.144934).

Agent 2 (SHUCT)
Winning score (between 0 and 1) : N=60, mean=0.516667 (+/-0.127512).
P1: N=30, mean=0.533333 (+/-0.181573).
P2: N=30, mean=0.5 (+/-0.181978).
Game Durations: N=60, mean=18.616667 (+/-2.162184).
P1: N=30, mean=18 (+/-3.144934).
P2: N=30, mean=19.233333 (+/-3.005199).
=====================================================
=====================================================
Completed 70 games.

Agent 1 (SHUCTAnyTime)
Winning score (between 0 and 1) : N=70, mean=0.428571 (+/-0.116766).
P1: N=35, mean=0.457143 (+/-0.167447).
P2: N=35, mean=0.4 (+/-0.16467).
Game Durations: N=70, mean=18.757143 (+/-1.958919).
P1: N=35, mean=19.714286 (+/-2.638841).
P2: N=35, mean=17.8 (+/-2.899084).

Agent 2 (SHUCT)
Winning score (between 0 and 1) : N=70, mean=0.571429 (+/-0.116766).
P1: N=35, mean=0.6 (+/-0.16467).
P2: N=35, mean=0.542857 (+/-0.167447).
Game Durations: N=70, mean=18.757143 (+/-1.958919).
P1: N=35, mean=17.8 (+/-2.899084).
P2: N=35, mean=19.714286 (+/-2.638841).
=====================================================
=====================================================
Completed 80 games.

Agent 1 (SHUCTAnyTime)
Winning score (between 0 and 1) : N=80, mean=0.45 (+/-0.109704).
P1: N=40, mean=0.475 (+/-0.156726).
P2: N=40, mean=0.425 (+/-0.155147).
Game Durations: N=80, mean=18.725 (+/-1.764093).
P1: N=40, mean=19.575 (+/-2.443043).
P2: N=40, mean=17.875 (+/-2.548902).

Agent 2 (SHUCT)
Winning score (between 0 and 1) : N=80, mean=0.55 (+/-0.109704).
P1: N=40, mean=0.575 (+/-0.155147).
P2: N=40, mean=0.525 (+/-0.156726).
Game Durations: N=80, mean=18.725 (+/-1.764093).
P1: N=40, mean=17.875 (+/-2.548902).
P2: N=40, mean=19.575 (+/-2.443043).
=====================================================
=====================================================
Completed 90 games.

Agent 1 (SHUCTAnyTime)
Winning score (between 0 and 1) : N=90, mean=0.422222 (+/-0.102613).
P1: N=45, mean=0.444444 (+/-0.146823).
P2: N=45, mean=0.4 (+/-0.144753).
Game Durations: N=90, mean=18.677778 (+/-1.673782).
P1: N=45, mean=19.688889 (+/-2.357079).
P2: N=45, mean=17.666667 (+/-2.366262).

Agent 2 (SHUCT)
Winning score (between 0 and 1) : N=90, mean=0.577778 (+/-0.102613).
P1: N=45, mean=0.6 (+/-0.144753).
P2: N=45, mean=0.555556 (+/-0.146823).
Game Durations: N=90, mean=18.677778 (+/-1.673782).
P1: N=45, mean=17.666667 (+/-2.366262).
P2: N=45, mean=19.688889 (+/-2.357079).
=====================================================
=====================================================
Completed 100 games.

Agent 1 (SHUCTAnyTime)
Winning score (between 0 and 1) : N=100, mean=0.43 (+/-0.097522).
P1: N=50, mean=0.42 (+/-0.138194).
P2: N=50, mean=0.44 (+/-0.138986).
Game Durations: N=100, mean=18.65 (+/-1.576206).
P1: N=50, mean=19.74 (+/-2.236318).
P2: N=50, mean=17.56 (+/-2.202657).

Agent 2 (SHUCT)
Winning score (between 0 and 1) : N=100, mean=0.57 (+/-0.097522).
P1: N=50, mean=0.56 (+/-0.138986).
P2: N=50, mean=0.58 (+/-0.138194).
Game Durations: N=100, mean=18.65 (+/-1.576206).
P1: N=50, mean=17.56 (+/-2.202657).
P2: N=50, mean=19.74 (+/-2.236318).
=====================================================
=====================================================
Completed 110 games.

Agent 1 (SHUCTAnyTime)
Winning score (between 0 and 1) : N=110, mean=0.409091 (+/-0.092301).
P1: N=55, mean=0.4 (+/-0.130664).
P2: N=55, mean=0.418182 (+/-0.131561).
Game Durations: N=110, mean=18.818182 (+/-1.577214).
P1: N=55, mean=19.236364 (+/-2.160818).
P2: N=55, mean=18.4 (+/-2.312689).

Agent 2 (SHUCT)
Winning score (between 0 and 1) : N=110, mean=0.590909 (+/-0.092301).
P1: N=55, mean=0.581818 (+/-0.131561).
P2: N=55, mean=0.6 (+/-0.130664).
Game Durations: N=110, mean=18.818182 (+/-1.577214).
P1: N=55, mean=18.4 (+/-2.312689).
P2: N=55, mean=19.236364 (+/-2.160818).
=====================================================
=====================================================
Completed 120 games.

Agent 1 (SHUCTAnyTime)
Winning score (between 0 and 1) : N=120, mean=0.416667 (+/-0.088578).
P1: N=60, mean=0.416667 (+/-0.125798).
P2: N=60, mean=0.416667 (+/-0.125798).
Game Durations: N=120, mean=18.8 (+/-1.482244).
P1: N=60, mean=19.083333 (+/-2.03988).
P2: N=60, mean=18.516667 (+/-2.165895).

Agent 2 (SHUCT)
Winning score (between 0 and 1) : N=120, mean=0.583333 (+/-0.088578).
P1: N=60, mean=0.583333 (+/-0.125798).
P2: N=60, mean=0.583333 (+/-0.125798).
Game Durations: N=120, mean=18.8 (+/-1.482244).
P1: N=60, mean=18.516667 (+/-2.165895).
P2: N=60, mean=19.083333 (+/-2.03988).
=====================================================
=====================================================
Completed 130 games.

Agent 1 (SHUCTAnyTime)
Winning score (between 0 and 1) : N=130, mean=0.415385 (+/-0.085038).
P1: N=65, mean=0.415385 (+/-0.120731).
P2: N=65, mean=0.415385 (+/-0.120731).
Game Durations: N=130, mean=18.930769 (+/-1.401301).
P1: N=65, mean=19 (+/-1.904038).
P2: N=65, mean=18.861538 (+/-2.071231).

Agent 2 (SHUCT)
Winning score (between 0 and 1) : N=130, mean=0.584615 (+/-0.085038).
P1: N=65, mean=0.584615 (+/-0.120731).
P2: N=65, mean=0.584615 (+/-0.120731).
Game Durations: N=130, mean=18.930769 (+/-1.401301).
P1: N=65, mean=18.861538 (+/-2.071231).
P2: N=65, mean=19 (+/-1.904038).
=====================================================
=====================================================
Completed 140 games.

Agent 1 (SHUCTAnyTime)
Winning score (between 0 and 1) : N=140, mean=0.421429 (+/-0.082088).
P1: N=70, mean=0.442857 (+/-0.117203).
P2: N=70, mean=0.4 (+/-0.115592).
Game Durations: N=140, mean=18.864286 (+/-1.329964).
P1: N=70, mean=18.928571 (+/-1.777963).
P2: N=70, mean=18.8 (+/-1.9912).

Agent 2 (SHUCT)
Winning score (between 0 and 1) : N=140, mean=0.578571 (+/-0.082088).
P1: N=70, mean=0.6 (+/-0.115592).
P2: N=70, mean=0.557143 (+/-0.117203).
Game Durations: N=140, mean=18.864286 (+/-1.329964).
P1: N=70, mean=18.8 (+/-1.9912).
P2: N=70, mean=18.928571 (+/-1.777963).
=====================================================
=====================================================
Completed 150 games.

Agent 1 (SHUCTAnyTime)
Winning score (between 0 and 1) : N=150, mean=0.42 (+/-0.079249).
P1: N=75, mean=0.466667 (+/-0.113667).
P2: N=75, mean=0.373333 (+/-0.110204).
Game Durations: N=150, mean=18.84 (+/-1.278101).
P1: N=75, mean=18.813333 (+/-1.707719).
P2: N=75, mean=18.866667 (+/-1.913621).

Agent 2 (SHUCT)
Winning score (between 0 and 1) : N=150, mean=0.58 (+/-0.079249).
P1: N=75, mean=0.626667 (+/-0.110204).
P2: N=75, mean=0.533333 (+/-0.113667).
Game Durations: N=150, mean=18.84 (+/-1.278101).
P1: N=75, mean=18.866667 (+/-1.913621).
P2: N=75, mean=18.813333 (+/-1.707719).
=====================================================
