Warming up...
Finished warming up!
=====================================================
Completed 1 games.

Agent 1 (UCT)
Winning score (between 0 and 1) : N=1, mean=1 (+/-0).
P1: N=0, mean=0 (+/-0).
P2: N=1, mean=1 (+/-0).
Game Durations: N=1, mean=156 (+/-0).
P1: N=0, mean=0 (+/-0).
P2: N=1, mean=156 (+/-0).

Agent 2 (SHUCT)
Winning score (between 0 and 1) : N=1, mean=0 (+/-0).
P1: N=1, mean=0 (+/-0).
P2: N=0, mean=0 (+/-0).
Game Durations: N=1, mean=156 (+/-0).
P1: N=1, mean=156 (+/-0).
P2: N=0, mean=0 (+/-0).
=====================================================
=====================================================
Completed 2 games.

Agent 1 (UCT)
Winning score (between 0 and 1) : N=2, mean=1 (+/-0).
P1: N=1, mean=1 (+/-0).
P2: N=1, mean=1 (+/-0).
Game Durations: N=2, mean=133 (+/-45.07908).
P1: N=1, mean=110 (+/-0).
P2: N=1, mean=156 (+/-0).

Agent 2 (SHUCT)
Winning score (between 0 and 1) : N=2, mean=0 (+/-0).
P1: N=1, mean=0 (+/-0).
P2: N=1, mean=0 (+/-0).
Game Durations: N=2, mean=133 (+/-45.07908).
P1: N=1, mean=156 (+/-0).
P2: N=1, mean=110 (+/-0).
=====================================================
=====================================================
Completed 3 games.

Agent 1 (UCT)
Winning score (between 0 and 1) : N=3, mean=1 (+/-0).
P1: N=1, mean=1 (+/-0).
P2: N=2, mean=1 (+/-0).
Game Durations: N=3, mean=139.333333 (+/-28.835031).
P1: N=1, mean=110 (+/-0).
P2: N=2, mean=154 (+/-3.91992).

Agent 2 (SHUCT)
Winning score (between 0 and 1) : N=3, mean=0 (+/-0).
P1: N=2, mean=0 (+/-0).
P2: N=1, mean=0 (+/-0).
Game Durations: N=3, mean=139.333333 (+/-28.835031).
P1: N=2, mean=154 (+/-3.91992).
P2: N=1, mean=110 (+/-0).
=====================================================
=====================================================
Completed 4 games.

Agent 1 (UCT)
Winning score (between 0 and 1) : N=4, mean=1 (+/-0).
P1: N=2, mean=1 (+/-0).
P2: N=2, mean=1 (+/-0).
Game Durations: N=4, mean=134 (+/-22.912818).
P1: N=2, mean=114 (+/-7.83984).
P2: N=2, mean=154 (+/-3.91992).

Agent 2 (SHUCT)
Winning score (between 0 and 1) : N=4, mean=0 (+/-0).
P1: N=2, mean=0 (+/-0).
P2: N=2, mean=0 (+/-0).
Game Durations: N=4, mean=134 (+/-22.912818).
P1: N=2, mean=154 (+/-3.91992).
P2: N=2, mean=114 (+/-7.83984).
=====================================================
=====================================================
Completed 5 games.

Agent 1 (UCT)
Winning score (between 0 and 1) : N=5, mean=0.8 (+/-0.391992).
P1: N=2, mean=1 (+/-0).
P2: N=3, mean=0.666667 (+/-0.65332).
Game Durations: N=5, mean=133.2 (+/-17.817319).
P1: N=2, mean=114 (+/-7.83984).
P2: N=3, mean=146 (+/-15.842168).

Agent 2 (SHUCT)
Winning score (between 0 and 1) : N=5, mean=0.2 (+/-0.391992).
P1: N=3, mean=0.333333 (+/-0.65332).
P2: N=2, mean=0 (+/-0).
Game Durations: N=5, mean=133.2 (+/-17.817319).
P1: N=3, mean=146 (+/-15.842168).
P2: N=2, mean=114 (+/-7.83984).
=====================================================
=====================================================
Completed 10 games.

Agent 1 (UCT)
Winning score (between 0 and 1) : N=10, mean=0.7 (+/-0.299389).
P1: N=5, mean=0.6 (+/-0.48009).
P2: N=5, mean=0.8 (+/-0.391992).
Game Durations: N=10, mean=136.4 (+/-9.309294).
P1: N=5, mean=132.4 (+/-15.452641).
P2: N=5, mean=140.4 (+/-10.975776).

Agent 2 (SHUCT)
Winning score (between 0 and 1) : N=10, mean=0.3 (+/-0.299389).
P1: N=5, mean=0.2 (+/-0.391992).
P2: N=5, mean=0.4 (+/-0.48009).
Game Durations: N=10, mean=136.4 (+/-9.309294).
P1: N=5, mean=140.4 (+/-10.975776).
P2: N=5, mean=132.4 (+/-15.452641).
=====================================================
=====================================================
Completed 20 games.

Agent 1 (UCT)
Winning score (between 0 and 1) : N=20, mean=0.6 (+/-0.22028).
P1: N=10, mean=0.6 (+/-0.32006).
P2: N=10, mean=0.6 (+/-0.32006).
Game Durations: N=20, mean=144.2 (+/-6.830471).
P1: N=10, mean=142 (+/-10.963325).
P2: N=10, mean=146.4 (+/-8.524261).

Agent 2 (SHUCT)
Winning score (between 0 and 1) : N=20, mean=0.4 (+/-0.22028).
P1: N=10, mean=0.4 (+/-0.32006).
P2: N=10, mean=0.4 (+/-0.32006).
Game Durations: N=20, mean=144.2 (+/-6.830471).
P1: N=10, mean=146.4 (+/-8.524261).
P2: N=10, mean=142 (+/-10.963325).
=====================================================
=====================================================
Completed 30 games.

Agent 1 (UCT)
Winning score (between 0 and 1) : N=30, mean=0.633333 (+/-0.175388).
P1: N=15, mean=0.6 (+/-0.256619).
P2: N=15, mean=0.666667 (+/-0.246932).
Game Durations: N=30, mean=147.866667 (+/-5.501816).
P1: N=15, mean=145.733333 (+/-8.247964).
P2: N=15, mean=150 (+/-7.407952).

Agent 2 (SHUCT)
Winning score (between 0 and 1) : N=30, mean=0.366667 (+/-0.175388).
P1: N=15, mean=0.333333 (+/-0.246932).
P2: N=15, mean=0.4 (+/-0.256619).
Game Durations: N=30, mean=147.866667 (+/-5.501816).
P1: N=15, mean=150 (+/-7.407952).
P2: N=15, mean=145.733333 (+/-8.247964).
=====================================================
=====================================================
Completed 40 games.

Agent 1 (UCT)
Winning score (between 0 and 1) : N=40, mean=0.6 (+/-0.153752).
P1: N=20, mean=0.55 (+/-0.223696).
P2: N=20, mean=0.65 (+/-0.214467).
Game Durations: N=40, mean=150 (+/-4.884296).
P1: N=20, mean=147.9 (+/-6.726525).
P2: N=20, mean=152.1 (+/-7.134929).

Agent 2 (SHUCT)
Winning score (between 0 and 1) : N=40, mean=0.4 (+/-0.153752).
P1: N=20, mean=0.35 (+/-0.214467).
P2: N=20, mean=0.45 (+/-0.223696).
Game Durations: N=40, mean=150 (+/-4.884296).
P1: N=20, mean=152.1 (+/-7.134929).
P2: N=20, mean=147.9 (+/-6.726525).
=====================================================
=====================================================
Completed 50 games.

Agent 1 (UCT)
Winning score (between 0 and 1) : N=50, mean=0.56 (+/-0.138986).
P1: N=25, mean=0.48 (+/-0.199877).
P2: N=25, mean=0.64 (+/-0.192036).
Game Durations: N=50, mean=151.4 (+/-4.463429).
P1: N=25, mean=148.8 (+/-5.858062).
P2: N=25, mean=154 (+/-6.698362).

Agent 2 (SHUCT)
Winning score (between 0 and 1) : N=50, mean=0.44 (+/-0.138986).
P1: N=25, mean=0.36 (+/-0.192036).
P2: N=25, mean=0.52 (+/-0.199877).
Game Durations: N=50, mean=151.4 (+/-4.463429).
P1: N=25, mean=154 (+/-6.698362).
P2: N=25, mean=148.8 (+/-5.858062).
=====================================================
=====================================================
Completed 60 games.

Agent 1 (UCT)
Winning score (between 0 and 1) : N=60, mean=0.583333 (+/-0.125798).
P1: N=30, mean=0.5 (+/-0.181978).
P2: N=30, mean=0.666667 (+/-0.17157).
Game Durations: N=60, mean=154.633333 (+/-4.233476).
P1: N=30, mean=153.266667 (+/-6.088641).
P2: N=30, mean=156 (+/-5.946338).

Agent 2 (SHUCT)
Winning score (between 0 and 1) : N=60, mean=0.416667 (+/-0.125798).
P1: N=30, mean=0.333333 (+/-0.17157).
P2: N=30, mean=0.5 (+/-0.181978).
Game Durations: N=60, mean=154.633333 (+/-4.233476).
P1: N=30, mean=156 (+/-5.946338).
P2: N=30, mean=153.266667 (+/-6.088641).
=====================================================
=====================================================
Completed 70 games.

Agent 1 (UCT)
Winning score (between 0 and 1) : N=70, mean=0.585714 (+/-0.116229).
P1: N=35, mean=0.542857 (+/-0.167447).
P2: N=35, mean=0.628571 (+/-0.162414).
Game Durations: N=70, mean=154.571429 (+/-3.813909).
P1: N=35, mean=152.742857 (+/-5.583259).
P2: N=35, mean=156.4 (+/-5.206813).

Agent 2 (SHUCT)
Winning score (between 0 and 1) : N=70, mean=0.414286 (+/-0.116229).
P1: N=35, mean=0.371429 (+/-0.162414).
P2: N=35, mean=0.457143 (+/-0.167447).
Game Durations: N=70, mean=154.571429 (+/-3.813909).
P1: N=35, mean=156.4 (+/-5.206813).
P2: N=35, mean=152.742857 (+/-5.583259).
=====================================================
=====================================================
Completed 80 games.

Agent 1 (UCT)
Winning score (between 0 and 1) : N=80, mean=0.5625 (+/-0.109392).
P1: N=40, mean=0.525 (+/-0.156726).
P2: N=40, mean=0.6 (+/-0.153752).
Game Durations: N=80, mean=153.675 (+/-3.614286).
P1: N=40, mean=152.55 (+/-5.143585).
P2: N=40, mean=154.8 (+/-5.120193).

Agent 2 (SHUCT)
Winning score (between 0 and 1) : N=80, mean=0.4375 (+/-0.109392).
P1: N=40, mean=0.4 (+/-0.153752).
P2: N=40, mean=0.475 (+/-0.156726).
Game Durations: N=80, mean=153.675 (+/-3.614286).
P1: N=40, mean=154.8 (+/-5.120193).
P2: N=40, mean=152.55 (+/-5.143585).
=====================================================
=====================================================
Completed 90 games.

Agent 1 (UCT)
Winning score (between 0 and 1) : N=90, mean=0.566667 (+/-0.10295).
P1: N=45, mean=0.533333 (+/-0.147409).
P2: N=45, mean=0.6 (+/-0.144753).
Game Durations: N=90, mean=153.422222 (+/-3.38711).
P1: N=45, mean=152.533333 (+/-4.655481).
P2: N=45, mean=154.311111 (+/-4.959846).

Agent 2 (SHUCT)
Winning score (between 0 and 1) : N=90, mean=0.433333 (+/-0.10295).
P1: N=45, mean=0.4 (+/-0.144753).
P2: N=45, mean=0.466667 (+/-0.147409).
Game Durations: N=90, mean=153.422222 (+/-3.38711).
P1: N=45, mean=154.311111 (+/-4.959846).
P2: N=45, mean=152.533333 (+/-4.655481).
=====================================================
=====================================================
Completed 100 games.

Agent 1 (UCT)
Winning score (between 0 and 1) : N=100, mean=0.54 (+/-0.098176).
P1: N=50, mean=0.5 (+/-0.139997).
P2: N=50, mean=0.58 (+/-0.138194).
Game Durations: N=100, mean=153.52 (+/-3.134015).
P1: N=50, mean=152.92 (+/-4.402536).
P2: N=50, mean=154.12 (+/-4.500037).

Agent 2 (SHUCT)
Winning score (between 0 and 1) : N=100, mean=0.46 (+/-0.098176).
P1: N=50, mean=0.42 (+/-0.138194).
P2: N=50, mean=0.5 (+/-0.139997).
Game Durations: N=100, mean=153.52 (+/-3.134015).
P1: N=50, mean=154.12 (+/-4.500037).
P2: N=50, mean=152.92 (+/-4.402536).
=====================================================
=====================================================
Completed 110 games.

Agent 1 (UCT)
Winning score (between 0 and 1) : N=110, mean=0.545455 (+/-0.093476).
P1: N=55, mean=0.509091 (+/-0.133336).
P2: N=55, mean=0.581818 (+/-0.131561).
Game Durations: N=110, mean=154.090909 (+/-2.992305).
P1: N=55, mean=153.890909 (+/-4.183497).
P2: N=55, mean=154.290909 (+/-4.31739).

Agent 2 (SHUCT)
Winning score (between 0 and 1) : N=110, mean=0.454545 (+/-0.093476).
P1: N=55, mean=0.418182 (+/-0.131561).
P2: N=55, mean=0.490909 (+/-0.133336).
Game Durations: N=110, mean=154.090909 (+/-2.992305).
P1: N=55, mean=154.290909 (+/-4.31739).
P2: N=55, mean=153.890909 (+/-4.183497).
=====================================================
=====================================================
Completed 120 games.

Agent 1 (UCT)
Winning score (between 0 and 1) : N=120, mean=0.55 (+/-0.089384).
P1: N=60, mean=0.516667 (+/-0.127512).
P2: N=60, mean=0.583333 (+/-0.125798).
Game Durations: N=120, mean=154.466667 (+/-2.841098).
P1: N=60, mean=154.433333 (+/-3.923342).
P2: N=60, mean=154.5 (+/-4.143454).

Agent 2 (SHUCT)
Winning score (between 0 and 1) : N=120, mean=0.45 (+/-0.089384).
P1: N=60, mean=0.416667 (+/-0.125798).
P2: N=60, mean=0.483333 (+/-0.127512).
Game Durations: N=120, mean=154.466667 (+/-2.841098).
P1: N=60, mean=154.5 (+/-4.143454).
P2: N=60, mean=154.433333 (+/-3.923342).
=====================================================
=====================================================
Completed 130 games.

Agent 1 (UCT)
Winning score (between 0 and 1) : N=130, mean=0.538462 (+/-0.086027).
P1: N=65, mean=0.507692 (+/-0.122483).
P2: N=65, mean=0.569231 (+/-0.121318).
Game Durations: N=130, mean=154.661538 (+/-2.6841).
P1: N=65, mean=154.184615 (+/-3.67854).
P2: N=65, mean=155.138462 (+/-3.934939).

Agent 2 (SHUCT)
Winning score (between 0 and 1) : N=130, mean=0.461538 (+/-0.086027).
P1: N=65, mean=0.430769 (+/-0.121318).
P2: N=65, mean=0.492308 (+/-0.122483).
Game Durations: N=130, mean=154.661538 (+/-2.6841).
P1: N=65, mean=155.138462 (+/-3.934939).
P2: N=65, mean=154.184615 (+/-3.67854).
=====================================================
=====================================================
Completed 140 games.

Agent 1 (UCT)
Winning score (between 0 and 1) : N=140, mean=0.535714 (+/-0.082909).
P1: N=70, mean=0.514286 (+/-0.117928).
P2: N=70, mean=0.557143 (+/-0.117203).
Game Durations: N=140, mean=154.9 (+/-2.647466).
P1: N=70, mean=154.4 (+/-3.69998).
P2: N=70, mean=155.4 (+/-3.810744).

Agent 2 (SHUCT)
Winning score (between 0 and 1) : N=140, mean=0.464286 (+/-0.082909).
P1: N=70, mean=0.442857 (+/-0.117203).
P2: N=70, mean=0.485714 (+/-0.117928).
Game Durations: N=140, mean=154.9 (+/-2.647466).
P1: N=70, mean=155.4 (+/-3.810744).
P2: N=70, mean=154.4 (+/-3.69998).
=====================================================
=====================================================
Completed 150 games.

Agent 1 (UCT)
Winning score (between 0 and 1) : N=150, mean=0.526667 (+/-0.080169).
P1: N=75, mean=0.493333 (+/-0.11391).
P2: N=75, mean=0.56 (+/-0.113097).
Game Durations: N=150, mean=155.466667 (+/-2.520883).
P1: N=75, mean=155.226667 (+/-3.541356).
P2: N=75, mean=155.706667 (+/-3.611645).

Agent 2 (SHUCT)
Winning score (between 0 and 1) : N=150, mean=0.473333 (+/-0.080169).
P1: N=75, mean=0.44 (+/-0.113097).
P2: N=75, mean=0.506667 (+/-0.11391).
Game Durations: N=150, mean=155.466667 (+/-2.520883).
P1: N=75, mean=155.706667 (+/-3.611645).
P2: N=75, mean=155.226667 (+/-3.541356).
=====================================================
