Warming up...
Finished warming up!
=====================================================
Completed 1 games.

Agent 1 (UCT)
Winning score (between 0 and 1) : N=1, mean=1 (+/-0).
P1: N=0, mean=0 (+/-0).
P2: N=1, mean=1 (+/-0).
Game Durations: N=1, mean=160 (+/-0).
P1: N=0, mean=0 (+/-0).
P2: N=1, mean=160 (+/-0).

Agent 2 (SHUCT)
Winning score (between 0 and 1) : N=1, mean=0 (+/-0).
P1: N=1, mean=0 (+/-0).
P2: N=0, mean=0 (+/-0).
Game Durations: N=1, mean=160 (+/-0).
P1: N=1, mean=160 (+/-0).
P2: N=0, mean=0 (+/-0).
=====================================================
=====================================================
Completed 2 games.

Agent 1 (UCT)
Winning score (between 0 and 1) : N=2, mean=1 (+/-0).
P1: N=1, mean=1 (+/-0).
P2: N=1, mean=1 (+/-0).
Game Durations: N=2, mean=155 (+/-9.7998).
P1: N=1, mean=150 (+/-0).
P2: N=1, mean=160 (+/-0).

Agent 2 (SHUCT)
Winning score (between 0 and 1) : N=2, mean=0 (+/-0).
P1: N=1, mean=0 (+/-0).
P2: N=1, mean=0 (+/-0).
Game Durations: N=2, mean=155 (+/-9.7998).
P1: N=1, mean=160 (+/-0).
P2: N=1, mean=150 (+/-0).
=====================================================
=====================================================
Completed 3 games.

Agent 1 (UCT)
Winning score (between 0 and 1) : N=3, mean=1 (+/-0).
P1: N=1, mean=1 (+/-0).
P2: N=2, mean=1 (+/-0).
Game Durations: N=3, mean=160.666667 (+/-12.464551).
P1: N=1, mean=150 (+/-0).
P2: N=2, mean=166 (+/-11.75976).

Agent 2 (SHUCT)
Winning score (between 0 and 1) : N=3, mean=0 (+/-0).
P1: N=2, mean=0 (+/-0).
P2: N=1, mean=0 (+/-0).
Game Durations: N=3, mean=160.666667 (+/-12.464551).
P1: N=2, mean=166 (+/-11.75976).
P2: N=1, mean=150 (+/-0).
=====================================================
=====================================================
Completed 4 games.

Agent 1 (UCT)
Winning score (between 0 and 1) : N=4, mean=0.75 (+/-0.48999).
P1: N=2, mean=0.5 (+/-0.97998).
P2: N=2, mean=1 (+/-0).
Game Durations: N=4, mean=164.5 (+/-11.581468).
P1: N=2, mean=163 (+/-25.47948).
P2: N=2, mean=166 (+/-11.75976).

Agent 2 (SHUCT)
Winning score (between 0 and 1) : N=4, mean=0.25 (+/-0.48999).
P1: N=2, mean=0 (+/-0).
P2: N=2, mean=0.5 (+/-0.97998).
Game Durations: N=4, mean=164.5 (+/-11.581468).
P1: N=2, mean=166 (+/-11.75976).
P2: N=2, mean=163 (+/-25.47948).
=====================================================
=====================================================
Completed 5 games.

Agent 1 (UCT)
Winning score (between 0 and 1) : N=5, mean=0.6 (+/-0.48009).
P1: N=2, mean=0.5 (+/-0.97998).
P2: N=3, mean=0.666667 (+/-0.65332).
Game Durations: N=5, mean=161.6 (+/-10.620018).
P1: N=2, mean=163 (+/-25.47948).
P2: N=3, mean=160.666667 (+/-12.464551).

Agent 2 (SHUCT)
Winning score (between 0 and 1) : N=5, mean=0.4 (+/-0.48009).
P1: N=3, mean=0.333333 (+/-0.65332).
P2: N=2, mean=0.5 (+/-0.97998).
Game Durations: N=5, mean=161.6 (+/-10.620018).
P1: N=3, mean=160.666667 (+/-12.464551).
P2: N=2, mean=163 (+/-25.47948).
=====================================================
=====================================================
Completed 10 games.

Agent 1 (UCT)
Winning score (between 0 and 1) : N=10, mean=0.5 (+/-0.32666).
P1: N=5, mean=0.4 (+/-0.48009).
P2: N=5, mean=0.6 (+/-0.48009).
Game Durations: N=10, mean=156.4 (+/-7.34048).
P1: N=5, mean=157.6 (+/-11.850872).
P2: N=5, mean=155.2 (+/-9.963076).

Agent 2 (SHUCT)
Winning score (between 0 and 1) : N=10, mean=0.5 (+/-0.32666).
P1: N=5, mean=0.4 (+/-0.48009).
P2: N=5, mean=0.6 (+/-0.48009).
Game Durations: N=10, mean=156.4 (+/-7.34048).
P1: N=5, mean=155.2 (+/-9.963076).
P2: N=5, mean=157.6 (+/-11.850872).
=====================================================
=====================================================
Completed 20 games.

Agent 1 (UCT)
Winning score (between 0 and 1) : N=20, mean=0.55 (+/-0.223696).
P1: N=10, mean=0.6 (+/-0.32006).
P2: N=10, mean=0.5 (+/-0.32666).
Game Durations: N=20, mean=153.7 (+/-5.337542).
P1: N=10, mean=153.2 (+/-7.734602).
P2: N=10, mean=154.2 (+/-7.762145).

Agent 2 (SHUCT)
Winning score (between 0 and 1) : N=20, mean=0.45 (+/-0.223696).
P1: N=10, mean=0.5 (+/-0.32666).
P2: N=10, mean=0.4 (+/-0.32006).
Game Durations: N=20, mean=153.7 (+/-5.337542).
P1: N=10, mean=154.2 (+/-7.762145).
P2: N=10, mean=153.2 (+/-7.734602).
=====================================================
=====================================================
Completed 30 games.

Agent 1 (UCT)
Winning score (between 0 and 1) : N=30, mean=0.6 (+/-0.178301).
P1: N=15, mean=0.6 (+/-0.256619).
P2: N=15, mean=0.6 (+/-0.256619).
Game Durations: N=30, mean=151.933333 (+/-4.500834).
P1: N=15, mean=152.133333 (+/-6.653058).
P2: N=15, mean=151.733333 (+/-6.295936).

Agent 2 (SHUCT)
Winning score (between 0 and 1) : N=30, mean=0.4 (+/-0.178301).
P1: N=15, mean=0.4 (+/-0.256619).
P2: N=15, mean=0.4 (+/-0.256619).
Game Durations: N=30, mean=151.933333 (+/-4.500834).
P1: N=15, mean=151.733333 (+/-6.295936).
P2: N=15, mean=152.133333 (+/-6.653058).
=====================================================
=====================================================
Completed 40 games.

Agent 1 (UCT)
Winning score (between 0 and 1) : N=40, mean=0.65 (+/-0.149694).
P1: N=20, mean=0.65 (+/-0.214467).
P2: N=20, mean=0.65 (+/-0.214467).
Game Durations: N=40, mean=151.7 (+/-3.963774).
P1: N=20, mean=150.3 (+/-6.120964).
P2: N=20, mean=153.1 (+/-5.122607).

Agent 2 (SHUCT)
Winning score (between 0 and 1) : N=40, mean=0.35 (+/-0.149694).
P1: N=20, mean=0.35 (+/-0.214467).
P2: N=20, mean=0.35 (+/-0.214467).
Game Durations: N=40, mean=151.7 (+/-3.963774).
P1: N=20, mean=153.1 (+/-5.122607).
P2: N=20, mean=150.3 (+/-6.120964).
=====================================================
=====================================================
Completed 50 games.

Agent 1 (UCT)
Winning score (between 0 and 1) : N=50, mean=0.6 (+/-0.137169).
P1: N=25, mean=0.64 (+/-0.192036).
P2: N=25, mean=0.56 (+/-0.198592).
Game Durations: N=50, mean=152.44 (+/-3.674293).
P1: N=25, mean=151.2 (+/-5.734349).
P2: N=25, mean=153.68 (+/-4.663881).

Agent 2 (SHUCT)
Winning score (between 0 and 1) : N=50, mean=0.4 (+/-0.137169).
P1: N=25, mean=0.44 (+/-0.198592).
P2: N=25, mean=0.36 (+/-0.192036).
Game Durations: N=50, mean=152.44 (+/-3.674293).
P1: N=25, mean=153.68 (+/-4.663881).
P2: N=25, mean=151.2 (+/-5.734349).
=====================================================
=====================================================
Completed 60 games.

Agent 1 (UCT)
Winning score (between 0 and 1) : N=60, mean=0.533333 (+/-0.127299).
P1: N=30, mean=0.566667 (+/-0.180353).
P2: N=30, mean=0.5 (+/-0.181978).
Game Durations: N=60, mean=153.2 (+/-3.544499).
P1: N=30, mean=151.533333 (+/-5.749062).
P2: N=30, mean=154.866667 (+/-4.163257).

Agent 2 (SHUCT)
Winning score (between 0 and 1) : N=60, mean=0.466667 (+/-0.127299).
P1: N=30, mean=0.5 (+/-0.181978).
P2: N=30, mean=0.433333 (+/-0.180353).
Game Durations: N=60, mean=153.2 (+/-3.544499).
P1: N=30, mean=154.866667 (+/-4.163257).
P2: N=30, mean=151.533333 (+/-5.749062).
=====================================================
=====================================================
Completed 70 games.

Agent 1 (UCT)
Winning score (between 0 and 1) : N=70, mean=0.542857 (+/-0.117542).
P1: N=35, mean=0.6 (+/-0.16467).
P2: N=35, mean=0.485714 (+/-0.167997).
Game Durations: N=70, mean=152.371429 (+/-3.224657).
P1: N=35, mean=151.257143 (+/-5.147668).
P2: N=35, mean=153.485714 (+/-3.92763).

Agent 2 (SHUCT)
Winning score (between 0 and 1) : N=70, mean=0.457143 (+/-0.117542).
P1: N=35, mean=0.514286 (+/-0.167997).
P2: N=35, mean=0.4 (+/-0.16467).
Game Durations: N=70, mean=152.371429 (+/-3.224657).
P1: N=35, mean=153.485714 (+/-3.92763).
P2: N=35, mean=151.257143 (+/-5.147668).
=====================================================
=====================================================
Completed 80 games.

Agent 1 (UCT)
Winning score (between 0 and 1) : N=80, mean=0.55 (+/-0.109704).
P1: N=40, mean=0.6 (+/-0.153752).
P2: N=40, mean=0.5 (+/-0.156922).
Game Durations: N=80, mean=153.35 (+/-3.008827).
P1: N=40, mean=152.8 (+/-4.924064).
P2: N=40, mean=153.9 (+/-3.517163).

Agent 2 (SHUCT)
Winning score (between 0 and 1) : N=80, mean=0.45 (+/-0.109704).
P1: N=40, mean=0.5 (+/-0.156922).
P2: N=40, mean=0.4 (+/-0.153752).
Game Durations: N=80, mean=153.35 (+/-3.008827).
P1: N=40, mean=153.9 (+/-3.517163).
P2: N=40, mean=152.8 (+/-4.924064).
=====================================================
=====================================================
Completed 90 games.

Agent 1 (UCT)
Winning score (between 0 and 1) : N=90, mean=0.544444 (+/-0.103466).
P1: N=45, mean=0.6 (+/-0.144753).
P2: N=45, mean=0.488889 (+/-0.147701).
Game Durations: N=90, mean=153.422222 (+/-2.933036).
P1: N=45, mean=153.911111 (+/-4.606136).
P2: N=45, mean=152.933333 (+/-3.680164).

Agent 2 (SHUCT)
Winning score (between 0 and 1) : N=90, mean=0.455556 (+/-0.103466).
P1: N=45, mean=0.511111 (+/-0.147701).
P2: N=45, mean=0.4 (+/-0.144753).
Game Durations: N=90, mean=153.422222 (+/-2.933036).
P1: N=45, mean=152.933333 (+/-3.680164).
P2: N=45, mean=153.911111 (+/-4.606136).
=====================================================
=====================================================
Completed 100 games.

Agent 1 (UCT)
Winning score (between 0 and 1) : N=100, mean=0.56 (+/-0.09778).
P1: N=50, mean=0.6 (+/-0.137169).
P2: N=50, mean=0.52 (+/-0.139885).
Game Durations: N=100, mean=154.16 (+/-2.858733).
P1: N=50, mean=153.76 (+/-4.473801).
P2: N=50, mean=154.56 (+/-3.603195).

Agent 2 (SHUCT)
Winning score (between 0 and 1) : N=100, mean=0.44 (+/-0.09778).
P1: N=50, mean=0.48 (+/-0.139885).
P2: N=50, mean=0.4 (+/-0.137169).
Game Durations: N=100, mean=154.16 (+/-2.858733).
P1: N=50, mean=154.56 (+/-3.603195).
P2: N=50, mean=153.76 (+/-4.473801).
=====================================================
=====================================================
Completed 110 games.

Agent 1 (UCT)
Winning score (between 0 and 1) : N=110, mean=0.563636 (+/-0.093102).
P1: N=55, mean=0.6 (+/-0.130664).
P2: N=55, mean=0.527273 (+/-0.13316).
Game Durations: N=110, mean=154.527273 (+/-2.878929).
P1: N=55, mean=154.727273 (+/-4.3269).
P2: N=55, mean=154.327273 (+/-3.838247).

Agent 2 (SHUCT)
Winning score (between 0 and 1) : N=110, mean=0.436364 (+/-0.093102).
P1: N=55, mean=0.472727 (+/-0.13316).
P2: N=55, mean=0.4 (+/-0.130664).
Game Durations: N=110, mean=154.527273 (+/-2.878929).
P1: N=55, mean=154.327273 (+/-3.838247).
P2: N=55, mean=154.727273 (+/-4.3269).
=====================================================
=====================================================
Completed 120 games.

Agent 1 (UCT)
Winning score (between 0 and 1) : N=120, mean=0.558333 (+/-0.089221).
P1: N=60, mean=0.6 (+/-0.125005).
P2: N=60, mean=0.516667 (+/-0.127512).
Game Durations: N=120, mean=153.816667 (+/-2.761299).
P1: N=60, mean=153.6 (+/-4.175985).
P2: N=60, mean=154.033333 (+/-3.648642).

Agent 2 (SHUCT)
Winning score (between 0 and 1) : N=120, mean=0.441667 (+/-0.089221).
P1: N=60, mean=0.483333 (+/-0.127512).
P2: N=60, mean=0.4 (+/-0.125005).
Game Durations: N=120, mean=153.816667 (+/-2.761299).
P1: N=60, mean=154.033333 (+/-3.648642).
P2: N=60, mean=153.6 (+/-4.175985).
=====================================================
=====================================================
Completed 130 games.

Agent 1 (UCT)
Winning score (between 0 and 1) : N=130, mean=0.530769 (+/-0.086119).
P1: N=65, mean=0.569231 (+/-0.121318).
P2: N=65, mean=0.492308 (+/-0.122483).
Game Durations: N=130, mean=153.323077 (+/-2.683132).
P1: N=65, mean=153.015385 (+/-4.077075).
P2: N=65, mean=153.630769 (+/-3.519639).

Agent 2 (SHUCT)
Winning score (between 0 and 1) : N=130, mean=0.469231 (+/-0.086119).
P1: N=65, mean=0.507692 (+/-0.122483).
P2: N=65, mean=0.430769 (+/-0.121318).
Game Durations: N=130, mean=153.323077 (+/-2.683132).
P1: N=65, mean=153.630769 (+/-3.519639).
P2: N=65, mean=153.015385 (+/-4.077075).
=====================================================
=====================================================
Completed 140 games.

Agent 1 (UCT)
Winning score (between 0 and 1) : N=140, mean=0.514286 (+/-0.083087).
P1: N=70, mean=0.557143 (+/-0.117203).
P2: N=70, mean=0.471429 (+/-0.117783).
Game Durations: N=140, mean=153.028571 (+/-2.565416).
P1: N=70, mean=152.6 (+/-3.901494).
P2: N=70, mean=153.457143 (+/-3.357692).

Agent 2 (SHUCT)
Winning score (between 0 and 1) : N=140, mean=0.485714 (+/-0.083087).
P1: N=70, mean=0.528571 (+/-0.117783).
P2: N=70, mean=0.442857 (+/-0.117203).
Game Durations: N=140, mean=153.028571 (+/-2.565416).
P1: N=70, mean=153.457143 (+/-3.357692).
P2: N=70, mean=152.6 (+/-3.901494).
=====================================================
=====================================================
Completed 150 games.

Agent 1 (UCT)
Winning score (between 0 and 1) : N=150, mean=0.52 (+/-0.080219).
P1: N=75, mean=0.56 (+/-0.113097).
P2: N=75, mean=0.48 (+/-0.113829).
Game Durations: N=150, mean=153.32 (+/-2.445061).
P1: N=75, mean=152.64 (+/-3.684101).
P2: N=75, mean=154 (+/-3.233305).

Agent 2 (SHUCT)
Winning score (between 0 and 1) : N=150, mean=0.48 (+/-0.080219).
P1: N=75, mean=0.52 (+/-0.113829).
P2: N=75, mean=0.44 (+/-0.113097).
Game Durations: N=150, mean=153.32 (+/-2.445061).
P1: N=75, mean=154 (+/-3.233305).
P2: N=75, mean=152.64 (+/-3.684101).
=====================================================
