Warming up...
Finished warming up!
=====================================================
Completed 1 games.

Agent 1 (Example UCT)
Winning score (between 0 and 1) : N=1, mean=1 (+/-0).
P1: N=1, mean=1 (+/-0).
P2: N=0, mean=0 (+/-0).
Game Durations: N=1, mean=174 (+/-0).
P1: N=1, mean=174 (+/-0).
P2: N=0, mean=0 (+/-0).

Agent 2 (SHUCT)
Winning score (between 0 and 1) : N=1, mean=0 (+/-0).
P1: N=0, mean=0 (+/-0).
P2: N=1, mean=0 (+/-0).
Game Durations: N=1, mean=174 (+/-0).
P1: N=0, mean=0 (+/-0).
P2: N=1, mean=174 (+/-0).
=====================================================
=====================================================
Completed 2 games.

Agent 1 (Example UCT)
Winning score (between 0 and 1) : N=2, mean=0.5 (+/-0.97998).
P1: N=1, mean=1 (+/-0).
P2: N=1, mean=0 (+/-0).
Game Durations: N=2, mean=156 (+/-35.27928).
P1: N=1, mean=174 (+/-0).
P2: N=1, mean=138 (+/-0).

Agent 2 (SHUCT)
Winning score (between 0 and 1) : N=2, mean=0.5 (+/-0.97998).
P1: N=1, mean=1 (+/-0).
P2: N=1, mean=0 (+/-0).
Game Durations: N=2, mean=156 (+/-35.27928).
P1: N=1, mean=138 (+/-0).
P2: N=1, mean=174 (+/-0).
=====================================================
=====================================================
Completed 3 games.

Agent 1 (Example UCT)
Winning score (between 0 and 1) : N=3, mean=0.666667 (+/-0.65332).
P1: N=2, mean=1 (+/-0).
P2: N=1, mean=0 (+/-0).
Game Durations: N=3, mean=148.666667 (+/-24.929102).
P1: N=2, mean=154 (+/-39.1992).
P2: N=1, mean=138 (+/-0).

Agent 2 (SHUCT)
Winning score (between 0 and 1) : N=3, mean=0.333333 (+/-0.65332).
P1: N=1, mean=1 (+/-0).
P2: N=2, mean=0 (+/-0).
Game Durations: N=3, mean=148.666667 (+/-24.929102).
P1: N=1, mean=138 (+/-0).
P2: N=2, mean=154 (+/-39.1992).
=====================================================
=====================================================
Completed 4 games.

Agent 1 (Example UCT)
Winning score (between 0 and 1) : N=4, mean=0.75 (+/-0.48999).
P1: N=2, mean=1 (+/-0).
P2: N=2, mean=0.5 (+/-0.97998).
Game Durations: N=4, mean=150.5 (+/-17.990041).
P1: N=2, mean=154 (+/-39.1992).
P2: N=2, mean=147 (+/-17.63964).

Agent 2 (SHUCT)
Winning score (between 0 and 1) : N=4, mean=0.25 (+/-0.48999).
P1: N=2, mean=0.5 (+/-0.97998).
P2: N=2, mean=0 (+/-0).
Game Durations: N=4, mean=150.5 (+/-17.990041).
P1: N=2, mean=147 (+/-17.63964).
P2: N=2, mean=154 (+/-39.1992).
=====================================================
=====================================================
Completed 5 games.

Agent 1 (Example UCT)
Winning score (between 0 and 1) : N=5, mean=0.8 (+/-0.391992).
P1: N=3, mean=1 (+/-0).
P2: N=2, mean=0.5 (+/-0.97998).
Game Durations: N=5, mean=156.8 (+/-18.618588).
P1: N=3, mean=163.333333 (+/-29.100255).
P2: N=2, mean=147 (+/-17.63964).

Agent 2 (SHUCT)
Winning score (between 0 and 1) : N=5, mean=0.2 (+/-0.391992).
P1: N=2, mean=0.5 (+/-0.97998).
P2: N=3, mean=0 (+/-0).
Game Durations: N=5, mean=156.8 (+/-18.618588).
P1: N=2, mean=147 (+/-17.63964).
P2: N=3, mean=163.333333 (+/-29.100255).
=====================================================
=====================================================
Completed 10 games.

Agent 1 (Example UCT)
Winning score (between 0 and 1) : N=10, mean=0.6 (+/-0.32006).
P1: N=5, mean=0.8 (+/-0.391992).
P2: N=5, mean=0.4 (+/-0.48009).
Game Durations: N=10, mean=163.8 (+/-11.140208).
P1: N=5, mean=168.8 (+/-17.336508).
P2: N=5, mean=158.8 (+/-14.487804).

Agent 2 (SHUCT)
Winning score (between 0 and 1) : N=10, mean=0.4 (+/-0.32006).
P1: N=5, mean=0.6 (+/-0.48009).
P2: N=5, mean=0.2 (+/-0.391992).
Game Durations: N=10, mean=163.8 (+/-11.140208).
P1: N=5, mean=158.8 (+/-14.487804).
P2: N=5, mean=168.8 (+/-17.336508).
=====================================================
=====================================================
Completed 20 games.

Agent 1 (Example UCT)
Winning score (between 0 and 1) : N=20, mean=0.5 (+/-0.224823).
P1: N=10, mean=0.5 (+/-0.32666).
P2: N=10, mean=0.5 (+/-0.32666).
Game Durations: N=20, mean=156.4 (+/-9.156005).
P1: N=10, mean=156.6 (+/-14.550714).
P2: N=10, mean=156.2 (+/-11.924835).

Agent 2 (SHUCT)
Winning score (between 0 and 1) : N=20, mean=0.5 (+/-0.224823).
P1: N=10, mean=0.5 (+/-0.32666).
P2: N=10, mean=0.5 (+/-0.32666).
Game Durations: N=20, mean=156.4 (+/-9.156005).
P1: N=10, mean=156.2 (+/-11.924835).
P2: N=10, mean=156.6 (+/-14.550714).
=====================================================
=====================================================
Completed 30 games.

Agent 1 (Example UCT)
Winning score (between 0 and 1) : N=30, mean=0.433333 (+/-0.180353).
P1: N=15, mean=0.333333 (+/-0.246932).
P2: N=15, mean=0.533333 (+/-0.261328).
Game Durations: N=30, mean=155.866667 (+/-6.797127).
P1: N=15, mean=152.933333 (+/-10.689835).
P2: N=15, mean=158.8 (+/-8.50937).

Agent 2 (SHUCT)
Winning score (between 0 and 1) : N=30, mean=0.566667 (+/-0.180353).
P1: N=15, mean=0.466667 (+/-0.261328).
P2: N=15, mean=0.666667 (+/-0.246932).
Game Durations: N=30, mean=155.866667 (+/-6.797127).
P1: N=15, mean=158.8 (+/-8.50937).
P2: N=15, mean=152.933333 (+/-10.689835).
=====================================================
=====================================================
Completed 40 games.

Agent 1 (Example UCT)
Winning score (between 0 and 1) : N=40, mean=0.475 (+/-0.156726).
P1: N=20, mean=0.35 (+/-0.214467).
P2: N=20, mean=0.6 (+/-0.22028).
Game Durations: N=40, mean=156.25 (+/-5.785629).
P1: N=20, mean=152.3 (+/-9.273063).
P2: N=20, mean=160.2 (+/-6.71705).

Agent 2 (SHUCT)
Winning score (between 0 and 1) : N=40, mean=0.525 (+/-0.156726).
P1: N=20, mean=0.4 (+/-0.22028).
P2: N=20, mean=0.65 (+/-0.214467).
Game Durations: N=40, mean=156.25 (+/-5.785629).
P1: N=20, mean=160.2 (+/-6.71705).
P2: N=20, mean=152.3 (+/-9.273063).
=====================================================
=====================================================
Completed 50 games.

Agent 1 (Example UCT)
Winning score (between 0 and 1) : N=50, mean=0.52 (+/-0.139885).
P1: N=25, mean=0.4 (+/-0.195996).
P2: N=25, mean=0.64 (+/-0.192036).
Game Durations: N=50, mean=155.4 (+/-5.116776).
P1: N=25, mean=152 (+/-8.156825).
P2: N=25, mean=158.8 (+/-6.055822).

Agent 2 (SHUCT)
Winning score (between 0 and 1) : N=50, mean=0.48 (+/-0.139885).
P1: N=25, mean=0.36 (+/-0.192036).
P2: N=25, mean=0.6 (+/-0.195996).
Game Durations: N=50, mean=155.4 (+/-5.116776).
P1: N=25, mean=158.8 (+/-6.055822).
P2: N=25, mean=152 (+/-8.156825).
=====================================================
=====================================================
Completed 60 games.

Agent 1 (Example UCT)
Winning score (between 0 and 1) : N=60, mean=0.533333 (+/-0.127299).
P1: N=30, mean=0.433333 (+/-0.180353).
P2: N=30, mean=0.633333 (+/-0.175388).
Game Durations: N=60, mean=155.333333 (+/-4.521216).
P1: N=30, mean=154.333333 (+/-7.156968).
P2: N=30, mean=156.333333 (+/-5.62923).

Agent 2 (SHUCT)
Winning score (between 0 and 1) : N=60, mean=0.466667 (+/-0.127299).
P1: N=30, mean=0.366667 (+/-0.175388).
P2: N=30, mean=0.566667 (+/-0.180353).
Game Durations: N=60, mean=155.333333 (+/-4.521216).
P1: N=30, mean=156.333333 (+/-5.62923).
P2: N=30, mean=154.333333 (+/-7.156968).
=====================================================
=====================================================
Completed 70 games.

Agent 1 (Example UCT)
Winning score (between 0 and 1) : N=70, mean=0.485714 (+/-0.117928).
P1: N=35, mean=0.4 (+/-0.16467).
P2: N=35, mean=0.571429 (+/-0.166341).
Game Durations: N=70, mean=155.342857 (+/-3.969696).
P1: N=35, mean=154.971429 (+/-6.298931).
P2: N=35, mean=155.714286 (+/-4.924754).

Agent 2 (SHUCT)
Winning score (between 0 and 1) : N=70, mean=0.514286 (+/-0.117928).
P1: N=35, mean=0.428571 (+/-0.166341).
P2: N=35, mean=0.6 (+/-0.16467).
Game Durations: N=70, mean=155.342857 (+/-3.969696).
P1: N=35, mean=155.714286 (+/-4.924754).
P2: N=35, mean=154.971429 (+/-6.298931).
=====================================================
=====================================================
Completed 80 games.

Agent 1 (Example UCT)
Winning score (between 0 and 1) : N=80, mean=0.4875 (+/-0.110222).
P1: N=40, mean=0.45 (+/-0.156136).
P2: N=40, mean=0.525 (+/-0.156726).
Game Durations: N=80, mean=154.475 (+/-3.790795).
P1: N=40, mean=155.4 (+/-5.699891).
P2: N=40, mean=153.55 (+/-5.055702).

Agent 2 (SHUCT)
Winning score (between 0 and 1) : N=80, mean=0.5125 (+/-0.110222).
P1: N=40, mean=0.475 (+/-0.156726).
P2: N=40, mean=0.55 (+/-0.156136).
Game Durations: N=80, mean=154.475 (+/-3.790795).
P1: N=40, mean=153.55 (+/-5.055702).
P2: N=40, mean=155.4 (+/-5.699891).
=====================================================
=====================================================
Completed 90 games.

Agent 1 (Example UCT)
Winning score (between 0 and 1) : N=90, mean=0.466667 (+/-0.103647).
P1: N=45, mean=0.444444 (+/-0.146823).
P2: N=45, mean=0.488889 (+/-0.147701).
Game Durations: N=90, mean=154.2 (+/-3.56525).
P1: N=45, mean=155.822222 (+/-5.337955).
P2: N=45, mean=152.577778 (+/-4.740097).

Agent 2 (SHUCT)
Winning score (between 0 and 1) : N=90, mean=0.533333 (+/-0.103647).
P1: N=45, mean=0.511111 (+/-0.147701).
P2: N=45, mean=0.555556 (+/-0.146823).
Game Durations: N=90, mean=154.2 (+/-3.56525).
P1: N=45, mean=152.577778 (+/-4.740097).
P2: N=45, mean=155.822222 (+/-5.337955).
=====================================================
=====================================================
Completed 100 games.

Agent 1 (Example UCT)
Winning score (between 0 and 1) : N=100, mean=0.46 (+/-0.098176).
P1: N=50, mean=0.44 (+/-0.138986).
P2: N=50, mean=0.48 (+/-0.139885).
Game Durations: N=100, mean=155.12 (+/-3.281211).
P1: N=50, mean=157.04 (+/-4.920563).
P2: N=50, mean=153.2 (+/-4.32607).

Agent 2 (SHUCT)
Winning score (between 0 and 1) : N=100, mean=0.54 (+/-0.098176).
P1: N=50, mean=0.52 (+/-0.139885).
P2: N=50, mean=0.56 (+/-0.138986).
Game Durations: N=100, mean=155.12 (+/-3.281211).
P1: N=50, mean=153.2 (+/-4.32607).
P2: N=50, mean=157.04 (+/-4.920563).
=====================================================
=====================================================
Completed 110 games.

Agent 1 (Example UCT)
Winning score (between 0 and 1) : N=110, mean=0.463636 (+/-0.093616).
P1: N=55, mean=0.454545 (+/-0.132806).
P2: N=55, mean=0.472727 (+/-0.13316).
Game Durations: N=110, mean=155.163636 (+/-3.059224).
P1: N=55, mean=155.890909 (+/-4.585857).
P2: N=55, mean=154.436364 (+/-4.08371).

Agent 2 (SHUCT)
Winning score (between 0 and 1) : N=110, mean=0.536364 (+/-0.093616).
P1: N=55, mean=0.527273 (+/-0.13316).
P2: N=55, mean=0.545455 (+/-0.132806).
Game Durations: N=110, mean=155.163636 (+/-3.059224).
P1: N=55, mean=154.436364 (+/-4.08371).
P2: N=55, mean=155.890909 (+/-4.585857).
=====================================================
=====================================================
Completed 120 games.

Agent 1 (Example UCT)
Winning score (between 0 and 1) : N=120, mean=0.466667 (+/-0.089635).
P1: N=60, mean=0.45 (+/-0.126943).
P2: N=60, mean=0.483333 (+/-0.127512).
Game Durations: N=120, mean=155.533333 (+/-2.864108).
P1: N=60, mean=155.766667 (+/-4.283016).
P2: N=60, mean=155.3 (+/-3.839167).

Agent 2 (SHUCT)
Winning score (between 0 and 1) : N=120, mean=0.533333 (+/-0.089635).
P1: N=60, mean=0.516667 (+/-0.127512).
P2: N=60, mean=0.55 (+/-0.126943).
Game Durations: N=120, mean=155.533333 (+/-2.864108).
P1: N=60, mean=155.3 (+/-3.839167).
P2: N=60, mean=155.766667 (+/-4.283016).
=====================================================
=====================================================
Completed 130 games.

Agent 1 (Example UCT)
Winning score (between 0 and 1) : N=130, mean=0.461538 (+/-0.086027).
P1: N=65, mean=0.446154 (+/-0.121785).
P2: N=65, mean=0.476923 (+/-0.122367).
Game Durations: N=130, mean=155.338462 (+/-2.696021).
P1: N=65, mean=155.6 (+/-4.038001).
P2: N=65, mean=155.076923 (+/-3.603831).

Agent 2 (SHUCT)
Winning score (between 0 and 1) : N=130, mean=0.538462 (+/-0.086027).
P1: N=65, mean=0.523077 (+/-0.122367).
P2: N=65, mean=0.553846 (+/-0.121785).
Game Durations: N=130, mean=155.338462 (+/-2.696021).
P1: N=65, mean=155.076923 (+/-3.603831).
P2: N=65, mean=155.6 (+/-4.038001).
=====================================================
=====================================================
Completed 140 games.

Agent 1 (Example UCT)
Winning score (between 0 and 1) : N=140, mean=0.471429 (+/-0.082985).
P1: N=70, mean=0.442857 (+/-0.117203).
P2: N=70, mean=0.5 (+/-0.117976).
Game Durations: N=140, mean=155.571429 (+/-2.579015).
P1: N=70, mean=155.514286 (+/-3.819987).
P2: N=70, mean=155.628571 (+/-3.493623).

Agent 2 (SHUCT)
Winning score (between 0 and 1) : N=140, mean=0.528571 (+/-0.082985).
P1: N=70, mean=0.5 (+/-0.117976).
P2: N=70, mean=0.557143 (+/-0.117203).
Game Durations: N=140, mean=155.571429 (+/-2.579015).
P1: N=70, mean=155.628571 (+/-3.493623).
P2: N=70, mean=155.514286 (+/-3.819987).
=====================================================
=====================================================
Completed 150 games.

Agent 1 (Example UCT)
Winning score (between 0 and 1) : N=150, mean=0.48 (+/-0.080219).
P1: N=75, mean=0.453333 (+/-0.113423).
P2: N=75, mean=0.506667 (+/-0.11391).
Game Durations: N=150, mean=156.04 (+/-2.466238).
P1: N=75, mean=155.946667 (+/-3.634021).
P2: N=75, mean=156.133333 (+/-3.359567).

Agent 2 (SHUCT)
Winning score (between 0 and 1) : N=150, mean=0.52 (+/-0.080219).
P1: N=75, mean=0.493333 (+/-0.11391).
P2: N=75, mean=0.546667 (+/-0.113423).
Game Durations: N=150, mean=156.04 (+/-2.466238).
P1: N=75, mean=156.133333 (+/-3.359567).
P2: N=75, mean=155.946667 (+/-3.634021).
=====================================================
