Warming up...
Finished warming up!
=====================================================
Completed 1 games.

Agent 1 (UCT)
Winning score (between 0 and 1) : N=1, mean=0 (+/-0).
P1: N=0, mean=0 (+/-0).
P2: N=1, mean=0 (+/-0).
Game Durations: N=1, mean=174 (+/-0).
P1: N=0, mean=0 (+/-0).
P2: N=1, mean=174 (+/-0).

Agent 2 (SHUCT)
Winning score (between 0 and 1) : N=1, mean=1 (+/-0).
P1: N=1, mean=1 (+/-0).
P2: N=0, mean=0 (+/-0).
Game Durations: N=1, mean=174 (+/-0).
P1: N=1, mean=174 (+/-0).
P2: N=0, mean=0 (+/-0).
=====================================================
=====================================================
Completed 2 games.

Agent 1 (UCT)
Winning score (between 0 and 1) : N=2, mean=0 (+/-0).
P1: N=1, mean=0 (+/-0).
P2: N=1, mean=0 (+/-0).
Game Durations: N=2, mean=163 (+/-21.55956).
P1: N=1, mean=152 (+/-0).
P2: N=1, mean=174 (+/-0).

Agent 2 (SHUCT)
Winning score (between 0 and 1) : N=2, mean=1 (+/-0).
P1: N=1, mean=1 (+/-0).
P2: N=1, mean=1 (+/-0).
Game Durations: N=2, mean=163 (+/-21.55956).
P1: N=1, mean=174 (+/-0).
P2: N=1, mean=152 (+/-0).
=====================================================
=====================================================
Completed 3 games.

Agent 1 (UCT)
Winning score (between 0 and 1) : N=3, mean=0.333333 (+/-0.65332).
P1: N=1, mean=0 (+/-0).
P2: N=2, mean=0.5 (+/-0.97998).
Game Durations: N=3, mean=155.333333 (+/-19.512296).
P1: N=1, mean=152 (+/-0).
P2: N=2, mean=157 (+/-33.31932).

Agent 2 (SHUCT)
Winning score (between 0 and 1) : N=3, mean=0.666667 (+/-0.65332).
P1: N=2, mean=0.5 (+/-0.97998).
P2: N=1, mean=1 (+/-0).
Game Durations: N=3, mean=155.333333 (+/-19.512296).
P1: N=2, mean=157 (+/-33.31932).
P2: N=1, mean=152 (+/-0).
=====================================================
=====================================================
Completed 4 games.

Agent 1 (UCT)
Winning score (between 0 and 1) : N=4, mean=0.25 (+/-0.48999).
P1: N=2, mean=0 (+/-0).
P2: N=2, mean=0.5 (+/-0.97998).
Game Durations: N=4, mean=155.5 (+/-13.801143).
P1: N=2, mean=154 (+/-3.91992).
P2: N=2, mean=157 (+/-33.31932).

Agent 2 (SHUCT)
Winning score (between 0 and 1) : N=4, mean=0.75 (+/-0.48999).
P1: N=2, mean=0.5 (+/-0.97998).
P2: N=2, mean=1 (+/-0).
Game Durations: N=4, mean=155.5 (+/-13.801143).
P1: N=2, mean=157 (+/-33.31932).
P2: N=2, mean=154 (+/-3.91992).
=====================================================
=====================================================
Completed 5 games.

Agent 1 (UCT)
Winning score (between 0 and 1) : N=5, mean=0.4 (+/-0.48009).
P1: N=2, mean=0 (+/-0).
P2: N=3, mean=0.666667 (+/-0.65332).
Game Durations: N=5, mean=158 (+/-11.75976).
P1: N=2, mean=154 (+/-3.91992).
P2: N=3, mean=160.666667 (+/-20.53546).

Agent 2 (SHUCT)
Winning score (between 0 and 1) : N=5, mean=0.6 (+/-0.48009).
P1: N=3, mean=0.333333 (+/-0.65332).
P2: N=2, mean=1 (+/-0).
Game Durations: N=5, mean=158 (+/-11.75976).
P1: N=3, mean=160.666667 (+/-20.53546).
P2: N=2, mean=154 (+/-3.91992).
=====================================================
=====================================================
Completed 10 games.

Agent 1 (UCT)
Winning score (between 0 and 1) : N=10, mean=0.7 (+/-0.299389).
P1: N=5, mean=0.6 (+/-0.48009).
P2: N=5, mean=0.8 (+/-0.391992).
Game Durations: N=10, mean=160.8 (+/-9.76402).
P1: N=5, mean=155.6 (+/-14.424027).
P2: N=5, mean=166 (+/-13.000904).

Agent 2 (SHUCT)
Winning score (between 0 and 1) : N=10, mean=0.3 (+/-0.299389).
P1: N=5, mean=0.2 (+/-0.391992).
P2: N=5, mean=0.4 (+/-0.48009).
Game Durations: N=10, mean=160.8 (+/-9.76402).
P1: N=5, mean=166 (+/-13.000904).
P2: N=5, mean=155.6 (+/-14.424027).
=====================================================
=====================================================
Completed 20 games.

Agent 1 (UCT)
Winning score (between 0 and 1) : N=20, mean=0.6 (+/-0.22028).
P1: N=10, mean=0.5 (+/-0.32666).
P2: N=10, mean=0.7 (+/-0.299389).
Game Durations: N=20, mean=160.4 (+/-6.569137).
P1: N=10, mean=157.8 (+/-10.195979).
P2: N=10, mean=163 (+/-8.513238).

Agent 2 (SHUCT)
Winning score (between 0 and 1) : N=20, mean=0.4 (+/-0.22028).
P1: N=10, mean=0.3 (+/-0.299389).
P2: N=10, mean=0.5 (+/-0.32666).
Game Durations: N=20, mean=160.4 (+/-6.569137).
P1: N=10, mean=163 (+/-8.513238).
P2: N=10, mean=157.8 (+/-10.195979).
=====================================================
=====================================================
Completed 30 games.

Agent 1 (UCT)
Winning score (between 0 and 1) : N=30, mean=0.633333 (+/-0.175388).
P1: N=15, mean=0.533333 (+/-0.261328).
P2: N=15, mean=0.733333 (+/-0.231643).
Game Durations: N=30, mean=160.533333 (+/-4.889962).
P1: N=15, mean=157.066667 (+/-7.175821).
P2: N=15, mean=164 (+/-6.401203).

Agent 2 (SHUCT)
Winning score (between 0 and 1) : N=30, mean=0.366667 (+/-0.175388).
P1: N=15, mean=0.266667 (+/-0.231643).
P2: N=15, mean=0.466667 (+/-0.261328).
Game Durations: N=30, mean=160.533333 (+/-4.889962).
P1: N=15, mean=164 (+/-6.401203).
P2: N=15, mean=157.066667 (+/-7.175821).
=====================================================
=====================================================
Completed 40 games.

Agent 1 (UCT)
Winning score (between 0 and 1) : N=40, mean=0.65 (+/-0.149694).
P1: N=20, mean=0.6 (+/-0.22028).
P2: N=20, mean=0.7 (+/-0.206054).
Game Durations: N=40, mean=159.5 (+/-4.370789).
P1: N=20, mean=156.4 (+/-6.763245).
P2: N=20, mean=162.6 (+/-5.366441).

Agent 2 (SHUCT)
Winning score (between 0 and 1) : N=40, mean=0.35 (+/-0.149694).
P1: N=20, mean=0.3 (+/-0.206054).
P2: N=20, mean=0.4 (+/-0.22028).
Game Durations: N=40, mean=159.5 (+/-4.370789).
P1: N=20, mean=162.6 (+/-5.366441).
P2: N=20, mean=156.4 (+/-6.763245).
=====================================================
=====================================================
Completed 50 games.

Agent 1 (UCT)
Winning score (between 0 and 1) : N=50, mean=0.62 (+/-0.135905).
P1: N=25, mean=0.6 (+/-0.195996).
P2: N=25, mean=0.64 (+/-0.192036).
Game Durations: N=50, mean=158.16 (+/-4.289439).
P1: N=25, mean=154.32 (+/-6.491305).
P2: N=25, mean=162 (+/-5.317238).

Agent 2 (SHUCT)
Winning score (between 0 and 1) : N=50, mean=0.38 (+/-0.135905).
P1: N=25, mean=0.36 (+/-0.192036).
P2: N=25, mean=0.4 (+/-0.195996).
Game Durations: N=50, mean=158.16 (+/-4.289439).
P1: N=25, mean=162 (+/-5.317238).
P2: N=25, mean=154.32 (+/-6.491305).
=====================================================
=====================================================
Completed 60 games.

Agent 1 (UCT)
Winning score (between 0 and 1) : N=60, mean=0.583333 (+/-0.125798).
P1: N=30, mean=0.566667 (+/-0.180353).
P2: N=30, mean=0.6 (+/-0.178301).
Game Durations: N=60, mean=158.233333 (+/-3.982637).
P1: N=30, mean=154.866667 (+/-5.900669).
P2: N=30, mean=161.6 (+/-5.169021).

Agent 2 (SHUCT)
Winning score (between 0 and 1) : N=60, mean=0.416667 (+/-0.125798).
P1: N=30, mean=0.4 (+/-0.178301).
P2: N=30, mean=0.433333 (+/-0.180353).
Game Durations: N=60, mean=158.233333 (+/-3.982637).
P1: N=30, mean=161.6 (+/-5.169021).
P2: N=30, mean=154.866667 (+/-5.900669).
=====================================================
=====================================================
Completed 70 games.

Agent 1 (UCT)
Winning score (between 0 and 1) : N=70, mean=0.557143 (+/-0.117203).
P1: N=35, mean=0.571429 (+/-0.166341).
P2: N=35, mean=0.542857 (+/-0.167447).
Game Durations: N=70, mean=157.828571 (+/-3.690633).
P1: N=35, mean=154.742857 (+/-5.337321).
P2: N=35, mean=160.914286 (+/-4.964448).

Agent 2 (SHUCT)
Winning score (between 0 and 1) : N=70, mean=0.442857 (+/-0.117203).
P1: N=35, mean=0.457143 (+/-0.167447).
P2: N=35, mean=0.428571 (+/-0.166341).
Game Durations: N=70, mean=157.828571 (+/-3.690633).
P1: N=35, mean=160.914286 (+/-4.964448).
P2: N=35, mean=154.742857 (+/-5.337321).
=====================================================
=====================================================
Completed 80 games.

Agent 1 (UCT)
Winning score (between 0 and 1) : N=80, mean=0.575 (+/-0.109009).
P1: N=40, mean=0.6 (+/-0.153752).
P2: N=40, mean=0.55 (+/-0.156136).
Game Durations: N=80, mean=157.8 (+/-3.357736).
P1: N=40, mean=155.4 (+/-4.722712).
P2: N=40, mean=160.2 (+/-4.715616).

Agent 2 (SHUCT)
Winning score (between 0 and 1) : N=80, mean=0.425 (+/-0.109009).
P1: N=40, mean=0.45 (+/-0.156136).
P2: N=40, mean=0.4 (+/-0.153752).
Game Durations: N=80, mean=157.8 (+/-3.357736).
P1: N=40, mean=160.2 (+/-4.715616).
P2: N=40, mean=155.4 (+/-4.722712).
=====================================================
=====================================================
Completed 90 games.

Agent 1 (UCT)
Winning score (between 0 and 1) : N=90, mean=0.6 (+/-0.101779).
P1: N=45, mean=0.6 (+/-0.144753).
P2: N=45, mean=0.6 (+/-0.144753).
Game Durations: N=90, mean=157.222222 (+/-3.138684).
P1: N=45, mean=155.066667 (+/-4.46175).
P2: N=45, mean=159.377778 (+/-4.374313).

Agent 2 (SHUCT)
Winning score (between 0 and 1) : N=90, mean=0.4 (+/-0.101779).
P1: N=45, mean=0.4 (+/-0.144753).
P2: N=45, mean=0.4 (+/-0.144753).
Game Durations: N=90, mean=157.222222 (+/-3.138684).
P1: N=45, mean=159.377778 (+/-4.374313).
P2: N=45, mean=155.066667 (+/-4.46175).
=====================================================
=====================================================
Completed 100 games.

Agent 1 (UCT)
Winning score (between 0 and 1) : N=100, mean=0.57 (+/-0.097522).
P1: N=50, mean=0.58 (+/-0.138194).
P2: N=50, mean=0.56 (+/-0.138986).
Game Durations: N=100, mean=157.94 (+/-2.964167).
P1: N=50, mean=156.28 (+/-4.223383).
P2: N=50, mean=159.6 (+/-4.151476).

Agent 2 (SHUCT)
Winning score (between 0 and 1) : N=100, mean=0.43 (+/-0.097522).
P1: N=50, mean=0.44 (+/-0.138986).
P2: N=50, mean=0.42 (+/-0.138194).
Game Durations: N=100, mean=157.94 (+/-2.964167).
P1: N=50, mean=159.6 (+/-4.151476).
P2: N=50, mean=156.28 (+/-4.223383).
=====================================================
=====================================================
Completed 110 games.

Agent 1 (UCT)
Winning score (between 0 and 1) : N=110, mean=0.554545 (+/-0.093305).
P1: N=55, mean=0.563636 (+/-0.132274).
P2: N=55, mean=0.545455 (+/-0.132806).
Game Durations: N=110, mean=157.781818 (+/-2.901396).
P1: N=55, mean=155.818182 (+/-4.014175).
P2: N=55, mean=159.745455 (+/-4.161968).

Agent 2 (SHUCT)
Winning score (between 0 and 1) : N=110, mean=0.445455 (+/-0.093305).
P1: N=55, mean=0.454545 (+/-0.132806).
P2: N=55, mean=0.436364 (+/-0.132274).
Game Durations: N=110, mean=157.781818 (+/-2.901396).
P1: N=55, mean=159.745455 (+/-4.161968).
P2: N=55, mean=155.818182 (+/-4.014175).
=====================================================
=====================================================
Completed 120 games.

Agent 1 (UCT)
Winning score (between 0 and 1) : N=120, mean=0.558333 (+/-0.089221).
P1: N=60, mean=0.583333 (+/-0.125798).
P2: N=60, mean=0.533333 (+/-0.127299).
Game Durations: N=120, mean=158.116667 (+/-2.834865).
P1: N=60, mean=156.566667 (+/-3.869873).
P2: N=60, mean=159.666667 (+/-4.138781).

Agent 2 (SHUCT)
Winning score (between 0 and 1) : N=120, mean=0.441667 (+/-0.089221).
P1: N=60, mean=0.466667 (+/-0.127299).
P2: N=60, mean=0.416667 (+/-0.125798).
Game Durations: N=120, mean=158.116667 (+/-2.834865).
P1: N=60, mean=159.666667 (+/-4.138781).
P2: N=60, mean=156.566667 (+/-3.869873).
=====================================================
=====================================================
Completed 130 games.

Agent 1 (UCT)
Winning score (between 0 and 1) : N=130, mean=0.553846 (+/-0.085781).
P1: N=65, mean=0.584615 (+/-0.120731).
P2: N=65, mean=0.523077 (+/-0.122367).
Game Durations: N=130, mean=158.261538 (+/-2.722064).
P1: N=65, mean=156.861538 (+/-3.723695).
P2: N=65, mean=159.661538 (+/-3.971007).

Agent 2 (SHUCT)
Winning score (between 0 and 1) : N=130, mean=0.446154 (+/-0.085781).
P1: N=65, mean=0.476923 (+/-0.122367).
P2: N=65, mean=0.415385 (+/-0.120731).
Game Durations: N=130, mean=158.261538 (+/-2.722064).
P1: N=65, mean=159.661538 (+/-3.971007).
P2: N=65, mean=156.861538 (+/-3.723695).
=====================================================
=====================================================
Completed 140 games.

Agent 1 (UCT)
Winning score (between 0 and 1) : N=140, mean=0.557143 (+/-0.082576).
P1: N=70, mean=0.585714 (+/-0.116229).
P2: N=70, mean=0.528571 (+/-0.117783).
Game Durations: N=140, mean=158.228571 (+/-2.567447).
P1: N=70, mean=156.771429 (+/-3.518124).
P2: N=70, mean=159.685714 (+/-3.734245).

Agent 2 (SHUCT)
Winning score (between 0 and 1) : N=140, mean=0.442857 (+/-0.082576).
P1: N=70, mean=0.471429 (+/-0.117783).
P2: N=70, mean=0.414286 (+/-0.116229).
Game Durations: N=140, mean=158.228571 (+/-2.567447).
P1: N=70, mean=159.685714 (+/-3.734245).
P2: N=70, mean=156.771429 (+/-3.518124).
=====================================================
=====================================================
Completed 150 games.

Agent 1 (UCT)
Winning score (between 0 and 1) : N=150, mean=0.553333 (+/-0.079825).
P1: N=75, mean=0.573333 (+/-0.112688).
P2: N=75, mean=0.533333 (+/-0.113667).
Game Durations: N=150, mean=157.6 (+/-2.51688).
P1: N=75, mean=156.4 (+/-3.488667).
P2: N=75, mean=158.8 (+/-3.631755).

Agent 2 (SHUCT)
Winning score (between 0 and 1) : N=150, mean=0.446667 (+/-0.079825).
P1: N=75, mean=0.466667 (+/-0.113667).
P2: N=75, mean=0.426667 (+/-0.112688).
Game Durations: N=150, mean=157.6 (+/-2.51688).
P1: N=75, mean=158.8 (+/-3.631755).
P2: N=75, mean=156.4 (+/-3.488667).
=====================================================
