Warming up...
Finished warming up!
=====================================================
Completed 1 games.

Agent 1 (Example UCT)
Winning score (between 0 and 1) : N=1, mean=0 (+/-0).
P1: N=1, mean=0 (+/-0).
P2: N=0, mean=0 (+/-0).
Game Durations: N=1, mean=152 (+/-0).
P1: N=1, mean=152 (+/-0).
P2: N=0, mean=0 (+/-0).

Agent 2 (SHUCT)
Winning score (between 0 and 1) : N=1, mean=1 (+/-0).
P1: N=0, mean=0 (+/-0).
P2: N=1, mean=1 (+/-0).
Game Durations: N=1, mean=152 (+/-0).
P1: N=0, mean=0 (+/-0).
P2: N=1, mean=152 (+/-0).
=====================================================
=====================================================
Completed 2 games.

Agent 1 (Example UCT)
Winning score (between 0 and 1) : N=2, mean=0.5 (+/-0.97998).
P1: N=1, mean=0 (+/-0).
P2: N=1, mean=1 (+/-0).
Game Durations: N=2, mean=158 (+/-11.75976).
P1: N=1, mean=152 (+/-0).
P2: N=1, mean=164 (+/-0).

Agent 2 (SHUCT)
Winning score (between 0 and 1) : N=2, mean=0.5 (+/-0.97998).
P1: N=1, mean=0 (+/-0).
P2: N=1, mean=1 (+/-0).
Game Durations: N=2, mean=158 (+/-11.75976).
P1: N=1, mean=164 (+/-0).
P2: N=1, mean=152 (+/-0).
=====================================================
=====================================================
Completed 3 games.

Agent 1 (Example UCT)
Winning score (between 0 and 1) : N=3, mean=0.666667 (+/-0.65332).
P1: N=2, mean=0.5 (+/-0.97998).
P2: N=1, mean=1 (+/-0).
Game Durations: N=3, mean=158 (+/-6.789501).
P1: N=2, mean=155 (+/-5.87988).
P2: N=1, mean=164 (+/-0).

Agent 2 (SHUCT)
Winning score (between 0 and 1) : N=3, mean=0.333333 (+/-0.65332).
P1: N=1, mean=0 (+/-0).
P2: N=2, mean=0.5 (+/-0.97998).
Game Durations: N=3, mean=158 (+/-6.789501).
P1: N=1, mean=164 (+/-0).
P2: N=2, mean=155 (+/-5.87988).
=====================================================
=====================================================
Completed 4 games.

Agent 1 (Example UCT)
Winning score (between 0 and 1) : N=4, mean=0.75 (+/-0.48999).
P1: N=2, mean=0.5 (+/-0.97998).
P2: N=2, mean=1 (+/-0).
Game Durations: N=4, mean=155.5 (+/-6.85986).
P1: N=2, mean=155 (+/-5.87988).
P2: N=2, mean=156 (+/-15.67968).

Agent 2 (SHUCT)
Winning score (between 0 and 1) : N=4, mean=0.25 (+/-0.48999).
P1: N=2, mean=0 (+/-0).
P2: N=2, mean=0.5 (+/-0.97998).
Game Durations: N=4, mean=155.5 (+/-6.85986).
P1: N=2, mean=156 (+/-15.67968).
P2: N=2, mean=155 (+/-5.87988).
=====================================================
=====================================================
Completed 5 games.

Agent 1 (Example UCT)
Winning score (between 0 and 1) : N=5, mean=0.6 (+/-0.48009).
P1: N=3, mean=0.333333 (+/-0.65332).
P2: N=2, mean=1 (+/-0).
Game Durations: N=5, mean=158 (+/-7.227975).
P1: N=3, mean=159.333333 (+/-9.14648).
P2: N=2, mean=156 (+/-15.67968).

Agent 2 (SHUCT)
Winning score (between 0 and 1) : N=5, mean=0.4 (+/-0.48009).
P1: N=2, mean=0 (+/-0).
P2: N=3, mean=0.666667 (+/-0.65332).
Game Durations: N=5, mean=158 (+/-7.227975).
P1: N=2, mean=156 (+/-15.67968).
P2: N=3, mean=159.333333 (+/-9.14648).
=====================================================
=====================================================
Completed 10 games.

Agent 1 (Example UCT)
Winning score (between 0 and 1) : N=10, mean=0.7 (+/-0.299389).
P1: N=5, mean=0.6 (+/-0.48009).
P2: N=5, mean=0.8 (+/-0.391992).
Game Durations: N=10, mean=155.6 (+/-4.123686).
P1: N=5, mean=156.4 (+/-6.247324).
P2: N=5, mean=154.8 (+/-6.021895).

Agent 2 (SHUCT)
Winning score (between 0 and 1) : N=10, mean=0.3 (+/-0.299389).
P1: N=5, mean=0.2 (+/-0.391992).
P2: N=5, mean=0.4 (+/-0.48009).
Game Durations: N=10, mean=155.6 (+/-4.123686).
P1: N=5, mean=154.8 (+/-6.021895).
P2: N=5, mean=156.4 (+/-6.247324).
=====================================================
=====================================================
Completed 20 games.

Agent 1 (Example UCT)
Winning score (between 0 and 1) : N=20, mean=0.55 (+/-0.223696).
P1: N=10, mean=0.4 (+/-0.32006).
P2: N=10, mean=0.7 (+/-0.299389).
Game Durations: N=20, mean=157.7 (+/-4.220686).
P1: N=10, mean=157.6 (+/-6.150931).
P2: N=10, mean=157.8 (+/-6.113344).

Agent 2 (SHUCT)
Winning score (between 0 and 1) : N=20, mean=0.45 (+/-0.223696).
P1: N=10, mean=0.3 (+/-0.299389).
P2: N=10, mean=0.6 (+/-0.32006).
Game Durations: N=20, mean=157.7 (+/-4.220686).
P1: N=10, mean=157.8 (+/-6.113344).
P2: N=10, mean=157.6 (+/-6.150931).
=====================================================
=====================================================
Completed 30 games.

Agent 1 (Example UCT)
Winning score (between 0 and 1) : N=30, mean=0.4 (+/-0.178301).
P1: N=15, mean=0.266667 (+/-0.231643).
P2: N=15, mean=0.533333 (+/-0.261328).
Game Durations: N=30, mean=158.2 (+/-4.585838).
P1: N=15, mean=157.333333 (+/-6.408819).
P2: N=15, mean=159.066667 (+/-6.755648).

Agent 2 (SHUCT)
Winning score (between 0 and 1) : N=30, mean=0.6 (+/-0.178301).
P1: N=15, mean=0.466667 (+/-0.261328).
P2: N=15, mean=0.733333 (+/-0.231643).
Game Durations: N=30, mean=158.2 (+/-4.585838).
P1: N=15, mean=159.066667 (+/-6.755648).
P2: N=15, mean=157.333333 (+/-6.408819).
=====================================================
=====================================================
Completed 40 games.

Agent 1 (Example UCT)
Winning score (between 0 and 1) : N=40, mean=0.325 (+/-0.146997).
P1: N=20, mean=0.25 (+/-0.194702).
P2: N=20, mean=0.4 (+/-0.22028).
Game Durations: N=40, mean=157.95 (+/-3.862937).
P1: N=20, mean=157.9 (+/-5.510499).
P2: N=20, mean=158 (+/-5.558173).

Agent 2 (SHUCT)
Winning score (between 0 and 1) : N=40, mean=0.675 (+/-0.146997).
P1: N=20, mean=0.6 (+/-0.22028).
P2: N=20, mean=0.75 (+/-0.194702).
Game Durations: N=40, mean=157.95 (+/-3.862937).
P1: N=20, mean=158 (+/-5.558173).
P2: N=20, mean=157.9 (+/-5.510499).
=====================================================
=====================================================
Completed 50 games.

Agent 1 (Example UCT)
Winning score (between 0 and 1) : N=50, mean=0.36 (+/-0.134397).
P1: N=25, mean=0.32 (+/-0.186626).
P2: N=25, mean=0.4 (+/-0.195996).
Game Durations: N=50, mean=157.48 (+/-3.559008).
P1: N=25, mean=155.68 (+/-4.91519).
P2: N=25, mean=159.28 (+/-5.150284).

Agent 2 (SHUCT)
Winning score (between 0 and 1) : N=50, mean=0.64 (+/-0.134397).
P1: N=25, mean=0.6 (+/-0.195996).
P2: N=25, mean=0.68 (+/-0.186626).
Game Durations: N=50, mean=157.48 (+/-3.559008).
P1: N=25, mean=159.28 (+/-5.150284).
P2: N=25, mean=155.68 (+/-4.91519).
=====================================================
=====================================================
Completed 60 games.

Agent 1 (Example UCT)
Winning score (between 0 and 1) : N=60, mean=0.4 (+/-0.125005).
P1: N=30, mean=0.4 (+/-0.178301).
P2: N=30, mean=0.4 (+/-0.178301).
Game Durations: N=60, mean=158.266667 (+/-3.441692).
P1: N=30, mean=156.133333 (+/-4.879115).
P2: N=30, mean=160.4 (+/-4.815228).

Agent 2 (SHUCT)
Winning score (between 0 and 1) : N=60, mean=0.6 (+/-0.125005).
P1: N=30, mean=0.6 (+/-0.178301).
P2: N=30, mean=0.6 (+/-0.178301).
Game Durations: N=60, mean=158.266667 (+/-3.441692).
P1: N=30, mean=160.4 (+/-4.815228).
P2: N=30, mean=156.133333 (+/-4.879115).
=====================================================
=====================================================
Completed 70 games.

Agent 1 (Example UCT)
Winning score (between 0 and 1) : N=70, mean=0.471429 (+/-0.117783).
P1: N=35, mean=0.457143 (+/-0.167447).
P2: N=35, mean=0.485714 (+/-0.167997).
Game Durations: N=70, mean=159.485714 (+/-3.124844).
P1: N=35, mean=158.057143 (+/-4.526768).
P2: N=35, mean=160.914286 (+/-4.32206).

Agent 2 (SHUCT)
Winning score (between 0 and 1) : N=70, mean=0.528571 (+/-0.117783).
P1: N=35, mean=0.514286 (+/-0.167997).
P2: N=35, mean=0.542857 (+/-0.167447).
Game Durations: N=70, mean=159.485714 (+/-3.124844).
P1: N=35, mean=160.914286 (+/-4.32206).
P2: N=35, mean=158.057143 (+/-4.526768).
=====================================================
=====================================================
Completed 80 games.

Agent 1 (Example UCT)
Winning score (between 0 and 1) : N=80, mean=0.5 (+/-0.110256).
P1: N=40, mean=0.475 (+/-0.156726).
P2: N=40, mean=0.525 (+/-0.156726).
Game Durations: N=80, mean=159.55 (+/-3.045132).
P1: N=40, mean=158.85 (+/-4.016447).
P2: N=40, mean=160.25 (+/-4.619359).

Agent 2 (SHUCT)
Winning score (between 0 and 1) : N=80, mean=0.5 (+/-0.110256).
P1: N=40, mean=0.475 (+/-0.156726).
P2: N=40, mean=0.525 (+/-0.156726).
Game Durations: N=80, mean=159.55 (+/-3.045132).
P1: N=40, mean=160.25 (+/-4.619359).
P2: N=40, mean=158.85 (+/-4.016447).
=====================================================
=====================================================
Completed 90 games.

Agent 1 (Example UCT)
Winning score (between 0 and 1) : N=90, mean=0.522222 (+/-0.103775).
P1: N=45, mean=0.511111 (+/-0.147701).
P2: N=45, mean=0.533333 (+/-0.147409).
Game Durations: N=90, mean=158.844444 (+/-2.878061).
P1: N=45, mean=158.177778 (+/-3.735051).
P2: N=45, mean=159.511111 (+/-4.413757).

Agent 2 (SHUCT)
Winning score (between 0 and 1) : N=90, mean=0.477778 (+/-0.103775).
P1: N=45, mean=0.466667 (+/-0.147409).
P2: N=45, mean=0.488889 (+/-0.147701).
Game Durations: N=90, mean=158.844444 (+/-2.878061).
P1: N=45, mean=159.511111 (+/-4.413757).
P2: N=45, mean=158.177778 (+/-3.735051).
=====================================================
=====================================================
Completed 100 games.

Agent 1 (Example UCT)
Winning score (between 0 and 1) : N=100, mean=0.56 (+/-0.09778).
P1: N=50, mean=0.54 (+/-0.139548).
P2: N=50, mean=0.58 (+/-0.138194).
Game Durations: N=100, mean=159.32 (+/-2.697577).
P1: N=50, mean=158.52 (+/-3.544882).
P2: N=50, mean=160.12 (+/-4.091229).

Agent 2 (SHUCT)
Winning score (between 0 and 1) : N=100, mean=0.44 (+/-0.09778).
P1: N=50, mean=0.42 (+/-0.138194).
P2: N=50, mean=0.46 (+/-0.139548).
Game Durations: N=100, mean=159.32 (+/-2.697577).
P1: N=50, mean=160.12 (+/-4.091229).
P2: N=50, mean=158.52 (+/-3.544882).
=====================================================
=====================================================
Completed 110 games.

Agent 1 (Example UCT)
Winning score (between 0 and 1) : N=110, mean=0.563636 (+/-0.093102).
P1: N=55, mean=0.545455 (+/-0.132806).
P2: N=55, mean=0.581818 (+/-0.131561).
Game Durations: N=110, mean=159.4 (+/-2.559321).
P1: N=55, mean=158.545455 (+/-3.374427).
P2: N=55, mean=160.254545 (+/-3.866839).

Agent 2 (SHUCT)
Winning score (between 0 and 1) : N=110, mean=0.436364 (+/-0.093102).
P1: N=55, mean=0.418182 (+/-0.131561).
P2: N=55, mean=0.454545 (+/-0.132806).
Game Durations: N=110, mean=159.4 (+/-2.559321).
P1: N=55, mean=160.254545 (+/-3.866839).
P2: N=55, mean=158.545455 (+/-3.374427).
=====================================================
=====================================================
Completed 120 games.

Agent 1 (Example UCT)
Winning score (between 0 and 1) : N=120, mean=0.558333 (+/-0.089221).
P1: N=60, mean=0.533333 (+/-0.127299).
P2: N=60, mean=0.583333 (+/-0.125798).
Game Durations: N=120, mean=159.15 (+/-2.566048).
P1: N=60, mean=159.266667 (+/-3.41574).
P2: N=60, mean=159.033333 (+/-3.85909).

Agent 2 (SHUCT)
Winning score (between 0 and 1) : N=120, mean=0.441667 (+/-0.089221).
P1: N=60, mean=0.416667 (+/-0.125798).
P2: N=60, mean=0.466667 (+/-0.127299).
Game Durations: N=120, mean=159.15 (+/-2.566048).
P1: N=60, mean=159.033333 (+/-3.85909).
P2: N=60, mean=159.266667 (+/-3.41574).
=====================================================
=====================================================
Completed 130 games.

Agent 1 (Example UCT)
Winning score (between 0 and 1) : N=130, mean=0.538462 (+/-0.086027).
P1: N=65, mean=0.507692 (+/-0.122483).
P2: N=65, mean=0.569231 (+/-0.121318).
Game Durations: N=130, mean=158.907692 (+/-2.421254).
P1: N=65, mean=158.676923 (+/-3.21627).
P2: N=65, mean=159.138462 (+/-3.644489).

Agent 2 (SHUCT)
Winning score (between 0 and 1) : N=130, mean=0.461538 (+/-0.086027).
P1: N=65, mean=0.430769 (+/-0.121318).
P2: N=65, mean=0.492308 (+/-0.122483).
Game Durations: N=130, mean=158.907692 (+/-2.421254).
P1: N=65, mean=159.138462 (+/-3.644489).
P2: N=65, mean=158.676923 (+/-3.21627).
=====================================================
=====================================================
Completed 140 games.

Agent 1 (Example UCT)
Winning score (between 0 and 1) : N=140, mean=0.528571 (+/-0.082985).
P1: N=70, mean=0.5 (+/-0.117976).
P2: N=70, mean=0.557143 (+/-0.117203).
Game Durations: N=140, mean=159.142857 (+/-2.329466).
P1: N=70, mean=158.371429 (+/-3.101963).
P2: N=70, mean=159.914286 (+/-3.489198).

Agent 2 (SHUCT)
Winning score (between 0 and 1) : N=140, mean=0.471429 (+/-0.082985).
P1: N=70, mean=0.442857 (+/-0.117203).
P2: N=70, mean=0.5 (+/-0.117976).
Game Durations: N=140, mean=159.142857 (+/-2.329466).
P1: N=70, mean=159.914286 (+/-3.489198).
P2: N=70, mean=158.371429 (+/-3.101963).
=====================================================
=====================================================
Completed 150 games.

Agent 1 (Example UCT)
Winning score (between 0 and 1) : N=150, mean=0.533333 (+/-0.080104).
P1: N=75, mean=0.533333 (+/-0.113667).
P2: N=75, mean=0.533333 (+/-0.113667).
Game Durations: N=150, mean=159.266667 (+/-2.244381).
P1: N=75, mean=158.88 (+/-3.019203).
P2: N=75, mean=159.653333 (+/-3.339763).

Agent 2 (SHUCT)
Winning score (between 0 and 1) : N=150, mean=0.466667 (+/-0.080104).
P1: N=75, mean=0.466667 (+/-0.113667).
P2: N=75, mean=0.466667 (+/-0.113667).
Game Durations: N=150, mean=159.266667 (+/-2.244381).
P1: N=75, mean=159.653333 (+/-3.339763).
P2: N=75, mean=158.88 (+/-3.019203).
=====================================================
