Warming up...
Finished warming up!
=====================================================
Completed 1 games.

Agent 1 (Example UCT)
Winning score (between 0 and 1) : N=1, mean=0 (+/-0).
P1: N=1, mean=0 (+/-0).
P2: N=0, mean=0 (+/-0).
Game Durations: N=1, mean=128 (+/-0).
P1: N=1, mean=128 (+/-0).
P2: N=0, mean=0 (+/-0).

Agent 2 (SHUCT)
Winning score (between 0 and 1) : N=1, mean=1 (+/-0).
P1: N=0, mean=0 (+/-0).
P2: N=1, mean=1 (+/-0).
Game Durations: N=1, mean=128 (+/-0).
P1: N=0, mean=0 (+/-0).
P2: N=1, mean=128 (+/-0).
=====================================================
=====================================================
Completed 2 games.

Agent 1 (Example UCT)
Winning score (between 0 and 1) : N=2, mean=0.5 (+/-0.97998).
P1: N=1, mean=0 (+/-0).
P2: N=1, mean=1 (+/-0).
Game Durations: N=2, mean=140 (+/-23.51952).
P1: N=1, mean=128 (+/-0).
P2: N=1, mean=152 (+/-0).

Agent 2 (SHUCT)
Winning score (between 0 and 1) : N=2, mean=0.5 (+/-0.97998).
P1: N=1, mean=0 (+/-0).
P2: N=1, mean=1 (+/-0).
Game Durations: N=2, mean=140 (+/-23.51952).
P1: N=1, mean=152 (+/-0).
P2: N=1, mean=128 (+/-0).
=====================================================
=====================================================
Completed 3 games.

Agent 1 (Example UCT)
Winning score (between 0 and 1) : N=3, mean=0.333333 (+/-0.65332).
P1: N=2, mean=0 (+/-0).
P2: N=1, mean=1 (+/-0).
Game Durations: N=3, mean=153.333333 (+/-29.45017).
P1: N=2, mean=154 (+/-50.95896).
P2: N=1, mean=152 (+/-0).

Agent 2 (SHUCT)
Winning score (between 0 and 1) : N=3, mean=0.666667 (+/-0.65332).
P1: N=1, mean=0 (+/-0).
P2: N=2, mean=1 (+/-0).
Game Durations: N=3, mean=153.333333 (+/-29.45017).
P1: N=1, mean=152 (+/-0).
P2: N=2, mean=154 (+/-50.95896).
=====================================================
=====================================================
Completed 4 games.

Agent 1 (Example UCT)
Winning score (between 0 and 1) : N=4, mean=0.5 (+/-0.565792).
P1: N=2, mean=0 (+/-0).
P2: N=2, mean=1 (+/-0).
Game Durations: N=4, mean=158 (+/-22.744546).
P1: N=2, mean=154 (+/-50.95896).
P2: N=2, mean=162 (+/-19.5996).

Agent 2 (SHUCT)
Winning score (between 0 and 1) : N=4, mean=0.5 (+/-0.565792).
P1: N=2, mean=0 (+/-0).
P2: N=2, mean=1 (+/-0).
Game Durations: N=4, mean=158 (+/-22.744546).
P1: N=2, mean=162 (+/-19.5996).
P2: N=2, mean=154 (+/-50.95896).
=====================================================
=====================================================
Completed 5 games.

Agent 1 (Example UCT)
Winning score (between 0 and 1) : N=5, mean=0.4 (+/-0.48009).
P1: N=3, mean=0 (+/-0).
P2: N=2, mean=1 (+/-0).
Game Durations: N=5, mean=147.2 (+/-27.540053).
P1: N=3, mean=137.333333 (+/-43.962174).
P2: N=2, mean=162 (+/-19.5996).

Agent 2 (SHUCT)
Winning score (between 0 and 1) : N=5, mean=0.6 (+/-0.48009).
P1: N=2, mean=0 (+/-0).
P2: N=3, mean=1 (+/-0).
Game Durations: N=5, mean=147.2 (+/-27.540053).
P1: N=2, mean=162 (+/-19.5996).
P2: N=3, mean=137.333333 (+/-43.962174).
=====================================================
=====================================================
Completed 10 games.

Agent 1 (Example UCT)
Winning score (between 0 and 1) : N=10, mean=0.4 (+/-0.32006).
P1: N=5, mean=0.2 (+/-0.391992).
P2: N=5, mean=0.6 (+/-0.48009).
Game Durations: N=10, mean=153.8 (+/-15.005894).
P1: N=5, mean=144.4 (+/-25.716587).
P2: N=5, mean=163.2 (+/-13.499558).

Agent 2 (SHUCT)
Winning score (between 0 and 1) : N=10, mean=0.6 (+/-0.32006).
P1: N=5, mean=0.4 (+/-0.48009).
P2: N=5, mean=0.8 (+/-0.391992).
Game Durations: N=10, mean=153.8 (+/-15.005894).
P1: N=5, mean=163.2 (+/-13.499558).
P2: N=5, mean=144.4 (+/-25.716587).
=====================================================
=====================================================
Completed 20 games.

Agent 1 (Example UCT)
Winning score (between 0 and 1) : N=20, mean=0.45 (+/-0.223696).
P1: N=10, mean=0.2 (+/-0.261328).
P2: N=10, mean=0.7 (+/-0.299389).
Game Durations: N=20, mean=157.7 (+/-9.141308).
P1: N=10, mean=156.4 (+/-15.202014).
P2: N=10, mean=159 (+/-10.967217).

Agent 2 (SHUCT)
Winning score (between 0 and 1) : N=20, mean=0.55 (+/-0.223696).
P1: N=10, mean=0.3 (+/-0.299389).
P2: N=10, mean=0.8 (+/-0.261328).
Game Durations: N=20, mean=157.7 (+/-9.141308).
P1: N=10, mean=159 (+/-10.967217).
P2: N=10, mean=156.4 (+/-15.202014).
=====================================================
=====================================================
Completed 30 games.

Agent 1 (Example UCT)
Winning score (between 0 and 1) : N=30, mean=0.466667 (+/-0.181573).
P1: N=15, mean=0.266667 (+/-0.231643).
P2: N=15, mean=0.666667 (+/-0.246932).
Game Durations: N=30, mean=154.866667 (+/-7.15598).
P1: N=15, mean=154.133333 (+/-11.874105).
P2: N=15, mean=155.6 (+/-8.417729).

Agent 2 (SHUCT)
Winning score (between 0 and 1) : N=30, mean=0.533333 (+/-0.181573).
P1: N=15, mean=0.333333 (+/-0.246932).
P2: N=15, mean=0.733333 (+/-0.231643).
Game Durations: N=30, mean=154.866667 (+/-7.15598).
P1: N=15, mean=155.6 (+/-8.417729).
P2: N=15, mean=154.133333 (+/-11.874105).
=====================================================
=====================================================
Completed 40 games.

Agent 1 (Example UCT)
Winning score (between 0 and 1) : N=40, mean=0.45 (+/-0.156136).
P1: N=20, mean=0.25 (+/-0.194702).
P2: N=20, mean=0.65 (+/-0.214467).
Game Durations: N=40, mean=154.9 (+/-5.769881).
P1: N=20, mean=155.9 (+/-9.075605).
P2: N=20, mean=153.9 (+/-7.341627).

Agent 2 (SHUCT)
Winning score (between 0 and 1) : N=40, mean=0.55 (+/-0.156136).
P1: N=20, mean=0.35 (+/-0.214467).
P2: N=20, mean=0.75 (+/-0.194702).
Game Durations: N=40, mean=154.9 (+/-5.769881).
P1: N=20, mean=153.9 (+/-7.341627).
P2: N=20, mean=155.9 (+/-9.075605).
=====================================================
=====================================================
Completed 50 games.

Agent 1 (Example UCT)
Winning score (between 0 and 1) : N=50, mean=0.42 (+/-0.138194).
P1: N=25, mean=0.24 (+/-0.170865).
P2: N=25, mean=0.6 (+/-0.195996).
Game Durations: N=50, mean=154.72 (+/-5.045817).
P1: N=25, mean=155.2 (+/-7.966219).
P2: N=25, mean=154.24 (+/-6.358331).

Agent 2 (SHUCT)
Winning score (between 0 and 1) : N=50, mean=0.58 (+/-0.138194).
P1: N=25, mean=0.4 (+/-0.195996).
P2: N=25, mean=0.76 (+/-0.170865).
Game Durations: N=50, mean=154.72 (+/-5.045817).
P1: N=25, mean=154.24 (+/-6.358331).
P2: N=25, mean=155.2 (+/-7.966219).
=====================================================
=====================================================
Completed 60 games.

Agent 1 (Example UCT)
Winning score (between 0 and 1) : N=60, mean=0.416667 (+/-0.125798).
P1: N=30, mean=0.266667 (+/-0.160947).
P2: N=30, mean=0.566667 (+/-0.180353).
Game Durations: N=60, mean=155.1 (+/-4.526741).
P1: N=30, mean=155.466667 (+/-7.109553).
P2: N=30, mean=154.733333 (+/-5.7269).

Agent 2 (SHUCT)
Winning score (between 0 and 1) : N=60, mean=0.583333 (+/-0.125798).
P1: N=30, mean=0.433333 (+/-0.180353).
P2: N=30, mean=0.733333 (+/-0.160947).
Game Durations: N=60, mean=155.1 (+/-4.526741).
P1: N=30, mean=154.733333 (+/-5.7269).
P2: N=30, mean=155.466667 (+/-7.109553).
=====================================================
=====================================================
Completed 70 games.

Agent 1 (Example UCT)
Winning score (between 0 and 1) : N=70, mean=0.442857 (+/-0.117203).
P1: N=35, mean=0.342857 (+/-0.159549).
P2: N=35, mean=0.542857 (+/-0.167447).
Game Durations: N=70, mean=154.514286 (+/-4.251383).
P1: N=35, mean=154.285714 (+/-6.880451).
P2: N=35, mean=154.742857 (+/-5.099786).

Agent 2 (SHUCT)
Winning score (between 0 and 1) : N=70, mean=0.557143 (+/-0.117203).
P1: N=35, mean=0.457143 (+/-0.167447).
P2: N=35, mean=0.657143 (+/-0.159549).
Game Durations: N=70, mean=154.514286 (+/-4.251383).
P1: N=35, mean=154.742857 (+/-5.099786).
P2: N=35, mean=154.285714 (+/-6.880451).
=====================================================
=====================================================
Completed 80 games.

Agent 1 (Example UCT)
Winning score (between 0 and 1) : N=80, mean=0.4125 (+/-0.108555).
P1: N=40, mean=0.325 (+/-0.146997).
P2: N=40, mean=0.5 (+/-0.156922).
Game Durations: N=80, mean=153.925 (+/-3.820311).
P1: N=40, mean=154.15 (+/-6.120194).
P2: N=40, mean=153.7 (+/-4.654118).

Agent 2 (SHUCT)
Winning score (between 0 and 1) : N=80, mean=0.5875 (+/-0.108555).
P1: N=40, mean=0.5 (+/-0.156922).
P2: N=40, mean=0.675 (+/-0.146997).
Game Durations: N=80, mean=153.925 (+/-3.820311).
P1: N=40, mean=153.7 (+/-4.654118).
P2: N=40, mean=154.15 (+/-6.120194).
=====================================================
=====================================================
Completed 90 games.

Agent 1 (Example UCT)
Winning score (between 0 and 1) : N=90, mean=0.422222 (+/-0.102613).
P1: N=45, mean=0.355556 (+/-0.141438).
P2: N=45, mean=0.488889 (+/-0.147701).
Game Durations: N=90, mean=154.2 (+/-3.597388).
P1: N=45, mean=153.688889 (+/-5.711779).
P2: N=45, mean=154.711111 (+/-4.436555).

Agent 2 (SHUCT)
Winning score (between 0 and 1) : N=90, mean=0.577778 (+/-0.102613).
P1: N=45, mean=0.511111 (+/-0.147701).
P2: N=45, mean=0.644444 (+/-0.141438).
Game Durations: N=90, mean=154.2 (+/-3.597388).
P1: N=45, mean=154.711111 (+/-4.436555).
P2: N=45, mean=153.688889 (+/-5.711779).
=====================================================
=====================================================
Completed 100 games.

Agent 1 (Example UCT)
Winning score (between 0 and 1) : N=100, mean=0.43 (+/-0.097522).
P1: N=50, mean=0.34 (+/-0.132636).
P2: N=50, mean=0.52 (+/-0.139885).
Game Durations: N=100, mean=154.3 (+/-3.397435).
P1: N=50, mean=154.44 (+/-5.314041).
P2: N=50, mean=154.16 (+/-4.289439).

Agent 2 (SHUCT)
Winning score (between 0 and 1) : N=100, mean=0.57 (+/-0.097522).
P1: N=50, mean=0.48 (+/-0.139885).
P2: N=50, mean=0.66 (+/-0.132636).
Game Durations: N=100, mean=154.3 (+/-3.397435).
P1: N=50, mean=154.16 (+/-4.289439).
P2: N=50, mean=154.44 (+/-5.314041).
=====================================================
=====================================================
Completed 110 games.

Agent 1 (Example UCT)
Winning score (between 0 and 1) : N=110, mean=0.427273 (+/-0.092867).
P1: N=55, mean=0.345455 (+/-0.126828).
P2: N=55, mean=0.509091 (+/-0.133336).
Game Durations: N=110, mean=154.909091 (+/-3.27813).
P1: N=55, mean=154.727273 (+/-5.04766).
P2: N=55, mean=155.090909 (+/-4.230719).

Agent 2 (SHUCT)
Winning score (between 0 and 1) : N=110, mean=0.572727 (+/-0.092867).
P1: N=55, mean=0.490909 (+/-0.133336).
P2: N=55, mean=0.654545 (+/-0.126828).
Game Durations: N=110, mean=154.909091 (+/-3.27813).
P1: N=55, mean=155.090909 (+/-4.230719).
P2: N=55, mean=154.727273 (+/-5.04766).
=====================================================
=====================================================
Completed 120 games.

Agent 1 (Example UCT)
Winning score (between 0 and 1) : N=120, mean=0.433333 (+/-0.089033).
P1: N=60, mean=0.35 (+/-0.121706).
P2: N=60, mean=0.516667 (+/-0.127512).
Game Durations: N=120, mean=155.5 (+/-3.154973).
P1: N=60, mean=155.433333 (+/-4.750999).
P2: N=60, mean=155.566667 (+/-4.192885).

Agent 2 (SHUCT)
Winning score (between 0 and 1) : N=120, mean=0.566667 (+/-0.089033).
P1: N=60, mean=0.483333 (+/-0.127512).
P2: N=60, mean=0.65 (+/-0.121706).
Game Durations: N=120, mean=155.5 (+/-3.154973).
P1: N=60, mean=155.566667 (+/-4.192885).
P2: N=60, mean=155.433333 (+/-4.750999).
=====================================================
=====================================================
Completed 130 games.

Agent 1 (Example UCT)
Winning score (between 0 and 1) : N=130, mean=0.430769 (+/-0.085451).
P1: N=65, mean=0.353846 (+/-0.117147).
P2: N=65, mean=0.507692 (+/-0.122483).
Game Durations: N=130, mean=154.876923 (+/-3.026686).
P1: N=65, mean=154.246154 (+/-4.54358).
P2: N=65, mean=155.507692 (+/-4.029604).

Agent 2 (SHUCT)
Winning score (between 0 and 1) : N=130, mean=0.569231 (+/-0.085451).
P1: N=65, mean=0.492308 (+/-0.122483).
P2: N=65, mean=0.646154 (+/-0.117147).
Game Durations: N=130, mean=154.876923 (+/-3.026686).
P1: N=65, mean=155.507692 (+/-4.029604).
P2: N=65, mean=154.246154 (+/-4.54358).
=====================================================
=====================================================
Completed 140 games.

Agent 1 (Example UCT)
Winning score (between 0 and 1) : N=140, mean=0.428571 (+/-0.082268).
P1: N=70, mean=0.328571 (+/-0.110825).
P2: N=70, mean=0.528571 (+/-0.117783).
Game Durations: N=140, mean=154.628571 (+/-2.980474).
P1: N=70, mean=153.628571 (+/-4.472807).
P2: N=70, mean=155.628571 (+/-3.958919).

Agent 2 (SHUCT)
Winning score (between 0 and 1) : N=140, mean=0.571429 (+/-0.082268).
P1: N=70, mean=0.471429 (+/-0.117783).
P2: N=70, mean=0.671429 (+/-0.110825).
Game Durations: N=140, mean=154.628571 (+/-2.980474).
P1: N=70, mean=155.628571 (+/-3.958919).
P2: N=70, mean=153.628571 (+/-4.472807).
=====================================================
=====================================================
Completed 150 games.

Agent 1 (Example UCT)
Winning score (between 0 and 1) : N=150, mean=0.433333 (+/-0.079566).
P1: N=75, mean=0.32 (+/-0.106282).
P2: N=75, mean=0.546667 (+/-0.113423).
Game Durations: N=150, mean=155.12 (+/-2.861379).
P1: N=75, mean=153.386667 (+/-4.223832).
P2: N=75, mean=156.853333 (+/-3.849487).

Agent 2 (SHUCT)
Winning score (between 0 and 1) : N=150, mean=0.566667 (+/-0.079566).
P1: N=75, mean=0.453333 (+/-0.113423).
P2: N=75, mean=0.68 (+/-0.106282).
Game Durations: N=150, mean=155.12 (+/-2.861379).
P1: N=75, mean=156.853333 (+/-3.849487).
P2: N=75, mean=153.386667 (+/-4.223832).
=====================================================
