Warming up...
Finished warming up!
=====================================================
Completed 1 games.

Agent 1 (UCT)
Winning score (between 0 and 1) : N=1, mean=1 (+/-0).
P1: N=1, mean=1 (+/-0).
P2: N=0, mean=0 (+/-0).
Game Durations: N=1, mean=162 (+/-0).
P1: N=1, mean=162 (+/-0).
P2: N=0, mean=0 (+/-0).

Agent 2 (SHUCT)
Winning score (between 0 and 1) : N=1, mean=0 (+/-0).
P1: N=0, mean=0 (+/-0).
P2: N=1, mean=0 (+/-0).
Game Durations: N=1, mean=162 (+/-0).
P1: N=0, mean=0 (+/-0).
P2: N=1, mean=162 (+/-0).
=====================================================
=====================================================
Completed 2 games.

Agent 1 (UCT)
Winning score (between 0 and 1) : N=2, mean=0.5 (+/-0.97998).
P1: N=1, mean=1 (+/-0).
P2: N=1, mean=0 (+/-0).
Game Durations: N=2, mean=150 (+/-23.51952).
P1: N=1, mean=162 (+/-0).
P2: N=1, mean=138 (+/-0).

Agent 2 (SHUCT)
Winning score (between 0 and 1) : N=2, mean=0.5 (+/-0.97998).
P1: N=1, mean=1 (+/-0).
P2: N=1, mean=0 (+/-0).
Game Durations: N=2, mean=150 (+/-23.51952).
P1: N=1, mean=138 (+/-0).
P2: N=1, mean=162 (+/-0).
=====================================================
=====================================================
Completed 3 games.

Agent 1 (UCT)
Winning score (between 0 and 1) : N=3, mean=0.666667 (+/-0.65332).
P1: N=2, mean=1 (+/-0).
P2: N=1, mean=0 (+/-0).
Game Durations: N=3, mean=150 (+/-13.579001).
P1: N=2, mean=156 (+/-11.75976).
P2: N=1, mean=138 (+/-0).

Agent 2 (SHUCT)
Winning score (between 0 and 1) : N=3, mean=0.333333 (+/-0.65332).
P1: N=1, mean=1 (+/-0).
P2: N=2, mean=0 (+/-0).
Game Durations: N=3, mean=150 (+/-13.579001).
P1: N=1, mean=138 (+/-0).
P2: N=2, mean=156 (+/-11.75976).
=====================================================
=====================================================
Completed 4 games.

Agent 1 (UCT)
Winning score (between 0 and 1) : N=4, mean=0.5 (+/-0.565792).
P1: N=2, mean=1 (+/-0).
P2: N=2, mean=0 (+/-0).
Game Durations: N=4, mean=152 (+/-10.371133).
P1: N=2, mean=156 (+/-11.75976).
P2: N=2, mean=148 (+/-19.5996).

Agent 2 (SHUCT)
Winning score (between 0 and 1) : N=4, mean=0.5 (+/-0.565792).
P1: N=2, mean=1 (+/-0).
P2: N=2, mean=0 (+/-0).
Game Durations: N=4, mean=152 (+/-10.371133).
P1: N=2, mean=148 (+/-19.5996).
P2: N=2, mean=156 (+/-11.75976).
=====================================================
=====================================================
Completed 5 games.

Agent 1 (UCT)
Winning score (between 0 and 1) : N=5, mean=0.6 (+/-0.48009).
P1: N=3, mean=1 (+/-0).
P2: N=2, mean=0 (+/-0).
Game Durations: N=5, mean=158 (+/-14.241777).
P1: N=3, mean=164.666667 (+/-18.29296).
P2: N=2, mean=148 (+/-19.5996).

Agent 2 (SHUCT)
Winning score (between 0 and 1) : N=5, mean=0.4 (+/-0.48009).
P1: N=2, mean=1 (+/-0).
P2: N=3, mean=0 (+/-0).
Game Durations: N=5, mean=158 (+/-14.241777).
P1: N=2, mean=148 (+/-19.5996).
P2: N=3, mean=164.666667 (+/-18.29296).
=====================================================
=====================================================
Completed 10 games.

Agent 1 (UCT)
Winning score (between 0 and 1) : N=10, mean=0.4 (+/-0.32006).
P1: N=5, mean=0.8 (+/-0.391992).
P2: N=5, mean=0 (+/-0).
Game Durations: N=10, mean=154.2 (+/-8.190246).
P1: N=5, mean=161.6 (+/-10.692116).
P2: N=5, mean=146.8 (+/-9.075271).

Agent 2 (SHUCT)
Winning score (between 0 and 1) : N=10, mean=0.6 (+/-0.32006).
P1: N=5, mean=1 (+/-0).
P2: N=5, mean=0.2 (+/-0.391992).
Game Durations: N=10, mean=154.2 (+/-8.190246).
P1: N=5, mean=146.8 (+/-9.075271).
P2: N=5, mean=161.6 (+/-10.692116).
=====================================================
=====================================================
Completed 20 games.

Agent 1 (UCT)
Winning score (between 0 and 1) : N=20, mean=0.5 (+/-0.224823).
P1: N=10, mean=0.6 (+/-0.32006).
P2: N=10, mean=0.4 (+/-0.32006).
Game Durations: N=20, mean=156 (+/-6.930964).
P1: N=10, mean=163.2 (+/-6.616297).
P2: N=10, mean=148.8 (+/-10.714448).

Agent 2 (SHUCT)
Winning score (between 0 and 1) : N=20, mean=0.5 (+/-0.224823).
P1: N=10, mean=0.6 (+/-0.32006).
P2: N=10, mean=0.4 (+/-0.32006).
Game Durations: N=20, mean=156 (+/-6.930964).
P1: N=10, mean=148.8 (+/-10.714448).
P2: N=10, mean=163.2 (+/-6.616297).
=====================================================
=====================================================
Completed 30 games.

Agent 1 (UCT)
Winning score (between 0 and 1) : N=30, mean=0.566667 (+/-0.180353).
P1: N=15, mean=0.666667 (+/-0.246932).
P2: N=15, mean=0.466667 (+/-0.261328).
Game Durations: N=30, mean=157.733333 (+/-5.248143).
P1: N=15, mean=161.333333 (+/-6.442979).
P2: N=15, mean=154.133333 (+/-8.092131).

Agent 2 (SHUCT)
Winning score (between 0 and 1) : N=30, mean=0.433333 (+/-0.180353).
P1: N=15, mean=0.533333 (+/-0.261328).
P2: N=15, mean=0.333333 (+/-0.246932).
Game Durations: N=30, mean=157.733333 (+/-5.248143).
P1: N=15, mean=154.133333 (+/-8.092131).
P2: N=15, mean=161.333333 (+/-6.442979).
=====================================================
=====================================================
Completed 40 games.

Agent 1 (UCT)
Winning score (between 0 and 1) : N=40, mean=0.525 (+/-0.156726).
P1: N=20, mean=0.6 (+/-0.22028).
P2: N=20, mean=0.45 (+/-0.223696).
Game Durations: N=40, mean=156.65 (+/-4.490037).
P1: N=20, mean=160 (+/-5.499665).
P2: N=20, mean=153.3 (+/-6.926733).

Agent 2 (SHUCT)
Winning score (between 0 and 1) : N=40, mean=0.475 (+/-0.156726).
P1: N=20, mean=0.55 (+/-0.223696).
P2: N=20, mean=0.4 (+/-0.22028).
Game Durations: N=40, mean=156.65 (+/-4.490037).
P1: N=20, mean=153.3 (+/-6.926733).
P2: N=20, mean=160 (+/-5.499665).
=====================================================
=====================================================
Completed 50 games.

Agent 1 (UCT)
Winning score (between 0 and 1) : N=50, mean=0.52 (+/-0.139885).
P1: N=25, mean=0.6 (+/-0.195996).
P2: N=25, mean=0.44 (+/-0.198592).
Game Durations: N=50, mean=158.36 (+/-4.012724).
P1: N=25, mean=161.36 (+/-5.149488).
P2: N=25, mean=155.36 (+/-6.029206).

Agent 2 (SHUCT)
Winning score (between 0 and 1) : N=50, mean=0.48 (+/-0.139885).
P1: N=25, mean=0.56 (+/-0.198592).
P2: N=25, mean=0.4 (+/-0.195996).
Game Durations: N=50, mean=158.36 (+/-4.012724).
P1: N=25, mean=155.36 (+/-6.029206).
P2: N=25, mean=161.36 (+/-5.149488).
=====================================================
=====================================================
Completed 60 games.

Agent 1 (UCT)
Winning score (between 0 and 1) : N=60, mean=0.5 (+/-0.127583).
P1: N=30, mean=0.6 (+/-0.178301).
P2: N=30, mean=0.4 (+/-0.178301).
Game Durations: N=60, mean=158.6 (+/-3.845352).
P1: N=30, mean=160.933333 (+/-4.900065).
P2: N=30, mean=156.266667 (+/-5.891833).

Agent 2 (SHUCT)
Winning score (between 0 and 1) : N=60, mean=0.5 (+/-0.127583).
P1: N=30, mean=0.6 (+/-0.178301).
P2: N=30, mean=0.4 (+/-0.178301).
Game Durations: N=60, mean=158.6 (+/-3.845352).
P1: N=30, mean=156.266667 (+/-5.891833).
P2: N=30, mean=160.933333 (+/-4.900065).
=====================================================
=====================================================
Completed 70 games.

Agent 1 (UCT)
Winning score (between 0 and 1) : N=70, mean=0.514286 (+/-0.117928).
P1: N=35, mean=0.571429 (+/-0.166341).
P2: N=35, mean=0.457143 (+/-0.167447).
Game Durations: N=70, mean=160.028571 (+/-3.483775).
P1: N=35, mean=161.485714 (+/-4.413703).
P2: N=35, mean=158.571429 (+/-5.412958).

Agent 2 (SHUCT)
Winning score (between 0 and 1) : N=70, mean=0.485714 (+/-0.117928).
P1: N=35, mean=0.542857 (+/-0.167447).
P2: N=35, mean=0.428571 (+/-0.166341).
Game Durations: N=70, mean=160.028571 (+/-3.483775).
P1: N=35, mean=158.571429 (+/-5.412958).
P2: N=35, mean=161.485714 (+/-4.413703).
=====================================================
=====================================================
Completed 80 games.

Agent 1 (UCT)
Winning score (between 0 and 1) : N=80, mean=0.5125 (+/-0.110222).
P1: N=40, mean=0.575 (+/-0.155147).
P2: N=40, mean=0.45 (+/-0.156136).
Game Durations: N=80, mean=158.975 (+/-3.300328).
P1: N=40, mean=159.95 (+/-4.228148).
P2: N=40, mean=158 (+/-5.105165).

Agent 2 (SHUCT)
Winning score (between 0 and 1) : N=80, mean=0.4875 (+/-0.110222).
P1: N=40, mean=0.55 (+/-0.156136).
P2: N=40, mean=0.425 (+/-0.155147).
Game Durations: N=80, mean=158.975 (+/-3.300328).
P1: N=40, mean=158 (+/-5.105165).
P2: N=40, mean=159.95 (+/-4.228148).
=====================================================
=====================================================
Completed 90 games.

Agent 1 (UCT)
Winning score (between 0 and 1) : N=90, mean=0.533333 (+/-0.103647).
P1: N=45, mean=0.6 (+/-0.144753).
P2: N=45, mean=0.466667 (+/-0.147409).
Game Durations: N=90, mean=159.266667 (+/-3.064311).
P1: N=45, mean=160.133333 (+/-4.043489).
P2: N=45, mean=158.4 (+/-4.637443).

Agent 2 (SHUCT)
Winning score (between 0 and 1) : N=90, mean=0.466667 (+/-0.103647).
P1: N=45, mean=0.533333 (+/-0.147409).
P2: N=45, mean=0.4 (+/-0.144753).
Game Durations: N=90, mean=159.266667 (+/-3.064311).
P1: N=45, mean=158.4 (+/-4.637443).
P2: N=45, mean=160.133333 (+/-4.043489).
=====================================================
=====================================================
Completed 100 games.

Agent 1 (UCT)
Winning score (between 0 and 1) : N=100, mean=0.53 (+/-0.098314).
P1: N=50, mean=0.56 (+/-0.138986).
P2: N=50, mean=0.5 (+/-0.139997).
Game Durations: N=100, mean=158.94 (+/-2.909201).
P1: N=50, mean=159.84 (+/-3.797763).
P2: N=50, mean=158.04 (+/-4.432747).

Agent 2 (SHUCT)
Winning score (between 0 and 1) : N=100, mean=0.47 (+/-0.098314).
P1: N=50, mean=0.5 (+/-0.139997).
P2: N=50, mean=0.44 (+/-0.138986).
Game Durations: N=100, mean=158.94 (+/-2.909201).
P1: N=50, mean=158.04 (+/-4.432747).
P2: N=50, mean=159.84 (+/-3.797763).
=====================================================
=====================================================
Completed 110 games.

Agent 1 (UCT)
Winning score (between 0 and 1) : N=110, mean=0.5 (+/-0.093865).
P1: N=55, mean=0.527273 (+/-0.13316).
P2: N=55, mean=0.472727 (+/-0.13316).
Game Durations: N=110, mean=159.236364 (+/-2.727751).
P1: N=55, mean=160.254545 (+/-3.61943).
P2: N=55, mean=158.218182 (+/-4.097599).

Agent 2 (SHUCT)
Winning score (between 0 and 1) : N=110, mean=0.5 (+/-0.093865).
P1: N=55, mean=0.527273 (+/-0.13316).
P2: N=55, mean=0.472727 (+/-0.13316).
Game Durations: N=110, mean=159.236364 (+/-2.727751).
P1: N=55, mean=158.218182 (+/-4.097599).
P2: N=55, mean=160.254545 (+/-3.61943).
=====================================================
=====================================================
Completed 120 games.

Agent 1 (UCT)
Winning score (between 0 and 1) : N=120, mean=0.508333 (+/-0.089822).
P1: N=60, mean=0.55 (+/-0.126943).
P2: N=60, mean=0.466667 (+/-0.127299).
Game Durations: N=120, mean=159.45 (+/-2.554407).
P1: N=60, mean=160.633333 (+/-3.356162).
P2: N=60, mean=158.266667 (+/-3.856811).

Agent 2 (SHUCT)
Winning score (between 0 and 1) : N=120, mean=0.491667 (+/-0.089822).
P1: N=60, mean=0.533333 (+/-0.127299).
P2: N=60, mean=0.45 (+/-0.126943).
Game Durations: N=120, mean=159.45 (+/-2.554407).
P1: N=60, mean=158.266667 (+/-3.856811).
P2: N=60, mean=160.633333 (+/-3.356162).
=====================================================
=====================================================
Completed 130 games.

Agent 1 (UCT)
Winning score (between 0 and 1) : N=130, mean=0.507692 (+/-0.086272).
P1: N=65, mean=0.538462 (+/-0.122135).
P2: N=65, mean=0.476923 (+/-0.122367).
Game Durations: N=130, mean=159.492308 (+/-2.408049).
P1: N=65, mean=160.584615 (+/-3.179826).
P2: N=65, mean=158.4 (+/-3.622359).

Agent 2 (SHUCT)
Winning score (between 0 and 1) : N=130, mean=0.492308 (+/-0.086272).
P1: N=65, mean=0.523077 (+/-0.122367).
P2: N=65, mean=0.461538 (+/-0.122135).
Game Durations: N=130, mean=159.492308 (+/-2.408049).
P1: N=65, mean=158.4 (+/-3.622359).
P2: N=65, mean=160.584615 (+/-3.179826).
=====================================================
=====================================================
Completed 140 games.

Agent 1 (UCT)
Winning score (between 0 and 1) : N=140, mean=0.528571 (+/-0.082985).
P1: N=70, mean=0.542857 (+/-0.117542).
P2: N=70, mean=0.514286 (+/-0.117928).
Game Durations: N=140, mean=159.542857 (+/-2.287808).
P1: N=70, mean=160.4 (+/-3.045354).
P2: N=70, mean=158.685714 (+/-3.425198).

Agent 2 (SHUCT)
Winning score (between 0 and 1) : N=140, mean=0.471429 (+/-0.082985).
P1: N=70, mean=0.485714 (+/-0.117928).
P2: N=70, mean=0.457143 (+/-0.117542).
Game Durations: N=140, mean=159.542857 (+/-2.287808).
P1: N=70, mean=158.685714 (+/-3.425198).
P2: N=70, mean=160.4 (+/-3.045354).
=====================================================
=====================================================
Completed 150 games.

Agent 1 (UCT)
Winning score (between 0 and 1) : N=150, mean=0.526667 (+/-0.080169).
P1: N=75, mean=0.52 (+/-0.113829).
P2: N=75, mean=0.533333 (+/-0.113667).
Game Durations: N=150, mean=159.12 (+/-2.362301).
P1: N=75, mean=160.08 (+/-3.076611).
P2: N=75, mean=158.16 (+/-3.593252).

Agent 2 (SHUCT)
Winning score (between 0 and 1) : N=150, mean=0.473333 (+/-0.080169).
P1: N=75, mean=0.466667 (+/-0.113667).
P2: N=75, mean=0.48 (+/-0.113829).
Game Durations: N=150, mean=159.12 (+/-2.362301).
P1: N=75, mean=158.16 (+/-3.593252).
P2: N=75, mean=160.08 (+/-3.076611).
=====================================================
