Warming up...
Finished warming up!
=====================================================
Completed 1 games.

Agent 1 (SHUCTAnyTime)
Winning score (between 0 and 1) : N=1, mean=0 (+/-0).
P1: N=1, mean=0 (+/-0).
P2: N=0, mean=0 (+/-0).
Game Durations: N=1, mean=38 (+/-0).
P1: N=1, mean=38 (+/-0).
P2: N=0, mean=0 (+/-0).

Agent 2 (SHUCT)
Winning score (between 0 and 1) : N=1, mean=1 (+/-0).
P1: N=0, mean=0 (+/-0).
P2: N=1, mean=1 (+/-0).
Game Durations: N=1, mean=38 (+/-0).
P1: N=0, mean=0 (+/-0).
P2: N=1, mean=38 (+/-0).
=====================================================
=====================================================
Completed 2 games.

Agent 1 (SHUCTAnyTime)
Winning score (between 0 and 1) : N=2, mean=0.5 (+/-0.97998).
P1: N=1, mean=0 (+/-0).
P2: N=1, mean=1 (+/-0).
Game Durations: N=2, mean=29 (+/-17.63964).
P1: N=1, mean=38 (+/-0).
P2: N=1, mean=20 (+/-0).

Agent 2 (SHUCT)
Winning score (between 0 and 1) : N=2, mean=0.5 (+/-0.97998).
P1: N=1, mean=0 (+/-0).
P2: N=1, mean=1 (+/-0).
Game Durations: N=2, mean=29 (+/-17.63964).
P1: N=1, mean=20 (+/-0).
P2: N=1, mean=38 (+/-0).
=====================================================
=====================================================
Completed 3 games.

Agent 1 (SHUCTAnyTime)
Winning score (between 0 and 1) : N=3, mean=0.333333 (+/-0.65332).
P1: N=2, mean=0 (+/-0).
P2: N=1, mean=1 (+/-0).
Game Durations: N=3, mean=27.333333 (+/-10.695309).
P1: N=2, mean=31 (+/-13.71972).
P2: N=1, mean=20 (+/-0).

Agent 2 (SHUCT)
Winning score (between 0 and 1) : N=3, mean=0.666667 (+/-0.65332).
P1: N=1, mean=0 (+/-0).
P2: N=2, mean=1 (+/-0).
Game Durations: N=3, mean=27.333333 (+/-10.695309).
P1: N=1, mean=20 (+/-0).
P2: N=2, mean=31 (+/-13.71972).
=====================================================
=====================================================
Completed 4 games.

Agent 1 (SHUCTAnyTime)
Winning score (between 0 and 1) : N=4, mean=0.5 (+/-0.565792).
P1: N=2, mean=0 (+/-0).
P2: N=2, mean=1 (+/-0).
Game Durations: N=4, mean=42 (+/-29.724265).
P1: N=2, mean=31 (+/-13.71972).
P2: N=2, mean=53 (+/-64.67868).

Agent 2 (SHUCT)
Winning score (between 0 and 1) : N=4, mean=0.5 (+/-0.565792).
P1: N=2, mean=0 (+/-0).
P2: N=2, mean=1 (+/-0).
Game Durations: N=4, mean=42 (+/-29.724265).
P1: N=2, mean=53 (+/-64.67868).
P2: N=2, mean=31 (+/-13.71972).
=====================================================
=====================================================
Completed 5 games.

Agent 1 (SHUCTAnyTime)
Winning score (between 0 and 1) : N=5, mean=0.4 (+/-0.48009).
P1: N=3, mean=0 (+/-0).
P2: N=2, mean=1 (+/-0).
Game Durations: N=5, mean=38.4 (+/-24.081202).
P1: N=3, mean=28.666667 (+/-9.14648).
P2: N=2, mean=53 (+/-64.67868).

Agent 2 (SHUCT)
Winning score (between 0 and 1) : N=5, mean=0.6 (+/-0.48009).
P1: N=2, mean=0 (+/-0).
P2: N=3, mean=1 (+/-0).
Game Durations: N=5, mean=38.4 (+/-24.081202).
P1: N=2, mean=53 (+/-64.67868).
P2: N=3, mean=28.666667 (+/-9.14648).
=====================================================
=====================================================
Completed 10 games.

Agent 1 (SHUCTAnyTime)
Winning score (between 0 and 1) : N=10, mean=0.4 (+/-0.32006).
P1: N=5, mean=0 (+/-0).
P2: N=5, mean=0.8 (+/-0.391992).
Game Durations: N=10, mean=40.3 (+/-13.560286).
P1: N=5, mean=28 (+/-5.11095).
P2: N=5, mean=52.6 (+/-22.599962).

Agent 2 (SHUCT)
Winning score (between 0 and 1) : N=10, mean=0.6 (+/-0.32006).
P1: N=5, mean=0.2 (+/-0.391992).
P2: N=5, mean=1 (+/-0).
Game Durations: N=10, mean=40.3 (+/-13.560286).
P1: N=5, mean=52.6 (+/-22.599962).
P2: N=5, mean=28 (+/-5.11095).
=====================================================
=====================================================
Completed 20 games.

Agent 1 (SHUCTAnyTime)
Winning score (between 0 and 1) : N=20, mean=0.45 (+/-0.223696).
P1: N=10, mean=0 (+/-0).
P2: N=10, mean=0.9 (+/-0.195996).
Game Durations: N=20, mean=35.15 (+/-8.052644).
P1: N=10, mean=29.4 (+/-7.013383).
P2: N=10, mean=40.9 (+/-14.013524).

Agent 2 (SHUCT)
Winning score (between 0 and 1) : N=20, mean=0.55 (+/-0.223696).
P1: N=10, mean=0.1 (+/-0.195996).
P2: N=10, mean=1 (+/-0).
Game Durations: N=20, mean=35.15 (+/-8.052644).
P1: N=10, mean=40.9 (+/-14.013524).
P2: N=10, mean=29.4 (+/-7.013383).
=====================================================
=====================================================
Completed 30 games.

Agent 1 (SHUCTAnyTime)
Winning score (between 0 and 1) : N=30, mean=0.466667 (+/-0.181573).
P1: N=15, mean=0 (+/-0).
P2: N=15, mean=0.933333 (+/-0.130664).
Game Durations: N=30, mean=35.966667 (+/-6.195432).
P1: N=15, mean=30.266667 (+/-5.46205).
P2: N=15, mean=41.666667 (+/-10.552397).

Agent 2 (SHUCT)
Winning score (between 0 and 1) : N=30, mean=0.533333 (+/-0.181573).
P1: N=15, mean=0.066667 (+/-0.130664).
P2: N=15, mean=1 (+/-0).
Game Durations: N=30, mean=35.966667 (+/-6.195432).
P1: N=15, mean=41.666667 (+/-10.552397).
P2: N=15, mean=30.266667 (+/-5.46205).
=====================================================
=====================================================
Completed 40 games.

Agent 1 (SHUCTAnyTime)
Winning score (between 0 and 1) : N=40, mean=0.475 (+/-0.156726).
P1: N=20, mean=0 (+/-0).
P2: N=20, mean=0.95 (+/-0.097998).
Game Durations: N=40, mean=36.275 (+/-5.345039).
P1: N=20, mean=31.1 (+/-6.148648).
P2: N=20, mean=41.45 (+/-8.285537).

Agent 2 (SHUCT)
Winning score (between 0 and 1) : N=40, mean=0.525 (+/-0.156726).
P1: N=20, mean=0.05 (+/-0.097998).
P2: N=20, mean=1 (+/-0).
Game Durations: N=40, mean=36.275 (+/-5.345039).
P1: N=20, mean=41.45 (+/-8.285537).
P2: N=20, mean=31.1 (+/-6.148648).
=====================================================
=====================================================
Completed 50 games.

Agent 1 (SHUCTAnyTime)
Winning score (between 0 and 1) : N=50, mean=0.46 (+/-0.139548).
P1: N=25, mean=0 (+/-0).
P2: N=25, mean=0.92 (+/-0.108538).
Game Durations: N=50, mean=36.04 (+/-5.000218).
P1: N=25, mean=29.44 (+/-5.148493).
P2: N=25, mean=42.64 (+/-7.851167).

Agent 2 (SHUCT)
Winning score (between 0 and 1) : N=50, mean=0.54 (+/-0.139548).
P1: N=25, mean=0.08 (+/-0.108538).
P2: N=25, mean=1 (+/-0).
Game Durations: N=50, mean=36.04 (+/-5.000218).
P1: N=25, mean=42.64 (+/-7.851167).
P2: N=25, mean=29.44 (+/-5.148493).
=====================================================
=====================================================
Completed 60 games.

Agent 1 (SHUCTAnyTime)
Winning score (between 0 and 1) : N=60, mean=0.466667 (+/-0.127299).
P1: N=30, mean=0 (+/-0).
P2: N=30, mean=0.933333 (+/-0.090786).
Game Durations: N=60, mean=37 (+/-5.405044).
P1: N=30, mean=29.2 (+/-4.77545).
P2: N=30, mean=44.8 (+/-8.94146).

Agent 2 (SHUCT)
Winning score (between 0 and 1) : N=60, mean=0.533333 (+/-0.127299).
P1: N=30, mean=0.066667 (+/-0.090786).
P2: N=30, mean=1 (+/-0).
Game Durations: N=60, mean=37 (+/-5.405044).
P1: N=30, mean=44.8 (+/-8.94146).
P2: N=30, mean=29.2 (+/-4.77545).
=====================================================
=====================================================
Completed 70 games.

Agent 1 (SHUCTAnyTime)
Winning score (between 0 and 1) : N=70, mean=0.471429 (+/-0.117783).
P1: N=35, mean=0 (+/-0).
P2: N=35, mean=0.942857 (+/-0.078021).
Game Durations: N=70, mean=35.428571 (+/-4.900196).
P1: N=35, mean=28.457143 (+/-4.336207).
P2: N=35, mean=42.4 (+/-8.226497).

Agent 2 (SHUCT)
Winning score (between 0 and 1) : N=70, mean=0.528571 (+/-0.117783).
P1: N=35, mean=0.057143 (+/-0.078021).
P2: N=35, mean=1 (+/-0).
Game Durations: N=70, mean=35.428571 (+/-4.900196).
P1: N=35, mean=42.4 (+/-8.226497).
P2: N=35, mean=28.457143 (+/-4.336207).
=====================================================
=====================================================
Completed 80 games.

Agent 1 (SHUCTAnyTime)
Winning score (between 0 and 1) : N=80, mean=0.475 (+/-0.110118).
P1: N=40, mean=0 (+/-0).
P2: N=40, mean=0.95 (+/-0.068401).
Game Durations: N=80, mean=35.175 (+/-4.947278).
P1: N=40, mean=27.2 (+/-4.011324).
P2: N=40, mean=43.15 (+/-8.398662).

Agent 2 (SHUCT)
Winning score (between 0 and 1) : N=80, mean=0.525 (+/-0.110118).
P1: N=40, mean=0.05 (+/-0.068401).
P2: N=40, mean=1 (+/-0).
Game Durations: N=80, mean=35.175 (+/-4.947278).
P1: N=40, mean=43.15 (+/-8.398662).
P2: N=40, mean=27.2 (+/-4.011324).
=====================================================
=====================================================
Completed 90 games.

Agent 1 (SHUCTAnyTime)
Winning score (between 0 and 1) : N=90, mean=0.477778 (+/-0.103775).
P1: N=45, mean=0 (+/-0).
P2: N=45, mean=0.955556 (+/-0.060892).
Game Durations: N=90, mean=34.355556 (+/-4.487741).
P1: N=45, mean=26.4 (+/-3.646268).
P2: N=45, mean=42.311111 (+/-7.558318).

Agent 2 (SHUCT)
Winning score (between 0 and 1) : N=90, mean=0.522222 (+/-0.103775).
P1: N=45, mean=0.044444 (+/-0.060892).
P2: N=45, mean=1 (+/-0).
Game Durations: N=90, mean=34.355556 (+/-4.487741).
P1: N=45, mean=42.311111 (+/-7.558318).
P2: N=45, mean=26.4 (+/-3.646268).
=====================================================
=====================================================
Completed 100 games.

Agent 1 (SHUCTAnyTime)
Winning score (between 0 and 1) : N=100, mean=0.48 (+/-0.098413).
P1: N=50, mean=0 (+/-0).
P2: N=50, mean=0.96 (+/-0.054867).
Game Durations: N=100, mean=34.06 (+/-4.144038).
P1: N=50, mean=25.92 (+/-3.346765).
P2: N=50, mean=42.2 (+/-6.913988).

Agent 2 (SHUCT)
Winning score (between 0 and 1) : N=100, mean=0.52 (+/-0.098413).
P1: N=50, mean=0.04 (+/-0.054867).
P2: N=50, mean=1 (+/-0).
Game Durations: N=100, mean=34.06 (+/-4.144038).
P1: N=50, mean=42.2 (+/-6.913988).
P2: N=50, mean=25.92 (+/-3.346765).
=====================================================
=====================================================
Completed 110 games.

Agent 1 (SHUCTAnyTime)
Winning score (between 0 and 1) : N=110, mean=0.481818 (+/-0.093803).
P1: N=55, mean=0 (+/-0).
P2: N=55, mean=0.963636 (+/-0.049928).
Game Durations: N=110, mean=34.381818 (+/-4.298307).
P1: N=55, mean=25.345455 (+/-3.141959).
P2: N=55, mean=43.418182 (+/-7.286733).

Agent 2 (SHUCT)
Winning score (between 0 and 1) : N=110, mean=0.518182 (+/-0.093803).
P1: N=55, mean=0.036364 (+/-0.049928).
P2: N=55, mean=1 (+/-0).
Game Durations: N=110, mean=34.381818 (+/-4.298307).
P1: N=55, mean=43.418182 (+/-7.286733).
P2: N=55, mean=25.345455 (+/-3.141959).
=====================================================
=====================================================
Completed 120 games.

Agent 1 (SHUCTAnyTime)
Winning score (between 0 and 1) : N=120, mean=0.483333 (+/-0.089785).
P1: N=60, mean=0 (+/-0).
P2: N=60, mean=0.966667 (+/-0.045804).
Game Durations: N=120, mean=33.9 (+/-4.02197).
P1: N=60, mean=25.3 (+/-3.160787).
P2: N=60, mean=42.5 (+/-6.75513).

Agent 2 (SHUCT)
Winning score (between 0 and 1) : N=120, mean=0.516667 (+/-0.089785).
P1: N=60, mean=0.033333 (+/-0.045804).
P2: N=60, mean=1 (+/-0).
Game Durations: N=120, mean=33.9 (+/-4.02197).
P1: N=60, mean=42.5 (+/-6.75513).
P2: N=60, mean=25.3 (+/-3.160787).
=====================================================
=====================================================
Completed 130 games.

Agent 1 (SHUCTAnyTime)
Winning score (between 0 and 1) : N=130, mean=0.484615 (+/-0.086242).
P1: N=65, mean=0 (+/-0).
P2: N=65, mean=0.969231 (+/-0.042309).
Game Durations: N=130, mean=33.923077 (+/-3.763741).
P1: N=65, mean=25.384615 (+/-2.95113).
P2: N=65, mean=42.461538 (+/-6.296394).

Agent 2 (SHUCT)
Winning score (between 0 and 1) : N=130, mean=0.515385 (+/-0.086242).
P1: N=65, mean=0.030769 (+/-0.042309).
P2: N=65, mean=1 (+/-0).
Game Durations: N=130, mean=33.923077 (+/-3.763741).
P1: N=65, mean=42.461538 (+/-6.296394).
P2: N=65, mean=25.384615 (+/-2.95113).
=====================================================
=====================================================
Completed 140 games.

Agent 1 (SHUCTAnyTime)
Winning score (between 0 and 1) : N=140, mean=0.485714 (+/-0.083087).
P1: N=70, mean=0 (+/-0).
P2: N=70, mean=0.971429 (+/-0.039309).
Game Durations: N=140, mean=33.871429 (+/-3.510576).
P1: N=70, mean=25.514286 (+/-2.747519).
P2: N=70, mean=42.228571 (+/-5.859036).

Agent 2 (SHUCT)
Winning score (between 0 and 1) : N=140, mean=0.514286 (+/-0.083087).
P1: N=70, mean=0.028571 (+/-0.039309).
P2: N=70, mean=1 (+/-0).
Game Durations: N=140, mean=33.871429 (+/-3.510576).
P1: N=70, mean=42.228571 (+/-5.859036).
P2: N=70, mean=25.514286 (+/-2.747519).
=====================================================
=====================================================
Completed 150 games.

Agent 1 (SHUCTAnyTime)
Winning score (between 0 and 1) : N=150, mean=0.486667 (+/-0.080255).
P1: N=75, mean=0 (+/-0).
P2: N=75, mean=0.973333 (+/-0.036707).
Game Durations: N=150, mean=33.973333 (+/-3.328587).
P1: N=75, mean=25.52 (+/-2.649585).
P2: N=75, mean=42.426667 (+/-5.493456).

Agent 2 (SHUCT)
Winning score (between 0 and 1) : N=150, mean=0.513333 (+/-0.080255).
P1: N=75, mean=0.026667 (+/-0.036707).
P2: N=75, mean=1 (+/-0).
Game Durations: N=150, mean=33.973333 (+/-3.328587).
P1: N=75, mean=42.426667 (+/-5.493456).
P2: N=75, mean=25.52 (+/-2.649585).
=====================================================
