Warming up...
Finished warming up!
=====================================================
Completed 1 games.

Agent 1 (SHUCTAnyTime)
Winning score (between 0 and 1) : N=1, mean=0 (+/-0).
P1: N=1, mean=0 (+/-0).
P2: N=0, mean=0 (+/-0).
Game Durations: N=1, mean=38 (+/-0).
P1: N=1, mean=38 (+/-0).
P2: N=0, mean=0 (+/-0).

Agent 2 (SHUCT)
Winning score (between 0 and 1) : N=1, mean=1 (+/-0).
P1: N=0, mean=0 (+/-0).
P2: N=1, mean=1 (+/-0).
Game Durations: N=1, mean=38 (+/-0).
P1: N=0, mean=0 (+/-0).
P2: N=1, mean=38 (+/-0).
=====================================================
=====================================================
Completed 2 games.

Agent 1 (SHUCTAnyTime)
Winning score (between 0 and 1) : N=2, mean=0.5 (+/-0.97998).
P1: N=1, mean=0 (+/-0).
P2: N=1, mean=1 (+/-0).
Game Durations: N=2, mean=51 (+/-25.47948).
P1: N=1, mean=38 (+/-0).
P2: N=1, mean=64 (+/-0).

Agent 2 (SHUCT)
Winning score (between 0 and 1) : N=2, mean=0.5 (+/-0.97998).
P1: N=1, mean=0 (+/-0).
P2: N=1, mean=1 (+/-0).
Game Durations: N=2, mean=51 (+/-25.47948).
P1: N=1, mean=64 (+/-0).
P2: N=1, mean=38 (+/-0).
=====================================================
=====================================================
Completed 3 games.

Agent 1 (SHUCTAnyTime)
Winning score (between 0 and 1) : N=3, mean=0.333333 (+/-0.65332).
P1: N=2, mean=0 (+/-0).
P2: N=1, mean=1 (+/-0).
Game Durations: N=3, mean=41.333333 (+/-23.986722).
P1: N=2, mean=30 (+/-15.67968).
P2: N=1, mean=64 (+/-0).

Agent 2 (SHUCT)
Winning score (between 0 and 1) : N=3, mean=0.666667 (+/-0.65332).
P1: N=1, mean=0 (+/-0).
P2: N=2, mean=1 (+/-0).
Game Durations: N=3, mean=41.333333 (+/-23.986722).
P1: N=1, mean=64 (+/-0).
P2: N=2, mean=30 (+/-15.67968).
=====================================================
=====================================================
Completed 4 games.

Agent 1 (SHUCTAnyTime)
Winning score (between 0 and 1) : N=4, mean=0.25 (+/-0.48999).
P1: N=2, mean=0 (+/-0).
P2: N=2, mean=0.5 (+/-0.97998).
Game Durations: N=4, mean=36.25 (+/-19.670927).
P1: N=2, mean=30 (+/-15.67968).
P2: N=2, mean=42.5 (+/-42.13914).

Agent 2 (SHUCT)
Winning score (between 0 and 1) : N=4, mean=0.75 (+/-0.48999).
P1: N=2, mean=0.5 (+/-0.97998).
P2: N=2, mean=1 (+/-0).
Game Durations: N=4, mean=36.25 (+/-19.670927).
P1: N=2, mean=42.5 (+/-42.13914).
P2: N=2, mean=30 (+/-15.67968).
=====================================================
=====================================================
Completed 5 games.

Agent 1 (SHUCTAnyTime)
Winning score (between 0 and 1) : N=5, mean=0.2 (+/-0.391992).
P1: N=3, mean=0 (+/-0).
P2: N=2, mean=0.5 (+/-0.97998).
Game Durations: N=5, mean=33 (+/-16.514917).
P1: N=3, mean=26.666667 (+/-11.163937).
P2: N=2, mean=42.5 (+/-42.13914).

Agent 2 (SHUCT)
Winning score (between 0 and 1) : N=5, mean=0.8 (+/-0.391992).
P1: N=2, mean=0.5 (+/-0.97998).
P2: N=3, mean=1 (+/-0).
Game Durations: N=5, mean=33 (+/-16.514917).
P1: N=2, mean=42.5 (+/-42.13914).
P2: N=3, mean=26.666667 (+/-11.163937).
=====================================================
=====================================================
Completed 10 games.

Agent 1 (SHUCTAnyTime)
Winning score (between 0 and 1) : N=10, mean=0.4 (+/-0.32006).
P1: N=5, mean=0 (+/-0).
P2: N=5, mean=0.8 (+/-0.391992).
Game Durations: N=10, mean=32.3 (+/-8.677359).
P1: N=5, mean=30 (+/-8.498184).
P2: N=5, mean=34.6 (+/-16.014205).

Agent 2 (SHUCT)
Winning score (between 0 and 1) : N=10, mean=0.6 (+/-0.32006).
P1: N=5, mean=0.2 (+/-0.391992).
P2: N=5, mean=1 (+/-0).
Game Durations: N=10, mean=32.3 (+/-8.677359).
P1: N=5, mean=34.6 (+/-16.014205).
P2: N=5, mean=30 (+/-8.498184).
=====================================================
=====================================================
Completed 20 games.

Agent 1 (SHUCTAnyTime)
Winning score (between 0 and 1) : N=20, mean=0.45 (+/-0.223696).
P1: N=10, mean=0 (+/-0).
P2: N=10, mean=0.9 (+/-0.195996).
Game Durations: N=20, mean=34.75 (+/-6.110675).
P1: N=10, mean=34.4 (+/-8.819578).
P2: N=10, mean=35.1 (+/-8.931389).

Agent 2 (SHUCT)
Winning score (between 0 and 1) : N=20, mean=0.55 (+/-0.223696).
P1: N=10, mean=0.1 (+/-0.195996).
P2: N=10, mean=1 (+/-0).
Game Durations: N=20, mean=34.75 (+/-6.110675).
P1: N=10, mean=35.1 (+/-8.931389).
P2: N=10, mean=34.4 (+/-8.819578).
=====================================================
=====================================================
Completed 30 games.

Agent 1 (SHUCTAnyTime)
Winning score (between 0 and 1) : N=30, mean=0.433333 (+/-0.180353).
P1: N=15, mean=0 (+/-0).
P2: N=15, mean=0.866667 (+/-0.178065).
Game Durations: N=30, mean=33.933333 (+/-6.441726).
P1: N=15, mean=32.8 (+/-6.467161).
P2: N=15, mean=35.066667 (+/-11.374632).

Agent 2 (SHUCT)
Winning score (between 0 and 1) : N=30, mean=0.566667 (+/-0.180353).
P1: N=15, mean=0.133333 (+/-0.178065).
P2: N=15, mean=1 (+/-0).
Game Durations: N=30, mean=33.933333 (+/-6.441726).
P1: N=15, mean=35.066667 (+/-11.374632).
P2: N=15, mean=32.8 (+/-6.467161).
=====================================================
=====================================================
Completed 40 games.

Agent 1 (SHUCTAnyTime)
Winning score (between 0 and 1) : N=40, mean=0.45 (+/-0.156136).
P1: N=20, mean=0 (+/-0).
P2: N=20, mean=0.9 (+/-0.134894).
Game Durations: N=40, mean=35.75 (+/-5.258071).
P1: N=20, mean=33.7 (+/-5.449995).
P2: N=20, mean=37.8 (+/-9.060778).

Agent 2 (SHUCT)
Winning score (between 0 and 1) : N=40, mean=0.55 (+/-0.156136).
P1: N=20, mean=0.1 (+/-0.134894).
P2: N=20, mean=1 (+/-0).
Game Durations: N=40, mean=35.75 (+/-5.258071).
P1: N=20, mean=37.8 (+/-9.060778).
P2: N=20, mean=33.7 (+/-5.449995).
=====================================================
=====================================================
Completed 50 games.

Agent 1 (SHUCTAnyTime)
Winning score (between 0 and 1) : N=50, mean=0.44 (+/-0.138986).
P1: N=25, mean=0 (+/-0).
P2: N=25, mean=0.88 (+/-0.130009).
Game Durations: N=50, mean=35.06 (+/-5.123638).
P1: N=25, mean=33.28 (+/-5.482659).
P2: N=25, mean=36.84 (+/-8.724706).

Agent 2 (SHUCT)
Winning score (between 0 and 1) : N=50, mean=0.56 (+/-0.138986).
P1: N=25, mean=0.12 (+/-0.130009).
P2: N=25, mean=1 (+/-0).
Game Durations: N=50, mean=35.06 (+/-5.123638).
P1: N=25, mean=36.84 (+/-8.724706).
P2: N=25, mean=33.28 (+/-5.482659).
=====================================================
=====================================================
Completed 60 games.

Agent 1 (SHUCTAnyTime)
Winning score (between 0 and 1) : N=60, mean=0.45 (+/-0.126943).
P1: N=30, mean=0 (+/-0).
P2: N=30, mean=0.9 (+/-0.109187).
Game Durations: N=60, mean=34.15 (+/-4.52797).
P1: N=30, mean=33.466667 (+/-5.215058).
P2: N=30, mean=34.833333 (+/-7.490225).

Agent 2 (SHUCT)
Winning score (between 0 and 1) : N=60, mean=0.55 (+/-0.126943).
P1: N=30, mean=0.1 (+/-0.109187).
P2: N=30, mean=1 (+/-0).
Game Durations: N=60, mean=34.15 (+/-4.52797).
P1: N=30, mean=34.833333 (+/-7.490225).
P2: N=30, mean=33.466667 (+/-5.215058).
=====================================================
=====================================================
Completed 70 games.

Agent 1 (SHUCTAnyTime)
Winning score (between 0 and 1) : N=70, mean=0.442857 (+/-0.117203).
P1: N=35, mean=0 (+/-0).
P2: N=35, mean=0.885714 (+/-0.106943).
Game Durations: N=70, mean=34.571429 (+/-4.366527).
P1: N=35, mean=33.771429 (+/-5.009574).
P2: N=35, mean=35.371429 (+/-7.221311).

Agent 2 (SHUCT)
Winning score (between 0 and 1) : N=70, mean=0.557143 (+/-0.117203).
P1: N=35, mean=0.114286 (+/-0.106943).
P2: N=35, mean=1 (+/-0).
Game Durations: N=70, mean=34.571429 (+/-4.366527).
P1: N=35, mean=35.371429 (+/-7.221311).
P2: N=35, mean=33.771429 (+/-5.009574).
=====================================================
=====================================================
Completed 80 games.

Agent 1 (SHUCTAnyTime)
Winning score (between 0 and 1) : N=80, mean=0.4125 (+/-0.108555).
P1: N=40, mean=0 (+/-0).
P2: N=40, mean=0.825 (+/-0.119251).
Game Durations: N=80, mean=35.0375 (+/-3.919058).
P1: N=40, mean=33.7 (+/-4.386086).
P2: N=40, mean=36.375 (+/-6.529438).

Agent 2 (SHUCT)
Winning score (between 0 and 1) : N=80, mean=0.5875 (+/-0.108555).
P1: N=40, mean=0.175 (+/-0.119251).
P2: N=40, mean=1 (+/-0).
Game Durations: N=80, mean=35.0375 (+/-3.919058).
P1: N=40, mean=36.375 (+/-6.529438).
P2: N=40, mean=33.7 (+/-4.386086).
=====================================================
=====================================================
Completed 90 games.

Agent 1 (SHUCTAnyTime)
Winning score (between 0 and 1) : N=90, mean=0.422222 (+/-0.102613).
P1: N=45, mean=0 (+/-0).
P2: N=45, mean=0.844444 (+/-0.10709).
Game Durations: N=90, mean=35.411111 (+/-3.636067).
P1: N=45, mean=33.422222 (+/-4.045834).
P2: N=45, mean=37.4 (+/-6.035347).

Agent 2 (SHUCT)
Winning score (between 0 and 1) : N=90, mean=0.577778 (+/-0.102613).
P1: N=45, mean=0.155556 (+/-0.10709).
P2: N=45, mean=1 (+/-0).
Game Durations: N=90, mean=35.411111 (+/-3.636067).
P1: N=45, mean=37.4 (+/-6.035347).
P2: N=45, mean=33.422222 (+/-4.045834).
=====================================================
=====================================================
Completed 100 games.

Agent 1 (SHUCTAnyTime)
Winning score (between 0 and 1) : N=100, mean=0.43 (+/-0.097522).
P1: N=50, mean=0 (+/-0).
P2: N=50, mean=0.86 (+/-0.097154).
Game Durations: N=100, mean=34.81 (+/-3.419429).
P1: N=50, mean=33.68 (+/-3.968198).
P2: N=50, mean=35.94 (+/-5.594678).

Agent 2 (SHUCT)
Winning score (between 0 and 1) : N=100, mean=0.57 (+/-0.097522).
P1: N=50, mean=0.14 (+/-0.097154).
P2: N=50, mean=1 (+/-0).
Game Durations: N=100, mean=34.81 (+/-3.419429).
P1: N=50, mean=35.94 (+/-5.594678).
P2: N=50, mean=33.68 (+/-3.968198).
=====================================================
=====================================================
Completed 110 games.

Agent 1 (SHUCTAnyTime)
Winning score (between 0 and 1) : N=110, mean=0.427273 (+/-0.092867).
P1: N=55, mean=0 (+/-0).
P2: N=55, mean=0.854545 (+/-0.094033).
Game Durations: N=110, mean=35.054545 (+/-3.160324).
P1: N=55, mean=34.145455 (+/-3.657538).
P2: N=55, mean=35.963636 (+/-5.179318).

Agent 2 (SHUCT)
Winning score (between 0 and 1) : N=110, mean=0.572727 (+/-0.092867).
P1: N=55, mean=0.145455 (+/-0.094033).
P2: N=55, mean=1 (+/-0).
Game Durations: N=110, mean=35.054545 (+/-3.160324).
P1: N=55, mean=35.963636 (+/-5.179318).
P2: N=55, mean=34.145455 (+/-3.657538).
=====================================================
=====================================================
Completed 120 games.

Agent 1 (SHUCTAnyTime)
Winning score (between 0 and 1) : N=120, mean=0.433333 (+/-0.089033).
P1: N=60, mean=0 (+/-0).
P2: N=60, mean=0.866667 (+/-0.086739).
Game Durations: N=120, mean=35.916667 (+/-3.013018).
P1: N=60, mean=35.266667 (+/-3.580766).
P2: N=60, mean=36.566667 (+/-4.872777).

Agent 2 (SHUCT)
Winning score (between 0 and 1) : N=120, mean=0.566667 (+/-0.089033).
P1: N=60, mean=0.133333 (+/-0.086739).
P2: N=60, mean=1 (+/-0).
Game Durations: N=120, mean=35.916667 (+/-3.013018).
P1: N=60, mean=36.566667 (+/-4.872777).
P2: N=60, mean=35.266667 (+/-3.580766).
=====================================================
=====================================================
Completed 130 games.

Agent 1 (SHUCTAnyTime)
Winning score (between 0 and 1) : N=130, mean=0.438462 (+/-0.085626).
P1: N=65, mean=0 (+/-0).
P2: N=65, mean=0.876923 (+/-0.080487).
Game Durations: N=130, mean=35.461538 (+/-2.842401).
P1: N=65, mean=34.4 (+/-3.45108).
P2: N=65, mean=36.523077 (+/-4.530366).

Agent 2 (SHUCT)
Winning score (between 0 and 1) : N=130, mean=0.561538 (+/-0.085626).
P1: N=65, mean=0.123077 (+/-0.080487).
P2: N=65, mean=1 (+/-0).
Game Durations: N=130, mean=35.461538 (+/-2.842401).
P1: N=65, mean=36.523077 (+/-4.530366).
P2: N=65, mean=34.4 (+/-3.45108).
=====================================================
=====================================================
Completed 140 games.

Agent 1 (SHUCTAnyTime)
Winning score (between 0 and 1) : N=140, mean=0.442857 (+/-0.082576).
P1: N=70, mean=0 (+/-0).
P2: N=70, mean=0.885714 (+/-0.07507).
Game Durations: N=140, mean=35.457143 (+/-2.710691).
P1: N=70, mean=34.8 (+/-3.394891).
P2: N=70, mean=36.114286 (+/-4.246291).

Agent 2 (SHUCT)
Winning score (between 0 and 1) : N=140, mean=0.557143 (+/-0.082576).
P1: N=70, mean=0.114286 (+/-0.07507).
P2: N=70, mean=1 (+/-0).
Game Durations: N=140, mean=35.457143 (+/-2.710691).
P1: N=70, mean=36.114286 (+/-4.246291).
P2: N=70, mean=34.8 (+/-3.394891).
=====================================================
=====================================================
Completed 150 games.

Agent 1 (SHUCTAnyTime)
Winning score (between 0 and 1) : N=150, mean=0.433333 (+/-0.079566).
P1: N=75, mean=0 (+/-0).
P2: N=75, mean=0.866667 (+/-0.077451).
Game Durations: N=150, mean=35.8 (+/-2.767582).
P1: N=75, mean=34.373333 (+/-3.326739).
P2: N=75, mean=37.226667 (+/-4.423409).

Agent 2 (SHUCT)
Winning score (between 0 and 1) : N=150, mean=0.566667 (+/-0.079566).
P1: N=75, mean=0.133333 (+/-0.077451).
P2: N=75, mean=1 (+/-0).
Game Durations: N=150, mean=35.8 (+/-2.767582).
P1: N=75, mean=37.226667 (+/-4.423409).
P2: N=75, mean=34.373333 (+/-3.326739).
=====================================================
