Warming up...
Finished warming up!
=====================================================
Completed 1 games.

Agent 1 (SHUCTAnyTime)
Winning score (between 0 and 1) : N=1, mean=1 (+/-0).
P1: N=0, mean=0 (+/-0).
P2: N=1, mean=1 (+/-0).
Game Durations: N=1, mean=26 (+/-0).
P1: N=0, mean=0 (+/-0).
P2: N=1, mean=26 (+/-0).

Agent 2 (SHUCT)
Winning score (between 0 and 1) : N=1, mean=0 (+/-0).
P1: N=1, mean=0 (+/-0).
P2: N=0, mean=0 (+/-0).
Game Durations: N=1, mean=26 (+/-0).
P1: N=1, mean=26 (+/-0).
P2: N=0, mean=0 (+/-0).
=====================================================
=====================================================
Completed 2 games.

Agent 1 (SHUCTAnyTime)
Winning score (between 0 and 1) : N=2, mean=0.5 (+/-0.97998).
P1: N=1, mean=0 (+/-0).
P2: N=1, mean=1 (+/-0).
Game Durations: N=2, mean=29 (+/-5.87988).
P1: N=1, mean=32 (+/-0).
P2: N=1, mean=26 (+/-0).

Agent 2 (SHUCT)
Winning score (between 0 and 1) : N=2, mean=0.5 (+/-0.97998).
P1: N=1, mean=0 (+/-0).
P2: N=1, mean=1 (+/-0).
Game Durations: N=2, mean=29 (+/-5.87988).
P1: N=1, mean=26 (+/-0).
P2: N=1, mean=32 (+/-0).
=====================================================
=====================================================
Completed 3 games.

Agent 1 (SHUCTAnyTime)
Winning score (between 0 and 1) : N=3, mean=0.666667 (+/-0.65332).
P1: N=1, mean=0 (+/-0).
P2: N=2, mean=1 (+/-0).
Game Durations: N=3, mean=23.333333 (+/-11.61367).
P1: N=1, mean=32 (+/-0).
P2: N=2, mean=19 (+/-13.71972).

Agent 2 (SHUCT)
Winning score (between 0 and 1) : N=3, mean=0.333333 (+/-0.65332).
P1: N=2, mean=0 (+/-0).
P2: N=1, mean=1 (+/-0).
Game Durations: N=3, mean=23.333333 (+/-11.61367).
P1: N=2, mean=19 (+/-13.71972).
P2: N=1, mean=32 (+/-0).
=====================================================
=====================================================
Completed 4 games.

Agent 1 (SHUCTAnyTime)
Winning score (between 0 and 1) : N=4, mean=0.5 (+/-0.565792).
P1: N=2, mean=0 (+/-0).
P2: N=2, mean=1 (+/-0).
Game Durations: N=4, mean=29.5 (+/-14.612331).
P1: N=2, mean=40 (+/-15.67968).
P2: N=2, mean=19 (+/-13.71972).

Agent 2 (SHUCT)
Winning score (between 0 and 1) : N=4, mean=0.5 (+/-0.565792).
P1: N=2, mean=0 (+/-0).
P2: N=2, mean=1 (+/-0).
Game Durations: N=4, mean=29.5 (+/-14.612331).
P1: N=2, mean=19 (+/-13.71972).
P2: N=2, mean=40 (+/-15.67968).
=====================================================
=====================================================
Completed 5 games.

Agent 1 (SHUCTAnyTime)
Winning score (between 0 and 1) : N=5, mean=0.6 (+/-0.48009).
P1: N=2, mean=0 (+/-0).
P2: N=3, mean=1 (+/-0).
Game Durations: N=5, mean=35.6 (+/-16.463664).
P1: N=2, mean=40 (+/-15.67968).
P2: N=3, mean=32.666667 (+/-27.932773).

Agent 2 (SHUCT)
Winning score (between 0 and 1) : N=5, mean=0.4 (+/-0.48009).
P1: N=3, mean=0 (+/-0).
P2: N=2, mean=1 (+/-0).
Game Durations: N=5, mean=35.6 (+/-16.463664).
P1: N=3, mean=32.666667 (+/-27.932773).
P2: N=2, mean=40 (+/-15.67968).
=====================================================
=====================================================
Completed 10 games.

Agent 1 (SHUCTAnyTime)
Winning score (between 0 and 1) : N=10, mean=0.5 (+/-0.32666).
P1: N=5, mean=0 (+/-0).
P2: N=5, mean=1 (+/-0).
Game Durations: N=10, mean=41.6 (+/-12.570936).
P1: N=5, mean=48 (+/-17.39844).
P2: N=5, mean=35.2 (+/-18.159006).

Agent 2 (SHUCT)
Winning score (between 0 and 1) : N=10, mean=0.5 (+/-0.32666).
P1: N=5, mean=0 (+/-0).
P2: N=5, mean=1 (+/-0).
Game Durations: N=10, mean=41.6 (+/-12.570936).
P1: N=5, mean=35.2 (+/-18.159006).
P2: N=5, mean=48 (+/-17.39844).
=====================================================
=====================================================
Completed 20 games.

Agent 1 (SHUCTAnyTime)
Winning score (between 0 and 1) : N=20, mean=0.5 (+/-0.224823).
P1: N=10, mean=0 (+/-0).
P2: N=10, mean=1 (+/-0).
Game Durations: N=20, mean=41.1 (+/-7.633257).
P1: N=10, mean=42 (+/-10.45312).
P2: N=10, mean=40.2 (+/-11.664278).

Agent 2 (SHUCT)
Winning score (between 0 and 1) : N=20, mean=0.5 (+/-0.224823).
P1: N=10, mean=0 (+/-0).
P2: N=10, mean=1 (+/-0).
Game Durations: N=20, mean=41.1 (+/-7.633257).
P1: N=10, mean=40.2 (+/-11.664278).
P2: N=10, mean=42 (+/-10.45312).
=====================================================
=====================================================
Completed 30 games.

Agent 1 (SHUCTAnyTime)
Winning score (between 0 and 1) : N=30, mean=0.5 (+/-0.181978).
P1: N=15, mean=0 (+/-0).
P2: N=15, mean=1 (+/-0).
Game Durations: N=30, mean=37.333333 (+/-7.023072).
P1: N=15, mean=37.866667 (+/-8.037695).
P2: N=15, mean=36.8 (+/-11.814388).

Agent 2 (SHUCT)
Winning score (between 0 and 1) : N=30, mean=0.5 (+/-0.181978).
P1: N=15, mean=0 (+/-0).
P2: N=15, mean=1 (+/-0).
Game Durations: N=30, mean=37.333333 (+/-7.023072).
P1: N=15, mean=36.8 (+/-11.814388).
P2: N=15, mean=37.866667 (+/-8.037695).
=====================================================
=====================================================
Completed 40 games.

Agent 1 (SHUCTAnyTime)
Winning score (between 0 and 1) : N=40, mean=0.5 (+/-0.156922).
P1: N=20, mean=0 (+/-0).
P2: N=20, mean=1 (+/-0).
Game Durations: N=40, mean=35.65 (+/-6.051408).
P1: N=20, mean=33.9 (+/-6.951208).
P2: N=20, mean=37.4 (+/-10.038686).

Agent 2 (SHUCT)
Winning score (between 0 and 1) : N=40, mean=0.5 (+/-0.156922).
P1: N=20, mean=0 (+/-0).
P2: N=20, mean=1 (+/-0).
Game Durations: N=40, mean=35.65 (+/-6.051408).
P1: N=20, mean=37.4 (+/-10.038686).
P2: N=20, mean=33.9 (+/-6.951208).
=====================================================
=====================================================
Completed 50 games.

Agent 1 (SHUCTAnyTime)
Winning score (between 0 and 1) : N=50, mean=0.5 (+/-0.139997).
P1: N=25, mean=0 (+/-0).
P2: N=25, mean=1 (+/-0).
Game Durations: N=50, mean=36.92 (+/-6.251048).
P1: N=25, mean=32.96 (+/-5.672022).
P2: N=25, mean=40.88 (+/-11.061956).

Agent 2 (SHUCT)
Winning score (between 0 and 1) : N=50, mean=0.5 (+/-0.139997).
P1: N=25, mean=0 (+/-0).
P2: N=25, mean=1 (+/-0).
Game Durations: N=50, mean=36.92 (+/-6.251048).
P1: N=25, mean=40.88 (+/-11.061956).
P2: N=25, mean=32.96 (+/-5.672022).
=====================================================
=====================================================
Completed 60 games.

Agent 1 (SHUCTAnyTime)
Winning score (between 0 and 1) : N=60, mean=0.483333 (+/-0.127512).
P1: N=30, mean=0 (+/-0).
P2: N=30, mean=0.966667 (+/-0.065332).
Game Durations: N=60, mean=36.45 (+/-5.426169).
P1: N=30, mean=34 (+/-5.482736).
P2: N=30, mean=38.9 (+/-9.388992).

Agent 2 (SHUCT)
Winning score (between 0 and 1) : N=60, mean=0.516667 (+/-0.127512).
P1: N=30, mean=0.033333 (+/-0.065332).
P2: N=30, mean=1 (+/-0).
Game Durations: N=60, mean=36.45 (+/-5.426169).
P1: N=30, mean=38.9 (+/-9.388992).
P2: N=30, mean=34 (+/-5.482736).
=====================================================
=====================================================
Completed 70 games.

Agent 1 (SHUCTAnyTime)
Winning score (between 0 and 1) : N=70, mean=0.485714 (+/-0.117928).
P1: N=35, mean=0 (+/-0).
P2: N=35, mean=0.971429 (+/-0.055999).
Game Durations: N=70, mean=36.671429 (+/-5.091418).
P1: N=35, mean=33.771429 (+/-5.300142).
P2: N=35, mean=39.571429 (+/-8.673126).

Agent 2 (SHUCT)
Winning score (between 0 and 1) : N=70, mean=0.514286 (+/-0.117928).
P1: N=35, mean=0.028571 (+/-0.055999).
P2: N=35, mean=1 (+/-0).
Game Durations: N=70, mean=36.671429 (+/-5.091418).
P1: N=35, mean=39.571429 (+/-8.673126).
P2: N=35, mean=33.771429 (+/-5.300142).
=====================================================
=====================================================
Completed 80 games.

Agent 1 (SHUCTAnyTime)
Winning score (between 0 and 1) : N=80, mean=0.4875 (+/-0.110222).
P1: N=40, mean=0 (+/-0).
P2: N=40, mean=0.975 (+/-0.048999).
Game Durations: N=80, mean=36.0125 (+/-4.645248).
P1: N=40, mean=33.7 (+/-4.925564).
P2: N=40, mean=38.325 (+/-7.880688).

Agent 2 (SHUCT)
Winning score (between 0 and 1) : N=80, mean=0.5125 (+/-0.110222).
P1: N=40, mean=0.025 (+/-0.048999).
P2: N=40, mean=1 (+/-0).
Game Durations: N=80, mean=36.0125 (+/-4.645248).
P1: N=40, mean=38.325 (+/-7.880688).
P2: N=40, mean=33.7 (+/-4.925564).
=====================================================
=====================================================
Completed 90 games.

Agent 1 (SHUCTAnyTime)
Winning score (between 0 and 1) : N=90, mean=0.488889 (+/-0.103852).
P1: N=45, mean=0 (+/-0).
P2: N=45, mean=0.977778 (+/-0.043555).
Game Durations: N=90, mean=35.855556 (+/-4.272511).
P1: N=45, mean=33.511111 (+/-4.492181).
P2: N=45, mean=38.2 (+/-7.260007).

Agent 2 (SHUCT)
Winning score (between 0 and 1) : N=90, mean=0.511111 (+/-0.103852).
P1: N=45, mean=0.022222 (+/-0.043555).
P2: N=45, mean=1 (+/-0).
Game Durations: N=90, mean=35.855556 (+/-4.272511).
P1: N=45, mean=38.2 (+/-7.260007).
P2: N=45, mean=33.511111 (+/-4.492181).
=====================================================
=====================================================
Completed 100 games.

Agent 1 (SHUCTAnyTime)
Winning score (between 0 and 1) : N=100, mean=0.49 (+/-0.098472).
P1: N=50, mean=0 (+/-0).
P2: N=50, mean=0.98 (+/-0.039199).
Game Durations: N=100, mean=36.43 (+/-4.054151).
P1: N=50, mean=32.6 (+/-4.157892).
P2: N=50, mean=40.26 (+/-6.843053).

Agent 2 (SHUCT)
Winning score (between 0 and 1) : N=100, mean=0.51 (+/-0.098472).
P1: N=50, mean=0.02 (+/-0.039199).
P2: N=50, mean=1 (+/-0).
Game Durations: N=100, mean=36.43 (+/-4.054151).
P1: N=50, mean=40.26 (+/-6.843053).
P2: N=50, mean=32.6 (+/-4.157892).
=====================================================
=====================================================
Completed 110 games.

Agent 1 (SHUCTAnyTime)
Winning score (between 0 and 1) : N=110, mean=0.490909 (+/-0.09385).
P1: N=55, mean=0 (+/-0).
P2: N=55, mean=0.981818 (+/-0.035636).
Game Durations: N=110, mean=36.481818 (+/-3.926268).
P1: N=55, mean=33.418182 (+/-4.390179).
P2: N=55, mean=39.545455 (+/-6.451683).

Agent 2 (SHUCT)
Winning score (between 0 and 1) : N=110, mean=0.509091 (+/-0.09385).
P1: N=55, mean=0.018182 (+/-0.035636).
P2: N=55, mean=1 (+/-0).
Game Durations: N=110, mean=36.481818 (+/-3.926268).
P1: N=55, mean=39.545455 (+/-6.451683).
P2: N=55, mean=33.418182 (+/-4.390179).
=====================================================
=====================================================
Completed 120 games.

Agent 1 (SHUCTAnyTime)
Winning score (between 0 and 1) : N=120, mean=0.491667 (+/-0.089822).
P1: N=60, mean=0 (+/-0).
P2: N=60, mean=0.983333 (+/-0.032666).
Game Durations: N=120, mean=36.675 (+/-3.725929).
P1: N=60, mean=33.3 (+/-4.173932).
P2: N=60, mean=40.05 (+/-6.090633).

Agent 2 (SHUCT)
Winning score (between 0 and 1) : N=120, mean=0.508333 (+/-0.089822).
P1: N=60, mean=0.016667 (+/-0.032666).
P2: N=60, mean=1 (+/-0).
Game Durations: N=120, mean=36.675 (+/-3.725929).
P1: N=60, mean=40.05 (+/-6.090633).
P2: N=60, mean=33.3 (+/-4.173932).
=====================================================
=====================================================
Completed 130 games.

Agent 1 (SHUCTAnyTime)
Winning score (between 0 and 1) : N=130, mean=0.492308 (+/-0.086272).
P1: N=65, mean=0 (+/-0).
P2: N=65, mean=0.984615 (+/-0.030153).
Game Durations: N=130, mean=36.669231 (+/-3.576677).
P1: N=65, mean=33.107692 (+/-4.030521).
P2: N=65, mean=40.230769 (+/-5.813985).

Agent 2 (SHUCT)
Winning score (between 0 and 1) : N=130, mean=0.507692 (+/-0.086272).
P1: N=65, mean=0.015385 (+/-0.030153).
P2: N=65, mean=1 (+/-0).
Game Durations: N=130, mean=36.669231 (+/-3.576677).
P1: N=65, mean=40.230769 (+/-5.813985).
P2: N=65, mean=33.107692 (+/-4.030521).
=====================================================
=====================================================
Completed 140 games.

Agent 1 (SHUCTAnyTime)
Winning score (between 0 and 1) : N=140, mean=0.492857 (+/-0.083112).
P1: N=70, mean=0 (+/-0).
P2: N=70, mean=0.985714 (+/-0.027999).
Game Durations: N=140, mean=36.307143 (+/-3.397767).
P1: N=70, mean=32.914286 (+/-3.890337).
P2: N=70, mean=39.7 (+/-5.486112).

Agent 2 (SHUCT)
Winning score (between 0 and 1) : N=140, mean=0.507143 (+/-0.083112).
P1: N=70, mean=0.014286 (+/-0.027999).
P2: N=70, mean=1 (+/-0).
Game Durations: N=140, mean=36.307143 (+/-3.397767).
P1: N=70, mean=39.7 (+/-5.486112).
P2: N=70, mean=32.914286 (+/-3.890337).
=====================================================
=====================================================
Completed 150 games.

Agent 1 (SHUCTAnyTime)
Winning score (between 0 and 1) : N=150, mean=0.493333 (+/-0.080276).
P1: N=75, mean=0 (+/-0).
P2: N=75, mean=0.986667 (+/-0.026133).
Game Durations: N=150, mean=36.673333 (+/-3.24288).
P1: N=75, mean=32.986667 (+/-3.648013).
P2: N=75, mean=40.36 (+/-5.256444).

Agent 2 (SHUCT)
Winning score (between 0 and 1) : N=150, mean=0.506667 (+/-0.080276).
P1: N=75, mean=0.013333 (+/-0.026133).
P2: N=75, mean=1 (+/-0).
Game Durations: N=150, mean=36.673333 (+/-3.24288).
P1: N=75, mean=40.36 (+/-5.256444).
P2: N=75, mean=32.986667 (+/-3.648013).
=====================================================
