Warming up...
Finished warming up!
=====================================================
Completed 1 games.

Agent 1 (SHUCTAnyTime)
Winning score (between 0 and 1) : N=1, mean=1 (+/-0).
P1: N=0, mean=0 (+/-0).
P2: N=1, mean=1 (+/-0).
Game Durations: N=1, mean=16 (+/-0).
P1: N=0, mean=0 (+/-0).
P2: N=1, mean=16 (+/-0).

Agent 2 (SHUCT)
Winning score (between 0 and 1) : N=1, mean=0 (+/-0).
P1: N=1, mean=0 (+/-0).
P2: N=0, mean=0 (+/-0).
Game Durations: N=1, mean=16 (+/-0).
P1: N=1, mean=16 (+/-0).
P2: N=0, mean=0 (+/-0).
=====================================================
=====================================================
Completed 2 games.

Agent 1 (SHUCTAnyTime)
Winning score (between 0 and 1) : N=2, mean=0.5 (+/-0.97998).
P1: N=1, mean=0 (+/-0).
P2: N=1, mean=1 (+/-0).
Game Durations: N=2, mean=44 (+/-54.87888).
P1: N=1, mean=72 (+/-0).
P2: N=1, mean=16 (+/-0).

Agent 2 (SHUCT)
Winning score (between 0 and 1) : N=2, mean=0.5 (+/-0.97998).
P1: N=1, mean=0 (+/-0).
P2: N=1, mean=1 (+/-0).
Game Durations: N=2, mean=44 (+/-54.87888).
P1: N=1, mean=16 (+/-0).
P2: N=1, mean=72 (+/-0).
=====================================================
=====================================================
Completed 3 games.

Agent 1 (SHUCTAnyTime)
Winning score (between 0 and 1) : N=3, mean=0.666667 (+/-0.65332).
P1: N=1, mean=0 (+/-0).
P2: N=2, mean=1 (+/-0).
Game Durations: N=3, mean=35.333333 (+/-35.950413).
P1: N=1, mean=72 (+/-0).
P2: N=2, mean=17 (+/-1.95996).

Agent 2 (SHUCT)
Winning score (between 0 and 1) : N=3, mean=0.333333 (+/-0.65332).
P1: N=2, mean=0 (+/-0).
P2: N=1, mean=1 (+/-0).
Game Durations: N=3, mean=35.333333 (+/-35.950413).
P1: N=2, mean=17 (+/-1.95996).
P2: N=1, mean=72 (+/-0).
=====================================================
=====================================================
Completed 4 games.

Agent 1 (SHUCTAnyTime)
Winning score (between 0 and 1) : N=4, mean=0.5 (+/-0.565792).
P1: N=2, mean=0 (+/-0).
P2: N=2, mean=1 (+/-0).
Game Durations: N=4, mean=32.5 (+/-26.020268).
P1: N=2, mean=48 (+/-47.03904).
P2: N=2, mean=17 (+/-1.95996).

Agent 2 (SHUCT)
Winning score (between 0 and 1) : N=4, mean=0.5 (+/-0.565792).
P1: N=2, mean=0 (+/-0).
P2: N=2, mean=1 (+/-0).
Game Durations: N=4, mean=32.5 (+/-26.020268).
P1: N=2, mean=17 (+/-1.95996).
P2: N=2, mean=48 (+/-47.03904).
=====================================================
=====================================================
Completed 5 games.

Agent 1 (SHUCTAnyTime)
Winning score (between 0 and 1) : N=5, mean=0.6 (+/-0.48009).
P1: N=2, mean=0 (+/-0).
P2: N=3, mean=1 (+/-0).
Game Durations: N=5, mean=30 (+/-20.742267).
P1: N=2, mean=48 (+/-47.03904).
P2: N=3, mean=18 (+/-2.263167).

Agent 2 (SHUCT)
Winning score (between 0 and 1) : N=5, mean=0.4 (+/-0.48009).
P1: N=3, mean=0 (+/-0).
P2: N=2, mean=1 (+/-0).
Game Durations: N=5, mean=30 (+/-20.742267).
P1: N=3, mean=18 (+/-2.263167).
P2: N=2, mean=48 (+/-47.03904).
=====================================================
=====================================================
Completed 10 games.

Agent 1 (SHUCTAnyTime)
Winning score (between 0 and 1) : N=10, mean=0.5 (+/-0.32666).
P1: N=5, mean=0 (+/-0).
P2: N=5, mean=1 (+/-0).
Game Durations: N=10, mean=26.4 (+/-11.403008).
P1: N=5, mean=30.8 (+/-22.742293).
P2: N=5, mean=22 (+/-5.543604).

Agent 2 (SHUCT)
Winning score (between 0 and 1) : N=10, mean=0.5 (+/-0.32666).
P1: N=5, mean=0 (+/-0).
P2: N=5, mean=1 (+/-0).
Game Durations: N=10, mean=26.4 (+/-11.403008).
P1: N=5, mean=22 (+/-5.543604).
P2: N=5, mean=30.8 (+/-22.742293).
=====================================================
=====================================================
Completed 20 games.

Agent 1 (SHUCTAnyTime)
Winning score (between 0 and 1) : N=20, mean=0.45 (+/-0.223696).
P1: N=10, mean=0 (+/-0).
P2: N=10, mean=0.9 (+/-0.195996).
Game Durations: N=20, mean=38.05 (+/-13.800881).
P1: N=10, mean=35.2 (+/-20.727446).
P2: N=10, mean=40.9 (+/-19.173467).

Agent 2 (SHUCT)
Winning score (between 0 and 1) : N=20, mean=0.55 (+/-0.223696).
P1: N=10, mean=0.1 (+/-0.195996).
P2: N=10, mean=1 (+/-0).
Game Durations: N=20, mean=38.05 (+/-13.800881).
P1: N=10, mean=40.9 (+/-19.173467).
P2: N=10, mean=35.2 (+/-20.727446).
=====================================================
=====================================================
Completed 30 games.

Agent 1 (SHUCTAnyTime)
Winning score (between 0 and 1) : N=30, mean=0.466667 (+/-0.181573).
P1: N=15, mean=0 (+/-0).
P2: N=15, mean=0.933333 (+/-0.130664).
Game Durations: N=30, mean=34.433333 (+/-10.624209).
P1: N=15, mean=27.733333 (+/-14.731047).
P2: N=15, mean=41.133333 (+/-15.032689).

Agent 2 (SHUCT)
Winning score (between 0 and 1) : N=30, mean=0.533333 (+/-0.181573).
P1: N=15, mean=0.066667 (+/-0.130664).
P2: N=15, mean=1 (+/-0).
Game Durations: N=30, mean=34.433333 (+/-10.624209).
P1: N=15, mean=41.133333 (+/-15.032689).
P2: N=15, mean=27.733333 (+/-14.731047).
=====================================================
=====================================================
Completed 40 games.

Agent 1 (SHUCTAnyTime)
Winning score (between 0 and 1) : N=40, mean=0.475 (+/-0.156726).
P1: N=20, mean=0 (+/-0).
P2: N=20, mean=0.95 (+/-0.097998).
Game Durations: N=40, mean=38.525 (+/-8.883245).
P1: N=20, mean=32.7 (+/-12.873615).
P2: N=20, mean=44.35 (+/-12.021002).

Agent 2 (SHUCT)
Winning score (between 0 and 1) : N=40, mean=0.525 (+/-0.156726).
P1: N=20, mean=0.05 (+/-0.097998).
P2: N=20, mean=1 (+/-0).
Game Durations: N=40, mean=38.525 (+/-8.883245).
P1: N=20, mean=44.35 (+/-12.021002).
P2: N=20, mean=32.7 (+/-12.873615).
=====================================================
=====================================================
Completed 50 games.

Agent 1 (SHUCTAnyTime)
Winning score (between 0 and 1) : N=50, mean=0.48 (+/-0.139885).
P1: N=25, mean=0 (+/-0).
P2: N=25, mean=0.96 (+/-0.078398).
Game Durations: N=50, mean=37.9 (+/-7.562593).
P1: N=25, mean=31.28 (+/-10.483814).
P2: N=25, mean=44.52 (+/-10.468902).

Agent 2 (SHUCT)
Winning score (between 0 and 1) : N=50, mean=0.52 (+/-0.139885).
P1: N=25, mean=0.04 (+/-0.078398).
P2: N=25, mean=1 (+/-0).
Game Durations: N=50, mean=37.9 (+/-7.562593).
P1: N=25, mean=44.52 (+/-10.468902).
P2: N=25, mean=31.28 (+/-10.483814).
=====================================================
=====================================================
Completed 60 games.

Agent 1 (SHUCTAnyTime)
Winning score (between 0 and 1) : N=60, mean=0.483333 (+/-0.127512).
P1: N=30, mean=0 (+/-0).
P2: N=30, mean=0.966667 (+/-0.065332).
Game Durations: N=60, mean=36.783333 (+/-6.44548).
P1: N=30, mean=30.2 (+/-8.895913).
P2: N=30, mean=43.366667 (+/-8.855659).

Agent 2 (SHUCT)
Winning score (between 0 and 1) : N=60, mean=0.516667 (+/-0.127512).
P1: N=30, mean=0.033333 (+/-0.065332).
P2: N=30, mean=1 (+/-0).
Game Durations: N=60, mean=36.783333 (+/-6.44548).
P1: N=30, mean=43.366667 (+/-8.855659).
P2: N=30, mean=30.2 (+/-8.895913).
=====================================================
=====================================================
Completed 70 games.

Agent 1 (SHUCTAnyTime)
Winning score (between 0 and 1) : N=70, mean=0.471429 (+/-0.117783).
P1: N=35, mean=0 (+/-0).
P2: N=35, mean=0.942857 (+/-0.078021).
Game Durations: N=70, mean=35.657143 (+/-5.640162).
P1: N=35, mean=29.428571 (+/-7.727986).
P2: N=35, mean=41.885714 (+/-7.786448).

Agent 2 (SHUCT)
Winning score (between 0 and 1) : N=70, mean=0.528571 (+/-0.117783).
P1: N=35, mean=0.057143 (+/-0.078021).
P2: N=35, mean=1 (+/-0).
Game Durations: N=70, mean=35.657143 (+/-5.640162).
P1: N=35, mean=41.885714 (+/-7.786448).
P2: N=35, mean=29.428571 (+/-7.727986).
=====================================================
=====================================================
Completed 80 games.

Agent 1 (SHUCTAnyTime)
Winning score (between 0 and 1) : N=80, mean=0.475 (+/-0.110118).
P1: N=40, mean=0 (+/-0).
P2: N=40, mean=0.95 (+/-0.068401).
Game Durations: N=80, mean=34.65 (+/-5.038378).
P1: N=40, mean=28.8 (+/-6.792111).
P2: N=40, mean=40.5 (+/-7.068827).

Agent 2 (SHUCT)
Winning score (between 0 and 1) : N=80, mean=0.525 (+/-0.110118).
P1: N=40, mean=0.05 (+/-0.068401).
P2: N=40, mean=1 (+/-0).
Game Durations: N=80, mean=34.65 (+/-5.038378).
P1: N=40, mean=40.5 (+/-7.068827).
P2: N=40, mean=28.8 (+/-6.792111).
=====================================================
=====================================================
Completed 90 games.

Agent 1 (SHUCTAnyTime)
Winning score (between 0 and 1) : N=90, mean=0.477778 (+/-0.103775).
P1: N=45, mean=0 (+/-0).
P2: N=45, mean=0.955556 (+/-0.060892).
Game Durations: N=90, mean=35.711111 (+/-4.668746).
P1: N=45, mean=29.422222 (+/-6.214971).
P2: N=45, mean=42 (+/-6.530527).

Agent 2 (SHUCT)
Winning score (between 0 and 1) : N=90, mean=0.522222 (+/-0.103775).
P1: N=45, mean=0.044444 (+/-0.060892).
P2: N=45, mean=1 (+/-0).
Game Durations: N=90, mean=35.711111 (+/-4.668746).
P1: N=45, mean=42 (+/-6.530527).
P2: N=45, mean=29.422222 (+/-6.214971).
=====================================================
=====================================================
Completed 100 games.

Agent 1 (SHUCTAnyTime)
Winning score (between 0 and 1) : N=100, mean=0.48 (+/-0.098413).
P1: N=50, mean=0 (+/-0).
P2: N=50, mean=0.96 (+/-0.054867).
Game Durations: N=100, mean=35.58 (+/-4.303461).
P1: N=50, mean=29.64 (+/-5.674085).
P2: N=50, mean=41.52 (+/-6.091595).

Agent 2 (SHUCT)
Winning score (between 0 and 1) : N=100, mean=0.52 (+/-0.098413).
P1: N=50, mean=0.04 (+/-0.054867).
P2: N=50, mean=1 (+/-0).
Game Durations: N=100, mean=35.58 (+/-4.303461).
P1: N=50, mean=41.52 (+/-6.091595).
P2: N=50, mean=29.64 (+/-5.674085).
=====================================================
=====================================================
Completed 110 games.

Agent 1 (SHUCTAnyTime)
Winning score (between 0 and 1) : N=110, mean=0.472727 (+/-0.093725).
P1: N=55, mean=0 (+/-0).
P2: N=55, mean=0.945455 (+/-0.060569).
Game Durations: N=110, mean=37.063636 (+/-4.333663).
P1: N=55, mean=30.690909 (+/-5.85693).
P2: N=55, mean=43.436364 (+/-5.977997).

Agent 2 (SHUCT)
Winning score (between 0 and 1) : N=110, mean=0.527273 (+/-0.093725).
P1: N=55, mean=0.054545 (+/-0.060569).
P2: N=55, mean=1 (+/-0).
Game Durations: N=110, mean=37.063636 (+/-4.333663).
P1: N=55, mean=43.436364 (+/-5.977997).
P2: N=55, mean=30.690909 (+/-5.85693).
=====================================================
=====================================================
Completed 120 games.

Agent 1 (SHUCTAnyTime)
Winning score (between 0 and 1) : N=120, mean=0.483333 (+/-0.089785).
P1: N=60, mean=0.016667 (+/-0.032666).
P2: N=60, mean=0.95 (+/-0.055612).
Game Durations: N=120, mean=36.166667 (+/-4.02758).
P1: N=60, mean=30.25 (+/-5.401755).
P2: N=60, mean=42.083333 (+/-5.630095).

Agent 2 (SHUCT)
Winning score (between 0 and 1) : N=120, mean=0.516667 (+/-0.089785).
P1: N=60, mean=0.05 (+/-0.055612).
P2: N=60, mean=0.983333 (+/-0.032666).
Game Durations: N=120, mean=36.166667 (+/-4.02758).
P1: N=60, mean=42.083333 (+/-5.630095).
P2: N=60, mean=30.25 (+/-5.401755).
=====================================================
=====================================================
Completed 130 games.

Agent 1 (SHUCTAnyTime)
Winning score (between 0 and 1) : N=130, mean=0.484615 (+/-0.086242).
P1: N=65, mean=0.015385 (+/-0.030153).
P2: N=65, mean=0.953846 (+/-0.051404).
Game Durations: N=130, mean=35.907692 (+/-3.865515).
P1: N=65, mean=30.907692 (+/-5.361327).
P2: N=65, mean=40.907692 (+/-5.337678).

Agent 2 (SHUCT)
Winning score (between 0 and 1) : N=130, mean=0.515385 (+/-0.086242).
P1: N=65, mean=0.046154 (+/-0.051404).
P2: N=65, mean=0.984615 (+/-0.030153).
Game Durations: N=130, mean=35.907692 (+/-3.865515).
P1: N=65, mean=40.907692 (+/-5.337678).
P2: N=65, mean=30.907692 (+/-5.361327).
=====================================================
=====================================================
Completed 140 games.

Agent 1 (SHUCTAnyTime)
Winning score (between 0 and 1) : N=140, mean=0.485714 (+/-0.083087).
P1: N=70, mean=0.014286 (+/-0.027999).
P2: N=70, mean=0.957143 (+/-0.047788).
Game Durations: N=140, mean=35.528571 (+/-3.658311).
P1: N=70, mean=30.557143 (+/-5.042274).
P2: N=70, mean=40.5 (+/-5.073897).

Agent 2 (SHUCT)
Winning score (between 0 and 1) : N=140, mean=0.514286 (+/-0.083087).
P1: N=70, mean=0.042857 (+/-0.047788).
P2: N=70, mean=0.985714 (+/-0.027999).
Game Durations: N=140, mean=35.528571 (+/-3.658311).
P1: N=70, mean=40.5 (+/-5.073897).
P2: N=70, mean=30.557143 (+/-5.042274).
=====================================================
=====================================================
Completed 150 games.

Agent 1 (SHUCTAnyTime)
Winning score (between 0 and 1) : N=150, mean=0.48 (+/-0.080219).
P1: N=75, mean=0.013333 (+/-0.026133).
P2: N=75, mean=0.946667 (+/-0.051195).
Game Durations: N=150, mean=35.566667 (+/-3.547721).
P1: N=75, mean=30.573333 (+/-4.799773).
P2: N=75, mean=40.56 (+/-5.005897).

Agent 2 (SHUCT)
Winning score (between 0 and 1) : N=150, mean=0.52 (+/-0.080219).
P1: N=75, mean=0.053333 (+/-0.051195).
P2: N=75, mean=0.986667 (+/-0.026133).
Game Durations: N=150, mean=35.566667 (+/-3.547721).
P1: N=75, mean=40.56 (+/-5.005897).
P2: N=75, mean=30.573333 (+/-4.799773).
=====================================================
