Warming up...
Finished warming up!
=====================================================
Completed 1 games.

Agent 1 (SHUCTAnyTime)
Winning score (between 0 and 1) : N=1, mean=0 (+/-0).
P1: N=1, mean=0 (+/-0).
P2: N=0, mean=0 (+/-0).
Game Durations: N=1, mean=72 (+/-0).
P1: N=1, mean=72 (+/-0).
P2: N=0, mean=0 (+/-0).

Agent 2 (SHUCT)
Winning score (between 0 and 1) : N=1, mean=1 (+/-0).
P1: N=0, mean=0 (+/-0).
P2: N=1, mean=1 (+/-0).
Game Durations: N=1, mean=72 (+/-0).
P1: N=0, mean=0 (+/-0).
P2: N=1, mean=72 (+/-0).
=====================================================
=====================================================
Completed 2 games.

Agent 1 (SHUCTAnyTime)
Winning score (between 0 and 1) : N=2, mean=0.5 (+/-0.97998).
P1: N=1, mean=0 (+/-0).
P2: N=1, mean=1 (+/-0).
Game Durations: N=2, mean=43 (+/-56.83884).
P1: N=1, mean=72 (+/-0).
P2: N=1, mean=14 (+/-0).

Agent 2 (SHUCT)
Winning score (between 0 and 1) : N=2, mean=0.5 (+/-0.97998).
P1: N=1, mean=0 (+/-0).
P2: N=1, mean=1 (+/-0).
Game Durations: N=2, mean=43 (+/-56.83884).
P1: N=1, mean=14 (+/-0).
P2: N=1, mean=72 (+/-0).
=====================================================
=====================================================
Completed 3 games.

Agent 1 (SHUCTAnyTime)
Winning score (between 0 and 1) : N=3, mean=0.333333 (+/-0.65332).
P1: N=2, mean=0 (+/-0).
P2: N=1, mean=1 (+/-0).
Game Durations: N=3, mean=34 (+/-37.256429).
P1: N=2, mean=44 (+/-54.87888).
P2: N=1, mean=14 (+/-0).

Agent 2 (SHUCT)
Winning score (between 0 and 1) : N=3, mean=0.666667 (+/-0.65332).
P1: N=1, mean=0 (+/-0).
P2: N=2, mean=1 (+/-0).
Game Durations: N=3, mean=34 (+/-37.256429).
P1: N=1, mean=14 (+/-0).
P2: N=2, mean=44 (+/-54.87888).
=====================================================
=====================================================
Completed 4 games.

Agent 1 (SHUCTAnyTime)
Winning score (between 0 and 1) : N=4, mean=0.5 (+/-0.565792).
P1: N=2, mean=0 (+/-0).
P2: N=2, mean=1 (+/-0).
Game Durations: N=4, mean=37.5 (+/-27.222756).
P1: N=2, mean=44 (+/-54.87888).
P2: N=2, mean=31 (+/-33.31932).

Agent 2 (SHUCT)
Winning score (between 0 and 1) : N=4, mean=0.5 (+/-0.565792).
P1: N=2, mean=0 (+/-0).
P2: N=2, mean=1 (+/-0).
Game Durations: N=4, mean=37.5 (+/-27.222756).
P1: N=2, mean=31 (+/-33.31932).
P2: N=2, mean=44 (+/-54.87888).
=====================================================
=====================================================
Completed 5 games.

Agent 1 (SHUCTAnyTime)
Winning score (between 0 and 1) : N=5, mean=0.4 (+/-0.48009).
P1: N=3, mean=0 (+/-0).
P2: N=2, mean=1 (+/-0).
Game Durations: N=5, mean=33.6 (+/-22.429342).
P1: N=3, mean=35.333333 (+/-35.950413).
P2: N=2, mean=31 (+/-33.31932).

Agent 2 (SHUCT)
Winning score (between 0 and 1) : N=5, mean=0.6 (+/-0.48009).
P1: N=2, mean=0 (+/-0).
P2: N=3, mean=1 (+/-0).
Game Durations: N=5, mean=33.6 (+/-22.429342).
P1: N=2, mean=31 (+/-33.31932).
P2: N=3, mean=35.333333 (+/-35.950413).
=====================================================
=====================================================
Completed 10 games.

Agent 1 (SHUCTAnyTime)
Winning score (between 0 and 1) : N=10, mean=0.5 (+/-0.32666).
P1: N=5, mean=0 (+/-0).
P2: N=5, mean=1 (+/-0).
Game Durations: N=10, mean=35 (+/-11.80685).
P1: N=5, mean=39.6 (+/-20.682918).
P2: N=5, mean=30.4 (+/-12.604844).

Agent 2 (SHUCT)
Winning score (between 0 and 1) : N=10, mean=0.5 (+/-0.32666).
P1: N=5, mean=0 (+/-0).
P2: N=5, mean=1 (+/-0).
Game Durations: N=10, mean=35 (+/-11.80685).
P1: N=5, mean=30.4 (+/-12.604844).
P2: N=5, mean=39.6 (+/-20.682918).
=====================================================
=====================================================
Completed 20 games.

Agent 1 (SHUCTAnyTime)
Winning score (between 0 and 1) : N=20, mean=0.45 (+/-0.223696).
P1: N=10, mean=0 (+/-0).
P2: N=10, mean=0.9 (+/-0.195996).
Game Durations: N=20, mean=36.15 (+/-9.23502).
P1: N=10, mean=30.6 (+/-11.84727).
P2: N=10, mean=41.7 (+/-13.908353).

Agent 2 (SHUCT)
Winning score (between 0 and 1) : N=20, mean=0.55 (+/-0.223696).
P1: N=10, mean=0.1 (+/-0.195996).
P2: N=10, mean=1 (+/-0).
Game Durations: N=20, mean=36.15 (+/-9.23502).
P1: N=10, mean=41.7 (+/-13.908353).
P2: N=10, mean=30.6 (+/-11.84727).
=====================================================
=====================================================
Completed 30 games.

Agent 1 (SHUCTAnyTime)
Winning score (between 0 and 1) : N=30, mean=0.466667 (+/-0.181573).
P1: N=15, mean=0 (+/-0).
P2: N=15, mean=0.933333 (+/-0.130664).
Game Durations: N=30, mean=38.3 (+/-7.058077).
P1: N=15, mean=37.066667 (+/-10.370193).
P2: N=15, mean=39.533333 (+/-9.899838).

Agent 2 (SHUCT)
Winning score (between 0 and 1) : N=30, mean=0.533333 (+/-0.181573).
P1: N=15, mean=0.066667 (+/-0.130664).
P2: N=15, mean=1 (+/-0).
Game Durations: N=30, mean=38.3 (+/-7.058077).
P1: N=15, mean=39.533333 (+/-9.899838).
P2: N=15, mean=37.066667 (+/-10.370193).
=====================================================
=====================================================
Completed 40 games.

Agent 1 (SHUCTAnyTime)
Winning score (between 0 and 1) : N=40, mean=0.475 (+/-0.156726).
P1: N=20, mean=0 (+/-0).
P2: N=20, mean=0.95 (+/-0.097998).
Game Durations: N=40, mean=37.325 (+/-5.913866).
P1: N=20, mean=36 (+/-8.295932).
P2: N=20, mean=38.65 (+/-8.604901).

Agent 2 (SHUCT)
Winning score (between 0 and 1) : N=40, mean=0.525 (+/-0.156726).
P1: N=20, mean=0.05 (+/-0.097998).
P2: N=20, mean=1 (+/-0).
Game Durations: N=40, mean=37.325 (+/-5.913866).
P1: N=20, mean=38.65 (+/-8.604901).
P2: N=20, mean=36 (+/-8.295932).
=====================================================
=====================================================
Completed 50 games.

Agent 1 (SHUCTAnyTime)
Winning score (between 0 and 1) : N=50, mean=0.48 (+/-0.139885).
P1: N=25, mean=0 (+/-0).
P2: N=25, mean=0.96 (+/-0.078398).
Game Durations: N=50, mean=41.38 (+/-7.14263).
P1: N=25, mean=34.08 (+/-6.862585).
P2: N=25, mean=48.68 (+/-12.006905).

Agent 2 (SHUCT)
Winning score (between 0 and 1) : N=50, mean=0.52 (+/-0.139885).
P1: N=25, mean=0.04 (+/-0.078398).
P2: N=25, mean=1 (+/-0).
Game Durations: N=50, mean=41.38 (+/-7.14263).
P1: N=25, mean=48.68 (+/-12.006905).
P2: N=25, mean=34.08 (+/-6.862585).
=====================================================
=====================================================
Completed 60 games.

Agent 1 (SHUCTAnyTime)
Winning score (between 0 and 1) : N=60, mean=0.483333 (+/-0.127512).
P1: N=30, mean=0 (+/-0).
P2: N=30, mean=0.966667 (+/-0.065332).
Game Durations: N=60, mean=39.95 (+/-6.410761).
P1: N=30, mean=32.2 (+/-5.950347).
P2: N=30, mean=47.7 (+/-10.766008).

Agent 2 (SHUCT)
Winning score (between 0 and 1) : N=60, mean=0.516667 (+/-0.127512).
P1: N=30, mean=0.033333 (+/-0.065332).
P2: N=30, mean=1 (+/-0).
Game Durations: N=60, mean=39.95 (+/-6.410761).
P1: N=30, mean=47.7 (+/-10.766008).
P2: N=30, mean=32.2 (+/-5.950347).
=====================================================
=====================================================
Completed 70 games.

Agent 1 (SHUCTAnyTime)
Winning score (between 0 and 1) : N=70, mean=0.485714 (+/-0.117928).
P1: N=35, mean=0 (+/-0).
P2: N=35, mean=0.971429 (+/-0.055999).
Game Durations: N=70, mean=43.214286 (+/-7.544429).
P1: N=35, mean=33.2 (+/-5.325488).
P2: N=35, mean=53.228571 (+/-13.416393).

Agent 2 (SHUCT)
Winning score (between 0 and 1) : N=70, mean=0.514286 (+/-0.117928).
P1: N=35, mean=0.028571 (+/-0.055999).
P2: N=35, mean=1 (+/-0).
Game Durations: N=70, mean=43.214286 (+/-7.544429).
P1: N=35, mean=53.228571 (+/-13.416393).
P2: N=35, mean=33.2 (+/-5.325488).
=====================================================
=====================================================
Completed 80 games.

Agent 1 (SHUCTAnyTime)
Winning score (between 0 and 1) : N=80, mean=0.4875 (+/-0.110222).
P1: N=40, mean=0 (+/-0).
P2: N=40, mean=0.975 (+/-0.048999).
Game Durations: N=80, mean=43.5875 (+/-7.113005).
P1: N=40, mean=35.4 (+/-6.198256).
P2: N=40, mean=51.775 (+/-12.383451).

Agent 2 (SHUCT)
Winning score (between 0 and 1) : N=80, mean=0.5125 (+/-0.110222).
P1: N=40, mean=0.025 (+/-0.048999).
P2: N=40, mean=1 (+/-0).
Game Durations: N=80, mean=43.5875 (+/-7.113005).
P1: N=40, mean=51.775 (+/-12.383451).
P2: N=40, mean=35.4 (+/-6.198256).
=====================================================
=====================================================
Completed 90 games.

Agent 1 (SHUCTAnyTime)
Winning score (between 0 and 1) : N=90, mean=0.5 (+/-0.103878).
P1: N=45, mean=0.022222 (+/-0.043555).
P2: N=45, mean=0.977778 (+/-0.043555).
Game Durations: N=90, mean=42.266667 (+/-6.431683).
P1: N=45, mean=34.911111 (+/-5.639309).
P2: N=45, mean=49.622222 (+/-11.229313).

Agent 2 (SHUCT)
Winning score (between 0 and 1) : N=90, mean=0.5 (+/-0.103878).
P1: N=45, mean=0.022222 (+/-0.043555).
P2: N=45, mean=0.977778 (+/-0.043555).
Game Durations: N=90, mean=42.266667 (+/-6.431683).
P1: N=45, mean=49.622222 (+/-11.229313).
P2: N=45, mean=34.911111 (+/-5.639309).
=====================================================
=====================================================
Completed 100 games.

Agent 1 (SHUCTAnyTime)
Winning score (between 0 and 1) : N=100, mean=0.5 (+/-0.098492).
P1: N=50, mean=0.02 (+/-0.039199).
P2: N=50, mean=0.98 (+/-0.039199).
Game Durations: N=100, mean=40.9 (+/-5.922128).
P1: N=50, mean=34.98 (+/-5.317972).
P2: N=50, mean=46.82 (+/-10.389515).

Agent 2 (SHUCT)
Winning score (between 0 and 1) : N=100, mean=0.5 (+/-0.098492).
P1: N=50, mean=0.02 (+/-0.039199).
P2: N=50, mean=0.98 (+/-0.039199).
Game Durations: N=100, mean=40.9 (+/-5.922128).
P1: N=50, mean=46.82 (+/-10.389515).
P2: N=50, mean=34.98 (+/-5.317972).
=====================================================
=====================================================
Completed 110 games.

Agent 1 (SHUCTAnyTime)
Winning score (between 0 and 1) : N=110, mean=0.5 (+/-0.093865).
P1: N=55, mean=0.018182 (+/-0.035636).
P2: N=55, mean=0.981818 (+/-0.035636).
Game Durations: N=110, mean=41.327273 (+/-5.490649).
P1: N=55, mean=35.909091 (+/-4.998431).
P2: N=55, mean=46.745455 (+/-9.620001).

Agent 2 (SHUCT)
Winning score (between 0 and 1) : N=110, mean=0.5 (+/-0.093865).
P1: N=55, mean=0.018182 (+/-0.035636).
P2: N=55, mean=0.981818 (+/-0.035636).
Game Durations: N=110, mean=41.327273 (+/-5.490649).
P1: N=55, mean=46.745455 (+/-9.620001).
P2: N=55, mean=35.909091 (+/-4.998431).
=====================================================
=====================================================
Completed 120 games.

Agent 1 (SHUCTAnyTime)
Winning score (between 0 and 1) : N=120, mean=0.5 (+/-0.089835).
P1: N=60, mean=0.016667 (+/-0.032666).
P2: N=60, mean=0.983333 (+/-0.032666).
Game Durations: N=120, mean=40.816667 (+/-5.121938).
P1: N=60, mean=35.516667 (+/-4.664124).
P2: N=60, mean=46.116667 (+/-8.967408).

Agent 2 (SHUCT)
Winning score (between 0 and 1) : N=120, mean=0.5 (+/-0.089835).
P1: N=60, mean=0.016667 (+/-0.032666).
P2: N=60, mean=0.983333 (+/-0.032666).
Game Durations: N=120, mean=40.816667 (+/-5.121938).
P1: N=60, mean=46.116667 (+/-8.967408).
P2: N=60, mean=35.516667 (+/-4.664124).
=====================================================
=====================================================
Completed 130 games.

Agent 1 (SHUCTAnyTime)
Winning score (between 0 and 1) : N=130, mean=0.492308 (+/-0.086272).
P1: N=65, mean=0.015385 (+/-0.030153).
P2: N=65, mean=0.969231 (+/-0.042309).
Game Durations: N=130, mean=41.376923 (+/-4.799101).
P1: N=65, mean=36.630769 (+/-4.521075).
P2: N=65, mean=46.123077 (+/-8.348711).

Agent 2 (SHUCT)
Winning score (between 0 and 1) : N=130, mean=0.507692 (+/-0.086272).
P1: N=65, mean=0.030769 (+/-0.042309).
P2: N=65, mean=0.984615 (+/-0.030153).
Game Durations: N=130, mean=41.376923 (+/-4.799101).
P1: N=65, mean=46.123077 (+/-8.348711).
P2: N=65, mean=36.630769 (+/-4.521075).
=====================================================
=====================================================
Completed 140 games.

Agent 1 (SHUCTAnyTime)
Winning score (between 0 and 1) : N=140, mean=0.478571 (+/-0.083044).
P1: N=70, mean=0.014286 (+/-0.027999).
P2: N=70, mean=0.942857 (+/-0.054768).
Game Durations: N=140, mean=41.692857 (+/-4.719619).
P1: N=70, mean=38.328571 (+/-5.236804).
P2: N=70, mean=45.057143 (+/-7.81412).

Agent 2 (SHUCT)
Winning score (between 0 and 1) : N=140, mean=0.521429 (+/-0.083044).
P1: N=70, mean=0.057143 (+/-0.054768).
P2: N=70, mean=0.985714 (+/-0.027999).
Game Durations: N=140, mean=41.692857 (+/-4.719619).
P1: N=70, mean=45.057143 (+/-7.81412).
P2: N=70, mean=38.328571 (+/-5.236804).
=====================================================
=====================================================
Completed 150 games.

Agent 1 (SHUCTAnyTime)
Winning score (between 0 and 1) : N=150, mean=0.48 (+/-0.080219).
P1: N=75, mean=0.013333 (+/-0.026133).
P2: N=75, mean=0.946667 (+/-0.051195).
Game Durations: N=150, mean=40.993333 (+/-4.494419).
P1: N=75, mean=37.026667 (+/-5.013459).
P2: N=75, mean=44.96 (+/-7.38761).

Agent 2 (SHUCT)
Winning score (between 0 and 1) : N=150, mean=0.52 (+/-0.080219).
P1: N=75, mean=0.053333 (+/-0.051195).
P2: N=75, mean=0.986667 (+/-0.026133).
Game Durations: N=150, mean=40.993333 (+/-4.494419).
P1: N=75, mean=44.96 (+/-7.38761).
P2: N=75, mean=37.026667 (+/-5.013459).
=====================================================
