Warming up...
Finished warming up!
=====================================================
Completed 1 games.

Agent 1 (SHUCTAnyTime)
Winning score (between 0 and 1) : N=1, mean=1 (+/-0).
P1: N=0, mean=0 (+/-0).
P2: N=1, mean=1 (+/-0).
Game Durations: N=1, mean=26 (+/-0).
P1: N=0, mean=0 (+/-0).
P2: N=1, mean=26 (+/-0).

Agent 2 (SHUCT)
Winning score (between 0 and 1) : N=1, mean=0 (+/-0).
P1: N=1, mean=0 (+/-0).
P2: N=0, mean=0 (+/-0).
Game Durations: N=1, mean=26 (+/-0).
P1: N=1, mean=26 (+/-0).
P2: N=0, mean=0 (+/-0).
=====================================================
=====================================================
Completed 2 games.

Agent 1 (SHUCTAnyTime)
Winning score (between 0 and 1) : N=2, mean=0.5 (+/-0.97998).
P1: N=1, mean=0 (+/-0).
P2: N=1, mean=1 (+/-0).
Game Durations: N=2, mean=19 (+/-13.71972).
P1: N=1, mean=12 (+/-0).
P2: N=1, mean=26 (+/-0).

Agent 2 (SHUCT)
Winning score (between 0 and 1) : N=2, mean=0.5 (+/-0.97998).
P1: N=1, mean=0 (+/-0).
P2: N=1, mean=1 (+/-0).
Game Durations: N=2, mean=19 (+/-13.71972).
P1: N=1, mean=26 (+/-0).
P2: N=1, mean=12 (+/-0).
=====================================================
=====================================================
Completed 3 games.

Agent 1 (SHUCTAnyTime)
Winning score (between 0 and 1) : N=3, mean=0.666667 (+/-0.65332).
P1: N=1, mean=0 (+/-0).
P2: N=2, mean=1 (+/-0).
Game Durations: N=3, mean=19.333333 (+/-7.947981).
P1: N=1, mean=12 (+/-0).
P2: N=2, mean=23 (+/-5.87988).

Agent 2 (SHUCT)
Winning score (between 0 and 1) : N=3, mean=0.333333 (+/-0.65332).
P1: N=2, mean=0 (+/-0).
P2: N=1, mean=1 (+/-0).
Game Durations: N=3, mean=19.333333 (+/-7.947981).
P1: N=2, mean=23 (+/-5.87988).
P2: N=1, mean=12 (+/-0).
=====================================================
=====================================================
Completed 4 games.

Agent 1 (SHUCTAnyTime)
Winning score (between 0 and 1) : N=4, mean=0.5 (+/-0.565792).
P1: N=2, mean=0 (+/-0).
P2: N=2, mean=1 (+/-0).
Game Durations: N=4, mean=23.5 (+/-9.913472).
P1: N=2, mean=24 (+/-23.51952).
P2: N=2, mean=23 (+/-5.87988).

Agent 2 (SHUCT)
Winning score (between 0 and 1) : N=4, mean=0.5 (+/-0.565792).
P1: N=2, mean=0 (+/-0).
P2: N=2, mean=1 (+/-0).
Game Durations: N=4, mean=23.5 (+/-9.913472).
P1: N=2, mean=23 (+/-5.87988).
P2: N=2, mean=24 (+/-23.51952).
=====================================================
=====================================================
Completed 5 games.

Agent 1 (SHUCTAnyTime)
Winning score (between 0 and 1) : N=5, mean=0.6 (+/-0.48009).
P1: N=2, mean=0 (+/-0).
P2: N=3, mean=1 (+/-0).
Game Durations: N=5, mean=22.8 (+/-7.800542).
P1: N=2, mean=24 (+/-23.51952).
P2: N=3, mean=22 (+/-3.91992).

Agent 2 (SHUCT)
Winning score (between 0 and 1) : N=5, mean=0.4 (+/-0.48009).
P1: N=3, mean=0 (+/-0).
P2: N=2, mean=1 (+/-0).
Game Durations: N=5, mean=22.8 (+/-7.800542).
P1: N=3, mean=22 (+/-3.91992).
P2: N=2, mean=24 (+/-23.51952).
=====================================================
=====================================================
Completed 10 games.

Agent 1 (SHUCTAnyTime)
Winning score (between 0 and 1) : N=10, mean=0.5 (+/-0.32666).
P1: N=5, mean=0 (+/-0).
P2: N=5, mean=1 (+/-0).
Game Durations: N=10, mean=25.8 (+/-6.085352).
P1: N=5, mean=25.6 (+/-11.1838).
P2: N=5, mean=26 (+/-6.441086).

Agent 2 (SHUCT)
Winning score (between 0 and 1) : N=10, mean=0.5 (+/-0.32666).
P1: N=5, mean=0 (+/-0).
P2: N=5, mean=1 (+/-0).
Game Durations: N=10, mean=25.8 (+/-6.085352).
P1: N=5, mean=26 (+/-6.441086).
P2: N=5, mean=25.6 (+/-11.1838).
=====================================================
=====================================================
Completed 20 games.

Agent 1 (SHUCTAnyTime)
Winning score (between 0 and 1) : N=20, mean=0.5 (+/-0.224823).
P1: N=10, mean=0 (+/-0).
P2: N=10, mean=1 (+/-0).
Game Durations: N=20, mean=24.9 (+/-3.767108).
P1: N=10, mean=24.4 (+/-5.47543).
P2: N=10, mean=25.4 (+/-5.451994).

Agent 2 (SHUCT)
Winning score (between 0 and 1) : N=20, mean=0.5 (+/-0.224823).
P1: N=10, mean=0 (+/-0).
P2: N=10, mean=1 (+/-0).
Game Durations: N=20, mean=24.9 (+/-3.767108).
P1: N=10, mean=25.4 (+/-5.451994).
P2: N=10, mean=24.4 (+/-5.47543).
=====================================================
=====================================================
Completed 30 games.

Agent 1 (SHUCTAnyTime)
Winning score (between 0 and 1) : N=30, mean=0.466667 (+/-0.181573).
P1: N=15, mean=0 (+/-0).
P2: N=15, mean=0.933333 (+/-0.130664).
Game Durations: N=30, mean=31.5 (+/-7.485311).
P1: N=15, mean=25.066667 (+/-5.130479).
P2: N=15, mean=37.933333 (+/-13.531049).

Agent 2 (SHUCT)
Winning score (between 0 and 1) : N=30, mean=0.533333 (+/-0.181573).
P1: N=15, mean=0.066667 (+/-0.130664).
P2: N=15, mean=1 (+/-0).
Game Durations: N=30, mean=31.5 (+/-7.485311).
P1: N=15, mean=37.933333 (+/-13.531049).
P2: N=15, mean=25.066667 (+/-5.130479).
=====================================================
=====================================================
Completed 40 games.

Agent 1 (SHUCTAnyTime)
Winning score (between 0 and 1) : N=40, mean=0.475 (+/-0.156726).
P1: N=20, mean=0 (+/-0).
P2: N=20, mean=0.95 (+/-0.097998).
Game Durations: N=40, mean=30.775 (+/-5.94174).
P1: N=20, mean=26.2 (+/-4.522461).
P2: N=20, mean=35.35 (+/-10.771126).

Agent 2 (SHUCT)
Winning score (between 0 and 1) : N=40, mean=0.525 (+/-0.156726).
P1: N=20, mean=0.05 (+/-0.097998).
P2: N=20, mean=1 (+/-0).
Game Durations: N=40, mean=30.775 (+/-5.94174).
P1: N=20, mean=35.35 (+/-10.771126).
P2: N=20, mean=26.2 (+/-4.522461).
=====================================================
=====================================================
Completed 50 games.

Agent 1 (SHUCTAnyTime)
Winning score (between 0 and 1) : N=50, mean=0.48 (+/-0.139885).
P1: N=25, mean=0 (+/-0).
P2: N=25, mean=0.96 (+/-0.078398).
Game Durations: N=50, mean=30.62 (+/-4.998314).
P1: N=25, mean=27.76 (+/-4.567562).
P2: N=25, mean=33.48 (+/-8.86191).

Agent 2 (SHUCT)
Winning score (between 0 and 1) : N=50, mean=0.52 (+/-0.139885).
P1: N=25, mean=0.04 (+/-0.078398).
P2: N=25, mean=1 (+/-0).
Game Durations: N=50, mean=30.62 (+/-4.998314).
P1: N=25, mean=33.48 (+/-8.86191).
P2: N=25, mean=27.76 (+/-4.567562).
=====================================================
=====================================================
Completed 60 games.

Agent 1 (SHUCTAnyTime)
Winning score (between 0 and 1) : N=60, mean=0.483333 (+/-0.127512).
P1: N=30, mean=0 (+/-0).
P2: N=30, mean=0.966667 (+/-0.065332).
Game Durations: N=60, mean=29.783333 (+/-4.242982).
P1: N=30, mean=27.4 (+/-3.916088).
P2: N=30, mean=32.166667 (+/-7.510829).

Agent 2 (SHUCT)
Winning score (between 0 and 1) : N=60, mean=0.516667 (+/-0.127512).
P1: N=30, mean=0.033333 (+/-0.065332).
P2: N=30, mean=1 (+/-0).
Game Durations: N=60, mean=29.783333 (+/-4.242982).
P1: N=30, mean=32.166667 (+/-7.510829).
P2: N=30, mean=27.4 (+/-3.916088).
=====================================================
=====================================================
Completed 70 games.

Agent 1 (SHUCTAnyTime)
Winning score (between 0 and 1) : N=70, mean=0.485714 (+/-0.117928).
P1: N=35, mean=0 (+/-0).
P2: N=35, mean=0.971429 (+/-0.055999).
Game Durations: N=70, mean=29.357143 (+/-3.776495).
P1: N=35, mean=27.657143 (+/-3.673296).
P2: N=35, mean=31.057143 (+/-6.613655).

Agent 2 (SHUCT)
Winning score (between 0 and 1) : N=70, mean=0.514286 (+/-0.117928).
P1: N=35, mean=0.028571 (+/-0.055999).
P2: N=35, mean=1 (+/-0).
Game Durations: N=70, mean=29.357143 (+/-3.776495).
P1: N=35, mean=31.057143 (+/-6.613655).
P2: N=35, mean=27.657143 (+/-3.673296).
=====================================================
=====================================================
Completed 80 games.

Agent 1 (SHUCTAnyTime)
Winning score (between 0 and 1) : N=80, mean=0.4875 (+/-0.110222).
P1: N=40, mean=0 (+/-0).
P2: N=40, mean=0.975 (+/-0.048999).
Game Durations: N=80, mean=30.1125 (+/-3.493925).
P1: N=40, mean=28.2 (+/-3.379629).
P2: N=40, mean=32.025 (+/-6.10849).

Agent 2 (SHUCT)
Winning score (between 0 and 1) : N=80, mean=0.5125 (+/-0.110222).
P1: N=40, mean=0.025 (+/-0.048999).
P2: N=40, mean=1 (+/-0).
Game Durations: N=80, mean=30.1125 (+/-3.493925).
P1: N=40, mean=32.025 (+/-6.10849).
P2: N=40, mean=28.2 (+/-3.379629).
=====================================================
=====================================================
Completed 90 games.

Agent 1 (SHUCTAnyTime)
Winning score (between 0 and 1) : N=90, mean=0.477778 (+/-0.103775).
P1: N=45, mean=0 (+/-0).
P2: N=45, mean=0.955556 (+/-0.060892).
Game Durations: N=90, mean=32.422222 (+/-4.34634).
P1: N=45, mean=29.111111 (+/-3.473964).
P2: N=45, mean=35.733333 (+/-7.901809).

Agent 2 (SHUCT)
Winning score (between 0 and 1) : N=90, mean=0.522222 (+/-0.103775).
P1: N=45, mean=0.044444 (+/-0.060892).
P2: N=45, mean=1 (+/-0).
Game Durations: N=90, mean=32.422222 (+/-4.34634).
P1: N=45, mean=35.733333 (+/-7.901809).
P2: N=45, mean=29.111111 (+/-3.473964).
=====================================================
=====================================================
Completed 100 games.

Agent 1 (SHUCTAnyTime)
Winning score (between 0 and 1) : N=100, mean=0.48 (+/-0.098413).
P1: N=50, mean=0 (+/-0).
P2: N=50, mean=0.96 (+/-0.054867).
Game Durations: N=100, mean=34.28 (+/-4.638202).
P1: N=50, mean=29.76 (+/-3.329253).
P2: N=50, mean=38.8 (+/-8.523055).

Agent 2 (SHUCT)
Winning score (between 0 and 1) : N=100, mean=0.52 (+/-0.098413).
P1: N=50, mean=0.04 (+/-0.054867).
P2: N=50, mean=1 (+/-0).
Game Durations: N=100, mean=34.28 (+/-4.638202).
P1: N=50, mean=38.8 (+/-8.523055).
P2: N=50, mean=29.76 (+/-3.329253).
=====================================================
=====================================================
Completed 110 games.

Agent 1 (SHUCTAnyTime)
Winning score (between 0 and 1) : N=110, mean=0.481818 (+/-0.093803).
P1: N=55, mean=0 (+/-0).
P2: N=55, mean=0.963636 (+/-0.049928).
Game Durations: N=110, mean=33.581818 (+/-4.257294).
P1: N=55, mean=29.381818 (+/-3.100217).
P2: N=55, mean=37.781818 (+/-7.813347).

Agent 2 (SHUCT)
Winning score (between 0 and 1) : N=110, mean=0.518182 (+/-0.093803).
P1: N=55, mean=0.036364 (+/-0.049928).
P2: N=55, mean=1 (+/-0).
Game Durations: N=110, mean=33.581818 (+/-4.257294).
P1: N=55, mean=37.781818 (+/-7.813347).
P2: N=55, mean=29.381818 (+/-3.100217).
=====================================================
=====================================================
Completed 120 games.

Agent 1 (SHUCTAnyTime)
Winning score (between 0 and 1) : N=120, mean=0.475 (+/-0.089722).
P1: N=60, mean=0 (+/-0).
P2: N=60, mean=0.95 (+/-0.055612).
Game Durations: N=120, mean=34.891667 (+/-4.163767).
P1: N=60, mean=30.133333 (+/-3.513339).
P2: N=60, mean=39.65 (+/-7.392131).

Agent 2 (SHUCT)
Winning score (between 0 and 1) : N=120, mean=0.525 (+/-0.089722).
P1: N=60, mean=0.05 (+/-0.055612).
P2: N=60, mean=1 (+/-0).
Game Durations: N=120, mean=34.891667 (+/-4.163767).
P1: N=60, mean=39.65 (+/-7.392131).
P2: N=60, mean=30.133333 (+/-3.513339).
=====================================================
=====================================================
Completed 130 games.

Agent 1 (SHUCTAnyTime)
Winning score (between 0 and 1) : N=130, mean=0.476923 (+/-0.08619).
P1: N=65, mean=0 (+/-0).
P2: N=65, mean=0.953846 (+/-0.051404).
Game Durations: N=130, mean=34.469231 (+/-3.905119).
P1: N=65, mean=29.784615 (+/-3.282031).
P2: N=65, mean=39.153846 (+/-6.933266).

Agent 2 (SHUCT)
Winning score (between 0 and 1) : N=130, mean=0.523077 (+/-0.08619).
P1: N=65, mean=0.046154 (+/-0.051404).
P2: N=65, mean=1 (+/-0).
Game Durations: N=130, mean=34.469231 (+/-3.905119).
P1: N=65, mean=39.153846 (+/-6.933266).
P2: N=65, mean=29.784615 (+/-3.282031).
=====================================================
=====================================================
Completed 140 games.

Agent 1 (SHUCTAnyTime)
Winning score (between 0 and 1) : N=140, mean=0.471429 (+/-0.082985).
P1: N=70, mean=0 (+/-0).
P2: N=70, mean=0.942857 (+/-0.054768).
Game Durations: N=140, mean=34.285714 (+/-3.703565).
P1: N=70, mean=29.885714 (+/-3.118934).
P2: N=70, mean=38.685714 (+/-6.58633).

Agent 2 (SHUCT)
Winning score (between 0 and 1) : N=140, mean=0.528571 (+/-0.082985).
P1: N=70, mean=0.057143 (+/-0.054768).
P2: N=70, mean=1 (+/-0).
Game Durations: N=140, mean=34.285714 (+/-3.703565).
P1: N=70, mean=38.685714 (+/-6.58633).
P2: N=70, mean=29.885714 (+/-3.118934).
=====================================================
=====================================================
Completed 150 games.

Agent 1 (SHUCTAnyTime)
Winning score (between 0 and 1) : N=150, mean=0.473333 (+/-0.080169).
P1: N=75, mean=0.013333 (+/-0.026133).
P2: N=75, mean=0.933333 (+/-0.056833).
Game Durations: N=150, mean=34.906667 (+/-3.692294).
P1: N=75, mean=29.8 (+/-2.983699).
P2: N=75, mean=40.013333 (+/-6.579562).

Agent 2 (SHUCT)
Winning score (between 0 and 1) : N=150, mean=0.526667 (+/-0.080169).
P1: N=75, mean=0.066667 (+/-0.056833).
P2: N=75, mean=0.986667 (+/-0.026133).
Game Durations: N=150, mean=34.906667 (+/-3.692294).
P1: N=75, mean=40.013333 (+/-6.579562).
P2: N=75, mean=29.8 (+/-2.983699).
=====================================================
