Warming up...
Finished warming up!
=====================================================
Completed 1 games.

Agent 1 (SHUCTAnyTime)
Winning score (between 0 and 1) : N=1, mean=1 (+/-0).
P1: N=1, mean=1 (+/-0).
P2: N=0, mean=0 (+/-0).
Game Durations: N=1, mean=126 (+/-0).
P1: N=1, mean=126 (+/-0).
P2: N=0, mean=0 (+/-0).

Agent 2 (UCT)
Winning score (between 0 and 1) : N=1, mean=0 (+/-0).
P1: N=0, mean=0 (+/-0).
P2: N=1, mean=0 (+/-0).
Game Durations: N=1, mean=126 (+/-0).
P1: N=0, mean=0 (+/-0).
P2: N=1, mean=126 (+/-0).
=====================================================
=====================================================
Completed 2 games.

Agent 1 (SHUCTAnyTime)
Winning score (between 0 and 1) : N=2, mean=0.5 (+/-0.97998).
P1: N=1, mean=1 (+/-0).
P2: N=1, mean=0 (+/-0).
Game Durations: N=2, mean=150 (+/-47.03904).
P1: N=1, mean=126 (+/-0).
P2: N=1, mean=174 (+/-0).

Agent 2 (UCT)
Winning score (between 0 and 1) : N=2, mean=0.5 (+/-0.97998).
P1: N=1, mean=1 (+/-0).
P2: N=1, mean=0 (+/-0).
Game Durations: N=2, mean=150 (+/-47.03904).
P1: N=1, mean=174 (+/-0).
P2: N=1, mean=126 (+/-0).
=====================================================
=====================================================
Completed 3 games.

Agent 1 (SHUCTAnyTime)
Winning score (between 0 and 1) : N=3, mean=0.666667 (+/-0.65332).
P1: N=2, mean=1 (+/-0).
P2: N=1, mean=0 (+/-0).
Game Durations: N=3, mean=151.333333 (+/-27.283444).
P1: N=2, mean=140 (+/-27.43944).
P2: N=1, mean=174 (+/-0).

Agent 2 (UCT)
Winning score (between 0 and 1) : N=3, mean=0.333333 (+/-0.65332).
P1: N=1, mean=1 (+/-0).
P2: N=2, mean=0 (+/-0).
Game Durations: N=3, mean=151.333333 (+/-27.283444).
P1: N=1, mean=174 (+/-0).
P2: N=2, mean=140 (+/-27.43944).
=====================================================
=====================================================
Completed 4 games.

Agent 1 (SHUCTAnyTime)
Winning score (between 0 and 1) : N=4, mean=0.75 (+/-0.48999).
P1: N=2, mean=1 (+/-0).
P2: N=2, mean=0.5 (+/-0.97998).
Game Durations: N=4, mean=147.5 (+/-20.703648).
P1: N=2, mean=140 (+/-27.43944).
P2: N=2, mean=155 (+/-37.23924).

Agent 2 (UCT)
Winning score (between 0 and 1) : N=4, mean=0.25 (+/-0.48999).
P1: N=2, mean=0.5 (+/-0.97998).
P2: N=2, mean=0 (+/-0).
Game Durations: N=4, mean=147.5 (+/-20.703648).
P1: N=2, mean=155 (+/-37.23924).
P2: N=2, mean=140 (+/-27.43944).
=====================================================
=====================================================
Completed 5 games.

Agent 1 (SHUCTAnyTime)
Winning score (between 0 and 1) : N=5, mean=0.6 (+/-0.48009).
P1: N=3, mean=0.666667 (+/-0.65332).
P2: N=2, mean=0.5 (+/-0.97998).
Game Durations: N=5, mean=152.4 (+/-18.692717).
P1: N=3, mean=150.666667 (+/-26.230615).
P2: N=2, mean=155 (+/-37.23924).

Agent 2 (UCT)
Winning score (between 0 and 1) : N=5, mean=0.4 (+/-0.48009).
P1: N=2, mean=0.5 (+/-0.97998).
P2: N=3, mean=0.333333 (+/-0.65332).
Game Durations: N=5, mean=152.4 (+/-18.692717).
P1: N=2, mean=155 (+/-37.23924).
P2: N=3, mean=150.666667 (+/-26.230615).
=====================================================
=====================================================
Completed 10 games.

Agent 1 (SHUCTAnyTime)
Winning score (between 0 and 1) : N=10, mean=0.5 (+/-0.32666).
P1: N=5, mean=0.8 (+/-0.391992).
P2: N=5, mean=0.2 (+/-0.391992).
Game Durations: N=10, mean=150 (+/-11.75976).
P1: N=5, mean=149.6 (+/-16.83285).
P2: N=5, mean=150.4 (+/-18.402762).

Agent 2 (UCT)
Winning score (between 0 and 1) : N=10, mean=0.5 (+/-0.32666).
P1: N=5, mean=0.8 (+/-0.391992).
P2: N=5, mean=0.2 (+/-0.391992).
Game Durations: N=10, mean=150 (+/-11.75976).
P1: N=5, mean=150.4 (+/-18.402762).
P2: N=5, mean=149.6 (+/-16.83285).
=====================================================
=====================================================
Completed 20 games.

Agent 1 (SHUCTAnyTime)
Winning score (between 0 and 1) : N=20, mean=0.6 (+/-0.22028).
P1: N=10, mean=0.7 (+/-0.299389).
P2: N=10, mean=0.5 (+/-0.32666).
Game Durations: N=20, mean=148.4 (+/-7.169557).
P1: N=10, mean=152.2 (+/-9.004447).
P2: N=10, mean=144.6 (+/-11.118731).

Agent 2 (UCT)
Winning score (between 0 and 1) : N=20, mean=0.4 (+/-0.22028).
P1: N=10, mean=0.5 (+/-0.32666).
P2: N=10, mean=0.3 (+/-0.299389).
Game Durations: N=20, mean=148.4 (+/-7.169557).
P1: N=10, mean=144.6 (+/-11.118731).
P2: N=10, mean=152.2 (+/-9.004447).
=====================================================
=====================================================
Completed 30 games.

Agent 1 (SHUCTAnyTime)
Winning score (between 0 and 1) : N=30, mean=0.7 (+/-0.166785).
P1: N=15, mean=0.733333 (+/-0.231643).
P2: N=15, mean=0.666667 (+/-0.246932).
Game Durations: N=30, mean=144.533333 (+/-6.075428).
P1: N=15, mean=150.8 (+/-7.445392).
P2: N=15, mean=138.266667 (+/-8.713857).

Agent 2 (UCT)
Winning score (between 0 and 1) : N=30, mean=0.3 (+/-0.166785).
P1: N=15, mean=0.333333 (+/-0.246932).
P2: N=15, mean=0.266667 (+/-0.231643).
Game Durations: N=30, mean=144.533333 (+/-6.075428).
P1: N=15, mean=138.266667 (+/-8.713857).
P2: N=15, mean=150.8 (+/-7.445392).
=====================================================
=====================================================
Completed 40 games.

Agent 1 (SHUCTAnyTime)
Winning score (between 0 and 1) : N=40, mean=0.775 (+/-0.131056).
P1: N=20, mean=0.8 (+/-0.179858).
P2: N=20, mean=0.75 (+/-0.194702).
Game Durations: N=40, mean=144.05 (+/-5.323325).
P1: N=20, mean=147 (+/-7.638684).
P2: N=20, mean=141.1 (+/-7.380081).

Agent 2 (UCT)
Winning score (between 0 and 1) : N=40, mean=0.225 (+/-0.131056).
P1: N=20, mean=0.25 (+/-0.194702).
P2: N=20, mean=0.2 (+/-0.179858).
Game Durations: N=40, mean=144.05 (+/-5.323325).
P1: N=20, mean=141.1 (+/-7.380081).
P2: N=20, mean=147 (+/-7.638684).
=====================================================
=====================================================
Completed 50 games.

Agent 1 (SHUCTAnyTime)
Winning score (between 0 and 1) : N=50, mean=0.76 (+/-0.119581).
P1: N=25, mean=0.76 (+/-0.170865).
P2: N=25, mean=0.76 (+/-0.170865).
Game Durations: N=50, mean=146.04 (+/-4.833438).
P1: N=25, mean=150 (+/-6.979219).
P2: N=25, mean=142.08 (+/-6.454907).

Agent 2 (UCT)
Winning score (between 0 and 1) : N=50, mean=0.24 (+/-0.119581).
P1: N=25, mean=0.24 (+/-0.170865).
P2: N=25, mean=0.24 (+/-0.170865).
Game Durations: N=50, mean=146.04 (+/-4.833438).
P1: N=25, mean=142.08 (+/-6.454907).
P2: N=25, mean=150 (+/-6.979219).
=====================================================
=====================================================
Completed 60 games.

Agent 1 (SHUCTAnyTime)
Winning score (between 0 and 1) : N=60, mean=0.75 (+/-0.11049).
P1: N=30, mean=0.766667 (+/-0.153936).
P2: N=30, mean=0.733333 (+/-0.160947).
Game Durations: N=60, mean=145.766667 (+/-4.653147).
P1: N=30, mean=150.6 (+/-6.19409).
P2: N=30, mean=140.933333 (+/-6.598833).

Agent 2 (UCT)
Winning score (between 0 and 1) : N=60, mean=0.25 (+/-0.11049).
P1: N=30, mean=0.266667 (+/-0.160947).
P2: N=30, mean=0.233333 (+/-0.153936).
Game Durations: N=60, mean=145.766667 (+/-4.653147).
P1: N=30, mean=140.933333 (+/-6.598833).
P2: N=30, mean=150.6 (+/-6.19409).
=====================================================
=====================================================
Completed 70 games.

Agent 1 (SHUCTAnyTime)
Winning score (between 0 and 1) : N=70, mean=0.728571 (+/-0.104927).
P1: N=35, mean=0.771429 (+/-0.141145).
P2: N=35, mean=0.685714 (+/-0.156042).
Game Durations: N=70, mean=146.285714 (+/-4.328948).
P1: N=35, mean=149.085714 (+/-5.8216).
P2: N=35, mean=143.485714 (+/-6.356012).

Agent 2 (UCT)
Winning score (between 0 and 1) : N=70, mean=0.271429 (+/-0.104927).
P1: N=35, mean=0.314286 (+/-0.156042).
P2: N=35, mean=0.228571 (+/-0.141145).
Game Durations: N=70, mean=146.285714 (+/-4.328948).
P1: N=35, mean=143.485714 (+/-6.356012).
P2: N=35, mean=149.085714 (+/-5.8216).
=====================================================
=====================================================
Completed 80 games.

Agent 1 (SHUCTAnyTime)
Winning score (between 0 and 1) : N=80, mean=0.725 (+/-0.098462).
P1: N=40, mean=0.775 (+/-0.131056).
P2: N=40, mean=0.675 (+/-0.146997).
Game Durations: N=80, mean=145.75 (+/-3.943033).
P1: N=40, mean=147.55 (+/-5.371217).
P2: N=40, mean=143.95 (+/-5.787841).

Agent 2 (UCT)
Winning score (between 0 and 1) : N=80, mean=0.275 (+/-0.098462).
P1: N=40, mean=0.325 (+/-0.146997).
P2: N=40, mean=0.225 (+/-0.131056).
Game Durations: N=80, mean=145.75 (+/-3.943033).
P1: N=40, mean=143.95 (+/-5.787841).
P2: N=40, mean=147.55 (+/-5.371217).
=====================================================
=====================================================
Completed 90 games.

Agent 1 (SHUCTAnyTime)
Winning score (between 0 and 1) : N=90, mean=0.733333 (+/-0.091873).
P1: N=45, mean=0.8 (+/-0.11819).
P2: N=45, mean=0.666667 (+/-0.139288).
Game Durations: N=90, mean=145.533333 (+/-3.641906).
P1: N=45, mean=147.555556 (+/-4.912576).
P2: N=45, mean=143.511111 (+/-5.367435).

Agent 2 (UCT)
Winning score (between 0 and 1) : N=90, mean=0.266667 (+/-0.091873).
P1: N=45, mean=0.333333 (+/-0.139288).
P2: N=45, mean=0.2 (+/-0.11819).
Game Durations: N=90, mean=145.533333 (+/-3.641906).
P1: N=45, mean=143.511111 (+/-5.367435).
P2: N=45, mean=147.555556 (+/-4.912576).
=====================================================
=====================================================
Completed 100 games.

Agent 1 (SHUCTAnyTime)
Winning score (between 0 and 1) : N=100, mean=0.73 (+/-0.087453).
P1: N=50, mean=0.82 (+/-0.10757).
P2: N=50, mean=0.64 (+/-0.134397).
Game Durations: N=100, mean=146.62 (+/-3.533289).
P1: N=50, mean=147.88 (+/-4.854051).
P2: N=50, mean=145.36 (+/-5.160944).

Agent 2 (UCT)
Winning score (between 0 and 1) : N=100, mean=0.27 (+/-0.087453).
P1: N=50, mean=0.36 (+/-0.134397).
P2: N=50, mean=0.18 (+/-0.10757).
Game Durations: N=100, mean=146.62 (+/-3.533289).
P1: N=50, mean=145.36 (+/-5.160944).
P2: N=50, mean=147.88 (+/-4.854051).
=====================================================
=====================================================
Completed 110 games.

Agent 1 (SHUCTAnyTime)
Winning score (between 0 and 1) : N=110, mean=0.718182 (+/-0.084457).
P1: N=55, mean=0.8 (+/-0.106687).
P2: N=55, mean=0.636364 (+/-0.128303).
Game Durations: N=110, mean=147.272727 (+/-3.414503).
P1: N=55, mean=149.018182 (+/-4.543302).
P2: N=55, mean=145.527273 (+/-5.098244).

Agent 2 (UCT)
Winning score (between 0 and 1) : N=110, mean=0.281818 (+/-0.084457).
P1: N=55, mean=0.363636 (+/-0.128303).
P2: N=55, mean=0.2 (+/-0.106687).
Game Durations: N=110, mean=147.272727 (+/-3.414503).
P1: N=55, mean=145.527273 (+/-5.098244).
P2: N=55, mean=149.018182 (+/-4.543302).
=====================================================
=====================================================
Completed 120 games.

Agent 1 (SHUCTAnyTime)
Winning score (between 0 and 1) : N=120, mean=0.725 (+/-0.080225).
P1: N=60, mean=0.816667 (+/-0.098733).
P2: N=60, mean=0.633333 (+/-0.122963).
Game Durations: N=120, mean=148.183333 (+/-3.270768).
P1: N=60, mean=149.233333 (+/-4.351385).
P2: N=60, mean=147.133333 (+/-4.906753).

Agent 2 (UCT)
Winning score (between 0 and 1) : N=120, mean=0.275 (+/-0.080225).
P1: N=60, mean=0.366667 (+/-0.122963).
P2: N=60, mean=0.183333 (+/-0.098733).
Game Durations: N=120, mean=148.183333 (+/-3.270768).
P1: N=60, mean=147.133333 (+/-4.906753).
P2: N=60, mean=149.233333 (+/-4.351385).
=====================================================
=====================================================
Completed 130 games.

Agent 1 (SHUCTAnyTime)
Winning score (between 0 and 1) : N=130, mean=0.715385 (+/-0.077867).
P1: N=65, mean=0.8 (+/-0.097998).
P2: N=65, mean=0.630769 (+/-0.118234).
Game Durations: N=130, mean=148.338462 (+/-3.125909).
P1: N=65, mean=150.030769 (+/-4.175869).
P2: N=65, mean=146.646154 (+/-4.648539).

Agent 2 (UCT)
Winning score (between 0 and 1) : N=130, mean=0.284615 (+/-0.077867).
P1: N=65, mean=0.369231 (+/-0.118234).
P2: N=65, mean=0.2 (+/-0.097998).
Game Durations: N=130, mean=148.338462 (+/-3.125909).
P1: N=65, mean=146.646154 (+/-4.648539).
P2: N=65, mean=150.030769 (+/-4.175869).
=====================================================
=====================================================
Completed 140 games.

Agent 1 (SHUCTAnyTime)
Winning score (between 0 and 1) : N=140, mean=0.7 (+/-0.076181).
P1: N=70, mean=0.785714 (+/-0.096817).
P2: N=70, mean=0.614286 (+/-0.114853).
Game Durations: N=140, mean=148.2 (+/-3.023927).
P1: N=70, mean=150.371429 (+/-4.010812).
P2: N=70, mean=146.028571 (+/-4.497773).

Agent 2 (UCT)
Winning score (between 0 and 1) : N=140, mean=0.3 (+/-0.076181).
P1: N=70, mean=0.385714 (+/-0.114853).
P2: N=70, mean=0.214286 (+/-0.096817).
Game Durations: N=140, mean=148.2 (+/-3.023927).
P1: N=70, mean=146.028571 (+/-4.497773).
P2: N=70, mean=150.371429 (+/-4.010812).
=====================================================
=====================================================
Completed 150 games.

Agent 1 (SHUCTAnyTime)
Winning score (between 0 and 1) : N=150, mean=0.713333 (+/-0.072609).
P1: N=75, mean=0.786667 (+/-0.093337).
P2: N=75, mean=0.64 (+/-0.109364).
Game Durations: N=150, mean=148.4 (+/-2.98866).
P1: N=75, mean=150.16 (+/-3.892106).
P2: N=75, mean=146.64 (+/-4.527655).

Agent 2 (UCT)
Winning score (between 0 and 1) : N=150, mean=0.286667 (+/-0.072609).
P1: N=75, mean=0.36 (+/-0.109364).
P2: N=75, mean=0.213333 (+/-0.093337).
Game Durations: N=150, mean=148.4 (+/-2.98866).
P1: N=75, mean=146.64 (+/-4.527655).
P2: N=75, mean=150.16 (+/-3.892106).
=====================================================
