Warming up...
Finished warming up!
=====================================================
Completed 1 games.

Agent 1 (SHUCTAnyTime)
Winning score (between 0 and 1) : N=1, mean=1 (+/-0).
P1: N=1, mean=1 (+/-0).
P2: N=0, mean=0 (+/-0).
Game Durations: N=1, mean=122 (+/-0).
P1: N=1, mean=122 (+/-0).
P2: N=0, mean=0 (+/-0).

Agent 2 (UCT)
Winning score (between 0 and 1) : N=1, mean=0 (+/-0).
P1: N=0, mean=0 (+/-0).
P2: N=1, mean=0 (+/-0).
Game Durations: N=1, mean=122 (+/-0).
P1: N=0, mean=0 (+/-0).
P2: N=1, mean=122 (+/-0).
=====================================================
=====================================================
Completed 2 games.

Agent 1 (SHUCTAnyTime)
Winning score (between 0 and 1) : N=2, mean=1 (+/-0).
P1: N=1, mean=1 (+/-0).
P2: N=1, mean=1 (+/-0).
Game Durations: N=2, mean=137 (+/-29.3994).
P1: N=1, mean=122 (+/-0).
P2: N=1, mean=152 (+/-0).

Agent 2 (UCT)
Winning score (between 0 and 1) : N=2, mean=0 (+/-0).
P1: N=1, mean=0 (+/-0).
P2: N=1, mean=0 (+/-0).
Game Durations: N=2, mean=137 (+/-29.3994).
P1: N=1, mean=152 (+/-0).
P2: N=1, mean=122 (+/-0).
=====================================================
=====================================================
Completed 3 games.

Agent 1 (SHUCTAnyTime)
Winning score (between 0 and 1) : N=3, mean=1 (+/-0).
P1: N=2, mean=1 (+/-0).
P2: N=1, mean=1 (+/-0).
Game Durations: N=3, mean=136 (+/-17.086535).
P1: N=2, mean=128 (+/-11.75976).
P2: N=1, mean=152 (+/-0).

Agent 2 (UCT)
Winning score (between 0 and 1) : N=3, mean=0 (+/-0).
P1: N=1, mean=0 (+/-0).
P2: N=2, mean=0 (+/-0).
Game Durations: N=3, mean=136 (+/-17.086535).
P1: N=1, mean=152 (+/-0).
P2: N=2, mean=128 (+/-11.75976).
=====================================================
=====================================================
Completed 4 games.

Agent 1 (SHUCTAnyTime)
Winning score (between 0 and 1) : N=4, mean=0.75 (+/-0.48999).
P1: N=2, mean=1 (+/-0).
P2: N=2, mean=0.5 (+/-0.97998).
Game Durations: N=4, mean=144.5 (+/-20.57958).
P1: N=2, mean=128 (+/-11.75976).
P2: N=2, mean=161 (+/-17.63964).

Agent 2 (UCT)
Winning score (between 0 and 1) : N=4, mean=0.25 (+/-0.48999).
P1: N=2, mean=0.5 (+/-0.97998).
P2: N=2, mean=0 (+/-0).
Game Durations: N=4, mean=144.5 (+/-20.57958).
P1: N=2, mean=161 (+/-17.63964).
P2: N=2, mean=128 (+/-11.75976).
=====================================================
=====================================================
Completed 5 games.

Agent 1 (SHUCTAnyTime)
Winning score (between 0 and 1) : N=5, mean=0.8 (+/-0.391992).
P1: N=3, mean=1 (+/-0).
P2: N=2, mean=0.5 (+/-0.97998).
Game Durations: N=5, mean=142.4 (+/-16.463664).
P1: N=3, mean=130 (+/-7.83984).
P2: N=2, mean=161 (+/-17.63964).

Agent 2 (UCT)
Winning score (between 0 and 1) : N=5, mean=0.2 (+/-0.391992).
P1: N=2, mean=0.5 (+/-0.97998).
P2: N=3, mean=0 (+/-0).
Game Durations: N=5, mean=142.4 (+/-16.463664).
P1: N=2, mean=161 (+/-17.63964).
P2: N=3, mean=130 (+/-7.83984).
=====================================================
=====================================================
Completed 10 games.

Agent 1 (SHUCTAnyTime)
Winning score (between 0 and 1) : N=10, mean=0.9 (+/-0.195996).
P1: N=5, mean=1 (+/-0).
P2: N=5, mean=0.8 (+/-0.391992).
Game Durations: N=10, mean=146.4 (+/-10.185089).
P1: N=5, mean=134 (+/-8.938793).
P2: N=5, mean=158.8 (+/-9.569744).

Agent 2 (UCT)
Winning score (between 0 and 1) : N=10, mean=0.1 (+/-0.195996).
P1: N=5, mean=0.2 (+/-0.391992).
P2: N=5, mean=0 (+/-0).
Game Durations: N=10, mean=146.4 (+/-10.185089).
P1: N=5, mean=158.8 (+/-9.569744).
P2: N=5, mean=134 (+/-8.938793).
=====================================================
=====================================================
Completed 20 games.

Agent 1 (SHUCTAnyTime)
Winning score (between 0 and 1) : N=20, mean=0.9 (+/-0.134894).
P1: N=10, mean=0.9 (+/-0.195996).
P2: N=10, mean=0.9 (+/-0.195996).
Game Durations: N=20, mean=144.8 (+/-6.592486).
P1: N=10, mean=139 (+/-8.962636).
P2: N=10, mean=150.6 (+/-8.628772).

Agent 2 (UCT)
Winning score (between 0 and 1) : N=20, mean=0.1 (+/-0.134894).
P1: N=10, mean=0.1 (+/-0.195996).
P2: N=10, mean=0.1 (+/-0.195996).
Game Durations: N=20, mean=144.8 (+/-6.592486).
P1: N=10, mean=150.6 (+/-8.628772).
P2: N=10, mean=139 (+/-8.962636).
=====================================================
=====================================================
Completed 30 games.

Agent 1 (SHUCTAnyTime)
Winning score (between 0 and 1) : N=30, mean=0.9 (+/-0.109187).
P1: N=15, mean=0.933333 (+/-0.130664).
P2: N=15, mean=0.866667 (+/-0.178065).
Game Durations: N=30, mean=144.266667 (+/-6.036932).
P1: N=15, mean=135.466667 (+/-6.805288).
P2: N=15, mean=153.066667 (+/-7.88513).

Agent 2 (UCT)
Winning score (between 0 and 1) : N=30, mean=0.1 (+/-0.109187).
P1: N=15, mean=0.133333 (+/-0.178065).
P2: N=15, mean=0.066667 (+/-0.130664).
Game Durations: N=30, mean=144.266667 (+/-6.036932).
P1: N=15, mean=153.066667 (+/-7.88513).
P2: N=15, mean=135.466667 (+/-6.805288).
=====================================================
=====================================================
Completed 40 games.

Agent 1 (SHUCTAnyTime)
Winning score (between 0 and 1) : N=40, mean=0.9 (+/-0.094153).
P1: N=20, mean=0.9 (+/-0.134894).
P2: N=20, mean=0.9 (+/-0.134894).
Game Durations: N=40, mean=142.9 (+/-5.381225).
P1: N=20, mean=138 (+/-6.565443).
P2: N=20, mean=147.8 (+/-8.128022).

Agent 2 (UCT)
Winning score (between 0 and 1) : N=40, mean=0.1 (+/-0.094153).
P1: N=20, mean=0.1 (+/-0.134894).
P2: N=20, mean=0.1 (+/-0.134894).
Game Durations: N=40, mean=142.9 (+/-5.381225).
P1: N=20, mean=147.8 (+/-8.128022).
P2: N=20, mean=138 (+/-6.565443).
=====================================================
=====================================================
Completed 50 games.

Agent 1 (SHUCTAnyTime)
Winning score (between 0 and 1) : N=50, mean=0.88 (+/-0.090987).
P1: N=25, mean=0.92 (+/-0.108538).
P2: N=25, mean=0.84 (+/-0.14667).
Game Durations: N=50, mean=143.8 (+/-4.78225).
P1: N=25, mean=138.16 (+/-5.68465).
P2: N=25, mean=149.44 (+/-7.133536).

Agent 2 (UCT)
Winning score (between 0 and 1) : N=50, mean=0.12 (+/-0.090987).
P1: N=25, mean=0.16 (+/-0.14667).
P2: N=25, mean=0.08 (+/-0.108538).
Game Durations: N=50, mean=143.8 (+/-4.78225).
P1: N=25, mean=149.44 (+/-7.133536).
P2: N=25, mean=138.16 (+/-5.68465).
=====================================================
=====================================================
Completed 60 games.

Agent 1 (SHUCTAnyTime)
Winning score (between 0 and 1) : N=60, mean=0.883333 (+/-0.081914).
P1: N=30, mean=0.933333 (+/-0.090786).
P2: N=30, mean=0.833333 (+/-0.135638).
Game Durations: N=60, mean=143.433333 (+/-5.02452).
P1: N=30, mean=137.733333 (+/-6.566637).
P2: N=30, mean=149.133333 (+/-7.141156).

Agent 2 (UCT)
Winning score (between 0 and 1) : N=60, mean=0.116667 (+/-0.081914).
P1: N=30, mean=0.166667 (+/-0.135638).
P2: N=30, mean=0.066667 (+/-0.090786).
Game Durations: N=60, mean=143.433333 (+/-5.02452).
P1: N=30, mean=149.133333 (+/-7.141156).
P2: N=30, mean=137.733333 (+/-6.566637).
=====================================================
=====================================================
Completed 70 games.

Agent 1 (SHUCTAnyTime)
Winning score (between 0 and 1) : N=70, mean=0.885714 (+/-0.07507).
P1: N=35, mean=0.942857 (+/-0.078021).
P2: N=35, mean=0.828571 (+/-0.126682).
Game Durations: N=70, mean=142.828571 (+/-4.654881).
P1: N=35, mean=137.314286 (+/-5.656455).
P2: N=35, mean=148.342857 (+/-7.005692).

Agent 2 (UCT)
Winning score (between 0 and 1) : N=70, mean=0.114286 (+/-0.07507).
P1: N=35, mean=0.171429 (+/-0.126682).
P2: N=35, mean=0.057143 (+/-0.078021).
Game Durations: N=70, mean=142.828571 (+/-4.654881).
P1: N=35, mean=148.342857 (+/-7.005692).
P2: N=35, mean=137.314286 (+/-5.656455).
=====================================================
=====================================================
Completed 80 games.

Agent 1 (SHUCTAnyTime)
Winning score (between 0 and 1) : N=80, mean=0.8875 (+/-0.069678).
P1: N=40, mean=0.95 (+/-0.068401).
P2: N=40, mean=0.825 (+/-0.119251).
Game Durations: N=80, mean=142.825 (+/-4.253492).
P1: N=40, mean=138.2 (+/-5.223041).
P2: N=40, mean=147.45 (+/-6.465488).

Agent 2 (UCT)
Winning score (between 0 and 1) : N=80, mean=0.1125 (+/-0.069678).
P1: N=40, mean=0.175 (+/-0.119251).
P2: N=40, mean=0.05 (+/-0.068401).
Game Durations: N=80, mean=142.825 (+/-4.253492).
P1: N=40, mean=147.45 (+/-6.465488).
P2: N=40, mean=138.2 (+/-5.223041).
=====================================================
=====================================================
Completed 90 games.

Agent 1 (SHUCTAnyTime)
Winning score (between 0 and 1) : N=90, mean=0.855556 (+/-0.073034).
P1: N=45, mean=0.911111 (+/-0.084087).
P2: N=45, mean=0.8 (+/-0.11819).
Game Durations: N=90, mean=144.311111 (+/-4.097417).
P1: N=45, mean=140.133333 (+/-5.382226).
P2: N=45, mean=148.488889 (+/-5.991865).

Agent 2 (UCT)
Winning score (between 0 and 1) : N=90, mean=0.144444 (+/-0.073034).
P1: N=45, mean=0.2 (+/-0.11819).
P2: N=45, mean=0.088889 (+/-0.084087).
Game Durations: N=90, mean=144.311111 (+/-4.097417).
P1: N=45, mean=148.488889 (+/-5.991865).
P2: N=45, mean=140.133333 (+/-5.382226).
=====================================================
=====================================================
Completed 100 games.

Agent 1 (SHUCTAnyTime)
Winning score (between 0 and 1) : N=100, mean=0.86 (+/-0.068351).
P1: N=50, mean=0.9 (+/-0.083998).
P2: N=50, mean=0.82 (+/-0.10757).
Game Durations: N=100, mean=143.72 (+/-3.796017).
P1: N=50, mean=139.96 (+/-5.024305).
P2: N=50, mean=147.48 (+/-5.546782).

Agent 2 (UCT)
Winning score (between 0 and 1) : N=100, mean=0.14 (+/-0.068351).
P1: N=50, mean=0.18 (+/-0.10757).
P2: N=50, mean=0.1 (+/-0.083998).
Game Durations: N=100, mean=143.72 (+/-3.796017).
P1: N=50, mean=147.48 (+/-5.546782).
P2: N=50, mean=139.96 (+/-5.024305).
=====================================================
=====================================================
Completed 110 games.

Agent 1 (SHUCTAnyTime)
Winning score (between 0 and 1) : N=110, mean=0.863636 (+/-0.064424).
P1: N=55, mean=0.909091 (+/-0.076676).
P2: N=55, mean=0.818182 (+/-0.102871).
Game Durations: N=110, mean=143.745455 (+/-3.693037).
P1: N=55, mean=140.581818 (+/-4.917144).
P2: N=55, mean=146.909091 (+/-5.427425).

Agent 2 (UCT)
Winning score (between 0 and 1) : N=110, mean=0.136364 (+/-0.064424).
P1: N=55, mean=0.181818 (+/-0.102871).
P2: N=55, mean=0.090909 (+/-0.076676).
Game Durations: N=110, mean=143.745455 (+/-3.693037).
P1: N=55, mean=146.909091 (+/-5.427425).
P2: N=55, mean=140.581818 (+/-4.917144).
=====================================================
=====================================================
Completed 120 games.

Agent 1 (SHUCTAnyTime)
Winning score (between 0 and 1) : N=120, mean=0.875 (+/-0.05942).
P1: N=60, mean=0.916667 (+/-0.070524).
P2: N=60, mean=0.833333 (+/-0.095094).
Game Durations: N=120, mean=142.95 (+/-3.574157).
P1: N=60, mean=139.633333 (+/-4.80225).
P2: N=60, mean=146.266667 (+/-5.199749).

Agent 2 (UCT)
Winning score (between 0 and 1) : N=120, mean=0.125 (+/-0.05942).
P1: N=60, mean=0.166667 (+/-0.095094).
P2: N=60, mean=0.083333 (+/-0.070524).
Game Durations: N=120, mean=142.95 (+/-3.574157).
P1: N=60, mean=146.266667 (+/-5.199749).
P2: N=60, mean=139.633333 (+/-4.80225).
=====================================================
=====================================================
Completed 130 games.

Agent 1 (SHUCTAnyTime)
Winning score (between 0 and 1) : N=130, mean=0.876923 (+/-0.056692).
P1: N=65, mean=0.923077 (+/-0.065284).
P2: N=65, mean=0.830769 (+/-0.091862).
Game Durations: N=130, mean=142.507692 (+/-3.538162).
P1: N=65, mean=140.061538 (+/-4.732689).
P2: N=65, mean=144.953846 (+/-5.229619).

Agent 2 (UCT)
Winning score (between 0 and 1) : N=130, mean=0.123077 (+/-0.056692).
P1: N=65, mean=0.169231 (+/-0.091862).
P2: N=65, mean=0.076923 (+/-0.065284).
Game Durations: N=130, mean=142.507692 (+/-3.538162).
P1: N=65, mean=144.953846 (+/-5.229619).
P2: N=65, mean=140.061538 (+/-4.732689).
=====================================================
=====================================================
Completed 140 games.

Agent 1 (SHUCTAnyTime)
Winning score (between 0 and 1) : N=140, mean=0.864286 (+/-0.056935).
P1: N=70, mean=0.914286 (+/-0.066053).
P2: N=70, mean=0.814286 (+/-0.091756).
Game Durations: N=140, mean=142.728571 (+/-3.360787).
P1: N=70, mean=139.6 (+/-4.464482).
P2: N=70, mean=145.857143 (+/-4.94828).

Agent 2 (UCT)
Winning score (between 0 and 1) : N=140, mean=0.135714 (+/-0.056935).
P1: N=70, mean=0.185714 (+/-0.091756).
P2: N=70, mean=0.085714 (+/-0.066053).
Game Durations: N=140, mean=142.728571 (+/-3.360787).
P1: N=70, mean=145.857143 (+/-4.94828).
P2: N=70, mean=139.6 (+/-4.464482).
=====================================================
=====================================================
Completed 150 games.

Agent 1 (SHUCTAnyTime)
Winning score (between 0 and 1) : N=150, mean=0.866667 (+/-0.054582).
P1: N=75, mean=0.906667 (+/-0.066279).
P2: N=75, mean=0.826667 (+/-0.086246).
Game Durations: N=150, mean=142.84 (+/-3.218866).
P1: N=75, mean=139.306667 (+/-4.32329).
P2: N=75, mean=146.373333 (+/-4.66234).

Agent 2 (UCT)
Winning score (between 0 and 1) : N=150, mean=0.133333 (+/-0.054582).
P1: N=75, mean=0.173333 (+/-0.086246).
P2: N=75, mean=0.093333 (+/-0.066279).
Game Durations: N=150, mean=142.84 (+/-3.218866).
P1: N=75, mean=146.373333 (+/-4.66234).
P2: N=75, mean=139.306667 (+/-4.32329).
=====================================================
