Warming up...
Finished warming up!
=====================================================
Completed 1 games.

Agent 1 (SHUCTAnyTime)
Winning score (between 0 and 1) : N=1, mean=1 (+/-0).
P1: N=0, mean=0 (+/-0).
P2: N=1, mean=1 (+/-0).
Game Durations: N=1, mean=136 (+/-0).
P1: N=0, mean=0 (+/-0).
P2: N=1, mean=136 (+/-0).

Agent 2 (UCT)
Winning score (between 0 and 1) : N=1, mean=0 (+/-0).
P1: N=1, mean=0 (+/-0).
P2: N=0, mean=0 (+/-0).
Game Durations: N=1, mean=136 (+/-0).
P1: N=1, mean=136 (+/-0).
P2: N=0, mean=0 (+/-0).
=====================================================
=====================================================
Completed 2 games.

Agent 1 (SHUCTAnyTime)
Winning score (between 0 and 1) : N=2, mean=1 (+/-0).
P1: N=1, mean=1 (+/-0).
P2: N=1, mean=1 (+/-0).
Game Durations: N=2, mean=135 (+/-1.95996).
P1: N=1, mean=134 (+/-0).
P2: N=1, mean=136 (+/-0).

Agent 2 (UCT)
Winning score (between 0 and 1) : N=2, mean=0 (+/-0).
P1: N=1, mean=0 (+/-0).
P2: N=1, mean=0 (+/-0).
Game Durations: N=2, mean=135 (+/-1.95996).
P1: N=1, mean=136 (+/-0).
P2: N=1, mean=134 (+/-0).
=====================================================
=====================================================
Completed 3 games.

Agent 1 (SHUCTAnyTime)
Winning score (between 0 and 1) : N=3, mean=1 (+/-0).
P1: N=1, mean=1 (+/-0).
P2: N=2, mean=1 (+/-0).
Game Durations: N=3, mean=131.333333 (+/-7.275064).
P1: N=1, mean=134 (+/-0).
P2: N=2, mean=130 (+/-11.75976).

Agent 2 (UCT)
Winning score (between 0 and 1) : N=3, mean=0 (+/-0).
P1: N=2, mean=0 (+/-0).
P2: N=1, mean=0 (+/-0).
Game Durations: N=3, mean=131.333333 (+/-7.275064).
P1: N=2, mean=130 (+/-11.75976).
P2: N=1, mean=134 (+/-0).
=====================================================
=====================================================
Completed 4 games.

Agent 1 (SHUCTAnyTime)
Winning score (between 0 and 1) : N=4, mean=1 (+/-0).
P1: N=2, mean=1 (+/-0).
P2: N=2, mean=1 (+/-0).
Game Durations: N=4, mean=132 (+/-5.307597).
P1: N=2, mean=134 (+/-0).
P2: N=2, mean=130 (+/-11.75976).

Agent 2 (UCT)
Winning score (between 0 and 1) : N=4, mean=0 (+/-0).
P1: N=2, mean=0 (+/-0).
P2: N=2, mean=0 (+/-0).
Game Durations: N=4, mean=132 (+/-5.307597).
P1: N=2, mean=130 (+/-11.75976).
P2: N=2, mean=134 (+/-0).
=====================================================
=====================================================
Completed 5 games.

Agent 1 (SHUCTAnyTime)
Winning score (between 0 and 1) : N=5, mean=1 (+/-0).
P1: N=2, mean=1 (+/-0).
P2: N=3, mean=1 (+/-0).
Game Durations: N=5, mean=133.6 (+/-5.17073).
P1: N=2, mean=134 (+/-0).
P2: N=3, mean=133.333333 (+/-9.422315).

Agent 2 (UCT)
Winning score (between 0 and 1) : N=5, mean=0 (+/-0).
P1: N=3, mean=0 (+/-0).
P2: N=2, mean=0 (+/-0).
Game Durations: N=5, mean=133.6 (+/-5.17073).
P1: N=3, mean=133.333333 (+/-9.422315).
P2: N=2, mean=134 (+/-0).
=====================================================
=====================================================
Completed 10 games.

Agent 1 (SHUCTAnyTime)
Winning score (between 0 and 1) : N=10, mean=1 (+/-0).
P1: N=5, mean=1 (+/-0).
P2: N=5, mean=1 (+/-0).
Game Durations: N=10, mean=126.6 (+/-10.486549).
P1: N=5, mean=129.2 (+/-11.992649).
P2: N=5, mean=124 (+/-18.386055).

Agent 2 (UCT)
Winning score (between 0 and 1) : N=10, mean=0 (+/-0).
P1: N=5, mean=0 (+/-0).
P2: N=5, mean=0 (+/-0).
Game Durations: N=10, mean=126.6 (+/-10.486549).
P1: N=5, mean=124 (+/-18.386055).
P2: N=5, mean=129.2 (+/-11.992649).
=====================================================
=====================================================
Completed 20 games.

Agent 1 (SHUCTAnyTime)
Winning score (between 0 and 1) : N=20, mean=1 (+/-0).
P1: N=10, mean=1 (+/-0).
P2: N=10, mean=1 (+/-0).
Game Durations: N=20, mean=129.2 (+/-7.753748).
P1: N=10, mean=130 (+/-10.387583).
P2: N=10, mean=128.4 (+/-12.057958).

Agent 2 (UCT)
Winning score (between 0 and 1) : N=20, mean=0 (+/-0).
P1: N=10, mean=0 (+/-0).
P2: N=10, mean=0 (+/-0).
Game Durations: N=20, mean=129.2 (+/-7.753748).
P1: N=10, mean=128.4 (+/-12.057958).
P2: N=10, mean=130 (+/-10.387583).
=====================================================
=====================================================
Completed 30 games.

Agent 1 (SHUCTAnyTime)
Winning score (between 0 and 1) : N=30, mean=0.9 (+/-0.109187).
P1: N=15, mean=0.933333 (+/-0.130664).
P2: N=15, mean=0.866667 (+/-0.178065).
Game Durations: N=30, mean=134.4 (+/-7.934785).
P1: N=15, mean=135.2 (+/-10.750808).
P2: N=15, mean=133.6 (+/-12.037714).

Agent 2 (UCT)
Winning score (between 0 and 1) : N=30, mean=0.1 (+/-0.109187).
P1: N=15, mean=0.133333 (+/-0.178065).
P2: N=15, mean=0.066667 (+/-0.130664).
Game Durations: N=30, mean=134.4 (+/-7.934785).
P1: N=15, mean=133.6 (+/-12.037714).
P2: N=15, mean=135.2 (+/-10.750808).
=====================================================
=====================================================
Completed 40 games.

Agent 1 (SHUCTAnyTime)
Winning score (between 0 and 1) : N=40, mean=0.925 (+/-0.082664).
P1: N=20, mean=0.95 (+/-0.097998).
P2: N=20, mean=0.9 (+/-0.134894).
Game Durations: N=40, mean=133.85 (+/-6.17148).
P1: N=20, mean=135.7 (+/-8.248394).
P2: N=20, mean=132 (+/-9.324051).

Agent 2 (UCT)
Winning score (between 0 and 1) : N=40, mean=0.075 (+/-0.082664).
P1: N=20, mean=0.1 (+/-0.134894).
P2: N=20, mean=0.05 (+/-0.097998).
Game Durations: N=40, mean=133.85 (+/-6.17148).
P1: N=20, mean=132 (+/-9.324051).
P2: N=20, mean=135.7 (+/-8.248394).
=====================================================
=====================================================
Completed 50 games.

Agent 1 (SHUCTAnyTime)
Winning score (between 0 and 1) : N=50, mean=0.94 (+/-0.066495).
P1: N=25, mean=0.96 (+/-0.078398).
P2: N=25, mean=0.92 (+/-0.108538).
Game Durations: N=50, mean=134.56 (+/-5.51643).
P1: N=25, mean=133.12 (+/-7.077889).
P2: N=25, mean=136 (+/-8.573192).

Agent 2 (UCT)
Winning score (between 0 and 1) : N=50, mean=0.06 (+/-0.066495).
P1: N=25, mean=0.08 (+/-0.108538).
P2: N=25, mean=0.04 (+/-0.078398).
Game Durations: N=50, mean=134.56 (+/-5.51643).
P1: N=25, mean=136 (+/-8.573192).
P2: N=25, mean=133.12 (+/-7.077889).
=====================================================
=====================================================
Completed 60 games.

Agent 1 (SHUCTAnyTime)
Winning score (between 0 and 1) : N=60, mean=0.95 (+/-0.055612).
P1: N=30, mean=0.966667 (+/-0.065332).
P2: N=30, mean=0.933333 (+/-0.090786).
Game Durations: N=60, mean=135.3 (+/-4.846636).
P1: N=30, mean=134.6 (+/-6.48658).
P2: N=30, mean=136 (+/-7.30575).

Agent 2 (UCT)
Winning score (between 0 and 1) : N=60, mean=0.05 (+/-0.055612).
P1: N=30, mean=0.066667 (+/-0.090786).
P2: N=30, mean=0.033333 (+/-0.065332).
Game Durations: N=60, mean=135.3 (+/-4.846636).
P1: N=30, mean=136 (+/-7.30575).
P2: N=30, mean=134.6 (+/-6.48658).
=====================================================
=====================================================
Completed 70 games.

Agent 1 (SHUCTAnyTime)
Winning score (between 0 and 1) : N=70, mean=0.942857 (+/-0.054768).
P1: N=35, mean=0.942857 (+/-0.078021).
P2: N=35, mean=0.942857 (+/-0.078021).
Game Durations: N=70, mean=136.714286 (+/-4.515804).
P1: N=35, mean=137.428571 (+/-6.542667).
P2: N=35, mean=136 (+/-6.312504).

Agent 2 (UCT)
Winning score (between 0 and 1) : N=70, mean=0.057143 (+/-0.054768).
P1: N=35, mean=0.057143 (+/-0.078021).
P2: N=35, mean=0.057143 (+/-0.078021).
Game Durations: N=70, mean=136.714286 (+/-4.515804).
P1: N=35, mean=136 (+/-6.312504).
P2: N=35, mean=137.428571 (+/-6.542667).
=====================================================
=====================================================
Completed 80 games.

Agent 1 (SHUCTAnyTime)
Winning score (between 0 and 1) : N=80, mean=0.95 (+/-0.04806).
P1: N=40, mean=0.95 (+/-0.068401).
P2: N=40, mean=0.95 (+/-0.068401).
Game Durations: N=80, mean=137.25 (+/-4.00968).
P1: N=40, mean=137.2 (+/-5.735379).
P2: N=40, mean=137.3 (+/-5.677989).

Agent 2 (UCT)
Winning score (between 0 and 1) : N=80, mean=0.05 (+/-0.04806).
P1: N=40, mean=0.05 (+/-0.068401).
P2: N=40, mean=0.05 (+/-0.068401).
Game Durations: N=80, mean=137.25 (+/-4.00968).
P1: N=40, mean=137.3 (+/-5.677989).
P2: N=40, mean=137.2 (+/-5.735379).
=====================================================
=====================================================
Completed 90 games.

Agent 1 (SHUCTAnyTime)
Winning score (between 0 and 1) : N=90, mean=0.955556 (+/-0.042814).
P1: N=45, mean=0.955556 (+/-0.060892).
P2: N=45, mean=0.955556 (+/-0.060892).
Game Durations: N=90, mean=136.777778 (+/-3.783807).
P1: N=45, mean=136.488889 (+/-5.524189).
P2: N=45, mean=137.066667 (+/-5.233386).

Agent 2 (UCT)
Winning score (between 0 and 1) : N=90, mean=0.044444 (+/-0.042814).
P1: N=45, mean=0.044444 (+/-0.060892).
P2: N=45, mean=0.044444 (+/-0.060892).
Game Durations: N=90, mean=136.777778 (+/-3.783807).
P1: N=45, mean=137.066667 (+/-5.233386).
P2: N=45, mean=136.488889 (+/-5.524189).
=====================================================
=====================================================
Completed 100 games.

Agent 1 (SHUCTAnyTime)
Winning score (between 0 and 1) : N=100, mean=0.96 (+/-0.038601).
P1: N=50, mean=0.96 (+/-0.054867).
P2: N=50, mean=0.96 (+/-0.054867).
Game Durations: N=100, mean=135.92 (+/-3.625745).
P1: N=50, mean=135.12 (+/-5.153307).
P2: N=50, mean=136.72 (+/-5.144293).

Agent 2 (UCT)
Winning score (between 0 and 1) : N=100, mean=0.04 (+/-0.038601).
P1: N=50, mean=0.04 (+/-0.054867).
P2: N=50, mean=0.04 (+/-0.054867).
Game Durations: N=100, mean=135.92 (+/-3.625745).
P1: N=50, mean=136.72 (+/-5.144293).
P2: N=50, mean=135.12 (+/-5.153307).
=====================================================
=====================================================
Completed 110 games.

Agent 1 (SHUCTAnyTime)
Winning score (between 0 and 1) : N=110, mean=0.954545 (+/-0.039104).
P1: N=55, mean=0.963636 (+/-0.049928).
P2: N=55, mean=0.945455 (+/-0.060569).
Game Durations: N=110, mean=136.727273 (+/-3.520938).
P1: N=55, mean=135.527273 (+/-4.868813).
P2: N=55, mean=137.927273 (+/-5.112432).

Agent 2 (UCT)
Winning score (between 0 and 1) : N=110, mean=0.045455 (+/-0.039104).
P1: N=55, mean=0.054545 (+/-0.060569).
P2: N=55, mean=0.036364 (+/-0.049928).
Game Durations: N=110, mean=136.727273 (+/-3.520938).
P1: N=55, mean=137.927273 (+/-5.112432).
P2: N=55, mean=135.527273 (+/-4.868813).
=====================================================
=====================================================
Completed 120 games.

Agent 1 (SHUCTAnyTime)
Winning score (between 0 and 1) : N=120, mean=0.958333 (+/-0.035903).
P1: N=60, mean=0.966667 (+/-0.045804).
P2: N=60, mean=0.95 (+/-0.055612).
Game Durations: N=120, mean=135.916667 (+/-3.433014).
P1: N=60, mean=135.866667 (+/-4.517567).
P2: N=60, mean=135.966667 (+/-5.208945).

Agent 2 (UCT)
Winning score (between 0 and 1) : N=120, mean=0.041667 (+/-0.035903).
P1: N=60, mean=0.05 (+/-0.055612).
P2: N=60, mean=0.033333 (+/-0.045804).
Game Durations: N=120, mean=135.916667 (+/-3.433014).
P1: N=60, mean=135.966667 (+/-5.208945).
P2: N=60, mean=135.866667 (+/-4.517567).
=====================================================
=====================================================
Completed 130 games.

Agent 1 (SHUCTAnyTime)
Winning score (between 0 and 1) : N=130, mean=0.961538 (+/-0.033186).
P1: N=65, mean=0.969231 (+/-0.042309).
P2: N=65, mean=0.953846 (+/-0.051404).
Game Durations: N=130, mean=136.4 (+/-3.323737).
P1: N=65, mean=135.353846 (+/-4.316456).
P2: N=65, mean=137.446154 (+/-5.076512).

Agent 2 (UCT)
Winning score (between 0 and 1) : N=130, mean=0.038462 (+/-0.033186).
P1: N=65, mean=0.046154 (+/-0.051404).
P2: N=65, mean=0.030769 (+/-0.042309).
Game Durations: N=130, mean=136.4 (+/-3.323737).
P1: N=65, mean=137.446154 (+/-5.076512).
P2: N=65, mean=135.353846 (+/-4.316456).
=====================================================
=====================================================
Completed 140 games.

Agent 1 (SHUCTAnyTime)
Winning score (between 0 and 1) : N=140, mean=0.964286 (+/-0.030851).
P1: N=70, mean=0.971429 (+/-0.039309).
P2: N=70, mean=0.957143 (+/-0.047788).
Game Durations: N=140, mean=135.728571 (+/-3.218694).
P1: N=70, mean=134.342857 (+/-4.26579).
P2: N=70, mean=137.114286 (+/-4.83006).

Agent 2 (UCT)
Winning score (between 0 and 1) : N=140, mean=0.035714 (+/-0.030851).
P1: N=70, mean=0.042857 (+/-0.047788).
P2: N=70, mean=0.028571 (+/-0.039309).
Game Durations: N=140, mean=135.728571 (+/-3.218694).
P1: N=70, mean=137.114286 (+/-4.83006).
P2: N=70, mean=134.342857 (+/-4.26579).
=====================================================
=====================================================
Completed 150 games.

Agent 1 (SHUCTAnyTime)
Winning score (between 0 and 1) : N=150, mean=0.966667 (+/-0.028823).
P1: N=75, mean=0.973333 (+/-0.036707).
P2: N=75, mean=0.96 (+/-0.044647).
Game Durations: N=150, mean=135.946667 (+/-3.06676).
P1: N=75, mean=134.426667 (+/-4.015029).
P2: N=75, mean=137.466667 (+/-4.638311).

Agent 2 (UCT)
Winning score (between 0 and 1) : N=150, mean=0.033333 (+/-0.028823).
P1: N=75, mean=0.04 (+/-0.044647).
P2: N=75, mean=0.026667 (+/-0.036707).
Game Durations: N=150, mean=135.946667 (+/-3.06676).
P1: N=75, mean=137.466667 (+/-4.638311).
P2: N=75, mean=134.426667 (+/-4.015029).
=====================================================
