Warming up...
Finished warming up!
=====================================================
Completed 1 games.

Agent 1 (SHUCTAnyTime)
Winning score (between 0 and 1) : N=1, mean=1 (+/-0).
P1: N=0, mean=0 (+/-0).
P2: N=1, mean=1 (+/-0).
Game Durations: N=1, mean=128 (+/-0).
P1: N=0, mean=0 (+/-0).
P2: N=1, mean=128 (+/-0).

Agent 2 (UCT)
Winning score (between 0 and 1) : N=1, mean=0 (+/-0).
P1: N=1, mean=0 (+/-0).
P2: N=0, mean=0 (+/-0).
Game Durations: N=1, mean=128 (+/-0).
P1: N=1, mean=128 (+/-0).
P2: N=0, mean=0 (+/-0).
=====================================================
=====================================================
Completed 2 games.

Agent 1 (SHUCTAnyTime)
Winning score (between 0 and 1) : N=2, mean=0.5 (+/-0.97998).
P1: N=1, mean=0 (+/-0).
P2: N=1, mean=1 (+/-0).
Game Durations: N=2, mean=134 (+/-11.75976).
P1: N=1, mean=140 (+/-0).
P2: N=1, mean=128 (+/-0).

Agent 2 (UCT)
Winning score (between 0 and 1) : N=2, mean=0.5 (+/-0.97998).
P1: N=1, mean=0 (+/-0).
P2: N=1, mean=1 (+/-0).
Game Durations: N=2, mean=134 (+/-11.75976).
P1: N=1, mean=128 (+/-0).
P2: N=1, mean=140 (+/-0).
=====================================================
=====================================================
Completed 3 games.

Agent 1 (SHUCTAnyTime)
Winning score (between 0 and 1) : N=3, mean=0.333333 (+/-0.65332).
P1: N=1, mean=0 (+/-0).
P2: N=2, mean=0.5 (+/-0.97998).
Game Durations: N=3, mean=142 (+/-17.086535).
P1: N=1, mean=140 (+/-0).
P2: N=2, mean=143 (+/-29.3994).

Agent 2 (UCT)
Winning score (between 0 and 1) : N=3, mean=0.666667 (+/-0.65332).
P1: N=2, mean=0.5 (+/-0.97998).
P2: N=1, mean=1 (+/-0).
Game Durations: N=3, mean=142 (+/-17.086535).
P1: N=2, mean=143 (+/-29.3994).
P2: N=1, mean=140 (+/-0).
=====================================================
=====================================================
Completed 4 games.

Agent 1 (SHUCTAnyTime)
Winning score (between 0 and 1) : N=4, mean=0.25 (+/-0.48999).
P1: N=2, mean=0 (+/-0).
P2: N=2, mean=0.5 (+/-0.97998).
Game Durations: N=4, mean=141.5 (+/-12.121683).
P1: N=2, mean=140 (+/-0).
P2: N=2, mean=143 (+/-29.3994).

Agent 2 (UCT)
Winning score (between 0 and 1) : N=4, mean=0.75 (+/-0.48999).
P1: N=2, mean=0.5 (+/-0.97998).
P2: N=2, mean=1 (+/-0).
Game Durations: N=4, mean=141.5 (+/-12.121683).
P1: N=2, mean=143 (+/-29.3994).
P2: N=2, mean=140 (+/-0).
=====================================================
=====================================================
Completed 5 games.

Agent 1 (SHUCTAnyTime)
Winning score (between 0 and 1) : N=5, mean=0.4 (+/-0.48009).
P1: N=2, mean=0 (+/-0).
P2: N=3, mean=0.666667 (+/-0.65332).
Game Durations: N=5, mean=140.4 (+/-9.633757).
P1: N=2, mean=140 (+/-0).
P2: N=3, mean=140.666667 (+/-17.579043).

Agent 2 (UCT)
Winning score (between 0 and 1) : N=5, mean=0.6 (+/-0.48009).
P1: N=3, mean=0.333333 (+/-0.65332).
P2: N=2, mean=1 (+/-0).
Game Durations: N=5, mean=140.4 (+/-9.633757).
P1: N=3, mean=140.666667 (+/-17.579043).
P2: N=2, mean=140 (+/-0).
=====================================================
=====================================================
Completed 10 games.

Agent 1 (SHUCTAnyTime)
Winning score (between 0 and 1) : N=10, mean=0.6 (+/-0.32006).
P1: N=5, mean=0.4 (+/-0.48009).
P2: N=5, mean=0.8 (+/-0.391992).
Game Durations: N=10, mean=155 (+/-11.454546).
P1: N=5, mean=156.8 (+/-15.512189).
P2: N=5, mean=153.2 (+/-18.535875).

Agent 2 (UCT)
Winning score (between 0 and 1) : N=10, mean=0.4 (+/-0.32006).
P1: N=5, mean=0.2 (+/-0.391992).
P2: N=5, mean=0.6 (+/-0.48009).
Game Durations: N=10, mean=155 (+/-11.454546).
P1: N=5, mean=153.2 (+/-18.535875).
P2: N=5, mean=156.8 (+/-15.512189).
=====================================================
=====================================================
Completed 20 games.

Agent 1 (SHUCTAnyTime)
Winning score (between 0 and 1) : N=20, mean=0.5 (+/-0.224823).
P1: N=10, mean=0.4 (+/-0.32006).
P2: N=10, mean=0.6 (+/-0.32006).
Game Durations: N=20, mean=158.8 (+/-7.56902).
P1: N=10, mean=160.8 (+/-9.480121).
P2: N=10, mean=156.8 (+/-12.190328).

Agent 2 (UCT)
Winning score (between 0 and 1) : N=20, mean=0.5 (+/-0.224823).
P1: N=10, mean=0.4 (+/-0.32006).
P2: N=10, mean=0.6 (+/-0.32006).
Game Durations: N=20, mean=158.8 (+/-7.56902).
P1: N=10, mean=156.8 (+/-12.190328).
P2: N=10, mean=160.8 (+/-9.480121).
=====================================================
=====================================================
Completed 30 games.

Agent 1 (SHUCTAnyTime)
Winning score (between 0 and 1) : N=30, mean=0.433333 (+/-0.180353).
P1: N=15, mean=0.4 (+/-0.256619).
P2: N=15, mean=0.466667 (+/-0.261328).
Game Durations: N=30, mean=158.266667 (+/-6.255329).
P1: N=15, mean=158.933333 (+/-8.612504).
P2: N=15, mean=157.6 (+/-9.364152).

Agent 2 (UCT)
Winning score (between 0 and 1) : N=30, mean=0.566667 (+/-0.180353).
P1: N=15, mean=0.533333 (+/-0.261328).
P2: N=15, mean=0.6 (+/-0.256619).
Game Durations: N=30, mean=158.266667 (+/-6.255329).
P1: N=15, mean=157.6 (+/-9.364152).
P2: N=15, mean=158.933333 (+/-8.612504).
=====================================================
=====================================================
Completed 40 games.

Agent 1 (SHUCTAnyTime)
Winning score (between 0 and 1) : N=40, mean=0.375 (+/-0.151939).
P1: N=20, mean=0.3 (+/-0.206054).
P2: N=20, mean=0.45 (+/-0.223696).
Game Durations: N=40, mean=154.55 (+/-5.888229).
P1: N=20, mean=155 (+/-8.476745).
P2: N=20, mean=154.1 (+/-8.390321).

Agent 2 (UCT)
Winning score (between 0 and 1) : N=40, mean=0.625 (+/-0.151939).
P1: N=20, mean=0.55 (+/-0.223696).
P2: N=20, mean=0.7 (+/-0.206054).
Game Durations: N=40, mean=154.55 (+/-5.888229).
P1: N=20, mean=154.1 (+/-8.390321).
P2: N=20, mean=155 (+/-8.476745).
=====================================================
=====================================================
Completed 50 games.

Agent 1 (SHUCTAnyTime)
Winning score (between 0 and 1) : N=50, mean=0.4 (+/-0.137169).
P1: N=25, mean=0.32 (+/-0.186626).
P2: N=25, mean=0.48 (+/-0.199877).
Game Durations: N=50, mean=154.68 (+/-5.304969).
P1: N=25, mean=156.48 (+/-7.182765).
P2: N=25, mean=152.88 (+/-7.892192).

Agent 2 (UCT)
Winning score (between 0 and 1) : N=50, mean=0.6 (+/-0.137169).
P1: N=25, mean=0.52 (+/-0.199877).
P2: N=25, mean=0.68 (+/-0.186626).
Game Durations: N=50, mean=154.68 (+/-5.304969).
P1: N=25, mean=152.88 (+/-7.892192).
P2: N=25, mean=156.48 (+/-7.182765).
=====================================================
=====================================================
Completed 60 games.

Agent 1 (SHUCTAnyTime)
Winning score (between 0 and 1) : N=60, mean=0.383333 (+/-0.124061).
P1: N=30, mean=0.266667 (+/-0.160947).
P2: N=30, mean=0.5 (+/-0.181978).
Game Durations: N=60, mean=153.833333 (+/-4.671952).
P1: N=30, mean=154.533333 (+/-6.618076).
P2: N=30, mean=153.133333 (+/-6.699637).

Agent 2 (UCT)
Winning score (between 0 and 1) : N=60, mean=0.616667 (+/-0.124061).
P1: N=30, mean=0.5 (+/-0.181978).
P2: N=30, mean=0.733333 (+/-0.160947).
Game Durations: N=60, mean=153.833333 (+/-4.671952).
P1: N=30, mean=153.133333 (+/-6.699637).
P2: N=30, mean=154.533333 (+/-6.618076).
=====================================================
=====================================================
Completed 70 games.

Agent 1 (SHUCTAnyTime)
Winning score (between 0 and 1) : N=70, mean=0.4 (+/-0.115592).
P1: N=35, mean=0.285714 (+/-0.151848).
P2: N=35, mean=0.514286 (+/-0.167997).
Game Durations: N=70, mean=153.171429 (+/-4.3188).
P1: N=35, mean=153.142857 (+/-6.184978).
P2: N=35, mean=153.2 (+/-6.119736).

Agent 2 (UCT)
Winning score (between 0 and 1) : N=70, mean=0.6 (+/-0.115592).
P1: N=35, mean=0.485714 (+/-0.167997).
P2: N=35, mean=0.714286 (+/-0.151848).
Game Durations: N=70, mean=153.171429 (+/-4.3188).
P1: N=35, mean=153.2 (+/-6.119736).
P2: N=35, mean=153.142857 (+/-6.184978).
=====================================================
=====================================================
Completed 80 games.

Agent 1 (SHUCTAnyTime)
Winning score (between 0 and 1) : N=80, mean=0.4 (+/-0.108029).
P1: N=40, mean=0.325 (+/-0.146997).
P2: N=40, mean=0.475 (+/-0.156726).
Game Durations: N=80, mean=153.15 (+/-3.987426).
P1: N=40, mean=152.35 (+/-5.64901).
P2: N=40, mean=153.95 (+/-5.690011).

Agent 2 (UCT)
Winning score (between 0 and 1) : N=80, mean=0.6 (+/-0.108029).
P1: N=40, mean=0.525 (+/-0.156726).
P2: N=40, mean=0.675 (+/-0.146997).
Game Durations: N=80, mean=153.15 (+/-3.987426).
P1: N=40, mean=153.95 (+/-5.690011).
P2: N=40, mean=152.35 (+/-5.64901).
=====================================================
=====================================================
Completed 90 games.

Agent 1 (SHUCTAnyTime)
Winning score (between 0 and 1) : N=90, mean=0.422222 (+/-0.102613).
P1: N=45, mean=0.355556 (+/-0.141438).
P2: N=45, mean=0.488889 (+/-0.147701).
Game Durations: N=90, mean=153.888889 (+/-3.638909).
P1: N=45, mean=153.066667 (+/-5.133071).
P2: N=45, mean=154.711111 (+/-5.205963).

Agent 2 (UCT)
Winning score (between 0 and 1) : N=90, mean=0.577778 (+/-0.102613).
P1: N=45, mean=0.511111 (+/-0.147701).
P2: N=45, mean=0.644444 (+/-0.141438).
Game Durations: N=90, mean=153.888889 (+/-3.638909).
P1: N=45, mean=154.711111 (+/-5.205963).
P2: N=45, mean=153.066667 (+/-5.133071).
=====================================================
=====================================================
Completed 100 games.

Agent 1 (SHUCTAnyTime)
Winning score (between 0 and 1) : N=100, mean=0.42 (+/-0.097223).
P1: N=50, mean=0.36 (+/-0.134397).
P2: N=50, mean=0.48 (+/-0.139885).
Game Durations: N=100, mean=153.6 (+/-3.523746).
P1: N=50, mean=151.6 (+/-5.19312).
P2: N=50, mean=155.6 (+/-4.751661).

Agent 2 (UCT)
Winning score (between 0 and 1) : N=100, mean=0.58 (+/-0.097223).
P1: N=50, mean=0.52 (+/-0.139885).
P2: N=50, mean=0.64 (+/-0.134397).
Game Durations: N=100, mean=153.6 (+/-3.523746).
P1: N=50, mean=155.6 (+/-4.751661).
P2: N=50, mean=151.6 (+/-5.19312).
=====================================================
=====================================================
Completed 110 games.

Agent 1 (SHUCTAnyTime)
Winning score (between 0 and 1) : N=110, mean=0.418182 (+/-0.0926).
P1: N=55, mean=0.363636 (+/-0.128303).
P2: N=55, mean=0.472727 (+/-0.13316).
Game Durations: N=110, mean=153.836364 (+/-3.319116).
P1: N=55, mean=152.072727 (+/-4.810014).
P2: N=55, mean=155.6 (+/-4.571147).

Agent 2 (UCT)
Winning score (between 0 and 1) : N=110, mean=0.581818 (+/-0.0926).
P1: N=55, mean=0.527273 (+/-0.13316).
P2: N=55, mean=0.636364 (+/-0.128303).
Game Durations: N=110, mean=153.836364 (+/-3.319116).
P1: N=55, mean=155.6 (+/-4.571147).
P2: N=55, mean=152.072727 (+/-4.810014).
=====================================================
=====================================================
Completed 120 games.

Agent 1 (SHUCTAnyTime)
Winning score (between 0 and 1) : N=120, mean=0.45 (+/-0.089384).
P1: N=60, mean=0.4 (+/-0.125005).
P2: N=60, mean=0.5 (+/-0.127583).
Game Durations: N=120, mean=153.666667 (+/-3.139274).
P1: N=60, mean=152.533333 (+/-4.562502).
P2: N=60, mean=154.8 (+/-4.332499).

Agent 2 (UCT)
Winning score (between 0 and 1) : N=120, mean=0.55 (+/-0.089384).
P1: N=60, mean=0.5 (+/-0.127583).
P2: N=60, mean=0.6 (+/-0.125005).
Game Durations: N=120, mean=153.666667 (+/-3.139274).
P1: N=60, mean=154.8 (+/-4.332499).
P2: N=60, mean=152.533333 (+/-4.562502).
=====================================================
=====================================================
Completed 130 games.

Agent 1 (SHUCTAnyTime)
Winning score (between 0 and 1) : N=130, mean=0.430769 (+/-0.085451).
P1: N=65, mean=0.4 (+/-0.120023).
P2: N=65, mean=0.461538 (+/-0.122135).
Game Durations: N=130, mean=154.323077 (+/-2.967931).
P1: N=65, mean=153.353846 (+/-4.29415).
P2: N=65, mean=155.292308 (+/-4.117917).

Agent 2 (UCT)
Winning score (between 0 and 1) : N=130, mean=0.569231 (+/-0.085451).
P1: N=65, mean=0.538462 (+/-0.122135).
P2: N=65, mean=0.6 (+/-0.120023).
Game Durations: N=130, mean=154.323077 (+/-2.967931).
P1: N=65, mean=155.292308 (+/-4.117917).
P2: N=65, mean=153.353846 (+/-4.29415).
=====================================================
=====================================================
Completed 140 games.

Agent 1 (SHUCTAnyTime)
Winning score (between 0 and 1) : N=140, mean=0.442857 (+/-0.082576).
P1: N=70, mean=0.414286 (+/-0.116229).
P2: N=70, mean=0.471429 (+/-0.117783).
Game Durations: N=140, mean=154.885714 (+/-2.803039).
P1: N=70, mean=153.971429 (+/-4.067677).
P2: N=70, mean=155.8 (+/-3.875149).

Agent 2 (UCT)
Winning score (between 0 and 1) : N=140, mean=0.557143 (+/-0.082576).
P1: N=70, mean=0.528571 (+/-0.117783).
P2: N=70, mean=0.585714 (+/-0.116229).
Game Durations: N=140, mean=154.885714 (+/-2.803039).
P1: N=70, mean=155.8 (+/-3.875149).
P2: N=70, mean=153.971429 (+/-4.067677).
=====================================================
=====================================================
Completed 150 games.

Agent 1 (SHUCTAnyTime)
Winning score (between 0 and 1) : N=150, mean=0.446667 (+/-0.079825).
P1: N=75, mean=0.426667 (+/-0.112688).
P2: N=75, mean=0.466667 (+/-0.113667).
Game Durations: N=150, mean=155.066667 (+/-2.675418).
P1: N=75, mean=154.506667 (+/-3.870231).
P2: N=75, mean=155.626667 (+/-3.716672).

Agent 2 (UCT)
Winning score (between 0 and 1) : N=150, mean=0.553333 (+/-0.079825).
P1: N=75, mean=0.533333 (+/-0.113667).
P2: N=75, mean=0.573333 (+/-0.112688).
Game Durations: N=150, mean=155.066667 (+/-2.675418).
P1: N=75, mean=155.626667 (+/-3.716672).
P2: N=75, mean=154.506667 (+/-3.870231).
=====================================================
