Warming up...
Finished warming up!
=====================================================
Completed 1 games.

Agent 1 (SHUCTAnyTime)
Winning score (between 0 and 1) : N=1, mean=1 (+/-0).
P1: N=0, mean=0 (+/-0).
P2: N=1, mean=1 (+/-0).
Game Durations: N=1, mean=152 (+/-0).
P1: N=0, mean=0 (+/-0).
P2: N=1, mean=152 (+/-0).

Agent 2 (UCT)
Winning score (between 0 and 1) : N=1, mean=0 (+/-0).
P1: N=1, mean=0 (+/-0).
P2: N=0, mean=0 (+/-0).
Game Durations: N=1, mean=152 (+/-0).
P1: N=1, mean=152 (+/-0).
P2: N=0, mean=0 (+/-0).
=====================================================
=====================================================
Completed 2 games.

Agent 1 (SHUCTAnyTime)
Winning score (between 0 and 1) : N=2, mean=1 (+/-0).
P1: N=1, mean=1 (+/-0).
P2: N=1, mean=1 (+/-0).
Game Durations: N=2, mean=137 (+/-29.3994).
P1: N=1, mean=122 (+/-0).
P2: N=1, mean=152 (+/-0).

Agent 2 (UCT)
Winning score (between 0 and 1) : N=2, mean=0 (+/-0).
P1: N=1, mean=0 (+/-0).
P2: N=1, mean=0 (+/-0).
Game Durations: N=2, mean=137 (+/-29.3994).
P1: N=1, mean=152 (+/-0).
P2: N=1, mean=122 (+/-0).
=====================================================
=====================================================
Completed 3 games.

Agent 1 (SHUCTAnyTime)
Winning score (between 0 and 1) : N=3, mean=1 (+/-0).
P1: N=1, mean=1 (+/-0).
P2: N=2, mean=1 (+/-0).
Game Durations: N=3, mean=139.333333 (+/-17.579043).
P1: N=1, mean=122 (+/-0).
P2: N=2, mean=148 (+/-7.83984).

Agent 2 (UCT)
Winning score (between 0 and 1) : N=3, mean=0 (+/-0).
P1: N=2, mean=0 (+/-0).
P2: N=1, mean=0 (+/-0).
Game Durations: N=3, mean=139.333333 (+/-17.579043).
P1: N=2, mean=148 (+/-7.83984).
P2: N=1, mean=122 (+/-0).
=====================================================
=====================================================
Completed 4 games.

Agent 1 (SHUCTAnyTime)
Winning score (between 0 and 1) : N=4, mean=1 (+/-0).
P1: N=2, mean=1 (+/-0).
P2: N=2, mean=1 (+/-0).
Game Durations: N=4, mean=137 (+/-13.244845).
P1: N=2, mean=126 (+/-7.83984).
P2: N=2, mean=148 (+/-7.83984).

Agent 2 (UCT)
Winning score (between 0 and 1) : N=4, mean=0 (+/-0).
P1: N=2, mean=0 (+/-0).
P2: N=2, mean=0 (+/-0).
Game Durations: N=4, mean=137 (+/-13.244845).
P1: N=2, mean=148 (+/-7.83984).
P2: N=2, mean=126 (+/-7.83984).
=====================================================
=====================================================
Completed 5 games.

Agent 1 (SHUCTAnyTime)
Winning score (between 0 and 1) : N=5, mean=0.8 (+/-0.391992).
P1: N=2, mean=1 (+/-0).
P2: N=3, mean=0.666667 (+/-0.65332).
Game Durations: N=5, mean=145.2 (+/-19.067097).
P1: N=2, mean=126 (+/-7.83984).
P2: N=3, mean=158 (+/-20.115467).

Agent 2 (UCT)
Winning score (between 0 and 1) : N=5, mean=0.2 (+/-0.391992).
P1: N=3, mean=0.333333 (+/-0.65332).
P2: N=2, mean=0 (+/-0).
Game Durations: N=5, mean=145.2 (+/-19.067097).
P1: N=3, mean=158 (+/-20.115467).
P2: N=2, mean=126 (+/-7.83984).
=====================================================
=====================================================
Completed 10 games.

Agent 1 (SHUCTAnyTime)
Winning score (between 0 and 1) : N=10, mean=0.6 (+/-0.32006).
P1: N=5, mean=0.6 (+/-0.48009).
P2: N=5, mean=0.6 (+/-0.48009).
Game Durations: N=10, mean=149 (+/-10.074694).
P1: N=5, mean=142 (+/-14.295621).
P2: N=5, mean=156 (+/-12.58044).

Agent 2 (UCT)
Winning score (between 0 and 1) : N=10, mean=0.4 (+/-0.32006).
P1: N=5, mean=0.4 (+/-0.48009).
P2: N=5, mean=0.4 (+/-0.48009).
Game Durations: N=10, mean=149 (+/-10.074694).
P1: N=5, mean=156 (+/-12.58044).
P2: N=5, mean=142 (+/-14.295621).
=====================================================
=====================================================
Completed 20 games.

Agent 1 (SHUCTAnyTime)
Winning score (between 0 and 1) : N=20, mean=0.7 (+/-0.206054).
P1: N=10, mean=0.7 (+/-0.299389).
P2: N=10, mean=0.7 (+/-0.299389).
Game Durations: N=20, mean=149.4 (+/-7.87124).
P1: N=10, mean=142.6 (+/-11.731415).
P2: N=10, mean=156.2 (+/-9.192099).

Agent 2 (UCT)
Winning score (between 0 and 1) : N=20, mean=0.3 (+/-0.206054).
P1: N=10, mean=0.3 (+/-0.299389).
P2: N=10, mean=0.3 (+/-0.299389).
Game Durations: N=20, mean=149.4 (+/-7.87124).
P1: N=10, mean=156.2 (+/-9.192099).
P2: N=10, mean=142.6 (+/-11.731415).
=====================================================
=====================================================
Completed 30 games.

Agent 1 (SHUCTAnyTime)
Winning score (between 0 and 1) : N=30, mean=0.633333 (+/-0.175388).
P1: N=15, mean=0.6 (+/-0.256619).
P2: N=15, mean=0.666667 (+/-0.246932).
Game Durations: N=30, mean=149.733333 (+/-6.339468).
P1: N=15, mean=145.2 (+/-8.637389).
P2: N=15, mean=154.266667 (+/-8.978542).

Agent 2 (UCT)
Winning score (between 0 and 1) : N=30, mean=0.366667 (+/-0.175388).
P1: N=15, mean=0.333333 (+/-0.246932).
P2: N=15, mean=0.4 (+/-0.256619).
Game Durations: N=30, mean=149.733333 (+/-6.339468).
P1: N=15, mean=154.266667 (+/-8.978542).
P2: N=15, mean=145.2 (+/-8.637389).
=====================================================
=====================================================
Completed 40 games.

Agent 1 (SHUCTAnyTime)
Winning score (between 0 and 1) : N=40, mean=0.65 (+/-0.149694).
P1: N=20, mean=0.6 (+/-0.22028).
P2: N=20, mean=0.7 (+/-0.206054).
Game Durations: N=40, mean=150.6 (+/-5.47063).
P1: N=20, mean=147.4 (+/-7.378026).
P2: N=20, mean=153.8 (+/-8.017826).

Agent 2 (UCT)
Winning score (between 0 and 1) : N=40, mean=0.35 (+/-0.149694).
P1: N=20, mean=0.3 (+/-0.206054).
P2: N=20, mean=0.4 (+/-0.22028).
Game Durations: N=40, mean=150.6 (+/-5.47063).
P1: N=20, mean=153.8 (+/-8.017826).
P2: N=20, mean=147.4 (+/-7.378026).
=====================================================
=====================================================
Completed 50 games.

Agent 1 (SHUCTAnyTime)
Winning score (between 0 and 1) : N=50, mean=0.66 (+/-0.132636).
P1: N=25, mean=0.6 (+/-0.195996).
P2: N=25, mean=0.72 (+/-0.179633).
Game Durations: N=50, mean=151.44 (+/-4.921583).
P1: N=25, mean=148.72 (+/-7.177772).
P2: N=25, mean=154.16 (+/-6.709517).

Agent 2 (UCT)
Winning score (between 0 and 1) : N=50, mean=0.34 (+/-0.132636).
P1: N=25, mean=0.28 (+/-0.179633).
P2: N=25, mean=0.4 (+/-0.195996).
Game Durations: N=50, mean=151.44 (+/-4.921583).
P1: N=25, mean=154.16 (+/-6.709517).
P2: N=25, mean=148.72 (+/-7.177772).
=====================================================
=====================================================
Completed 60 games.

Agent 1 (SHUCTAnyTime)
Winning score (between 0 and 1) : N=60, mean=0.666667 (+/-0.120286).
P1: N=30, mean=0.633333 (+/-0.175388).
P2: N=30, mean=0.7 (+/-0.166785).
Game Durations: N=60, mean=152.8 (+/-4.29931).
P1: N=30, mean=149.933333 (+/-6.299642).
P2: N=30, mean=155.666667 (+/-5.774811).

Agent 2 (UCT)
Winning score (between 0 and 1) : N=60, mean=0.333333 (+/-0.120286).
P1: N=30, mean=0.3 (+/-0.166785).
P2: N=30, mean=0.366667 (+/-0.175388).
Game Durations: N=60, mean=152.8 (+/-4.29931).
P1: N=30, mean=155.666667 (+/-5.774811).
P2: N=30, mean=149.933333 (+/-6.299642).
=====================================================
=====================================================
Completed 70 games.

Agent 1 (SHUCTAnyTime)
Winning score (between 0 and 1) : N=70, mean=0.671429 (+/-0.110825).
P1: N=35, mean=0.685714 (+/-0.156042).
P2: N=35, mean=0.657143 (+/-0.159549).
Game Durations: N=70, mean=151.942857 (+/-3.914212).
P1: N=35, mean=148.8 (+/-5.71608).
P2: N=35, mean=155.085714 (+/-5.223014).

Agent 2 (UCT)
Winning score (between 0 and 1) : N=70, mean=0.328571 (+/-0.110825).
P1: N=35, mean=0.342857 (+/-0.159549).
P2: N=35, mean=0.314286 (+/-0.156042).
Game Durations: N=70, mean=151.942857 (+/-3.914212).
P1: N=35, mean=155.085714 (+/-5.223014).
P2: N=35, mean=148.8 (+/-5.71608).
=====================================================
=====================================================
Completed 80 games.

Agent 1 (SHUCTAnyTime)
Winning score (between 0 and 1) : N=80, mean=0.6625 (+/-0.104271).
P1: N=40, mean=0.675 (+/-0.146997).
P2: N=40, mean=0.65 (+/-0.149694).
Game Durations: N=80, mean=151.825 (+/-3.783701).
P1: N=40, mean=150.25 (+/-5.504711).
P2: N=40, mean=153.4 (+/-5.216247).

Agent 2 (UCT)
Winning score (between 0 and 1) : N=80, mean=0.3375 (+/-0.104271).
P1: N=40, mean=0.35 (+/-0.149694).
P2: N=40, mean=0.325 (+/-0.146997).
Game Durations: N=80, mean=151.825 (+/-3.783701).
P1: N=40, mean=153.4 (+/-5.216247).
P2: N=40, mean=150.25 (+/-5.504711).
=====================================================
=====================================================
Completed 90 games.

Agent 1 (SHUCTAnyTime)
Winning score (between 0 and 1) : N=90, mean=0.666667 (+/-0.097937).
P1: N=45, mean=0.666667 (+/-0.139288).
P2: N=45, mean=0.666667 (+/-0.139288).
Game Durations: N=90, mean=150.866667 (+/-3.519217).
P1: N=45, mean=150.4 (+/-4.918435).
P2: N=45, mean=151.333333 (+/-5.086598).

Agent 2 (UCT)
Winning score (between 0 and 1) : N=90, mean=0.333333 (+/-0.097937).
P1: N=45, mean=0.333333 (+/-0.139288).
P2: N=45, mean=0.333333 (+/-0.139288).
Game Durations: N=90, mean=150.866667 (+/-3.519217).
P1: N=45, mean=151.333333 (+/-5.086598).
P2: N=45, mean=150.4 (+/-4.918435).
=====================================================
=====================================================
Completed 100 games.

Agent 1 (SHUCTAnyTime)
Winning score (between 0 and 1) : N=100, mean=0.67 (+/-0.092624).
P1: N=50, mean=0.66 (+/-0.132636).
P2: N=50, mean=0.68 (+/-0.130611).
Game Durations: N=100, mean=150.98 (+/-3.375031).
P1: N=50, mean=149.72 (+/-4.83541).
P2: N=50, mean=152.24 (+/-4.732669).

Agent 2 (UCT)
Winning score (between 0 and 1) : N=100, mean=0.33 (+/-0.092624).
P1: N=50, mean=0.32 (+/-0.130611).
P2: N=50, mean=0.34 (+/-0.132636).
Game Durations: N=100, mean=150.98 (+/-3.375031).
P1: N=50, mean=152.24 (+/-4.732669).
P2: N=50, mean=149.72 (+/-4.83541).
=====================================================
=====================================================
Completed 110 games.

Agent 1 (SHUCTAnyTime)
Winning score (between 0 and 1) : N=110, mean=0.681818 (+/-0.087439).
P1: N=55, mean=0.672727 (+/-0.125148).
P2: N=55, mean=0.690909 (+/-0.123255).
Game Durations: N=110, mean=151.272727 (+/-3.196218).
P1: N=55, mean=149.854545 (+/-4.547834).
P2: N=55, mean=152.690909 (+/-4.502517).

Agent 2 (UCT)
Winning score (between 0 and 1) : N=110, mean=0.318182 (+/-0.087439).
P1: N=55, mean=0.309091 (+/-0.123255).
P2: N=55, mean=0.327273 (+/-0.125148).
Game Durations: N=110, mean=151.272727 (+/-3.196218).
P1: N=55, mean=152.690909 (+/-4.502517).
P2: N=55, mean=149.854545 (+/-4.547834).
=====================================================
=====================================================
Completed 120 games.

Agent 1 (SHUCTAnyTime)
Winning score (between 0 and 1) : N=120, mean=0.65 (+/-0.085697).
P1: N=60, mean=0.65 (+/-0.121706).
P2: N=60, mean=0.65 (+/-0.121706).
Game Durations: N=120, mean=151.633333 (+/-2.974049).
P1: N=60, mean=150.433333 (+/-4.223827).
P2: N=60, mean=152.833333 (+/-4.201365).

Agent 2 (UCT)
Winning score (between 0 and 1) : N=120, mean=0.35 (+/-0.085697).
P1: N=60, mean=0.35 (+/-0.121706).
P2: N=60, mean=0.35 (+/-0.121706).
Game Durations: N=120, mean=151.633333 (+/-2.974049).
P1: N=60, mean=152.833333 (+/-4.201365).
P2: N=60, mean=150.433333 (+/-4.223827).
=====================================================
=====================================================
Completed 130 games.

Agent 1 (SHUCTAnyTime)
Winning score (between 0 and 1) : N=130, mean=0.646154 (+/-0.082514).
P1: N=65, mean=0.646154 (+/-0.117147).
P2: N=65, mean=0.646154 (+/-0.117147).
Game Durations: N=130, mean=151.676923 (+/-2.837889).
P1: N=65, mean=150.276923 (+/-3.97687).
P2: N=65, mean=153.076923 (+/-4.051586).

Agent 2 (UCT)
Winning score (between 0 and 1) : N=130, mean=0.353846 (+/-0.082514).
P1: N=65, mean=0.353846 (+/-0.117147).
P2: N=65, mean=0.353846 (+/-0.117147).
Game Durations: N=130, mean=151.676923 (+/-2.837889).
P1: N=65, mean=153.076923 (+/-4.051586).
P2: N=65, mean=150.276923 (+/-3.97687).
=====================================================
=====================================================
Completed 140 games.

Agent 1 (SHUCTAnyTime)
Winning score (between 0 and 1) : N=140, mean=0.635714 (+/-0.08).
P1: N=70, mean=0.614286 (+/-0.114853).
P2: N=70, mean=0.657143 (+/-0.111998).
Game Durations: N=140, mean=151.471429 (+/-2.704207).
P1: N=70, mean=150.085714 (+/-3.801621).
P2: N=70, mean=152.857143 (+/-3.846657).

Agent 2 (UCT)
Winning score (between 0 and 1) : N=140, mean=0.364286 (+/-0.08).
P1: N=70, mean=0.342857 (+/-0.111998).
P2: N=70, mean=0.385714 (+/-0.114853).
Game Durations: N=140, mean=151.471429 (+/-2.704207).
P1: N=70, mean=152.857143 (+/-3.846657).
P2: N=70, mean=150.085714 (+/-3.801621).
=====================================================
=====================================================
Completed 150 games.

Agent 1 (SHUCTAnyTime)
Winning score (between 0 and 1) : N=150, mean=0.633333 (+/-0.077376).
P1: N=75, mean=0.613333 (+/-0.110955).
P2: N=75, mean=0.653333 (+/-0.108431).
Game Durations: N=150, mean=151.333333 (+/-2.631893).
P1: N=75, mean=149.066667 (+/-3.725333).
P2: N=75, mean=153.6 (+/-3.671937).

Agent 2 (UCT)
Winning score (between 0 and 1) : N=150, mean=0.366667 (+/-0.077376).
P1: N=75, mean=0.346667 (+/-0.108431).
P2: N=75, mean=0.386667 (+/-0.110955).
Game Durations: N=150, mean=151.333333 (+/-2.631893).
P1: N=75, mean=153.6 (+/-3.671937).
P2: N=75, mean=149.066667 (+/-3.725333).
=====================================================
