Warming up...
Finished warming up!
=====================================================
Completed 1 games.

Agent 1 (SHUCTAnyTime)
Winning score (between 0 and 1) : N=1, mean=1 (+/-0).
P1: N=1, mean=1 (+/-0).
P2: N=0, mean=0 (+/-0).
Game Durations: N=1, mean=154 (+/-0).
P1: N=1, mean=154 (+/-0).
P2: N=0, mean=0 (+/-0).

Agent 2 (Example UCT)
Winning score (between 0 and 1) : N=1, mean=0 (+/-0).
P1: N=0, mean=0 (+/-0).
P2: N=1, mean=0 (+/-0).
Game Durations: N=1, mean=154 (+/-0).
P1: N=0, mean=0 (+/-0).
P2: N=1, mean=154 (+/-0).
=====================================================
=====================================================
Completed 2 games.

Agent 1 (SHUCTAnyTime)
Winning score (between 0 and 1) : N=2, mean=0.5 (+/-0.97998).
P1: N=1, mean=1 (+/-0).
P2: N=1, mean=0 (+/-0).
Game Durations: N=2, mean=142 (+/-23.51952).
P1: N=1, mean=154 (+/-0).
P2: N=1, mean=130 (+/-0).

Agent 2 (Example UCT)
Winning score (between 0 and 1) : N=2, mean=0.5 (+/-0.97998).
P1: N=1, mean=1 (+/-0).
P2: N=1, mean=0 (+/-0).
Game Durations: N=2, mean=142 (+/-23.51952).
P1: N=1, mean=130 (+/-0).
P2: N=1, mean=154 (+/-0).
=====================================================
=====================================================
Completed 3 games.

Agent 1 (SHUCTAnyTime)
Winning score (between 0 and 1) : N=3, mean=0.666667 (+/-0.65332).
P1: N=2, mean=1 (+/-0).
P2: N=1, mean=0 (+/-0).
Game Durations: N=3, mean=140.666667 (+/-13.828178).
P1: N=2, mean=146 (+/-15.67968).
P2: N=1, mean=130 (+/-0).

Agent 2 (Example UCT)
Winning score (between 0 and 1) : N=3, mean=0.333333 (+/-0.65332).
P1: N=1, mean=1 (+/-0).
P2: N=2, mean=0 (+/-0).
Game Durations: N=3, mean=140.666667 (+/-13.828178).
P1: N=1, mean=130 (+/-0).
P2: N=2, mean=146 (+/-15.67968).
=====================================================
=====================================================
Completed 4 games.

Agent 1 (SHUCTAnyTime)
Winning score (between 0 and 1) : N=4, mean=0.5 (+/-0.565792).
P1: N=2, mean=1 (+/-0).
P2: N=2, mean=0 (+/-0).
Game Durations: N=4, mean=142 (+/-10.12119).
P1: N=2, mean=146 (+/-15.67968).
P2: N=2, mean=138 (+/-15.67968).

Agent 2 (Example UCT)
Winning score (between 0 and 1) : N=4, mean=0.5 (+/-0.565792).
P1: N=2, mean=1 (+/-0).
P2: N=2, mean=0 (+/-0).
Game Durations: N=4, mean=142 (+/-10.12119).
P1: N=2, mean=138 (+/-15.67968).
P2: N=2, mean=146 (+/-15.67968).
=====================================================
=====================================================
Completed 5 games.

Agent 1 (SHUCTAnyTime)
Winning score (between 0 and 1) : N=5, mean=0.6 (+/-0.48009).
P1: N=3, mean=1 (+/-0).
P2: N=2, mean=0 (+/-0).
Game Durations: N=5, mean=149.2 (+/-16.143219).
P1: N=3, mean=156.666667 (+/-22.782047).
P2: N=2, mean=138 (+/-15.67968).

Agent 2 (Example UCT)
Winning score (between 0 and 1) : N=5, mean=0.4 (+/-0.48009).
P1: N=2, mean=1 (+/-0).
P2: N=3, mean=0 (+/-0).
Game Durations: N=5, mean=149.2 (+/-16.143219).
P1: N=2, mean=138 (+/-15.67968).
P2: N=3, mean=156.666667 (+/-22.782047).
=====================================================
=====================================================
Completed 10 games.

Agent 1 (SHUCTAnyTime)
Winning score (between 0 and 1) : N=10, mean=0.6 (+/-0.32006).
P1: N=5, mean=1 (+/-0).
P2: N=5, mean=0.2 (+/-0.391992).
Game Durations: N=10, mean=149.4 (+/-10.054338).
P1: N=5, mean=150 (+/-15.282662).
P2: N=5, mean=148.8 (+/-14.854376).

Agent 2 (Example UCT)
Winning score (between 0 and 1) : N=10, mean=0.4 (+/-0.32006).
P1: N=5, mean=0.8 (+/-0.391992).
P2: N=5, mean=0 (+/-0).
Game Durations: N=10, mean=149.4 (+/-10.054338).
P1: N=5, mean=148.8 (+/-14.854376).
P2: N=5, mean=150 (+/-15.282662).
=====================================================
=====================================================
Completed 20 games.

Agent 1 (SHUCTAnyTime)
Winning score (between 0 and 1) : N=20, mean=0.65 (+/-0.214467).
P1: N=10, mean=0.8 (+/-0.261328).
P2: N=10, mean=0.5 (+/-0.32666).
Game Durations: N=20, mean=157.9 (+/-6.857502).
P1: N=10, mean=158.8 (+/-9.676196).
P2: N=10, mean=157 (+/-10.209366).

Agent 2 (Example UCT)
Winning score (between 0 and 1) : N=20, mean=0.35 (+/-0.214467).
P1: N=10, mean=0.5 (+/-0.32666).
P2: N=10, mean=0.2 (+/-0.261328).
Game Durations: N=20, mean=157.9 (+/-6.857502).
P1: N=10, mean=157 (+/-10.209366).
P2: N=10, mean=158.8 (+/-9.676196).
=====================================================
=====================================================
Completed 30 games.

Agent 1 (SHUCTAnyTime)
Winning score (between 0 and 1) : N=30, mean=0.5 (+/-0.181978).
P1: N=15, mean=0.6 (+/-0.256619).
P2: N=15, mean=0.4 (+/-0.256619).
Game Durations: N=30, mean=157.866667 (+/-5.786573).
P1: N=15, mean=160.666667 (+/-7.55143).
P2: N=15, mean=155.066667 (+/-8.797427).

Agent 2 (Example UCT)
Winning score (between 0 and 1) : N=30, mean=0.5 (+/-0.181978).
P1: N=15, mean=0.6 (+/-0.256619).
P2: N=15, mean=0.4 (+/-0.256619).
Game Durations: N=30, mean=157.866667 (+/-5.786573).
P1: N=15, mean=155.066667 (+/-8.797427).
P2: N=15, mean=160.666667 (+/-7.55143).
=====================================================
=====================================================
Completed 40 games.

Agent 1 (SHUCTAnyTime)
Winning score (between 0 and 1) : N=40, mean=0.55 (+/-0.156136).
P1: N=20, mean=0.6 (+/-0.22028).
P2: N=20, mean=0.5 (+/-0.224823).
Game Durations: N=40, mean=158.5 (+/-4.577725).
P1: N=20, mean=162.6 (+/-5.849543).
P2: N=20, mean=154.4 (+/-6.70922).

Agent 2 (Example UCT)
Winning score (between 0 and 1) : N=40, mean=0.45 (+/-0.156136).
P1: N=20, mean=0.5 (+/-0.224823).
P2: N=20, mean=0.4 (+/-0.22028).
Game Durations: N=40, mean=158.5 (+/-4.577725).
P1: N=20, mean=154.4 (+/-6.70922).
P2: N=20, mean=162.6 (+/-5.849543).
=====================================================
=====================================================
Completed 50 games.

Agent 1 (SHUCTAnyTime)
Winning score (between 0 and 1) : N=50, mean=0.5 (+/-0.139997).
P1: N=25, mean=0.52 (+/-0.199877).
P2: N=25, mean=0.48 (+/-0.199877).
Game Durations: N=50, mean=156.72 (+/-4.592944).
P1: N=25, mean=161.68 (+/-5.732919).
P2: N=25, mean=151.76 (+/-6.737703).

Agent 2 (Example UCT)
Winning score (between 0 and 1) : N=50, mean=0.5 (+/-0.139997).
P1: N=25, mean=0.52 (+/-0.199877).
P2: N=25, mean=0.48 (+/-0.199877).
Game Durations: N=50, mean=156.72 (+/-4.592944).
P1: N=25, mean=151.76 (+/-6.737703).
P2: N=25, mean=161.68 (+/-5.732919).
=====================================================
=====================================================
Completed 60 games.

Agent 1 (SHUCTAnyTime)
Winning score (between 0 and 1) : N=60, mean=0.45 (+/-0.126943).
P1: N=30, mean=0.433333 (+/-0.180353).
P2: N=30, mean=0.466667 (+/-0.181573).
Game Durations: N=60, mean=157.033333 (+/-4.07465).
P1: N=30, mean=160.6 (+/-5.515336).
P2: N=30, mean=153.466667 (+/-5.81094).

Agent 2 (Example UCT)
Winning score (between 0 and 1) : N=60, mean=0.55 (+/-0.126943).
P1: N=30, mean=0.533333 (+/-0.181573).
P2: N=30, mean=0.566667 (+/-0.180353).
Game Durations: N=60, mean=157.033333 (+/-4.07465).
P1: N=30, mean=153.466667 (+/-5.81094).
P2: N=30, mean=160.6 (+/-5.515336).
=====================================================
=====================================================
Completed 70 games.

Agent 1 (SHUCTAnyTime)
Winning score (between 0 and 1) : N=70, mean=0.457143 (+/-0.117542).
P1: N=35, mean=0.457143 (+/-0.167447).
P2: N=35, mean=0.457143 (+/-0.167447).
Game Durations: N=70, mean=158.142857 (+/-3.732273).
P1: N=35, mean=160.457143 (+/-5.028391).
P2: N=35, mean=155.828571 (+/-5.481229).

Agent 2 (Example UCT)
Winning score (between 0 and 1) : N=70, mean=0.542857 (+/-0.117542).
P1: N=35, mean=0.542857 (+/-0.167447).
P2: N=35, mean=0.542857 (+/-0.167447).
Game Durations: N=70, mean=158.142857 (+/-3.732273).
P1: N=35, mean=155.828571 (+/-5.481229).
P2: N=35, mean=160.457143 (+/-5.028391).
=====================================================
=====================================================
Completed 80 games.

Agent 1 (SHUCTAnyTime)
Winning score (between 0 and 1) : N=80, mean=0.425 (+/-0.109009).
P1: N=40, mean=0.45 (+/-0.156136).
P2: N=40, mean=0.4 (+/-0.153752).
Game Durations: N=80, mean=158.1 (+/-3.391096).
P1: N=40, mean=159.2 (+/-4.663104).
P2: N=40, mean=157 (+/-4.960336).

Agent 2 (Example UCT)
Winning score (between 0 and 1) : N=80, mean=0.575 (+/-0.109009).
P1: N=40, mean=0.6 (+/-0.153752).
P2: N=40, mean=0.55 (+/-0.156136).
Game Durations: N=80, mean=158.1 (+/-3.391096).
P1: N=40, mean=157 (+/-4.960336).
P2: N=40, mean=159.2 (+/-4.663104).
=====================================================
=====================================================
Completed 90 games.

Agent 1 (SHUCTAnyTime)
Winning score (between 0 and 1) : N=90, mean=0.444444 (+/-0.103234).
P1: N=45, mean=0.444444 (+/-0.146823).
P2: N=45, mean=0.444444 (+/-0.146823).
Game Durations: N=90, mean=157.8 (+/-3.147446).
P1: N=45, mean=159.555556 (+/-4.263021).
P2: N=45, mean=156.044444 (+/-4.622171).

Agent 2 (Example UCT)
Winning score (between 0 and 1) : N=90, mean=0.555556 (+/-0.103234).
P1: N=45, mean=0.555556 (+/-0.146823).
P2: N=45, mean=0.555556 (+/-0.146823).
Game Durations: N=90, mean=157.8 (+/-3.147446).
P1: N=45, mean=156.044444 (+/-4.622171).
P2: N=45, mean=159.555556 (+/-4.263021).
=====================================================
=====================================================
Completed 100 games.

Agent 1 (SHUCTAnyTime)
Winning score (between 0 and 1) : N=100, mean=0.47 (+/-0.098314).
P1: N=50, mean=0.48 (+/-0.139885).
P2: N=50, mean=0.46 (+/-0.139548).
Game Durations: N=100, mean=157.22 (+/-2.972763).
P1: N=50, mean=158 (+/-4.21296).
P2: N=50, mean=156.44 (+/-4.226768).

Agent 2 (Example UCT)
Winning score (between 0 and 1) : N=100, mean=0.53 (+/-0.098314).
P1: N=50, mean=0.54 (+/-0.139548).
P2: N=50, mean=0.52 (+/-0.139885).
Game Durations: N=100, mean=157.22 (+/-2.972763).
P1: N=50, mean=156.44 (+/-4.226768).
P2: N=50, mean=158 (+/-4.21296).
=====================================================
=====================================================
Completed 110 games.

Agent 1 (SHUCTAnyTime)
Winning score (between 0 and 1) : N=110, mean=0.481818 (+/-0.093803).
P1: N=55, mean=0.509091 (+/-0.133336).
P2: N=55, mean=0.454545 (+/-0.132806).
Game Durations: N=110, mean=157.454545 (+/-2.838688).
P1: N=55, mean=157.381818 (+/-4.107939).
P2: N=55, mean=157.527273 (+/-3.956655).

Agent 2 (Example UCT)
Winning score (between 0 and 1) : N=110, mean=0.518182 (+/-0.093803).
P1: N=55, mean=0.545455 (+/-0.132806).
P2: N=55, mean=0.490909 (+/-0.133336).
Game Durations: N=110, mean=157.454545 (+/-2.838688).
P1: N=55, mean=157.527273 (+/-3.956655).
P2: N=55, mean=157.381818 (+/-4.107939).
=====================================================
=====================================================
Completed 120 games.

Agent 1 (SHUCTAnyTime)
Winning score (between 0 and 1) : N=120, mean=0.475 (+/-0.089722).
P1: N=60, mean=0.5 (+/-0.127583).
P2: N=60, mean=0.45 (+/-0.126943).
Game Durations: N=120, mean=157.816667 (+/-2.701816).
P1: N=60, mean=157.066667 (+/-3.916006).
P2: N=60, mean=158.566667 (+/-3.746777).

Agent 2 (Example UCT)
Winning score (between 0 and 1) : N=120, mean=0.525 (+/-0.089722).
P1: N=60, mean=0.55 (+/-0.126943).
P2: N=60, mean=0.5 (+/-0.127583).
Game Durations: N=120, mean=157.816667 (+/-2.701816).
P1: N=60, mean=158.566667 (+/-3.746777).
P2: N=60, mean=157.066667 (+/-3.916006).
=====================================================
=====================================================
Completed 130 games.

Agent 1 (SHUCTAnyTime)
Winning score (between 0 and 1) : N=130, mean=0.469231 (+/-0.086119).
P1: N=65, mean=0.507692 (+/-0.122483).
P2: N=65, mean=0.430769 (+/-0.121318).
Game Durations: N=130, mean=157.815385 (+/-2.595259).
P1: N=65, mean=156.707692 (+/-3.67925).
P2: N=65, mean=158.923077 (+/-3.669848).

Agent 2 (Example UCT)
Winning score (between 0 and 1) : N=130, mean=0.530769 (+/-0.086119).
P1: N=65, mean=0.569231 (+/-0.121318).
P2: N=65, mean=0.492308 (+/-0.122483).
Game Durations: N=130, mean=157.815385 (+/-2.595259).
P1: N=65, mean=158.923077 (+/-3.669848).
P2: N=65, mean=156.707692 (+/-3.67925).
=====================================================
=====================================================
Completed 140 games.

Agent 1 (SHUCTAnyTime)
Winning score (between 0 and 1) : N=140, mean=0.464286 (+/-0.082909).
P1: N=70, mean=0.514286 (+/-0.117928).
P2: N=70, mean=0.414286 (+/-0.116229).
Game Durations: N=140, mean=158.242857 (+/-2.479324).
P1: N=70, mean=157.657143 (+/-3.515119).
P2: N=70, mean=158.828571 (+/-3.5174).

Agent 2 (Example UCT)
Winning score (between 0 and 1) : N=140, mean=0.535714 (+/-0.082909).
P1: N=70, mean=0.585714 (+/-0.116229).
P2: N=70, mean=0.485714 (+/-0.117928).
Game Durations: N=140, mean=158.242857 (+/-2.479324).
P1: N=70, mean=158.828571 (+/-3.5174).
P2: N=70, mean=157.657143 (+/-3.515119).
=====================================================
=====================================================
Completed 150 games.

Agent 1 (SHUCTAnyTime)
Winning score (between 0 and 1) : N=150, mean=0.48 (+/-0.080219).
P1: N=75, mean=0.533333 (+/-0.113667).
P2: N=75, mean=0.426667 (+/-0.112688).
Game Durations: N=150, mean=158.28 (+/-2.417405).
P1: N=75, mean=158.4 (+/-3.374095).
P2: N=75, mean=158.16 (+/-3.485301).

Agent 2 (Example UCT)
Winning score (between 0 and 1) : N=150, mean=0.52 (+/-0.080219).
P1: N=75, mean=0.573333 (+/-0.112688).
P2: N=75, mean=0.466667 (+/-0.113667).
Game Durations: N=150, mean=158.28 (+/-2.417405).
P1: N=75, mean=158.16 (+/-3.485301).
P2: N=75, mean=158.4 (+/-3.374095).
=====================================================
