Warming up...
Finished warming up!
=====================================================
Completed 1 games.

Agent 1 (Example UCT)
Winning score (between 0 and 1) : N=1, mean=1 (+/-0).
P1: N=0, mean=0 (+/-0).
P2: N=1, mean=1 (+/-0).
Game Durations: N=1, mean=62 (+/-0).
P1: N=0, mean=0 (+/-0).
P2: N=1, mean=62 (+/-0).

Agent 2 (SHUCT)
Winning score (between 0 and 1) : N=1, mean=0 (+/-0).
P1: N=1, mean=0 (+/-0).
P2: N=0, mean=0 (+/-0).
Game Durations: N=1, mean=62 (+/-0).
P1: N=1, mean=62 (+/-0).
P2: N=0, mean=0 (+/-0).
=====================================================
=====================================================
Completed 2 games.

Agent 1 (Example UCT)
Winning score (between 0 and 1) : N=2, mean=1 (+/-0).
P1: N=1, mean=1 (+/-0).
P2: N=1, mean=1 (+/-0).
Game Durations: N=2, mean=62 (+/-0).
P1: N=1, mean=62 (+/-0).
P2: N=1, mean=62 (+/-0).

Agent 2 (SHUCT)
Winning score (between 0 and 1) : N=2, mean=0 (+/-0).
P1: N=1, mean=0 (+/-0).
P2: N=1, mean=0 (+/-0).
Game Durations: N=2, mean=62 (+/-0).
P1: N=1, mean=62 (+/-0).
P2: N=1, mean=62 (+/-0).
=====================================================
=====================================================
Completed 3 games.

Agent 1 (Example UCT)
Winning score (between 0 and 1) : N=3, mean=0.666667 (+/-0.65332).
P1: N=1, mean=1 (+/-0).
P2: N=2, mean=0.5 (+/-0.97998).
Game Durations: N=3, mean=62.333333 (+/-0.65332).
P1: N=1, mean=62 (+/-0).
P2: N=2, mean=62.5 (+/-0.97998).

Agent 2 (SHUCT)
Winning score (between 0 and 1) : N=3, mean=0.333333 (+/-0.65332).
P1: N=2, mean=0.5 (+/-0.97998).
P2: N=1, mean=0 (+/-0).
Game Durations: N=3, mean=62.333333 (+/-0.65332).
P1: N=2, mean=62.5 (+/-0.97998).
P2: N=1, mean=62 (+/-0).
=====================================================
=====================================================
Completed 4 games.

Agent 1 (Example UCT)
Winning score (between 0 and 1) : N=4, mean=0.625 (+/-0.46913).
P1: N=2, mean=0.75 (+/-0.48999).
P2: N=2, mean=0.5 (+/-0.97998).
Game Durations: N=4, mean=62.25 (+/-0.48999).
P1: N=2, mean=62 (+/-0).
P2: N=2, mean=62.5 (+/-0.97998).

Agent 2 (SHUCT)
Winning score (between 0 and 1) : N=4, mean=0.375 (+/-0.46913).
P1: N=2, mean=0.5 (+/-0.97998).
P2: N=2, mean=0.25 (+/-0.48999).
Game Durations: N=4, mean=62.25 (+/-0.48999).
P1: N=2, mean=62.5 (+/-0.97998).
P2: N=2, mean=62 (+/-0).
=====================================================
=====================================================
Completed 5 games.

Agent 1 (Example UCT)
Winning score (between 0 and 1) : N=5, mean=0.5 (+/-0.43826).
P1: N=2, mean=0.75 (+/-0.48999).
P2: N=3, mean=0.333333 (+/-0.65332).
Game Durations: N=5, mean=62.6 (+/-0.783984).
P1: N=2, mean=62 (+/-0).
P2: N=3, mean=63 (+/-1.131583).

Agent 2 (SHUCT)
Winning score (between 0 and 1) : N=5, mean=0.5 (+/-0.43826).
P1: N=3, mean=0.666667 (+/-0.65332).
P2: N=2, mean=0.25 (+/-0.48999).
Game Durations: N=5, mean=62.6 (+/-0.783984).
P1: N=3, mean=63 (+/-1.131583).
P2: N=2, mean=62 (+/-0).
=====================================================
=====================================================
Completed 10 games.

Agent 1 (Example UCT)
Winning score (between 0 and 1) : N=10, mean=0.55 (+/-0.30817).
P1: N=5, mean=0.5 (+/-0.43826).
P2: N=5, mean=0.6 (+/-0.48009).
Game Durations: N=10, mean=62.6 (+/-0.522656).
P1: N=5, mean=62.2 (+/-0.391992).
P2: N=5, mean=63 (+/-0.876521).

Agent 2 (SHUCT)
Winning score (between 0 and 1) : N=10, mean=0.45 (+/-0.30817).
P1: N=5, mean=0.4 (+/-0.48009).
P2: N=5, mean=0.5 (+/-0.43826).
Game Durations: N=10, mean=62.6 (+/-0.522656).
P1: N=5, mean=63 (+/-0.876521).
P2: N=5, mean=62.2 (+/-0.391992).
=====================================================
=====================================================
Completed 20 games.

Agent 1 (Example UCT)
Winning score (between 0 and 1) : N=20, mean=0.425 (+/-0.21652).
P1: N=10, mean=0.45 (+/-0.30817).
P2: N=10, mean=0.4 (+/-0.32006).
Game Durations: N=20, mean=62.75 (+/-0.399021).
P1: N=10, mean=62.4 (+/-0.433363).
P2: N=10, mean=63.1 (+/-0.616341).

Agent 2 (SHUCT)
Winning score (between 0 and 1) : N=20, mean=0.575 (+/-0.21652).
P1: N=10, mean=0.6 (+/-0.32006).
P2: N=10, mean=0.55 (+/-0.30817).
Game Durations: N=20, mean=62.75 (+/-0.399021).
P1: N=10, mean=63.1 (+/-0.616341).
P2: N=10, mean=62.4 (+/-0.433363).
=====================================================
=====================================================
Completed 30 games.

Agent 1 (Example UCT)
Winning score (between 0 and 1) : N=30, mean=0.45 (+/-0.177991).
P1: N=15, mean=0.433333 (+/-0.250608).
P2: N=15, mean=0.466667 (+/-0.261328).
Game Durations: N=30, mean=62.666667 (+/-0.31636).
P1: N=15, mean=62.4 (+/-0.372859).
P2: N=15, mean=62.933333 (+/-0.486399).

Agent 2 (SHUCT)
Winning score (between 0 and 1) : N=30, mean=0.55 (+/-0.177991).
P1: N=15, mean=0.533333 (+/-0.261328).
P2: N=15, mean=0.566667 (+/-0.250608).
Game Durations: N=30, mean=62.666667 (+/-0.31636).
P1: N=15, mean=62.933333 (+/-0.486399).
P2: N=15, mean=62.4 (+/-0.372859).
=====================================================
=====================================================
Completed 40 games.

Agent 1 (Example UCT)
Winning score (between 0 and 1) : N=40, mean=0.5375 (+/-0.154501).
P1: N=20, mean=0.525 (+/-0.218842).
P2: N=20, mean=0.55 (+/-0.223696).
Game Durations: N=40, mean=62.575 (+/-0.251933).
P1: N=20, mean=62.3 (+/-0.287914).
P2: N=20, mean=62.85 (+/-0.383519).

Agent 2 (SHUCT)
Winning score (between 0 and 1) : N=40, mean=0.4625 (+/-0.154501).
P1: N=20, mean=0.45 (+/-0.223696).
P2: N=20, mean=0.475 (+/-0.218842).
Game Durations: N=40, mean=62.575 (+/-0.251933).
P1: N=20, mean=62.85 (+/-0.383519).
P2: N=20, mean=62.3 (+/-0.287914).
=====================================================
=====================================================
Completed 50 games.

Agent 1 (Example UCT)
Winning score (between 0 and 1) : N=50, mean=0.49 (+/-0.138562).
P1: N=25, mean=0.46 (+/-0.195342).
P2: N=25, mean=0.52 (+/-0.199877).
Game Durations: N=50, mean=62.6 (+/-0.230889).
P1: N=25, mean=62.44 (+/-0.321656).
P2: N=25, mean=62.76 (+/-0.325613).

Agent 2 (SHUCT)
Winning score (between 0 and 1) : N=50, mean=0.51 (+/-0.138562).
P1: N=25, mean=0.48 (+/-0.199877).
P2: N=25, mean=0.54 (+/-0.195342).
Game Durations: N=50, mean=62.6 (+/-0.230889).
P1: N=25, mean=62.76 (+/-0.325613).
P2: N=25, mean=62.44 (+/-0.321656).
=====================================================
=====================================================
Completed 60 games.

Agent 1 (Example UCT)
Winning score (between 0 and 1) : N=60, mean=0.475 (+/-0.126354).
P1: N=30, mean=0.45 (+/-0.177991).
P2: N=30, mean=0.5 (+/-0.181978).
Game Durations: N=60, mean=62.55 (+/-0.19997).
P1: N=30, mean=62.433333 (+/-0.276915).
P2: N=30, mean=62.666667 (+/-0.287092).

Agent 2 (SHUCT)
Winning score (between 0 and 1) : N=60, mean=0.525 (+/-0.126354).
P1: N=30, mean=0.5 (+/-0.181978).
P2: N=30, mean=0.55 (+/-0.177991).
Game Durations: N=60, mean=62.55 (+/-0.19997).
P1: N=30, mean=62.666667 (+/-0.287092).
P2: N=30, mean=62.433333 (+/-0.276915).
=====================================================
=====================================================
Completed 70 games.

Agent 1 (Example UCT)
Winning score (between 0 and 1) : N=70, mean=0.507143 (+/-0.117118).
P1: N=35, mean=0.471429 (+/-0.165368).
P2: N=35, mean=0.542857 (+/-0.167447).
Game Durations: N=70, mean=62.614286 (+/-0.188309).
P1: N=35, mean=62.485714 (+/-0.258766).
P2: N=35, mean=62.742857 (+/-0.270614).

Agent 2 (SHUCT)
Winning score (between 0 and 1) : N=70, mean=0.492857 (+/-0.117118).
P1: N=35, mean=0.457143 (+/-0.167447).
P2: N=35, mean=0.528571 (+/-0.165368).
Game Durations: N=70, mean=62.614286 (+/-0.188309).
P1: N=35, mean=62.742857 (+/-0.270614).
P2: N=35, mean=62.485714 (+/-0.258766).
=====================================================
=====================================================
Completed 80 games.

Agent 1 (Example UCT)
Winning score (between 0 and 1) : N=80, mean=0.50625 (+/-0.109556).
P1: N=40, mean=0.4875 (+/-0.154899).
P2: N=40, mean=0.525 (+/-0.156726).
Game Durations: N=80, mean=62.6875 (+/-0.195977).
P1: N=40, mean=62.6 (+/-0.287643).
P2: N=40, mean=62.775 (+/-0.267114).

Agent 2 (SHUCT)
Winning score (between 0 and 1) : N=80, mean=0.49375 (+/-0.109556).
P1: N=40, mean=0.475 (+/-0.156726).
P2: N=40, mean=0.5125 (+/-0.154899).
Game Durations: N=80, mean=62.6875 (+/-0.195977).
P1: N=40, mean=62.775 (+/-0.267114).
P2: N=40, mean=62.6 (+/-0.287643).
=====================================================
=====================================================
Completed 90 games.

Agent 1 (Example UCT)
Winning score (between 0 and 1) : N=90, mean=0.505556 (+/-0.103293).
P1: N=45, mean=0.477778 (+/-0.145939).
P2: N=45, mean=0.533333 (+/-0.147409).
Game Durations: N=90, mean=62.666667 (+/-0.180587).
P1: N=45, mean=62.577778 (+/-0.260502).
P2: N=45, mean=62.755556 (+/-0.250375).

Agent 2 (SHUCT)
Winning score (between 0 and 1) : N=90, mean=0.494444 (+/-0.103293).
P1: N=45, mean=0.466667 (+/-0.147409).
P2: N=45, mean=0.522222 (+/-0.145939).
Game Durations: N=90, mean=62.666667 (+/-0.180587).
P1: N=45, mean=62.755556 (+/-0.250375).
P2: N=45, mean=62.577778 (+/-0.260502).
=====================================================
=====================================================
Completed 100 games.

Agent 1 (Example UCT)
Winning score (between 0 and 1) : N=100, mean=0.495 (+/-0.097993).
P1: N=50, mean=0.47 (+/-0.138335).
P2: N=50, mean=0.52 (+/-0.139885).
Game Durations: N=100, mean=62.64 (+/-0.168349).
P1: N=50, mean=62.54 (+/-0.238965).
P2: N=50, mean=62.74 (+/-0.236326).

Agent 2 (SHUCT)
Winning score (between 0 and 1) : N=100, mean=0.505 (+/-0.097993).
P1: N=50, mean=0.48 (+/-0.139885).
P2: N=50, mean=0.53 (+/-0.138335).
Game Durations: N=100, mean=62.64 (+/-0.168349).
P1: N=50, mean=62.74 (+/-0.236326).
P2: N=50, mean=62.54 (+/-0.238965).
=====================================================
=====================================================
Completed 110 games.

Agent 1 (Example UCT)
Winning score (between 0 and 1) : N=110, mean=0.495455 (+/-0.093434).
P1: N=55, mean=0.463636 (+/-0.131784).
P2: N=55, mean=0.527273 (+/-0.13316).
Game Durations: N=110, mean=62.627273 (+/-0.157797).
P1: N=55, mean=62.527273 (+/-0.220847).
P2: N=55, mean=62.727273 (+/-0.224334).

Agent 2 (SHUCT)
Winning score (between 0 and 1) : N=110, mean=0.504545 (+/-0.093434).
P1: N=55, mean=0.472727 (+/-0.13316).
P2: N=55, mean=0.536364 (+/-0.131784).
Game Durations: N=110, mean=62.627273 (+/-0.157797).
P1: N=55, mean=62.727273 (+/-0.224334).
P2: N=55, mean=62.527273 (+/-0.220847).
=====================================================
=====================================================
Completed 120 games.

Agent 1 (Example UCT)
Winning score (between 0 and 1) : N=120, mean=0.495833 (+/-0.089456).
P1: N=60, mean=0.491667 (+/-0.126497).
P2: N=60, mean=0.5 (+/-0.127583).
Game Durations: N=120, mean=62.666667 (+/-0.152689).
P1: N=60, mean=62.566667 (+/-0.215342).
P2: N=60, mean=62.766667 (+/-0.215342).

Agent 2 (SHUCT)
Winning score (between 0 and 1) : N=120, mean=0.504167 (+/-0.089456).
P1: N=60, mean=0.5 (+/-0.127583).
P2: N=60, mean=0.508333 (+/-0.126497).
Game Durations: N=120, mean=62.666667 (+/-0.152689).
P1: N=60, mean=62.766667 (+/-0.215342).
P2: N=60, mean=62.566667 (+/-0.215342).
=====================================================
=====================================================
Completed 130 games.

Agent 1 (Example UCT)
Winning score (between 0 and 1) : N=130, mean=0.476923 (+/-0.085523).
P1: N=65, mean=0.484615 (+/-0.121493).
P2: N=65, mean=0.469231 (+/-0.121318).
Game Durations: N=130, mean=62.669231 (+/-0.144201).
P1: N=65, mean=62.584615 (+/-0.201076).
P2: N=65, mean=62.753846 (+/-0.206239).

Agent 2 (SHUCT)
Winning score (between 0 and 1) : N=130, mean=0.523077 (+/-0.085523).
P1: N=65, mean=0.530769 (+/-0.121318).
P2: N=65, mean=0.515385 (+/-0.121493).
Game Durations: N=130, mean=62.669231 (+/-0.144201).
P1: N=65, mean=62.753846 (+/-0.206239).
P2: N=65, mean=62.584615 (+/-0.201076).
=====================================================
=====================================================
Completed 140 games.

Agent 1 (Example UCT)
Winning score (between 0 and 1) : N=140, mean=0.496429 (+/-0.082223).
P1: N=70, mean=0.485714 (+/-0.116229).
P2: N=70, mean=0.507143 (+/-0.117118).
Game Durations: N=140, mean=62.671429 (+/-0.143891).
P1: N=70, mean=62.6 (+/-0.201004).
P2: N=70, mean=62.742857 (+/-0.206029).

Agent 2 (SHUCT)
Winning score (between 0 and 1) : N=140, mean=0.503571 (+/-0.082223).
P1: N=70, mean=0.492857 (+/-0.117118).
P2: N=70, mean=0.514286 (+/-0.116229).
Game Durations: N=140, mean=62.671429 (+/-0.143891).
P1: N=70, mean=62.742857 (+/-0.206029).
P2: N=70, mean=62.6 (+/-0.201004).
=====================================================
=====================================================
Completed 150 games.

Agent 1 (Example UCT)
Winning score (between 0 and 1) : N=150, mean=0.49 (+/-0.07946).
P1: N=75, mean=0.48 (+/-0.112299).
P2: N=75, mean=0.5 (+/-0.113158).
Game Durations: N=150, mean=62.653333 (+/-0.136228).
P1: N=75, mean=62.586667 (+/-0.190056).
P2: N=75, mean=62.72 (+/-0.195324).

Agent 2 (SHUCT)
Winning score (between 0 and 1) : N=150, mean=0.51 (+/-0.07946).
P1: N=75, mean=0.5 (+/-0.113158).
P2: N=75, mean=0.52 (+/-0.112299).
Game Durations: N=150, mean=62.653333 (+/-0.136228).
P1: N=75, mean=62.72 (+/-0.195324).
P2: N=75, mean=62.586667 (+/-0.190056).
=====================================================
