Warming up...
Finished warming up!
=====================================================
Completed 1 games.

Agent 1 (Example UCT)
Winning score (between 0 and 1) : N=1, mean=1 (+/-0).
P1: N=0, mean=0 (+/-0).
P2: N=1, mean=1 (+/-0).
Game Durations: N=1, mean=63 (+/-0).
P1: N=0, mean=0 (+/-0).
P2: N=1, mean=63 (+/-0).

Agent 2 (SHUCT)
Winning score (between 0 and 1) : N=1, mean=0 (+/-0).
P1: N=1, mean=0 (+/-0).
P2: N=0, mean=0 (+/-0).
Game Durations: N=1, mean=63 (+/-0).
P1: N=1, mean=63 (+/-0).
P2: N=0, mean=0 (+/-0).
=====================================================
=====================================================
Completed 2 games.

Agent 1 (Example UCT)
Winning score (between 0 and 1) : N=2, mean=1 (+/-0).
P1: N=1, mean=1 (+/-0).
P2: N=1, mean=1 (+/-0).
Game Durations: N=2, mean=62.5 (+/-0.97998).
P1: N=1, mean=62 (+/-0).
P2: N=1, mean=63 (+/-0).

Agent 2 (SHUCT)
Winning score (between 0 and 1) : N=2, mean=0 (+/-0).
P1: N=1, mean=0 (+/-0).
P2: N=1, mean=0 (+/-0).
Game Durations: N=2, mean=62.5 (+/-0.97998).
P1: N=1, mean=63 (+/-0).
P2: N=1, mean=62 (+/-0).
=====================================================
=====================================================
Completed 3 games.

Agent 1 (Example UCT)
Winning score (between 0 and 1) : N=3, mean=1 (+/-0).
P1: N=1, mean=1 (+/-0).
P2: N=2, mean=1 (+/-0).
Game Durations: N=3, mean=62.333333 (+/-0.65332).
P1: N=1, mean=62 (+/-0).
P2: N=2, mean=62.5 (+/-0.97998).

Agent 2 (SHUCT)
Winning score (between 0 and 1) : N=3, mean=0 (+/-0).
P1: N=2, mean=0 (+/-0).
P2: N=1, mean=0 (+/-0).
Game Durations: N=3, mean=62.333333 (+/-0.65332).
P1: N=2, mean=62.5 (+/-0.97998).
P2: N=1, mean=62 (+/-0).
=====================================================
=====================================================
Completed 4 games.

Agent 1 (Example UCT)
Winning score (between 0 and 1) : N=4, mean=0.875 (+/-0.244995).
P1: N=2, mean=0.75 (+/-0.48999).
P2: N=2, mean=1 (+/-0).
Game Durations: N=4, mean=62.5 (+/-0.565792).
P1: N=2, mean=62.5 (+/-0.97998).
P2: N=2, mean=62.5 (+/-0.97998).

Agent 2 (SHUCT)
Winning score (between 0 and 1) : N=4, mean=0.125 (+/-0.244995).
P1: N=2, mean=0 (+/-0).
P2: N=2, mean=0.25 (+/-0.48999).
Game Durations: N=4, mean=62.5 (+/-0.565792).
P1: N=2, mean=62.5 (+/-0.97998).
P2: N=2, mean=62.5 (+/-0.97998).
=====================================================
=====================================================
Completed 5 games.

Agent 1 (Example UCT)
Winning score (between 0 and 1) : N=5, mean=0.7 (+/-0.391992).
P1: N=2, mean=0.75 (+/-0.48999).
P2: N=3, mean=0.666667 (+/-0.65332).
Game Durations: N=5, mean=62.6 (+/-0.48009).
P1: N=2, mean=62.5 (+/-0.97998).
P2: N=3, mean=62.666667 (+/-0.65332).

Agent 2 (SHUCT)
Winning score (between 0 and 1) : N=5, mean=0.3 (+/-0.391992).
P1: N=3, mean=0.333333 (+/-0.65332).
P2: N=2, mean=0.25 (+/-0.48999).
Game Durations: N=5, mean=62.6 (+/-0.48009).
P1: N=3, mean=62.666667 (+/-0.65332).
P2: N=2, mean=62.5 (+/-0.97998).
=====================================================
=====================================================
Completed 10 games.

Agent 1 (Example UCT)
Winning score (between 0 and 1) : N=10, mean=0.65 (+/-0.293994).
P1: N=5, mean=0.7 (+/-0.391992).
P2: N=5, mean=0.6 (+/-0.48009).
Game Durations: N=10, mean=62.7 (+/-0.587988).
P1: N=5, mean=62.8 (+/-1.142843).
P2: N=5, mean=62.6 (+/-0.48009).

Agent 2 (SHUCT)
Winning score (between 0 and 1) : N=10, mean=0.35 (+/-0.293994).
P1: N=5, mean=0.4 (+/-0.48009).
P2: N=5, mean=0.3 (+/-0.391992).
Game Durations: N=10, mean=62.7 (+/-0.587988).
P1: N=5, mean=62.6 (+/-0.48009).
P2: N=5, mean=62.8 (+/-1.142843).
=====================================================
=====================================================
Completed 20 games.

Agent 1 (Example UCT)
Winning score (between 0 and 1) : N=20, mean=0.625 (+/-0.211799).
P1: N=10, mean=0.65 (+/-0.293994).
P2: N=10, mean=0.6 (+/-0.32006).
Game Durations: N=20, mean=62.6 (+/-0.3868).
P1: N=10, mean=62.9 (+/-0.682086).
P2: N=10, mean=62.3 (+/-0.299389).

Agent 2 (SHUCT)
Winning score (between 0 and 1) : N=20, mean=0.375 (+/-0.211799).
P1: N=10, mean=0.4 (+/-0.32006).
P2: N=10, mean=0.35 (+/-0.293994).
Game Durations: N=20, mean=62.6 (+/-0.3868).
P1: N=10, mean=62.3 (+/-0.299389).
P2: N=10, mean=62.9 (+/-0.682086).
=====================================================
=====================================================
Completed 30 games.

Agent 1 (Example UCT)
Winning score (between 0 and 1) : N=30, mean=0.533333 (+/-0.175388).
P1: N=15, mean=0.566667 (+/-0.250608).
P2: N=15, mean=0.5 (+/-0.25303).
Game Durations: N=30, mean=62.566667 (+/-0.292425).
P1: N=15, mean=62.733333 (+/-0.522656).
P2: N=15, mean=62.4 (+/-0.256619).

Agent 2 (SHUCT)
Winning score (between 0 and 1) : N=30, mean=0.466667 (+/-0.175388).
P1: N=15, mean=0.5 (+/-0.25303).
P2: N=15, mean=0.433333 (+/-0.250608).
Game Durations: N=30, mean=62.566667 (+/-0.292425).
P1: N=15, mean=62.4 (+/-0.256619).
P2: N=15, mean=62.733333 (+/-0.522656).
=====================================================
=====================================================
Completed 40 games.

Agent 1 (Example UCT)
Winning score (between 0 and 1) : N=40, mean=0.5 (+/-0.152949).
P1: N=20, mean=0.525 (+/-0.218842).
P2: N=20, mean=0.475 (+/-0.218842).
Game Durations: N=40, mean=62.675 (+/-0.28409).
P1: N=20, mean=62.65 (+/-0.433039).
P2: N=20, mean=62.7 (+/-0.378878).

Agent 2 (SHUCT)
Winning score (between 0 and 1) : N=40, mean=0.5 (+/-0.152949).
P1: N=20, mean=0.525 (+/-0.218842).
P2: N=20, mean=0.475 (+/-0.218842).
Game Durations: N=40, mean=62.675 (+/-0.28409).
P1: N=20, mean=62.7 (+/-0.378878).
P2: N=20, mean=62.65 (+/-0.433039).
=====================================================
=====================================================
Completed 50 games.

Agent 1 (Example UCT)
Winning score (between 0 and 1) : N=50, mean=0.52 (+/-0.137054).
P1: N=25, mean=0.58 (+/-0.193365).
P2: N=25, mean=0.46 (+/-0.195342).
Game Durations: N=50, mean=62.78 (+/-0.264383).
P1: N=25, mean=62.8 (+/-0.391992).
P2: N=25, mean=62.76 (+/-0.362813).

Agent 2 (SHUCT)
Winning score (between 0 and 1) : N=50, mean=0.48 (+/-0.137054).
P1: N=25, mean=0.54 (+/-0.195342).
P2: N=25, mean=0.42 (+/-0.193365).
Game Durations: N=50, mean=62.78 (+/-0.264383).
P1: N=25, mean=62.76 (+/-0.362813).
P2: N=25, mean=62.8 (+/-0.391992).
=====================================================
=====================================================
Completed 60 games.

Agent 1 (Example UCT)
Winning score (between 0 and 1) : N=60, mean=0.5 (+/-0.125438).
P1: N=30, mean=0.55 (+/-0.177991).
P2: N=30, mean=0.45 (+/-0.177991).
Game Durations: N=60, mean=62.816667 (+/-0.252994).
P1: N=30, mean=62.866667 (+/-0.372746).
P2: N=30, mean=62.766667 (+/-0.347615).

Agent 2 (SHUCT)
Winning score (between 0 and 1) : N=60, mean=0.5 (+/-0.125438).
P1: N=30, mean=0.55 (+/-0.177991).
P2: N=30, mean=0.45 (+/-0.177991).
Game Durations: N=60, mean=62.816667 (+/-0.252994).
P1: N=30, mean=62.766667 (+/-0.347615).
P2: N=30, mean=62.866667 (+/-0.372746).
=====================================================
=====================================================
Completed 70 games.

Agent 1 (Example UCT)
Winning score (between 0 and 1) : N=70, mean=0.5 (+/-0.114555).
P1: N=35, mean=0.557143 (+/-0.164529).
P2: N=35, mean=0.442857 (+/-0.159549).
Game Durations: N=70, mean=62.814286 (+/-0.243557).
P1: N=35, mean=62.942857 (+/-0.376388).
P2: N=35, mean=62.685714 (+/-0.308816).

Agent 2 (SHUCT)
Winning score (between 0 and 1) : N=70, mean=0.5 (+/-0.114555).
P1: N=35, mean=0.557143 (+/-0.159549).
P2: N=35, mean=0.442857 (+/-0.164529).
Game Durations: N=70, mean=62.814286 (+/-0.243557).
P1: N=35, mean=62.685714 (+/-0.308816).
P2: N=35, mean=62.942857 (+/-0.376388).
=====================================================
=====================================================
Completed 80 games.

Agent 1 (Example UCT)
Winning score (between 0 and 1) : N=80, mean=0.5125 (+/-0.107429).
P1: N=40, mean=0.5625 (+/-0.153702).
P2: N=40, mean=0.4625 (+/-0.150464).
Game Durations: N=80, mean=62.8125 (+/-0.228882).
P1: N=40, mean=62.925 (+/-0.353598).
P2: N=40, mean=62.7 (+/-0.291048).

Agent 2 (SHUCT)
Winning score (between 0 and 1) : N=80, mean=0.4875 (+/-0.107429).
P1: N=40, mean=0.5375 (+/-0.150464).
P2: N=40, mean=0.4375 (+/-0.153702).
Game Durations: N=80, mean=62.8125 (+/-0.228882).
P1: N=40, mean=62.7 (+/-0.291048).
P2: N=40, mean=62.925 (+/-0.353598).
=====================================================
=====================================================
Completed 90 games.

Agent 1 (Example UCT)
Winning score (between 0 and 1) : N=90, mean=0.483333 (+/-0.100892).
P1: N=45, mean=0.533333 (+/-0.144081).
P2: N=45, mean=0.433333 (+/-0.141362).
Game Durations: N=90, mean=62.777778 (+/-0.207242).
P1: N=45, mean=62.866667 (+/-0.32127).
P2: N=45, mean=62.688889 (+/-0.262973).

Agent 2 (SHUCT)
Winning score (between 0 and 1) : N=90, mean=0.516667 (+/-0.100892).
P1: N=45, mean=0.566667 (+/-0.141362).
P2: N=45, mean=0.466667 (+/-0.144081).
Game Durations: N=90, mean=62.777778 (+/-0.207242).
P1: N=45, mean=62.688889 (+/-0.262973).
P2: N=45, mean=62.866667 (+/-0.32127).
=====================================================
=====================================================
Completed 100 games.

Agent 1 (Example UCT)
Winning score (between 0 and 1) : N=100, mean=0.485 (+/-0.095952).
P1: N=50, mean=0.52 (+/-0.137054).
P2: N=50, mean=0.45 (+/-0.135008).
Game Durations: N=100, mean=62.79 (+/-0.216314).
P1: N=50, mean=62.92 (+/-0.357867).
P2: N=50, mean=62.66 (+/-0.241575).

Agent 2 (SHUCT)
Winning score (between 0 and 1) : N=100, mean=0.515 (+/-0.095952).
P1: N=50, mean=0.55 (+/-0.135008).
P2: N=50, mean=0.48 (+/-0.137054).
Game Durations: N=100, mean=62.79 (+/-0.216314).
P1: N=50, mean=62.66 (+/-0.241575).
P2: N=50, mean=62.92 (+/-0.357867).
=====================================================
=====================================================
Completed 110 games.

Agent 1 (Example UCT)
Winning score (between 0 and 1) : N=110, mean=0.486364 (+/-0.090793).
P1: N=55, mean=0.527273 (+/-0.130709).
P2: N=55, mean=0.445455 (+/-0.126317).
Game Durations: N=110, mean=62.772727 (+/-0.203548).
P1: N=55, mean=62.945455 (+/-0.335135).
P2: N=55, mean=62.6 (+/-0.225171).

Agent 2 (SHUCT)
Winning score (between 0 and 1) : N=110, mean=0.513636 (+/-0.090793).
P1: N=55, mean=0.554545 (+/-0.126317).
P2: N=55, mean=0.472727 (+/-0.130709).
Game Durations: N=110, mean=62.772727 (+/-0.203548).
P1: N=55, mean=62.6 (+/-0.225171).
P2: N=55, mean=62.945455 (+/-0.335135).
=====================================================
=====================================================
Completed 120 games.

Agent 1 (Example UCT)
Winning score (between 0 and 1) : N=120, mean=0.479167 (+/-0.087095).
P1: N=60, mean=0.5 (+/-0.125438).
P2: N=60, mean=0.458333 (+/-0.121687).
Game Durations: N=120, mean=62.783333 (+/-0.19153).
P1: N=60, mean=62.933333 (+/-0.315507).
P2: N=60, mean=62.633333 (+/-0.213317).

Agent 2 (SHUCT)
Winning score (between 0 and 1) : N=120, mean=0.520833 (+/-0.087095).
P1: N=60, mean=0.541667 (+/-0.121687).
P2: N=60, mean=0.5 (+/-0.125438).
Game Durations: N=120, mean=62.783333 (+/-0.19153).
P1: N=60, mean=62.633333 (+/-0.213317).
P2: N=60, mean=62.933333 (+/-0.315507).
=====================================================
=====================================================
Completed 130 games.

Agent 1 (Example UCT)
Winning score (between 0 and 1) : N=130, mean=0.488462 (+/-0.083904).
P1: N=65, mean=0.492308 (+/-0.120583).
P2: N=65, mean=0.484615 (+/-0.117631).
Game Durations: N=130, mean=62.769231 (+/-0.179766).
P1: N=65, mean=62.892308 (+/-0.295007).
P2: N=65, mean=62.646154 (+/-0.203534).

Agent 2 (SHUCT)
Winning score (between 0 and 1) : N=130, mean=0.511538 (+/-0.083904).
P1: N=65, mean=0.515385 (+/-0.117631).
P2: N=65, mean=0.507692 (+/-0.120583).
Game Durations: N=130, mean=62.769231 (+/-0.179766).
P1: N=65, mean=62.646154 (+/-0.203534).
P2: N=65, mean=62.892308 (+/-0.295007).
=====================================================
=====================================================
Completed 140 games.

Agent 1 (Example UCT)
Winning score (between 0 and 1) : N=140, mean=0.482143 (+/-0.08035).
P1: N=70, mean=0.478571 (+/-0.115309).
P2: N=70, mean=0.485714 (+/-0.112756).
Game Durations: N=140, mean=62.757143 (+/-0.168449).
P1: N=70, mean=62.871429 (+/-0.276092).
P2: N=70, mean=62.642857 (+/-0.191421).

Agent 2 (SHUCT)
Winning score (between 0 and 1) : N=140, mean=0.517857 (+/-0.08035).
P1: N=70, mean=0.514286 (+/-0.112756).
P2: N=70, mean=0.521429 (+/-0.115309).
Game Durations: N=140, mean=62.757143 (+/-0.168449).
P1: N=70, mean=62.642857 (+/-0.191421).
P2: N=70, mean=62.871429 (+/-0.276092).
=====================================================
=====================================================
Completed 150 games.

Agent 1 (Example UCT)
Winning score (between 0 and 1) : N=150, mean=0.486667 (+/-0.077531).
P1: N=75, mean=0.466667 (+/-0.11058).
P2: N=75, mean=0.506667 (+/-0.109258).
Game Durations: N=150, mean=62.726667 (+/-0.159381).
P1: N=75, mean=62.826667 (+/-0.261434).
P2: N=75, mean=62.626667 (+/-0.18141).

Agent 2 (SHUCT)
Winning score (between 0 and 1) : N=150, mean=0.513333 (+/-0.077531).
P1: N=75, mean=0.493333 (+/-0.109258).
P2: N=75, mean=0.533333 (+/-0.11058).
Game Durations: N=150, mean=62.726667 (+/-0.159381).
P1: N=75, mean=62.626667 (+/-0.18141).
P2: N=75, mean=62.826667 (+/-0.261434).
=====================================================
