Warming up...
Finished warming up!
=====================================================
Completed 1 games.

Agent 1 (Example UCT)
Winning score (between 0 and 1) : N=1, mean=1 (+/-0).
P1: N=0, mean=0 (+/-0).
P2: N=1, mean=1 (+/-0).
Game Durations: N=1, mean=64 (+/-0).
P1: N=0, mean=0 (+/-0).
P2: N=1, mean=64 (+/-0).

Agent 2 (SHUCT)
Winning score (between 0 and 1) : N=1, mean=0 (+/-0).
P1: N=1, mean=0 (+/-0).
P2: N=0, mean=0 (+/-0).
Game Durations: N=1, mean=64 (+/-0).
P1: N=1, mean=64 (+/-0).
P2: N=0, mean=0 (+/-0).
=====================================================
=====================================================
Completed 2 games.

Agent 1 (Example UCT)
Winning score (between 0 and 1) : N=2, mean=1 (+/-0).
P1: N=1, mean=1 (+/-0).
P2: N=1, mean=1 (+/-0).
Game Durations: N=2, mean=63 (+/-1.95996).
P1: N=1, mean=62 (+/-0).
P2: N=1, mean=64 (+/-0).

Agent 2 (SHUCT)
Winning score (between 0 and 1) : N=2, mean=0 (+/-0).
P1: N=1, mean=0 (+/-0).
P2: N=1, mean=0 (+/-0).
Game Durations: N=2, mean=63 (+/-1.95996).
P1: N=1, mean=64 (+/-0).
P2: N=1, mean=62 (+/-0).
=====================================================
=====================================================
Completed 3 games.

Agent 1 (Example UCT)
Winning score (between 0 and 1) : N=3, mean=1 (+/-0).
P1: N=1, mean=1 (+/-0).
P2: N=2, mean=1 (+/-0).
Game Durations: N=3, mean=62.666667 (+/-1.30664).
P1: N=1, mean=62 (+/-0).
P2: N=2, mean=63 (+/-1.95996).

Agent 2 (SHUCT)
Winning score (between 0 and 1) : N=3, mean=0 (+/-0).
P1: N=2, mean=0 (+/-0).
P2: N=1, mean=0 (+/-0).
Game Durations: N=3, mean=62.666667 (+/-1.30664).
P1: N=2, mean=63 (+/-1.95996).
P2: N=1, mean=62 (+/-0).
=====================================================
=====================================================
Completed 4 games.

Agent 1 (Example UCT)
Winning score (between 0 and 1) : N=4, mean=1 (+/-0).
P1: N=2, mean=1 (+/-0).
P2: N=2, mean=1 (+/-0).
Game Durations: N=4, mean=62.5 (+/-0.97998).
P1: N=2, mean=62 (+/-0).
P2: N=2, mean=63 (+/-1.95996).

Agent 2 (SHUCT)
Winning score (between 0 and 1) : N=4, mean=0 (+/-0).
P1: N=2, mean=0 (+/-0).
P2: N=2, mean=0 (+/-0).
Game Durations: N=4, mean=62.5 (+/-0.97998).
P1: N=2, mean=63 (+/-1.95996).
P2: N=2, mean=62 (+/-0).
=====================================================
=====================================================
Completed 5 games.

Agent 1 (Example UCT)
Winning score (between 0 and 1) : N=5, mean=1 (+/-0).
P1: N=2, mean=1 (+/-0).
P2: N=3, mean=1 (+/-0).
Game Durations: N=5, mean=62.4 (+/-0.783984).
P1: N=2, mean=62 (+/-0).
P2: N=3, mean=62.666667 (+/-1.30664).

Agent 2 (SHUCT)
Winning score (between 0 and 1) : N=5, mean=0 (+/-0).
P1: N=3, mean=0 (+/-0).
P2: N=2, mean=0 (+/-0).
Game Durations: N=5, mean=62.4 (+/-0.783984).
P1: N=3, mean=62.666667 (+/-1.30664).
P2: N=2, mean=62 (+/-0).
=====================================================
=====================================================
Completed 10 games.

Agent 1 (Example UCT)
Winning score (between 0 and 1) : N=10, mean=0.6 (+/-0.32006).
P1: N=5, mean=0.6 (+/-0.48009).
P2: N=5, mean=0.6 (+/-0.48009).
Game Durations: N=10, mean=62.5 (+/-0.43826).
P1: N=5, mean=62.4 (+/-0.48009).
P2: N=5, mean=62.6 (+/-0.783984).

Agent 2 (SHUCT)
Winning score (between 0 and 1) : N=10, mean=0.4 (+/-0.32006).
P1: N=5, mean=0.4 (+/-0.48009).
P2: N=5, mean=0.4 (+/-0.48009).
Game Durations: N=10, mean=62.5 (+/-0.43826).
P1: N=5, mean=62.6 (+/-0.783984).
P2: N=5, mean=62.4 (+/-0.48009).
=====================================================
=====================================================
Completed 20 games.

Agent 1 (Example UCT)
Winning score (between 0 and 1) : N=20, mean=0.5 (+/-0.224823).
P1: N=10, mean=0.5 (+/-0.32666).
P2: N=10, mean=0.5 (+/-0.32666).
Game Durations: N=20, mean=62.4 (+/-0.262186).
P1: N=10, mean=62.3 (+/-0.299389).
P2: N=10, mean=62.5 (+/-0.43826).

Agent 2 (SHUCT)
Winning score (between 0 and 1) : N=20, mean=0.5 (+/-0.224823).
P1: N=10, mean=0.5 (+/-0.32666).
P2: N=10, mean=0.5 (+/-0.32666).
Game Durations: N=20, mean=62.4 (+/-0.262186).
P1: N=10, mean=62.5 (+/-0.43826).
P2: N=10, mean=62.3 (+/-0.299389).
=====================================================
=====================================================
Completed 30 games.

Agent 1 (Example UCT)
Winning score (between 0 and 1) : N=30, mean=0.533333 (+/-0.181573).
P1: N=15, mean=0.466667 (+/-0.261328).
P2: N=15, mean=0.6 (+/-0.256619).
Game Durations: N=30, mean=62.533333 (+/-0.321894).
P1: N=15, mean=62.4 (+/-0.32006).
P2: N=15, mean=62.666667 (+/-0.563091).

Agent 2 (SHUCT)
Winning score (between 0 and 1) : N=30, mean=0.466667 (+/-0.181573).
P1: N=15, mean=0.4 (+/-0.256619).
P2: N=15, mean=0.533333 (+/-0.261328).
Game Durations: N=30, mean=62.533333 (+/-0.321894).
P1: N=15, mean=62.666667 (+/-0.563091).
P2: N=15, mean=62.4 (+/-0.32006).
=====================================================
=====================================================
Completed 40 games.

Agent 1 (Example UCT)
Winning score (between 0 and 1) : N=40, mean=0.525 (+/-0.156726).
P1: N=20, mean=0.4 (+/-0.22028).
P2: N=20, mean=0.65 (+/-0.214467).
Game Durations: N=40, mean=62.55 (+/-0.271344).
P1: N=20, mean=62.5 (+/-0.333466).
P2: N=20, mean=62.6 (+/-0.435948).

Agent 2 (SHUCT)
Winning score (between 0 and 1) : N=40, mean=0.475 (+/-0.156726).
P1: N=20, mean=0.35 (+/-0.214467).
P2: N=20, mean=0.6 (+/-0.22028).
Game Durations: N=40, mean=62.55 (+/-0.271344).
P1: N=20, mean=62.6 (+/-0.435948).
P2: N=20, mean=62.5 (+/-0.333466).
=====================================================
=====================================================
Completed 50 games.

Agent 1 (Example UCT)
Winning score (between 0 and 1) : N=50, mean=0.48 (+/-0.139885).
P1: N=25, mean=0.4 (+/-0.195996).
P2: N=25, mean=0.56 (+/-0.198592).
Game Durations: N=50, mean=62.68 (+/-0.246904).
P1: N=25, mean=62.64 (+/-0.317651).
P2: N=25, mean=62.72 (+/-0.384072).

Agent 2 (SHUCT)
Winning score (between 0 and 1) : N=50, mean=0.52 (+/-0.139885).
P1: N=25, mean=0.44 (+/-0.198592).
P2: N=25, mean=0.6 (+/-0.195996).
Game Durations: N=50, mean=62.68 (+/-0.246904).
P1: N=25, mean=62.72 (+/-0.384072).
P2: N=25, mean=62.64 (+/-0.317651).
=====================================================
=====================================================
Completed 60 games.

Agent 1 (Example UCT)
Winning score (between 0 and 1) : N=60, mean=0.458333 (+/-0.126067).
P1: N=30, mean=0.366667 (+/-0.175388).
P2: N=30, mean=0.55 (+/-0.177991).
Game Durations: N=60, mean=62.616667 (+/-0.218965).
P1: N=30, mean=62.6 (+/-0.291164).
P2: N=30, mean=62.633333 (+/-0.332023).

Agent 2 (SHUCT)
Winning score (between 0 and 1) : N=60, mean=0.541667 (+/-0.126067).
P1: N=30, mean=0.45 (+/-0.177991).
P2: N=30, mean=0.633333 (+/-0.175388).
Game Durations: N=60, mean=62.616667 (+/-0.218965).
P1: N=30, mean=62.633333 (+/-0.332023).
P2: N=30, mean=62.6 (+/-0.291164).
=====================================================
=====================================================
Completed 70 games.

Agent 1 (Example UCT)
Winning score (between 0 and 1) : N=70, mean=0.492857 (+/-0.117118).
P1: N=35, mean=0.371429 (+/-0.162414).
P2: N=35, mean=0.614286 (+/-0.161131).
Game Durations: N=70, mean=62.571429 (+/-0.197699).
P1: N=35, mean=62.6 (+/-0.268904).
P2: N=35, mean=62.542857 (+/-0.293503).

Agent 2 (SHUCT)
Winning score (between 0 and 1) : N=70, mean=0.507143 (+/-0.117118).
P1: N=35, mean=0.385714 (+/-0.161131).
P2: N=35, mean=0.628571 (+/-0.162414).
Game Durations: N=70, mean=62.571429 (+/-0.197699).
P1: N=35, mean=62.542857 (+/-0.293503).
P2: N=35, mean=62.6 (+/-0.268904).
=====================================================
=====================================================
Completed 80 games.

Agent 1 (Example UCT)
Winning score (between 0 and 1) : N=80, mean=0.51875 (+/-0.109487).
P1: N=40, mean=0.45 (+/-0.156136).
P2: N=40, mean=0.5875 (+/-0.152496).
Game Durations: N=80, mean=62.6375 (+/-0.185295).
P1: N=40, mean=62.65 (+/-0.238501).
P2: N=40, mean=62.625 (+/-0.286679).

Agent 2 (SHUCT)
Winning score (between 0 and 1) : N=80, mean=0.48125 (+/-0.109487).
P1: N=40, mean=0.4125 (+/-0.152496).
P2: N=40, mean=0.55 (+/-0.156136).
Game Durations: N=80, mean=62.6375 (+/-0.185295).
P1: N=40, mean=62.625 (+/-0.286679).
P2: N=40, mean=62.65 (+/-0.238501).
=====================================================
=====================================================
Completed 90 games.

Agent 1 (Example UCT)
Winning score (between 0 and 1) : N=90, mean=0.483333 (+/-0.103241).
P1: N=45, mean=0.422222 (+/-0.145939).
P2: N=45, mean=0.544444 (+/-0.145495).
Game Durations: N=90, mean=62.622222 (+/-0.171257).
P1: N=45, mean=62.622222 (+/-0.218366).
P2: N=45, mean=62.622222 (+/-0.266393).

Agent 2 (SHUCT)
Winning score (between 0 and 1) : N=90, mean=0.516667 (+/-0.103241).
P1: N=45, mean=0.455556 (+/-0.145495).
P2: N=45, mean=0.577778 (+/-0.145939).
Game Durations: N=90, mean=62.622222 (+/-0.171257).
P1: N=45, mean=62.622222 (+/-0.266393).
P2: N=45, mean=62.622222 (+/-0.218366).
=====================================================
=====================================================
Completed 100 games.

Agent 1 (Example UCT)
Winning score (between 0 and 1) : N=100, mean=0.465 (+/-0.097755).
P1: N=50, mean=0.38 (+/-0.135905).
P2: N=50, mean=0.55 (+/-0.137881).
Game Durations: N=100, mean=62.63 (+/-0.16161).
P1: N=50, mean=62.66 (+/-0.214045).
P2: N=50, mean=62.6 (+/-0.244093).

Agent 2 (SHUCT)
Winning score (between 0 and 1) : N=100, mean=0.535 (+/-0.097755).
P1: N=50, mean=0.45 (+/-0.137881).
P2: N=50, mean=0.62 (+/-0.135905).
Game Durations: N=100, mean=62.63 (+/-0.16161).
P1: N=50, mean=62.6 (+/-0.244093).
P2: N=50, mean=62.66 (+/-0.214045).
=====================================================
=====================================================
Completed 110 games.

Agent 1 (Example UCT)
Winning score (between 0 and 1) : N=110, mean=0.472727 (+/-0.092867).
P1: N=55, mean=0.363636 (+/-0.128303).
P2: N=55, mean=0.581818 (+/-0.12908).
Game Durations: N=110, mean=62.663636 (+/-0.156611).
P1: N=55, mean=62.727273 (+/-0.218492).
P2: N=55, mean=62.6 (+/-0.225171).

Agent 2 (SHUCT)
Winning score (between 0 and 1) : N=110, mean=0.527273 (+/-0.092867).
P1: N=55, mean=0.418182 (+/-0.12908).
P2: N=55, mean=0.636364 (+/-0.128303).
Game Durations: N=110, mean=62.663636 (+/-0.156611).
P1: N=55, mean=62.6 (+/-0.225171).
P2: N=55, mean=62.727273 (+/-0.218492).
=====================================================
=====================================================
Completed 120 games.

Agent 1 (Example UCT)
Winning score (between 0 and 1) : N=120, mean=0.466667 (+/-0.088881).
P1: N=60, mean=0.366667 (+/-0.122963).
P2: N=60, mean=0.566667 (+/-0.124279).
Game Durations: N=120, mean=62.666667 (+/-0.149124).
P1: N=60, mean=62.733333 (+/-0.212808).
P2: N=60, mean=62.6 (+/-0.209381).

Agent 2 (SHUCT)
Winning score (between 0 and 1) : N=120, mean=0.533333 (+/-0.088881).
P1: N=60, mean=0.433333 (+/-0.124279).
P2: N=60, mean=0.633333 (+/-0.122963).
Game Durations: N=120, mean=62.666667 (+/-0.149124).
P1: N=60, mean=62.6 (+/-0.209381).
P2: N=60, mean=62.733333 (+/-0.212808).
=====================================================
=====================================================
Completed 130 games.

Agent 1 (Example UCT)
Winning score (between 0 and 1) : N=130, mean=0.476923 (+/-0.085523).
P1: N=65, mean=0.369231 (+/-0.118234).
P2: N=65, mean=0.584615 (+/-0.118803).
Game Durations: N=130, mean=62.630769 (+/-0.142202).
P1: N=65, mean=62.676923 (+/-0.202063).
P2: N=65, mean=62.584615 (+/-0.201076).

Agent 2 (SHUCT)
Winning score (between 0 and 1) : N=130, mean=0.523077 (+/-0.085523).
P1: N=65, mean=0.415385 (+/-0.118803).
P2: N=65, mean=0.630769 (+/-0.118234).
Game Durations: N=130, mean=62.630769 (+/-0.142202).
P1: N=65, mean=62.584615 (+/-0.201076).
P2: N=65, mean=62.676923 (+/-0.202063).
=====================================================
=====================================================
Completed 140 games.

Agent 1 (Example UCT)
Winning score (between 0 and 1) : N=140, mean=0.471429 (+/-0.082388).
P1: N=70, mean=0.357143 (+/-0.113058).
P2: N=70, mean=0.585714 (+/-0.114506).
Game Durations: N=140, mean=62.621429 (+/-0.135446).
P1: N=70, mean=62.685714 (+/-0.193517).
P2: N=70, mean=62.557143 (+/-0.189752).

Agent 2 (SHUCT)
Winning score (between 0 and 1) : N=140, mean=0.528571 (+/-0.082388).
P1: N=70, mean=0.414286 (+/-0.114506).
P2: N=70, mean=0.642857 (+/-0.113058).
Game Durations: N=140, mean=62.621429 (+/-0.135446).
P1: N=70, mean=62.557143 (+/-0.189752).
P2: N=70, mean=62.685714 (+/-0.193517).
=====================================================
=====================================================
Completed 150 games.

Agent 1 (Example UCT)
Winning score (between 0 and 1) : N=150, mean=0.466667 (+/-0.079566).
P1: N=75, mean=0.36 (+/-0.109364).
P2: N=75, mean=0.573333 (+/-0.111142).
Game Durations: N=150, mean=62.613333 (+/-0.128167).
P1: N=75, mean=62.68 (+/-0.182879).
P2: N=75, mean=62.546667 (+/-0.179569).

Agent 2 (SHUCT)
Winning score (between 0 and 1) : N=150, mean=0.533333 (+/-0.079566).
P1: N=75, mean=0.426667 (+/-0.111142).
P2: N=75, mean=0.64 (+/-0.109364).
Game Durations: N=150, mean=62.613333 (+/-0.128167).
P1: N=75, mean=62.546667 (+/-0.179569).
P2: N=75, mean=62.68 (+/-0.182879).
=====================================================
