Warming up...
Finished warming up!
=====================================================
Completed 1 games.

Agent 1 (Example UCT)
Winning score (between 0 and 1) : N=1, mean=0 (+/-0).
P1: N=0, mean=0 (+/-0).
P2: N=1, mean=0 (+/-0).
Game Durations: N=1, mean=63 (+/-0).
P1: N=0, mean=0 (+/-0).
P2: N=1, mean=63 (+/-0).

Agent 2 (SHUCT)
Winning score (between 0 and 1) : N=1, mean=1 (+/-0).
P1: N=1, mean=1 (+/-0).
P2: N=0, mean=0 (+/-0).
Game Durations: N=1, mean=63 (+/-0).
P1: N=1, mean=63 (+/-0).
P2: N=0, mean=0 (+/-0).
=====================================================
=====================================================
Completed 2 games.

Agent 1 (Example UCT)
Winning score (between 0 and 1) : N=2, mean=0.5 (+/-0.97998).
P1: N=1, mean=1 (+/-0).
P2: N=1, mean=0 (+/-0).
Game Durations: N=2, mean=64 (+/-1.95996).
P1: N=1, mean=65 (+/-0).
P2: N=1, mean=63 (+/-0).

Agent 2 (SHUCT)
Winning score (between 0 and 1) : N=2, mean=0.5 (+/-0.97998).
P1: N=1, mean=1 (+/-0).
P2: N=1, mean=0 (+/-0).
Game Durations: N=2, mean=64 (+/-1.95996).
P1: N=1, mean=63 (+/-0).
P2: N=1, mean=65 (+/-0).
=====================================================
=====================================================
Completed 3 games.

Agent 1 (Example UCT)
Winning score (between 0 and 1) : N=3, mean=0.666667 (+/-0.65332).
P1: N=1, mean=1 (+/-0).
P2: N=2, mean=0.5 (+/-0.97998).
Game Durations: N=3, mean=63.333333 (+/-1.728522).
P1: N=1, mean=65 (+/-0).
P2: N=2, mean=62.5 (+/-0.97998).

Agent 2 (SHUCT)
Winning score (between 0 and 1) : N=3, mean=0.333333 (+/-0.65332).
P1: N=2, mean=0.5 (+/-0.97998).
P2: N=1, mean=0 (+/-0).
Game Durations: N=3, mean=63.333333 (+/-1.728522).
P1: N=2, mean=62.5 (+/-0.97998).
P2: N=1, mean=65 (+/-0).
=====================================================
=====================================================
Completed 4 games.

Agent 1 (Example UCT)
Winning score (between 0 and 1) : N=4, mean=0.5 (+/-0.565792).
P1: N=2, mean=0.5 (+/-0.97998).
P2: N=2, mean=0.5 (+/-0.97998).
Game Durations: N=4, mean=63 (+/-1.385901).
P1: N=2, mean=63.5 (+/-2.93994).
P2: N=2, mean=62.5 (+/-0.97998).

Agent 2 (SHUCT)
Winning score (between 0 and 1) : N=4, mean=0.5 (+/-0.565792).
P1: N=2, mean=0.5 (+/-0.97998).
P2: N=2, mean=0.5 (+/-0.97998).
Game Durations: N=4, mean=63 (+/-1.385901).
P1: N=2, mean=62.5 (+/-0.97998).
P2: N=2, mean=63.5 (+/-2.93994).
=====================================================
=====================================================
Completed 5 games.

Agent 1 (Example UCT)
Winning score (between 0 and 1) : N=5, mean=0.6 (+/-0.48009).
P1: N=2, mean=0.5 (+/-0.97998).
P2: N=3, mean=0.666667 (+/-0.65332).
Game Durations: N=5, mean=63 (+/-1.073514).
P1: N=2, mean=63.5 (+/-2.93994).
P2: N=3, mean=62.666667 (+/-0.65332).

Agent 2 (SHUCT)
Winning score (between 0 and 1) : N=5, mean=0.4 (+/-0.48009).
P1: N=3, mean=0.333333 (+/-0.65332).
P2: N=2, mean=0.5 (+/-0.97998).
Game Durations: N=5, mean=63 (+/-1.073514).
P1: N=3, mean=62.666667 (+/-0.65332).
P2: N=2, mean=63.5 (+/-2.93994).
=====================================================
=====================================================
Completed 10 games.

Agent 1 (Example UCT)
Winning score (between 0 and 1) : N=10, mean=0.7 (+/-0.299389).
P1: N=5, mean=0.6 (+/-0.48009).
P2: N=5, mean=0.8 (+/-0.391992).
Game Durations: N=10, mean=62.7 (+/-0.587988).
P1: N=5, mean=63 (+/-1.073514).
P2: N=5, mean=62.4 (+/-0.48009).

Agent 2 (SHUCT)
Winning score (between 0 and 1) : N=10, mean=0.3 (+/-0.299389).
P1: N=5, mean=0.2 (+/-0.391992).
P2: N=5, mean=0.4 (+/-0.48009).
Game Durations: N=10, mean=62.7 (+/-0.587988).
P1: N=5, mean=62.4 (+/-0.48009).
P2: N=5, mean=63 (+/-1.073514).
=====================================================
=====================================================
Completed 20 games.

Agent 1 (Example UCT)
Winning score (between 0 and 1) : N=20, mean=0.6 (+/-0.22028).
P1: N=10, mean=0.5 (+/-0.32666).
P2: N=10, mean=0.7 (+/-0.299389).
Game Durations: N=20, mean=62.75 (+/-0.372826).
P1: N=10, mean=62.9 (+/-0.616341).
P2: N=10, mean=62.6 (+/-0.433363).

Agent 2 (SHUCT)
Winning score (between 0 and 1) : N=20, mean=0.4 (+/-0.22028).
P1: N=10, mean=0.3 (+/-0.299389).
P2: N=10, mean=0.5 (+/-0.32666).
Game Durations: N=20, mean=62.75 (+/-0.372826).
P1: N=10, mean=62.6 (+/-0.433363).
P2: N=10, mean=62.9 (+/-0.616341).
=====================================================
=====================================================
Completed 30 games.

Agent 1 (Example UCT)
Winning score (between 0 and 1) : N=30, mean=0.5 (+/-0.175807).
P1: N=15, mean=0.466667 (+/-0.2432).
P2: N=15, mean=0.533333 (+/-0.261328).
Game Durations: N=30, mean=62.833333 (+/-0.298404).
P1: N=15, mean=62.8 (+/-0.476265).
P2: N=15, mean=62.866667 (+/-0.376115).

Agent 2 (SHUCT)
Winning score (between 0 and 1) : N=30, mean=0.5 (+/-0.175807).
P1: N=15, mean=0.466667 (+/-0.261328).
P2: N=15, mean=0.533333 (+/-0.2432).
Game Durations: N=30, mean=62.833333 (+/-0.298404).
P1: N=15, mean=62.866667 (+/-0.376115).
P2: N=15, mean=62.8 (+/-0.476265).
=====================================================
=====================================================
Completed 40 games.

Agent 1 (Example UCT)
Winning score (between 0 and 1) : N=40, mean=0.55 (+/-0.152142).
P1: N=20, mean=0.55 (+/-0.212097).
P2: N=20, mean=0.55 (+/-0.223696).
Game Durations: N=40, mean=63 (+/-0.297739).
P1: N=20, mean=63.05 (+/-0.460201).
P2: N=20, mean=62.95 (+/-0.388755).

Agent 2 (SHUCT)
Winning score (between 0 and 1) : N=40, mean=0.45 (+/-0.152142).
P1: N=20, mean=0.45 (+/-0.223696).
P2: N=20, mean=0.45 (+/-0.212097).
Game Durations: N=40, mean=63 (+/-0.297739).
P1: N=20, mean=62.95 (+/-0.388755).
P2: N=20, mean=63.05 (+/-0.460201).
=====================================================
=====================================================
Completed 50 games.

Agent 1 (Example UCT)
Winning score (between 0 and 1) : N=50, mean=0.55 (+/-0.135008).
P1: N=25, mean=0.56 (+/-0.190362).
P2: N=25, mean=0.54 (+/-0.195342).
Game Durations: N=50, mean=62.88 (+/-0.25441).
P1: N=25, mean=62.92 (+/-0.390683).
P2: N=25, mean=62.84 (+/-0.333385).

Agent 2 (SHUCT)
Winning score (between 0 and 1) : N=50, mean=0.45 (+/-0.135008).
P1: N=25, mean=0.46 (+/-0.195342).
P2: N=25, mean=0.44 (+/-0.190362).
Game Durations: N=50, mean=62.88 (+/-0.25441).
P1: N=25, mean=62.84 (+/-0.333385).
P2: N=25, mean=62.92 (+/-0.390683).
=====================================================
=====================================================
Completed 60 games.

Agent 1 (Example UCT)
Winning score (between 0 and 1) : N=60, mean=0.566667 (+/-0.122077).
P1: N=30, mean=0.533333 (+/-0.175388).
P2: N=30, mean=0.6 (+/-0.171999).
Game Durations: N=60, mean=62.833333 (+/-0.224229).
P1: N=30, mean=62.9 (+/-0.343355).
P2: N=30, mean=62.766667 (+/-0.292425).

Agent 2 (SHUCT)
Winning score (between 0 and 1) : N=60, mean=0.433333 (+/-0.122077).
P1: N=30, mean=0.4 (+/-0.171999).
P2: N=30, mean=0.466667 (+/-0.175388).
Game Durations: N=60, mean=62.833333 (+/-0.224229).
P1: N=30, mean=62.766667 (+/-0.292425).
P2: N=30, mean=62.9 (+/-0.343355).
=====================================================
=====================================================
Completed 70 games.

Agent 1 (Example UCT)
Winning score (between 0 and 1) : N=70, mean=0.571429 (+/-0.113309).
P1: N=35, mean=0.571429 (+/-0.161417).
P2: N=35, mean=0.571429 (+/-0.161417).
Game Durations: N=70, mean=62.8 (+/-0.197814).
P1: N=35, mean=62.857143 (+/-0.302174).
P2: N=35, mean=62.742857 (+/-0.25841).

Agent 2 (SHUCT)
Winning score (between 0 and 1) : N=70, mean=0.428571 (+/-0.113309).
P1: N=35, mean=0.428571 (+/-0.161417).
P2: N=35, mean=0.428571 (+/-0.161417).
Game Durations: N=70, mean=62.8 (+/-0.197814).
P1: N=35, mean=62.742857 (+/-0.25841).
P2: N=35, mean=62.857143 (+/-0.302174).
=====================================================
=====================================================
Completed 80 games.

Agent 1 (Example UCT)
Winning score (between 0 and 1) : N=80, mean=0.5375 (+/-0.107146).
P1: N=40, mean=0.525 (+/-0.152748).
P2: N=40, mean=0.55 (+/-0.152142).
Game Durations: N=80, mean=62.75 (+/-0.182839).
P1: N=40, mean=62.775 (+/-0.276179).
P2: N=40, mean=62.725 (+/-0.242976).

Agent 2 (SHUCT)
Winning score (between 0 and 1) : N=80, mean=0.4625 (+/-0.107146).
P1: N=40, mean=0.45 (+/-0.152142).
P2: N=40, mean=0.475 (+/-0.152748).
Game Durations: N=80, mean=62.75 (+/-0.182839).
P1: N=40, mean=62.725 (+/-0.242976).
P2: N=40, mean=62.775 (+/-0.276179).
=====================================================
=====================================================
Completed 90 games.

Agent 1 (Example UCT)
Winning score (between 0 and 1) : N=90, mean=0.572222 (+/-0.09983).
P1: N=45, mean=0.555556 (+/-0.143481).
P2: N=45, mean=0.588889 (+/-0.140291).
Game Durations: N=90, mean=62.722222 (+/-0.16686).
P1: N=45, mean=62.755556 (+/-0.250375).
P2: N=45, mean=62.688889 (+/-0.223055).

Agent 2 (SHUCT)
Winning score (between 0 and 1) : N=90, mean=0.427778 (+/-0.09983).
P1: N=45, mean=0.411111 (+/-0.140291).
P2: N=45, mean=0.444444 (+/-0.143481).
Game Durations: N=90, mean=62.722222 (+/-0.16686).
P1: N=45, mean=62.688889 (+/-0.223055).
P2: N=45, mean=62.755556 (+/-0.250375).
=====================================================
=====================================================
Completed 100 games.

Agent 1 (Example UCT)
Winning score (between 0 and 1) : N=100, mean=0.56 (+/-0.094757).
P1: N=50, mean=0.54 (+/-0.136711).
P2: N=50, mean=0.58 (+/-0.132399).
Game Durations: N=100, mean=62.7 (+/-0.168303).
P1: N=50, mean=62.68 (+/-0.233858).
P2: N=50, mean=62.72 (+/-0.24435).

Agent 2 (SHUCT)
Winning score (between 0 and 1) : N=100, mean=0.44 (+/-0.094757).
P1: N=50, mean=0.42 (+/-0.132399).
P2: N=50, mean=0.46 (+/-0.136711).
Game Durations: N=100, mean=62.7 (+/-0.168303).
P1: N=50, mean=62.72 (+/-0.24435).
P2: N=50, mean=62.68 (+/-0.233858).
=====================================================
=====================================================
Completed 110 games.

Agent 1 (Example UCT)
Winning score (between 0 and 1) : N=110, mean=0.554545 (+/-0.090693).
P1: N=55, mean=0.545455 (+/-0.130349).
P2: N=55, mean=0.563636 (+/-0.127291).
Game Durations: N=110, mean=62.7 (+/-0.155116).
P1: N=55, mean=62.690909 (+/-0.21502).
P2: N=55, mean=62.709091 (+/-0.225588).

Agent 2 (SHUCT)
Winning score (between 0 and 1) : N=110, mean=0.445455 (+/-0.090693).
P1: N=55, mean=0.436364 (+/-0.127291).
P2: N=55, mean=0.454545 (+/-0.130349).
Game Durations: N=110, mean=62.7 (+/-0.155116).
P1: N=55, mean=62.709091 (+/-0.225588).
P2: N=55, mean=62.690909 (+/-0.21502).
=====================================================
=====================================================
Completed 120 games.

Agent 1 (Example UCT)
Winning score (between 0 and 1) : N=120, mean=0.545833 (+/-0.086785).
P1: N=60, mean=0.516667 (+/-0.125366).
P2: N=60, mean=0.575 (+/-0.120643).
Game Durations: N=120, mean=62.7 (+/-0.147795).
P1: N=60, mean=62.7 (+/-0.204663).
P2: N=60, mean=62.7 (+/-0.215006).

Agent 2 (SHUCT)
Winning score (between 0 and 1) : N=120, mean=0.454167 (+/-0.086785).
P1: N=60, mean=0.425 (+/-0.120643).
P2: N=60, mean=0.483333 (+/-0.125366).
Game Durations: N=120, mean=62.7 (+/-0.147795).
P1: N=60, mean=62.7 (+/-0.215006).
P2: N=60, mean=62.7 (+/-0.204663).
=====================================================
=====================================================
Completed 130 games.

Agent 1 (Example UCT)
Winning score (between 0 and 1) : N=130, mean=0.546154 (+/-0.083205).
P1: N=65, mean=0.530769 (+/-0.1194).
P2: N=65, mean=0.561538 (+/-0.116722).
Game Durations: N=130, mean=62.761538 (+/-0.157001).
P1: N=65, mean=62.815385 (+/-0.238859).
P2: N=65, mean=62.707692 (+/-0.204856).

Agent 2 (SHUCT)
Winning score (between 0 and 1) : N=130, mean=0.453846 (+/-0.083205).
P1: N=65, mean=0.438462 (+/-0.116722).
P2: N=65, mean=0.469231 (+/-0.1194).
Game Durations: N=130, mean=62.761538 (+/-0.157001).
P1: N=65, mean=62.707692 (+/-0.204856).
P2: N=65, mean=62.815385 (+/-0.238859).
=====================================================
=====================================================
Completed 140 games.

Agent 1 (Example UCT)
Winning score (between 0 and 1) : N=140, mean=0.55 (+/-0.080282).
P1: N=70, mean=0.535714 (+/-0.115112).
P2: N=70, mean=0.564286 (+/-0.112668).
Game Durations: N=140, mean=62.742857 (+/-0.147854).
P1: N=70, mean=62.785714 (+/-0.225235).
P2: N=70, mean=62.7 (+/-0.192722).

Agent 2 (SHUCT)
Winning score (between 0 and 1) : N=140, mean=0.45 (+/-0.080282).
P1: N=70, mean=0.435714 (+/-0.112668).
P2: N=70, mean=0.464286 (+/-0.115112).
Game Durations: N=140, mean=62.742857 (+/-0.147854).
P1: N=70, mean=62.7 (+/-0.192722).
P2: N=70, mean=62.785714 (+/-0.225235).
=====================================================
=====================================================
Completed 150 games.

Agent 1 (Example UCT)
Winning score (between 0 and 1) : N=150, mean=0.54 (+/-0.077848).
P1: N=75, mean=0.526667 (+/-0.111453).
P2: N=75, mean=0.553333 (+/-0.109385).
Game Durations: N=150, mean=62.76 (+/-0.151398).
P1: N=75, mean=62.76 (+/-0.216437).
P2: N=75, mean=62.76 (+/-0.213215).

Agent 2 (SHUCT)
Winning score (between 0 and 1) : N=150, mean=0.46 (+/-0.077848).
P1: N=75, mean=0.446667 (+/-0.109385).
P2: N=75, mean=0.473333 (+/-0.111453).
Game Durations: N=150, mean=62.76 (+/-0.151398).
P1: N=75, mean=62.76 (+/-0.213215).
P2: N=75, mean=62.76 (+/-0.216437).
=====================================================
