Warming up...
Finished warming up!
=====================================================
Completed 1 games.

Agent 1 (Example UCT)
Winning score (between 0 and 1) : N=1, mean=1 (+/-0).
P1: N=1, mean=1 (+/-0).
P2: N=0, mean=0 (+/-0).
Game Durations: N=1, mean=63 (+/-0).
P1: N=1, mean=63 (+/-0).
P2: N=0, mean=0 (+/-0).

Agent 2 (SHUCT)
Winning score (between 0 and 1) : N=1, mean=0 (+/-0).
P1: N=0, mean=0 (+/-0).
P2: N=1, mean=0 (+/-0).
Game Durations: N=1, mean=63 (+/-0).
P1: N=0, mean=0 (+/-0).
P2: N=1, mean=63 (+/-0).
=====================================================
=====================================================
Completed 2 games.

Agent 1 (Example UCT)
Winning score (between 0 and 1) : N=2, mean=1 (+/-0).
P1: N=1, mean=1 (+/-0).
P2: N=1, mean=1 (+/-0).
Game Durations: N=2, mean=63.5 (+/-0.97998).
P1: N=1, mean=63 (+/-0).
P2: N=1, mean=64 (+/-0).

Agent 2 (SHUCT)
Winning score (between 0 and 1) : N=2, mean=0 (+/-0).
P1: N=1, mean=0 (+/-0).
P2: N=1, mean=0 (+/-0).
Game Durations: N=2, mean=63.5 (+/-0.97998).
P1: N=1, mean=64 (+/-0).
P2: N=1, mean=63 (+/-0).
=====================================================
=====================================================
Completed 3 games.

Agent 1 (Example UCT)
Winning score (between 0 and 1) : N=3, mean=1 (+/-0).
P1: N=2, mean=1 (+/-0).
P2: N=1, mean=1 (+/-0).
Game Durations: N=3, mean=63 (+/-1.131583).
P1: N=2, mean=62.5 (+/-0.97998).
P2: N=1, mean=64 (+/-0).

Agent 2 (SHUCT)
Winning score (between 0 and 1) : N=3, mean=0 (+/-0).
P1: N=1, mean=0 (+/-0).
P2: N=2, mean=0 (+/-0).
Game Durations: N=3, mean=63 (+/-1.131583).
P1: N=1, mean=64 (+/-0).
P2: N=2, mean=62.5 (+/-0.97998).
=====================================================
=====================================================
Completed 4 games.

Agent 1 (Example UCT)
Winning score (between 0 and 1) : N=4, mean=0.75 (+/-0.48999).
P1: N=2, mean=1 (+/-0).
P2: N=2, mean=0.5 (+/-0.97998).
Game Durations: N=4, mean=63 (+/-0.80015).
P1: N=2, mean=62.5 (+/-0.97998).
P2: N=2, mean=63.5 (+/-0.97998).

Agent 2 (SHUCT)
Winning score (between 0 and 1) : N=4, mean=0.25 (+/-0.48999).
P1: N=2, mean=0.5 (+/-0.97998).
P2: N=2, mean=0 (+/-0).
Game Durations: N=4, mean=63 (+/-0.80015).
P1: N=2, mean=63.5 (+/-0.97998).
P2: N=2, mean=62.5 (+/-0.97998).
=====================================================
=====================================================
Completed 5 games.

Agent 1 (Example UCT)
Winning score (between 0 and 1) : N=5, mean=0.8 (+/-0.391992).
P1: N=3, mean=1 (+/-0).
P2: N=2, mean=0.5 (+/-0.97998).
Game Durations: N=5, mean=63 (+/-0.619794).
P1: N=3, mean=62.666667 (+/-0.65332).
P2: N=2, mean=63.5 (+/-0.97998).

Agent 2 (SHUCT)
Winning score (between 0 and 1) : N=5, mean=0.2 (+/-0.391992).
P1: N=2, mean=0.5 (+/-0.97998).
P2: N=3, mean=0 (+/-0).
Game Durations: N=5, mean=63 (+/-0.619794).
P1: N=2, mean=63.5 (+/-0.97998).
P2: N=3, mean=62.666667 (+/-0.65332).
=====================================================
=====================================================
Completed 10 games.

Agent 1 (Example UCT)
Winning score (between 0 and 1) : N=10, mean=0.7 (+/-0.299389).
P1: N=5, mean=0.8 (+/-0.391992).
P2: N=5, mean=0.6 (+/-0.48009).
Game Durations: N=10, mean=62.6 (+/-0.433363).
P1: N=5, mean=62.6 (+/-0.48009).
P2: N=5, mean=62.6 (+/-0.783984).

Agent 2 (SHUCT)
Winning score (between 0 and 1) : N=10, mean=0.3 (+/-0.299389).
P1: N=5, mean=0.4 (+/-0.48009).
P2: N=5, mean=0.2 (+/-0.391992).
Game Durations: N=10, mean=62.6 (+/-0.433363).
P1: N=5, mean=62.6 (+/-0.783984).
P2: N=5, mean=62.6 (+/-0.48009).
=====================================================
=====================================================
Completed 20 games.

Agent 1 (Example UCT)
Winning score (between 0 and 1) : N=20, mean=0.65 (+/-0.214467).
P1: N=10, mean=0.7 (+/-0.299389).
P2: N=10, mean=0.6 (+/-0.32006).
Game Durations: N=20, mean=62.45 (+/-0.265062).
P1: N=10, mean=62.5 (+/-0.32666).
P2: N=10, mean=62.4 (+/-0.433363).

Agent 2 (SHUCT)
Winning score (between 0 and 1) : N=20, mean=0.35 (+/-0.214467).
P1: N=10, mean=0.4 (+/-0.32006).
P2: N=10, mean=0.3 (+/-0.299389).
Game Durations: N=20, mean=62.45 (+/-0.265062).
P1: N=10, mean=62.4 (+/-0.433363).
P2: N=10, mean=62.5 (+/-0.32666).
=====================================================
=====================================================
Completed 30 games.

Agent 1 (Example UCT)
Winning score (between 0 and 1) : N=30, mean=0.55 (+/-0.177991).
P1: N=15, mean=0.5 (+/-0.25303).
P2: N=15, mean=0.6 (+/-0.256619).
Game Durations: N=30, mean=62.366667 (+/-0.220052).
P1: N=15, mean=62.466667 (+/-0.323848).
P2: N=15, mean=62.266667 (+/-0.300405).

Agent 2 (SHUCT)
Winning score (between 0 and 1) : N=30, mean=0.45 (+/-0.177991).
P1: N=15, mean=0.4 (+/-0.256619).
P2: N=15, mean=0.5 (+/-0.25303).
Game Durations: N=30, mean=62.366667 (+/-0.220052).
P1: N=15, mean=62.266667 (+/-0.300405).
P2: N=15, mean=62.466667 (+/-0.323848).
=====================================================
=====================================================
Completed 40 games.

Agent 1 (Example UCT)
Winning score (between 0 and 1) : N=40, mean=0.5625 (+/-0.153702).
P1: N=20, mean=0.475 (+/-0.218842).
P2: N=20, mean=0.65 (+/-0.214467).
Game Durations: N=40, mean=62.45 (+/-0.221366).
P1: N=20, mean=62.6 (+/-0.330421).
P2: N=20, mean=62.3 (+/-0.287914).

Agent 2 (SHUCT)
Winning score (between 0 and 1) : N=40, mean=0.4375 (+/-0.153702).
P1: N=20, mean=0.35 (+/-0.214467).
P2: N=20, mean=0.525 (+/-0.218842).
Game Durations: N=40, mean=62.45 (+/-0.221366).
P1: N=20, mean=62.3 (+/-0.287914).
P2: N=20, mean=62.6 (+/-0.330421).
=====================================================
=====================================================
Completed 50 games.

Agent 1 (Example UCT)
Winning score (between 0 and 1) : N=50, mean=0.55 (+/-0.137881).
P1: N=25, mean=0.46 (+/-0.195342).
P2: N=25, mean=0.64 (+/-0.192036).
Game Durations: N=50, mean=62.52 (+/-0.225669).
P1: N=25, mean=62.48 (+/-0.301944).
P2: N=25, mean=62.56 (+/-0.34098).

Agent 2 (SHUCT)
Winning score (between 0 and 1) : N=50, mean=0.45 (+/-0.137881).
P1: N=25, mean=0.36 (+/-0.192036).
P2: N=25, mean=0.54 (+/-0.195342).
Game Durations: N=50, mean=62.52 (+/-0.225669).
P1: N=25, mean=62.56 (+/-0.34098).
P2: N=25, mean=62.48 (+/-0.301944).
=====================================================
=====================================================
Completed 60 games.

Agent 1 (Example UCT)
Winning score (between 0 and 1) : N=60, mean=0.525 (+/-0.126354).
P1: N=30, mean=0.483333 (+/-0.178816).
P2: N=30, mean=0.566667 (+/-0.180353).
Game Durations: N=60, mean=62.566667 (+/-0.199653).
P1: N=30, mean=62.533333 (+/-0.277711).
P2: N=30, mean=62.6 (+/-0.291164).

Agent 2 (SHUCT)
Winning score (between 0 and 1) : N=60, mean=0.475 (+/-0.126354).
P1: N=30, mean=0.433333 (+/-0.180353).
P2: N=30, mean=0.516667 (+/-0.178816).
Game Durations: N=60, mean=62.566667 (+/-0.199653).
P1: N=30, mean=62.6 (+/-0.291164).
P2: N=30, mean=62.533333 (+/-0.277711).
=====================================================
=====================================================
Completed 70 games.

Agent 1 (Example UCT)
Winning score (between 0 and 1) : N=70, mean=0.492857 (+/-0.117118).
P1: N=35, mean=0.414286 (+/-0.163122).
P2: N=35, mean=0.571429 (+/-0.166341).
Game Durations: N=70, mean=62.614286 (+/-0.204507).
P1: N=35, mean=62.657143 (+/-0.320828).
P2: N=35, mean=62.571429 (+/-0.257695).

Agent 2 (SHUCT)
Winning score (between 0 and 1) : N=70, mean=0.507143 (+/-0.117118).
P1: N=35, mean=0.428571 (+/-0.166341).
P2: N=35, mean=0.585714 (+/-0.163122).
Game Durations: N=70, mean=62.614286 (+/-0.204507).
P1: N=35, mean=62.571429 (+/-0.257695).
P2: N=35, mean=62.657143 (+/-0.320828).
=====================================================
=====================================================
Completed 80 games.

Agent 1 (Example UCT)
Winning score (between 0 and 1) : N=80, mean=0.5125 (+/-0.108835).
P1: N=40, mean=0.45 (+/-0.152142).
P2: N=40, mean=0.575 (+/-0.155147).
Game Durations: N=80, mean=62.6 (+/-0.183172).
P1: N=40, mean=62.625 (+/-0.286679).
P2: N=40, mean=62.575 (+/-0.23156).

Agent 2 (SHUCT)
Winning score (between 0 and 1) : N=80, mean=0.4875 (+/-0.108835).
P1: N=40, mean=0.425 (+/-0.155147).
P2: N=40, mean=0.55 (+/-0.152142).
Game Durations: N=80, mean=62.6 (+/-0.183172).
P1: N=40, mean=62.575 (+/-0.23156).
P2: N=40, mean=62.625 (+/-0.286679).
=====================================================
=====================================================
Completed 90 games.

Agent 1 (Example UCT)
Winning score (between 0 and 1) : N=90, mean=0.522222 (+/-0.102613).
P1: N=45, mean=0.444444 (+/-0.143481).
P2: N=45, mean=0.6 (+/-0.144753).
Game Durations: N=90, mean=62.644444 (+/-0.186623).
P1: N=45, mean=62.666667 (+/-0.29874).
P2: N=45, mean=62.622222 (+/-0.227077).

Agent 2 (SHUCT)
Winning score (between 0 and 1) : N=90, mean=0.477778 (+/-0.102613).
P1: N=45, mean=0.4 (+/-0.144753).
P2: N=45, mean=0.555556 (+/-0.143481).
Game Durations: N=90, mean=62.644444 (+/-0.186623).
P1: N=45, mean=62.622222 (+/-0.227077).
P2: N=45, mean=62.666667 (+/-0.29874).
=====================================================
=====================================================
Completed 100 games.

Agent 1 (Example UCT)
Winning score (between 0 and 1) : N=100, mean=0.52 (+/-0.096421).
P1: N=50, mean=0.44 (+/-0.133226).
P2: N=50, mean=0.6 (+/-0.137169).
Game Durations: N=100, mean=62.63 (+/-0.170945).
P1: N=50, mean=62.66 (+/-0.272099).
P2: N=50, mean=62.6 (+/-0.209529).

Agent 2 (SHUCT)
Winning score (between 0 and 1) : N=100, mean=0.48 (+/-0.096421).
P1: N=50, mean=0.4 (+/-0.137169).
P2: N=50, mean=0.56 (+/-0.133226).
Game Durations: N=100, mean=62.63 (+/-0.170945).
P1: N=50, mean=62.6 (+/-0.209529).
P2: N=50, mean=62.66 (+/-0.272099).
=====================================================
=====================================================
Completed 110 games.

Agent 1 (Example UCT)
Winning score (between 0 and 1) : N=110, mean=0.531818 (+/-0.091512).
P1: N=55, mean=0.490909 (+/-0.128395).
P2: N=55, mean=0.572727 (+/-0.130709).
Game Durations: N=110, mean=62.609091 (+/-0.160288).
P1: N=55, mean=62.636364 (+/-0.251047).
P2: N=55, mean=62.581818 (+/-0.201469).

Agent 2 (SHUCT)
Winning score (between 0 and 1) : N=110, mean=0.468182 (+/-0.091512).
P1: N=55, mean=0.427273 (+/-0.130709).
P2: N=55, mean=0.509091 (+/-0.128395).
Game Durations: N=110, mean=62.609091 (+/-0.160288).
P1: N=55, mean=62.581818 (+/-0.201469).
P2: N=55, mean=62.636364 (+/-0.251047).
=====================================================
=====================================================
Completed 120 games.

Agent 1 (Example UCT)
Winning score (between 0 and 1) : N=120, mean=0.529167 (+/-0.087787).
P1: N=60, mean=0.5 (+/-0.123256).
P2: N=60, mean=0.558333 (+/-0.125636).
Game Durations: N=120, mean=62.608333 (+/-0.150851).
P1: N=60, mean=62.65 (+/-0.236745).
P2: N=60, mean=62.566667 (+/-0.188469).

Agent 2 (SHUCT)
Winning score (between 0 and 1) : N=120, mean=0.470833 (+/-0.087787).
P1: N=60, mean=0.441667 (+/-0.125636).
P2: N=60, mean=0.5 (+/-0.123256).
Game Durations: N=120, mean=62.608333 (+/-0.150851).
P1: N=60, mean=62.566667 (+/-0.188469).
P2: N=60, mean=62.65 (+/-0.236745).
=====================================================
=====================================================
Completed 130 games.

Agent 1 (Example UCT)
Winning score (between 0 and 1) : N=130, mean=0.542308 (+/-0.084291).
P1: N=65, mean=0.507692 (+/-0.118654).
P2: N=65, mean=0.576923 (+/-0.120082).
Game Durations: N=130, mean=62.584615 (+/-0.143239).
P1: N=65, mean=62.615385 (+/-0.222028).
P2: N=65, mean=62.553846 (+/-0.182483).

Agent 2 (SHUCT)
Winning score (between 0 and 1) : N=130, mean=0.457692 (+/-0.084291).
P1: N=65, mean=0.423077 (+/-0.120082).
P2: N=65, mean=0.492308 (+/-0.118654).
Game Durations: N=130, mean=62.584615 (+/-0.143239).
P1: N=65, mean=62.553846 (+/-0.182483).
P2: N=65, mean=62.615385 (+/-0.222028).
=====================================================
=====================================================
Completed 140 games.

Agent 1 (Example UCT)
Winning score (between 0 and 1) : N=140, mean=0.55 (+/-0.080894).
P1: N=70, mean=0.492857 (+/-0.113672).
P2: N=70, mean=0.607143 (+/-0.114369).
Game Durations: N=140, mean=62.578571 (+/-0.136318).
P1: N=70, mean=62.6 (+/-0.208768).
P2: N=70, mean=62.557143 (+/-0.176731).

Agent 2 (SHUCT)
Winning score (between 0 and 1) : N=140, mean=0.45 (+/-0.080894).
P1: N=70, mean=0.392857 (+/-0.114369).
P2: N=70, mean=0.507143 (+/-0.113672).
Game Durations: N=140, mean=62.578571 (+/-0.136318).
P1: N=70, mean=62.557143 (+/-0.176731).
P2: N=70, mean=62.6 (+/-0.208768).
=====================================================
=====================================================
Completed 150 games.

Agent 1 (Example UCT)
Winning score (between 0 and 1) : N=150, mean=0.543333 (+/-0.078078).
P1: N=75, mean=0.473333 (+/-0.10989).
P2: N=75, mean=0.613333 (+/-0.109385).
Game Durations: N=150, mean=62.56 (+/-0.129094).
P1: N=75, mean=62.573333 (+/-0.197485).
P2: N=75, mean=62.546667 (+/-0.167607).

Agent 2 (SHUCT)
Winning score (between 0 and 1) : N=150, mean=0.456667 (+/-0.078078).
P1: N=75, mean=0.386667 (+/-0.109385).
P2: N=75, mean=0.526667 (+/-0.10989).
Game Durations: N=150, mean=62.56 (+/-0.129094).
P1: N=75, mean=62.546667 (+/-0.167607).
P2: N=75, mean=62.573333 (+/-0.197485).
=====================================================
