Warming up...
Finished warming up!
=====================================================
Completed 1 games.

Agent 1 (Example UCT)
Winning score (between 0 and 1) : N=1, mean=0.5 (+/-0).
P1: N=1, mean=0.5 (+/-0).
P2: N=0, mean=0 (+/-0).
Game Durations: N=1, mean=62 (+/-0).
P1: N=1, mean=62 (+/-0).
P2: N=0, mean=0 (+/-0).

Agent 2 (SHUCT)
Winning score (between 0 and 1) : N=1, mean=0.5 (+/-0).
P1: N=0, mean=0 (+/-0).
P2: N=1, mean=0.5 (+/-0).
Game Durations: N=1, mean=62 (+/-0).
P1: N=0, mean=0 (+/-0).
P2: N=1, mean=62 (+/-0).
=====================================================
=====================================================
Completed 2 games.

Agent 1 (Example UCT)
Winning score (between 0 and 1) : N=2, mean=0.75 (+/-0.48999).
P1: N=1, mean=0.5 (+/-0).
P2: N=1, mean=1 (+/-0).
Game Durations: N=2, mean=62 (+/-0).
P1: N=1, mean=62 (+/-0).
P2: N=1, mean=62 (+/-0).

Agent 2 (SHUCT)
Winning score (between 0 and 1) : N=2, mean=0.25 (+/-0.48999).
P1: N=1, mean=0 (+/-0).
P2: N=1, mean=0.5 (+/-0).
Game Durations: N=2, mean=62 (+/-0).
P1: N=1, mean=62 (+/-0).
P2: N=1, mean=62 (+/-0).
=====================================================
=====================================================
Completed 3 games.

Agent 1 (Example UCT)
Winning score (between 0 and 1) : N=3, mean=0.833333 (+/-0.32666).
P1: N=2, mean=0.75 (+/-0.48999).
P2: N=1, mean=1 (+/-0).
Game Durations: N=3, mean=62 (+/-0).
P1: N=2, mean=62 (+/-0).
P2: N=1, mean=62 (+/-0).

Agent 2 (SHUCT)
Winning score (between 0 and 1) : N=3, mean=0.166667 (+/-0.32666).
P1: N=1, mean=0 (+/-0).
P2: N=2, mean=0.25 (+/-0.48999).
Game Durations: N=3, mean=62 (+/-0).
P1: N=1, mean=62 (+/-0).
P2: N=2, mean=62 (+/-0).
=====================================================
=====================================================
Completed 4 games.

Agent 1 (Example UCT)
Winning score (between 0 and 1) : N=4, mean=0.875 (+/-0.244995).
P1: N=2, mean=0.75 (+/-0.48999).
P2: N=2, mean=1 (+/-0).
Game Durations: N=4, mean=62 (+/-0).
P1: N=2, mean=62 (+/-0).
P2: N=2, mean=62 (+/-0).

Agent 2 (SHUCT)
Winning score (between 0 and 1) : N=4, mean=0.125 (+/-0.244995).
P1: N=2, mean=0 (+/-0).
P2: N=2, mean=0.25 (+/-0.48999).
Game Durations: N=4, mean=62 (+/-0).
P1: N=2, mean=62 (+/-0).
P2: N=2, mean=62 (+/-0).
=====================================================
=====================================================
Completed 5 games.

Agent 1 (Example UCT)
Winning score (between 0 and 1) : N=5, mean=0.9 (+/-0.195996).
P1: N=3, mean=0.833333 (+/-0.32666).
P2: N=2, mean=1 (+/-0).
Game Durations: N=5, mean=62.2 (+/-0.391992).
P1: N=3, mean=62.333333 (+/-0.65332).
P2: N=2, mean=62 (+/-0).

Agent 2 (SHUCT)
Winning score (between 0 and 1) : N=5, mean=0.1 (+/-0.195996).
P1: N=2, mean=0 (+/-0).
P2: N=3, mean=0.166667 (+/-0.32666).
Game Durations: N=5, mean=62.2 (+/-0.391992).
P1: N=2, mean=62 (+/-0).
P2: N=3, mean=62.333333 (+/-0.65332).
=====================================================
=====================================================
Completed 10 games.

Agent 1 (Example UCT)
Winning score (between 0 and 1) : N=10, mean=0.5 (+/-0.292174).
P1: N=5, mean=0.5 (+/-0.43826).
P2: N=5, mean=0.5 (+/-0.43826).
Game Durations: N=10, mean=62.6 (+/-0.522656).
P1: N=5, mean=63 (+/-0.876521).
P2: N=5, mean=62.2 (+/-0.391992).

Agent 2 (SHUCT)
Winning score (between 0 and 1) : N=10, mean=0.5 (+/-0.292174).
P1: N=5, mean=0.5 (+/-0.43826).
P2: N=5, mean=0.5 (+/-0.43826).
Game Durations: N=10, mean=62.6 (+/-0.522656).
P1: N=5, mean=62.2 (+/-0.391992).
P2: N=5, mean=63 (+/-0.876521).
=====================================================
=====================================================
Completed 20 games.

Agent 1 (Example UCT)
Winning score (between 0 and 1) : N=20, mean=0.575 (+/-0.204515).
P1: N=10, mean=0.4 (+/-0.284776).
P2: N=10, mean=0.75 (+/-0.263362).
Game Durations: N=20, mean=62.75 (+/-0.399021).
P1: N=10, mean=63 (+/-0.584347).
P2: N=10, mean=62.5 (+/-0.526723).

Agent 2 (SHUCT)
Winning score (between 0 and 1) : N=20, mean=0.425 (+/-0.204515).
P1: N=10, mean=0.25 (+/-0.263362).
P2: N=10, mean=0.6 (+/-0.284776).
Game Durations: N=20, mean=62.75 (+/-0.399021).
P1: N=10, mean=62.5 (+/-0.526723).
P2: N=10, mean=63 (+/-0.584347).
=====================================================
=====================================================
Completed 30 games.

Agent 1 (Example UCT)
Winning score (between 0 and 1) : N=30, mean=0.516667 (+/-0.172533).
P1: N=15, mean=0.333333 (+/-0.22766).
P2: N=15, mean=0.7 (+/-0.230323).
Game Durations: N=30, mean=62.6 (+/-0.291164).
P1: N=15, mean=62.8 (+/-0.436168).
P2: N=15, mean=62.4 (+/-0.372859).

Agent 2 (SHUCT)
Winning score (between 0 and 1) : N=30, mean=0.483333 (+/-0.172533).
P1: N=15, mean=0.3 (+/-0.230323).
P2: N=15, mean=0.666667 (+/-0.22766).
Game Durations: N=30, mean=62.6 (+/-0.291164).
P1: N=15, mean=62.4 (+/-0.372859).
P2: N=15, mean=62.8 (+/-0.436168).
=====================================================
=====================================================
Completed 40 games.

Agent 1 (Example UCT)
Winning score (between 0 and 1) : N=40, mean=0.4875 (+/-0.150872).
P1: N=20, mean=0.35 (+/-0.202341).
P2: N=20, mean=0.625 (+/-0.211799).
Game Durations: N=40, mean=62.65 (+/-0.248612).
P1: N=20, mean=62.85 (+/-0.356186).
P2: N=20, mean=62.45 (+/-0.332707).

Agent 2 (SHUCT)
Winning score (between 0 and 1) : N=40, mean=0.5125 (+/-0.150872).
P1: N=20, mean=0.375 (+/-0.211799).
P2: N=20, mean=0.65 (+/-0.202341).
Game Durations: N=40, mean=62.65 (+/-0.248612).
P1: N=20, mean=62.45 (+/-0.332707).
P2: N=20, mean=62.85 (+/-0.356186).
=====================================================
=====================================================
Completed 50 games.

Agent 1 (Example UCT)
Winning score (between 0 and 1) : N=50, mean=0.47 (+/-0.135472).
P1: N=25, mean=0.36 (+/-0.183512).
P2: N=25, mean=0.58 (+/-0.193365).
Game Durations: N=50, mean=62.74 (+/-0.236326).
P1: N=25, mean=62.96 (+/-0.34841).
P2: N=25, mean=62.52 (+/-0.301944).

Agent 2 (SHUCT)
Winning score (between 0 and 1) : N=50, mean=0.53 (+/-0.135472).
P1: N=25, mean=0.42 (+/-0.193365).
P2: N=25, mean=0.64 (+/-0.183512).
Game Durations: N=50, mean=62.74 (+/-0.236326).
P1: N=25, mean=62.52 (+/-0.301944).
P2: N=25, mean=62.96 (+/-0.34841).
=====================================================
=====================================================
Completed 60 games.

Agent 1 (Example UCT)
Winning score (between 0 and 1) : N=60, mean=0.458333 (+/-0.123897).
P1: N=30, mean=0.333333 (+/-0.165011).
P2: N=30, mean=0.583333 (+/-0.17633).
Game Durations: N=60, mean=62.666667 (+/-0.206598).
P1: N=30, mean=62.866667 (+/-0.307872).
P2: N=30, mean=62.466667 (+/-0.261328).

Agent 2 (SHUCT)
Winning score (between 0 and 1) : N=60, mean=0.541667 (+/-0.123897).
P1: N=30, mean=0.416667 (+/-0.17633).
P2: N=30, mean=0.666667 (+/-0.165011).
Game Durations: N=60, mean=62.666667 (+/-0.206598).
P1: N=30, mean=62.466667 (+/-0.261328).
P2: N=30, mean=62.866667 (+/-0.307872).
=====================================================
=====================================================
Completed 70 games.

Agent 1 (Example UCT)
Winning score (between 0 and 1) : N=70, mean=0.471429 (+/-0.114357).
P1: N=35, mean=0.342857 (+/-0.154408).
P2: N=35, mean=0.6 (+/-0.159694).
Game Durations: N=70, mean=62.642857 (+/-0.191421).
P1: N=35, mean=62.828571 (+/-0.28392).
P2: N=35, mean=62.457143 (+/-0.2456).

Agent 2 (SHUCT)
Winning score (between 0 and 1) : N=70, mean=0.528571 (+/-0.114357).
P1: N=35, mean=0.4 (+/-0.159694).
P2: N=35, mean=0.657143 (+/-0.154408).
Game Durations: N=70, mean=62.642857 (+/-0.191421).
P1: N=35, mean=62.457143 (+/-0.2456).
P2: N=35, mean=62.828571 (+/-0.28392).
=====================================================
=====================================================
Completed 80 games.

Agent 1 (Example UCT)
Winning score (between 0 and 1) : N=80, mean=0.5 (+/-0.107465).
P1: N=40, mean=0.4 (+/-0.149694).
P2: N=40, mean=0.6 (+/-0.149694).
Game Durations: N=80, mean=62.6375 (+/-0.178614).
P1: N=40, mean=62.825 (+/-0.261524).
P2: N=40, mean=62.45 (+/-0.232224).

Agent 2 (SHUCT)
Winning score (between 0 and 1) : N=80, mean=0.5 (+/-0.107465).
P1: N=40, mean=0.4 (+/-0.149694).
P2: N=40, mean=0.6 (+/-0.149694).
Game Durations: N=80, mean=62.6375 (+/-0.178614).
P1: N=40, mean=62.45 (+/-0.232224).
P2: N=40, mean=62.825 (+/-0.261524).
=====================================================
=====================================================
Completed 90 games.

Agent 1 (Example UCT)
Winning score (between 0 and 1) : N=90, mean=0.516667 (+/-0.100892).
P1: N=45, mean=0.433333 (+/-0.141362).
P2: N=45, mean=0.6 (+/-0.141362).
Game Durations: N=90, mean=62.688889 (+/-0.216004).
P1: N=45, mean=62.8 (+/-0.246032).
P2: N=45, mean=62.577778 (+/-0.355056).

Agent 2 (SHUCT)
Winning score (between 0 and 1) : N=90, mean=0.483333 (+/-0.100892).
P1: N=45, mean=0.4 (+/-0.141362).
P2: N=45, mean=0.566667 (+/-0.141362).
Game Durations: N=90, mean=62.688889 (+/-0.216004).
P1: N=45, mean=62.577778 (+/-0.355056).
P2: N=45, mean=62.8 (+/-0.246032).
=====================================================
=====================================================
Completed 100 games.

Agent 1 (Example UCT)
Winning score (between 0 and 1) : N=100, mean=0.51 (+/-0.095471).
P1: N=50, mean=0.44 (+/-0.133226).
P2: N=50, mean=0.58 (+/-0.135327).
Game Durations: N=100, mean=62.66 (+/-0.197416).
P1: N=50, mean=62.74 (+/-0.229595).
P2: N=50, mean=62.58 (+/-0.322127).

Agent 2 (SHUCT)
Winning score (between 0 and 1) : N=100, mean=0.49 (+/-0.095471).
P1: N=50, mean=0.42 (+/-0.135327).
P2: N=50, mean=0.56 (+/-0.133226).
Game Durations: N=100, mean=62.66 (+/-0.197416).
P1: N=50, mean=62.58 (+/-0.322127).
P2: N=50, mean=62.74 (+/-0.229595).
=====================================================
=====================================================
Completed 110 games.

Agent 1 (Example UCT)
Winning score (between 0 and 1) : N=110, mean=0.504545 (+/-0.090825).
P1: N=55, mean=0.418182 (+/-0.12655).
P2: N=55, mean=0.590909 (+/-0.127383).
Game Durations: N=110, mean=62.636364 (+/-0.182059).
P1: N=55, mean=62.745455 (+/-0.211046).
P2: N=55, mean=62.527273 (+/-0.295932).

Agent 2 (SHUCT)
Winning score (between 0 and 1) : N=110, mean=0.495455 (+/-0.090825).
P1: N=55, mean=0.409091 (+/-0.127383).
P2: N=55, mean=0.581818 (+/-0.12655).
Game Durations: N=110, mean=62.636364 (+/-0.182059).
P1: N=55, mean=62.527273 (+/-0.295932).
P2: N=55, mean=62.745455 (+/-0.211046).
=====================================================
=====================================================
Completed 120 games.

Agent 1 (Example UCT)
Winning score (between 0 and 1) : N=120, mean=0.4875 (+/-0.087146).
P1: N=60, mean=0.4 (+/-0.120586).
P2: N=60, mean=0.575 (+/-0.122871).
Game Durations: N=120, mean=62.625 (+/-0.170548).
P1: N=60, mean=62.7 (+/-0.19929).
P2: N=60, mean=62.55 (+/-0.277278).

Agent 2 (SHUCT)
Winning score (between 0 and 1) : N=120, mean=0.5125 (+/-0.087146).
P1: N=60, mean=0.425 (+/-0.122871).
P2: N=60, mean=0.6 (+/-0.120586).
Game Durations: N=120, mean=62.625 (+/-0.170548).
P1: N=60, mean=62.55 (+/-0.277278).
P2: N=60, mean=62.7 (+/-0.19929).
=====================================================
=====================================================
Completed 130 games.

Agent 1 (Example UCT)
Winning score (between 0 and 1) : N=130, mean=0.496154 (+/-0.083925).
P1: N=65, mean=0.430769 (+/-0.11745).
P2: N=65, mean=0.561538 (+/-0.118683).
Game Durations: N=130, mean=62.623077 (+/-0.159119).
P1: N=65, mean=62.707692 (+/-0.185953).
P2: N=65, mean=62.538462 (+/-0.258125).

Agent 2 (SHUCT)
Winning score (between 0 and 1) : N=130, mean=0.503846 (+/-0.083925).
P1: N=65, mean=0.438462 (+/-0.118683).
P2: N=65, mean=0.569231 (+/-0.11745).
Game Durations: N=130, mean=62.623077 (+/-0.159119).
P1: N=65, mean=62.538462 (+/-0.258125).
P2: N=65, mean=62.707692 (+/-0.185953).
=====================================================
=====================================================
Completed 140 games.

Agent 1 (Example UCT)
Winning score (between 0 and 1) : N=140, mean=0.489286 (+/-0.080997).
P1: N=70, mean=0.428571 (+/-0.113309).
P2: N=70, mean=0.55 (+/-0.114815).
Game Durations: N=140, mean=62.635714 (+/-0.15418).
P1: N=70, mean=62.7 (+/-0.17544).
P2: N=70, mean=62.571429 (+/-0.254038).

Agent 2 (SHUCT)
Winning score (between 0 and 1) : N=140, mean=0.510714 (+/-0.080997).
P1: N=70, mean=0.45 (+/-0.114815).
P2: N=70, mean=0.571429 (+/-0.113309).
Game Durations: N=140, mean=62.635714 (+/-0.15418).
P1: N=70, mean=62.571429 (+/-0.254038).
P2: N=70, mean=62.7 (+/-0.17544).
=====================================================
=====================================================
Completed 150 games.

Agent 1 (Example UCT)
Winning score (between 0 and 1) : N=150, mean=0.506667 (+/-0.078106).
P1: N=75, mean=0.453333 (+/-0.11033).
P2: N=75, mean=0.56 (+/-0.109995).
Game Durations: N=150, mean=62.62 (+/-0.146775).
P1: N=75, mean=62.706667 (+/-0.169578).
P2: N=75, mean=62.533333 (+/-0.239203).

Agent 2 (SHUCT)
Winning score (between 0 and 1) : N=150, mean=0.493333 (+/-0.078106).
P1: N=75, mean=0.44 (+/-0.109995).
P2: N=75, mean=0.546667 (+/-0.11033).
Game Durations: N=150, mean=62.62 (+/-0.146775).
P1: N=75, mean=62.533333 (+/-0.239203).
P2: N=75, mean=62.706667 (+/-0.169578).
=====================================================
