Warming up...
Finished warming up!
=====================================================
Completed 1 games.

Agent 1 (Example UCT)
Winning score (between 0 and 1) : N=1, mean=1 (+/-0).
P1: N=1, mean=1 (+/-0).
P2: N=0, mean=0 (+/-0).
Game Durations: N=1, mean=62 (+/-0).
P1: N=1, mean=62 (+/-0).
P2: N=0, mean=0 (+/-0).

Agent 2 (SHUCT)
Winning score (between 0 and 1) : N=1, mean=0 (+/-0).
P1: N=0, mean=0 (+/-0).
P2: N=1, mean=0 (+/-0).
Game Durations: N=1, mean=62 (+/-0).
P1: N=0, mean=0 (+/-0).
P2: N=1, mean=62 (+/-0).
=====================================================
=====================================================
Completed 2 games.

Agent 1 (Example UCT)
Winning score (between 0 and 1) : N=2, mean=1 (+/-0).
P1: N=1, mean=1 (+/-0).
P2: N=1, mean=1 (+/-0).
Game Durations: N=2, mean=62 (+/-0).
P1: N=1, mean=62 (+/-0).
P2: N=1, mean=62 (+/-0).

Agent 2 (SHUCT)
Winning score (between 0 and 1) : N=2, mean=0 (+/-0).
P1: N=1, mean=0 (+/-0).
P2: N=1, mean=0 (+/-0).
Game Durations: N=2, mean=62 (+/-0).
P1: N=1, mean=62 (+/-0).
P2: N=1, mean=62 (+/-0).
=====================================================
=====================================================
Completed 3 games.

Agent 1 (Example UCT)
Winning score (between 0 and 1) : N=3, mean=0.666667 (+/-0.65332).
P1: N=2, mean=0.5 (+/-0.97998).
P2: N=1, mean=1 (+/-0).
Game Durations: N=3, mean=62.333333 (+/-0.65332).
P1: N=2, mean=62.5 (+/-0.97998).
P2: N=1, mean=62 (+/-0).

Agent 2 (SHUCT)
Winning score (between 0 and 1) : N=3, mean=0.333333 (+/-0.65332).
P1: N=1, mean=0 (+/-0).
P2: N=2, mean=0.5 (+/-0.97998).
Game Durations: N=3, mean=62.333333 (+/-0.65332).
P1: N=1, mean=62 (+/-0).
P2: N=2, mean=62.5 (+/-0.97998).
=====================================================
=====================================================
Completed 4 games.

Agent 1 (Example UCT)
Winning score (between 0 and 1) : N=4, mean=0.75 (+/-0.48999).
P1: N=2, mean=0.5 (+/-0.97998).
P2: N=2, mean=1 (+/-0).
Game Durations: N=4, mean=62.5 (+/-0.565792).
P1: N=2, mean=62.5 (+/-0.97998).
P2: N=2, mean=62.5 (+/-0.97998).

Agent 2 (SHUCT)
Winning score (between 0 and 1) : N=4, mean=0.25 (+/-0.48999).
P1: N=2, mean=0 (+/-0).
P2: N=2, mean=0.5 (+/-0.97998).
Game Durations: N=4, mean=62.5 (+/-0.565792).
P1: N=2, mean=62.5 (+/-0.97998).
P2: N=2, mean=62.5 (+/-0.97998).
=====================================================
=====================================================
Completed 5 games.

Agent 1 (Example UCT)
Winning score (between 0 and 1) : N=5, mean=0.6 (+/-0.48009).
P1: N=3, mean=0.333333 (+/-0.65332).
P2: N=2, mean=1 (+/-0).
Game Durations: N=5, mean=62.4 (+/-0.48009).
P1: N=3, mean=62.333333 (+/-0.65332).
P2: N=2, mean=62.5 (+/-0.97998).

Agent 2 (SHUCT)
Winning score (between 0 and 1) : N=5, mean=0.4 (+/-0.48009).
P1: N=2, mean=0 (+/-0).
P2: N=3, mean=0.666667 (+/-0.65332).
Game Durations: N=5, mean=62.4 (+/-0.48009).
P1: N=2, mean=62.5 (+/-0.97998).
P2: N=3, mean=62.333333 (+/-0.65332).
=====================================================
=====================================================
Completed 10 games.

Agent 1 (Example UCT)
Winning score (between 0 and 1) : N=10, mean=0.5 (+/-0.32666).
P1: N=5, mean=0.4 (+/-0.48009).
P2: N=5, mean=0.6 (+/-0.48009).
Game Durations: N=10, mean=62.4 (+/-0.32006).
P1: N=5, mean=62.4 (+/-0.48009).
P2: N=5, mean=62.4 (+/-0.48009).

Agent 2 (SHUCT)
Winning score (between 0 and 1) : N=10, mean=0.5 (+/-0.32666).
P1: N=5, mean=0.4 (+/-0.48009).
P2: N=5, mean=0.6 (+/-0.48009).
Game Durations: N=10, mean=62.4 (+/-0.32006).
P1: N=5, mean=62.4 (+/-0.48009).
P2: N=5, mean=62.4 (+/-0.48009).
=====================================================
=====================================================
Completed 20 games.

Agent 1 (Example UCT)
Winning score (between 0 and 1) : N=20, mean=0.625 (+/-0.211799).
P1: N=10, mean=0.6 (+/-0.32006).
P2: N=10, mean=0.65 (+/-0.293994).
Game Durations: N=20, mean=62.65 (+/-0.409029).
P1: N=10, mean=62.3 (+/-0.299389).
P2: N=10, mean=63 (+/-0.715676).

Agent 2 (SHUCT)
Winning score (between 0 and 1) : N=20, mean=0.375 (+/-0.211799).
P1: N=10, mean=0.35 (+/-0.293994).
P2: N=10, mean=0.4 (+/-0.32006).
Game Durations: N=20, mean=62.65 (+/-0.409029).
P1: N=10, mean=63 (+/-0.715676).
P2: N=10, mean=62.3 (+/-0.299389).
=====================================================
=====================================================
Completed 30 games.

Agent 1 (Example UCT)
Winning score (between 0 and 1) : N=30, mean=0.65 (+/-0.170387).
P1: N=15, mean=0.533333 (+/-0.261328).
P2: N=15, mean=0.766667 (+/-0.210979).
Game Durations: N=30, mean=62.5 (+/-0.29343).
P1: N=15, mean=62.266667 (+/-0.231643).
P2: N=15, mean=62.733333 (+/-0.522656).

Agent 2 (SHUCT)
Winning score (between 0 and 1) : N=30, mean=0.35 (+/-0.170387).
P1: N=15, mean=0.233333 (+/-0.210979).
P2: N=15, mean=0.466667 (+/-0.261328).
Game Durations: N=30, mean=62.5 (+/-0.29343).
P1: N=15, mean=62.733333 (+/-0.522656).
P2: N=15, mean=62.266667 (+/-0.231643).
=====================================================
=====================================================
Completed 40 games.

Agent 1 (Example UCT)
Winning score (between 0 and 1) : N=40, mean=0.6125 (+/-0.150872).
P1: N=20, mean=0.45 (+/-0.223696).
P2: N=20, mean=0.775 (+/-0.180909).
Game Durations: N=40, mean=62.5 (+/-0.243103).
P1: N=20, mean=62.3 (+/-0.206054).
P2: N=20, mean=62.7 (+/-0.428935).

Agent 2 (SHUCT)
Winning score (between 0 and 1) : N=40, mean=0.3875 (+/-0.150872).
P1: N=20, mean=0.225 (+/-0.180909).
P2: N=20, mean=0.55 (+/-0.223696).
Game Durations: N=40, mean=62.5 (+/-0.243103).
P1: N=20, mean=62.7 (+/-0.428935).
P2: N=20, mean=62.3 (+/-0.206054).
=====================================================
=====================================================
Completed 50 games.

Agent 1 (Example UCT)
Winning score (between 0 and 1) : N=50, mean=0.54 (+/-0.136711).
P1: N=25, mean=0.42 (+/-0.193365).
P2: N=25, mean=0.66 (+/-0.185248).
Game Durations: N=50, mean=62.58 (+/-0.224625).
P1: N=25, mean=62.52 (+/-0.279938).
P2: N=25, mean=62.64 (+/-0.355685).

Agent 2 (SHUCT)
Winning score (between 0 and 1) : N=50, mean=0.46 (+/-0.136711).
P1: N=25, mean=0.34 (+/-0.185248).
P2: N=25, mean=0.58 (+/-0.193365).
Game Durations: N=50, mean=62.58 (+/-0.224625).
P1: N=25, mean=62.64 (+/-0.355685).
P2: N=25, mean=62.52 (+/-0.279938).
=====================================================
=====================================================
Completed 60 games.

Agent 1 (Example UCT)
Winning score (between 0 and 1) : N=60, mean=0.5 (+/-0.125438).
P1: N=30, mean=0.416667 (+/-0.17633).
P2: N=30, mean=0.583333 (+/-0.17633).
Game Durations: N=60, mean=62.616667 (+/-0.198153).
P1: N=30, mean=62.533333 (+/-0.243847).
P2: N=30, mean=62.7 (+/-0.313791).

Agent 2 (SHUCT)
Winning score (between 0 and 1) : N=60, mean=0.5 (+/-0.125438).
P1: N=30, mean=0.416667 (+/-0.17633).
P2: N=30, mean=0.583333 (+/-0.17633).
Game Durations: N=60, mean=62.616667 (+/-0.198153).
P1: N=30, mean=62.7 (+/-0.313791).
P2: N=30, mean=62.533333 (+/-0.243847).
=====================================================
=====================================================
Completed 70 games.

Agent 1 (Example UCT)
Winning score (between 0 and 1) : N=70, mean=0.514286 (+/-0.116229).
P1: N=35, mean=0.442857 (+/-0.164529).
P2: N=35, mean=0.585714 (+/-0.163122).
Game Durations: N=70, mean=62.585714 (+/-0.176087).
P1: N=35, mean=62.514286 (+/-0.218155).
P2: N=35, mean=62.657143 (+/-0.277679).

Agent 2 (SHUCT)
Winning score (between 0 and 1) : N=70, mean=0.485714 (+/-0.116229).
P1: N=35, mean=0.414286 (+/-0.163122).
P2: N=35, mean=0.557143 (+/-0.164529).
Game Durations: N=70, mean=62.585714 (+/-0.176087).
P1: N=35, mean=62.657143 (+/-0.277679).
P2: N=35, mean=62.514286 (+/-0.218155).
=====================================================
=====================================================
Completed 80 games.

Agent 1 (Example UCT)
Winning score (between 0 and 1) : N=80, mean=0.525 (+/-0.10873).
P1: N=40, mean=0.4625 (+/-0.154501).
P2: N=40, mean=0.5875 (+/-0.152496).
Game Durations: N=80, mean=62.55 (+/-0.163165).
P1: N=40, mean=62.475 (+/-0.198338).
P2: N=40, mean=62.625 (+/-0.259634).

Agent 2 (SHUCT)
Winning score (between 0 and 1) : N=80, mean=0.475 (+/-0.10873).
P1: N=40, mean=0.4125 (+/-0.152496).
P2: N=40, mean=0.5375 (+/-0.154501).
Game Durations: N=80, mean=62.55 (+/-0.163165).
P1: N=40, mean=62.625 (+/-0.259634).
P2: N=40, mean=62.475 (+/-0.198338).
=====================================================
=====================================================
Completed 90 games.

Agent 1 (Example UCT)
Winning score (between 0 and 1) : N=90, mean=0.488889 (+/-0.102691).
P1: N=45, mean=0.433333 (+/-0.144753).
P2: N=45, mean=0.544444 (+/-0.145495).
Game Durations: N=90, mean=62.533333 (+/-0.15547).
P1: N=45, mean=62.466667 (+/-0.193004).
P2: N=45, mean=62.6 (+/-0.24445).

Agent 2 (SHUCT)
Winning score (between 0 and 1) : N=90, mean=0.511111 (+/-0.102691).
P1: N=45, mean=0.455556 (+/-0.145495).
P2: N=45, mean=0.566667 (+/-0.144753).
Game Durations: N=90, mean=62.533333 (+/-0.15547).
P1: N=45, mean=62.6 (+/-0.24445).
P2: N=45, mean=62.466667 (+/-0.193004).
=====================================================
=====================================================
Completed 100 games.

Agent 1 (Example UCT)
Winning score (between 0 and 1) : N=100, mean=0.485 (+/-0.096958).
P1: N=50, mean=0.43 (+/-0.137197).
P2: N=50, mean=0.54 (+/-0.136711).
Game Durations: N=100, mean=62.55 (+/-0.153533).
P1: N=50, mean=62.48 (+/-0.187742).
P2: N=50, mean=62.62 (+/-0.243386).

Agent 2 (SHUCT)
Winning score (between 0 and 1) : N=100, mean=0.515 (+/-0.096958).
P1: N=50, mean=0.46 (+/-0.136711).
P2: N=50, mean=0.57 (+/-0.137197).
Game Durations: N=100, mean=62.55 (+/-0.153533).
P1: N=50, mean=62.62 (+/-0.243386).
P2: N=50, mean=62.48 (+/-0.187742).
=====================================================
=====================================================
Completed 110 games.

Agent 1 (Example UCT)
Winning score (between 0 and 1) : N=110, mean=0.472727 (+/-0.092).
P1: N=55, mean=0.427273 (+/-0.130709).
P2: N=55, mean=0.518182 (+/-0.12958).
Game Durations: N=110, mean=62.545455 (+/-0.144612).
P1: N=55, mean=62.454545 (+/-0.174847).
P2: N=55, mean=62.636364 (+/-0.229515).

Agent 2 (SHUCT)
Winning score (between 0 and 1) : N=110, mean=0.527273 (+/-0.092).
P1: N=55, mean=0.481818 (+/-0.12958).
P2: N=55, mean=0.572727 (+/-0.130709).
Game Durations: N=110, mean=62.545455 (+/-0.144612).
P1: N=55, mean=62.636364 (+/-0.229515).
P2: N=55, mean=62.454545 (+/-0.174847).
=====================================================
=====================================================
Completed 120 games.

Agent 1 (Example UCT)
Winning score (between 0 and 1) : N=120, mean=0.4625 (+/-0.087685).
P1: N=60, mean=0.4 (+/-0.122815).
P2: N=60, mean=0.525 (+/-0.124188).
Game Durations: N=120, mean=62.566667 (+/-0.138655).
P1: N=60, mean=62.5 (+/-0.17117).
P2: N=60, mean=62.633333 (+/-0.218345).

Agent 2 (SHUCT)
Winning score (between 0 and 1) : N=120, mean=0.5375 (+/-0.087685).
P1: N=60, mean=0.475 (+/-0.124188).
P2: N=60, mean=0.6 (+/-0.122815).
Game Durations: N=120, mean=62.566667 (+/-0.138655).
P1: N=60, mean=62.633333 (+/-0.218345).
P2: N=60, mean=62.5 (+/-0.17117).
=====================================================
=====================================================
Completed 130 games.

Agent 1 (Example UCT)
Winning score (between 0 and 1) : N=130, mean=0.480769 (+/-0.084542).
P1: N=65, mean=0.415385 (+/-0.118803).
P2: N=65, mean=0.546154 (+/-0.119102).
Game Durations: N=130, mean=62.584615 (+/-0.133299).
P1: N=65, mean=62.507692 (+/-0.161503).
P2: N=65, mean=62.661538 (+/-0.211745).

Agent 2 (SHUCT)
Winning score (between 0 and 1) : N=130, mean=0.519231 (+/-0.084542).
P1: N=65, mean=0.453846 (+/-0.119102).
P2: N=65, mean=0.584615 (+/-0.118803).
Game Durations: N=130, mean=62.584615 (+/-0.133299).
P1: N=65, mean=62.661538 (+/-0.211745).
P2: N=65, mean=62.507692 (+/-0.161503).
=====================================================
=====================================================
Completed 140 games.

Agent 1 (Example UCT)
Winning score (between 0 and 1) : N=140, mean=0.485714 (+/-0.081285).
P1: N=70, mean=0.421429 (+/-0.113921).
P2: N=70, mean=0.55 (+/-0.114815).
Game Durations: N=140, mean=62.571429 (+/-0.127449).
P1: N=70, mean=62.514286 (+/-0.158245).
P2: N=70, mean=62.628571 (+/-0.200098).

Agent 2 (SHUCT)
Winning score (between 0 and 1) : N=140, mean=0.514286 (+/-0.081285).
P1: N=70, mean=0.45 (+/-0.114815).
P2: N=70, mean=0.578571 (+/-0.113921).
Game Durations: N=140, mean=62.571429 (+/-0.127449).
P1: N=70, mean=62.628571 (+/-0.200098).
P2: N=70, mean=62.514286 (+/-0.158245).
=====================================================
=====================================================
Completed 150 games.

Agent 1 (Example UCT)
Winning score (between 0 and 1) : N=150, mean=0.48 (+/-0.078595).
P1: N=75, mean=0.406667 (+/-0.109574).
P2: N=75, mean=0.553333 (+/-0.110955).
Game Durations: N=150, mean=62.573333 (+/-0.122068).
P1: N=75, mean=62.533333 (+/-0.154902).
P2: N=75, mean=62.613333 (+/-0.189326).

Agent 2 (SHUCT)
Winning score (between 0 and 1) : N=150, mean=0.52 (+/-0.078595).
P1: N=75, mean=0.446667 (+/-0.110955).
P2: N=75, mean=0.593333 (+/-0.109574).
Game Durations: N=150, mean=62.573333 (+/-0.122068).
P1: N=75, mean=62.613333 (+/-0.189326).
P2: N=75, mean=62.533333 (+/-0.154902).
=====================================================
