Warming up...
Finished warming up!
=====================================================
Completed 1 games.

Agent 1 (SHUCT)
Winning score (between 0 and 1) : N=1, mean=1 (+/-0).
P1: N=1, mean=1 (+/-0).
P2: N=0, mean=0 (+/-0).
Game Durations: N=1, mean=13 (+/-0).
P1: N=1, mean=13 (+/-0).
P2: N=0, mean=0 (+/-0).

Agent 2 (UCT)
Winning score (between 0 and 1) : N=1, mean=0 (+/-0).
P1: N=0, mean=0 (+/-0).
P2: N=1, mean=0 (+/-0).
Game Durations: N=1, mean=13 (+/-0).
P1: N=0, mean=0 (+/-0).
P2: N=1, mean=13 (+/-0).
=====================================================
=====================================================
Completed 2 games.

Agent 1 (SHUCT)
Winning score (between 0 and 1) : N=2, mean=1 (+/-0).
P1: N=1, mean=1 (+/-0).
P2: N=1, mean=1 (+/-0).
Game Durations: N=2, mean=12.5 (+/-0.97998).
P1: N=1, mean=13 (+/-0).
P2: N=1, mean=12 (+/-0).

Agent 2 (UCT)
Winning score (between 0 and 1) : N=2, mean=0 (+/-0).
P1: N=1, mean=0 (+/-0).
P2: N=1, mean=0 (+/-0).
Game Durations: N=2, mean=12.5 (+/-0.97998).
P1: N=1, mean=12 (+/-0).
P2: N=1, mean=13 (+/-0).
=====================================================
=====================================================
Completed 3 games.

Agent 1 (SHUCT)
Winning score (between 0 and 1) : N=3, mean=1 (+/-0).
P1: N=2, mean=1 (+/-0).
P2: N=1, mean=1 (+/-0).
Game Durations: N=3, mean=12.666667 (+/-0.65332).
P1: N=2, mean=13 (+/-0).
P2: N=1, mean=12 (+/-0).

Agent 2 (UCT)
Winning score (between 0 and 1) : N=3, mean=0 (+/-0).
P1: N=1, mean=0 (+/-0).
P2: N=2, mean=0 (+/-0).
Game Durations: N=3, mean=12.666667 (+/-0.65332).
P1: N=1, mean=12 (+/-0).
P2: N=2, mean=13 (+/-0).
=====================================================
=====================================================
Completed 4 games.

Agent 1 (SHUCT)
Winning score (between 0 and 1) : N=4, mean=1 (+/-0).
P1: N=2, mean=1 (+/-0).
P2: N=2, mean=1 (+/-0).
Game Durations: N=4, mean=12.5 (+/-0.565792).
P1: N=2, mean=13 (+/-0).
P2: N=2, mean=12 (+/-0).

Agent 2 (UCT)
Winning score (between 0 and 1) : N=4, mean=0 (+/-0).
P1: N=2, mean=0 (+/-0).
P2: N=2, mean=0 (+/-0).
Game Durations: N=4, mean=12.5 (+/-0.565792).
P1: N=2, mean=12 (+/-0).
P2: N=2, mean=13 (+/-0).
=====================================================
=====================================================
Completed 5 games.

Agent 1 (SHUCT)
Winning score (between 0 and 1) : N=5, mean=0.8 (+/-0.391992).
P1: N=3, mean=0.666667 (+/-0.65332).
P2: N=2, mean=1 (+/-0).
Game Durations: N=5, mean=12.4 (+/-0.48009).
P1: N=3, mean=12.666667 (+/-0.65332).
P2: N=2, mean=12 (+/-0).

Agent 2 (UCT)
Winning score (between 0 and 1) : N=5, mean=0.2 (+/-0.391992).
P1: N=2, mean=0 (+/-0).
P2: N=3, mean=0.333333 (+/-0.65332).
Game Durations: N=5, mean=12.4 (+/-0.48009).
P1: N=2, mean=12 (+/-0).
P2: N=3, mean=12.666667 (+/-0.65332).
=====================================================
=====================================================
Completed 10 games.

Agent 1 (SHUCT)
Winning score (between 0 and 1) : N=10, mean=0.9 (+/-0.195996).
P1: N=5, mean=0.8 (+/-0.391992).
P2: N=5, mean=1 (+/-0).
Game Durations: N=10, mean=12 (+/-0.584347).
P1: N=5, mean=12.4 (+/-0.783984).
P2: N=5, mean=11.6 (+/-0.783984).

Agent 2 (UCT)
Winning score (between 0 and 1) : N=10, mean=0.1 (+/-0.195996).
P1: N=5, mean=0 (+/-0).
P2: N=5, mean=0.2 (+/-0.391992).
Game Durations: N=10, mean=12 (+/-0.584347).
P1: N=5, mean=11.6 (+/-0.783984).
P2: N=5, mean=12.4 (+/-0.783984).
=====================================================
=====================================================
Completed 20 games.

Agent 1 (SHUCT)
Winning score (between 0 and 1) : N=20, mean=0.75 (+/-0.194702).
P1: N=10, mean=0.7 (+/-0.299389).
P2: N=10, mean=0.8 (+/-0.261328).
Game Durations: N=20, mean=14.55 (+/-2.557354).
P1: N=10, mean=14.3 (+/-3.77628).
P2: N=10, mean=14.8 (+/-3.646907).

Agent 2 (UCT)
Winning score (between 0 and 1) : N=20, mean=0.25 (+/-0.194702).
P1: N=10, mean=0.2 (+/-0.261328).
P2: N=10, mean=0.3 (+/-0.299389).
Game Durations: N=20, mean=14.55 (+/-2.557354).
P1: N=10, mean=14.8 (+/-3.646907).
P2: N=10, mean=14.3 (+/-3.77628).
=====================================================
=====================================================
Completed 30 games.

Agent 1 (SHUCT)
Winning score (between 0 and 1) : N=30, mean=0.8 (+/-0.145582).
P1: N=15, mean=0.8 (+/-0.209529).
P2: N=15, mean=0.8 (+/-0.209529).
Game Durations: N=30, mean=14.366667 (+/-1.835441).
P1: N=15, mean=13.866667 (+/-2.635584).
P2: N=15, mean=14.866667 (+/-2.621666).

Agent 2 (UCT)
Winning score (between 0 and 1) : N=30, mean=0.2 (+/-0.145582).
P1: N=15, mean=0.2 (+/-0.209529).
P2: N=15, mean=0.2 (+/-0.209529).
Game Durations: N=30, mean=14.366667 (+/-1.835441).
P1: N=15, mean=14.866667 (+/-2.621666).
P2: N=15, mean=13.866667 (+/-2.635584).
=====================================================
=====================================================
Completed 40 games.

Agent 1 (SHUCT)
Winning score (between 0 and 1) : N=40, mean=0.7 (+/-0.143822).
P1: N=20, mean=0.65 (+/-0.214467).
P2: N=20, mean=0.75 (+/-0.194702).
Game Durations: N=40, mean=14.65 (+/-1.547974).
P1: N=20, mean=14.15 (+/-2.10074).
P2: N=20, mean=15.15 (+/-2.307147).

Agent 2 (UCT)
Winning score (between 0 and 1) : N=40, mean=0.3 (+/-0.143822).
P1: N=20, mean=0.25 (+/-0.194702).
P2: N=20, mean=0.35 (+/-0.214467).
Game Durations: N=40, mean=14.65 (+/-1.547974).
P1: N=20, mean=15.15 (+/-2.307147).
P2: N=20, mean=14.15 (+/-2.10074).
=====================================================
=====================================================
Completed 50 games.

Agent 1 (SHUCT)
Winning score (between 0 and 1) : N=50, mean=0.66 (+/-0.132636).
P1: N=25, mean=0.64 (+/-0.192036).
P2: N=25, mean=0.68 (+/-0.186626).
Game Durations: N=50, mean=14.76 (+/-1.400598).
P1: N=25, mean=13.68 (+/-1.755669).
P2: N=25, mean=15.84 (+/-2.134108).

Agent 2 (UCT)
Winning score (between 0 and 1) : N=50, mean=0.34 (+/-0.132636).
P1: N=25, mean=0.32 (+/-0.186626).
P2: N=25, mean=0.36 (+/-0.192036).
Game Durations: N=50, mean=14.76 (+/-1.400598).
P1: N=25, mean=15.84 (+/-2.134108).
P2: N=25, mean=13.68 (+/-1.755669).
=====================================================
=====================================================
Completed 60 games.

Agent 1 (SHUCT)
Winning score (between 0 and 1) : N=60, mean=0.683333 (+/-0.118697).
P1: N=30, mean=0.666667 (+/-0.17157).
P2: N=30, mean=0.7 (+/-0.166785).
Game Durations: N=60, mean=14.716667 (+/-1.244037).
P1: N=30, mean=13.733333 (+/-1.608374).
P2: N=30, mean=15.7 (+/-1.85855).

Agent 2 (UCT)
Winning score (between 0 and 1) : N=60, mean=0.316667 (+/-0.118697).
P1: N=30, mean=0.3 (+/-0.166785).
P2: N=30, mean=0.333333 (+/-0.17157).
Game Durations: N=60, mean=14.716667 (+/-1.244037).
P1: N=30, mean=15.7 (+/-1.85855).
P2: N=30, mean=13.733333 (+/-1.608374).
=====================================================
=====================================================
Completed 70 games.

Agent 1 (SHUCT)
Winning score (between 0 and 1) : N=70, mean=0.714286 (+/-0.106592).
P1: N=35, mean=0.685714 (+/-0.156042).
P2: N=35, mean=0.742857 (+/-0.146909).
Game Durations: N=70, mean=14.814286 (+/-1.179955).
P1: N=35, mean=14.171429 (+/-1.676778).
P2: N=35, mean=15.457143 (+/-1.657137).

Agent 2 (UCT)
Winning score (between 0 and 1) : N=70, mean=0.285714 (+/-0.106592).
P1: N=35, mean=0.257143 (+/-0.146909).
P2: N=35, mean=0.314286 (+/-0.156042).
Game Durations: N=70, mean=14.814286 (+/-1.179955).
P1: N=35, mean=15.457143 (+/-1.657137).
P2: N=35, mean=14.171429 (+/-1.676778).
=====================================================
=====================================================
Completed 80 games.

Agent 1 (SHUCT)
Winning score (between 0 and 1) : N=80, mean=0.725 (+/-0.098462).
P1: N=40, mean=0.7 (+/-0.143822).
P2: N=40, mean=0.75 (+/-0.135899).
Game Durations: N=80, mean=15.275 (+/-1.353944).
P1: N=40, mean=15.1 (+/-2.295362).
P2: N=40, mean=15.45 (+/-1.466952).

Agent 2 (UCT)
Winning score (between 0 and 1) : N=80, mean=0.275 (+/-0.098462).
P1: N=40, mean=0.25 (+/-0.135899).
P2: N=40, mean=0.3 (+/-0.143822).
Game Durations: N=80, mean=15.275 (+/-1.353944).
P1: N=40, mean=15.45 (+/-1.466952).
P2: N=40, mean=15.1 (+/-2.295362).
=====================================================
=====================================================
Completed 90 games.

Agent 1 (SHUCT)
Winning score (between 0 and 1) : N=90, mean=0.733333 (+/-0.091873).
P1: N=45, mean=0.733333 (+/-0.130664).
P2: N=45, mean=0.733333 (+/-0.130664).
Game Durations: N=90, mean=15.011111 (+/-1.232018).
P1: N=45, mean=14.911111 (+/-2.082649).
P2: N=45, mean=15.111111 (+/-1.342124).

Agent 2 (UCT)
Winning score (between 0 and 1) : N=90, mean=0.266667 (+/-0.091873).
P1: N=45, mean=0.266667 (+/-0.130664).
P2: N=45, mean=0.266667 (+/-0.130664).
Game Durations: N=90, mean=15.011111 (+/-1.232018).
P1: N=45, mean=15.111111 (+/-1.342124).
P2: N=45, mean=14.911111 (+/-2.082649).
=====================================================
=====================================================
Completed 100 games.

Agent 1 (SHUCT)
Winning score (between 0 and 1) : N=100, mean=0.71 (+/-0.089384).
P1: N=50, mean=0.74 (+/-0.122815).
P2: N=50, mean=0.68 (+/-0.130611).
Game Durations: N=100, mean=15.11 (+/-1.237989).
P1: N=50, mean=14.94 (+/-2.091098).
P2: N=50, mean=15.28 (+/-1.347514).

Agent 2 (UCT)
Winning score (between 0 and 1) : N=100, mean=0.29 (+/-0.089384).
P1: N=50, mean=0.32 (+/-0.130611).
P2: N=50, mean=0.26 (+/-0.122815).
Game Durations: N=100, mean=15.11 (+/-1.237989).
P1: N=50, mean=15.28 (+/-1.347514).
P2: N=50, mean=14.94 (+/-2.091098).
=====================================================
