Warming up...
Finished warming up!
=====================================================
Completed 1 games.

Agent 1 (UCT)
Winning score (between 0 and 1) : N=1, mean=1 (+/-0).
P1: N=1, mean=1 (+/-0).
P2: N=0, mean=0 (+/-0).
Game Durations: N=1, mean=33 (+/-0).
P1: N=1, mean=33 (+/-0).
P2: N=0, mean=0 (+/-0).

Agent 2 (SHUCTAnyTime)
Winning score (between 0 and 1) : N=1, mean=0 (+/-0).
P1: N=0, mean=0 (+/-0).
P2: N=1, mean=0 (+/-0).
Game Durations: N=1, mean=33 (+/-0).
P1: N=0, mean=0 (+/-0).
P2: N=1, mean=33 (+/-0).
=====================================================
=====================================================
Completed 2 games.

Agent 1 (UCT)
Winning score (between 0 and 1) : N=2, mean=1 (+/-0).
P1: N=1, mean=1 (+/-0).
P2: N=1, mean=1 (+/-0).
Game Durations: N=2, mean=38.5 (+/-10.77978).
P1: N=1, mean=33 (+/-0).
P2: N=1, mean=44 (+/-0).

Agent 2 (SHUCTAnyTime)
Winning score (between 0 and 1) : N=2, mean=0 (+/-0).
P1: N=1, mean=0 (+/-0).
P2: N=1, mean=0 (+/-0).
Game Durations: N=2, mean=38.5 (+/-10.77978).
P1: N=1, mean=44 (+/-0).
P2: N=1, mean=33 (+/-0).
=====================================================
=====================================================
Completed 3 games.

Agent 1 (UCT)
Winning score (between 0 and 1) : N=3, mean=1 (+/-0).
P1: N=2, mean=1 (+/-0).
P2: N=1, mean=1 (+/-0).
Game Durations: N=3, mean=36.666667 (+/-7.18652).
P1: N=2, mean=33 (+/-0).
P2: N=1, mean=44 (+/-0).

Agent 2 (SHUCTAnyTime)
Winning score (between 0 and 1) : N=3, mean=0 (+/-0).
P1: N=1, mean=0 (+/-0).
P2: N=2, mean=0 (+/-0).
Game Durations: N=3, mean=36.666667 (+/-7.18652).
P1: N=1, mean=44 (+/-0).
P2: N=2, mean=33 (+/-0).
=====================================================
=====================================================
Completed 4 games.

Agent 1 (UCT)
Winning score (between 0 and 1) : N=4, mean=0.75 (+/-0.48999).
P1: N=2, mean=1 (+/-0).
P2: N=2, mean=0.5 (+/-0.97998).
Game Durations: N=4, mean=38.75 (+/-6.518893).
P1: N=2, mean=33 (+/-0).
P2: N=2, mean=44.5 (+/-0.97998).

Agent 2 (SHUCTAnyTime)
Winning score (between 0 and 1) : N=4, mean=0.25 (+/-0.48999).
P1: N=2, mean=0.5 (+/-0.97998).
P2: N=2, mean=0 (+/-0).
Game Durations: N=4, mean=38.75 (+/-6.518893).
P1: N=2, mean=44.5 (+/-0.97998).
P2: N=2, mean=33 (+/-0).
=====================================================
=====================================================
Completed 5 games.

Agent 1 (UCT)
Winning score (between 0 and 1) : N=5, mean=0.8 (+/-0.391992).
P1: N=3, mean=1 (+/-0).
P2: N=2, mean=0.5 (+/-0.97998).
Game Durations: N=5, mean=38.8 (+/-5.050464).
P1: N=3, mean=35 (+/-3.91992).
P2: N=2, mean=44.5 (+/-0.97998).

Agent 2 (SHUCTAnyTime)
Winning score (between 0 and 1) : N=5, mean=0.2 (+/-0.391992).
P1: N=2, mean=0.5 (+/-0.97998).
P2: N=3, mean=0 (+/-0).
Game Durations: N=5, mean=38.8 (+/-5.050464).
P1: N=2, mean=44.5 (+/-0.97998).
P2: N=3, mean=35 (+/-3.91992).
=====================================================
=====================================================
Completed 10 games.

Agent 1 (UCT)
Winning score (between 0 and 1) : N=10, mean=0.6 (+/-0.32006).
P1: N=5, mean=0.8 (+/-0.391992).
P2: N=5, mean=0.4 (+/-0.48009).
Game Durations: N=10, mean=36.7 (+/-5.981001).
P1: N=5, mean=31.2 (+/-5.487888).
P2: N=5, mean=42.2 (+/-8.529768).

Agent 2 (SHUCTAnyTime)
Winning score (between 0 and 1) : N=10, mean=0.4 (+/-0.32006).
P1: N=5, mean=0.6 (+/-0.48009).
P2: N=5, mean=0.2 (+/-0.391992).
Game Durations: N=10, mean=36.7 (+/-5.981001).
P1: N=5, mean=42.2 (+/-8.529768).
P2: N=5, mean=31.2 (+/-5.487888).
=====================================================
=====================================================
Completed 20 games.

Agent 1 (UCT)
Winning score (between 0 and 1) : N=20, mean=0.55 (+/-0.223696).
P1: N=10, mean=0.7 (+/-0.299389).
P2: N=10, mean=0.4 (+/-0.32006).
Game Durations: N=20, mean=35.25 (+/-4.142784).
P1: N=10, mean=32.9 (+/-3.913927).
P2: N=10, mean=37.6 (+/-7.240955).

Agent 2 (SHUCTAnyTime)
Winning score (between 0 and 1) : N=20, mean=0.45 (+/-0.223696).
P1: N=10, mean=0.6 (+/-0.32006).
P2: N=10, mean=0.3 (+/-0.299389).
Game Durations: N=20, mean=35.25 (+/-4.142784).
P1: N=10, mean=37.6 (+/-7.240955).
P2: N=10, mean=32.9 (+/-3.913927).
=====================================================
=====================================================
Completed 30 games.

Agent 1 (UCT)
Winning score (between 0 and 1) : N=30, mean=0.466667 (+/-0.181573).
P1: N=15, mean=0.6 (+/-0.256619).
P2: N=15, mean=0.333333 (+/-0.246932).
Game Durations: N=30, mean=34.366667 (+/-3.158221).
P1: N=15, mean=33.133333 (+/-3.415522).
P2: N=15, mean=35.6 (+/-5.368594).

Agent 2 (SHUCTAnyTime)
Winning score (between 0 and 1) : N=30, mean=0.533333 (+/-0.181573).
P1: N=15, mean=0.666667 (+/-0.246932).
P2: N=15, mean=0.4 (+/-0.256619).
Game Durations: N=30, mean=34.366667 (+/-3.158221).
P1: N=15, mean=35.6 (+/-5.368594).
P2: N=15, mean=33.133333 (+/-3.415522).
=====================================================
=====================================================
Completed 40 games.

Agent 1 (UCT)
Winning score (between 0 and 1) : N=40, mean=0.475 (+/-0.156726).
P1: N=20, mean=0.7 (+/-0.206054).
P2: N=20, mean=0.25 (+/-0.194702).
Game Durations: N=40, mean=34.025 (+/-3.219386).
P1: N=20, mean=31.8 (+/-3.136581).
P2: N=20, mean=36.25 (+/-5.541552).

Agent 2 (SHUCTAnyTime)
Winning score (between 0 and 1) : N=40, mean=0.525 (+/-0.156726).
P1: N=20, mean=0.75 (+/-0.194702).
P2: N=20, mean=0.3 (+/-0.206054).
Game Durations: N=40, mean=34.025 (+/-3.219386).
P1: N=20, mean=36.25 (+/-5.541552).
P2: N=20, mean=31.8 (+/-3.136581).
=====================================================
=====================================================
Completed 50 games.

Agent 1 (UCT)
Winning score (between 0 and 1) : N=50, mean=0.48 (+/-0.139885).
P1: N=25, mean=0.72 (+/-0.179633).
P2: N=25, mean=0.24 (+/-0.170865).
Game Durations: N=50, mean=33.58 (+/-2.723923).
P1: N=25, mean=31.44 (+/-2.874044).
P2: N=25, mean=35.72 (+/-4.535547).

Agent 2 (SHUCTAnyTime)
Winning score (between 0 and 1) : N=50, mean=0.52 (+/-0.139885).
P1: N=25, mean=0.76 (+/-0.170865).
P2: N=25, mean=0.28 (+/-0.179633).
Game Durations: N=50, mean=33.58 (+/-2.723923).
P1: N=25, mean=35.72 (+/-4.535547).
P2: N=25, mean=31.44 (+/-2.874044).
=====================================================
=====================================================
Completed 60 games.

Agent 1 (UCT)
Winning score (between 0 and 1) : N=60, mean=0.483333 (+/-0.127512).
P1: N=30, mean=0.733333 (+/-0.160947).
P2: N=30, mean=0.233333 (+/-0.153936).
Game Durations: N=60, mean=33.783333 (+/-2.579184).
P1: N=30, mean=32.4 (+/-3.120409).
P2: N=30, mean=35.166667 (+/-4.101659).

Agent 2 (SHUCTAnyTime)
Winning score (between 0 and 1) : N=60, mean=0.516667 (+/-0.127512).
P1: N=30, mean=0.766667 (+/-0.153936).
P2: N=30, mean=0.266667 (+/-0.160947).
Game Durations: N=60, mean=33.783333 (+/-2.579184).
P1: N=30, mean=35.166667 (+/-4.101659).
P2: N=30, mean=32.4 (+/-3.120409).
=====================================================
=====================================================
Completed 70 games.

Agent 1 (UCT)
Winning score (between 0 and 1) : N=70, mean=0.528571 (+/-0.117783).
P1: N=35, mean=0.742857 (+/-0.146909).
P2: N=35, mean=0.314286 (+/-0.156042).
Game Durations: N=70, mean=33.942857 (+/-2.383288).
P1: N=35, mean=32.914286 (+/-2.94172).
P2: N=35, mean=34.971429 (+/-3.76319).

Agent 2 (SHUCTAnyTime)
Winning score (between 0 and 1) : N=70, mean=0.471429 (+/-0.117783).
P1: N=35, mean=0.685714 (+/-0.156042).
P2: N=35, mean=0.257143 (+/-0.146909).
Game Durations: N=70, mean=33.942857 (+/-2.383288).
P1: N=35, mean=34.971429 (+/-3.76319).
P2: N=35, mean=32.914286 (+/-2.94172).
=====================================================
=====================================================
Completed 80 games.

Agent 1 (UCT)
Winning score (between 0 and 1) : N=80, mean=0.5 (+/-0.110256).
P1: N=40, mean=0.725 (+/-0.140136).
P2: N=40, mean=0.275 (+/-0.140136).
Game Durations: N=80, mean=34.125 (+/-2.18863).
P1: N=40, mean=33.175 (+/-2.777914).
P2: N=40, mean=35.075 (+/-3.392855).

Agent 2 (SHUCTAnyTime)
Winning score (between 0 and 1) : N=80, mean=0.5 (+/-0.110256).
P1: N=40, mean=0.725 (+/-0.140136).
P2: N=40, mean=0.275 (+/-0.140136).
Game Durations: N=80, mean=34.125 (+/-2.18863).
P1: N=40, mean=35.075 (+/-3.392855).
P2: N=40, mean=33.175 (+/-2.777914).
=====================================================
=====================================================
Completed 90 games.

Agent 1 (UCT)
Winning score (between 0 and 1) : N=90, mean=0.5 (+/-0.103878).
P1: N=45, mean=0.688889 (+/-0.13679).
P2: N=45, mean=0.311111 (+/-0.13679).
Game Durations: N=90, mean=34.511111 (+/-2.069978).
P1: N=45, mean=33.8 (+/-2.835877).
P2: N=45, mean=35.222222 (+/-3.033729).

Agent 2 (SHUCTAnyTime)
Winning score (between 0 and 1) : N=90, mean=0.5 (+/-0.103878).
P1: N=45, mean=0.688889 (+/-0.13679).
P2: N=45, mean=0.311111 (+/-0.13679).
Game Durations: N=90, mean=34.511111 (+/-2.069978).
P1: N=45, mean=35.222222 (+/-3.033729).
P2: N=45, mean=33.8 (+/-2.835877).
=====================================================
=====================================================
Completed 100 games.

Agent 1 (UCT)
Winning score (between 0 and 1) : N=100, mean=0.5 (+/-0.098492).
P1: N=50, mean=0.68 (+/-0.130611).
P2: N=50, mean=0.32 (+/-0.130611).
Game Durations: N=100, mean=34.54 (+/-1.927504).
P1: N=50, mean=34.08 (+/-2.611517).
P2: N=50, mean=35 (+/-2.856491).

Agent 2 (SHUCTAnyTime)
Winning score (between 0 and 1) : N=100, mean=0.5 (+/-0.098492).
P1: N=50, mean=0.68 (+/-0.130611).
P2: N=50, mean=0.32 (+/-0.130611).
Game Durations: N=100, mean=34.54 (+/-1.927504).
P1: N=50, mean=35 (+/-2.856491).
P2: N=50, mean=34.08 (+/-2.611517).
=====================================================
