Warming up...
Finished warming up!
=====================================================
Completed 1 games.

Agent 1 (UCT)
Winning score (between 0 and 1) : N=1, mean=1 (+/-0).
P1: N=1, mean=1 (+/-0).
P2: N=0, mean=0 (+/-0).
Game Durations: N=1, mean=13 (+/-0).
P1: N=1, mean=13 (+/-0).
P2: N=0, mean=0 (+/-0).

Agent 2 (SHUCT)
Winning score (between 0 and 1) : N=1, mean=0 (+/-0).
P1: N=0, mean=0 (+/-0).
P2: N=1, mean=0 (+/-0).
Game Durations: N=1, mean=13 (+/-0).
P1: N=0, mean=0 (+/-0).
P2: N=1, mean=13 (+/-0).
=====================================================
=====================================================
Completed 2 games.

Agent 1 (UCT)
Winning score (between 0 and 1) : N=2, mean=0.5 (+/-0.97998).
P1: N=1, mean=1 (+/-0).
P2: N=1, mean=0 (+/-0).
Game Durations: N=2, mean=12 (+/-1.95996).
P1: N=1, mean=13 (+/-0).
P2: N=1, mean=11 (+/-0).

Agent 2 (SHUCT)
Winning score (between 0 and 1) : N=2, mean=0.5 (+/-0.97998).
P1: N=1, mean=1 (+/-0).
P2: N=1, mean=0 (+/-0).
Game Durations: N=2, mean=12 (+/-1.95996).
P1: N=1, mean=11 (+/-0).
P2: N=1, mean=13 (+/-0).
=====================================================
=====================================================
Completed 3 games.

Agent 1 (UCT)
Winning score (between 0 and 1) : N=3, mean=0.666667 (+/-0.65332).
P1: N=2, mean=1 (+/-0).
P2: N=1, mean=0 (+/-0).
Game Durations: N=3, mean=13.666667 (+/-3.457044).
P1: N=2, mean=15 (+/-3.91992).
P2: N=1, mean=11 (+/-0).

Agent 2 (SHUCT)
Winning score (between 0 and 1) : N=3, mean=0.333333 (+/-0.65332).
P1: N=1, mean=1 (+/-0).
P2: N=2, mean=0 (+/-0).
Game Durations: N=3, mean=13.666667 (+/-3.457044).
P1: N=1, mean=11 (+/-0).
P2: N=2, mean=15 (+/-3.91992).
=====================================================
=====================================================
Completed 4 games.

Agent 1 (UCT)
Winning score (between 0 and 1) : N=4, mean=0.75 (+/-0.48999).
P1: N=2, mean=1 (+/-0).
P2: N=2, mean=0.5 (+/-0.97998).
Game Durations: N=4, mean=12.75 (+/-3.03372).
P1: N=2, mean=15 (+/-3.91992).
P2: N=2, mean=10.5 (+/-0.97998).

Agent 2 (SHUCT)
Winning score (between 0 and 1) : N=4, mean=0.25 (+/-0.48999).
P1: N=2, mean=0.5 (+/-0.97998).
P2: N=2, mean=0 (+/-0).
Game Durations: N=4, mean=12.75 (+/-3.03372).
P1: N=2, mean=10.5 (+/-0.97998).
P2: N=2, mean=15 (+/-3.91992).
=====================================================
=====================================================
Completed 5 games.

Agent 1 (UCT)
Winning score (between 0 and 1) : N=5, mean=0.6 (+/-0.48009).
P1: N=3, mean=0.666667 (+/-0.65332).
P2: N=2, mean=0.5 (+/-0.97998).
Game Durations: N=5, mean=13.8 (+/-3.123662).
P1: N=3, mean=16 (+/-2.993888).
P2: N=2, mean=10.5 (+/-0.97998).

Agent 2 (SHUCT)
Winning score (between 0 and 1) : N=5, mean=0.4 (+/-0.48009).
P1: N=2, mean=0.5 (+/-0.97998).
P2: N=3, mean=0.333333 (+/-0.65332).
Game Durations: N=5, mean=13.8 (+/-3.123662).
P1: N=2, mean=10.5 (+/-0.97998).
P2: N=3, mean=16 (+/-2.993888).
=====================================================
=====================================================
Completed 10 games.

Agent 1 (UCT)
Winning score (between 0 and 1) : N=10, mean=0.4 (+/-0.32006).
P1: N=5, mean=0.4 (+/-0.48009).
P2: N=5, mean=0.4 (+/-0.48009).
Game Durations: N=10, mean=16.1 (+/-4.258624).
P1: N=5, mean=19.6 (+/-7.243902).
P2: N=5, mean=12.6 (+/-2.368229).

Agent 2 (SHUCT)
Winning score (between 0 and 1) : N=10, mean=0.6 (+/-0.32006).
P1: N=5, mean=0.6 (+/-0.48009).
P2: N=5, mean=0.6 (+/-0.48009).
Game Durations: N=10, mean=16.1 (+/-4.258624).
P1: N=5, mean=12.6 (+/-2.368229).
P2: N=5, mean=19.6 (+/-7.243902).
=====================================================
=====================================================
Completed 20 games.

Agent 1 (UCT)
Winning score (between 0 and 1) : N=20, mean=0.3 (+/-0.206054).
P1: N=10, mean=0.4 (+/-0.32006).
P2: N=10, mean=0.2 (+/-0.261328).
Game Durations: N=20, mean=16.9 (+/-2.927535).
P1: N=10, mean=20.2 (+/-4.973821).
P2: N=10, mean=13.6 (+/-1.4667).

Agent 2 (SHUCT)
Winning score (between 0 and 1) : N=20, mean=0.7 (+/-0.206054).
P1: N=10, mean=0.8 (+/-0.261328).
P2: N=10, mean=0.6 (+/-0.32006).
Game Durations: N=20, mean=16.9 (+/-2.927535).
P1: N=10, mean=13.6 (+/-1.4667).
P2: N=10, mean=20.2 (+/-4.973821).
=====================================================
=====================================================
Completed 30 games.

Agent 1 (UCT)
Winning score (between 0 and 1) : N=30, mean=0.333333 (+/-0.17157).
P1: N=15, mean=0.466667 (+/-0.261328).
P2: N=15, mean=0.2 (+/-0.209529).
Game Durations: N=30, mean=16.3 (+/-2.07199).
P1: N=15, mean=18.6 (+/-3.673229).
P2: N=15, mean=14 (+/-1.179083).

Agent 2 (SHUCT)
Winning score (between 0 and 1) : N=30, mean=0.666667 (+/-0.17157).
P1: N=15, mean=0.8 (+/-0.209529).
P2: N=15, mean=0.533333 (+/-0.261328).
Game Durations: N=30, mean=16.3 (+/-2.07199).
P1: N=15, mean=14 (+/-1.179083).
P2: N=15, mean=18.6 (+/-3.673229).
=====================================================
=====================================================
Completed 40 games.

Agent 1 (UCT)
Winning score (between 0 and 1) : N=40, mean=0.375 (+/-0.151939).
P1: N=20, mean=0.55 (+/-0.223696).
P2: N=20, mean=0.2 (+/-0.179858).
Game Durations: N=40, mean=17.325 (+/-2.349006).
P1: N=20, mean=18.55 (+/-3.372268).
P2: N=20, mean=16.1 (+/-3.266978).

Agent 2 (SHUCT)
Winning score (between 0 and 1) : N=40, mean=0.625 (+/-0.151939).
P1: N=20, mean=0.8 (+/-0.179858).
P2: N=20, mean=0.45 (+/-0.223696).
Game Durations: N=40, mean=17.325 (+/-2.349006).
P1: N=20, mean=16.1 (+/-3.266978).
P2: N=20, mean=18.55 (+/-3.372268).
=====================================================
=====================================================
Completed 50 games.

Agent 1 (UCT)
Winning score (between 0 and 1) : N=50, mean=0.38 (+/-0.135905).
P1: N=25, mean=0.48 (+/-0.199877).
P2: N=25, mean=0.28 (+/-0.179633).
Game Durations: N=50, mean=17.68 (+/-2.027159).
P1: N=25, mean=19.2 (+/-2.968116).
P2: N=25, mean=16.16 (+/-2.688981).

Agent 2 (SHUCT)
Winning score (between 0 and 1) : N=50, mean=0.62 (+/-0.135905).
P1: N=25, mean=0.72 (+/-0.179633).
P2: N=25, mean=0.52 (+/-0.199877).
Game Durations: N=50, mean=17.68 (+/-2.027159).
P1: N=25, mean=16.16 (+/-2.688981).
P2: N=25, mean=19.2 (+/-2.968116).
=====================================================
=====================================================
Completed 60 games.

Agent 1 (UCT)
Winning score (between 0 and 1) : N=60, mean=0.366667 (+/-0.122963).
P1: N=30, mean=0.466667 (+/-0.181573).
P2: N=30, mean=0.266667 (+/-0.160947).
Game Durations: N=60, mean=18.266667 (+/-1.868038).
P1: N=30, mean=19.4 (+/-2.683745).
P2: N=30, mean=17.133333 (+/-2.579951).

Agent 2 (SHUCT)
Winning score (between 0 and 1) : N=60, mean=0.633333 (+/-0.122963).
P1: N=30, mean=0.733333 (+/-0.160947).
P2: N=30, mean=0.533333 (+/-0.181573).
Game Durations: N=60, mean=18.266667 (+/-1.868038).
P1: N=30, mean=17.133333 (+/-2.579951).
P2: N=30, mean=19.4 (+/-2.683745).
=====================================================
=====================================================
Completed 70 games.

Agent 1 (UCT)
Winning score (between 0 and 1) : N=70, mean=0.371429 (+/-0.114009).
P1: N=35, mean=0.457143 (+/-0.167447).
P2: N=35, mean=0.285714 (+/-0.151848).
Game Durations: N=70, mean=18.185714 (+/-1.650838).
P1: N=35, mean=19.257143 (+/-2.345827).
P2: N=35, mean=17.114286 (+/-2.301971).

Agent 2 (SHUCT)
Winning score (between 0 and 1) : N=70, mean=0.628571 (+/-0.114009).
P1: N=35, mean=0.714286 (+/-0.151848).
P2: N=35, mean=0.542857 (+/-0.167447).
Game Durations: N=70, mean=18.185714 (+/-1.650838).
P1: N=35, mean=17.114286 (+/-2.301971).
P2: N=35, mean=19.257143 (+/-2.345827).
=====================================================
=====================================================
Completed 80 games.

Agent 1 (UCT)
Winning score (between 0 and 1) : N=80, mean=0.3625 (+/-0.106005).
P1: N=40, mean=0.425 (+/-0.155147).
P2: N=40, mean=0.3 (+/-0.143822).
Game Durations: N=80, mean=18.0375 (+/-1.469533).
P1: N=40, mean=18.975 (+/-2.10941).
P2: N=40, mean=17.1 (+/-2.031281).

Agent 2 (SHUCT)
Winning score (between 0 and 1) : N=80, mean=0.6375 (+/-0.106005).
P1: N=40, mean=0.7 (+/-0.143822).
P2: N=40, mean=0.575 (+/-0.155147).
Game Durations: N=80, mean=18.0375 (+/-1.469533).
P1: N=40, mean=17.1 (+/-2.031281).
P2: N=40, mean=18.975 (+/-2.10941).
=====================================================
=====================================================
Completed 90 games.

Agent 1 (UCT)
Winning score (between 0 and 1) : N=90, mean=0.355556 (+/-0.099449).
P1: N=45, mean=0.422222 (+/-0.145939).
P2: N=45, mean=0.288889 (+/-0.133923).
Game Durations: N=90, mean=17.811111 (+/-1.334924).
P1: N=45, mean=18.6 (+/-1.913276).
P2: N=45, mean=17.022222 (+/-1.854668).

Agent 2 (SHUCT)
Winning score (between 0 and 1) : N=90, mean=0.644444 (+/-0.099449).
P1: N=45, mean=0.711111 (+/-0.133923).
P2: N=45, mean=0.577778 (+/-0.145939).
Game Durations: N=90, mean=17.811111 (+/-1.334924).
P1: N=45, mean=17.022222 (+/-1.854668).
P2: N=45, mean=18.6 (+/-1.913276).
=====================================================
=====================================================
Completed 100 games.

Agent 1 (UCT)
Winning score (between 0 and 1) : N=100, mean=0.33 (+/-0.092624).
P1: N=50, mean=0.38 (+/-0.135905).
P2: N=50, mean=0.28 (+/-0.125717).
Game Durations: N=100, mean=17.61 (+/-1.219356).
P1: N=50, mean=18.3 (+/-1.746994).
P2: N=50, mean=16.92 (+/-1.697458).

Agent 2 (SHUCT)
Winning score (between 0 and 1) : N=100, mean=0.67 (+/-0.092624).
P1: N=50, mean=0.72 (+/-0.125717).
P2: N=50, mean=0.62 (+/-0.135905).
Game Durations: N=100, mean=17.61 (+/-1.219356).
P1: N=50, mean=16.92 (+/-1.697458).
P2: N=50, mean=18.3 (+/-1.746994).
=====================================================
=====================================================
Completed 110 games.

Agent 1 (UCT)
Winning score (between 0 and 1) : N=110, mean=0.327273 (+/-0.088086).
P1: N=55, mean=0.363636 (+/-0.128303).
P2: N=55, mean=0.290909 (+/-0.121138).
Game Durations: N=110, mean=17.409091 (+/-1.138348).
P1: N=55, mean=17.963636 (+/-1.640186).
P2: N=55, mean=16.854545 (+/-1.580308).

Agent 2 (SHUCT)
Winning score (between 0 and 1) : N=110, mean=0.672727 (+/-0.088086).
P1: N=55, mean=0.709091 (+/-0.121138).
P2: N=55, mean=0.636364 (+/-0.128303).
Game Durations: N=110, mean=17.409091 (+/-1.138348).
P1: N=55, mean=16.854545 (+/-1.580308).
P2: N=55, mean=17.963636 (+/-1.640186).
=====================================================
=====================================================
Completed 120 games.

Agent 1 (UCT)
Winning score (between 0 and 1) : N=120, mean=0.308333 (+/-0.082972).
P1: N=60, mean=0.35 (+/-0.121706).
P2: N=60, mean=0.266667 (+/-0.112838).
Game Durations: N=120, mean=17.575 (+/-1.075433).
P1: N=60, mean=18.016667 (+/-1.55385).
P2: N=60, mean=17.133333 (+/-1.491837).

Agent 2 (SHUCT)
Winning score (between 0 and 1) : N=120, mean=0.691667 (+/-0.082972).
P1: N=60, mean=0.733333 (+/-0.112838).
P2: N=60, mean=0.65 (+/-0.121706).
Game Durations: N=120, mean=17.575 (+/-1.075433).
P1: N=60, mean=17.133333 (+/-1.491837).
P2: N=60, mean=18.016667 (+/-1.55385).
=====================================================
=====================================================
Completed 130 games.

Agent 1 (UCT)
Winning score (between 0 and 1) : N=130, mean=0.323077 (+/-0.0807).
P1: N=65, mean=0.369231 (+/-0.118234).
P2: N=65, mean=0.276923 (+/-0.10963).
Game Durations: N=130, mean=17.669231 (+/-1.011301).
P1: N=65, mean=18 (+/-1.457352).
P2: N=65, mean=17.338462 (+/-1.40921).

Agent 2 (SHUCT)
Winning score (between 0 and 1) : N=130, mean=0.676923 (+/-0.0807).
P1: N=65, mean=0.723077 (+/-0.10963).
P2: N=65, mean=0.630769 (+/-0.118234).
Game Durations: N=130, mean=17.669231 (+/-1.011301).
P1: N=65, mean=17.338462 (+/-1.40921).
P2: N=65, mean=18 (+/-1.457352).
=====================================================
=====================================================
Completed 140 games.

Agent 1 (UCT)
Winning score (between 0 and 1) : N=140, mean=0.342857 (+/-0.078909).
P1: N=70, mean=0.371429 (+/-0.114009).
P2: N=70, mean=0.314286 (+/-0.109536).
Game Durations: N=140, mean=17.585714 (+/-0.949385).
P1: N=70, mean=17.914286 (+/-1.368136).
P2: N=70, mean=17.257143 (+/-1.321982).

Agent 2 (SHUCT)
Winning score (between 0 and 1) : N=140, mean=0.657143 (+/-0.078909).
P1: N=70, mean=0.685714 (+/-0.109536).
P2: N=70, mean=0.628571 (+/-0.114009).
Game Durations: N=140, mean=17.585714 (+/-0.949385).
P1: N=70, mean=17.257143 (+/-1.321982).
P2: N=70, mean=17.914286 (+/-1.368136).
=====================================================
=====================================================
Completed 150 games.

Agent 1 (UCT)
Winning score (between 0 and 1) : N=150, mean=0.34 (+/-0.076062).
P1: N=75, mean=0.386667 (+/-0.110955).
P2: N=75, mean=0.293333 (+/-0.103734).
Game Durations: N=150, mean=17.746667 (+/-0.997095).
P1: N=75, mean=18.253333 (+/-1.543988).
P2: N=75, mean=17.24 (+/-1.262186).

Agent 2 (SHUCT)
Winning score (between 0 and 1) : N=150, mean=0.66 (+/-0.076062).
P1: N=75, mean=0.706667 (+/-0.103734).
P2: N=75, mean=0.613333 (+/-0.110955).
Game Durations: N=150, mean=17.746667 (+/-0.997095).
P1: N=75, mean=17.24 (+/-1.262186).
P2: N=75, mean=18.253333 (+/-1.543988).
=====================================================
