Warming up...
Finished warming up!
=====================================================
Completed 1 games.

Agent 1 (UCT)
Winning score (between 0 and 1) : N=1, mean=0 (+/-0).
P1: N=1, mean=0 (+/-0).
P2: N=0, mean=0 (+/-0).
Game Durations: N=1, mean=10 (+/-0).
P1: N=1, mean=10 (+/-0).
P2: N=0, mean=0 (+/-0).

Agent 2 (SHUCT)
Winning score (between 0 and 1) : N=1, mean=1 (+/-0).
P1: N=0, mean=0 (+/-0).
P2: N=1, mean=1 (+/-0).
Game Durations: N=1, mean=10 (+/-0).
P1: N=0, mean=0 (+/-0).
P2: N=1, mean=10 (+/-0).
=====================================================
=====================================================
Completed 2 games.

Agent 1 (UCT)
Winning score (between 0 and 1) : N=2, mean=0 (+/-0).
P1: N=1, mean=0 (+/-0).
P2: N=1, mean=0 (+/-0).
Game Durations: N=2, mean=12.5 (+/-4.8999).
P1: N=1, mean=10 (+/-0).
P2: N=1, mean=15 (+/-0).

Agent 2 (SHUCT)
Winning score (between 0 and 1) : N=2, mean=1 (+/-0).
P1: N=1, mean=1 (+/-0).
P2: N=1, mean=1 (+/-0).
Game Durations: N=2, mean=12.5 (+/-4.8999).
P1: N=1, mean=15 (+/-0).
P2: N=1, mean=10 (+/-0).
=====================================================
=====================================================
Completed 3 games.

Agent 1 (UCT)
Winning score (between 0 and 1) : N=3, mean=0 (+/-0).
P1: N=2, mean=0 (+/-0).
P2: N=1, mean=0 (+/-0).
Game Durations: N=3, mean=11.666667 (+/-3.2666).
P1: N=2, mean=10 (+/-0).
P2: N=1, mean=15 (+/-0).

Agent 2 (SHUCT)
Winning score (between 0 and 1) : N=3, mean=1 (+/-0).
P1: N=1, mean=1 (+/-0).
P2: N=2, mean=1 (+/-0).
Game Durations: N=3, mean=11.666667 (+/-3.2666).
P1: N=1, mean=15 (+/-0).
P2: N=2, mean=10 (+/-0).
=====================================================
=====================================================
Completed 4 games.

Agent 1 (UCT)
Winning score (between 0 and 1) : N=4, mean=0 (+/-0).
P1: N=2, mean=0 (+/-0).
P2: N=2, mean=0 (+/-0).
Game Durations: N=4, mean=11.5 (+/-2.332819).
P1: N=2, mean=10 (+/-0).
P2: N=2, mean=13 (+/-3.91992).

Agent 2 (SHUCT)
Winning score (between 0 and 1) : N=4, mean=1 (+/-0).
P1: N=2, mean=1 (+/-0).
P2: N=2, mean=1 (+/-0).
Game Durations: N=4, mean=11.5 (+/-2.332819).
P1: N=2, mean=13 (+/-3.91992).
P2: N=2, mean=10 (+/-0).
=====================================================
=====================================================
Completed 5 games.

Agent 1 (UCT)
Winning score (between 0 and 1) : N=5, mean=0 (+/-0).
P1: N=3, mean=0 (+/-0).
P2: N=2, mean=0 (+/-0).
Game Durations: N=5, mean=12 (+/-2.055623).
P1: N=3, mean=11.333333 (+/-2.61328).
P2: N=2, mean=13 (+/-3.91992).

Agent 2 (SHUCT)
Winning score (between 0 and 1) : N=5, mean=1 (+/-0).
P1: N=2, mean=1 (+/-0).
P2: N=3, mean=1 (+/-0).
Game Durations: N=5, mean=12 (+/-2.055623).
P1: N=2, mean=13 (+/-3.91992).
P2: N=3, mean=11.333333 (+/-2.61328).
=====================================================
=====================================================
Completed 10 games.

Agent 1 (UCT)
Winning score (between 0 and 1) : N=10, mean=0 (+/-0).
P1: N=5, mean=0 (+/-0).
P2: N=5, mean=0 (+/-0).
Game Durations: N=10, mean=11.7 (+/-1.547417).
P1: N=5, mean=11.6 (+/-1.920361).
P2: N=5, mean=11.8 (+/-2.658619).

Agent 2 (SHUCT)
Winning score (between 0 and 1) : N=10, mean=1 (+/-0).
P1: N=5, mean=1 (+/-0).
P2: N=5, mean=1 (+/-0).
Game Durations: N=10, mean=11.7 (+/-1.547417).
P1: N=5, mean=11.8 (+/-2.658619).
P2: N=5, mean=11.6 (+/-1.920361).
=====================================================
=====================================================
Completed 20 games.

Agent 1 (UCT)
Winning score (between 0 and 1) : N=20, mean=0 (+/-0).
P1: N=10, mean=0 (+/-0).
P2: N=10, mean=0 (+/-0).
Game Durations: N=20, mean=12 (+/-1.073514).
P1: N=10, mean=11.6 (+/-1.407294).
P2: N=10, mean=12.4 (+/-1.65794).

Agent 2 (SHUCT)
Winning score (between 0 and 1) : N=20, mean=1 (+/-0).
P1: N=10, mean=1 (+/-0).
P2: N=10, mean=1 (+/-0).
Game Durations: N=20, mean=12 (+/-1.073514).
P1: N=10, mean=12.4 (+/-1.65794).
P2: N=10, mean=11.6 (+/-1.407294).
=====================================================
=====================================================
Completed 30 games.

Agent 1 (UCT)
Winning score (between 0 and 1) : N=30, mean=0 (+/-0).
P1: N=15, mean=0 (+/-0).
P2: N=15, mean=0 (+/-0).
Game Durations: N=30, mean=12.833333 (+/-1.76079).
P1: N=15, mean=13.733333 (+/-3.309991).
P2: N=15, mean=11.933333 (+/-1.201622).

Agent 2 (SHUCT)
Winning score (between 0 and 1) : N=30, mean=1 (+/-0).
P1: N=15, mean=1 (+/-0).
P2: N=15, mean=1 (+/-0).
Game Durations: N=30, mean=12.833333 (+/-1.76079).
P1: N=15, mean=11.933333 (+/-1.201622).
P2: N=15, mean=13.733333 (+/-3.309991).
=====================================================
=====================================================
Completed 40 games.

Agent 1 (UCT)
Winning score (between 0 and 1) : N=40, mean=0.05 (+/-0.068401).
P1: N=20, mean=0.05 (+/-0.097998).
P2: N=20, mean=0.05 (+/-0.097998).
Game Durations: N=40, mean=12.7 (+/-1.371972).
P1: N=20, mean=13.45 (+/-2.525532).
P2: N=20, mean=11.95 (+/-1.059056).

Agent 2 (SHUCT)
Winning score (between 0 and 1) : N=40, mean=0.95 (+/-0.068401).
P1: N=20, mean=0.95 (+/-0.097998).
P2: N=20, mean=0.95 (+/-0.097998).
Game Durations: N=40, mean=12.7 (+/-1.371972).
P1: N=20, mean=11.95 (+/-1.059056).
P2: N=20, mean=13.45 (+/-2.525532).
=====================================================
=====================================================
Completed 50 games.

Agent 1 (UCT)
Winning score (between 0 and 1) : N=50, mean=0.04 (+/-0.054867).
P1: N=25, mean=0.04 (+/-0.078398).
P2: N=25, mean=0.04 (+/-0.078398).
Game Durations: N=50, mean=13.22 (+/-1.298026).
P1: N=25, mean=14.6 (+/-2.330073).
P2: N=25, mean=11.84 (+/-0.917071).

Agent 2 (SHUCT)
Winning score (between 0 and 1) : N=50, mean=0.96 (+/-0.054867).
P1: N=25, mean=0.96 (+/-0.078398).
P2: N=25, mean=0.96 (+/-0.078398).
Game Durations: N=50, mean=13.22 (+/-1.298026).
P1: N=25, mean=11.84 (+/-0.917071).
P2: N=25, mean=14.6 (+/-2.330073).
=====================================================
=====================================================
Completed 60 games.

Agent 1 (UCT)
Winning score (between 0 and 1) : N=60, mean=0.033333 (+/-0.045804).
P1: N=30, mean=0.033333 (+/-0.065332).
P2: N=30, mean=0.033333 (+/-0.065332).
Game Durations: N=60, mean=13.033333 (+/-1.122887).
P1: N=30, mean=14.033333 (+/-2.003372).
P2: N=30, mean=12.033333 (+/-0.923057).

Agent 2 (SHUCT)
Winning score (between 0 and 1) : N=60, mean=0.966667 (+/-0.045804).
P1: N=30, mean=0.966667 (+/-0.065332).
P2: N=30, mean=0.966667 (+/-0.065332).
Game Durations: N=60, mean=13.033333 (+/-1.122887).
P1: N=30, mean=12.033333 (+/-0.923057).
P2: N=30, mean=14.033333 (+/-2.003372).
=====================================================
=====================================================
Completed 70 games.

Agent 1 (UCT)
Winning score (between 0 and 1) : N=70, mean=0.028571 (+/-0.039309).
P1: N=35, mean=0.028571 (+/-0.055999).
P2: N=35, mean=0.028571 (+/-0.055999).
Game Durations: N=70, mean=13.185714 (+/-1.032573).
P1: N=35, mean=14.2 (+/-1.781899).
P2: N=35, mean=12.171429 (+/-0.959123).

Agent 2 (SHUCT)
Winning score (between 0 and 1) : N=70, mean=0.971429 (+/-0.039309).
P1: N=35, mean=0.971429 (+/-0.055999).
P2: N=35, mean=0.971429 (+/-0.055999).
Game Durations: N=70, mean=13.185714 (+/-1.032573).
P1: N=35, mean=12.171429 (+/-0.959123).
P2: N=35, mean=14.2 (+/-1.781899).
=====================================================
=====================================================
Completed 80 games.

Agent 1 (UCT)
Winning score (between 0 and 1) : N=80, mean=0.025 (+/-0.034428).
P1: N=40, mean=0.025 (+/-0.048999).
P2: N=40, mean=0.025 (+/-0.048999).
Game Durations: N=80, mean=13.1 (+/-0.976002).
P1: N=40, mean=14.175 (+/-1.69576).
P2: N=40, mean=12.025 (+/-0.869434).

Agent 2 (SHUCT)
Winning score (between 0 and 1) : N=80, mean=0.975 (+/-0.034428).
P1: N=40, mean=0.975 (+/-0.048999).
P2: N=40, mean=0.975 (+/-0.048999).
Game Durations: N=80, mean=13.1 (+/-0.976002).
P1: N=40, mean=12.025 (+/-0.869434).
P2: N=40, mean=14.175 (+/-1.69576).
=====================================================
=====================================================
Completed 90 games.

Agent 1 (UCT)
Winning score (between 0 and 1) : N=90, mean=0.022222 (+/-0.030624).
P1: N=45, mean=0.022222 (+/-0.043555).
P2: N=45, mean=0.022222 (+/-0.043555).
Game Durations: N=90, mean=13.122222 (+/-0.944381).
P1: N=45, mean=14.111111 (+/-1.533718).
P2: N=45, mean=12.133333 (+/-1.041593).

Agent 2 (SHUCT)
Winning score (between 0 and 1) : N=90, mean=0.977778 (+/-0.030624).
P1: N=45, mean=0.977778 (+/-0.043555).
P2: N=45, mean=0.977778 (+/-0.043555).
Game Durations: N=90, mean=13.122222 (+/-0.944381).
P1: N=45, mean=12.133333 (+/-1.041593).
P2: N=45, mean=14.111111 (+/-1.533718).
=====================================================
=====================================================
Completed 100 games.

Agent 1 (UCT)
Winning score (between 0 and 1) : N=100, mean=0.03 (+/-0.033603).
P1: N=50, mean=0.04 (+/-0.054867).
P2: N=50, mean=0.02 (+/-0.039199).
Game Durations: N=100, mean=13.71 (+/-1.213422).
P1: N=50, mean=15.12 (+/-2.146766).
P2: N=50, mean=12.3 (+/-1.014569).

Agent 2 (SHUCT)
Winning score (between 0 and 1) : N=100, mean=0.97 (+/-0.033603).
P1: N=50, mean=0.98 (+/-0.039199).
P2: N=50, mean=0.96 (+/-0.054867).
Game Durations: N=100, mean=13.71 (+/-1.213422).
P1: N=50, mean=12.3 (+/-1.014569).
P2: N=50, mean=15.12 (+/-2.146766).
=====================================================
=====================================================
Completed 110 games.

Agent 1 (UCT)
Winning score (between 0 and 1) : N=110, mean=0.036364 (+/-0.035142).
P1: N=55, mean=0.054545 (+/-0.060569).
P2: N=55, mean=0.018182 (+/-0.035636).
Game Durations: N=110, mean=13.790909 (+/-1.138291).
P1: N=55, mean=15.254545 (+/-1.997362).
P2: N=55, mean=12.327273 (+/-0.967767).

Agent 2 (SHUCT)
Winning score (between 0 and 1) : N=110, mean=0.963636 (+/-0.035142).
P1: N=55, mean=0.981818 (+/-0.035636).
P2: N=55, mean=0.945455 (+/-0.060569).
Game Durations: N=110, mean=13.790909 (+/-1.138291).
P1: N=55, mean=12.327273 (+/-0.967767).
P2: N=55, mean=15.254545 (+/-1.997362).
=====================================================
=====================================================
Completed 120 games.

Agent 1 (UCT)
Winning score (between 0 and 1) : N=120, mean=0.041667 (+/-0.035903).
P1: N=60, mean=0.066667 (+/-0.063649).
P2: N=60, mean=0.016667 (+/-0.032666).
Game Durations: N=120, mean=13.625 (+/-1.050991).
P1: N=60, mean=15 (+/-1.843557).
P2: N=60, mean=12.25 (+/-0.900489).

Agent 2 (SHUCT)
Winning score (between 0 and 1) : N=120, mean=0.958333 (+/-0.035903).
P1: N=60, mean=0.983333 (+/-0.032666).
P2: N=60, mean=0.933333 (+/-0.063649).
Game Durations: N=120, mean=13.625 (+/-1.050991).
P1: N=60, mean=12.25 (+/-0.900489).
P2: N=60, mean=15 (+/-1.843557).
=====================================================
=====================================================
Completed 130 games.

Agent 1 (UCT)
Winning score (between 0 and 1) : N=130, mean=0.038462 (+/-0.033186).
P1: N=65, mean=0.061538 (+/-0.058876).
P2: N=65, mean=0.015385 (+/-0.030153).
Game Durations: N=130, mean=13.661538 (+/-0.995818).
P1: N=65, mean=15.107692 (+/-1.744658).
P2: N=65, mean=12.215385 (+/-0.838279).

Agent 2 (SHUCT)
Winning score (between 0 and 1) : N=130, mean=0.961538 (+/-0.033186).
P1: N=65, mean=0.984615 (+/-0.030153).
P2: N=65, mean=0.938462 (+/-0.058876).
Game Durations: N=130, mean=13.661538 (+/-0.995818).
P1: N=65, mean=12.215385 (+/-0.838279).
P2: N=65, mean=15.107692 (+/-1.744658).
=====================================================
=====================================================
Completed 140 games.

Agent 1 (UCT)
Winning score (between 0 and 1) : N=140, mean=0.042857 (+/-0.03367).
P1: N=70, mean=0.071429 (+/-0.060767).
P2: N=70, mean=0.014286 (+/-0.027999).
Game Durations: N=140, mean=13.642857 (+/-0.94419).
P1: N=70, mean=15.157143 (+/-1.645212).
P2: N=70, mean=12.128571 (+/-0.793584).

Agent 2 (SHUCT)
Winning score (between 0 and 1) : N=140, mean=0.957143 (+/-0.03367).
P1: N=70, mean=0.985714 (+/-0.027999).
P2: N=70, mean=0.928571 (+/-0.060767).
Game Durations: N=140, mean=13.642857 (+/-0.94419).
P1: N=70, mean=12.128571 (+/-0.793584).
P2: N=70, mean=15.157143 (+/-1.645212).
=====================================================
=====================================================
Completed 150 games.

Agent 1 (UCT)
Winning score (between 0 and 1) : N=150, mean=0.04 (+/-0.031464).
P1: N=75, mean=0.066667 (+/-0.056833).
P2: N=75, mean=0.013333 (+/-0.026133).
Game Durations: N=150, mean=13.58 (+/-0.889227).
P1: N=75, mean=15.08 (+/-1.545183).
P2: N=75, mean=12.08 (+/-0.750386).

Agent 2 (SHUCT)
Winning score (between 0 and 1) : N=150, mean=0.96 (+/-0.031464).
P1: N=75, mean=0.986667 (+/-0.026133).
P2: N=75, mean=0.933333 (+/-0.056833).
Game Durations: N=150, mean=13.58 (+/-0.889227).
P1: N=75, mean=12.08 (+/-0.750386).
P2: N=75, mean=15.08 (+/-1.545183).
=====================================================
