Warming up...
Finished warming up!
=====================================================
Completed 1 games.

Agent 1 (UCT)
Winning score (between 0 and 1) : N=1, mean=0 (+/-0).
P1: N=0, mean=0 (+/-0).
P2: N=1, mean=0 (+/-0).
Game Durations: N=1, mean=23 (+/-0).
P1: N=0, mean=0 (+/-0).
P2: N=1, mean=23 (+/-0).

Agent 2 (SHUCT)
Winning score (between 0 and 1) : N=1, mean=1 (+/-0).
P1: N=1, mean=1 (+/-0).
P2: N=0, mean=0 (+/-0).
Game Durations: N=1, mean=23 (+/-0).
P1: N=1, mean=23 (+/-0).
P2: N=0, mean=0 (+/-0).
=====================================================
=====================================================
Completed 2 games.

Agent 1 (UCT)
Winning score (between 0 and 1) : N=2, mean=0 (+/-0).
P1: N=1, mean=0 (+/-0).
P2: N=1, mean=0 (+/-0).
Game Durations: N=2, mean=18.5 (+/-8.81982).
P1: N=1, mean=14 (+/-0).
P2: N=1, mean=23 (+/-0).

Agent 2 (SHUCT)
Winning score (between 0 and 1) : N=2, mean=1 (+/-0).
P1: N=1, mean=1 (+/-0).
P2: N=1, mean=1 (+/-0).
Game Durations: N=2, mean=18.5 (+/-8.81982).
P1: N=1, mean=23 (+/-0).
P2: N=1, mean=14 (+/-0).
=====================================================
=====================================================
Completed 3 games.

Agent 1 (UCT)
Winning score (between 0 and 1) : N=3, mean=0 (+/-0).
P1: N=1, mean=0 (+/-0).
P2: N=2, mean=0 (+/-0).
Game Durations: N=3, mean=23.333333 (+/-10.755005).
P1: N=1, mean=14 (+/-0).
P2: N=2, mean=28 (+/-9.7998).

Agent 2 (SHUCT)
Winning score (between 0 and 1) : N=3, mean=1 (+/-0).
P1: N=2, mean=1 (+/-0).
P2: N=1, mean=1 (+/-0).
Game Durations: N=3, mean=23.333333 (+/-10.755005).
P1: N=2, mean=28 (+/-9.7998).
P2: N=1, mean=14 (+/-0).
=====================================================
=====================================================
Completed 4 games.

Agent 1 (UCT)
Winning score (between 0 and 1) : N=4, mean=0.25 (+/-0.48999).
P1: N=2, mean=0.5 (+/-0.97998).
P2: N=2, mean=0 (+/-0).
Game Durations: N=4, mean=20.75 (+/-9.136266).
P1: N=2, mean=13.5 (+/-0.97998).
P2: N=2, mean=28 (+/-9.7998).

Agent 2 (SHUCT)
Winning score (between 0 and 1) : N=4, mean=0.75 (+/-0.48999).
P1: N=2, mean=1 (+/-0).
P2: N=2, mean=0.5 (+/-0.97998).
Game Durations: N=4, mean=20.75 (+/-9.136266).
P1: N=2, mean=28 (+/-9.7998).
P2: N=2, mean=13.5 (+/-0.97998).
=====================================================
=====================================================
Completed 5 games.

Agent 1 (UCT)
Winning score (between 0 and 1) : N=5, mean=0.4 (+/-0.48009).
P1: N=2, mean=0.5 (+/-0.97998).
P2: N=3, mean=0.333333 (+/-0.65332).
Game Durations: N=5, mean=18.6 (+/-8.236497).
P1: N=2, mean=13.5 (+/-0.97998).
P2: N=3, mean=22 (+/-13.050057).

Agent 2 (SHUCT)
Winning score (between 0 and 1) : N=5, mean=0.6 (+/-0.48009).
P1: N=3, mean=0.666667 (+/-0.65332).
P2: N=2, mean=0.5 (+/-0.97998).
Game Durations: N=5, mean=18.6 (+/-8.236497).
P1: N=3, mean=22 (+/-13.050057).
P2: N=2, mean=13.5 (+/-0.97998).
=====================================================
=====================================================
Completed 10 games.

Agent 1 (UCT)
Winning score (between 0 and 1) : N=10, mean=0.6 (+/-0.32006).
P1: N=5, mean=0.8 (+/-0.391992).
P2: N=5, mean=0.4 (+/-0.48009).
Game Durations: N=10, mean=24.7 (+/-7.546058).
P1: N=5, mean=24 (+/-13.691692).
P2: N=5, mean=25.4 (+/-8.236497).

Agent 2 (SHUCT)
Winning score (between 0 and 1) : N=10, mean=0.4 (+/-0.32006).
P1: N=5, mean=0.6 (+/-0.48009).
P2: N=5, mean=0.2 (+/-0.391992).
Game Durations: N=10, mean=24.7 (+/-7.546058).
P1: N=5, mean=25.4 (+/-8.236497).
P2: N=5, mean=24 (+/-13.691692).
=====================================================
=====================================================
Completed 20 games.

Agent 1 (UCT)
Winning score (between 0 and 1) : N=20, mean=0.45 (+/-0.223696).
P1: N=10, mean=0.5 (+/-0.32666).
P2: N=10, mean=0.4 (+/-0.32006).
Game Durations: N=20, mean=25.05 (+/-5.370349).
P1: N=10, mean=25.9 (+/-8.419721).
P2: N=10, mean=24.2 (+/-7.089651).

Agent 2 (SHUCT)
Winning score (between 0 and 1) : N=20, mean=0.55 (+/-0.223696).
P1: N=10, mean=0.6 (+/-0.32006).
P2: N=10, mean=0.5 (+/-0.32666).
Game Durations: N=20, mean=25.05 (+/-5.370349).
P1: N=10, mean=24.2 (+/-7.089651).
P2: N=10, mean=25.9 (+/-8.419721).
=====================================================
=====================================================
Completed 30 games.

Agent 1 (UCT)
Winning score (between 0 and 1) : N=30, mean=0.466667 (+/-0.181573).
P1: N=15, mean=0.6 (+/-0.256619).
P2: N=15, mean=0.333333 (+/-0.246932).
Game Durations: N=30, mean=24.033333 (+/-4.309949).
P1: N=15, mean=25.266667 (+/-6.709459).
P2: N=15, mean=22.8 (+/-5.57716).

Agent 2 (SHUCT)
Winning score (between 0 and 1) : N=30, mean=0.533333 (+/-0.181573).
P1: N=15, mean=0.666667 (+/-0.246932).
P2: N=15, mean=0.4 (+/-0.256619).
Game Durations: N=30, mean=24.033333 (+/-4.309949).
P1: N=15, mean=22.8 (+/-5.57716).
P2: N=15, mean=25.266667 (+/-6.709459).
=====================================================
=====================================================
Completed 40 games.

Agent 1 (UCT)
Winning score (between 0 and 1) : N=40, mean=0.475 (+/-0.156726).
P1: N=20, mean=0.65 (+/-0.214467).
P2: N=20, mean=0.3 (+/-0.206054).
Game Durations: N=40, mean=24.325 (+/-3.516874).
P1: N=20, mean=25.75 (+/-5.44401).
P2: N=20, mean=22.9 (+/-4.507459).

Agent 2 (SHUCT)
Winning score (between 0 and 1) : N=40, mean=0.525 (+/-0.156726).
P1: N=20, mean=0.7 (+/-0.206054).
P2: N=20, mean=0.35 (+/-0.214467).
Game Durations: N=40, mean=24.325 (+/-3.516874).
P1: N=20, mean=22.9 (+/-4.507459).
P2: N=20, mean=25.75 (+/-5.44401).
=====================================================
=====================================================
Completed 50 games.

Agent 1 (UCT)
Winning score (between 0 and 1) : N=50, mean=0.48 (+/-0.139885).
P1: N=25, mean=0.64 (+/-0.192036).
P2: N=25, mean=0.32 (+/-0.186626).
Game Durations: N=50, mean=23.42 (+/-3.079474).
P1: N=25, mean=24.48 (+/-4.783695).
P2: N=25, mean=22.36 (+/-3.934397).

Agent 2 (SHUCT)
Winning score (between 0 and 1) : N=50, mean=0.52 (+/-0.139885).
P1: N=25, mean=0.68 (+/-0.186626).
P2: N=25, mean=0.36 (+/-0.192036).
Game Durations: N=50, mean=23.42 (+/-3.079474).
P1: N=25, mean=22.36 (+/-3.934397).
P2: N=25, mean=24.48 (+/-4.783695).
=====================================================
=====================================================
Completed 60 games.

Agent 1 (UCT)
Winning score (between 0 and 1) : N=60, mean=0.466667 (+/-0.127299).
P1: N=30, mean=0.633333 (+/-0.175388).
P2: N=30, mean=0.3 (+/-0.166785).
Game Durations: N=60, mean=23.1 (+/-2.956577).
P1: N=30, mean=24.366667 (+/-4.645231).
P2: N=30, mean=21.833333 (+/-3.68307).

Agent 2 (SHUCT)
Winning score (between 0 and 1) : N=60, mean=0.533333 (+/-0.127299).
P1: N=30, mean=0.7 (+/-0.166785).
P2: N=30, mean=0.366667 (+/-0.175388).
Game Durations: N=60, mean=23.1 (+/-2.956577).
P1: N=30, mean=21.833333 (+/-3.68307).
P2: N=30, mean=24.366667 (+/-4.645231).
=====================================================
=====================================================
Completed 70 games.

Agent 1 (UCT)
Winning score (between 0 and 1) : N=70, mean=0.428571 (+/-0.116766).
P1: N=35, mean=0.6 (+/-0.16467).
P2: N=35, mean=0.257143 (+/-0.146909).
Game Durations: N=70, mean=23.5 (+/-2.714614).
P1: N=35, mean=24.142857 (+/-4.209128).
P2: N=35, mean=22.857143 (+/-3.478484).

Agent 2 (SHUCT)
Winning score (between 0 and 1) : N=70, mean=0.571429 (+/-0.116766).
P1: N=35, mean=0.742857 (+/-0.146909).
P2: N=35, mean=0.4 (+/-0.16467).
Game Durations: N=70, mean=23.5 (+/-2.714614).
P1: N=35, mean=22.857143 (+/-3.478484).
P2: N=35, mean=24.142857 (+/-4.209128).
=====================================================
=====================================================
Completed 80 games.

Agent 1 (UCT)
Winning score (between 0 and 1) : N=80, mean=0.4125 (+/-0.108555).
P1: N=40, mean=0.575 (+/-0.155147).
P2: N=40, mean=0.25 (+/-0.135899).
Game Durations: N=80, mean=23.5375 (+/-2.485528).
P1: N=40, mean=23.825 (+/-3.828963).
P2: N=40, mean=23.25 (+/-3.217292).

Agent 2 (SHUCT)
Winning score (between 0 and 1) : N=80, mean=0.5875 (+/-0.108555).
P1: N=40, mean=0.75 (+/-0.135899).
P2: N=40, mean=0.425 (+/-0.155147).
Game Durations: N=80, mean=23.5375 (+/-2.485528).
P1: N=40, mean=23.25 (+/-3.217292).
P2: N=40, mean=23.825 (+/-3.828963).
=====================================================
=====================================================
Completed 90 games.

Agent 1 (UCT)
Winning score (between 0 and 1) : N=90, mean=0.433333 (+/-0.10295).
P1: N=45, mean=0.6 (+/-0.144753).
P2: N=45, mean=0.266667 (+/-0.130664).
Game Durations: N=90, mean=23.644444 (+/-2.269581).
P1: N=45, mean=24.244444 (+/-3.491752).
P2: N=45, mean=23.044444 (+/-2.929664).

Agent 2 (SHUCT)
Winning score (between 0 and 1) : N=90, mean=0.566667 (+/-0.10295).
P1: N=45, mean=0.733333 (+/-0.130664).
P2: N=45, mean=0.4 (+/-0.144753).
Game Durations: N=90, mean=23.644444 (+/-2.269581).
P1: N=45, mean=23.044444 (+/-2.929664).
P2: N=45, mean=24.244444 (+/-3.491752).
=====================================================
=====================================================
Completed 100 games.

Agent 1 (UCT)
Winning score (between 0 and 1) : N=100, mean=0.42 (+/-0.097223).
P1: N=50, mean=0.58 (+/-0.138194).
P2: N=50, mean=0.26 (+/-0.122815).
Game Durations: N=100, mean=23.78 (+/-2.173001).
P1: N=50, mean=23.98 (+/-3.246239).
P2: N=50, mean=23.58 (+/-2.921665).

Agent 2 (SHUCT)
Winning score (between 0 and 1) : N=100, mean=0.58 (+/-0.097223).
P1: N=50, mean=0.74 (+/-0.122815).
P2: N=50, mean=0.42 (+/-0.138194).
Game Durations: N=100, mean=23.78 (+/-2.173001).
P1: N=50, mean=23.58 (+/-2.921665).
P2: N=50, mean=23.98 (+/-3.246239).
=====================================================
=====================================================
Completed 110 games.

Agent 1 (UCT)
Winning score (between 0 and 1) : N=110, mean=0.418182 (+/-0.0926).
P1: N=55, mean=0.563636 (+/-0.132274).
P2: N=55, mean=0.272727 (+/-0.118785).
Game Durations: N=110, mean=23.918182 (+/-2.071558).
P1: N=55, mean=24.090909 (+/-3.114279).
P2: N=55, mean=23.745455 (+/-2.760682).

Agent 2 (SHUCT)
Winning score (between 0 and 1) : N=110, mean=0.581818 (+/-0.0926).
P1: N=55, mean=0.727273 (+/-0.118785).
P2: N=55, mean=0.436364 (+/-0.132274).
Game Durations: N=110, mean=23.918182 (+/-2.071558).
P1: N=55, mean=23.745455 (+/-2.760682).
P2: N=55, mean=24.090909 (+/-3.114279).
=====================================================
=====================================================
Completed 120 games.

Agent 1 (UCT)
Winning score (between 0 and 1) : N=120, mean=0.433333 (+/-0.089033).
P1: N=60, mean=0.566667 (+/-0.126443).
P2: N=60, mean=0.3 (+/-0.116931).
Game Durations: N=120, mean=24.433333 (+/-1.983255).
P1: N=60, mean=24.8 (+/-3.023392).
P2: N=60, mean=24.066667 (+/-2.590006).

Agent 2 (SHUCT)
Winning score (between 0 and 1) : N=120, mean=0.566667 (+/-0.089033).
P1: N=60, mean=0.7 (+/-0.116931).
P2: N=60, mean=0.433333 (+/-0.126443).
Game Durations: N=120, mean=24.433333 (+/-1.983255).
P1: N=60, mean=24.066667 (+/-2.590006).
P2: N=60, mean=24.8 (+/-3.023392).
=====================================================
=====================================================
Completed 130 games.

Agent 1 (UCT)
Winning score (between 0 and 1) : N=130, mean=0.438462 (+/-0.085626).
P1: N=65, mean=0.584615 (+/-0.120731).
P2: N=65, mean=0.292308 (+/-0.111429).
Game Durations: N=130, mean=24.553846 (+/-1.892299).
P1: N=65, mean=24.830769 (+/-2.897727).
P2: N=65, mean=24.276923 (+/-2.455412).

Agent 2 (SHUCT)
Winning score (between 0 and 1) : N=130, mean=0.561538 (+/-0.085626).
P1: N=65, mean=0.707692 (+/-0.111429).
P2: N=65, mean=0.415385 (+/-0.120731).
Game Durations: N=130, mean=24.553846 (+/-1.892299).
P1: N=65, mean=24.276923 (+/-2.455412).
P2: N=65, mean=24.830769 (+/-2.897727).
=====================================================
=====================================================
Completed 140 games.

Agent 1 (UCT)
Winning score (between 0 and 1) : N=140, mean=0.45 (+/-0.082704).
P1: N=70, mean=0.6 (+/-0.115592).
P2: N=70, mean=0.3 (+/-0.108127).
Game Durations: N=140, mean=24.635714 (+/-1.809473).
P1: N=70, mean=24.971429 (+/-2.755101).
P2: N=70, mean=24.3 (+/-2.36401).

Agent 2 (SHUCT)
Winning score (between 0 and 1) : N=140, mean=0.55 (+/-0.082704).
P1: N=70, mean=0.7 (+/-0.108127).
P2: N=70, mean=0.4 (+/-0.115592).
Game Durations: N=140, mean=24.635714 (+/-1.809473).
P1: N=70, mean=24.3 (+/-2.36401).
P2: N=70, mean=24.971429 (+/-2.755101).
=====================================================
=====================================================
Completed 150 games.

Agent 1 (UCT)
Winning score (between 0 and 1) : N=150, mean=0.46 (+/-0.080026).
P1: N=75, mean=0.613333 (+/-0.110955).
P2: N=75, mean=0.306667 (+/-0.10506).
Game Durations: N=150, mean=24.746667 (+/-1.760202).
P1: N=75, mean=24.986667 (+/-2.611998).
P2: N=75, mean=24.506667 (+/-2.376652).

Agent 2 (SHUCT)
Winning score (between 0 and 1) : N=150, mean=0.54 (+/-0.080026).
P1: N=75, mean=0.693333 (+/-0.10506).
P2: N=75, mean=0.386667 (+/-0.110955).
Game Durations: N=150, mean=24.746667 (+/-1.760202).
P1: N=75, mean=24.506667 (+/-2.376652).
P2: N=75, mean=24.986667 (+/-2.611998).
=====================================================
