Warming up...
Finished warming up!
=====================================================
Completed 1 games.

Agent 1 (UCT)
Winning score (between 0 and 1) : N=1, mean=0 (+/-0).
P1: N=0, mean=0 (+/-0).
P2: N=1, mean=0 (+/-0).
Game Durations: N=1, mean=9 (+/-0).
P1: N=0, mean=0 (+/-0).
P2: N=1, mean=9 (+/-0).

Agent 2 (SHUCT)
Winning score (between 0 and 1) : N=1, mean=1 (+/-0).
P1: N=1, mean=1 (+/-0).
P2: N=0, mean=0 (+/-0).
Game Durations: N=1, mean=9 (+/-0).
P1: N=1, mean=9 (+/-0).
P2: N=0, mean=0 (+/-0).
=====================================================
=====================================================
Completed 2 games.

Agent 1 (UCT)
Winning score (between 0 and 1) : N=2, mean=0 (+/-0).
P1: N=1, mean=0 (+/-0).
P2: N=1, mean=0 (+/-0).
Game Durations: N=2, mean=10.5 (+/-2.93994).
P1: N=1, mean=12 (+/-0).
P2: N=1, mean=9 (+/-0).

Agent 2 (SHUCT)
Winning score (between 0 and 1) : N=2, mean=1 (+/-0).
P1: N=1, mean=1 (+/-0).
P2: N=1, mean=1 (+/-0).
Game Durations: N=2, mean=10.5 (+/-2.93994).
P1: N=1, mean=9 (+/-0).
P2: N=1, mean=12 (+/-0).
=====================================================
=====================================================
Completed 3 games.

Agent 1 (UCT)
Winning score (between 0 and 1) : N=3, mean=0 (+/-0).
P1: N=1, mean=0 (+/-0).
P2: N=2, mean=0 (+/-0).
Game Durations: N=3, mean=10 (+/-1.95996).
P1: N=1, mean=12 (+/-0).
P2: N=2, mean=9 (+/-0).

Agent 2 (SHUCT)
Winning score (between 0 and 1) : N=3, mean=1 (+/-0).
P1: N=2, mean=1 (+/-0).
P2: N=1, mean=1 (+/-0).
Game Durations: N=3, mean=10 (+/-1.95996).
P1: N=2, mean=9 (+/-0).
P2: N=1, mean=12 (+/-0).
=====================================================
=====================================================
Completed 4 games.

Agent 1 (UCT)
Winning score (between 0 and 1) : N=4, mean=0 (+/-0).
P1: N=2, mean=0 (+/-0).
P2: N=2, mean=0 (+/-0).
Game Durations: N=4, mean=10 (+/-1.385901).
P1: N=2, mean=11 (+/-1.95996).
P2: N=2, mean=9 (+/-0).

Agent 2 (SHUCT)
Winning score (between 0 and 1) : N=4, mean=1 (+/-0).
P1: N=2, mean=1 (+/-0).
P2: N=2, mean=1 (+/-0).
Game Durations: N=4, mean=10 (+/-1.385901).
P1: N=2, mean=9 (+/-0).
P2: N=2, mean=11 (+/-1.95996).
=====================================================
=====================================================
Completed 5 games.

Agent 1 (UCT)
Winning score (between 0 and 1) : N=5, mean=0 (+/-0).
P1: N=2, mean=0 (+/-0).
P2: N=3, mean=0 (+/-0).
Game Durations: N=5, mean=9.8 (+/-1.142843).
P1: N=2, mean=11 (+/-1.95996).
P2: N=3, mean=9 (+/-0).

Agent 2 (SHUCT)
Winning score (between 0 and 1) : N=5, mean=1 (+/-0).
P1: N=3, mean=1 (+/-0).
P2: N=2, mean=1 (+/-0).
Game Durations: N=5, mean=9.8 (+/-1.142843).
P1: N=3, mean=9 (+/-0).
P2: N=2, mean=11 (+/-1.95996).
=====================================================
=====================================================
Completed 10 games.

Agent 1 (UCT)
Winning score (between 0 and 1) : N=10, mean=0 (+/-0).
P1: N=5, mean=0 (+/-0).
P2: N=5, mean=0 (+/-0).
Game Durations: N=10, mean=10.5 (+/-1.346854).
P1: N=5, mean=11.6 (+/-2.285686).
P2: N=5, mean=9.4 (+/-0.783984).

Agent 2 (SHUCT)
Winning score (between 0 and 1) : N=10, mean=1 (+/-0).
P1: N=5, mean=1 (+/-0).
P2: N=5, mean=1 (+/-0).
Game Durations: N=10, mean=10.5 (+/-1.346854).
P1: N=5, mean=9.4 (+/-0.783984).
P2: N=5, mean=11.6 (+/-2.285686).
=====================================================
=====================================================
Completed 20 games.

Agent 1 (UCT)
Winning score (between 0 and 1) : N=20, mean=0 (+/-0).
P1: N=10, mean=0 (+/-0).
P2: N=10, mean=0 (+/-0).
Game Durations: N=20, mean=10.6 (+/-1.019417).
P1: N=10, mean=11.4 (+/-1.551549).
P2: N=10, mean=9.8 (+/-1.197555).

Agent 2 (SHUCT)
Winning score (between 0 and 1) : N=20, mean=1 (+/-0).
P1: N=10, mean=1 (+/-0).
P2: N=10, mean=1 (+/-0).
Game Durations: N=20, mean=10.6 (+/-1.019417).
P1: N=10, mean=9.8 (+/-1.197555).
P2: N=10, mean=11.4 (+/-1.551549).
=====================================================
=====================================================
Completed 30 games.

Agent 1 (UCT)
Winning score (between 0 and 1) : N=30, mean=0.033333 (+/-0.065332).
P1: N=15, mean=0.066667 (+/-0.130664).
P2: N=15, mean=0 (+/-0).
Game Durations: N=30, mean=11.4 (+/-1.227417).
P1: N=15, mean=12.733333 (+/-1.917183).
P2: N=15, mean=10.066667 (+/-1.261045).

Agent 2 (SHUCT)
Winning score (between 0 and 1) : N=30, mean=0.966667 (+/-0.065332).
P1: N=15, mean=1 (+/-0).
P2: N=15, mean=0.933333 (+/-0.130664).
Game Durations: N=30, mean=11.4 (+/-1.227417).
P1: N=15, mean=10.066667 (+/-1.261045).
P2: N=15, mean=12.733333 (+/-1.917183).
=====================================================
=====================================================
Completed 40 games.

Agent 1 (UCT)
Winning score (between 0 and 1) : N=40, mean=0.025 (+/-0.048999).
P1: N=20, mean=0.05 (+/-0.097998).
P2: N=20, mean=0 (+/-0).
Game Durations: N=40, mean=11.175 (+/-0.964498).
P1: N=20, mean=12.15 (+/-1.506648).
P2: N=20, mean=10.2 (+/-1.07915).

Agent 2 (SHUCT)
Winning score (between 0 and 1) : N=40, mean=0.975 (+/-0.048999).
P1: N=20, mean=1 (+/-0).
P2: N=20, mean=0.95 (+/-0.097998).
Game Durations: N=40, mean=11.175 (+/-0.964498).
P1: N=20, mean=10.2 (+/-1.07915).
P2: N=20, mean=12.15 (+/-1.506648).
=====================================================
=====================================================
Completed 50 games.

Agent 1 (UCT)
Winning score (between 0 and 1) : N=50, mean=0.02 (+/-0.039199).
P1: N=25, mean=0.04 (+/-0.078398).
P2: N=25, mean=0 (+/-0).
Game Durations: N=50, mean=11.48 (+/-0.979964).
P1: N=25, mean=11.96 (+/-1.282639).
P2: N=25, mean=11 (+/-1.484058).

Agent 2 (SHUCT)
Winning score (between 0 and 1) : N=50, mean=0.98 (+/-0.039199).
P1: N=25, mean=1 (+/-0).
P2: N=25, mean=0.96 (+/-0.078398).
Game Durations: N=50, mean=11.48 (+/-0.979964).
P1: N=25, mean=11 (+/-1.484058).
P2: N=25, mean=11.96 (+/-1.282639).
=====================================================
=====================================================
Completed 60 games.

Agent 1 (UCT)
Winning score (between 0 and 1) : N=60, mean=0.016667 (+/-0.032666).
P1: N=30, mean=0.033333 (+/-0.065332).
P2: N=30, mean=0 (+/-0).
Game Durations: N=60, mean=11.683333 (+/-1.173474).
P1: N=30, mean=12.7 (+/-1.93308).
P2: N=30, mean=10.666667 (+/-1.261945).

Agent 2 (SHUCT)
Winning score (between 0 and 1) : N=60, mean=0.983333 (+/-0.032666).
P1: N=30, mean=1 (+/-0).
P2: N=30, mean=0.966667 (+/-0.065332).
Game Durations: N=60, mean=11.683333 (+/-1.173474).
P1: N=30, mean=10.666667 (+/-1.261945).
P2: N=30, mean=12.7 (+/-1.93308).
=====================================================
=====================================================
Completed 70 games.

Agent 1 (UCT)
Winning score (between 0 and 1) : N=70, mean=0.014286 (+/-0.027999).
P1: N=35, mean=0.028571 (+/-0.055999).
P2: N=35, mean=0 (+/-0).
Game Durations: N=70, mean=11.914286 (+/-1.235566).
P1: N=35, mean=13.171429 (+/-2.123574).
P2: N=35, mean=10.657143 (+/-1.153087).

Agent 2 (SHUCT)
Winning score (between 0 and 1) : N=70, mean=0.985714 (+/-0.027999).
P1: N=35, mean=1 (+/-0).
P2: N=35, mean=0.971429 (+/-0.055999).
Game Durations: N=70, mean=11.914286 (+/-1.235566).
P1: N=35, mean=10.657143 (+/-1.153087).
P2: N=35, mean=13.171429 (+/-2.123574).
=====================================================
=====================================================
Completed 80 games.

Agent 1 (UCT)
Winning score (between 0 and 1) : N=80, mean=0.025 (+/-0.034428).
P1: N=40, mean=0.05 (+/-0.068401).
P2: N=40, mean=0 (+/-0).
Game Durations: N=80, mean=11.825 (+/-1.105743).
P1: N=40, mean=13.1 (+/-1.897139).
P2: N=40, mean=10.55 (+/-1.016852).

Agent 2 (SHUCT)
Winning score (between 0 and 1) : N=80, mean=0.975 (+/-0.034428).
P1: N=40, mean=1 (+/-0).
P2: N=40, mean=0.95 (+/-0.068401).
Game Durations: N=80, mean=11.825 (+/-1.105743).
P1: N=40, mean=10.55 (+/-1.016852).
P2: N=40, mean=13.1 (+/-1.897139).
=====================================================
=====================================================
Completed 90 games.

Agent 1 (UCT)
Winning score (between 0 and 1) : N=90, mean=0.022222 (+/-0.030624).
P1: N=45, mean=0.044444 (+/-0.060892).
P2: N=45, mean=0 (+/-0).
Game Durations: N=90, mean=11.922222 (+/-1.05264).
P1: N=45, mean=13.288889 (+/-1.813555).
P2: N=45, mean=10.555556 (+/-0.93137).

Agent 2 (SHUCT)
Winning score (between 0 and 1) : N=90, mean=0.977778 (+/-0.030624).
P1: N=45, mean=1 (+/-0).
P2: N=45, mean=0.955556 (+/-0.060892).
Game Durations: N=90, mean=11.922222 (+/-1.05264).
P1: N=45, mean=10.555556 (+/-0.93137).
P2: N=45, mean=13.288889 (+/-1.813555).
=====================================================
=====================================================
Completed 100 games.

Agent 1 (UCT)
Winning score (between 0 and 1) : N=100, mean=0.02 (+/-0.027578).
P1: N=50, mean=0.04 (+/-0.054867).
P2: N=50, mean=0 (+/-0).
Game Durations: N=100, mean=12.1 (+/-0.97123).
P1: N=50, mean=13.36 (+/-1.658134).
P2: N=50, mean=10.84 (+/-0.901842).

Agent 2 (SHUCT)
Winning score (between 0 and 1) : N=100, mean=0.98 (+/-0.027578).
P1: N=50, mean=1 (+/-0).
P2: N=50, mean=0.96 (+/-0.054867).
Game Durations: N=100, mean=12.1 (+/-0.97123).
P1: N=50, mean=10.84 (+/-0.901842).
P2: N=50, mean=13.36 (+/-1.658134).
=====================================================
=====================================================
Completed 110 games.

Agent 1 (UCT)
Winning score (between 0 and 1) : N=110, mean=0.018182 (+/-0.025082).
P1: N=55, mean=0.036364 (+/-0.049928).
P2: N=55, mean=0 (+/-0).
Game Durations: N=110, mean=12.190909 (+/-0.92818).
P1: N=55, mean=13.236364 (+/-1.530029).
P2: N=55, mean=11.145455 (+/-0.990702).

Agent 2 (SHUCT)
Winning score (between 0 and 1) : N=110, mean=0.981818 (+/-0.025082).
P1: N=55, mean=1 (+/-0).
P2: N=55, mean=0.963636 (+/-0.049928).
Game Durations: N=110, mean=12.190909 (+/-0.92818).
P1: N=55, mean=11.145455 (+/-0.990702).
P2: N=55, mean=13.236364 (+/-1.530029).
=====================================================
=====================================================
Completed 120 games.

Agent 1 (UCT)
Winning score (between 0 and 1) : N=120, mean=0.016667 (+/-0.023001).
P1: N=60, mean=0.033333 (+/-0.045804).
P2: N=60, mean=0 (+/-0).
Game Durations: N=120, mean=12.283333 (+/-0.871653).
P1: N=60, mean=13.4 (+/-1.425427).
P2: N=60, mean=11.166667 (+/-0.933089).

Agent 2 (SHUCT)
Winning score (between 0 and 1) : N=120, mean=0.983333 (+/-0.023001).
P1: N=60, mean=1 (+/-0).
P2: N=60, mean=0.966667 (+/-0.045804).
Game Durations: N=120, mean=12.283333 (+/-0.871653).
P1: N=60, mean=11.166667 (+/-0.933089).
P2: N=60, mean=13.4 (+/-1.425427).
=====================================================
=====================================================
Completed 130 games.

Agent 1 (UCT)
Winning score (between 0 and 1) : N=130, mean=0.015385 (+/-0.021239).
P1: N=65, mean=0.030769 (+/-0.042309).
P2: N=65, mean=0 (+/-0).
Game Durations: N=130, mean=12.407692 (+/-0.876964).
P1: N=65, mean=13.323077 (+/-1.342655).
P2: N=65, mean=11.492308 (+/-1.094068).

Agent 2 (SHUCT)
Winning score (between 0 and 1) : N=130, mean=0.984615 (+/-0.021239).
P1: N=65, mean=1 (+/-0).
P2: N=65, mean=0.969231 (+/-0.042309).
Game Durations: N=130, mean=12.407692 (+/-0.876964).
P1: N=65, mean=11.492308 (+/-1.094068).
P2: N=65, mean=13.323077 (+/-1.342655).
=====================================================
=====================================================
Completed 140 games.

Agent 1 (UCT)
Winning score (between 0 and 1) : N=140, mean=0.014286 (+/-0.019727).
P1: N=70, mean=0.028571 (+/-0.039309).
P2: N=70, mean=0 (+/-0).
Game Durations: N=140, mean=12.771429 (+/-0.907142).
P1: N=70, mean=13.885714 (+/-1.410386).
P2: N=70, mean=11.657143 (+/-1.089973).

Agent 2 (SHUCT)
Winning score (between 0 and 1) : N=140, mean=0.985714 (+/-0.019727).
P1: N=70, mean=1 (+/-0).
P2: N=70, mean=0.971429 (+/-0.039309).
Game Durations: N=140, mean=12.771429 (+/-0.907142).
P1: N=70, mean=11.657143 (+/-1.089973).
P2: N=70, mean=13.885714 (+/-1.410386).
=====================================================
=====================================================
Completed 150 games.

Agent 1 (UCT)
Winning score (between 0 and 1) : N=150, mean=0.013333 (+/-0.018417).
P1: N=75, mean=0.026667 (+/-0.036707).
P2: N=75, mean=0 (+/-0).
Game Durations: N=150, mean=12.846667 (+/-0.912592).
P1: N=75, mean=13.706667 (+/-1.332052).
P2: N=75, mean=11.986667 (+/-1.225827).

Agent 2 (SHUCT)
Winning score (between 0 and 1) : N=150, mean=0.986667 (+/-0.018417).
P1: N=75, mean=1 (+/-0).
P2: N=75, mean=0.973333 (+/-0.036707).
Game Durations: N=150, mean=12.846667 (+/-0.912592).
P1: N=75, mean=11.986667 (+/-1.225827).
P2: N=75, mean=13.706667 (+/-1.332052).
=====================================================
