Warming up...
Finished warming up!
=====================================================
Completed 1 games.

Agent 1 (Example UCT)
Winning score (between 0 and 1) : N=1, mean=0 (+/-0).
P1: N=0, mean=0 (+/-0).
P2: N=1, mean=0 (+/-0).
Game Durations: N=1, mean=11 (+/-0).
P1: N=0, mean=0 (+/-0).
P2: N=1, mean=11 (+/-0).

Agent 2 (SHUCT)
Winning score (between 0 and 1) : N=1, mean=1 (+/-0).
P1: N=1, mean=1 (+/-0).
P2: N=0, mean=0 (+/-0).
Game Durations: N=1, mean=11 (+/-0).
P1: N=1, mean=11 (+/-0).
P2: N=0, mean=0 (+/-0).
=====================================================
=====================================================
Completed 2 games.

Agent 1 (Example UCT)
Winning score (between 0 and 1) : N=2, mean=0.5 (+/-0.97998).
P1: N=1, mean=1 (+/-0).
P2: N=1, mean=0 (+/-0).
Game Durations: N=2, mean=12 (+/-1.95996).
P1: N=1, mean=13 (+/-0).
P2: N=1, mean=11 (+/-0).

Agent 2 (SHUCT)
Winning score (between 0 and 1) : N=2, mean=0.5 (+/-0.97998).
P1: N=1, mean=1 (+/-0).
P2: N=1, mean=0 (+/-0).
Game Durations: N=2, mean=12 (+/-1.95996).
P1: N=1, mean=11 (+/-0).
P2: N=1, mean=13 (+/-0).
=====================================================
=====================================================
Completed 3 games.

Agent 1 (Example UCT)
Winning score (between 0 and 1) : N=3, mean=0.666667 (+/-0.65332).
P1: N=1, mean=1 (+/-0).
P2: N=2, mean=0.5 (+/-0.97998).
Game Durations: N=3, mean=17.333333 (+/-10.51419).
P1: N=1, mean=13 (+/-0).
P2: N=2, mean=19.5 (+/-16.65966).

Agent 2 (SHUCT)
Winning score (between 0 and 1) : N=3, mean=0.333333 (+/-0.65332).
P1: N=2, mean=0.5 (+/-0.97998).
P2: N=1, mean=0 (+/-0).
Game Durations: N=3, mean=17.333333 (+/-10.51419).
P1: N=2, mean=19.5 (+/-16.65966).
P2: N=1, mean=13 (+/-0).
=====================================================
=====================================================
Completed 4 games.

Agent 1 (Example UCT)
Winning score (between 0 and 1) : N=4, mean=0.75 (+/-0.48999).
P1: N=2, mean=1 (+/-0).
P2: N=2, mean=0.5 (+/-0.97998).
Game Durations: N=4, mean=21.25 (+/-10.686576).
P1: N=2, mean=23 (+/-19.5996).
P2: N=2, mean=19.5 (+/-16.65966).

Agent 2 (SHUCT)
Winning score (between 0 and 1) : N=4, mean=0.25 (+/-0.48999).
P1: N=2, mean=0.5 (+/-0.97998).
P2: N=2, mean=0 (+/-0).
Game Durations: N=4, mean=21.25 (+/-10.686576).
P1: N=2, mean=19.5 (+/-16.65966).
P2: N=2, mean=23 (+/-19.5996).
=====================================================
=====================================================
Completed 5 games.

Agent 1 (Example UCT)
Winning score (between 0 and 1) : N=5, mean=0.6 (+/-0.48009).
P1: N=2, mean=1 (+/-0).
P2: N=3, mean=0.333333 (+/-0.65332).
Game Durations: N=5, mean=21.2 (+/-8.278366).
P1: N=2, mean=23 (+/-19.5996).
P2: N=3, mean=20 (+/-9.668253).

Agent 2 (SHUCT)
Winning score (between 0 and 1) : N=5, mean=0.4 (+/-0.48009).
P1: N=3, mean=0.666667 (+/-0.65332).
P2: N=2, mean=0 (+/-0).
Game Durations: N=5, mean=21.2 (+/-8.278366).
P1: N=3, mean=20 (+/-9.668253).
P2: N=2, mean=23 (+/-19.5996).
=====================================================
=====================================================
Completed 10 games.

Agent 1 (Example UCT)
Winning score (between 0 and 1) : N=10, mean=0.5 (+/-0.32666).
P1: N=5, mean=0.6 (+/-0.48009).
P2: N=5, mean=0.4 (+/-0.48009).
Game Durations: N=10, mean=29 (+/-10.371133).
P1: N=5, mean=25.4 (+/-9.205555).
P2: N=5, mean=32.6 (+/-19.349084).

Agent 2 (SHUCT)
Winning score (between 0 and 1) : N=10, mean=0.5 (+/-0.32666).
P1: N=5, mean=0.6 (+/-0.48009).
P2: N=5, mean=0.4 (+/-0.48009).
Game Durations: N=10, mean=29 (+/-10.371133).
P1: N=5, mean=32.6 (+/-19.349084).
P2: N=5, mean=25.4 (+/-9.205555).
=====================================================
=====================================================
Completed 20 games.

Agent 1 (Example UCT)
Winning score (between 0 and 1) : N=20, mean=0.45 (+/-0.223696).
P1: N=10, mean=0.7 (+/-0.299389).
P2: N=10, mean=0.2 (+/-0.261328).
Game Durations: N=20, mean=24.75 (+/-6.181401).
P1: N=10, mean=24.5 (+/-5.697385).
P2: N=10, mean=25 (+/-11.349731).

Agent 2 (SHUCT)
Winning score (between 0 and 1) : N=20, mean=0.55 (+/-0.223696).
P1: N=10, mean=0.8 (+/-0.261328).
P2: N=10, mean=0.3 (+/-0.299389).
Game Durations: N=20, mean=24.75 (+/-6.181401).
P1: N=10, mean=25 (+/-11.349731).
P2: N=10, mean=24.5 (+/-5.697385).
=====================================================
=====================================================
Completed 30 games.

Agent 1 (Example UCT)
Winning score (between 0 and 1) : N=30, mean=0.433333 (+/-0.180353).
P1: N=15, mean=0.666667 (+/-0.246932).
P2: N=15, mean=0.2 (+/-0.209529).
Game Durations: N=30, mean=25.933333 (+/-5.012318).
P1: N=15, mean=27.066667 (+/-5.30231).
P2: N=15, mean=24.8 (+/-8.675426).

Agent 2 (SHUCT)
Winning score (between 0 and 1) : N=30, mean=0.566667 (+/-0.180353).
P1: N=15, mean=0.8 (+/-0.209529).
P2: N=15, mean=0.333333 (+/-0.246932).
Game Durations: N=30, mean=25.933333 (+/-5.012318).
P1: N=15, mean=24.8 (+/-8.675426).
P2: N=15, mean=27.066667 (+/-5.30231).
=====================================================
=====================================================
Completed 40 games.

Agent 1 (Example UCT)
Winning score (between 0 and 1) : N=40, mean=0.45 (+/-0.156136).
P1: N=20, mean=0.7 (+/-0.206054).
P2: N=20, mean=0.2 (+/-0.179858).
Game Durations: N=40, mean=25.8 (+/-3.946341).
P1: N=20, mean=25.9 (+/-4.319642).
P2: N=20, mean=25.7 (+/-6.728328).

Agent 2 (SHUCT)
Winning score (between 0 and 1) : N=40, mean=0.55 (+/-0.156136).
P1: N=20, mean=0.8 (+/-0.179858).
P2: N=20, mean=0.3 (+/-0.206054).
Game Durations: N=40, mean=25.8 (+/-3.946341).
P1: N=20, mean=25.7 (+/-6.728328).
P2: N=20, mean=25.9 (+/-4.319642).
=====================================================
=====================================================
Completed 50 games.

Agent 1 (Example UCT)
Winning score (between 0 and 1) : N=50, mean=0.44 (+/-0.138986).
P1: N=25, mean=0.64 (+/-0.192036).
P2: N=25, mean=0.24 (+/-0.170865).
Game Durations: N=50, mean=25.98 (+/-3.300367).
P1: N=25, mean=25.28 (+/-3.63786).
P2: N=25, mean=26.68 (+/-5.575526).

Agent 2 (SHUCT)
Winning score (between 0 and 1) : N=50, mean=0.56 (+/-0.138986).
P1: N=25, mean=0.76 (+/-0.170865).
P2: N=25, mean=0.36 (+/-0.192036).
Game Durations: N=50, mean=25.98 (+/-3.300367).
P1: N=25, mean=26.68 (+/-5.575526).
P2: N=25, mean=25.28 (+/-3.63786).
=====================================================
=====================================================
Completed 60 games.

Agent 1 (Example UCT)
Winning score (between 0 and 1) : N=60, mean=0.45 (+/-0.126943).
P1: N=30, mean=0.633333 (+/-0.175388).
P2: N=30, mean=0.266667 (+/-0.160947).
Game Durations: N=60, mean=26.583333 (+/-3.050723).
P1: N=30, mean=25.433333 (+/-3.288626).
P2: N=30, mean=27.733333 (+/-5.167598).

Agent 2 (SHUCT)
Winning score (between 0 and 1) : N=60, mean=0.55 (+/-0.126943).
P1: N=30, mean=0.733333 (+/-0.160947).
P2: N=30, mean=0.366667 (+/-0.175388).
Game Durations: N=60, mean=26.583333 (+/-3.050723).
P1: N=30, mean=27.733333 (+/-5.167598).
P2: N=30, mean=25.433333 (+/-3.288626).
=====================================================
=====================================================
Completed 70 games.

Agent 1 (Example UCT)
Winning score (between 0 and 1) : N=70, mean=0.457143 (+/-0.117542).
P1: N=35, mean=0.628571 (+/-0.162414).
P2: N=35, mean=0.285714 (+/-0.151848).
Game Durations: N=70, mean=26.785714 (+/-2.710844).
P1: N=35, mean=25.142857 (+/-2.901692).
P2: N=35, mean=28.428571 (+/-4.560404).

Agent 2 (SHUCT)
Winning score (between 0 and 1) : N=70, mean=0.542857 (+/-0.117542).
P1: N=35, mean=0.714286 (+/-0.151848).
P2: N=35, mean=0.371429 (+/-0.162414).
Game Durations: N=70, mean=26.785714 (+/-2.710844).
P1: N=35, mean=28.428571 (+/-4.560404).
P2: N=35, mean=25.142857 (+/-2.901692).
=====================================================
=====================================================
Completed 80 games.

Agent 1 (Example UCT)
Winning score (between 0 and 1) : N=80, mean=0.4625 (+/-0.109946).
P1: N=40, mean=0.625 (+/-0.151939).
P2: N=40, mean=0.3 (+/-0.143822).
Game Durations: N=80, mean=27.8125 (+/-2.584587).
P1: N=40, mean=25.675 (+/-2.786323).
P2: N=40, mean=29.95 (+/-4.289438).

Agent 2 (SHUCT)
Winning score (between 0 and 1) : N=80, mean=0.5375 (+/-0.109946).
P1: N=40, mean=0.7 (+/-0.143822).
P2: N=40, mean=0.375 (+/-0.151939).
Game Durations: N=80, mean=27.8125 (+/-2.584587).
P1: N=40, mean=29.95 (+/-4.289438).
P2: N=40, mean=25.675 (+/-2.786323).
=====================================================
=====================================================
Completed 90 games.

Agent 1 (Example UCT)
Winning score (between 0 and 1) : N=90, mean=0.455556 (+/-0.103466).
P1: N=45, mean=0.622222 (+/-0.143256).
P2: N=45, mean=0.288889 (+/-0.133923).
Game Durations: N=90, mean=27.911111 (+/-2.399281).
P1: N=45, mean=25.955556 (+/-2.666165).
P2: N=45, mean=29.866667 (+/-3.938486).

Agent 2 (SHUCT)
Winning score (between 0 and 1) : N=90, mean=0.544444 (+/-0.103466).
P1: N=45, mean=0.711111 (+/-0.133923).
P2: N=45, mean=0.377778 (+/-0.143256).
Game Durations: N=90, mean=27.911111 (+/-2.399281).
P1: N=45, mean=29.866667 (+/-3.938486).
P2: N=45, mean=25.955556 (+/-2.666165).
=====================================================
=====================================================
Completed 100 games.

Agent 1 (Example UCT)
Winning score (between 0 and 1) : N=100, mean=0.45 (+/-0.097998).
P1: N=50, mean=0.64 (+/-0.134397).
P2: N=50, mean=0.26 (+/-0.122815).
Game Durations: N=100, mean=28.13 (+/-2.279508).
P1: N=50, mean=26.52 (+/-2.719977).
P2: N=50, mean=29.74 (+/-3.632082).

Agent 2 (SHUCT)
Winning score (between 0 and 1) : N=100, mean=0.55 (+/-0.097998).
P1: N=50, mean=0.74 (+/-0.122815).
P2: N=50, mean=0.36 (+/-0.134397).
Game Durations: N=100, mean=28.13 (+/-2.279508).
P1: N=50, mean=29.74 (+/-3.632082).
P2: N=50, mean=26.52 (+/-2.719977).
=====================================================
=====================================================
Completed 110 games.

Agent 1 (Example UCT)
Winning score (between 0 and 1) : N=110, mean=0.463636 (+/-0.093616).
P1: N=55, mean=0.654545 (+/-0.126828).
P2: N=55, mean=0.272727 (+/-0.118785).
Game Durations: N=110, mean=28.2 (+/-2.178993).
P1: N=55, mean=26.727273 (+/-2.515149).
P2: N=55, mean=29.672727 (+/-3.540245).

Agent 2 (SHUCT)
Winning score (between 0 and 1) : N=110, mean=0.536364 (+/-0.093616).
P1: N=55, mean=0.727273 (+/-0.118785).
P2: N=55, mean=0.345455 (+/-0.126828).
Game Durations: N=110, mean=28.2 (+/-2.178993).
P1: N=55, mean=29.672727 (+/-3.540245).
P2: N=55, mean=26.727273 (+/-2.515149).
=====================================================
=====================================================
Completed 120 games.

Agent 1 (Example UCT)
Winning score (between 0 and 1) : N=120, mean=0.45 (+/-0.089384).
P1: N=60, mean=0.633333 (+/-0.122963).
P2: N=60, mean=0.266667 (+/-0.112838).
Game Durations: N=120, mean=28.416667 (+/-2.089961).
P1: N=60, mean=27.6 (+/-2.514897).
P2: N=60, mean=29.233333 (+/-3.347874).

Agent 2 (SHUCT)
Winning score (between 0 and 1) : N=120, mean=0.55 (+/-0.089384).
P1: N=60, mean=0.733333 (+/-0.112838).
P2: N=60, mean=0.366667 (+/-0.122963).
Game Durations: N=120, mean=28.416667 (+/-2.089961).
P1: N=60, mean=29.233333 (+/-3.347874).
P2: N=60, mean=27.6 (+/-2.514897).
=====================================================
=====================================================
Completed 130 games.

Agent 1 (Example UCT)
Winning score (between 0 and 1) : N=130, mean=0.446154 (+/-0.085781).
P1: N=65, mean=0.646154 (+/-0.117147).
P2: N=65, mean=0.246154 (+/-0.105536).
Game Durations: N=130, mean=28.176923 (+/-1.991549).
P1: N=65, mean=27.6 (+/-2.360809).
P2: N=65, mean=28.753846 (+/-3.221125).

Agent 2 (SHUCT)
Winning score (between 0 and 1) : N=130, mean=0.553846 (+/-0.085781).
P1: N=65, mean=0.753846 (+/-0.105536).
P2: N=65, mean=0.353846 (+/-0.117147).
Game Durations: N=130, mean=28.176923 (+/-1.991549).
P1: N=65, mean=28.753846 (+/-3.221125).
P2: N=65, mean=27.6 (+/-2.360809).
=====================================================
=====================================================
Completed 140 games.

Agent 1 (Example UCT)
Winning score (between 0 and 1) : N=140, mean=0.457143 (+/-0.082815).
P1: N=70, mean=0.642857 (+/-0.113058).
P2: N=70, mean=0.271429 (+/-0.104927).
Game Durations: N=140, mean=28.414286 (+/-1.906038).
P1: N=70, mean=28.128571 (+/-2.276454).
P2: N=70, mean=28.7 (+/-3.073417).

Agent 2 (SHUCT)
Winning score (between 0 and 1) : N=140, mean=0.542857 (+/-0.082815).
P1: N=70, mean=0.728571 (+/-0.104927).
P2: N=70, mean=0.357143 (+/-0.113058).
Game Durations: N=140, mean=28.414286 (+/-1.906038).
P1: N=70, mean=28.7 (+/-3.073417).
P2: N=70, mean=28.128571 (+/-2.276454).
=====================================================
=====================================================
Completed 150 games.

Agent 1 (Example UCT)
Winning score (between 0 and 1) : N=150, mean=0.46 (+/-0.080026).
P1: N=75, mean=0.653333 (+/-0.108431).
P2: N=75, mean=0.266667 (+/-0.100755).
Game Durations: N=150, mean=28.333333 (+/-1.827698).
P1: N=75, mean=28.146667 (+/-2.224825).
P2: N=75, mean=28.52 (+/-2.91526).

Agent 2 (SHUCT)
Winning score (between 0 and 1) : N=150, mean=0.54 (+/-0.080026).
P1: N=75, mean=0.733333 (+/-0.100755).
P2: N=75, mean=0.346667 (+/-0.108431).
Game Durations: N=150, mean=28.333333 (+/-1.827698).
P1: N=75, mean=28.52 (+/-2.91526).
P2: N=75, mean=28.146667 (+/-2.224825).
=====================================================
