Warming up...
Finished warming up!
=====================================================
Completed 1 games.

Agent 1 (Example UCT)
Winning score (between 0 and 1) : N=1, mean=0 (+/-0).
P1: N=1, mean=0 (+/-0).
P2: N=0, mean=0 (+/-0).
Game Durations: N=1, mean=10 (+/-0).
P1: N=1, mean=10 (+/-0).
P2: N=0, mean=0 (+/-0).

Agent 2 (SHUCT)
Winning score (between 0 and 1) : N=1, mean=1 (+/-0).
P1: N=0, mean=0 (+/-0).
P2: N=1, mean=1 (+/-0).
Game Durations: N=1, mean=10 (+/-0).
P1: N=0, mean=0 (+/-0).
P2: N=1, mean=10 (+/-0).
=====================================================
=====================================================
Completed 2 games.

Agent 1 (Example UCT)
Winning score (between 0 and 1) : N=2, mean=0 (+/-0).
P1: N=1, mean=0 (+/-0).
P2: N=1, mean=0 (+/-0).
Game Durations: N=2, mean=17.5 (+/-14.6997).
P1: N=1, mean=10 (+/-0).
P2: N=1, mean=25 (+/-0).

Agent 2 (SHUCT)
Winning score (between 0 and 1) : N=2, mean=1 (+/-0).
P1: N=1, mean=1 (+/-0).
P2: N=1, mean=1 (+/-0).
Game Durations: N=2, mean=17.5 (+/-14.6997).
P1: N=1, mean=25 (+/-0).
P2: N=1, mean=10 (+/-0).
=====================================================
=====================================================
Completed 3 games.

Agent 1 (Example UCT)
Winning score (between 0 and 1) : N=3, mean=0 (+/-0).
P1: N=2, mean=0 (+/-0).
P2: N=1, mean=0 (+/-0).
Game Durations: N=3, mean=23.666667 (+/-14.768501).
P1: N=2, mean=23 (+/-25.47948).
P2: N=1, mean=25 (+/-0).

Agent 2 (SHUCT)
Winning score (between 0 and 1) : N=3, mean=1 (+/-0).
P1: N=1, mean=1 (+/-0).
P2: N=2, mean=1 (+/-0).
Game Durations: N=3, mean=23.666667 (+/-14.768501).
P1: N=1, mean=25 (+/-0).
P2: N=2, mean=23 (+/-25.47948).
=====================================================
=====================================================
Completed 4 games.

Agent 1 (Example UCT)
Winning score (between 0 and 1) : N=4, mean=0 (+/-0).
P1: N=2, mean=0 (+/-0).
P2: N=2, mean=0 (+/-0).
Game Durations: N=4, mean=20 (+/-12.676765).
P1: N=2, mean=23 (+/-25.47948).
P2: N=2, mean=17 (+/-15.67968).

Agent 2 (SHUCT)
Winning score (between 0 and 1) : N=4, mean=1 (+/-0).
P1: N=2, mean=1 (+/-0).
P2: N=2, mean=1 (+/-0).
Game Durations: N=4, mean=20 (+/-12.676765).
P1: N=2, mean=17 (+/-15.67968).
P2: N=2, mean=23 (+/-25.47948).
=====================================================
=====================================================
Completed 5 games.

Agent 1 (Example UCT)
Winning score (between 0 and 1) : N=5, mean=0 (+/-0).
P1: N=3, mean=0 (+/-0).
P2: N=2, mean=0 (+/-0).
Game Durations: N=5, mean=18.4 (+/-10.307974).
P1: N=3, mean=19.333333 (+/-16.372152).
P2: N=2, mean=17 (+/-15.67968).

Agent 2 (SHUCT)
Winning score (between 0 and 1) : N=5, mean=1 (+/-0).
P1: N=2, mean=1 (+/-0).
P2: N=3, mean=1 (+/-0).
Game Durations: N=5, mean=18.4 (+/-10.307974).
P1: N=2, mean=17 (+/-15.67968).
P2: N=3, mean=19.333333 (+/-16.372152).
=====================================================
=====================================================
Completed 10 games.

Agent 1 (Example UCT)
Winning score (between 0 and 1) : N=10, mean=0.3 (+/-0.299389).
P1: N=5, mean=0.2 (+/-0.391992).
P2: N=5, mean=0.4 (+/-0.48009).
Game Durations: N=10, mean=16.8 (+/-5.314026).
P1: N=5, mean=17 (+/-9.440417).
P2: N=5, mean=16.6 (+/-6.154399).

Agent 2 (SHUCT)
Winning score (between 0 and 1) : N=10, mean=0.7 (+/-0.299389).
P1: N=5, mean=0.6 (+/-0.48009).
P2: N=5, mean=0.8 (+/-0.391992).
Game Durations: N=10, mean=16.8 (+/-5.314026).
P1: N=5, mean=16.6 (+/-6.154399).
P2: N=5, mean=17 (+/-9.440417).
=====================================================
=====================================================
Completed 20 games.

Agent 1 (Example UCT)
Winning score (between 0 and 1) : N=20, mean=0.35 (+/-0.214467).
P1: N=10, mean=0.2 (+/-0.261328).
P2: N=10, mean=0.5 (+/-0.32666).
Game Durations: N=20, mean=16.35 (+/-3.32335).
P1: N=10, mean=16 (+/-4.610421).
P2: N=10, mean=16.7 (+/-5.027169).

Agent 2 (SHUCT)
Winning score (between 0 and 1) : N=20, mean=0.65 (+/-0.214467).
P1: N=10, mean=0.5 (+/-0.32666).
P2: N=10, mean=0.8 (+/-0.261328).
Game Durations: N=20, mean=16.35 (+/-3.32335).
P1: N=10, mean=16.7 (+/-5.027169).
P2: N=10, mean=16 (+/-4.610421).
=====================================================
=====================================================
Completed 30 games.

Agent 1 (Example UCT)
Winning score (between 0 and 1) : N=30, mean=0.4 (+/-0.178301).
P1: N=15, mean=0.333333 (+/-0.246932).
P2: N=15, mean=0.466667 (+/-0.261328).
Game Durations: N=30, mean=16.9 (+/-2.518666).
P1: N=15, mean=16.6 (+/-3.536214).
P2: N=15, mean=17.2 (+/-3.704964).

Agent 2 (SHUCT)
Winning score (between 0 and 1) : N=30, mean=0.6 (+/-0.178301).
P1: N=15, mean=0.533333 (+/-0.261328).
P2: N=15, mean=0.666667 (+/-0.246932).
Game Durations: N=30, mean=16.9 (+/-2.518666).
P1: N=15, mean=17.2 (+/-3.704964).
P2: N=15, mean=16.6 (+/-3.536214).
=====================================================
=====================================================
Completed 40 games.

Agent 1 (Example UCT)
Winning score (between 0 and 1) : N=40, mean=0.4 (+/-0.153752).
P1: N=20, mean=0.4 (+/-0.22028).
P2: N=20, mean=0.4 (+/-0.22028).
Game Durations: N=40, mean=17.55 (+/-2.208038).
P1: N=20, mean=17.7 (+/-3.189316).
P2: N=20, mean=17.4 (+/-3.135936).

Agent 2 (SHUCT)
Winning score (between 0 and 1) : N=40, mean=0.6 (+/-0.153752).
P1: N=20, mean=0.6 (+/-0.22028).
P2: N=20, mean=0.6 (+/-0.22028).
Game Durations: N=40, mean=17.55 (+/-2.208038).
P1: N=20, mean=17.4 (+/-3.135936).
P2: N=20, mean=17.7 (+/-3.189316).
=====================================================
=====================================================
Completed 50 games.

Agent 1 (Example UCT)
Winning score (between 0 and 1) : N=50, mean=0.4 (+/-0.137169).
P1: N=25, mean=0.4 (+/-0.195996).
P2: N=25, mean=0.4 (+/-0.195996).
Game Durations: N=50, mean=18.98 (+/-2.598063).
P1: N=25, mean=19.2 (+/-3.347269).
P2: N=25, mean=18.76 (+/-4.042589).

Agent 2 (SHUCT)
Winning score (between 0 and 1) : N=50, mean=0.6 (+/-0.137169).
P1: N=25, mean=0.6 (+/-0.195996).
P2: N=25, mean=0.6 (+/-0.195996).
Game Durations: N=50, mean=18.98 (+/-2.598063).
P1: N=25, mean=18.76 (+/-4.042589).
P2: N=25, mean=19.2 (+/-3.347269).
=====================================================
=====================================================
Completed 60 games.

Agent 1 (Example UCT)
Winning score (between 0 and 1) : N=60, mean=0.4 (+/-0.125005).
P1: N=30, mean=0.366667 (+/-0.175388).
P2: N=30, mean=0.433333 (+/-0.180353).
Game Durations: N=60, mean=19.533333 (+/-2.538632).
P1: N=30, mean=19.5 (+/-3.082182).
P2: N=30, mean=19.566667 (+/-4.089369).

Agent 2 (SHUCT)
Winning score (between 0 and 1) : N=60, mean=0.6 (+/-0.125005).
P1: N=30, mean=0.566667 (+/-0.180353).
P2: N=30, mean=0.633333 (+/-0.175388).
Game Durations: N=60, mean=19.533333 (+/-2.538632).
P1: N=30, mean=19.566667 (+/-4.089369).
P2: N=30, mean=19.5 (+/-3.082182).
=====================================================
=====================================================
Completed 70 games.

Agent 1 (Example UCT)
Winning score (between 0 and 1) : N=70, mean=0.428571 (+/-0.116766).
P1: N=35, mean=0.428571 (+/-0.166341).
P2: N=35, mean=0.428571 (+/-0.166341).
Game Durations: N=70, mean=19.842857 (+/-2.333973).
P1: N=35, mean=19.628571 (+/-2.807772).
P2: N=35, mean=20.057143 (+/-3.770438).

Agent 2 (SHUCT)
Winning score (between 0 and 1) : N=70, mean=0.571429 (+/-0.116766).
P1: N=35, mean=0.571429 (+/-0.166341).
P2: N=35, mean=0.571429 (+/-0.166341).
Game Durations: N=70, mean=19.842857 (+/-2.333973).
P1: N=35, mean=20.057143 (+/-3.770438).
P2: N=35, mean=19.628571 (+/-2.807772).
=====================================================
=====================================================
Completed 80 games.

Agent 1 (Example UCT)
Winning score (between 0 and 1) : N=80, mean=0.4125 (+/-0.108555).
P1: N=40, mean=0.425 (+/-0.155147).
P2: N=40, mean=0.4 (+/-0.153752).
Game Durations: N=80, mean=19.6125 (+/-2.059905).
P1: N=40, mean=19.475 (+/-2.495991).
P2: N=40, mean=19.75 (+/-3.310095).

Agent 2 (SHUCT)
Winning score (between 0 and 1) : N=80, mean=0.5875 (+/-0.108555).
P1: N=40, mean=0.6 (+/-0.153752).
P2: N=40, mean=0.575 (+/-0.155147).
Game Durations: N=80, mean=19.6125 (+/-2.059905).
P1: N=40, mean=19.75 (+/-3.310095).
P2: N=40, mean=19.475 (+/-2.495991).
=====================================================
=====================================================
Completed 90 games.

Agent 1 (Example UCT)
Winning score (between 0 and 1) : N=90, mean=0.4 (+/-0.101779).
P1: N=45, mean=0.444444 (+/-0.146823).
P2: N=45, mean=0.355556 (+/-0.141438).
Game Durations: N=90, mean=19.055556 (+/-1.883944).
P1: N=45, mean=18.933333 (+/-2.322734).
P2: N=45, mean=19.177778 (+/-2.993427).

Agent 2 (SHUCT)
Winning score (between 0 and 1) : N=90, mean=0.6 (+/-0.101779).
P1: N=45, mean=0.644444 (+/-0.141438).
P2: N=45, mean=0.555556 (+/-0.146823).
Game Durations: N=90, mean=19.055556 (+/-1.883944).
P1: N=45, mean=19.177778 (+/-2.993427).
P2: N=45, mean=18.933333 (+/-2.322734).
=====================================================
=====================================================
Completed 100 games.

Agent 1 (Example UCT)
Winning score (between 0 and 1) : N=100, mean=0.39 (+/-0.096079).
P1: N=50, mean=0.46 (+/-0.139548).
P2: N=50, mean=0.32 (+/-0.130611).
Game Durations: N=100, mean=19.01 (+/-1.751601).
P1: N=50, mean=18.54 (+/-2.150101).
P2: N=50, mean=19.48 (+/-2.782101).

Agent 2 (SHUCT)
Winning score (between 0 and 1) : N=100, mean=0.61 (+/-0.096079).
P1: N=50, mean=0.68 (+/-0.130611).
P2: N=50, mean=0.54 (+/-0.139548).
Game Durations: N=100, mean=19.01 (+/-1.751601).
P1: N=50, mean=19.48 (+/-2.782101).
P2: N=50, mean=18.54 (+/-2.150101).
=====================================================
=====================================================
Completed 110 games.

Agent 1 (Example UCT)
Winning score (between 0 and 1) : N=110, mean=0.418182 (+/-0.0926).
P1: N=55, mean=0.490909 (+/-0.133336).
P2: N=55, mean=0.345455 (+/-0.126828).
Game Durations: N=110, mean=19.427273 (+/-1.723079).
P1: N=55, mean=19.036364 (+/-2.242477).
P2: N=55, mean=19.818182 (+/-2.633539).

Agent 2 (SHUCT)
Winning score (between 0 and 1) : N=110, mean=0.581818 (+/-0.0926).
P1: N=55, mean=0.654545 (+/-0.126828).
P2: N=55, mean=0.509091 (+/-0.133336).
Game Durations: N=110, mean=19.427273 (+/-1.723079).
P1: N=55, mean=19.818182 (+/-2.633539).
P2: N=55, mean=19.036364 (+/-2.242477).
=====================================================
=====================================================
Completed 120 games.

Agent 1 (Example UCT)
Winning score (between 0 and 1) : N=120, mean=0.408333 (+/-0.088312).
P1: N=60, mean=0.466667 (+/-0.127299).
P2: N=60, mean=0.35 (+/-0.121706).
Game Durations: N=120, mean=19.641667 (+/-1.641426).
P1: N=60, mean=19.4 (+/-2.131405).
P2: N=60, mean=19.883333 (+/-2.513556).

Agent 2 (SHUCT)
Winning score (between 0 and 1) : N=120, mean=0.591667 (+/-0.088312).
P1: N=60, mean=0.65 (+/-0.121706).
P2: N=60, mean=0.533333 (+/-0.127299).
Game Durations: N=120, mean=19.641667 (+/-1.641426).
P1: N=60, mean=19.883333 (+/-2.513556).
P2: N=60, mean=19.4 (+/-2.131405).
=====================================================
=====================================================
Completed 130 games.

Agent 1 (Example UCT)
Winning score (between 0 and 1) : N=130, mean=0.407692 (+/-0.084799).
P1: N=65, mean=0.461538 (+/-0.122135).
P2: N=65, mean=0.353846 (+/-0.117147).
Game Durations: N=130, mean=19.707692 (+/-1.567683).
P1: N=65, mean=19.2 (+/-1.993686).
P2: N=65, mean=20.215385 (+/-2.429318).

Agent 2 (SHUCT)
Winning score (between 0 and 1) : N=130, mean=0.592308 (+/-0.084799).
P1: N=65, mean=0.646154 (+/-0.117147).
P2: N=65, mean=0.538462 (+/-0.122135).
Game Durations: N=130, mean=19.707692 (+/-1.567683).
P1: N=65, mean=20.215385 (+/-2.429318).
P2: N=65, mean=19.2 (+/-1.993686).
=====================================================
=====================================================
Completed 140 games.

Agent 1 (Example UCT)
Winning score (between 0 and 1) : N=140, mean=0.4 (+/-0.081441).
P1: N=70, mean=0.442857 (+/-0.117203).
P2: N=70, mean=0.357143 (+/-0.113058).
Game Durations: N=140, mean=19.628571 (+/-1.49622).
P1: N=70, mean=19.014286 (+/-1.882334).
P2: N=70, mean=20.242857 (+/-2.331177).

Agent 2 (SHUCT)
Winning score (between 0 and 1) : N=140, mean=0.6 (+/-0.081441).
P1: N=70, mean=0.642857 (+/-0.113058).
P2: N=70, mean=0.557143 (+/-0.117203).
Game Durations: N=140, mean=19.628571 (+/-1.49622).
P1: N=70, mean=20.242857 (+/-2.331177).
P2: N=70, mean=19.014286 (+/-1.882334).
=====================================================
=====================================================
Completed 150 games.

Agent 1 (Example UCT)
Winning score (between 0 and 1) : N=150, mean=0.4 (+/-0.078661).
P1: N=75, mean=0.453333 (+/-0.113423).
P2: N=75, mean=0.346667 (+/-0.108431).
Game Durations: N=150, mean=19.753333 (+/-1.440084).
P1: N=75, mean=19.36 (+/-1.877216).
P2: N=75, mean=20.146667 (+/-2.193494).

Agent 2 (SHUCT)
Winning score (between 0 and 1) : N=150, mean=0.6 (+/-0.078661).
P1: N=75, mean=0.653333 (+/-0.108431).
P2: N=75, mean=0.546667 (+/-0.113423).
Game Durations: N=150, mean=19.753333 (+/-1.440084).
P1: N=75, mean=20.146667 (+/-2.193494).
P2: N=75, mean=19.36 (+/-1.877216).
=====================================================
