Warming up...
Finished warming up!
=====================================================
Completed 1 games.

Agent 1 (SHUCT)
Winning score (between 0 and 1) : N=1, mean=1 (+/-0).
P1: N=1, mean=1 (+/-0).
P2: N=0, mean=0 (+/-0).
Game Durations: N=1, mean=59 (+/-0).
P1: N=1, mean=59 (+/-0).
P2: N=0, mean=0 (+/-0).

Agent 2 (UCT)
Winning score (between 0 and 1) : N=1, mean=0 (+/-0).
P1: N=0, mean=0 (+/-0).
P2: N=1, mean=0 (+/-0).
Game Durations: N=1, mean=59 (+/-0).
P1: N=0, mean=0 (+/-0).
P2: N=1, mean=59 (+/-0).
=====================================================
=====================================================
Completed 2 games.

Agent 1 (SHUCT)
Winning score (between 0 and 1) : N=2, mean=1 (+/-0).
P1: N=1, mean=1 (+/-0).
P2: N=1, mean=1 (+/-0).
Game Durations: N=2, mean=53.5 (+/-10.77978).
P1: N=1, mean=59 (+/-0).
P2: N=1, mean=48 (+/-0).

Agent 2 (UCT)
Winning score (between 0 and 1) : N=2, mean=0 (+/-0).
P1: N=1, mean=0 (+/-0).
P2: N=1, mean=0 (+/-0).
Game Durations: N=2, mean=53.5 (+/-10.77978).
P1: N=1, mean=48 (+/-0).
P2: N=1, mean=59 (+/-0).
=====================================================
=====================================================
Completed 3 games.

Agent 1 (SHUCT)
Winning score (between 0 and 1) : N=3, mean=0.666667 (+/-0.65332).
P1: N=2, mean=0.5 (+/-0.97998).
P2: N=1, mean=1 (+/-0).
Game Durations: N=3, mean=54.333333 (+/-6.434456).
P1: N=2, mean=57.5 (+/-2.93994).
P2: N=1, mean=48 (+/-0).

Agent 2 (UCT)
Winning score (between 0 and 1) : N=3, mean=0.333333 (+/-0.65332).
P1: N=1, mean=0 (+/-0).
P2: N=2, mean=0.5 (+/-0.97998).
Game Durations: N=3, mean=54.333333 (+/-6.434456).
P1: N=1, mean=48 (+/-0).
P2: N=2, mean=57.5 (+/-2.93994).
=====================================================
=====================================================
Completed 4 games.

Agent 1 (SHUCT)
Winning score (between 0 and 1) : N=4, mean=0.75 (+/-0.48999).
P1: N=2, mean=0.5 (+/-0.97998).
P2: N=2, mean=1 (+/-0).
Game Durations: N=4, mean=55.25 (+/-4.891727).
P1: N=2, mean=57.5 (+/-2.93994).
P2: N=2, mean=53 (+/-9.7998).

Agent 2 (UCT)
Winning score (between 0 and 1) : N=4, mean=0.25 (+/-0.48999).
P1: N=2, mean=0 (+/-0).
P2: N=2, mean=0.5 (+/-0.97998).
Game Durations: N=4, mean=55.25 (+/-4.891727).
P1: N=2, mean=53 (+/-9.7998).
P2: N=2, mean=57.5 (+/-2.93994).
=====================================================
=====================================================
Completed 5 games.

Agent 1 (SHUCT)
Winning score (between 0 and 1) : N=5, mean=0.8 (+/-0.391992).
P1: N=3, mean=0.666667 (+/-0.65332).
P2: N=2, mean=1 (+/-0).
Game Durations: N=5, mean=47.2 (+/-16.226291).
P1: N=3, mean=43.333333 (+/-27.817933).
P2: N=2, mean=53 (+/-9.7998).

Agent 2 (UCT)
Winning score (between 0 and 1) : N=5, mean=0.2 (+/-0.391992).
P1: N=2, mean=0 (+/-0).
P2: N=3, mean=0.333333 (+/-0.65332).
Game Durations: N=5, mean=47.2 (+/-16.226291).
P1: N=2, mean=53 (+/-9.7998).
P2: N=3, mean=43.333333 (+/-27.817933).
=====================================================
=====================================================
Completed 10 games.

Agent 1 (SHUCT)
Winning score (between 0 and 1) : N=10, mean=0.5 (+/-0.32666).
P1: N=5, mean=0.6 (+/-0.48009).
P2: N=5, mean=0.4 (+/-0.48009).
Game Durations: N=10, mean=52.6 (+/-10.498753).
P1: N=5, mean=52.6 (+/-20.895417).
P2: N=5, mean=52.6 (+/-7.706407).

Agent 2 (UCT)
Winning score (between 0 and 1) : N=10, mean=0.5 (+/-0.32666).
P1: N=5, mean=0.6 (+/-0.48009).
P2: N=5, mean=0.4 (+/-0.48009).
Game Durations: N=10, mean=52.6 (+/-10.498753).
P1: N=5, mean=52.6 (+/-7.706407).
P2: N=5, mean=52.6 (+/-20.895417).
=====================================================
=====================================================
Completed 20 games.

Agent 1 (SHUCT)
Winning score (between 0 and 1) : N=20, mean=0.6 (+/-0.22028).
P1: N=10, mean=0.6 (+/-0.32006).
P2: N=10, mean=0.6 (+/-0.32006).
Game Durations: N=20, mean=55.2 (+/-5.891216).
P1: N=10, mean=55.6 (+/-10.648114).
P2: N=10, mean=54.8 (+/-5.746246).

Agent 2 (UCT)
Winning score (between 0 and 1) : N=20, mean=0.4 (+/-0.22028).
P1: N=10, mean=0.4 (+/-0.32006).
P2: N=10, mean=0.4 (+/-0.32006).
Game Durations: N=20, mean=55.2 (+/-5.891216).
P1: N=10, mean=54.8 (+/-5.746246).
P2: N=10, mean=55.6 (+/-10.648114).
=====================================================
=====================================================
Completed 30 games.

Agent 1 (SHUCT)
Winning score (between 0 and 1) : N=30, mean=0.566667 (+/-0.180353).
P1: N=15, mean=0.533333 (+/-0.261328).
P2: N=15, mean=0.6 (+/-0.256619).
Game Durations: N=30, mean=56 (+/-4.280669).
P1: N=15, mean=56.266667 (+/-7.630471).
P2: N=15, mean=55.733333 (+/-4.201324).

Agent 2 (UCT)
Winning score (between 0 and 1) : N=30, mean=0.433333 (+/-0.180353).
P1: N=15, mean=0.4 (+/-0.256619).
P2: N=15, mean=0.466667 (+/-0.261328).
Game Durations: N=30, mean=56 (+/-4.280669).
P1: N=15, mean=55.733333 (+/-4.201324).
P2: N=15, mean=56.266667 (+/-7.630471).
=====================================================
=====================================================
Completed 40 games.

Agent 1 (SHUCT)
Winning score (between 0 and 1) : N=40, mean=0.55 (+/-0.156136).
P1: N=20, mean=0.55 (+/-0.223696).
P2: N=20, mean=0.55 (+/-0.223696).
Game Durations: N=40, mean=56.2 (+/-3.768229).
P1: N=20, mean=56.55 (+/-6.676103).
P2: N=20, mean=55.85 (+/-3.697703).

Agent 2 (UCT)
Winning score (between 0 and 1) : N=40, mean=0.45 (+/-0.156136).
P1: N=20, mean=0.45 (+/-0.223696).
P2: N=20, mean=0.45 (+/-0.223696).
Game Durations: N=40, mean=56.2 (+/-3.768229).
P1: N=20, mean=55.85 (+/-3.697703).
P2: N=20, mean=56.55 (+/-6.676103).
=====================================================
=====================================================
Completed 50 games.

Agent 1 (SHUCT)
Winning score (between 0 and 1) : N=50, mean=0.54 (+/-0.139548).
P1: N=25, mean=0.52 (+/-0.199877).
P2: N=25, mean=0.56 (+/-0.198592).
Game Durations: N=50, mean=56.48 (+/-3.158971).
P1: N=25, mean=56.76 (+/-5.421312).
P2: N=25, mean=56.2 (+/-3.366342).

Agent 2 (UCT)
Winning score (between 0 and 1) : N=50, mean=0.46 (+/-0.139548).
P1: N=25, mean=0.44 (+/-0.198592).
P2: N=25, mean=0.48 (+/-0.199877).
Game Durations: N=50, mean=56.48 (+/-3.158971).
P1: N=25, mean=56.2 (+/-3.366342).
P2: N=25, mean=56.76 (+/-5.421312).
=====================================================
=====================================================
Completed 60 games.

Agent 1 (SHUCT)
Winning score (between 0 and 1) : N=60, mean=0.533333 (+/-0.127299).
P1: N=30, mean=0.466667 (+/-0.181573).
P2: N=30, mean=0.6 (+/-0.178301).
Game Durations: N=60, mean=56.066667 (+/-2.859241).
P1: N=30, mean=56.866667 (+/-4.76743).
P2: N=30, mean=55.266667 (+/-3.219766).

Agent 2 (UCT)
Winning score (between 0 and 1) : N=60, mean=0.466667 (+/-0.127299).
P1: N=30, mean=0.4 (+/-0.178301).
P2: N=30, mean=0.533333 (+/-0.181573).
Game Durations: N=60, mean=56.066667 (+/-2.859241).
P1: N=30, mean=55.266667 (+/-3.219766).
P2: N=30, mean=56.866667 (+/-4.76743).
=====================================================
=====================================================
Completed 70 games.

Agent 1 (SHUCT)
Winning score (between 0 and 1) : N=70, mean=0.5 (+/-0.117976).
P1: N=35, mean=0.457143 (+/-0.167447).
P2: N=35, mean=0.542857 (+/-0.167447).
Game Durations: N=70, mean=56.885714 (+/-2.652912).
P1: N=35, mean=58.285714 (+/-4.44809).
P2: N=35, mean=55.485714 (+/-2.887449).

Agent 2 (UCT)
Winning score (between 0 and 1) : N=70, mean=0.5 (+/-0.117976).
P1: N=35, mean=0.457143 (+/-0.167447).
P2: N=35, mean=0.542857 (+/-0.167447).
Game Durations: N=70, mean=56.885714 (+/-2.652912).
P1: N=35, mean=55.485714 (+/-2.887449).
P2: N=35, mean=58.285714 (+/-4.44809).
=====================================================
=====================================================
Completed 80 games.

Agent 1 (SHUCT)
Winning score (between 0 and 1) : N=80, mean=0.5125 (+/-0.110222).
P1: N=40, mean=0.475 (+/-0.156726).
P2: N=40, mean=0.55 (+/-0.156136).
Game Durations: N=80, mean=57.3875 (+/-2.601558).
P1: N=40, mean=59.475 (+/-4.107644).
P2: N=40, mean=55.3 (+/-3.112606).

Agent 2 (UCT)
Winning score (between 0 and 1) : N=80, mean=0.4875 (+/-0.110222).
P1: N=40, mean=0.45 (+/-0.156136).
P2: N=40, mean=0.525 (+/-0.156726).
Game Durations: N=80, mean=57.3875 (+/-2.601558).
P1: N=40, mean=55.3 (+/-3.112606).
P2: N=40, mean=59.475 (+/-4.107644).
=====================================================
=====================================================
Completed 90 games.

Agent 1 (SHUCT)
Winning score (between 0 and 1) : N=90, mean=0.511111 (+/-0.103852).
P1: N=45, mean=0.466667 (+/-0.147409).
P2: N=45, mean=0.555556 (+/-0.146823).
Game Durations: N=90, mean=57.077778 (+/-2.565538).
P1: N=45, mean=58.2 (+/-4.039649).
P2: N=45, mean=55.955556 (+/-3.176235).

Agent 2 (UCT)
Winning score (between 0 and 1) : N=90, mean=0.488889 (+/-0.103852).
P1: N=45, mean=0.444444 (+/-0.146823).
P2: N=45, mean=0.533333 (+/-0.147409).
Game Durations: N=90, mean=57.077778 (+/-2.565538).
P1: N=45, mean=55.955556 (+/-3.176235).
P2: N=45, mean=58.2 (+/-4.039649).
=====================================================
=====================================================
Completed 100 games.

Agent 1 (SHUCT)
Winning score (between 0 and 1) : N=100, mean=0.49 (+/-0.098472).
P1: N=50, mean=0.44 (+/-0.138986).
P2: N=50, mean=0.54 (+/-0.139548).
Game Durations: N=100, mean=57.41 (+/-2.600643).
P1: N=50, mean=57.24 (+/-4.014208).
P2: N=50, mean=57.58 (+/-3.348287).

Agent 2 (UCT)
Winning score (between 0 and 1) : N=100, mean=0.51 (+/-0.098472).
P1: N=50, mean=0.46 (+/-0.139548).
P2: N=50, mean=0.56 (+/-0.138986).
Game Durations: N=100, mean=57.41 (+/-2.600643).
P1: N=50, mean=57.58 (+/-3.348287).
P2: N=50, mean=57.24 (+/-4.014208).
=====================================================
