Warming up...
Finished warming up!
=====================================================
Completed 1 games.

Agent 1 (SHUCT)
Winning score (between 0 and 1) : N=1, mean=1 (+/-0).
P1: N=0, mean=0 (+/-0).
P2: N=1, mean=1 (+/-0).
Game Durations: N=1, mean=38 (+/-0).
P1: N=0, mean=0 (+/-0).
P2: N=1, mean=38 (+/-0).

Agent 2 (UCT)
Winning score (between 0 and 1) : N=1, mean=0 (+/-0).
P1: N=1, mean=0 (+/-0).
P2: N=0, mean=0 (+/-0).
Game Durations: N=1, mean=38 (+/-0).
P1: N=1, mean=38 (+/-0).
P2: N=0, mean=0 (+/-0).
=====================================================
=====================================================
Completed 2 games.

Agent 1 (SHUCT)
Winning score (between 0 and 1) : N=2, mean=1 (+/-0).
P1: N=1, mean=1 (+/-0).
P2: N=1, mean=1 (+/-0).
Game Durations: N=2, mean=47.5 (+/-18.61962).
P1: N=1, mean=57 (+/-0).
P2: N=1, mean=38 (+/-0).

Agent 2 (UCT)
Winning score (between 0 and 1) : N=2, mean=0 (+/-0).
P1: N=1, mean=0 (+/-0).
P2: N=1, mean=0 (+/-0).
Game Durations: N=2, mean=47.5 (+/-18.61962).
P1: N=1, mean=38 (+/-0).
P2: N=1, mean=57 (+/-0).
=====================================================
=====================================================
Completed 3 games.

Agent 1 (SHUCT)
Winning score (between 0 and 1) : N=3, mean=1 (+/-0).
P1: N=1, mean=1 (+/-0).
P2: N=2, mean=1 (+/-0).
Game Durations: N=3, mean=53 (+/-15.223898).
P1: N=1, mean=57 (+/-0).
P2: N=2, mean=51 (+/-25.47948).

Agent 2 (UCT)
Winning score (between 0 and 1) : N=3, mean=0 (+/-0).
P1: N=2, mean=0 (+/-0).
P2: N=1, mean=0 (+/-0).
Game Durations: N=3, mean=53 (+/-15.223898).
P1: N=2, mean=51 (+/-25.47948).
P2: N=1, mean=57 (+/-0).
=====================================================
=====================================================
Completed 4 games.

Agent 1 (SHUCT)
Winning score (between 0 and 1) : N=4, mean=1 (+/-0).
P1: N=2, mean=1 (+/-0).
P2: N=2, mean=1 (+/-0).
Game Durations: N=4, mean=54.5 (+/-11.159157).
P1: N=2, mean=58 (+/-1.95996).
P2: N=2, mean=51 (+/-25.47948).

Agent 2 (UCT)
Winning score (between 0 and 1) : N=4, mean=0 (+/-0).
P1: N=2, mean=0 (+/-0).
P2: N=2, mean=0 (+/-0).
Game Durations: N=4, mean=54.5 (+/-11.159157).
P1: N=2, mean=51 (+/-25.47948).
P2: N=2, mean=58 (+/-1.95996).
=====================================================
=====================================================
Completed 5 games.

Agent 1 (SHUCT)
Winning score (between 0 and 1) : N=5, mean=0.8 (+/-0.391992).
P1: N=2, mean=1 (+/-0).
P2: N=3, mean=0.666667 (+/-0.65332).
Game Durations: N=5, mean=50.6 (+/-11.538822).
P1: N=2, mean=58 (+/-1.95996).
P2: N=3, mean=45.666667 (+/-18.046302).

Agent 2 (UCT)
Winning score (between 0 and 1) : N=5, mean=0.2 (+/-0.391992).
P1: N=3, mean=0.333333 (+/-0.65332).
P2: N=2, mean=0 (+/-0).
Game Durations: N=5, mean=50.6 (+/-11.538822).
P1: N=3, mean=45.666667 (+/-18.046302).
P2: N=2, mean=58 (+/-1.95996).
=====================================================
=====================================================
Completed 10 games.

Agent 1 (SHUCT)
Winning score (between 0 and 1) : N=10, mean=0.6 (+/-0.32006).
P1: N=5, mean=0.6 (+/-0.48009).
P2: N=5, mean=0.6 (+/-0.48009).
Game Durations: N=10, mean=47.1 (+/-6.74187).
P1: N=5, mean=51.4 (+/-7.190676).
P2: N=5, mean=42.8 (+/-10.831328).

Agent 2 (UCT)
Winning score (between 0 and 1) : N=10, mean=0.4 (+/-0.32006).
P1: N=5, mean=0.4 (+/-0.48009).
P2: N=5, mean=0.4 (+/-0.48009).
Game Durations: N=10, mean=47.1 (+/-6.74187).
P1: N=5, mean=42.8 (+/-10.831328).
P2: N=5, mean=51.4 (+/-7.190676).
=====================================================
=====================================================
Completed 20 games.

Agent 1 (SHUCT)
Winning score (between 0 and 1) : N=20, mean=0.45 (+/-0.223696).
P1: N=10, mean=0.4 (+/-0.32006).
P2: N=10, mean=0.5 (+/-0.32666).
Game Durations: N=20, mean=56.15 (+/-7.28131).
P1: N=10, mean=55.8 (+/-7.684776).
P2: N=10, mean=56.5 (+/-12.833207).

Agent 2 (UCT)
Winning score (between 0 and 1) : N=20, mean=0.55 (+/-0.223696).
P1: N=10, mean=0.5 (+/-0.32666).
P2: N=10, mean=0.6 (+/-0.32006).
Game Durations: N=20, mean=56.15 (+/-7.28131).
P1: N=10, mean=56.5 (+/-12.833207).
P2: N=10, mean=55.8 (+/-7.684776).
=====================================================
=====================================================
Completed 30 games.

Agent 1 (SHUCT)
Winning score (between 0 and 1) : N=30, mean=0.466667 (+/-0.181573).
P1: N=15, mean=0.333333 (+/-0.246932).
P2: N=15, mean=0.6 (+/-0.256619).
Game Durations: N=30, mean=54.433333 (+/-5.347944).
P1: N=15, mean=53.266667 (+/-6.043929).
P2: N=15, mean=55.6 (+/-9.011757).

Agent 2 (UCT)
Winning score (between 0 and 1) : N=30, mean=0.533333 (+/-0.181573).
P1: N=15, mean=0.4 (+/-0.256619).
P2: N=15, mean=0.666667 (+/-0.246932).
Game Durations: N=30, mean=54.433333 (+/-5.347944).
P1: N=15, mean=55.6 (+/-9.011757).
P2: N=15, mean=53.266667 (+/-6.043929).
=====================================================
=====================================================
Completed 40 games.

Agent 1 (SHUCT)
Winning score (between 0 and 1) : N=40, mean=0.525 (+/-0.156726).
P1: N=20, mean=0.4 (+/-0.22028).
P2: N=20, mean=0.65 (+/-0.214467).
Game Durations: N=40, mean=55.575 (+/-4.539311).
P1: N=20, mean=52 (+/-4.929724).
P2: N=20, mean=59.15 (+/-7.424295).

Agent 2 (UCT)
Winning score (between 0 and 1) : N=40, mean=0.475 (+/-0.156726).
P1: N=20, mean=0.35 (+/-0.214467).
P2: N=20, mean=0.6 (+/-0.22028).
Game Durations: N=40, mean=55.575 (+/-4.539311).
P1: N=20, mean=59.15 (+/-7.424295).
P2: N=20, mean=52 (+/-4.929724).
=====================================================
=====================================================
Completed 50 games.

Agent 1 (SHUCT)
Winning score (between 0 and 1) : N=50, mean=0.5 (+/-0.139997).
P1: N=25, mean=0.44 (+/-0.198592).
P2: N=25, mean=0.56 (+/-0.198592).
Game Durations: N=50, mean=56.76 (+/-4.340023).
P1: N=25, mean=53.24 (+/-5.649175).
P2: N=25, mean=60.28 (+/-6.405722).

Agent 2 (UCT)
Winning score (between 0 and 1) : N=50, mean=0.5 (+/-0.139997).
P1: N=25, mean=0.44 (+/-0.198592).
P2: N=25, mean=0.56 (+/-0.198592).
Game Durations: N=50, mean=56.76 (+/-4.340023).
P1: N=25, mean=60.28 (+/-6.405722).
P2: N=25, mean=53.24 (+/-5.649175).
=====================================================
=====================================================
Completed 60 games.

Agent 1 (SHUCT)
Winning score (between 0 and 1) : N=60, mean=0.516667 (+/-0.127512).
P1: N=30, mean=0.466667 (+/-0.181573).
P2: N=30, mean=0.566667 (+/-0.180353).
Game Durations: N=60, mean=57.116667 (+/-3.764035).
P1: N=30, mean=53.333333 (+/-4.885084).
P2: N=30, mean=60.9 (+/-5.476572).

Agent 2 (UCT)
Winning score (between 0 and 1) : N=60, mean=0.483333 (+/-0.127512).
P1: N=30, mean=0.433333 (+/-0.180353).
P2: N=30, mean=0.533333 (+/-0.181573).
Game Durations: N=60, mean=57.116667 (+/-3.764035).
P1: N=30, mean=60.9 (+/-5.476572).
P2: N=30, mean=53.333333 (+/-4.885084).
=====================================================
=====================================================
Completed 70 games.

Agent 1 (SHUCT)
Winning score (between 0 and 1) : N=70, mean=0.542857 (+/-0.117542).
P1: N=35, mean=0.514286 (+/-0.167997).
P2: N=35, mean=0.571429 (+/-0.166341).
Game Durations: N=70, mean=57.1 (+/-3.50294).
P1: N=35, mean=54.228571 (+/-4.427369).
P2: N=35, mean=59.971429 (+/-5.323479).

Agent 2 (UCT)
Winning score (between 0 and 1) : N=70, mean=0.457143 (+/-0.117542).
P1: N=35, mean=0.428571 (+/-0.166341).
P2: N=35, mean=0.485714 (+/-0.167997).
Game Durations: N=70, mean=57.1 (+/-3.50294).
P1: N=35, mean=59.971429 (+/-5.323479).
P2: N=35, mean=54.228571 (+/-4.427369).
=====================================================
=====================================================
Completed 80 games.

Agent 1 (SHUCT)
Winning score (between 0 and 1) : N=80, mean=0.525 (+/-0.110118).
P1: N=40, mean=0.5 (+/-0.156922).
P2: N=40, mean=0.55 (+/-0.156136).
Game Durations: N=80, mean=57.675 (+/-3.172008).
P1: N=40, mean=55.45 (+/-4.244424).
P2: N=40, mean=59.9 (+/-4.66606).

Agent 2 (UCT)
Winning score (between 0 and 1) : N=80, mean=0.475 (+/-0.110118).
P1: N=40, mean=0.45 (+/-0.156136).
P2: N=40, mean=0.5 (+/-0.156922).
Game Durations: N=80, mean=57.675 (+/-3.172008).
P1: N=40, mean=59.9 (+/-4.66606).
P2: N=40, mean=55.45 (+/-4.244424).
=====================================================
=====================================================
Completed 90 games.

Agent 1 (SHUCT)
Winning score (between 0 and 1) : N=90, mean=0.5 (+/-0.103878).
P1: N=45, mean=0.488889 (+/-0.147701).
P2: N=45, mean=0.511111 (+/-0.147701).
Game Durations: N=90, mean=58.111111 (+/-2.886636).
P1: N=45, mean=56.222222 (+/-3.888059).
P2: N=45, mean=60 (+/-4.239035).

Agent 2 (UCT)
Winning score (between 0 and 1) : N=90, mean=0.5 (+/-0.103878).
P1: N=45, mean=0.488889 (+/-0.147701).
P2: N=45, mean=0.511111 (+/-0.147701).
Game Durations: N=90, mean=58.111111 (+/-2.886636).
P1: N=45, mean=60 (+/-4.239035).
P2: N=45, mean=56.222222 (+/-3.888059).
=====================================================
=====================================================
Completed 100 games.

Agent 1 (SHUCT)
Winning score (between 0 and 1) : N=100, mean=0.47 (+/-0.098314).
P1: N=50, mean=0.46 (+/-0.139548).
P2: N=50, mean=0.48 (+/-0.139885).
Game Durations: N=100, mean=57.33 (+/-2.765363).
P1: N=50, mean=55.66 (+/-3.856451).
P2: N=50, mean=59 (+/-3.948614).

Agent 2 (UCT)
Winning score (between 0 and 1) : N=100, mean=0.53 (+/-0.098314).
P1: N=50, mean=0.52 (+/-0.139885).
P2: N=50, mean=0.54 (+/-0.139548).
Game Durations: N=100, mean=57.33 (+/-2.765363).
P1: N=50, mean=59 (+/-3.948614).
P2: N=50, mean=55.66 (+/-3.856451).
=====================================================
