Warming up...
Finished warming up!
=====================================================
Completed 1 games.

Agent 1 (SHUCT)
Winning score (between 0 and 1) : N=1, mean=1 (+/-0).
P1: N=0, mean=0 (+/-0).
P2: N=1, mean=1 (+/-0).
Game Durations: N=1, mean=34 (+/-0).
P1: N=0, mean=0 (+/-0).
P2: N=1, mean=34 (+/-0).

Agent 2 (UCT)
Winning score (between 0 and 1) : N=1, mean=0 (+/-0).
P1: N=1, mean=0 (+/-0).
P2: N=0, mean=0 (+/-0).
Game Durations: N=1, mean=34 (+/-0).
P1: N=1, mean=34 (+/-0).
P2: N=0, mean=0 (+/-0).
=====================================================
=====================================================
Completed 2 games.

Agent 1 (SHUCT)
Winning score (between 0 and 1) : N=2, mean=0.5 (+/-0.97998).
P1: N=1, mean=0 (+/-0).
P2: N=1, mean=1 (+/-0).
Game Durations: N=2, mean=45 (+/-21.55956).
P1: N=1, mean=56 (+/-0).
P2: N=1, mean=34 (+/-0).

Agent 2 (UCT)
Winning score (between 0 and 1) : N=2, mean=0.5 (+/-0.97998).
P1: N=1, mean=0 (+/-0).
P2: N=1, mean=1 (+/-0).
Game Durations: N=2, mean=45 (+/-21.55956).
P1: N=1, mean=34 (+/-0).
P2: N=1, mean=56 (+/-0).
=====================================================
=====================================================
Completed 3 games.

Agent 1 (SHUCT)
Winning score (between 0 and 1) : N=3, mean=0.333333 (+/-0.65332).
P1: N=1, mean=0 (+/-0).
P2: N=2, mean=0.5 (+/-0.97998).
Game Durations: N=3, mean=47.666667 (+/-13.50019).
P1: N=1, mean=56 (+/-0).
P2: N=2, mean=43.5 (+/-18.61962).

Agent 2 (UCT)
Winning score (between 0 and 1) : N=3, mean=0.666667 (+/-0.65332).
P1: N=2, mean=0.5 (+/-0.97998).
P2: N=1, mean=1 (+/-0).
Game Durations: N=3, mean=47.666667 (+/-13.50019).
P1: N=2, mean=43.5 (+/-18.61962).
P2: N=1, mean=56 (+/-0).
=====================================================
=====================================================
Completed 4 games.

Agent 1 (SHUCT)
Winning score (between 0 and 1) : N=4, mean=0.5 (+/-0.565792).
P1: N=2, mean=0.5 (+/-0.97998).
P2: N=2, mean=0.5 (+/-0.97998).
Game Durations: N=4, mean=49 (+/-9.897313).
P1: N=2, mean=54.5 (+/-2.93994).
P2: N=2, mean=43.5 (+/-18.61962).

Agent 2 (UCT)
Winning score (between 0 and 1) : N=4, mean=0.5 (+/-0.565792).
P1: N=2, mean=0.5 (+/-0.97998).
P2: N=2, mean=0.5 (+/-0.97998).
Game Durations: N=4, mean=49 (+/-9.897313).
P1: N=2, mean=43.5 (+/-18.61962).
P2: N=2, mean=54.5 (+/-2.93994).
=====================================================
=====================================================
Completed 5 games.

Agent 1 (SHUCT)
Winning score (between 0 and 1) : N=5, mean=0.6 (+/-0.48009).
P1: N=2, mean=0.5 (+/-0.97998).
P2: N=3, mean=0.666667 (+/-0.65332).
Game Durations: N=5, mean=43.6 (+/-13.068686).
P1: N=2, mean=54.5 (+/-2.93994).
P2: N=3, mean=36.333333 (+/-17.687968).

Agent 2 (UCT)
Winning score (between 0 and 1) : N=5, mean=0.4 (+/-0.48009).
P1: N=3, mean=0.333333 (+/-0.65332).
P2: N=2, mean=0.5 (+/-0.97998).
Game Durations: N=5, mean=43.6 (+/-13.068686).
P1: N=3, mean=36.333333 (+/-17.687968).
P2: N=2, mean=54.5 (+/-2.93994).
=====================================================
=====================================================
Completed 10 games.

Agent 1 (SHUCT)
Winning score (between 0 and 1) : N=10, mean=0.8 (+/-0.261328).
P1: N=5, mean=0.8 (+/-0.391992).
P2: N=5, mean=0.8 (+/-0.391992).
Game Durations: N=10, mean=44.9 (+/-7.688386).
P1: N=5, mean=48.4 (+/-10.547426).
P2: N=5, mean=41.4 (+/-11.455291).

Agent 2 (UCT)
Winning score (between 0 and 1) : N=10, mean=0.2 (+/-0.261328).
P1: N=5, mean=0.2 (+/-0.391992).
P2: N=5, mean=0.2 (+/-0.391992).
Game Durations: N=10, mean=44.9 (+/-7.688386).
P1: N=5, mean=41.4 (+/-11.455291).
P2: N=5, mean=48.4 (+/-10.547426).
=====================================================
=====================================================
Completed 20 games.

Agent 1 (SHUCT)
Winning score (between 0 and 1) : N=20, mean=0.85 (+/-0.160556).
P1: N=10, mean=0.8 (+/-0.261328).
P2: N=10, mean=0.9 (+/-0.195996).
Game Durations: N=20, mean=48.75 (+/-5.512287).
P1: N=10, mean=54 (+/-6.802062).
P2: N=10, mean=43.5 (+/-7.64831).

Agent 2 (UCT)
Winning score (between 0 and 1) : N=20, mean=0.15 (+/-0.160556).
P1: N=10, mean=0.1 (+/-0.195996).
P2: N=10, mean=0.2 (+/-0.261328).
Game Durations: N=20, mean=48.75 (+/-5.512287).
P1: N=10, mean=43.5 (+/-7.64831).
P2: N=10, mean=54 (+/-6.802062).
=====================================================
=====================================================
Completed 30 games.

Agent 1 (SHUCT)
Winning score (between 0 and 1) : N=30, mean=0.866667 (+/-0.123721).
P1: N=15, mean=0.866667 (+/-0.178065).
P2: N=15, mean=0.866667 (+/-0.178065).
Game Durations: N=30, mean=50.233333 (+/-4.331613).
P1: N=15, mean=54.466667 (+/-5.351758).
P2: N=15, mean=46 (+/-6.265452).

Agent 2 (UCT)
Winning score (between 0 and 1) : N=30, mean=0.133333 (+/-0.123721).
P1: N=15, mean=0.133333 (+/-0.178065).
P2: N=15, mean=0.133333 (+/-0.178065).
Game Durations: N=30, mean=50.233333 (+/-4.331613).
P1: N=15, mean=46 (+/-6.265452).
P2: N=15, mean=54.466667 (+/-5.351758).
=====================================================
=====================================================
Completed 40 games.

Agent 1 (SHUCT)
Winning score (between 0 and 1) : N=40, mean=0.9 (+/-0.094153).
P1: N=20, mean=0.9 (+/-0.134894).
P2: N=20, mean=0.9 (+/-0.134894).
Game Durations: N=40, mean=51.4 (+/-3.704698).
P1: N=20, mean=54.3 (+/-4.483172).
P2: N=20, mean=48.5 (+/-5.730998).

Agent 2 (UCT)
Winning score (between 0 and 1) : N=40, mean=0.1 (+/-0.094153).
P1: N=20, mean=0.1 (+/-0.134894).
P2: N=20, mean=0.1 (+/-0.134894).
Game Durations: N=40, mean=51.4 (+/-3.704698).
P1: N=20, mean=48.5 (+/-5.730998).
P2: N=20, mean=54.3 (+/-4.483172).
=====================================================
=====================================================
Completed 50 games.

Agent 1 (SHUCT)
Winning score (between 0 and 1) : N=50, mean=0.88 (+/-0.090987).
P1: N=25, mean=0.88 (+/-0.130009).
P2: N=25, mean=0.88 (+/-0.130009).
Game Durations: N=50, mean=51.3 (+/-3.212134).
P1: N=25, mean=53.6 (+/-3.895343).
P2: N=25, mean=49 (+/-5.02632).

Agent 2 (UCT)
Winning score (between 0 and 1) : N=50, mean=0.12 (+/-0.090987).
P1: N=25, mean=0.12 (+/-0.130009).
P2: N=25, mean=0.12 (+/-0.130009).
Game Durations: N=50, mean=51.3 (+/-3.212134).
P1: N=25, mean=49 (+/-5.02632).
P2: N=25, mean=53.6 (+/-3.895343).
=====================================================
=====================================================
Completed 60 games.

Agent 1 (SHUCT)
Winning score (between 0 and 1) : N=60, mean=0.9 (+/-0.07655).
P1: N=30, mean=0.9 (+/-0.109187).
P2: N=30, mean=0.9 (+/-0.109187).
Game Durations: N=60, mean=50.5 (+/-2.903916).
P1: N=30, mean=52.966667 (+/-3.507951).
P2: N=30, mean=48.033333 (+/-4.516063).

Agent 2 (UCT)
Winning score (between 0 and 1) : N=60, mean=0.1 (+/-0.07655).
P1: N=30, mean=0.1 (+/-0.109187).
P2: N=30, mean=0.1 (+/-0.109187).
Game Durations: N=60, mean=50.5 (+/-2.903916).
P1: N=30, mean=48.033333 (+/-4.516063).
P2: N=30, mean=52.966667 (+/-3.507951).
=====================================================
=====================================================
Completed 70 games.

Agent 1 (SHUCT)
Winning score (between 0 and 1) : N=70, mean=0.885714 (+/-0.07507).
P1: N=35, mean=0.857143 (+/-0.117621).
P2: N=35, mean=0.914286 (+/-0.094097).
Game Durations: N=70, mean=49.928571 (+/-2.742472).
P1: N=35, mean=53.485714 (+/-3.124769).
P2: N=35, mean=46.371429 (+/-4.231266).

Agent 2 (UCT)
Winning score (between 0 and 1) : N=70, mean=0.114286 (+/-0.07507).
P1: N=35, mean=0.085714 (+/-0.094097).
P2: N=35, mean=0.142857 (+/-0.117621).
Game Durations: N=70, mean=49.928571 (+/-2.742472).
P1: N=35, mean=46.371429 (+/-4.231266).
P2: N=35, mean=53.485714 (+/-3.124769).
=====================================================
