Warming up...
Finished warming up!
=====================================================
Completed 1 games.

Agent 1 (SHUCT)
Winning score (between 0 and 1) : N=1, mean=0 (+/-0).
P1: N=1, mean=0 (+/-0).
P2: N=0, mean=0 (+/-0).
Game Durations: N=1, mean=78 (+/-0).
P1: N=1, mean=78 (+/-0).
P2: N=0, mean=0 (+/-0).

Agent 2 (UCT)
Winning score (between 0 and 1) : N=1, mean=1 (+/-0).
P1: N=0, mean=0 (+/-0).
P2: N=1, mean=1 (+/-0).
Game Durations: N=1, mean=78 (+/-0).
P1: N=0, mean=0 (+/-0).
P2: N=1, mean=78 (+/-0).
=====================================================
=====================================================
Completed 2 games.

Agent 1 (SHUCT)
Winning score (between 0 and 1) : N=2, mean=0.5 (+/-0.97998).
P1: N=1, mean=0 (+/-0).
P2: N=1, mean=1 (+/-0).
Game Durations: N=2, mean=57 (+/-41.15916).
P1: N=1, mean=78 (+/-0).
P2: N=1, mean=36 (+/-0).

Agent 2 (UCT)
Winning score (between 0 and 1) : N=2, mean=0.5 (+/-0.97998).
P1: N=1, mean=0 (+/-0).
P2: N=1, mean=1 (+/-0).
Game Durations: N=2, mean=57 (+/-41.15916).
P1: N=1, mean=36 (+/-0).
P2: N=1, mean=78 (+/-0).
=====================================================
=====================================================
Completed 3 games.

Agent 1 (SHUCT)
Winning score (between 0 and 1) : N=3, mean=0.666667 (+/-0.65332).
P1: N=2, mean=0.5 (+/-0.97998).
P2: N=1, mean=1 (+/-0).
Game Durations: N=3, mean=49 (+/-28.470063).
P1: N=2, mean=55.5 (+/-44.0991).
P2: N=1, mean=36 (+/-0).

Agent 2 (UCT)
Winning score (between 0 and 1) : N=3, mean=0.333333 (+/-0.65332).
P1: N=1, mean=0 (+/-0).
P2: N=2, mean=0.5 (+/-0.97998).
Game Durations: N=3, mean=49 (+/-28.470063).
P1: N=1, mean=36 (+/-0).
P2: N=2, mean=55.5 (+/-44.0991).
=====================================================
=====================================================
Completed 4 games.

Agent 1 (SHUCT)
Winning score (between 0 and 1) : N=4, mean=0.75 (+/-0.48999).
P1: N=2, mean=0.5 (+/-0.97998).
P2: N=2, mean=1 (+/-0).
Game Durations: N=4, mean=47.75 (+/-20.279904).
P1: N=2, mean=55.5 (+/-44.0991).
P2: N=2, mean=40 (+/-7.83984).

Agent 2 (UCT)
Winning score (between 0 and 1) : N=4, mean=0.25 (+/-0.48999).
P1: N=2, mean=0 (+/-0).
P2: N=2, mean=0.5 (+/-0.97998).
Game Durations: N=4, mean=47.75 (+/-20.279904).
P1: N=2, mean=40 (+/-7.83984).
P2: N=2, mean=55.5 (+/-44.0991).
=====================================================
=====================================================
Completed 5 games.

Agent 1 (SHUCT)
Winning score (between 0 and 1) : N=5, mean=0.8 (+/-0.391992).
P1: N=3, mean=0.666667 (+/-0.65332).
P2: N=2, mean=1 (+/-0).
Game Durations: N=5, mean=48 (+/-15.716386).
P1: N=3, mean=53.333333 (+/-25.812342).
P2: N=2, mean=40 (+/-7.83984).

Agent 2 (UCT)
Winning score (between 0 and 1) : N=5, mean=0.2 (+/-0.391992).
P1: N=2, mean=0 (+/-0).
P2: N=3, mean=0.333333 (+/-0.65332).
Game Durations: N=5, mean=48 (+/-15.716386).
P1: N=2, mean=40 (+/-7.83984).
P2: N=3, mean=53.333333 (+/-25.812342).
=====================================================
=====================================================
Completed 10 games.

Agent 1 (SHUCT)
Winning score (between 0 and 1) : N=10, mean=0.9 (+/-0.195996).
P1: N=5, mean=0.8 (+/-0.391992).
P2: N=5, mean=1 (+/-0).
Game Durations: N=10, mean=52.6 (+/-9.450359).
P1: N=5, mean=57.2 (+/-15.085327).
P2: N=5, mean=48 (+/-11.562103).

Agent 2 (UCT)
Winning score (between 0 and 1) : N=10, mean=0.1 (+/-0.195996).
P1: N=5, mean=0 (+/-0).
P2: N=5, mean=0.2 (+/-0.391992).
Game Durations: N=10, mean=52.6 (+/-9.450359).
P1: N=5, mean=48 (+/-11.562103).
P2: N=5, mean=57.2 (+/-15.085327).
=====================================================
=====================================================
Completed 20 games.

Agent 1 (SHUCT)
Winning score (between 0 and 1) : N=20, mean=0.9 (+/-0.134894).
P1: N=10, mean=0.8 (+/-0.261328).
P2: N=10, mean=1 (+/-0).
Game Durations: N=20, mean=53.4 (+/-6.831655).
P1: N=10, mean=55.6 (+/-10.084011).
P2: N=10, mean=51.2 (+/-9.551887).

Agent 2 (UCT)
Winning score (between 0 and 1) : N=20, mean=0.1 (+/-0.134894).
P1: N=10, mean=0 (+/-0).
P2: N=10, mean=0.2 (+/-0.261328).
Game Durations: N=20, mean=53.4 (+/-6.831655).
P1: N=10, mean=51.2 (+/-9.551887).
P2: N=10, mean=55.6 (+/-10.084011).
=====================================================
=====================================================
Completed 30 games.

Agent 1 (SHUCT)
Winning score (between 0 and 1) : N=30, mean=0.933333 (+/-0.090786).
P1: N=15, mean=0.866667 (+/-0.178065).
P2: N=15, mean=1 (+/-0).
Game Durations: N=30, mean=54.5 (+/-5.279863).
P1: N=15, mean=54.333333 (+/-7.787556).
P2: N=15, mean=54.666667 (+/-7.404659).

Agent 2 (UCT)
Winning score (between 0 and 1) : N=30, mean=0.066667 (+/-0.090786).
P1: N=15, mean=0 (+/-0).
P2: N=15, mean=0.133333 (+/-0.178065).
Game Durations: N=30, mean=54.5 (+/-5.279863).
P1: N=15, mean=54.666667 (+/-7.404659).
P2: N=15, mean=54.333333 (+/-7.787556).
=====================================================
=====================================================
Completed 40 games.

Agent 1 (SHUCT)
Winning score (between 0 and 1) : N=40, mean=0.9 (+/-0.094153).
P1: N=20, mean=0.85 (+/-0.160556).
P2: N=20, mean=0.95 (+/-0.097998).
Game Durations: N=40, mean=56.4 (+/-4.441652).
P1: N=20, mean=55.75 (+/-6.418879).
P2: N=20, mean=57.05 (+/-6.294196).

Agent 2 (UCT)
Winning score (between 0 and 1) : N=40, mean=0.1 (+/-0.094153).
P1: N=20, mean=0.05 (+/-0.097998).
P2: N=20, mean=0.15 (+/-0.160556).
Game Durations: N=40, mean=56.4 (+/-4.441652).
P1: N=20, mean=57.05 (+/-6.294196).
P2: N=20, mean=55.75 (+/-6.418879).
=====================================================
=====================================================
Completed 50 games.

Agent 1 (SHUCT)
Winning score (between 0 and 1) : N=50, mean=0.9 (+/-0.083998).
P1: N=25, mean=0.84 (+/-0.14667).
P2: N=25, mean=0.96 (+/-0.078398).
Game Durations: N=50, mean=55.24 (+/-3.808153).
P1: N=25, mean=54.04 (+/-5.344237).
P2: N=25, mean=56.44 (+/-5.494977).

Agent 2 (UCT)
Winning score (between 0 and 1) : N=50, mean=0.1 (+/-0.083998).
P1: N=25, mean=0.04 (+/-0.078398).
P2: N=25, mean=0.16 (+/-0.14667).
Game Durations: N=50, mean=55.24 (+/-3.808153).
P1: N=25, mean=56.44 (+/-5.494977).
P2: N=25, mean=54.04 (+/-5.344237).
=====================================================
=====================================================
Completed 60 games.

Agent 1 (SHUCT)
Winning score (between 0 and 1) : N=60, mean=0.866667 (+/-0.086739).
P1: N=30, mean=0.8 (+/-0.145582).
P2: N=30, mean=0.933333 (+/-0.090786).
Game Durations: N=60, mean=55.533333 (+/-3.429247).
P1: N=30, mean=55.333333 (+/-4.954193).
P2: N=30, mean=55.733333 (+/-4.826524).

Agent 2 (UCT)
Winning score (between 0 and 1) : N=60, mean=0.133333 (+/-0.086739).
P1: N=30, mean=0.066667 (+/-0.090786).
P2: N=30, mean=0.2 (+/-0.145582).
Game Durations: N=60, mean=55.533333 (+/-3.429247).
P1: N=30, mean=55.733333 (+/-4.826524).
P2: N=30, mean=55.333333 (+/-4.954193).
=====================================================
=====================================================
Completed 70 games.

Agent 1 (SHUCT)
Winning score (between 0 and 1) : N=70, mean=0.871429 (+/-0.078979).
P1: N=35, mean=0.828571 (+/-0.126682).
P2: N=35, mean=0.914286 (+/-0.094097).
Game Durations: N=70, mean=55.342857 (+/-3.2716).
P1: N=35, mean=56.2 (+/-4.516672).
P2: N=35, mean=54.485714 (+/-4.782963).

Agent 2 (UCT)
Winning score (between 0 and 1) : N=70, mean=0.128571 (+/-0.078979).
P1: N=35, mean=0.085714 (+/-0.094097).
P2: N=35, mean=0.171429 (+/-0.126682).
Game Durations: N=70, mean=55.342857 (+/-3.2716).
P1: N=35, mean=54.485714 (+/-4.782963).
P2: N=35, mean=56.2 (+/-4.516672).
=====================================================
=====================================================
Completed 80 games.

Agent 1 (SHUCT)
Winning score (between 0 and 1) : N=80, mean=0.875 (+/-0.072928).
P1: N=40, mean=0.85 (+/-0.112065).
P2: N=40, mean=0.9 (+/-0.094153).
Game Durations: N=80, mean=55.025 (+/-2.986091).
P1: N=40, mean=55.7 (+/-4.154859).
P2: N=40, mean=54.35 (+/-4.332621).

Agent 2 (UCT)
Winning score (between 0 and 1) : N=80, mean=0.125 (+/-0.072928).
P1: N=40, mean=0.1 (+/-0.094153).
P2: N=40, mean=0.15 (+/-0.112065).
Game Durations: N=80, mean=55.025 (+/-2.986091).
P1: N=40, mean=54.35 (+/-4.332621).
P2: N=40, mean=55.7 (+/-4.154859).
=====================================================
=====================================================
Completed 90 games.

Agent 1 (SHUCT)
Winning score (between 0 and 1) : N=90, mean=0.855556 (+/-0.073034).
P1: N=45, mean=0.822222 (+/-0.112968).
P2: N=45, mean=0.888889 (+/-0.092859).
Game Durations: N=90, mean=55 (+/-2.801404).
P1: N=45, mean=54.822222 (+/-3.969735).
P2: N=45, mean=55.177778 (+/-3.997981).

Agent 2 (UCT)
Winning score (between 0 and 1) : N=90, mean=0.144444 (+/-0.073034).
P1: N=45, mean=0.111111 (+/-0.092859).
P2: N=45, mean=0.177778 (+/-0.112968).
Game Durations: N=90, mean=55 (+/-2.801404).
P1: N=45, mean=55.177778 (+/-3.997981).
P2: N=45, mean=54.822222 (+/-3.969735).
=====================================================
=====================================================
Completed 100 games.

Agent 1 (SHUCT)
Winning score (between 0 and 1) : N=100, mean=0.85 (+/-0.070337).
P1: N=50, mean=0.82 (+/-0.10757).
P2: N=50, mean=0.88 (+/-0.090987).
Game Durations: N=100, mean=55.49 (+/-2.745993).
P1: N=50, mean=56.78 (+/-3.990204).
P2: N=50, mean=54.2 (+/-3.779819).

Agent 2 (UCT)
Winning score (between 0 and 1) : N=100, mean=0.15 (+/-0.070337).
P1: N=50, mean=0.12 (+/-0.090987).
P2: N=50, mean=0.18 (+/-0.10757).
Game Durations: N=100, mean=55.49 (+/-2.745993).
P1: N=50, mean=54.2 (+/-3.779819).
P2: N=50, mean=56.78 (+/-3.990204).
=====================================================
