Warming up...
Finished warming up!
=====================================================
Completed 1 games.

Agent 1 (SHUCT)
Winning score (between 0 and 1) : N=1, mean=1 (+/-0).
P1: N=0, mean=0 (+/-0).
P2: N=1, mean=1 (+/-0).
Game Durations: N=1, mean=48 (+/-0).
P1: N=0, mean=0 (+/-0).
P2: N=1, mean=48 (+/-0).

Agent 2 (UCT)
Winning score (between 0 and 1) : N=1, mean=0 (+/-0).
P1: N=1, mean=0 (+/-0).
P2: N=0, mean=0 (+/-0).
Game Durations: N=1, mean=48 (+/-0).
P1: N=1, mean=48 (+/-0).
P2: N=0, mean=0 (+/-0).
=====================================================
=====================================================
Completed 2 games.

Agent 1 (SHUCT)
Winning score (between 0 and 1) : N=2, mean=0.5 (+/-0.97998).
P1: N=1, mean=0 (+/-0).
P2: N=1, mean=1 (+/-0).
Game Durations: N=2, mean=50 (+/-3.91992).
P1: N=1, mean=52 (+/-0).
P2: N=1, mean=48 (+/-0).

Agent 2 (UCT)
Winning score (between 0 and 1) : N=2, mean=0.5 (+/-0.97998).
P1: N=1, mean=0 (+/-0).
P2: N=1, mean=1 (+/-0).
Game Durations: N=2, mean=50 (+/-3.91992).
P1: N=1, mean=48 (+/-0).
P2: N=1, mean=52 (+/-0).
=====================================================
=====================================================
Completed 3 games.

Agent 1 (SHUCT)
Winning score (between 0 and 1) : N=3, mean=0.666667 (+/-0.65332).
P1: N=1, mean=0 (+/-0).
P2: N=2, mean=1 (+/-0).
Game Durations: N=3, mean=50.666667 (+/-2.61328).
P1: N=1, mean=52 (+/-0).
P2: N=2, mean=50 (+/-3.91992).

Agent 2 (UCT)
Winning score (between 0 and 1) : N=3, mean=0.333333 (+/-0.65332).
P1: N=2, mean=0 (+/-0).
P2: N=1, mean=1 (+/-0).
Game Durations: N=3, mean=50.666667 (+/-2.61328).
P1: N=2, mean=50 (+/-3.91992).
P2: N=1, mean=52 (+/-0).
=====================================================
=====================================================
Completed 4 games.

Agent 1 (SHUCT)
Winning score (between 0 and 1) : N=4, mean=0.5 (+/-0.565792).
P1: N=2, mean=0 (+/-0).
P2: N=2, mean=1 (+/-0).
Game Durations: N=4, mean=54 (+/-6.789501).
P1: N=2, mean=58 (+/-11.75976).
P2: N=2, mean=50 (+/-3.91992).

Agent 2 (UCT)
Winning score (between 0 and 1) : N=4, mean=0.5 (+/-0.565792).
P1: N=2, mean=0 (+/-0).
P2: N=2, mean=1 (+/-0).
Game Durations: N=4, mean=54 (+/-6.789501).
P1: N=2, mean=50 (+/-3.91992).
P2: N=2, mean=58 (+/-11.75976).
=====================================================
=====================================================
Completed 5 games.

Agent 1 (SHUCT)
Winning score (between 0 and 1) : N=5, mean=0.6 (+/-0.48009).
P1: N=2, mean=0 (+/-0).
P2: N=3, mean=1 (+/-0).
Game Durations: N=5, mean=54.4 (+/-5.317238).
P1: N=2, mean=58 (+/-11.75976).
P2: N=3, mean=52 (+/-4.526334).

Agent 2 (UCT)
Winning score (between 0 and 1) : N=5, mean=0.4 (+/-0.48009).
P1: N=3, mean=0 (+/-0).
P2: N=2, mean=1 (+/-0).
Game Durations: N=5, mean=54.4 (+/-5.317238).
P1: N=3, mean=52 (+/-4.526334).
P2: N=2, mean=58 (+/-11.75976).
=====================================================
=====================================================
Completed 10 games.

Agent 1 (SHUCT)
Winning score (between 0 and 1) : N=10, mean=0.6 (+/-0.32006).
P1: N=5, mean=0.4 (+/-0.48009).
P2: N=5, mean=0.8 (+/-0.391992).
Game Durations: N=10, mean=57.3 (+/-5.938028).
P1: N=5, mean=57.6 (+/-7.504369).
P2: N=5, mean=57 (+/-10.108531).

Agent 2 (UCT)
Winning score (between 0 and 1) : N=10, mean=0.4 (+/-0.32006).
P1: N=5, mean=0.2 (+/-0.391992).
P2: N=5, mean=0.6 (+/-0.48009).
Game Durations: N=10, mean=57.3 (+/-5.938028).
P1: N=5, mean=57 (+/-10.108531).
P2: N=5, mean=57.6 (+/-7.504369).
=====================================================
=====================================================
Completed 20 games.

Agent 1 (SHUCT)
Winning score (between 0 and 1) : N=20, mean=0.75 (+/-0.194702).
P1: N=10, mean=0.7 (+/-0.299389).
P2: N=10, mean=0.8 (+/-0.261328).
Game Durations: N=20, mean=58.05 (+/-6.136428).
P1: N=10, mean=55.1 (+/-9.419823).
P2: N=10, mean=61 (+/-7.926471).

Agent 2 (UCT)
Winning score (between 0 and 1) : N=20, mean=0.25 (+/-0.194702).
P1: N=10, mean=0.2 (+/-0.261328).
P2: N=10, mean=0.3 (+/-0.299389).
Game Durations: N=20, mean=58.05 (+/-6.136428).
P1: N=10, mean=61 (+/-7.926471).
P2: N=10, mean=55.1 (+/-9.419823).
=====================================================
=====================================================
Completed 30 games.

Agent 1 (SHUCT)
Winning score (between 0 and 1) : N=30, mean=0.6 (+/-0.178301).
P1: N=15, mean=0.466667 (+/-0.261328).
P2: N=15, mean=0.733333 (+/-0.231643).
Game Durations: N=30, mean=59.433333 (+/-4.783103).
P1: N=15, mean=58.2 (+/-6.910208).
P2: N=15, mean=60.666667 (+/-6.796681).

Agent 2 (UCT)
Winning score (between 0 and 1) : N=30, mean=0.4 (+/-0.178301).
P1: N=15, mean=0.266667 (+/-0.231643).
P2: N=15, mean=0.533333 (+/-0.261328).
Game Durations: N=30, mean=59.433333 (+/-4.783103).
P1: N=15, mean=60.666667 (+/-6.796681).
P2: N=15, mean=58.2 (+/-6.910208).
=====================================================
=====================================================
Completed 40 games.

Agent 1 (SHUCT)
Winning score (between 0 and 1) : N=40, mean=0.575 (+/-0.155147).
P1: N=20, mean=0.5 (+/-0.224823).
P2: N=20, mean=0.65 (+/-0.214467).
Game Durations: N=40, mean=59.775 (+/-4.009045).
P1: N=20, mean=58.6 (+/-5.311532).
P2: N=20, mean=60.95 (+/-6.100078).

Agent 2 (UCT)
Winning score (between 0 and 1) : N=40, mean=0.425 (+/-0.155147).
P1: N=20, mean=0.35 (+/-0.214467).
P2: N=20, mean=0.5 (+/-0.224823).
Game Durations: N=40, mean=59.775 (+/-4.009045).
P1: N=20, mean=60.95 (+/-6.100078).
P2: N=20, mean=58.6 (+/-5.311532).
=====================================================
=====================================================
Completed 50 games.

Agent 1 (SHUCT)
Winning score (between 0 and 1) : N=50, mean=0.56 (+/-0.138986).
P1: N=25, mean=0.48 (+/-0.199877).
P2: N=25, mean=0.64 (+/-0.192036).
Game Durations: N=50, mean=60.26 (+/-3.726685).
P1: N=25, mean=59.12 (+/-4.901624).
P2: N=25, mean=61.4 (+/-5.680504).

Agent 2 (UCT)
Winning score (between 0 and 1) : N=50, mean=0.44 (+/-0.138986).
P1: N=25, mean=0.36 (+/-0.192036).
P2: N=25, mean=0.52 (+/-0.199877).
Game Durations: N=50, mean=60.26 (+/-3.726685).
P1: N=25, mean=61.4 (+/-5.680504).
P2: N=25, mean=59.12 (+/-4.901624).
=====================================================
=====================================================
Completed 60 games.

Agent 1 (SHUCT)
Winning score (between 0 and 1) : N=60, mean=0.55 (+/-0.126943).
P1: N=30, mean=0.533333 (+/-0.181573).
P2: N=30, mean=0.566667 (+/-0.180353).
Game Durations: N=60, mean=59.683333 (+/-3.356655).
P1: N=30, mean=58.4 (+/-4.664313).
P2: N=30, mean=60.966667 (+/-4.863479).

Agent 2 (UCT)
Winning score (between 0 and 1) : N=60, mean=0.45 (+/-0.126943).
P1: N=30, mean=0.433333 (+/-0.180353).
P2: N=30, mean=0.466667 (+/-0.181573).
Game Durations: N=60, mean=59.683333 (+/-3.356655).
P1: N=30, mean=60.966667 (+/-4.863479).
P2: N=30, mean=58.4 (+/-4.664313).
=====================================================
=====================================================
Completed 70 games.

Agent 1 (SHUCT)
Winning score (between 0 and 1) : N=70, mean=0.542857 (+/-0.117542).
P1: N=35, mean=0.514286 (+/-0.167997).
P2: N=35, mean=0.571429 (+/-0.166341).
Game Durations: N=70, mean=59.585714 (+/-3.061528).
P1: N=35, mean=59.314286 (+/-4.261436).
P2: N=35, mean=59.857143 (+/-4.457204).

Agent 2 (UCT)
Winning score (between 0 and 1) : N=70, mean=0.457143 (+/-0.117542).
P1: N=35, mean=0.428571 (+/-0.166341).
P2: N=35, mean=0.485714 (+/-0.167997).
Game Durations: N=70, mean=59.585714 (+/-3.061528).
P1: N=35, mean=59.857143 (+/-4.457204).
P2: N=35, mean=59.314286 (+/-4.261436).
=====================================================
=====================================================
Completed 80 games.

Agent 1 (SHUCT)
Winning score (between 0 and 1) : N=80, mean=0.5375 (+/-0.109946).
P1: N=40, mean=0.55 (+/-0.156136).
P2: N=40, mean=0.525 (+/-0.156726).
Game Durations: N=80, mean=59.1625 (+/-2.826618).
P1: N=40, mean=59.15 (+/-3.986292).
P2: N=40, mean=59.175 (+/-4.059341).

Agent 2 (UCT)
Winning score (between 0 and 1) : N=80, mean=0.4625 (+/-0.109946).
P1: N=40, mean=0.475 (+/-0.156726).
P2: N=40, mean=0.45 (+/-0.156136).
Game Durations: N=80, mean=59.1625 (+/-2.826618).
P1: N=40, mean=59.175 (+/-4.059341).
P2: N=40, mean=59.15 (+/-3.986292).
=====================================================
=====================================================
Completed 90 games.

Agent 1 (SHUCT)
Winning score (between 0 and 1) : N=90, mean=0.533333 (+/-0.103647).
P1: N=45, mean=0.555556 (+/-0.146823).
P2: N=45, mean=0.511111 (+/-0.147701).
Game Durations: N=90, mean=58.744444 (+/-2.612282).
P1: N=45, mean=58.111111 (+/-3.730338).
P2: N=45, mean=59.377778 (+/-3.690635).

Agent 2 (UCT)
Winning score (between 0 and 1) : N=90, mean=0.466667 (+/-0.103647).
P1: N=45, mean=0.488889 (+/-0.147701).
P2: N=45, mean=0.444444 (+/-0.146823).
Game Durations: N=90, mean=58.744444 (+/-2.612282).
P1: N=45, mean=59.377778 (+/-3.690635).
P2: N=45, mean=58.111111 (+/-3.730338).
=====================================================
=====================================================
Completed 100 games.

Agent 1 (SHUCT)
Winning score (between 0 and 1) : N=100, mean=0.53 (+/-0.098314).
P1: N=50, mean=0.54 (+/-0.139548).
P2: N=50, mean=0.52 (+/-0.139885).
Game Durations: N=100, mean=58.17 (+/-2.53735).
P1: N=50, mean=57.78 (+/-3.498154).
P2: N=50, mean=58.56 (+/-3.708697).

Agent 2 (UCT)
Winning score (between 0 and 1) : N=100, mean=0.47 (+/-0.098314).
P1: N=50, mean=0.48 (+/-0.139885).
P2: N=50, mean=0.46 (+/-0.139548).
Game Durations: N=100, mean=58.17 (+/-2.53735).
P1: N=50, mean=58.56 (+/-3.708697).
P2: N=50, mean=57.78 (+/-3.498154).
=====================================================
