Warming up...
Finished warming up!
=====================================================
Completed 1 games.

Agent 1 (SHUCTAnyTime)
Winning score (between 0 and 1) : N=1, mean=0 (+/-0).
P1: N=0, mean=0 (+/-0).
P2: N=1, mean=0 (+/-0).
Game Durations: N=1, mean=15 (+/-0).
P1: N=0, mean=0 (+/-0).
P2: N=1, mean=15 (+/-0).

Agent 2 (Example UCT)
Winning score (between 0 and 1) : N=1, mean=1 (+/-0).
P1: N=1, mean=1 (+/-0).
P2: N=0, mean=0 (+/-0).
Game Durations: N=1, mean=15 (+/-0).
P1: N=1, mean=15 (+/-0).
P2: N=0, mean=0 (+/-0).
=====================================================
=====================================================
Completed 2 games.

Agent 1 (SHUCTAnyTime)
Winning score (between 0 and 1) : N=2, mean=0 (+/-0).
P1: N=1, mean=0 (+/-0).
P2: N=1, mean=0 (+/-0).
Game Durations: N=2, mean=17.5 (+/-4.8999).
P1: N=1, mean=20 (+/-0).
P2: N=1, mean=15 (+/-0).

Agent 2 (Example UCT)
Winning score (between 0 and 1) : N=2, mean=1 (+/-0).
P1: N=1, mean=1 (+/-0).
P2: N=1, mean=1 (+/-0).
Game Durations: N=2, mean=17.5 (+/-4.8999).
P1: N=1, mean=15 (+/-0).
P2: N=1, mean=20 (+/-0).
=====================================================
=====================================================
Completed 3 games.

Agent 1 (SHUCTAnyTime)
Winning score (between 0 and 1) : N=3, mean=0 (+/-0).
P1: N=1, mean=0 (+/-0).
P2: N=2, mean=0 (+/-0).
Game Durations: N=3, mean=21.333333 (+/-8.028131).
P1: N=1, mean=20 (+/-0).
P2: N=2, mean=22 (+/-13.71972).

Agent 2 (Example UCT)
Winning score (between 0 and 1) : N=3, mean=1 (+/-0).
P1: N=2, mean=1 (+/-0).
P2: N=1, mean=1 (+/-0).
Game Durations: N=3, mean=21.333333 (+/-8.028131).
P1: N=2, mean=22 (+/-13.71972).
P2: N=1, mean=20 (+/-0).
=====================================================
=====================================================
Completed 4 games.

Agent 1 (SHUCTAnyTime)
Winning score (between 0 and 1) : N=4, mean=0.25 (+/-0.48999).
P1: N=2, mean=0.5 (+/-0.97998).
P2: N=2, mean=0 (+/-0).
Game Durations: N=4, mean=21.25 (+/-5.679095).
P1: N=2, mean=20.5 (+/-0.97998).
P2: N=2, mean=22 (+/-13.71972).

Agent 2 (Example UCT)
Winning score (between 0 and 1) : N=4, mean=0.75 (+/-0.48999).
P1: N=2, mean=1 (+/-0).
P2: N=2, mean=0.5 (+/-0.97998).
Game Durations: N=4, mean=21.25 (+/-5.679095).
P1: N=2, mean=22 (+/-13.71972).
P2: N=2, mean=20.5 (+/-0.97998).
=====================================================
=====================================================
Completed 5 games.

Agent 1 (SHUCTAnyTime)
Winning score (between 0 and 1) : N=5, mean=0.2 (+/-0.391992).
P1: N=2, mean=0.5 (+/-0.97998).
P2: N=3, mean=0 (+/-0).
Game Durations: N=5, mean=22 (+/-4.638112).
P1: N=2, mean=20.5 (+/-0.97998).
P2: N=3, mean=23 (+/-8.159964).

Agent 2 (Example UCT)
Winning score (between 0 and 1) : N=5, mean=0.8 (+/-0.391992).
P1: N=3, mean=1 (+/-0).
P2: N=2, mean=0.5 (+/-0.97998).
Game Durations: N=5, mean=22 (+/-4.638112).
P1: N=3, mean=23 (+/-8.159964).
P2: N=2, mean=20.5 (+/-0.97998).
=====================================================
=====================================================
Completed 10 games.

Agent 1 (SHUCTAnyTime)
Winning score (between 0 and 1) : N=10, mean=0.2 (+/-0.261328).
P1: N=5, mean=0.4 (+/-0.48009).
P2: N=5, mean=0 (+/-0).
Game Durations: N=10, mean=26.3 (+/-5.267639).
P1: N=5, mean=29.6 (+/-8.375246).
P2: N=5, mean=23 (+/-5.814181).

Agent 2 (Example UCT)
Winning score (between 0 and 1) : N=10, mean=0.8 (+/-0.261328).
P1: N=5, mean=1 (+/-0).
P2: N=5, mean=0.6 (+/-0.48009).
Game Durations: N=10, mean=26.3 (+/-5.267639).
P1: N=5, mean=23 (+/-5.814181).
P2: N=5, mean=29.6 (+/-8.375246).
=====================================================
=====================================================
Completed 20 games.

Agent 1 (SHUCTAnyTime)
Winning score (between 0 and 1) : N=20, mean=0.3 (+/-0.206054).
P1: N=10, mean=0.4 (+/-0.32006).
P2: N=10, mean=0.2 (+/-0.261328).
Game Durations: N=20, mean=26 (+/-4.294057).
P1: N=10, mean=26.8 (+/-6.857059).
P2: N=10, mean=25.2 (+/-5.503421).

Agent 2 (Example UCT)
Winning score (between 0 and 1) : N=20, mean=0.7 (+/-0.206054).
P1: N=10, mean=0.8 (+/-0.261328).
P2: N=10, mean=0.6 (+/-0.32006).
Game Durations: N=20, mean=26 (+/-4.294057).
P1: N=10, mean=25.2 (+/-5.503421).
P2: N=10, mean=26.8 (+/-6.857059).
=====================================================
=====================================================
Completed 30 games.

Agent 1 (SHUCTAnyTime)
Winning score (between 0 and 1) : N=30, mean=0.366667 (+/-0.175388).
P1: N=15, mean=0.466667 (+/-0.261328).
P2: N=15, mean=0.266667 (+/-0.231643).
Game Durations: N=30, mean=24.8 (+/-3.188715).
P1: N=15, mean=25.4 (+/-5.247982).
P2: N=15, mean=24.2 (+/-3.792795).

Agent 2 (Example UCT)
Winning score (between 0 and 1) : N=30, mean=0.633333 (+/-0.175388).
P1: N=15, mean=0.733333 (+/-0.231643).
P2: N=15, mean=0.533333 (+/-0.261328).
Game Durations: N=30, mean=24.8 (+/-3.188715).
P1: N=15, mean=24.2 (+/-3.792795).
P2: N=15, mean=25.4 (+/-5.247982).
=====================================================
=====================================================
Completed 40 games.

Agent 1 (SHUCTAnyTime)
Winning score (between 0 and 1) : N=40, mean=0.375 (+/-0.151939).
P1: N=20, mean=0.5 (+/-0.224823).
P2: N=20, mean=0.25 (+/-0.194702).
Game Durations: N=40, mean=26.475 (+/-3.55836).
P1: N=20, mean=29.8 (+/-6.12179).
P2: N=20, mean=23.15 (+/-3.167609).

Agent 2 (Example UCT)
Winning score (between 0 and 1) : N=40, mean=0.625 (+/-0.151939).
P1: N=20, mean=0.75 (+/-0.194702).
P2: N=20, mean=0.5 (+/-0.224823).
Game Durations: N=40, mean=26.475 (+/-3.55836).
P1: N=20, mean=23.15 (+/-3.167609).
P2: N=20, mean=29.8 (+/-6.12179).
=====================================================
=====================================================
Completed 50 games.

Agent 1 (SHUCTAnyTime)
Winning score (between 0 and 1) : N=50, mean=0.42 (+/-0.138194).
P1: N=25, mean=0.48 (+/-0.199877).
P2: N=25, mean=0.36 (+/-0.192036).
Game Durations: N=50, mean=26.92 (+/-3.19333).
P1: N=25, mean=28.72 (+/-5.286469).
P2: N=25, mean=25.12 (+/-3.557422).

Agent 2 (Example UCT)
Winning score (between 0 and 1) : N=50, mean=0.58 (+/-0.138194).
P1: N=25, mean=0.64 (+/-0.192036).
P2: N=25, mean=0.52 (+/-0.199877).
Game Durations: N=50, mean=26.92 (+/-3.19333).
P1: N=25, mean=25.12 (+/-3.557422).
P2: N=25, mean=28.72 (+/-5.286469).
=====================================================
=====================================================
Completed 60 games.

Agent 1 (SHUCTAnyTime)
Winning score (between 0 and 1) : N=60, mean=0.375 (+/-0.122428).
P1: N=30, mean=0.416667 (+/-0.17633).
P2: N=30, mean=0.333333 (+/-0.17157).
Game Durations: N=60, mean=27.733333 (+/-3.298073).
P1: N=30, mean=28.9 (+/-5.132804).
P2: N=30, mean=26.566667 (+/-4.189635).

Agent 2 (Example UCT)
Winning score (between 0 and 1) : N=60, mean=0.625 (+/-0.122428).
P1: N=30, mean=0.666667 (+/-0.17157).
P2: N=30, mean=0.583333 (+/-0.17633).
Game Durations: N=60, mean=27.733333 (+/-3.298073).
P1: N=30, mean=26.566667 (+/-4.189635).
P2: N=30, mean=28.9 (+/-5.132804).
=====================================================
=====================================================
Completed 70 games.

Agent 1 (SHUCTAnyTime)
Winning score (between 0 and 1) : N=70, mean=0.392857 (+/-0.114369).
P1: N=35, mean=0.414286 (+/-0.163122).
P2: N=35, mean=0.371429 (+/-0.162414).
Game Durations: N=70, mean=27.257143 (+/-3.022886).
P1: N=35, mean=29 (+/-4.701021).
P2: N=35, mean=25.514286 (+/-3.781917).

Agent 2 (Example UCT)
Winning score (between 0 and 1) : N=70, mean=0.607143 (+/-0.114369).
P1: N=35, mean=0.628571 (+/-0.162414).
P2: N=35, mean=0.585714 (+/-0.163122).
Game Durations: N=70, mean=27.257143 (+/-3.022886).
P1: N=35, mean=25.514286 (+/-3.781917).
P2: N=35, mean=29 (+/-4.701021).
=====================================================
=====================================================
Completed 80 games.

Agent 1 (SHUCTAnyTime)
Winning score (between 0 and 1) : N=80, mean=0.40625 (+/-0.107597).
P1: N=40, mean=0.4375 (+/-0.153702).
P2: N=40, mean=0.375 (+/-0.151939).
Game Durations: N=80, mean=27.175 (+/-2.782696).
P1: N=40, mean=29.1 (+/-4.267481).
P2: N=40, mean=25.25 (+/-3.525519).

Agent 2 (Example UCT)
Winning score (between 0 and 1) : N=80, mean=0.59375 (+/-0.107597).
P1: N=40, mean=0.625 (+/-0.151939).
P2: N=40, mean=0.5625 (+/-0.153702).
Game Durations: N=80, mean=27.175 (+/-2.782696).
P1: N=40, mean=25.25 (+/-3.525519).
P2: N=40, mean=29.1 (+/-4.267481).
=====================================================
=====================================================
Completed 90 games.

Agent 1 (SHUCTAnyTime)
Winning score (between 0 and 1) : N=90, mean=0.416667 (+/-0.101838).
P1: N=45, mean=0.433333 (+/-0.144753).
P2: N=45, mean=0.4 (+/-0.144753).
Game Durations: N=90, mean=27.244444 (+/-2.583623).
P1: N=45, mean=28.4 (+/-3.893799).
P2: N=45, mean=26.088889 (+/-3.407199).

Agent 2 (Example UCT)
Winning score (between 0 and 1) : N=90, mean=0.583333 (+/-0.101838).
P1: N=45, mean=0.6 (+/-0.144753).
P2: N=45, mean=0.566667 (+/-0.144753).
Game Durations: N=90, mean=27.244444 (+/-2.583623).
P1: N=45, mean=26.088889 (+/-3.407199).
P2: N=45, mean=28.4 (+/-3.893799).
=====================================================
=====================================================
Completed 100 games.

Agent 1 (SHUCTAnyTime)
Winning score (between 0 and 1) : N=100, mean=0.415 (+/-0.096557).
P1: N=50, mean=0.43 (+/-0.137197).
P2: N=50, mean=0.4 (+/-0.137169).
Game Durations: N=100, mean=27.91 (+/-2.460179).
P1: N=50, mean=29.16 (+/-3.646536).
P2: N=50, mean=26.66 (+/-3.303747).

Agent 2 (Example UCT)
Winning score (between 0 and 1) : N=100, mean=0.585 (+/-0.096557).
P1: N=50, mean=0.6 (+/-0.137169).
P2: N=50, mean=0.57 (+/-0.137197).
Game Durations: N=100, mean=27.91 (+/-2.460179).
P1: N=50, mean=26.66 (+/-3.303747).
P2: N=50, mean=29.16 (+/-3.646536).
=====================================================
=====================================================
Completed 110 games.

Agent 1 (SHUCTAnyTime)
Winning score (between 0 and 1) : N=110, mean=0.395455 (+/-0.091353).
P1: N=55, mean=0.409091 (+/-0.129897).
P2: N=55, mean=0.381818 (+/-0.12958).
Game Durations: N=110, mean=27.981818 (+/-2.311442).
P1: N=55, mean=28.672727 (+/-3.438307).
P2: N=55, mean=27.290909 (+/-3.111121).

Agent 2 (Example UCT)
Winning score (between 0 and 1) : N=110, mean=0.604545 (+/-0.091353).
P1: N=55, mean=0.618182 (+/-0.12958).
P2: N=55, mean=0.590909 (+/-0.129897).
Game Durations: N=110, mean=27.981818 (+/-2.311442).
P1: N=55, mean=27.290909 (+/-3.111121).
P2: N=55, mean=28.672727 (+/-3.438307).
=====================================================
=====================================================
Completed 120 games.

Agent 1 (SHUCTAnyTime)
Winning score (between 0 and 1) : N=120, mean=0.429167 (+/-0.08855).
P1: N=60, mean=0.441667 (+/-0.125636).
P2: N=60, mean=0.416667 (+/-0.125798).
Game Durations: N=120, mean=28.008333 (+/-2.14684).
P1: N=60, mean=28.883333 (+/-3.192145).
P2: N=60, mean=27.133333 (+/-2.881395).

Agent 2 (Example UCT)
Winning score (between 0 and 1) : N=120, mean=0.570833 (+/-0.08855).
P1: N=60, mean=0.583333 (+/-0.125798).
P2: N=60, mean=0.558333 (+/-0.125636).
Game Durations: N=120, mean=28.008333 (+/-2.14684).
P1: N=60, mean=27.133333 (+/-2.881395).
P2: N=60, mean=28.883333 (+/-3.192145).
=====================================================
=====================================================
Completed 130 games.

Agent 1 (SHUCTAnyTime)
Winning score (between 0 and 1) : N=130, mean=0.426923 (+/-0.08502).
P1: N=65, mean=0.423077 (+/-0.120082).
P2: N=65, mean=0.430769 (+/-0.121318).
Game Durations: N=130, mean=28.069231 (+/-2.101217).
P1: N=65, mean=28.876923 (+/-3.13025).
P2: N=65, mean=27.261538 (+/-2.814541).

Agent 2 (Example UCT)
Winning score (between 0 and 1) : N=130, mean=0.573077 (+/-0.08502).
P1: N=65, mean=0.569231 (+/-0.121318).
P2: N=65, mean=0.576923 (+/-0.120082).
Game Durations: N=130, mean=28.069231 (+/-2.101217).
P1: N=65, mean=27.261538 (+/-2.814541).
P2: N=65, mean=28.876923 (+/-3.13025).
=====================================================
=====================================================
Completed 140 games.

Agent 1 (SHUCTAnyTime)
Winning score (between 0 and 1) : N=140, mean=0.439286 (+/-0.082206).
P1: N=70, mean=0.421429 (+/-0.115654).
P2: N=70, mean=0.457143 (+/-0.117542).
Game Durations: N=140, mean=28.521429 (+/-2.056724).
P1: N=70, mean=29.171429 (+/-3.094981).
P2: N=70, mean=27.871429 (+/-2.723439).

Agent 2 (Example UCT)
Winning score (between 0 and 1) : N=140, mean=0.560714 (+/-0.082206).
P1: N=70, mean=0.542857 (+/-0.117542).
P2: N=70, mean=0.578571 (+/-0.115654).
Game Durations: N=140, mean=28.521429 (+/-2.056724).
P1: N=70, mean=27.871429 (+/-2.723439).
P2: N=70, mean=29.171429 (+/-3.094981).
=====================================================
=====================================================
Completed 150 games.

Agent 1 (SHUCTAnyTime)
Winning score (between 0 and 1) : N=150, mean=0.436667 (+/-0.079366).
P1: N=75, mean=0.42 (+/-0.111681).
P2: N=75, mean=0.453333 (+/-0.113423).
Game Durations: N=150, mean=28.92 (+/-1.980159).
P1: N=75, mean=29.2 (+/-2.929386).
P2: N=75, mean=28.64 (+/-2.683403).

Agent 2 (Example UCT)
Winning score (between 0 and 1) : N=150, mean=0.563333 (+/-0.079366).
P1: N=75, mean=0.546667 (+/-0.113423).
P2: N=75, mean=0.58 (+/-0.111681).
Game Durations: N=150, mean=28.92 (+/-1.980159).
P1: N=75, mean=28.64 (+/-2.683403).
P2: N=75, mean=29.2 (+/-2.929386).
=====================================================
