Warming up...
Finished warming up!
=====================================================
Completed 1 games.

Agent 1 (SHUCTAnyTime)
Winning score (between 0 and 1) : N=1, mean=1 (+/-0).
P1: N=1, mean=1 (+/-0).
P2: N=0, mean=0 (+/-0).
Game Durations: N=1, mean=9 (+/-0).
P1: N=1, mean=9 (+/-0).
P2: N=0, mean=0 (+/-0).

Agent 2 (Example UCT)
Winning score (between 0 and 1) : N=1, mean=0 (+/-0).
P1: N=0, mean=0 (+/-0).
P2: N=1, mean=0 (+/-0).
Game Durations: N=1, mean=9 (+/-0).
P1: N=0, mean=0 (+/-0).
P2: N=1, mean=9 (+/-0).
=====================================================
=====================================================
Completed 2 games.

Agent 1 (SHUCTAnyTime)
Winning score (between 0 and 1) : N=2, mean=0.5 (+/-0.97998).
P1: N=1, mean=1 (+/-0).
P2: N=1, mean=0 (+/-0).
Game Durations: N=2, mean=13 (+/-7.83984).
P1: N=1, mean=9 (+/-0).
P2: N=1, mean=17 (+/-0).

Agent 2 (Example UCT)
Winning score (between 0 and 1) : N=2, mean=0.5 (+/-0.97998).
P1: N=1, mean=1 (+/-0).
P2: N=1, mean=0 (+/-0).
Game Durations: N=2, mean=13 (+/-7.83984).
P1: N=1, mean=17 (+/-0).
P2: N=1, mean=9 (+/-0).
=====================================================
=====================================================
Completed 3 games.

Agent 1 (SHUCTAnyTime)
Winning score (between 0 and 1) : N=3, mean=0.666667 (+/-0.65332).
P1: N=2, mean=1 (+/-0).
P2: N=1, mean=0 (+/-0).
Game Durations: N=3, mean=13.666667 (+/-4.711158).
P1: N=2, mean=12 (+/-5.87988).
P2: N=1, mean=17 (+/-0).

Agent 2 (Example UCT)
Winning score (between 0 and 1) : N=3, mean=0.333333 (+/-0.65332).
P1: N=1, mean=1 (+/-0).
P2: N=2, mean=0 (+/-0).
Game Durations: N=3, mean=13.666667 (+/-4.711158).
P1: N=1, mean=17 (+/-0).
P2: N=2, mean=12 (+/-5.87988).
=====================================================
=====================================================
Completed 4 games.

Agent 1 (SHUCTAnyTime)
Winning score (between 0 and 1) : N=4, mean=0.5 (+/-0.565792).
P1: N=2, mean=1 (+/-0).
P2: N=2, mean=0 (+/-0).
Game Durations: N=4, mean=14.5 (+/-3.710144).
P1: N=2, mean=12 (+/-5.87988).
P2: N=2, mean=17 (+/-0).

Agent 2 (Example UCT)
Winning score (between 0 and 1) : N=4, mean=0.5 (+/-0.565792).
P1: N=2, mean=1 (+/-0).
P2: N=2, mean=0 (+/-0).
Game Durations: N=4, mean=14.5 (+/-3.710144).
P1: N=2, mean=17 (+/-0).
P2: N=2, mean=12 (+/-5.87988).
=====================================================
=====================================================
Completed 5 games.

Agent 1 (SHUCTAnyTime)
Winning score (between 0 and 1) : N=5, mean=0.6 (+/-0.48009).
P1: N=3, mean=1 (+/-0).
P2: N=2, mean=0 (+/-0).
Game Durations: N=5, mean=15.4 (+/-3.372043).
P1: N=3, mean=14.333333 (+/-5.695512).
P2: N=2, mean=17 (+/-0).

Agent 2 (Example UCT)
Winning score (between 0 and 1) : N=5, mean=0.4 (+/-0.48009).
P1: N=2, mean=1 (+/-0).
P2: N=3, mean=0 (+/-0).
Game Durations: N=5, mean=15.4 (+/-3.372043).
P1: N=2, mean=17 (+/-0).
P2: N=3, mean=14.333333 (+/-5.695512).
=====================================================
=====================================================
Completed 10 games.

Agent 1 (SHUCTAnyTime)
Winning score (between 0 and 1) : N=10, mean=0.7 (+/-0.299389).
P1: N=5, mean=1 (+/-0).
P2: N=5, mean=0.4 (+/-0.48009).
Game Durations: N=10, mean=18.8 (+/-3.157638).
P1: N=5, mean=17 (+/-4.469396).
P2: N=5, mean=20.6 (+/-4.320812).

Agent 2 (Example UCT)
Winning score (between 0 and 1) : N=10, mean=0.3 (+/-0.299389).
P1: N=5, mean=0.6 (+/-0.48009).
P2: N=5, mean=0 (+/-0).
Game Durations: N=10, mean=18.8 (+/-3.157638).
P1: N=5, mean=20.6 (+/-4.320812).
P2: N=5, mean=17 (+/-4.469396).
=====================================================
=====================================================
Completed 20 games.

Agent 1 (SHUCTAnyTime)
Winning score (between 0 and 1) : N=20, mean=0.65 (+/-0.214467).
P1: N=10, mean=0.8 (+/-0.261328).
P2: N=10, mean=0.5 (+/-0.32666).
Game Durations: N=20, mean=17.55 (+/-2.092061).
P1: N=10, mean=15.4 (+/-3.122296).
P2: N=10, mean=19.7 (+/-2.187403).

Agent 2 (Example UCT)
Winning score (between 0 and 1) : N=20, mean=0.35 (+/-0.214467).
P1: N=10, mean=0.5 (+/-0.32666).
P2: N=10, mean=0.2 (+/-0.261328).
Game Durations: N=20, mean=17.55 (+/-2.092061).
P1: N=10, mean=19.7 (+/-2.187403).
P2: N=10, mean=15.4 (+/-3.122296).
=====================================================
=====================================================
Completed 30 games.

Agent 1 (SHUCTAnyTime)
Winning score (between 0 and 1) : N=30, mean=0.533333 (+/-0.181573).
P1: N=15, mean=0.6 (+/-0.256619).
P2: N=15, mean=0.466667 (+/-0.261328).
Game Durations: N=30, mean=17.366667 (+/-1.528276).
P1: N=15, mean=15.8 (+/-2.215791).
P2: N=15, mean=18.933333 (+/-1.849187).

Agent 2 (Example UCT)
Winning score (between 0 and 1) : N=30, mean=0.466667 (+/-0.181573).
P1: N=15, mean=0.533333 (+/-0.261328).
P2: N=15, mean=0.4 (+/-0.256619).
Game Durations: N=30, mean=17.366667 (+/-1.528276).
P1: N=15, mean=18.933333 (+/-1.849187).
P2: N=15, mean=15.8 (+/-2.215791).
=====================================================
=====================================================
Completed 40 games.

Agent 1 (SHUCTAnyTime)
Winning score (between 0 and 1) : N=40, mean=0.5 (+/-0.156922).
P1: N=20, mean=0.5 (+/-0.224823).
P2: N=20, mean=0.5 (+/-0.224823).
Game Durations: N=40, mean=16.95 (+/-1.243455).
P1: N=20, mean=15.6 (+/-1.726311).
P2: N=20, mean=18.3 (+/-1.621844).

Agent 2 (Example UCT)
Winning score (between 0 and 1) : N=40, mean=0.5 (+/-0.156922).
P1: N=20, mean=0.5 (+/-0.224823).
P2: N=20, mean=0.5 (+/-0.224823).
Game Durations: N=40, mean=16.95 (+/-1.243455).
P1: N=20, mean=18.3 (+/-1.621844).
P2: N=20, mean=15.6 (+/-1.726311).
=====================================================
=====================================================
Completed 50 games.

Agent 1 (SHUCTAnyTime)
Winning score (between 0 and 1) : N=50, mean=0.52 (+/-0.139885).
P1: N=25, mean=0.56 (+/-0.198592).
P2: N=25, mean=0.48 (+/-0.199877).
Game Durations: N=50, mean=16.34 (+/-1.123625).
P1: N=25, mean=15.36 (+/-1.492146).
P2: N=25, mean=17.32 (+/-1.619074).

Agent 2 (Example UCT)
Winning score (between 0 and 1) : N=50, mean=0.48 (+/-0.139885).
P1: N=25, mean=0.52 (+/-0.199877).
P2: N=25, mean=0.44 (+/-0.198592).
Game Durations: N=50, mean=16.34 (+/-1.123625).
P1: N=25, mean=17.32 (+/-1.619074).
P2: N=25, mean=15.36 (+/-1.492146).
=====================================================
=====================================================
Completed 60 games.

Agent 1 (SHUCTAnyTime)
Winning score (between 0 and 1) : N=60, mean=0.533333 (+/-0.127299).
P1: N=30, mean=0.566667 (+/-0.180353).
P2: N=30, mean=0.5 (+/-0.181978).
Game Durations: N=60, mean=15.933333 (+/-1.056053).
P1: N=30, mean=15.1 (+/-1.369395).
P2: N=30, mean=16.766667 (+/-1.574385).

Agent 2 (Example UCT)
Winning score (between 0 and 1) : N=60, mean=0.466667 (+/-0.127299).
P1: N=30, mean=0.5 (+/-0.181978).
P2: N=30, mean=0.433333 (+/-0.180353).
Game Durations: N=60, mean=15.933333 (+/-1.056053).
P1: N=30, mean=16.766667 (+/-1.574385).
P2: N=30, mean=15.1 (+/-1.369395).
=====================================================
=====================================================
Completed 70 games.

Agent 1 (SHUCTAnyTime)
Winning score (between 0 and 1) : N=70, mean=0.528571 (+/-0.117783).
P1: N=35, mean=0.6 (+/-0.16467).
P2: N=35, mean=0.457143 (+/-0.167447).
Game Durations: N=70, mean=15.885714 (+/-0.970022).
P1: N=35, mean=14.942857 (+/-1.312798).
P2: N=35, mean=16.828571 (+/-1.376519).

Agent 2 (Example UCT)
Winning score (between 0 and 1) : N=70, mean=0.471429 (+/-0.117783).
P1: N=35, mean=0.542857 (+/-0.167447).
P2: N=35, mean=0.4 (+/-0.16467).
Game Durations: N=70, mean=15.885714 (+/-0.970022).
P1: N=35, mean=16.828571 (+/-1.376519).
P2: N=35, mean=14.942857 (+/-1.312798).
=====================================================
=====================================================
Completed 80 games.

Agent 1 (SHUCTAnyTime)
Winning score (between 0 and 1) : N=80, mean=0.55 (+/-0.109704).
P1: N=40, mean=0.6 (+/-0.153752).
P2: N=40, mean=0.5 (+/-0.156922).
Game Durations: N=80, mean=15.725 (+/-0.905832).
P1: N=40, mean=15 (+/-1.243554).
P2: N=40, mean=16.45 (+/-1.29392).

Agent 2 (Example UCT)
Winning score (between 0 and 1) : N=80, mean=0.45 (+/-0.109704).
P1: N=40, mean=0.5 (+/-0.156922).
P2: N=40, mean=0.4 (+/-0.153752).
Game Durations: N=80, mean=15.725 (+/-0.905832).
P1: N=40, mean=16.45 (+/-1.29392).
P2: N=40, mean=15 (+/-1.243554).
=====================================================
=====================================================
Completed 90 games.

Agent 1 (SHUCTAnyTime)
Winning score (between 0 and 1) : N=90, mean=0.544444 (+/-0.103466).
P1: N=45, mean=0.644444 (+/-0.141438).
P2: N=45, mean=0.444444 (+/-0.146823).
Game Durations: N=90, mean=15.911111 (+/-0.886122).
P1: N=45, mean=14.822222 (+/-1.137208).
P2: N=45, mean=17 (+/-1.294707).

Agent 2 (Example UCT)
Winning score (between 0 and 1) : N=90, mean=0.455556 (+/-0.103466).
P1: N=45, mean=0.555556 (+/-0.146823).
P2: N=45, mean=0.355556 (+/-0.141438).
Game Durations: N=90, mean=15.911111 (+/-0.886122).
P1: N=45, mean=17 (+/-1.294707).
P2: N=45, mean=14.822222 (+/-1.137208).
=====================================================
=====================================================
Completed 100 games.

Agent 1 (SHUCTAnyTime)
Winning score (between 0 and 1) : N=100, mean=0.56 (+/-0.09778).
P1: N=50, mean=0.68 (+/-0.130611).
P2: N=50, mean=0.44 (+/-0.138986).
Game Durations: N=100, mean=15.64 (+/-0.835971).
P1: N=50, mean=14.68 (+/-1.085049).
P2: N=50, mean=16.6 (+/-1.225595).

Agent 2 (Example UCT)
Winning score (between 0 and 1) : N=100, mean=0.44 (+/-0.09778).
P1: N=50, mean=0.56 (+/-0.138986).
P2: N=50, mean=0.32 (+/-0.130611).
Game Durations: N=100, mean=15.64 (+/-0.835971).
P1: N=50, mean=16.6 (+/-1.225595).
P2: N=50, mean=14.68 (+/-1.085049).
=====================================================
=====================================================
Completed 110 games.

Agent 1 (SHUCTAnyTime)
Winning score (between 0 and 1) : N=110, mean=0.563636 (+/-0.093102).
P1: N=55, mean=0.672727 (+/-0.125148).
P2: N=55, mean=0.454545 (+/-0.132806).
Game Durations: N=110, mean=15.9 (+/-0.819842).
P1: N=55, mean=15.109091 (+/-1.149358).
P2: N=55, mean=16.690909 (+/-1.14168).

Agent 2 (Example UCT)
Winning score (between 0 and 1) : N=110, mean=0.436364 (+/-0.093102).
P1: N=55, mean=0.545455 (+/-0.132806).
P2: N=55, mean=0.327273 (+/-0.125148).
Game Durations: N=110, mean=15.9 (+/-0.819842).
P1: N=55, mean=16.690909 (+/-1.14168).
P2: N=55, mean=15.109091 (+/-1.149358).
=====================================================
=====================================================
Completed 120 games.

Agent 1 (SHUCTAnyTime)
Winning score (between 0 and 1) : N=120, mean=0.558333 (+/-0.089221).
P1: N=60, mean=0.683333 (+/-0.118697).
P2: N=60, mean=0.433333 (+/-0.126443).
Game Durations: N=120, mean=15.708333 (+/-0.790815).
P1: N=60, mean=14.916667 (+/-1.111547).
P2: N=60, mean=16.5 (+/-1.098001).

Agent 2 (Example UCT)
Winning score (between 0 and 1) : N=120, mean=0.441667 (+/-0.089221).
P1: N=60, mean=0.566667 (+/-0.126443).
P2: N=60, mean=0.316667 (+/-0.118697).
Game Durations: N=120, mean=15.708333 (+/-0.790815).
P1: N=60, mean=16.5 (+/-1.098001).
P2: N=60, mean=14.916667 (+/-1.111547).
=====================================================
=====================================================
Completed 130 games.

Agent 1 (SHUCTAnyTime)
Winning score (between 0 and 1) : N=130, mean=0.546154 (+/-0.085914).
P1: N=65, mean=0.661538 (+/-0.115928).
P2: N=65, mean=0.430769 (+/-0.121318).
Game Durations: N=130, mean=15.523077 (+/-0.755297).
P1: N=65, mean=14.784615 (+/-1.060962).
P2: N=65, mean=16.261538 (+/-1.05291).

Agent 2 (Example UCT)
Winning score (between 0 and 1) : N=130, mean=0.453846 (+/-0.085914).
P1: N=65, mean=0.569231 (+/-0.121318).
P2: N=65, mean=0.338462 (+/-0.115928).
Game Durations: N=130, mean=15.523077 (+/-0.755297).
P1: N=65, mean=16.261538 (+/-1.05291).
P2: N=65, mean=14.784615 (+/-1.060962).
=====================================================
=====================================================
Completed 140 games.

Agent 1 (SHUCTAnyTime)
Winning score (between 0 and 1) : N=140, mean=0.55 (+/-0.082704).
P1: N=70, mean=0.671429 (+/-0.110825).
P2: N=70, mean=0.428571 (+/-0.116766).
Game Durations: N=140, mean=15.435714 (+/-0.716745).
P1: N=70, mean=14.671429 (+/-1.021288).
P2: N=70, mean=16.2 (+/-0.98067).

Agent 2 (Example UCT)
Winning score (between 0 and 1) : N=140, mean=0.45 (+/-0.082704).
P1: N=70, mean=0.571429 (+/-0.116766).
P2: N=70, mean=0.328571 (+/-0.110825).
Game Durations: N=140, mean=15.435714 (+/-0.716745).
P1: N=70, mean=16.2 (+/-0.98067).
P2: N=70, mean=14.671429 (+/-1.021288).
=====================================================
=====================================================
Completed 150 games.

Agent 1 (SHUCTAnyTime)
Winning score (between 0 and 1) : N=150, mean=0.573333 (+/-0.079415).
P1: N=75, mean=0.693333 (+/-0.10506).
P2: N=75, mean=0.453333 (+/-0.113423).
Game Durations: N=150, mean=15.406667 (+/-0.682761).
P1: N=75, mean=14.613333 (+/-0.981493).
P2: N=75, mean=16.2 (+/-0.921183).

Agent 2 (Example UCT)
Winning score (between 0 and 1) : N=150, mean=0.426667 (+/-0.079415).
P1: N=75, mean=0.546667 (+/-0.113423).
P2: N=75, mean=0.306667 (+/-0.10506).
Game Durations: N=150, mean=15.406667 (+/-0.682761).
P1: N=75, mean=16.2 (+/-0.921183).
P2: N=75, mean=14.613333 (+/-0.981493).
=====================================================
