Warming up...
Finished warming up!
=====================================================
Completed 1 games.

Agent 1 (SHUCTAnyTime)
Winning score (between 0 and 1) : N=1, mean=1 (+/-0).
P1: N=1, mean=1 (+/-0).
P2: N=0, mean=0 (+/-0).
Game Durations: N=1, mean=47 (+/-0).
P1: N=1, mean=47 (+/-0).
P2: N=0, mean=0 (+/-0).

Agent 2 (Example UCT)
Winning score (between 0 and 1) : N=1, mean=0 (+/-0).
P1: N=0, mean=0 (+/-0).
P2: N=1, mean=0 (+/-0).
Game Durations: N=1, mean=47 (+/-0).
P1: N=0, mean=0 (+/-0).
P2: N=1, mean=47 (+/-0).
=====================================================
=====================================================
Completed 2 games.

Agent 1 (SHUCTAnyTime)
Winning score (between 0 and 1) : N=2, mean=0.5 (+/-0.97998).
P1: N=1, mean=1 (+/-0).
P2: N=1, mean=0 (+/-0).
Game Durations: N=2, mean=43 (+/-7.83984).
P1: N=1, mean=47 (+/-0).
P2: N=1, mean=39 (+/-0).

Agent 2 (Example UCT)
Winning score (between 0 and 1) : N=2, mean=0.5 (+/-0.97998).
P1: N=1, mean=1 (+/-0).
P2: N=1, mean=0 (+/-0).
Game Durations: N=2, mean=43 (+/-7.83984).
P1: N=1, mean=39 (+/-0).
P2: N=1, mean=47 (+/-0).
=====================================================
=====================================================
Completed 3 games.

Agent 1 (SHUCTAnyTime)
Winning score (between 0 and 1) : N=3, mean=0.333333 (+/-0.65332).
P1: N=2, mean=0.5 (+/-0.97998).
P2: N=1, mean=0 (+/-0).
Game Durations: N=3, mean=40 (+/-7.420289).
P1: N=2, mean=40.5 (+/-12.73974).
P2: N=1, mean=39 (+/-0).

Agent 2 (Example UCT)
Winning score (between 0 and 1) : N=3, mean=0.666667 (+/-0.65332).
P1: N=1, mean=1 (+/-0).
P2: N=2, mean=0.5 (+/-0.97998).
Game Durations: N=3, mean=40 (+/-7.420289).
P1: N=1, mean=39 (+/-0).
P2: N=2, mean=40.5 (+/-12.73974).
=====================================================
=====================================================
Completed 4 games.

Agent 1 (SHUCTAnyTime)
Winning score (between 0 and 1) : N=4, mean=0.25 (+/-0.48999).
P1: N=2, mean=0.5 (+/-0.97998).
P2: N=2, mean=0 (+/-0).
Game Durations: N=4, mean=35.75 (+/-9.844613).
P1: N=2, mean=40.5 (+/-12.73974).
P2: N=2, mean=31 (+/-15.67968).

Agent 2 (Example UCT)
Winning score (between 0 and 1) : N=4, mean=0.75 (+/-0.48999).
P1: N=2, mean=1 (+/-0).
P2: N=2, mean=0.5 (+/-0.97998).
Game Durations: N=4, mean=35.75 (+/-9.844613).
P1: N=2, mean=31 (+/-15.67968).
P2: N=2, mean=40.5 (+/-12.73974).
=====================================================
=====================================================
Completed 5 games.

Agent 1 (SHUCTAnyTime)
Winning score (between 0 and 1) : N=5, mean=0.4 (+/-0.48009).
P1: N=3, mean=0.666667 (+/-0.65332).
P2: N=2, mean=0 (+/-0).
Game Durations: N=5, mean=31.6 (+/-11.149399).
P1: N=3, mean=32 (+/-18.211112).
P2: N=2, mean=31 (+/-15.67968).

Agent 2 (Example UCT)
Winning score (between 0 and 1) : N=5, mean=0.6 (+/-0.48009).
P1: N=2, mean=1 (+/-0).
P2: N=3, mean=0.333333 (+/-0.65332).
Game Durations: N=5, mean=31.6 (+/-11.149399).
P1: N=2, mean=31 (+/-15.67968).
P2: N=3, mean=32 (+/-18.211112).
=====================================================
=====================================================
Completed 10 games.

Agent 1 (SHUCTAnyTime)
Winning score (between 0 and 1) : N=10, mean=0.4 (+/-0.32006).
P1: N=5, mean=0.4 (+/-0.48009).
P2: N=5, mean=0.4 (+/-0.48009).
Game Durations: N=10, mean=31.1 (+/-6.703776).
P1: N=5, mean=34.4 (+/-11.505483).
P2: N=5, mean=27.8 (+/-6.995712).

Agent 2 (Example UCT)
Winning score (between 0 and 1) : N=10, mean=0.6 (+/-0.32006).
P1: N=5, mean=0.6 (+/-0.48009).
P2: N=5, mean=0.6 (+/-0.48009).
Game Durations: N=10, mean=31.1 (+/-6.703776).
P1: N=5, mean=27.8 (+/-6.995712).
P2: N=5, mean=34.4 (+/-11.505483).
=====================================================
=====================================================
Completed 20 games.

Agent 1 (SHUCTAnyTime)
Winning score (between 0 and 1) : N=20, mean=0.45 (+/-0.223696).
P1: N=10, mean=0.5 (+/-0.32666).
P2: N=10, mean=0.4 (+/-0.32006).
Game Durations: N=20, mean=30.05 (+/-4.221584).
P1: N=10, mean=32.3 (+/-6.688478).
P2: N=10, mean=27.8 (+/-5.117627).

Agent 2 (Example UCT)
Winning score (between 0 and 1) : N=20, mean=0.55 (+/-0.223696).
P1: N=10, mean=0.6 (+/-0.32006).
P2: N=10, mean=0.5 (+/-0.32666).
Game Durations: N=20, mean=30.05 (+/-4.221584).
P1: N=10, mean=27.8 (+/-5.117627).
P2: N=10, mean=32.3 (+/-6.688478).
=====================================================
=====================================================
Completed 30 games.

Agent 1 (SHUCTAnyTime)
Winning score (between 0 and 1) : N=30, mean=0.466667 (+/-0.181573).
P1: N=15, mean=0.466667 (+/-0.261328).
P2: N=15, mean=0.466667 (+/-0.261328).
Game Durations: N=30, mean=30.233333 (+/-3.593997).
P1: N=15, mean=31.8 (+/-5.093742).
P2: N=15, mean=28.666667 (+/-5.120486).

Agent 2 (Example UCT)
Winning score (between 0 and 1) : N=30, mean=0.533333 (+/-0.181573).
P1: N=15, mean=0.533333 (+/-0.261328).
P2: N=15, mean=0.533333 (+/-0.261328).
Game Durations: N=30, mean=30.233333 (+/-3.593997).
P1: N=15, mean=28.666667 (+/-5.120486).
P2: N=15, mean=31.8 (+/-5.093742).
=====================================================
=====================================================
Completed 40 games.

Agent 1 (SHUCTAnyTime)
Winning score (between 0 and 1) : N=40, mean=0.4 (+/-0.153752).
P1: N=20, mean=0.45 (+/-0.223696).
P2: N=20, mean=0.35 (+/-0.214467).
Game Durations: N=40, mean=29.75 (+/-3.02315).
P1: N=20, mean=32.25 (+/-4.289052).
P2: N=20, mean=27.25 (+/-4.073886).

Agent 2 (Example UCT)
Winning score (between 0 and 1) : N=40, mean=0.6 (+/-0.153752).
P1: N=20, mean=0.65 (+/-0.214467).
P2: N=20, mean=0.55 (+/-0.223696).
Game Durations: N=40, mean=29.75 (+/-3.02315).
P1: N=20, mean=27.25 (+/-4.073886).
P2: N=20, mean=32.25 (+/-4.289052).
=====================================================
=====================================================
Completed 50 games.

Agent 1 (SHUCTAnyTime)
Winning score (between 0 and 1) : N=50, mean=0.38 (+/-0.135905).
P1: N=25, mean=0.44 (+/-0.198592).
P2: N=25, mean=0.32 (+/-0.186626).
Game Durations: N=50, mean=29.74 (+/-2.965725).
P1: N=25, mean=31.12 (+/-4.758466).
P2: N=25, mean=28.36 (+/-3.55843).

Agent 2 (Example UCT)
Winning score (between 0 and 1) : N=50, mean=0.62 (+/-0.135905).
P1: N=25, mean=0.68 (+/-0.186626).
P2: N=25, mean=0.56 (+/-0.198592).
Game Durations: N=50, mean=29.74 (+/-2.965725).
P1: N=25, mean=28.36 (+/-3.55843).
P2: N=25, mean=31.12 (+/-4.758466).
=====================================================
=====================================================
Completed 60 games.

Agent 1 (SHUCTAnyTime)
Winning score (between 0 and 1) : N=60, mean=0.383333 (+/-0.124061).
P1: N=30, mean=0.433333 (+/-0.180353).
P2: N=30, mean=0.333333 (+/-0.17157).
Game Durations: N=60, mean=29.533333 (+/-2.689326).
P1: N=30, mean=30.733333 (+/-4.264064).
P2: N=30, mean=28.333333 (+/-3.296203).

Agent 2 (Example UCT)
Winning score (between 0 and 1) : N=60, mean=0.616667 (+/-0.124061).
P1: N=30, mean=0.666667 (+/-0.17157).
P2: N=30, mean=0.566667 (+/-0.180353).
Game Durations: N=60, mean=29.533333 (+/-2.689326).
P1: N=30, mean=28.333333 (+/-3.296203).
P2: N=30, mean=30.733333 (+/-4.264064).
=====================================================
=====================================================
Completed 70 games.

Agent 1 (SHUCTAnyTime)
Winning score (between 0 and 1) : N=70, mean=0.414286 (+/-0.116229).
P1: N=35, mean=0.485714 (+/-0.167997).
P2: N=35, mean=0.342857 (+/-0.159549).
Game Durations: N=70, mean=29.457143 (+/-2.613692).
P1: N=35, mean=29.714286 (+/-3.932722).
P2: N=35, mean=29.2 (+/-3.499448).

Agent 2 (Example UCT)
Winning score (between 0 and 1) : N=70, mean=0.585714 (+/-0.116229).
P1: N=35, mean=0.657143 (+/-0.159549).
P2: N=35, mean=0.514286 (+/-0.167997).
Game Durations: N=70, mean=29.457143 (+/-2.613692).
P1: N=35, mean=29.2 (+/-3.499448).
P2: N=35, mean=29.714286 (+/-3.932722).
=====================================================
=====================================================
Completed 80 games.

Agent 1 (SHUCTAnyTime)
Winning score (between 0 and 1) : N=80, mean=0.45 (+/-0.109704).
P1: N=40, mean=0.55 (+/-0.156136).
P2: N=40, mean=0.35 (+/-0.149694).
Game Durations: N=80, mean=29.3 (+/-2.458346).
P1: N=40, mean=28.775 (+/-3.601352).
P2: N=40, mean=29.825 (+/-3.385225).

Agent 2 (Example UCT)
Winning score (between 0 and 1) : N=80, mean=0.55 (+/-0.109704).
P1: N=40, mean=0.65 (+/-0.149694).
P2: N=40, mean=0.45 (+/-0.156136).
Game Durations: N=80, mean=29.3 (+/-2.458346).
P1: N=40, mean=29.825 (+/-3.385225).
P2: N=40, mean=28.775 (+/-3.601352).
=====================================================
=====================================================
Completed 90 games.

Agent 1 (SHUCTAnyTime)
Winning score (between 0 and 1) : N=90, mean=0.455556 (+/-0.103466).
P1: N=45, mean=0.577778 (+/-0.145939).
P2: N=45, mean=0.333333 (+/-0.139288).
Game Durations: N=90, mean=29.266667 (+/-2.251865).
P1: N=45, mean=28.555556 (+/-3.290599).
P2: N=45, mean=29.977778 (+/-3.098023).

Agent 2 (Example UCT)
Winning score (between 0 and 1) : N=90, mean=0.544444 (+/-0.103466).
P1: N=45, mean=0.666667 (+/-0.139288).
P2: N=45, mean=0.422222 (+/-0.145939).
Game Durations: N=90, mean=29.266667 (+/-2.251865).
P1: N=45, mean=29.977778 (+/-3.098023).
P2: N=45, mean=28.555556 (+/-3.290599).
=====================================================
=====================================================
Completed 100 games.

Agent 1 (SHUCTAnyTime)
Winning score (between 0 and 1) : N=100, mean=0.44 (+/-0.09778).
P1: N=50, mean=0.56 (+/-0.138986).
P2: N=50, mean=0.32 (+/-0.130611).
Game Durations: N=100, mean=30.21 (+/-2.245834).
P1: N=50, mean=28.82 (+/-3.106645).
P2: N=50, mean=31.6 (+/-3.229052).

Agent 2 (Example UCT)
Winning score (between 0 and 1) : N=100, mean=0.56 (+/-0.09778).
P1: N=50, mean=0.68 (+/-0.130611).
P2: N=50, mean=0.44 (+/-0.138986).
Game Durations: N=100, mean=30.21 (+/-2.245834).
P1: N=50, mean=31.6 (+/-3.229052).
P2: N=50, mean=28.82 (+/-3.106645).
=====================================================
=====================================================
Completed 110 games.

Agent 1 (SHUCTAnyTime)
Winning score (between 0 and 1) : N=110, mean=0.436364 (+/-0.093102).
P1: N=55, mean=0.563636 (+/-0.132274).
P2: N=55, mean=0.309091 (+/-0.123255).
Game Durations: N=110, mean=29.845455 (+/-2.230492).
P1: N=55, mean=28.618182 (+/-3.077606).
P2: N=55, mean=31.072727 (+/-3.224699).

Agent 2 (Example UCT)
Winning score (between 0 and 1) : N=110, mean=0.563636 (+/-0.093102).
P1: N=55, mean=0.690909 (+/-0.123255).
P2: N=55, mean=0.436364 (+/-0.132274).
Game Durations: N=110, mean=29.845455 (+/-2.230492).
P1: N=55, mean=31.072727 (+/-3.224699).
P2: N=55, mean=28.618182 (+/-3.077606).
=====================================================
=====================================================
Completed 120 games.

Agent 1 (SHUCTAnyTime)
Winning score (between 0 and 1) : N=120, mean=0.45 (+/-0.089384).
P1: N=60, mean=0.583333 (+/-0.125798).
P2: N=60, mean=0.316667 (+/-0.118697).
Game Durations: N=120, mean=30.408333 (+/-2.132886).
P1: N=60, mean=29.45 (+/-3.030428).
P2: N=60, mean=31.366667 (+/-3.007979).

Agent 2 (Example UCT)
Winning score (between 0 and 1) : N=120, mean=0.55 (+/-0.089384).
P1: N=60, mean=0.683333 (+/-0.118697).
P2: N=60, mean=0.416667 (+/-0.125798).
Game Durations: N=120, mean=30.408333 (+/-2.132886).
P1: N=60, mean=31.366667 (+/-3.007979).
P2: N=60, mean=29.45 (+/-3.030428).
=====================================================
=====================================================
Completed 130 games.

Agent 1 (SHUCTAnyTime)
Winning score (between 0 and 1) : N=130, mean=0.476923 (+/-0.08619).
P1: N=65, mean=0.615385 (+/-0.119191).
P2: N=65, mean=0.338462 (+/-0.115928).
Game Durations: N=130, mean=30.653846 (+/-2.083209).
P1: N=65, mean=29.415385 (+/-2.918469).
P2: N=65, mean=31.892308 (+/-2.965311).

Agent 2 (Example UCT)
Winning score (between 0 and 1) : N=130, mean=0.523077 (+/-0.08619).
P1: N=65, mean=0.661538 (+/-0.115928).
P2: N=65, mean=0.384615 (+/-0.119191).
Game Durations: N=130, mean=30.653846 (+/-2.083209).
P1: N=65, mean=31.892308 (+/-2.965311).
P2: N=65, mean=29.415385 (+/-2.918469).
=====================================================
=====================================================
Completed 140 games.

Agent 1 (SHUCTAnyTime)
Winning score (between 0 and 1) : N=140, mean=0.478571 (+/-0.083044).
P1: N=70, mean=0.614286 (+/-0.114853).
P2: N=70, mean=0.342857 (+/-0.111998).
Game Durations: N=140, mean=30.321429 (+/-1.992352).
P1: N=70, mean=29.042857 (+/-2.823664).
P2: N=70, mean=31.6 (+/-2.79961).

Agent 2 (Example UCT)
Winning score (between 0 and 1) : N=140, mean=0.521429 (+/-0.083044).
P1: N=70, mean=0.657143 (+/-0.111998).
P2: N=70, mean=0.385714 (+/-0.114853).
Game Durations: N=140, mean=30.321429 (+/-1.992352).
P1: N=70, mean=31.6 (+/-2.79961).
P2: N=70, mean=29.042857 (+/-2.823664).
=====================================================
=====================================================
Completed 150 games.

Agent 1 (SHUCTAnyTime)
Winning score (between 0 and 1) : N=150, mean=0.48 (+/-0.080219).
P1: N=75, mean=0.613333 (+/-0.110955).
P2: N=75, mean=0.346667 (+/-0.108431).
Game Durations: N=150, mean=30.826667 (+/-2.010585).
P1: N=75, mean=30.186667 (+/-2.923637).
P2: N=75, mean=31.466667 (+/-2.772884).

Agent 2 (Example UCT)
Winning score (between 0 and 1) : N=150, mean=0.52 (+/-0.080219).
P1: N=75, mean=0.653333 (+/-0.108431).
P2: N=75, mean=0.386667 (+/-0.110955).
Game Durations: N=150, mean=30.826667 (+/-2.010585).
P1: N=75, mean=31.466667 (+/-2.772884).
P2: N=75, mean=30.186667 (+/-2.923637).
=====================================================
