Warming up...
Finished warming up!
=====================================================
Completed 1 games.

Agent 1 (SHUCTAnyTime)
Winning score (between 0 and 1) : N=1, mean=0 (+/-0).
P1: N=1, mean=0 (+/-0).
P2: N=0, mean=0 (+/-0).
Game Durations: N=1, mean=26 (+/-0).
P1: N=1, mean=26 (+/-0).
P2: N=0, mean=0 (+/-0).

Agent 2 (Example UCT)
Winning score (between 0 and 1) : N=1, mean=1 (+/-0).
P1: N=0, mean=0 (+/-0).
P2: N=1, mean=1 (+/-0).
Game Durations: N=1, mean=26 (+/-0).
P1: N=0, mean=0 (+/-0).
P2: N=1, mean=26 (+/-0).
=====================================================
=====================================================
Completed 2 games.

Agent 1 (SHUCTAnyTime)
Winning score (between 0 and 1) : N=2, mean=0 (+/-0).
P1: N=1, mean=0 (+/-0).
P2: N=1, mean=0 (+/-0).
Game Durations: N=2, mean=23.5 (+/-4.8999).
P1: N=1, mean=26 (+/-0).
P2: N=1, mean=21 (+/-0).

Agent 2 (Example UCT)
Winning score (between 0 and 1) : N=2, mean=1 (+/-0).
P1: N=1, mean=1 (+/-0).
P2: N=1, mean=1 (+/-0).
Game Durations: N=2, mean=23.5 (+/-4.8999).
P1: N=1, mean=21 (+/-0).
P2: N=1, mean=26 (+/-0).
=====================================================
=====================================================
Completed 3 games.

Agent 1 (SHUCTAnyTime)
Winning score (between 0 and 1) : N=3, mean=0.333333 (+/-0.65332).
P1: N=2, mean=0.5 (+/-0.97998).
P2: N=1, mean=0 (+/-0).
Game Durations: N=3, mean=28 (+/-9.26241).
P1: N=2, mean=31.5 (+/-10.77978).
P2: N=1, mean=21 (+/-0).

Agent 2 (Example UCT)
Winning score (between 0 and 1) : N=3, mean=0.666667 (+/-0.65332).
P1: N=1, mean=1 (+/-0).
P2: N=2, mean=0.5 (+/-0.97998).
Game Durations: N=3, mean=28 (+/-9.26241).
P1: N=1, mean=21 (+/-0).
P2: N=2, mean=31.5 (+/-10.77978).
=====================================================
=====================================================
Completed 4 games.

Agent 1 (SHUCTAnyTime)
Winning score (between 0 and 1) : N=4, mean=0.25 (+/-0.48999).
P1: N=2, mean=0.5 (+/-0.97998).
P2: N=2, mean=0 (+/-0).
Game Durations: N=4, mean=25.25 (+/-8.48216).
P1: N=2, mean=31.5 (+/-10.77978).
P2: N=2, mean=19 (+/-3.91992).

Agent 2 (Example UCT)
Winning score (between 0 and 1) : N=4, mean=0.75 (+/-0.48999).
P1: N=2, mean=1 (+/-0).
P2: N=2, mean=0.5 (+/-0.97998).
Game Durations: N=4, mean=25.25 (+/-8.48216).
P1: N=2, mean=19 (+/-3.91992).
P2: N=2, mean=31.5 (+/-10.77978).
=====================================================
=====================================================
Completed 5 games.

Agent 1 (SHUCTAnyTime)
Winning score (between 0 and 1) : N=5, mean=0.4 (+/-0.48009).
P1: N=3, mean=0.666667 (+/-0.65332).
P2: N=2, mean=0 (+/-0).
Game Durations: N=5, mean=28 (+/-8.498184).
P1: N=3, mean=34 (+/-7.921084).
P2: N=2, mean=19 (+/-3.91992).

Agent 2 (Example UCT)
Winning score (between 0 and 1) : N=5, mean=0.6 (+/-0.48009).
P1: N=2, mean=1 (+/-0).
P2: N=3, mean=0.333333 (+/-0.65332).
Game Durations: N=5, mean=28 (+/-8.498184).
P1: N=2, mean=19 (+/-3.91992).
P2: N=3, mean=34 (+/-7.921084).
=====================================================
=====================================================
Completed 10 games.

Agent 1 (SHUCTAnyTime)
Winning score (between 0 and 1) : N=10, mean=0.6 (+/-0.32006).
P1: N=5, mean=0.8 (+/-0.391992).
P2: N=5, mean=0.4 (+/-0.48009).
Game Durations: N=10, mean=27.5 (+/-4.490833).
P1: N=5, mean=29.2 (+/-7.238597).
P2: N=5, mean=25.8 (+/-5.727646).

Agent 2 (Example UCT)
Winning score (between 0 and 1) : N=10, mean=0.4 (+/-0.32006).
P1: N=5, mean=0.6 (+/-0.48009).
P2: N=5, mean=0.2 (+/-0.391992).
Game Durations: N=10, mean=27.5 (+/-4.490833).
P1: N=5, mean=25.8 (+/-5.727646).
P2: N=5, mean=29.2 (+/-7.238597).
=====================================================
=====================================================
Completed 20 games.

Agent 1 (SHUCTAnyTime)
Winning score (between 0 and 1) : N=20, mean=0.6 (+/-0.22028).
P1: N=10, mean=0.8 (+/-0.261328).
P2: N=10, mean=0.4 (+/-0.32006).
Game Durations: N=20, mean=30.7 (+/-5.840376).
P1: N=10, mean=31.3 (+/-9.16536).
P2: N=10, mean=30.1 (+/-7.727149).

Agent 2 (Example UCT)
Winning score (between 0 and 1) : N=20, mean=0.4 (+/-0.22028).
P1: N=10, mean=0.6 (+/-0.32006).
P2: N=10, mean=0.2 (+/-0.261328).
Game Durations: N=20, mean=30.7 (+/-5.840376).
P1: N=10, mean=30.1 (+/-7.727149).
P2: N=10, mean=31.3 (+/-9.16536).
=====================================================
=====================================================
Completed 30 games.

Agent 1 (SHUCTAnyTime)
Winning score (between 0 and 1) : N=30, mean=0.55 (+/-0.177991).
P1: N=15, mean=0.733333 (+/-0.231643).
P2: N=15, mean=0.366667 (+/-0.2432).
Game Durations: N=30, mean=33.133333 (+/-4.916977).
P1: N=15, mean=33.8 (+/-7.241124).
P2: N=15, mean=32.466667 (+/-6.890768).

Agent 2 (Example UCT)
Winning score (between 0 and 1) : N=30, mean=0.45 (+/-0.177991).
P1: N=15, mean=0.633333 (+/-0.2432).
P2: N=15, mean=0.266667 (+/-0.231643).
Game Durations: N=30, mean=33.133333 (+/-4.916977).
P1: N=15, mean=32.466667 (+/-6.890768).
P2: N=15, mean=33.8 (+/-7.241124).
=====================================================
=====================================================
Completed 40 games.

Agent 1 (SHUCTAnyTime)
Winning score (between 0 and 1) : N=40, mean=0.5625 (+/-0.153702).
P1: N=20, mean=0.65 (+/-0.214467).
P2: N=20, mean=0.475 (+/-0.218842).
Game Durations: N=40, mean=32.75 (+/-4.244308).
P1: N=20, mean=33.05 (+/-5.916686).
P2: N=20, mean=32.45 (+/-6.23773).

Agent 2 (Example UCT)
Winning score (between 0 and 1) : N=40, mean=0.4375 (+/-0.153702).
P1: N=20, mean=0.525 (+/-0.218842).
P2: N=20, mean=0.35 (+/-0.214467).
Game Durations: N=40, mean=32.75 (+/-4.244308).
P1: N=20, mean=32.45 (+/-6.23773).
P2: N=20, mean=33.05 (+/-5.916686).
=====================================================
=====================================================
Completed 50 games.

Agent 1 (SHUCTAnyTime)
Winning score (between 0 and 1) : N=50, mean=0.55 (+/-0.137881).
P1: N=25, mean=0.64 (+/-0.192036).
P2: N=25, mean=0.46 (+/-0.195342).
Game Durations: N=50, mean=32.28 (+/-3.966459).
P1: N=25, mean=33.08 (+/-5.495955).
P2: N=25, mean=31.48 (+/-5.816515).

Agent 2 (Example UCT)
Winning score (between 0 and 1) : N=50, mean=0.45 (+/-0.137881).
P1: N=25, mean=0.54 (+/-0.195342).
P2: N=25, mean=0.36 (+/-0.192036).
Game Durations: N=50, mean=32.28 (+/-3.966459).
P1: N=25, mean=31.48 (+/-5.816515).
P2: N=25, mean=33.08 (+/-5.495955).
=====================================================
=====================================================
Completed 60 games.

Agent 1 (SHUCTAnyTime)
Winning score (between 0 and 1) : N=60, mean=0.475 (+/-0.126354).
P1: N=30, mean=0.533333 (+/-0.181573).
P2: N=30, mean=0.416667 (+/-0.17633).
Game Durations: N=60, mean=32.183333 (+/-3.560289).
P1: N=30, mean=34 (+/-5.018539).
P2: N=30, mean=30.366667 (+/-5.051411).

Agent 2 (Example UCT)
Winning score (between 0 and 1) : N=60, mean=0.525 (+/-0.126354).
P1: N=30, mean=0.583333 (+/-0.17633).
P2: N=30, mean=0.466667 (+/-0.181573).
Game Durations: N=60, mean=32.183333 (+/-3.560289).
P1: N=30, mean=30.366667 (+/-5.051411).
P2: N=30, mean=34 (+/-5.018539).
=====================================================
=====================================================
Completed 70 games.

Agent 1 (SHUCTAnyTime)
Winning score (between 0 and 1) : N=70, mean=0.457143 (+/-0.115838).
P1: N=35, mean=0.528571 (+/-0.165368).
P2: N=35, mean=0.385714 (+/-0.161131).
Game Durations: N=70, mean=32.142857 (+/-3.30772).
P1: N=35, mean=35.114286 (+/-4.614227).
P2: N=35, mean=29.171429 (+/-4.595801).

Agent 2 (Example UCT)
Winning score (between 0 and 1) : N=70, mean=0.542857 (+/-0.115838).
P1: N=35, mean=0.614286 (+/-0.161131).
P2: N=35, mean=0.471429 (+/-0.165368).
Game Durations: N=70, mean=32.142857 (+/-3.30772).
P1: N=35, mean=29.171429 (+/-4.595801).
P2: N=35, mean=35.114286 (+/-4.614227).
=====================================================
=====================================================
Completed 80 games.

Agent 1 (SHUCTAnyTime)
Winning score (between 0 and 1) : N=80, mean=0.475 (+/-0.10873).
P1: N=40, mean=0.5375 (+/-0.154501).
P2: N=40, mean=0.4125 (+/-0.152496).
Game Durations: N=80, mean=31.825 (+/-3.055668).
P1: N=40, mean=34.275 (+/-4.46498).
P2: N=40, mean=29.375 (+/-4.087632).

Agent 2 (Example UCT)
Winning score (between 0 and 1) : N=80, mean=0.525 (+/-0.10873).
P1: N=40, mean=0.5875 (+/-0.152496).
P2: N=40, mean=0.4625 (+/-0.154501).
Game Durations: N=80, mean=31.825 (+/-3.055668).
P1: N=40, mean=29.375 (+/-4.087632).
P2: N=40, mean=34.275 (+/-4.46498).
=====================================================
=====================================================
Completed 90 games.

Agent 1 (SHUCTAnyTime)
Winning score (between 0 and 1) : N=90, mean=0.477778 (+/-0.102613).
P1: N=45, mean=0.566667 (+/-0.144753).
P2: N=45, mean=0.388889 (+/-0.14235).
Game Durations: N=90, mean=31.811111 (+/-2.828135).
P1: N=45, mean=33.844444 (+/-4.049892).
P2: N=45, mean=29.777778 (+/-3.903001).

Agent 2 (Example UCT)
Winning score (between 0 and 1) : N=90, mean=0.522222 (+/-0.102613).
P1: N=45, mean=0.611111 (+/-0.14235).
P2: N=45, mean=0.433333 (+/-0.144753).
Game Durations: N=90, mean=31.811111 (+/-2.828135).
P1: N=45, mean=29.777778 (+/-3.903001).
P2: N=45, mean=33.844444 (+/-4.049892).
=====================================================
=====================================================
Completed 100 games.

Agent 1 (SHUCTAnyTime)
Winning score (between 0 and 1) : N=100, mean=0.46 (+/-0.097183).
P1: N=50, mean=0.55 (+/-0.137881).
P2: N=50, mean=0.37 (+/-0.133725).
Game Durations: N=100, mean=31.71 (+/-2.683069).
P1: N=50, mean=34.1 (+/-3.923618).
P2: N=50, mean=29.32 (+/-3.577551).

Agent 2 (Example UCT)
Winning score (between 0 and 1) : N=100, mean=0.54 (+/-0.097183).
P1: N=50, mean=0.63 (+/-0.133725).
P2: N=50, mean=0.45 (+/-0.137881).
Game Durations: N=100, mean=31.71 (+/-2.683069).
P1: N=50, mean=29.32 (+/-3.577551).
P2: N=50, mean=34.1 (+/-3.923618).
=====================================================
=====================================================
Completed 110 games.

Agent 1 (SHUCTAnyTime)
Winning score (between 0 and 1) : N=110, mean=0.445455 (+/-0.092442).
P1: N=55, mean=0.536364 (+/-0.131784).
P2: N=55, mean=0.354545 (+/-0.126317).
Game Durations: N=110, mean=31.563636 (+/-2.518477).
P1: N=55, mean=33.363636 (+/-3.665996).
P2: N=55, mean=29.763636 (+/-3.421303).

Agent 2 (Example UCT)
Winning score (between 0 and 1) : N=110, mean=0.554545 (+/-0.092442).
P1: N=55, mean=0.645455 (+/-0.126317).
P2: N=55, mean=0.463636 (+/-0.131784).
Game Durations: N=110, mean=31.563636 (+/-2.518477).
P1: N=55, mean=29.763636 (+/-3.421303).
P2: N=55, mean=33.363636 (+/-3.665996).
=====================================================
=====================================================
Completed 120 games.

Agent 1 (SHUCTAnyTime)
Winning score (between 0 and 1) : N=120, mean=0.45 (+/-0.088629).
P1: N=60, mean=0.558333 (+/-0.125636).
P2: N=60, mean=0.341667 (+/-0.119891).
Game Durations: N=120, mean=31.191667 (+/-2.394088).
P1: N=60, mean=32.716667 (+/-3.433872).
P2: N=60, mean=29.666667 (+/-3.320633).

Agent 2 (Example UCT)
Winning score (between 0 and 1) : N=120, mean=0.55 (+/-0.088629).
P1: N=60, mean=0.658333 (+/-0.119891).
P2: N=60, mean=0.441667 (+/-0.125636).
Game Durations: N=120, mean=31.191667 (+/-2.394088).
P1: N=60, mean=29.666667 (+/-3.320633).
P2: N=60, mean=32.716667 (+/-3.433872).
=====================================================
=====================================================
Completed 130 games.

Agent 1 (SHUCTAnyTime)
Winning score (between 0 and 1) : N=130, mean=0.446154 (+/-0.08511).
P1: N=65, mean=0.561538 (+/-0.120613).
P2: N=65, mean=0.330769 (+/-0.114262).
Game Durations: N=130, mean=30.961538 (+/-2.29826).
P1: N=65, mean=32.846154 (+/-3.347149).
P2: N=65, mean=29.076923 (+/-3.108581).

Agent 2 (Example UCT)
Winning score (between 0 and 1) : N=130, mean=0.553846 (+/-0.08511).
P1: N=65, mean=0.669231 (+/-0.114262).
P2: N=65, mean=0.438462 (+/-0.120613).
Game Durations: N=130, mean=30.961538 (+/-2.29826).
P1: N=65, mean=29.076923 (+/-3.108581).
P2: N=65, mean=32.846154 (+/-3.347149).
=====================================================
=====================================================
Completed 140 games.

Agent 1 (SHUCTAnyTime)
Winning score (between 0 and 1) : N=140, mean=0.439286 (+/-0.081604).
P1: N=70, mean=0.542857 (+/-0.115838).
P2: N=70, mean=0.335714 (+/-0.11053).
Game Durations: N=140, mean=30.728571 (+/-2.228492).
P1: N=70, mean=32.471429 (+/-3.316469).
P2: N=70, mean=28.985714 (+/-2.944736).

Agent 2 (Example UCT)
Winning score (between 0 and 1) : N=140, mean=0.560714 (+/-0.081604).
P1: N=70, mean=0.664286 (+/-0.11053).
P2: N=70, mean=0.457143 (+/-0.115838).
Game Durations: N=140, mean=30.728571 (+/-2.228492).
P1: N=70, mean=28.985714 (+/-2.944736).
P2: N=70, mean=32.471429 (+/-3.316469).
=====================================================
=====================================================
Completed 150 games.

Agent 1 (SHUCTAnyTime)
Winning score (between 0 and 1) : N=150, mean=0.43 (+/-0.078677).
P1: N=75, mean=0.546667 (+/-0.111887).
P2: N=75, mean=0.313333 (+/-0.104862).
Game Durations: N=150, mean=30.726667 (+/-2.153575).
P1: N=75, mean=31.893333 (+/-3.166155).
P2: N=75, mean=29.56 (+/-2.917367).

Agent 2 (Example UCT)
Winning score (between 0 and 1) : N=150, mean=0.57 (+/-0.078677).
P1: N=75, mean=0.686667 (+/-0.104862).
P2: N=75, mean=0.453333 (+/-0.111887).
Game Durations: N=150, mean=30.726667 (+/-2.153575).
P1: N=75, mean=29.56 (+/-2.917367).
P2: N=75, mean=31.893333 (+/-3.166155).
=====================================================
