Warming up...
Finished warming up!
=====================================================
Completed 1 games.

Agent 1 (SHUCTAnyTime)
Winning score (between 0 and 1) : N=1, mean=1 (+/-0).
P1: N=1, mean=1 (+/-0).
P2: N=0, mean=0 (+/-0).
Game Durations: N=1, mean=19 (+/-0).
P1: N=1, mean=19 (+/-0).
P2: N=0, mean=0 (+/-0).

Agent 2 (Example UCT)
Winning score (between 0 and 1) : N=1, mean=0 (+/-0).
P1: N=0, mean=0 (+/-0).
P2: N=1, mean=0 (+/-0).
Game Durations: N=1, mean=19 (+/-0).
P1: N=0, mean=0 (+/-0).
P2: N=1, mean=19 (+/-0).
=====================================================
=====================================================
Completed 2 games.

Agent 1 (SHUCTAnyTime)
Winning score (between 0 and 1) : N=2, mean=0.5 (+/-0.97998).
P1: N=1, mean=1 (+/-0).
P2: N=1, mean=0 (+/-0).
Game Durations: N=2, mean=26 (+/-13.71972).
P1: N=1, mean=19 (+/-0).
P2: N=1, mean=33 (+/-0).

Agent 2 (Example UCT)
Winning score (between 0 and 1) : N=2, mean=0.5 (+/-0.97998).
P1: N=1, mean=1 (+/-0).
P2: N=1, mean=0 (+/-0).
Game Durations: N=2, mean=26 (+/-13.71972).
P1: N=1, mean=33 (+/-0).
P2: N=1, mean=19 (+/-0).
=====================================================
=====================================================
Completed 3 games.

Agent 1 (SHUCTAnyTime)
Winning score (between 0 and 1) : N=3, mean=0.333333 (+/-0.65332).
P1: N=2, mean=0.5 (+/-0.97998).
P2: N=1, mean=0 (+/-0).
Game Durations: N=3, mean=37 (+/-22.968635).
P1: N=2, mean=39 (+/-39.1992).
P2: N=1, mean=33 (+/-0).

Agent 2 (Example UCT)
Winning score (between 0 and 1) : N=3, mean=0.666667 (+/-0.65332).
P1: N=1, mean=1 (+/-0).
P2: N=2, mean=0.5 (+/-0.97998).
Game Durations: N=3, mean=37 (+/-22.968635).
P1: N=1, mean=33 (+/-0).
P2: N=2, mean=39 (+/-39.1992).
=====================================================
=====================================================
Completed 4 games.

Agent 1 (SHUCTAnyTime)
Winning score (between 0 and 1) : N=4, mean=0.5 (+/-0.565792).
P1: N=2, mean=0.5 (+/-0.97998).
P2: N=2, mean=0.5 (+/-0.97998).
Game Durations: N=4, mean=34.25 (+/-17.112277).
P1: N=2, mean=39 (+/-39.1992).
P2: N=2, mean=29.5 (+/-6.85986).

Agent 2 (Example UCT)
Winning score (between 0 and 1) : N=4, mean=0.5 (+/-0.565792).
P1: N=2, mean=0.5 (+/-0.97998).
P2: N=2, mean=0.5 (+/-0.97998).
Game Durations: N=4, mean=34.25 (+/-17.112277).
P1: N=2, mean=29.5 (+/-6.85986).
P2: N=2, mean=39 (+/-39.1992).
=====================================================
=====================================================
Completed 5 games.

Agent 1 (SHUCTAnyTime)
Winning score (between 0 and 1) : N=5, mean=0.6 (+/-0.48009).
P1: N=3, mean=0.666667 (+/-0.65332).
P2: N=2, mean=0.5 (+/-0.97998).
Game Durations: N=5, mean=30.8 (+/-14.880215).
P1: N=3, mean=31.666667 (+/-26.810011).
P2: N=2, mean=29.5 (+/-6.85986).

Agent 2 (Example UCT)
Winning score (between 0 and 1) : N=5, mean=0.4 (+/-0.48009).
P1: N=2, mean=0.5 (+/-0.97998).
P2: N=3, mean=0.333333 (+/-0.65332).
Game Durations: N=5, mean=30.8 (+/-14.880215).
P1: N=2, mean=29.5 (+/-6.85986).
P2: N=3, mean=31.666667 (+/-26.810011).
=====================================================
=====================================================
Completed 10 games.

Agent 1 (SHUCTAnyTime)
Winning score (between 0 and 1) : N=10, mean=0.6 (+/-0.32006).
P1: N=5, mean=0.6 (+/-0.48009).
P2: N=5, mean=0.6 (+/-0.48009).
Game Durations: N=10, mean=29 (+/-8.900511).
P1: N=5, mean=25.6 (+/-16.416932).
P2: N=5, mean=32.4 (+/-8.047778).

Agent 2 (Example UCT)
Winning score (between 0 and 1) : N=10, mean=0.4 (+/-0.32006).
P1: N=5, mean=0.4 (+/-0.48009).
P2: N=5, mean=0.4 (+/-0.48009).
Game Durations: N=10, mean=29 (+/-8.900511).
P1: N=5, mean=32.4 (+/-8.047778).
P2: N=5, mean=25.6 (+/-16.416932).
=====================================================
=====================================================
Completed 20 games.

Agent 1 (SHUCTAnyTime)
Winning score (between 0 and 1) : N=20, mean=0.55 (+/-0.223696).
P1: N=10, mean=0.5 (+/-0.32666).
P2: N=10, mean=0.6 (+/-0.32006).
Game Durations: N=20, mean=31.95 (+/-7.130075).
P1: N=10, mean=29.8 (+/-12.256673).
P2: N=10, mean=34.1 (+/-7.776704).

Agent 2 (Example UCT)
Winning score (between 0 and 1) : N=20, mean=0.45 (+/-0.223696).
P1: N=10, mean=0.4 (+/-0.32006).
P2: N=10, mean=0.5 (+/-0.32666).
Game Durations: N=20, mean=31.95 (+/-7.130075).
P1: N=10, mean=34.1 (+/-7.776704).
P2: N=10, mean=29.8 (+/-12.256673).
=====================================================
=====================================================
Completed 30 games.

Agent 1 (SHUCTAnyTime)
Winning score (between 0 and 1) : N=30, mean=0.5 (+/-0.181978).
P1: N=15, mean=0.533333 (+/-0.261328).
P2: N=15, mean=0.466667 (+/-0.261328).
Game Durations: N=30, mean=29.066667 (+/-5.415426).
P1: N=15, mean=27.266667 (+/-9.01514).
P2: N=15, mean=30.866667 (+/-6.200495).

Agent 2 (Example UCT)
Winning score (between 0 and 1) : N=30, mean=0.5 (+/-0.181978).
P1: N=15, mean=0.533333 (+/-0.261328).
P2: N=15, mean=0.466667 (+/-0.261328).
Game Durations: N=30, mean=29.066667 (+/-5.415426).
P1: N=15, mean=30.866667 (+/-6.200495).
P2: N=15, mean=27.266667 (+/-9.01514).
=====================================================
=====================================================
Completed 40 games.

Agent 1 (SHUCTAnyTime)
Winning score (between 0 and 1) : N=40, mean=0.55 (+/-0.156136).
P1: N=20, mean=0.65 (+/-0.214467).
P2: N=20, mean=0.45 (+/-0.223696).
Game Durations: N=40, mean=28.4 (+/-4.262285).
P1: N=20, mean=26.8 (+/-7.060439).
P2: N=20, mean=30 (+/-4.867817).

Agent 2 (Example UCT)
Winning score (between 0 and 1) : N=40, mean=0.45 (+/-0.156136).
P1: N=20, mean=0.55 (+/-0.223696).
P2: N=20, mean=0.35 (+/-0.214467).
Game Durations: N=40, mean=28.4 (+/-4.262285).
P1: N=20, mean=30 (+/-4.867817).
P2: N=20, mean=26.8 (+/-7.060439).
=====================================================
=====================================================
Completed 50 games.

Agent 1 (SHUCTAnyTime)
Winning score (between 0 and 1) : N=50, mean=0.52 (+/-0.139885).
P1: N=25, mean=0.6 (+/-0.195996).
P2: N=25, mean=0.44 (+/-0.198592).
Game Durations: N=50, mean=28.02 (+/-3.602468).
P1: N=25, mean=27.76 (+/-5.979516).
P2: N=25, mean=28.28 (+/-4.149256).

Agent 2 (Example UCT)
Winning score (between 0 and 1) : N=50, mean=0.48 (+/-0.139885).
P1: N=25, mean=0.56 (+/-0.198592).
P2: N=25, mean=0.4 (+/-0.195996).
Game Durations: N=50, mean=28.02 (+/-3.602468).
P1: N=25, mean=28.28 (+/-4.149256).
P2: N=25, mean=27.76 (+/-5.979516).
=====================================================
=====================================================
Completed 60 games.

Agent 1 (SHUCTAnyTime)
Winning score (between 0 and 1) : N=60, mean=0.5 (+/-0.127583).
P1: N=30, mean=0.533333 (+/-0.181573).
P2: N=30, mean=0.466667 (+/-0.181573).
Game Durations: N=60, mean=27.633333 (+/-3.163761).
P1: N=30, mean=28.566667 (+/-5.18189).
P2: N=30, mean=26.7 (+/-3.693924).

Agent 2 (Example UCT)
Winning score (between 0 and 1) : N=60, mean=0.5 (+/-0.127583).
P1: N=30, mean=0.533333 (+/-0.181573).
P2: N=30, mean=0.466667 (+/-0.181573).
Game Durations: N=60, mean=27.633333 (+/-3.163761).
P1: N=30, mean=26.7 (+/-3.693924).
P2: N=30, mean=28.566667 (+/-5.18189).
=====================================================
=====================================================
Completed 70 games.

Agent 1 (SHUCTAnyTime)
Winning score (between 0 and 1) : N=70, mean=0.557143 (+/-0.117203).
P1: N=35, mean=0.571429 (+/-0.166341).
P2: N=35, mean=0.542857 (+/-0.167447).
Game Durations: N=70, mean=28.957143 (+/-3.228666).
P1: N=35, mean=28.257143 (+/-4.803821).
P2: N=35, mean=29.657143 (+/-4.372976).

Agent 2 (Example UCT)
Winning score (between 0 and 1) : N=70, mean=0.442857 (+/-0.117203).
P1: N=35, mean=0.457143 (+/-0.167447).
P2: N=35, mean=0.428571 (+/-0.166341).
Game Durations: N=70, mean=28.957143 (+/-3.228666).
P1: N=35, mean=29.657143 (+/-4.372976).
P2: N=35, mean=28.257143 (+/-4.803821).
=====================================================
=====================================================
Completed 80 games.

Agent 1 (SHUCTAnyTime)
Winning score (between 0 and 1) : N=80, mean=0.55 (+/-0.109704).
P1: N=40, mean=0.6 (+/-0.153752).
P2: N=40, mean=0.5 (+/-0.156922).
Game Durations: N=80, mean=29.8375 (+/-3.101213).
P1: N=40, mean=28.325 (+/-4.438096).
P2: N=40, mean=31.35 (+/-4.337733).

Agent 2 (Example UCT)
Winning score (between 0 and 1) : N=80, mean=0.45 (+/-0.109704).
P1: N=40, mean=0.5 (+/-0.156922).
P2: N=40, mean=0.4 (+/-0.153752).
Game Durations: N=80, mean=29.8375 (+/-3.101213).
P1: N=40, mean=31.35 (+/-4.337733).
P2: N=40, mean=28.325 (+/-4.438096).
=====================================================
=====================================================
Completed 90 games.

Agent 1 (SHUCTAnyTime)
Winning score (between 0 and 1) : N=90, mean=0.544444 (+/-0.103466).
P1: N=45, mean=0.6 (+/-0.144753).
P2: N=45, mean=0.488889 (+/-0.147701).
Game Durations: N=90, mean=30.333333 (+/-2.953083).
P1: N=45, mean=29.4 (+/-4.323954).
P2: N=45, mean=31.266667 (+/-4.053457).

Agent 2 (Example UCT)
Winning score (between 0 and 1) : N=90, mean=0.455556 (+/-0.103466).
P1: N=45, mean=0.511111 (+/-0.147701).
P2: N=45, mean=0.4 (+/-0.144753).
Game Durations: N=90, mean=30.333333 (+/-2.953083).
P1: N=45, mean=31.266667 (+/-4.053457).
P2: N=45, mean=29.4 (+/-4.323954).
=====================================================
=====================================================
Completed 100 games.

Agent 1 (SHUCTAnyTime)
Winning score (between 0 and 1) : N=100, mean=0.55 (+/-0.097998).
P1: N=50, mean=0.62 (+/-0.135905).
P2: N=50, mean=0.48 (+/-0.139885).
Game Durations: N=100, mean=29.7 (+/-2.804161).
P1: N=50, mean=28.3 (+/-4.002352).
P2: N=50, mean=31.1 (+/-3.930406).

Agent 2 (Example UCT)
Winning score (between 0 and 1) : N=100, mean=0.45 (+/-0.097998).
P1: N=50, mean=0.52 (+/-0.139885).
P2: N=50, mean=0.38 (+/-0.135905).
Game Durations: N=100, mean=29.7 (+/-2.804161).
P1: N=50, mean=31.1 (+/-3.930406).
P2: N=50, mean=28.3 (+/-4.002352).
=====================================================
=====================================================
Completed 110 games.

Agent 1 (SHUCTAnyTime)
Winning score (between 0 and 1) : N=110, mean=0.527273 (+/-0.093725).
P1: N=55, mean=0.563636 (+/-0.132274).
P2: N=55, mean=0.490909 (+/-0.133336).
Game Durations: N=110, mean=29.945455 (+/-2.704503).
P1: N=55, mean=28.127273 (+/-3.749264).
P2: N=55, mean=31.763636 (+/-3.873104).

Agent 2 (Example UCT)
Winning score (between 0 and 1) : N=110, mean=0.472727 (+/-0.093725).
P1: N=55, mean=0.509091 (+/-0.133336).
P2: N=55, mean=0.436364 (+/-0.132274).
Game Durations: N=110, mean=29.945455 (+/-2.704503).
P1: N=55, mean=31.763636 (+/-3.873104).
P2: N=55, mean=28.127273 (+/-3.749264).
=====================================================
=====================================================
Completed 120 games.

Agent 1 (SHUCTAnyTime)
Winning score (between 0 and 1) : N=120, mean=0.533333 (+/-0.089635).
P1: N=60, mean=0.583333 (+/-0.125798).
P2: N=60, mean=0.483333 (+/-0.127512).
Game Durations: N=120, mean=29.816667 (+/-2.596618).
P1: N=60, mean=28.7 (+/-3.682784).
P2: N=60, mean=30.933333 (+/-3.670555).

Agent 2 (Example UCT)
Winning score (between 0 and 1) : N=120, mean=0.466667 (+/-0.089635).
P1: N=60, mean=0.516667 (+/-0.127512).
P2: N=60, mean=0.416667 (+/-0.125798).
Game Durations: N=120, mean=29.816667 (+/-2.596618).
P1: N=60, mean=30.933333 (+/-3.670555).
P2: N=60, mean=28.7 (+/-3.682784).
=====================================================
=====================================================
Completed 130 games.

Agent 1 (SHUCTAnyTime)
Winning score (between 0 and 1) : N=130, mean=0.546154 (+/-0.085914).
P1: N=65, mean=0.615385 (+/-0.119191).
P2: N=65, mean=0.476923 (+/-0.122367).
Game Durations: N=130, mean=29.484615 (+/-2.477441).
P1: N=65, mean=28.076923 (+/-3.474947).
P2: N=65, mean=30.892308 (+/-3.525551).

Agent 2 (Example UCT)
Winning score (between 0 and 1) : N=130, mean=0.453846 (+/-0.085914).
P1: N=65, mean=0.523077 (+/-0.122367).
P2: N=65, mean=0.384615 (+/-0.119191).
Game Durations: N=130, mean=29.484615 (+/-2.477441).
P1: N=65, mean=30.892308 (+/-3.525551).
P2: N=65, mean=28.076923 (+/-3.474947).
=====================================================
=====================================================
Completed 140 games.

Agent 1 (SHUCTAnyTime)
Winning score (between 0 and 1) : N=140, mean=0.542857 (+/-0.082815).
P1: N=70, mean=0.6 (+/-0.115592).
P2: N=70, mean=0.485714 (+/-0.117928).
Game Durations: N=140, mean=29.821429 (+/-2.406715).
P1: N=70, mean=28.214286 (+/-3.284945).
P2: N=70, mean=31.428571 (+/-3.501219).

Agent 2 (Example UCT)
Winning score (between 0 and 1) : N=140, mean=0.457143 (+/-0.082815).
P1: N=70, mean=0.514286 (+/-0.117928).
P2: N=70, mean=0.4 (+/-0.115592).
Game Durations: N=140, mean=29.821429 (+/-2.406715).
P1: N=70, mean=31.428571 (+/-3.501219).
P2: N=70, mean=28.214286 (+/-3.284945).
=====================================================
=====================================================
Completed 150 games.

Agent 1 (SHUCTAnyTime)
Winning score (between 0 and 1) : N=150, mean=0.533333 (+/-0.080104).
P1: N=75, mean=0.6 (+/-0.111619).
P2: N=75, mean=0.466667 (+/-0.113667).
Game Durations: N=150, mean=30.086667 (+/-2.339418).
P1: N=75, mean=28.813333 (+/-3.242859).
P2: N=75, mean=31.36 (+/-3.36971).

Agent 2 (Example UCT)
Winning score (between 0 and 1) : N=150, mean=0.466667 (+/-0.080104).
P1: N=75, mean=0.533333 (+/-0.113667).
P2: N=75, mean=0.4 (+/-0.111619).
Game Durations: N=150, mean=30.086667 (+/-2.339418).
P1: N=75, mean=31.36 (+/-3.36971).
P2: N=75, mean=28.813333 (+/-3.242859).
=====================================================
