Warming up...
Finished warming up!
=====================================================
Completed 1 games.

Agent 1 (SHUCTAnyTime)
Winning score (between 0 and 1) : N=1, mean=1 (+/-0).
P1: N=0, mean=0 (+/-0).
P2: N=1, mean=1 (+/-0).
Game Durations: N=1, mean=38 (+/-0).
P1: N=0, mean=0 (+/-0).
P2: N=1, mean=38 (+/-0).

Agent 2 (Example UCT)
Winning score (between 0 and 1) : N=1, mean=0 (+/-0).
P1: N=1, mean=0 (+/-0).
P2: N=0, mean=0 (+/-0).
Game Durations: N=1, mean=38 (+/-0).
P1: N=1, mean=38 (+/-0).
P2: N=0, mean=0 (+/-0).
=====================================================
=====================================================
Completed 2 games.

Agent 1 (SHUCTAnyTime)
Winning score (between 0 and 1) : N=2, mean=0.5 (+/-0.97998).
P1: N=1, mean=0 (+/-0).
P2: N=1, mean=1 (+/-0).
Game Durations: N=2, mean=31 (+/-13.71972).
P1: N=1, mean=24 (+/-0).
P2: N=1, mean=38 (+/-0).

Agent 2 (Example UCT)
Winning score (between 0 and 1) : N=2, mean=0.5 (+/-0.97998).
P1: N=1, mean=0 (+/-0).
P2: N=1, mean=1 (+/-0).
Game Durations: N=2, mean=31 (+/-13.71972).
P1: N=1, mean=38 (+/-0).
P2: N=1, mean=24 (+/-0).
=====================================================
=====================================================
Completed 3 games.

Agent 1 (SHUCTAnyTime)
Winning score (between 0 and 1) : N=3, mean=0.333333 (+/-0.65332).
P1: N=1, mean=0 (+/-0).
P2: N=2, mean=0.5 (+/-0.97998).
Game Durations: N=3, mean=40 (+/-19.336506).
P1: N=1, mean=24 (+/-0).
P2: N=2, mean=48 (+/-19.5996).

Agent 2 (Example UCT)
Winning score (between 0 and 1) : N=3, mean=0.666667 (+/-0.65332).
P1: N=2, mean=0.5 (+/-0.97998).
P2: N=1, mean=1 (+/-0).
Game Durations: N=3, mean=40 (+/-19.336506).
P1: N=2, mean=48 (+/-19.5996).
P2: N=1, mean=24 (+/-0).
=====================================================
=====================================================
Completed 4 games.

Agent 1 (SHUCTAnyTime)
Winning score (between 0 and 1) : N=4, mean=0.25 (+/-0.48999).
P1: N=2, mean=0 (+/-0).
P2: N=2, mean=0.5 (+/-0.97998).
Game Durations: N=4, mean=44.25 (+/-16.010506).
P1: N=2, mean=40.5 (+/-32.33934).
P2: N=2, mean=48 (+/-19.5996).

Agent 2 (Example UCT)
Winning score (between 0 and 1) : N=4, mean=0.75 (+/-0.48999).
P1: N=2, mean=0.5 (+/-0.97998).
P2: N=2, mean=1 (+/-0).
Game Durations: N=4, mean=44.25 (+/-16.010506).
P1: N=2, mean=48 (+/-19.5996).
P2: N=2, mean=40.5 (+/-32.33934).
=====================================================
=====================================================
Completed 5 games.

Agent 1 (SHUCTAnyTime)
Winning score (between 0 and 1) : N=5, mean=0.2 (+/-0.391992).
P1: N=2, mean=0 (+/-0).
P2: N=3, mean=0.333333 (+/-0.65332).
Game Durations: N=5, mean=38.8 (+/-16.36772).
P1: N=2, mean=40.5 (+/-32.33934).
P2: N=3, mean=37.666667 (+/-23.19976).

Agent 2 (Example UCT)
Winning score (between 0 and 1) : N=5, mean=0.8 (+/-0.391992).
P1: N=3, mean=0.666667 (+/-0.65332).
P2: N=2, mean=1 (+/-0).
Game Durations: N=5, mean=38.8 (+/-16.36772).
P1: N=3, mean=37.666667 (+/-23.19976).
P2: N=2, mean=40.5 (+/-32.33934).
=====================================================
=====================================================
Completed 10 games.

Agent 1 (SHUCTAnyTime)
Winning score (between 0 and 1) : N=10, mean=0.4 (+/-0.32006).
P1: N=5, mean=0.4 (+/-0.48009).
P2: N=5, mean=0.4 (+/-0.48009).
Game Durations: N=10, mean=36.6 (+/-9.84846).
P1: N=5, mean=38.4 (+/-15.340365).
P2: N=5, mean=34.8 (+/-13.96119).

Agent 2 (Example UCT)
Winning score (between 0 and 1) : N=10, mean=0.6 (+/-0.32006).
P1: N=5, mean=0.6 (+/-0.48009).
P2: N=5, mean=0.6 (+/-0.48009).
Game Durations: N=10, mean=36.6 (+/-9.84846).
P1: N=5, mean=34.8 (+/-13.96119).
P2: N=5, mean=38.4 (+/-15.340365).
=====================================================
=====================================================
Completed 20 games.

Agent 1 (SHUCTAnyTime)
Winning score (between 0 and 1) : N=20, mean=0.55 (+/-0.223696).
P1: N=10, mean=0.6 (+/-0.32006).
P2: N=10, mean=0.5 (+/-0.32666).
Game Durations: N=20, mean=34.7 (+/-7.043954).
P1: N=10, mean=31 (+/-9.838921).
P2: N=10, mean=38.4 (+/-10.050092).

Agent 2 (Example UCT)
Winning score (between 0 and 1) : N=20, mean=0.45 (+/-0.223696).
P1: N=10, mean=0.5 (+/-0.32666).
P2: N=10, mean=0.4 (+/-0.32006).
Game Durations: N=20, mean=34.7 (+/-7.043954).
P1: N=10, mean=38.4 (+/-10.050092).
P2: N=10, mean=31 (+/-9.838921).
=====================================================
=====================================================
Completed 30 games.

Agent 1 (SHUCTAnyTime)
Winning score (between 0 and 1) : N=30, mean=0.533333 (+/-0.181573).
P1: N=15, mean=0.666667 (+/-0.246932).
P2: N=15, mean=0.4 (+/-0.256619).
Game Durations: N=30, mean=31.166667 (+/-5.836982).
P1: N=15, mean=31 (+/-8.387687).
P2: N=15, mean=31.333333 (+/-8.413092).

Agent 2 (Example UCT)
Winning score (between 0 and 1) : N=30, mean=0.466667 (+/-0.181573).
P1: N=15, mean=0.6 (+/-0.256619).
P2: N=15, mean=0.333333 (+/-0.246932).
Game Durations: N=30, mean=31.166667 (+/-5.836982).
P1: N=15, mean=31.333333 (+/-8.413092).
P2: N=15, mean=31 (+/-8.387687).
=====================================================
=====================================================
Completed 40 games.

Agent 1 (SHUCTAnyTime)
Winning score (between 0 and 1) : N=40, mean=0.5 (+/-0.156922).
P1: N=20, mean=0.65 (+/-0.214467).
P2: N=20, mean=0.35 (+/-0.214467).
Game Durations: N=40, mean=31.2 (+/-4.981242).
P1: N=20, mean=31.25 (+/-7.180089).
P2: N=20, mean=31.15 (+/-7.092831).

Agent 2 (Example UCT)
Winning score (between 0 and 1) : N=40, mean=0.5 (+/-0.156922).
P1: N=20, mean=0.65 (+/-0.214467).
P2: N=20, mean=0.35 (+/-0.214467).
Game Durations: N=40, mean=31.2 (+/-4.981242).
P1: N=20, mean=31.15 (+/-7.092831).
P2: N=20, mean=31.25 (+/-7.180089).
=====================================================
=====================================================
Completed 50 games.

Agent 1 (SHUCTAnyTime)
Winning score (between 0 and 1) : N=50, mean=0.56 (+/-0.138986).
P1: N=25, mean=0.72 (+/-0.179633).
P2: N=25, mean=0.4 (+/-0.195996).
Game Durations: N=50, mean=30.2 (+/-4.364679).
P1: N=25, mean=30.12 (+/-6.476099).
P2: N=25, mean=30.28 (+/-5.987263).

Agent 2 (Example UCT)
Winning score (between 0 and 1) : N=50, mean=0.44 (+/-0.138986).
P1: N=25, mean=0.6 (+/-0.195996).
P2: N=25, mean=0.28 (+/-0.179633).
Game Durations: N=50, mean=30.2 (+/-4.364679).
P1: N=25, mean=30.28 (+/-5.987263).
P2: N=25, mean=30.12 (+/-6.476099).
=====================================================
=====================================================
Completed 60 games.

Agent 1 (SHUCTAnyTime)
Winning score (between 0 and 1) : N=60, mean=0.533333 (+/-0.127299).
P1: N=30, mean=0.666667 (+/-0.17157).
P2: N=30, mean=0.4 (+/-0.178301).
Game Durations: N=60, mean=30.35 (+/-3.990928).
P1: N=30, mean=30.533333 (+/-5.854091).
P2: N=30, mean=30.166667 (+/-5.525321).

Agent 2 (Example UCT)
Winning score (between 0 and 1) : N=60, mean=0.466667 (+/-0.127299).
P1: N=30, mean=0.6 (+/-0.178301).
P2: N=30, mean=0.333333 (+/-0.17157).
Game Durations: N=60, mean=30.35 (+/-3.990928).
P1: N=30, mean=30.166667 (+/-5.525321).
P2: N=30, mean=30.533333 (+/-5.854091).
=====================================================
=====================================================
Completed 70 games.

Agent 1 (SHUCTAnyTime)
Winning score (between 0 and 1) : N=70, mean=0.514286 (+/-0.117928).
P1: N=35, mean=0.628571 (+/-0.162414).
P2: N=35, mean=0.4 (+/-0.16467).
Game Durations: N=70, mean=29.957143 (+/-3.645853).
P1: N=35, mean=29.142857 (+/-5.301395).
P2: N=35, mean=30.771429 (+/-5.069148).

Agent 2 (Example UCT)
Winning score (between 0 and 1) : N=70, mean=0.485714 (+/-0.117928).
P1: N=35, mean=0.6 (+/-0.16467).
P2: N=35, mean=0.371429 (+/-0.162414).
Game Durations: N=70, mean=29.957143 (+/-3.645853).
P1: N=35, mean=30.771429 (+/-5.069148).
P2: N=35, mean=29.142857 (+/-5.301395).
=====================================================
=====================================================
Completed 80 games.

Agent 1 (SHUCTAnyTime)
Winning score (between 0 and 1) : N=80, mean=0.5 (+/-0.110256).
P1: N=40, mean=0.625 (+/-0.151939).
P2: N=40, mean=0.375 (+/-0.151939).
Game Durations: N=80, mean=29.4375 (+/-3.380368).
P1: N=40, mean=29.15 (+/-4.991785).
P2: N=40, mean=29.725 (+/-4.621617).

Agent 2 (Example UCT)
Winning score (between 0 and 1) : N=80, mean=0.5 (+/-0.110256).
P1: N=40, mean=0.625 (+/-0.151939).
P2: N=40, mean=0.375 (+/-0.151939).
Game Durations: N=80, mean=29.4375 (+/-3.380368).
P1: N=40, mean=29.725 (+/-4.621617).
P2: N=40, mean=29.15 (+/-4.991785).
=====================================================
=====================================================
Completed 90 games.

Agent 1 (SHUCTAnyTime)
Winning score (between 0 and 1) : N=90, mean=0.511111 (+/-0.103852).
P1: N=45, mean=0.622222 (+/-0.143256).
P2: N=45, mean=0.4 (+/-0.144753).
Game Durations: N=90, mean=29.666667 (+/-3.154721).
P1: N=45, mean=28.733333 (+/-4.479543).
P2: N=45, mean=30.6 (+/-4.476943).

Agent 2 (Example UCT)
Winning score (between 0 and 1) : N=90, mean=0.488889 (+/-0.103852).
P1: N=45, mean=0.6 (+/-0.144753).
P2: N=45, mean=0.377778 (+/-0.143256).
Game Durations: N=90, mean=29.666667 (+/-3.154721).
P1: N=45, mean=30.6 (+/-4.476943).
P2: N=45, mean=28.733333 (+/-4.479543).
=====================================================
=====================================================
Completed 100 games.

Agent 1 (SHUCTAnyTime)
Winning score (between 0 and 1) : N=100, mean=0.52 (+/-0.098413).
P1: N=50, mean=0.64 (+/-0.134397).
P2: N=50, mean=0.4 (+/-0.137169).
Game Durations: N=100, mean=30.91 (+/-3.074342).
P1: N=50, mean=30.34 (+/-4.37602).
P2: N=50, mean=31.48 (+/-4.357935).

Agent 2 (Example UCT)
Winning score (between 0 and 1) : N=100, mean=0.48 (+/-0.098413).
P1: N=50, mean=0.6 (+/-0.137169).
P2: N=50, mean=0.36 (+/-0.134397).
Game Durations: N=100, mean=30.91 (+/-3.074342).
P1: N=50, mean=31.48 (+/-4.357935).
P2: N=50, mean=30.34 (+/-4.37602).
=====================================================
=====================================================
Completed 110 games.

Agent 1 (SHUCTAnyTime)
Winning score (between 0 and 1) : N=110, mean=0.518182 (+/-0.093803).
P1: N=55, mean=0.636364 (+/-0.128303).
P2: N=55, mean=0.4 (+/-0.130664).
Game Durations: N=110, mean=30.809091 (+/-2.951767).
P1: N=55, mean=29.872727 (+/-4.223921).
P2: N=55, mean=31.745455 (+/-4.148272).

Agent 2 (Example UCT)
Winning score (between 0 and 1) : N=110, mean=0.481818 (+/-0.093803).
P1: N=55, mean=0.6 (+/-0.130664).
P2: N=55, mean=0.363636 (+/-0.128303).
Game Durations: N=110, mean=30.809091 (+/-2.951767).
P1: N=55, mean=31.745455 (+/-4.148272).
P2: N=55, mean=29.872727 (+/-4.223921).
=====================================================
=====================================================
Completed 120 games.

Agent 1 (SHUCTAnyTime)
Winning score (between 0 and 1) : N=120, mean=0.5 (+/-0.089835).
P1: N=60, mean=0.633333 (+/-0.122963).
P2: N=60, mean=0.366667 (+/-0.122963).
Game Durations: N=120, mean=30.816667 (+/-2.880969).
P1: N=60, mean=30.883333 (+/-4.233252).
P2: N=60, mean=30.75 (+/-3.944653).

Agent 2 (Example UCT)
Winning score (between 0 and 1) : N=120, mean=0.5 (+/-0.089835).
P1: N=60, mean=0.633333 (+/-0.122963).
P2: N=60, mean=0.366667 (+/-0.122963).
Game Durations: N=120, mean=30.816667 (+/-2.880969).
P1: N=60, mean=30.75 (+/-3.944653).
P2: N=60, mean=30.883333 (+/-4.233252).
=====================================================
=====================================================
Completed 130 games.

Agent 1 (SHUCTAnyTime)
Winning score (between 0 and 1) : N=130, mean=0.488462 (+/-0.085927).
P1: N=65, mean=0.623077 (+/-0.117752).
P2: N=65, mean=0.353846 (+/-0.117147).
Game Durations: N=130, mean=30.769231 (+/-2.797511).
P1: N=65, mean=30.8 (+/-4.097568).
P2: N=65, mean=30.738462 (+/-3.841702).

Agent 2 (Example UCT)
Winning score (between 0 and 1) : N=130, mean=0.511538 (+/-0.085927).
P1: N=65, mean=0.646154 (+/-0.117147).
P2: N=65, mean=0.376923 (+/-0.117752).
Game Durations: N=130, mean=30.769231 (+/-2.797511).
P1: N=65, mean=30.738462 (+/-3.841702).
P2: N=65, mean=30.8 (+/-4.097568).
=====================================================
=====================================================
Completed 140 games.

Agent 1 (SHUCTAnyTime)
Winning score (between 0 and 1) : N=140, mean=0.485714 (+/-0.082491).
P1: N=70, mean=0.628571 (+/-0.112251).
P2: N=70, mean=0.342857 (+/-0.111998).
Game Durations: N=140, mean=31.071429 (+/-2.711075).
P1: N=70, mean=31.228571 (+/-3.998101).
P2: N=70, mean=30.914286 (+/-3.69123).

Agent 2 (Example UCT)
Winning score (between 0 and 1) : N=140, mean=0.514286 (+/-0.082491).
P1: N=70, mean=0.657143 (+/-0.111998).
P2: N=70, mean=0.371429 (+/-0.112251).
Game Durations: N=140, mean=31.071429 (+/-2.711075).
P1: N=70, mean=30.914286 (+/-3.69123).
P2: N=70, mean=31.228571 (+/-3.998101).
=====================================================
=====================================================
Completed 150 games.

Agent 1 (SHUCTAnyTime)
Winning score (between 0 and 1) : N=150, mean=0.486667 (+/-0.079717).
P1: N=75, mean=0.626667 (+/-0.108623).
P2: N=75, mean=0.346667 (+/-0.108431).
Game Durations: N=150, mean=30.96 (+/-2.624517).
P1: N=75, mean=31.36 (+/-3.845879).
P2: N=75, mean=30.56 (+/-3.595986).

Agent 2 (Example UCT)
Winning score (between 0 and 1) : N=150, mean=0.513333 (+/-0.079717).
P1: N=75, mean=0.653333 (+/-0.108431).
P2: N=75, mean=0.373333 (+/-0.108623).
Game Durations: N=150, mean=30.96 (+/-2.624517).
P1: N=75, mean=30.56 (+/-3.595986).
P2: N=75, mean=31.36 (+/-3.845879).
=====================================================
