Warming up...
Finished warming up!
=====================================================
Completed 1 games.

Agent 1 (SHUCTAnyTime)
Winning score (between 0 and 1) : N=1, mean=1 (+/-0).
P1: N=1, mean=1 (+/-0).
P2: N=0, mean=0 (+/-0).
Game Durations: N=1, mean=35 (+/-0).
P1: N=1, mean=35 (+/-0).
P2: N=0, mean=0 (+/-0).

Agent 2 (Example UCT)
Winning score (between 0 and 1) : N=1, mean=0 (+/-0).
P1: N=0, mean=0 (+/-0).
P2: N=1, mean=0 (+/-0).
Game Durations: N=1, mean=35 (+/-0).
P1: N=0, mean=0 (+/-0).
P2: N=1, mean=35 (+/-0).
=====================================================
=====================================================
Completed 2 games.

Agent 1 (SHUCTAnyTime)
Winning score (between 0 and 1) : N=2, mean=0.5 (+/-0.97998).
P1: N=1, mean=1 (+/-0).
P2: N=1, mean=0 (+/-0).
Game Durations: N=2, mean=23 (+/-23.51952).
P1: N=1, mean=35 (+/-0).
P2: N=1, mean=11 (+/-0).

Agent 2 (Example UCT)
Winning score (between 0 and 1) : N=2, mean=0.5 (+/-0.97998).
P1: N=1, mean=1 (+/-0).
P2: N=1, mean=0 (+/-0).
Game Durations: N=2, mean=23 (+/-23.51952).
P1: N=1, mean=11 (+/-0).
P2: N=1, mean=35 (+/-0).
=====================================================
=====================================================
Completed 3 games.

Agent 1 (SHUCTAnyTime)
Winning score (between 0 and 1) : N=3, mean=0.666667 (+/-0.65332).
P1: N=2, mean=1 (+/-0).
P2: N=1, mean=0 (+/-0).
Game Durations: N=3, mean=17.666667 (+/-17.136423).
P1: N=2, mean=21 (+/-27.43944).
P2: N=1, mean=11 (+/-0).

Agent 2 (Example UCT)
Winning score (between 0 and 1) : N=3, mean=0.333333 (+/-0.65332).
P1: N=1, mean=1 (+/-0).
P2: N=2, mean=0 (+/-0).
Game Durations: N=3, mean=17.666667 (+/-17.136423).
P1: N=1, mean=11 (+/-0).
P2: N=2, mean=21 (+/-27.43944).
=====================================================
=====================================================
Completed 4 games.

Agent 1 (SHUCTAnyTime)
Winning score (between 0 and 1) : N=4, mean=0.5 (+/-0.565792).
P1: N=2, mean=1 (+/-0).
P2: N=2, mean=0 (+/-0).
Game Durations: N=4, mean=16 (+/-12.549867).
P1: N=2, mean=21 (+/-27.43944).
P2: N=2, mean=11 (+/-0).

Agent 2 (Example UCT)
Winning score (between 0 and 1) : N=4, mean=0.5 (+/-0.565792).
P1: N=2, mean=1 (+/-0).
P2: N=2, mean=0 (+/-0).
Game Durations: N=4, mean=16 (+/-12.549867).
P1: N=2, mean=11 (+/-0).
P2: N=2, mean=21 (+/-27.43944).
=====================================================
=====================================================
Completed 5 games.

Agent 1 (SHUCTAnyTime)
Winning score (between 0 and 1) : N=5, mean=0.6 (+/-0.48009).
P1: N=3, mean=1 (+/-0).
P2: N=2, mean=0 (+/-0).
Game Durations: N=5, mean=19.8 (+/-12.246222).
P1: N=3, mean=25.666667 (+/-18.29296).
P2: N=2, mean=11 (+/-0).

Agent 2 (Example UCT)
Winning score (between 0 and 1) : N=5, mean=0.4 (+/-0.48009).
P1: N=2, mean=1 (+/-0).
P2: N=3, mean=0 (+/-0).
Game Durations: N=5, mean=19.8 (+/-12.246222).
P1: N=2, mean=11 (+/-0).
P2: N=3, mean=25.666667 (+/-18.29296).
=====================================================
=====================================================
Completed 10 games.

Agent 1 (SHUCTAnyTime)
Winning score (between 0 and 1) : N=10, mean=0.4 (+/-0.32006).
P1: N=5, mean=0.8 (+/-0.391992).
P2: N=5, mean=0 (+/-0).
Game Durations: N=10, mean=21.3 (+/-7.036775).
P1: N=5, mean=22.4 (+/-10.799362).
P2: N=5, mean=20.2 (+/-10.191792).

Agent 2 (Example UCT)
Winning score (between 0 and 1) : N=10, mean=0.6 (+/-0.32006).
P1: N=5, mean=1 (+/-0).
P2: N=5, mean=0.2 (+/-0.391992).
Game Durations: N=10, mean=21.3 (+/-7.036775).
P1: N=5, mean=20.2 (+/-10.191792).
P2: N=5, mean=22.4 (+/-10.799362).
=====================================================
=====================================================
Completed 20 games.

Agent 1 (SHUCTAnyTime)
Winning score (between 0 and 1) : N=20, mean=0.35 (+/-0.214467).
P1: N=10, mean=0.5 (+/-0.32666).
P2: N=10, mean=0.2 (+/-0.261328).
Game Durations: N=20, mean=19.75 (+/-4.74131).
P1: N=10, mean=17.7 (+/-6.044887).
P2: N=10, mean=21.8 (+/-7.401859).

Agent 2 (Example UCT)
Winning score (between 0 and 1) : N=20, mean=0.65 (+/-0.214467).
P1: N=10, mean=0.8 (+/-0.261328).
P2: N=10, mean=0.5 (+/-0.32666).
Game Durations: N=20, mean=19.75 (+/-4.74131).
P1: N=10, mean=21.8 (+/-7.401859).
P2: N=10, mean=17.7 (+/-6.044887).
=====================================================
=====================================================
Completed 30 games.

Agent 1 (SHUCTAnyTime)
Winning score (between 0 and 1) : N=30, mean=0.4 (+/-0.178301).
P1: N=15, mean=0.533333 (+/-0.261328).
P2: N=15, mean=0.266667 (+/-0.231643).
Game Durations: N=30, mean=18.5 (+/-3.447345).
P1: N=15, mean=17.333333 (+/-4.561224).
P2: N=15, mean=19.666667 (+/-5.261443).

Agent 2 (Example UCT)
Winning score (between 0 and 1) : N=30, mean=0.6 (+/-0.178301).
P1: N=15, mean=0.733333 (+/-0.231643).
P2: N=15, mean=0.466667 (+/-0.261328).
Game Durations: N=30, mean=18.5 (+/-3.447345).
P1: N=15, mean=19.666667 (+/-5.261443).
P2: N=15, mean=17.333333 (+/-4.561224).
=====================================================
=====================================================
Completed 40 games.

Agent 1 (SHUCTAnyTime)
Winning score (between 0 and 1) : N=40, mean=0.425 (+/-0.155147).
P1: N=20, mean=0.55 (+/-0.223696).
P2: N=20, mean=0.3 (+/-0.206054).
Game Durations: N=40, mean=17.325 (+/-2.739082).
P1: N=20, mean=16.45 (+/-3.521834).
P2: N=20, mean=18.2 (+/-4.252897).

Agent 2 (Example UCT)
Winning score (between 0 and 1) : N=40, mean=0.575 (+/-0.155147).
P1: N=20, mean=0.7 (+/-0.206054).
P2: N=20, mean=0.45 (+/-0.223696).
Game Durations: N=40, mean=17.325 (+/-2.739082).
P1: N=20, mean=18.2 (+/-4.252897).
P2: N=20, mean=16.45 (+/-3.521834).
=====================================================
=====================================================
Completed 50 games.

Agent 1 (SHUCTAnyTime)
Winning score (between 0 and 1) : N=50, mean=0.44 (+/-0.138986).
P1: N=25, mean=0.64 (+/-0.192036).
P2: N=25, mean=0.24 (+/-0.170865).
Game Durations: N=50, mean=18.02 (+/-2.374173).
P1: N=25, mean=17.92 (+/-3.3183).
P2: N=25, mean=18.12 (+/-3.46442).

Agent 2 (Example UCT)
Winning score (between 0 and 1) : N=50, mean=0.56 (+/-0.138986).
P1: N=25, mean=0.76 (+/-0.170865).
P2: N=25, mean=0.36 (+/-0.192036).
Game Durations: N=50, mean=18.02 (+/-2.374173).
P1: N=25, mean=18.12 (+/-3.46442).
P2: N=25, mean=17.92 (+/-3.3183).
=====================================================
=====================================================
Completed 60 games.

Agent 1 (SHUCTAnyTime)
Winning score (between 0 and 1) : N=60, mean=0.45 (+/-0.126943).
P1: N=30, mean=0.7 (+/-0.166785).
P2: N=30, mean=0.2 (+/-0.145582).
Game Durations: N=60, mean=17.783333 (+/-2.096442).
P1: N=30, mean=17.833333 (+/-2.998432).
P2: N=30, mean=17.733333 (+/-2.981968).

Agent 2 (Example UCT)
Winning score (between 0 and 1) : N=60, mean=0.55 (+/-0.126943).
P1: N=30, mean=0.8 (+/-0.145582).
P2: N=30, mean=0.3 (+/-0.166785).
Game Durations: N=60, mean=17.783333 (+/-2.096442).
P1: N=30, mean=17.733333 (+/-2.981968).
P2: N=30, mean=17.833333 (+/-2.998432).
=====================================================
=====================================================
Completed 70 games.

Agent 1 (SHUCTAnyTime)
Winning score (between 0 and 1) : N=70, mean=0.442857 (+/-0.117203).
P1: N=35, mean=0.685714 (+/-0.156042).
P2: N=35, mean=0.2 (+/-0.134452).
Game Durations: N=70, mean=17.885714 (+/-1.945519).
P1: N=35, mean=17.6 (+/-2.607619).
P2: N=35, mean=18.171429 (+/-2.923132).

Agent 2 (Example UCT)
Winning score (between 0 and 1) : N=70, mean=0.557143 (+/-0.117203).
P1: N=35, mean=0.8 (+/-0.134452).
P2: N=35, mean=0.314286 (+/-0.156042).
Game Durations: N=70, mean=17.885714 (+/-1.945519).
P1: N=35, mean=18.171429 (+/-2.923132).
P2: N=35, mean=17.6 (+/-2.607619).
=====================================================
=====================================================
Completed 80 games.

Agent 1 (SHUCTAnyTime)
Winning score (between 0 and 1) : N=80, mean=0.425 (+/-0.109009).
P1: N=40, mean=0.65 (+/-0.149694).
P2: N=40, mean=0.2 (+/-0.125538).
Game Durations: N=80, mean=17.975 (+/-1.845263).
P1: N=40, mean=17.85 (+/-2.590455).
P2: N=40, mean=18.1 (+/-2.661026).

Agent 2 (Example UCT)
Winning score (between 0 and 1) : N=80, mean=0.575 (+/-0.109009).
P1: N=40, mean=0.8 (+/-0.125538).
P2: N=40, mean=0.35 (+/-0.149694).
Game Durations: N=80, mean=17.975 (+/-1.845263).
P1: N=40, mean=18.1 (+/-2.661026).
P2: N=40, mean=17.85 (+/-2.590455).
=====================================================
=====================================================
Completed 90 games.

Agent 1 (SHUCTAnyTime)
Winning score (between 0 and 1) : N=90, mean=0.422222 (+/-0.102613).
P1: N=45, mean=0.644444 (+/-0.141438).
P2: N=45, mean=0.2 (+/-0.11819).
Game Durations: N=90, mean=18.233333 (+/-1.706477).
P1: N=45, mean=18.244444 (+/-2.4279).
P2: N=45, mean=18.222222 (+/-2.426088).

Agent 2 (Example UCT)
Winning score (between 0 and 1) : N=90, mean=0.577778 (+/-0.102613).
P1: N=45, mean=0.8 (+/-0.11819).
P2: N=45, mean=0.355556 (+/-0.141438).
Game Durations: N=90, mean=18.233333 (+/-1.706477).
P1: N=45, mean=18.222222 (+/-2.426088).
P2: N=45, mean=18.244444 (+/-2.4279).
=====================================================
=====================================================
Completed 100 games.

Agent 1 (SHUCTAnyTime)
Winning score (between 0 and 1) : N=100, mean=0.44 (+/-0.09778).
P1: N=50, mean=0.66 (+/-0.132636).
P2: N=50, mean=0.22 (+/-0.115987).
Game Durations: N=100, mean=18.58 (+/-1.66289).
P1: N=50, mean=18.3 (+/-2.217618).
P2: N=50, mean=18.86 (+/-2.49871).

Agent 2 (Example UCT)
Winning score (between 0 and 1) : N=100, mean=0.56 (+/-0.09778).
P1: N=50, mean=0.78 (+/-0.115987).
P2: N=50, mean=0.34 (+/-0.132636).
Game Durations: N=100, mean=18.58 (+/-1.66289).
P1: N=50, mean=18.86 (+/-2.49871).
P2: N=50, mean=18.3 (+/-2.217618).
=====================================================
=====================================================
Completed 110 games.

Agent 1 (SHUCTAnyTime)
Winning score (between 0 and 1) : N=110, mean=0.445455 (+/-0.093305).
P1: N=55, mean=0.654545 (+/-0.126828).
P2: N=55, mean=0.236364 (+/-0.113314).
Game Durations: N=110, mean=18.509091 (+/-1.555237).
P1: N=55, mean=18.181818 (+/-2.052847).
P2: N=55, mean=18.836364 (+/-2.352702).

Agent 2 (Example UCT)
Winning score (between 0 and 1) : N=110, mean=0.554545 (+/-0.093305).
P1: N=55, mean=0.763636 (+/-0.113314).
P2: N=55, mean=0.345455 (+/-0.126828).
Game Durations: N=110, mean=18.509091 (+/-1.555237).
P1: N=55, mean=18.836364 (+/-2.352702).
P2: N=55, mean=18.181818 (+/-2.052847).
=====================================================
=====================================================
Completed 120 games.

Agent 1 (SHUCTAnyTime)
Winning score (between 0 and 1) : N=120, mean=0.416667 (+/-0.088578).
P1: N=60, mean=0.616667 (+/-0.124061).
P2: N=60, mean=0.216667 (+/-0.105121).
Game Durations: N=120, mean=18.566667 (+/-1.442349).
P1: N=60, mean=18.183333 (+/-1.900076).
P2: N=60, mean=18.95 (+/-2.182333).

Agent 2 (Example UCT)
Winning score (between 0 and 1) : N=120, mean=0.583333 (+/-0.088578).
P1: N=60, mean=0.783333 (+/-0.105121).
P2: N=60, mean=0.383333 (+/-0.124061).
Game Durations: N=120, mean=18.566667 (+/-1.442349).
P1: N=60, mean=18.95 (+/-2.182333).
P2: N=60, mean=18.183333 (+/-1.900076).
=====================================================
=====================================================
Completed 130 games.

Agent 1 (SHUCTAnyTime)
Winning score (between 0 and 1) : N=130, mean=0.438462 (+/-0.085626).
P1: N=65, mean=0.630769 (+/-0.118234).
P2: N=65, mean=0.246154 (+/-0.105536).
Game Durations: N=130, mean=18.538462 (+/-1.408144).
P1: N=65, mean=18.446154 (+/-1.937228).
P2: N=65, mean=18.630769 (+/-2.059021).

Agent 2 (Example UCT)
Winning score (between 0 and 1) : N=130, mean=0.561538 (+/-0.085626).
P1: N=65, mean=0.753846 (+/-0.105536).
P2: N=65, mean=0.369231 (+/-0.118234).
Game Durations: N=130, mean=18.538462 (+/-1.408144).
P1: N=65, mean=18.630769 (+/-2.059021).
P2: N=65, mean=18.446154 (+/-1.937228).
=====================================================
=====================================================
Completed 140 games.

Agent 1 (SHUCTAnyTime)
Winning score (between 0 and 1) : N=140, mean=0.435714 (+/-0.082431).
P1: N=70, mean=0.642857 (+/-0.113058).
P2: N=70, mean=0.228571 (+/-0.099079).
Game Durations: N=140, mean=18.492857 (+/-1.354129).
P1: N=70, mean=18.414286 (+/-1.902926).
P2: N=70, mean=18.571429 (+/-1.940619).

Agent 2 (Example UCT)
Winning score (between 0 and 1) : N=140, mean=0.564286 (+/-0.082431).
P1: N=70, mean=0.771429 (+/-0.099079).
P2: N=70, mean=0.357143 (+/-0.113058).
Game Durations: N=140, mean=18.492857 (+/-1.354129).
P1: N=70, mean=18.571429 (+/-1.940619).
P2: N=70, mean=18.414286 (+/-1.902926).
=====================================================
=====================================================
Completed 150 games.

Agent 1 (SHUCTAnyTime)
Winning score (between 0 and 1) : N=150, mean=0.44 (+/-0.079703).
P1: N=75, mean=0.64 (+/-0.109364).
P2: N=75, mean=0.24 (+/-0.097307).
Game Durations: N=150, mean=18.473333 (+/-1.287429).
P1: N=75, mean=18.4 (+/-1.799028).
P2: N=75, mean=18.546667 (+/-1.854085).

Agent 2 (Example UCT)
Winning score (between 0 and 1) : N=150, mean=0.56 (+/-0.079703).
P1: N=75, mean=0.76 (+/-0.097307).
P2: N=75, mean=0.36 (+/-0.109364).
Game Durations: N=150, mean=18.473333 (+/-1.287429).
P1: N=75, mean=18.546667 (+/-1.854085).
P2: N=75, mean=18.4 (+/-1.799028).
=====================================================
