Warming up...
Finished warming up!
=====================================================
Completed 1 games.

Agent 1 (UCT)
Winning score (between 0 and 1) : N=1, mean=0 (+/-0).
P1: N=0, mean=0 (+/-0).
P2: N=1, mean=0 (+/-0).
Game Durations: N=1, mean=73 (+/-0).
P1: N=0, mean=0 (+/-0).
P2: N=1, mean=73 (+/-0).

Agent 2 (SHUCT)
Winning score (between 0 and 1) : N=1, mean=1 (+/-0).
P1: N=1, mean=1 (+/-0).
P2: N=0, mean=0 (+/-0).
Game Durations: N=1, mean=73 (+/-0).
P1: N=1, mean=73 (+/-0).
P2: N=0, mean=0 (+/-0).
=====================================================
=====================================================
Completed 2 games.

Agent 1 (UCT)
Winning score (between 0 and 1) : N=2, mean=0.5 (+/-0.97998).
P1: N=1, mean=1 (+/-0).
P2: N=1, mean=0 (+/-0).
Game Durations: N=2, mean=57 (+/-31.35936).
P1: N=1, mean=41 (+/-0).
P2: N=1, mean=73 (+/-0).

Agent 2 (SHUCT)
Winning score (between 0 and 1) : N=2, mean=0.5 (+/-0.97998).
P1: N=1, mean=1 (+/-0).
P2: N=1, mean=0 (+/-0).
Game Durations: N=2, mean=57 (+/-31.35936).
P1: N=1, mean=73 (+/-0).
P2: N=1, mean=41 (+/-0).
=====================================================
=====================================================
Completed 3 games.

Agent 1 (UCT)
Winning score (between 0 and 1) : N=3, mean=0.333333 (+/-0.65332).
P1: N=1, mean=1 (+/-0).
P2: N=2, mean=0 (+/-0).
Game Durations: N=3, mean=49 (+/-23.951107).
P1: N=1, mean=41 (+/-0).
P2: N=2, mean=53 (+/-39.1992).

Agent 2 (SHUCT)
Winning score (between 0 and 1) : N=3, mean=0.666667 (+/-0.65332).
P1: N=2, mean=1 (+/-0).
P2: N=1, mean=0 (+/-0).
Game Durations: N=3, mean=49 (+/-23.951107).
P1: N=2, mean=53 (+/-39.1992).
P2: N=1, mean=41 (+/-0).
=====================================================
=====================================================
Completed 4 games.

Agent 1 (UCT)
Winning score (between 0 and 1) : N=4, mean=0.5 (+/-0.565792).
P1: N=2, mean=1 (+/-0).
P2: N=2, mean=0 (+/-0).
Game Durations: N=4, mean=55.5 (+/-21.192658).
P1: N=2, mean=58 (+/-33.31932).
P2: N=2, mean=53 (+/-39.1992).

Agent 2 (SHUCT)
Winning score (between 0 and 1) : N=4, mean=0.5 (+/-0.565792).
P1: N=2, mean=1 (+/-0).
P2: N=2, mean=0 (+/-0).
Game Durations: N=4, mean=55.5 (+/-21.192658).
P1: N=2, mean=53 (+/-39.1992).
P2: N=2, mean=58 (+/-33.31932).
=====================================================
=====================================================
Completed 5 games.

Agent 1 (UCT)
Winning score (between 0 and 1) : N=5, mean=0.6 (+/-0.48009).
P1: N=2, mean=1 (+/-0).
P2: N=3, mean=0.333333 (+/-0.65332).
Game Durations: N=5, mean=59.2 (+/-17.946214).
P1: N=2, mean=58 (+/-33.31932).
P2: N=3, mean=60 (+/-26.465509).

Agent 2 (SHUCT)
Winning score (between 0 and 1) : N=5, mean=0.4 (+/-0.48009).
P1: N=3, mean=0.666667 (+/-0.65332).
P2: N=2, mean=0 (+/-0).
Game Durations: N=5, mean=59.2 (+/-17.946214).
P1: N=3, mean=60 (+/-26.465509).
P2: N=2, mean=58 (+/-33.31932).
=====================================================
=====================================================
Completed 10 games.

Agent 1 (UCT)
Winning score (between 0 and 1) : N=10, mean=0.5 (+/-0.32666).
P1: N=5, mean=0.6 (+/-0.48009).
P2: N=5, mean=0.4 (+/-0.48009).
Game Durations: N=10, mean=56 (+/-10.506068).
P1: N=5, mean=51.8 (+/-14.763587).
P2: N=5, mean=60.2 (+/-15.647798).

Agent 2 (SHUCT)
Winning score (between 0 and 1) : N=10, mean=0.5 (+/-0.32666).
P1: N=5, mean=0.6 (+/-0.48009).
P2: N=5, mean=0.4 (+/-0.48009).
Game Durations: N=10, mean=56 (+/-10.506068).
P1: N=5, mean=60.2 (+/-15.647798).
P2: N=5, mean=51.8 (+/-14.763587).
=====================================================
=====================================================
Completed 20 games.

Agent 1 (UCT)
Winning score (between 0 and 1) : N=20, mean=0.45 (+/-0.223696).
P1: N=10, mean=0.4 (+/-0.32006).
P2: N=10, mean=0.5 (+/-0.32666).
Game Durations: N=20, mean=53.05 (+/-6.284552).
P1: N=10, mean=52 (+/-9.690302).
P2: N=10, mean=54.1 (+/-8.480335).

Agent 2 (SHUCT)
Winning score (between 0 and 1) : N=20, mean=0.55 (+/-0.223696).
P1: N=10, mean=0.5 (+/-0.32666).
P2: N=10, mean=0.6 (+/-0.32006).
Game Durations: N=20, mean=53.05 (+/-6.284552).
P1: N=10, mean=54.1 (+/-8.480335).
P2: N=10, mean=52 (+/-9.690302).
=====================================================
=====================================================
Completed 30 games.

Agent 1 (UCT)
Winning score (between 0 and 1) : N=30, mean=0.5 (+/-0.181978).
P1: N=15, mean=0.466667 (+/-0.261328).
P2: N=15, mean=0.533333 (+/-0.261328).
Game Durations: N=30, mean=56.333333 (+/-4.987945).
P1: N=15, mean=55.933333 (+/-8.10478).
P2: N=15, mean=56.733333 (+/-6.107157).

Agent 2 (SHUCT)
Winning score (between 0 and 1) : N=30, mean=0.5 (+/-0.181978).
P1: N=15, mean=0.466667 (+/-0.261328).
P2: N=15, mean=0.533333 (+/-0.261328).
Game Durations: N=30, mean=56.333333 (+/-4.987945).
P1: N=15, mean=56.733333 (+/-6.107157).
P2: N=15, mean=55.933333 (+/-8.10478).
=====================================================
=====================================================
Completed 40 games.

Agent 1 (UCT)
Winning score (between 0 and 1) : N=40, mean=0.45 (+/-0.156136).
P1: N=20, mean=0.35 (+/-0.214467).
P2: N=20, mean=0.55 (+/-0.223696).
Game Durations: N=40, mean=55.5 (+/-4.281998).
P1: N=20, mean=55.65 (+/-6.263283).
P2: N=20, mean=55.35 (+/-6.002854).

Agent 2 (SHUCT)
Winning score (between 0 and 1) : N=40, mean=0.55 (+/-0.156136).
P1: N=20, mean=0.45 (+/-0.223696).
P2: N=20, mean=0.65 (+/-0.214467).
Game Durations: N=40, mean=55.5 (+/-4.281998).
P1: N=20, mean=55.35 (+/-6.002854).
P2: N=20, mean=55.65 (+/-6.263283).
=====================================================
=====================================================
Completed 50 games.

Agent 1 (UCT)
Winning score (between 0 and 1) : N=50, mean=0.42 (+/-0.138194).
P1: N=25, mean=0.36 (+/-0.192036).
P2: N=25, mean=0.48 (+/-0.199877).
Game Durations: N=50, mean=54.64 (+/-3.633787).
P1: N=25, mean=55.72 (+/-5.037161).
P2: N=25, mean=53.56 (+/-5.307693).

Agent 2 (SHUCT)
Winning score (between 0 and 1) : N=50, mean=0.58 (+/-0.138194).
P1: N=25, mean=0.52 (+/-0.199877).
P2: N=25, mean=0.64 (+/-0.192036).
Game Durations: N=50, mean=54.64 (+/-3.633787).
P1: N=25, mean=53.56 (+/-5.307693).
P2: N=25, mean=55.72 (+/-5.037161).
=====================================================
=====================================================
Completed 60 games.

Agent 1 (UCT)
Winning score (between 0 and 1) : N=60, mean=0.45 (+/-0.126943).
P1: N=30, mean=0.366667 (+/-0.175388).
P2: N=30, mean=0.533333 (+/-0.181573).
Game Durations: N=60, mean=56.216667 (+/-3.730152).
P1: N=30, mean=57.5 (+/-4.87732).
P2: N=30, mean=54.933333 (+/-5.691324).

Agent 2 (SHUCT)
Winning score (between 0 and 1) : N=60, mean=0.55 (+/-0.126943).
P1: N=30, mean=0.466667 (+/-0.181573).
P2: N=30, mean=0.633333 (+/-0.175388).
Game Durations: N=60, mean=56.216667 (+/-3.730152).
P1: N=30, mean=54.933333 (+/-5.691324).
P2: N=30, mean=57.5 (+/-4.87732).
=====================================================
=====================================================
Completed 70 games.

Agent 1 (UCT)
Winning score (between 0 and 1) : N=70, mean=0.457143 (+/-0.117542).
P1: N=35, mean=0.371429 (+/-0.162414).
P2: N=35, mean=0.542857 (+/-0.167447).
Game Durations: N=70, mean=55.557143 (+/-3.306602).
P1: N=35, mean=56.771429 (+/-4.38782).
P2: N=35, mean=54.342857 (+/-4.979103).

Agent 2 (SHUCT)
Winning score (between 0 and 1) : N=70, mean=0.542857 (+/-0.117542).
P1: N=35, mean=0.457143 (+/-0.167447).
P2: N=35, mean=0.628571 (+/-0.162414).
Game Durations: N=70, mean=55.557143 (+/-3.306602).
P1: N=35, mean=54.342857 (+/-4.979103).
P2: N=35, mean=56.771429 (+/-4.38782).
=====================================================
=====================================================
Completed 80 games.

Agent 1 (UCT)
Winning score (between 0 and 1) : N=80, mean=0.4375 (+/-0.109392).
P1: N=40, mean=0.375 (+/-0.151939).
P2: N=40, mean=0.5 (+/-0.156922).
Game Durations: N=80, mean=55.6875 (+/-3.098497).
P1: N=40, mean=56.475 (+/-4.292329).
P2: N=40, mean=54.9 (+/-4.510966).

Agent 2 (SHUCT)
Winning score (between 0 and 1) : N=80, mean=0.5625 (+/-0.109392).
P1: N=40, mean=0.5 (+/-0.156922).
P2: N=40, mean=0.625 (+/-0.151939).
Game Durations: N=80, mean=55.6875 (+/-3.098497).
P1: N=40, mean=54.9 (+/-4.510966).
P2: N=40, mean=56.475 (+/-4.292329).
=====================================================
=====================================================
Completed 90 games.

Agent 1 (UCT)
Winning score (between 0 and 1) : N=90, mean=0.444444 (+/-0.103234).
P1: N=45, mean=0.377778 (+/-0.143256).
P2: N=45, mean=0.511111 (+/-0.147701).
Game Durations: N=90, mean=55.877778 (+/-2.881545).
P1: N=45, mean=55.977778 (+/-4.002443).
P2: N=45, mean=55.777778 (+/-4.191577).

Agent 2 (SHUCT)
Winning score (between 0 and 1) : N=90, mean=0.555556 (+/-0.103234).
P1: N=45, mean=0.488889 (+/-0.147701).
P2: N=45, mean=0.622222 (+/-0.143256).
Game Durations: N=90, mean=55.877778 (+/-2.881545).
P1: N=45, mean=55.777778 (+/-4.191577).
P2: N=45, mean=55.977778 (+/-4.002443).
=====================================================
=====================================================
Completed 100 games.

Agent 1 (UCT)
Winning score (between 0 and 1) : N=100, mean=0.44 (+/-0.09778).
P1: N=50, mean=0.4 (+/-0.137169).
P2: N=50, mean=0.48 (+/-0.139885).
Game Durations: N=100, mean=56.06 (+/-2.69152).
P1: N=50, mean=55.64 (+/-3.778475).
P2: N=50, mean=56.48 (+/-3.868885).

Agent 2 (SHUCT)
Winning score (between 0 and 1) : N=100, mean=0.56 (+/-0.09778).
P1: N=50, mean=0.52 (+/-0.139885).
P2: N=50, mean=0.6 (+/-0.137169).
Game Durations: N=100, mean=56.06 (+/-2.69152).
P1: N=50, mean=56.48 (+/-3.868885).
P2: N=50, mean=55.64 (+/-3.778475).
=====================================================
=====================================================
Completed 110 games.

Agent 1 (UCT)
Winning score (between 0 and 1) : N=110, mean=0.409091 (+/-0.092301).
P1: N=55, mean=0.363636 (+/-0.128303).
P2: N=55, mean=0.454545 (+/-0.132806).
Game Durations: N=110, mean=55.927273 (+/-2.715129).
P1: N=55, mean=54.581818 (+/-3.814462).
P2: N=55, mean=57.272727 (+/-3.866918).

Agent 2 (SHUCT)
Winning score (between 0 and 1) : N=110, mean=0.590909 (+/-0.092301).
P1: N=55, mean=0.545455 (+/-0.132806).
P2: N=55, mean=0.636364 (+/-0.128303).
Game Durations: N=110, mean=55.927273 (+/-2.715129).
P1: N=55, mean=57.272727 (+/-3.866918).
P2: N=55, mean=54.581818 (+/-3.814462).
=====================================================
=====================================================
Completed 120 games.

Agent 1 (UCT)
Winning score (between 0 and 1) : N=120, mean=0.416667 (+/-0.088578).
P1: N=60, mean=0.366667 (+/-0.122963).
P2: N=60, mean=0.466667 (+/-0.127299).
Game Durations: N=120, mean=56.333333 (+/-2.59541).
P1: N=60, mean=55.166667 (+/-3.546754).
P2: N=60, mean=57.5 (+/-3.796875).

Agent 2 (SHUCT)
Winning score (between 0 and 1) : N=120, mean=0.583333 (+/-0.088578).
P1: N=60, mean=0.533333 (+/-0.127299).
P2: N=60, mean=0.633333 (+/-0.122963).
Game Durations: N=120, mean=56.333333 (+/-2.59541).
P1: N=60, mean=57.5 (+/-3.796875).
P2: N=60, mean=55.166667 (+/-3.546754).
=====================================================
=====================================================
Completed 130 games.

Agent 1 (UCT)
Winning score (between 0 and 1) : N=130, mean=0.430769 (+/-0.085451).
P1: N=65, mean=0.384615 (+/-0.119191).
P2: N=65, mean=0.476923 (+/-0.122367).
Game Durations: N=130, mean=56.561538 (+/-2.435456).
P1: N=65, mean=55.646154 (+/-3.32117).
P2: N=65, mean=57.476923 (+/-3.574966).

Agent 2 (SHUCT)
Winning score (between 0 and 1) : N=130, mean=0.569231 (+/-0.085451).
P1: N=65, mean=0.523077 (+/-0.122367).
P2: N=65, mean=0.615385 (+/-0.119191).
Game Durations: N=130, mean=56.561538 (+/-2.435456).
P1: N=65, mean=57.476923 (+/-3.574966).
P2: N=65, mean=55.646154 (+/-3.32117).
=====================================================
=====================================================
Completed 140 games.

Agent 1 (UCT)
Winning score (between 0 and 1) : N=140, mean=0.4 (+/-0.081441).
P1: N=70, mean=0.357143 (+/-0.113058).
P2: N=70, mean=0.442857 (+/-0.117203).
Game Durations: N=140, mean=56.914286 (+/-2.28868).
P1: N=70, mean=56.128571 (+/-3.131246).
P2: N=70, mean=57.7 (+/-3.351211).

Agent 2 (SHUCT)
Winning score (between 0 and 1) : N=140, mean=0.6 (+/-0.081441).
P1: N=70, mean=0.557143 (+/-0.117203).
P2: N=70, mean=0.642857 (+/-0.113058).
Game Durations: N=140, mean=56.914286 (+/-2.28868).
P1: N=70, mean=57.7 (+/-3.351211).
P2: N=70, mean=56.128571 (+/-3.131246).
=====================================================
=====================================================
Completed 150 games.

Agent 1 (UCT)
Winning score (between 0 and 1) : N=150, mean=0.406667 (+/-0.078872).
P1: N=75, mean=0.373333 (+/-0.110204).
P2: N=75, mean=0.44 (+/-0.113097).
Game Durations: N=150, mean=56.72 (+/-2.188427).
P1: N=75, mean=55.946667 (+/-2.949376).
P2: N=75, mean=57.493333 (+/-3.244284).

Agent 2 (SHUCT)
Winning score (between 0 and 1) : N=150, mean=0.593333 (+/-0.078872).
P1: N=75, mean=0.56 (+/-0.113097).
P2: N=75, mean=0.626667 (+/-0.110204).
Game Durations: N=150, mean=56.72 (+/-2.188427).
P1: N=75, mean=57.493333 (+/-3.244284).
P2: N=75, mean=55.946667 (+/-2.949376).
=====================================================
