Warming up...
Finished warming up!
=====================================================
Completed 1 games.

Agent 1 (UCT)
Winning score (between 0 and 1) : N=1, mean=1 (+/-0).
P1: N=0, mean=0 (+/-0).
P2: N=1, mean=1 (+/-0).
Game Durations: N=1, mean=34 (+/-0).
P1: N=0, mean=0 (+/-0).
P2: N=1, mean=34 (+/-0).

Agent 2 (SHUCT)
Winning score (between 0 and 1) : N=1, mean=0 (+/-0).
P1: N=1, mean=0 (+/-0).
P2: N=0, mean=0 (+/-0).
Game Durations: N=1, mean=34 (+/-0).
P1: N=1, mean=34 (+/-0).
P2: N=0, mean=0 (+/-0).
=====================================================
=====================================================
Completed 2 games.

Agent 1 (UCT)
Winning score (between 0 and 1) : N=2, mean=1 (+/-0).
P1: N=1, mean=1 (+/-0).
P2: N=1, mean=1 (+/-0).
Game Durations: N=2, mean=43.5 (+/-18.61962).
P1: N=1, mean=53 (+/-0).
P2: N=1, mean=34 (+/-0).

Agent 2 (SHUCT)
Winning score (between 0 and 1) : N=2, mean=0 (+/-0).
P1: N=1, mean=0 (+/-0).
P2: N=1, mean=0 (+/-0).
Game Durations: N=2, mean=43.5 (+/-18.61962).
P1: N=1, mean=34 (+/-0).
P2: N=1, mean=53 (+/-0).
=====================================================
=====================================================
Completed 3 games.

Agent 1 (UCT)
Winning score (between 0 and 1) : N=3, mean=1 (+/-0).
P1: N=1, mean=1 (+/-0).
P2: N=2, mean=1 (+/-0).
Game Durations: N=3, mean=47.666667 (+/-13.50019).
P1: N=1, mean=53 (+/-0).
P2: N=2, mean=45 (+/-21.55956).

Agent 2 (SHUCT)
Winning score (between 0 and 1) : N=3, mean=0 (+/-0).
P1: N=2, mean=0 (+/-0).
P2: N=1, mean=0 (+/-0).
Game Durations: N=3, mean=47.666667 (+/-13.50019).
P1: N=2, mean=45 (+/-21.55956).
P2: N=1, mean=53 (+/-0).
=====================================================
=====================================================
Completed 4 games.

Agent 1 (UCT)
Winning score (between 0 and 1) : N=4, mean=1 (+/-0).
P1: N=2, mean=1 (+/-0).
P2: N=2, mean=1 (+/-0).
Game Durations: N=4, mean=47.5 (+/-9.551664).
P1: N=2, mean=50 (+/-5.87988).
P2: N=2, mean=45 (+/-21.55956).

Agent 2 (SHUCT)
Winning score (between 0 and 1) : N=4, mean=0 (+/-0).
P1: N=2, mean=0 (+/-0).
P2: N=2, mean=0 (+/-0).
Game Durations: N=4, mean=47.5 (+/-9.551664).
P1: N=2, mean=45 (+/-21.55956).
P2: N=2, mean=50 (+/-5.87988).
=====================================================
=====================================================
Completed 5 games.

Agent 1 (UCT)
Winning score (between 0 and 1) : N=5, mean=0.8 (+/-0.391992).
P1: N=2, mean=1 (+/-0).
P2: N=3, mean=0.666667 (+/-0.65332).
Game Durations: N=5, mean=51.4 (+/-10.638088).
P1: N=2, mean=50 (+/-5.87988).
P2: N=3, mean=52.333333 (+/-19.013745).

Agent 2 (SHUCT)
Winning score (between 0 and 1) : N=5, mean=0.2 (+/-0.391992).
P1: N=3, mean=0.333333 (+/-0.65332).
P2: N=2, mean=0 (+/-0).
Game Durations: N=5, mean=51.4 (+/-10.638088).
P1: N=3, mean=52.333333 (+/-19.013745).
P2: N=2, mean=50 (+/-5.87988).
=====================================================
=====================================================
Completed 10 games.

Agent 1 (UCT)
Winning score (between 0 and 1) : N=10, mean=0.7 (+/-0.299389).
P1: N=5, mean=0.8 (+/-0.391992).
P2: N=5, mean=0.6 (+/-0.48009).
Game Durations: N=10, mean=52 (+/-6.845846).
P1: N=5, mean=49.2 (+/-2.9334).
P2: N=5, mean=54.8 (+/-13.683272).

Agent 2 (SHUCT)
Winning score (between 0 and 1) : N=10, mean=0.3 (+/-0.299389).
P1: N=5, mean=0.4 (+/-0.48009).
P2: N=5, mean=0.2 (+/-0.391992).
Game Durations: N=10, mean=52 (+/-6.845846).
P1: N=5, mean=54.8 (+/-13.683272).
P2: N=5, mean=49.2 (+/-2.9334).
=====================================================
=====================================================
Completed 20 games.

Agent 1 (UCT)
Winning score (between 0 and 1) : N=20, mean=0.5 (+/-0.224823).
P1: N=10, mean=0.6 (+/-0.32006).
P2: N=10, mean=0.4 (+/-0.32006).
Game Durations: N=20, mean=56.7 (+/-5.650348).
P1: N=10, mean=53 (+/-7.239776).
P2: N=10, mean=60.4 (+/-8.408307).

Agent 2 (SHUCT)
Winning score (between 0 and 1) : N=20, mean=0.5 (+/-0.224823).
P1: N=10, mean=0.6 (+/-0.32006).
P2: N=10, mean=0.4 (+/-0.32006).
Game Durations: N=20, mean=56.7 (+/-5.650348).
P1: N=10, mean=60.4 (+/-8.408307).
P2: N=10, mean=53 (+/-7.239776).
=====================================================
=====================================================
Completed 30 games.

Agent 1 (UCT)
Winning score (between 0 and 1) : N=30, mean=0.566667 (+/-0.180353).
P1: N=15, mean=0.666667 (+/-0.246932).
P2: N=15, mean=0.466667 (+/-0.261328).
Game Durations: N=30, mean=59.2 (+/-5.18761).
P1: N=15, mean=57.2 (+/-8.106435).
P2: N=15, mean=61.2 (+/-6.601535).

Agent 2 (SHUCT)
Winning score (between 0 and 1) : N=30, mean=0.433333 (+/-0.180353).
P1: N=15, mean=0.533333 (+/-0.261328).
P2: N=15, mean=0.333333 (+/-0.246932).
Game Durations: N=30, mean=59.2 (+/-5.18761).
P1: N=15, mean=61.2 (+/-6.601535).
P2: N=15, mean=57.2 (+/-8.106435).
=====================================================
=====================================================
Completed 40 games.

Agent 1 (UCT)
Winning score (between 0 and 1) : N=40, mean=0.525 (+/-0.156726).
P1: N=20, mean=0.55 (+/-0.223696).
P2: N=20, mean=0.5 (+/-0.224823).
Game Durations: N=40, mean=56.525 (+/-4.718637).
P1: N=20, mean=56.05 (+/-6.219877).
P2: N=20, mean=57 (+/-7.2545).

Agent 2 (SHUCT)
Winning score (between 0 and 1) : N=40, mean=0.475 (+/-0.156726).
P1: N=20, mean=0.5 (+/-0.224823).
P2: N=20, mean=0.45 (+/-0.223696).
Game Durations: N=40, mean=56.525 (+/-4.718637).
P1: N=20, mean=57 (+/-7.2545).
P2: N=20, mean=56.05 (+/-6.219877).
=====================================================
=====================================================
Completed 50 games.

Agent 1 (UCT)
Winning score (between 0 and 1) : N=50, mean=0.54 (+/-0.139548).
P1: N=25, mean=0.56 (+/-0.198592).
P2: N=25, mean=0.52 (+/-0.199877).
Game Durations: N=50, mean=56.08 (+/-4.14272).
P1: N=25, mean=54.8 (+/-5.889672).
P2: N=25, mean=57.36 (+/-5.904741).

Agent 2 (SHUCT)
Winning score (between 0 and 1) : N=50, mean=0.46 (+/-0.139548).
P1: N=25, mean=0.48 (+/-0.199877).
P2: N=25, mean=0.44 (+/-0.198592).
Game Durations: N=50, mean=56.08 (+/-4.14272).
P1: N=25, mean=57.36 (+/-5.904741).
P2: N=25, mean=54.8 (+/-5.889672).
=====================================================
=====================================================
Completed 60 games.

Agent 1 (UCT)
Winning score (between 0 and 1) : N=60, mean=0.55 (+/-0.126943).
P1: N=30, mean=0.566667 (+/-0.180353).
P2: N=30, mean=0.533333 (+/-0.181573).
Game Durations: N=60, mean=56.716667 (+/-3.86306).
P1: N=30, mean=55.033333 (+/-5.444335).
P2: N=30, mean=58.4 (+/-5.507324).

Agent 2 (SHUCT)
Winning score (between 0 and 1) : N=60, mean=0.45 (+/-0.126943).
P1: N=30, mean=0.466667 (+/-0.181573).
P2: N=30, mean=0.433333 (+/-0.180353).
Game Durations: N=60, mean=56.716667 (+/-3.86306).
P1: N=30, mean=58.4 (+/-5.507324).
P2: N=30, mean=55.033333 (+/-5.444335).
=====================================================
=====================================================
Completed 70 games.

Agent 1 (UCT)
Winning score (between 0 and 1) : N=70, mean=0.528571 (+/-0.117783).
P1: N=35, mean=0.571429 (+/-0.166341).
P2: N=35, mean=0.485714 (+/-0.167997).
Game Durations: N=70, mean=56.885714 (+/-3.632107).
P1: N=35, mean=55.771429 (+/-5.200539).
P2: N=35, mean=58 (+/-5.120416).

Agent 2 (SHUCT)
Winning score (between 0 and 1) : N=70, mean=0.471429 (+/-0.117783).
P1: N=35, mean=0.514286 (+/-0.167997).
P2: N=35, mean=0.428571 (+/-0.166341).
Game Durations: N=70, mean=56.885714 (+/-3.632107).
P1: N=35, mean=58 (+/-5.120416).
P2: N=35, mean=55.771429 (+/-5.200539).
=====================================================
=====================================================
Completed 80 games.

Agent 1 (UCT)
Winning score (between 0 and 1) : N=80, mean=0.525 (+/-0.110118).
P1: N=40, mean=0.525 (+/-0.156726).
P2: N=40, mean=0.525 (+/-0.156726).
Game Durations: N=80, mean=56.875 (+/-3.432742).
P1: N=40, mean=56.425 (+/-4.764287).
P2: N=40, mean=57.325 (+/-5.000084).

Agent 2 (SHUCT)
Winning score (between 0 and 1) : N=80, mean=0.475 (+/-0.110118).
P1: N=40, mean=0.475 (+/-0.156726).
P2: N=40, mean=0.475 (+/-0.156726).
Game Durations: N=80, mean=56.875 (+/-3.432742).
P1: N=40, mean=57.325 (+/-5.000084).
P2: N=40, mean=56.425 (+/-4.764287).
=====================================================
=====================================================
Completed 90 games.

Agent 1 (UCT)
Winning score (between 0 and 1) : N=90, mean=0.511111 (+/-0.103852).
P1: N=45, mean=0.488889 (+/-0.147701).
P2: N=45, mean=0.533333 (+/-0.147409).
Game Durations: N=90, mean=57.877778 (+/-3.23085).
P1: N=45, mean=58.088889 (+/-4.51123).
P2: N=45, mean=57.666667 (+/-4.676437).

Agent 2 (SHUCT)
Winning score (between 0 and 1) : N=90, mean=0.488889 (+/-0.103852).
P1: N=45, mean=0.466667 (+/-0.147409).
P2: N=45, mean=0.511111 (+/-0.147701).
Game Durations: N=90, mean=57.877778 (+/-3.23085).
P1: N=45, mean=57.666667 (+/-4.676437).
P2: N=45, mean=58.088889 (+/-4.51123).
=====================================================
=====================================================
Completed 100 games.

Agent 1 (UCT)
Winning score (between 0 and 1) : N=100, mean=0.51 (+/-0.098472).
P1: N=50, mean=0.52 (+/-0.139885).
P2: N=50, mean=0.5 (+/-0.139997).
Game Durations: N=100, mean=57.67 (+/-2.965245).
P1: N=50, mean=57.4 (+/-4.162038).
P2: N=50, mean=57.94 (+/-4.265632).

Agent 2 (SHUCT)
Winning score (between 0 and 1) : N=100, mean=0.49 (+/-0.098472).
P1: N=50, mean=0.5 (+/-0.139997).
P2: N=50, mean=0.48 (+/-0.139885).
Game Durations: N=100, mean=57.67 (+/-2.965245).
P1: N=50, mean=57.94 (+/-4.265632).
P2: N=50, mean=57.4 (+/-4.162038).
=====================================================
=====================================================
Completed 110 games.

Agent 1 (UCT)
Winning score (between 0 and 1) : N=110, mean=0.518182 (+/-0.093803).
P1: N=55, mean=0.545455 (+/-0.132806).
P2: N=55, mean=0.490909 (+/-0.133336).
Game Durations: N=110, mean=57.454545 (+/-2.859267).
P1: N=55, mean=57.163636 (+/-3.917201).
P2: N=55, mean=57.745455 (+/-4.200943).

Agent 2 (SHUCT)
Winning score (between 0 and 1) : N=110, mean=0.481818 (+/-0.093803).
P1: N=55, mean=0.509091 (+/-0.133336).
P2: N=55, mean=0.454545 (+/-0.132806).
Game Durations: N=110, mean=57.454545 (+/-2.859267).
P1: N=55, mean=57.745455 (+/-4.200943).
P2: N=55, mean=57.163636 (+/-3.917201).
=====================================================
=====================================================
Completed 120 games.

Agent 1 (UCT)
Winning score (between 0 and 1) : N=120, mean=0.508333 (+/-0.089822).
P1: N=60, mean=0.55 (+/-0.126943).
P2: N=60, mean=0.466667 (+/-0.127299).
Game Durations: N=120, mean=57.358333 (+/-2.704385).
P1: N=60, mean=56.85 (+/-3.740533).
P2: N=60, mean=57.866667 (+/-3.934142).

Agent 2 (SHUCT)
Winning score (between 0 and 1) : N=120, mean=0.491667 (+/-0.089822).
P1: N=60, mean=0.533333 (+/-0.127299).
P2: N=60, mean=0.45 (+/-0.126943).
Game Durations: N=120, mean=57.358333 (+/-2.704385).
P1: N=60, mean=57.866667 (+/-3.934142).
P2: N=60, mean=56.85 (+/-3.740533).
=====================================================
=====================================================
Completed 130 games.

Agent 1 (UCT)
Winning score (between 0 and 1) : N=130, mean=0.5 (+/-0.086282).
P1: N=65, mean=0.553846 (+/-0.121785).
P2: N=65, mean=0.446154 (+/-0.121785).
Game Durations: N=130, mean=57.753846 (+/-2.564384).
P1: N=65, mean=56.707692 (+/-3.492816).
P2: N=65, mean=58.8 (+/-3.765451).

Agent 2 (SHUCT)
Winning score (between 0 and 1) : N=130, mean=0.5 (+/-0.086282).
P1: N=65, mean=0.553846 (+/-0.121785).
P2: N=65, mean=0.446154 (+/-0.121785).
Game Durations: N=130, mean=57.753846 (+/-2.564384).
P1: N=65, mean=58.8 (+/-3.765451).
P2: N=65, mean=56.707692 (+/-3.492816).
=====================================================
=====================================================
Completed 140 games.

Agent 1 (UCT)
Winning score (between 0 and 1) : N=140, mean=0.492857 (+/-0.083112).
P1: N=70, mean=0.542857 (+/-0.117542).
P2: N=70, mean=0.442857 (+/-0.117203).
Game Durations: N=140, mean=57.778571 (+/-2.466648).
P1: N=70, mean=57.314286 (+/-3.458243).
P2: N=70, mean=58.242857 (+/-3.539819).

Agent 2 (SHUCT)
Winning score (between 0 and 1) : N=140, mean=0.507143 (+/-0.083112).
P1: N=70, mean=0.557143 (+/-0.117203).
P2: N=70, mean=0.457143 (+/-0.117542).
Game Durations: N=140, mean=57.778571 (+/-2.466648).
P1: N=70, mean=58.242857 (+/-3.539819).
P2: N=70, mean=57.314286 (+/-3.458243).
=====================================================
=====================================================
Completed 150 games.

Agent 1 (UCT)
Winning score (between 0 and 1) : N=150, mean=0.5 (+/-0.080283).
P1: N=75, mean=0.52 (+/-0.113829).
P2: N=75, mean=0.48 (+/-0.113829).
Game Durations: N=150, mean=57.946667 (+/-2.368757).
P1: N=75, mean=57.613333 (+/-3.362154).
P2: N=75, mean=58.28 (+/-3.358583).

Agent 2 (SHUCT)
Winning score (between 0 and 1) : N=150, mean=0.5 (+/-0.080283).
P1: N=75, mean=0.52 (+/-0.113829).
P2: N=75, mean=0.48 (+/-0.113829).
Game Durations: N=150, mean=57.946667 (+/-2.368757).
P1: N=75, mean=58.28 (+/-3.358583).
P2: N=75, mean=57.613333 (+/-3.362154).
=====================================================
