Warming up...
Finished warming up!
=====================================================
Completed 1 games.

Agent 1 (Example UCT)
Winning score (between 0 and 1) : N=1, mean=1 (+/-0).
P1: N=1, mean=1 (+/-0).
P2: N=0, mean=0 (+/-0).
Game Durations: N=1, mean=67 (+/-0).
P1: N=1, mean=67 (+/-0).
P2: N=0, mean=0 (+/-0).

Agent 2 (SHUCT)
Winning score (between 0 and 1) : N=1, mean=0 (+/-0).
P1: N=0, mean=0 (+/-0).
P2: N=1, mean=0 (+/-0).
Game Durations: N=1, mean=67 (+/-0).
P1: N=0, mean=0 (+/-0).
P2: N=1, mean=67 (+/-0).
=====================================================
=====================================================
Completed 2 games.

Agent 1 (Example UCT)
Winning score (between 0 and 1) : N=2, mean=1 (+/-0).
P1: N=1, mean=1 (+/-0).
P2: N=1, mean=1 (+/-0).
Game Durations: N=2, mean=58.5 (+/-16.65966).
P1: N=1, mean=67 (+/-0).
P2: N=1, mean=50 (+/-0).

Agent 2 (SHUCT)
Winning score (between 0 and 1) : N=2, mean=0 (+/-0).
P1: N=1, mean=0 (+/-0).
P2: N=1, mean=0 (+/-0).
Game Durations: N=2, mean=58.5 (+/-16.65966).
P1: N=1, mean=50 (+/-0).
P2: N=1, mean=67 (+/-0).
=====================================================
=====================================================
Completed 3 games.

Agent 1 (Example UCT)
Winning score (between 0 and 1) : N=3, mean=0.666667 (+/-0.65332).
P1: N=2, mean=0.5 (+/-0.97998).
P2: N=1, mean=1 (+/-0).
Game Durations: N=3, mean=62.333333 (+/-12.205025).
P1: N=2, mean=68.5 (+/-2.93994).
P2: N=1, mean=50 (+/-0).

Agent 2 (SHUCT)
Winning score (between 0 and 1) : N=3, mean=0.333333 (+/-0.65332).
P1: N=1, mean=0 (+/-0).
P2: N=2, mean=0.5 (+/-0.97998).
Game Durations: N=3, mean=62.333333 (+/-12.205025).
P1: N=1, mean=50 (+/-0).
P2: N=2, mean=68.5 (+/-2.93994).
=====================================================
=====================================================
Completed 4 games.

Agent 1 (Example UCT)
Winning score (between 0 and 1) : N=4, mean=0.5 (+/-0.565792).
P1: N=2, mean=0.5 (+/-0.97998).
P2: N=2, mean=0.5 (+/-0.97998).
Game Durations: N=4, mean=61.5 (+/-8.783449).
P1: N=2, mean=68.5 (+/-2.93994).
P2: N=2, mean=54.5 (+/-8.81982).

Agent 2 (SHUCT)
Winning score (between 0 and 1) : N=4, mean=0.5 (+/-0.565792).
P1: N=2, mean=0.5 (+/-0.97998).
P2: N=2, mean=0.5 (+/-0.97998).
Game Durations: N=4, mean=61.5 (+/-8.783449).
P1: N=2, mean=54.5 (+/-8.81982).
P2: N=2, mean=68.5 (+/-2.93994).
=====================================================
=====================================================
Completed 5 games.

Agent 1 (Example UCT)
Winning score (between 0 and 1) : N=5, mean=0.4 (+/-0.48009).
P1: N=3, mean=0.333333 (+/-0.65332).
P2: N=2, mean=0.5 (+/-0.97998).
Game Durations: N=5, mean=54.4 (+/-15.489885).
P1: N=3, mean=54.333333 (+/-27.817933).
P2: N=2, mean=54.5 (+/-8.81982).

Agent 2 (SHUCT)
Winning score (between 0 and 1) : N=5, mean=0.6 (+/-0.48009).
P1: N=2, mean=0.5 (+/-0.97998).
P2: N=3, mean=0.666667 (+/-0.65332).
Game Durations: N=5, mean=54.4 (+/-15.489885).
P1: N=2, mean=54.5 (+/-8.81982).
P2: N=3, mean=54.333333 (+/-27.817933).
=====================================================
=====================================================
Completed 10 games.

Agent 1 (Example UCT)
Winning score (between 0 and 1) : N=10, mean=0.3 (+/-0.299389).
P1: N=5, mean=0.4 (+/-0.48009).
P2: N=5, mean=0.2 (+/-0.391992).
Game Durations: N=10, mean=56 (+/-10.619214).
P1: N=5, mean=60 (+/-18.396498).
P2: N=5, mean=52 (+/-11.75976).

Agent 2 (SHUCT)
Winning score (between 0 and 1) : N=10, mean=0.7 (+/-0.299389).
P1: N=5, mean=0.8 (+/-0.391992).
P2: N=5, mean=0.6 (+/-0.48009).
Game Durations: N=10, mean=56 (+/-10.619214).
P1: N=5, mean=52 (+/-11.75976).
P2: N=5, mean=60 (+/-18.396498).
=====================================================
=====================================================
Completed 20 games.

Agent 1 (Example UCT)
Winning score (between 0 and 1) : N=20, mean=0.35 (+/-0.214467).
P1: N=10, mean=0.5 (+/-0.32666).
P2: N=10, mean=0.2 (+/-0.261328).
Game Durations: N=20, mean=53.35 (+/-5.904371).
P1: N=10, mean=56.7 (+/-9.431597).
P2: N=10, mean=50 (+/-6.975549).

Agent 2 (SHUCT)
Winning score (between 0 and 1) : N=20, mean=0.65 (+/-0.214467).
P1: N=10, mean=0.8 (+/-0.261328).
P2: N=10, mean=0.5 (+/-0.32666).
Game Durations: N=20, mean=53.35 (+/-5.904371).
P1: N=10, mean=50 (+/-6.975549).
P2: N=10, mean=56.7 (+/-9.431597).
=====================================================
=====================================================
Completed 30 games.

Agent 1 (Example UCT)
Winning score (between 0 and 1) : N=30, mean=0.366667 (+/-0.175388).
P1: N=15, mean=0.466667 (+/-0.261328).
P2: N=15, mean=0.266667 (+/-0.231643).
Game Durations: N=30, mean=54.733333 (+/-4.288844).
P1: N=15, mean=56.866667 (+/-6.53096).
P2: N=15, mean=52.6 (+/-5.572566).

Agent 2 (SHUCT)
Winning score (between 0 and 1) : N=30, mean=0.633333 (+/-0.175388).
P1: N=15, mean=0.733333 (+/-0.231643).
P2: N=15, mean=0.533333 (+/-0.261328).
Game Durations: N=30, mean=54.733333 (+/-4.288844).
P1: N=15, mean=52.6 (+/-5.572566).
P2: N=15, mean=56.866667 (+/-6.53096).
=====================================================
=====================================================
Completed 40 games.

Agent 1 (Example UCT)
Winning score (between 0 and 1) : N=40, mean=0.475 (+/-0.156726).
P1: N=20, mean=0.55 (+/-0.223696).
P2: N=20, mean=0.4 (+/-0.22028).
Game Durations: N=40, mean=54.175 (+/-3.509514).
P1: N=20, mean=55.05 (+/-5.448835).
P2: N=20, mean=53.3 (+/-4.534738).

Agent 2 (SHUCT)
Winning score (between 0 and 1) : N=40, mean=0.525 (+/-0.156726).
P1: N=20, mean=0.6 (+/-0.22028).
P2: N=20, mean=0.45 (+/-0.223696).
Game Durations: N=40, mean=54.175 (+/-3.509514).
P1: N=20, mean=53.3 (+/-4.534738).
P2: N=20, mean=55.05 (+/-5.448835).
=====================================================
=====================================================
Completed 50 games.

Agent 1 (Example UCT)
Winning score (between 0 and 1) : N=50, mean=0.54 (+/-0.139548).
P1: N=25, mean=0.6 (+/-0.195996).
P2: N=25, mean=0.48 (+/-0.199877).
Game Durations: N=50, mean=54.12 (+/-3.038236).
P1: N=25, mean=55.24 (+/-4.619134).
P2: N=25, mean=53 (+/-3.994345).

Agent 2 (SHUCT)
Winning score (between 0 and 1) : N=50, mean=0.46 (+/-0.139548).
P1: N=25, mean=0.52 (+/-0.199877).
P2: N=25, mean=0.4 (+/-0.195996).
Game Durations: N=50, mean=54.12 (+/-3.038236).
P1: N=25, mean=53 (+/-3.994345).
P2: N=25, mean=55.24 (+/-4.619134).
=====================================================
=====================================================
Completed 60 games.

Agent 1 (Example UCT)
Winning score (between 0 and 1) : N=60, mean=0.516667 (+/-0.127512).
P1: N=30, mean=0.566667 (+/-0.180353).
P2: N=30, mean=0.466667 (+/-0.181573).
Game Durations: N=60, mean=54.15 (+/-2.679365).
P1: N=30, mean=54.233333 (+/-4.113054).
P2: N=30, mean=54.066667 (+/-3.505999).

Agent 2 (SHUCT)
Winning score (between 0 and 1) : N=60, mean=0.483333 (+/-0.127512).
P1: N=30, mean=0.533333 (+/-0.181573).
P2: N=30, mean=0.433333 (+/-0.180353).
Game Durations: N=60, mean=54.15 (+/-2.679365).
P1: N=30, mean=54.066667 (+/-3.505999).
P2: N=30, mean=54.233333 (+/-4.113054).
=====================================================
=====================================================
Completed 70 games.

Agent 1 (Example UCT)
Winning score (between 0 and 1) : N=70, mean=0.485714 (+/-0.117928).
P1: N=35, mean=0.514286 (+/-0.167997).
P2: N=35, mean=0.457143 (+/-0.167447).
Game Durations: N=70, mean=54.3 (+/-2.462227).
P1: N=35, mean=54.914286 (+/-3.738132).
P2: N=35, mean=53.685714 (+/-3.247763).

Agent 2 (SHUCT)
Winning score (between 0 and 1) : N=70, mean=0.514286 (+/-0.117928).
P1: N=35, mean=0.542857 (+/-0.167447).
P2: N=35, mean=0.485714 (+/-0.167997).
Game Durations: N=70, mean=54.3 (+/-2.462227).
P1: N=35, mean=53.685714 (+/-3.247763).
P2: N=35, mean=54.914286 (+/-3.738132).
=====================================================
=====================================================
Completed 80 games.

Agent 1 (Example UCT)
Winning score (between 0 and 1) : N=80, mean=0.475 (+/-0.110118).
P1: N=40, mean=0.5 (+/-0.156922).
P2: N=40, mean=0.45 (+/-0.156136).
Game Durations: N=80, mean=54.875 (+/-2.335868).
P1: N=40, mean=54.65 (+/-3.447689).
P2: N=40, mean=55.1 (+/-3.195057).

Agent 2 (SHUCT)
Winning score (between 0 and 1) : N=80, mean=0.525 (+/-0.110118).
P1: N=40, mean=0.55 (+/-0.156136).
P2: N=40, mean=0.5 (+/-0.156922).
Game Durations: N=80, mean=54.875 (+/-2.335868).
P1: N=40, mean=55.1 (+/-3.195057).
P2: N=40, mean=54.65 (+/-3.447689).
=====================================================
=====================================================
Completed 90 games.

Agent 1 (Example UCT)
Winning score (between 0 and 1) : N=90, mean=0.488889 (+/-0.103852).
P1: N=45, mean=0.533333 (+/-0.147409).
P2: N=45, mean=0.444444 (+/-0.146823).
Game Durations: N=90, mean=54.833333 (+/-2.198076).
P1: N=45, mean=54.533333 (+/-3.280587).
P2: N=45, mean=55.133333 (+/-2.961048).

Agent 2 (SHUCT)
Winning score (between 0 and 1) : N=90, mean=0.511111 (+/-0.103852).
P1: N=45, mean=0.555556 (+/-0.146823).
P2: N=45, mean=0.466667 (+/-0.147409).
Game Durations: N=90, mean=54.833333 (+/-2.198076).
P1: N=45, mean=55.133333 (+/-2.961048).
P2: N=45, mean=54.533333 (+/-3.280587).
=====================================================
=====================================================
Completed 100 games.

Agent 1 (Example UCT)
Winning score (between 0 and 1) : N=100, mean=0.46 (+/-0.098176).
P1: N=50, mean=0.5 (+/-0.139997).
P2: N=50, mean=0.42 (+/-0.138194).
Game Durations: N=100, mean=55.06 (+/-2.146454).
P1: N=50, mean=54.58 (+/-3.219856).
P2: N=50, mean=55.54 (+/-2.865922).

Agent 2 (SHUCT)
Winning score (between 0 and 1) : N=100, mean=0.54 (+/-0.098176).
P1: N=50, mean=0.58 (+/-0.138194).
P2: N=50, mean=0.5 (+/-0.139997).
Game Durations: N=100, mean=55.06 (+/-2.146454).
P1: N=50, mean=55.54 (+/-2.865922).
P2: N=50, mean=54.58 (+/-3.219856).
=====================================================
=====================================================
Completed 110 games.

Agent 1 (Example UCT)
Winning score (between 0 and 1) : N=110, mean=0.454545 (+/-0.093476).
P1: N=55, mean=0.509091 (+/-0.133336).
P2: N=55, mean=0.4 (+/-0.130664).
Game Durations: N=110, mean=54.445455 (+/-2.035117).
P1: N=55, mean=54.327273 (+/-2.96177).
P2: N=55, mean=54.563636 (+/-2.818888).

Agent 2 (SHUCT)
Winning score (between 0 and 1) : N=110, mean=0.545455 (+/-0.093476).
P1: N=55, mean=0.6 (+/-0.130664).
P2: N=55, mean=0.490909 (+/-0.133336).
Game Durations: N=110, mean=54.445455 (+/-2.035117).
P1: N=55, mean=54.563636 (+/-2.818888).
P2: N=55, mean=54.327273 (+/-2.96177).
=====================================================
=====================================================
Completed 120 games.

Agent 1 (Example UCT)
Winning score (between 0 and 1) : N=120, mean=0.491667 (+/-0.089822).
P1: N=60, mean=0.533333 (+/-0.127299).
P2: N=60, mean=0.45 (+/-0.126943).
Game Durations: N=120, mean=54.175 (+/-1.985685).
P1: N=60, mean=54 (+/-2.845977).
P2: N=60, mean=54.35 (+/-2.793183).

Agent 2 (SHUCT)
Winning score (between 0 and 1) : N=120, mean=0.508333 (+/-0.089822).
P1: N=60, mean=0.55 (+/-0.126943).
P2: N=60, mean=0.466667 (+/-0.127299).
Game Durations: N=120, mean=54.175 (+/-1.985685).
P1: N=60, mean=54.35 (+/-2.793183).
P2: N=60, mean=54 (+/-2.845977).
=====================================================
=====================================================
Completed 130 games.

Agent 1 (Example UCT)
Winning score (between 0 and 1) : N=130, mean=0.5 (+/-0.086282).
P1: N=65, mean=0.553846 (+/-0.121785).
P2: N=65, mean=0.446154 (+/-0.121785).
Game Durations: N=130, mean=54.430769 (+/-1.90411).
P1: N=65, mean=54.4 (+/-2.731126).
P2: N=65, mean=54.461538 (+/-2.675197).

Agent 2 (SHUCT)
Winning score (between 0 and 1) : N=130, mean=0.5 (+/-0.086282).
P1: N=65, mean=0.553846 (+/-0.121785).
P2: N=65, mean=0.446154 (+/-0.121785).
Game Durations: N=130, mean=54.430769 (+/-1.90411).
P1: N=65, mean=54.461538 (+/-2.675197).
P2: N=65, mean=54.4 (+/-2.731126).
=====================================================
=====================================================
Completed 140 games.

Agent 1 (Example UCT)
Winning score (between 0 and 1) : N=140, mean=0.485714 (+/-0.083087).
P1: N=70, mean=0.542857 (+/-0.117542).
P2: N=70, mean=0.428571 (+/-0.116766).
Game Durations: N=140, mean=54.742857 (+/-1.911249).
P1: N=70, mean=54.685714 (+/-2.774825).
P2: N=70, mean=54.8 (+/-2.649029).

Agent 2 (SHUCT)
Winning score (between 0 and 1) : N=140, mean=0.514286 (+/-0.083087).
P1: N=70, mean=0.571429 (+/-0.116766).
P2: N=70, mean=0.457143 (+/-0.117542).
Game Durations: N=140, mean=54.742857 (+/-1.911249).
P1: N=70, mean=54.8 (+/-2.649029).
P2: N=70, mean=54.685714 (+/-2.774825).
=====================================================
=====================================================
Completed 150 games.

Agent 1 (Example UCT)
Winning score (between 0 and 1) : N=150, mean=0.473333 (+/-0.080169).
P1: N=75, mean=0.52 (+/-0.113829).
P2: N=75, mean=0.426667 (+/-0.112688).
Game Durations: N=150, mean=55.12 (+/-1.872041).
P1: N=75, mean=55.186667 (+/-2.764975).
P2: N=75, mean=55.053333 (+/-2.543093).

Agent 2 (SHUCT)
Winning score (between 0 and 1) : N=150, mean=0.526667 (+/-0.080169).
P1: N=75, mean=0.573333 (+/-0.112688).
P2: N=75, mean=0.48 (+/-0.113829).
Game Durations: N=150, mean=55.12 (+/-1.872041).
P1: N=75, mean=55.053333 (+/-2.543093).
P2: N=75, mean=55.186667 (+/-2.764975).
=====================================================
