Warming up...
Finished warming up!
=====================================================
Completed 1 games.

Agent 1 (Example UCT)
Winning score (between 0 and 1) : N=1, mean=0 (+/-0).
P1: N=0, mean=0 (+/-0).
P2: N=1, mean=0 (+/-0).
Game Durations: N=1, mean=45 (+/-0).
P1: N=0, mean=0 (+/-0).
P2: N=1, mean=45 (+/-0).

Agent 2 (SHUCT)
Winning score (between 0 and 1) : N=1, mean=1 (+/-0).
P1: N=1, mean=1 (+/-0).
P2: N=0, mean=0 (+/-0).
Game Durations: N=1, mean=45 (+/-0).
P1: N=1, mean=45 (+/-0).
P2: N=0, mean=0 (+/-0).
=====================================================
=====================================================
Completed 2 games.

Agent 1 (Example UCT)
Winning score (between 0 and 1) : N=2, mean=0.5 (+/-0.97998).
P1: N=1, mean=1 (+/-0).
P2: N=1, mean=0 (+/-0).
Game Durations: N=2, mean=52 (+/-13.71972).
P1: N=1, mean=59 (+/-0).
P2: N=1, mean=45 (+/-0).

Agent 2 (SHUCT)
Winning score (between 0 and 1) : N=2, mean=0.5 (+/-0.97998).
P1: N=1, mean=1 (+/-0).
P2: N=1, mean=0 (+/-0).
Game Durations: N=2, mean=52 (+/-13.71972).
P1: N=1, mean=45 (+/-0).
P2: N=1, mean=59 (+/-0).
=====================================================
=====================================================
Completed 3 games.

Agent 1 (Example UCT)
Winning score (between 0 and 1) : N=3, mean=0.666667 (+/-0.65332).
P1: N=1, mean=1 (+/-0).
P2: N=2, mean=0.5 (+/-0.97998).
Game Durations: N=3, mean=57.333333 (+/-13.115307).
P1: N=1, mean=59 (+/-0).
P2: N=2, mean=56.5 (+/-22.53954).

Agent 2 (SHUCT)
Winning score (between 0 and 1) : N=3, mean=0.333333 (+/-0.65332).
P1: N=2, mean=0.5 (+/-0.97998).
P2: N=1, mean=0 (+/-0).
Game Durations: N=3, mean=57.333333 (+/-13.115307).
P1: N=2, mean=56.5 (+/-22.53954).
P2: N=1, mean=59 (+/-0).
=====================================================
=====================================================
Completed 4 games.

Agent 1 (Example UCT)
Winning score (between 0 and 1) : N=4, mean=0.5 (+/-0.565792).
P1: N=2, mean=0.5 (+/-0.97998).
P2: N=2, mean=0.5 (+/-0.97998).
Game Durations: N=4, mean=58 (+/-9.365519).
P1: N=2, mean=59.5 (+/-0.97998).
P2: N=2, mean=56.5 (+/-22.53954).

Agent 2 (SHUCT)
Winning score (between 0 and 1) : N=4, mean=0.5 (+/-0.565792).
P1: N=2, mean=0.5 (+/-0.97998).
P2: N=2, mean=0.5 (+/-0.97998).
Game Durations: N=4, mean=58 (+/-9.365519).
P1: N=2, mean=56.5 (+/-22.53954).
P2: N=2, mean=59.5 (+/-0.97998).
=====================================================
=====================================================
Completed 5 games.

Agent 1 (Example UCT)
Winning score (between 0 and 1) : N=5, mean=0.6 (+/-0.48009).
P1: N=2, mean=0.5 (+/-0.97998).
P2: N=3, mean=0.666667 (+/-0.65332).
Game Durations: N=5, mean=52.4 (+/-13.156574).
P1: N=2, mean=59.5 (+/-0.97998).
P2: N=3, mean=47.666667 (+/-21.658322).

Agent 2 (SHUCT)
Winning score (between 0 and 1) : N=5, mean=0.4 (+/-0.48009).
P1: N=3, mean=0.333333 (+/-0.65332).
P2: N=2, mean=0.5 (+/-0.97998).
Game Durations: N=5, mean=52.4 (+/-13.156574).
P1: N=3, mean=47.666667 (+/-21.658322).
P2: N=2, mean=59.5 (+/-0.97998).
=====================================================
=====================================================
Completed 10 games.

Agent 1 (Example UCT)
Winning score (between 0 and 1) : N=10, mean=0.6 (+/-0.32006).
P1: N=5, mean=0.4 (+/-0.48009).
P2: N=5, mean=0.8 (+/-0.391992).
Game Durations: N=10, mean=52.5 (+/-8.428841).
P1: N=5, mean=59.6 (+/-6.028271).
P2: N=5, mean=45.4 (+/-13.657982).

Agent 2 (SHUCT)
Winning score (between 0 and 1) : N=10, mean=0.4 (+/-0.32006).
P1: N=5, mean=0.2 (+/-0.391992).
P2: N=5, mean=0.6 (+/-0.48009).
Game Durations: N=10, mean=52.5 (+/-8.428841).
P1: N=5, mean=45.4 (+/-13.657982).
P2: N=5, mean=59.6 (+/-6.028271).
=====================================================
=====================================================
Completed 20 games.

Agent 1 (Example UCT)
Winning score (between 0 and 1) : N=20, mean=0.65 (+/-0.214467).
P1: N=10, mean=0.5 (+/-0.32666).
P2: N=10, mean=0.8 (+/-0.261328).
Game Durations: N=20, mean=54.55 (+/-5.256192).
P1: N=10, mean=58.9 (+/-6.69103).
P2: N=10, mean=50.2 (+/-7.465021).

Agent 2 (SHUCT)
Winning score (between 0 and 1) : N=20, mean=0.35 (+/-0.214467).
P1: N=10, mean=0.2 (+/-0.261328).
P2: N=10, mean=0.5 (+/-0.32666).
Game Durations: N=20, mean=54.55 (+/-5.256192).
P1: N=10, mean=50.2 (+/-7.465021).
P2: N=10, mean=58.9 (+/-6.69103).
=====================================================
=====================================================
Completed 30 games.

Agent 1 (Example UCT)
Winning score (between 0 and 1) : N=30, mean=0.5 (+/-0.181978).
P1: N=15, mean=0.466667 (+/-0.261328).
P2: N=15, mean=0.533333 (+/-0.261328).
Game Durations: N=30, mean=56.266667 (+/-4.639952).
P1: N=15, mean=60.6 (+/-7.024677).
P2: N=15, mean=51.933333 (+/-5.435192).

Agent 2 (SHUCT)
Winning score (between 0 and 1) : N=30, mean=0.5 (+/-0.181978).
P1: N=15, mean=0.466667 (+/-0.261328).
P2: N=15, mean=0.533333 (+/-0.261328).
Game Durations: N=30, mean=56.266667 (+/-4.639952).
P1: N=15, mean=51.933333 (+/-5.435192).
P2: N=15, mean=60.6 (+/-7.024677).
=====================================================
=====================================================
Completed 40 games.

Agent 1 (Example UCT)
Winning score (between 0 and 1) : N=40, mean=0.5 (+/-0.156922).
P1: N=20, mean=0.45 (+/-0.223696).
P2: N=20, mean=0.55 (+/-0.223696).
Game Durations: N=40, mean=57.35 (+/-3.744202).
P1: N=20, mean=59.55 (+/-5.695566).
P2: N=20, mean=55.15 (+/-4.811996).

Agent 2 (SHUCT)
Winning score (between 0 and 1) : N=40, mean=0.5 (+/-0.156922).
P1: N=20, mean=0.45 (+/-0.223696).
P2: N=20, mean=0.55 (+/-0.223696).
Game Durations: N=40, mean=57.35 (+/-3.744202).
P1: N=20, mean=55.15 (+/-4.811996).
P2: N=20, mean=59.55 (+/-5.695566).
=====================================================
=====================================================
Completed 50 games.

Agent 1 (Example UCT)
Winning score (between 0 and 1) : N=50, mean=0.44 (+/-0.138986).
P1: N=25, mean=0.36 (+/-0.192036).
P2: N=25, mean=0.52 (+/-0.199877).
Game Durations: N=50, mean=56.62 (+/-3.283888).
P1: N=25, mean=58.2 (+/-4.929861).
P2: N=25, mean=55.04 (+/-4.351052).

Agent 2 (SHUCT)
Winning score (between 0 and 1) : N=50, mean=0.56 (+/-0.138986).
P1: N=25, mean=0.48 (+/-0.199877).
P2: N=25, mean=0.64 (+/-0.192036).
Game Durations: N=50, mean=56.62 (+/-3.283888).
P1: N=25, mean=55.04 (+/-4.351052).
P2: N=25, mean=58.2 (+/-4.929861).
=====================================================
=====================================================
Completed 60 games.

Agent 1 (Example UCT)
Winning score (between 0 and 1) : N=60, mean=0.433333 (+/-0.126443).
P1: N=30, mean=0.333333 (+/-0.17157).
P2: N=30, mean=0.533333 (+/-0.181573).
Game Durations: N=60, mean=56.6 (+/-3.046775).
P1: N=30, mean=58.266667 (+/-4.435613).
P2: N=30, mean=54.933333 (+/-4.16665).

Agent 2 (SHUCT)
Winning score (between 0 and 1) : N=60, mean=0.566667 (+/-0.126443).
P1: N=30, mean=0.466667 (+/-0.181573).
P2: N=30, mean=0.666667 (+/-0.17157).
Game Durations: N=60, mean=56.6 (+/-3.046775).
P1: N=30, mean=54.933333 (+/-4.16665).
P2: N=30, mean=58.266667 (+/-4.435613).
=====================================================
=====================================================
Completed 70 games.

Agent 1 (Example UCT)
Winning score (between 0 and 1) : N=70, mean=0.414286 (+/-0.116229).
P1: N=35, mean=0.314286 (+/-0.156042).
P2: N=35, mean=0.514286 (+/-0.167997).
Game Durations: N=70, mean=57.2 (+/-2.757879).
P1: N=35, mean=58.885714 (+/-3.998011).
P2: N=35, mean=55.514286 (+/-3.774227).

Agent 2 (SHUCT)
Winning score (between 0 and 1) : N=70, mean=0.585714 (+/-0.116229).
P1: N=35, mean=0.485714 (+/-0.167997).
P2: N=35, mean=0.685714 (+/-0.156042).
Game Durations: N=70, mean=57.2 (+/-2.757879).
P1: N=35, mean=55.514286 (+/-3.774227).
P2: N=35, mean=58.885714 (+/-3.998011).
=====================================================
=====================================================
Completed 80 games.

Agent 1 (Example UCT)
Winning score (between 0 and 1) : N=80, mean=0.4125 (+/-0.108555).
P1: N=40, mean=0.325 (+/-0.146997).
P2: N=40, mean=0.5 (+/-0.156922).
Game Durations: N=80, mean=57.1375 (+/-2.525988).
P1: N=40, mean=58.175 (+/-3.65052).
P2: N=40, mean=56.1 (+/-3.508751).

Agent 2 (SHUCT)
Winning score (between 0 and 1) : N=80, mean=0.5875 (+/-0.108555).
P1: N=40, mean=0.5 (+/-0.156922).
P2: N=40, mean=0.675 (+/-0.146997).
Game Durations: N=80, mean=57.1375 (+/-2.525988).
P1: N=40, mean=56.1 (+/-3.508751).
P2: N=40, mean=58.175 (+/-3.65052).
=====================================================
=====================================================
Completed 90 games.

Agent 1 (Example UCT)
Winning score (between 0 and 1) : N=90, mean=0.4 (+/-0.101779).
P1: N=45, mean=0.333333 (+/-0.139288).
P2: N=45, mean=0.466667 (+/-0.147409).
Game Durations: N=90, mean=56.611111 (+/-2.32931).
P1: N=45, mean=57.977778 (+/-3.355367).
P2: N=45, mean=55.244444 (+/-3.219432).

Agent 2 (SHUCT)
Winning score (between 0 and 1) : N=90, mean=0.6 (+/-0.101779).
P1: N=45, mean=0.533333 (+/-0.147409).
P2: N=45, mean=0.666667 (+/-0.139288).
Game Durations: N=90, mean=56.611111 (+/-2.32931).
P1: N=45, mean=55.244444 (+/-3.219432).
P2: N=45, mean=57.977778 (+/-3.355367).
=====================================================
=====================================================
Completed 100 games.

Agent 1 (Example UCT)
Winning score (between 0 and 1) : N=100, mean=0.39 (+/-0.096079).
P1: N=50, mean=0.32 (+/-0.130611).
P2: N=50, mean=0.46 (+/-0.139548).
Game Durations: N=100, mean=57.17 (+/-2.189097).
P1: N=50, mean=58.32 (+/-3.080161).
P2: N=50, mean=56.02 (+/-3.109571).

Agent 2 (SHUCT)
Winning score (between 0 and 1) : N=100, mean=0.61 (+/-0.096079).
P1: N=50, mean=0.54 (+/-0.139548).
P2: N=50, mean=0.68 (+/-0.130611).
Game Durations: N=100, mean=57.17 (+/-2.189097).
P1: N=50, mean=56.02 (+/-3.109571).
P2: N=50, mean=58.32 (+/-3.080161).
=====================================================
=====================================================
Completed 110 games.

Agent 1 (Example UCT)
Winning score (between 0 and 1) : N=110, mean=0.4 (+/-0.091969).
P1: N=55, mean=0.345455 (+/-0.126828).
P2: N=55, mean=0.454545 (+/-0.132806).
Game Durations: N=110, mean=56.645455 (+/-2.125369).
P1: N=55, mean=57.581818 (+/-2.970333).
P2: N=55, mean=55.709091 (+/-3.047698).

Agent 2 (SHUCT)
Winning score (between 0 and 1) : N=110, mean=0.6 (+/-0.091969).
P1: N=55, mean=0.545455 (+/-0.132806).
P2: N=55, mean=0.654545 (+/-0.126828).
Game Durations: N=110, mean=56.645455 (+/-2.125369).
P1: N=55, mean=55.709091 (+/-3.047698).
P2: N=55, mean=57.581818 (+/-2.970333).
=====================================================
=====================================================
Completed 120 games.

Agent 1 (Example UCT)
Winning score (between 0 and 1) : N=120, mean=0.391667 (+/-0.087701).
P1: N=60, mean=0.316667 (+/-0.118697).
P2: N=60, mean=0.466667 (+/-0.127299).
Game Durations: N=120, mean=56.991667 (+/-2.019248).
P1: N=60, mean=57.916667 (+/-2.818887).
P2: N=60, mean=56.066667 (+/-2.89657).

Agent 2 (SHUCT)
Winning score (between 0 and 1) : N=120, mean=0.608333 (+/-0.087701).
P1: N=60, mean=0.533333 (+/-0.127299).
P2: N=60, mean=0.683333 (+/-0.118697).
Game Durations: N=120, mean=56.991667 (+/-2.019248).
P1: N=60, mean=56.066667 (+/-2.89657).
P2: N=60, mean=57.916667 (+/-2.818887).
=====================================================
=====================================================
Completed 130 games.

Agent 1 (Example UCT)
Winning score (between 0 and 1) : N=130, mean=0.384615 (+/-0.083954).
P1: N=65, mean=0.323077 (+/-0.114572).
P2: N=65, mean=0.446154 (+/-0.121785).
Game Durations: N=130, mean=57.084615 (+/-1.911805).
P1: N=65, mean=57.861538 (+/-2.70226).
P2: N=65, mean=56.307692 (+/-2.712848).

Agent 2 (SHUCT)
Winning score (between 0 and 1) : N=130, mean=0.615385 (+/-0.083954).
P1: N=65, mean=0.553846 (+/-0.121785).
P2: N=65, mean=0.676923 (+/-0.114572).
Game Durations: N=130, mean=57.084615 (+/-1.911805).
P1: N=65, mean=56.307692 (+/-2.712848).
P2: N=65, mean=57.861538 (+/-2.70226).
=====================================================
=====================================================
Completed 140 games.

Agent 1 (Example UCT)
Winning score (between 0 and 1) : N=140, mean=0.4 (+/-0.081441).
P1: N=70, mean=0.328571 (+/-0.110825).
P2: N=70, mean=0.471429 (+/-0.117783).
Game Durations: N=140, mean=56.942857 (+/-1.828849).
P1: N=70, mean=57.785714 (+/-2.568016).
P2: N=70, mean=56.1 (+/-2.608045).

Agent 2 (SHUCT)
Winning score (between 0 and 1) : N=140, mean=0.6 (+/-0.081441).
P1: N=70, mean=0.528571 (+/-0.117783).
P2: N=70, mean=0.671429 (+/-0.110825).
Game Durations: N=140, mean=56.942857 (+/-1.828849).
P1: N=70, mean=56.1 (+/-2.608045).
P2: N=70, mean=57.785714 (+/-2.568016).
=====================================================
=====================================================
Completed 150 games.

Agent 1 (Example UCT)
Winning score (between 0 and 1) : N=150, mean=0.413333 (+/-0.079068).
P1: N=75, mean=0.333333 (+/-0.107405).
P2: N=75, mean=0.493333 (+/-0.11391).
Game Durations: N=150, mean=56.793333 (+/-1.786094).
P1: N=75, mean=57.533333 (+/-2.469758).
P2: N=75, mean=56.053333 (+/-2.586541).

Agent 2 (SHUCT)
Winning score (between 0 and 1) : N=150, mean=0.586667 (+/-0.079068).
P1: N=75, mean=0.506667 (+/-0.11391).
P2: N=75, mean=0.666667 (+/-0.107405).
Game Durations: N=150, mean=56.793333 (+/-1.786094).
P1: N=75, mean=56.053333 (+/-2.586541).
P2: N=75, mean=57.533333 (+/-2.469758).
=====================================================
