Warming up...
Finished warming up!
=====================================================
Completed 1 games.

Agent 1 (UCT)
Winning score (between 0 and 1) : N=1, mean=1 (+/-0).
P1: N=0, mean=0 (+/-0).
P2: N=1, mean=1 (+/-0).
Game Durations: N=1, mean=56 (+/-0).
P1: N=0, mean=0 (+/-0).
P2: N=1, mean=56 (+/-0).

Agent 2 (SHUCT)
Winning score (between 0 and 1) : N=1, mean=0 (+/-0).
P1: N=1, mean=0 (+/-0).
P2: N=0, mean=0 (+/-0).
Game Durations: N=1, mean=56 (+/-0).
P1: N=1, mean=56 (+/-0).
P2: N=0, mean=0 (+/-0).
=====================================================
=====================================================
Completed 2 games.

Agent 1 (UCT)
Winning score (between 0 and 1) : N=2, mean=1 (+/-0).
P1: N=1, mean=1 (+/-0).
P2: N=1, mean=1 (+/-0).
Game Durations: N=2, mean=50.5 (+/-10.77978).
P1: N=1, mean=45 (+/-0).
P2: N=1, mean=56 (+/-0).

Agent 2 (SHUCT)
Winning score (between 0 and 1) : N=2, mean=0 (+/-0).
P1: N=1, mean=0 (+/-0).
P2: N=1, mean=0 (+/-0).
Game Durations: N=2, mean=50.5 (+/-10.77978).
P1: N=1, mean=56 (+/-0).
P2: N=1, mean=45 (+/-0).
=====================================================
=====================================================
Completed 3 games.

Agent 1 (UCT)
Winning score (between 0 and 1) : N=3, mean=0.666667 (+/-0.65332).
P1: N=1, mean=1 (+/-0).
P2: N=2, mean=0.5 (+/-0.97998).
Game Durations: N=3, mean=48 (+/-7.921084).
P1: N=1, mean=45 (+/-0).
P2: N=2, mean=49.5 (+/-12.73974).

Agent 2 (SHUCT)
Winning score (between 0 and 1) : N=3, mean=0.333333 (+/-0.65332).
P1: N=2, mean=0.5 (+/-0.97998).
P2: N=1, mean=0 (+/-0).
Game Durations: N=3, mean=48 (+/-7.921084).
P1: N=2, mean=49.5 (+/-12.73974).
P2: N=1, mean=45 (+/-0).
=====================================================
=====================================================
Completed 4 games.

Agent 1 (UCT)
Winning score (between 0 and 1) : N=4, mean=0.75 (+/-0.48999).
P1: N=2, mean=1 (+/-0).
P2: N=2, mean=0.5 (+/-0.97998).
Game Durations: N=4, mean=44.75 (+/-8.48216).
P1: N=2, mean=40 (+/-9.7998).
P2: N=2, mean=49.5 (+/-12.73974).

Agent 2 (SHUCT)
Winning score (between 0 and 1) : N=4, mean=0.25 (+/-0.48999).
P1: N=2, mean=0.5 (+/-0.97998).
P2: N=2, mean=0 (+/-0).
Game Durations: N=4, mean=44.75 (+/-8.48216).
P1: N=2, mean=49.5 (+/-12.73974).
P2: N=2, mean=40 (+/-9.7998).
=====================================================
=====================================================
Completed 5 games.

Agent 1 (UCT)
Winning score (between 0 and 1) : N=5, mean=0.6 (+/-0.48009).
P1: N=2, mean=1 (+/-0).
P2: N=3, mean=0.333333 (+/-0.65332).
Game Durations: N=5, mean=46.4 (+/-7.323015).
P1: N=2, mean=40 (+/-9.7998).
P2: N=3, mean=50.666667 (+/-7.702529).

Agent 2 (SHUCT)
Winning score (between 0 and 1) : N=5, mean=0.4 (+/-0.48009).
P1: N=3, mean=0.666667 (+/-0.65332).
P2: N=2, mean=0 (+/-0).
Game Durations: N=5, mean=46.4 (+/-7.323015).
P1: N=3, mean=50.666667 (+/-7.702529).
P2: N=2, mean=40 (+/-9.7998).
=====================================================
=====================================================
Completed 10 games.

Agent 1 (UCT)
Winning score (between 0 and 1) : N=10, mean=0.6 (+/-0.32006).
P1: N=5, mean=0.8 (+/-0.391992).
P2: N=5, mean=0.4 (+/-0.48009).
Game Durations: N=10, mean=50.1 (+/-7.771213).
P1: N=5, mean=45.6 (+/-13.881167).
P2: N=5, mean=54.6 (+/-6.338888).

Agent 2 (SHUCT)
Winning score (between 0 and 1) : N=10, mean=0.4 (+/-0.32006).
P1: N=5, mean=0.6 (+/-0.48009).
P2: N=5, mean=0.2 (+/-0.391992).
Game Durations: N=10, mean=50.1 (+/-7.771213).
P1: N=5, mean=54.6 (+/-6.338888).
P2: N=5, mean=45.6 (+/-13.881167).
=====================================================
=====================================================
Completed 20 games.

Agent 1 (UCT)
Winning score (between 0 and 1) : N=20, mean=0.5 (+/-0.224823).
P1: N=10, mean=0.6 (+/-0.32006).
P2: N=10, mean=0.4 (+/-0.32006).
Game Durations: N=20, mean=51.3 (+/-5.211042).
P1: N=10, mean=50.2 (+/-7.89842).
P2: N=10, mean=52.4 (+/-7.157955).

Agent 2 (SHUCT)
Winning score (between 0 and 1) : N=20, mean=0.5 (+/-0.224823).
P1: N=10, mean=0.6 (+/-0.32006).
P2: N=10, mean=0.4 (+/-0.32006).
Game Durations: N=20, mean=51.3 (+/-5.211042).
P1: N=10, mean=52.4 (+/-7.157955).
P2: N=10, mean=50.2 (+/-7.89842).
=====================================================
=====================================================
Completed 30 games.

Agent 1 (UCT)
Winning score (between 0 and 1) : N=30, mean=0.5 (+/-0.181978).
P1: N=15, mean=0.533333 (+/-0.261328).
P2: N=15, mean=0.466667 (+/-0.261328).
Game Durations: N=30, mean=51.8 (+/-4.533547).
P1: N=15, mean=52.933333 (+/-6.113144).
P2: N=15, mean=50.666667 (+/-6.860971).

Agent 2 (SHUCT)
Winning score (between 0 and 1) : N=30, mean=0.5 (+/-0.181978).
P1: N=15, mean=0.533333 (+/-0.261328).
P2: N=15, mean=0.466667 (+/-0.261328).
Game Durations: N=30, mean=51.8 (+/-4.533547).
P1: N=15, mean=50.666667 (+/-6.860971).
P2: N=15, mean=52.933333 (+/-6.113144).
=====================================================
=====================================================
Completed 40 games.

Agent 1 (UCT)
Winning score (between 0 and 1) : N=40, mean=0.5 (+/-0.156922).
P1: N=20, mean=0.6 (+/-0.22028).
P2: N=20, mean=0.4 (+/-0.22028).
Game Durations: N=40, mean=53.35 (+/-3.891897).
P1: N=20, mean=55.1 (+/-5.331478).
P2: N=20, mean=51.6 (+/-5.702528).

Agent 2 (SHUCT)
Winning score (between 0 and 1) : N=40, mean=0.5 (+/-0.156922).
P1: N=20, mean=0.6 (+/-0.22028).
P2: N=20, mean=0.4 (+/-0.22028).
Game Durations: N=40, mean=53.35 (+/-3.891897).
P1: N=20, mean=51.6 (+/-5.702528).
P2: N=20, mean=55.1 (+/-5.331478).
=====================================================
=====================================================
Completed 50 games.

Agent 1 (UCT)
Winning score (between 0 and 1) : N=50, mean=0.54 (+/-0.139548).
P1: N=25, mean=0.64 (+/-0.192036).
P2: N=25, mean=0.44 (+/-0.198592).
Game Durations: N=50, mean=54.48 (+/-3.322974).
P1: N=25, mean=56 (+/-4.335604).
P2: N=25, mean=52.96 (+/-5.054873).

Agent 2 (SHUCT)
Winning score (between 0 and 1) : N=50, mean=0.46 (+/-0.139548).
P1: N=25, mean=0.56 (+/-0.198592).
P2: N=25, mean=0.36 (+/-0.192036).
Game Durations: N=50, mean=54.48 (+/-3.322974).
P1: N=25, mean=52.96 (+/-5.054873).
P2: N=25, mean=56 (+/-4.335604).
=====================================================
=====================================================
Completed 60 games.

Agent 1 (UCT)
Winning score (between 0 and 1) : N=60, mean=0.55 (+/-0.126943).
P1: N=30, mean=0.633333 (+/-0.175388).
P2: N=30, mean=0.466667 (+/-0.181573).
Game Durations: N=60, mean=54.916667 (+/-3.204089).
P1: N=30, mean=56.9 (+/-4.720536).
P2: N=30, mean=52.933333 (+/-4.295017).

Agent 2 (SHUCT)
Winning score (between 0 and 1) : N=60, mean=0.45 (+/-0.126943).
P1: N=30, mean=0.533333 (+/-0.181573).
P2: N=30, mean=0.366667 (+/-0.175388).
Game Durations: N=60, mean=54.916667 (+/-3.204089).
P1: N=30, mean=52.933333 (+/-4.295017).
P2: N=30, mean=56.9 (+/-4.720536).
=====================================================
=====================================================
Completed 70 games.

Agent 1 (UCT)
Winning score (between 0 and 1) : N=70, mean=0.557143 (+/-0.117203).
P1: N=35, mean=0.628571 (+/-0.162414).
P2: N=35, mean=0.485714 (+/-0.167997).
Game Durations: N=70, mean=54.428571 (+/-2.882521).
P1: N=35, mean=55.714286 (+/-4.39773).
P2: N=35, mean=53.142857 (+/-3.743113).

Agent 2 (SHUCT)
Winning score (between 0 and 1) : N=70, mean=0.442857 (+/-0.117203).
P1: N=35, mean=0.514286 (+/-0.167997).
P2: N=35, mean=0.371429 (+/-0.162414).
Game Durations: N=70, mean=54.428571 (+/-2.882521).
P1: N=35, mean=53.142857 (+/-3.743113).
P2: N=35, mean=55.714286 (+/-4.39773).
=====================================================
=====================================================
Completed 80 games.

Agent 1 (UCT)
Winning score (between 0 and 1) : N=80, mean=0.55 (+/-0.109704).
P1: N=40, mean=0.6 (+/-0.153752).
P2: N=40, mean=0.5 (+/-0.156922).
Game Durations: N=80, mean=53.65 (+/-2.74649).
P1: N=40, mean=54.9 (+/-4.196493).
P2: N=40, mean=52.4 (+/-3.555461).

Agent 2 (SHUCT)
Winning score (between 0 and 1) : N=80, mean=0.45 (+/-0.109704).
P1: N=40, mean=0.5 (+/-0.156922).
P2: N=40, mean=0.4 (+/-0.153752).
Game Durations: N=80, mean=53.65 (+/-2.74649).
P1: N=40, mean=52.4 (+/-3.555461).
P2: N=40, mean=54.9 (+/-4.196493).
=====================================================
=====================================================
Completed 90 games.

Agent 1 (UCT)
Winning score (between 0 and 1) : N=90, mean=0.544444 (+/-0.103466).
P1: N=45, mean=0.555556 (+/-0.146823).
P2: N=45, mean=0.533333 (+/-0.147409).
Game Durations: N=90, mean=53.644444 (+/-2.645982).
P1: N=45, mean=54.244444 (+/-4.055732).
P2: N=45, mean=53.044444 (+/-3.436757).

Agent 2 (SHUCT)
Winning score (between 0 and 1) : N=90, mean=0.455556 (+/-0.103466).
P1: N=45, mean=0.466667 (+/-0.147409).
P2: N=45, mean=0.444444 (+/-0.146823).
Game Durations: N=90, mean=53.644444 (+/-2.645982).
P1: N=45, mean=53.044444 (+/-3.436757).
P2: N=45, mean=54.244444 (+/-4.055732).
=====================================================
=====================================================
Completed 100 games.

Agent 1 (UCT)
Winning score (between 0 and 1) : N=100, mean=0.55 (+/-0.097998).
P1: N=50, mean=0.54 (+/-0.139548).
P2: N=50, mean=0.56 (+/-0.138986).
Game Durations: N=100, mean=53.55 (+/-2.533726).
P1: N=50, mean=53.62 (+/-3.867527).
P2: N=50, mean=53.48 (+/-3.313997).

Agent 2 (SHUCT)
Winning score (between 0 and 1) : N=100, mean=0.45 (+/-0.097998).
P1: N=50, mean=0.44 (+/-0.138986).
P2: N=50, mean=0.46 (+/-0.139548).
Game Durations: N=100, mean=53.55 (+/-2.533726).
P1: N=50, mean=53.48 (+/-3.313997).
P2: N=50, mean=53.62 (+/-3.867527).
=====================================================
=====================================================
Completed 110 games.

Agent 1 (UCT)
Winning score (between 0 and 1) : N=110, mean=0.563636 (+/-0.093102).
P1: N=55, mean=0.545455 (+/-0.132806).
P2: N=55, mean=0.581818 (+/-0.131561).
Game Durations: N=110, mean=53.536364 (+/-2.432033).
P1: N=55, mean=53.345455 (+/-3.680733).
P2: N=55, mean=53.727273 (+/-3.213287).

Agent 2 (SHUCT)
Winning score (between 0 and 1) : N=110, mean=0.436364 (+/-0.093102).
P1: N=55, mean=0.418182 (+/-0.131561).
P2: N=55, mean=0.454545 (+/-0.132806).
Game Durations: N=110, mean=53.536364 (+/-2.432033).
P1: N=55, mean=53.727273 (+/-3.213287).
P2: N=55, mean=53.345455 (+/-3.680733).
=====================================================
=====================================================
Completed 120 games.

Agent 1 (UCT)
Winning score (between 0 and 1) : N=120, mean=0.566667 (+/-0.089033).
P1: N=60, mean=0.55 (+/-0.126943).
P2: N=60, mean=0.583333 (+/-0.125798).
Game Durations: N=120, mean=53.866667 (+/-2.332696).
P1: N=60, mean=54.283333 (+/-3.504254).
P2: N=60, mean=53.45 (+/-3.106113).

Agent 2 (SHUCT)
Winning score (between 0 and 1) : N=120, mean=0.433333 (+/-0.089033).
P1: N=60, mean=0.416667 (+/-0.125798).
P2: N=60, mean=0.45 (+/-0.126943).
Game Durations: N=120, mean=53.866667 (+/-2.332696).
P1: N=60, mean=53.45 (+/-3.106113).
P2: N=60, mean=54.283333 (+/-3.504254).
=====================================================
=====================================================
Completed 130 games.

Agent 1 (UCT)
Winning score (between 0 and 1) : N=130, mean=0.553846 (+/-0.085781).
P1: N=65, mean=0.523077 (+/-0.122367).
P2: N=65, mean=0.584615 (+/-0.120731).
Game Durations: N=130, mean=54.007692 (+/-2.165777).
P1: N=65, mean=54.4 (+/-3.244482).
P2: N=65, mean=53.615385 (+/-2.892024).

Agent 2 (SHUCT)
Winning score (between 0 and 1) : N=130, mean=0.446154 (+/-0.085781).
P1: N=65, mean=0.415385 (+/-0.120731).
P2: N=65, mean=0.476923 (+/-0.122367).
Game Durations: N=130, mean=54.007692 (+/-2.165777).
P1: N=65, mean=53.615385 (+/-2.892024).
P2: N=65, mean=54.4 (+/-3.244482).
=====================================================
=====================================================
Completed 140 games.

Agent 1 (UCT)
Winning score (between 0 and 1) : N=140, mean=0.557143 (+/-0.082576).
P1: N=70, mean=0.528571 (+/-0.117783).
P2: N=70, mean=0.585714 (+/-0.116229).
Game Durations: N=140, mean=53.557143 (+/-2.087098).
P1: N=70, mean=53.585714 (+/-3.18528).
P2: N=70, mean=53.528571 (+/-2.721044).

Agent 2 (SHUCT)
Winning score (between 0 and 1) : N=140, mean=0.442857 (+/-0.082576).
P1: N=70, mean=0.414286 (+/-0.116229).
P2: N=70, mean=0.471429 (+/-0.117783).
Game Durations: N=140, mean=53.557143 (+/-2.087098).
P1: N=70, mean=53.528571 (+/-2.721044).
P2: N=70, mean=53.585714 (+/-3.18528).
=====================================================
=====================================================
Completed 150 games.

Agent 1 (UCT)
Winning score (between 0 and 1) : N=150, mean=0.54 (+/-0.080026).
P1: N=75, mean=0.493333 (+/-0.11391).
P2: N=75, mean=0.586667 (+/-0.112196).
Game Durations: N=150, mean=54.053333 (+/-2.00511).
P1: N=75, mean=54.253333 (+/-3.046846).
P2: N=75, mean=53.853333 (+/-2.627375).

Agent 2 (SHUCT)
Winning score (between 0 and 1) : N=150, mean=0.46 (+/-0.080026).
P1: N=75, mean=0.413333 (+/-0.112196).
P2: N=75, mean=0.506667 (+/-0.11391).
Game Durations: N=150, mean=54.053333 (+/-2.00511).
P1: N=75, mean=53.853333 (+/-2.627375).
P2: N=75, mean=54.253333 (+/-3.046846).
=====================================================
