Warming up...
Finished warming up!
=====================================================
Completed 1 games.

Agent 1 (Example UCT)
Winning score (between 0 and 1) : N=1, mean=1 (+/-0).
P1: N=1, mean=1 (+/-0).
P2: N=0, mean=0 (+/-0).
Game Durations: N=1, mean=61 (+/-0).
P1: N=1, mean=61 (+/-0).
P2: N=0, mean=0 (+/-0).

Agent 2 (SHUCT)
Winning score (between 0 and 1) : N=1, mean=0 (+/-0).
P1: N=0, mean=0 (+/-0).
P2: N=1, mean=0 (+/-0).
Game Durations: N=1, mean=61 (+/-0).
P1: N=0, mean=0 (+/-0).
P2: N=1, mean=61 (+/-0).
=====================================================
=====================================================
Completed 2 games.

Agent 1 (Example UCT)
Winning score (between 0 and 1) : N=2, mean=0.5 (+/-0.97998).
P1: N=1, mean=1 (+/-0).
P2: N=1, mean=0 (+/-0).
Game Durations: N=2, mean=56 (+/-9.7998).
P1: N=1, mean=61 (+/-0).
P2: N=1, mean=51 (+/-0).

Agent 2 (SHUCT)
Winning score (between 0 and 1) : N=2, mean=0.5 (+/-0.97998).
P1: N=1, mean=1 (+/-0).
P2: N=1, mean=0 (+/-0).
Game Durations: N=2, mean=56 (+/-9.7998).
P1: N=1, mean=51 (+/-0).
P2: N=1, mean=61 (+/-0).
=====================================================
=====================================================
Completed 3 games.

Agent 1 (Example UCT)
Winning score (between 0 and 1) : N=3, mean=0.333333 (+/-0.65332).
P1: N=2, mean=0.5 (+/-0.97998).
P2: N=1, mean=0 (+/-0).
Game Durations: N=3, mean=51.333333 (+/-10.755005).
P1: N=2, mean=51.5 (+/-18.61962).
P2: N=1, mean=51 (+/-0).

Agent 2 (SHUCT)
Winning score (between 0 and 1) : N=3, mean=0.666667 (+/-0.65332).
P1: N=1, mean=1 (+/-0).
P2: N=2, mean=0.5 (+/-0.97998).
Game Durations: N=3, mean=51.333333 (+/-10.755005).
P1: N=1, mean=51 (+/-0).
P2: N=2, mean=51.5 (+/-18.61962).
=====================================================
=====================================================
Completed 4 games.

Agent 1 (Example UCT)
Winning score (between 0 and 1) : N=4, mean=0.5 (+/-0.565792).
P1: N=2, mean=0.5 (+/-0.97998).
P2: N=2, mean=0.5 (+/-0.97998).
Game Durations: N=4, mean=52 (+/-7.71637).
P1: N=2, mean=51.5 (+/-18.61962).
P2: N=2, mean=52.5 (+/-2.93994).

Agent 2 (SHUCT)
Winning score (between 0 and 1) : N=4, mean=0.5 (+/-0.565792).
P1: N=2, mean=0.5 (+/-0.97998).
P2: N=2, mean=0.5 (+/-0.97998).
Game Durations: N=4, mean=52 (+/-7.71637).
P1: N=2, mean=52.5 (+/-2.93994).
P2: N=2, mean=51.5 (+/-18.61962).
=====================================================
=====================================================
Completed 5 games.

Agent 1 (Example UCT)
Winning score (between 0 and 1) : N=5, mean=0.6 (+/-0.48009).
P1: N=3, mean=0.666667 (+/-0.65332).
P2: N=2, mean=0.5 (+/-0.97998).
Game Durations: N=5, mean=50.2 (+/-6.940583).
P1: N=3, mean=48.666667 (+/-12.099656).
P2: N=2, mean=52.5 (+/-2.93994).

Agent 2 (SHUCT)
Winning score (between 0 and 1) : N=5, mean=0.4 (+/-0.48009).
P1: N=2, mean=0.5 (+/-0.97998).
P2: N=3, mean=0.333333 (+/-0.65332).
Game Durations: N=5, mean=50.2 (+/-6.940583).
P1: N=2, mean=52.5 (+/-2.93994).
P2: N=3, mean=48.666667 (+/-12.099656).
=====================================================
=====================================================
Completed 10 games.

Agent 1 (Example UCT)
Winning score (between 0 and 1) : N=10, mean=0.6 (+/-0.32006).
P1: N=5, mean=0.6 (+/-0.48009).
P2: N=5, mean=0.6 (+/-0.48009).
Game Durations: N=10, mean=53.7 (+/-5.403632).
P1: N=5, mean=49 (+/-6.704095).
P2: N=5, mean=58.4 (+/-6.634978).

Agent 2 (SHUCT)
Winning score (between 0 and 1) : N=10, mean=0.4 (+/-0.32006).
P1: N=5, mean=0.4 (+/-0.48009).
P2: N=5, mean=0.4 (+/-0.48009).
Game Durations: N=10, mean=53.7 (+/-5.403632).
P1: N=5, mean=58.4 (+/-6.634978).
P2: N=5, mean=49 (+/-6.704095).
=====================================================
=====================================================
Completed 20 games.

Agent 1 (Example UCT)
Winning score (between 0 and 1) : N=20, mean=0.5 (+/-0.224823).
P1: N=10, mean=0.5 (+/-0.32666).
P2: N=10, mean=0.5 (+/-0.32666).
Game Durations: N=20, mean=56.9 (+/-5.120633).
P1: N=10, mean=53.5 (+/-8.474293).
P2: N=10, mean=60.3 (+/-5.387811).

Agent 2 (SHUCT)
Winning score (between 0 and 1) : N=20, mean=0.5 (+/-0.224823).
P1: N=10, mean=0.5 (+/-0.32666).
P2: N=10, mean=0.5 (+/-0.32666).
Game Durations: N=20, mean=56.9 (+/-5.120633).
P1: N=10, mean=60.3 (+/-5.387811).
P2: N=10, mean=53.5 (+/-8.474293).
=====================================================
=====================================================
Completed 30 games.

Agent 1 (Example UCT)
Winning score (between 0 and 1) : N=30, mean=0.533333 (+/-0.181573).
P1: N=15, mean=0.533333 (+/-0.261328).
P2: N=15, mean=0.533333 (+/-0.261328).
Game Durations: N=30, mean=54.9 (+/-4.391008).
P1: N=15, mean=53.2 (+/-6.841035).
P2: N=15, mean=56.6 (+/-5.611819).

Agent 2 (SHUCT)
Winning score (between 0 and 1) : N=30, mean=0.466667 (+/-0.181573).
P1: N=15, mean=0.466667 (+/-0.261328).
P2: N=15, mean=0.466667 (+/-0.261328).
Game Durations: N=30, mean=54.9 (+/-4.391008).
P1: N=15, mean=56.6 (+/-5.611819).
P2: N=15, mean=53.2 (+/-6.841035).
=====================================================
=====================================================
Completed 40 games.

Agent 1 (Example UCT)
Winning score (between 0 and 1) : N=40, mean=0.525 (+/-0.156726).
P1: N=20, mean=0.55 (+/-0.223696).
P2: N=20, mean=0.5 (+/-0.224823).
Game Durations: N=40, mean=54.175 (+/-3.627513).
P1: N=20, mean=53.25 (+/-5.824387).
P2: N=20, mean=55.1 (+/-4.444219).

Agent 2 (SHUCT)
Winning score (between 0 and 1) : N=40, mean=0.475 (+/-0.156726).
P1: N=20, mean=0.5 (+/-0.224823).
P2: N=20, mean=0.45 (+/-0.223696).
Game Durations: N=40, mean=54.175 (+/-3.627513).
P1: N=20, mean=55.1 (+/-4.444219).
P2: N=20, mean=53.25 (+/-5.824387).
=====================================================
=====================================================
Completed 50 games.

Agent 1 (Example UCT)
Winning score (between 0 and 1) : N=50, mean=0.46 (+/-0.139548).
P1: N=25, mean=0.48 (+/-0.199877).
P2: N=25, mean=0.44 (+/-0.198592).
Game Durations: N=50, mean=53.36 (+/-3.112227).
P1: N=25, mean=51.92 (+/-4.80879).
P2: N=25, mean=54.8 (+/-3.970229).

Agent 2 (SHUCT)
Winning score (between 0 and 1) : N=50, mean=0.54 (+/-0.139548).
P1: N=25, mean=0.56 (+/-0.198592).
P2: N=25, mean=0.52 (+/-0.199877).
Game Durations: N=50, mean=53.36 (+/-3.112227).
P1: N=25, mean=54.8 (+/-3.970229).
P2: N=25, mean=51.92 (+/-4.80879).
=====================================================
=====================================================
Completed 60 games.

Agent 1 (Example UCT)
Winning score (between 0 and 1) : N=60, mean=0.416667 (+/-0.125798).
P1: N=30, mean=0.433333 (+/-0.180353).
P2: N=30, mean=0.4 (+/-0.178301).
Game Durations: N=60, mean=54.183333 (+/-2.739706).
P1: N=30, mean=53.366667 (+/-4.382083).
P2: N=30, mean=55 (+/-3.340997).

Agent 2 (SHUCT)
Winning score (between 0 and 1) : N=60, mean=0.583333 (+/-0.125798).
P1: N=30, mean=0.6 (+/-0.178301).
P2: N=30, mean=0.566667 (+/-0.180353).
Game Durations: N=60, mean=54.183333 (+/-2.739706).
P1: N=30, mean=55 (+/-3.340997).
P2: N=30, mean=53.366667 (+/-4.382083).
=====================================================
=====================================================
Completed 70 games.

Agent 1 (Example UCT)
Winning score (between 0 and 1) : N=70, mean=0.414286 (+/-0.116229).
P1: N=35, mean=0.4 (+/-0.16467).
P2: N=35, mean=0.428571 (+/-0.166341).
Game Durations: N=70, mean=53.371429 (+/-2.509521).
P1: N=35, mean=52.742857 (+/-4.008954).
P2: N=35, mean=54 (+/-3.065981).

Agent 2 (SHUCT)
Winning score (between 0 and 1) : N=70, mean=0.585714 (+/-0.116229).
P1: N=35, mean=0.571429 (+/-0.166341).
P2: N=35, mean=0.6 (+/-0.16467).
Game Durations: N=70, mean=53.371429 (+/-2.509521).
P1: N=35, mean=54 (+/-3.065981).
P2: N=35, mean=52.742857 (+/-4.008954).
=====================================================
=====================================================
Completed 80 games.

Agent 1 (Example UCT)
Winning score (between 0 and 1) : N=80, mean=0.4 (+/-0.108029).
P1: N=40, mean=0.4 (+/-0.153752).
P2: N=40, mean=0.4 (+/-0.153752).
Game Durations: N=80, mean=53.25 (+/-2.41899).
P1: N=40, mean=52.4 (+/-3.818602).
P2: N=40, mean=54.1 (+/-2.997012).

Agent 2 (SHUCT)
Winning score (between 0 and 1) : N=80, mean=0.6 (+/-0.108029).
P1: N=40, mean=0.6 (+/-0.153752).
P2: N=40, mean=0.6 (+/-0.153752).
Game Durations: N=80, mean=53.25 (+/-2.41899).
P1: N=40, mean=54.1 (+/-2.997012).
P2: N=40, mean=52.4 (+/-3.818602).
=====================================================
=====================================================
Completed 90 games.

Agent 1 (Example UCT)
Winning score (between 0 and 1) : N=90, mean=0.411111 (+/-0.102223).
P1: N=45, mean=0.422222 (+/-0.145939).
P2: N=45, mean=0.4 (+/-0.144753).
Game Durations: N=90, mean=53.777778 (+/-2.238189).
P1: N=45, mean=53.266667 (+/-3.589965).
P2: N=45, mean=54.288889 (+/-2.707803).

Agent 2 (SHUCT)
Winning score (between 0 and 1) : N=90, mean=0.588889 (+/-0.102223).
P1: N=45, mean=0.6 (+/-0.144753).
P2: N=45, mean=0.577778 (+/-0.145939).
Game Durations: N=90, mean=53.777778 (+/-2.238189).
P1: N=45, mean=54.288889 (+/-2.707803).
P2: N=45, mean=53.266667 (+/-3.589965).
=====================================================
=====================================================
Completed 100 games.

Agent 1 (Example UCT)
Winning score (between 0 and 1) : N=100, mean=0.4 (+/-0.096502).
P1: N=50, mean=0.4 (+/-0.137169).
P2: N=50, mean=0.4 (+/-0.137169).
Game Durations: N=100, mean=54.32 (+/-2.118259).
P1: N=50, mean=54.28 (+/-3.34217).
P2: N=50, mean=54.36 (+/-2.638349).

Agent 2 (SHUCT)
Winning score (between 0 and 1) : N=100, mean=0.6 (+/-0.096502).
P1: N=50, mean=0.6 (+/-0.137169).
P2: N=50, mean=0.6 (+/-0.137169).
Game Durations: N=100, mean=54.32 (+/-2.118259).
P1: N=50, mean=54.36 (+/-2.638349).
P2: N=50, mean=54.28 (+/-3.34217).
=====================================================
=====================================================
Completed 110 games.

Agent 1 (Example UCT)
Winning score (between 0 and 1) : N=110, mean=0.4 (+/-0.091969).
P1: N=55, mean=0.381818 (+/-0.12958).
P2: N=55, mean=0.418182 (+/-0.131561).
Game Durations: N=110, mean=54.445455 (+/-2.094086).
P1: N=55, mean=54.054545 (+/-3.308077).
P2: N=55, mean=54.836364 (+/-2.595782).

Agent 2 (SHUCT)
Winning score (between 0 and 1) : N=110, mean=0.6 (+/-0.091969).
P1: N=55, mean=0.581818 (+/-0.131561).
P2: N=55, mean=0.618182 (+/-0.12958).
Game Durations: N=110, mean=54.445455 (+/-2.094086).
P1: N=55, mean=54.836364 (+/-2.595782).
P2: N=55, mean=54.054545 (+/-3.308077).
=====================================================
=====================================================
Completed 120 games.

Agent 1 (Example UCT)
Winning score (between 0 and 1) : N=120, mean=0.408333 (+/-0.088312).
P1: N=60, mean=0.383333 (+/-0.124061).
P2: N=60, mean=0.433333 (+/-0.126443).
Game Durations: N=120, mean=54.541667 (+/-1.95431).
P1: N=60, mean=54.416667 (+/-3.076227).
P2: N=60, mean=54.666667 (+/-2.437535).

Agent 2 (SHUCT)
Winning score (between 0 and 1) : N=120, mean=0.591667 (+/-0.088312).
P1: N=60, mean=0.566667 (+/-0.126443).
P2: N=60, mean=0.616667 (+/-0.124061).
Game Durations: N=120, mean=54.541667 (+/-1.95431).
P1: N=60, mean=54.666667 (+/-2.437535).
P2: N=60, mean=54.416667 (+/-3.076227).
=====================================================
=====================================================
Completed 130 games.

Agent 1 (Example UCT)
Winning score (between 0 and 1) : N=130, mean=0.407692 (+/-0.084799).
P1: N=65, mean=0.369231 (+/-0.118234).
P2: N=65, mean=0.446154 (+/-0.121785).
Game Durations: N=130, mean=54.123077 (+/-1.882462).
P1: N=65, mean=54.246154 (+/-2.887979).
P2: N=65, mean=54 (+/-2.437859).

Agent 2 (SHUCT)
Winning score (between 0 and 1) : N=130, mean=0.592308 (+/-0.084799).
P1: N=65, mean=0.553846 (+/-0.121785).
P2: N=65, mean=0.630769 (+/-0.118234).
Game Durations: N=130, mean=54.123077 (+/-1.882462).
P1: N=65, mean=54 (+/-2.437859).
P2: N=65, mean=54.246154 (+/-2.887979).
=====================================================
=====================================================
Completed 140 games.

Agent 1 (Example UCT)
Winning score (between 0 and 1) : N=140, mean=0.435714 (+/-0.082431).
P1: N=70, mean=0.385714 (+/-0.114853).
P2: N=70, mean=0.485714 (+/-0.117928).
Game Durations: N=140, mean=54.164286 (+/-1.858597).
P1: N=70, mean=54.9 (+/-2.863024).
P2: N=70, mean=53.428571 (+/-2.379176).

Agent 2 (SHUCT)
Winning score (between 0 and 1) : N=140, mean=0.564286 (+/-0.082431).
P1: N=70, mean=0.514286 (+/-0.117928).
P2: N=70, mean=0.614286 (+/-0.114853).
Game Durations: N=140, mean=54.164286 (+/-1.858597).
P1: N=70, mean=53.428571 (+/-2.379176).
P2: N=70, mean=54.9 (+/-2.863024).
=====================================================
=====================================================
Completed 150 games.

Agent 1 (Example UCT)
Winning score (between 0 and 1) : N=150, mean=0.446667 (+/-0.079825).
P1: N=75, mean=0.413333 (+/-0.112196).
P2: N=75, mean=0.48 (+/-0.113829).
Game Durations: N=150, mean=54.266667 (+/-1.806701).
P1: N=75, mean=54.76 (+/-2.818809).
P2: N=75, mean=53.773333 (+/-2.274629).

Agent 2 (SHUCT)
Winning score (between 0 and 1) : N=150, mean=0.553333 (+/-0.079825).
P1: N=75, mean=0.52 (+/-0.113829).
P2: N=75, mean=0.586667 (+/-0.112196).
Game Durations: N=150, mean=54.266667 (+/-1.806701).
P1: N=75, mean=53.773333 (+/-2.274629).
P2: N=75, mean=54.76 (+/-2.818809).
=====================================================
