Warming up...
Finished warming up!
=====================================================
Completed 1 games.

Agent 1 (SHUCTAnyTime)
Winning score (between 0 and 1) : N=1, mean=0 (+/-0).
P1: N=1, mean=0 (+/-0).
P2: N=0, mean=0 (+/-0).
Game Durations: N=1, mean=36 (+/-0).
P1: N=1, mean=36 (+/-0).
P2: N=0, mean=0 (+/-0).

Agent 2 (Example UCT)
Winning score (between 0 and 1) : N=1, mean=1 (+/-0).
P1: N=0, mean=0 (+/-0).
P2: N=1, mean=1 (+/-0).
Game Durations: N=1, mean=36 (+/-0).
P1: N=0, mean=0 (+/-0).
P2: N=1, mean=36 (+/-0).
=====================================================
=====================================================
Completed 2 games.

Agent 1 (SHUCTAnyTime)
Winning score (between 0 and 1) : N=2, mean=0.5 (+/-0.97998).
P1: N=1, mean=0 (+/-0).
P2: N=1, mean=1 (+/-0).
Game Durations: N=2, mean=34 (+/-3.91992).
P1: N=1, mean=36 (+/-0).
P2: N=1, mean=32 (+/-0).

Agent 2 (Example UCT)
Winning score (between 0 and 1) : N=2, mean=0.5 (+/-0.97998).
P1: N=1, mean=0 (+/-0).
P2: N=1, mean=1 (+/-0).
Game Durations: N=2, mean=34 (+/-3.91992).
P1: N=1, mean=32 (+/-0).
P2: N=1, mean=36 (+/-0).
=====================================================
=====================================================
Completed 3 games.

Agent 1 (SHUCTAnyTime)
Winning score (between 0 and 1) : N=3, mean=0.333333 (+/-0.65332).
P1: N=2, mean=0 (+/-0).
P2: N=1, mean=1 (+/-0).
Game Durations: N=3, mean=34 (+/-2.263167).
P1: N=2, mean=35 (+/-1.95996).
P2: N=1, mean=32 (+/-0).

Agent 2 (Example UCT)
Winning score (between 0 and 1) : N=3, mean=0.666667 (+/-0.65332).
P1: N=1, mean=0 (+/-0).
P2: N=2, mean=1 (+/-0).
Game Durations: N=3, mean=34 (+/-2.263167).
P1: N=1, mean=32 (+/-0).
P2: N=2, mean=35 (+/-1.95996).
=====================================================
=====================================================
Completed 4 games.

Agent 1 (SHUCTAnyTime)
Winning score (between 0 and 1) : N=4, mean=0.25 (+/-0.48999).
P1: N=2, mean=0 (+/-0).
P2: N=2, mean=0.5 (+/-0.97998).
Game Durations: N=4, mean=33.25 (+/-2.172964).
P1: N=2, mean=35 (+/-1.95996).
P2: N=2, mean=31.5 (+/-0.97998).

Agent 2 (Example UCT)
Winning score (between 0 and 1) : N=4, mean=0.75 (+/-0.48999).
P1: N=2, mean=0.5 (+/-0.97998).
P2: N=2, mean=1 (+/-0).
Game Durations: N=4, mean=33.25 (+/-2.172964).
P1: N=2, mean=31.5 (+/-0.97998).
P2: N=2, mean=35 (+/-1.95996).
=====================================================
=====================================================
Completed 5 games.

Agent 1 (SHUCTAnyTime)
Winning score (between 0 and 1) : N=5, mean=0.2 (+/-0.391992).
P1: N=3, mean=0 (+/-0).
P2: N=2, mean=0.5 (+/-0.97998).
Game Durations: N=5, mean=33.4 (+/-1.708654).
P1: N=3, mean=34.666667 (+/-1.30664).
P2: N=2, mean=31.5 (+/-0.97998).

Agent 2 (Example UCT)
Winning score (between 0 and 1) : N=5, mean=0.8 (+/-0.391992).
P1: N=2, mean=0.5 (+/-0.97998).
P2: N=3, mean=1 (+/-0).
Game Durations: N=5, mean=33.4 (+/-1.708654).
P1: N=2, mean=31.5 (+/-0.97998).
P2: N=3, mean=34.666667 (+/-1.30664).
=====================================================
=====================================================
Completed 10 games.

Agent 1 (SHUCTAnyTime)
Winning score (between 0 and 1) : N=10, mean=0.3 (+/-0.299389).
P1: N=5, mean=0.4 (+/-0.48009).
P2: N=5, mean=0.2 (+/-0.391992).
Game Durations: N=10, mean=34.2 (+/-1.266834).
P1: N=5, mean=35.2 (+/-1.142843).
P2: N=5, mean=33.2 (+/-1.998775).

Agent 2 (Example UCT)
Winning score (between 0 and 1) : N=10, mean=0.7 (+/-0.299389).
P1: N=5, mean=0.8 (+/-0.391992).
P2: N=5, mean=0.6 (+/-0.48009).
Game Durations: N=10, mean=34.2 (+/-1.266834).
P1: N=5, mean=33.2 (+/-1.998775).
P2: N=5, mean=35.2 (+/-1.142843).
=====================================================
=====================================================
Completed 20 games.

Agent 1 (SHUCTAnyTime)
Winning score (between 0 and 1) : N=20, mean=0.4 (+/-0.22028).
P1: N=10, mean=0.3 (+/-0.299389).
P2: N=10, mean=0.5 (+/-0.32666).
Game Durations: N=20, mean=33.9 (+/-0.984098).
P1: N=10, mean=34.5 (+/-1.606955).
P2: N=10, mean=33.3 (+/-1.095164).

Agent 2 (Example UCT)
Winning score (between 0 and 1) : N=20, mean=0.6 (+/-0.22028).
P1: N=10, mean=0.5 (+/-0.32666).
P2: N=10, mean=0.7 (+/-0.299389).
Game Durations: N=20, mean=33.9 (+/-0.984098).
P1: N=10, mean=33.3 (+/-1.095164).
P2: N=10, mean=34.5 (+/-1.606955).
=====================================================
=====================================================
Completed 30 games.

Agent 1 (SHUCTAnyTime)
Winning score (between 0 and 1) : N=30, mean=0.433333 (+/-0.180353).
P1: N=15, mean=0.4 (+/-0.256619).
P2: N=15, mean=0.466667 (+/-0.261328).
Game Durations: N=30, mean=33.466667 (+/-0.979905).
P1: N=15, mean=34.133333 (+/-1.516571).
P2: N=15, mean=32.8 (+/-1.197555).

Agent 2 (Example UCT)
Winning score (between 0 and 1) : N=30, mean=0.566667 (+/-0.180353).
P1: N=15, mean=0.533333 (+/-0.261328).
P2: N=15, mean=0.6 (+/-0.256619).
Game Durations: N=30, mean=33.466667 (+/-0.979905).
P1: N=15, mean=32.8 (+/-1.197555).
P2: N=15, mean=34.133333 (+/-1.516571).
=====================================================
=====================================================
Completed 40 games.

Agent 1 (SHUCTAnyTime)
Winning score (between 0 and 1) : N=40, mean=0.4 (+/-0.153752).
P1: N=20, mean=0.4 (+/-0.22028).
P2: N=20, mean=0.4 (+/-0.22028).
Game Durations: N=40, mean=33.4 (+/-0.884352).
P1: N=20, mean=34.3 (+/-1.38663).
P2: N=20, mean=32.5 (+/-0.97998).

Agent 2 (Example UCT)
Winning score (between 0 and 1) : N=40, mean=0.6 (+/-0.153752).
P1: N=20, mean=0.6 (+/-0.22028).
P2: N=20, mean=0.6 (+/-0.22028).
Game Durations: N=40, mean=33.4 (+/-0.884352).
P1: N=20, mean=32.5 (+/-0.97998).
P2: N=20, mean=34.3 (+/-1.38663).
=====================================================
=====================================================
Completed 50 games.

Agent 1 (SHUCTAnyTime)
Winning score (between 0 and 1) : N=50, mean=0.4 (+/-0.137169).
P1: N=25, mean=0.36 (+/-0.192036).
P2: N=25, mean=0.44 (+/-0.198592).
Game Durations: N=50, mean=33.66 (+/-0.789187).
P1: N=25, mean=34.52 (+/-1.255599).
P2: N=25, mean=32.8 (+/-0.854327).

Agent 2 (Example UCT)
Winning score (between 0 and 1) : N=50, mean=0.6 (+/-0.137169).
P1: N=25, mean=0.56 (+/-0.198592).
P2: N=25, mean=0.64 (+/-0.192036).
Game Durations: N=50, mean=33.66 (+/-0.789187).
P1: N=25, mean=32.8 (+/-0.854327).
P2: N=25, mean=34.52 (+/-1.255599).
=====================================================
=====================================================
Completed 60 games.

Agent 1 (SHUCTAnyTime)
Winning score (between 0 and 1) : N=60, mean=0.416667 (+/-0.125798).
P1: N=30, mean=0.366667 (+/-0.175388).
P2: N=30, mean=0.466667 (+/-0.181573).
Game Durations: N=60, mean=33.583333 (+/-0.706968).
P1: N=30, mean=34.033333 (+/-1.133468).
P2: N=30, mean=33.133333 (+/-0.833838).

Agent 2 (Example UCT)
Winning score (between 0 and 1) : N=60, mean=0.583333 (+/-0.125798).
P1: N=30, mean=0.533333 (+/-0.181573).
P2: N=30, mean=0.633333 (+/-0.175388).
Game Durations: N=60, mean=33.583333 (+/-0.706968).
P1: N=30, mean=33.133333 (+/-0.833838).
P2: N=30, mean=34.033333 (+/-1.133468).
=====================================================
=====================================================
Completed 70 games.

Agent 1 (SHUCTAnyTime)
Winning score (between 0 and 1) : N=70, mean=0.442857 (+/-0.117203).
P1: N=35, mean=0.371429 (+/-0.162414).
P2: N=35, mean=0.514286 (+/-0.167997).
Game Durations: N=70, mean=33.542857 (+/-0.678816).
P1: N=35, mean=34.2 (+/-1.03462).
P2: N=35, mean=32.885714 (+/-0.838004).

Agent 2 (Example UCT)
Winning score (between 0 and 1) : N=70, mean=0.557143 (+/-0.117203).
P1: N=35, mean=0.485714 (+/-0.167997).
P2: N=35, mean=0.628571 (+/-0.162414).
Game Durations: N=70, mean=33.542857 (+/-0.678816).
P1: N=35, mean=32.885714 (+/-0.838004).
P2: N=35, mean=34.2 (+/-1.03462).
=====================================================
=====================================================
Completed 80 games.

Agent 1 (SHUCTAnyTime)
Winning score (between 0 and 1) : N=80, mean=0.4375 (+/-0.109392).
P1: N=40, mean=0.375 (+/-0.151939).
P2: N=40, mean=0.5 (+/-0.156922).
Game Durations: N=80, mean=33.6375 (+/-0.616099).
P1: N=40, mean=34.175 (+/-0.928067).
P2: N=40, mean=33.1 (+/-0.787119).

Agent 2 (Example UCT)
Winning score (between 0 and 1) : N=80, mean=0.5625 (+/-0.109392).
P1: N=40, mean=0.5 (+/-0.156922).
P2: N=40, mean=0.625 (+/-0.151939).
Game Durations: N=80, mean=33.6375 (+/-0.616099).
P1: N=40, mean=33.1 (+/-0.787119).
P2: N=40, mean=34.175 (+/-0.928067).
=====================================================
=====================================================
Completed 90 games.

Agent 1 (SHUCTAnyTime)
Winning score (between 0 and 1) : N=90, mean=0.433333 (+/-0.10295).
P1: N=45, mean=0.377778 (+/-0.143256).
P2: N=45, mean=0.488889 (+/-0.147701).
Game Durations: N=90, mean=33.644444 (+/-0.581312).
P1: N=45, mean=34.2 (+/-0.853191).
P2: N=45, mean=33.088889 (+/-0.765001).

Agent 2 (Example UCT)
Winning score (between 0 and 1) : N=90, mean=0.566667 (+/-0.10295).
P1: N=45, mean=0.511111 (+/-0.147701).
P2: N=45, mean=0.622222 (+/-0.143256).
Game Durations: N=90, mean=33.644444 (+/-0.581312).
P1: N=45, mean=33.088889 (+/-0.765001).
P2: N=45, mean=34.2 (+/-0.853191).
=====================================================
=====================================================
Completed 100 games.

Agent 1 (SHUCTAnyTime)
Winning score (between 0 and 1) : N=100, mean=0.46 (+/-0.098176).
P1: N=50, mean=0.4 (+/-0.137169).
P2: N=50, mean=0.52 (+/-0.139885).
Game Durations: N=100, mean=33.52 (+/-0.537646).
P1: N=50, mean=33.96 (+/-0.799745).
P2: N=50, mean=33.08 (+/-0.705763).

Agent 2 (Example UCT)
Winning score (between 0 and 1) : N=100, mean=0.54 (+/-0.098176).
P1: N=50, mean=0.48 (+/-0.139885).
P2: N=50, mean=0.6 (+/-0.137169).
Game Durations: N=100, mean=33.52 (+/-0.537646).
P1: N=50, mean=33.08 (+/-0.705763).
P2: N=50, mean=33.96 (+/-0.799745).
=====================================================
=====================================================
Completed 110 games.

Agent 1 (SHUCTAnyTime)
Winning score (between 0 and 1) : N=110, mean=0.463636 (+/-0.093616).
P1: N=55, mean=0.418182 (+/-0.131561).
P2: N=55, mean=0.509091 (+/-0.133336).
Game Durations: N=110, mean=33.472727 (+/-0.502274).
P1: N=55, mean=33.836364 (+/-0.738383).
P2: N=55, mean=33.109091 (+/-0.674118).

Agent 2 (Example UCT)
Winning score (between 0 and 1) : N=110, mean=0.536364 (+/-0.093616).
P1: N=55, mean=0.490909 (+/-0.133336).
P2: N=55, mean=0.581818 (+/-0.131561).
Game Durations: N=110, mean=33.472727 (+/-0.502274).
P1: N=55, mean=33.109091 (+/-0.674118).
P2: N=55, mean=33.836364 (+/-0.738383).
=====================================================
=====================================================
Completed 120 games.

Agent 1 (SHUCTAnyTime)
Winning score (between 0 and 1) : N=120, mean=0.458333 (+/-0.089522).
P1: N=60, mean=0.416667 (+/-0.125798).
P2: N=60, mean=0.5 (+/-0.127583).
Game Durations: N=120, mean=33.441667 (+/-0.473543).
P1: N=60, mean=33.716667 (+/-0.691134).
P2: N=60, mean=33.166667 (+/-0.645802).

Agent 2 (Example UCT)
Winning score (between 0 and 1) : N=120, mean=0.541667 (+/-0.089522).
P1: N=60, mean=0.5 (+/-0.127583).
P2: N=60, mean=0.583333 (+/-0.125798).
Game Durations: N=120, mean=33.441667 (+/-0.473543).
P1: N=60, mean=33.166667 (+/-0.645802).
P2: N=60, mean=33.716667 (+/-0.691134).
=====================================================
=====================================================
Completed 130 games.

Agent 1 (SHUCTAnyTime)
Winning score (between 0 and 1) : N=130, mean=0.446154 (+/-0.085781).
P1: N=65, mean=0.415385 (+/-0.120731).
P2: N=65, mean=0.476923 (+/-0.122367).
Game Durations: N=130, mean=33.392308 (+/-0.446158).
P1: N=65, mean=33.646154 (+/-0.659397).
P2: N=65, mean=33.138462 (+/-0.599923).

Agent 2 (Example UCT)
Winning score (between 0 and 1) : N=130, mean=0.553846 (+/-0.085781).
P1: N=65, mean=0.523077 (+/-0.122367).
P2: N=65, mean=0.584615 (+/-0.120731).
Game Durations: N=130, mean=33.392308 (+/-0.446158).
P1: N=65, mean=33.138462 (+/-0.599923).
P2: N=65, mean=33.646154 (+/-0.659397).
=====================================================
=====================================================
Completed 140 games.

Agent 1 (SHUCTAnyTime)
Winning score (between 0 and 1) : N=140, mean=0.428571 (+/-0.082268).
P1: N=70, mean=0.4 (+/-0.115592).
P2: N=70, mean=0.457143 (+/-0.117542).
Game Durations: N=140, mean=33.357143 (+/-0.427116).
P1: N=70, mean=33.6 (+/-0.631111).
P2: N=70, mean=33.114286 (+/-0.574569).

Agent 2 (Example UCT)
Winning score (between 0 and 1) : N=140, mean=0.571429 (+/-0.082268).
P1: N=70, mean=0.542857 (+/-0.117542).
P2: N=70, mean=0.6 (+/-0.115592).
Game Durations: N=140, mean=33.357143 (+/-0.427116).
P1: N=70, mean=33.114286 (+/-0.574569).
P2: N=70, mean=33.6 (+/-0.631111).
=====================================================
=====================================================
Completed 150 games.

Agent 1 (SHUCTAnyTime)
Winning score (between 0 and 1) : N=150, mean=0.44 (+/-0.079703).
P1: N=75, mean=0.413333 (+/-0.112196).
P2: N=75, mean=0.466667 (+/-0.113667).
Game Durations: N=150, mean=33.42 (+/-0.410526).
P1: N=75, mean=33.72 (+/-0.600578).
P2: N=75, mean=33.12 (+/-0.555558).

Agent 2 (Example UCT)
Winning score (between 0 and 1) : N=150, mean=0.56 (+/-0.079703).
P1: N=75, mean=0.533333 (+/-0.113667).
P2: N=75, mean=0.586667 (+/-0.112196).
Game Durations: N=150, mean=33.42 (+/-0.410526).
P1: N=75, mean=33.12 (+/-0.555558).
P2: N=75, mean=33.72 (+/-0.600578).
=====================================================
