Warming up...
Finished warming up!
=====================================================
Completed 1 games.

Agent 1 (SHUCTAnyTime)
Winning score (between 0 and 1) : N=1, mean=0 (+/-0).
P1: N=0, mean=0 (+/-0).
P2: N=1, mean=0 (+/-0).
Game Durations: N=1, mean=31 (+/-0).
P1: N=0, mean=0 (+/-0).
P2: N=1, mean=31 (+/-0).

Agent 2 (UCT)
Winning score (between 0 and 1) : N=1, mean=1 (+/-0).
P1: N=1, mean=1 (+/-0).
P2: N=0, mean=0 (+/-0).
Game Durations: N=1, mean=31 (+/-0).
P1: N=1, mean=31 (+/-0).
P2: N=0, mean=0 (+/-0).
=====================================================
=====================================================
Completed 2 games.

Agent 1 (SHUCTAnyTime)
Winning score (between 0 and 1) : N=2, mean=0.5 (+/-0.97998).
P1: N=1, mean=1 (+/-0).
P2: N=1, mean=0 (+/-0).
Game Durations: N=2, mean=33 (+/-3.91992).
P1: N=1, mean=35 (+/-0).
P2: N=1, mean=31 (+/-0).

Agent 2 (UCT)
Winning score (between 0 and 1) : N=2, mean=0.5 (+/-0.97998).
P1: N=1, mean=1 (+/-0).
P2: N=1, mean=0 (+/-0).
Game Durations: N=2, mean=33 (+/-3.91992).
P1: N=1, mean=31 (+/-0).
P2: N=1, mean=35 (+/-0).
=====================================================
=====================================================
Completed 3 games.

Agent 1 (SHUCTAnyTime)
Winning score (between 0 and 1) : N=3, mean=0.333333 (+/-0.65332).
P1: N=1, mean=1 (+/-0).
P2: N=2, mean=0 (+/-0).
Game Durations: N=3, mean=33 (+/-2.263167).
P1: N=1, mean=35 (+/-0).
P2: N=2, mean=32 (+/-1.95996).

Agent 2 (UCT)
Winning score (between 0 and 1) : N=3, mean=0.666667 (+/-0.65332).
P1: N=2, mean=1 (+/-0).
P2: N=1, mean=0 (+/-0).
Game Durations: N=3, mean=33 (+/-2.263167).
P1: N=2, mean=32 (+/-1.95996).
P2: N=1, mean=35 (+/-0).
=====================================================
=====================================================
Completed 4 games.

Agent 1 (SHUCTAnyTime)
Winning score (between 0 and 1) : N=4, mean=0.5 (+/-0.565792).
P1: N=2, mean=1 (+/-0).
P2: N=2, mean=0 (+/-0).
Game Durations: N=4, mean=33.5 (+/-1.876519).
P1: N=2, mean=35 (+/-0).
P2: N=2, mean=32 (+/-1.95996).

Agent 2 (UCT)
Winning score (between 0 and 1) : N=4, mean=0.5 (+/-0.565792).
P1: N=2, mean=1 (+/-0).
P2: N=2, mean=0 (+/-0).
Game Durations: N=4, mean=33.5 (+/-1.876519).
P1: N=2, mean=32 (+/-1.95996).
P2: N=2, mean=35 (+/-0).
=====================================================
=====================================================
Completed 5 games.

Agent 1 (SHUCTAnyTime)
Winning score (between 0 and 1) : N=5, mean=0.6 (+/-0.48009).
P1: N=2, mean=1 (+/-0).
P2: N=3, mean=0.333333 (+/-0.65332).
Game Durations: N=5, mean=33.6 (+/-1.4667).
P1: N=2, mean=35 (+/-0).
P2: N=3, mean=32.666667 (+/-1.728522).

Agent 2 (UCT)
Winning score (between 0 and 1) : N=5, mean=0.4 (+/-0.48009).
P1: N=3, mean=0.666667 (+/-0.65332).
P2: N=2, mean=0 (+/-0).
Game Durations: N=5, mean=33.6 (+/-1.4667).
P1: N=3, mean=32.666667 (+/-1.728522).
P2: N=2, mean=35 (+/-0).
=====================================================
=====================================================
Completed 10 games.

Agent 1 (SHUCTAnyTime)
Winning score (between 0 and 1) : N=10, mean=0.6 (+/-0.32006).
P1: N=5, mean=0.8 (+/-0.391992).
P2: N=5, mean=0.4 (+/-0.48009).
Game Durations: N=10, mean=33.7 (+/-1.27523).
P1: N=5, mean=33.6 (+/-1.920361).
P2: N=5, mean=33.8 (+/-1.900252).

Agent 2 (UCT)
Winning score (between 0 and 1) : N=10, mean=0.4 (+/-0.32006).
P1: N=5, mean=0.6 (+/-0.48009).
P2: N=5, mean=0.2 (+/-0.391992).
Game Durations: N=10, mean=33.7 (+/-1.27523).
P1: N=5, mean=33.8 (+/-1.900252).
P2: N=5, mean=33.6 (+/-1.920361).
=====================================================
=====================================================
Completed 20 games.

Agent 1 (SHUCTAnyTime)
Winning score (between 0 and 1) : N=20, mean=0.55 (+/-0.223696).
P1: N=10, mean=0.7 (+/-0.299389).
P2: N=10, mean=0.4 (+/-0.32006).
Game Durations: N=20, mean=33.45 (+/-1.26761).
P1: N=10, mean=33.3 (+/-1.206433).
P2: N=10, mean=33.6 (+/-2.304285).

Agent 2 (UCT)
Winning score (between 0 and 1) : N=20, mean=0.45 (+/-0.223696).
P1: N=10, mean=0.6 (+/-0.32006).
P2: N=10, mean=0.3 (+/-0.299389).
Game Durations: N=20, mean=33.45 (+/-1.26761).
P1: N=10, mean=33.6 (+/-2.304285).
P2: N=10, mean=33.3 (+/-1.206433).
=====================================================
=====================================================
Completed 30 games.

Agent 1 (SHUCTAnyTime)
Winning score (between 0 and 1) : N=30, mean=0.633333 (+/-0.175388).
P1: N=15, mean=0.666667 (+/-0.246932).
P2: N=15, mean=0.6 (+/-0.256619).
Game Durations: N=30, mean=34 (+/-0.976595).
P1: N=15, mean=33.6 (+/-0.971544).
P2: N=15, mean=34.4 (+/-1.708654).

Agent 2 (UCT)
Winning score (between 0 and 1) : N=30, mean=0.366667 (+/-0.175388).
P1: N=15, mean=0.4 (+/-0.256619).
P2: N=15, mean=0.333333 (+/-0.246932).
Game Durations: N=30, mean=34 (+/-0.976595).
P1: N=15, mean=34.4 (+/-1.708654).
P2: N=15, mean=33.6 (+/-0.971544).
=====================================================
=====================================================
Completed 40 games.

Agent 1 (SHUCTAnyTime)
Winning score (between 0 and 1) : N=40, mean=0.6 (+/-0.153752).
P1: N=20, mean=0.65 (+/-0.214467).
P2: N=20, mean=0.55 (+/-0.223696).
Game Durations: N=40, mean=34.2 (+/-0.800766).
P1: N=20, mean=34.05 (+/-0.881982).
P2: N=20, mean=34.35 (+/-1.358458).

Agent 2 (UCT)
Winning score (between 0 and 1) : N=40, mean=0.4 (+/-0.153752).
P1: N=20, mean=0.45 (+/-0.223696).
P2: N=20, mean=0.35 (+/-0.214467).
Game Durations: N=40, mean=34.2 (+/-0.800766).
P1: N=20, mean=34.35 (+/-1.358458).
P2: N=20, mean=34.05 (+/-0.881982).
=====================================================
=====================================================
Completed 50 games.

Agent 1 (SHUCTAnyTime)
Winning score (between 0 and 1) : N=50, mean=0.58 (+/-0.138194).
P1: N=25, mean=0.6 (+/-0.195996).
P2: N=25, mean=0.56 (+/-0.198592).
Game Durations: N=50, mean=33.96 (+/-0.714858).
P1: N=25, mean=33.72 (+/-0.908937).
P2: N=25, mean=34.2 (+/-1.11448).

Agent 2 (UCT)
Winning score (between 0 and 1) : N=50, mean=0.42 (+/-0.138194).
P1: N=25, mean=0.44 (+/-0.198592).
P2: N=25, mean=0.4 (+/-0.195996).
Game Durations: N=50, mean=33.96 (+/-0.714858).
P1: N=25, mean=34.2 (+/-1.11448).
P2: N=25, mean=33.72 (+/-0.908937).
=====================================================
=====================================================
Completed 60 games.

Agent 1 (SHUCTAnyTime)
Winning score (between 0 and 1) : N=60, mean=0.6 (+/-0.125005).
P1: N=30, mean=0.633333 (+/-0.175388).
P2: N=30, mean=0.566667 (+/-0.180353).
Game Durations: N=60, mean=34.166667 (+/-0.633931).
P1: N=30, mean=33.833333 (+/-0.781069).
P2: N=30, mean=34.5 (+/-0.99784).

Agent 2 (UCT)
Winning score (between 0 and 1) : N=60, mean=0.4 (+/-0.125005).
P1: N=30, mean=0.433333 (+/-0.180353).
P2: N=30, mean=0.366667 (+/-0.175388).
Game Durations: N=60, mean=34.166667 (+/-0.633931).
P1: N=30, mean=34.5 (+/-0.99784).
P2: N=30, mean=33.833333 (+/-0.781069).
=====================================================
=====================================================
Completed 70 games.

Agent 1 (SHUCTAnyTime)
Winning score (between 0 and 1) : N=70, mean=0.557143 (+/-0.117203).
P1: N=35, mean=0.6 (+/-0.16467).
P2: N=35, mean=0.514286 (+/-0.167997).
Game Durations: N=70, mean=33.971429 (+/-0.621679).
P1: N=35, mean=33.342857 (+/-0.838664).
P2: N=35, mean=34.6 (+/-0.880929).

Agent 2 (UCT)
Winning score (between 0 and 1) : N=70, mean=0.442857 (+/-0.117203).
P1: N=35, mean=0.485714 (+/-0.167997).
P2: N=35, mean=0.4 (+/-0.16467).
Game Durations: N=70, mean=33.971429 (+/-0.621679).
P1: N=35, mean=34.6 (+/-0.880929).
P2: N=35, mean=33.342857 (+/-0.838664).
=====================================================
=====================================================
Completed 80 games.

Agent 1 (SHUCTAnyTime)
Winning score (between 0 and 1) : N=80, mean=0.55 (+/-0.109704).
P1: N=40, mean=0.6 (+/-0.153752).
P2: N=40, mean=0.5 (+/-0.156922).
Game Durations: N=80, mean=33.9 (+/-0.585086).
P1: N=40, mean=33.45 (+/-0.799996).
P2: N=40, mean=34.35 (+/-0.840817).

Agent 2 (UCT)
Winning score (between 0 and 1) : N=80, mean=0.45 (+/-0.109704).
P1: N=40, mean=0.5 (+/-0.156922).
P2: N=40, mean=0.4 (+/-0.153752).
Game Durations: N=80, mean=33.9 (+/-0.585086).
P1: N=40, mean=34.35 (+/-0.840817).
P2: N=40, mean=33.45 (+/-0.799996).
=====================================================
=====================================================
Completed 90 games.

Agent 1 (SHUCTAnyTime)
Winning score (between 0 and 1) : N=90, mean=0.544444 (+/-0.103466).
P1: N=45, mean=0.555556 (+/-0.146823).
P2: N=45, mean=0.533333 (+/-0.147409).
Game Durations: N=90, mean=33.844444 (+/-0.543449).
P1: N=45, mean=33.444444 (+/-0.751526).
P2: N=45, mean=34.244444 (+/-0.775913).

Agent 2 (UCT)
Winning score (between 0 and 1) : N=90, mean=0.455556 (+/-0.103466).
P1: N=45, mean=0.466667 (+/-0.147409).
P2: N=45, mean=0.444444 (+/-0.146823).
Game Durations: N=90, mean=33.844444 (+/-0.543449).
P1: N=45, mean=34.244444 (+/-0.775913).
P2: N=45, mean=33.444444 (+/-0.751526).
=====================================================
=====================================================
Completed 100 games.

Agent 1 (SHUCTAnyTime)
Winning score (between 0 and 1) : N=100, mean=0.53 (+/-0.098314).
P1: N=50, mean=0.54 (+/-0.139548).
P2: N=50, mean=0.52 (+/-0.139885).
Game Durations: N=100, mean=33.81 (+/-0.52243).
P1: N=50, mean=33.38 (+/-0.708092).
P2: N=50, mean=34.24 (+/-0.756627).

Agent 2 (UCT)
Winning score (between 0 and 1) : N=100, mean=0.47 (+/-0.098314).
P1: N=50, mean=0.48 (+/-0.139885).
P2: N=50, mean=0.46 (+/-0.139548).
Game Durations: N=100, mean=33.81 (+/-0.52243).
P1: N=50, mean=34.24 (+/-0.756627).
P2: N=50, mean=33.38 (+/-0.708092).
=====================================================
=====================================================
Completed 110 games.

Agent 1 (SHUCTAnyTime)
Winning score (between 0 and 1) : N=110, mean=0.518182 (+/-0.093803).
P1: N=55, mean=0.527273 (+/-0.13316).
P2: N=55, mean=0.509091 (+/-0.133336).
Game Durations: N=110, mean=33.763636 (+/-0.492754).
P1: N=55, mean=33.436364 (+/-0.666576).
P2: N=55, mean=34.090909 (+/-0.721567).

Agent 2 (UCT)
Winning score (between 0 and 1) : N=110, mean=0.481818 (+/-0.093803).
P1: N=55, mean=0.490909 (+/-0.133336).
P2: N=55, mean=0.472727 (+/-0.13316).
Game Durations: N=110, mean=33.763636 (+/-0.492754).
P1: N=55, mean=34.090909 (+/-0.721567).
P2: N=55, mean=33.436364 (+/-0.666576).
=====================================================
=====================================================
Completed 120 games.

Agent 1 (SHUCTAnyTime)
Winning score (between 0 and 1) : N=120, mean=0.525 (+/-0.089722).
P1: N=60, mean=0.55 (+/-0.126943).
P2: N=60, mean=0.5 (+/-0.127583).
Game Durations: N=120, mean=33.625 (+/-0.47934).
P1: N=60, mean=33.216667 (+/-0.645676).
P2: N=60, mean=34.033333 (+/-0.698747).

Agent 2 (UCT)
Winning score (between 0 and 1) : N=120, mean=0.475 (+/-0.089722).
P1: N=60, mean=0.5 (+/-0.127583).
P2: N=60, mean=0.45 (+/-0.126943).
Game Durations: N=120, mean=33.625 (+/-0.47934).
P1: N=60, mean=34.033333 (+/-0.698747).
P2: N=60, mean=33.216667 (+/-0.645676).
=====================================================
=====================================================
Completed 130 games.

Agent 1 (SHUCTAnyTime)
Winning score (between 0 and 1) : N=130, mean=0.523077 (+/-0.08619).
P1: N=65, mean=0.538462 (+/-0.122135).
P2: N=65, mean=0.507692 (+/-0.122483).
Game Durations: N=130, mean=33.607692 (+/-0.467714).
P1: N=65, mean=33.215385 (+/-0.616046).
P2: N=65, mean=34 (+/-0.695611).

Agent 2 (UCT)
Winning score (between 0 and 1) : N=130, mean=0.476923 (+/-0.08619).
P1: N=65, mean=0.492308 (+/-0.122483).
P2: N=65, mean=0.461538 (+/-0.122135).
Game Durations: N=130, mean=33.607692 (+/-0.467714).
P1: N=65, mean=34 (+/-0.695611).
P2: N=65, mean=33.215385 (+/-0.616046).
=====================================================
=====================================================
Completed 140 games.

Agent 1 (SHUCTAnyTime)
Winning score (between 0 and 1) : N=140, mean=0.528571 (+/-0.082985).
P1: N=70, mean=0.542857 (+/-0.117542).
P2: N=70, mean=0.514286 (+/-0.117928).
Game Durations: N=140, mean=33.514286 (+/-0.449374).
P1: N=70, mean=33.057143 (+/-0.604706).
P2: N=70, mean=33.971429 (+/-0.65166).

Agent 2 (UCT)
Winning score (between 0 and 1) : N=140, mean=0.471429 (+/-0.082985).
P1: N=70, mean=0.485714 (+/-0.117928).
P2: N=70, mean=0.457143 (+/-0.117542).
Game Durations: N=140, mean=33.514286 (+/-0.449374).
P1: N=70, mean=33.971429 (+/-0.65166).
P2: N=70, mean=33.057143 (+/-0.604706).
=====================================================
=====================================================
Completed 150 games.

Agent 1 (SHUCTAnyTime)
Winning score (between 0 and 1) : N=150, mean=0.533333 (+/-0.080104).
P1: N=75, mean=0.546667 (+/-0.113423).
P2: N=75, mean=0.52 (+/-0.113829).
Game Durations: N=150, mean=33.606667 (+/-0.435959).
P1: N=75, mean=33.186667 (+/-0.601883).
P2: N=75, mean=34.026667 (+/-0.620322).

Agent 2 (UCT)
Winning score (between 0 and 1) : N=150, mean=0.466667 (+/-0.080104).
P1: N=75, mean=0.48 (+/-0.113829).
P2: N=75, mean=0.453333 (+/-0.113423).
Game Durations: N=150, mean=33.606667 (+/-0.435959).
P1: N=75, mean=34.026667 (+/-0.620322).
P2: N=75, mean=33.186667 (+/-0.601883).
=====================================================
