Warming up...
Finished warming up!
=====================================================
Completed 1 games.

Agent 1 (SHUCTAnyTime)
Winning score (between 0 and 1) : N=1, mean=1 (+/-0).
P1: N=1, mean=1 (+/-0).
P2: N=0, mean=0 (+/-0).
Game Durations: N=1, mean=37 (+/-0).
P1: N=1, mean=37 (+/-0).
P2: N=0, mean=0 (+/-0).

Agent 2 (UCT)
Winning score (between 0 and 1) : N=1, mean=0 (+/-0).
P1: N=0, mean=0 (+/-0).
P2: N=1, mean=0 (+/-0).
Game Durations: N=1, mean=37 (+/-0).
P1: N=0, mean=0 (+/-0).
P2: N=1, mean=37 (+/-0).
=====================================================
=====================================================
Completed 2 games.

Agent 1 (SHUCTAnyTime)
Winning score (between 0 and 1) : N=2, mean=0.5 (+/-0.97998).
P1: N=1, mean=1 (+/-0).
P2: N=1, mean=0 (+/-0).
Game Durations: N=2, mean=35 (+/-3.91992).
P1: N=1, mean=37 (+/-0).
P2: N=1, mean=33 (+/-0).

Agent 2 (UCT)
Winning score (between 0 and 1) : N=2, mean=0.5 (+/-0.97998).
P1: N=1, mean=1 (+/-0).
P2: N=1, mean=0 (+/-0).
Game Durations: N=2, mean=35 (+/-3.91992).
P1: N=1, mean=33 (+/-0).
P2: N=1, mean=37 (+/-0).
=====================================================
=====================================================
Completed 3 games.

Agent 1 (SHUCTAnyTime)
Winning score (between 0 and 1) : N=3, mean=0.666667 (+/-0.65332).
P1: N=2, mean=1 (+/-0).
P2: N=1, mean=0 (+/-0).
Game Durations: N=3, mean=35 (+/-2.263167).
P1: N=2, mean=36 (+/-1.95996).
P2: N=1, mean=33 (+/-0).

Agent 2 (UCT)
Winning score (between 0 and 1) : N=3, mean=0.333333 (+/-0.65332).
P1: N=1, mean=1 (+/-0).
P2: N=2, mean=0 (+/-0).
Game Durations: N=3, mean=35 (+/-2.263167).
P1: N=1, mean=33 (+/-0).
P2: N=2, mean=36 (+/-1.95996).
=====================================================
=====================================================
Completed 4 games.

Agent 1 (SHUCTAnyTime)
Winning score (between 0 and 1) : N=4, mean=0.75 (+/-0.48999).
P1: N=2, mean=1 (+/-0).
P2: N=2, mean=0.5 (+/-0.97998).
Game Durations: N=4, mean=36.25 (+/-2.926298).
P1: N=2, mean=36 (+/-1.95996).
P2: N=2, mean=36.5 (+/-6.85986).

Agent 2 (UCT)
Winning score (between 0 and 1) : N=4, mean=0.25 (+/-0.48999).
P1: N=2, mean=0.5 (+/-0.97998).
P2: N=2, mean=0 (+/-0).
Game Durations: N=4, mean=36.25 (+/-2.926298).
P1: N=2, mean=36.5 (+/-6.85986).
P2: N=2, mean=36 (+/-1.95996).
=====================================================
=====================================================
Completed 5 games.

Agent 1 (SHUCTAnyTime)
Winning score (between 0 and 1) : N=5, mean=0.6 (+/-0.48009).
P1: N=3, mean=0.666667 (+/-0.65332).
P2: N=2, mean=0.5 (+/-0.97998).
Game Durations: N=5, mean=35 (+/-3.337692).
P1: N=3, mean=34 (+/-4.079982).
P2: N=2, mean=36.5 (+/-6.85986).

Agent 2 (UCT)
Winning score (between 0 and 1) : N=5, mean=0.4 (+/-0.48009).
P1: N=2, mean=0.5 (+/-0.97998).
P2: N=3, mean=0.333333 (+/-0.65332).
Game Durations: N=5, mean=35 (+/-3.337692).
P1: N=2, mean=36.5 (+/-6.85986).
P2: N=3, mean=34 (+/-4.079982).
=====================================================
=====================================================
Completed 10 games.

Agent 1 (SHUCTAnyTime)
Winning score (between 0 and 1) : N=10, mean=0.6 (+/-0.32006).
P1: N=5, mean=0.6 (+/-0.48009).
P2: N=5, mean=0.6 (+/-0.48009).
Game Durations: N=10, mean=34.5 (+/-1.830462).
P1: N=5, mean=33.8 (+/-2.729908).
P2: N=5, mean=35.2 (+/-2.585365).

Agent 2 (UCT)
Winning score (between 0 and 1) : N=10, mean=0.4 (+/-0.32006).
P1: N=5, mean=0.4 (+/-0.48009).
P2: N=5, mean=0.4 (+/-0.48009).
Game Durations: N=10, mean=34.5 (+/-1.830462).
P1: N=5, mean=35.2 (+/-2.585365).
P2: N=5, mean=33.8 (+/-2.729908).
=====================================================
=====================================================
Completed 20 games.

Agent 1 (SHUCTAnyTime)
Winning score (between 0 and 1) : N=20, mean=0.65 (+/-0.214467).
P1: N=10, mean=0.6 (+/-0.32006).
P2: N=10, mean=0.7 (+/-0.299389).
Game Durations: N=20, mean=34.45 (+/-1.176621).
P1: N=10, mean=33.6 (+/-1.605626).
P2: N=10, mean=35.3 (+/-1.628065).

Agent 2 (UCT)
Winning score (between 0 and 1) : N=20, mean=0.35 (+/-0.214467).
P1: N=10, mean=0.3 (+/-0.299389).
P2: N=10, mean=0.4 (+/-0.32006).
Game Durations: N=20, mean=34.45 (+/-1.176621).
P1: N=10, mean=35.3 (+/-1.628065).
P2: N=10, mean=33.6 (+/-1.605626).
=====================================================
=====================================================
Completed 30 games.

Agent 1 (SHUCTAnyTime)
Winning score (between 0 and 1) : N=30, mean=0.533333 (+/-0.181573).
P1: N=15, mean=0.466667 (+/-0.261328).
P2: N=15, mean=0.6 (+/-0.256619).
Game Durations: N=30, mean=33.833333 (+/-0.994885).
P1: N=15, mean=33.133333 (+/-1.479943).
P2: N=15, mean=34.533333 (+/-1.281193).

Agent 2 (UCT)
Winning score (between 0 and 1) : N=30, mean=0.466667 (+/-0.181573).
P1: N=15, mean=0.4 (+/-0.256619).
P2: N=15, mean=0.533333 (+/-0.261328).
Game Durations: N=30, mean=33.833333 (+/-0.994885).
P1: N=15, mean=34.533333 (+/-1.281193).
P2: N=15, mean=33.133333 (+/-1.479943).
=====================================================
=====================================================
Completed 40 games.

Agent 1 (SHUCTAnyTime)
Winning score (between 0 and 1) : N=40, mean=0.575 (+/-0.155147).
P1: N=20, mean=0.55 (+/-0.223696).
P2: N=20, mean=0.6 (+/-0.22028).
Game Durations: N=40, mean=33.675 (+/-0.810508).
P1: N=20, mean=33.25 (+/-1.171454).
P2: N=20, mean=34.1 (+/-1.118705).

Agent 2 (UCT)
Winning score (between 0 and 1) : N=40, mean=0.425 (+/-0.155147).
P1: N=20, mean=0.4 (+/-0.22028).
P2: N=20, mean=0.45 (+/-0.223696).
Game Durations: N=40, mean=33.675 (+/-0.810508).
P1: N=20, mean=34.1 (+/-1.118705).
P2: N=20, mean=33.25 (+/-1.171454).
=====================================================
=====================================================
Completed 50 games.

Agent 1 (SHUCTAnyTime)
Winning score (between 0 and 1) : N=50, mean=0.64 (+/-0.134397).
P1: N=25, mean=0.64 (+/-0.192036).
P2: N=25, mean=0.64 (+/-0.192036).
Game Durations: N=50, mean=33.9 (+/-0.726368).
P1: N=25, mean=33.6 (+/-1.073514).
P2: N=25, mean=34.2 (+/-0.986492).

Agent 2 (UCT)
Winning score (between 0 and 1) : N=50, mean=0.36 (+/-0.134397).
P1: N=25, mean=0.36 (+/-0.192036).
P2: N=25, mean=0.36 (+/-0.192036).
Game Durations: N=50, mean=33.9 (+/-0.726368).
P1: N=25, mean=34.2 (+/-0.986492).
P2: N=25, mean=33.6 (+/-1.073514).
=====================================================
=====================================================
Completed 60 games.

Agent 1 (SHUCTAnyTime)
Winning score (between 0 and 1) : N=60, mean=0.666667 (+/-0.120286).
P1: N=30, mean=0.633333 (+/-0.175388).
P2: N=30, mean=0.7 (+/-0.166785).
Game Durations: N=60, mean=33.733333 (+/-0.671665).
P1: N=30, mean=33.3 (+/-1.021455).
P2: N=30, mean=34.166667 (+/-0.861703).

Agent 2 (UCT)
Winning score (between 0 and 1) : N=60, mean=0.333333 (+/-0.120286).
P1: N=30, mean=0.3 (+/-0.166785).
P2: N=30, mean=0.366667 (+/-0.175388).
Game Durations: N=60, mean=33.733333 (+/-0.671665).
P1: N=30, mean=34.166667 (+/-0.861703).
P2: N=30, mean=33.3 (+/-1.021455).
=====================================================
=====================================================
Completed 70 games.

Agent 1 (SHUCTAnyTime)
Winning score (between 0 and 1) : N=70, mean=0.657143 (+/-0.111998).
P1: N=35, mean=0.628571 (+/-0.162414).
P2: N=35, mean=0.685714 (+/-0.156042).
Game Durations: N=70, mean=33.842857 (+/-0.591072).
P1: N=35, mean=33.485714 (+/-0.903261).
P2: N=35, mean=34.2 (+/-0.757173).

Agent 2 (UCT)
Winning score (between 0 and 1) : N=70, mean=0.342857 (+/-0.111998).
P1: N=35, mean=0.314286 (+/-0.156042).
P2: N=35, mean=0.371429 (+/-0.162414).
Game Durations: N=70, mean=33.842857 (+/-0.591072).
P1: N=35, mean=34.2 (+/-0.757173).
P2: N=35, mean=33.485714 (+/-0.903261).
=====================================================
=====================================================
Completed 80 games.

Agent 1 (SHUCTAnyTime)
Winning score (between 0 and 1) : N=80, mean=0.675 (+/-0.103283).
P1: N=40, mean=0.625 (+/-0.151939).
P2: N=40, mean=0.725 (+/-0.140136).
Game Durations: N=80, mean=33.675 (+/-0.546604).
P1: N=40, mean=33.425 (+/-0.818068).
P2: N=40, mean=33.925 (+/-0.727238).

Agent 2 (UCT)
Winning score (between 0 and 1) : N=80, mean=0.325 (+/-0.103283).
P1: N=40, mean=0.275 (+/-0.140136).
P2: N=40, mean=0.375 (+/-0.151939).
Game Durations: N=80, mean=33.675 (+/-0.546604).
P1: N=40, mean=33.925 (+/-0.727238).
P2: N=40, mean=33.425 (+/-0.818068).
=====================================================
=====================================================
Completed 90 games.

Agent 1 (SHUCTAnyTime)
Winning score (between 0 and 1) : N=90, mean=0.666667 (+/-0.097937).
P1: N=45, mean=0.577778 (+/-0.145939).
P2: N=45, mean=0.755556 (+/-0.126983).
Game Durations: N=90, mean=33.7 (+/-0.503637).
P1: N=45, mean=33.466667 (+/-0.754217).
P2: N=45, mean=33.933333 (+/-0.669164).

Agent 2 (UCT)
Winning score (between 0 and 1) : N=90, mean=0.333333 (+/-0.097937).
P1: N=45, mean=0.244444 (+/-0.126983).
P2: N=45, mean=0.422222 (+/-0.145939).
Game Durations: N=90, mean=33.7 (+/-0.503637).
P1: N=45, mean=33.933333 (+/-0.669164).
P2: N=45, mean=33.466667 (+/-0.754217).
=====================================================
=====================================================
Completed 100 games.

Agent 1 (SHUCTAnyTime)
Winning score (between 0 and 1) : N=100, mean=0.68 (+/-0.091888).
P1: N=50, mean=0.62 (+/-0.135905).
P2: N=50, mean=0.74 (+/-0.122815).
Game Durations: N=100, mean=33.6 (+/-0.479281).
P1: N=50, mean=33.58 (+/-0.697383).
P2: N=50, mean=33.62 (+/-0.66469).

Agent 2 (UCT)
Winning score (between 0 and 1) : N=100, mean=0.32 (+/-0.091888).
P1: N=50, mean=0.26 (+/-0.122815).
P2: N=50, mean=0.38 (+/-0.135905).
Game Durations: N=100, mean=33.6 (+/-0.479281).
P1: N=50, mean=33.62 (+/-0.66469).
P2: N=50, mean=33.58 (+/-0.697383).
=====================================================
=====================================================
Completed 110 games.

Agent 1 (SHUCTAnyTime)
Winning score (between 0 and 1) : N=110, mean=0.636364 (+/-0.090307).
P1: N=55, mean=0.6 (+/-0.130664).
P2: N=55, mean=0.672727 (+/-0.125148).
Game Durations: N=110, mean=33.627273 (+/-0.466662).
P1: N=55, mean=33.581818 (+/-0.674153).
P2: N=55, mean=33.672727 (+/-0.651446).

Agent 2 (UCT)
Winning score (between 0 and 1) : N=110, mean=0.363636 (+/-0.090307).
P1: N=55, mean=0.327273 (+/-0.125148).
P2: N=55, mean=0.4 (+/-0.130664).
Game Durations: N=110, mean=33.627273 (+/-0.466662).
P1: N=55, mean=33.672727 (+/-0.651446).
P2: N=55, mean=33.581818 (+/-0.674153).
=====================================================
=====================================================
Completed 120 games.

Agent 1 (SHUCTAnyTime)
Winning score (between 0 and 1) : N=120, mean=0.625 (+/-0.086982).
P1: N=60, mean=0.6 (+/-0.125005).
P2: N=60, mean=0.65 (+/-0.121706).
Game Durations: N=120, mean=33.625 (+/-0.443788).
P1: N=60, mean=33.533333 (+/-0.651324).
P2: N=60, mean=33.716667 (+/-0.607578).

Agent 2 (UCT)
Winning score (between 0 and 1) : N=120, mean=0.375 (+/-0.086982).
P1: N=60, mean=0.35 (+/-0.121706).
P2: N=60, mean=0.4 (+/-0.125005).
Game Durations: N=120, mean=33.625 (+/-0.443788).
P1: N=60, mean=33.716667 (+/-0.607578).
P2: N=60, mean=33.533333 (+/-0.651324).
=====================================================
=====================================================
Completed 130 games.

Agent 1 (SHUCTAnyTime)
Winning score (between 0 and 1) : N=130, mean=0.638462 (+/-0.082908).
P1: N=65, mean=0.615385 (+/-0.119191).
P2: N=65, mean=0.661538 (+/-0.115928).
Game Durations: N=130, mean=33.769231 (+/-0.42997).
P1: N=65, mean=33.723077 (+/-0.636708).
P2: N=65, mean=33.815385 (+/-0.58277).

Agent 2 (UCT)
Winning score (between 0 and 1) : N=130, mean=0.361538 (+/-0.082908).
P1: N=65, mean=0.338462 (+/-0.115928).
P2: N=65, mean=0.384615 (+/-0.119191).
Game Durations: N=130, mean=33.769231 (+/-0.42997).
P1: N=65, mean=33.815385 (+/-0.58277).
P2: N=65, mean=33.723077 (+/-0.636708).
=====================================================
=====================================================
Completed 140 games.

Agent 1 (SHUCTAnyTime)
Winning score (between 0 and 1) : N=140, mean=0.635714 (+/-0.08).
P1: N=70, mean=0.614286 (+/-0.114853).
P2: N=70, mean=0.657143 (+/-0.111998).
Game Durations: N=140, mean=33.792857 (+/-0.412264).
P1: N=70, mean=33.7 (+/-0.605317).
P2: N=70, mean=33.885714 (+/-0.563387).

Agent 2 (UCT)
Winning score (between 0 and 1) : N=140, mean=0.364286 (+/-0.08).
P1: N=70, mean=0.342857 (+/-0.111998).
P2: N=70, mean=0.385714 (+/-0.114853).
Game Durations: N=140, mean=33.792857 (+/-0.412264).
P1: N=70, mean=33.885714 (+/-0.563387).
P2: N=70, mean=33.7 (+/-0.605317).
=====================================================
=====================================================
Completed 150 games.

Agent 1 (SHUCTAnyTime)
Winning score (between 0 and 1) : N=150, mean=0.626667 (+/-0.077664).
P1: N=75, mean=0.586667 (+/-0.112196).
P2: N=75, mean=0.666667 (+/-0.107405).
Game Durations: N=150, mean=33.74 (+/-0.394801).
P1: N=75, mean=33.6 (+/-0.578793).
P2: N=75, mean=33.88 (+/-0.539118).

Agent 2 (UCT)
Winning score (between 0 and 1) : N=150, mean=0.373333 (+/-0.077664).
P1: N=75, mean=0.333333 (+/-0.107405).
P2: N=75, mean=0.413333 (+/-0.112196).
Game Durations: N=150, mean=33.74 (+/-0.394801).
P1: N=75, mean=33.88 (+/-0.539118).
P2: N=75, mean=33.6 (+/-0.578793).
=====================================================
