Warming up...
Finished warming up!
=====================================================
Completed 1 games.

Agent 1 (SHUCTAnyTime)
Winning score (between 0 and 1) : N=1, mean=1 (+/-0).
P1: N=0, mean=0 (+/-0).
P2: N=1, mean=1 (+/-0).
Game Durations: N=1, mean=34 (+/-0).
P1: N=0, mean=0 (+/-0).
P2: N=1, mean=34 (+/-0).

Agent 2 (UCT)
Winning score (between 0 and 1) : N=1, mean=0 (+/-0).
P1: N=1, mean=0 (+/-0).
P2: N=0, mean=0 (+/-0).
Game Durations: N=1, mean=34 (+/-0).
P1: N=1, mean=34 (+/-0).
P2: N=0, mean=0 (+/-0).
=====================================================
=====================================================
Completed 2 games.

Agent 1 (SHUCTAnyTime)
Winning score (between 0 and 1) : N=2, mean=0.5 (+/-0.97998).
P1: N=1, mean=0 (+/-0).
P2: N=1, mean=1 (+/-0).
Game Durations: N=2, mean=33 (+/-1.95996).
P1: N=1, mean=32 (+/-0).
P2: N=1, mean=34 (+/-0).

Agent 2 (UCT)
Winning score (between 0 and 1) : N=2, mean=0.5 (+/-0.97998).
P1: N=1, mean=0 (+/-0).
P2: N=1, mean=1 (+/-0).
Game Durations: N=2, mean=33 (+/-1.95996).
P1: N=1, mean=34 (+/-0).
P2: N=1, mean=32 (+/-0).
=====================================================
=====================================================
Completed 3 games.

Agent 1 (SHUCTAnyTime)
Winning score (between 0 and 1) : N=3, mean=0.333333 (+/-0.65332).
P1: N=1, mean=0 (+/-0).
P2: N=2, mean=0.5 (+/-0.97998).
Game Durations: N=3, mean=34.333333 (+/-2.847756).
P1: N=1, mean=32 (+/-0).
P2: N=2, mean=35.5 (+/-2.93994).

Agent 2 (UCT)
Winning score (between 0 and 1) : N=3, mean=0.666667 (+/-0.65332).
P1: N=2, mean=0.5 (+/-0.97998).
P2: N=1, mean=1 (+/-0).
Game Durations: N=3, mean=34.333333 (+/-2.847756).
P1: N=2, mean=35.5 (+/-2.93994).
P2: N=1, mean=32 (+/-0).
=====================================================
=====================================================
Completed 4 games.

Agent 1 (SHUCTAnyTime)
Winning score (between 0 and 1) : N=4, mean=0.5 (+/-0.565792).
P1: N=2, mean=0.5 (+/-0.97998).
P2: N=2, mean=0.5 (+/-0.97998).
Game Durations: N=4, mean=35 (+/-2.400451).
P1: N=2, mean=34.5 (+/-4.8999).
P2: N=2, mean=35.5 (+/-2.93994).

Agent 2 (UCT)
Winning score (between 0 and 1) : N=4, mean=0.5 (+/-0.565792).
P1: N=2, mean=0.5 (+/-0.97998).
P2: N=2, mean=0.5 (+/-0.97998).
Game Durations: N=4, mean=35 (+/-2.400451).
P1: N=2, mean=35.5 (+/-2.93994).
P2: N=2, mean=34.5 (+/-4.8999).
=====================================================
=====================================================
Completed 5 games.

Agent 1 (SHUCTAnyTime)
Winning score (between 0 and 1) : N=5, mean=0.4 (+/-0.48009).
P1: N=2, mean=0.5 (+/-0.97998).
P2: N=3, mean=0.333333 (+/-0.65332).
Game Durations: N=5, mean=34.2 (+/-2.432246).
P1: N=2, mean=34.5 (+/-4.8999).
P2: N=3, mean=34 (+/-3.39475).

Agent 2 (UCT)
Winning score (between 0 and 1) : N=5, mean=0.6 (+/-0.48009).
P1: N=3, mean=0.666667 (+/-0.65332).
P2: N=2, mean=0.5 (+/-0.97998).
Game Durations: N=5, mean=34.2 (+/-2.432246).
P1: N=3, mean=34 (+/-3.39475).
P2: N=2, mean=34.5 (+/-4.8999).
=====================================================
=====================================================
Completed 10 games.

Agent 1 (SHUCTAnyTime)
Winning score (between 0 and 1) : N=10, mean=0.6 (+/-0.32006).
P1: N=5, mean=0.6 (+/-0.48009).
P2: N=5, mean=0.6 (+/-0.48009).
Game Durations: N=10, mean=33.9 (+/-1.502636).
P1: N=5, mean=33.8 (+/-2.585365).
P2: N=5, mean=34 (+/-1.859381).

Agent 2 (UCT)
Winning score (between 0 and 1) : N=10, mean=0.4 (+/-0.32006).
P1: N=5, mean=0.4 (+/-0.48009).
P2: N=5, mean=0.4 (+/-0.48009).
Game Durations: N=10, mean=33.9 (+/-1.502636).
P1: N=5, mean=34 (+/-1.859381).
P2: N=5, mean=33.8 (+/-2.585365).
=====================================================
=====================================================
Completed 20 games.

Agent 1 (SHUCTAnyTime)
Winning score (between 0 and 1) : N=20, mean=0.7 (+/-0.206054).
P1: N=10, mean=0.7 (+/-0.299389).
P2: N=10, mean=0.7 (+/-0.299389).
Game Durations: N=20, mean=33.7 (+/-1.288374).
P1: N=10, mean=33.1 (+/-2.054585).
P2: N=10, mean=34.3 (+/-1.574759).

Agent 2 (UCT)
Winning score (between 0 and 1) : N=20, mean=0.3 (+/-0.206054).
P1: N=10, mean=0.3 (+/-0.299389).
P2: N=10, mean=0.3 (+/-0.299389).
Game Durations: N=20, mean=33.7 (+/-1.288374).
P1: N=10, mean=34.3 (+/-1.574759).
P2: N=10, mean=33.1 (+/-2.054585).
=====================================================
=====================================================
Completed 30 games.

Agent 1 (SHUCTAnyTime)
Winning score (between 0 and 1) : N=30, mean=0.666667 (+/-0.17157).
P1: N=15, mean=0.666667 (+/-0.246932).
P2: N=15, mean=0.666667 (+/-0.246932).
Game Durations: N=30, mean=32.9 (+/-1.052119).
P1: N=15, mean=32.133333 (+/-1.698632).
P2: N=15, mean=33.666667 (+/-1.1739).

Agent 2 (UCT)
Winning score (between 0 and 1) : N=30, mean=0.333333 (+/-0.17157).
P1: N=15, mean=0.333333 (+/-0.246932).
P2: N=15, mean=0.333333 (+/-0.246932).
Game Durations: N=30, mean=32.9 (+/-1.052119).
P1: N=15, mean=33.666667 (+/-1.1739).
P2: N=15, mean=32.133333 (+/-1.698632).
=====================================================
=====================================================
Completed 40 games.

Agent 1 (SHUCTAnyTime)
Winning score (between 0 and 1) : N=40, mean=0.675 (+/-0.146997).
P1: N=20, mean=0.7 (+/-0.206054).
P2: N=20, mean=0.65 (+/-0.214467).
Game Durations: N=40, mean=33.025 (+/-0.897309).
P1: N=20, mean=32.3 (+/-1.379321).
P2: N=20, mean=33.75 (+/-1.091028).

Agent 2 (UCT)
Winning score (between 0 and 1) : N=40, mean=0.325 (+/-0.146997).
P1: N=20, mean=0.35 (+/-0.214467).
P2: N=20, mean=0.3 (+/-0.206054).
Game Durations: N=40, mean=33.025 (+/-0.897309).
P1: N=20, mean=33.75 (+/-1.091028).
P2: N=20, mean=32.3 (+/-1.379321).
=====================================================
=====================================================
Completed 50 games.

Agent 1 (SHUCTAnyTime)
Winning score (between 0 and 1) : N=50, mean=0.68 (+/-0.130611).
P1: N=25, mean=0.68 (+/-0.186626).
P2: N=25, mean=0.68 (+/-0.186626).
Game Durations: N=50, mean=33.06 (+/-0.819977).
P1: N=25, mean=32.12 (+/-1.220433).
P2: N=25, mean=34 (+/-0.986492).

Agent 2 (UCT)
Winning score (between 0 and 1) : N=50, mean=0.32 (+/-0.130611).
P1: N=25, mean=0.32 (+/-0.186626).
P2: N=25, mean=0.32 (+/-0.186626).
Game Durations: N=50, mean=33.06 (+/-0.819977).
P1: N=25, mean=34 (+/-0.986492).
P2: N=25, mean=32.12 (+/-1.220433).
=====================================================
=====================================================
Completed 60 games.

Agent 1 (SHUCTAnyTime)
Winning score (between 0 and 1) : N=60, mean=0.7 (+/-0.116931).
P1: N=30, mean=0.7 (+/-0.166785).
P2: N=30, mean=0.7 (+/-0.166785).
Game Durations: N=60, mean=33.3 (+/-0.734089).
P1: N=30, mean=32.366667 (+/-1.073446).
P2: N=30, mean=34.233333 (+/-0.899804).

Agent 2 (UCT)
Winning score (between 0 and 1) : N=60, mean=0.3 (+/-0.116931).
P1: N=30, mean=0.3 (+/-0.166785).
P2: N=30, mean=0.3 (+/-0.166785).
Game Durations: N=60, mean=33.3 (+/-0.734089).
P1: N=30, mean=34.233333 (+/-0.899804).
P2: N=30, mean=32.366667 (+/-1.073446).
=====================================================
=====================================================
Completed 70 games.

Agent 1 (SHUCTAnyTime)
Winning score (between 0 and 1) : N=70, mean=0.7 (+/-0.108127).
P1: N=35, mean=0.685714 (+/-0.156042).
P2: N=35, mean=0.714286 (+/-0.151848).
Game Durations: N=70, mean=33.542857 (+/-0.659804).
P1: N=35, mean=32.685714 (+/-0.970119).
P2: N=35, mean=34.4 (+/-0.812296).

Agent 2 (UCT)
Winning score (between 0 and 1) : N=70, mean=0.3 (+/-0.108127).
P1: N=35, mean=0.285714 (+/-0.151848).
P2: N=35, mean=0.314286 (+/-0.156042).
Game Durations: N=70, mean=33.542857 (+/-0.659804).
P1: N=35, mean=34.4 (+/-0.812296).
P2: N=35, mean=32.685714 (+/-0.970119).
=====================================================
=====================================================
Completed 80 games.

Agent 1 (SHUCTAnyTime)
Winning score (between 0 and 1) : N=80, mean=0.7125 (+/-0.099803).
P1: N=40, mean=0.7 (+/-0.143822).
P2: N=40, mean=0.725 (+/-0.140136).
Game Durations: N=80, mean=33.5375 (+/-0.592666).
P1: N=40, mean=32.8 (+/-0.885465).
P2: N=40, mean=34.275 (+/-0.729267).

Agent 2 (UCT)
Winning score (between 0 and 1) : N=80, mean=0.2875 (+/-0.099803).
P1: N=40, mean=0.275 (+/-0.140136).
P2: N=40, mean=0.3 (+/-0.143822).
Game Durations: N=80, mean=33.5375 (+/-0.592666).
P1: N=40, mean=34.275 (+/-0.729267).
P2: N=40, mean=32.8 (+/-0.885465).
=====================================================
=====================================================
Completed 90 games.

Agent 1 (SHUCTAnyTime)
Winning score (between 0 and 1) : N=90, mean=0.7 (+/-0.095205).
P1: N=45, mean=0.711111 (+/-0.133923).
P2: N=45, mean=0.688889 (+/-0.13679).
Game Durations: N=90, mean=33.6 (+/-0.545113).
P1: N=45, mean=32.844444 (+/-0.797614).
P2: N=45, mean=34.355556 (+/-0.682813).

Agent 2 (UCT)
Winning score (between 0 and 1) : N=90, mean=0.3 (+/-0.095205).
P1: N=45, mean=0.311111 (+/-0.13679).
P2: N=45, mean=0.288889 (+/-0.133923).
Game Durations: N=90, mean=33.6 (+/-0.545113).
P1: N=45, mean=34.355556 (+/-0.682813).
P2: N=45, mean=32.844444 (+/-0.797614).
=====================================================
=====================================================
Completed 100 games.

Agent 1 (SHUCTAnyTime)
Winning score (between 0 and 1) : N=100, mean=0.7 (+/-0.090269).
P1: N=50, mean=0.7 (+/-0.12831).
P2: N=50, mean=0.7 (+/-0.12831).
Game Durations: N=100, mean=33.66 (+/-0.502381).
P1: N=50, mean=32.98 (+/-0.733329).
P2: N=50, mean=34.34 (+/-0.639981).

Agent 2 (UCT)
Winning score (between 0 and 1) : N=100, mean=0.3 (+/-0.090269).
P1: N=50, mean=0.3 (+/-0.12831).
P2: N=50, mean=0.3 (+/-0.12831).
Game Durations: N=100, mean=33.66 (+/-0.502381).
P1: N=50, mean=34.34 (+/-0.639981).
P2: N=50, mean=32.98 (+/-0.733329).
=====================================================
=====================================================
Completed 110 games.

Agent 1 (SHUCTAnyTime)
Winning score (between 0 and 1) : N=110, mean=0.690909 (+/-0.086754).
P1: N=55, mean=0.690909 (+/-0.123255).
P2: N=55, mean=0.690909 (+/-0.123255).
Game Durations: N=110, mean=33.481818 (+/-0.483437).
P1: N=55, mean=32.872727 (+/-0.686254).
P2: N=55, mean=34.090909 (+/-0.647898).

Agent 2 (UCT)
Winning score (between 0 and 1) : N=110, mean=0.309091 (+/-0.086754).
P1: N=55, mean=0.309091 (+/-0.123255).
P2: N=55, mean=0.309091 (+/-0.123255).
Game Durations: N=110, mean=33.481818 (+/-0.483437).
P1: N=55, mean=34.090909 (+/-0.647898).
P2: N=55, mean=32.872727 (+/-0.686254).
=====================================================
=====================================================
Completed 120 games.

Agent 1 (SHUCTAnyTime)
Winning score (between 0 and 1) : N=120, mean=0.683333 (+/-0.083578).
P1: N=60, mean=0.683333 (+/-0.118697).
P2: N=60, mean=0.683333 (+/-0.118697).
Game Durations: N=120, mean=33.566667 (+/-0.452594).
P1: N=60, mean=32.983333 (+/-0.648025).
P2: N=60, mean=34.15 (+/-0.601715).

Agent 2 (UCT)
Winning score (between 0 and 1) : N=120, mean=0.316667 (+/-0.083578).
P1: N=60, mean=0.316667 (+/-0.118697).
P2: N=60, mean=0.316667 (+/-0.118697).
Game Durations: N=120, mean=33.566667 (+/-0.452594).
P1: N=60, mean=34.15 (+/-0.601715).
P2: N=60, mean=32.983333 (+/-0.648025).
=====================================================
=====================================================
Completed 130 games.

Agent 1 (SHUCTAnyTime)
Winning score (between 0 and 1) : N=130, mean=0.684615 (+/-0.080186).
P1: N=65, mean=0.692308 (+/-0.113075).
P2: N=65, mean=0.676923 (+/-0.114572).
Game Durations: N=130, mean=33.538462 (+/-0.432951).
P1: N=65, mean=33.061538 (+/-0.628489).
P2: N=65, mean=34.015385 (+/-0.577358).

Agent 2 (UCT)
Winning score (between 0 and 1) : N=130, mean=0.315385 (+/-0.080186).
P1: N=65, mean=0.323077 (+/-0.114572).
P2: N=65, mean=0.307692 (+/-0.113075).
Game Durations: N=130, mean=33.538462 (+/-0.432951).
P1: N=65, mean=34.015385 (+/-0.577358).
P2: N=65, mean=33.061538 (+/-0.628489).
=====================================================
=====================================================
Completed 140 games.

Agent 1 (SHUCTAnyTime)
Winning score (between 0 and 1) : N=140, mean=0.685714 (+/-0.077174).
P1: N=70, mean=0.685714 (+/-0.109536).
P2: N=70, mean=0.685714 (+/-0.109536).
Game Durations: N=140, mean=33.514286 (+/-0.410339).
P1: N=70, mean=33.114286 (+/-0.594971).
P2: N=70, mean=33.914286 (+/-0.553704).

Agent 2 (UCT)
Winning score (between 0 and 1) : N=140, mean=0.314286 (+/-0.077174).
P1: N=70, mean=0.314286 (+/-0.109536).
P2: N=70, mean=0.314286 (+/-0.109536).
Game Durations: N=140, mean=33.514286 (+/-0.410339).
P1: N=70, mean=33.914286 (+/-0.553704).
P2: N=70, mean=33.114286 (+/-0.594971).
=====================================================
=====================================================
Completed 150 games.

Agent 1 (SHUCTAnyTime)
Winning score (between 0 and 1) : N=150, mean=0.693333 (+/-0.074039).
P1: N=75, mean=0.693333 (+/-0.10506).
P2: N=75, mean=0.693333 (+/-0.10506).
Game Durations: N=150, mean=33.606667 (+/-0.40105).
P1: N=75, mean=33.146667 (+/-0.574825).
P2: N=75, mean=34.066667 (+/-0.543432).

Agent 2 (UCT)
Winning score (between 0 and 1) : N=150, mean=0.306667 (+/-0.074039).
P1: N=75, mean=0.306667 (+/-0.10506).
P2: N=75, mean=0.306667 (+/-0.10506).
Game Durations: N=150, mean=33.606667 (+/-0.40105).
P1: N=75, mean=34.066667 (+/-0.543432).
P2: N=75, mean=33.146667 (+/-0.574825).
=====================================================
