Warming up...
Finished warming up!
=====================================================
Completed 1 games.

Agent 1 (SHUCTAnyTime)
Winning score (between 0 and 1) : N=1, mean=0 (+/-0).
P1: N=0, mean=0 (+/-0).
P2: N=1, mean=0 (+/-0).
Game Durations: N=1, mean=33 (+/-0).
P1: N=0, mean=0 (+/-0).
P2: N=1, mean=33 (+/-0).

Agent 2 (UCT)
Winning score (between 0 and 1) : N=1, mean=1 (+/-0).
P1: N=1, mean=1 (+/-0).
P2: N=0, mean=0 (+/-0).
Game Durations: N=1, mean=33 (+/-0).
P1: N=1, mean=33 (+/-0).
P2: N=0, mean=0 (+/-0).
=====================================================
=====================================================
Completed 2 games.

Agent 1 (SHUCTAnyTime)
Winning score (between 0 and 1) : N=2, mean=0.5 (+/-0.97998).
P1: N=1, mean=1 (+/-0).
P2: N=1, mean=0 (+/-0).
Game Durations: N=2, mean=32 (+/-1.95996).
P1: N=1, mean=31 (+/-0).
P2: N=1, mean=33 (+/-0).

Agent 2 (UCT)
Winning score (between 0 and 1) : N=2, mean=0.5 (+/-0.97998).
P1: N=1, mean=1 (+/-0).
P2: N=1, mean=0 (+/-0).
Game Durations: N=2, mean=32 (+/-1.95996).
P1: N=1, mean=33 (+/-0).
P2: N=1, mean=31 (+/-0).
=====================================================
=====================================================
Completed 3 games.

Agent 1 (SHUCTAnyTime)
Winning score (between 0 and 1) : N=3, mean=0.333333 (+/-0.65332).
P1: N=1, mean=1 (+/-0).
P2: N=2, mean=0 (+/-0).
Game Durations: N=3, mean=34.333333 (+/-4.711158).
P1: N=1, mean=31 (+/-0).
P2: N=2, mean=36 (+/-5.87988).

Agent 2 (UCT)
Winning score (between 0 and 1) : N=3, mean=0.666667 (+/-0.65332).
P1: N=2, mean=1 (+/-0).
P2: N=1, mean=0 (+/-0).
Game Durations: N=3, mean=34.333333 (+/-4.711158).
P1: N=2, mean=36 (+/-5.87988).
P2: N=1, mean=31 (+/-0).
=====================================================
=====================================================
Completed 4 games.

Agent 1 (SHUCTAnyTime)
Winning score (between 0 and 1) : N=4, mean=0.5 (+/-0.565792).
P1: N=2, mean=1 (+/-0).
P2: N=2, mean=0 (+/-0).
Game Durations: N=4, mean=33.5 (+/-3.710144).
P1: N=2, mean=31 (+/-0).
P2: N=2, mean=36 (+/-5.87988).

Agent 2 (UCT)
Winning score (between 0 and 1) : N=4, mean=0.5 (+/-0.565792).
P1: N=2, mean=1 (+/-0).
P2: N=2, mean=0 (+/-0).
Game Durations: N=4, mean=33.5 (+/-3.710144).
P1: N=2, mean=36 (+/-5.87988).
P2: N=2, mean=31 (+/-0).
=====================================================
=====================================================
Completed 5 games.

Agent 1 (SHUCTAnyTime)
Winning score (between 0 and 1) : N=5, mean=0.4 (+/-0.48009).
P1: N=2, mean=1 (+/-0).
P2: N=3, mean=0 (+/-0).
Game Durations: N=5, mean=33.8 (+/-2.9334).
P1: N=2, mean=31 (+/-0).
P2: N=3, mean=35.666667 (+/-3.457044).

Agent 2 (UCT)
Winning score (between 0 and 1) : N=5, mean=0.6 (+/-0.48009).
P1: N=3, mean=1 (+/-0).
P2: N=2, mean=0 (+/-0).
Game Durations: N=5, mean=33.8 (+/-2.9334).
P1: N=3, mean=35.666667 (+/-3.457044).
P2: N=2, mean=31 (+/-0).
=====================================================
=====================================================
Completed 10 games.

Agent 1 (SHUCTAnyTime)
Winning score (between 0 and 1) : N=10, mean=0.6 (+/-0.32006).
P1: N=5, mean=0.8 (+/-0.391992).
P2: N=5, mean=0.4 (+/-0.48009).
Game Durations: N=10, mean=33.7 (+/-1.628065).
P1: N=5, mean=32.4 (+/-1.708654).
P2: N=5, mean=35 (+/-2.400451).

Agent 2 (UCT)
Winning score (between 0 and 1) : N=10, mean=0.4 (+/-0.32006).
P1: N=5, mean=0.6 (+/-0.48009).
P2: N=5, mean=0.2 (+/-0.391992).
Game Durations: N=10, mean=33.7 (+/-1.628065).
P1: N=5, mean=35 (+/-2.400451).
P2: N=5, mean=32.4 (+/-1.708654).
=====================================================
=====================================================
Completed 20 games.

Agent 1 (SHUCTAnyTime)
Winning score (between 0 and 1) : N=20, mean=0.45 (+/-0.223696).
P1: N=10, mean=0.5 (+/-0.32666).
P2: N=10, mean=0.4 (+/-0.32006).
Game Durations: N=20, mean=33.95 (+/-1.077978).
P1: N=10, mean=33.5 (+/-1.6333).
P2: N=10, mean=34.4 (+/-1.437304).

Agent 2 (UCT)
Winning score (between 0 and 1) : N=20, mean=0.55 (+/-0.223696).
P1: N=10, mean=0.6 (+/-0.32006).
P2: N=10, mean=0.5 (+/-0.32666).
Game Durations: N=20, mean=33.95 (+/-1.077978).
P1: N=10, mean=34.4 (+/-1.437304).
P2: N=10, mean=33.5 (+/-1.6333).
=====================================================
=====================================================
Completed 30 games.

Agent 1 (SHUCTAnyTime)
Winning score (between 0 and 1) : N=30, mean=0.4 (+/-0.178301).
P1: N=15, mean=0.4 (+/-0.256619).
P2: N=15, mean=0.4 (+/-0.256619).
Game Durations: N=30, mean=33.966667 (+/-0.878952).
P1: N=15, mean=33.733333 (+/-1.155049).
P2: N=15, mean=34.2 (+/-1.355203).

Agent 2 (UCT)
Winning score (between 0 and 1) : N=30, mean=0.6 (+/-0.178301).
P1: N=15, mean=0.6 (+/-0.256619).
P2: N=15, mean=0.6 (+/-0.256619).
Game Durations: N=30, mean=33.966667 (+/-0.878952).
P1: N=15, mean=34.2 (+/-1.355203).
P2: N=15, mean=33.733333 (+/-1.155049).
=====================================================
=====================================================
Completed 40 games.

Agent 1 (SHUCTAnyTime)
Winning score (between 0 and 1) : N=40, mean=0.4 (+/-0.153752).
P1: N=20, mean=0.45 (+/-0.223696).
P2: N=20, mean=0.35 (+/-0.214467).
Game Durations: N=40, mean=34.05 (+/-0.771797).
P1: N=20, mean=34.05 (+/-1.087315).
P2: N=20, mean=34.05 (+/-1.123889).

Agent 2 (UCT)
Winning score (between 0 and 1) : N=40, mean=0.6 (+/-0.153752).
P1: N=20, mean=0.65 (+/-0.214467).
P2: N=20, mean=0.55 (+/-0.223696).
Game Durations: N=40, mean=34.05 (+/-0.771797).
P1: N=20, mean=34.05 (+/-1.123889).
P2: N=20, mean=34.05 (+/-1.087315).
=====================================================
=====================================================
Completed 50 games.

Agent 1 (SHUCTAnyTime)
Winning score (between 0 and 1) : N=50, mean=0.42 (+/-0.138194).
P1: N=25, mean=0.48 (+/-0.199877).
P2: N=25, mean=0.36 (+/-0.192036).
Game Durations: N=50, mean=33.64 (+/-0.752888).
P1: N=25, mean=33.44 (+/-1.143291).
P2: N=25, mean=33.84 (+/-0.997335).

Agent 2 (UCT)
Winning score (between 0 and 1) : N=50, mean=0.58 (+/-0.138194).
P1: N=25, mean=0.64 (+/-0.192036).
P2: N=25, mean=0.52 (+/-0.199877).
Game Durations: N=50, mean=33.64 (+/-0.752888).
P1: N=25, mean=33.84 (+/-0.997335).
P2: N=25, mean=33.44 (+/-1.143291).
=====================================================
=====================================================
Completed 60 games.

Agent 1 (SHUCTAnyTime)
Winning score (between 0 and 1) : N=60, mean=0.45 (+/-0.126943).
P1: N=30, mean=0.466667 (+/-0.181573).
P2: N=30, mean=0.433333 (+/-0.180353).
Game Durations: N=60, mean=33.816667 (+/-0.653029).
P1: N=30, mean=33.6 (+/-0.997176).
P2: N=30, mean=34.033333 (+/-0.853465).

Agent 2 (UCT)
Winning score (between 0 and 1) : N=60, mean=0.55 (+/-0.126943).
P1: N=30, mean=0.566667 (+/-0.180353).
P2: N=30, mean=0.533333 (+/-0.181573).
Game Durations: N=60, mean=33.816667 (+/-0.653029).
P1: N=30, mean=34.033333 (+/-0.853465).
P2: N=30, mean=33.6 (+/-0.997176).
=====================================================
=====================================================
Completed 70 games.

Agent 1 (SHUCTAnyTime)
Winning score (between 0 and 1) : N=70, mean=0.457143 (+/-0.117542).
P1: N=35, mean=0.457143 (+/-0.167447).
P2: N=35, mean=0.457143 (+/-0.167447).
Game Durations: N=70, mean=33.957143 (+/-0.582669).
P1: N=35, mean=33.771429 (+/-0.884169).
P2: N=35, mean=34.142857 (+/-0.767097).

Agent 2 (UCT)
Winning score (between 0 and 1) : N=70, mean=0.542857 (+/-0.117542).
P1: N=35, mean=0.542857 (+/-0.167447).
P2: N=35, mean=0.542857 (+/-0.167447).
Game Durations: N=70, mean=33.957143 (+/-0.582669).
P1: N=35, mean=34.142857 (+/-0.767097).
P2: N=35, mean=33.771429 (+/-0.884169).
=====================================================
=====================================================
Completed 80 games.

Agent 1 (SHUCTAnyTime)
Winning score (between 0 and 1) : N=80, mean=0.45 (+/-0.109704).
P1: N=40, mean=0.4 (+/-0.153752).
P2: N=40, mean=0.5 (+/-0.156922).
Game Durations: N=80, mean=33.925 (+/-0.528512).
P1: N=40, mean=33.75 (+/-0.814637).
P2: N=40, mean=34.1 (+/-0.679675).

Agent 2 (UCT)
Winning score (between 0 and 1) : N=80, mean=0.55 (+/-0.109704).
P1: N=40, mean=0.5 (+/-0.156922).
P2: N=40, mean=0.6 (+/-0.153752).
Game Durations: N=80, mean=33.925 (+/-0.528512).
P1: N=40, mean=34.1 (+/-0.679675).
P2: N=40, mean=33.75 (+/-0.814637).
=====================================================
=====================================================
Completed 90 games.

Agent 1 (SHUCTAnyTime)
Winning score (between 0 and 1) : N=90, mean=0.466667 (+/-0.103647).
P1: N=45, mean=0.422222 (+/-0.145939).
P2: N=45, mean=0.511111 (+/-0.147701).
Game Durations: N=90, mean=33.877778 (+/-0.481614).
P1: N=45, mean=33.755556 (+/-0.726854).
P2: N=45, mean=34 (+/-0.638299).

Agent 2 (UCT)
Winning score (between 0 and 1) : N=90, mean=0.533333 (+/-0.103647).
P1: N=45, mean=0.488889 (+/-0.147701).
P2: N=45, mean=0.577778 (+/-0.145939).
Game Durations: N=90, mean=33.877778 (+/-0.481614).
P1: N=45, mean=34 (+/-0.638299).
P2: N=45, mean=33.755556 (+/-0.726854).
=====================================================
=====================================================
Completed 100 games.

Agent 1 (SHUCTAnyTime)
Winning score (between 0 and 1) : N=100, mean=0.47 (+/-0.098314).
P1: N=50, mean=0.42 (+/-0.138194).
P2: N=50, mean=0.52 (+/-0.139885).
Game Durations: N=100, mean=33.83 (+/-0.476891).
P1: N=50, mean=33.78 (+/-0.702311).
P2: N=50, mean=33.88 (+/-0.652188).

Agent 2 (UCT)
Winning score (between 0 and 1) : N=100, mean=0.53 (+/-0.098314).
P1: N=50, mean=0.48 (+/-0.139885).
P2: N=50, mean=0.58 (+/-0.138194).
Game Durations: N=100, mean=33.83 (+/-0.476891).
P1: N=50, mean=33.88 (+/-0.652188).
P2: N=50, mean=33.78 (+/-0.702311).
=====================================================
=====================================================
Completed 110 games.

Agent 1 (SHUCTAnyTime)
Winning score (between 0 and 1) : N=110, mean=0.454545 (+/-0.093476).
P1: N=55, mean=0.418182 (+/-0.131561).
P2: N=55, mean=0.490909 (+/-0.133336).
Game Durations: N=110, mean=33.663636 (+/-0.457942).
P1: N=55, mean=33.581818 (+/-0.672232).
P2: N=55, mean=33.745455 (+/-0.627505).

Agent 2 (UCT)
Winning score (between 0 and 1) : N=110, mean=0.545455 (+/-0.093476).
P1: N=55, mean=0.509091 (+/-0.133336).
P2: N=55, mean=0.581818 (+/-0.131561).
Game Durations: N=110, mean=33.663636 (+/-0.457942).
P1: N=55, mean=33.745455 (+/-0.627505).
P2: N=55, mean=33.581818 (+/-0.672232).
=====================================================
=====================================================
Completed 120 games.

Agent 1 (SHUCTAnyTime)
Winning score (between 0 and 1) : N=120, mean=0.45 (+/-0.089384).
P1: N=60, mean=0.416667 (+/-0.125798).
P2: N=60, mean=0.483333 (+/-0.127512).
Game Durations: N=120, mean=33.883333 (+/-0.458763).
P1: N=60, mean=33.85 (+/-0.696971).
P2: N=60, mean=33.916667 (+/-0.602556).

Agent 2 (UCT)
Winning score (between 0 and 1) : N=120, mean=0.55 (+/-0.089384).
P1: N=60, mean=0.516667 (+/-0.127512).
P2: N=60, mean=0.583333 (+/-0.125798).
Game Durations: N=120, mean=33.883333 (+/-0.458763).
P1: N=60, mean=33.916667 (+/-0.602556).
P2: N=60, mean=33.85 (+/-0.696971).
=====================================================
=====================================================
Completed 130 games.

Agent 1 (SHUCTAnyTime)
Winning score (between 0 and 1) : N=130, mean=0.438462 (+/-0.085626).
P1: N=65, mean=0.415385 (+/-0.120731).
P2: N=65, mean=0.461538 (+/-0.122135).
Game Durations: N=130, mean=33.769231 (+/-0.445666).
P1: N=65, mean=33.707692 (+/-0.675026).
P2: N=65, mean=33.830769 (+/-0.586997).

Agent 2 (UCT)
Winning score (between 0 and 1) : N=130, mean=0.561538 (+/-0.085626).
P1: N=65, mean=0.538462 (+/-0.122135).
P2: N=65, mean=0.584615 (+/-0.120731).
Game Durations: N=130, mean=33.769231 (+/-0.445666).
P1: N=65, mean=33.830769 (+/-0.586997).
P2: N=65, mean=33.707692 (+/-0.675026).
=====================================================
=====================================================
Completed 140 games.

Agent 1 (SHUCTAnyTime)
Winning score (between 0 and 1) : N=140, mean=0.45 (+/-0.082704).
P1: N=70, mean=0.442857 (+/-0.117203).
P2: N=70, mean=0.457143 (+/-0.117542).
Game Durations: N=140, mean=33.692857 (+/-0.424252).
P1: N=70, mean=33.642857 (+/-0.639419).
P2: N=70, mean=33.742857 (+/-0.562176).

Agent 2 (UCT)
Winning score (between 0 and 1) : N=140, mean=0.55 (+/-0.082704).
P1: N=70, mean=0.542857 (+/-0.117542).
P2: N=70, mean=0.557143 (+/-0.117203).
Game Durations: N=140, mean=33.692857 (+/-0.424252).
P1: N=70, mean=33.742857 (+/-0.562176).
P2: N=70, mean=33.642857 (+/-0.639419).
=====================================================
=====================================================
Completed 150 games.

Agent 1 (SHUCTAnyTime)
Winning score (between 0 and 1) : N=150, mean=0.446667 (+/-0.079825).
P1: N=75, mean=0.44 (+/-0.113097).
P2: N=75, mean=0.453333 (+/-0.113423).
Game Durations: N=150, mean=33.653333 (+/-0.406198).
P1: N=75, mean=33.64 (+/-0.606405).
P2: N=75, mean=33.666667 (+/-0.544704).

Agent 2 (UCT)
Winning score (between 0 and 1) : N=150, mean=0.553333 (+/-0.079825).
P1: N=75, mean=0.546667 (+/-0.113423).
P2: N=75, mean=0.56 (+/-0.113097).
Game Durations: N=150, mean=33.653333 (+/-0.406198).
P1: N=75, mean=33.666667 (+/-0.544704).
P2: N=75, mean=33.64 (+/-0.606405).
=====================================================
