Warming up...
Finished warming up!
=====================================================
Completed 1 games.

Agent 1 (SHUCTAnyTime)
Winning score (between 0 and 1) : N=1, mean=0 (+/-0).
P1: N=1, mean=0 (+/-0).
P2: N=0, mean=0 (+/-0).
Game Durations: N=1, mean=36 (+/-0).
P1: N=1, mean=36 (+/-0).
P2: N=0, mean=0 (+/-0).

Agent 2 (UCT)
Winning score (between 0 and 1) : N=1, mean=1 (+/-0).
P1: N=0, mean=0 (+/-0).
P2: N=1, mean=1 (+/-0).
Game Durations: N=1, mean=36 (+/-0).
P1: N=0, mean=0 (+/-0).
P2: N=1, mean=36 (+/-0).
=====================================================
=====================================================
Completed 2 games.

Agent 1 (SHUCTAnyTime)
Winning score (between 0 and 1) : N=2, mean=0.5 (+/-0.97998).
P1: N=1, mean=0 (+/-0).
P2: N=1, mean=1 (+/-0).
Game Durations: N=2, mean=34 (+/-3.91992).
P1: N=1, mean=36 (+/-0).
P2: N=1, mean=32 (+/-0).

Agent 2 (UCT)
Winning score (between 0 and 1) : N=2, mean=0.5 (+/-0.97998).
P1: N=1, mean=0 (+/-0).
P2: N=1, mean=1 (+/-0).
Game Durations: N=2, mean=34 (+/-3.91992).
P1: N=1, mean=32 (+/-0).
P2: N=1, mean=36 (+/-0).
=====================================================
=====================================================
Completed 3 games.

Agent 1 (SHUCTAnyTime)
Winning score (between 0 and 1) : N=3, mean=0.666667 (+/-0.65332).
P1: N=2, mean=0.5 (+/-0.97998).
P2: N=1, mean=1 (+/-0).
Game Durations: N=3, mean=33 (+/-2.993888).
P1: N=2, mean=33.5 (+/-4.8999).
P2: N=1, mean=32 (+/-0).

Agent 2 (UCT)
Winning score (between 0 and 1) : N=3, mean=0.333333 (+/-0.65332).
P1: N=1, mean=0 (+/-0).
P2: N=2, mean=0.5 (+/-0.97998).
Game Durations: N=3, mean=33 (+/-2.993888).
P1: N=1, mean=32 (+/-0).
P2: N=2, mean=33.5 (+/-4.8999).
=====================================================
=====================================================
Completed 4 games.

Agent 1 (SHUCTAnyTime)
Winning score (between 0 and 1) : N=4, mean=0.75 (+/-0.48999).
P1: N=2, mean=0.5 (+/-0.97998).
P2: N=2, mean=1 (+/-0).
Game Durations: N=4, mean=32.75 (+/-2.172964).
P1: N=2, mean=33.5 (+/-4.8999).
P2: N=2, mean=32 (+/-0).

Agent 2 (UCT)
Winning score (between 0 and 1) : N=4, mean=0.25 (+/-0.48999).
P1: N=2, mean=0 (+/-0).
P2: N=2, mean=0.5 (+/-0.97998).
Game Durations: N=4, mean=32.75 (+/-2.172964).
P1: N=2, mean=32 (+/-0).
P2: N=2, mean=33.5 (+/-4.8999).
=====================================================
=====================================================
Completed 5 games.

Agent 1 (SHUCTAnyTime)
Winning score (between 0 and 1) : N=5, mean=0.6 (+/-0.48009).
P1: N=3, mean=0.333333 (+/-0.65332).
P2: N=2, mean=1 (+/-0).
Game Durations: N=5, mean=33.4 (+/-2.110942).
P1: N=3, mean=34.333333 (+/-3.2666).
P2: N=2, mean=32 (+/-0).

Agent 2 (UCT)
Winning score (between 0 and 1) : N=5, mean=0.4 (+/-0.48009).
P1: N=2, mean=0 (+/-0).
P2: N=3, mean=0.666667 (+/-0.65332).
Game Durations: N=5, mean=33.4 (+/-2.110942).
P1: N=2, mean=32 (+/-0).
P2: N=3, mean=34.333333 (+/-3.2666).
=====================================================
=====================================================
Completed 10 games.

Agent 1 (SHUCTAnyTime)
Winning score (between 0 and 1) : N=10, mean=0.5 (+/-0.32666).
P1: N=5, mean=0.6 (+/-0.48009).
P2: N=5, mean=0.4 (+/-0.48009).
Game Durations: N=10, mean=33 (+/-1.801079).
P1: N=5, mean=34.2 (+/-1.900252).
P2: N=5, mean=31.8 (+/-2.867174).

Agent 2 (UCT)
Winning score (between 0 and 1) : N=10, mean=0.5 (+/-0.32666).
P1: N=5, mean=0.6 (+/-0.48009).
P2: N=5, mean=0.4 (+/-0.48009).
Game Durations: N=10, mean=33 (+/-1.801079).
P1: N=5, mean=31.8 (+/-2.867174).
P2: N=5, mean=34.2 (+/-1.900252).
=====================================================
=====================================================
Completed 20 games.

Agent 1 (SHUCTAnyTime)
Winning score (between 0 and 1) : N=20, mean=0.45 (+/-0.223696).
P1: N=10, mean=0.6 (+/-0.32006).
P2: N=10, mean=0.3 (+/-0.299389).
Game Durations: N=20, mean=33.25 (+/-1.278726).
P1: N=10, mean=33.8 (+/-1.512545).
P2: N=10, mean=32.7 (+/-2.087559).

Agent 2 (UCT)
Winning score (between 0 and 1) : N=20, mean=0.55 (+/-0.223696).
P1: N=10, mean=0.7 (+/-0.299389).
P2: N=10, mean=0.4 (+/-0.32006).
Game Durations: N=20, mean=33.25 (+/-1.278726).
P1: N=10, mean=32.7 (+/-2.087559).
P2: N=10, mean=33.8 (+/-1.512545).
=====================================================
=====================================================
Completed 30 games.

Agent 1 (SHUCTAnyTime)
Winning score (between 0 and 1) : N=30, mean=0.4 (+/-0.178301).
P1: N=15, mean=0.533333 (+/-0.261328).
P2: N=15, mean=0.266667 (+/-0.231643).
Game Durations: N=30, mean=33.233333 (+/-1.006359).
P1: N=15, mean=33.6 (+/-1.19143).
P2: N=15, mean=32.866667 (+/-1.643905).

Agent 2 (UCT)
Winning score (between 0 and 1) : N=30, mean=0.6 (+/-0.178301).
P1: N=15, mean=0.733333 (+/-0.231643).
P2: N=15, mean=0.466667 (+/-0.261328).
Game Durations: N=30, mean=33.233333 (+/-1.006359).
P1: N=15, mean=32.866667 (+/-1.643905).
P2: N=15, mean=33.6 (+/-1.19143).
=====================================================
=====================================================
Completed 40 games.

Agent 1 (SHUCTAnyTime)
Winning score (between 0 and 1) : N=40, mean=0.45 (+/-0.156136).
P1: N=20, mean=0.6 (+/-0.22028).
P2: N=20, mean=0.3 (+/-0.206054).
Game Durations: N=40, mean=33.45 (+/-0.879186).
P1: N=20, mean=33.7 (+/-1.147257).
P2: N=20, mean=33.2 (+/-1.353426).

Agent 2 (UCT)
Winning score (between 0 and 1) : N=40, mean=0.55 (+/-0.156136).
P1: N=20, mean=0.7 (+/-0.206054).
P2: N=20, mean=0.4 (+/-0.22028).
Game Durations: N=40, mean=33.45 (+/-0.879186).
P1: N=20, mean=33.2 (+/-1.353426).
P2: N=20, mean=33.7 (+/-1.147257).
=====================================================
=====================================================
Completed 50 games.

Agent 1 (SHUCTAnyTime)
Winning score (between 0 and 1) : N=50, mean=0.46 (+/-0.139548).
P1: N=25, mean=0.56 (+/-0.198592).
P2: N=25, mean=0.36 (+/-0.192036).
Game Durations: N=50, mean=33.48 (+/-0.768308).
P1: N=25, mean=33.76 (+/-1.063207).
P2: N=25, mean=33.2 (+/-1.12021).

Agent 2 (UCT)
Winning score (between 0 and 1) : N=50, mean=0.54 (+/-0.139548).
P1: N=25, mean=0.64 (+/-0.192036).
P2: N=25, mean=0.44 (+/-0.198592).
Game Durations: N=50, mean=33.48 (+/-0.768308).
P1: N=25, mean=33.2 (+/-1.12021).
P2: N=25, mean=33.76 (+/-1.063207).
=====================================================
=====================================================
Completed 60 games.

Agent 1 (SHUCTAnyTime)
Winning score (between 0 and 1) : N=60, mean=0.416667 (+/-0.125798).
P1: N=30, mean=0.466667 (+/-0.181573).
P2: N=30, mean=0.366667 (+/-0.175388).
Game Durations: N=60, mean=33.683333 (+/-0.68704).
P1: N=30, mean=33.933333 (+/-0.944104).
P2: N=30, mean=33.433333 (+/-1.006359).

Agent 2 (UCT)
Winning score (between 0 and 1) : N=60, mean=0.583333 (+/-0.125798).
P1: N=30, mean=0.633333 (+/-0.175388).
P2: N=30, mean=0.533333 (+/-0.181573).
Game Durations: N=60, mean=33.683333 (+/-0.68704).
P1: N=30, mean=33.433333 (+/-1.006359).
P2: N=30, mean=33.933333 (+/-0.944104).
=====================================================
=====================================================
Completed 70 games.

Agent 1 (SHUCTAnyTime)
Winning score (between 0 and 1) : N=70, mean=0.4 (+/-0.115592).
P1: N=35, mean=0.4 (+/-0.16467).
P2: N=35, mean=0.4 (+/-0.16467).
Game Durations: N=70, mean=33.757143 (+/-0.619711).
P1: N=35, mean=33.885714 (+/-0.860807).
P2: N=35, mean=33.628571 (+/-0.902239).

Agent 2 (UCT)
Winning score (between 0 and 1) : N=70, mean=0.6 (+/-0.115592).
P1: N=35, mean=0.6 (+/-0.16467).
P2: N=35, mean=0.6 (+/-0.16467).
Game Durations: N=70, mean=33.757143 (+/-0.619711).
P1: N=35, mean=33.628571 (+/-0.902239).
P2: N=35, mean=33.885714 (+/-0.860807).
=====================================================
=====================================================
Completed 80 games.

Agent 1 (SHUCTAnyTime)
Winning score (between 0 and 1) : N=80, mean=0.425 (+/-0.109009).
P1: N=40, mean=0.45 (+/-0.156136).
P2: N=40, mean=0.4 (+/-0.153752).
Game Durations: N=80, mean=33.8 (+/-0.580707).
P1: N=40, mean=33.95 (+/-0.790708).
P2: N=40, mean=33.65 (+/-0.858209).

Agent 2 (UCT)
Winning score (between 0 and 1) : N=80, mean=0.575 (+/-0.109009).
P1: N=40, mean=0.6 (+/-0.153752).
P2: N=40, mean=0.55 (+/-0.156136).
Game Durations: N=80, mean=33.8 (+/-0.580707).
P1: N=40, mean=33.65 (+/-0.858209).
P2: N=40, mean=33.95 (+/-0.790708).
=====================================================
=====================================================
Completed 90 games.

Agent 1 (SHUCTAnyTime)
Winning score (between 0 and 1) : N=90, mean=0.433333 (+/-0.10295).
P1: N=45, mean=0.444444 (+/-0.146823).
P2: N=45, mean=0.422222 (+/-0.145939).
Game Durations: N=90, mean=33.8 (+/-0.546343).
P1: N=45, mean=34 (+/-0.747499).
P2: N=45, mean=33.6 (+/-0.80112).

Agent 2 (UCT)
Winning score (between 0 and 1) : N=90, mean=0.566667 (+/-0.10295).
P1: N=45, mean=0.577778 (+/-0.145939).
P2: N=45, mean=0.555556 (+/-0.146823).
Game Durations: N=90, mean=33.8 (+/-0.546343).
P1: N=45, mean=33.6 (+/-0.80112).
P2: N=45, mean=34 (+/-0.747499).
=====================================================
=====================================================
Completed 100 games.

Agent 1 (SHUCTAnyTime)
Winning score (between 0 and 1) : N=100, mean=0.46 (+/-0.098176).
P1: N=50, mean=0.48 (+/-0.139885).
P2: N=50, mean=0.44 (+/-0.138986).
Game Durations: N=100, mean=33.9 (+/-0.532584).
P1: N=50, mean=34.08 (+/-0.75097).
P2: N=50, mean=33.72 (+/-0.759688).

Agent 2 (UCT)
Winning score (between 0 and 1) : N=100, mean=0.54 (+/-0.098176).
P1: N=50, mean=0.56 (+/-0.138986).
P2: N=50, mean=0.52 (+/-0.139885).
Game Durations: N=100, mean=33.9 (+/-0.532584).
P1: N=50, mean=33.72 (+/-0.759688).
P2: N=50, mean=34.08 (+/-0.75097).
=====================================================
=====================================================
Completed 110 games.

Agent 1 (SHUCTAnyTime)
Winning score (between 0 and 1) : N=110, mean=0.463636 (+/-0.093616).
P1: N=55, mean=0.490909 (+/-0.133336).
P2: N=55, mean=0.436364 (+/-0.132274).
Game Durations: N=110, mean=33.872727 (+/-0.497402).
P1: N=55, mean=34.018182 (+/-0.711127).
P2: N=55, mean=33.727273 (+/-0.700062).

Agent 2 (UCT)
Winning score (between 0 and 1) : N=110, mean=0.536364 (+/-0.093616).
P1: N=55, mean=0.563636 (+/-0.132274).
P2: N=55, mean=0.509091 (+/-0.133336).
Game Durations: N=110, mean=33.872727 (+/-0.497402).
P1: N=55, mean=33.727273 (+/-0.700062).
P2: N=55, mean=34.018182 (+/-0.711127).
=====================================================
=====================================================
Completed 120 games.

Agent 1 (SHUCTAnyTime)
Winning score (between 0 and 1) : N=120, mean=0.483333 (+/-0.089785).
P1: N=60, mean=0.5 (+/-0.127583).
P2: N=60, mean=0.466667 (+/-0.127299).
Game Durations: N=120, mean=33.816667 (+/-0.475916).
P1: N=60, mean=33.933333 (+/-0.689208).
P2: N=60, mean=33.7 (+/-0.660971).

Agent 2 (UCT)
Winning score (between 0 and 1) : N=120, mean=0.516667 (+/-0.089785).
P1: N=60, mean=0.533333 (+/-0.127299).
P2: N=60, mean=0.5 (+/-0.127583).
Game Durations: N=120, mean=33.816667 (+/-0.475916).
P1: N=60, mean=33.7 (+/-0.660971).
P2: N=60, mean=33.933333 (+/-0.689208).
=====================================================
=====================================================
Completed 130 games.

Agent 1 (SHUCTAnyTime)
Winning score (between 0 and 1) : N=130, mean=0.492308 (+/-0.086272).
P1: N=65, mean=0.507692 (+/-0.122483).
P2: N=65, mean=0.476923 (+/-0.122367).
Game Durations: N=130, mean=33.884615 (+/-0.451333).
P1: N=65, mean=34.107692 (+/-0.663157).
P2: N=65, mean=33.661538 (+/-0.612717).

Agent 2 (UCT)
Winning score (between 0 and 1) : N=130, mean=0.507692 (+/-0.086272).
P1: N=65, mean=0.523077 (+/-0.122367).
P2: N=65, mean=0.492308 (+/-0.122483).
Game Durations: N=130, mean=33.884615 (+/-0.451333).
P1: N=65, mean=33.661538 (+/-0.612717).
P2: N=65, mean=34.107692 (+/-0.663157).
=====================================================
=====================================================
Completed 140 games.

Agent 1 (SHUCTAnyTime)
Winning score (between 0 and 1) : N=140, mean=0.5 (+/-0.083121).
P1: N=70, mean=0.514286 (+/-0.117928).
P2: N=70, mean=0.485714 (+/-0.117928).
Game Durations: N=140, mean=33.971429 (+/-0.431654).
P1: N=70, mean=34.142857 (+/-0.634737).
P2: N=70, mean=33.8 (+/-0.586973).

Agent 2 (UCT)
Winning score (between 0 and 1) : N=140, mean=0.5 (+/-0.083121).
P1: N=70, mean=0.514286 (+/-0.117928).
P2: N=70, mean=0.485714 (+/-0.117928).
Game Durations: N=140, mean=33.971429 (+/-0.431654).
P1: N=70, mean=33.8 (+/-0.586973).
P2: N=70, mean=34.142857 (+/-0.634737).
=====================================================
=====================================================
Completed 150 games.

Agent 1 (SHUCTAnyTime)
Winning score (between 0 and 1) : N=150, mean=0.52 (+/-0.080219).
P1: N=75, mean=0.546667 (+/-0.113423).
P2: N=75, mean=0.493333 (+/-0.11391).
Game Durations: N=150, mean=33.913333 (+/-0.409128).
P1: N=75, mean=34.066667 (+/-0.600317).
P2: N=75, mean=33.76 (+/-0.557895).

Agent 2 (UCT)
Winning score (between 0 and 1) : N=150, mean=0.48 (+/-0.080219).
P1: N=75, mean=0.506667 (+/-0.11391).
P2: N=75, mean=0.453333 (+/-0.113423).
Game Durations: N=150, mean=33.913333 (+/-0.409128).
P1: N=75, mean=33.76 (+/-0.557895).
P2: N=75, mean=34.066667 (+/-0.600317).
=====================================================
