Warming up...
Finished warming up!
=====================================================
Completed 1 games.

Agent 1 (SHUCTAnyTime)
Winning score (between 0 and 1) : N=1, mean=1 (+/-0).
P1: N=0, mean=0 (+/-0).
P2: N=1, mean=1 (+/-0).
Game Durations: N=1, mean=36 (+/-0).
P1: N=0, mean=0 (+/-0).
P2: N=1, mean=36 (+/-0).

Agent 2 (SHUCT)
Winning score (between 0 and 1) : N=1, mean=0 (+/-0).
P1: N=1, mean=0 (+/-0).
P2: N=0, mean=0 (+/-0).
Game Durations: N=1, mean=36 (+/-0).
P1: N=1, mean=36 (+/-0).
P2: N=0, mean=0 (+/-0).
=====================================================
=====================================================
Completed 2 games.

Agent 1 (SHUCTAnyTime)
Winning score (between 0 and 1) : N=2, mean=1 (+/-0).
P1: N=1, mean=1 (+/-0).
P2: N=1, mean=1 (+/-0).
Game Durations: N=2, mean=36.5 (+/-0.97998).
P1: N=1, mean=37 (+/-0).
P2: N=1, mean=36 (+/-0).

Agent 2 (SHUCT)
Winning score (between 0 and 1) : N=2, mean=0 (+/-0).
P1: N=1, mean=0 (+/-0).
P2: N=1, mean=0 (+/-0).
Game Durations: N=2, mean=36.5 (+/-0.97998).
P1: N=1, mean=36 (+/-0).
P2: N=1, mean=37 (+/-0).
=====================================================
=====================================================
Completed 3 games.

Agent 1 (SHUCTAnyTime)
Winning score (between 0 and 1) : N=3, mean=0.666667 (+/-0.65332).
P1: N=1, mean=1 (+/-0).
P2: N=2, mean=0.5 (+/-0.97998).
Game Durations: N=3, mean=34 (+/-4.932458).
P1: N=1, mean=37 (+/-0).
P2: N=2, mean=32.5 (+/-6.85986).

Agent 2 (SHUCT)
Winning score (between 0 and 1) : N=3, mean=0.333333 (+/-0.65332).
P1: N=2, mean=0.5 (+/-0.97998).
P2: N=1, mean=0 (+/-0).
Game Durations: N=3, mean=34 (+/-4.932458).
P1: N=2, mean=32.5 (+/-6.85986).
P2: N=1, mean=37 (+/-0).
=====================================================
=====================================================
Completed 4 games.

Agent 1 (SHUCTAnyTime)
Winning score (between 0 and 1) : N=4, mean=0.5 (+/-0.565792).
P1: N=2, mean=0.5 (+/-0.97998).
P2: N=2, mean=0.5 (+/-0.97998).
Game Durations: N=4, mean=34.5 (+/-3.622835).
P1: N=2, mean=36.5 (+/-0.97998).
P2: N=2, mean=32.5 (+/-6.85986).

Agent 2 (SHUCT)
Winning score (between 0 and 1) : N=4, mean=0.5 (+/-0.565792).
P1: N=2, mean=0.5 (+/-0.97998).
P2: N=2, mean=0.5 (+/-0.97998).
Game Durations: N=4, mean=34.5 (+/-3.622835).
P1: N=2, mean=32.5 (+/-6.85986).
P2: N=2, mean=36.5 (+/-0.97998).
=====================================================
=====================================================
Completed 5 games.

Agent 1 (SHUCTAnyTime)
Winning score (between 0 and 1) : N=5, mean=0.6 (+/-0.48009).
P1: N=2, mean=0.5 (+/-0.97998).
P2: N=3, mean=0.666667 (+/-0.65332).
Game Durations: N=5, mean=34.4 (+/-2.813072).
P1: N=2, mean=36.5 (+/-0.97998).
P2: N=3, mean=33 (+/-4.079982).

Agent 2 (SHUCT)
Winning score (between 0 and 1) : N=5, mean=0.4 (+/-0.48009).
P1: N=3, mean=0.333333 (+/-0.65332).
P2: N=2, mean=0.5 (+/-0.97998).
Game Durations: N=5, mean=34.4 (+/-2.813072).
P1: N=3, mean=33 (+/-4.079982).
P2: N=2, mean=36.5 (+/-0.97998).
=====================================================
=====================================================
Completed 10 games.

Agent 1 (SHUCTAnyTime)
Winning score (between 0 and 1) : N=10, mean=0.7 (+/-0.299389).
P1: N=5, mean=0.8 (+/-0.391992).
P2: N=5, mean=0.6 (+/-0.48009).
Game Durations: N=10, mean=33.8 (+/-1.772413).
P1: N=5, mean=35.6 (+/-0.783984).
P2: N=5, mean=32 (+/-2.701618).

Agent 2 (SHUCT)
Winning score (between 0 and 1) : N=10, mean=0.3 (+/-0.299389).
P1: N=5, mean=0.4 (+/-0.48009).
P2: N=5, mean=0.2 (+/-0.391992).
Game Durations: N=10, mean=33.8 (+/-1.772413).
P1: N=5, mean=32 (+/-2.701618).
P2: N=5, mean=35.6 (+/-0.783984).
=====================================================
=====================================================
Completed 20 games.

Agent 1 (SHUCTAnyTime)
Winning score (between 0 and 1) : N=20, mean=0.65 (+/-0.214467).
P1: N=10, mean=0.8 (+/-0.261328).
P2: N=10, mean=0.5 (+/-0.32666).
Game Durations: N=20, mean=33.85 (+/-0.946128).
P1: N=10, mean=34.4 (+/-0.886206).
P2: N=10, mean=33.3 (+/-1.654074).

Agent 2 (SHUCT)
Winning score (between 0 and 1) : N=20, mean=0.35 (+/-0.214467).
P1: N=10, mean=0.5 (+/-0.32666).
P2: N=10, mean=0.2 (+/-0.261328).
Game Durations: N=20, mean=33.85 (+/-0.946128).
P1: N=10, mean=33.3 (+/-1.654074).
P2: N=10, mean=34.4 (+/-0.886206).
=====================================================
=====================================================
Completed 30 games.

Agent 1 (SHUCTAnyTime)
Winning score (between 0 and 1) : N=30, mean=0.566667 (+/-0.180353).
P1: N=15, mean=0.6 (+/-0.256619).
P2: N=15, mean=0.533333 (+/-0.261328).
Game Durations: N=30, mean=33.866667 (+/-0.806927).
P1: N=15, mean=33.666667 (+/-0.890325).
P2: N=15, mean=34.066667 (+/-1.372194).

Agent 2 (SHUCT)
Winning score (between 0 and 1) : N=30, mean=0.433333 (+/-0.180353).
P1: N=15, mean=0.466667 (+/-0.261328).
P2: N=15, mean=0.4 (+/-0.256619).
Game Durations: N=30, mean=33.866667 (+/-0.806927).
P1: N=15, mean=34.066667 (+/-1.372194).
P2: N=15, mean=33.666667 (+/-0.890325).
=====================================================
=====================================================
Completed 40 games.

Agent 1 (SHUCTAnyTime)
Winning score (between 0 and 1) : N=40, mean=0.575 (+/-0.155147).
P1: N=20, mean=0.6 (+/-0.22028).
P2: N=20, mean=0.55 (+/-0.223696).
Game Durations: N=40, mean=33.875 (+/-0.729942).
P1: N=20, mean=33.8 (+/-0.799308).
P2: N=20, mean=33.95 (+/-1.243455).

Agent 2 (SHUCT)
Winning score (between 0 and 1) : N=40, mean=0.425 (+/-0.155147).
P1: N=20, mean=0.45 (+/-0.223696).
P2: N=20, mean=0.4 (+/-0.22028).
Game Durations: N=40, mean=33.875 (+/-0.729942).
P1: N=20, mean=33.95 (+/-1.243455).
P2: N=20, mean=33.8 (+/-0.799308).
=====================================================
=====================================================
Completed 50 games.

Agent 1 (SHUCTAnyTime)
Winning score (between 0 and 1) : N=50, mean=0.56 (+/-0.138986).
P1: N=25, mean=0.56 (+/-0.198592).
P2: N=25, mean=0.56 (+/-0.198592).
Game Durations: N=50, mean=33.66 (+/-0.661664).
P1: N=25, mean=33.6 (+/-0.823805).
P2: N=25, mean=33.72 (+/-1.052555).

Agent 2 (SHUCT)
Winning score (between 0 and 1) : N=50, mean=0.44 (+/-0.138986).
P1: N=25, mean=0.44 (+/-0.198592).
P2: N=25, mean=0.44 (+/-0.198592).
Game Durations: N=50, mean=33.66 (+/-0.661664).
P1: N=25, mean=33.72 (+/-1.052555).
P2: N=25, mean=33.6 (+/-0.823805).
=====================================================
=====================================================
Completed 60 games.

Agent 1 (SHUCTAnyTime)
Winning score (between 0 and 1) : N=60, mean=0.55 (+/-0.126943).
P1: N=30, mean=0.533333 (+/-0.181573).
P2: N=30, mean=0.566667 (+/-0.180353).
Game Durations: N=60, mean=33.383333 (+/-0.623445).
P1: N=30, mean=33.266667 (+/-0.77454).
P2: N=30, mean=33.5 (+/-0.98895).

Agent 2 (SHUCT)
Winning score (between 0 and 1) : N=60, mean=0.45 (+/-0.126943).
P1: N=30, mean=0.433333 (+/-0.180353).
P2: N=30, mean=0.466667 (+/-0.181573).
Game Durations: N=60, mean=33.383333 (+/-0.623445).
P1: N=30, mean=33.5 (+/-0.98895).
P2: N=30, mean=33.266667 (+/-0.77454).
=====================================================
=====================================================
Completed 70 games.

Agent 1 (SHUCTAnyTime)
Winning score (between 0 and 1) : N=70, mean=0.5 (+/-0.117976).
P1: N=35, mean=0.485714 (+/-0.167997).
P2: N=35, mean=0.514286 (+/-0.167997).
Game Durations: N=70, mean=33.457143 (+/-0.544934).
P1: N=35, mean=33.285714 (+/-0.6702).
P2: N=35, mean=33.628571 (+/-0.865721).

Agent 2 (SHUCT)
Winning score (between 0 and 1) : N=70, mean=0.5 (+/-0.117976).
P1: N=35, mean=0.485714 (+/-0.167997).
P2: N=35, mean=0.514286 (+/-0.167997).
Game Durations: N=70, mean=33.457143 (+/-0.544934).
P1: N=35, mean=33.628571 (+/-0.865721).
P2: N=35, mean=33.285714 (+/-0.6702).
=====================================================
=====================================================
Completed 80 games.

Agent 1 (SHUCTAnyTime)
Winning score (between 0 and 1) : N=80, mean=0.5125 (+/-0.110222).
P1: N=40, mean=0.475 (+/-0.156726).
P2: N=40, mean=0.55 (+/-0.156136).
Game Durations: N=80, mean=33.4375 (+/-0.509861).
P1: N=40, mean=33.375 (+/-0.657156).
P2: N=40, mean=33.5 (+/-0.787744).

Agent 2 (SHUCT)
Winning score (between 0 and 1) : N=80, mean=0.4875 (+/-0.110222).
P1: N=40, mean=0.45 (+/-0.156136).
P2: N=40, mean=0.525 (+/-0.156726).
Game Durations: N=80, mean=33.4375 (+/-0.509861).
P1: N=40, mean=33.5 (+/-0.787744).
P2: N=40, mean=33.375 (+/-0.657156).
=====================================================
=====================================================
Completed 90 games.

Agent 1 (SHUCTAnyTime)
Winning score (between 0 and 1) : N=90, mean=0.522222 (+/-0.103775).
P1: N=45, mean=0.488889 (+/-0.147701).
P2: N=45, mean=0.555556 (+/-0.146823).
Game Durations: N=90, mean=33.422222 (+/-0.479768).
P1: N=45, mean=33.333333 (+/-0.613501).
P2: N=45, mean=33.511111 (+/-0.743915).

Agent 2 (SHUCT)
Winning score (between 0 and 1) : N=90, mean=0.477778 (+/-0.103775).
P1: N=45, mean=0.444444 (+/-0.146823).
P2: N=45, mean=0.511111 (+/-0.147701).
Game Durations: N=90, mean=33.422222 (+/-0.479768).
P1: N=45, mean=33.511111 (+/-0.743915).
P2: N=45, mean=33.333333 (+/-0.613501).
=====================================================
=====================================================
Completed 100 games.

Agent 1 (SHUCTAnyTime)
Winning score (between 0 and 1) : N=100, mean=0.53 (+/-0.098314).
P1: N=50, mean=0.5 (+/-0.139997).
P2: N=50, mean=0.56 (+/-0.138986).
Game Durations: N=100, mean=33.57 (+/-0.449411).
P1: N=50, mean=33.54 (+/-0.585208).
P2: N=50, mean=33.6 (+/-0.688125).

Agent 2 (SHUCT)
Winning score (between 0 and 1) : N=100, mean=0.47 (+/-0.098314).
P1: N=50, mean=0.44 (+/-0.138986).
P2: N=50, mean=0.5 (+/-0.139997).
Game Durations: N=100, mean=33.57 (+/-0.449411).
P1: N=50, mean=33.6 (+/-0.688125).
P2: N=50, mean=33.54 (+/-0.585208).
=====================================================
=====================================================
Completed 110 games.

Agent 1 (SHUCTAnyTime)
Winning score (between 0 and 1) : N=110, mean=0.545455 (+/-0.093476).
P1: N=55, mean=0.545455 (+/-0.132806).
P2: N=55, mean=0.545455 (+/-0.132806).
Game Durations: N=110, mean=33.5 (+/-0.435326).
P1: N=55, mean=33.418182 (+/-0.565657).
P2: N=55, mean=33.581818 (+/-0.666435).

Agent 2 (SHUCT)
Winning score (between 0 and 1) : N=110, mean=0.454545 (+/-0.093476).
P1: N=55, mean=0.454545 (+/-0.132806).
P2: N=55, mean=0.454545 (+/-0.132806).
Game Durations: N=110, mean=33.5 (+/-0.435326).
P1: N=55, mean=33.581818 (+/-0.666435).
P2: N=55, mean=33.418182 (+/-0.565657).
=====================================================
=====================================================
Completed 120 games.

Agent 1 (SHUCTAnyTime)
Winning score (between 0 and 1) : N=120, mean=0.55 (+/-0.089384).
P1: N=60, mean=0.55 (+/-0.126943).
P2: N=60, mean=0.55 (+/-0.126943).
Game Durations: N=120, mean=33.466667 (+/-0.410321).
P1: N=60, mean=33.483333 (+/-0.532172).
P2: N=60, mean=33.45 (+/-0.62922).

Agent 2 (SHUCT)
Winning score (between 0 and 1) : N=120, mean=0.45 (+/-0.089384).
P1: N=60, mean=0.45 (+/-0.126943).
P2: N=60, mean=0.45 (+/-0.126943).
Game Durations: N=120, mean=33.466667 (+/-0.410321).
P1: N=60, mean=33.45 (+/-0.62922).
P2: N=60, mean=33.483333 (+/-0.532172).
=====================================================
=====================================================
Completed 130 games.

Agent 1 (SHUCTAnyTime)
Winning score (between 0 and 1) : N=130, mean=0.538462 (+/-0.086027).
P1: N=65, mean=0.553846 (+/-0.121785).
P2: N=65, mean=0.523077 (+/-0.122367).
Game Durations: N=130, mean=33.361538 (+/-0.397565).
P1: N=65, mean=33.384615 (+/-0.525794).
P2: N=65, mean=33.338462 (+/-0.600539).

Agent 2 (SHUCT)
Winning score (between 0 and 1) : N=130, mean=0.461538 (+/-0.086027).
P1: N=65, mean=0.476923 (+/-0.122367).
P2: N=65, mean=0.446154 (+/-0.121785).
Game Durations: N=130, mean=33.361538 (+/-0.397565).
P1: N=65, mean=33.338462 (+/-0.600539).
P2: N=65, mean=33.384615 (+/-0.525794).
=====================================================
=====================================================
Completed 140 games.

Agent 1 (SHUCTAnyTime)
Winning score (between 0 and 1) : N=140, mean=0.55 (+/-0.082704).
P1: N=70, mean=0.557143 (+/-0.117203).
P2: N=70, mean=0.542857 (+/-0.117542).
Game Durations: N=140, mean=33.378571 (+/-0.390614).
P1: N=70, mean=33.357143 (+/-0.493384).
P2: N=70, mean=33.4 (+/-0.609311).

Agent 2 (SHUCT)
Winning score (between 0 and 1) : N=140, mean=0.45 (+/-0.082704).
P1: N=70, mean=0.457143 (+/-0.117542).
P2: N=70, mean=0.442857 (+/-0.117203).
Game Durations: N=140, mean=33.378571 (+/-0.390614).
P1: N=70, mean=33.4 (+/-0.609311).
P2: N=70, mean=33.357143 (+/-0.493384).
=====================================================
=====================================================
Completed 150 games.

Agent 1 (SHUCTAnyTime)
Winning score (between 0 and 1) : N=150, mean=0.546667 (+/-0.079933).
P1: N=75, mean=0.533333 (+/-0.113667).
P2: N=75, mean=0.56 (+/-0.113097).
Game Durations: N=150, mean=33.353333 (+/-0.377763).
P1: N=75, mean=33.36 (+/-0.494493).
P2: N=75, mean=33.346667 (+/-0.574584).

Agent 2 (SHUCT)
Winning score (between 0 and 1) : N=150, mean=0.453333 (+/-0.079933).
P1: N=75, mean=0.44 (+/-0.113097).
P2: N=75, mean=0.466667 (+/-0.113667).
Game Durations: N=150, mean=33.353333 (+/-0.377763).
P1: N=75, mean=33.346667 (+/-0.574584).
P2: N=75, mean=33.36 (+/-0.494493).
=====================================================
