Warming up...
Finished warming up!
=====================================================
Completed 1 games.

Agent 1 (SHUCTAnyTime)
Winning score (between 0 and 1) : N=1, mean=1 (+/-0).
P1: N=0, mean=0 (+/-0).
P2: N=1, mean=1 (+/-0).
Game Durations: N=1, mean=38 (+/-0).
P1: N=0, mean=0 (+/-0).
P2: N=1, mean=38 (+/-0).

Agent 2 (SHUCT)
Winning score (between 0 and 1) : N=1, mean=0 (+/-0).
P1: N=1, mean=0 (+/-0).
P2: N=0, mean=0 (+/-0).
Game Durations: N=1, mean=38 (+/-0).
P1: N=1, mean=38 (+/-0).
P2: N=0, mean=0 (+/-0).
=====================================================
=====================================================
Completed 2 games.

Agent 1 (SHUCTAnyTime)
Winning score (between 0 and 1) : N=2, mean=1 (+/-0).
P1: N=1, mean=1 (+/-0).
P2: N=1, mean=1 (+/-0).
Game Durations: N=2, mean=35.5 (+/-4.8999).
P1: N=1, mean=33 (+/-0).
P2: N=1, mean=38 (+/-0).

Agent 2 (SHUCT)
Winning score (between 0 and 1) : N=2, mean=0 (+/-0).
P1: N=1, mean=0 (+/-0).
P2: N=1, mean=0 (+/-0).
Game Durations: N=2, mean=35.5 (+/-4.8999).
P1: N=1, mean=38 (+/-0).
P2: N=1, mean=33 (+/-0).
=====================================================
=====================================================
Completed 3 games.

Agent 1 (SHUCTAnyTime)
Winning score (between 0 and 1) : N=3, mean=0.666667 (+/-0.65332).
P1: N=1, mean=1 (+/-0).
P2: N=2, mean=0.5 (+/-0.97998).
Game Durations: N=3, mean=34 (+/-4.079982).
P1: N=1, mean=33 (+/-0).
P2: N=2, mean=34.5 (+/-6.85986).

Agent 2 (SHUCT)
Winning score (between 0 and 1) : N=3, mean=0.333333 (+/-0.65332).
P1: N=2, mean=0.5 (+/-0.97998).
P2: N=1, mean=0 (+/-0).
Game Durations: N=3, mean=34 (+/-4.079982).
P1: N=2, mean=34.5 (+/-6.85986).
P2: N=1, mean=33 (+/-0).
=====================================================
=====================================================
Completed 4 games.

Agent 1 (SHUCTAnyTime)
Winning score (between 0 and 1) : N=4, mean=0.75 (+/-0.48999).
P1: N=2, mean=1 (+/-0).
P2: N=2, mean=0.5 (+/-0.97998).
Game Durations: N=4, mean=33.25 (+/-3.237891).
P1: N=2, mean=32 (+/-1.95996).
P2: N=2, mean=34.5 (+/-6.85986).

Agent 2 (SHUCT)
Winning score (between 0 and 1) : N=4, mean=0.25 (+/-0.48999).
P1: N=2, mean=0.5 (+/-0.97998).
P2: N=2, mean=0 (+/-0).
Game Durations: N=4, mean=33.25 (+/-3.237891).
P1: N=2, mean=34.5 (+/-6.85986).
P2: N=2, mean=32 (+/-1.95996).
=====================================================
=====================================================
Completed 5 games.

Agent 1 (SHUCTAnyTime)
Winning score (between 0 and 1) : N=5, mean=0.8 (+/-0.391992).
P1: N=2, mean=1 (+/-0).
P2: N=3, mean=0.666667 (+/-0.65332).
Game Durations: N=5, mean=34.6 (+/-3.645736).
P1: N=2, mean=32 (+/-1.95996).
P2: N=3, mean=36.333333 (+/-5.347655).

Agent 2 (SHUCT)
Winning score (between 0 and 1) : N=5, mean=0.2 (+/-0.391992).
P1: N=3, mean=0.333333 (+/-0.65332).
P2: N=2, mean=0 (+/-0).
Game Durations: N=5, mean=34.6 (+/-3.645736).
P1: N=3, mean=36.333333 (+/-5.347655).
P2: N=2, mean=32 (+/-1.95996).
=====================================================
=====================================================
Completed 10 games.

Agent 1 (SHUCTAnyTime)
Winning score (between 0 and 1) : N=10, mean=0.7 (+/-0.299389).
P1: N=5, mean=0.8 (+/-0.391992).
P2: N=5, mean=0.6 (+/-0.48009).
Game Durations: N=10, mean=33.8 (+/-1.866255).
P1: N=5, mean=32.4 (+/-1.175976).
P2: N=5, mean=35.2 (+/-3.244311).

Agent 2 (SHUCT)
Winning score (between 0 and 1) : N=10, mean=0.3 (+/-0.299389).
P1: N=5, mean=0.4 (+/-0.48009).
P2: N=5, mean=0.2 (+/-0.391992).
Game Durations: N=10, mean=33.8 (+/-1.866255).
P1: N=5, mean=35.2 (+/-3.244311).
P2: N=5, mean=32.4 (+/-1.175976).
=====================================================
=====================================================
Completed 20 games.

Agent 1 (SHUCTAnyTime)
Winning score (between 0 and 1) : N=20, mean=0.6 (+/-0.22028).
P1: N=10, mean=0.6 (+/-0.32006).
P2: N=10, mean=0.6 (+/-0.32006).
Game Durations: N=20, mean=33.8 (+/-1.211543).
P1: N=10, mean=33.6 (+/-1.551549).
P2: N=10, mean=34 (+/-1.93806).

Agent 2 (SHUCT)
Winning score (between 0 and 1) : N=20, mean=0.4 (+/-0.22028).
P1: N=10, mean=0.4 (+/-0.32006).
P2: N=10, mean=0.4 (+/-0.32006).
Game Durations: N=20, mean=33.8 (+/-1.211543).
P1: N=10, mean=34 (+/-1.93806).
P2: N=10, mean=33.6 (+/-1.551549).
=====================================================
=====================================================
Completed 30 games.

Agent 1 (SHUCTAnyTime)
Winning score (between 0 and 1) : N=30, mean=0.566667 (+/-0.180353).
P1: N=15, mean=0.533333 (+/-0.261328).
P2: N=15, mean=0.6 (+/-0.256619).
Game Durations: N=30, mean=33.533333 (+/-0.947838).
P1: N=15, mean=33.733333 (+/-1.201622).
P2: N=15, mean=33.333333 (+/-1.502027).

Agent 2 (SHUCT)
Winning score (between 0 and 1) : N=30, mean=0.433333 (+/-0.180353).
P1: N=15, mean=0.4 (+/-0.256619).
P2: N=15, mean=0.466667 (+/-0.261328).
Game Durations: N=30, mean=33.533333 (+/-0.947838).
P1: N=15, mean=33.333333 (+/-1.502027).
P2: N=15, mean=33.733333 (+/-1.201622).
=====================================================
=====================================================
Completed 40 games.

Agent 1 (SHUCTAnyTime)
Winning score (between 0 and 1) : N=40, mean=0.525 (+/-0.156726).
P1: N=20, mean=0.45 (+/-0.223696).
P2: N=20, mean=0.6 (+/-0.22028).
Game Durations: N=40, mean=33.675 (+/-0.813541).
P1: N=20, mean=33.95 (+/-1.105754).
P2: N=20, mean=33.4 (+/-1.209873).

Agent 2 (SHUCT)
Winning score (between 0 and 1) : N=40, mean=0.475 (+/-0.156726).
P1: N=20, mean=0.4 (+/-0.22028).
P2: N=20, mean=0.55 (+/-0.223696).
Game Durations: N=40, mean=33.675 (+/-0.813541).
P1: N=20, mean=33.4 (+/-1.209873).
P2: N=20, mean=33.95 (+/-1.105754).
=====================================================
=====================================================
Completed 50 games.

Agent 1 (SHUCTAnyTime)
Winning score (between 0 and 1) : N=50, mean=0.58 (+/-0.138194).
P1: N=25, mean=0.52 (+/-0.199877).
P2: N=25, mean=0.64 (+/-0.192036).
Game Durations: N=50, mean=33.76 (+/-0.6894).
P1: N=25, mean=33.88 (+/-0.907527).
P2: N=25, mean=33.64 (+/-1.054743).

Agent 2 (SHUCT)
Winning score (between 0 and 1) : N=50, mean=0.42 (+/-0.138194).
P1: N=25, mean=0.36 (+/-0.192036).
P2: N=25, mean=0.48 (+/-0.199877).
Game Durations: N=50, mean=33.76 (+/-0.6894).
P1: N=25, mean=33.64 (+/-1.054743).
P2: N=25, mean=33.88 (+/-0.907527).
=====================================================
=====================================================
Completed 60 games.

Agent 1 (SHUCTAnyTime)
Winning score (between 0 and 1) : N=60, mean=0.55 (+/-0.126943).
P1: N=30, mean=0.466667 (+/-0.181573).
P2: N=30, mean=0.633333 (+/-0.175388).
Game Durations: N=60, mean=33.75 (+/-0.615622).
P1: N=30, mean=33.933333 (+/-0.78022).
P2: N=30, mean=33.566667 (+/-0.961482).

Agent 2 (SHUCT)
Winning score (between 0 and 1) : N=60, mean=0.45 (+/-0.126943).
P1: N=30, mean=0.366667 (+/-0.175388).
P2: N=30, mean=0.533333 (+/-0.181573).
Game Durations: N=60, mean=33.75 (+/-0.615622).
P1: N=30, mean=33.566667 (+/-0.961482).
P2: N=30, mean=33.933333 (+/-0.78022).
=====================================================
=====================================================
Completed 70 games.

Agent 1 (SHUCTAnyTime)
Winning score (between 0 and 1) : N=70, mean=0.542857 (+/-0.117542).
P1: N=35, mean=0.457143 (+/-0.167447).
P2: N=35, mean=0.628571 (+/-0.162414).
Game Durations: N=70, mean=33.642857 (+/-0.566895).
P1: N=35, mean=34.057143 (+/-0.681526).
P2: N=35, mean=33.228571 (+/-0.895055).

Agent 2 (SHUCT)
Winning score (between 0 and 1) : N=70, mean=0.457143 (+/-0.117542).
P1: N=35, mean=0.371429 (+/-0.162414).
P2: N=35, mean=0.542857 (+/-0.167447).
Game Durations: N=70, mean=33.642857 (+/-0.566895).
P1: N=35, mean=33.228571 (+/-0.895055).
P2: N=35, mean=34.057143 (+/-0.681526).
=====================================================
=====================================================
Completed 80 games.

Agent 1 (SHUCTAnyTime)
Winning score (between 0 and 1) : N=80, mean=0.55 (+/-0.109704).
P1: N=40, mean=0.475 (+/-0.156726).
P2: N=40, mean=0.625 (+/-0.151939).
Game Durations: N=80, mean=33.6 (+/-0.510762).
P1: N=40, mean=34.025 (+/-0.60973).
P2: N=40, mean=33.175 (+/-0.805938).

Agent 2 (SHUCT)
Winning score (between 0 and 1) : N=80, mean=0.45 (+/-0.109704).
P1: N=40, mean=0.375 (+/-0.151939).
P2: N=40, mean=0.525 (+/-0.156726).
Game Durations: N=80, mean=33.6 (+/-0.510762).
P1: N=40, mean=33.175 (+/-0.805938).
P2: N=40, mean=34.025 (+/-0.60973).
=====================================================
=====================================================
Completed 90 games.

Agent 1 (SHUCTAnyTime)
Winning score (between 0 and 1) : N=90, mean=0.555556 (+/-0.103234).
P1: N=45, mean=0.488889 (+/-0.147701).
P2: N=45, mean=0.622222 (+/-0.143256).
Game Durations: N=90, mean=33.655556 (+/-0.497613).
P1: N=45, mean=34 (+/-0.587658).
P2: N=45, mean=33.311111 (+/-0.797289).

Agent 2 (SHUCT)
Winning score (between 0 and 1) : N=90, mean=0.444444 (+/-0.103234).
P1: N=45, mean=0.377778 (+/-0.143256).
P2: N=45, mean=0.511111 (+/-0.147701).
Game Durations: N=90, mean=33.655556 (+/-0.497613).
P1: N=45, mean=33.311111 (+/-0.797289).
P2: N=45, mean=34 (+/-0.587658).
=====================================================
=====================================================
Completed 100 games.

Agent 1 (SHUCTAnyTime)
Winning score (between 0 and 1) : N=100, mean=0.54 (+/-0.098176).
P1: N=50, mean=0.48 (+/-0.139885).
P2: N=50, mean=0.6 (+/-0.137169).
Game Durations: N=100, mean=33.68 (+/-0.460183).
P1: N=50, mean=34 (+/-0.542929).
P2: N=50, mean=33.36 (+/-0.738166).

Agent 2 (SHUCT)
Winning score (between 0 and 1) : N=100, mean=0.46 (+/-0.098176).
P1: N=50, mean=0.4 (+/-0.137169).
P2: N=50, mean=0.52 (+/-0.139885).
Game Durations: N=100, mean=33.68 (+/-0.460183).
P1: N=50, mean=33.36 (+/-0.738166).
P2: N=50, mean=34 (+/-0.542929).
=====================================================
=====================================================
Completed 110 games.

Agent 1 (SHUCTAnyTime)
Winning score (between 0 and 1) : N=110, mean=0.527273 (+/-0.093725).
P1: N=55, mean=0.454545 (+/-0.132806).
P2: N=55, mean=0.6 (+/-0.130664).
Game Durations: N=110, mean=33.663636 (+/-0.427549).
P1: N=55, mean=33.981818 (+/-0.514904).
P2: N=55, mean=33.345455 (+/-0.677077).

Agent 2 (SHUCT)
Winning score (between 0 and 1) : N=110, mean=0.472727 (+/-0.093725).
P1: N=55, mean=0.4 (+/-0.130664).
P2: N=55, mean=0.545455 (+/-0.132806).
Game Durations: N=110, mean=33.663636 (+/-0.427549).
P1: N=55, mean=33.345455 (+/-0.677077).
P2: N=55, mean=33.981818 (+/-0.514904).
=====================================================
=====================================================
Completed 120 games.

Agent 1 (SHUCTAnyTime)
Winning score (between 0 and 1) : N=120, mean=0.516667 (+/-0.089785).
P1: N=60, mean=0.433333 (+/-0.126443).
P2: N=60, mean=0.6 (+/-0.125005).
Game Durations: N=120, mean=33.533333 (+/-0.427656).
P1: N=60, mean=33.833333 (+/-0.563229).
P2: N=60, mean=33.233333 (+/-0.639385).

Agent 2 (SHUCT)
Winning score (between 0 and 1) : N=120, mean=0.483333 (+/-0.089785).
P1: N=60, mean=0.4 (+/-0.125005).
P2: N=60, mean=0.566667 (+/-0.126443).
Game Durations: N=120, mean=33.533333 (+/-0.427656).
P1: N=60, mean=33.233333 (+/-0.639385).
P2: N=60, mean=33.833333 (+/-0.563229).
=====================================================
=====================================================
Completed 130 games.

Agent 1 (SHUCTAnyTime)
Winning score (between 0 and 1) : N=130, mean=0.515385 (+/-0.086242).
P1: N=65, mean=0.430769 (+/-0.121318).
P2: N=65, mean=0.6 (+/-0.120023).
Game Durations: N=130, mean=33.476923 (+/-0.409044).
P1: N=65, mean=33.692308 (+/-0.545161).
P2: N=65, mean=33.261538 (+/-0.609695).

Agent 2 (SHUCT)
Winning score (between 0 and 1) : N=130, mean=0.484615 (+/-0.086242).
P1: N=65, mean=0.4 (+/-0.120023).
P2: N=65, mean=0.569231 (+/-0.121318).
Game Durations: N=130, mean=33.476923 (+/-0.409044).
P1: N=65, mean=33.261538 (+/-0.609695).
P2: N=65, mean=33.692308 (+/-0.545161).
=====================================================
=====================================================
Completed 140 games.

Agent 1 (SHUCTAnyTime)
Winning score (between 0 and 1) : N=140, mean=0.514286 (+/-0.083087).
P1: N=70, mean=0.442857 (+/-0.117203).
P2: N=70, mean=0.585714 (+/-0.116229).
Game Durations: N=140, mean=33.585714 (+/-0.395394).
P1: N=70, mean=33.814286 (+/-0.538485).
P2: N=70, mean=33.357143 (+/-0.57801).

Agent 2 (SHUCT)
Winning score (between 0 and 1) : N=140, mean=0.485714 (+/-0.083087).
P1: N=70, mean=0.414286 (+/-0.116229).
P2: N=70, mean=0.557143 (+/-0.117203).
Game Durations: N=140, mean=33.585714 (+/-0.395394).
P1: N=70, mean=33.357143 (+/-0.57801).
P2: N=70, mean=33.814286 (+/-0.538485).
=====================================================
=====================================================
Completed 150 games.

Agent 1 (SHUCTAnyTime)
Winning score (between 0 and 1) : N=150, mean=0.526667 (+/-0.080169).
P1: N=75, mean=0.453333 (+/-0.113423).
P2: N=75, mean=0.6 (+/-0.111619).
Game Durations: N=150, mean=33.506667 (+/-0.384352).
P1: N=75, mean=33.653333 (+/-0.537232).
P2: N=75, mean=33.36 (+/-0.551406).

Agent 2 (SHUCT)
Winning score (between 0 and 1) : N=150, mean=0.473333 (+/-0.080169).
P1: N=75, mean=0.4 (+/-0.111619).
P2: N=75, mean=0.546667 (+/-0.113423).
Game Durations: N=150, mean=33.506667 (+/-0.384352).
P1: N=75, mean=33.36 (+/-0.551406).
P2: N=75, mean=33.653333 (+/-0.537232).
=====================================================
