Warming up...
Finished warming up!
=====================================================
Completed 1 games.

Agent 1 (SHUCTAnyTime)
Winning score (between 0 and 1) : N=1, mean=0 (+/-0).
P1: N=1, mean=0 (+/-0).
P2: N=0, mean=0 (+/-0).
Game Durations: N=1, mean=28 (+/-0).
P1: N=1, mean=28 (+/-0).
P2: N=0, mean=0 (+/-0).

Agent 2 (SHUCT)
Winning score (between 0 and 1) : N=1, mean=1 (+/-0).
P1: N=0, mean=0 (+/-0).
P2: N=1, mean=1 (+/-0).
Game Durations: N=1, mean=28 (+/-0).
P1: N=0, mean=0 (+/-0).
P2: N=1, mean=28 (+/-0).
=====================================================
=====================================================
Completed 2 games.

Agent 1 (SHUCTAnyTime)
Winning score (between 0 and 1) : N=2, mean=0.5 (+/-0.97998).
P1: N=1, mean=0 (+/-0).
P2: N=1, mean=1 (+/-0).
Game Durations: N=2, mean=31 (+/-5.87988).
P1: N=1, mean=28 (+/-0).
P2: N=1, mean=34 (+/-0).

Agent 2 (SHUCT)
Winning score (between 0 and 1) : N=2, mean=0.5 (+/-0.97998).
P1: N=1, mean=0 (+/-0).
P2: N=1, mean=1 (+/-0).
Game Durations: N=2, mean=31 (+/-5.87988).
P1: N=1, mean=34 (+/-0).
P2: N=1, mean=28 (+/-0).
=====================================================
=====================================================
Completed 3 games.

Agent 1 (SHUCTAnyTime)
Winning score (between 0 and 1) : N=3, mean=0.666667 (+/-0.65332).
P1: N=2, mean=0.5 (+/-0.97998).
P2: N=1, mean=1 (+/-0).
Game Durations: N=3, mean=31.666667 (+/-3.637532).
P1: N=2, mean=30.5 (+/-4.8999).
P2: N=1, mean=34 (+/-0).

Agent 2 (SHUCT)
Winning score (between 0 and 1) : N=3, mean=0.333333 (+/-0.65332).
P1: N=1, mean=0 (+/-0).
P2: N=2, mean=0.5 (+/-0.97998).
Game Durations: N=3, mean=31.666667 (+/-3.637532).
P1: N=1, mean=34 (+/-0).
P2: N=2, mean=30.5 (+/-4.8999).
=====================================================
=====================================================
Completed 4 games.

Agent 1 (SHUCTAnyTime)
Winning score (between 0 and 1) : N=4, mean=0.75 (+/-0.48999).
P1: N=2, mean=0.5 (+/-0.97998).
P2: N=2, mean=1 (+/-0).
Game Durations: N=4, mean=32.25 (+/-2.814778).
P1: N=2, mean=30.5 (+/-4.8999).
P2: N=2, mean=34 (+/-0).

Agent 2 (SHUCT)
Winning score (between 0 and 1) : N=4, mean=0.25 (+/-0.48999).
P1: N=2, mean=0 (+/-0).
P2: N=2, mean=0.5 (+/-0.97998).
Game Durations: N=4, mean=32.25 (+/-2.814778).
P1: N=2, mean=34 (+/-0).
P2: N=2, mean=30.5 (+/-4.8999).
=====================================================
=====================================================
Completed 5 games.

Agent 1 (SHUCTAnyTime)
Winning score (between 0 and 1) : N=5, mean=0.8 (+/-0.391992).
P1: N=3, mean=0.666667 (+/-0.65332).
P2: N=2, mean=1 (+/-0).
Game Durations: N=5, mean=32.8 (+/-2.432246).
P1: N=3, mean=32 (+/-4.079982).
P2: N=2, mean=34 (+/-0).

Agent 2 (SHUCT)
Winning score (between 0 and 1) : N=5, mean=0.2 (+/-0.391992).
P1: N=2, mean=0 (+/-0).
P2: N=3, mean=0.333333 (+/-0.65332).
Game Durations: N=5, mean=32.8 (+/-2.432246).
P1: N=2, mean=34 (+/-0).
P2: N=3, mean=32 (+/-4.079982).
=====================================================
=====================================================
Completed 10 games.

Agent 1 (SHUCTAnyTime)
Winning score (between 0 and 1) : N=10, mean=0.7 (+/-0.299389).
P1: N=5, mean=0.6 (+/-0.48009).
P2: N=5, mean=0.8 (+/-0.391992).
Game Durations: N=10, mean=33.2 (+/-1.39511).
P1: N=5, mean=32.6 (+/-2.525232).
P2: N=5, mean=33.8 (+/-1.30009).

Agent 2 (SHUCT)
Winning score (between 0 and 1) : N=10, mean=0.3 (+/-0.299389).
P1: N=5, mean=0.2 (+/-0.391992).
P2: N=5, mean=0.4 (+/-0.48009).
Game Durations: N=10, mean=33.2 (+/-1.39511).
P1: N=5, mean=33.8 (+/-1.30009).
P2: N=5, mean=32.6 (+/-2.525232).
=====================================================
=====================================================
Completed 20 games.

Agent 1 (SHUCTAnyTime)
Winning score (between 0 and 1) : N=20, mean=0.6 (+/-0.22028).
P1: N=10, mean=0.5 (+/-0.32666).
P2: N=10, mean=0.7 (+/-0.299389).
Game Durations: N=20, mean=33 (+/-0.921499).
P1: N=10, mean=32.7 (+/-1.601634).
P2: N=10, mean=33.3 (+/-0.97123).

Agent 2 (SHUCT)
Winning score (between 0 and 1) : N=20, mean=0.4 (+/-0.22028).
P1: N=10, mean=0.3 (+/-0.299389).
P2: N=10, mean=0.5 (+/-0.32666).
Game Durations: N=20, mean=33 (+/-0.921499).
P1: N=10, mean=33.3 (+/-0.97123).
P2: N=10, mean=32.7 (+/-1.601634).
=====================================================
=====================================================
Completed 30 games.

Agent 1 (SHUCTAnyTime)
Winning score (between 0 and 1) : N=30, mean=0.533333 (+/-0.181573).
P1: N=15, mean=0.466667 (+/-0.261328).
P2: N=15, mean=0.6 (+/-0.256619).
Game Durations: N=30, mean=33.166667 (+/-0.840957).
P1: N=15, mean=33.4 (+/-1.44154).
P2: N=15, mean=32.933333 (+/-0.906613).

Agent 2 (SHUCT)
Winning score (between 0 and 1) : N=30, mean=0.466667 (+/-0.181573).
P1: N=15, mean=0.4 (+/-0.256619).
P2: N=15, mean=0.533333 (+/-0.261328).
Game Durations: N=30, mean=33.166667 (+/-0.840957).
P1: N=15, mean=32.933333 (+/-0.906613).
P2: N=15, mean=33.4 (+/-1.44154).
=====================================================
=====================================================
Completed 40 games.

Agent 1 (SHUCTAnyTime)
Winning score (between 0 and 1) : N=40, mean=0.475 (+/-0.156726).
P1: N=20, mean=0.45 (+/-0.223696).
P2: N=20, mean=0.5 (+/-0.224823).
Game Durations: N=40, mean=33.025 (+/-0.703487).
P1: N=20, mean=33.25 (+/-1.197063).
P2: N=20, mean=32.8 (+/-0.76042).

Agent 2 (SHUCT)
Winning score (between 0 and 1) : N=40, mean=0.525 (+/-0.156726).
P1: N=20, mean=0.5 (+/-0.224823).
P2: N=20, mean=0.55 (+/-0.223696).
Game Durations: N=40, mean=33.025 (+/-0.703487).
P1: N=20, mean=32.8 (+/-0.76042).
P2: N=20, mean=33.25 (+/-1.197063).
=====================================================
=====================================================
Completed 50 games.

Agent 1 (SHUCTAnyTime)
Winning score (between 0 and 1) : N=50, mean=0.48 (+/-0.139885).
P1: N=25, mean=0.48 (+/-0.199877).
P2: N=25, mean=0.48 (+/-0.199877).
Game Durations: N=50, mean=32.82 (+/-0.675918).
P1: N=25, mean=33.04 (+/-1.134296).
P2: N=25, mean=32.6 (+/-0.750608).

Agent 2 (SHUCT)
Winning score (between 0 and 1) : N=50, mean=0.52 (+/-0.139885).
P1: N=25, mean=0.52 (+/-0.199877).
P2: N=25, mean=0.52 (+/-0.199877).
Game Durations: N=50, mean=32.82 (+/-0.675918).
P1: N=25, mean=32.6 (+/-0.750608).
P2: N=25, mean=33.04 (+/-1.134296).
=====================================================
=====================================================
Completed 60 games.

Agent 1 (SHUCTAnyTime)
Winning score (between 0 and 1) : N=60, mean=0.466667 (+/-0.127299).
P1: N=30, mean=0.433333 (+/-0.180353).
P2: N=30, mean=0.5 (+/-0.181978).
Game Durations: N=60, mean=32.9 (+/-0.603291).
P1: N=30, mean=33.1 (+/-0.978176).
P2: N=30, mean=32.7 (+/-0.716601).

Agent 2 (SHUCT)
Winning score (between 0 and 1) : N=60, mean=0.533333 (+/-0.127299).
P1: N=30, mean=0.5 (+/-0.181978).
P2: N=30, mean=0.566667 (+/-0.180353).
Game Durations: N=60, mean=32.9 (+/-0.603291).
P1: N=30, mean=32.7 (+/-0.716601).
P2: N=30, mean=33.1 (+/-0.978176).
=====================================================
=====================================================
Completed 70 games.

Agent 1 (SHUCTAnyTime)
Winning score (between 0 and 1) : N=70, mean=0.5 (+/-0.117976).
P1: N=35, mean=0.457143 (+/-0.167447).
P2: N=35, mean=0.542857 (+/-0.167447).
Game Durations: N=70, mean=32.914286 (+/-0.539149).
P1: N=35, mean=33.085714 (+/-0.863054).
P2: N=35, mean=32.742857 (+/-0.654464).

Agent 2 (SHUCT)
Winning score (between 0 and 1) : N=70, mean=0.5 (+/-0.117976).
P1: N=35, mean=0.457143 (+/-0.167447).
P2: N=35, mean=0.542857 (+/-0.167447).
Game Durations: N=70, mean=32.914286 (+/-0.539149).
P1: N=35, mean=32.742857 (+/-0.654464).
P2: N=35, mean=33.085714 (+/-0.863054).
=====================================================
=====================================================
Completed 80 games.

Agent 1 (SHUCTAnyTime)
Winning score (between 0 and 1) : N=80, mean=0.525 (+/-0.110118).
P1: N=40, mean=0.45 (+/-0.156136).
P2: N=40, mean=0.6 (+/-0.153752).
Game Durations: N=80, mean=32.975 (+/-0.508824).
P1: N=40, mean=33.25 (+/-0.823656).
P2: N=40, mean=32.7 (+/-0.596305).

Agent 2 (SHUCT)
Winning score (between 0 and 1) : N=80, mean=0.475 (+/-0.110118).
P1: N=40, mean=0.4 (+/-0.153752).
P2: N=40, mean=0.55 (+/-0.156136).
Game Durations: N=80, mean=32.975 (+/-0.508824).
P1: N=40, mean=32.7 (+/-0.596305).
P2: N=40, mean=33.25 (+/-0.823656).
=====================================================
=====================================================
Completed 90 games.

Agent 1 (SHUCTAnyTime)
Winning score (between 0 and 1) : N=90, mean=0.544444 (+/-0.103466).
P1: N=45, mean=0.466667 (+/-0.147409).
P2: N=45, mean=0.622222 (+/-0.143256).
Game Durations: N=90, mean=33.155556 (+/-0.52092).
P1: N=45, mean=33.488889 (+/-0.799234).
P2: N=45, mean=32.822222 (+/-0.663015).

Agent 2 (SHUCT)
Winning score (between 0 and 1) : N=90, mean=0.455556 (+/-0.103466).
P1: N=45, mean=0.377778 (+/-0.143256).
P2: N=45, mean=0.533333 (+/-0.147409).
Game Durations: N=90, mean=33.155556 (+/-0.52092).
P1: N=45, mean=32.822222 (+/-0.663015).
P2: N=45, mean=33.488889 (+/-0.799234).
=====================================================
=====================================================
Completed 100 games.

Agent 1 (SHUCTAnyTime)
Winning score (between 0 and 1) : N=100, mean=0.54 (+/-0.098176).
P1: N=50, mean=0.48 (+/-0.139885).
P2: N=50, mean=0.6 (+/-0.137169).
Game Durations: N=100, mean=33.22 (+/-0.499562).
P1: N=50, mean=33.6 (+/-0.751304).
P2: N=50, mean=32.84 (+/-0.649104).

Agent 2 (SHUCT)
Winning score (between 0 and 1) : N=100, mean=0.46 (+/-0.098176).
P1: N=50, mean=0.4 (+/-0.137169).
P2: N=50, mean=0.52 (+/-0.139885).
Game Durations: N=100, mean=33.22 (+/-0.499562).
P1: N=50, mean=32.84 (+/-0.649104).
P2: N=50, mean=33.6 (+/-0.751304).
=====================================================
=====================================================
Completed 110 games.

Agent 1 (SHUCTAnyTime)
Winning score (between 0 and 1) : N=110, mean=0.536364 (+/-0.093616).
P1: N=55, mean=0.490909 (+/-0.133336).
P2: N=55, mean=0.581818 (+/-0.131561).
Game Durations: N=110, mean=33.218182 (+/-0.48519).
P1: N=55, mean=33.618182 (+/-0.73615).
P2: N=55, mean=32.818182 (+/-0.621026).

Agent 2 (SHUCT)
Winning score (between 0 and 1) : N=110, mean=0.463636 (+/-0.093616).
P1: N=55, mean=0.418182 (+/-0.131561).
P2: N=55, mean=0.509091 (+/-0.133336).
Game Durations: N=110, mean=33.218182 (+/-0.48519).
P1: N=55, mean=32.818182 (+/-0.621026).
P2: N=55, mean=33.618182 (+/-0.73615).
=====================================================
=====================================================
Completed 120 games.

Agent 1 (SHUCTAnyTime)
Winning score (between 0 and 1) : N=120, mean=0.533333 (+/-0.089635).
P1: N=60, mean=0.5 (+/-0.127583).
P2: N=60, mean=0.566667 (+/-0.126443).
Game Durations: N=120, mean=33.233333 (+/-0.465486).
P1: N=60, mean=33.533333 (+/-0.713347).
P2: N=60, mean=32.933333 (+/-0.594534).

Agent 2 (SHUCT)
Winning score (between 0 and 1) : N=120, mean=0.466667 (+/-0.089635).
P1: N=60, mean=0.433333 (+/-0.126443).
P2: N=60, mean=0.5 (+/-0.127583).
Game Durations: N=120, mean=33.233333 (+/-0.465486).
P1: N=60, mean=32.933333 (+/-0.594534).
P2: N=60, mean=33.533333 (+/-0.713347).
=====================================================
=====================================================
Completed 130 games.

Agent 1 (SHUCTAnyTime)
Winning score (between 0 and 1) : N=130, mean=0.523077 (+/-0.08619).
P1: N=65, mean=0.492308 (+/-0.122483).
P2: N=65, mean=0.553846 (+/-0.121785).
Game Durations: N=130, mean=33.161538 (+/-0.445288).
P1: N=65, mean=33.507692 (+/-0.679661).
P2: N=65, mean=32.815385 (+/-0.56833).

Agent 2 (SHUCT)
Winning score (between 0 and 1) : N=130, mean=0.476923 (+/-0.08619).
P1: N=65, mean=0.446154 (+/-0.121785).
P2: N=65, mean=0.507692 (+/-0.122483).
Game Durations: N=130, mean=33.161538 (+/-0.445288).
P1: N=65, mean=32.815385 (+/-0.56833).
P2: N=65, mean=33.507692 (+/-0.679661).
=====================================================
=====================================================
Completed 140 games.

Agent 1 (SHUCTAnyTime)
Winning score (between 0 and 1) : N=140, mean=0.514286 (+/-0.083087).
P1: N=70, mean=0.485714 (+/-0.117928).
P2: N=70, mean=0.542857 (+/-0.117542).
Game Durations: N=140, mean=33.185714 (+/-0.431948).
P1: N=70, mean=33.628571 (+/-0.660389).
P2: N=70, mean=32.742857 (+/-0.542007).

Agent 2 (SHUCT)
Winning score (between 0 and 1) : N=140, mean=0.485714 (+/-0.083087).
P1: N=70, mean=0.457143 (+/-0.117542).
P2: N=70, mean=0.514286 (+/-0.117928).
Game Durations: N=140, mean=33.185714 (+/-0.431948).
P1: N=70, mean=32.742857 (+/-0.542007).
P2: N=70, mean=33.628571 (+/-0.660389).
=====================================================
=====================================================
Completed 150 games.

Agent 1 (SHUCTAnyTime)
Winning score (between 0 and 1) : N=150, mean=0.52 (+/-0.080219).
P1: N=75, mean=0.48 (+/-0.113829).
P2: N=75, mean=0.56 (+/-0.113097).
Game Durations: N=150, mean=33.193333 (+/-0.406921).
P1: N=75, mean=33.573333 (+/-0.62166).
P2: N=75, mean=32.813333 (+/-0.515133).

Agent 2 (SHUCT)
Winning score (between 0 and 1) : N=150, mean=0.48 (+/-0.080219).
P1: N=75, mean=0.44 (+/-0.113097).
P2: N=75, mean=0.52 (+/-0.113829).
Game Durations: N=150, mean=33.193333 (+/-0.406921).
P1: N=75, mean=32.813333 (+/-0.515133).
P2: N=75, mean=33.573333 (+/-0.62166).
=====================================================
