Warming up...
Finished warming up!
=====================================================
Completed 1 games.

Agent 1 (SHUCTAnyTime)
Winning score (between 0 and 1) : N=1, mean=0 (+/-0).
P1: N=0, mean=0 (+/-0).
P2: N=1, mean=0 (+/-0).
Game Durations: N=1, mean=29 (+/-0).
P1: N=0, mean=0 (+/-0).
P2: N=1, mean=29 (+/-0).

Agent 2 (SHUCT)
Winning score (between 0 and 1) : N=1, mean=1 (+/-0).
P1: N=1, mean=1 (+/-0).
P2: N=0, mean=0 (+/-0).
Game Durations: N=1, mean=29 (+/-0).
P1: N=1, mean=29 (+/-0).
P2: N=0, mean=0 (+/-0).
=====================================================
=====================================================
Completed 2 games.

Agent 1 (SHUCTAnyTime)
Winning score (between 0 and 1) : N=2, mean=0 (+/-0).
P1: N=1, mean=0 (+/-0).
P2: N=1, mean=0 (+/-0).
Game Durations: N=2, mean=32.5 (+/-6.85986).
P1: N=1, mean=36 (+/-0).
P2: N=1, mean=29 (+/-0).

Agent 2 (SHUCT)
Winning score (between 0 and 1) : N=2, mean=1 (+/-0).
P1: N=1, mean=1 (+/-0).
P2: N=1, mean=1 (+/-0).
Game Durations: N=2, mean=32.5 (+/-6.85986).
P1: N=1, mean=29 (+/-0).
P2: N=1, mean=36 (+/-0).
=====================================================
=====================================================
Completed 3 games.

Agent 1 (SHUCTAnyTime)
Winning score (between 0 and 1) : N=3, mean=0 (+/-0).
P1: N=1, mean=0 (+/-0).
P2: N=2, mean=0 (+/-0).
Game Durations: N=3, mean=32 (+/-4.079982).
P1: N=1, mean=36 (+/-0).
P2: N=2, mean=30 (+/-1.95996).

Agent 2 (SHUCT)
Winning score (between 0 and 1) : N=3, mean=1 (+/-0).
P1: N=2, mean=1 (+/-0).
P2: N=1, mean=1 (+/-0).
Game Durations: N=3, mean=32 (+/-4.079982).
P1: N=2, mean=30 (+/-1.95996).
P2: N=1, mean=36 (+/-0).
=====================================================
=====================================================
Completed 4 games.

Agent 1 (SHUCTAnyTime)
Winning score (between 0 and 1) : N=4, mean=0 (+/-0).
P1: N=2, mean=0 (+/-0).
P2: N=2, mean=0 (+/-0).
Game Durations: N=4, mean=33 (+/-3.487774).
P1: N=2, mean=36 (+/-0).
P2: N=2, mean=30 (+/-1.95996).

Agent 2 (SHUCT)
Winning score (between 0 and 1) : N=4, mean=1 (+/-0).
P1: N=2, mean=1 (+/-0).
P2: N=2, mean=1 (+/-0).
Game Durations: N=4, mean=33 (+/-3.487774).
P1: N=2, mean=30 (+/-1.95996).
P2: N=2, mean=36 (+/-0).
=====================================================
=====================================================
Completed 5 games.

Agent 1 (SHUCTAnyTime)
Winning score (between 0 and 1) : N=5, mean=0 (+/-0).
P1: N=2, mean=0 (+/-0).
P2: N=3, mean=0 (+/-0).
Game Durations: N=5, mean=33.4 (+/-2.813072).
P1: N=2, mean=36 (+/-0).
P2: N=3, mean=31.666667 (+/-3.457044).

Agent 2 (SHUCT)
Winning score (between 0 and 1) : N=5, mean=1 (+/-0).
P1: N=3, mean=1 (+/-0).
P2: N=2, mean=1 (+/-0).
Game Durations: N=5, mean=33.4 (+/-2.813072).
P1: N=3, mean=31.666667 (+/-3.457044).
P2: N=2, mean=36 (+/-0).
=====================================================
=====================================================
Completed 10 games.

Agent 1 (SHUCTAnyTime)
Winning score (between 0 and 1) : N=10, mean=0.3 (+/-0.299389).
P1: N=5, mean=0.4 (+/-0.48009).
P2: N=5, mean=0.2 (+/-0.391992).
Game Durations: N=10, mean=32.6 (+/-2.007298).
P1: N=5, mean=33.2 (+/-3.360631).
P2: N=5, mean=32 (+/-2.479175).

Agent 2 (SHUCT)
Winning score (between 0 and 1) : N=10, mean=0.7 (+/-0.299389).
P1: N=5, mean=0.8 (+/-0.391992).
P2: N=5, mean=0.6 (+/-0.48009).
Game Durations: N=10, mean=32.6 (+/-2.007298).
P1: N=5, mean=32 (+/-2.479175).
P2: N=5, mean=33.2 (+/-3.360631).
=====================================================
=====================================================
Completed 20 games.

Agent 1 (SHUCTAnyTime)
Winning score (between 0 and 1) : N=20, mean=0.4 (+/-0.22028).
P1: N=10, mean=0.5 (+/-0.32666).
P2: N=10, mean=0.3 (+/-0.299389).
Game Durations: N=20, mean=32.5 (+/-1.267809).
P1: N=10, mean=33.3 (+/-1.894628).
P2: N=10, mean=31.7 (+/-1.628065).

Agent 2 (SHUCT)
Winning score (between 0 and 1) : N=20, mean=0.6 (+/-0.22028).
P1: N=10, mean=0.7 (+/-0.299389).
P2: N=10, mean=0.5 (+/-0.32666).
Game Durations: N=20, mean=32.5 (+/-1.267809).
P1: N=10, mean=31.7 (+/-1.628065).
P2: N=10, mean=33.3 (+/-1.894628).
=====================================================
=====================================================
Completed 30 games.

Agent 1 (SHUCTAnyTime)
Winning score (between 0 and 1) : N=30, mean=0.4 (+/-0.178301).
P1: N=15, mean=0.533333 (+/-0.261328).
P2: N=15, mean=0.266667 (+/-0.231643).
Game Durations: N=30, mean=32.033333 (+/-0.992219).
P1: N=15, mean=32 (+/-1.667475).
P2: N=15, mean=32.066667 (+/-1.139102).

Agent 2 (SHUCT)
Winning score (between 0 and 1) : N=30, mean=0.6 (+/-0.178301).
P1: N=15, mean=0.733333 (+/-0.231643).
P2: N=15, mean=0.466667 (+/-0.261328).
Game Durations: N=30, mean=32.033333 (+/-0.992219).
P1: N=15, mean=32.066667 (+/-1.139102).
P2: N=15, mean=32 (+/-1.667475).
=====================================================
=====================================================
Completed 40 games.

Agent 1 (SHUCTAnyTime)
Winning score (between 0 and 1) : N=40, mean=0.425 (+/-0.155147).
P1: N=20, mean=0.5 (+/-0.224823).
P2: N=20, mean=0.35 (+/-0.214467).
Game Durations: N=40, mean=32.325 (+/-0.902508).
P1: N=20, mean=32 (+/-1.385901).
P2: N=20, mean=32.65 (+/-1.174901).

Agent 2 (SHUCT)
Winning score (between 0 and 1) : N=40, mean=0.575 (+/-0.155147).
P1: N=20, mean=0.65 (+/-0.214467).
P2: N=20, mean=0.5 (+/-0.224823).
Game Durations: N=40, mean=32.325 (+/-0.902508).
P1: N=20, mean=32.65 (+/-1.174901).
P2: N=20, mean=32 (+/-1.385901).
=====================================================
=====================================================
Completed 50 games.

Agent 1 (SHUCTAnyTime)
Winning score (between 0 and 1) : N=50, mean=0.44 (+/-0.138986).
P1: N=25, mean=0.56 (+/-0.198592).
P2: N=25, mean=0.32 (+/-0.186626).
Game Durations: N=50, mean=32.5 (+/-0.83671).
P1: N=25, mean=32.56 (+/-1.315171).
P2: N=25, mean=32.44 (+/-1.062002).

Agent 2 (SHUCT)
Winning score (between 0 and 1) : N=50, mean=0.56 (+/-0.138986).
P1: N=25, mean=0.68 (+/-0.186626).
P2: N=25, mean=0.44 (+/-0.198592).
Game Durations: N=50, mean=32.5 (+/-0.83671).
P1: N=25, mean=32.44 (+/-1.062002).
P2: N=25, mean=32.56 (+/-1.315171).
=====================================================
=====================================================
Completed 60 games.

Agent 1 (SHUCTAnyTime)
Winning score (between 0 and 1) : N=60, mean=0.5 (+/-0.127583).
P1: N=30, mean=0.566667 (+/-0.180353).
P2: N=30, mean=0.433333 (+/-0.180353).
Game Durations: N=60, mean=32.833333 (+/-0.774188).
P1: N=30, mean=33.033333 (+/-1.212517).
P2: N=30, mean=32.633333 (+/-0.978778).

Agent 2 (SHUCT)
Winning score (between 0 and 1) : N=60, mean=0.5 (+/-0.127583).
P1: N=30, mean=0.566667 (+/-0.180353).
P2: N=30, mean=0.433333 (+/-0.180353).
Game Durations: N=60, mean=32.833333 (+/-0.774188).
P1: N=30, mean=32.633333 (+/-0.978778).
P2: N=30, mean=33.033333 (+/-1.212517).
=====================================================
=====================================================
Completed 70 games.

Agent 1 (SHUCTAnyTime)
Winning score (between 0 and 1) : N=70, mean=0.471429 (+/-0.117783).
P1: N=35, mean=0.571429 (+/-0.166341).
P2: N=35, mean=0.371429 (+/-0.162414).
Game Durations: N=70, mean=32.914286 (+/-0.695091).
P1: N=35, mean=33.085714 (+/-1.099868).
P2: N=35, mean=32.742857 (+/-0.862947).

Agent 2 (SHUCT)
Winning score (between 0 and 1) : N=70, mean=0.528571 (+/-0.117783).
P1: N=35, mean=0.628571 (+/-0.162414).
P2: N=35, mean=0.428571 (+/-0.166341).
Game Durations: N=70, mean=32.914286 (+/-0.695091).
P1: N=35, mean=32.742857 (+/-0.862947).
P2: N=35, mean=33.085714 (+/-1.099868).
=====================================================
=====================================================
Completed 80 games.

Agent 1 (SHUCTAnyTime)
Winning score (between 0 and 1) : N=80, mean=0.475 (+/-0.110118).
P1: N=40, mean=0.575 (+/-0.155147).
P2: N=40, mean=0.375 (+/-0.151939).
Game Durations: N=80, mean=32.8 (+/-0.645165).
P1: N=40, mean=33.025 (+/-1.018153).
P2: N=40, mean=32.575 (+/-0.799804).

Agent 2 (SHUCT)
Winning score (between 0 and 1) : N=80, mean=0.525 (+/-0.110118).
P1: N=40, mean=0.625 (+/-0.151939).
P2: N=40, mean=0.425 (+/-0.155147).
Game Durations: N=80, mean=32.8 (+/-0.645165).
P1: N=40, mean=32.575 (+/-0.799804).
P2: N=40, mean=33.025 (+/-1.018153).
=====================================================
=====================================================
Completed 90 games.

Agent 1 (SHUCTAnyTime)
Winning score (between 0 and 1) : N=90, mean=0.466667 (+/-0.103647).
P1: N=45, mean=0.577778 (+/-0.145939).
P2: N=45, mean=0.355556 (+/-0.141438).
Game Durations: N=90, mean=32.922222 (+/-0.59349).
P1: N=45, mean=33.066667 (+/-0.914224).
P2: N=45, mean=32.777778 (+/-0.765171).

Agent 2 (SHUCT)
Winning score (between 0 and 1) : N=90, mean=0.533333 (+/-0.103647).
P1: N=45, mean=0.644444 (+/-0.141438).
P2: N=45, mean=0.422222 (+/-0.145939).
Game Durations: N=90, mean=32.922222 (+/-0.59349).
P1: N=45, mean=32.777778 (+/-0.765171).
P2: N=45, mean=33.066667 (+/-0.914224).
=====================================================
=====================================================
Completed 100 games.

Agent 1 (SHUCTAnyTime)
Winning score (between 0 and 1) : N=100, mean=0.47 (+/-0.098314).
P1: N=50, mean=0.58 (+/-0.138194).
P2: N=50, mean=0.36 (+/-0.134397).
Game Durations: N=100, mean=32.99 (+/-0.541253).
P1: N=50, mean=33.14 (+/-0.830616).
P2: N=50, mean=32.84 (+/-0.700232).

Agent 2 (SHUCT)
Winning score (between 0 and 1) : N=100, mean=0.53 (+/-0.098314).
P1: N=50, mean=0.64 (+/-0.134397).
P2: N=50, mean=0.42 (+/-0.138194).
Game Durations: N=100, mean=32.99 (+/-0.541253).
P1: N=50, mean=32.84 (+/-0.700232).
P2: N=50, mean=33.14 (+/-0.830616).
=====================================================
=====================================================
Completed 110 games.

Agent 1 (SHUCTAnyTime)
Winning score (between 0 and 1) : N=110, mean=0.463636 (+/-0.093616).
P1: N=55, mean=0.545455 (+/-0.132806).
P2: N=55, mean=0.381818 (+/-0.12958).
Game Durations: N=110, mean=33 (+/-0.504368).
P1: N=55, mean=33.163636 (+/-0.777629).
P2: N=55, mean=32.836364 (+/-0.646881).

Agent 2 (SHUCT)
Winning score (between 0 and 1) : N=110, mean=0.536364 (+/-0.093616).
P1: N=55, mean=0.618182 (+/-0.12958).
P2: N=55, mean=0.454545 (+/-0.132806).
Game Durations: N=110, mean=33 (+/-0.504368).
P1: N=55, mean=32.836364 (+/-0.646881).
P2: N=55, mean=33.163636 (+/-0.777629).
=====================================================
=====================================================
Completed 120 games.

Agent 1 (SHUCTAnyTime)
Winning score (between 0 and 1) : N=120, mean=0.466667 (+/-0.089635).
P1: N=60, mean=0.55 (+/-0.126943).
P2: N=60, mean=0.383333 (+/-0.124061).
Game Durations: N=120, mean=33.05 (+/-0.487016).
P1: N=60, mean=33.216667 (+/-0.745518).
P2: N=60, mean=32.883333 (+/-0.630369).

Agent 2 (SHUCT)
Winning score (between 0 and 1) : N=120, mean=0.533333 (+/-0.089635).
P1: N=60, mean=0.616667 (+/-0.124061).
P2: N=60, mean=0.45 (+/-0.126943).
Game Durations: N=120, mean=33.05 (+/-0.487016).
P1: N=60, mean=32.883333 (+/-0.630369).
P2: N=60, mean=33.216667 (+/-0.745518).
=====================================================
=====================================================
Completed 130 games.

Agent 1 (SHUCTAnyTime)
Winning score (between 0 and 1) : N=130, mean=0.476923 (+/-0.08619).
P1: N=65, mean=0.538462 (+/-0.122135).
P2: N=65, mean=0.415385 (+/-0.120731).
Game Durations: N=130, mean=33.038462 (+/-0.457267).
P1: N=65, mean=33.276923 (+/-0.701569).
P2: N=65, mean=32.8 (+/-0.586415).

Agent 2 (SHUCT)
Winning score (between 0 and 1) : N=130, mean=0.523077 (+/-0.08619).
P1: N=65, mean=0.584615 (+/-0.120731).
P2: N=65, mean=0.461538 (+/-0.122135).
Game Durations: N=130, mean=33.038462 (+/-0.457267).
P1: N=65, mean=32.8 (+/-0.586415).
P2: N=65, mean=33.276923 (+/-0.701569).
=====================================================
=====================================================
Completed 140 games.

Agent 1 (SHUCTAnyTime)
Winning score (between 0 and 1) : N=140, mean=0.485714 (+/-0.083087).
P1: N=70, mean=0.557143 (+/-0.117203).
P2: N=70, mean=0.414286 (+/-0.116229).
Game Durations: N=140, mean=33.057143 (+/-0.439731).
P1: N=70, mean=33.242857 (+/-0.676175).
P2: N=70, mean=32.871429 (+/-0.563921).

Agent 2 (SHUCT)
Winning score (between 0 and 1) : N=140, mean=0.514286 (+/-0.083087).
P1: N=70, mean=0.585714 (+/-0.116229).
P2: N=70, mean=0.442857 (+/-0.117203).
Game Durations: N=140, mean=33.057143 (+/-0.439731).
P1: N=70, mean=32.871429 (+/-0.563921).
P2: N=70, mean=33.242857 (+/-0.676175).
=====================================================
=====================================================
Completed 150 games.

Agent 1 (SHUCTAnyTime)
Winning score (between 0 and 1) : N=150, mean=0.493333 (+/-0.080276).
P1: N=75, mean=0.56 (+/-0.113097).
P2: N=75, mean=0.426667 (+/-0.112688).
Game Durations: N=150, mean=33.073333 (+/-0.423642).
P1: N=75, mean=33.28 (+/-0.648243).
P2: N=75, mean=32.866667 (+/-0.545973).

Agent 2 (SHUCT)
Winning score (between 0 and 1) : N=150, mean=0.506667 (+/-0.080276).
P1: N=75, mean=0.573333 (+/-0.112688).
P2: N=75, mean=0.44 (+/-0.113097).
Game Durations: N=150, mean=33.073333 (+/-0.423642).
P1: N=75, mean=32.866667 (+/-0.545973).
P2: N=75, mean=33.28 (+/-0.648243).
=====================================================
