Warming up...
Finished warming up!
=====================================================
Completed 1 games.

Agent 1 (SHUCTAnyTime)
Winning score (between 0 and 1) : N=1, mean=1 (+/-0).
P1: N=0, mean=0 (+/-0).
P2: N=1, mean=1 (+/-0).
Game Durations: N=1, mean=36 (+/-0).
P1: N=0, mean=0 (+/-0).
P2: N=1, mean=36 (+/-0).

Agent 2 (SHUCT)
Winning score (between 0 and 1) : N=1, mean=0 (+/-0).
P1: N=1, mean=0 (+/-0).
P2: N=0, mean=0 (+/-0).
Game Durations: N=1, mean=36 (+/-0).
P1: N=1, mean=36 (+/-0).
P2: N=0, mean=0 (+/-0).
=====================================================
=====================================================
Completed 2 games.

Agent 1 (SHUCTAnyTime)
Winning score (between 0 and 1) : N=2, mean=1 (+/-0).
P1: N=1, mean=1 (+/-0).
P2: N=1, mean=1 (+/-0).
Game Durations: N=2, mean=35.5 (+/-0.97998).
P1: N=1, mean=35 (+/-0).
P2: N=1, mean=36 (+/-0).

Agent 2 (SHUCT)
Winning score (between 0 and 1) : N=2, mean=0 (+/-0).
P1: N=1, mean=0 (+/-0).
P2: N=1, mean=0 (+/-0).
Game Durations: N=2, mean=35.5 (+/-0.97998).
P1: N=1, mean=36 (+/-0).
P2: N=1, mean=35 (+/-0).
=====================================================
=====================================================
Completed 3 games.

Agent 1 (SHUCTAnyTime)
Winning score (between 0 and 1) : N=3, mean=1 (+/-0).
P1: N=1, mean=1 (+/-0).
P2: N=2, mean=1 (+/-0).
Game Durations: N=3, mean=36.333333 (+/-1.728522).
P1: N=1, mean=35 (+/-0).
P2: N=2, mean=37 (+/-1.95996).

Agent 2 (SHUCT)
Winning score (between 0 and 1) : N=3, mean=0 (+/-0).
P1: N=2, mean=0 (+/-0).
P2: N=1, mean=0 (+/-0).
Game Durations: N=3, mean=36.333333 (+/-1.728522).
P1: N=2, mean=37 (+/-1.95996).
P2: N=1, mean=35 (+/-0).
=====================================================
=====================================================
Completed 4 games.

Agent 1 (SHUCTAnyTime)
Winning score (between 0 and 1) : N=4, mean=0.75 (+/-0.48999).
P1: N=2, mean=0.5 (+/-0.97998).
P2: N=2, mean=1 (+/-0).
Game Durations: N=4, mean=36.25 (+/-1.233114).
P1: N=2, mean=35.5 (+/-0.97998).
P2: N=2, mean=37 (+/-1.95996).

Agent 2 (SHUCT)
Winning score (between 0 and 1) : N=4, mean=0.25 (+/-0.48999).
P1: N=2, mean=0 (+/-0).
P2: N=2, mean=0.5 (+/-0.97998).
Game Durations: N=4, mean=36.25 (+/-1.233114).
P1: N=2, mean=37 (+/-1.95996).
P2: N=2, mean=35.5 (+/-0.97998).
=====================================================
=====================================================
Completed 5 games.

Agent 1 (SHUCTAnyTime)
Winning score (between 0 and 1) : N=5, mean=0.6 (+/-0.48009).
P1: N=2, mean=0.5 (+/-0.97998).
P2: N=3, mean=0.666667 (+/-0.65332).
Game Durations: N=5, mean=35.6 (+/-1.592279).
P1: N=2, mean=35.5 (+/-0.97998).
P2: N=3, mean=35.666667 (+/-2.847756).

Agent 2 (SHUCT)
Winning score (between 0 and 1) : N=5, mean=0.4 (+/-0.48009).
P1: N=3, mean=0.333333 (+/-0.65332).
P2: N=2, mean=0.5 (+/-0.97998).
Game Durations: N=5, mean=35.6 (+/-1.592279).
P1: N=3, mean=35.666667 (+/-2.847756).
P2: N=2, mean=35.5 (+/-0.97998).
=====================================================
=====================================================
Completed 10 games.

Agent 1 (SHUCTAnyTime)
Winning score (between 0 and 1) : N=10, mean=0.5 (+/-0.32666).
P1: N=5, mean=0.4 (+/-0.48009).
P2: N=5, mean=0.6 (+/-0.48009).
Game Durations: N=10, mean=34 (+/-1.600301).
P1: N=5, mean=33.6 (+/-2.017902).
P2: N=5, mean=34.4 (+/-2.673029).

Agent 2 (SHUCT)
Winning score (between 0 and 1) : N=10, mean=0.5 (+/-0.32666).
P1: N=5, mean=0.4 (+/-0.48009).
P2: N=5, mean=0.6 (+/-0.48009).
Game Durations: N=10, mean=34 (+/-1.600301).
P1: N=5, mean=34.4 (+/-2.673029).
P2: N=5, mean=33.6 (+/-2.017902).
=====================================================
=====================================================
Completed 20 games.

Agent 1 (SHUCTAnyTime)
Winning score (between 0 and 1) : N=20, mean=0.45 (+/-0.223696).
P1: N=10, mean=0.3 (+/-0.299389).
P2: N=10, mean=0.6 (+/-0.32006).
Game Durations: N=20, mean=33.45 (+/-1.068559).
P1: N=10, mean=33.7 (+/-1.402738).
P2: N=10, mean=33.2 (+/-1.673316).

Agent 2 (SHUCT)
Winning score (between 0 and 1) : N=20, mean=0.55 (+/-0.223696).
P1: N=10, mean=0.4 (+/-0.32006).
P2: N=10, mean=0.7 (+/-0.299389).
Game Durations: N=20, mean=33.45 (+/-1.068559).
P1: N=10, mean=33.2 (+/-1.673316).
P2: N=10, mean=33.7 (+/-1.402738).
=====================================================
=====================================================
Completed 30 games.

Agent 1 (SHUCTAnyTime)
Winning score (between 0 and 1) : N=30, mean=0.5 (+/-0.181978).
P1: N=15, mean=0.533333 (+/-0.261328).
P2: N=15, mean=0.466667 (+/-0.261328).
Game Durations: N=30, mean=33.466667 (+/-0.890183).
P1: N=15, mean=33.466667 (+/-1.009706).
P2: N=15, mean=33.466667 (+/-1.504461).

Agent 2 (SHUCT)
Winning score (between 0 and 1) : N=30, mean=0.5 (+/-0.181978).
P1: N=15, mean=0.533333 (+/-0.261328).
P2: N=15, mean=0.466667 (+/-0.261328).
Game Durations: N=30, mean=33.466667 (+/-0.890183).
P1: N=15, mean=33.466667 (+/-1.504461).
P2: N=15, mean=33.466667 (+/-1.009706).
=====================================================
=====================================================
Completed 40 games.

Agent 1 (SHUCTAnyTime)
Winning score (between 0 and 1) : N=40, mean=0.5 (+/-0.156922).
P1: N=20, mean=0.45 (+/-0.223696).
P2: N=20, mean=0.55 (+/-0.223696).
Game Durations: N=40, mean=33.4 (+/-0.742029).
P1: N=20, mean=33.45 (+/-0.82268).
P2: N=20, mean=33.35 (+/-1.258004).

Agent 2 (SHUCT)
Winning score (between 0 and 1) : N=40, mean=0.5 (+/-0.156922).
P1: N=20, mean=0.45 (+/-0.223696).
P2: N=20, mean=0.55 (+/-0.223696).
Game Durations: N=40, mean=33.4 (+/-0.742029).
P1: N=20, mean=33.35 (+/-1.258004).
P2: N=20, mean=33.45 (+/-0.82268).
=====================================================
=====================================================
Completed 50 games.

Agent 1 (SHUCTAnyTime)
Winning score (between 0 and 1) : N=50, mean=0.44 (+/-0.138986).
P1: N=25, mean=0.4 (+/-0.195996).
P2: N=25, mean=0.48 (+/-0.199877).
Game Durations: N=50, mean=33.42 (+/-0.679158).
P1: N=25, mean=33.68 (+/-0.84468).
P2: N=25, mean=33.16 (+/-1.071604).

Agent 2 (SHUCT)
Winning score (between 0 and 1) : N=50, mean=0.56 (+/-0.138986).
P1: N=25, mean=0.52 (+/-0.199877).
P2: N=25, mean=0.6 (+/-0.195996).
Game Durations: N=50, mean=33.42 (+/-0.679158).
P1: N=25, mean=33.16 (+/-1.071604).
P2: N=25, mean=33.68 (+/-0.84468).
=====================================================
=====================================================
Completed 60 games.

Agent 1 (SHUCTAnyTime)
Winning score (between 0 and 1) : N=60, mean=0.466667 (+/-0.127299).
P1: N=30, mean=0.433333 (+/-0.180353).
P2: N=30, mean=0.5 (+/-0.181978).
Game Durations: N=60, mean=33.233333 (+/-0.600888).
P1: N=30, mean=33.566667 (+/-0.738051).
P2: N=30, mean=32.9 (+/-0.946051).

Agent 2 (SHUCT)
Winning score (between 0 and 1) : N=60, mean=0.533333 (+/-0.127299).
P1: N=30, mean=0.5 (+/-0.181978).
P2: N=30, mean=0.566667 (+/-0.180353).
Game Durations: N=60, mean=33.233333 (+/-0.600888).
P1: N=30, mean=32.9 (+/-0.946051).
P2: N=30, mean=33.566667 (+/-0.738051).
=====================================================
=====================================================
Completed 70 games.

Agent 1 (SHUCTAnyTime)
Winning score (between 0 and 1) : N=70, mean=0.471429 (+/-0.117783).
P1: N=35, mean=0.428571 (+/-0.166341).
P2: N=35, mean=0.514286 (+/-0.167997).
Game Durations: N=70, mean=33.457143 (+/-0.571993).
P1: N=35, mean=33.742857 (+/-0.763723).
P2: N=35, mean=33.171429 (+/-0.852192).

Agent 2 (SHUCT)
Winning score (between 0 and 1) : N=70, mean=0.528571 (+/-0.117783).
P1: N=35, mean=0.485714 (+/-0.167997).
P2: N=35, mean=0.571429 (+/-0.166341).
Game Durations: N=70, mean=33.457143 (+/-0.571993).
P1: N=35, mean=33.171429 (+/-0.852192).
P2: N=35, mean=33.742857 (+/-0.763723).
=====================================================
=====================================================
Completed 80 games.

Agent 1 (SHUCTAnyTime)
Winning score (between 0 and 1) : N=80, mean=0.475 (+/-0.110118).
P1: N=40, mean=0.45 (+/-0.156136).
P2: N=40, mean=0.5 (+/-0.156922).
Game Durations: N=80, mean=33.4 (+/-0.524848).
P1: N=40, mean=33.7 (+/-0.684728).
P2: N=40, mean=33.1 (+/-0.793351).

Agent 2 (SHUCT)
Winning score (between 0 and 1) : N=80, mean=0.525 (+/-0.110118).
P1: N=40, mean=0.5 (+/-0.156922).
P2: N=40, mean=0.55 (+/-0.156136).
Game Durations: N=80, mean=33.4 (+/-0.524848).
P1: N=40, mean=33.1 (+/-0.793351).
P2: N=40, mean=33.7 (+/-0.684728).
=====================================================
=====================================================
Completed 90 games.

Agent 1 (SHUCTAnyTime)
Winning score (between 0 and 1) : N=90, mean=0.466667 (+/-0.103647).
P1: N=45, mean=0.444444 (+/-0.146823).
P2: N=45, mean=0.488889 (+/-0.147701).
Game Durations: N=90, mean=33.366667 (+/-0.491102).
P1: N=45, mean=33.511111 (+/-0.678442).
P2: N=45, mean=33.222222 (+/-0.715375).

Agent 2 (SHUCT)
Winning score (between 0 and 1) : N=90, mean=0.533333 (+/-0.103647).
P1: N=45, mean=0.511111 (+/-0.147701).
P2: N=45, mean=0.555556 (+/-0.146823).
Game Durations: N=90, mean=33.366667 (+/-0.491102).
P1: N=45, mean=33.222222 (+/-0.715375).
P2: N=45, mean=33.511111 (+/-0.678442).
=====================================================
=====================================================
Completed 100 games.

Agent 1 (SHUCTAnyTime)
Winning score (between 0 and 1) : N=100, mean=0.46 (+/-0.098176).
P1: N=50, mean=0.42 (+/-0.138194).
P2: N=50, mean=0.5 (+/-0.139997).
Game Durations: N=100, mean=33.44 (+/-0.462236).
P1: N=50, mean=33.58 (+/-0.623803).
P2: N=50, mean=33.3 (+/-0.686414).

Agent 2 (SHUCT)
Winning score (between 0 and 1) : N=100, mean=0.54 (+/-0.098176).
P1: N=50, mean=0.5 (+/-0.139997).
P2: N=50, mean=0.58 (+/-0.138194).
Game Durations: N=100, mean=33.44 (+/-0.462236).
P1: N=50, mean=33.3 (+/-0.686414).
P2: N=50, mean=33.58 (+/-0.623803).
=====================================================
=====================================================
Completed 110 games.

Agent 1 (SHUCTAnyTime)
Winning score (between 0 and 1) : N=110, mean=0.463636 (+/-0.093616).
P1: N=55, mean=0.436364 (+/-0.132274).
P2: N=55, mean=0.490909 (+/-0.133336).
Game Durations: N=110, mean=33.472727 (+/-0.438961).
P1: N=55, mean=33.527273 (+/-0.584025).
P2: N=55, mean=33.418182 (+/-0.660587).

Agent 2 (SHUCT)
Winning score (between 0 and 1) : N=110, mean=0.536364 (+/-0.093616).
P1: N=55, mean=0.509091 (+/-0.133336).
P2: N=55, mean=0.563636 (+/-0.132274).
Game Durations: N=110, mean=33.472727 (+/-0.438961).
P1: N=55, mean=33.418182 (+/-0.660587).
P2: N=55, mean=33.527273 (+/-0.584025).
=====================================================
=====================================================
Completed 120 games.

Agent 1 (SHUCTAnyTime)
Winning score (between 0 and 1) : N=120, mean=0.466667 (+/-0.089635).
P1: N=60, mean=0.45 (+/-0.126943).
P2: N=60, mean=0.483333 (+/-0.127512).
Game Durations: N=120, mean=33.516667 (+/-0.425797).
P1: N=60, mean=33.65 (+/-0.588956).
P2: N=60, mean=33.383333 (+/-0.618201).

Agent 2 (SHUCT)
Winning score (between 0 and 1) : N=120, mean=0.533333 (+/-0.089635).
P1: N=60, mean=0.516667 (+/-0.127512).
P2: N=60, mean=0.55 (+/-0.126943).
Game Durations: N=120, mean=33.516667 (+/-0.425797).
P1: N=60, mean=33.383333 (+/-0.618201).
P2: N=60, mean=33.65 (+/-0.588956).
=====================================================
=====================================================
Completed 130 games.

Agent 1 (SHUCTAnyTime)
Winning score (between 0 and 1) : N=130, mean=0.461538 (+/-0.086027).
P1: N=65, mean=0.430769 (+/-0.121318).
P2: N=65, mean=0.492308 (+/-0.122483).
Game Durations: N=130, mean=33.392308 (+/-0.416415).
P1: N=65, mean=33.6 (+/-0.564921).
P2: N=65, mean=33.184615 (+/-0.612137).

Agent 2 (SHUCT)
Winning score (between 0 and 1) : N=130, mean=0.538462 (+/-0.086027).
P1: N=65, mean=0.507692 (+/-0.122483).
P2: N=65, mean=0.569231 (+/-0.121318).
Game Durations: N=130, mean=33.392308 (+/-0.416415).
P1: N=65, mean=33.184615 (+/-0.612137).
P2: N=65, mean=33.6 (+/-0.564921).
=====================================================
=====================================================
Completed 140 games.

Agent 1 (SHUCTAnyTime)
Winning score (between 0 and 1) : N=140, mean=0.464286 (+/-0.082909).
P1: N=70, mean=0.428571 (+/-0.116766).
P2: N=70, mean=0.5 (+/-0.117976).
Game Durations: N=140, mean=33.264286 (+/-0.406533).
P1: N=70, mean=33.514286 (+/-0.533216).
P2: N=70, mean=33.014286 (+/-0.612037).

Agent 2 (SHUCT)
Winning score (between 0 and 1) : N=140, mean=0.535714 (+/-0.082909).
P1: N=70, mean=0.5 (+/-0.117976).
P2: N=70, mean=0.571429 (+/-0.116766).
Game Durations: N=140, mean=33.264286 (+/-0.406533).
P1: N=70, mean=33.014286 (+/-0.612037).
P2: N=70, mean=33.514286 (+/-0.533216).
=====================================================
=====================================================
Completed 150 games.

Agent 1 (SHUCTAnyTime)
Winning score (between 0 and 1) : N=150, mean=0.453333 (+/-0.079933).
P1: N=75, mean=0.413333 (+/-0.112196).
P2: N=75, mean=0.493333 (+/-0.11391).
Game Durations: N=150, mean=33.3 (+/-0.396678).
P1: N=75, mean=33.453333 (+/-0.518615).
P2: N=75, mean=33.146667 (+/-0.601883).

Agent 2 (SHUCT)
Winning score (between 0 and 1) : N=150, mean=0.546667 (+/-0.079933).
P1: N=75, mean=0.506667 (+/-0.11391).
P2: N=75, mean=0.586667 (+/-0.112196).
Game Durations: N=150, mean=33.3 (+/-0.396678).
P1: N=75, mean=33.146667 (+/-0.601883).
P2: N=75, mean=33.453333 (+/-0.518615).
=====================================================
