Warming up...
Finished warming up!
=====================================================
Completed 1 games.

Agent 1 (SHUCTAnyTime)
Winning score (between 0 and 1) : N=1, mean=0 (+/-0).
P1: N=1, mean=0 (+/-0).
P2: N=0, mean=0 (+/-0).
Game Durations: N=1, mean=36 (+/-0).
P1: N=1, mean=36 (+/-0).
P2: N=0, mean=0 (+/-0).

Agent 2 (SHUCT)
Winning score (between 0 and 1) : N=1, mean=1 (+/-0).
P1: N=0, mean=0 (+/-0).
P2: N=1, mean=1 (+/-0).
Game Durations: N=1, mean=36 (+/-0).
P1: N=0, mean=0 (+/-0).
P2: N=1, mean=36 (+/-0).
=====================================================
=====================================================
Completed 2 games.

Agent 1 (SHUCTAnyTime)
Winning score (between 0 and 1) : N=2, mean=0 (+/-0).
P1: N=1, mean=0 (+/-0).
P2: N=1, mean=0 (+/-0).
Game Durations: N=2, mean=34.5 (+/-2.93994).
P1: N=1, mean=36 (+/-0).
P2: N=1, mean=33 (+/-0).

Agent 2 (SHUCT)
Winning score (between 0 and 1) : N=2, mean=1 (+/-0).
P1: N=1, mean=1 (+/-0).
P2: N=1, mean=1 (+/-0).
Game Durations: N=2, mean=34.5 (+/-2.93994).
P1: N=1, mean=33 (+/-0).
P2: N=1, mean=36 (+/-0).
=====================================================
=====================================================
Completed 3 games.

Agent 1 (SHUCTAnyTime)
Winning score (between 0 and 1) : N=3, mean=0.333333 (+/-0.65332).
P1: N=2, mean=0.5 (+/-0.97998).
P2: N=1, mean=0 (+/-0).
Game Durations: N=3, mean=34 (+/-1.95996).
P1: N=2, mean=34.5 (+/-2.93994).
P2: N=1, mean=33 (+/-0).

Agent 2 (SHUCT)
Winning score (between 0 and 1) : N=3, mean=0.666667 (+/-0.65332).
P1: N=1, mean=1 (+/-0).
P2: N=2, mean=0.5 (+/-0.97998).
Game Durations: N=3, mean=34 (+/-1.95996).
P1: N=1, mean=33 (+/-0).
P2: N=2, mean=34.5 (+/-2.93994).
=====================================================
=====================================================
Completed 4 games.

Agent 1 (SHUCTAnyTime)
Winning score (between 0 and 1) : N=4, mean=0.5 (+/-0.565792).
P1: N=2, mean=0.5 (+/-0.97998).
P2: N=2, mean=0.5 (+/-0.97998).
Game Durations: N=4, mean=33.5 (+/-1.697375).
P1: N=2, mean=34.5 (+/-2.93994).
P2: N=2, mean=32.5 (+/-0.97998).

Agent 2 (SHUCT)
Winning score (between 0 and 1) : N=4, mean=0.5 (+/-0.565792).
P1: N=2, mean=0.5 (+/-0.97998).
P2: N=2, mean=0.5 (+/-0.97998).
Game Durations: N=4, mean=33.5 (+/-1.697375).
P1: N=2, mean=32.5 (+/-0.97998).
P2: N=2, mean=34.5 (+/-2.93994).
=====================================================
=====================================================
Completed 5 games.

Agent 1 (SHUCTAnyTime)
Winning score (between 0 and 1) : N=5, mean=0.6 (+/-0.48009).
P1: N=3, mean=0.666667 (+/-0.65332).
P2: N=2, mean=0.5 (+/-0.97998).
Game Durations: N=5, mean=33 (+/-1.63982).
P1: N=3, mean=33.333333 (+/-2.847756).
P2: N=2, mean=32.5 (+/-0.97998).

Agent 2 (SHUCT)
Winning score (between 0 and 1) : N=5, mean=0.4 (+/-0.48009).
P1: N=2, mean=0.5 (+/-0.97998).
P2: N=3, mean=0.333333 (+/-0.65332).
Game Durations: N=5, mean=33 (+/-1.63982).
P1: N=2, mean=32.5 (+/-0.97998).
P2: N=3, mean=33.333333 (+/-2.847756).
=====================================================
=====================================================
Completed 10 games.

Agent 1 (SHUCTAnyTime)
Winning score (between 0 and 1) : N=10, mean=0.5 (+/-0.32666).
P1: N=5, mean=0.6 (+/-0.48009).
P2: N=5, mean=0.4 (+/-0.48009).
Game Durations: N=10, mean=32.4 (+/-1.605626).
P1: N=5, mean=32.2 (+/-2.998162).
P2: N=5, mean=32.6 (+/-1.592279).

Agent 2 (SHUCT)
Winning score (between 0 and 1) : N=10, mean=0.5 (+/-0.32666).
P1: N=5, mean=0.6 (+/-0.48009).
P2: N=5, mean=0.4 (+/-0.48009).
Game Durations: N=10, mean=32.4 (+/-1.605626).
P1: N=5, mean=32.6 (+/-1.592279).
P2: N=5, mean=32.2 (+/-2.998162).
=====================================================
=====================================================
Completed 20 games.

Agent 1 (SHUCTAnyTime)
Winning score (between 0 and 1) : N=20, mean=0.6 (+/-0.22028).
P1: N=10, mean=0.6 (+/-0.32006).
P2: N=10, mean=0.6 (+/-0.32006).
Game Durations: N=20, mean=32.9 (+/-1.072572).
P1: N=10, mean=32.2 (+/-1.772413).
P2: N=10, mean=33.6 (+/-1.139102).

Agent 2 (SHUCT)
Winning score (between 0 and 1) : N=20, mean=0.4 (+/-0.22028).
P1: N=10, mean=0.4 (+/-0.32006).
P2: N=10, mean=0.4 (+/-0.32006).
Game Durations: N=20, mean=32.9 (+/-1.072572).
P1: N=10, mean=33.6 (+/-1.139102).
P2: N=10, mean=32.2 (+/-1.772413).
=====================================================
=====================================================
Completed 30 games.

Agent 1 (SHUCTAnyTime)
Winning score (between 0 and 1) : N=30, mean=0.533333 (+/-0.181573).
P1: N=15, mean=0.466667 (+/-0.261328).
P2: N=15, mean=0.6 (+/-0.256619).
Game Durations: N=30, mean=33.033333 (+/-0.843054).
P1: N=15, mean=32.866667 (+/-1.377516).
P2: N=15, mean=33.2 (+/-1.015727).

Agent 2 (SHUCT)
Winning score (between 0 and 1) : N=30, mean=0.466667 (+/-0.181573).
P1: N=15, mean=0.4 (+/-0.256619).
P2: N=15, mean=0.533333 (+/-0.261328).
Game Durations: N=30, mean=33.033333 (+/-0.843054).
P1: N=15, mean=33.2 (+/-1.015727).
P2: N=15, mean=32.866667 (+/-1.377516).
=====================================================
=====================================================
Completed 40 games.

Agent 1 (SHUCTAnyTime)
Winning score (between 0 and 1) : N=40, mean=0.5 (+/-0.156922).
P1: N=20, mean=0.45 (+/-0.223696).
P2: N=20, mean=0.55 (+/-0.223696).
Game Durations: N=40, mean=33.1 (+/-0.725246).
P1: N=20, mean=33.05 (+/-1.132848).
P2: N=20, mean=33.15 (+/-0.935382).

Agent 2 (SHUCT)
Winning score (between 0 and 1) : N=40, mean=0.5 (+/-0.156922).
P1: N=20, mean=0.45 (+/-0.223696).
P2: N=20, mean=0.55 (+/-0.223696).
Game Durations: N=40, mean=33.1 (+/-0.725246).
P1: N=20, mean=33.15 (+/-0.935382).
P2: N=20, mean=33.05 (+/-1.132848).
=====================================================
=====================================================
Completed 50 games.

Agent 1 (SHUCTAnyTime)
Winning score (between 0 and 1) : N=50, mean=0.48 (+/-0.139885).
P1: N=25, mean=0.44 (+/-0.198592).
P2: N=25, mean=0.52 (+/-0.199877).
Game Durations: N=50, mean=33.14 (+/-0.736571).
P1: N=25, mean=33.16 (+/-1.168767).
P2: N=25, mean=33.12 (+/-0.921529).

Agent 2 (SHUCT)
Winning score (between 0 and 1) : N=50, mean=0.52 (+/-0.139885).
P1: N=25, mean=0.48 (+/-0.199877).
P2: N=25, mean=0.56 (+/-0.198592).
Game Durations: N=50, mean=33.14 (+/-0.736571).
P1: N=25, mean=33.12 (+/-0.921529).
P2: N=25, mean=33.16 (+/-1.168767).
=====================================================
=====================================================
Completed 60 games.

Agent 1 (SHUCTAnyTime)
Winning score (between 0 and 1) : N=60, mean=0.483333 (+/-0.127512).
P1: N=30, mean=0.433333 (+/-0.180353).
P2: N=30, mean=0.533333 (+/-0.181573).
Game Durations: N=60, mean=33.25 (+/-0.643207).
P1: N=30, mean=33.366667 (+/-1.031492).
P2: N=30, mean=33.133333 (+/-0.784735).

Agent 2 (SHUCT)
Winning score (between 0 and 1) : N=60, mean=0.516667 (+/-0.127512).
P1: N=30, mean=0.466667 (+/-0.181573).
P2: N=30, mean=0.566667 (+/-0.180353).
Game Durations: N=60, mean=33.25 (+/-0.643207).
P1: N=30, mean=33.133333 (+/-0.784735).
P2: N=30, mean=33.366667 (+/-1.031492).
=====================================================
=====================================================
Completed 70 games.

Agent 1 (SHUCTAnyTime)
Winning score (between 0 and 1) : N=70, mean=0.471429 (+/-0.117783).
P1: N=35, mean=0.4 (+/-0.16467).
P2: N=35, mean=0.542857 (+/-0.167447).
Game Durations: N=70, mean=33.257143 (+/-0.599157).
P1: N=35, mean=33.257143 (+/-0.934774).
P2: N=35, mean=33.257143 (+/-0.763723).

Agent 2 (SHUCT)
Winning score (between 0 and 1) : N=70, mean=0.528571 (+/-0.117783).
P1: N=35, mean=0.457143 (+/-0.167447).
P2: N=35, mean=0.6 (+/-0.16467).
Game Durations: N=70, mean=33.257143 (+/-0.599157).
P1: N=35, mean=33.257143 (+/-0.763723).
P2: N=35, mean=33.257143 (+/-0.934774).
=====================================================
=====================================================
Completed 80 games.

Agent 1 (SHUCTAnyTime)
Winning score (between 0 and 1) : N=80, mean=0.4625 (+/-0.109946).
P1: N=40, mean=0.4 (+/-0.153752).
P2: N=40, mean=0.525 (+/-0.156726).
Game Durations: N=80, mean=33.1875 (+/-0.536863).
P1: N=40, mean=33.2 (+/-0.833906).
P2: N=40, mean=33.175 (+/-0.687196).

Agent 2 (SHUCT)
Winning score (between 0 and 1) : N=80, mean=0.5375 (+/-0.109946).
P1: N=40, mean=0.475 (+/-0.156726).
P2: N=40, mean=0.6 (+/-0.153752).
Game Durations: N=80, mean=33.1875 (+/-0.536863).
P1: N=40, mean=33.175 (+/-0.687196).
P2: N=40, mean=33.2 (+/-0.833906).
=====================================================
=====================================================
Completed 90 games.

Agent 1 (SHUCTAnyTime)
Winning score (between 0 and 1) : N=90, mean=0.455556 (+/-0.103466).
P1: N=45, mean=0.4 (+/-0.144753).
P2: N=45, mean=0.511111 (+/-0.147701).
Game Durations: N=90, mean=33.244444 (+/-0.48408).
P1: N=45, mean=33.288889 (+/-0.751698).
P2: N=45, mean=33.2 (+/-0.61854).

Agent 2 (SHUCT)
Winning score (between 0 and 1) : N=90, mean=0.544444 (+/-0.103466).
P1: N=45, mean=0.488889 (+/-0.147701).
P2: N=45, mean=0.6 (+/-0.144753).
Game Durations: N=90, mean=33.244444 (+/-0.48408).
P1: N=45, mean=33.2 (+/-0.61854).
P2: N=45, mean=33.288889 (+/-0.751698).
=====================================================
=====================================================
Completed 100 games.

Agent 1 (SHUCTAnyTime)
Winning score (between 0 and 1) : N=100, mean=0.46 (+/-0.098176).
P1: N=50, mean=0.4 (+/-0.137169).
P2: N=50, mean=0.52 (+/-0.139885).
Game Durations: N=100, mean=33.28 (+/-0.461194).
P1: N=50, mean=33.2 (+/-0.699426).
P2: N=50, mean=33.36 (+/-0.607684).

Agent 2 (SHUCT)
Winning score (between 0 and 1) : N=100, mean=0.54 (+/-0.098176).
P1: N=50, mean=0.48 (+/-0.139885).
P2: N=50, mean=0.6 (+/-0.137169).
Game Durations: N=100, mean=33.28 (+/-0.461194).
P1: N=50, mean=33.36 (+/-0.607684).
P2: N=50, mean=33.2 (+/-0.699426).
=====================================================
=====================================================
Completed 110 games.

Agent 1 (SHUCTAnyTime)
Winning score (between 0 and 1) : N=110, mean=0.454545 (+/-0.093476).
P1: N=55, mean=0.381818 (+/-0.12958).
P2: N=55, mean=0.527273 (+/-0.13316).
Game Durations: N=110, mean=33.390909 (+/-0.440699).
P1: N=55, mean=33.327273 (+/-0.678673).
P2: N=55, mean=33.454545 (+/-0.568228).

Agent 2 (SHUCT)
Winning score (between 0 and 1) : N=110, mean=0.545455 (+/-0.093476).
P1: N=55, mean=0.472727 (+/-0.13316).
P2: N=55, mean=0.618182 (+/-0.12958).
Game Durations: N=110, mean=33.390909 (+/-0.440699).
P1: N=55, mean=33.454545 (+/-0.568228).
P2: N=55, mean=33.327273 (+/-0.678673).
=====================================================
=====================================================
Completed 120 games.

Agent 1 (SHUCTAnyTime)
Winning score (between 0 and 1) : N=120, mean=0.458333 (+/-0.089522).
P1: N=60, mean=0.383333 (+/-0.124061).
P2: N=60, mean=0.533333 (+/-0.127299).
Game Durations: N=120, mean=33.475 (+/-0.412954).
P1: N=60, mean=33.383333 (+/-0.625183).
P2: N=60, mean=33.566667 (+/-0.54402).

Agent 2 (SHUCT)
Winning score (between 0 and 1) : N=120, mean=0.541667 (+/-0.089522).
P1: N=60, mean=0.466667 (+/-0.127299).
P2: N=60, mean=0.616667 (+/-0.124061).
Game Durations: N=120, mean=33.475 (+/-0.412954).
P1: N=60, mean=33.566667 (+/-0.54402).
P2: N=60, mean=33.383333 (+/-0.625183).
=====================================================
=====================================================
Completed 130 games.

Agent 1 (SHUCTAnyTime)
Winning score (between 0 and 1) : N=130, mean=0.469231 (+/-0.086119).
P1: N=65, mean=0.415385 (+/-0.120731).
P2: N=65, mean=0.523077 (+/-0.122367).
Game Durations: N=130, mean=33.476923 (+/-0.38718).
P1: N=65, mean=33.369231 (+/-0.586997).
P2: N=65, mean=33.584615 (+/-0.508291).

Agent 2 (SHUCT)
Winning score (between 0 and 1) : N=130, mean=0.530769 (+/-0.086119).
P1: N=65, mean=0.476923 (+/-0.122367).
P2: N=65, mean=0.584615 (+/-0.120731).
Game Durations: N=130, mean=33.476923 (+/-0.38718).
P1: N=65, mean=33.584615 (+/-0.508291).
P2: N=65, mean=33.369231 (+/-0.586997).
=====================================================
=====================================================
Completed 140 games.

Agent 1 (SHUCTAnyTime)
Winning score (between 0 and 1) : N=140, mean=0.464286 (+/-0.082909).
P1: N=70, mean=0.4 (+/-0.115592).
P2: N=70, mean=0.528571 (+/-0.117783).
Game Durations: N=140, mean=33.45 (+/-0.377694).
P1: N=70, mean=33.285714 (+/-0.567045).
P2: N=70, mean=33.614286 (+/-0.500199).

Agent 2 (SHUCT)
Winning score (between 0 and 1) : N=140, mean=0.535714 (+/-0.082909).
P1: N=70, mean=0.471429 (+/-0.117783).
P2: N=70, mean=0.6 (+/-0.115592).
Game Durations: N=140, mean=33.45 (+/-0.377694).
P1: N=70, mean=33.614286 (+/-0.500199).
P2: N=70, mean=33.285714 (+/-0.567045).
=====================================================
=====================================================
Completed 150 games.

Agent 1 (SHUCTAnyTime)
Winning score (between 0 and 1) : N=150, mean=0.466667 (+/-0.080104).
P1: N=75, mean=0.386667 (+/-0.110955).
P2: N=75, mean=0.546667 (+/-0.113423).
Game Durations: N=150, mean=33.446667 (+/-0.368271).
P1: N=75, mean=33.32 (+/-0.553311).
P2: N=75, mean=33.573333 (+/-0.488201).

Agent 2 (SHUCT)
Winning score (between 0 and 1) : N=150, mean=0.533333 (+/-0.080104).
P1: N=75, mean=0.453333 (+/-0.113423).
P2: N=75, mean=0.613333 (+/-0.110955).
Game Durations: N=150, mean=33.446667 (+/-0.368271).
P1: N=75, mean=33.573333 (+/-0.488201).
P2: N=75, mean=33.32 (+/-0.553311).
=====================================================
