Warming up...
Finished warming up!
=====================================================
Completed 1 games.

Agent 1 (SHUCTAnyTime)
Winning score (between 0 and 1) : N=1, mean=0 (+/-0).
P1: N=1, mean=0 (+/-0).
P2: N=0, mean=0 (+/-0).
Game Durations: N=1, mean=32 (+/-0).
P1: N=1, mean=32 (+/-0).
P2: N=0, mean=0 (+/-0).

Agent 2 (SHUCT)
Winning score (between 0 and 1) : N=1, mean=1 (+/-0).
P1: N=0, mean=0 (+/-0).
P2: N=1, mean=1 (+/-0).
Game Durations: N=1, mean=32 (+/-0).
P1: N=0, mean=0 (+/-0).
P2: N=1, mean=32 (+/-0).
=====================================================
=====================================================
Completed 2 games.

Agent 1 (SHUCTAnyTime)
Winning score (between 0 and 1) : N=2, mean=0 (+/-0).
P1: N=1, mean=0 (+/-0).
P2: N=1, mean=0 (+/-0).
Game Durations: N=2, mean=32.5 (+/-0.97998).
P1: N=1, mean=32 (+/-0).
P2: N=1, mean=33 (+/-0).

Agent 2 (SHUCT)
Winning score (between 0 and 1) : N=2, mean=1 (+/-0).
P1: N=1, mean=1 (+/-0).
P2: N=1, mean=1 (+/-0).
Game Durations: N=2, mean=32.5 (+/-0.97998).
P1: N=1, mean=33 (+/-0).
P2: N=1, mean=32 (+/-0).
=====================================================
=====================================================
Completed 3 games.

Agent 1 (SHUCTAnyTime)
Winning score (between 0 and 1) : N=3, mean=0 (+/-0).
P1: N=2, mean=0 (+/-0).
P2: N=1, mean=0 (+/-0).
Game Durations: N=3, mean=33.666667 (+/-2.355579).
P1: N=2, mean=34 (+/-3.91992).
P2: N=1, mean=33 (+/-0).

Agent 2 (SHUCT)
Winning score (between 0 and 1) : N=3, mean=1 (+/-0).
P1: N=1, mean=1 (+/-0).
P2: N=2, mean=1 (+/-0).
Game Durations: N=3, mean=33.666667 (+/-2.355579).
P1: N=1, mean=33 (+/-0).
P2: N=2, mean=34 (+/-3.91992).
=====================================================
=====================================================
Completed 4 games.

Agent 1 (SHUCTAnyTime)
Winning score (between 0 and 1) : N=4, mean=0 (+/-0).
P1: N=2, mean=0 (+/-0).
P2: N=2, mean=0 (+/-0).
Game Durations: N=4, mean=34.5 (+/-2.332819).
P1: N=2, mean=34 (+/-3.91992).
P2: N=2, mean=35 (+/-3.91992).

Agent 2 (SHUCT)
Winning score (between 0 and 1) : N=4, mean=1 (+/-0).
P1: N=2, mean=1 (+/-0).
P2: N=2, mean=1 (+/-0).
Game Durations: N=4, mean=34.5 (+/-2.332819).
P1: N=2, mean=35 (+/-3.91992).
P2: N=2, mean=34 (+/-3.91992).
=====================================================
=====================================================
Completed 5 games.

Agent 1 (SHUCTAnyTime)
Winning score (between 0 and 1) : N=5, mean=0 (+/-0).
P1: N=3, mean=0 (+/-0).
P2: N=2, mean=0 (+/-0).
Game Durations: N=5, mean=34.8 (+/-1.900252).
P1: N=3, mean=34.666667 (+/-2.61328).
P2: N=2, mean=35 (+/-3.91992).

Agent 2 (SHUCT)
Winning score (between 0 and 1) : N=5, mean=1 (+/-0).
P1: N=2, mean=1 (+/-0).
P2: N=3, mean=1 (+/-0).
Game Durations: N=5, mean=34.8 (+/-1.900252).
P1: N=2, mean=35 (+/-3.91992).
P2: N=3, mean=34.666667 (+/-2.61328).
=====================================================
=====================================================
Completed 10 games.

Agent 1 (SHUCTAnyTime)
Winning score (between 0 and 1) : N=10, mean=0.2 (+/-0.261328).
P1: N=5, mean=0.4 (+/-0.48009).
P2: N=5, mean=0 (+/-0).
Game Durations: N=10, mean=33.7 (+/-1.462328).
P1: N=5, mean=33.6 (+/-2.673029).
P2: N=5, mean=33.8 (+/-1.567968).

Agent 2 (SHUCT)
Winning score (between 0 and 1) : N=10, mean=0.8 (+/-0.261328).
P1: N=5, mean=1 (+/-0).
P2: N=5, mean=0.6 (+/-0.48009).
Game Durations: N=10, mean=33.7 (+/-1.462328).
P1: N=5, mean=33.8 (+/-1.567968).
P2: N=5, mean=33.6 (+/-2.673029).
=====================================================
=====================================================
Completed 20 games.

Agent 1 (SHUCTAnyTime)
Winning score (between 0 and 1) : N=20, mean=0.45 (+/-0.223696).
P1: N=10, mean=0.6 (+/-0.32006).
P2: N=10, mean=0.3 (+/-0.299389).
Game Durations: N=20, mean=33.55 (+/-1.030022).
P1: N=10, mean=33.4 (+/-1.578819).
P2: N=10, mean=33.7 (+/-1.402738).

Agent 2 (SHUCT)
Winning score (between 0 and 1) : N=20, mean=0.55 (+/-0.223696).
P1: N=10, mean=0.7 (+/-0.299389).
P2: N=10, mean=0.4 (+/-0.32006).
Game Durations: N=20, mean=33.55 (+/-1.030022).
P1: N=10, mean=33.7 (+/-1.402738).
P2: N=10, mean=33.4 (+/-1.578819).
=====================================================
=====================================================
Completed 30 games.

Agent 1 (SHUCTAnyTime)
Winning score (between 0 and 1) : N=30, mean=0.433333 (+/-0.180353).
P1: N=15, mean=0.533333 (+/-0.261328).
P2: N=15, mean=0.333333 (+/-0.246932).
Game Durations: N=30, mean=33.4 (+/-0.838415).
P1: N=15, mean=33.466667 (+/-1.145508).
P2: N=15, mean=33.333333 (+/-1.263943).

Agent 2 (SHUCT)
Winning score (between 0 and 1) : N=30, mean=0.566667 (+/-0.180353).
P1: N=15, mean=0.666667 (+/-0.246932).
P2: N=15, mean=0.466667 (+/-0.261328).
Game Durations: N=30, mean=33.4 (+/-0.838415).
P1: N=15, mean=33.333333 (+/-1.263943).
P2: N=15, mean=33.466667 (+/-1.145508).
=====================================================
=====================================================
Completed 40 games.

Agent 1 (SHUCTAnyTime)
Winning score (between 0 and 1) : N=40, mean=0.375 (+/-0.151939).
P1: N=20, mean=0.5 (+/-0.224823).
P2: N=20, mean=0.25 (+/-0.194702).
Game Durations: N=40, mean=32.775 (+/-0.795482).
P1: N=20, mean=32.9 (+/-1.145494).
P2: N=20, mean=32.65 (+/-1.131062).

Agent 2 (SHUCT)
Winning score (between 0 and 1) : N=40, mean=0.625 (+/-0.151939).
P1: N=20, mean=0.75 (+/-0.194702).
P2: N=20, mean=0.5 (+/-0.224823).
Game Durations: N=40, mean=32.775 (+/-0.795482).
P1: N=20, mean=32.65 (+/-1.131062).
P2: N=20, mean=32.9 (+/-1.145494).
=====================================================
=====================================================
Completed 50 games.

Agent 1 (SHUCTAnyTime)
Winning score (between 0 and 1) : N=50, mean=0.42 (+/-0.138194).
P1: N=25, mean=0.52 (+/-0.199877).
P2: N=25, mean=0.32 (+/-0.186626).
Game Durations: N=50, mean=32.92 (+/-0.671613).
P1: N=25, mean=32.92 (+/-0.946209).
P2: N=25, mean=32.92 (+/-0.972899).

Agent 2 (SHUCT)
Winning score (between 0 and 1) : N=50, mean=0.58 (+/-0.138194).
P1: N=25, mean=0.68 (+/-0.186626).
P2: N=25, mean=0.48 (+/-0.199877).
Game Durations: N=50, mean=32.92 (+/-0.671613).
P1: N=25, mean=32.92 (+/-0.972899).
P2: N=25, mean=32.92 (+/-0.946209).
=====================================================
=====================================================
Completed 60 games.

Agent 1 (SHUCTAnyTime)
Winning score (between 0 and 1) : N=60, mean=0.433333 (+/-0.126443).
P1: N=30, mean=0.5 (+/-0.181978).
P2: N=30, mean=0.366667 (+/-0.175388).
Game Durations: N=60, mean=33.2 (+/-0.603471).
P1: N=30, mean=33.166667 (+/-0.825055).
P2: N=30, mean=33.233333 (+/-0.894883).

Agent 2 (SHUCT)
Winning score (between 0 and 1) : N=60, mean=0.566667 (+/-0.126443).
P1: N=30, mean=0.633333 (+/-0.175388).
P2: N=30, mean=0.5 (+/-0.181978).
Game Durations: N=60, mean=33.2 (+/-0.603471).
P1: N=30, mean=33.233333 (+/-0.894883).
P2: N=30, mean=33.166667 (+/-0.825055).
=====================================================
=====================================================
Completed 70 games.

Agent 1 (SHUCTAnyTime)
Winning score (between 0 and 1) : N=70, mean=0.442857 (+/-0.117203).
P1: N=35, mean=0.514286 (+/-0.167997).
P2: N=35, mean=0.371429 (+/-0.162414).
Game Durations: N=70, mean=33.428571 (+/-0.573223).
P1: N=35, mean=33.314286 (+/-0.790428).
P2: N=35, mean=33.542857 (+/-0.840202).

Agent 2 (SHUCT)
Winning score (between 0 and 1) : N=70, mean=0.557143 (+/-0.117203).
P1: N=35, mean=0.628571 (+/-0.162414).
P2: N=35, mean=0.485714 (+/-0.167997).
Game Durations: N=70, mean=33.428571 (+/-0.573223).
P1: N=35, mean=33.542857 (+/-0.840202).
P2: N=35, mean=33.314286 (+/-0.790428).
=====================================================
=====================================================
Completed 80 games.

Agent 1 (SHUCTAnyTime)
Winning score (between 0 and 1) : N=80, mean=0.425 (+/-0.109009).
P1: N=40, mean=0.5 (+/-0.156922).
P2: N=40, mean=0.35 (+/-0.149694).
Game Durations: N=80, mean=33.575 (+/-0.542137).
P1: N=40, mean=33.6 (+/-0.783984).
P2: N=40, mean=33.55 (+/-0.758927).

Agent 2 (SHUCT)
Winning score (between 0 and 1) : N=80, mean=0.575 (+/-0.109009).
P1: N=40, mean=0.65 (+/-0.149694).
P2: N=40, mean=0.5 (+/-0.156922).
Game Durations: N=80, mean=33.575 (+/-0.542137).
P1: N=40, mean=33.55 (+/-0.758927).
P2: N=40, mean=33.6 (+/-0.783984).
=====================================================
=====================================================
Completed 90 games.

Agent 1 (SHUCTAnyTime)
Winning score (between 0 and 1) : N=90, mean=0.433333 (+/-0.10295).
P1: N=45, mean=0.533333 (+/-0.147409).
P2: N=45, mean=0.333333 (+/-0.139288).
Game Durations: N=90, mean=33.533333 (+/-0.502445).
P1: N=45, mean=33.644444 (+/-0.74008).
P2: N=45, mean=33.422222 (+/-0.686591).

Agent 2 (SHUCT)
Winning score (between 0 and 1) : N=90, mean=0.566667 (+/-0.10295).
P1: N=45, mean=0.666667 (+/-0.139288).
P2: N=45, mean=0.466667 (+/-0.147409).
Game Durations: N=90, mean=33.533333 (+/-0.502445).
P1: N=45, mean=33.422222 (+/-0.686591).
P2: N=45, mean=33.644444 (+/-0.74008).
=====================================================
=====================================================
Completed 100 games.

Agent 1 (SHUCTAnyTime)
Winning score (between 0 and 1) : N=100, mean=0.44 (+/-0.09778).
P1: N=50, mean=0.54 (+/-0.139548).
P2: N=50, mean=0.34 (+/-0.132636).
Game Durations: N=100, mean=33.56 (+/-0.473023).
P1: N=50, mean=33.78 (+/-0.70454).
P2: N=50, mean=33.34 (+/-0.632589).

Agent 2 (SHUCT)
Winning score (between 0 and 1) : N=100, mean=0.56 (+/-0.09778).
P1: N=50, mean=0.66 (+/-0.132636).
P2: N=50, mean=0.46 (+/-0.139548).
Game Durations: N=100, mean=33.56 (+/-0.473023).
P1: N=50, mean=33.34 (+/-0.632589).
P2: N=50, mean=33.78 (+/-0.70454).
=====================================================
=====================================================
Completed 110 games.

Agent 1 (SHUCTAnyTime)
Winning score (between 0 and 1) : N=110, mean=0.454545 (+/-0.093476).
P1: N=55, mean=0.545455 (+/-0.132806).
P2: N=55, mean=0.363636 (+/-0.128303).
Game Durations: N=110, mean=33.609091 (+/-0.447194).
P1: N=55, mean=33.709091 (+/-0.652672).
P2: N=55, mean=33.509091 (+/-0.616389).

Agent 2 (SHUCT)
Winning score (between 0 and 1) : N=110, mean=0.545455 (+/-0.093476).
P1: N=55, mean=0.636364 (+/-0.128303).
P2: N=55, mean=0.454545 (+/-0.132806).
Game Durations: N=110, mean=33.609091 (+/-0.447194).
P1: N=55, mean=33.509091 (+/-0.616389).
P2: N=55, mean=33.709091 (+/-0.652672).
=====================================================
=====================================================
Completed 120 games.

Agent 1 (SHUCTAnyTime)
Winning score (between 0 and 1) : N=120, mean=0.458333 (+/-0.089522).
P1: N=60, mean=0.55 (+/-0.126943).
P2: N=60, mean=0.366667 (+/-0.122963).
Game Durations: N=120, mean=33.608333 (+/-0.416414).
P1: N=60, mean=33.683333 (+/-0.613621).
P2: N=60, mean=33.533333 (+/-0.567643).

Agent 2 (SHUCT)
Winning score (between 0 and 1) : N=120, mean=0.541667 (+/-0.089522).
P1: N=60, mean=0.633333 (+/-0.122963).
P2: N=60, mean=0.45 (+/-0.126943).
Game Durations: N=120, mean=33.608333 (+/-0.416414).
P1: N=60, mean=33.533333 (+/-0.567643).
P2: N=60, mean=33.683333 (+/-0.613621).
=====================================================
=====================================================
Completed 130 games.

Agent 1 (SHUCTAnyTime)
Winning score (between 0 and 1) : N=130, mean=0.476923 (+/-0.08619).
P1: N=65, mean=0.569231 (+/-0.121318).
P2: N=65, mean=0.384615 (+/-0.119191).
Game Durations: N=130, mean=33.515385 (+/-0.396544).
P1: N=65, mean=33.584615 (+/-0.584353).
P2: N=65, mean=33.446154 (+/-0.54024).

Agent 2 (SHUCT)
Winning score (between 0 and 1) : N=130, mean=0.523077 (+/-0.08619).
P1: N=65, mean=0.615385 (+/-0.119191).
P2: N=65, mean=0.430769 (+/-0.121318).
Game Durations: N=130, mean=33.515385 (+/-0.396544).
P1: N=65, mean=33.446154 (+/-0.54024).
P2: N=65, mean=33.584615 (+/-0.584353).
=====================================================
=====================================================
Completed 140 games.

Agent 1 (SHUCTAnyTime)
Winning score (between 0 and 1) : N=140, mean=0.492857 (+/-0.083112).
P1: N=70, mean=0.571429 (+/-0.116766).
P2: N=70, mean=0.414286 (+/-0.116229).
Game Durations: N=140, mean=33.435714 (+/-0.387439).
P1: N=70, mean=33.514286 (+/-0.557997).
P2: N=70, mean=33.357143 (+/-0.541053).

Agent 2 (SHUCT)
Winning score (between 0 and 1) : N=140, mean=0.507143 (+/-0.083112).
P1: N=70, mean=0.585714 (+/-0.116229).
P2: N=70, mean=0.428571 (+/-0.116766).
Game Durations: N=140, mean=33.435714 (+/-0.387439).
P1: N=70, mean=33.357143 (+/-0.541053).
P2: N=70, mean=33.514286 (+/-0.557997).
=====================================================
=====================================================
Completed 150 games.

Agent 1 (SHUCTAnyTime)
Winning score (between 0 and 1) : N=150, mean=0.48 (+/-0.080219).
P1: N=75, mean=0.546667 (+/-0.113423).
P2: N=75, mean=0.413333 (+/-0.112196).
Game Durations: N=150, mean=33.406667 (+/-0.388953).
P1: N=75, mean=33.533333 (+/-0.559745).
P2: N=75, mean=33.28 (+/-0.542446).

Agent 2 (SHUCT)
Winning score (between 0 and 1) : N=150, mean=0.52 (+/-0.080219).
P1: N=75, mean=0.586667 (+/-0.112196).
P2: N=75, mean=0.453333 (+/-0.113423).
Game Durations: N=150, mean=33.406667 (+/-0.388953).
P1: N=75, mean=33.28 (+/-0.542446).
P2: N=75, mean=33.533333 (+/-0.559745).
=====================================================
