Warming up...
Finished warming up!
=====================================================
Completed 1 games.

Agent 1 (SHUCTAnyTime)
Winning score (between 0 and 1) : N=1, mean=0 (+/-0).
P1: N=0, mean=0 (+/-0).
P2: N=1, mean=0 (+/-0).
Game Durations: N=1, mean=55 (+/-0).
P1: N=0, mean=0 (+/-0).
P2: N=1, mean=55 (+/-0).

Agent 2 (UCT)
Winning score (between 0 and 1) : N=1, mean=1 (+/-0).
P1: N=1, mean=1 (+/-0).
P2: N=0, mean=0 (+/-0).
Game Durations: N=1, mean=55 (+/-0).
P1: N=1, mean=55 (+/-0).
P2: N=0, mean=0 (+/-0).
=====================================================
=====================================================
Completed 2 games.

Agent 1 (SHUCTAnyTime)
Winning score (between 0 and 1) : N=2, mean=0 (+/-0).
P1: N=1, mean=0 (+/-0).
P2: N=1, mean=0 (+/-0).
Game Durations: N=2, mean=41.5 (+/-26.45946).
P1: N=1, mean=28 (+/-0).
P2: N=1, mean=55 (+/-0).

Agent 2 (UCT)
Winning score (between 0 and 1) : N=2, mean=1 (+/-0).
P1: N=1, mean=1 (+/-0).
P2: N=1, mean=1 (+/-0).
Game Durations: N=2, mean=41.5 (+/-26.45946).
P1: N=1, mean=55 (+/-0).
P2: N=1, mean=28 (+/-0).
=====================================================
=====================================================
Completed 3 games.

Agent 1 (SHUCTAnyTime)
Winning score (between 0 and 1) : N=3, mean=0 (+/-0).
P1: N=1, mean=0 (+/-0).
P2: N=2, mean=0 (+/-0).
Game Durations: N=3, mean=52 (+/-25.629803).
P1: N=1, mean=28 (+/-0).
P2: N=2, mean=64 (+/-17.63964).

Agent 2 (UCT)
Winning score (between 0 and 1) : N=3, mean=1 (+/-0).
P1: N=2, mean=1 (+/-0).
P2: N=1, mean=1 (+/-0).
Game Durations: N=3, mean=52 (+/-25.629803).
P1: N=2, mean=64 (+/-17.63964).
P2: N=1, mean=28 (+/-0).
=====================================================
=====================================================
Completed 4 games.

Agent 1 (SHUCTAnyTime)
Winning score (between 0 and 1) : N=4, mean=0 (+/-0).
P1: N=2, mean=0 (+/-0).
P2: N=2, mean=0 (+/-0).
Game Durations: N=4, mean=53.5 (+/-18.359919).
P1: N=2, mean=43 (+/-29.3994).
P2: N=2, mean=64 (+/-17.63964).

Agent 2 (UCT)
Winning score (between 0 and 1) : N=4, mean=1 (+/-0).
P1: N=2, mean=1 (+/-0).
P2: N=2, mean=1 (+/-0).
Game Durations: N=4, mean=53.5 (+/-18.359919).
P1: N=2, mean=64 (+/-17.63964).
P2: N=2, mean=43 (+/-29.3994).
=====================================================
=====================================================
Completed 5 games.

Agent 1 (SHUCTAnyTime)
Winning score (between 0 and 1) : N=5, mean=0 (+/-0).
P1: N=2, mean=0 (+/-0).
P2: N=3, mean=0 (+/-0).
Game Durations: N=5, mean=53.8 (+/-14.233682).
P1: N=2, mean=43 (+/-29.3994).
P2: N=3, mean=61 (+/-11.75976).

Agent 2 (UCT)
Winning score (between 0 and 1) : N=5, mean=1 (+/-0).
P1: N=3, mean=1 (+/-0).
P2: N=2, mean=1 (+/-0).
Game Durations: N=5, mean=53.8 (+/-14.233682).
P1: N=3, mean=61 (+/-11.75976).
P2: N=2, mean=43 (+/-29.3994).
=====================================================
=====================================================
Completed 10 games.

Agent 1 (SHUCTAnyTime)
Winning score (between 0 and 1) : N=10, mean=0.2 (+/-0.261328).
P1: N=5, mean=0.2 (+/-0.391992).
P2: N=5, mean=0.2 (+/-0.391992).
Game Durations: N=10, mean=58.9 (+/-8.998045).
P1: N=5, mean=50.6 (+/-11.621753).
P2: N=5, mean=67.2 (+/-9.846727).

Agent 2 (UCT)
Winning score (between 0 and 1) : N=10, mean=0.8 (+/-0.261328).
P1: N=5, mean=0.8 (+/-0.391992).
P2: N=5, mean=0.8 (+/-0.391992).
Game Durations: N=10, mean=58.9 (+/-8.998045).
P1: N=5, mean=67.2 (+/-9.846727).
P2: N=5, mean=50.6 (+/-11.621753).
=====================================================
=====================================================
Completed 20 games.

Agent 1 (SHUCTAnyTime)
Winning score (between 0 and 1) : N=20, mean=0.2 (+/-0.179858).
P1: N=10, mean=0.2 (+/-0.261328).
P2: N=10, mean=0.2 (+/-0.261328).
Game Durations: N=20, mean=56.8 (+/-6.211949).
P1: N=10, mean=53.6 (+/-9.240264).
P2: N=10, mean=60 (+/-8.294849).

Agent 2 (UCT)
Winning score (between 0 and 1) : N=20, mean=0.8 (+/-0.179858).
P1: N=10, mean=0.8 (+/-0.261328).
P2: N=10, mean=0.8 (+/-0.261328).
Game Durations: N=20, mean=56.8 (+/-6.211949).
P1: N=10, mean=60 (+/-8.294849).
P2: N=10, mean=53.6 (+/-9.240264).
=====================================================
=====================================================
Completed 30 games.

Agent 1 (SHUCTAnyTime)
Winning score (between 0 and 1) : N=30, mean=0.266667 (+/-0.160947).
P1: N=15, mean=0.2 (+/-0.209529).
P2: N=15, mean=0.333333 (+/-0.246932).
Game Durations: N=30, mean=57.633333 (+/-5.572587).
P1: N=15, mean=53.8 (+/-8.53084).
P2: N=15, mean=61.466667 (+/-6.914618).

Agent 2 (UCT)
Winning score (between 0 and 1) : N=30, mean=0.733333 (+/-0.160947).
P1: N=15, mean=0.666667 (+/-0.246932).
P2: N=15, mean=0.8 (+/-0.209529).
Game Durations: N=30, mean=57.633333 (+/-5.572587).
P1: N=15, mean=61.466667 (+/-6.914618).
P2: N=15, mean=53.8 (+/-8.53084).
=====================================================
=====================================================
Completed 40 games.

Agent 1 (SHUCTAnyTime)
Winning score (between 0 and 1) : N=40, mean=0.4 (+/-0.153752).
P1: N=20, mean=0.35 (+/-0.214467).
P2: N=20, mean=0.45 (+/-0.223696).
Game Durations: N=40, mean=57.5 (+/-4.658243).
P1: N=20, mean=57.25 (+/-7.308471).
P2: N=20, mean=57.75 (+/-5.970094).

Agent 2 (UCT)
Winning score (between 0 and 1) : N=40, mean=0.6 (+/-0.153752).
P1: N=20, mean=0.55 (+/-0.223696).
P2: N=20, mean=0.65 (+/-0.214467).
Game Durations: N=40, mean=57.5 (+/-4.658243).
P1: N=20, mean=57.75 (+/-5.970094).
P2: N=20, mean=57.25 (+/-7.308471).
=====================================================
=====================================================
Completed 50 games.

Agent 1 (SHUCTAnyTime)
Winning score (between 0 and 1) : N=50, mean=0.42 (+/-0.138194).
P1: N=25, mean=0.36 (+/-0.192036).
P2: N=25, mean=0.48 (+/-0.199877).
Game Durations: N=50, mean=57.68 (+/-3.924094).
P1: N=25, mean=58.12 (+/-6.239449).
P2: N=25, mean=57.24 (+/-4.887183).

Agent 2 (UCT)
Winning score (between 0 and 1) : N=50, mean=0.58 (+/-0.138194).
P1: N=25, mean=0.52 (+/-0.199877).
P2: N=25, mean=0.64 (+/-0.192036).
Game Durations: N=50, mean=57.68 (+/-3.924094).
P1: N=25, mean=57.24 (+/-4.887183).
P2: N=25, mean=58.12 (+/-6.239449).
=====================================================
=====================================================
Completed 60 games.

Agent 1 (SHUCTAnyTime)
Winning score (between 0 and 1) : N=60, mean=0.483333 (+/-0.127512).
P1: N=30, mean=0.433333 (+/-0.180353).
P2: N=30, mean=0.533333 (+/-0.181573).
Game Durations: N=60, mean=58.916667 (+/-3.772157).
P1: N=30, mean=60.433333 (+/-5.600408).
P2: N=30, mean=57.4 (+/-5.091562).

Agent 2 (UCT)
Winning score (between 0 and 1) : N=60, mean=0.516667 (+/-0.127512).
P1: N=30, mean=0.466667 (+/-0.181573).
P2: N=30, mean=0.566667 (+/-0.180353).
Game Durations: N=60, mean=58.916667 (+/-3.772157).
P1: N=30, mean=57.4 (+/-5.091562).
P2: N=30, mean=60.433333 (+/-5.600408).
=====================================================
=====================================================
Completed 70 games.

Agent 1 (SHUCTAnyTime)
Winning score (between 0 and 1) : N=70, mean=0.471429 (+/-0.117783).
P1: N=35, mean=0.457143 (+/-0.167447).
P2: N=35, mean=0.485714 (+/-0.167997).
Game Durations: N=70, mean=59.285714 (+/-3.534357).
P1: N=35, mean=61.2 (+/-5.228838).
P2: N=35, mean=57.371429 (+/-4.746864).

Agent 2 (UCT)
Winning score (between 0 and 1) : N=70, mean=0.528571 (+/-0.117783).
P1: N=35, mean=0.514286 (+/-0.167997).
P2: N=35, mean=0.542857 (+/-0.167447).
Game Durations: N=70, mean=59.285714 (+/-3.534357).
P1: N=35, mean=57.371429 (+/-4.746864).
P2: N=35, mean=61.2 (+/-5.228838).
=====================================================
=====================================================
Completed 80 games.

Agent 1 (SHUCTAnyTime)
Winning score (between 0 and 1) : N=80, mean=0.475 (+/-0.110118).
P1: N=40, mean=0.45 (+/-0.156136).
P2: N=40, mean=0.5 (+/-0.156922).
Game Durations: N=80, mean=58.8 (+/-3.206433).
P1: N=40, mean=60.3 (+/-4.677867).
P2: N=40, mean=57.3 (+/-4.39618).

Agent 2 (UCT)
Winning score (between 0 and 1) : N=80, mean=0.525 (+/-0.110118).
P1: N=40, mean=0.5 (+/-0.156922).
P2: N=40, mean=0.55 (+/-0.156136).
Game Durations: N=80, mean=58.8 (+/-3.206433).
P1: N=40, mean=57.3 (+/-4.39618).
P2: N=40, mean=60.3 (+/-4.677867).
=====================================================
=====================================================
Completed 90 games.

Agent 1 (SHUCTAnyTime)
Winning score (between 0 and 1) : N=90, mean=0.477778 (+/-0.103775).
P1: N=45, mean=0.444444 (+/-0.146823).
P2: N=45, mean=0.511111 (+/-0.147701).
Game Durations: N=90, mean=58.2 (+/-3.093191).
P1: N=45, mean=59.866667 (+/-4.31551).
P2: N=45, mean=56.533333 (+/-4.426914).

Agent 2 (UCT)
Winning score (between 0 and 1) : N=90, mean=0.522222 (+/-0.103775).
P1: N=45, mean=0.488889 (+/-0.147701).
P2: N=45, mean=0.555556 (+/-0.146823).
Game Durations: N=90, mean=58.2 (+/-3.093191).
P1: N=45, mean=56.533333 (+/-4.426914).
P2: N=45, mean=59.866667 (+/-4.31551).
=====================================================
=====================================================
Completed 100 games.

Agent 1 (SHUCTAnyTime)
Winning score (between 0 and 1) : N=100, mean=0.46 (+/-0.098176).
P1: N=50, mean=0.44 (+/-0.138986).
P2: N=50, mean=0.48 (+/-0.139885).
Game Durations: N=100, mean=57.86 (+/-3.017516).
P1: N=50, mean=59.32 (+/-4.277022).
P2: N=50, mean=56.4 (+/-4.262172).

Agent 2 (UCT)
Winning score (between 0 and 1) : N=100, mean=0.54 (+/-0.098176).
P1: N=50, mean=0.52 (+/-0.139885).
P2: N=50, mean=0.56 (+/-0.138986).
Game Durations: N=100, mean=57.86 (+/-3.017516).
P1: N=50, mean=56.4 (+/-4.262172).
P2: N=50, mean=59.32 (+/-4.277022).
=====================================================
=====================================================
Completed 110 games.

Agent 1 (SHUCTAnyTime)
Winning score (between 0 and 1) : N=110, mean=0.490909 (+/-0.09385).
P1: N=55, mean=0.454545 (+/-0.132806).
P2: N=55, mean=0.527273 (+/-0.13316).
Game Durations: N=110, mean=59.027273 (+/-2.895436).
P1: N=55, mean=61.181818 (+/-4.224851).
P2: N=55, mean=56.872727 (+/-3.915976).

Agent 2 (UCT)
Winning score (between 0 and 1) : N=110, mean=0.509091 (+/-0.09385).
P1: N=55, mean=0.472727 (+/-0.13316).
P2: N=55, mean=0.545455 (+/-0.132806).
Game Durations: N=110, mean=59.027273 (+/-2.895436).
P1: N=55, mean=56.872727 (+/-3.915976).
P2: N=55, mean=61.181818 (+/-4.224851).
=====================================================
=====================================================
Completed 120 games.

Agent 1 (SHUCTAnyTime)
Winning score (between 0 and 1) : N=120, mean=0.491667 (+/-0.089822).
P1: N=60, mean=0.45 (+/-0.126943).
P2: N=60, mean=0.533333 (+/-0.127299).
Game Durations: N=120, mean=58.975 (+/-2.854279).
P1: N=60, mean=60.55 (+/-4.278976).
P2: N=60, mean=57.4 (+/-3.772418).

Agent 2 (UCT)
Winning score (between 0 and 1) : N=120, mean=0.508333 (+/-0.089822).
P1: N=60, mean=0.466667 (+/-0.127299).
P2: N=60, mean=0.55 (+/-0.126943).
Game Durations: N=120, mean=58.975 (+/-2.854279).
P1: N=60, mean=57.4 (+/-3.772418).
P2: N=60, mean=60.55 (+/-4.278976).
=====================================================
=====================================================
Completed 130 games.

Agent 1 (SHUCTAnyTime)
Winning score (between 0 and 1) : N=130, mean=0.469231 (+/-0.086119).
P1: N=65, mean=0.446154 (+/-0.121785).
P2: N=65, mean=0.492308 (+/-0.122483).
Game Durations: N=130, mean=58.646154 (+/-2.742379).
P1: N=65, mean=60.076923 (+/-4.006665).
P2: N=65, mean=57.215385 (+/-3.744126).

Agent 2 (UCT)
Winning score (between 0 and 1) : N=130, mean=0.530769 (+/-0.086119).
P1: N=65, mean=0.507692 (+/-0.122483).
P2: N=65, mean=0.553846 (+/-0.121785).
Game Durations: N=130, mean=58.646154 (+/-2.742379).
P1: N=65, mean=57.215385 (+/-3.744126).
P2: N=65, mean=60.076923 (+/-4.006665).
=====================================================
=====================================================
Completed 140 games.

Agent 1 (SHUCTAnyTime)
Winning score (between 0 and 1) : N=140, mean=0.464286 (+/-0.082909).
P1: N=70, mean=0.442857 (+/-0.117203).
P2: N=70, mean=0.485714 (+/-0.117928).
Game Durations: N=140, mean=58.278571 (+/-2.704909).
P1: N=70, mean=60.014286 (+/-3.970218).
P2: N=70, mean=56.542857 (+/-3.657886).

Agent 2 (UCT)
Winning score (between 0 and 1) : N=140, mean=0.535714 (+/-0.082909).
P1: N=70, mean=0.514286 (+/-0.117928).
P2: N=70, mean=0.557143 (+/-0.117203).
Game Durations: N=140, mean=58.278571 (+/-2.704909).
P1: N=70, mean=56.542857 (+/-3.657886).
P2: N=70, mean=60.014286 (+/-3.970218).
=====================================================
=====================================================
Completed 150 games.

Agent 1 (SHUCTAnyTime)
Winning score (between 0 and 1) : N=150, mean=0.473333 (+/-0.080169).
P1: N=75, mean=0.453333 (+/-0.113423).
P2: N=75, mean=0.493333 (+/-0.11391).
Game Durations: N=150, mean=58.186667 (+/-2.562453).
P1: N=75, mean=59.866667 (+/-3.795097).
P2: N=75, mean=56.506667 (+/-3.427293).

Agent 2 (UCT)
Winning score (between 0 and 1) : N=150, mean=0.526667 (+/-0.080169).
P1: N=75, mean=0.506667 (+/-0.11391).
P2: N=75, mean=0.546667 (+/-0.113423).
Game Durations: N=150, mean=58.186667 (+/-2.562453).
P1: N=75, mean=56.506667 (+/-3.427293).
P2: N=75, mean=59.866667 (+/-3.795097).
=====================================================
