Warming up...
Finished warming up!
=====================================================
Completed 1 games.

Agent 1 (SHUCTAnyTime)
Winning score (between 0 and 1) : N=1, mean=0 (+/-0).
P1: N=1, mean=0 (+/-0).
P2: N=0, mean=0 (+/-0).
Game Durations: N=1, mean=40 (+/-0).
P1: N=1, mean=40 (+/-0).
P2: N=0, mean=0 (+/-0).

Agent 2 (Example UCT)
Winning score (between 0 and 1) : N=1, mean=1 (+/-0).
P1: N=0, mean=0 (+/-0).
P2: N=1, mean=1 (+/-0).
Game Durations: N=1, mean=40 (+/-0).
P1: N=0, mean=0 (+/-0).
P2: N=1, mean=40 (+/-0).
=====================================================
=====================================================
Completed 2 games.

Agent 1 (SHUCTAnyTime)
Winning score (between 0 and 1) : N=2, mean=0 (+/-0).
P1: N=1, mean=0 (+/-0).
P2: N=1, mean=0 (+/-0).
Game Durations: N=2, mean=48.5 (+/-16.65966).
P1: N=1, mean=40 (+/-0).
P2: N=1, mean=57 (+/-0).

Agent 2 (Example UCT)
Winning score (between 0 and 1) : N=2, mean=1 (+/-0).
P1: N=1, mean=1 (+/-0).
P2: N=1, mean=1 (+/-0).
Game Durations: N=2, mean=48.5 (+/-16.65966).
P1: N=1, mean=57 (+/-0).
P2: N=1, mean=40 (+/-0).
=====================================================
=====================================================
Completed 3 games.

Agent 1 (SHUCTAnyTime)
Winning score (between 0 and 1) : N=3, mean=0 (+/-0).
P1: N=2, mean=0 (+/-0).
P2: N=1, mean=0 (+/-0).
Game Durations: N=3, mean=55.666667 (+/-17.02397).
P1: N=2, mean=55 (+/-29.3994).
P2: N=1, mean=57 (+/-0).

Agent 2 (Example UCT)
Winning score (between 0 and 1) : N=3, mean=1 (+/-0).
P1: N=1, mean=1 (+/-0).
P2: N=2, mean=1 (+/-0).
Game Durations: N=3, mean=55.666667 (+/-17.02397).
P1: N=1, mean=57 (+/-0).
P2: N=2, mean=55 (+/-29.3994).
=====================================================
=====================================================
Completed 4 games.

Agent 1 (SHUCTAnyTime)
Winning score (between 0 and 1) : N=4, mean=0 (+/-0).
P1: N=2, mean=0 (+/-0).
P2: N=2, mean=0 (+/-0).
Game Durations: N=4, mean=56 (+/-12.05548).
P1: N=2, mean=55 (+/-29.3994).
P2: N=2, mean=57 (+/-0).

Agent 2 (Example UCT)
Winning score (between 0 and 1) : N=4, mean=1 (+/-0).
P1: N=2, mean=1 (+/-0).
P2: N=2, mean=1 (+/-0).
Game Durations: N=4, mean=56 (+/-12.05548).
P1: N=2, mean=57 (+/-0).
P2: N=2, mean=55 (+/-29.3994).
=====================================================
=====================================================
Completed 5 games.

Agent 1 (SHUCTAnyTime)
Winning score (between 0 and 1) : N=5, mean=0.2 (+/-0.391992).
P1: N=3, mean=0.333333 (+/-0.65332).
P2: N=2, mean=0 (+/-0).
Game Durations: N=5, mean=53 (+/-11.035114).
P1: N=3, mean=50.333333 (+/-19.281243).
P2: N=2, mean=57 (+/-0).

Agent 2 (Example UCT)
Winning score (between 0 and 1) : N=5, mean=0.8 (+/-0.391992).
P1: N=2, mean=1 (+/-0).
P2: N=3, mean=0.666667 (+/-0.65332).
Game Durations: N=5, mean=53 (+/-11.035114).
P1: N=2, mean=57 (+/-0).
P2: N=3, mean=50.333333 (+/-19.281243).
=====================================================
=====================================================
Completed 10 games.

Agent 1 (SHUCTAnyTime)
Winning score (between 0 and 1) : N=10, mean=0.2 (+/-0.261328).
P1: N=5, mean=0.2 (+/-0.391992).
P2: N=5, mean=0.2 (+/-0.391992).
Game Durations: N=10, mean=50.3 (+/-6.428151).
P1: N=5, mean=52.2 (+/-11.231785).
P2: N=5, mean=48.4 (+/-7.270369).

Agent 2 (Example UCT)
Winning score (between 0 and 1) : N=10, mean=0.8 (+/-0.261328).
P1: N=5, mean=0.8 (+/-0.391992).
P2: N=5, mean=0.8 (+/-0.391992).
Game Durations: N=10, mean=50.3 (+/-6.428151).
P1: N=5, mean=48.4 (+/-7.270369).
P2: N=5, mean=52.2 (+/-11.231785).
=====================================================
=====================================================
Completed 20 games.

Agent 1 (SHUCTAnyTime)
Winning score (between 0 and 1) : N=20, mean=0.35 (+/-0.214467).
P1: N=10, mean=0.3 (+/-0.299389).
P2: N=10, mean=0.4 (+/-0.32006).
Game Durations: N=20, mean=52.75 (+/-4.416782).
P1: N=10, mean=56.3 (+/-6.920568).
P2: N=10, mean=49.2 (+/-4.869755).

Agent 2 (Example UCT)
Winning score (between 0 and 1) : N=20, mean=0.65 (+/-0.214467).
P1: N=10, mean=0.6 (+/-0.32006).
P2: N=10, mean=0.7 (+/-0.299389).
Game Durations: N=20, mean=52.75 (+/-4.416782).
P1: N=10, mean=49.2 (+/-4.869755).
P2: N=10, mean=56.3 (+/-6.920568).
=====================================================
=====================================================
Completed 30 games.

Agent 1 (SHUCTAnyTime)
Winning score (between 0 and 1) : N=30, mean=0.366667 (+/-0.175388).
P1: N=15, mean=0.266667 (+/-0.231643).
P2: N=15, mean=0.466667 (+/-0.261328).
Game Durations: N=30, mean=54.333333 (+/-4.057555).
P1: N=15, mean=56.533333 (+/-4.769811).
P2: N=15, mean=52.133333 (+/-6.542154).

Agent 2 (Example UCT)
Winning score (between 0 and 1) : N=30, mean=0.633333 (+/-0.175388).
P1: N=15, mean=0.533333 (+/-0.261328).
P2: N=15, mean=0.733333 (+/-0.231643).
Game Durations: N=30, mean=54.333333 (+/-4.057555).
P1: N=15, mean=52.133333 (+/-6.542154).
P2: N=15, mean=56.533333 (+/-4.769811).
=====================================================
=====================================================
Completed 40 games.

Agent 1 (SHUCTAnyTime)
Winning score (between 0 and 1) : N=40, mean=0.425 (+/-0.155147).
P1: N=20, mean=0.3 (+/-0.206054).
P2: N=20, mean=0.55 (+/-0.223696).
Game Durations: N=40, mean=56.575 (+/-3.733887).
P1: N=20, mean=60.2 (+/-5.096293).
P2: N=20, mean=52.95 (+/-5.094061).

Agent 2 (Example UCT)
Winning score (between 0 and 1) : N=40, mean=0.575 (+/-0.155147).
P1: N=20, mean=0.45 (+/-0.223696).
P2: N=20, mean=0.7 (+/-0.206054).
Game Durations: N=40, mean=56.575 (+/-3.733887).
P1: N=20, mean=52.95 (+/-5.094061).
P2: N=20, mean=60.2 (+/-5.096293).
=====================================================
=====================================================
Completed 50 games.

Agent 1 (SHUCTAnyTime)
Winning score (between 0 and 1) : N=50, mean=0.48 (+/-0.139885).
P1: N=25, mean=0.4 (+/-0.195996).
P2: N=25, mean=0.56 (+/-0.198592).
Game Durations: N=50, mean=56.46 (+/-3.10943).
P1: N=25, mean=59.04 (+/-4.269355).
P2: N=25, mean=53.88 (+/-4.372834).

Agent 2 (Example UCT)
Winning score (between 0 and 1) : N=50, mean=0.52 (+/-0.139885).
P1: N=25, mean=0.44 (+/-0.198592).
P2: N=25, mean=0.6 (+/-0.195996).
Game Durations: N=50, mean=56.46 (+/-3.10943).
P1: N=25, mean=53.88 (+/-4.372834).
P2: N=25, mean=59.04 (+/-4.269355).
=====================================================
=====================================================
Completed 60 games.

Agent 1 (SHUCTAnyTime)
Winning score (between 0 and 1) : N=60, mean=0.516667 (+/-0.127512).
P1: N=30, mean=0.433333 (+/-0.180353).
P2: N=30, mean=0.6 (+/-0.178301).
Game Durations: N=60, mean=56.383333 (+/-2.86577).
P1: N=30, mean=58.766667 (+/-3.862827).
P2: N=30, mean=54 (+/-4.121973).

Agent 2 (Example UCT)
Winning score (between 0 and 1) : N=60, mean=0.483333 (+/-0.127512).
P1: N=30, mean=0.4 (+/-0.178301).
P2: N=30, mean=0.566667 (+/-0.180353).
Game Durations: N=60, mean=56.383333 (+/-2.86577).
P1: N=30, mean=54 (+/-4.121973).
P2: N=30, mean=58.766667 (+/-3.862827).
=====================================================
=====================================================
Completed 70 games.

Agent 1 (SHUCTAnyTime)
Winning score (between 0 and 1) : N=70, mean=0.528571 (+/-0.117783).
P1: N=35, mean=0.457143 (+/-0.167447).
P2: N=35, mean=0.6 (+/-0.16467).
Game Durations: N=70, mean=55.828571 (+/-2.63469).
P1: N=35, mean=57.485714 (+/-3.73554).
P2: N=35, mean=54.171429 (+/-3.687805).

Agent 2 (Example UCT)
Winning score (between 0 and 1) : N=70, mean=0.471429 (+/-0.117783).
P1: N=35, mean=0.4 (+/-0.16467).
P2: N=35, mean=0.542857 (+/-0.167447).
Game Durations: N=70, mean=55.828571 (+/-2.63469).
P1: N=35, mean=54.171429 (+/-3.687805).
P2: N=35, mean=57.485714 (+/-3.73554).
=====================================================
=====================================================
Completed 80 games.

Agent 1 (SHUCTAnyTime)
Winning score (between 0 and 1) : N=80, mean=0.5375 (+/-0.109946).
P1: N=40, mean=0.475 (+/-0.156726).
P2: N=40, mean=0.6 (+/-0.153752).
Game Durations: N=80, mean=54.9875 (+/-2.492987).
P1: N=40, mean=56.925 (+/-3.48381).
P2: N=40, mean=53.05 (+/-3.507452).

Agent 2 (Example UCT)
Winning score (between 0 and 1) : N=80, mean=0.4625 (+/-0.109946).
P1: N=40, mean=0.4 (+/-0.153752).
P2: N=40, mean=0.525 (+/-0.156726).
Game Durations: N=80, mean=54.9875 (+/-2.492987).
P1: N=40, mean=53.05 (+/-3.507452).
P2: N=40, mean=56.925 (+/-3.48381).
=====================================================
=====================================================
Completed 90 games.

Agent 1 (SHUCTAnyTime)
Winning score (between 0 and 1) : N=90, mean=0.566667 (+/-0.10295).
P1: N=45, mean=0.511111 (+/-0.147701).
P2: N=45, mean=0.622222 (+/-0.143256).
Game Durations: N=90, mean=54.8 (+/-2.316614).
P1: N=45, mean=56.288889 (+/-3.235342).
P2: N=45, mean=53.311111 (+/-3.294881).

Agent 2 (Example UCT)
Winning score (between 0 and 1) : N=90, mean=0.433333 (+/-0.10295).
P1: N=45, mean=0.377778 (+/-0.143256).
P2: N=45, mean=0.488889 (+/-0.147701).
Game Durations: N=90, mean=54.8 (+/-2.316614).
P1: N=45, mean=53.311111 (+/-3.294881).
P2: N=45, mean=56.288889 (+/-3.235342).
=====================================================
=====================================================
Completed 100 games.

Agent 1 (SHUCTAnyTime)
Winning score (between 0 and 1) : N=100, mean=0.57 (+/-0.097522).
P1: N=50, mean=0.5 (+/-0.139997).
P2: N=50, mean=0.64 (+/-0.134397).
Game Durations: N=100, mean=54.37 (+/-2.196105).
P1: N=50, mean=56.02 (+/-3.03661).
P2: N=50, mean=52.72 (+/-3.136956).

Agent 2 (Example UCT)
Winning score (between 0 and 1) : N=100, mean=0.43 (+/-0.097522).
P1: N=50, mean=0.36 (+/-0.134397).
P2: N=50, mean=0.5 (+/-0.139997).
Game Durations: N=100, mean=54.37 (+/-2.196105).
P1: N=50, mean=52.72 (+/-3.136956).
P2: N=50, mean=56.02 (+/-3.03661).
=====================================================
=====================================================
Completed 110 games.

Agent 1 (SHUCTAnyTime)
Winning score (between 0 and 1) : N=110, mean=0.536364 (+/-0.093616).
P1: N=55, mean=0.490909 (+/-0.133336).
P2: N=55, mean=0.581818 (+/-0.131561).
Game Durations: N=110, mean=54.527273 (+/-2.158593).
P1: N=55, mean=56.454545 (+/-3.06511).
P2: N=55, mean=52.6 (+/-2.98116).

Agent 2 (Example UCT)
Winning score (between 0 and 1) : N=110, mean=0.463636 (+/-0.093616).
P1: N=55, mean=0.418182 (+/-0.131561).
P2: N=55, mean=0.509091 (+/-0.133336).
Game Durations: N=110, mean=54.527273 (+/-2.158593).
P1: N=55, mean=52.6 (+/-2.98116).
P2: N=55, mean=56.454545 (+/-3.06511).
=====================================================
=====================================================
Completed 120 games.

Agent 1 (SHUCTAnyTime)
Winning score (between 0 and 1) : N=120, mean=0.541667 (+/-0.089522).
P1: N=60, mean=0.483333 (+/-0.127512).
P2: N=60, mean=0.6 (+/-0.125005).
Game Durations: N=120, mean=54.125 (+/-2.034519).
P1: N=60, mean=55.716667 (+/-2.944953).
P2: N=60, mean=52.533333 (+/-2.773941).

Agent 2 (Example UCT)
Winning score (between 0 and 1) : N=120, mean=0.458333 (+/-0.089522).
P1: N=60, mean=0.4 (+/-0.125005).
P2: N=60, mean=0.516667 (+/-0.127512).
Game Durations: N=120, mean=54.125 (+/-2.034519).
P1: N=60, mean=52.533333 (+/-2.773941).
P2: N=60, mean=55.716667 (+/-2.944953).
=====================================================
=====================================================
Completed 130 games.

Agent 1 (SHUCTAnyTime)
Winning score (between 0 and 1) : N=130, mean=0.561538 (+/-0.085626).
P1: N=65, mean=0.507692 (+/-0.122483).
P2: N=65, mean=0.615385 (+/-0.119191).
Game Durations: N=130, mean=53.923077 (+/-1.923819).
P1: N=65, mean=55.492308 (+/-2.801006).
P2: N=65, mean=52.353846 (+/-2.603599).

Agent 2 (Example UCT)
Winning score (between 0 and 1) : N=130, mean=0.438462 (+/-0.085626).
P1: N=65, mean=0.384615 (+/-0.119191).
P2: N=65, mean=0.492308 (+/-0.122483).
Game Durations: N=130, mean=53.923077 (+/-1.923819).
P1: N=65, mean=52.353846 (+/-2.603599).
P2: N=65, mean=55.492308 (+/-2.801006).
=====================================================
=====================================================
Completed 140 games.

Agent 1 (SHUCTAnyTime)
Winning score (between 0 and 1) : N=140, mean=0.542857 (+/-0.082815).
P1: N=70, mean=0.485714 (+/-0.117928).
P2: N=70, mean=0.6 (+/-0.115592).
Game Durations: N=140, mean=54.371429 (+/-1.850052).
P1: N=70, mean=55.714286 (+/-2.696799).
P2: N=70, mean=53.028571 (+/-2.513258).

Agent 2 (Example UCT)
Winning score (between 0 and 1) : N=140, mean=0.457143 (+/-0.082815).
P1: N=70, mean=0.4 (+/-0.115592).
P2: N=70, mean=0.514286 (+/-0.117928).
Game Durations: N=140, mean=54.371429 (+/-1.850052).
P1: N=70, mean=53.028571 (+/-2.513258).
P2: N=70, mean=55.714286 (+/-2.696799).
=====================================================
=====================================================
Completed 150 games.

Agent 1 (SHUCTAnyTime)
Winning score (between 0 and 1) : N=150, mean=0.553333 (+/-0.079825).
P1: N=75, mean=0.493333 (+/-0.11391).
P2: N=75, mean=0.613333 (+/-0.110955).
Game Durations: N=150, mean=54.626667 (+/-1.827122).
P1: N=75, mean=55.96 (+/-2.648823).
P2: N=75, mean=53.293333 (+/-2.498579).

Agent 2 (Example UCT)
Winning score (between 0 and 1) : N=150, mean=0.446667 (+/-0.079825).
P1: N=75, mean=0.386667 (+/-0.110955).
P2: N=75, mean=0.506667 (+/-0.11391).
Game Durations: N=150, mean=54.626667 (+/-1.827122).
P1: N=75, mean=53.293333 (+/-2.498579).
P2: N=75, mean=55.96 (+/-2.648823).
=====================================================
