Warming up...
Finished warming up!
=====================================================
Completed 1 games.

Agent 1 (SHUCTAnyTime)
Winning score (between 0 and 1) : N=1, mean=1 (+/-0).
P1: N=1, mean=1 (+/-0).
P2: N=0, mean=0 (+/-0).
Game Durations: N=1, mean=25 (+/-0).
P1: N=1, mean=25 (+/-0).
P2: N=0, mean=0 (+/-0).

Agent 2 (UCT)
Winning score (between 0 and 1) : N=1, mean=0 (+/-0).
P1: N=0, mean=0 (+/-0).
P2: N=1, mean=0 (+/-0).
Game Durations: N=1, mean=25 (+/-0).
P1: N=0, mean=0 (+/-0).
P2: N=1, mean=25 (+/-0).
=====================================================
=====================================================
Completed 2 games.

Agent 1 (SHUCTAnyTime)
Winning score (between 0 and 1) : N=2, mean=1 (+/-0).
P1: N=1, mean=1 (+/-0).
P2: N=1, mean=1 (+/-0).
Game Durations: N=2, mean=39.5 (+/-28.41942).
P1: N=1, mean=25 (+/-0).
P2: N=1, mean=54 (+/-0).

Agent 2 (UCT)
Winning score (between 0 and 1) : N=2, mean=0 (+/-0).
P1: N=1, mean=0 (+/-0).
P2: N=1, mean=0 (+/-0).
Game Durations: N=2, mean=39.5 (+/-28.41942).
P1: N=1, mean=54 (+/-0).
P2: N=1, mean=25 (+/-0).
=====================================================
=====================================================
Completed 3 games.

Agent 1 (SHUCTAnyTime)
Winning score (between 0 and 1) : N=3, mean=1 (+/-0).
P1: N=2, mean=1 (+/-0).
P2: N=1, mean=1 (+/-0).
Game Durations: N=3, mean=50 (+/-26.319959).
P1: N=2, mean=48 (+/-45.07908).
P2: N=1, mean=54 (+/-0).

Agent 2 (UCT)
Winning score (between 0 and 1) : N=3, mean=0 (+/-0).
P1: N=1, mean=0 (+/-0).
P2: N=2, mean=0 (+/-0).
Game Durations: N=3, mean=50 (+/-26.319959).
P1: N=1, mean=54 (+/-0).
P2: N=2, mean=48 (+/-45.07908).
=====================================================
=====================================================
Completed 4 games.

Agent 1 (SHUCTAnyTime)
Winning score (between 0 and 1) : N=4, mean=0.75 (+/-0.48999).
P1: N=2, mean=1 (+/-0).
P2: N=2, mean=0.5 (+/-0.97998).
Game Durations: N=4, mean=54.25 (+/-20.3901).
P1: N=2, mean=48 (+/-45.07908).
P2: N=2, mean=60.5 (+/-12.73974).

Agent 2 (UCT)
Winning score (between 0 and 1) : N=4, mean=0.25 (+/-0.48999).
P1: N=2, mean=0.5 (+/-0.97998).
P2: N=2, mean=0 (+/-0).
Game Durations: N=4, mean=54.25 (+/-20.3901).
P1: N=2, mean=60.5 (+/-12.73974).
P2: N=2, mean=48 (+/-45.07908).
=====================================================
=====================================================
Completed 5 games.

Agent 1 (SHUCTAnyTime)
Winning score (between 0 and 1) : N=5, mean=0.8 (+/-0.391992).
P1: N=3, mean=1 (+/-0).
P2: N=2, mean=0.5 (+/-0.97998).
Game Durations: N=5, mean=54.4 (+/-15.79684).
P1: N=3, mean=50.333333 (+/-26.425159).
P2: N=2, mean=60.5 (+/-12.73974).

Agent 2 (UCT)
Winning score (between 0 and 1) : N=5, mean=0.2 (+/-0.391992).
P1: N=2, mean=0.5 (+/-0.97998).
P2: N=3, mean=0 (+/-0).
Game Durations: N=5, mean=54.4 (+/-15.79684).
P1: N=2, mean=60.5 (+/-12.73974).
P2: N=3, mean=50.333333 (+/-26.425159).
=====================================================
=====================================================
Completed 10 games.

Agent 1 (SHUCTAnyTime)
Winning score (between 0 and 1) : N=10, mean=0.6 (+/-0.32006).
P1: N=5, mean=0.8 (+/-0.391992).
P2: N=5, mean=0.4 (+/-0.48009).
Game Durations: N=10, mean=52.7 (+/-9.42707).
P1: N=5, mean=48.8 (+/-14.672235).
P2: N=5, mean=56.6 (+/-12.466948).

Agent 2 (UCT)
Winning score (between 0 and 1) : N=10, mean=0.4 (+/-0.32006).
P1: N=5, mean=0.6 (+/-0.48009).
P2: N=5, mean=0.2 (+/-0.391992).
Game Durations: N=10, mean=52.7 (+/-9.42707).
P1: N=5, mean=56.6 (+/-12.466948).
P2: N=5, mean=48.8 (+/-14.672235).
=====================================================
=====================================================
Completed 20 games.

Agent 1 (SHUCTAnyTime)
Winning score (between 0 and 1) : N=20, mean=0.65 (+/-0.214467).
P1: N=10, mean=0.8 (+/-0.261328).
P2: N=10, mean=0.5 (+/-0.32666).
Game Durations: N=20, mean=54.05 (+/-5.986327).
P1: N=10, mean=52 (+/-9.566175).
P2: N=10, mean=56.1 (+/-7.497256).

Agent 2 (UCT)
Winning score (between 0 and 1) : N=20, mean=0.35 (+/-0.214467).
P1: N=10, mean=0.5 (+/-0.32666).
P2: N=10, mean=0.2 (+/-0.261328).
Game Durations: N=20, mean=54.05 (+/-5.986327).
P1: N=10, mean=56.1 (+/-7.497256).
P2: N=10, mean=52 (+/-9.566175).
=====================================================
=====================================================
Completed 30 games.

Agent 1 (SHUCTAnyTime)
Winning score (between 0 and 1) : N=30, mean=0.633333 (+/-0.175388).
P1: N=15, mean=0.8 (+/-0.209529).
P2: N=15, mean=0.466667 (+/-0.261328).
Game Durations: N=30, mean=54.466667 (+/-4.650218).
P1: N=15, mean=54.133333 (+/-7.402683).
P2: N=15, mean=54.8 (+/-5.892932).

Agent 2 (UCT)
Winning score (between 0 and 1) : N=30, mean=0.366667 (+/-0.175388).
P1: N=15, mean=0.533333 (+/-0.261328).
P2: N=15, mean=0.2 (+/-0.209529).
Game Durations: N=30, mean=54.466667 (+/-4.650218).
P1: N=15, mean=54.8 (+/-5.892932).
P2: N=15, mean=54.133333 (+/-7.402683).
=====================================================
=====================================================
Completed 40 games.

Agent 1 (SHUCTAnyTime)
Winning score (between 0 and 1) : N=40, mean=0.625 (+/-0.151939).
P1: N=20, mean=0.65 (+/-0.214467).
P2: N=20, mean=0.6 (+/-0.22028).
Game Durations: N=40, mean=54.325 (+/-4.160301).
P1: N=20, mean=54.95 (+/-6.552303).
P2: N=20, mean=53.7 (+/-5.28807).

Agent 2 (UCT)
Winning score (between 0 and 1) : N=40, mean=0.375 (+/-0.151939).
P1: N=20, mean=0.4 (+/-0.22028).
P2: N=20, mean=0.35 (+/-0.214467).
Game Durations: N=40, mean=54.325 (+/-4.160301).
P1: N=20, mean=53.7 (+/-5.28807).
P2: N=20, mean=54.95 (+/-6.552303).
=====================================================
=====================================================
Completed 50 games.

Agent 1 (SHUCTAnyTime)
Winning score (between 0 and 1) : N=50, mean=0.6 (+/-0.137169).
P1: N=25, mean=0.6 (+/-0.195996).
P2: N=25, mean=0.6 (+/-0.195996).
Game Durations: N=50, mean=55.74 (+/-3.53938).
P1: N=25, mean=56.44 (+/-5.510103).
P2: N=25, mean=55.04 (+/-4.542543).

Agent 2 (UCT)
Winning score (between 0 and 1) : N=50, mean=0.4 (+/-0.137169).
P1: N=25, mean=0.4 (+/-0.195996).
P2: N=25, mean=0.4 (+/-0.195996).
Game Durations: N=50, mean=55.74 (+/-3.53938).
P1: N=25, mean=55.04 (+/-4.542543).
P2: N=25, mean=56.44 (+/-5.510103).
=====================================================
=====================================================
Completed 60 games.

Agent 1 (SHUCTAnyTime)
Winning score (between 0 and 1) : N=60, mean=0.566667 (+/-0.126443).
P1: N=30, mean=0.533333 (+/-0.181573).
P2: N=30, mean=0.6 (+/-0.178301).
Game Durations: N=60, mean=55.6 (+/-3.311645).
P1: N=30, mean=57 (+/-4.898323).
P2: N=30, mean=54.2 (+/-4.484585).

Agent 2 (UCT)
Winning score (between 0 and 1) : N=60, mean=0.433333 (+/-0.126443).
P1: N=30, mean=0.4 (+/-0.178301).
P2: N=30, mean=0.466667 (+/-0.181573).
Game Durations: N=60, mean=55.6 (+/-3.311645).
P1: N=30, mean=54.2 (+/-4.484585).
P2: N=30, mean=57 (+/-4.898323).
=====================================================
=====================================================
Completed 70 games.

Agent 1 (SHUCTAnyTime)
Winning score (between 0 and 1) : N=70, mean=0.571429 (+/-0.116766).
P1: N=35, mean=0.542857 (+/-0.167447).
P2: N=35, mean=0.6 (+/-0.16467).
Game Durations: N=70, mean=55.957143 (+/-3.12171).
P1: N=35, mean=57.457143 (+/-4.555487).
P2: N=35, mean=54.457143 (+/-4.276991).

Agent 2 (UCT)
Winning score (between 0 and 1) : N=70, mean=0.428571 (+/-0.116766).
P1: N=35, mean=0.4 (+/-0.16467).
P2: N=35, mean=0.457143 (+/-0.167447).
Game Durations: N=70, mean=55.957143 (+/-3.12171).
P1: N=35, mean=54.457143 (+/-4.276991).
P2: N=35, mean=57.457143 (+/-4.555487).
=====================================================
=====================================================
Completed 80 games.

Agent 1 (SHUCTAnyTime)
Winning score (between 0 and 1) : N=80, mean=0.5625 (+/-0.109392).
P1: N=40, mean=0.55 (+/-0.156136).
P2: N=40, mean=0.575 (+/-0.155147).
Game Durations: N=80, mean=56.0625 (+/-2.950124).
P1: N=40, mean=56.65 (+/-4.396376).
P2: N=40, mean=55.475 (+/-3.982854).

Agent 2 (UCT)
Winning score (between 0 and 1) : N=80, mean=0.4375 (+/-0.109392).
P1: N=40, mean=0.425 (+/-0.155147).
P2: N=40, mean=0.45 (+/-0.156136).
Game Durations: N=80, mean=56.0625 (+/-2.950124).
P1: N=40, mean=55.475 (+/-3.982854).
P2: N=40, mean=56.65 (+/-4.396376).
=====================================================
=====================================================
Completed 90 games.

Agent 1 (SHUCTAnyTime)
Winning score (between 0 and 1) : N=90, mean=0.544444 (+/-0.103466).
P1: N=45, mean=0.533333 (+/-0.147409).
P2: N=45, mean=0.555556 (+/-0.146823).
Game Durations: N=90, mean=55.888889 (+/-2.901219).
P1: N=45, mean=57.022222 (+/-4.160264).
P2: N=45, mean=54.755556 (+/-4.064334).

Agent 2 (UCT)
Winning score (between 0 and 1) : N=90, mean=0.455556 (+/-0.103466).
P1: N=45, mean=0.444444 (+/-0.146823).
P2: N=45, mean=0.466667 (+/-0.147409).
Game Durations: N=90, mean=55.888889 (+/-2.901219).
P1: N=45, mean=54.755556 (+/-4.064334).
P2: N=45, mean=57.022222 (+/-4.160264).
=====================================================
=====================================================
Completed 100 games.

Agent 1 (SHUCTAnyTime)
Winning score (between 0 and 1) : N=100, mean=0.55 (+/-0.097998).
P1: N=50, mean=0.52 (+/-0.139885).
P2: N=50, mean=0.58 (+/-0.138194).
Game Durations: N=100, mean=55.91 (+/-2.717099).
P1: N=50, mean=57.04 (+/-3.852933).
P2: N=50, mean=54.78 (+/-3.845328).

Agent 2 (UCT)
Winning score (between 0 and 1) : N=100, mean=0.45 (+/-0.097998).
P1: N=50, mean=0.42 (+/-0.138194).
P2: N=50, mean=0.48 (+/-0.139885).
Game Durations: N=100, mean=55.91 (+/-2.717099).
P1: N=50, mean=54.78 (+/-3.845328).
P2: N=50, mean=57.04 (+/-3.852933).
=====================================================
=====================================================
Completed 110 games.

Agent 1 (SHUCTAnyTime)
Winning score (between 0 and 1) : N=110, mean=0.572727 (+/-0.092867).
P1: N=55, mean=0.527273 (+/-0.13316).
P2: N=55, mean=0.618182 (+/-0.12958).
Game Durations: N=110, mean=55.636364 (+/-2.622575).
P1: N=55, mean=56.345455 (+/-3.609052).
P2: N=55, mean=54.927273 (+/-3.830083).

Agent 2 (UCT)
Winning score (between 0 and 1) : N=110, mean=0.427273 (+/-0.092867).
P1: N=55, mean=0.381818 (+/-0.12958).
P2: N=55, mean=0.472727 (+/-0.13316).
Game Durations: N=110, mean=55.636364 (+/-2.622575).
P1: N=55, mean=54.927273 (+/-3.830083).
P2: N=55, mean=56.345455 (+/-3.609052).
=====================================================
=====================================================
Completed 120 games.

Agent 1 (SHUCTAnyTime)
Winning score (between 0 and 1) : N=120, mean=0.55 (+/-0.089384).
P1: N=60, mean=0.5 (+/-0.127583).
P2: N=60, mean=0.6 (+/-0.125005).
Game Durations: N=120, mean=54.783333 (+/-2.550226).
P1: N=60, mean=55.366667 (+/-3.428139).
P2: N=60, mean=54.2 (+/-3.799818).

Agent 2 (UCT)
Winning score (between 0 and 1) : N=120, mean=0.45 (+/-0.089384).
P1: N=60, mean=0.4 (+/-0.125005).
P2: N=60, mean=0.5 (+/-0.127583).
Game Durations: N=120, mean=54.783333 (+/-2.550226).
P1: N=60, mean=54.2 (+/-3.799818).
P2: N=60, mean=55.366667 (+/-3.428139).
=====================================================
=====================================================
Completed 130 games.

Agent 1 (SHUCTAnyTime)
Winning score (between 0 and 1) : N=130, mean=0.553846 (+/-0.085781).
P1: N=65, mean=0.523077 (+/-0.122367).
P2: N=65, mean=0.584615 (+/-0.120731).
Game Durations: N=130, mean=54.730769 (+/-2.419678).
P1: N=65, mean=54.738462 (+/-3.257399).
P2: N=65, mean=54.723077 (+/-3.604395).

Agent 2 (UCT)
Winning score (between 0 and 1) : N=130, mean=0.446154 (+/-0.085781).
P1: N=65, mean=0.415385 (+/-0.120731).
P2: N=65, mean=0.476923 (+/-0.122367).
Game Durations: N=130, mean=54.730769 (+/-2.419678).
P1: N=65, mean=54.723077 (+/-3.604395).
P2: N=65, mean=54.738462 (+/-3.257399).
=====================================================
=====================================================
Completed 140 games.

Agent 1 (SHUCTAnyTime)
Winning score (between 0 and 1) : N=140, mean=0.557143 (+/-0.082576).
P1: N=70, mean=0.528571 (+/-0.117783).
P2: N=70, mean=0.585714 (+/-0.116229).
Game Durations: N=140, mean=54.614286 (+/-2.310578).
P1: N=70, mean=55.185714 (+/-3.088633).
P2: N=70, mean=54.042857 (+/-3.454536).

Agent 2 (UCT)
Winning score (between 0 and 1) : N=140, mean=0.442857 (+/-0.082576).
P1: N=70, mean=0.414286 (+/-0.116229).
P2: N=70, mean=0.471429 (+/-0.117783).
Game Durations: N=140, mean=54.614286 (+/-2.310578).
P1: N=70, mean=54.042857 (+/-3.454536).
P2: N=70, mean=55.185714 (+/-3.088633).
=====================================================
=====================================================
Completed 150 games.

Agent 1 (SHUCTAnyTime)
Winning score (between 0 and 1) : N=150, mean=0.573333 (+/-0.079415).
P1: N=75, mean=0.546667 (+/-0.113423).
P2: N=75, mean=0.6 (+/-0.111619).
Game Durations: N=150, mean=54.726667 (+/-2.205932).
P1: N=75, mean=55.426667 (+/-2.979793).
P2: N=75, mean=54.026667 (+/-3.265888).

Agent 2 (UCT)
Winning score (between 0 and 1) : N=150, mean=0.426667 (+/-0.079415).
P1: N=75, mean=0.4 (+/-0.111619).
P2: N=75, mean=0.453333 (+/-0.113423).
Game Durations: N=150, mean=54.726667 (+/-2.205932).
P1: N=75, mean=54.026667 (+/-3.265888).
P2: N=75, mean=55.426667 (+/-2.979793).
=====================================================
