Warming up...
Finished warming up!
=====================================================
Completed 1 games.

Agent 1 (Example UCT)
Winning score (between 0 and 1) : N=1, mean=0 (+/-0).
P1: N=0, mean=0 (+/-0).
P2: N=1, mean=0 (+/-0).
Game Durations: N=1, mean=45 (+/-0).
P1: N=0, mean=0 (+/-0).
P2: N=1, mean=45 (+/-0).

Agent 2 (SHUCT)
Winning score (between 0 and 1) : N=1, mean=1 (+/-0).
P1: N=1, mean=1 (+/-0).
P2: N=0, mean=0 (+/-0).
Game Durations: N=1, mean=45 (+/-0).
P1: N=1, mean=45 (+/-0).
P2: N=0, mean=0 (+/-0).
=====================================================
=====================================================
Completed 2 games.

Agent 1 (Example UCT)
Winning score (between 0 and 1) : N=2, mean=0 (+/-0).
P1: N=1, mean=0 (+/-0).
P2: N=1, mean=0 (+/-0).
Game Durations: N=2, mean=38.5 (+/-12.73974).
P1: N=1, mean=32 (+/-0).
P2: N=1, mean=45 (+/-0).

Agent 2 (SHUCT)
Winning score (between 0 and 1) : N=2, mean=1 (+/-0).
P1: N=1, mean=1 (+/-0).
P2: N=1, mean=1 (+/-0).
Game Durations: N=2, mean=38.5 (+/-12.73974).
P1: N=1, mean=45 (+/-0).
P2: N=1, mean=32 (+/-0).
=====================================================
=====================================================
Completed 3 games.

Agent 1 (Example UCT)
Winning score (between 0 and 1) : N=3, mean=0.333333 (+/-0.65332).
P1: N=1, mean=0 (+/-0).
P2: N=2, mean=0.5 (+/-0.97998).
Game Durations: N=3, mean=30.333333 (+/-17.615426).
P1: N=1, mean=32 (+/-0).
P2: N=2, mean=29.5 (+/-30.37938).

Agent 2 (SHUCT)
Winning score (between 0 and 1) : N=3, mean=0.666667 (+/-0.65332).
P1: N=2, mean=0.5 (+/-0.97998).
P2: N=1, mean=1 (+/-0).
Game Durations: N=3, mean=30.333333 (+/-17.615426).
P1: N=2, mean=29.5 (+/-30.37938).
P2: N=1, mean=32 (+/-0).
=====================================================
=====================================================
Completed 4 games.

Agent 1 (Example UCT)
Winning score (between 0 and 1) : N=4, mean=0.25 (+/-0.48999).
P1: N=2, mean=0 (+/-0).
P2: N=2, mean=0.5 (+/-0.97998).
Game Durations: N=4, mean=28.75 (+/-12.836741).
P1: N=2, mean=28 (+/-7.83984).
P2: N=2, mean=29.5 (+/-30.37938).

Agent 2 (SHUCT)
Winning score (between 0 and 1) : N=4, mean=0.75 (+/-0.48999).
P1: N=2, mean=0.5 (+/-0.97998).
P2: N=2, mean=1 (+/-0).
Game Durations: N=4, mean=28.75 (+/-12.836741).
P1: N=2, mean=29.5 (+/-30.37938).
P2: N=2, mean=28 (+/-7.83984).
=====================================================
=====================================================
Completed 5 games.

Agent 1 (Example UCT)
Winning score (between 0 and 1) : N=5, mean=0.4 (+/-0.48009).
P1: N=2, mean=0 (+/-0).
P2: N=3, mean=0.666667 (+/-0.65332).
Game Durations: N=5, mean=27 (+/-10.518249).
P1: N=2, mean=28 (+/-7.83984).
P2: N=3, mean=26.333333 (+/-18.605287).

Agent 2 (SHUCT)
Winning score (between 0 and 1) : N=5, mean=0.6 (+/-0.48009).
P1: N=3, mean=0.333333 (+/-0.65332).
P2: N=2, mean=1 (+/-0).
Game Durations: N=5, mean=27 (+/-10.518249).
P1: N=3, mean=26.333333 (+/-18.605287).
P2: N=2, mean=28 (+/-7.83984).
=====================================================
=====================================================
Completed 10 games.

Agent 1 (Example UCT)
Winning score (between 0 and 1) : N=10, mean=0.6 (+/-0.32006).
P1: N=5, mean=0.4 (+/-0.48009).
P2: N=5, mean=0.8 (+/-0.391992).
Game Durations: N=10, mean=25.7 (+/-6.858615).
P1: N=5, mean=23.6 (+/-6.399202).
P2: N=5, mean=27.8 (+/-12.738232).

Agent 2 (SHUCT)
Winning score (between 0 and 1) : N=10, mean=0.4 (+/-0.32006).
P1: N=5, mean=0.2 (+/-0.391992).
P2: N=5, mean=0.6 (+/-0.48009).
Game Durations: N=10, mean=25.7 (+/-6.858615).
P1: N=5, mean=27.8 (+/-12.738232).
P2: N=5, mean=23.6 (+/-6.399202).
=====================================================
=====================================================
Completed 20 games.

Agent 1 (Example UCT)
Winning score (between 0 and 1) : N=20, mean=0.65 (+/-0.214467).
P1: N=10, mean=0.5 (+/-0.32666).
P2: N=10, mean=0.8 (+/-0.261328).
Game Durations: N=20, mean=27 (+/-5.971999).
P1: N=10, mean=27.8 (+/-8.101168).
P2: N=10, mean=26.2 (+/-9.187454).

Agent 2 (SHUCT)
Winning score (between 0 and 1) : N=20, mean=0.35 (+/-0.214467).
P1: N=10, mean=0.2 (+/-0.261328).
P2: N=10, mean=0.5 (+/-0.32666).
Game Durations: N=20, mean=27 (+/-5.971999).
P1: N=10, mean=26.2 (+/-9.187454).
P2: N=10, mean=27.8 (+/-8.101168).
=====================================================
=====================================================
Completed 30 games.

Agent 1 (Example UCT)
Winning score (between 0 and 1) : N=30, mean=0.6 (+/-0.178301).
P1: N=15, mean=0.466667 (+/-0.261328).
P2: N=15, mean=0.733333 (+/-0.231643).
Game Durations: N=30, mean=28.8 (+/-4.410123).
P1: N=15, mean=30.533333 (+/-6.232863).
P2: N=15, mean=27.066667 (+/-6.330706).

Agent 2 (SHUCT)
Winning score (between 0 and 1) : N=30, mean=0.4 (+/-0.178301).
P1: N=15, mean=0.266667 (+/-0.231643).
P2: N=15, mean=0.533333 (+/-0.261328).
Game Durations: N=30, mean=28.8 (+/-4.410123).
P1: N=15, mean=27.066667 (+/-6.330706).
P2: N=15, mean=30.533333 (+/-6.232863).
=====================================================
=====================================================
Completed 40 games.

Agent 1 (Example UCT)
Winning score (between 0 and 1) : N=40, mean=0.625 (+/-0.151939).
P1: N=20, mean=0.5 (+/-0.224823).
P2: N=20, mean=0.75 (+/-0.194702).
Game Durations: N=40, mean=28.275 (+/-3.892806).
P1: N=20, mean=28.65 (+/-5.19973).
P2: N=20, mean=27.9 (+/-5.925948).

Agent 2 (SHUCT)
Winning score (between 0 and 1) : N=40, mean=0.375 (+/-0.151939).
P1: N=20, mean=0.25 (+/-0.194702).
P2: N=20, mean=0.5 (+/-0.224823).
Game Durations: N=40, mean=28.275 (+/-3.892806).
P1: N=20, mean=27.9 (+/-5.925948).
P2: N=20, mean=28.65 (+/-5.19973).
=====================================================
=====================================================
Completed 50 games.

Agent 1 (Example UCT)
Winning score (between 0 and 1) : N=50, mean=0.62 (+/-0.135905).
P1: N=25, mean=0.52 (+/-0.199877).
P2: N=25, mean=0.72 (+/-0.179633).
Game Durations: N=50, mean=28.34 (+/-3.446824).
P1: N=25, mean=28.52 (+/-4.935209).
P2: N=25, mean=28.16 (+/-4.913835).

Agent 2 (SHUCT)
Winning score (between 0 and 1) : N=50, mean=0.38 (+/-0.135905).
P1: N=25, mean=0.28 (+/-0.179633).
P2: N=25, mean=0.48 (+/-0.199877).
Game Durations: N=50, mean=28.34 (+/-3.446824).
P1: N=25, mean=28.16 (+/-4.913835).
P2: N=25, mean=28.52 (+/-4.935209).
=====================================================
=====================================================
Completed 60 games.

Agent 1 (Example UCT)
Winning score (between 0 and 1) : N=60, mean=0.6 (+/-0.125005).
P1: N=30, mean=0.533333 (+/-0.181573).
P2: N=30, mean=0.666667 (+/-0.17157).
Game Durations: N=60, mean=28.333333 (+/-3.160226).
P1: N=30, mean=28.333333 (+/-4.409055).
P2: N=30, mean=28.333333 (+/-4.604032).

Agent 2 (SHUCT)
Winning score (between 0 and 1) : N=60, mean=0.4 (+/-0.125005).
P1: N=30, mean=0.333333 (+/-0.17157).
P2: N=30, mean=0.466667 (+/-0.181573).
Game Durations: N=60, mean=28.333333 (+/-3.160226).
P1: N=30, mean=28.333333 (+/-4.604032).
P2: N=30, mean=28.333333 (+/-4.409055).
=====================================================
=====================================================
Completed 70 games.

Agent 1 (Example UCT)
Winning score (between 0 and 1) : N=70, mean=0.642857 (+/-0.113058).
P1: N=35, mean=0.571429 (+/-0.166341).
P2: N=35, mean=0.714286 (+/-0.151848).
Game Durations: N=70, mean=27.228571 (+/-2.895899).
P1: N=35, mean=27.028571 (+/-4.014702).
P2: N=35, mean=27.428571 (+/-4.232182).

Agent 2 (SHUCT)
Winning score (between 0 and 1) : N=70, mean=0.357143 (+/-0.113058).
P1: N=35, mean=0.285714 (+/-0.151848).
P2: N=35, mean=0.428571 (+/-0.166341).
Game Durations: N=70, mean=27.228571 (+/-2.895899).
P1: N=35, mean=27.428571 (+/-4.232182).
P2: N=35, mean=27.028571 (+/-4.014702).
=====================================================
=====================================================
Completed 80 games.

Agent 1 (Example UCT)
Winning score (between 0 and 1) : N=80, mean=0.65 (+/-0.105178).
P1: N=40, mean=0.575 (+/-0.155147).
P2: N=40, mean=0.725 (+/-0.140136).
Game Durations: N=80, mean=27.325 (+/-2.850244).
P1: N=40, mean=26.025 (+/-3.727022).
P2: N=40, mean=28.625 (+/-4.323027).

Agent 2 (SHUCT)
Winning score (between 0 and 1) : N=80, mean=0.35 (+/-0.105178).
P1: N=40, mean=0.275 (+/-0.140136).
P2: N=40, mean=0.425 (+/-0.155147).
Game Durations: N=80, mean=27.325 (+/-2.850244).
P1: N=40, mean=28.625 (+/-4.323027).
P2: N=40, mean=26.025 (+/-3.727022).
=====================================================
=====================================================
Completed 90 games.

Agent 1 (Example UCT)
Winning score (between 0 and 1) : N=90, mean=0.655556 (+/-0.098723).
P1: N=45, mean=0.577778 (+/-0.145939).
P2: N=45, mean=0.733333 (+/-0.130664).
Game Durations: N=90, mean=27.6 (+/-2.668091).
P1: N=45, mean=27.244444 (+/-3.564885).
P2: N=45, mean=27.955556 (+/-4.008482).

Agent 2 (SHUCT)
Winning score (between 0 and 1) : N=90, mean=0.344444 (+/-0.098723).
P1: N=45, mean=0.266667 (+/-0.130664).
P2: N=45, mean=0.422222 (+/-0.145939).
Game Durations: N=90, mean=27.6 (+/-2.668091).
P1: N=45, mean=27.955556 (+/-4.008482).
P2: N=45, mean=27.244444 (+/-3.564885).
=====================================================
=====================================================
Completed 100 games.

Agent 1 (Example UCT)
Winning score (between 0 and 1) : N=100, mean=0.64 (+/-0.094552).
P1: N=50, mean=0.58 (+/-0.138194).
P2: N=50, mean=0.7 (+/-0.12831).
Game Durations: N=100, mean=27.75 (+/-2.508021).
P1: N=50, mean=28 (+/-3.484551).
P2: N=50, mean=27.5 (+/-3.642187).

Agent 2 (SHUCT)
Winning score (between 0 and 1) : N=100, mean=0.36 (+/-0.094552).
P1: N=50, mean=0.3 (+/-0.12831).
P2: N=50, mean=0.42 (+/-0.138194).
Game Durations: N=100, mean=27.75 (+/-2.508021).
P1: N=50, mean=27.5 (+/-3.642187).
P2: N=50, mean=28 (+/-3.484551).
=====================================================
=====================================================
Completed 110 games.

Agent 1 (Example UCT)
Winning score (between 0 and 1) : N=110, mean=0.645455 (+/-0.089805).
P1: N=55, mean=0.581818 (+/-0.131561).
P2: N=55, mean=0.709091 (+/-0.121138).
Game Durations: N=110, mean=27.245455 (+/-2.352822).
P1: N=55, mean=27.509091 (+/-3.33551).
P2: N=55, mean=26.981818 (+/-3.348521).

Agent 2 (SHUCT)
Winning score (between 0 and 1) : N=110, mean=0.354545 (+/-0.089805).
P1: N=55, mean=0.290909 (+/-0.121138).
P2: N=55, mean=0.418182 (+/-0.131561).
Game Durations: N=110, mean=27.245455 (+/-2.352822).
P1: N=55, mean=26.981818 (+/-3.348521).
P2: N=55, mean=27.509091 (+/-3.33551).
=====================================================
=====================================================
Completed 120 games.

Agent 1 (Example UCT)
Winning score (between 0 and 1) : N=120, mean=0.633333 (+/-0.086582).
P1: N=60, mean=0.566667 (+/-0.126443).
P2: N=60, mean=0.7 (+/-0.116931).
Game Durations: N=120, mean=27.375 (+/-2.234826).
P1: N=60, mean=27.516667 (+/-3.202463).
P2: N=60, mean=27.233333 (+/-3.144633).

Agent 2 (SHUCT)
Winning score (between 0 and 1) : N=120, mean=0.366667 (+/-0.086582).
P1: N=60, mean=0.3 (+/-0.116931).
P2: N=60, mean=0.433333 (+/-0.126443).
Game Durations: N=120, mean=27.375 (+/-2.234826).
P1: N=60, mean=27.233333 (+/-3.144633).
P2: N=60, mean=27.516667 (+/-3.202463).
=====================================================
=====================================================
Completed 130 games.

Agent 1 (Example UCT)
Winning score (between 0 and 1) : N=130, mean=0.615385 (+/-0.083954).
P1: N=65, mean=0.569231 (+/-0.121318).
P2: N=65, mean=0.661538 (+/-0.115928).
Game Durations: N=130, mean=27.715385 (+/-2.220996).
P1: N=65, mean=28.692308 (+/-3.277084).
P2: N=65, mean=26.738462 (+/-3.005261).

Agent 2 (SHUCT)
Winning score (between 0 and 1) : N=130, mean=0.384615 (+/-0.083954).
P1: N=65, mean=0.338462 (+/-0.115928).
P2: N=65, mean=0.430769 (+/-0.121318).
Game Durations: N=130, mean=27.715385 (+/-2.220996).
P1: N=65, mean=26.738462 (+/-3.005261).
P2: N=65, mean=28.692308 (+/-3.277084).
=====================================================
=====================================================
Completed 140 games.

Agent 1 (Example UCT)
Winning score (between 0 and 1) : N=140, mean=0.628571 (+/-0.080326).
P1: N=70, mean=0.571429 (+/-0.116766).
P2: N=70, mean=0.685714 (+/-0.109536).
Game Durations: N=140, mean=27.485714 (+/-2.092031).
P1: N=70, mean=28.657143 (+/-3.060071).
P2: N=70, mean=26.314286 (+/-2.848931).

Agent 2 (SHUCT)
Winning score (between 0 and 1) : N=140, mean=0.371429 (+/-0.080326).
P1: N=70, mean=0.314286 (+/-0.109536).
P2: N=70, mean=0.428571 (+/-0.116766).
Game Durations: N=140, mean=27.485714 (+/-2.092031).
P1: N=70, mean=26.314286 (+/-2.848931).
P2: N=70, mean=28.657143 (+/-3.060071).
=====================================================
=====================================================
Completed 150 games.

Agent 1 (Example UCT)
Winning score (between 0 and 1) : N=150, mean=0.633333 (+/-0.077376).
P1: N=75, mean=0.586667 (+/-0.112196).
P2: N=75, mean=0.68 (+/-0.106282).
Game Durations: N=150, mean=27.226667 (+/-1.967238).
P1: N=75, mean=28.346667 (+/-2.876091).
P2: N=75, mean=26.106667 (+/-2.68003).

Agent 2 (SHUCT)
Winning score (between 0 and 1) : N=150, mean=0.366667 (+/-0.077376).
P1: N=75, mean=0.32 (+/-0.106282).
P2: N=75, mean=0.413333 (+/-0.112196).
Game Durations: N=150, mean=27.226667 (+/-1.967238).
P1: N=75, mean=26.106667 (+/-2.68003).
P2: N=75, mean=28.346667 (+/-2.876091).
=====================================================
