Warming up...
Finished warming up!
=====================================================
Completed 1 games.

Agent 1 (Example UCT)
Winning score (between 0 and 1) : N=1, mean=0 (+/-0).
P1: N=0, mean=0 (+/-0).
P2: N=1, mean=0 (+/-0).
Game Durations: N=1, mean=11 (+/-0).
P1: N=0, mean=0 (+/-0).
P2: N=1, mean=11 (+/-0).

Agent 2 (SHUCT)
Winning score (between 0 and 1) : N=1, mean=1 (+/-0).
P1: N=1, mean=1 (+/-0).
P2: N=0, mean=0 (+/-0).
Game Durations: N=1, mean=11 (+/-0).
P1: N=1, mean=11 (+/-0).
P2: N=0, mean=0 (+/-0).
=====================================================
=====================================================
Completed 2 games.

Agent 1 (Example UCT)
Winning score (between 0 and 1) : N=2, mean=0 (+/-0).
P1: N=1, mean=0 (+/-0).
P2: N=1, mean=0 (+/-0).
Game Durations: N=2, mean=13.5 (+/-4.8999).
P1: N=1, mean=16 (+/-0).
P2: N=1, mean=11 (+/-0).

Agent 2 (SHUCT)
Winning score (between 0 and 1) : N=2, mean=1 (+/-0).
P1: N=1, mean=1 (+/-0).
P2: N=1, mean=1 (+/-0).
Game Durations: N=2, mean=13.5 (+/-4.8999).
P1: N=1, mean=11 (+/-0).
P2: N=1, mean=16 (+/-0).
=====================================================
=====================================================
Completed 3 games.

Agent 1 (Example UCT)
Winning score (between 0 and 1) : N=3, mean=0 (+/-0).
P1: N=1, mean=0 (+/-0).
P2: N=2, mean=0 (+/-0).
Game Durations: N=3, mean=13.333333 (+/-2.847756).
P1: N=1, mean=16 (+/-0).
P2: N=2, mean=12 (+/-1.95996).

Agent 2 (SHUCT)
Winning score (between 0 and 1) : N=3, mean=1 (+/-0).
P1: N=2, mean=1 (+/-0).
P2: N=1, mean=1 (+/-0).
Game Durations: N=3, mean=13.333333 (+/-2.847756).
P1: N=2, mean=12 (+/-1.95996).
P2: N=1, mean=16 (+/-0).
=====================================================
=====================================================
Completed 4 games.

Agent 1 (Example UCT)
Winning score (between 0 and 1) : N=4, mean=0 (+/-0).
P1: N=2, mean=0 (+/-0).
P2: N=2, mean=0 (+/-0).
Game Durations: N=4, mean=14.5 (+/-3.046882).
P1: N=2, mean=17 (+/-1.95996).
P2: N=2, mean=12 (+/-1.95996).

Agent 2 (SHUCT)
Winning score (between 0 and 1) : N=4, mean=1 (+/-0).
P1: N=2, mean=1 (+/-0).
P2: N=2, mean=1 (+/-0).
Game Durations: N=4, mean=14.5 (+/-3.046882).
P1: N=2, mean=12 (+/-1.95996).
P2: N=2, mean=17 (+/-1.95996).
=====================================================
=====================================================
Completed 5 games.

Agent 1 (Example UCT)
Winning score (between 0 and 1) : N=5, mean=0 (+/-0).
P1: N=2, mean=0 (+/-0).
P2: N=3, mean=0 (+/-0).
Game Durations: N=5, mean=13 (+/-3.770058).
P1: N=2, mean=17 (+/-1.95996).
P2: N=3, mean=10.333333 (+/-3.457044).

Agent 2 (SHUCT)
Winning score (between 0 and 1) : N=5, mean=1 (+/-0).
P1: N=3, mean=1 (+/-0).
P2: N=2, mean=1 (+/-0).
Game Durations: N=5, mean=13 (+/-3.770058).
P1: N=3, mean=10.333333 (+/-3.457044).
P2: N=2, mean=17 (+/-1.95996).
=====================================================
=====================================================
Completed 10 games.

Agent 1 (Example UCT)
Winning score (between 0 and 1) : N=10, mean=0.2 (+/-0.261328).
P1: N=5, mean=0.2 (+/-0.391992).
P2: N=5, mean=0.2 (+/-0.391992).
Game Durations: N=10, mean=15.3 (+/-4.214294).
P1: N=5, mean=15.8 (+/-2.182519).
P2: N=5, mean=14.8 (+/-8.641623).

Agent 2 (SHUCT)
Winning score (between 0 and 1) : N=10, mean=0.8 (+/-0.261328).
P1: N=5, mean=0.8 (+/-0.391992).
P2: N=5, mean=0.8 (+/-0.391992).
Game Durations: N=10, mean=15.3 (+/-4.214294).
P1: N=5, mean=14.8 (+/-8.641623).
P2: N=5, mean=15.8 (+/-2.182519).
=====================================================
=====================================================
Completed 20 games.

Agent 1 (Example UCT)
Winning score (between 0 and 1) : N=20, mean=0.35 (+/-0.214467).
P1: N=10, mean=0.4 (+/-0.32006).
P2: N=10, mean=0.3 (+/-0.299389).
Game Durations: N=20, mean=14.65 (+/-2.43505).
P1: N=10, mean=14.2 (+/-1.796333).
P2: N=10, mean=15.1 (+/-4.651437).

Agent 2 (SHUCT)
Winning score (between 0 and 1) : N=20, mean=0.65 (+/-0.214467).
P1: N=10, mean=0.7 (+/-0.299389).
P2: N=10, mean=0.6 (+/-0.32006).
Game Durations: N=20, mean=14.65 (+/-2.43505).
P1: N=10, mean=15.1 (+/-4.651437).
P2: N=10, mean=14.2 (+/-1.796333).
=====================================================
=====================================================
Completed 30 games.

Agent 1 (Example UCT)
Winning score (between 0 and 1) : N=30, mean=0.333333 (+/-0.17157).
P1: N=15, mean=0.333333 (+/-0.246932).
P2: N=15, mean=0.333333 (+/-0.246932).
Game Durations: N=30, mean=14.5 (+/-1.836082).
P1: N=15, mean=15.266667 (+/-1.757904).
P2: N=15, mean=13.733333 (+/-3.248631).

Agent 2 (SHUCT)
Winning score (between 0 and 1) : N=30, mean=0.666667 (+/-0.17157).
P1: N=15, mean=0.666667 (+/-0.246932).
P2: N=15, mean=0.666667 (+/-0.246932).
Game Durations: N=30, mean=14.5 (+/-1.836082).
P1: N=15, mean=13.733333 (+/-3.248631).
P2: N=15, mean=15.266667 (+/-1.757904).
=====================================================
=====================================================
Completed 40 games.

Agent 1 (Example UCT)
Winning score (between 0 and 1) : N=40, mean=0.325 (+/-0.146997).
P1: N=20, mean=0.35 (+/-0.214467).
P2: N=20, mean=0.3 (+/-0.206054).
Game Durations: N=40, mean=14.375 (+/-1.461465).
P1: N=20, mean=15.05 (+/-1.521338).
P2: N=20, mean=13.7 (+/-2.503925).

Agent 2 (SHUCT)
Winning score (between 0 and 1) : N=40, mean=0.675 (+/-0.146997).
P1: N=20, mean=0.7 (+/-0.206054).
P2: N=20, mean=0.65 (+/-0.214467).
Game Durations: N=40, mean=14.375 (+/-1.461465).
P1: N=20, mean=13.7 (+/-2.503925).
P2: N=20, mean=15.05 (+/-1.521338).
=====================================================
=====================================================
Completed 50 games.

Agent 1 (Example UCT)
Winning score (between 0 and 1) : N=50, mean=0.34 (+/-0.132636).
P1: N=25, mean=0.4 (+/-0.195996).
P2: N=25, mean=0.28 (+/-0.179633).
Game Durations: N=50, mean=14.28 (+/-1.322854).
P1: N=25, mean=15.44 (+/-1.514294).
P2: N=25, mean=13.12 (+/-2.102797).

Agent 2 (SHUCT)
Winning score (between 0 and 1) : N=50, mean=0.66 (+/-0.132636).
P1: N=25, mean=0.72 (+/-0.179633).
P2: N=25, mean=0.6 (+/-0.195996).
Game Durations: N=50, mean=14.28 (+/-1.322854).
P1: N=25, mean=13.12 (+/-2.102797).
P2: N=25, mean=15.44 (+/-1.514294).
=====================================================
=====================================================
Completed 60 games.

Agent 1 (Example UCT)
Winning score (between 0 and 1) : N=60, mean=0.366667 (+/-0.122963).
P1: N=30, mean=0.433333 (+/-0.180353).
P2: N=30, mean=0.3 (+/-0.166785).
Game Durations: N=60, mean=14.466667 (+/-1.186327).
P1: N=30, mean=15.3 (+/-1.453241).
P2: N=30, mean=13.633333 (+/-1.852204).

Agent 2 (SHUCT)
Winning score (between 0 and 1) : N=60, mean=0.633333 (+/-0.122963).
P1: N=30, mean=0.7 (+/-0.166785).
P2: N=30, mean=0.566667 (+/-0.180353).
Game Durations: N=60, mean=14.466667 (+/-1.186327).
P1: N=30, mean=13.633333 (+/-1.852204).
P2: N=30, mean=15.3 (+/-1.453241).
=====================================================
=====================================================
Completed 70 games.

Agent 1 (Example UCT)
Winning score (between 0 and 1) : N=70, mean=0.371429 (+/-0.114009).
P1: N=35, mean=0.457143 (+/-0.167447).
P2: N=35, mean=0.285714 (+/-0.151848).
Game Durations: N=70, mean=14.442857 (+/-1.035145).
P1: N=35, mean=15.142857 (+/-1.263173).
P2: N=35, mean=13.742857 (+/-1.62567).

Agent 2 (SHUCT)
Winning score (between 0 and 1) : N=70, mean=0.628571 (+/-0.114009).
P1: N=35, mean=0.714286 (+/-0.151848).
P2: N=35, mean=0.542857 (+/-0.167447).
Game Durations: N=70, mean=14.442857 (+/-1.035145).
P1: N=35, mean=13.742857 (+/-1.62567).
P2: N=35, mean=15.142857 (+/-1.263173).
=====================================================
=====================================================
Completed 80 games.

Agent 1 (Example UCT)
Winning score (between 0 and 1) : N=80, mean=0.35 (+/-0.105178).
P1: N=40, mean=0.425 (+/-0.155147).
P2: N=40, mean=0.275 (+/-0.140136).
Game Durations: N=80, mean=14.225 (+/-0.937487).
P1: N=40, mean=14.825 (+/-1.180339).
P2: N=40, mean=13.625 (+/-1.447923).

Agent 2 (SHUCT)
Winning score (between 0 and 1) : N=80, mean=0.65 (+/-0.105178).
P1: N=40, mean=0.725 (+/-0.140136).
P2: N=40, mean=0.575 (+/-0.155147).
Game Durations: N=80, mean=14.225 (+/-0.937487).
P1: N=40, mean=13.625 (+/-1.447923).
P2: N=40, mean=14.825 (+/-1.180339).
=====================================================
=====================================================
Completed 90 games.

Agent 1 (Example UCT)
Winning score (between 0 and 1) : N=90, mean=0.377778 (+/-0.100726).
P1: N=45, mean=0.444444 (+/-0.146823).
P2: N=45, mean=0.311111 (+/-0.13679).
Game Durations: N=90, mean=14.455556 (+/-0.884777).
P1: N=45, mean=15.066667 (+/-1.121941).
P2: N=45, mean=13.844444 (+/-1.357551).

Agent 2 (SHUCT)
Winning score (between 0 and 1) : N=90, mean=0.622222 (+/-0.100726).
P1: N=45, mean=0.688889 (+/-0.13679).
P2: N=45, mean=0.555556 (+/-0.146823).
Game Durations: N=90, mean=14.455556 (+/-0.884777).
P1: N=45, mean=13.844444 (+/-1.357551).
P2: N=45, mean=15.066667 (+/-1.121941).
=====================================================
=====================================================
Completed 100 games.

Agent 1 (Example UCT)
Winning score (between 0 and 1) : N=100, mean=0.38 (+/-0.095613).
P1: N=50, mean=0.44 (+/-0.138986).
P2: N=50, mean=0.32 (+/-0.130611).
Game Durations: N=100, mean=14.72 (+/-0.877441).
P1: N=50, mean=15.08 (+/-1.074011).
P2: N=50, mean=14.36 (+/-1.391839).

Agent 2 (SHUCT)
Winning score (between 0 and 1) : N=100, mean=0.62 (+/-0.095613).
P1: N=50, mean=0.68 (+/-0.130611).
P2: N=50, mean=0.56 (+/-0.138986).
Game Durations: N=100, mean=14.72 (+/-0.877441).
P1: N=50, mean=14.36 (+/-1.391839).
P2: N=50, mean=15.08 (+/-1.074011).
=====================================================
=====================================================
Completed 110 games.

Agent 1 (Example UCT)
Winning score (between 0 and 1) : N=110, mean=0.418182 (+/-0.0926).
P1: N=55, mean=0.490909 (+/-0.133336).
P2: N=55, mean=0.345455 (+/-0.126828).
Game Durations: N=110, mean=14.554545 (+/-0.835188).
P1: N=55, mean=14.927273 (+/-1.032181).
P2: N=55, mean=14.181818 (+/-1.315608).

Agent 2 (SHUCT)
Winning score (between 0 and 1) : N=110, mean=0.581818 (+/-0.0926).
P1: N=55, mean=0.654545 (+/-0.126828).
P2: N=55, mean=0.509091 (+/-0.133336).
Game Durations: N=110, mean=14.554545 (+/-0.835188).
P1: N=55, mean=14.181818 (+/-1.315608).
P2: N=55, mean=14.927273 (+/-1.032181).
=====================================================
=====================================================
Completed 120 games.

Agent 1 (Example UCT)
Winning score (between 0 and 1) : N=120, mean=0.416667 (+/-0.088578).
P1: N=60, mean=0.5 (+/-0.127583).
P2: N=60, mean=0.333333 (+/-0.120286).
Game Durations: N=120, mean=14.516667 (+/-0.80784).
P1: N=60, mean=15 (+/-1.028076).
P2: N=60, mean=14.033333 (+/-1.243055).

Agent 2 (SHUCT)
Winning score (between 0 and 1) : N=120, mean=0.583333 (+/-0.088578).
P1: N=60, mean=0.666667 (+/-0.120286).
P2: N=60, mean=0.5 (+/-0.127583).
Game Durations: N=120, mean=14.516667 (+/-0.80784).
P1: N=60, mean=14.033333 (+/-1.243055).
P2: N=60, mean=15 (+/-1.028076).
=====================================================
=====================================================
Completed 130 games.

Agent 1 (Example UCT)
Winning score (between 0 and 1) : N=130, mean=0.4 (+/-0.084539).
P1: N=65, mean=0.492308 (+/-0.122483).
P2: N=65, mean=0.307692 (+/-0.113075).
Game Durations: N=130, mean=14.453846 (+/-0.783841).
P1: N=65, mean=14.892308 (+/-0.97821).
P2: N=65, mean=14.015385 (+/-1.223461).

Agent 2 (SHUCT)
Winning score (between 0 and 1) : N=130, mean=0.6 (+/-0.084539).
P1: N=65, mean=0.692308 (+/-0.113075).
P2: N=65, mean=0.507692 (+/-0.122483).
Game Durations: N=130, mean=14.453846 (+/-0.783841).
P1: N=65, mean=14.015385 (+/-1.223461).
P2: N=65, mean=14.892308 (+/-0.97821).
=====================================================
=====================================================
Completed 140 games.

Agent 1 (Example UCT)
Winning score (between 0 and 1) : N=140, mean=0.421429 (+/-0.082088).
P1: N=70, mean=0.514286 (+/-0.117928).
P2: N=70, mean=0.328571 (+/-0.110825).
Game Durations: N=140, mean=14.521429 (+/-0.761936).
P1: N=70, mean=14.971429 (+/-0.947986).
P2: N=70, mean=14.071429 (+/-1.190709).

Agent 2 (SHUCT)
Winning score (between 0 and 1) : N=140, mean=0.578571 (+/-0.082088).
P1: N=70, mean=0.671429 (+/-0.110825).
P2: N=70, mean=0.485714 (+/-0.117928).
Game Durations: N=140, mean=14.521429 (+/-0.761936).
P1: N=70, mean=14.071429 (+/-1.190709).
P2: N=70, mean=14.971429 (+/-0.947986).
=====================================================
=====================================================
Completed 150 games.

Agent 1 (Example UCT)
Winning score (between 0 and 1) : N=150, mean=0.426667 (+/-0.079415).
P1: N=75, mean=0.52 (+/-0.113829).
P2: N=75, mean=0.333333 (+/-0.107405).
Game Durations: N=150, mean=14.513333 (+/-0.72302).
P1: N=75, mean=14.813333 (+/-0.911889).
P2: N=75, mean=14.213333 (+/-1.1244).

Agent 2 (SHUCT)
Winning score (between 0 and 1) : N=150, mean=0.573333 (+/-0.079415).
P1: N=75, mean=0.666667 (+/-0.107405).
P2: N=75, mean=0.48 (+/-0.113829).
Game Durations: N=150, mean=14.513333 (+/-0.72302).
P1: N=75, mean=14.213333 (+/-1.1244).
P2: N=75, mean=14.813333 (+/-0.911889).
=====================================================
