Warming up...
Finished warming up!
=====================================================
Completed 1 games.

Agent 1 (Example UCT)
Winning score (between 0 and 1) : N=1, mean=1 (+/-0).
P1: N=0, mean=0 (+/-0).
P2: N=1, mean=1 (+/-0).
Game Durations: N=1, mean=52 (+/-0).
P1: N=0, mean=0 (+/-0).
P2: N=1, mean=52 (+/-0).

Agent 2 (SHUCT)
Winning score (between 0 and 1) : N=1, mean=0 (+/-0).
P1: N=1, mean=0 (+/-0).
P2: N=0, mean=0 (+/-0).
Game Durations: N=1, mean=52 (+/-0).
P1: N=1, mean=52 (+/-0).
P2: N=0, mean=0 (+/-0).
=====================================================
=====================================================
Completed 2 games.

Agent 1 (Example UCT)
Winning score (between 0 and 1) : N=2, mean=0.5 (+/-0.97998).
P1: N=1, mean=0 (+/-0).
P2: N=1, mean=1 (+/-0).
Game Durations: N=2, mean=48 (+/-7.83984).
P1: N=1, mean=44 (+/-0).
P2: N=1, mean=52 (+/-0).

Agent 2 (SHUCT)
Winning score (between 0 and 1) : N=2, mean=0.5 (+/-0.97998).
P1: N=1, mean=0 (+/-0).
P2: N=1, mean=1 (+/-0).
Game Durations: N=2, mean=48 (+/-7.83984).
P1: N=1, mean=52 (+/-0).
P2: N=1, mean=44 (+/-0).
=====================================================
=====================================================
Completed 3 games.

Agent 1 (Example UCT)
Winning score (between 0 and 1) : N=3, mean=0.666667 (+/-0.65332).
P1: N=1, mean=0 (+/-0).
P2: N=2, mean=1 (+/-0).
Game Durations: N=3, mean=40.666667 (+/-15.068908).
P1: N=1, mean=44 (+/-0).
P2: N=2, mean=39 (+/-25.47948).

Agent 2 (SHUCT)
Winning score (between 0 and 1) : N=3, mean=0.333333 (+/-0.65332).
P1: N=2, mean=0 (+/-0).
P2: N=1, mean=1 (+/-0).
Game Durations: N=3, mean=40.666667 (+/-15.068908).
P1: N=2, mean=39 (+/-25.47948).
P2: N=1, mean=44 (+/-0).
=====================================================
=====================================================
Completed 4 games.

Agent 1 (Example UCT)
Winning score (between 0 and 1) : N=4, mean=0.75 (+/-0.48999).
P1: N=2, mean=0.5 (+/-0.97998).
P2: N=2, mean=1 (+/-0).
Game Durations: N=4, mean=40.25 (+/-10.686576).
P1: N=2, mean=41.5 (+/-4.8999).
P2: N=2, mean=39 (+/-25.47948).

Agent 2 (SHUCT)
Winning score (between 0 and 1) : N=4, mean=0.25 (+/-0.48999).
P1: N=2, mean=0 (+/-0).
P2: N=2, mean=0.5 (+/-0.97998).
Game Durations: N=4, mean=40.25 (+/-10.686576).
P1: N=2, mean=39 (+/-25.47948).
P2: N=2, mean=41.5 (+/-4.8999).
=====================================================
=====================================================
Completed 5 games.

Agent 1 (Example UCT)
Winning score (between 0 and 1) : N=5, mean=0.6 (+/-0.48009).
P1: N=2, mean=0.5 (+/-0.97998).
P2: N=3, mean=0.666667 (+/-0.65332).
Game Durations: N=5, mean=43.2 (+/-10.097123).
P1: N=2, mean=41.5 (+/-4.8999).
P2: N=3, mean=44.333333 (+/-18.046302).

Agent 2 (SHUCT)
Winning score (between 0 and 1) : N=5, mean=0.4 (+/-0.48009).
P1: N=3, mean=0.333333 (+/-0.65332).
P2: N=2, mean=0.5 (+/-0.97998).
Game Durations: N=5, mean=43.2 (+/-10.097123).
P1: N=3, mean=44.333333 (+/-18.046302).
P2: N=2, mean=41.5 (+/-4.8999).
=====================================================
=====================================================
Completed 10 games.

Agent 1 (Example UCT)
Winning score (between 0 and 1) : N=10, mean=0.4 (+/-0.32006).
P1: N=5, mean=0.4 (+/-0.48009).
P2: N=5, mean=0.4 (+/-0.48009).
Game Durations: N=10, mean=35.7 (+/-7.958982).
P1: N=5, mean=36.4 (+/-6.862659).
P2: N=5, mean=35 (+/-15.395358).

Agent 2 (SHUCT)
Winning score (between 0 and 1) : N=10, mean=0.6 (+/-0.32006).
P1: N=5, mean=0.6 (+/-0.48009).
P2: N=5, mean=0.6 (+/-0.48009).
Game Durations: N=10, mean=35.7 (+/-7.958982).
P1: N=5, mean=35 (+/-15.395358).
P2: N=5, mean=36.4 (+/-6.862659).
=====================================================
=====================================================
Completed 20 games.

Agent 1 (Example UCT)
Winning score (between 0 and 1) : N=20, mean=0.45 (+/-0.223696).
P1: N=10, mean=0.4 (+/-0.32006).
P2: N=10, mean=0.5 (+/-0.32666).
Game Durations: N=20, mean=31.4 (+/-6.175716).
P1: N=10, mean=34.5 (+/-8.7176).
P2: N=10, mean=28.3 (+/-8.765451).

Agent 2 (SHUCT)
Winning score (between 0 and 1) : N=20, mean=0.55 (+/-0.223696).
P1: N=10, mean=0.5 (+/-0.32666).
P2: N=10, mean=0.6 (+/-0.32006).
Game Durations: N=20, mean=31.4 (+/-6.175716).
P1: N=10, mean=28.3 (+/-8.765451).
P2: N=10, mean=34.5 (+/-8.7176).
=====================================================
=====================================================
Completed 30 games.

Agent 1 (Example UCT)
Winning score (between 0 and 1) : N=30, mean=0.5 (+/-0.181978).
P1: N=15, mean=0.533333 (+/-0.261328).
P2: N=15, mean=0.466667 (+/-0.261328).
Game Durations: N=30, mean=31.366667 (+/-5.194486).
P1: N=15, mean=34.4 (+/-7.240113).
P2: N=15, mean=28.333333 (+/-7.369992).

Agent 2 (SHUCT)
Winning score (between 0 and 1) : N=30, mean=0.5 (+/-0.181978).
P1: N=15, mean=0.533333 (+/-0.261328).
P2: N=15, mean=0.466667 (+/-0.261328).
Game Durations: N=30, mean=31.366667 (+/-5.194486).
P1: N=15, mean=28.333333 (+/-7.369992).
P2: N=15, mean=34.4 (+/-7.240113).
=====================================================
=====================================================
Completed 40 games.

Agent 1 (Example UCT)
Winning score (between 0 and 1) : N=40, mean=0.575 (+/-0.155147).
P1: N=20, mean=0.6 (+/-0.22028).
P2: N=20, mean=0.55 (+/-0.223696).
Game Durations: N=40, mean=30.925 (+/-4.386753).
P1: N=20, mean=31.8 (+/-5.903216).
P2: N=20, mean=30.05 (+/-6.621366).

Agent 2 (SHUCT)
Winning score (between 0 and 1) : N=40, mean=0.425 (+/-0.155147).
P1: N=20, mean=0.45 (+/-0.223696).
P2: N=20, mean=0.4 (+/-0.22028).
Game Durations: N=40, mean=30.925 (+/-4.386753).
P1: N=20, mean=30.05 (+/-6.621366).
P2: N=20, mean=31.8 (+/-5.903216).
=====================================================
=====================================================
Completed 50 games.

Agent 1 (Example UCT)
Winning score (between 0 and 1) : N=50, mean=0.6 (+/-0.137169).
P1: N=25, mean=0.6 (+/-0.195996).
P2: N=25, mean=0.6 (+/-0.195996).
Game Durations: N=50, mean=29.94 (+/-3.759192).
P1: N=25, mean=30.6 (+/-5.069443).
P2: N=25, mean=29.28 (+/-5.644912).

Agent 2 (SHUCT)
Winning score (between 0 and 1) : N=50, mean=0.4 (+/-0.137169).
P1: N=25, mean=0.4 (+/-0.195996).
P2: N=25, mean=0.4 (+/-0.195996).
Game Durations: N=50, mean=29.94 (+/-3.759192).
P1: N=25, mean=29.28 (+/-5.644912).
P2: N=25, mean=30.6 (+/-5.069443).
=====================================================
=====================================================
Completed 60 games.

Agent 1 (Example UCT)
Winning score (between 0 and 1) : N=60, mean=0.583333 (+/-0.125798).
P1: N=30, mean=0.533333 (+/-0.181573).
P2: N=30, mean=0.633333 (+/-0.175388).
Game Durations: N=60, mean=29.266667 (+/-3.439169).
P1: N=30, mean=29.6 (+/-4.5648).
P2: N=30, mean=28.933333 (+/-5.22115).

Agent 2 (SHUCT)
Winning score (between 0 and 1) : N=60, mean=0.416667 (+/-0.125798).
P1: N=30, mean=0.366667 (+/-0.175388).
P2: N=30, mean=0.466667 (+/-0.181573).
Game Durations: N=60, mean=29.266667 (+/-3.439169).
P1: N=30, mean=28.933333 (+/-5.22115).
P2: N=30, mean=29.6 (+/-4.5648).
=====================================================
=====================================================
Completed 70 games.

Agent 1 (Example UCT)
Winning score (between 0 and 1) : N=70, mean=0.571429 (+/-0.116766).
P1: N=35, mean=0.542857 (+/-0.167447).
P2: N=35, mean=0.6 (+/-0.16467).
Game Durations: N=70, mean=28.728571 (+/-3.208524).
P1: N=35, mean=30.285714 (+/-4.35643).
P2: N=35, mean=27.171429 (+/-4.717805).

Agent 2 (SHUCT)
Winning score (between 0 and 1) : N=70, mean=0.428571 (+/-0.116766).
P1: N=35, mean=0.4 (+/-0.16467).
P2: N=35, mean=0.457143 (+/-0.167447).
Game Durations: N=70, mean=28.728571 (+/-3.208524).
P1: N=35, mean=27.171429 (+/-4.717805).
P2: N=35, mean=30.285714 (+/-4.35643).
=====================================================
=====================================================
Completed 80 games.

Agent 1 (Example UCT)
Winning score (between 0 and 1) : N=80, mean=0.6 (+/-0.108029).
P1: N=40, mean=0.6 (+/-0.153752).
P2: N=40, mean=0.6 (+/-0.153752).
Game Durations: N=80, mean=28.725 (+/-2.868144).
P1: N=40, mean=29.825 (+/-3.976605).
P2: N=40, mean=27.625 (+/-4.156333).

Agent 2 (SHUCT)
Winning score (between 0 and 1) : N=80, mean=0.4 (+/-0.108029).
P1: N=40, mean=0.4 (+/-0.153752).
P2: N=40, mean=0.4 (+/-0.153752).
Game Durations: N=80, mean=28.725 (+/-2.868144).
P1: N=40, mean=27.625 (+/-4.156333).
P2: N=40, mean=29.825 (+/-3.976605).
=====================================================
=====================================================
Completed 90 games.

Agent 1 (Example UCT)
Winning score (between 0 and 1) : N=90, mean=0.6 (+/-0.101779).
P1: N=45, mean=0.6 (+/-0.144753).
P2: N=45, mean=0.6 (+/-0.144753).
Game Durations: N=90, mean=28.211111 (+/-2.626915).
P1: N=45, mean=29.022222 (+/-3.643654).
P2: N=45, mean=27.4 (+/-3.811209).

Agent 2 (SHUCT)
Winning score (between 0 and 1) : N=90, mean=0.4 (+/-0.101779).
P1: N=45, mean=0.4 (+/-0.144753).
P2: N=45, mean=0.4 (+/-0.144753).
Game Durations: N=90, mean=28.211111 (+/-2.626915).
P1: N=45, mean=27.4 (+/-3.811209).
P2: N=45, mean=29.022222 (+/-3.643654).
=====================================================
=====================================================
Completed 100 games.

Agent 1 (Example UCT)
Winning score (between 0 and 1) : N=100, mean=0.59 (+/-0.096883).
P1: N=50, mean=0.58 (+/-0.138194).
P2: N=50, mean=0.6 (+/-0.137169).
Game Durations: N=100, mean=27.61 (+/-2.444642).
P1: N=50, mean=28.64 (+/-3.421782).
P2: N=50, mean=26.58 (+/-3.503439).

Agent 2 (SHUCT)
Winning score (between 0 and 1) : N=100, mean=0.41 (+/-0.096883).
P1: N=50, mean=0.4 (+/-0.137169).
P2: N=50, mean=0.42 (+/-0.138194).
Game Durations: N=100, mean=27.61 (+/-2.444642).
P1: N=50, mean=26.58 (+/-3.503439).
P2: N=50, mean=28.64 (+/-3.421782).
=====================================================
=====================================================
Completed 110 games.

Agent 1 (Example UCT)
Winning score (between 0 and 1) : N=110, mean=0.572727 (+/-0.092867).
P1: N=55, mean=0.581818 (+/-0.131561).
P2: N=55, mean=0.563636 (+/-0.132274).
Game Durations: N=110, mean=28.027273 (+/-2.334129).
P1: N=55, mean=28.563636 (+/-3.162699).
P2: N=55, mean=27.490909 (+/-3.456997).

Agent 2 (SHUCT)
Winning score (between 0 and 1) : N=110, mean=0.427273 (+/-0.092867).
P1: N=55, mean=0.436364 (+/-0.132274).
P2: N=55, mean=0.418182 (+/-0.131561).
Game Durations: N=110, mean=28.027273 (+/-2.334129).
P1: N=55, mean=27.490909 (+/-3.456997).
P2: N=55, mean=28.563636 (+/-3.162699).
=====================================================
=====================================================
Completed 120 games.

Agent 1 (Example UCT)
Winning score (between 0 and 1) : N=120, mean=0.575 (+/-0.088818).
P1: N=60, mean=0.566667 (+/-0.126443).
P2: N=60, mean=0.583333 (+/-0.125798).
Game Durations: N=120, mean=28.316667 (+/-2.241907).
P1: N=60, mean=29.283333 (+/-3.036747).
P2: N=60, mean=27.35 (+/-3.306275).

Agent 2 (SHUCT)
Winning score (between 0 and 1) : N=120, mean=0.425 (+/-0.088818).
P1: N=60, mean=0.416667 (+/-0.125798).
P2: N=60, mean=0.433333 (+/-0.126443).
Game Durations: N=120, mean=28.316667 (+/-2.241907).
P1: N=60, mean=27.35 (+/-3.306275).
P2: N=60, mean=29.283333 (+/-3.036747).
=====================================================
=====================================================
Completed 130 games.

Agent 1 (Example UCT)
Winning score (between 0 and 1) : N=130, mean=0.596154 (+/-0.084333).
P1: N=65, mean=0.576923 (+/-0.120082).
P2: N=65, mean=0.615385 (+/-0.119191).
Game Durations: N=130, mean=28.630769 (+/-2.178394).
P1: N=65, mean=29.861538 (+/-3.035711).
P2: N=65, mean=27.4 (+/-3.119698).

Agent 2 (SHUCT)
Winning score (between 0 and 1) : N=130, mean=0.403846 (+/-0.084333).
P1: N=65, mean=0.384615 (+/-0.119191).
P2: N=65, mean=0.423077 (+/-0.120082).
Game Durations: N=130, mean=28.630769 (+/-2.178394).
P1: N=65, mean=27.4 (+/-3.119698).
P2: N=65, mean=29.861538 (+/-3.035711).
=====================================================
=====================================================
Completed 140 games.

Agent 1 (Example UCT)
Winning score (between 0 and 1) : N=140, mean=0.596429 (+/-0.081257).
P1: N=70, mean=0.578571 (+/-0.115654).
P2: N=70, mean=0.614286 (+/-0.114853).
Game Durations: N=140, mean=28.428571 (+/-2.105543).
P1: N=70, mean=29.871429 (+/-3.006592).
P2: N=70, mean=26.985714 (+/-2.930929).

Agent 2 (SHUCT)
Winning score (between 0 and 1) : N=140, mean=0.403571 (+/-0.081257).
P1: N=70, mean=0.385714 (+/-0.114853).
P2: N=70, mean=0.421429 (+/-0.115654).
Game Durations: N=140, mean=28.428571 (+/-2.105543).
P1: N=70, mean=26.985714 (+/-2.930929).
P2: N=70, mean=29.871429 (+/-3.006592).
=====================================================
=====================================================
Completed 150 games.

Agent 1 (Example UCT)
Winning score (between 0 and 1) : N=150, mean=0.6 (+/-0.078113).
P1: N=75, mean=0.56 (+/-0.111557).
P2: N=75, mean=0.64 (+/-0.109364).
Game Durations: N=150, mean=28.466667 (+/-2.040363).
P1: N=75, mean=30.173333 (+/-2.970767).
P2: N=75, mean=26.76 (+/-2.763509).

Agent 2 (SHUCT)
Winning score (between 0 and 1) : N=150, mean=0.4 (+/-0.078113).
P1: N=75, mean=0.36 (+/-0.109364).
P2: N=75, mean=0.44 (+/-0.111557).
Game Durations: N=150, mean=28.466667 (+/-2.040363).
P1: N=75, mean=26.76 (+/-2.763509).
P2: N=75, mean=30.173333 (+/-2.970767).
=====================================================
