Warming up...
Finished warming up!
=====================================================
Completed 1 games.

Agent 1 (Example UCT)
Winning score (between 0 and 1) : N=1, mean=1 (+/-0).
P1: N=1, mean=1 (+/-0).
P2: N=0, mean=0 (+/-0).
Game Durations: N=1, mean=19 (+/-0).
P1: N=1, mean=19 (+/-0).
P2: N=0, mean=0 (+/-0).

Agent 2 (SHUCT)
Winning score (between 0 and 1) : N=1, mean=0 (+/-0).
P1: N=0, mean=0 (+/-0).
P2: N=1, mean=0 (+/-0).
Game Durations: N=1, mean=19 (+/-0).
P1: N=0, mean=0 (+/-0).
P2: N=1, mean=19 (+/-0).
=====================================================
=====================================================
Completed 2 games.

Agent 1 (Example UCT)
Winning score (between 0 and 1) : N=2, mean=0.5 (+/-0.97998).
P1: N=1, mean=1 (+/-0).
P2: N=1, mean=0 (+/-0).
Game Durations: N=2, mean=16 (+/-5.87988).
P1: N=1, mean=19 (+/-0).
P2: N=1, mean=13 (+/-0).

Agent 2 (SHUCT)
Winning score (between 0 and 1) : N=2, mean=0.5 (+/-0.97998).
P1: N=1, mean=1 (+/-0).
P2: N=1, mean=0 (+/-0).
Game Durations: N=2, mean=16 (+/-5.87988).
P1: N=1, mean=13 (+/-0).
P2: N=1, mean=19 (+/-0).
=====================================================
=====================================================
Completed 3 games.

Agent 1 (Example UCT)
Winning score (between 0 and 1) : N=3, mean=0.666667 (+/-0.65332).
P1: N=2, mean=1 (+/-0).
P2: N=1, mean=0 (+/-0).
Game Durations: N=3, mean=21.666667 (+/-11.61367).
P1: N=2, mean=26 (+/-13.71972).
P2: N=1, mean=13 (+/-0).

Agent 2 (SHUCT)
Winning score (between 0 and 1) : N=3, mean=0.333333 (+/-0.65332).
P1: N=1, mean=1 (+/-0).
P2: N=2, mean=0 (+/-0).
Game Durations: N=3, mean=21.666667 (+/-11.61367).
P1: N=1, mean=13 (+/-0).
P2: N=2, mean=26 (+/-13.71972).
=====================================================
=====================================================
Completed 4 games.

Agent 1 (Example UCT)
Winning score (between 0 and 1) : N=4, mean=0.5 (+/-0.565792).
P1: N=2, mean=1 (+/-0).
P2: N=2, mean=0 (+/-0).
Game Durations: N=4, mean=26.5 (+/-12.537107).
P1: N=2, mean=26 (+/-13.71972).
P2: N=2, mean=27 (+/-27.43944).

Agent 2 (SHUCT)
Winning score (between 0 and 1) : N=4, mean=0.5 (+/-0.565792).
P1: N=2, mean=1 (+/-0).
P2: N=2, mean=0 (+/-0).
Game Durations: N=4, mean=26.5 (+/-12.537107).
P1: N=2, mean=27 (+/-27.43944).
P2: N=2, mean=26 (+/-13.71972).
=====================================================
=====================================================
Completed 5 games.

Agent 1 (Example UCT)
Winning score (between 0 and 1) : N=5, mean=0.6 (+/-0.48009).
P1: N=3, mean=1 (+/-0).
P2: N=2, mean=0 (+/-0).
Game Durations: N=5, mean=29 (+/-10.877337).
P1: N=3, mean=30.333333 (+/-11.61367).
P2: N=2, mean=27 (+/-27.43944).

Agent 2 (SHUCT)
Winning score (between 0 and 1) : N=5, mean=0.4 (+/-0.48009).
P1: N=2, mean=1 (+/-0).
P2: N=3, mean=0 (+/-0).
Game Durations: N=5, mean=29 (+/-10.877337).
P1: N=2, mean=27 (+/-27.43944).
P2: N=3, mean=30.333333 (+/-11.61367).
=====================================================
=====================================================
Completed 10 games.

Agent 1 (Example UCT)
Winning score (between 0 and 1) : N=10, mean=0.45 (+/-0.30817).
P1: N=5, mean=0.8 (+/-0.391992).
P2: N=5, mean=0.1 (+/-0.195996).
Game Durations: N=10, mean=29.9 (+/-9.129899).
P1: N=5, mean=28.4 (+/-6.778175).
P2: N=5, mean=31.4 (+/-18.023108).

Agent 2 (SHUCT)
Winning score (between 0 and 1) : N=10, mean=0.55 (+/-0.30817).
P1: N=5, mean=0.9 (+/-0.195996).
P2: N=5, mean=0.2 (+/-0.391992).
Game Durations: N=10, mean=29.9 (+/-9.129899).
P1: N=5, mean=31.4 (+/-18.023108).
P2: N=5, mean=28.4 (+/-6.778175).
=====================================================
=====================================================
Completed 20 games.

Agent 1 (Example UCT)
Winning score (between 0 and 1) : N=20, mean=0.6 (+/-0.208492).
P1: N=10, mean=0.8 (+/-0.261328).
P2: N=10, mean=0.4 (+/-0.284776).
Game Durations: N=20, mean=32.7 (+/-7.86443).
P1: N=10, mean=23.4 (+/-5.293102).
P2: N=10, mean=42 (+/-12.621087).

Agent 2 (SHUCT)
Winning score (between 0 and 1) : N=20, mean=0.4 (+/-0.208492).
P1: N=10, mean=0.6 (+/-0.284776).
P2: N=10, mean=0.2 (+/-0.261328).
Game Durations: N=20, mean=32.7 (+/-7.86443).
P1: N=10, mean=42 (+/-12.621087).
P2: N=10, mean=23.4 (+/-5.293102).
=====================================================
=====================================================
Completed 30 games.

Agent 1 (Example UCT)
Winning score (between 0 and 1) : N=30, mean=0.566667 (+/-0.174125).
P1: N=15, mean=0.733333 (+/-0.231643).
P2: N=15, mean=0.4 (+/-0.238132).
Game Durations: N=30, mean=31.3 (+/-5.950161).
P1: N=15, mean=24.333333 (+/-4.609099).
P2: N=15, mean=38.266667 (+/-9.93967).

Agent 2 (SHUCT)
Winning score (between 0 and 1) : N=30, mean=0.433333 (+/-0.174125).
P1: N=15, mean=0.6 (+/-0.238132).
P2: N=15, mean=0.266667 (+/-0.231643).
Game Durations: N=30, mean=31.3 (+/-5.950161).
P1: N=15, mean=38.266667 (+/-9.93967).
P2: N=15, mean=24.333333 (+/-4.609099).
=====================================================
=====================================================
Completed 40 games.

Agent 1 (Example UCT)
Winning score (between 0 and 1) : N=40, mean=0.5125 (+/-0.150872).
P1: N=20, mean=0.675 (+/-0.204515).
P2: N=20, mean=0.35 (+/-0.202341).
Game Durations: N=40, mean=31.65 (+/-5.008529).
P1: N=20, mean=27.6 (+/-5.643725).
P2: N=20, mean=35.7 (+/-8.031054).

Agent 2 (SHUCT)
Winning score (between 0 and 1) : N=40, mean=0.4875 (+/-0.150872).
P1: N=20, mean=0.65 (+/-0.202341).
P2: N=20, mean=0.325 (+/-0.204515).
Game Durations: N=40, mean=31.65 (+/-5.008529).
P1: N=20, mean=35.7 (+/-8.031054).
P2: N=20, mean=27.6 (+/-5.643725).
=====================================================
=====================================================
Completed 50 games.

Agent 1 (Example UCT)
Winning score (between 0 and 1) : N=50, mean=0.53 (+/-0.135472).
P1: N=25, mean=0.7 (+/-0.178919).
P2: N=25, mean=0.36 (+/-0.183512).
Game Durations: N=50, mean=30.42 (+/-4.213366).
P1: N=25, mean=27.36 (+/-4.890588).
P2: N=25, mean=33.48 (+/-6.750841).

Agent 2 (SHUCT)
Winning score (between 0 and 1) : N=50, mean=0.47 (+/-0.135472).
P1: N=25, mean=0.64 (+/-0.183512).
P2: N=25, mean=0.3 (+/-0.178919).
Game Durations: N=50, mean=30.42 (+/-4.213366).
P1: N=25, mean=33.48 (+/-6.750841).
P2: N=25, mean=27.36 (+/-4.890588).
=====================================================
=====================================================
Completed 60 games.

Agent 1 (Example UCT)
Winning score (between 0 and 1) : N=60, mean=0.533333 (+/-0.122963).
P1: N=30, mean=0.683333 (+/-0.166011).
P2: N=30, mean=0.383333 (+/-0.167336).
Game Durations: N=60, mean=30.716667 (+/-4.064551).
P1: N=30, mean=27.133333 (+/-4.829999).
P2: N=30, mean=34.3 (+/-6.363255).

Agent 2 (SHUCT)
Winning score (between 0 and 1) : N=60, mean=0.466667 (+/-0.122963).
P1: N=30, mean=0.616667 (+/-0.167336).
P2: N=30, mean=0.316667 (+/-0.166011).
Game Durations: N=60, mean=30.716667 (+/-4.064551).
P1: N=30, mean=34.3 (+/-6.363255).
P2: N=30, mean=27.133333 (+/-4.829999).
=====================================================
=====================================================
Completed 70 games.

Agent 1 (Example UCT)
Winning score (between 0 and 1) : N=70, mean=0.542857 (+/-0.114108).
P1: N=35, mean=0.7 (+/-0.151392).
P2: N=35, mean=0.385714 (+/-0.156042).
Game Durations: N=70, mean=29.828571 (+/-3.552947).
P1: N=35, mean=26.914286 (+/-4.181603).
P2: N=35, mean=32.742857 (+/-5.641925).

Agent 2 (SHUCT)
Winning score (between 0 and 1) : N=70, mean=0.457143 (+/-0.114108).
P1: N=35, mean=0.614286 (+/-0.156042).
P2: N=35, mean=0.3 (+/-0.151392).
Game Durations: N=70, mean=29.828571 (+/-3.552947).
P1: N=35, mean=32.742857 (+/-5.641925).
P2: N=35, mean=26.914286 (+/-4.181603).
=====================================================
=====================================================
Completed 80 games.

Agent 1 (Example UCT)
Winning score (between 0 and 1) : N=80, mean=0.5125 (+/-0.107429).
P1: N=40, mean=0.6625 (+/-0.146315).
P2: N=40, mean=0.3625 (+/-0.144622).
Game Durations: N=80, mean=30.25 (+/-3.286953).
P1: N=40, mean=28.175 (+/-3.984647).
P2: N=40, mean=32.325 (+/-5.20045).

Agent 2 (SHUCT)
Winning score (between 0 and 1) : N=80, mean=0.4875 (+/-0.107429).
P1: N=40, mean=0.6375 (+/-0.144622).
P2: N=40, mean=0.3375 (+/-0.146315).
Game Durations: N=80, mean=30.25 (+/-3.286953).
P1: N=40, mean=32.325 (+/-5.20045).
P2: N=40, mean=28.175 (+/-3.984647).
=====================================================
=====================================================
Completed 90 games.

Agent 1 (Example UCT)
Winning score (between 0 and 1) : N=90, mean=0.533333 (+/-0.101307).
P1: N=45, mean=0.677778 (+/-0.136316).
P2: N=45, mean=0.388889 (+/-0.138901).
Game Durations: N=90, mean=30.277778 (+/-3.087733).
P1: N=45, mean=28.577778 (+/-3.81329).
P2: N=45, mean=31.977778 (+/-4.850149).

Agent 2 (SHUCT)
Winning score (between 0 and 1) : N=90, mean=0.466667 (+/-0.101307).
P1: N=45, mean=0.611111 (+/-0.138901).
P2: N=45, mean=0.322222 (+/-0.136316).
Game Durations: N=90, mean=30.277778 (+/-3.087733).
P1: N=45, mean=31.977778 (+/-4.850149).
P2: N=45, mean=28.577778 (+/-3.81329).
=====================================================
=====================================================
Completed 100 games.

Agent 1 (Example UCT)
Winning score (between 0 and 1) : N=100, mean=0.52 (+/-0.096421).
P1: N=50, mean=0.65 (+/-0.132073).
P2: N=50, mean=0.39 (+/-0.132192).
Game Durations: N=100, mean=29.34 (+/-2.866257).
P1: N=50, mean=27.88 (+/-3.578515).
P2: N=50, mean=30.8 (+/-4.478508).

Agent 2 (SHUCT)
Winning score (between 0 and 1) : N=100, mean=0.48 (+/-0.096421).
P1: N=50, mean=0.61 (+/-0.132192).
P2: N=50, mean=0.35 (+/-0.132073).
Game Durations: N=100, mean=29.34 (+/-2.866257).
P1: N=50, mean=30.8 (+/-4.478508).
P2: N=50, mean=27.88 (+/-3.578515).
=====================================================
=====================================================
Completed 110 games.

Agent 1 (Example UCT)
Winning score (between 0 and 1) : N=110, mean=0.518182 (+/-0.092079).
P1: N=55, mean=0.627273 (+/-0.127706).
P2: N=55, mean=0.409091 (+/-0.127383).
Game Durations: N=110, mean=30.7 (+/-2.879134).
P1: N=55, mean=30.436364 (+/-3.926765).
P2: N=55, mean=30.963636 (+/-4.246797).

Agent 2 (SHUCT)
Winning score (between 0 and 1) : N=110, mean=0.481818 (+/-0.092079).
P1: N=55, mean=0.590909 (+/-0.127383).
P2: N=55, mean=0.372727 (+/-0.127706).
Game Durations: N=110, mean=30.7 (+/-2.879134).
P1: N=55, mean=30.963636 (+/-4.246797).
P2: N=55, mean=30.436364 (+/-3.926765).
=====================================================
=====================================================
Completed 120 games.

Agent 1 (Example UCT)
Winning score (between 0 and 1) : N=120, mean=0.533333 (+/-0.088121).
P1: N=60, mean=0.641667 (+/-0.121241).
P2: N=60, mean=0.425 (+/-0.122871).
Game Durations: N=120, mean=30.566667 (+/-2.733959).
P1: N=60, mean=30.55 (+/-3.795711).
P2: N=60, mean=30.583333 (+/-3.967876).

Agent 2 (SHUCT)
Winning score (between 0 and 1) : N=120, mean=0.466667 (+/-0.088121).
P1: N=60, mean=0.575 (+/-0.122871).
P2: N=60, mean=0.358333 (+/-0.121241).
Game Durations: N=120, mean=30.566667 (+/-2.733959).
P1: N=60, mean=30.583333 (+/-3.967876).
P2: N=60, mean=30.55 (+/-3.795711).
=====================================================
=====================================================
Completed 130 games.

Agent 1 (Example UCT)
Winning score (between 0 and 1) : N=130, mean=0.530769 (+/-0.084779).
P1: N=65, mean=0.638462 (+/-0.116722).
P2: N=65, mean=0.423077 (+/-0.118144).
Game Durations: N=130, mean=30.315385 (+/-2.616553).
P1: N=65, mean=30.753846 (+/-3.676817).
P2: N=65, mean=29.876923 (+/-3.749306).

Agent 2 (SHUCT)
Winning score (between 0 and 1) : N=130, mean=0.469231 (+/-0.084779).
P1: N=65, mean=0.576923 (+/-0.118144).
P2: N=65, mean=0.361538 (+/-0.116722).
Game Durations: N=130, mean=30.315385 (+/-2.616553).
P1: N=65, mean=29.876923 (+/-3.749306).
P2: N=65, mean=30.753846 (+/-3.676817).
=====================================================
=====================================================
Completed 140 games.

Agent 1 (Example UCT)
Winning score (between 0 and 1) : N=140, mean=0.535714 (+/-0.081709).
P1: N=70, mean=0.65 (+/-0.111655).
P2: N=70, mean=0.421429 (+/-0.113921).
Game Durations: N=140, mean=29.9 (+/-2.476889).
P1: N=70, mean=30.157143 (+/-3.470432).
P2: N=70, mean=29.642857 (+/-3.559).

Agent 2 (SHUCT)
Winning score (between 0 and 1) : N=140, mean=0.464286 (+/-0.081709).
P1: N=70, mean=0.578571 (+/-0.113921).
P2: N=70, mean=0.35 (+/-0.111655).
Game Durations: N=140, mean=29.9 (+/-2.476889).
P1: N=70, mean=29.642857 (+/-3.559).
P2: N=70, mean=30.157143 (+/-3.470432).
=====================================================
=====================================================
Completed 150 games.

Agent 1 (Example UCT)
Winning score (between 0 and 1) : N=150, mean=0.546667 (+/-0.07885).
P1: N=75, mean=0.673333 (+/-0.106043).
P2: N=75, mean=0.42 (+/-0.11012).
Game Durations: N=150, mean=29.66 (+/-2.382651).
P1: N=75, mean=30.146667 (+/-3.360053).
P2: N=75, mean=29.173333 (+/-3.398087).

Agent 2 (SHUCT)
Winning score (between 0 and 1) : N=150, mean=0.453333 (+/-0.07885).
P1: N=75, mean=0.58 (+/-0.11012).
P2: N=75, mean=0.326667 (+/-0.106043).
Game Durations: N=150, mean=29.66 (+/-2.382651).
P1: N=75, mean=29.173333 (+/-3.398087).
P2: N=75, mean=30.146667 (+/-3.360053).
=====================================================
