Warming up...
Finished warming up!
=====================================================
Completed 1 games.

Agent 1 (Example UCT)
Winning score (between 0 and 1) : N=1, mean=0.5 (+/-0).
P1: N=1, mean=0.5 (+/-0).
P2: N=0, mean=0 (+/-0).
Game Durations: N=1, mean=63 (+/-0).
P1: N=1, mean=63 (+/-0).
P2: N=0, mean=0 (+/-0).

Agent 2 (SHUCT)
Winning score (between 0 and 1) : N=1, mean=0.5 (+/-0).
P1: N=0, mean=0 (+/-0).
P2: N=1, mean=0.5 (+/-0).
Game Durations: N=1, mean=63 (+/-0).
P1: N=0, mean=0 (+/-0).
P2: N=1, mean=63 (+/-0).
=====================================================
=====================================================
Completed 2 games.

Agent 1 (Example UCT)
Winning score (between 0 and 1) : N=2, mean=0.25 (+/-0.48999).
P1: N=1, mean=0.5 (+/-0).
P2: N=1, mean=0 (+/-0).
Game Durations: N=2, mean=45 (+/-35.27928).
P1: N=1, mean=63 (+/-0).
P2: N=1, mean=27 (+/-0).

Agent 2 (SHUCT)
Winning score (between 0 and 1) : N=2, mean=0.75 (+/-0.48999).
P1: N=1, mean=1 (+/-0).
P2: N=1, mean=0.5 (+/-0).
Game Durations: N=2, mean=45 (+/-35.27928).
P1: N=1, mean=27 (+/-0).
P2: N=1, mean=63 (+/-0).
=====================================================
=====================================================
Completed 3 games.

Agent 1 (Example UCT)
Winning score (between 0 and 1) : N=3, mean=0.5 (+/-0.565792).
P1: N=2, mean=0.75 (+/-0.48999).
P2: N=1, mean=0 (+/-0).
Game Durations: N=3, mean=49.333333 (+/-22.068295).
P1: N=2, mean=60.5 (+/-4.8999).
P2: N=1, mean=27 (+/-0).

Agent 2 (SHUCT)
Winning score (between 0 and 1) : N=3, mean=0.5 (+/-0.565792).
P1: N=1, mean=1 (+/-0).
P2: N=2, mean=0.25 (+/-0.48999).
Game Durations: N=3, mean=49.333333 (+/-22.068295).
P1: N=1, mean=27 (+/-0).
P2: N=2, mean=60.5 (+/-4.8999).
=====================================================
=====================================================
Completed 4 games.

Agent 1 (Example UCT)
Winning score (between 0 and 1) : N=4, mean=0.625 (+/-0.46913).
P1: N=2, mean=0.75 (+/-0.48999).
P2: N=2, mean=0.5 (+/-0.97998).
Game Durations: N=4, mean=41.5 (+/-21.891095).
P1: N=2, mean=60.5 (+/-4.8999).
P2: N=2, mean=22.5 (+/-8.81982).

Agent 2 (SHUCT)
Winning score (between 0 and 1) : N=4, mean=0.375 (+/-0.46913).
P1: N=2, mean=0.5 (+/-0.97998).
P2: N=2, mean=0.25 (+/-0.48999).
Game Durations: N=4, mean=41.5 (+/-21.891095).
P1: N=2, mean=22.5 (+/-8.81982).
P2: N=2, mean=60.5 (+/-4.8999).
=====================================================
=====================================================
Completed 5 games.

Agent 1 (Example UCT)
Winning score (between 0 and 1) : N=5, mean=0.6 (+/-0.366675).
P1: N=3, mean=0.666667 (+/-0.32666).
P2: N=2, mean=0.5 (+/-0.97998).
Game Durations: N=5, mean=45.8 (+/-18.935689).
P1: N=3, mean=61.333333 (+/-3.2666).
P2: N=2, mean=22.5 (+/-8.81982).

Agent 2 (SHUCT)
Winning score (between 0 and 1) : N=5, mean=0.4 (+/-0.366675).
P1: N=2, mean=0.5 (+/-0.97998).
P2: N=3, mean=0.333333 (+/-0.32666).
Game Durations: N=5, mean=45.8 (+/-18.935689).
P1: N=2, mean=22.5 (+/-8.81982).
P2: N=3, mean=61.333333 (+/-3.2666).
=====================================================
=====================================================
Completed 10 games.

Agent 1 (Example UCT)
Winning score (between 0 and 1) : N=10, mean=0.5 (+/-0.292174).
P1: N=5, mean=0.6 (+/-0.366675).
P2: N=5, mean=0.4 (+/-0.48009).
Game Durations: N=10, mean=43.5 (+/-13.096581).
P1: N=5, mean=43.4 (+/-21.865636).
P2: N=5, mean=43.6 (+/-17.138166).

Agent 2 (SHUCT)
Winning score (between 0 and 1) : N=10, mean=0.5 (+/-0.292174).
P1: N=5, mean=0.6 (+/-0.48009).
P2: N=5, mean=0.4 (+/-0.366675).
Game Durations: N=10, mean=43.5 (+/-13.096581).
P1: N=5, mean=43.6 (+/-17.138166).
P2: N=5, mean=43.4 (+/-21.865636).
=====================================================
=====================================================
Completed 20 games.

Agent 1 (Example UCT)
Winning score (between 0 and 1) : N=20, mean=0.4 (+/-0.208492).
P1: N=10, mean=0.5 (+/-0.292174).
P2: N=10, mean=0.3 (+/-0.299389).
Game Durations: N=20, mean=33.55 (+/-8.290416).
P1: N=10, mean=36.5 (+/-11.77155).
P2: N=10, mean=30.6 (+/-12.008299).

Agent 2 (SHUCT)
Winning score (between 0 and 1) : N=20, mean=0.6 (+/-0.208492).
P1: N=10, mean=0.7 (+/-0.299389).
P2: N=10, mean=0.5 (+/-0.292174).
Game Durations: N=20, mean=33.55 (+/-8.290416).
P1: N=10, mean=30.6 (+/-12.008299).
P2: N=10, mean=36.5 (+/-11.77155).
=====================================================
=====================================================
Completed 30 games.

Agent 1 (Example UCT)
Winning score (between 0 and 1) : N=30, mean=0.466667 (+/-0.175388).
P1: N=15, mean=0.6 (+/-0.238132).
P2: N=15, mean=0.333333 (+/-0.246932).
Game Durations: N=30, mean=29.466667 (+/-6.185625).
P1: N=15, mean=30.466667 (+/-9.090711).
P2: N=15, mean=28.466667 (+/-8.67894).

Agent 2 (SHUCT)
Winning score (between 0 and 1) : N=30, mean=0.533333 (+/-0.175388).
P1: N=15, mean=0.666667 (+/-0.246932).
P2: N=15, mean=0.4 (+/-0.238132).
Game Durations: N=30, mean=29.466667 (+/-6.185625).
P1: N=15, mean=28.466667 (+/-8.67894).
P2: N=15, mean=30.466667 (+/-9.090711).
=====================================================
=====================================================
Completed 40 games.

Agent 1 (Example UCT)
Winning score (between 0 and 1) : N=40, mean=0.5 (+/-0.152949).
P1: N=20, mean=0.65 (+/-0.202341).
P2: N=20, mean=0.35 (+/-0.214467).
Game Durations: N=40, mean=29.05 (+/-5.198822).
P1: N=20, mean=29.3 (+/-7.856714).
P2: N=20, mean=28.8 (+/-7.014472).

Agent 2 (SHUCT)
Winning score (between 0 and 1) : N=40, mean=0.5 (+/-0.152949).
P1: N=20, mean=0.65 (+/-0.214467).
P2: N=20, mean=0.35 (+/-0.202341).
Game Durations: N=40, mean=29.05 (+/-5.198822).
P1: N=20, mean=28.8 (+/-7.014472).
P2: N=20, mean=29.3 (+/-7.856714).
=====================================================
=====================================================
Completed 50 games.

Agent 1 (Example UCT)
Winning score (between 0 and 1) : N=50, mean=0.5 (+/-0.137169).
P1: N=25, mean=0.6 (+/-0.187652).
P2: N=25, mean=0.4 (+/-0.195996).
Game Durations: N=50, mean=27.68 (+/-4.309162).
P1: N=25, mean=28.08 (+/-6.530835).
P2: N=25, mean=27.28 (+/-5.754989).

Agent 2 (SHUCT)
Winning score (between 0 and 1) : N=50, mean=0.5 (+/-0.137169).
P1: N=25, mean=0.6 (+/-0.195996).
P2: N=25, mean=0.4 (+/-0.187652).
Game Durations: N=50, mean=27.68 (+/-4.309162).
P1: N=25, mean=27.28 (+/-5.754989).
P2: N=25, mean=28.08 (+/-6.530835).
=====================================================
=====================================================
Completed 60 games.

Agent 1 (Example UCT)
Winning score (between 0 and 1) : N=60, mean=0.533333 (+/-0.125149).
P1: N=30, mean=0.666667 (+/-0.165011).
P2: N=30, mean=0.4 (+/-0.178301).
Game Durations: N=60, mean=27.766667 (+/-3.784815).
P1: N=30, mean=28.5 (+/-5.778951).
P2: N=30, mean=27.033333 (+/-4.974783).

Agent 2 (SHUCT)
Winning score (between 0 and 1) : N=60, mean=0.466667 (+/-0.125149).
P1: N=30, mean=0.6 (+/-0.178301).
P2: N=30, mean=0.333333 (+/-0.165011).
Game Durations: N=60, mean=27.766667 (+/-3.784815).
P1: N=30, mean=27.033333 (+/-4.974783).
P2: N=30, mean=28.5 (+/-5.778951).
=====================================================
=====================================================
Completed 70 games.

Agent 1 (Example UCT)
Winning score (between 0 and 1) : N=70, mean=0.514286 (+/-0.116229).
P1: N=35, mean=0.657143 (+/-0.154408).
P2: N=35, mean=0.371429 (+/-0.162414).
Game Durations: N=70, mean=29.114286 (+/-3.666325).
P1: N=35, mean=29.228571 (+/-5.434266).
P2: N=35, mean=29 (+/-5.002425).

Agent 2 (SHUCT)
Winning score (between 0 and 1) : N=70, mean=0.485714 (+/-0.116229).
P1: N=35, mean=0.628571 (+/-0.162414).
P2: N=35, mean=0.342857 (+/-0.154408).
Game Durations: N=70, mean=29.114286 (+/-3.666325).
P1: N=35, mean=29 (+/-5.002425).
P2: N=35, mean=29.228571 (+/-5.434266).
=====================================================
=====================================================
Completed 80 games.

Agent 1 (Example UCT)
Winning score (between 0 and 1) : N=80, mean=0.5375 (+/-0.108555).
P1: N=40, mean=0.675 (+/-0.142748).
P2: N=40, mean=0.4 (+/-0.153752).
Game Durations: N=80, mean=29.3 (+/-3.462015).
P1: N=40, mean=29.925 (+/-5.279867).
P2: N=40, mean=28.675 (+/-4.539039).

Agent 2 (SHUCT)
Winning score (between 0 and 1) : N=80, mean=0.4625 (+/-0.108555).
P1: N=40, mean=0.6 (+/-0.153752).
P2: N=40, mean=0.325 (+/-0.142748).
Game Durations: N=80, mean=29.3 (+/-3.462015).
P1: N=40, mean=28.675 (+/-4.539039).
P2: N=40, mean=29.925 (+/-5.279867).
=====================================================
=====================================================
Completed 90 games.

Agent 1 (Example UCT)
Winning score (between 0 and 1) : N=90, mean=0.533333 (+/-0.102483).
P1: N=45, mean=0.666667 (+/-0.135761).
P2: N=45, mean=0.4 (+/-0.144753).
Game Durations: N=90, mean=29.266667 (+/-3.27771).
P1: N=45, mean=29.666667 (+/-4.942674).
P2: N=45, mean=28.866667 (+/-4.359345).

Agent 2 (SHUCT)
Winning score (between 0 and 1) : N=90, mean=0.466667 (+/-0.102483).
P1: N=45, mean=0.6 (+/-0.144753).
P2: N=45, mean=0.333333 (+/-0.135761).
Game Durations: N=90, mean=29.266667 (+/-3.27771).
P1: N=45, mean=28.866667 (+/-4.359345).
P2: N=45, mean=29.666667 (+/-4.942674).
=====================================================
=====================================================
Completed 100 games.

Agent 1 (Example UCT)
Winning score (between 0 and 1) : N=100, mean=0.49 (+/-0.097482).
P1: N=50, mean=0.62 (+/-0.13299).
P2: N=50, mean=0.36 (+/-0.134397).
Game Durations: N=100, mean=28.7 (+/-3.028103).
P1: N=50, mean=29.36 (+/-4.521976).
P2: N=50, mean=28.04 (+/-4.066365).

Agent 2 (SHUCT)
Winning score (between 0 and 1) : N=100, mean=0.51 (+/-0.097482).
P1: N=50, mean=0.64 (+/-0.134397).
P2: N=50, mean=0.38 (+/-0.13299).
Game Durations: N=100, mean=28.7 (+/-3.028103).
P1: N=50, mean=28.04 (+/-4.066365).
P2: N=50, mean=29.36 (+/-4.521976).
=====================================================
=====================================================
Completed 110 games.

Agent 1 (Example UCT)
Winning score (between 0 and 1) : N=110, mean=0.490909 (+/-0.092992).
P1: N=55, mean=0.618182 (+/-0.12706).
P2: N=55, mean=0.363636 (+/-0.128303).
Game Durations: N=110, mean=29.154545 (+/-2.919209).
P1: N=55, mean=30.163636 (+/-4.396972).
P2: N=55, mean=28.145455 (+/-3.863225).

Agent 2 (SHUCT)
Winning score (between 0 and 1) : N=110, mean=0.509091 (+/-0.092992).
P1: N=55, mean=0.636364 (+/-0.128303).
P2: N=55, mean=0.381818 (+/-0.12706).
Game Durations: N=110, mean=29.154545 (+/-2.919209).
P1: N=55, mean=28.145455 (+/-3.863225).
P2: N=55, mean=30.163636 (+/-4.396972).
=====================================================
=====================================================
Completed 120 games.

Agent 1 (Example UCT)
Winning score (between 0 and 1) : N=120, mean=0.4875 (+/-0.088676).
P1: N=60, mean=0.633333 (+/-0.120736).
P2: N=60, mean=0.341667 (+/-0.119891).
Game Durations: N=120, mean=29.608333 (+/-2.803387).
P1: N=60, mean=30.483333 (+/-4.060117).
P2: N=60, mean=28.733333 (+/-3.888196).

Agent 2 (SHUCT)
Winning score (between 0 and 1) : N=120, mean=0.5125 (+/-0.088676).
P1: N=60, mean=0.658333 (+/-0.119891).
P2: N=60, mean=0.366667 (+/-0.120736).
Game Durations: N=120, mean=29.608333 (+/-2.803387).
P1: N=60, mean=28.733333 (+/-3.888196).
P2: N=60, mean=30.483333 (+/-4.060117).
=====================================================
=====================================================
Completed 130 games.

Agent 1 (Example UCT)
Winning score (between 0 and 1) : N=130, mean=0.480769 (+/-0.085216).
P1: N=65, mean=0.6 (+/-0.118083).
P2: N=65, mean=0.361538 (+/-0.116722).
Game Durations: N=130, mean=30 (+/-2.697588).
P1: N=65, mean=30.030769 (+/-3.80103).
P2: N=65, mean=29.969231 (+/-3.858417).

Agent 2 (SHUCT)
Winning score (between 0 and 1) : N=130, mean=0.519231 (+/-0.085216).
P1: N=65, mean=0.638462 (+/-0.116722).
P2: N=65, mean=0.4 (+/-0.118083).
Game Durations: N=130, mean=30 (+/-2.697588).
P1: N=65, mean=29.969231 (+/-3.858417).
P2: N=65, mean=30.030769 (+/-3.80103).
=====================================================
=====================================================
Completed 140 games.

Agent 1 (Example UCT)
Winning score (between 0 and 1) : N=140, mean=0.489286 (+/-0.082206).
P1: N=70, mean=0.614286 (+/-0.113108).
P2: N=70, mean=0.364286 (+/-0.112668).
Game Durations: N=140, mean=29.85 (+/-2.617518).
P1: N=70, mean=29.2 (+/-3.617419).
P2: N=70, mean=30.5 (+/-3.804133).

Agent 2 (SHUCT)
Winning score (between 0 and 1) : N=140, mean=0.510714 (+/-0.082206).
P1: N=70, mean=0.635714 (+/-0.112668).
P2: N=70, mean=0.385714 (+/-0.113108).
Game Durations: N=140, mean=29.85 (+/-2.617518).
P1: N=70, mean=30.5 (+/-3.804133).
P2: N=70, mean=29.2 (+/-3.617419).
=====================================================
=====================================================
Completed 150 games.

Agent 1 (Example UCT)
Winning score (between 0 and 1) : N=150, mean=0.503333 (+/-0.079474).
P1: N=75, mean=0.626667 (+/-0.108623).
P2: N=75, mean=0.38 (+/-0.109806).
Game Durations: N=150, mean=29.246667 (+/-2.481942).
P1: N=75, mean=28.533333 (+/-3.428294).
P2: N=75, mean=29.96 (+/-3.605635).

Agent 2 (SHUCT)
Winning score (between 0 and 1) : N=150, mean=0.496667 (+/-0.079474).
P1: N=75, mean=0.62 (+/-0.109806).
P2: N=75, mean=0.373333 (+/-0.108623).
Game Durations: N=150, mean=29.246667 (+/-2.481942).
P1: N=75, mean=29.96 (+/-3.605635).
P2: N=75, mean=28.533333 (+/-3.428294).
=====================================================
