Warming up...
Finished warming up!
=====================================================
Completed 1 games.

Agent 1 (Example UCT)
Winning score (between 0 and 1) : N=1, mean=0 (+/-0).
P1: N=0, mean=0 (+/-0).
P2: N=1, mean=0 (+/-0).
Game Durations: N=1, mean=9 (+/-0).
P1: N=0, mean=0 (+/-0).
P2: N=1, mean=9 (+/-0).

Agent 2 (SHUCT)
Winning score (between 0 and 1) : N=1, mean=1 (+/-0).
P1: N=1, mean=1 (+/-0).
P2: N=0, mean=0 (+/-0).
Game Durations: N=1, mean=9 (+/-0).
P1: N=1, mean=9 (+/-0).
P2: N=0, mean=0 (+/-0).
=====================================================
=====================================================
Completed 2 games.

Agent 1 (Example UCT)
Winning score (between 0 and 1) : N=2, mean=0.5 (+/-0.97998).
P1: N=1, mean=1 (+/-0).
P2: N=1, mean=0 (+/-0).
Game Durations: N=2, mean=11 (+/-3.91992).
P1: N=1, mean=13 (+/-0).
P2: N=1, mean=9 (+/-0).

Agent 2 (SHUCT)
Winning score (between 0 and 1) : N=2, mean=0.5 (+/-0.97998).
P1: N=1, mean=1 (+/-0).
P2: N=1, mean=0 (+/-0).
Game Durations: N=2, mean=11 (+/-3.91992).
P1: N=1, mean=9 (+/-0).
P2: N=1, mean=13 (+/-0).
=====================================================
=====================================================
Completed 3 games.

Agent 1 (Example UCT)
Winning score (between 0 and 1) : N=3, mean=0.333333 (+/-0.65332).
P1: N=1, mean=1 (+/-0).
P2: N=2, mean=0 (+/-0).
Game Durations: N=3, mean=10.333333 (+/-2.61328).
P1: N=1, mean=13 (+/-0).
P2: N=2, mean=9 (+/-0).

Agent 2 (SHUCT)
Winning score (between 0 and 1) : N=3, mean=0.666667 (+/-0.65332).
P1: N=2, mean=1 (+/-0).
P2: N=1, mean=0 (+/-0).
Game Durations: N=3, mean=10.333333 (+/-2.61328).
P1: N=2, mean=9 (+/-0).
P2: N=1, mean=13 (+/-0).
=====================================================
=====================================================
Completed 4 games.

Agent 1 (Example UCT)
Winning score (between 0 and 1) : N=4, mean=0.5 (+/-0.565792).
P1: N=2, mean=1 (+/-0).
P2: N=2, mean=0 (+/-0).
Game Durations: N=4, mean=14 (+/-7.420289).
P1: N=2, mean=19 (+/-11.75976).
P2: N=2, mean=9 (+/-0).

Agent 2 (SHUCT)
Winning score (between 0 and 1) : N=4, mean=0.5 (+/-0.565792).
P1: N=2, mean=1 (+/-0).
P2: N=2, mean=0 (+/-0).
Game Durations: N=4, mean=14 (+/-7.420289).
P1: N=2, mean=9 (+/-0).
P2: N=2, mean=19 (+/-11.75976).
=====================================================
=====================================================
Completed 5 games.

Agent 1 (Example UCT)
Winning score (between 0 and 1) : N=5, mean=0.6 (+/-0.48009).
P1: N=2, mean=1 (+/-0).
P2: N=3, mean=0.333333 (+/-0.65332).
Game Durations: N=5, mean=12.8 (+/-6.210321).
P1: N=2, mean=19 (+/-11.75976).
P2: N=3, mean=8.666667 (+/-0.65332).

Agent 2 (SHUCT)
Winning score (between 0 and 1) : N=5, mean=0.4 (+/-0.48009).
P1: N=3, mean=0.666667 (+/-0.65332).
P2: N=2, mean=0 (+/-0).
Game Durations: N=5, mean=12.8 (+/-6.210321).
P1: N=3, mean=8.666667 (+/-0.65332).
P2: N=2, mean=19 (+/-11.75976).
=====================================================
=====================================================
Completed 10 games.

Agent 1 (Example UCT)
Winning score (between 0 and 1) : N=10, mean=0.7 (+/-0.299389).
P1: N=5, mean=1 (+/-0).
P2: N=5, mean=0.4 (+/-0.48009).
Game Durations: N=10, mean=15.8 (+/-4.939376).
P1: N=5, mean=19.4 (+/-8.166239).
P2: N=5, mean=12.2 (+/-4.267135).

Agent 2 (SHUCT)
Winning score (between 0 and 1) : N=10, mean=0.3 (+/-0.299389).
P1: N=5, mean=0.6 (+/-0.48009).
P2: N=5, mean=0 (+/-0).
Game Durations: N=10, mean=15.8 (+/-4.939376).
P1: N=5, mean=12.2 (+/-4.267135).
P2: N=5, mean=19.4 (+/-8.166239).
=====================================================
=====================================================
Completed 20 games.

Agent 1 (Example UCT)
Winning score (between 0 and 1) : N=20, mean=0.5 (+/-0.224823).
P1: N=10, mean=0.6 (+/-0.32006).
P2: N=10, mean=0.4 (+/-0.32006).
Game Durations: N=20, mean=16.9 (+/-4.331327).
P1: N=10, mean=18.2 (+/-5.775881).
P2: N=10, mean=15.6 (+/-6.663864).

Agent 2 (SHUCT)
Winning score (between 0 and 1) : N=20, mean=0.5 (+/-0.224823).
P1: N=10, mean=0.6 (+/-0.32006).
P2: N=10, mean=0.4 (+/-0.32006).
Game Durations: N=20, mean=16.9 (+/-4.331327).
P1: N=10, mean=15.6 (+/-6.663864).
P2: N=10, mean=18.2 (+/-5.775881).
=====================================================
=====================================================
Completed 30 games.

Agent 1 (Example UCT)
Winning score (between 0 and 1) : N=30, mean=0.533333 (+/-0.181573).
P1: N=15, mean=0.666667 (+/-0.246932).
P2: N=15, mean=0.4 (+/-0.256619).
Game Durations: N=30, mean=16.9 (+/-3.213474).
P1: N=15, mean=16.133333 (+/-4.246365).
P2: N=15, mean=17.666667 (+/-4.942338).

Agent 2 (SHUCT)
Winning score (between 0 and 1) : N=30, mean=0.466667 (+/-0.181573).
P1: N=15, mean=0.6 (+/-0.256619).
P2: N=15, mean=0.333333 (+/-0.246932).
Game Durations: N=30, mean=16.9 (+/-3.213474).
P1: N=15, mean=17.666667 (+/-4.942338).
P2: N=15, mean=16.133333 (+/-4.246365).
=====================================================
=====================================================
Completed 40 games.

Agent 1 (Example UCT)
Winning score (between 0 and 1) : N=40, mean=0.575 (+/-0.155147).
P1: N=20, mean=0.7 (+/-0.206054).
P2: N=20, mean=0.45 (+/-0.223696).
Game Durations: N=40, mean=17.675 (+/-2.685517).
P1: N=20, mean=16.7 (+/-3.430593).
P2: N=20, mean=18.65 (+/-4.177774).

Agent 2 (SHUCT)
Winning score (between 0 and 1) : N=40, mean=0.425 (+/-0.155147).
P1: N=20, mean=0.55 (+/-0.223696).
P2: N=20, mean=0.3 (+/-0.206054).
Game Durations: N=40, mean=17.675 (+/-2.685517).
P1: N=20, mean=18.65 (+/-4.177774).
P2: N=20, mean=16.7 (+/-3.430593).
=====================================================
=====================================================
Completed 50 games.

Agent 1 (Example UCT)
Winning score (between 0 and 1) : N=50, mean=0.58 (+/-0.138194).
P1: N=25, mean=0.72 (+/-0.179633).
P2: N=25, mean=0.44 (+/-0.198592).
Game Durations: N=50, mean=17.84 (+/-2.406883).
P1: N=25, mean=17.92 (+/-3.293122).
P2: N=25, mean=17.76 (+/-3.578882).

Agent 2 (SHUCT)
Winning score (between 0 and 1) : N=50, mean=0.42 (+/-0.138194).
P1: N=25, mean=0.56 (+/-0.198592).
P2: N=25, mean=0.28 (+/-0.179633).
Game Durations: N=50, mean=17.84 (+/-2.406883).
P1: N=25, mean=17.76 (+/-3.578882).
P2: N=25, mean=17.92 (+/-3.293122).
=====================================================
=====================================================
Completed 60 games.

Agent 1 (Example UCT)
Winning score (between 0 and 1) : N=60, mean=0.6 (+/-0.125005).
P1: N=30, mean=0.733333 (+/-0.160947).
P2: N=30, mean=0.466667 (+/-0.181573).
Game Durations: N=60, mean=18.3 (+/-2.112535).
P1: N=30, mean=18.2 (+/-2.954398).
P2: N=30, mean=18.4 (+/-3.070484).

Agent 2 (SHUCT)
Winning score (between 0 and 1) : N=60, mean=0.4 (+/-0.125005).
P1: N=30, mean=0.533333 (+/-0.181573).
P2: N=30, mean=0.266667 (+/-0.160947).
Game Durations: N=60, mean=18.3 (+/-2.112535).
P1: N=30, mean=18.4 (+/-3.070484).
P2: N=30, mean=18.2 (+/-2.954398).
=====================================================
=====================================================
Completed 70 games.

Agent 1 (Example UCT)
Winning score (between 0 and 1) : N=70, mean=0.6 (+/-0.115592).
P1: N=35, mean=0.742857 (+/-0.146909).
P2: N=35, mean=0.457143 (+/-0.167447).
Game Durations: N=70, mean=18.842857 (+/-2.093628).
P1: N=35, mean=18.685714 (+/-2.624366).
P2: N=35, mean=19 (+/-3.301224).

Agent 2 (SHUCT)
Winning score (between 0 and 1) : N=70, mean=0.4 (+/-0.115592).
P1: N=35, mean=0.542857 (+/-0.167447).
P2: N=35, mean=0.257143 (+/-0.146909).
Game Durations: N=70, mean=18.842857 (+/-2.093628).
P1: N=35, mean=19 (+/-3.301224).
P2: N=35, mean=18.685714 (+/-2.624366).
=====================================================
=====================================================
Completed 80 games.

Agent 1 (Example UCT)
Winning score (between 0 and 1) : N=80, mean=0.5875 (+/-0.108555).
P1: N=40, mean=0.725 (+/-0.140136).
P2: N=40, mean=0.45 (+/-0.156136).
Game Durations: N=80, mean=18.6875 (+/-1.899674).
P1: N=40, mean=18.475 (+/-2.433044).
P2: N=40, mean=18.9 (+/-2.948137).

Agent 2 (SHUCT)
Winning score (between 0 and 1) : N=80, mean=0.4125 (+/-0.108555).
P1: N=40, mean=0.55 (+/-0.156136).
P2: N=40, mean=0.275 (+/-0.140136).
Game Durations: N=80, mean=18.6875 (+/-1.899674).
P1: N=40, mean=18.9 (+/-2.948137).
P2: N=40, mean=18.475 (+/-2.433044).
=====================================================
=====================================================
Completed 90 games.

Agent 1 (Example UCT)
Winning score (between 0 and 1) : N=90, mean=0.577778 (+/-0.102613).
P1: N=45, mean=0.688889 (+/-0.13679).
P2: N=45, mean=0.466667 (+/-0.147409).
Game Durations: N=90, mean=18.7 (+/-1.718072).
P1: N=45, mean=18.377778 (+/-2.204357).
P2: N=45, mean=19.022222 (+/-2.657808).

Agent 2 (SHUCT)
Winning score (between 0 and 1) : N=90, mean=0.422222 (+/-0.102613).
P1: N=45, mean=0.533333 (+/-0.147409).
P2: N=45, mean=0.311111 (+/-0.13679).
Game Durations: N=90, mean=18.7 (+/-1.718072).
P1: N=45, mean=19.022222 (+/-2.657808).
P2: N=45, mean=18.377778 (+/-2.204357).
=====================================================
=====================================================
Completed 100 games.

Agent 1 (Example UCT)
Winning score (between 0 and 1) : N=100, mean=0.57 (+/-0.097522).
P1: N=50, mean=0.7 (+/-0.12831).
P2: N=50, mean=0.44 (+/-0.138986).
Game Durations: N=100, mean=18.87 (+/-1.569861).
P1: N=50, mean=18.46 (+/-2.016122).
P2: N=50, mean=19.28 (+/-2.42226).

Agent 2 (SHUCT)
Winning score (between 0 and 1) : N=100, mean=0.43 (+/-0.097522).
P1: N=50, mean=0.56 (+/-0.138986).
P2: N=50, mean=0.3 (+/-0.12831).
Game Durations: N=100, mean=18.87 (+/-1.569861).
P1: N=50, mean=19.28 (+/-2.42226).
P2: N=50, mean=18.46 (+/-2.016122).
=====================================================
=====================================================
Completed 110 games.

Agent 1 (Example UCT)
Winning score (between 0 and 1) : N=110, mean=0.554545 (+/-0.093305).
P1: N=55, mean=0.672727 (+/-0.125148).
P2: N=55, mean=0.436364 (+/-0.132274).
Game Durations: N=110, mean=18.763636 (+/-1.455016).
P1: N=55, mean=18.563636 (+/-1.890605).
P2: N=55, mean=18.963636 (+/-2.228592).

Agent 2 (SHUCT)
Winning score (between 0 and 1) : N=110, mean=0.445455 (+/-0.093305).
P1: N=55, mean=0.563636 (+/-0.132274).
P2: N=55, mean=0.327273 (+/-0.125148).
Game Durations: N=110, mean=18.763636 (+/-1.455016).
P1: N=55, mean=18.963636 (+/-2.228592).
P2: N=55, mean=18.563636 (+/-1.890605).
=====================================================
=====================================================
Completed 120 games.

Agent 1 (Example UCT)
Winning score (between 0 and 1) : N=120, mean=0.525 (+/-0.089722).
P1: N=60, mean=0.616667 (+/-0.124061).
P2: N=60, mean=0.433333 (+/-0.126443).
Game Durations: N=120, mean=19.333333 (+/-1.572377).
P1: N=60, mean=19.466667 (+/-2.287237).
P2: N=60, mean=19.2 (+/-2.177043).

Agent 2 (SHUCT)
Winning score (between 0 and 1) : N=120, mean=0.475 (+/-0.089722).
P1: N=60, mean=0.566667 (+/-0.126443).
P2: N=60, mean=0.383333 (+/-0.124061).
Game Durations: N=120, mean=19.333333 (+/-1.572377).
P1: N=60, mean=19.2 (+/-2.177043).
P2: N=60, mean=19.466667 (+/-2.287237).
=====================================================
=====================================================
Completed 130 games.

Agent 1 (Example UCT)
Winning score (between 0 and 1) : N=130, mean=0.523077 (+/-0.08619).
P1: N=65, mean=0.630769 (+/-0.118234).
P2: N=65, mean=0.415385 (+/-0.120731).
Game Durations: N=130, mean=19.646154 (+/-1.564672).
P1: N=65, mean=19.753846 (+/-2.253229).
P2: N=65, mean=19.538462 (+/-2.188804).

Agent 2 (SHUCT)
Winning score (between 0 and 1) : N=130, mean=0.476923 (+/-0.08619).
P1: N=65, mean=0.584615 (+/-0.120731).
P2: N=65, mean=0.369231 (+/-0.118234).
Game Durations: N=130, mean=19.646154 (+/-1.564672).
P1: N=65, mean=19.538462 (+/-2.188804).
P2: N=65, mean=19.753846 (+/-2.253229).
=====================================================
=====================================================
Completed 140 games.

Agent 1 (Example UCT)
Winning score (between 0 and 1) : N=140, mean=0.528571 (+/-0.082985).
P1: N=70, mean=0.614286 (+/-0.114853).
P2: N=70, mean=0.442857 (+/-0.117203).
Game Durations: N=140, mean=19.65 (+/-1.539217).
P1: N=70, mean=20.2 (+/-2.278786).
P2: N=70, mean=19.1 (+/-2.078191).

Agent 2 (SHUCT)
Winning score (between 0 and 1) : N=140, mean=0.471429 (+/-0.082985).
P1: N=70, mean=0.557143 (+/-0.117203).
P2: N=70, mean=0.385714 (+/-0.114853).
Game Durations: N=140, mean=19.65 (+/-1.539217).
P1: N=70, mean=19.1 (+/-2.078191).
P2: N=70, mean=20.2 (+/-2.278786).
=====================================================
=====================================================
Completed 150 games.

Agent 1 (Example UCT)
Winning score (between 0 and 1) : N=150, mean=0.54 (+/-0.080026).
P1: N=75, mean=0.626667 (+/-0.110204).
P2: N=75, mean=0.453333 (+/-0.113423).
Game Durations: N=150, mean=19.7 (+/-1.468076).
P1: N=75, mean=20.026667 (+/-2.150241).
P2: N=75, mean=19.373333 (+/-2.011125).

Agent 2 (SHUCT)
Winning score (between 0 and 1) : N=150, mean=0.46 (+/-0.080026).
P1: N=75, mean=0.546667 (+/-0.113423).
P2: N=75, mean=0.373333 (+/-0.110204).
Game Durations: N=150, mean=19.7 (+/-1.468076).
P1: N=75, mean=19.373333 (+/-2.011125).
P2: N=75, mean=20.026667 (+/-2.150241).
=====================================================
