Warming up...
Finished warming up!
=====================================================
Completed 1 games.

Agent 1 (Example UCT)
Winning score (between 0 and 1) : N=1, mean=1 (+/-0).
P1: N=0, mean=0 (+/-0).
P2: N=1, mean=1 (+/-0).
Game Durations: N=1, mean=46 (+/-0).
P1: N=0, mean=0 (+/-0).
P2: N=1, mean=46 (+/-0).

Agent 2 (SHUCT)
Winning score (between 0 and 1) : N=1, mean=0 (+/-0).
P1: N=1, mean=0 (+/-0).
P2: N=0, mean=0 (+/-0).
Game Durations: N=1, mean=46 (+/-0).
P1: N=1, mean=46 (+/-0).
P2: N=0, mean=0 (+/-0).
=====================================================
=====================================================
Completed 2 games.

Agent 1 (Example UCT)
Winning score (between 0 and 1) : N=2, mean=0.5 (+/-0.97998).
P1: N=1, mean=0 (+/-0).
P2: N=1, mean=1 (+/-0).
Game Durations: N=2, mean=52.5 (+/-12.73974).
P1: N=1, mean=59 (+/-0).
P2: N=1, mean=46 (+/-0).

Agent 2 (SHUCT)
Winning score (between 0 and 1) : N=2, mean=0.5 (+/-0.97998).
P1: N=1, mean=0 (+/-0).
P2: N=1, mean=1 (+/-0).
Game Durations: N=2, mean=52.5 (+/-12.73974).
P1: N=1, mean=46 (+/-0).
P2: N=1, mean=59 (+/-0).
=====================================================
=====================================================
Completed 3 games.

Agent 1 (Example UCT)
Winning score (between 0 and 1) : N=3, mean=0.333333 (+/-0.65332).
P1: N=1, mean=0 (+/-0).
P2: N=2, mean=0.5 (+/-0.97998).
Game Durations: N=3, mean=42 (+/-21.854506).
P1: N=1, mean=59 (+/-0).
P2: N=2, mean=33.5 (+/-24.4995).

Agent 2 (SHUCT)
Winning score (between 0 and 1) : N=3, mean=0.666667 (+/-0.65332).
P1: N=2, mean=0.5 (+/-0.97998).
P2: N=1, mean=1 (+/-0).
Game Durations: N=3, mean=42 (+/-21.854506).
P1: N=2, mean=33.5 (+/-24.4995).
P2: N=1, mean=59 (+/-0).
=====================================================
=====================================================
Completed 4 games.

Agent 1 (Example UCT)
Winning score (between 0 and 1) : N=4, mean=0.25 (+/-0.48999).
P1: N=2, mean=0 (+/-0).
P2: N=2, mean=0.5 (+/-0.97998).
Game Durations: N=4, mean=45.75 (+/-17.112277).
P1: N=2, mean=58 (+/-1.95996).
P2: N=2, mean=33.5 (+/-24.4995).

Agent 2 (SHUCT)
Winning score (between 0 and 1) : N=4, mean=0.75 (+/-0.48999).
P1: N=2, mean=0.5 (+/-0.97998).
P2: N=2, mean=1 (+/-0).
Game Durations: N=4, mean=45.75 (+/-17.112277).
P1: N=2, mean=33.5 (+/-24.4995).
P2: N=2, mean=58 (+/-1.95996).
=====================================================
=====================================================
Completed 5 games.

Agent 1 (Example UCT)
Winning score (between 0 and 1) : N=5, mean=0.4 (+/-0.48009).
P1: N=2, mean=0 (+/-0).
P2: N=3, mean=0.666667 (+/-0.65332).
Game Durations: N=5, mean=39.8 (+/-17.654878).
P1: N=2, mean=58 (+/-1.95996).
P2: N=3, mean=27.666667 (+/-18.187659).

Agent 2 (SHUCT)
Winning score (between 0 and 1) : N=5, mean=0.6 (+/-0.48009).
P1: N=3, mean=0.333333 (+/-0.65332).
P2: N=2, mean=1 (+/-0).
Game Durations: N=5, mean=39.8 (+/-17.654878).
P1: N=3, mean=27.666667 (+/-18.187659).
P2: N=2, mean=58 (+/-1.95996).
=====================================================
=====================================================
Completed 10 games.

Agent 1 (Example UCT)
Winning score (between 0 and 1) : N=10, mean=0.4 (+/-0.32006).
P1: N=5, mean=0.4 (+/-0.48009).
P2: N=5, mean=0.4 (+/-0.48009).
Game Durations: N=10, mean=29.9 (+/-10.740907).
P1: N=5, mean=36.4 (+/-17.5041).
P2: N=5, mean=23.4 (+/-11.472046).

Agent 2 (SHUCT)
Winning score (between 0 and 1) : N=10, mean=0.6 (+/-0.32006).
P1: N=5, mean=0.6 (+/-0.48009).
P2: N=5, mean=0.6 (+/-0.48009).
Game Durations: N=10, mean=29.9 (+/-10.740907).
P1: N=5, mean=23.4 (+/-11.472046).
P2: N=5, mean=36.4 (+/-17.5041).
=====================================================
=====================================================
Completed 20 games.

Agent 1 (Example UCT)
Winning score (between 0 and 1) : N=20, mean=0.45 (+/-0.223696).
P1: N=10, mean=0.5 (+/-0.32666).
P2: N=10, mean=0.4 (+/-0.32006).
Game Durations: N=20, mean=26.15 (+/-6.172236).
P1: N=10, mean=28.7 (+/-9.903995).
P2: N=10, mean=23.6 (+/-7.563854).

Agent 2 (SHUCT)
Winning score (between 0 and 1) : N=20, mean=0.55 (+/-0.223696).
P1: N=10, mean=0.6 (+/-0.32006).
P2: N=10, mean=0.5 (+/-0.32666).
Game Durations: N=20, mean=26.15 (+/-6.172236).
P1: N=10, mean=23.6 (+/-7.563854).
P2: N=10, mean=28.7 (+/-9.903995).
=====================================================
=====================================================
Completed 30 games.

Agent 1 (Example UCT)
Winning score (between 0 and 1) : N=30, mean=0.533333 (+/-0.181573).
P1: N=15, mean=0.666667 (+/-0.246932).
P2: N=15, mean=0.4 (+/-0.256619).
Game Durations: N=30, mean=26.8 (+/-4.980031).
P1: N=15, mean=26.533333 (+/-7.232698).
P2: N=15, mean=27.066667 (+/-7.098933).

Agent 2 (SHUCT)
Winning score (between 0 and 1) : N=30, mean=0.466667 (+/-0.181573).
P1: N=15, mean=0.6 (+/-0.256619).
P2: N=15, mean=0.333333 (+/-0.246932).
Game Durations: N=30, mean=26.8 (+/-4.980031).
P1: N=15, mean=27.066667 (+/-7.098933).
P2: N=15, mean=26.533333 (+/-7.232698).
=====================================================
=====================================================
Completed 40 games.

Agent 1 (Example UCT)
Winning score (between 0 and 1) : N=40, mean=0.5625 (+/-0.153702).
P1: N=20, mean=0.725 (+/-0.194378).
P2: N=20, mean=0.4 (+/-0.22028).
Game Durations: N=40, mean=26.2 (+/-4.497517).
P1: N=20, mean=26.55 (+/-6.758871).
P2: N=20, mean=25.85 (+/-6.108027).

Agent 2 (SHUCT)
Winning score (between 0 and 1) : N=40, mean=0.4375 (+/-0.153702).
P1: N=20, mean=0.6 (+/-0.22028).
P2: N=20, mean=0.275 (+/-0.194378).
Game Durations: N=40, mean=26.2 (+/-4.497517).
P1: N=20, mean=25.85 (+/-6.108027).
P2: N=20, mean=26.55 (+/-6.758871).
=====================================================
=====================================================
Completed 50 games.

Agent 1 (Example UCT)
Winning score (between 0 and 1) : N=50, mean=0.49 (+/-0.138562).
P1: N=25, mean=0.62 (+/-0.190025).
P2: N=25, mean=0.36 (+/-0.192036).
Game Durations: N=50, mean=28.6 (+/-4.445477).
P1: N=25, mean=28.4 (+/-6.665785).
P2: N=25, mean=28.8 (+/-6.020832).

Agent 2 (SHUCT)
Winning score (between 0 and 1) : N=50, mean=0.51 (+/-0.138562).
P1: N=25, mean=0.64 (+/-0.192036).
P2: N=25, mean=0.38 (+/-0.190025).
Game Durations: N=50, mean=28.6 (+/-4.445477).
P1: N=25, mean=28.8 (+/-6.020832).
P2: N=25, mean=28.4 (+/-6.665785).
=====================================================
=====================================================
Completed 60 games.

Agent 1 (Example UCT)
Winning score (between 0 and 1) : N=60, mean=0.508333 (+/-0.126497).
P1: N=30, mean=0.616667 (+/-0.173808).
P2: N=30, mean=0.4 (+/-0.178301).
Game Durations: N=60, mean=28.433333 (+/-4.035688).
P1: N=30, mean=27.766667 (+/-5.961677).
P2: N=30, mean=29.1 (+/-5.532721).

Agent 2 (SHUCT)
Winning score (between 0 and 1) : N=60, mean=0.491667 (+/-0.126497).
P1: N=30, mean=0.6 (+/-0.178301).
P2: N=30, mean=0.383333 (+/-0.173808).
Game Durations: N=60, mean=28.433333 (+/-4.035688).
P1: N=30, mean=29.1 (+/-5.532721).
P2: N=30, mean=27.766667 (+/-5.961677).
=====================================================
=====================================================
Completed 70 games.

Agent 1 (Example UCT)
Winning score (between 0 and 1) : N=70, mean=0.485714 (+/-0.116229).
P1: N=35, mean=0.6 (+/-0.159694).
P2: N=35, mean=0.371429 (+/-0.162414).
Game Durations: N=70, mean=29.628571 (+/-3.987943).
P1: N=35, mean=29.457143 (+/-5.965637).
P2: N=35, mean=29.8 (+/-5.380966).

Agent 2 (SHUCT)
Winning score (between 0 and 1) : N=70, mean=0.514286 (+/-0.116229).
P1: N=35, mean=0.628571 (+/-0.162414).
P2: N=35, mean=0.4 (+/-0.159694).
Game Durations: N=70, mean=29.628571 (+/-3.987943).
P1: N=35, mean=29.8 (+/-5.380966).
P2: N=35, mean=29.457143 (+/-5.965637).
=====================================================
=====================================================
Completed 80 games.

Agent 1 (Example UCT)
Winning score (between 0 and 1) : N=80, mean=0.5125 (+/-0.108835).
P1: N=40, mean=0.65 (+/-0.145524).
P2: N=40, mean=0.375 (+/-0.151939).
Game Durations: N=80, mean=28.775 (+/-3.640293).
P1: N=40, mean=27.7 (+/-5.416983).
P2: N=40, mean=29.85 (+/-4.910718).

Agent 2 (SHUCT)
Winning score (between 0 and 1) : N=80, mean=0.4875 (+/-0.108835).
P1: N=40, mean=0.625 (+/-0.151939).
P2: N=40, mean=0.35 (+/-0.145524).
Game Durations: N=80, mean=28.775 (+/-3.640293).
P1: N=40, mean=29.85 (+/-4.910718).
P2: N=40, mean=27.7 (+/-5.416983).
=====================================================
=====================================================
Completed 90 games.

Agent 1 (Example UCT)
Winning score (between 0 and 1) : N=90, mean=0.516667 (+/-0.102073).
P1: N=45, mean=0.633333 (+/-0.137183).
P2: N=45, mean=0.4 (+/-0.144753).
Game Durations: N=90, mean=28.1 (+/-3.389951).
P1: N=45, mean=27.711111 (+/-5.113843).
P2: N=45, mean=28.488889 (+/-4.506841).

Agent 2 (SHUCT)
Winning score (between 0 and 1) : N=90, mean=0.483333 (+/-0.102073).
P1: N=45, mean=0.6 (+/-0.144753).
P2: N=45, mean=0.366667 (+/-0.137183).
Game Durations: N=90, mean=28.1 (+/-3.389951).
P1: N=45, mean=28.488889 (+/-4.506841).
P2: N=45, mean=27.711111 (+/-5.113843).
=====================================================
=====================================================
Completed 100 games.

Agent 1 (Example UCT)
Winning score (between 0 and 1) : N=100, mean=0.505 (+/-0.096998).
P1: N=50, mean=0.63 (+/-0.130761).
P2: N=50, mean=0.38 (+/-0.135905).
Game Durations: N=100, mean=27.36 (+/-3.107661).
P1: N=50, mean=27.2 (+/-4.660034).
P2: N=50, mean=27.52 (+/-4.159867).

Agent 2 (SHUCT)
Winning score (between 0 and 1) : N=100, mean=0.495 (+/-0.096998).
P1: N=50, mean=0.62 (+/-0.135905).
P2: N=50, mean=0.37 (+/-0.130761).
Game Durations: N=100, mean=27.36 (+/-3.107661).
P1: N=50, mean=27.52 (+/-4.159867).
P2: N=50, mean=27.2 (+/-4.660034).
=====================================================
=====================================================
Completed 110 games.

Agent 1 (Example UCT)
Winning score (between 0 and 1) : N=110, mean=0.522727 (+/-0.092478).
P1: N=55, mean=0.663636 (+/-0.122105).
P2: N=55, mean=0.381818 (+/-0.12958).
Game Durations: N=110, mean=26.872727 (+/-2.884977).
P1: N=55, mean=26.6 (+/-4.312572).
P2: N=55, mean=27.145455 (+/-3.87192).

Agent 2 (SHUCT)
Winning score (between 0 and 1) : N=110, mean=0.477273 (+/-0.092478).
P1: N=55, mean=0.618182 (+/-0.12958).
P2: N=55, mean=0.336364 (+/-0.122105).
Game Durations: N=110, mean=26.872727 (+/-2.884977).
P1: N=55, mean=27.145455 (+/-3.87192).
P2: N=55, mean=26.6 (+/-4.312572).
=====================================================
=====================================================
Completed 120 games.

Agent 1 (Example UCT)
Winning score (between 0 and 1) : N=120, mean=0.529167 (+/-0.08855).
P1: N=60, mean=0.641667 (+/-0.118982).
P2: N=60, mean=0.416667 (+/-0.125798).
Game Durations: N=120, mean=27.633333 (+/-2.792487).
P1: N=60, mean=26.55 (+/-4.080893).
P2: N=60, mean=28.716667 (+/-3.827502).

Agent 2 (SHUCT)
Winning score (between 0 and 1) : N=120, mean=0.470833 (+/-0.08855).
P1: N=60, mean=0.583333 (+/-0.125798).
P2: N=60, mean=0.358333 (+/-0.118982).
Game Durations: N=120, mean=27.633333 (+/-2.792487).
P1: N=60, mean=28.716667 (+/-3.827502).
P2: N=60, mean=26.55 (+/-4.080893).
=====================================================
=====================================================
Completed 130 games.

Agent 1 (Example UCT)
Winning score (between 0 and 1) : N=130, mean=0.523077 (+/-0.084851).
P1: N=65, mean=0.630769 (+/-0.114262).
P2: N=65, mean=0.415385 (+/-0.120731).
Game Durations: N=130, mean=28.184615 (+/-2.75088).
P1: N=65, mean=27.4 (+/-4.075332).
P2: N=65, mean=28.969231 (+/-3.71801).

Agent 2 (SHUCT)
Winning score (between 0 and 1) : N=130, mean=0.476923 (+/-0.084851).
P1: N=65, mean=0.584615 (+/-0.120731).
P2: N=65, mean=0.369231 (+/-0.114262).
Game Durations: N=130, mean=28.184615 (+/-2.75088).
P1: N=65, mean=28.969231 (+/-3.71801).
P2: N=65, mean=27.4 (+/-4.075332).
=====================================================
=====================================================
Completed 140 games.

Agent 1 (Example UCT)
Winning score (between 0 and 1) : N=140, mean=0.532143 (+/-0.081448).
P1: N=70, mean=0.642857 (+/-0.109484).
P2: N=70, mean=0.421429 (+/-0.115654).
Game Durations: N=140, mean=28.157143 (+/-2.676164).
P1: N=70, mean=26.785714 (+/-3.830622).
P2: N=70, mean=29.528571 (+/-3.737902).

Agent 2 (SHUCT)
Winning score (between 0 and 1) : N=140, mean=0.467857 (+/-0.081448).
P1: N=70, mean=0.578571 (+/-0.115654).
P2: N=70, mean=0.357143 (+/-0.109484).
Game Durations: N=140, mean=28.157143 (+/-2.676164).
P1: N=70, mean=29.528571 (+/-3.737902).
P2: N=70, mean=26.785714 (+/-3.830622).
=====================================================
=====================================================
Completed 150 games.

Agent 1 (Example UCT)
Winning score (between 0 and 1) : N=150, mean=0.516667 (+/-0.078888).
P1: N=75, mean=0.626667 (+/-0.107018).
P2: N=75, mean=0.406667 (+/-0.111142).
Game Durations: N=150, mean=28.193333 (+/-2.568905).
P1: N=75, mean=26.786667 (+/-3.644748).
P2: N=75, mean=29.6 (+/-3.617433).

Agent 2 (SHUCT)
Winning score (between 0 and 1) : N=150, mean=0.483333 (+/-0.078888).
P1: N=75, mean=0.593333 (+/-0.111142).
P2: N=75, mean=0.373333 (+/-0.107018).
Game Durations: N=150, mean=28.193333 (+/-2.568905).
P1: N=75, mean=29.6 (+/-3.617433).
P2: N=75, mean=26.786667 (+/-3.644748).
=====================================================
