Warming up...
Finished warming up!
=====================================================
Completed 1 games.

Agent 1 (UCT)
Winning score (between 0 and 1) : N=1, mean=0 (+/-0).
P1: N=0, mean=0 (+/-0).
P2: N=1, mean=0 (+/-0).
Game Durations: N=1, mean=33 (+/-0).
P1: N=0, mean=0 (+/-0).
P2: N=1, mean=33 (+/-0).

Agent 2 (SHUCT)
Winning score (between 0 and 1) : N=1, mean=1 (+/-0).
P1: N=1, mean=1 (+/-0).
P2: N=0, mean=0 (+/-0).
Game Durations: N=1, mean=33 (+/-0).
P1: N=1, mean=33 (+/-0).
P2: N=0, mean=0 (+/-0).
=====================================================
=====================================================
Completed 2 games.

Agent 1 (UCT)
Winning score (between 0 and 1) : N=2, mean=0.5 (+/-0.97998).
P1: N=1, mean=1 (+/-0).
P2: N=1, mean=0 (+/-0).
Game Durations: N=2, mean=31 (+/-3.91992).
P1: N=1, mean=29 (+/-0).
P2: N=1, mean=33 (+/-0).

Agent 2 (SHUCT)
Winning score (between 0 and 1) : N=2, mean=0.5 (+/-0.97998).
P1: N=1, mean=1 (+/-0).
P2: N=1, mean=0 (+/-0).
Game Durations: N=2, mean=31 (+/-3.91992).
P1: N=1, mean=33 (+/-0).
P2: N=1, mean=29 (+/-0).
=====================================================
=====================================================
Completed 3 games.

Agent 1 (UCT)
Winning score (between 0 and 1) : N=3, mean=0.333333 (+/-0.65332).
P1: N=1, mean=1 (+/-0).
P2: N=2, mean=0 (+/-0).
Game Durations: N=3, mean=30.333333 (+/-2.61328).
P1: N=1, mean=29 (+/-0).
P2: N=2, mean=31 (+/-3.91992).

Agent 2 (SHUCT)
Winning score (between 0 and 1) : N=3, mean=0.666667 (+/-0.65332).
P1: N=2, mean=1 (+/-0).
P2: N=1, mean=0 (+/-0).
Game Durations: N=3, mean=30.333333 (+/-2.61328).
P1: N=2, mean=31 (+/-3.91992).
P2: N=1, mean=29 (+/-0).
=====================================================
=====================================================
Completed 4 games.

Agent 1 (UCT)
Winning score (between 0 and 1) : N=4, mean=0.25 (+/-0.48999).
P1: N=2, mean=0.5 (+/-0.97998).
P2: N=2, mean=0 (+/-0).
Game Durations: N=4, mean=30.25 (+/-1.855072).
P1: N=2, mean=29.5 (+/-0.97998).
P2: N=2, mean=31 (+/-3.91992).

Agent 2 (SHUCT)
Winning score (between 0 and 1) : N=4, mean=0.75 (+/-0.48999).
P1: N=2, mean=1 (+/-0).
P2: N=2, mean=0.5 (+/-0.97998).
Game Durations: N=4, mean=30.25 (+/-1.855072).
P1: N=2, mean=31 (+/-3.91992).
P2: N=2, mean=29.5 (+/-0.97998).
=====================================================
=====================================================
Completed 5 games.

Agent 1 (UCT)
Winning score (between 0 and 1) : N=5, mean=0.2 (+/-0.391992).
P1: N=2, mean=0.5 (+/-0.97998).
P2: N=3, mean=0 (+/-0).
Game Durations: N=5, mean=32 (+/-3.718763).
P1: N=2, mean=29.5 (+/-0.97998).
P2: N=3, mean=33.666667 (+/-5.695512).

Agent 2 (SHUCT)
Winning score (between 0 and 1) : N=5, mean=0.8 (+/-0.391992).
P1: N=3, mean=1 (+/-0).
P2: N=2, mean=0.5 (+/-0.97998).
Game Durations: N=5, mean=32 (+/-3.718763).
P1: N=3, mean=33.666667 (+/-5.695512).
P2: N=2, mean=29.5 (+/-0.97998).
=====================================================
=====================================================
Completed 10 games.

Agent 1 (UCT)
Winning score (between 0 and 1) : N=10, mean=0.4 (+/-0.32006).
P1: N=5, mean=0.6 (+/-0.48009).
P2: N=5, mean=0.2 (+/-0.391992).
Game Durations: N=10, mean=32.9 (+/-2.175664).
P1: N=5, mean=32.2 (+/-3.123662).
P2: N=5, mean=33.6 (+/-3.25613).

Agent 2 (SHUCT)
Winning score (between 0 and 1) : N=10, mean=0.6 (+/-0.32006).
P1: N=5, mean=0.8 (+/-0.391992).
P2: N=5, mean=0.4 (+/-0.48009).
Game Durations: N=10, mean=32.9 (+/-2.175664).
P1: N=5, mean=33.6 (+/-3.25613).
P2: N=5, mean=32.2 (+/-3.123662).
=====================================================
=====================================================
Completed 20 games.

Agent 1 (UCT)
Winning score (between 0 and 1) : N=20, mean=0.45 (+/-0.223696).
P1: N=10, mean=0.6 (+/-0.32006).
P2: N=10, mean=0.3 (+/-0.299389).
Game Durations: N=20, mean=33.05 (+/-1.26761).
P1: N=10, mean=32.8 (+/-1.698632).
P2: N=10, mean=33.3 (+/-1.961049).

Agent 2 (SHUCT)
Winning score (between 0 and 1) : N=20, mean=0.55 (+/-0.223696).
P1: N=10, mean=0.7 (+/-0.299389).
P2: N=10, mean=0.4 (+/-0.32006).
Game Durations: N=20, mean=33.05 (+/-1.26761).
P1: N=10, mean=33.3 (+/-1.961049).
P2: N=10, mean=32.8 (+/-1.698632).
=====================================================
=====================================================
Completed 30 games.

Agent 1 (UCT)
Winning score (between 0 and 1) : N=30, mean=0.433333 (+/-0.180353).
P1: N=15, mean=0.6 (+/-0.256619).
P2: N=15, mean=0.266667 (+/-0.231643).
Game Durations: N=30, mean=32.933333 (+/-0.934704).
P1: N=15, mean=32.733333 (+/-1.358798).
P2: N=15, mean=33.133333 (+/-1.323333).

Agent 2 (SHUCT)
Winning score (between 0 and 1) : N=30, mean=0.566667 (+/-0.180353).
P1: N=15, mean=0.733333 (+/-0.231643).
P2: N=15, mean=0.4 (+/-0.256619).
Game Durations: N=30, mean=32.933333 (+/-0.934704).
P1: N=15, mean=33.133333 (+/-1.323333).
P2: N=15, mean=32.733333 (+/-1.358798).
=====================================================
=====================================================
Completed 40 games.

Agent 1 (UCT)
Winning score (between 0 and 1) : N=40, mean=0.45 (+/-0.156136).
P1: N=20, mean=0.6 (+/-0.22028).
P2: N=20, mean=0.3 (+/-0.206054).
Game Durations: N=40, mean=33.2 (+/-0.819009).
P1: N=20, mean=32.9 (+/-1.154285).
P2: N=20, mean=33.5 (+/-1.176835).

Agent 2 (SHUCT)
Winning score (between 0 and 1) : N=40, mean=0.55 (+/-0.156136).
P1: N=20, mean=0.7 (+/-0.206054).
P2: N=20, mean=0.4 (+/-0.22028).
Game Durations: N=40, mean=33.2 (+/-0.819009).
P1: N=20, mean=33.5 (+/-1.176835).
P2: N=20, mean=32.9 (+/-1.154285).
=====================================================
=====================================================
Completed 50 games.

Agent 1 (UCT)
Winning score (between 0 and 1) : N=50, mean=0.44 (+/-0.138986).
P1: N=25, mean=0.6 (+/-0.195996).
P2: N=25, mean=0.28 (+/-0.179633).
Game Durations: N=50, mean=33.62 (+/-0.740562).
P1: N=25, mean=33.32 (+/-1.095476).
P2: N=25, mean=33.92 (+/-1.005264).

Agent 2 (SHUCT)
Winning score (between 0 and 1) : N=50, mean=0.56 (+/-0.138986).
P1: N=25, mean=0.72 (+/-0.179633).
P2: N=25, mean=0.4 (+/-0.195996).
Game Durations: N=50, mean=33.62 (+/-0.740562).
P1: N=25, mean=33.92 (+/-1.005264).
P2: N=25, mean=33.32 (+/-1.095476).
=====================================================
=====================================================
Completed 60 games.

Agent 1 (UCT)
Winning score (between 0 and 1) : N=60, mean=0.466667 (+/-0.127299).
P1: N=30, mean=0.533333 (+/-0.181573).
P2: N=30, mean=0.4 (+/-0.178301).
Game Durations: N=60, mean=33.8 (+/-0.671558).
P1: N=30, mean=33.666667 (+/-0.995994).
P2: N=30, mean=33.933333 (+/-0.915613).

Agent 2 (SHUCT)
Winning score (between 0 and 1) : N=60, mean=0.533333 (+/-0.127299).
P1: N=30, mean=0.6 (+/-0.178301).
P2: N=30, mean=0.466667 (+/-0.181573).
Game Durations: N=60, mean=33.8 (+/-0.671558).
P1: N=30, mean=33.933333 (+/-0.915613).
P2: N=30, mean=33.666667 (+/-0.995994).
=====================================================
=====================================================
Completed 70 games.

Agent 1 (UCT)
Winning score (between 0 and 1) : N=70, mean=0.485714 (+/-0.117928).
P1: N=35, mean=0.514286 (+/-0.167997).
P2: N=35, mean=0.457143 (+/-0.167447).
Game Durations: N=70, mean=33.757143 (+/-0.620993).
P1: N=35, mean=33.428571 (+/-0.906522).
P2: N=35, mean=34.085714 (+/-0.84796).

Agent 2 (SHUCT)
Winning score (between 0 and 1) : N=70, mean=0.514286 (+/-0.117928).
P1: N=35, mean=0.542857 (+/-0.167447).
P2: N=35, mean=0.485714 (+/-0.167997).
Game Durations: N=70, mean=33.757143 (+/-0.620993).
P1: N=35, mean=34.085714 (+/-0.84796).
P2: N=35, mean=33.428571 (+/-0.906522).
=====================================================
=====================================================
Completed 80 games.

Agent 1 (UCT)
Winning score (between 0 and 1) : N=80, mean=0.5125 (+/-0.110222).
P1: N=40, mean=0.55 (+/-0.156136).
P2: N=40, mean=0.475 (+/-0.156726).
Game Durations: N=80, mean=33.5875 (+/-0.577867).
P1: N=40, mean=33.2 (+/-0.854327).
P2: N=40, mean=33.975 (+/-0.77032).

Agent 2 (SHUCT)
Winning score (between 0 and 1) : N=80, mean=0.4875 (+/-0.110222).
P1: N=40, mean=0.525 (+/-0.156726).
P2: N=40, mean=0.45 (+/-0.156136).
Game Durations: N=80, mean=33.5875 (+/-0.577867).
P1: N=40, mean=33.975 (+/-0.77032).
P2: N=40, mean=33.2 (+/-0.854327).
=====================================================
=====================================================
Completed 90 games.

Agent 1 (UCT)
Winning score (between 0 and 1) : N=90, mean=0.555556 (+/-0.103234).
P1: N=45, mean=0.577778 (+/-0.145939).
P2: N=45, mean=0.533333 (+/-0.147409).
Game Durations: N=90, mean=33.544444 (+/-0.545431).
P1: N=45, mean=33.2 (+/-0.79918).
P2: N=45, mean=33.888889 (+/-0.737629).

Agent 2 (SHUCT)
Winning score (between 0 and 1) : N=90, mean=0.444444 (+/-0.103234).
P1: N=45, mean=0.466667 (+/-0.147409).
P2: N=45, mean=0.422222 (+/-0.145939).
Game Durations: N=90, mean=33.544444 (+/-0.545431).
P1: N=45, mean=33.888889 (+/-0.737629).
P2: N=45, mean=33.2 (+/-0.79918).
=====================================================
=====================================================
Completed 100 games.

Agent 1 (UCT)
Winning score (between 0 and 1) : N=100, mean=0.56 (+/-0.09778).
P1: N=50, mean=0.56 (+/-0.138986).
P2: N=50, mean=0.56 (+/-0.138986).
Game Durations: N=100, mean=33.66 (+/-0.497725).
P1: N=50, mean=33.36 (+/-0.733906).
P2: N=50, mean=33.96 (+/-0.669555).

Agent 2 (SHUCT)
Winning score (between 0 and 1) : N=100, mean=0.44 (+/-0.09778).
P1: N=50, mean=0.44 (+/-0.138986).
P2: N=50, mean=0.44 (+/-0.138986).
Game Durations: N=100, mean=33.66 (+/-0.497725).
P1: N=50, mean=33.96 (+/-0.669555).
P2: N=50, mean=33.36 (+/-0.733906).
=====================================================
=====================================================
Completed 110 games.

Agent 1 (UCT)
Winning score (between 0 and 1) : N=110, mean=0.545455 (+/-0.093476).
P1: N=55, mean=0.545455 (+/-0.132806).
P2: N=55, mean=0.545455 (+/-0.132806).
Game Durations: N=110, mean=33.572727 (+/-0.466387).
P1: N=55, mean=33.236364 (+/-0.684195).
P2: N=55, mean=33.909091 (+/-0.627617).

Agent 2 (SHUCT)
Winning score (between 0 and 1) : N=110, mean=0.454545 (+/-0.093476).
P1: N=55, mean=0.454545 (+/-0.132806).
P2: N=55, mean=0.454545 (+/-0.132806).
Game Durations: N=110, mean=33.572727 (+/-0.466387).
P1: N=55, mean=33.909091 (+/-0.627617).
P2: N=55, mean=33.236364 (+/-0.684195).
=====================================================
=====================================================
Completed 120 games.

Agent 1 (UCT)
Winning score (between 0 and 1) : N=120, mean=0.525 (+/-0.089722).
P1: N=60, mean=0.533333 (+/-0.127299).
P2: N=60, mean=0.516667 (+/-0.127512).
Game Durations: N=120, mean=33.558333 (+/-0.44302).
P1: N=60, mean=33.333333 (+/-0.663211).
P2: N=60, mean=33.783333 (+/-0.587603).

Agent 2 (SHUCT)
Winning score (between 0 and 1) : N=120, mean=0.475 (+/-0.089722).
P1: N=60, mean=0.483333 (+/-0.127512).
P2: N=60, mean=0.466667 (+/-0.127299).
Game Durations: N=120, mean=33.558333 (+/-0.44302).
P1: N=60, mean=33.783333 (+/-0.587603).
P2: N=60, mean=33.333333 (+/-0.663211).
=====================================================
=====================================================
Completed 130 games.

Agent 1 (UCT)
Winning score (between 0 and 1) : N=130, mean=0.530769 (+/-0.086119).
P1: N=65, mean=0.553846 (+/-0.121785).
P2: N=65, mean=0.507692 (+/-0.122483).
Game Durations: N=130, mean=33.507692 (+/-0.427141).
P1: N=65, mean=33.230769 (+/-0.647154).
P2: N=65, mean=33.784615 (+/-0.554514).

Agent 2 (SHUCT)
Winning score (between 0 and 1) : N=130, mean=0.469231 (+/-0.086119).
P1: N=65, mean=0.492308 (+/-0.122483).
P2: N=65, mean=0.446154 (+/-0.121785).
Game Durations: N=130, mean=33.507692 (+/-0.427141).
P1: N=65, mean=33.784615 (+/-0.554514).
P2: N=65, mean=33.230769 (+/-0.647154).
=====================================================
=====================================================
Completed 140 games.

Agent 1 (UCT)
Winning score (between 0 and 1) : N=140, mean=0.535714 (+/-0.082909).
P1: N=70, mean=0.542857 (+/-0.117542).
P2: N=70, mean=0.528571 (+/-0.117783).
Game Durations: N=140, mean=33.464286 (+/-0.414611).
P1: N=70, mean=33.228571 (+/-0.620655).
P2: N=70, mean=33.7 (+/-0.548809).

Agent 2 (SHUCT)
Winning score (between 0 and 1) : N=140, mean=0.464286 (+/-0.082909).
P1: N=70, mean=0.471429 (+/-0.117783).
P2: N=70, mean=0.457143 (+/-0.117542).
Game Durations: N=140, mean=33.464286 (+/-0.414611).
P1: N=70, mean=33.7 (+/-0.548809).
P2: N=70, mean=33.228571 (+/-0.620655).
=====================================================
=====================================================
Completed 150 games.

Agent 1 (UCT)
Winning score (between 0 and 1) : N=150, mean=0.526667 (+/-0.080169).
P1: N=75, mean=0.533333 (+/-0.113667).
P2: N=75, mean=0.52 (+/-0.113829).
Game Durations: N=150, mean=33.533333 (+/-0.399233).
P1: N=75, mean=33.386667 (+/-0.604408).
P2: N=75, mean=33.68 (+/-0.52375).

Agent 2 (SHUCT)
Winning score (between 0 and 1) : N=150, mean=0.473333 (+/-0.080169).
P1: N=75, mean=0.48 (+/-0.113829).
P2: N=75, mean=0.466667 (+/-0.113667).
Game Durations: N=150, mean=33.533333 (+/-0.399233).
P1: N=75, mean=33.68 (+/-0.52375).
P2: N=75, mean=33.386667 (+/-0.604408).
=====================================================
