Warming up...
Finished warming up!
=====================================================
Completed 1 games.

Agent 1 (UCT)
Winning score (between 0 and 1) : N=1, mean=0 (+/-0).
P1: N=1, mean=0 (+/-0).
P2: N=0, mean=0 (+/-0).
Game Durations: N=1, mean=36 (+/-0).
P1: N=1, mean=36 (+/-0).
P2: N=0, mean=0 (+/-0).

Agent 2 (SHUCT)
Winning score (between 0 and 1) : N=1, mean=1 (+/-0).
P1: N=0, mean=0 (+/-0).
P2: N=1, mean=1 (+/-0).
Game Durations: N=1, mean=36 (+/-0).
P1: N=0, mean=0 (+/-0).
P2: N=1, mean=36 (+/-0).
=====================================================
=====================================================
Completed 2 games.

Agent 1 (UCT)
Winning score (between 0 and 1) : N=2, mean=0.5 (+/-0.97998).
P1: N=1, mean=0 (+/-0).
P2: N=1, mean=1 (+/-0).
Game Durations: N=2, mean=34 (+/-3.91992).
P1: N=1, mean=36 (+/-0).
P2: N=1, mean=32 (+/-0).

Agent 2 (SHUCT)
Winning score (between 0 and 1) : N=2, mean=0.5 (+/-0.97998).
P1: N=1, mean=0 (+/-0).
P2: N=1, mean=1 (+/-0).
Game Durations: N=2, mean=34 (+/-3.91992).
P1: N=1, mean=32 (+/-0).
P2: N=1, mean=36 (+/-0).
=====================================================
=====================================================
Completed 3 games.

Agent 1 (UCT)
Winning score (between 0 and 1) : N=3, mean=0.333333 (+/-0.65332).
P1: N=2, mean=0 (+/-0).
P2: N=1, mean=1 (+/-0).
Game Durations: N=3, mean=33.333333 (+/-2.61328).
P1: N=2, mean=34 (+/-3.91992).
P2: N=1, mean=32 (+/-0).

Agent 2 (SHUCT)
Winning score (between 0 and 1) : N=3, mean=0.666667 (+/-0.65332).
P1: N=1, mean=0 (+/-0).
P2: N=2, mean=1 (+/-0).
Game Durations: N=3, mean=33.333333 (+/-2.61328).
P1: N=1, mean=32 (+/-0).
P2: N=2, mean=34 (+/-3.91992).
=====================================================
=====================================================
Completed 4 games.

Agent 1 (UCT)
Winning score (between 0 and 1) : N=4, mean=0.25 (+/-0.48999).
P1: N=2, mean=0 (+/-0).
P2: N=2, mean=0.5 (+/-0.97998).
Game Durations: N=4, mean=33.25 (+/-1.855072).
P1: N=2, mean=34 (+/-3.91992).
P2: N=2, mean=32.5 (+/-0.97998).

Agent 2 (SHUCT)
Winning score (between 0 and 1) : N=4, mean=0.75 (+/-0.48999).
P1: N=2, mean=0.5 (+/-0.97998).
P2: N=2, mean=1 (+/-0).
Game Durations: N=4, mean=33.25 (+/-1.855072).
P1: N=2, mean=32.5 (+/-0.97998).
P2: N=2, mean=34 (+/-3.91992).
=====================================================
=====================================================
Completed 5 games.

Agent 1 (UCT)
Winning score (between 0 and 1) : N=5, mean=0.2 (+/-0.391992).
P1: N=3, mean=0 (+/-0).
P2: N=2, mean=0.5 (+/-0.97998).
Game Durations: N=5, mean=33.4 (+/-1.4667).
P1: N=3, mean=34 (+/-2.263167).
P2: N=2, mean=32.5 (+/-0.97998).

Agent 2 (SHUCT)
Winning score (between 0 and 1) : N=5, mean=0.8 (+/-0.391992).
P1: N=2, mean=0.5 (+/-0.97998).
P2: N=3, mean=1 (+/-0).
Game Durations: N=5, mean=33.4 (+/-1.4667).
P1: N=2, mean=32.5 (+/-0.97998).
P2: N=3, mean=34 (+/-2.263167).
=====================================================
=====================================================
Completed 10 games.

Agent 1 (UCT)
Winning score (between 0 and 1) : N=10, mean=0.4 (+/-0.32006).
P1: N=5, mean=0.4 (+/-0.48009).
P2: N=5, mean=0.4 (+/-0.48009).
Game Durations: N=10, mean=34.1 (+/-1.254987).
P1: N=5, mean=34.4 (+/-1.817592).
P2: N=5, mean=33.8 (+/-1.900252).

Agent 2 (SHUCT)
Winning score (between 0 and 1) : N=10, mean=0.6 (+/-0.32006).
P1: N=5, mean=0.6 (+/-0.48009).
P2: N=5, mean=0.6 (+/-0.48009).
Game Durations: N=10, mean=34.1 (+/-1.254987).
P1: N=5, mean=33.8 (+/-1.900252).
P2: N=5, mean=34.4 (+/-1.817592).
=====================================================
=====================================================
Completed 20 games.

Agent 1 (UCT)
Winning score (between 0 and 1) : N=20, mean=0.35 (+/-0.214467).
P1: N=10, mean=0.5 (+/-0.32666).
P2: N=10, mean=0.2 (+/-0.261328).
Game Durations: N=20, mean=34.45 (+/-1.19368).
P1: N=10, mean=34.5 (+/-1.921472).
P2: N=10, mean=34.4 (+/-1.523791).

Agent 2 (SHUCT)
Winning score (between 0 and 1) : N=20, mean=0.65 (+/-0.214467).
P1: N=10, mean=0.8 (+/-0.261328).
P2: N=10, mean=0.5 (+/-0.32666).
Game Durations: N=20, mean=34.45 (+/-1.19368).
P1: N=10, mean=34.4 (+/-1.523791).
P2: N=10, mean=34.5 (+/-1.921472).
=====================================================
=====================================================
Completed 30 games.

Agent 1 (UCT)
Winning score (between 0 and 1) : N=30, mean=0.333333 (+/-0.17157).
P1: N=15, mean=0.466667 (+/-0.261328).
P2: N=15, mean=0.2 (+/-0.209529).
Game Durations: N=30, mean=33.9 (+/-0.927194).
P1: N=15, mean=34.066667 (+/-1.42452).
P2: N=15, mean=33.733333 (+/-1.231692).

Agent 2 (SHUCT)
Winning score (between 0 and 1) : N=30, mean=0.666667 (+/-0.17157).
P1: N=15, mean=0.8 (+/-0.209529).
P2: N=15, mean=0.533333 (+/-0.261328).
Game Durations: N=30, mean=33.9 (+/-0.927194).
P1: N=15, mean=33.733333 (+/-1.231692).
P2: N=15, mean=34.066667 (+/-1.42452).
=====================================================
=====================================================
Completed 40 games.

Agent 1 (UCT)
Winning score (between 0 and 1) : N=40, mean=0.325 (+/-0.146997).
P1: N=20, mean=0.45 (+/-0.223696).
P2: N=20, mean=0.2 (+/-0.179858).
Game Durations: N=40, mean=33.925 (+/-0.743976).
P1: N=20, mean=33.95 (+/-1.123889).
P2: N=20, mean=33.9 (+/-1.004432).

Agent 2 (SHUCT)
Winning score (between 0 and 1) : N=40, mean=0.675 (+/-0.146997).
P1: N=20, mean=0.8 (+/-0.179858).
P2: N=20, mean=0.55 (+/-0.223696).
Game Durations: N=40, mean=33.925 (+/-0.743976).
P1: N=20, mean=33.9 (+/-1.004432).
P2: N=20, mean=33.95 (+/-1.123889).
=====================================================
=====================================================
Completed 50 games.

Agent 1 (UCT)
Winning score (between 0 and 1) : N=50, mean=0.34 (+/-0.132636).
P1: N=25, mean=0.44 (+/-0.198592).
P2: N=25, mean=0.24 (+/-0.170865).
Game Durations: N=50, mean=33.8 (+/-0.633555).
P1: N=25, mean=33.96 (+/-0.901582).
P2: N=25, mean=33.64 (+/-0.904418).

Agent 2 (SHUCT)
Winning score (between 0 and 1) : N=50, mean=0.66 (+/-0.132636).
P1: N=25, mean=0.76 (+/-0.170865).
P2: N=25, mean=0.56 (+/-0.198592).
Game Durations: N=50, mean=33.8 (+/-0.633555).
P1: N=25, mean=33.64 (+/-0.904418).
P2: N=25, mean=33.96 (+/-0.901582).
=====================================================
=====================================================
Completed 60 games.

Agent 1 (UCT)
Winning score (between 0 and 1) : N=60, mean=0.3 (+/-0.116931).
P1: N=30, mean=0.366667 (+/-0.175388).
P2: N=30, mean=0.233333 (+/-0.153936).
Game Durations: N=60, mean=33.7 (+/-0.555729).
P1: N=30, mean=33.766667 (+/-0.822911).
P2: N=30, mean=33.633333 (+/-0.760445).

Agent 2 (SHUCT)
Winning score (between 0 and 1) : N=60, mean=0.7 (+/-0.116931).
P1: N=30, mean=0.766667 (+/-0.153936).
P2: N=30, mean=0.633333 (+/-0.175388).
Game Durations: N=60, mean=33.7 (+/-0.555729).
P1: N=30, mean=33.633333 (+/-0.760445).
P2: N=30, mean=33.766667 (+/-0.822911).
=====================================================
=====================================================
Completed 70 games.

Agent 1 (UCT)
Winning score (between 0 and 1) : N=70, mean=0.342857 (+/-0.111998).
P1: N=35, mean=0.371429 (+/-0.162414).
P2: N=35, mean=0.314286 (+/-0.156042).
Game Durations: N=70, mean=33.671429 (+/-0.514973).
P1: N=35, mean=33.857143 (+/-0.728238).
P2: N=35, mean=33.485714 (+/-0.733664).

Agent 2 (SHUCT)
Winning score (between 0 and 1) : N=70, mean=0.657143 (+/-0.111998).
P1: N=35, mean=0.685714 (+/-0.156042).
P2: N=35, mean=0.628571 (+/-0.162414).
Game Durations: N=70, mean=33.671429 (+/-0.514973).
P1: N=35, mean=33.485714 (+/-0.733664).
P2: N=35, mean=33.857143 (+/-0.728238).
=====================================================
=====================================================
Completed 80 games.

Agent 1 (UCT)
Winning score (between 0 and 1) : N=80, mean=0.3375 (+/-0.104271).
P1: N=40, mean=0.4 (+/-0.153752).
P2: N=40, mean=0.275 (+/-0.140136).
Game Durations: N=80, mean=33.6125 (+/-0.501022).
P1: N=40, mean=33.9 (+/-0.650045).
P2: N=40, mean=33.325 (+/-0.760345).

Agent 2 (SHUCT)
Winning score (between 0 and 1) : N=80, mean=0.6625 (+/-0.104271).
P1: N=40, mean=0.725 (+/-0.140136).
P2: N=40, mean=0.6 (+/-0.153752).
Game Durations: N=80, mean=33.6125 (+/-0.501022).
P1: N=40, mean=33.325 (+/-0.760345).
P2: N=40, mean=33.9 (+/-0.650045).
=====================================================
=====================================================
Completed 90 games.

Agent 1 (UCT)
Winning score (between 0 and 1) : N=90, mean=0.355556 (+/-0.099449).
P1: N=45, mean=0.422222 (+/-0.145939).
P2: N=45, mean=0.288889 (+/-0.133923).
Game Durations: N=90, mean=33.677778 (+/-0.449687).
P1: N=45, mean=33.977778 (+/-0.582648).
P2: N=45, mean=33.377778 (+/-0.680346).

Agent 2 (SHUCT)
Winning score (between 0 and 1) : N=90, mean=0.644444 (+/-0.099449).
P1: N=45, mean=0.711111 (+/-0.133923).
P2: N=45, mean=0.577778 (+/-0.145939).
Game Durations: N=90, mean=33.677778 (+/-0.449687).
P1: N=45, mean=33.377778 (+/-0.680346).
P2: N=45, mean=33.977778 (+/-0.582648).
=====================================================
=====================================================
Completed 100 games.

Agent 1 (UCT)
Winning score (between 0 and 1) : N=100, mean=0.37 (+/-0.095104).
P1: N=50, mean=0.44 (+/-0.138986).
P2: N=50, mean=0.3 (+/-0.12831).
Game Durations: N=100, mean=33.57 (+/-0.432696).
P1: N=50, mean=33.88 (+/-0.544774).
P2: N=50, mean=33.26 (+/-0.666857).

Agent 2 (SHUCT)
Winning score (between 0 and 1) : N=100, mean=0.63 (+/-0.095104).
P1: N=50, mean=0.7 (+/-0.12831).
P2: N=50, mean=0.56 (+/-0.138986).
Game Durations: N=100, mean=33.57 (+/-0.432696).
P1: N=50, mean=33.26 (+/-0.666857).
P2: N=50, mean=33.88 (+/-0.544774).
=====================================================
=====================================================
Completed 110 games.

Agent 1 (UCT)
Winning score (between 0 and 1) : N=110, mean=0.345455 (+/-0.089269).
P1: N=55, mean=0.418182 (+/-0.131561).
P2: N=55, mean=0.272727 (+/-0.118785).
Game Durations: N=110, mean=33.590909 (+/-0.428312).
P1: N=55, mean=33.909091 (+/-0.550785).
P2: N=55, mean=33.272727 (+/-0.650253).

Agent 2 (SHUCT)
Winning score (between 0 and 1) : N=110, mean=0.654545 (+/-0.089269).
P1: N=55, mean=0.727273 (+/-0.118785).
P2: N=55, mean=0.581818 (+/-0.131561).
Game Durations: N=110, mean=33.590909 (+/-0.428312).
P1: N=55, mean=33.272727 (+/-0.650253).
P2: N=55, mean=33.909091 (+/-0.550785).
=====================================================
=====================================================
Completed 120 games.

Agent 1 (UCT)
Winning score (between 0 and 1) : N=120, mean=0.358333 (+/-0.086153).
P1: N=60, mean=0.45 (+/-0.126943).
P2: N=60, mean=0.266667 (+/-0.112838).
Game Durations: N=120, mean=33.675 (+/-0.42591).
P1: N=60, mean=34.083333 (+/-0.569218).
P2: N=60, mean=33.266667 (+/-0.621309).

Agent 2 (SHUCT)
Winning score (between 0 and 1) : N=120, mean=0.641667 (+/-0.086153).
P1: N=60, mean=0.733333 (+/-0.112838).
P2: N=60, mean=0.55 (+/-0.126943).
Game Durations: N=120, mean=33.675 (+/-0.42591).
P1: N=60, mean=33.266667 (+/-0.621309).
P2: N=60, mean=34.083333 (+/-0.569218).
=====================================================
=====================================================
Completed 130 games.

Agent 1 (UCT)
Winning score (between 0 and 1) : N=130, mean=0.369231 (+/-0.083279).
P1: N=65, mean=0.446154 (+/-0.121785).
P2: N=65, mean=0.292308 (+/-0.111429).
Game Durations: N=130, mean=33.792308 (+/-0.414319).
P1: N=65, mean=34.046154 (+/-0.544326).
P2: N=65, mean=33.538462 (+/-0.62288).

Agent 2 (SHUCT)
Winning score (between 0 and 1) : N=130, mean=0.630769 (+/-0.083279).
P1: N=65, mean=0.707692 (+/-0.111429).
P2: N=65, mean=0.553846 (+/-0.121785).
Game Durations: N=130, mean=33.792308 (+/-0.414319).
P1: N=65, mean=33.538462 (+/-0.62288).
P2: N=65, mean=34.046154 (+/-0.544326).
=====================================================
=====================================================
Completed 140 games.

Agent 1 (UCT)
Winning score (between 0 and 1) : N=140, mean=0.371429 (+/-0.080326).
P1: N=70, mean=0.442857 (+/-0.117203).
P2: N=70, mean=0.3 (+/-0.108127).
Game Durations: N=140, mean=33.757143 (+/-0.399312).
P1: N=70, mean=33.871429 (+/-0.533482).
P2: N=70, mean=33.642857 (+/-0.596963).

Agent 2 (SHUCT)
Winning score (between 0 and 1) : N=140, mean=0.628571 (+/-0.080326).
P1: N=70, mean=0.7 (+/-0.108127).
P2: N=70, mean=0.557143 (+/-0.117203).
Game Durations: N=140, mean=33.757143 (+/-0.399312).
P1: N=70, mean=33.642857 (+/-0.596963).
P2: N=70, mean=33.871429 (+/-0.533482).
=====================================================
=====================================================
Completed 150 games.

Agent 1 (UCT)
Winning score (between 0 and 1) : N=150, mean=0.366667 (+/-0.077376).
P1: N=75, mean=0.44 (+/-0.113097).
P2: N=75, mean=0.293333 (+/-0.103734).
Game Durations: N=150, mean=33.76 (+/-0.378464).
P1: N=75, mean=33.88 (+/-0.507371).
P2: N=75, mean=33.64 (+/-0.563819).

Agent 2 (SHUCT)
Winning score (between 0 and 1) : N=150, mean=0.633333 (+/-0.077376).
P1: N=75, mean=0.706667 (+/-0.103734).
P2: N=75, mean=0.56 (+/-0.113097).
Game Durations: N=150, mean=33.76 (+/-0.378464).
P1: N=75, mean=33.64 (+/-0.563819).
P2: N=75, mean=33.88 (+/-0.507371).
=====================================================
