Warming up...
Finished warming up!
=====================================================
Completed 1 games.

Agent 1 (Example UCT)
Winning score (between 0 and 1) : N=1, mean=0 (+/-0).
P1: N=0, mean=0 (+/-0).
P2: N=1, mean=0 (+/-0).
Game Durations: N=1, mean=33 (+/-0).
P1: N=0, mean=0 (+/-0).
P2: N=1, mean=33 (+/-0).

Agent 2 (SHUCT)
Winning score (between 0 and 1) : N=1, mean=1 (+/-0).
P1: N=1, mean=1 (+/-0).
P2: N=0, mean=0 (+/-0).
Game Durations: N=1, mean=33 (+/-0).
P1: N=1, mean=33 (+/-0).
P2: N=0, mean=0 (+/-0).
=====================================================
=====================================================
Completed 2 games.

Agent 1 (Example UCT)
Winning score (between 0 and 1) : N=2, mean=0.5 (+/-0.97998).
P1: N=1, mean=1 (+/-0).
P2: N=1, mean=0 (+/-0).
Game Durations: N=2, mean=34 (+/-1.95996).
P1: N=1, mean=35 (+/-0).
P2: N=1, mean=33 (+/-0).

Agent 2 (SHUCT)
Winning score (between 0 and 1) : N=2, mean=0.5 (+/-0.97998).
P1: N=1, mean=1 (+/-0).
P2: N=1, mean=0 (+/-0).
Game Durations: N=2, mean=34 (+/-1.95996).
P1: N=1, mean=33 (+/-0).
P2: N=1, mean=35 (+/-0).
=====================================================
=====================================================
Completed 3 games.

Agent 1 (Example UCT)
Winning score (between 0 and 1) : N=3, mean=0.666667 (+/-0.65332).
P1: N=1, mean=1 (+/-0).
P2: N=2, mean=0.5 (+/-0.97998).
Game Durations: N=3, mean=36 (+/-4.079982).
P1: N=1, mean=35 (+/-0).
P2: N=2, mean=36.5 (+/-6.85986).

Agent 2 (SHUCT)
Winning score (between 0 and 1) : N=3, mean=0.333333 (+/-0.65332).
P1: N=2, mean=0.5 (+/-0.97998).
P2: N=1, mean=0 (+/-0).
Game Durations: N=3, mean=36 (+/-4.079982).
P1: N=2, mean=36.5 (+/-6.85986).
P2: N=1, mean=35 (+/-0).
=====================================================
=====================================================
Completed 4 games.

Agent 1 (Example UCT)
Winning score (between 0 and 1) : N=4, mean=0.5 (+/-0.565792).
P1: N=2, mean=0.5 (+/-0.97998).
P2: N=2, mean=0.5 (+/-0.97998).
Game Durations: N=4, mean=35 (+/-3.487774).
P1: N=2, mean=33.5 (+/-2.93994).
P2: N=2, mean=36.5 (+/-6.85986).

Agent 2 (SHUCT)
Winning score (between 0 and 1) : N=4, mean=0.5 (+/-0.565792).
P1: N=2, mean=0.5 (+/-0.97998).
P2: N=2, mean=0.5 (+/-0.97998).
Game Durations: N=4, mean=35 (+/-3.487774).
P1: N=2, mean=36.5 (+/-6.85986).
P2: N=2, mean=33.5 (+/-2.93994).
=====================================================
=====================================================
Completed 5 games.

Agent 1 (Example UCT)
Winning score (between 0 and 1) : N=5, mean=0.4 (+/-0.48009).
P1: N=2, mean=0.5 (+/-0.97998).
P2: N=3, mean=0.333333 (+/-0.65332).
Game Durations: N=5, mean=35 (+/-2.701618).
P1: N=2, mean=33.5 (+/-2.93994).
P2: N=3, mean=36 (+/-4.079982).

Agent 2 (SHUCT)
Winning score (between 0 and 1) : N=5, mean=0.6 (+/-0.48009).
P1: N=3, mean=0.666667 (+/-0.65332).
P2: N=2, mean=0.5 (+/-0.97998).
Game Durations: N=5, mean=35 (+/-2.701618).
P1: N=3, mean=36 (+/-4.079982).
P2: N=2, mean=33.5 (+/-2.93994).
=====================================================
=====================================================
Completed 10 games.

Agent 1 (Example UCT)
Winning score (between 0 and 1) : N=10, mean=0.3 (+/-0.299389).
P1: N=5, mean=0.2 (+/-0.391992).
P2: N=5, mean=0.4 (+/-0.48009).
Game Durations: N=10, mean=34.4 (+/-1.875381).
P1: N=5, mean=34.2 (+/-2.799383).
P2: N=5, mean=34.6 (+/-2.813072).

Agent 2 (SHUCT)
Winning score (between 0 and 1) : N=10, mean=0.7 (+/-0.299389).
P1: N=5, mean=0.6 (+/-0.48009).
P2: N=5, mean=0.8 (+/-0.391992).
Game Durations: N=10, mean=34.4 (+/-1.875381).
P1: N=5, mean=34.6 (+/-2.813072).
P2: N=5, mean=34.2 (+/-2.799383).
=====================================================
=====================================================
Completed 20 games.

Agent 1 (Example UCT)
Winning score (between 0 and 1) : N=20, mean=0.35 (+/-0.214467).
P1: N=10, mean=0.4 (+/-0.32006).
P2: N=10, mean=0.3 (+/-0.299389).
Game Durations: N=20, mean=34.45 (+/-1.059056).
P1: N=10, mean=34.2 (+/-1.594957).
P2: N=10, mean=34.7 (+/-1.462328).

Agent 2 (SHUCT)
Winning score (between 0 and 1) : N=20, mean=0.65 (+/-0.214467).
P1: N=10, mean=0.7 (+/-0.299389).
P2: N=10, mean=0.6 (+/-0.32006).
Game Durations: N=20, mean=34.45 (+/-1.059056).
P1: N=10, mean=34.7 (+/-1.462328).
P2: N=10, mean=34.2 (+/-1.594957).
=====================================================
=====================================================
Completed 30 games.

Agent 1 (Example UCT)
Winning score (between 0 and 1) : N=30, mean=0.4 (+/-0.178301).
P1: N=15, mean=0.533333 (+/-0.261328).
P2: N=15, mean=0.266667 (+/-0.231643).
Game Durations: N=30, mean=34.366667 (+/-1.035764).
P1: N=15, mean=34.266667 (+/-1.170779).
P2: N=15, mean=34.466667 (+/-1.75165).

Agent 2 (SHUCT)
Winning score (between 0 and 1) : N=30, mean=0.6 (+/-0.178301).
P1: N=15, mean=0.733333 (+/-0.231643).
P2: N=15, mean=0.466667 (+/-0.261328).
Game Durations: N=30, mean=34.366667 (+/-1.035764).
P1: N=15, mean=34.466667 (+/-1.75165).
P2: N=15, mean=34.266667 (+/-1.170779).
=====================================================
=====================================================
Completed 40 games.

Agent 1 (Example UCT)
Winning score (between 0 and 1) : N=40, mean=0.425 (+/-0.155147).
P1: N=20, mean=0.55 (+/-0.223696).
P2: N=20, mean=0.3 (+/-0.206054).
Game Durations: N=40, mean=34.425 (+/-0.821073).
P1: N=20, mean=34.45 (+/-0.89337).
P2: N=20, mean=34.4 (+/-1.403298).

Agent 2 (SHUCT)
Winning score (between 0 and 1) : N=40, mean=0.575 (+/-0.155147).
P1: N=20, mean=0.7 (+/-0.206054).
P2: N=20, mean=0.45 (+/-0.223696).
Game Durations: N=40, mean=34.425 (+/-0.821073).
P1: N=20, mean=34.4 (+/-1.403298).
P2: N=20, mean=34.45 (+/-0.89337).
=====================================================
=====================================================
Completed 50 games.

Agent 1 (Example UCT)
Winning score (between 0 and 1) : N=50, mean=0.38 (+/-0.135905).
P1: N=25, mean=0.44 (+/-0.198592).
P2: N=25, mean=0.32 (+/-0.186626).
Game Durations: N=50, mean=33.72 (+/-0.863981).
P1: N=25, mean=33.8 (+/-0.97998).
P2: N=25, mean=33.64 (+/-1.444177).

Agent 2 (SHUCT)
Winning score (between 0 and 1) : N=50, mean=0.62 (+/-0.135905).
P1: N=25, mean=0.68 (+/-0.186626).
P2: N=25, mean=0.56 (+/-0.198592).
Game Durations: N=50, mean=33.72 (+/-0.863981).
P1: N=25, mean=33.64 (+/-1.444177).
P2: N=25, mean=33.8 (+/-0.97998).
=====================================================
=====================================================
Completed 60 games.

Agent 1 (Example UCT)
Winning score (between 0 and 1) : N=60, mean=0.383333 (+/-0.124061).
P1: N=30, mean=0.433333 (+/-0.180353).
P2: N=30, mean=0.333333 (+/-0.17157).
Game Durations: N=60, mean=33.65 (+/-0.743672).
P1: N=30, mean=33.833333 (+/-0.840957).
P2: N=30, mean=33.466667 (+/-1.238637).

Agent 2 (SHUCT)
Winning score (between 0 and 1) : N=60, mean=0.616667 (+/-0.124061).
P1: N=30, mean=0.666667 (+/-0.17157).
P2: N=30, mean=0.566667 (+/-0.180353).
Game Durations: N=60, mean=33.65 (+/-0.743672).
P1: N=30, mean=33.466667 (+/-1.238637).
P2: N=30, mean=33.833333 (+/-0.840957).
=====================================================
=====================================================
Completed 70 games.

Agent 1 (Example UCT)
Winning score (between 0 and 1) : N=70, mean=0.385714 (+/-0.114853).
P1: N=35, mean=0.428571 (+/-0.166341).
P2: N=35, mean=0.342857 (+/-0.159549).
Game Durations: N=70, mean=33.685714 (+/-0.664437).
P1: N=35, mean=33.742857 (+/-0.763723).
P2: N=35, mean=33.628571 (+/-1.099029).

Agent 2 (SHUCT)
Winning score (between 0 and 1) : N=70, mean=0.614286 (+/-0.114853).
P1: N=35, mean=0.657143 (+/-0.159549).
P2: N=35, mean=0.571429 (+/-0.166341).
Game Durations: N=70, mean=33.685714 (+/-0.664437).
P1: N=35, mean=33.628571 (+/-1.099029).
P2: N=35, mean=33.742857 (+/-0.763723).
=====================================================
=====================================================
Completed 80 games.

Agent 1 (Example UCT)
Winning score (between 0 and 1) : N=80, mean=0.3875 (+/-0.107429).
P1: N=40, mean=0.45 (+/-0.156136).
P2: N=40, mean=0.325 (+/-0.146997).
Game Durations: N=80, mean=33.7875 (+/-0.620474).
P1: N=40, mean=33.85 (+/-0.789462).
P2: N=40, mean=33.725 (+/-0.967303).

Agent 2 (SHUCT)
Winning score (between 0 and 1) : N=80, mean=0.6125 (+/-0.107429).
P1: N=40, mean=0.675 (+/-0.146997).
P2: N=40, mean=0.55 (+/-0.156136).
Game Durations: N=80, mean=33.7875 (+/-0.620474).
P1: N=40, mean=33.725 (+/-0.967303).
P2: N=40, mean=33.85 (+/-0.789462).
=====================================================
=====================================================
Completed 90 games.

Agent 1 (Example UCT)
Winning score (between 0 and 1) : N=90, mean=0.377778 (+/-0.100726).
P1: N=45, mean=0.444444 (+/-0.146823).
P2: N=45, mean=0.311111 (+/-0.13679).
Game Durations: N=90, mean=33.766667 (+/-0.568582).
P1: N=45, mean=33.911111 (+/-0.709748).
P2: N=45, mean=33.622222 (+/-0.89468).

Agent 2 (SHUCT)
Winning score (between 0 and 1) : N=90, mean=0.622222 (+/-0.100726).
P1: N=45, mean=0.688889 (+/-0.13679).
P2: N=45, mean=0.555556 (+/-0.146823).
Game Durations: N=90, mean=33.766667 (+/-0.568582).
P1: N=45, mean=33.622222 (+/-0.89468).
P2: N=45, mean=33.911111 (+/-0.709748).
=====================================================
=====================================================
Completed 100 games.

Agent 1 (Example UCT)
Winning score (between 0 and 1) : N=100, mean=0.39 (+/-0.096079).
P1: N=50, mean=0.46 (+/-0.139548).
P2: N=50, mean=0.32 (+/-0.130611).
Game Durations: N=100, mean=33.69 (+/-0.541396).
P1: N=50, mean=33.82 (+/-0.70543).
P2: N=50, mean=33.56 (+/-0.827117).

Agent 2 (SHUCT)
Winning score (between 0 and 1) : N=100, mean=0.61 (+/-0.096079).
P1: N=50, mean=0.68 (+/-0.130611).
P2: N=50, mean=0.54 (+/-0.139548).
Game Durations: N=100, mean=33.69 (+/-0.541396).
P1: N=50, mean=33.56 (+/-0.827117).
P2: N=50, mean=33.82 (+/-0.70543).
=====================================================
=====================================================
Completed 110 games.

Agent 1 (Example UCT)
Winning score (between 0 and 1) : N=110, mean=0.409091 (+/-0.092301).
P1: N=55, mean=0.454545 (+/-0.132806).
P2: N=55, mean=0.363636 (+/-0.128303).
Game Durations: N=110, mean=33.763636 (+/-0.509379).
P1: N=55, mean=33.8 (+/-0.646154).
P2: N=55, mean=33.727273 (+/-0.793584).

Agent 2 (SHUCT)
Winning score (between 0 and 1) : N=110, mean=0.590909 (+/-0.092301).
P1: N=55, mean=0.636364 (+/-0.128303).
P2: N=55, mean=0.545455 (+/-0.132806).
Game Durations: N=110, mean=33.763636 (+/-0.509379).
P1: N=55, mean=33.727273 (+/-0.793584).
P2: N=55, mean=33.8 (+/-0.646154).
=====================================================
=====================================================
Completed 120 games.

Agent 1 (Example UCT)
Winning score (between 0 and 1) : N=120, mean=0.425 (+/-0.088818).
P1: N=60, mean=0.466667 (+/-0.127299).
P2: N=60, mean=0.383333 (+/-0.124061).
Game Durations: N=120, mean=33.658333 (+/-0.477334).
P1: N=60, mean=33.7 (+/-0.609732).
P2: N=60, mean=33.616667 (+/-0.739673).

Agent 2 (SHUCT)
Winning score (between 0 and 1) : N=120, mean=0.575 (+/-0.088818).
P1: N=60, mean=0.616667 (+/-0.124061).
P2: N=60, mean=0.533333 (+/-0.127299).
Game Durations: N=120, mean=33.658333 (+/-0.477334).
P1: N=60, mean=33.616667 (+/-0.739673).
P2: N=60, mean=33.7 (+/-0.609732).
=====================================================
=====================================================
Completed 130 games.

Agent 1 (Example UCT)
Winning score (between 0 and 1) : N=130, mean=0.415385 (+/-0.085038).
P1: N=65, mean=0.461538 (+/-0.122135).
P2: N=65, mean=0.369231 (+/-0.118234).
Game Durations: N=130, mean=33.623077 (+/-0.471018).
P1: N=65, mean=33.538462 (+/-0.613921).
P2: N=65, mean=33.707692 (+/-0.718753).

Agent 2 (SHUCT)
Winning score (between 0 and 1) : N=130, mean=0.584615 (+/-0.085038).
P1: N=65, mean=0.630769 (+/-0.118234).
P2: N=65, mean=0.538462 (+/-0.122135).
Game Durations: N=130, mean=33.623077 (+/-0.471018).
P1: N=65, mean=33.707692 (+/-0.718753).
P2: N=65, mean=33.538462 (+/-0.613921).
=====================================================
=====================================================
Completed 140 games.

Agent 1 (Example UCT)
Winning score (between 0 and 1) : N=140, mean=0.435714 (+/-0.082431).
P1: N=70, mean=0.485714 (+/-0.117928).
P2: N=70, mean=0.385714 (+/-0.114853).
Game Durations: N=140, mean=33.592857 (+/-0.445584).
P1: N=70, mean=33.457143 (+/-0.576149).
P2: N=70, mean=33.728571 (+/-0.682597).

Agent 2 (SHUCT)
Winning score (between 0 and 1) : N=140, mean=0.564286 (+/-0.082431).
P1: N=70, mean=0.614286 (+/-0.114853).
P2: N=70, mean=0.514286 (+/-0.117928).
Game Durations: N=140, mean=33.592857 (+/-0.445584).
P1: N=70, mean=33.728571 (+/-0.682597).
P2: N=70, mean=33.457143 (+/-0.576149).
=====================================================
=====================================================
Completed 150 games.

Agent 1 (Example UCT)
Winning score (between 0 and 1) : N=150, mean=0.433333 (+/-0.079566).
P1: N=75, mean=0.493333 (+/-0.11391).
P2: N=75, mean=0.373333 (+/-0.110204).
Game Durations: N=150, mean=33.453333 (+/-0.427475).
P1: N=75, mean=33.346667 (+/-0.549965).
P2: N=75, mean=33.56 (+/-0.657446).

Agent 2 (SHUCT)
Winning score (between 0 and 1) : N=150, mean=0.566667 (+/-0.079566).
P1: N=75, mean=0.626667 (+/-0.110204).
P2: N=75, mean=0.506667 (+/-0.11391).
Game Durations: N=150, mean=33.453333 (+/-0.427475).
P1: N=75, mean=33.56 (+/-0.657446).
P2: N=75, mean=33.346667 (+/-0.549965).
=====================================================
