Warming up...
Finished warming up!
=====================================================
Completed 1 games.

Agent 1 (Example UCT)
Winning score (between 0 and 1) : N=1, mean=0 (+/-0).
P1: N=1, mean=0 (+/-0).
P2: N=0, mean=0 (+/-0).
Game Durations: N=1, mean=30 (+/-0).
P1: N=1, mean=30 (+/-0).
P2: N=0, mean=0 (+/-0).

Agent 2 (SHUCT)
Winning score (between 0 and 1) : N=1, mean=1 (+/-0).
P1: N=0, mean=0 (+/-0).
P2: N=1, mean=1 (+/-0).
Game Durations: N=1, mean=30 (+/-0).
P1: N=0, mean=0 (+/-0).
P2: N=1, mean=30 (+/-0).
=====================================================
=====================================================
Completed 2 games.

Agent 1 (Example UCT)
Winning score (between 0 and 1) : N=2, mean=0 (+/-0).
P1: N=1, mean=0 (+/-0).
P2: N=1, mean=0 (+/-0).
Game Durations: N=2, mean=34.5 (+/-8.81982).
P1: N=1, mean=30 (+/-0).
P2: N=1, mean=39 (+/-0).

Agent 2 (SHUCT)
Winning score (between 0 and 1) : N=2, mean=1 (+/-0).
P1: N=1, mean=1 (+/-0).
P2: N=1, mean=1 (+/-0).
Game Durations: N=2, mean=34.5 (+/-8.81982).
P1: N=1, mean=39 (+/-0).
P2: N=1, mean=30 (+/-0).
=====================================================
=====================================================
Completed 3 games.

Agent 1 (Example UCT)
Winning score (between 0 and 1) : N=3, mean=0.333333 (+/-0.65332).
P1: N=2, mean=0.5 (+/-0.97998).
P2: N=1, mean=0 (+/-0).
Game Durations: N=3, mean=33.333333 (+/-5.581969).
P1: N=2, mean=30.5 (+/-0.97998).
P2: N=1, mean=39 (+/-0).

Agent 2 (SHUCT)
Winning score (between 0 and 1) : N=3, mean=0.666667 (+/-0.65332).
P1: N=1, mean=1 (+/-0).
P2: N=2, mean=0.5 (+/-0.97998).
Game Durations: N=3, mean=33.333333 (+/-5.581969).
P1: N=1, mean=39 (+/-0).
P2: N=2, mean=30.5 (+/-0.97998).
=====================================================
=====================================================
Completed 4 games.

Agent 1 (Example UCT)
Winning score (between 0 and 1) : N=4, mean=0.5 (+/-0.565792).
P1: N=2, mean=0.5 (+/-0.97998).
P2: N=2, mean=0.5 (+/-0.97998).
Game Durations: N=4, mean=33.5 (+/-3.960542).
P1: N=2, mean=30.5 (+/-0.97998).
P2: N=2, mean=36.5 (+/-4.8999).

Agent 2 (SHUCT)
Winning score (between 0 and 1) : N=4, mean=0.5 (+/-0.565792).
P1: N=2, mean=0.5 (+/-0.97998).
P2: N=2, mean=0.5 (+/-0.97998).
Game Durations: N=4, mean=33.5 (+/-3.960542).
P1: N=2, mean=36.5 (+/-4.8999).
P2: N=2, mean=30.5 (+/-0.97998).
=====================================================
=====================================================
Completed 5 games.

Agent 1 (Example UCT)
Winning score (between 0 and 1) : N=5, mean=0.6 (+/-0.48009).
P1: N=3, mean=0.666667 (+/-0.65332).
P2: N=2, mean=0.5 (+/-0.97998).
Game Durations: N=5, mean=33.8 (+/-3.123662).
P1: N=3, mean=32 (+/-2.993888).
P2: N=2, mean=36.5 (+/-4.8999).

Agent 2 (SHUCT)
Winning score (between 0 and 1) : N=5, mean=0.4 (+/-0.48009).
P1: N=2, mean=0.5 (+/-0.97998).
P2: N=3, mean=0.333333 (+/-0.65332).
Game Durations: N=5, mean=33.8 (+/-3.123662).
P1: N=2, mean=36.5 (+/-4.8999).
P2: N=3, mean=32 (+/-2.993888).
=====================================================
=====================================================
Completed 10 games.

Agent 1 (Example UCT)
Winning score (between 0 and 1) : N=10, mean=0.7 (+/-0.299389).
P1: N=5, mean=0.6 (+/-0.48009).
P2: N=5, mean=0.8 (+/-0.391992).
Game Durations: N=10, mean=34 (+/-1.600301).
P1: N=5, mean=32.6 (+/-2.017902).
P2: N=5, mean=35.4 (+/-1.920361).

Agent 2 (SHUCT)
Winning score (between 0 and 1) : N=10, mean=0.3 (+/-0.299389).
P1: N=5, mean=0.2 (+/-0.391992).
P2: N=5, mean=0.4 (+/-0.48009).
Game Durations: N=10, mean=34 (+/-1.600301).
P1: N=5, mean=35.4 (+/-1.920361).
P2: N=5, mean=32.6 (+/-2.017902).
=====================================================
=====================================================
Completed 20 games.

Agent 1 (Example UCT)
Winning score (between 0 and 1) : N=20, mean=0.6 (+/-0.22028).
P1: N=10, mean=0.5 (+/-0.32666).
P2: N=10, mean=0.7 (+/-0.299389).
Game Durations: N=20, mean=34.3 (+/-1.129497).
P1: N=10, mean=33.7 (+/-1.849023).
P2: N=10, mean=34.9 (+/-1.288548).

Agent 2 (SHUCT)
Winning score (between 0 and 1) : N=20, mean=0.4 (+/-0.22028).
P1: N=10, mean=0.3 (+/-0.299389).
P2: N=10, mean=0.5 (+/-0.32666).
Game Durations: N=20, mean=34.3 (+/-1.129497).
P1: N=10, mean=34.9 (+/-1.288548).
P2: N=10, mean=33.7 (+/-1.849023).
=====================================================
=====================================================
Completed 30 games.

Agent 1 (Example UCT)
Winning score (between 0 and 1) : N=30, mean=0.6 (+/-0.178301).
P1: N=15, mean=0.4 (+/-0.256619).
P2: N=15, mean=0.8 (+/-0.209529).
Game Durations: N=30, mean=34.033333 (+/-0.843054).
P1: N=15, mean=33.6 (+/-1.236633).
P2: N=15, mean=34.466667 (+/-1.145508).

Agent 2 (SHUCT)
Winning score (between 0 and 1) : N=30, mean=0.4 (+/-0.178301).
P1: N=15, mean=0.2 (+/-0.209529).
P2: N=15, mean=0.6 (+/-0.256619).
Game Durations: N=30, mean=34.033333 (+/-0.843054).
P1: N=15, mean=34.466667 (+/-1.145508).
P2: N=15, mean=33.6 (+/-1.236633).
=====================================================
=====================================================
Completed 40 games.

Agent 1 (Example UCT)
Winning score (between 0 and 1) : N=40, mean=0.575 (+/-0.155147).
P1: N=20, mean=0.5 (+/-0.224823).
P2: N=20, mean=0.65 (+/-0.214467).
Game Durations: N=40, mean=34.175 (+/-0.67271).
P1: N=20, mean=33.8 (+/-0.970652).
P2: N=20, mean=34.55 (+/-0.926696).

Agent 2 (SHUCT)
Winning score (between 0 and 1) : N=40, mean=0.425 (+/-0.155147).
P1: N=20, mean=0.35 (+/-0.214467).
P2: N=20, mean=0.5 (+/-0.224823).
Game Durations: N=40, mean=34.175 (+/-0.67271).
P1: N=20, mean=34.55 (+/-0.926696).
P2: N=20, mean=33.8 (+/-0.970652).
=====================================================
=====================================================
Completed 50 games.

Agent 1 (Example UCT)
Winning score (between 0 and 1) : N=50, mean=0.52 (+/-0.139885).
P1: N=25, mean=0.44 (+/-0.198592).
P2: N=25, mean=0.6 (+/-0.195996).
Game Durations: N=50, mean=34.1 (+/-0.658433).
P1: N=25, mean=33.8 (+/-0.854327).
P2: N=25, mean=34.4 (+/-1.005773).

Agent 2 (SHUCT)
Winning score (between 0 and 1) : N=50, mean=0.48 (+/-0.139885).
P1: N=25, mean=0.4 (+/-0.195996).
P2: N=25, mean=0.56 (+/-0.198592).
Game Durations: N=50, mean=34.1 (+/-0.658433).
P1: N=25, mean=34.4 (+/-1.005773).
P2: N=25, mean=33.8 (+/-0.854327).
=====================================================
=====================================================
Completed 60 games.

Agent 1 (Example UCT)
Winning score (between 0 and 1) : N=60, mean=0.466667 (+/-0.127299).
P1: N=30, mean=0.433333 (+/-0.180353).
P2: N=30, mean=0.5 (+/-0.181978).
Game Durations: N=60, mean=34.066667 (+/-0.577874).
P1: N=30, mean=33.833333 (+/-0.786701).
P2: N=30, mean=34.3 (+/-0.851739).

Agent 2 (SHUCT)
Winning score (between 0 and 1) : N=60, mean=0.533333 (+/-0.127299).
P1: N=30, mean=0.5 (+/-0.181978).
P2: N=30, mean=0.566667 (+/-0.180353).
Game Durations: N=60, mean=34.066667 (+/-0.577874).
P1: N=30, mean=34.3 (+/-0.851739).
P2: N=30, mean=33.833333 (+/-0.786701).
=====================================================
=====================================================
Completed 70 games.

Agent 1 (Example UCT)
Winning score (between 0 and 1) : N=70, mean=0.457143 (+/-0.117542).
P1: N=35, mean=0.4 (+/-0.16467).
P2: N=35, mean=0.514286 (+/-0.167997).
Game Durations: N=70, mean=34.128571 (+/-0.536455).
P1: N=35, mean=34.114286 (+/-0.748475).
P2: N=35, mean=34.142857 (+/-0.779619).

Agent 2 (SHUCT)
Winning score (between 0 and 1) : N=70, mean=0.542857 (+/-0.117542).
P1: N=35, mean=0.485714 (+/-0.167997).
P2: N=35, mean=0.6 (+/-0.16467).
Game Durations: N=70, mean=34.128571 (+/-0.536455).
P1: N=35, mean=34.142857 (+/-0.779619).
P2: N=35, mean=34.114286 (+/-0.748475).
=====================================================
=====================================================
Completed 80 games.

Agent 1 (Example UCT)
Winning score (between 0 and 1) : N=80, mean=0.475 (+/-0.110118).
P1: N=40, mean=0.45 (+/-0.156136).
P2: N=40, mean=0.5 (+/-0.156922).
Game Durations: N=80, mean=34.225 (+/-0.501606).
P1: N=40, mean=34.2 (+/-0.70248).
P2: N=40, mean=34.25 (+/-0.725077).

Agent 2 (SHUCT)
Winning score (between 0 and 1) : N=80, mean=0.525 (+/-0.110118).
P1: N=40, mean=0.5 (+/-0.156922).
P2: N=40, mean=0.55 (+/-0.156136).
Game Durations: N=80, mean=34.225 (+/-0.501606).
P1: N=40, mean=34.25 (+/-0.725077).
P2: N=40, mean=34.2 (+/-0.70248).
=====================================================
=====================================================
Completed 90 games.

Agent 1 (Example UCT)
Winning score (between 0 and 1) : N=90, mean=0.5 (+/-0.103878).
P1: N=45, mean=0.488889 (+/-0.147701).
P2: N=45, mean=0.511111 (+/-0.147701).
Game Durations: N=90, mean=34.266667 (+/-0.470505).
P1: N=45, mean=34.4 (+/-0.674938).
P2: N=45, mean=34.133333 (+/-0.660996).

Agent 2 (SHUCT)
Winning score (between 0 and 1) : N=90, mean=0.5 (+/-0.103878).
P1: N=45, mean=0.488889 (+/-0.147701).
P2: N=45, mean=0.511111 (+/-0.147701).
Game Durations: N=90, mean=34.266667 (+/-0.470505).
P1: N=45, mean=34.133333 (+/-0.660996).
P2: N=45, mean=34.4 (+/-0.674938).
=====================================================
=====================================================
Completed 100 games.

Agent 1 (Example UCT)
Winning score (between 0 and 1) : N=100, mean=0.51 (+/-0.098472).
P1: N=50, mean=0.48 (+/-0.139885).
P2: N=50, mean=0.54 (+/-0.139548).
Game Durations: N=100, mean=34.21 (+/-0.446848).
P1: N=50, mean=34.36 (+/-0.635433).
P2: N=50, mean=34.06 (+/-0.632093).

Agent 2 (SHUCT)
Winning score (between 0 and 1) : N=100, mean=0.49 (+/-0.098472).
P1: N=50, mean=0.46 (+/-0.139548).
P2: N=50, mean=0.52 (+/-0.139885).
Game Durations: N=100, mean=34.21 (+/-0.446848).
P1: N=50, mean=34.06 (+/-0.632093).
P2: N=50, mean=34.36 (+/-0.635433).
=====================================================
=====================================================
Completed 110 games.

Agent 1 (Example UCT)
Winning score (between 0 and 1) : N=110, mean=0.463636 (+/-0.093616).
P1: N=55, mean=0.436364 (+/-0.132274).
P2: N=55, mean=0.490909 (+/-0.133336).
Game Durations: N=110, mean=34.109091 (+/-0.429096).
P1: N=55, mean=34.218182 (+/-0.611793).
P2: N=55, mean=34 (+/-0.606077).

Agent 2 (SHUCT)
Winning score (between 0 and 1) : N=110, mean=0.536364 (+/-0.093616).
P1: N=55, mean=0.509091 (+/-0.133336).
P2: N=55, mean=0.563636 (+/-0.132274).
Game Durations: N=110, mean=34.109091 (+/-0.429096).
P1: N=55, mean=34 (+/-0.606077).
P2: N=55, mean=34.218182 (+/-0.611793).
=====================================================
=====================================================
Completed 120 games.

Agent 1 (Example UCT)
Winning score (between 0 and 1) : N=120, mean=0.466667 (+/-0.089635).
P1: N=60, mean=0.466667 (+/-0.127299).
P2: N=60, mean=0.466667 (+/-0.127299).
Game Durations: N=120, mean=34 (+/-0.4188).
P1: N=60, mean=34.066667 (+/-0.585337).
P2: N=60, mean=33.933333 (+/-0.603591).

Agent 2 (SHUCT)
Winning score (between 0 and 1) : N=120, mean=0.533333 (+/-0.089635).
P1: N=60, mean=0.533333 (+/-0.127299).
P2: N=60, mean=0.533333 (+/-0.127299).
Game Durations: N=120, mean=34 (+/-0.4188).
P1: N=60, mean=33.933333 (+/-0.603591).
P2: N=60, mean=34.066667 (+/-0.585337).
=====================================================
=====================================================
Completed 130 games.

Agent 1 (Example UCT)
Winning score (between 0 and 1) : N=130, mean=0.469231 (+/-0.086119).
P1: N=65, mean=0.476923 (+/-0.122367).
P2: N=65, mean=0.461538 (+/-0.122135).
Game Durations: N=130, mean=33.953846 (+/-0.392845).
P1: N=65, mean=34.076923 (+/-0.542418).
P2: N=65, mean=33.830769 (+/-0.571049).

Agent 2 (SHUCT)
Winning score (between 0 and 1) : N=130, mean=0.530769 (+/-0.086119).
P1: N=65, mean=0.538462 (+/-0.122135).
P2: N=65, mean=0.523077 (+/-0.122367).
Game Durations: N=130, mean=33.953846 (+/-0.392845).
P1: N=65, mean=33.830769 (+/-0.571049).
P2: N=65, mean=34.076923 (+/-0.542418).
=====================================================
=====================================================
Completed 140 games.

Agent 1 (Example UCT)
Winning score (between 0 and 1) : N=140, mean=0.464286 (+/-0.082909).
P1: N=70, mean=0.471429 (+/-0.117783).
P2: N=70, mean=0.457143 (+/-0.117542).
Game Durations: N=140, mean=33.907143 (+/-0.382664).
P1: N=70, mean=34.1 (+/-0.538274).
P2: N=70, mean=33.714286 (+/-0.544141).

Agent 2 (SHUCT)
Winning score (between 0 and 1) : N=140, mean=0.535714 (+/-0.082909).
P1: N=70, mean=0.542857 (+/-0.117542).
P2: N=70, mean=0.528571 (+/-0.117783).
Game Durations: N=140, mean=33.907143 (+/-0.382664).
P1: N=70, mean=33.714286 (+/-0.544141).
P2: N=70, mean=34.1 (+/-0.538274).
=====================================================
=====================================================
Completed 150 games.

Agent 1 (Example UCT)
Winning score (between 0 and 1) : N=150, mean=0.48 (+/-0.080219).
P1: N=75, mean=0.493333 (+/-0.11391).
P2: N=75, mean=0.466667 (+/-0.113667).
Game Durations: N=150, mean=33.806667 (+/-0.38433).
P1: N=75, mean=33.906667 (+/-0.552075).
P2: N=75, mean=33.706667 (+/-0.537593).

Agent 2 (SHUCT)
Winning score (between 0 and 1) : N=150, mean=0.52 (+/-0.080219).
P1: N=75, mean=0.533333 (+/-0.113667).
P2: N=75, mean=0.506667 (+/-0.11391).
Game Durations: N=150, mean=33.806667 (+/-0.38433).
P1: N=75, mean=33.706667 (+/-0.537593).
P2: N=75, mean=33.906667 (+/-0.552075).
=====================================================
