Warming up...
Finished warming up!
=====================================================
Completed 1 games.

Agent 1 (UCT)
Winning score (between 0 and 1) : N=1, mean=0 (+/-0).
P1: N=0, mean=0 (+/-0).
P2: N=1, mean=0 (+/-0).
Game Durations: N=1, mean=33 (+/-0).
P1: N=0, mean=0 (+/-0).
P2: N=1, mean=33 (+/-0).

Agent 2 (SHUCT)
Winning score (between 0 and 1) : N=1, mean=1 (+/-0).
P1: N=1, mean=1 (+/-0).
P2: N=0, mean=0 (+/-0).
Game Durations: N=1, mean=33 (+/-0).
P1: N=1, mean=33 (+/-0).
P2: N=0, mean=0 (+/-0).
=====================================================
=====================================================
Completed 2 games.

Agent 1 (UCT)
Winning score (between 0 and 1) : N=2, mean=0.5 (+/-0.97998).
P1: N=1, mean=1 (+/-0).
P2: N=1, mean=0 (+/-0).
Game Durations: N=2, mean=34 (+/-1.95996).
P1: N=1, mean=35 (+/-0).
P2: N=1, mean=33 (+/-0).

Agent 2 (SHUCT)
Winning score (between 0 and 1) : N=2, mean=0.5 (+/-0.97998).
P1: N=1, mean=1 (+/-0).
P2: N=1, mean=0 (+/-0).
Game Durations: N=2, mean=34 (+/-1.95996).
P1: N=1, mean=33 (+/-0).
P2: N=1, mean=35 (+/-0).
=====================================================
=====================================================
Completed 3 games.

Agent 1 (UCT)
Winning score (between 0 and 1) : N=3, mean=0.666667 (+/-0.65332).
P1: N=1, mean=1 (+/-0).
P2: N=2, mean=0.5 (+/-0.97998).
Game Durations: N=3, mean=33.333333 (+/-1.728522).
P1: N=1, mean=35 (+/-0).
P2: N=2, mean=32.5 (+/-0.97998).

Agent 2 (SHUCT)
Winning score (between 0 and 1) : N=3, mean=0.333333 (+/-0.65332).
P1: N=2, mean=0.5 (+/-0.97998).
P2: N=1, mean=0 (+/-0).
Game Durations: N=3, mean=33.333333 (+/-1.728522).
P1: N=2, mean=32.5 (+/-0.97998).
P2: N=1, mean=35 (+/-0).
=====================================================
=====================================================
Completed 4 games.

Agent 1 (UCT)
Winning score (between 0 and 1) : N=4, mean=0.5 (+/-0.565792).
P1: N=2, mean=0.5 (+/-0.97998).
P2: N=2, mean=0.5 (+/-0.97998).
Game Durations: N=4, mean=32.5 (+/-2.039991).
P1: N=2, mean=32.5 (+/-4.8999).
P2: N=2, mean=32.5 (+/-0.97998).

Agent 2 (SHUCT)
Winning score (between 0 and 1) : N=4, mean=0.5 (+/-0.565792).
P1: N=2, mean=0.5 (+/-0.97998).
P2: N=2, mean=0.5 (+/-0.97998).
Game Durations: N=4, mean=32.5 (+/-2.039991).
P1: N=2, mean=32.5 (+/-0.97998).
P2: N=2, mean=32.5 (+/-4.8999).
=====================================================
=====================================================
Completed 5 games.

Agent 1 (UCT)
Winning score (between 0 and 1) : N=5, mean=0.4 (+/-0.48009).
P1: N=2, mean=0.5 (+/-0.97998).
P2: N=3, mean=0.333333 (+/-0.65332).
Game Durations: N=5, mean=33.4 (+/-2.368229).
P1: N=2, mean=32.5 (+/-4.8999).
P2: N=3, mean=34 (+/-2.993888).

Agent 2 (SHUCT)
Winning score (between 0 and 1) : N=5, mean=0.6 (+/-0.48009).
P1: N=3, mean=0.666667 (+/-0.65332).
P2: N=2, mean=0.5 (+/-0.97998).
Game Durations: N=5, mean=33.4 (+/-2.368229).
P1: N=3, mean=34 (+/-2.993888).
P2: N=2, mean=32.5 (+/-4.8999).
=====================================================
=====================================================
Completed 10 games.

Agent 1 (UCT)
Winning score (between 0 and 1) : N=10, mean=0.2 (+/-0.261328).
P1: N=5, mean=0.2 (+/-0.391992).
P2: N=5, mean=0.2 (+/-0.391992).
Game Durations: N=10, mean=32.7 (+/-1.491231).
P1: N=5, mean=31.4 (+/-1.920361).
P2: N=5, mean=34 (+/-1.753042).

Agent 2 (SHUCT)
Winning score (between 0 and 1) : N=10, mean=0.8 (+/-0.261328).
P1: N=5, mean=0.8 (+/-0.391992).
P2: N=5, mean=0.8 (+/-0.391992).
Game Durations: N=10, mean=32.7 (+/-1.491231).
P1: N=5, mean=34 (+/-1.753042).
P2: N=5, mean=31.4 (+/-1.920361).
=====================================================
=====================================================
Completed 20 games.

Agent 1 (UCT)
Winning score (between 0 and 1) : N=20, mean=0.2 (+/-0.179858).
P1: N=10, mean=0.2 (+/-0.261328).
P2: N=10, mean=0.2 (+/-0.261328).
Game Durations: N=20, mean=33 (+/-1.092186).
P1: N=10, mean=32.6 (+/-1.733454).
P2: N=10, mean=33.4 (+/-1.376631).

Agent 2 (SHUCT)
Winning score (between 0 and 1) : N=20, mean=0.8 (+/-0.179858).
P1: N=10, mean=0.8 (+/-0.261328).
P2: N=10, mean=0.8 (+/-0.261328).
Game Durations: N=20, mean=33 (+/-1.092186).
P1: N=10, mean=33.4 (+/-1.376631).
P2: N=10, mean=32.6 (+/-1.733454).
=====================================================
=====================================================
Completed 30 games.

Agent 1 (UCT)
Winning score (between 0 and 1) : N=30, mean=0.2 (+/-0.145582).
P1: N=15, mean=0.2 (+/-0.209529).
P2: N=15, mean=0.2 (+/-0.209529).
Game Durations: N=30, mean=32.833333 (+/-0.856563).
P1: N=15, mean=32.866667 (+/-1.403824).
P2: N=15, mean=32.8 (+/-1.03358).

Agent 2 (SHUCT)
Winning score (between 0 and 1) : N=30, mean=0.8 (+/-0.145582).
P1: N=15, mean=0.8 (+/-0.209529).
P2: N=15, mean=0.8 (+/-0.209529).
Game Durations: N=30, mean=32.833333 (+/-0.856563).
P1: N=15, mean=32.8 (+/-1.03358).
P2: N=15, mean=32.866667 (+/-1.403824).
=====================================================
=====================================================
Completed 40 games.

Agent 1 (UCT)
Winning score (between 0 and 1) : N=40, mean=0.225 (+/-0.131056).
P1: N=20, mean=0.2 (+/-0.179858).
P2: N=20, mean=0.25 (+/-0.194702).
Game Durations: N=40, mean=33.125 (+/-0.848506).
P1: N=20, mean=33.5 (+/-1.267809).
P2: N=20, mean=32.75 (+/-1.136412).

Agent 2 (SHUCT)
Winning score (between 0 and 1) : N=40, mean=0.775 (+/-0.131056).
P1: N=20, mean=0.75 (+/-0.194702).
P2: N=20, mean=0.8 (+/-0.179858).
Game Durations: N=40, mean=33.125 (+/-0.848506).
P1: N=20, mean=32.75 (+/-1.136412).
P2: N=20, mean=33.5 (+/-1.267809).
=====================================================
=====================================================
Completed 50 games.

Agent 1 (UCT)
Winning score (between 0 and 1) : N=50, mean=0.24 (+/-0.119581).
P1: N=25, mean=0.24 (+/-0.170865).
P2: N=25, mean=0.24 (+/-0.170865).
Game Durations: N=50, mean=33.22 (+/-0.732901).
P1: N=25, mean=33.36 (+/-1.060795).
P2: N=25, mean=33.08 (+/-1.030425).

Agent 2 (SHUCT)
Winning score (between 0 and 1) : N=50, mean=0.76 (+/-0.119581).
P1: N=25, mean=0.76 (+/-0.170865).
P2: N=25, mean=0.76 (+/-0.170865).
Game Durations: N=50, mean=33.22 (+/-0.732901).
P1: N=25, mean=33.08 (+/-1.030425).
P2: N=25, mean=33.36 (+/-1.060795).
=====================================================
=====================================================
Completed 60 games.

Agent 1 (UCT)
Winning score (between 0 and 1) : N=60, mean=0.233333 (+/-0.107923).
P1: N=30, mean=0.233333 (+/-0.153936).
P2: N=30, mean=0.233333 (+/-0.153936).
Game Durations: N=60, mean=33.3 (+/-0.68198).
P1: N=30, mean=33.7 (+/-0.968194).
P2: N=30, mean=32.9 (+/-0.95534).

Agent 2 (SHUCT)
Winning score (between 0 and 1) : N=60, mean=0.766667 (+/-0.107923).
P1: N=30, mean=0.766667 (+/-0.153936).
P2: N=30, mean=0.766667 (+/-0.153936).
Game Durations: N=60, mean=33.3 (+/-0.68198).
P1: N=30, mean=32.9 (+/-0.95534).
P2: N=30, mean=33.7 (+/-0.968194).
=====================================================
=====================================================
Completed 70 games.

Agent 1 (UCT)
Winning score (between 0 and 1) : N=70, mean=0.214286 (+/-0.096817).
P1: N=35, mean=0.228571 (+/-0.141145).
P2: N=35, mean=0.2 (+/-0.134452).
Game Durations: N=70, mean=33.485714 (+/-0.63656).
P1: N=35, mean=33.885714 (+/-0.879357).
P2: N=35, mean=33.085714 (+/-0.913919).

Agent 2 (SHUCT)
Winning score (between 0 and 1) : N=70, mean=0.785714 (+/-0.096817).
P1: N=35, mean=0.8 (+/-0.134452).
P2: N=35, mean=0.771429 (+/-0.141145).
Game Durations: N=70, mean=33.485714 (+/-0.63656).
P1: N=35, mean=33.085714 (+/-0.913919).
P2: N=35, mean=33.885714 (+/-0.879357).
=====================================================
=====================================================
Completed 80 games.

Agent 1 (UCT)
Winning score (between 0 and 1) : N=80, mean=0.225 (+/-0.092082).
P1: N=40, mean=0.25 (+/-0.135899).
P2: N=40, mean=0.2 (+/-0.125538).
Game Durations: N=80, mean=33.5 (+/-0.602892).
P1: N=40, mean=33.7 (+/-0.857204).
P2: N=40, mean=33.3 (+/-0.854327).

Agent 2 (SHUCT)
Winning score (between 0 and 1) : N=80, mean=0.775 (+/-0.092082).
P1: N=40, mean=0.8 (+/-0.125538).
P2: N=40, mean=0.75 (+/-0.135899).
Game Durations: N=80, mean=33.5 (+/-0.602892).
P1: N=40, mean=33.3 (+/-0.854327).
P2: N=40, mean=33.7 (+/-0.857204).
=====================================================
=====================================================
Completed 90 games.

Agent 1 (UCT)
Winning score (between 0 and 1) : N=90, mean=0.255556 (+/-0.090617).
P1: N=45, mean=0.288889 (+/-0.133923).
P2: N=45, mean=0.222222 (+/-0.122841).
Game Durations: N=90, mean=33.422222 (+/-0.565137).
P1: N=45, mean=33.622222 (+/-0.805681).
P2: N=45, mean=33.222222 (+/-0.797452).

Agent 2 (SHUCT)
Winning score (between 0 and 1) : N=90, mean=0.744444 (+/-0.090617).
P1: N=45, mean=0.777778 (+/-0.122841).
P2: N=45, mean=0.711111 (+/-0.133923).
Game Durations: N=90, mean=33.422222 (+/-0.565137).
P1: N=45, mean=33.222222 (+/-0.797452).
P2: N=45, mean=33.622222 (+/-0.805681).
=====================================================
=====================================================
Completed 100 games.

Agent 1 (UCT)
Winning score (between 0 and 1) : N=100, mean=0.25 (+/-0.085296).
P1: N=50, mean=0.28 (+/-0.125717).
P2: N=50, mean=0.22 (+/-0.115987).
Game Durations: N=100, mean=33.39 (+/-0.527014).
P1: N=50, mean=33.64 (+/-0.75911).
P2: N=50, mean=33.14 (+/-0.732301).

Agent 2 (SHUCT)
Winning score (between 0 and 1) : N=100, mean=0.75 (+/-0.085296).
P1: N=50, mean=0.78 (+/-0.115987).
P2: N=50, mean=0.72 (+/-0.125717).
Game Durations: N=100, mean=33.39 (+/-0.527014).
P1: N=50, mean=33.14 (+/-0.732301).
P2: N=50, mean=33.64 (+/-0.75911).
=====================================================
=====================================================
Completed 110 games.

Agent 1 (UCT)
Winning score (between 0 and 1) : N=110, mean=0.245455 (+/-0.080791).
P1: N=55, mean=0.290909 (+/-0.121138).
P2: N=55, mean=0.2 (+/-0.106687).
Game Durations: N=110, mean=33.436364 (+/-0.485945).
P1: N=55, mean=33.636364 (+/-0.694328).
P2: N=55, mean=33.236364 (+/-0.682302).

Agent 2 (SHUCT)
Winning score (between 0 and 1) : N=110, mean=0.754545 (+/-0.080791).
P1: N=55, mean=0.8 (+/-0.106687).
P2: N=55, mean=0.709091 (+/-0.121138).
Game Durations: N=110, mean=33.436364 (+/-0.485945).
P1: N=55, mean=33.236364 (+/-0.682302).
P2: N=55, mean=33.636364 (+/-0.694328).
=====================================================
=====================================================
Completed 120 games.

Agent 1 (UCT)
Winning score (between 0 and 1) : N=120, mean=0.266667 (+/-0.079453).
P1: N=60, mean=0.3 (+/-0.116931).
P2: N=60, mean=0.233333 (+/-0.107923).
Game Durations: N=120, mean=33.483333 (+/-0.461569).
P1: N=60, mean=33.666667 (+/-0.651657).
P2: N=60, mean=33.3 (+/-0.656027).

Agent 2 (SHUCT)
Winning score (between 0 and 1) : N=120, mean=0.733333 (+/-0.079453).
P1: N=60, mean=0.766667 (+/-0.107923).
P2: N=60, mean=0.7 (+/-0.116931).
Game Durations: N=120, mean=33.483333 (+/-0.461569).
P1: N=60, mean=33.3 (+/-0.656027).
P2: N=60, mean=33.666667 (+/-0.651657).
=====================================================
=====================================================
Completed 130 games.

Agent 1 (UCT)
Winning score (between 0 and 1) : N=130, mean=0.292308 (+/-0.078486).
P1: N=65, mean=0.323077 (+/-0.114572).
P2: N=65, mean=0.261538 (+/-0.107669).
Game Durations: N=130, mean=33.5 (+/-0.43669).
P1: N=65, mean=33.646154 (+/-0.620435).
P2: N=65, mean=33.353846 (+/-0.617451).

Agent 2 (SHUCT)
Winning score (between 0 and 1) : N=130, mean=0.707692 (+/-0.078486).
P1: N=65, mean=0.738462 (+/-0.107669).
P2: N=65, mean=0.676923 (+/-0.114572).
Game Durations: N=130, mean=33.5 (+/-0.43669).
P1: N=65, mean=33.353846 (+/-0.617451).
P2: N=65, mean=33.646154 (+/-0.620435).
=====================================================
=====================================================
Completed 140 games.

Agent 1 (UCT)
Winning score (between 0 and 1) : N=140, mean=0.292857 (+/-0.075652).
P1: N=70, mean=0.342857 (+/-0.111998).
P2: N=70, mean=0.242857 (+/-0.101178).
Game Durations: N=140, mean=33.521429 (+/-0.416064).
P1: N=70, mean=33.628571 (+/-0.57957).
P2: N=70, mean=33.414286 (+/-0.600228).

Agent 2 (SHUCT)
Winning score (between 0 and 1) : N=140, mean=0.707143 (+/-0.075652).
P1: N=70, mean=0.757143 (+/-0.101178).
P2: N=70, mean=0.657143 (+/-0.111998).
Game Durations: N=140, mean=33.521429 (+/-0.416064).
P1: N=70, mean=33.414286 (+/-0.600228).
P2: N=70, mean=33.628571 (+/-0.57957).
=====================================================
=====================================================
Completed 150 games.

Agent 1 (UCT)
Winning score (between 0 and 1) : N=150, mean=0.306667 (+/-0.074039).
P1: N=75, mean=0.373333 (+/-0.110204).
P2: N=75, mean=0.24 (+/-0.097307).
Game Durations: N=150, mean=33.5 (+/-0.396678).
P1: N=75, mean=33.68 (+/-0.552058).
P2: N=75, mean=33.32 (+/-0.570555).

Agent 2 (SHUCT)
Winning score (between 0 and 1) : N=150, mean=0.693333 (+/-0.074039).
P1: N=75, mean=0.76 (+/-0.097307).
P2: N=75, mean=0.626667 (+/-0.110204).
Game Durations: N=150, mean=33.5 (+/-0.396678).
P1: N=75, mean=33.32 (+/-0.570555).
P2: N=75, mean=33.68 (+/-0.552058).
=====================================================
