Warming up...
Finished warming up!
=====================================================
Completed 1 games.

Agent 1 (UCT)
Winning score (between 0 and 1) : N=1, mean=0 (+/-0).
P1: N=0, mean=0 (+/-0).
P2: N=1, mean=0 (+/-0).
Game Durations: N=1, mean=31 (+/-0).
P1: N=0, mean=0 (+/-0).
P2: N=1, mean=31 (+/-0).

Agent 2 (SHUCT)
Winning score (between 0 and 1) : N=1, mean=1 (+/-0).
P1: N=1, mean=1 (+/-0).
P2: N=0, mean=0 (+/-0).
Game Durations: N=1, mean=31 (+/-0).
P1: N=1, mean=31 (+/-0).
P2: N=0, mean=0 (+/-0).
=====================================================
=====================================================
Completed 2 games.

Agent 1 (UCT)
Winning score (between 0 and 1) : N=2, mean=0 (+/-0).
P1: N=1, mean=0 (+/-0).
P2: N=1, mean=0 (+/-0).
Game Durations: N=2, mean=33.5 (+/-4.8999).
P1: N=1, mean=36 (+/-0).
P2: N=1, mean=31 (+/-0).

Agent 2 (SHUCT)
Winning score (between 0 and 1) : N=2, mean=1 (+/-0).
P1: N=1, mean=1 (+/-0).
P2: N=1, mean=1 (+/-0).
Game Durations: N=2, mean=33.5 (+/-4.8999).
P1: N=1, mean=31 (+/-0).
P2: N=1, mean=36 (+/-0).
=====================================================
=====================================================
Completed 3 games.

Agent 1 (UCT)
Winning score (between 0 and 1) : N=3, mean=0 (+/-0).
P1: N=1, mean=0 (+/-0).
P2: N=2, mean=0 (+/-0).
Game Durations: N=3, mean=32.666667 (+/-3.2666).
P1: N=1, mean=36 (+/-0).
P2: N=2, mean=31 (+/-0).

Agent 2 (SHUCT)
Winning score (between 0 and 1) : N=3, mean=1 (+/-0).
P1: N=2, mean=1 (+/-0).
P2: N=1, mean=1 (+/-0).
Game Durations: N=3, mean=32.666667 (+/-3.2666).
P1: N=2, mean=31 (+/-0).
P2: N=1, mean=36 (+/-0).
=====================================================
=====================================================
Completed 4 games.

Agent 1 (UCT)
Winning score (between 0 and 1) : N=4, mean=0 (+/-0).
P1: N=2, mean=0 (+/-0).
P2: N=2, mean=0 (+/-0).
Game Durations: N=4, mean=33.5 (+/-2.828959).
P1: N=2, mean=36 (+/-0).
P2: N=2, mean=31 (+/-0).

Agent 2 (SHUCT)
Winning score (between 0 and 1) : N=4, mean=1 (+/-0).
P1: N=2, mean=1 (+/-0).
P2: N=2, mean=1 (+/-0).
Game Durations: N=4, mean=33.5 (+/-2.828959).
P1: N=2, mean=31 (+/-0).
P2: N=2, mean=36 (+/-0).
=====================================================
=====================================================
Completed 5 games.

Agent 1 (UCT)
Winning score (between 0 and 1) : N=5, mean=0.2 (+/-0.391992).
P1: N=2, mean=0 (+/-0).
P2: N=3, mean=0.333333 (+/-0.65332).
Game Durations: N=5, mean=33.6 (+/-2.20005).
P1: N=2, mean=36 (+/-0).
P2: N=3, mean=32 (+/-1.95996).

Agent 2 (SHUCT)
Winning score (between 0 and 1) : N=5, mean=0.8 (+/-0.391992).
P1: N=3, mean=0.666667 (+/-0.65332).
P2: N=2, mean=1 (+/-0).
Game Durations: N=5, mean=33.6 (+/-2.20005).
P1: N=3, mean=32 (+/-1.95996).
P2: N=2, mean=36 (+/-0).
=====================================================
=====================================================
Completed 10 games.

Agent 1 (UCT)
Winning score (between 0 and 1) : N=10, mean=0.2 (+/-0.261328).
P1: N=5, mean=0.2 (+/-0.391992).
P2: N=5, mean=0.2 (+/-0.391992).
Game Durations: N=10, mean=33.9 (+/-1.811712).
P1: N=5, mean=35.8 (+/-2.509973).
P2: N=5, mean=32 (+/-1.239588).

Agent 2 (SHUCT)
Winning score (between 0 and 1) : N=10, mean=0.8 (+/-0.261328).
P1: N=5, mean=0.8 (+/-0.391992).
P2: N=5, mean=0.8 (+/-0.391992).
Game Durations: N=10, mean=33.9 (+/-1.811712).
P1: N=5, mean=32 (+/-1.239588).
P2: N=5, mean=35.8 (+/-2.509973).
=====================================================
=====================================================
Completed 20 games.

Agent 1 (UCT)
Winning score (between 0 and 1) : N=20, mean=0.35 (+/-0.214467).
P1: N=10, mean=0.3 (+/-0.299389).
P2: N=10, mean=0.4 (+/-0.32006).
Game Durations: N=20, mean=33.85 (+/-1.103924).
P1: N=10, mean=34.7 (+/-1.778423).
P2: N=10, mean=33 (+/-1.168694).

Agent 2 (SHUCT)
Winning score (between 0 and 1) : N=20, mean=0.65 (+/-0.214467).
P1: N=10, mean=0.6 (+/-0.32006).
P2: N=10, mean=0.7 (+/-0.299389).
Game Durations: N=20, mean=33.85 (+/-1.103924).
P1: N=10, mean=33 (+/-1.168694).
P2: N=10, mean=34.7 (+/-1.778423).
=====================================================
=====================================================
Completed 30 games.

Agent 1 (UCT)
Winning score (between 0 and 1) : N=30, mean=0.433333 (+/-0.180353).
P1: N=15, mean=0.333333 (+/-0.246932).
P2: N=15, mean=0.533333 (+/-0.261328).
Game Durations: N=30, mean=33.4 (+/-0.904291).
P1: N=15, mean=33.533333 (+/-1.63274).
P2: N=15, mean=33.266667 (+/-0.843914).

Agent 2 (SHUCT)
Winning score (between 0 and 1) : N=30, mean=0.566667 (+/-0.180353).
P1: N=15, mean=0.466667 (+/-0.261328).
P2: N=15, mean=0.666667 (+/-0.246932).
Game Durations: N=30, mean=33.4 (+/-0.904291).
P1: N=15, mean=33.266667 (+/-0.843914).
P2: N=15, mean=33.533333 (+/-1.63274).
=====================================================
=====================================================
Completed 40 games.

Agent 1 (UCT)
Winning score (between 0 and 1) : N=40, mean=0.475 (+/-0.156726).
P1: N=20, mean=0.45 (+/-0.223696).
P2: N=20, mean=0.5 (+/-0.224823).
Game Durations: N=40, mean=33.725 (+/-0.742651).
P1: N=20, mean=33.95 (+/-1.291313).
P2: N=20, mean=33.5 (+/-0.759089).

Agent 2 (SHUCT)
Winning score (between 0 and 1) : N=40, mean=0.525 (+/-0.156726).
P1: N=20, mean=0.5 (+/-0.224823).
P2: N=20, mean=0.55 (+/-0.223696).
Game Durations: N=40, mean=33.725 (+/-0.742651).
P1: N=20, mean=33.5 (+/-0.759089).
P2: N=20, mean=33.95 (+/-1.291313).
=====================================================
=====================================================
Completed 50 games.

Agent 1 (UCT)
Winning score (between 0 and 1) : N=50, mean=0.52 (+/-0.139885).
P1: N=25, mean=0.52 (+/-0.199877).
P2: N=25, mean=0.52 (+/-0.199877).
Game Durations: N=50, mean=33.74 (+/-0.65019).
P1: N=25, mean=33.8 (+/-1.12021).
P2: N=25, mean=33.68 (+/-0.685706).

Agent 2 (SHUCT)
Winning score (between 0 and 1) : N=50, mean=0.48 (+/-0.139885).
P1: N=25, mean=0.48 (+/-0.199877).
P2: N=25, mean=0.48 (+/-0.199877).
Game Durations: N=50, mean=33.74 (+/-0.65019).
P1: N=25, mean=33.68 (+/-0.685706).
P2: N=25, mean=33.8 (+/-1.12021).
=====================================================
=====================================================
Completed 60 games.

Agent 1 (UCT)
Winning score (between 0 and 1) : N=60, mean=0.5 (+/-0.127583).
P1: N=30, mean=0.5 (+/-0.181978).
P2: N=30, mean=0.5 (+/-0.181978).
Game Durations: N=60, mean=33.733333 (+/-0.594534).
P1: N=30, mean=33.9 (+/-0.946051).
P2: N=30, mean=33.566667 (+/-0.732044).

Agent 2 (SHUCT)
Winning score (between 0 and 1) : N=60, mean=0.5 (+/-0.127583).
P1: N=30, mean=0.5 (+/-0.181978).
P2: N=30, mean=0.5 (+/-0.181978).
Game Durations: N=60, mean=33.733333 (+/-0.594534).
P1: N=30, mean=33.566667 (+/-0.732044).
P2: N=30, mean=33.9 (+/-0.946051).
=====================================================
=====================================================
Completed 70 games.

Agent 1 (UCT)
Winning score (between 0 and 1) : N=70, mean=0.5 (+/-0.117976).
P1: N=35, mean=0.514286 (+/-0.167997).
P2: N=35, mean=0.485714 (+/-0.167997).
Game Durations: N=70, mean=33.514286 (+/-0.552266).
P1: N=35, mean=33.542857 (+/-0.877783).
P2: N=35, mean=33.485714 (+/-0.683553).

Agent 2 (SHUCT)
Winning score (between 0 and 1) : N=70, mean=0.5 (+/-0.117976).
P1: N=35, mean=0.514286 (+/-0.167997).
P2: N=35, mean=0.485714 (+/-0.167997).
Game Durations: N=70, mean=33.514286 (+/-0.552266).
P1: N=35, mean=33.485714 (+/-0.683553).
P2: N=35, mean=33.542857 (+/-0.877783).
=====================================================
=====================================================
Completed 80 games.

Agent 1 (UCT)
Winning score (between 0 and 1) : N=80, mean=0.475 (+/-0.110118).
P1: N=40, mean=0.475 (+/-0.156726).
P2: N=40, mean=0.475 (+/-0.156726).
Game Durations: N=80, mean=33.425 (+/-0.552136).
P1: N=40, mean=33.575 (+/-0.859177).
P2: N=40, mean=33.275 (+/-0.701734).

Agent 2 (SHUCT)
Winning score (between 0 and 1) : N=80, mean=0.525 (+/-0.110118).
P1: N=40, mean=0.525 (+/-0.156726).
P2: N=40, mean=0.525 (+/-0.156726).
Game Durations: N=80, mean=33.425 (+/-0.552136).
P1: N=40, mean=33.275 (+/-0.701734).
P2: N=40, mean=33.575 (+/-0.859177).
=====================================================
=====================================================
Completed 90 games.

Agent 1 (UCT)
Winning score (between 0 and 1) : N=90, mean=0.477778 (+/-0.103775).
P1: N=45, mean=0.488889 (+/-0.147701).
P2: N=45, mean=0.466667 (+/-0.147409).
Game Durations: N=90, mean=33.4 (+/-0.524488).
P1: N=45, mean=33.6 (+/-0.776524).
P2: N=45, mean=33.2 (+/-0.70914).

Agent 2 (SHUCT)
Winning score (between 0 and 1) : N=90, mean=0.522222 (+/-0.103775).
P1: N=45, mean=0.533333 (+/-0.147409).
P2: N=45, mean=0.511111 (+/-0.147701).
Game Durations: N=90, mean=33.4 (+/-0.524488).
P1: N=45, mean=33.2 (+/-0.70914).
P2: N=45, mean=33.6 (+/-0.776524).
=====================================================
=====================================================
Completed 100 games.

Agent 1 (UCT)
Winning score (between 0 and 1) : N=100, mean=0.48 (+/-0.098413).
P1: N=50, mean=0.46 (+/-0.139548).
P2: N=50, mean=0.5 (+/-0.139997).
Game Durations: N=100, mean=33.74 (+/-0.534853).
P1: N=50, mean=33.94 (+/-0.798666).
P2: N=50, mean=33.54 (+/-0.715406).

Agent 2 (SHUCT)
Winning score (between 0 and 1) : N=100, mean=0.52 (+/-0.098413).
P1: N=50, mean=0.5 (+/-0.139997).
P2: N=50, mean=0.54 (+/-0.139548).
Game Durations: N=100, mean=33.74 (+/-0.534853).
P1: N=50, mean=33.54 (+/-0.715406).
P2: N=50, mean=33.94 (+/-0.798666).
=====================================================
=====================================================
Completed 110 games.

Agent 1 (UCT)
Winning score (between 0 and 1) : N=110, mean=0.481818 (+/-0.093803).
P1: N=55, mean=0.472727 (+/-0.13316).
P2: N=55, mean=0.490909 (+/-0.133336).
Game Durations: N=110, mean=33.636364 (+/-0.503559).
P1: N=55, mean=33.672727 (+/-0.768075).
P2: N=55, mean=33.6 (+/-0.658447).

Agent 2 (SHUCT)
Winning score (between 0 and 1) : N=110, mean=0.518182 (+/-0.093803).
P1: N=55, mean=0.509091 (+/-0.133336).
P2: N=55, mean=0.527273 (+/-0.13316).
Game Durations: N=110, mean=33.636364 (+/-0.503559).
P1: N=55, mean=33.6 (+/-0.658447).
P2: N=55, mean=33.672727 (+/-0.768075).
=====================================================
=====================================================
Completed 120 games.

Agent 1 (UCT)
Winning score (between 0 and 1) : N=120, mean=0.466667 (+/-0.089635).
P1: N=60, mean=0.45 (+/-0.126943).
P2: N=60, mean=0.483333 (+/-0.127512).
Game Durations: N=120, mean=33.65 (+/-0.497292).
P1: N=60, mean=33.716667 (+/-0.767041).
P2: N=60, mean=33.583333 (+/-0.639258).

Agent 2 (SHUCT)
Winning score (between 0 and 1) : N=120, mean=0.533333 (+/-0.089635).
P1: N=60, mean=0.516667 (+/-0.127512).
P2: N=60, mean=0.55 (+/-0.126943).
Game Durations: N=120, mean=33.65 (+/-0.497292).
P1: N=60, mean=33.583333 (+/-0.639258).
P2: N=60, mean=33.716667 (+/-0.767041).
=====================================================
=====================================================
Completed 130 games.

Agent 1 (UCT)
Winning score (between 0 and 1) : N=130, mean=0.469231 (+/-0.086119).
P1: N=65, mean=0.446154 (+/-0.121785).
P2: N=65, mean=0.492308 (+/-0.122483).
Game Durations: N=130, mean=33.753846 (+/-0.479117).
P1: N=65, mean=33.707692 (+/-0.716179).
P2: N=65, mean=33.8 (+/-0.642041).

Agent 2 (SHUCT)
Winning score (between 0 and 1) : N=130, mean=0.530769 (+/-0.086119).
P1: N=65, mean=0.507692 (+/-0.122483).
P2: N=65, mean=0.553846 (+/-0.121785).
Game Durations: N=130, mean=33.753846 (+/-0.479117).
P1: N=65, mean=33.8 (+/-0.642041).
P2: N=65, mean=33.707692 (+/-0.716179).
=====================================================
=====================================================
Completed 140 games.

Agent 1 (UCT)
Winning score (between 0 and 1) : N=140, mean=0.471429 (+/-0.082985).
P1: N=70, mean=0.457143 (+/-0.117542).
P2: N=70, mean=0.485714 (+/-0.117928).
Game Durations: N=140, mean=33.842857 (+/-0.459274).
P1: N=70, mean=33.828571 (+/-0.687299).
P2: N=70, mean=33.857143 (+/-0.614362).

Agent 2 (SHUCT)
Winning score (between 0 and 1) : N=140, mean=0.528571 (+/-0.082985).
P1: N=70, mean=0.514286 (+/-0.117928).
P2: N=70, mean=0.542857 (+/-0.117542).
Game Durations: N=140, mean=33.842857 (+/-0.459274).
P1: N=70, mean=33.857143 (+/-0.614362).
P2: N=70, mean=33.828571 (+/-0.687299).
=====================================================
=====================================================
Completed 150 games.

Agent 1 (UCT)
Winning score (between 0 and 1) : N=150, mean=0.48 (+/-0.080219).
P1: N=75, mean=0.493333 (+/-0.11391).
P2: N=75, mean=0.466667 (+/-0.113667).
Game Durations: N=150, mean=33.78 (+/-0.435159).
P1: N=75, mean=33.746667 (+/-0.650943).
P2: N=75, mean=33.813333 (+/-0.582005).

Agent 2 (SHUCT)
Winning score (between 0 and 1) : N=150, mean=0.52 (+/-0.080219).
P1: N=75, mean=0.533333 (+/-0.113667).
P2: N=75, mean=0.506667 (+/-0.11391).
Game Durations: N=150, mean=33.78 (+/-0.435159).
P1: N=75, mean=33.813333 (+/-0.582005).
P2: N=75, mean=33.746667 (+/-0.650943).
=====================================================
