Warming up...
Finished warming up!
=====================================================
Completed 1 games.

Agent 1 (Example UCT)
Winning score (between 0 and 1) : N=1, mean=1 (+/-0).
P1: N=1, mean=1 (+/-0).
P2: N=0, mean=0 (+/-0).
Game Durations: N=1, mean=37 (+/-0).
P1: N=1, mean=37 (+/-0).
P2: N=0, mean=0 (+/-0).

Agent 2 (SHUCT)
Winning score (between 0 and 1) : N=1, mean=0 (+/-0).
P1: N=0, mean=0 (+/-0).
P2: N=1, mean=0 (+/-0).
Game Durations: N=1, mean=37 (+/-0).
P1: N=0, mean=0 (+/-0).
P2: N=1, mean=37 (+/-0).
=====================================================
=====================================================
Completed 2 games.

Agent 1 (Example UCT)
Winning score (between 0 and 1) : N=2, mean=1 (+/-0).
P1: N=1, mean=1 (+/-0).
P2: N=1, mean=1 (+/-0).
Game Durations: N=2, mean=36.5 (+/-0.97998).
P1: N=1, mean=37 (+/-0).
P2: N=1, mean=36 (+/-0).

Agent 2 (SHUCT)
Winning score (between 0 and 1) : N=2, mean=0 (+/-0).
P1: N=1, mean=0 (+/-0).
P2: N=1, mean=0 (+/-0).
Game Durations: N=2, mean=36.5 (+/-0.97998).
P1: N=1, mean=36 (+/-0).
P2: N=1, mean=37 (+/-0).
=====================================================
=====================================================
Completed 3 games.

Agent 1 (Example UCT)
Winning score (between 0 and 1) : N=3, mean=1 (+/-0).
P1: N=2, mean=1 (+/-0).
P2: N=1, mean=1 (+/-0).
Game Durations: N=3, mean=33.333333 (+/-6.232276).
P1: N=2, mean=32 (+/-9.7998).
P2: N=1, mean=36 (+/-0).

Agent 2 (SHUCT)
Winning score (between 0 and 1) : N=3, mean=0 (+/-0).
P1: N=1, mean=0 (+/-0).
P2: N=2, mean=0 (+/-0).
Game Durations: N=3, mean=33.333333 (+/-6.232276).
P1: N=1, mean=36 (+/-0).
P2: N=2, mean=32 (+/-9.7998).
=====================================================
=====================================================
Completed 4 games.

Agent 1 (Example UCT)
Winning score (between 0 and 1) : N=4, mean=1 (+/-0).
P1: N=2, mean=1 (+/-0).
P2: N=2, mean=1 (+/-0).
Game Durations: N=4, mean=33.5 (+/-4.418975).
P1: N=2, mean=32 (+/-9.7998).
P2: N=2, mean=35 (+/-1.95996).

Agent 2 (SHUCT)
Winning score (between 0 and 1) : N=4, mean=0 (+/-0).
P1: N=2, mean=0 (+/-0).
P2: N=2, mean=0 (+/-0).
Game Durations: N=4, mean=33.5 (+/-4.418975).
P1: N=2, mean=35 (+/-1.95996).
P2: N=2, mean=32 (+/-9.7998).
=====================================================
=====================================================
Completed 5 games.

Agent 1 (Example UCT)
Winning score (between 0 and 1) : N=5, mean=1 (+/-0).
P1: N=3, mean=1 (+/-0).
P2: N=2, mean=1 (+/-0).
Game Durations: N=5, mean=34.2 (+/-3.687643).
P1: N=3, mean=33.666667 (+/-6.5332).
P2: N=2, mean=35 (+/-1.95996).

Agent 2 (SHUCT)
Winning score (between 0 and 1) : N=5, mean=0 (+/-0).
P1: N=2, mean=0 (+/-0).
P2: N=3, mean=0 (+/-0).
Game Durations: N=5, mean=34.2 (+/-3.687643).
P1: N=2, mean=35 (+/-1.95996).
P2: N=3, mean=33.666667 (+/-6.5332).
=====================================================
=====================================================
Completed 10 games.

Agent 1 (Example UCT)
Winning score (between 0 and 1) : N=10, mean=0.8 (+/-0.261328).
P1: N=5, mean=0.8 (+/-0.391992).
P2: N=5, mean=0.8 (+/-0.391992).
Game Durations: N=10, mean=34.1 (+/-1.903618).
P1: N=5, mean=34 (+/-3.718763).
P2: N=5, mean=34.2 (+/-1.567968).

Agent 2 (SHUCT)
Winning score (between 0 and 1) : N=10, mean=0.2 (+/-0.261328).
P1: N=5, mean=0.2 (+/-0.391992).
P2: N=5, mean=0.2 (+/-0.391992).
Game Durations: N=10, mean=34.1 (+/-1.903618).
P1: N=5, mean=34.2 (+/-1.567968).
P2: N=5, mean=34 (+/-3.718763).
=====================================================
=====================================================
Completed 20 games.

Agent 1 (Example UCT)
Winning score (between 0 and 1) : N=20, mean=0.6 (+/-0.22028).
P1: N=10, mean=0.6 (+/-0.32006).
P2: N=10, mean=0.6 (+/-0.32006).
Game Durations: N=20, mean=33.6 (+/-1.167348).
P1: N=10, mean=34 (+/-2.003041).
P2: N=10, mean=33.2 (+/-1.266834).

Agent 2 (SHUCT)
Winning score (between 0 and 1) : N=20, mean=0.4 (+/-0.22028).
P1: N=10, mean=0.4 (+/-0.32006).
P2: N=10, mean=0.4 (+/-0.32006).
Game Durations: N=20, mean=33.6 (+/-1.167348).
P1: N=10, mean=33.2 (+/-1.266834).
P2: N=10, mean=34 (+/-2.003041).
=====================================================
=====================================================
Completed 30 games.

Agent 1 (Example UCT)
Winning score (between 0 and 1) : N=30, mean=0.6 (+/-0.178301).
P1: N=15, mean=0.6 (+/-0.256619).
P2: N=15, mean=0.6 (+/-0.256619).
Game Durations: N=30, mean=33.766667 (+/-0.933522).
P1: N=15, mean=33.533333 (+/-1.492253).
P2: N=15, mean=34 (+/-1.163465).

Agent 2 (SHUCT)
Winning score (between 0 and 1) : N=30, mean=0.4 (+/-0.178301).
P1: N=15, mean=0.4 (+/-0.256619).
P2: N=15, mean=0.4 (+/-0.256619).
Game Durations: N=30, mean=33.766667 (+/-0.933522).
P1: N=15, mean=34 (+/-1.163465).
P2: N=15, mean=33.533333 (+/-1.492253).
=====================================================
=====================================================
Completed 40 games.

Agent 1 (Example UCT)
Winning score (between 0 and 1) : N=40, mean=0.6 (+/-0.153752).
P1: N=20, mean=0.65 (+/-0.214467).
P2: N=20, mean=0.55 (+/-0.223696).
Game Durations: N=40, mean=33.85 (+/-0.751099).
P1: N=20, mean=33.45 (+/-1.132848).
P2: N=20, mean=34.25 (+/-0.983841).

Agent 2 (SHUCT)
Winning score (between 0 and 1) : N=40, mean=0.4 (+/-0.153752).
P1: N=20, mean=0.45 (+/-0.223696).
P2: N=20, mean=0.35 (+/-0.214467).
Game Durations: N=40, mean=33.85 (+/-0.751099).
P1: N=20, mean=34.25 (+/-0.983841).
P2: N=20, mean=33.45 (+/-1.132848).
=====================================================
=====================================================
Completed 50 games.

Agent 1 (Example UCT)
Winning score (between 0 and 1) : N=50, mean=0.56 (+/-0.138986).
P1: N=25, mean=0.6 (+/-0.195996).
P2: N=25, mean=0.52 (+/-0.199877).
Game Durations: N=50, mean=33.98 (+/-0.702758).
P1: N=25, mean=33.72 (+/-1.064651).
P2: N=25, mean=34.24 (+/-0.928174).

Agent 2 (SHUCT)
Winning score (between 0 and 1) : N=50, mean=0.44 (+/-0.138986).
P1: N=25, mean=0.48 (+/-0.199877).
P2: N=25, mean=0.4 (+/-0.195996).
Game Durations: N=50, mean=33.98 (+/-0.702758).
P1: N=25, mean=34.24 (+/-0.928174).
P2: N=25, mean=33.72 (+/-1.064651).
=====================================================
=====================================================
Completed 60 games.

Agent 1 (Example UCT)
Winning score (between 0 and 1) : N=60, mean=0.583333 (+/-0.125798).
P1: N=30, mean=0.633333 (+/-0.175388).
P2: N=30, mean=0.533333 (+/-0.181573).
Game Durations: N=60, mean=33.95 (+/-0.646236).
P1: N=30, mean=33.633333 (+/-0.974256).
P2: N=30, mean=34.266667 (+/-0.850615).

Agent 2 (SHUCT)
Winning score (between 0 and 1) : N=60, mean=0.416667 (+/-0.125798).
P1: N=30, mean=0.466667 (+/-0.181573).
P2: N=30, mean=0.366667 (+/-0.175388).
Game Durations: N=60, mean=33.95 (+/-0.646236).
P1: N=30, mean=34.266667 (+/-0.850615).
P2: N=30, mean=33.633333 (+/-0.974256).
=====================================================
=====================================================
Completed 70 games.

Agent 1 (Example UCT)
Winning score (between 0 and 1) : N=70, mean=0.571429 (+/-0.116766).
P1: N=35, mean=0.628571 (+/-0.162414).
P2: N=35, mean=0.514286 (+/-0.167997).
Game Durations: N=70, mean=34.014286 (+/-0.593565).
P1: N=35, mean=33.657143 (+/-0.87631).
P2: N=35, mean=34.371429 (+/-0.795777).

Agent 2 (SHUCT)
Winning score (between 0 and 1) : N=70, mean=0.428571 (+/-0.116766).
P1: N=35, mean=0.485714 (+/-0.167997).
P2: N=35, mean=0.371429 (+/-0.162414).
Game Durations: N=70, mean=34.014286 (+/-0.593565).
P1: N=35, mean=34.371429 (+/-0.795777).
P2: N=35, mean=33.657143 (+/-0.87631).
=====================================================
=====================================================
Completed 80 games.

Agent 1 (Example UCT)
Winning score (between 0 and 1) : N=80, mean=0.5625 (+/-0.109392).
P1: N=40, mean=0.6 (+/-0.153752).
P2: N=40, mean=0.525 (+/-0.156726).
Game Durations: N=80, mean=33.8625 (+/-0.538728).
P1: N=40, mean=33.55 (+/-0.78131).
P2: N=40, mean=34.175 (+/-0.738994).

Agent 2 (SHUCT)
Winning score (between 0 and 1) : N=80, mean=0.4375 (+/-0.109392).
P1: N=40, mean=0.475 (+/-0.156726).
P2: N=40, mean=0.4 (+/-0.153752).
Game Durations: N=80, mean=33.8625 (+/-0.538728).
P1: N=40, mean=34.175 (+/-0.738994).
P2: N=40, mean=33.55 (+/-0.78131).
=====================================================
=====================================================
Completed 90 games.

Agent 1 (Example UCT)
Winning score (between 0 and 1) : N=90, mean=0.522222 (+/-0.103775).
P1: N=45, mean=0.555556 (+/-0.146823).
P2: N=45, mean=0.488889 (+/-0.147701).
Game Durations: N=90, mean=33.911111 (+/-0.487372).
P1: N=45, mean=33.666667 (+/-0.704749).
P2: N=45, mean=34.155556 (+/-0.673659).

Agent 2 (SHUCT)
Winning score (between 0 and 1) : N=90, mean=0.477778 (+/-0.103775).
P1: N=45, mean=0.511111 (+/-0.147701).
P2: N=45, mean=0.444444 (+/-0.146823).
Game Durations: N=90, mean=33.911111 (+/-0.487372).
P1: N=45, mean=34.155556 (+/-0.673659).
P2: N=45, mean=33.666667 (+/-0.704749).
=====================================================
=====================================================
Completed 100 games.

Agent 1 (Example UCT)
Winning score (between 0 and 1) : N=100, mean=0.53 (+/-0.098314).
P1: N=50, mean=0.56 (+/-0.138986).
P2: N=50, mean=0.5 (+/-0.139997).
Game Durations: N=100, mean=33.91 (+/-0.449273).
P1: N=50, mean=33.72 (+/-0.653149).
P2: N=50, mean=34.1 (+/-0.619161).

Agent 2 (SHUCT)
Winning score (between 0 and 1) : N=100, mean=0.47 (+/-0.098314).
P1: N=50, mean=0.5 (+/-0.139997).
P2: N=50, mean=0.44 (+/-0.138986).
Game Durations: N=100, mean=33.91 (+/-0.449273).
P1: N=50, mean=34.1 (+/-0.619161).
P2: N=50, mean=33.72 (+/-0.653149).
=====================================================
=====================================================
Completed 110 games.

Agent 1 (Example UCT)
Winning score (between 0 and 1) : N=110, mean=0.536364 (+/-0.093616).
P1: N=55, mean=0.545455 (+/-0.132806).
P2: N=55, mean=0.527273 (+/-0.13316).
Game Durations: N=110, mean=33.854545 (+/-0.418123).
P1: N=55, mean=33.709091 (+/-0.611755).
P2: N=55, mean=34 (+/-0.573173).

Agent 2 (SHUCT)
Winning score (between 0 and 1) : N=110, mean=0.463636 (+/-0.093616).
P1: N=55, mean=0.472727 (+/-0.13316).
P2: N=55, mean=0.454545 (+/-0.132806).
Game Durations: N=110, mean=33.854545 (+/-0.418123).
P1: N=55, mean=34 (+/-0.573173).
P2: N=55, mean=33.709091 (+/-0.611755).
=====================================================
=====================================================
Completed 120 games.

Agent 1 (Example UCT)
Winning score (between 0 and 1) : N=120, mean=0.516667 (+/-0.089785).
P1: N=60, mean=0.55 (+/-0.126943).
P2: N=60, mean=0.483333 (+/-0.127512).
Game Durations: N=120, mean=33.833333 (+/-0.391122).
P1: N=60, mean=33.716667 (+/-0.570741).
P2: N=60, mean=33.95 (+/-0.53812).

Agent 2 (SHUCT)
Winning score (between 0 and 1) : N=120, mean=0.483333 (+/-0.089785).
P1: N=60, mean=0.516667 (+/-0.127512).
P2: N=60, mean=0.45 (+/-0.126943).
Game Durations: N=120, mean=33.833333 (+/-0.391122).
P1: N=60, mean=33.95 (+/-0.53812).
P2: N=60, mean=33.716667 (+/-0.570741).
=====================================================
=====================================================
Completed 130 games.

Agent 1 (Example UCT)
Winning score (between 0 and 1) : N=130, mean=0.507692 (+/-0.086272).
P1: N=65, mean=0.523077 (+/-0.122367).
P2: N=65, mean=0.492308 (+/-0.122483).
Game Durations: N=130, mean=33.884615 (+/-0.377242).
P1: N=65, mean=33.723077 (+/-0.551199).
P2: N=65, mean=34.046154 (+/-0.51647).

Agent 2 (SHUCT)
Winning score (between 0 and 1) : N=130, mean=0.492308 (+/-0.086272).
P1: N=65, mean=0.507692 (+/-0.122483).
P2: N=65, mean=0.476923 (+/-0.122367).
Game Durations: N=130, mean=33.884615 (+/-0.377242).
P1: N=65, mean=34.046154 (+/-0.51647).
P2: N=65, mean=33.723077 (+/-0.551199).
=====================================================
=====================================================
Completed 140 games.

Agent 1 (Example UCT)
Winning score (between 0 and 1) : N=140, mean=0.507143 (+/-0.083112).
P1: N=70, mean=0.557143 (+/-0.117203).
P2: N=70, mean=0.457143 (+/-0.117542).
Game Durations: N=140, mean=33.878571 (+/-0.37462).
P1: N=70, mean=33.642857 (+/-0.542521).
P2: N=70, mean=34.114286 (+/-0.514697).

Agent 2 (SHUCT)
Winning score (between 0 and 1) : N=140, mean=0.492857 (+/-0.083112).
P1: N=70, mean=0.542857 (+/-0.117542).
P2: N=70, mean=0.442857 (+/-0.117203).
Game Durations: N=140, mean=33.878571 (+/-0.37462).
P1: N=70, mean=34.114286 (+/-0.514697).
P2: N=70, mean=33.642857 (+/-0.542521).
=====================================================
=====================================================
Completed 150 games.

Agent 1 (Example UCT)
Winning score (between 0 and 1) : N=150, mean=0.513333 (+/-0.080255).
P1: N=75, mean=0.573333 (+/-0.112688).
P2: N=75, mean=0.453333 (+/-0.113423).
Game Durations: N=150, mean=33.866667 (+/-0.352108).
P1: N=75, mean=33.666667 (+/-0.509241).
P2: N=75, mean=34.066667 (+/-0.485585).

Agent 2 (SHUCT)
Winning score (between 0 and 1) : N=150, mean=0.486667 (+/-0.080255).
P1: N=75, mean=0.546667 (+/-0.113423).
P2: N=75, mean=0.426667 (+/-0.112688).
Game Durations: N=150, mean=33.866667 (+/-0.352108).
P1: N=75, mean=34.066667 (+/-0.485585).
P2: N=75, mean=33.666667 (+/-0.509241).
=====================================================
