Warming up...
Finished warming up!
=====================================================
Completed 1 games.

Agent 1 (SHUCTAnyTime)
Winning score (between 0 and 1) : N=1, mean=1 (+/-0).
P1: N=1, mean=1 (+/-0).
P2: N=0, mean=0 (+/-0).
Game Durations: N=1, mean=25 (+/-0).
P1: N=1, mean=25 (+/-0).
P2: N=0, mean=0 (+/-0).

Agent 2 (SHUCT)
Winning score (between 0 and 1) : N=1, mean=0 (+/-0).
P1: N=0, mean=0 (+/-0).
P2: N=1, mean=0 (+/-0).
Game Durations: N=1, mean=25 (+/-0).
P1: N=0, mean=0 (+/-0).
P2: N=1, mean=25 (+/-0).
=====================================================
=====================================================
Completed 2 games.

Agent 1 (SHUCTAnyTime)
Winning score (between 0 and 1) : N=2, mean=0.5 (+/-0.97998).
P1: N=1, mean=1 (+/-0).
P2: N=1, mean=0 (+/-0).
Game Durations: N=2, mean=28 (+/-5.87988).
P1: N=1, mean=25 (+/-0).
P2: N=1, mean=31 (+/-0).

Agent 2 (SHUCT)
Winning score (between 0 and 1) : N=2, mean=0.5 (+/-0.97998).
P1: N=1, mean=1 (+/-0).
P2: N=1, mean=0 (+/-0).
Game Durations: N=2, mean=28 (+/-5.87988).
P1: N=1, mean=31 (+/-0).
P2: N=1, mean=25 (+/-0).
=====================================================
=====================================================
Completed 3 games.

Agent 1 (SHUCTAnyTime)
Winning score (between 0 and 1) : N=3, mean=0.666667 (+/-0.65332).
P1: N=2, mean=1 (+/-0).
P2: N=1, mean=0 (+/-0).
Game Durations: N=3, mean=27 (+/-3.91992).
P1: N=2, mean=25 (+/-0).
P2: N=1, mean=31 (+/-0).

Agent 2 (SHUCT)
Winning score (between 0 and 1) : N=3, mean=0.333333 (+/-0.65332).
P1: N=1, mean=1 (+/-0).
P2: N=2, mean=0 (+/-0).
Game Durations: N=3, mean=27 (+/-3.91992).
P1: N=1, mean=31 (+/-0).
P2: N=2, mean=25 (+/-0).
=====================================================
=====================================================
Completed 4 games.

Agent 1 (SHUCTAnyTime)
Winning score (between 0 and 1) : N=4, mean=0.5 (+/-0.565792).
P1: N=2, mean=1 (+/-0).
P2: N=2, mean=0 (+/-0).
Game Durations: N=4, mean=25 (+/-4.800902).
P1: N=2, mean=25 (+/-0).
P2: N=2, mean=25 (+/-11.75976).

Agent 2 (SHUCT)
Winning score (between 0 and 1) : N=4, mean=0.5 (+/-0.565792).
P1: N=2, mean=1 (+/-0).
P2: N=2, mean=0 (+/-0).
Game Durations: N=4, mean=25 (+/-4.800902).
P1: N=2, mean=25 (+/-11.75976).
P2: N=2, mean=25 (+/-0).
=====================================================
=====================================================
Completed 5 games.

Agent 1 (SHUCTAnyTime)
Winning score (between 0 and 1) : N=5, mean=0.4 (+/-0.48009).
P1: N=3, mean=0.666667 (+/-0.65332).
P2: N=2, mean=0 (+/-0).
Game Durations: N=5, mean=24 (+/-4.203646).
P1: N=3, mean=23.333333 (+/-3.2666).
P2: N=2, mean=25 (+/-11.75976).

Agent 2 (SHUCT)
Winning score (between 0 and 1) : N=5, mean=0.6 (+/-0.48009).
P1: N=2, mean=1 (+/-0).
P2: N=3, mean=0.333333 (+/-0.65332).
Game Durations: N=5, mean=24 (+/-4.203646).
P1: N=2, mean=25 (+/-11.75976).
P2: N=3, mean=23.333333 (+/-3.2666).
=====================================================
=====================================================
Completed 10 games.

Agent 1 (SHUCTAnyTime)
Winning score (between 0 and 1) : N=10, mean=0.6 (+/-0.32006).
P1: N=5, mean=0.6 (+/-0.48009).
P2: N=5, mean=0.6 (+/-0.48009).
Game Durations: N=10, mean=25.1 (+/-4.530575).
P1: N=5, mean=23 (+/-7.961395).
P2: N=5, mean=27.2 (+/-4.529162).

Agent 2 (SHUCT)
Winning score (between 0 and 1) : N=10, mean=0.4 (+/-0.32006).
P1: N=5, mean=0.4 (+/-0.48009).
P2: N=5, mean=0.4 (+/-0.48009).
Game Durations: N=10, mean=25.1 (+/-4.530575).
P1: N=5, mean=27.2 (+/-4.529162).
P2: N=5, mean=23 (+/-7.961395).
=====================================================
=====================================================
Completed 20 games.

Agent 1 (SHUCTAnyTime)
Winning score (between 0 and 1) : N=20, mean=0.6 (+/-0.22028).
P1: N=10, mean=0.7 (+/-0.299389).
P2: N=10, mean=0.5 (+/-0.32666).
Game Durations: N=20, mean=22.2 (+/-3.165454).
P1: N=10, mean=20.1 (+/-5.319245).
P2: N=10, mean=24.3 (+/-3.201268).

Agent 2 (SHUCT)
Winning score (between 0 and 1) : N=20, mean=0.4 (+/-0.22028).
P1: N=10, mean=0.5 (+/-0.32666).
P2: N=10, mean=0.3 (+/-0.299389).
Game Durations: N=20, mean=22.2 (+/-3.165454).
P1: N=10, mean=24.3 (+/-3.201268).
P2: N=10, mean=20.1 (+/-5.319245).
=====================================================
=====================================================
Completed 30 games.

Agent 1 (SHUCTAnyTime)
Winning score (between 0 and 1) : N=30, mean=0.566667 (+/-0.180353).
P1: N=15, mean=0.666667 (+/-0.246932).
P2: N=15, mean=0.466667 (+/-0.261328).
Game Durations: N=30, mean=21.066667 (+/-2.677705).
P1: N=15, mean=19.6 (+/-3.648244).
P2: N=15, mean=22.533333 (+/-3.900584).

Agent 2 (SHUCT)
Winning score (between 0 and 1) : N=30, mean=0.433333 (+/-0.180353).
P1: N=15, mean=0.533333 (+/-0.261328).
P2: N=15, mean=0.333333 (+/-0.246932).
Game Durations: N=30, mean=21.066667 (+/-2.677705).
P1: N=15, mean=22.533333 (+/-3.900584).
P2: N=15, mean=19.6 (+/-3.648244).
=====================================================
=====================================================
Completed 40 games.

Agent 1 (SHUCTAnyTime)
Winning score (between 0 and 1) : N=40, mean=0.525 (+/-0.156726).
P1: N=20, mean=0.65 (+/-0.214467).
P2: N=20, mean=0.4 (+/-0.22028).
Game Durations: N=40, mean=20.675 (+/-2.478567).
P1: N=20, mean=18.35 (+/-3.202522).
P2: N=20, mean=23 (+/-3.574612).

Agent 2 (SHUCT)
Winning score (between 0 and 1) : N=40, mean=0.475 (+/-0.156726).
P1: N=20, mean=0.6 (+/-0.22028).
P2: N=20, mean=0.35 (+/-0.214467).
Game Durations: N=40, mean=20.675 (+/-2.478567).
P1: N=20, mean=23 (+/-3.574612).
P2: N=20, mean=18.35 (+/-3.202522).
=====================================================
=====================================================
Completed 50 games.

Agent 1 (SHUCTAnyTime)
Winning score (between 0 and 1) : N=50, mean=0.52 (+/-0.139885).
P1: N=25, mean=0.64 (+/-0.192036).
P2: N=25, mean=0.4 (+/-0.195996).
Game Durations: N=50, mean=21.38 (+/-2.723808).
P1: N=25, mean=19.6 (+/-3.739365).
P2: N=25, mean=23.16 (+/-3.911221).

Agent 2 (SHUCT)
Winning score (between 0 and 1) : N=50, mean=0.48 (+/-0.139885).
P1: N=25, mean=0.6 (+/-0.195996).
P2: N=25, mean=0.36 (+/-0.192036).
Game Durations: N=50, mean=21.38 (+/-2.723808).
P1: N=25, mean=23.16 (+/-3.911221).
P2: N=25, mean=19.6 (+/-3.739365).
=====================================================
=====================================================
Completed 60 games.

Agent 1 (SHUCTAnyTime)
Winning score (between 0 and 1) : N=60, mean=0.5 (+/-0.127583).
P1: N=30, mean=0.633333 (+/-0.175388).
P2: N=30, mean=0.366667 (+/-0.175388).
Game Durations: N=60, mean=21.966667 (+/-2.469951).
P1: N=30, mean=20.633333 (+/-3.379738).
P2: N=30, mean=23.3 (+/-3.595799).

Agent 2 (SHUCT)
Winning score (between 0 and 1) : N=60, mean=0.5 (+/-0.127583).
P1: N=30, mean=0.633333 (+/-0.175388).
P2: N=30, mean=0.366667 (+/-0.175388).
Game Durations: N=60, mean=21.966667 (+/-2.469951).
P1: N=30, mean=23.3 (+/-3.595799).
P2: N=30, mean=20.633333 (+/-3.379738).
=====================================================
=====================================================
Completed 70 games.

Agent 1 (SHUCTAnyTime)
Winning score (between 0 and 1) : N=70, mean=0.528571 (+/-0.117783).
P1: N=35, mean=0.657143 (+/-0.159549).
P2: N=35, mean=0.4 (+/-0.16467).
Game Durations: N=70, mean=21.971429 (+/-2.240553).
P1: N=35, mean=20.6 (+/-3.03125).
P2: N=35, mean=23.342857 (+/-3.280568).

Agent 2 (SHUCT)
Winning score (between 0 and 1) : N=70, mean=0.471429 (+/-0.117783).
P1: N=35, mean=0.6 (+/-0.16467).
P2: N=35, mean=0.342857 (+/-0.159549).
Game Durations: N=70, mean=21.971429 (+/-2.240553).
P1: N=35, mean=23.342857 (+/-3.280568).
P2: N=35, mean=20.6 (+/-3.03125).
=====================================================
=====================================================
Completed 80 games.

Agent 1 (SHUCTAnyTime)
Winning score (between 0 and 1) : N=80, mean=0.5375 (+/-0.109946).
P1: N=40, mean=0.675 (+/-0.146997).
P2: N=40, mean=0.4 (+/-0.153752).
Game Durations: N=80, mean=21.9125 (+/-2.146234).
P1: N=40, mean=20.725 (+/-3.102929).
P2: N=40, mean=23.1 (+/-2.958975).

Agent 2 (SHUCT)
Winning score (between 0 and 1) : N=80, mean=0.4625 (+/-0.109946).
P1: N=40, mean=0.6 (+/-0.153752).
P2: N=40, mean=0.325 (+/-0.146997).
Game Durations: N=80, mean=21.9125 (+/-2.146234).
P1: N=40, mean=23.1 (+/-2.958975).
P2: N=40, mean=20.725 (+/-3.102929).
=====================================================
=====================================================
Completed 90 games.

Agent 1 (SHUCTAnyTime)
Winning score (between 0 and 1) : N=90, mean=0.511111 (+/-0.103852).
P1: N=45, mean=0.666667 (+/-0.139288).
P2: N=45, mean=0.355556 (+/-0.141438).
Game Durations: N=90, mean=21.633333 (+/-1.972752).
P1: N=45, mean=20.8 (+/-2.84271).
P2: N=45, mean=22.466667 (+/-2.746206).

Agent 2 (SHUCT)
Winning score (between 0 and 1) : N=90, mean=0.488889 (+/-0.103852).
P1: N=45, mean=0.644444 (+/-0.141438).
P2: N=45, mean=0.333333 (+/-0.139288).
Game Durations: N=90, mean=21.633333 (+/-1.972752).
P1: N=45, mean=22.466667 (+/-2.746206).
P2: N=45, mean=20.8 (+/-2.84271).
=====================================================
=====================================================
Completed 100 games.

Agent 1 (SHUCTAnyTime)
Winning score (between 0 and 1) : N=100, mean=0.51 (+/-0.098472).
P1: N=50, mean=0.64 (+/-0.134397).
P2: N=50, mean=0.38 (+/-0.135905).
Game Durations: N=100, mean=21.87 (+/-1.886244).
P1: N=50, mean=21.16 (+/-2.641081).
P2: N=50, mean=22.58 (+/-2.70602).

Agent 2 (SHUCT)
Winning score (between 0 and 1) : N=100, mean=0.49 (+/-0.098472).
P1: N=50, mean=0.62 (+/-0.135905).
P2: N=50, mean=0.36 (+/-0.134397).
Game Durations: N=100, mean=21.87 (+/-1.886244).
P1: N=50, mean=22.58 (+/-2.70602).
P2: N=50, mean=21.16 (+/-2.641081).
=====================================================
