Warming up...
Finished warming up!
=====================================================
Completed 1 games.

Agent 1 (SHUCTAnyTime)
Winning score (between 0 and 1) : N=1, mean=1 (+/-0).
P1: N=0, mean=0 (+/-0).
P2: N=1, mean=1 (+/-0).
Game Durations: N=1, mean=18 (+/-0).
P1: N=0, mean=0 (+/-0).
P2: N=1, mean=18 (+/-0).

Agent 2 (SHUCT)
Winning score (between 0 and 1) : N=1, mean=0 (+/-0).
P1: N=1, mean=0 (+/-0).
P2: N=0, mean=0 (+/-0).
Game Durations: N=1, mean=18 (+/-0).
P1: N=1, mean=18 (+/-0).
P2: N=0, mean=0 (+/-0).
=====================================================
=====================================================
Completed 2 games.

Agent 1 (SHUCTAnyTime)
Winning score (between 0 and 1) : N=2, mean=1 (+/-0).
P1: N=1, mean=1 (+/-0).
P2: N=1, mean=1 (+/-0).
Game Durations: N=2, mean=15.5 (+/-4.8999).
P1: N=1, mean=13 (+/-0).
P2: N=1, mean=18 (+/-0).

Agent 2 (SHUCT)
Winning score (between 0 and 1) : N=2, mean=0 (+/-0).
P1: N=1, mean=0 (+/-0).
P2: N=1, mean=0 (+/-0).
Game Durations: N=2, mean=15.5 (+/-4.8999).
P1: N=1, mean=18 (+/-0).
P2: N=1, mean=13 (+/-0).
=====================================================
=====================================================
Completed 3 games.

Agent 1 (SHUCTAnyTime)
Winning score (between 0 and 1) : N=3, mean=1 (+/-0).
P1: N=1, mean=1 (+/-0).
P2: N=2, mean=1 (+/-0).
Game Durations: N=3, mean=17.666667 (+/-5.102592).
P1: N=1, mean=13 (+/-0).
P2: N=2, mean=20 (+/-3.91992).

Agent 2 (SHUCT)
Winning score (between 0 and 1) : N=3, mean=0 (+/-0).
P1: N=2, mean=0 (+/-0).
P2: N=1, mean=0 (+/-0).
Game Durations: N=3, mean=17.666667 (+/-5.102592).
P1: N=2, mean=20 (+/-3.91992).
P2: N=1, mean=13 (+/-0).
=====================================================
=====================================================
Completed 4 games.

Agent 1 (SHUCTAnyTime)
Winning score (between 0 and 1) : N=4, mean=0.75 (+/-0.48999).
P1: N=2, mean=0.5 (+/-0.97998).
P2: N=2, mean=1 (+/-0).
Game Durations: N=4, mean=20.75 (+/-7.038367).
P1: N=2, mean=21.5 (+/-16.65966).
P2: N=2, mean=20 (+/-3.91992).

Agent 2 (SHUCT)
Winning score (between 0 and 1) : N=4, mean=0.25 (+/-0.48999).
P1: N=2, mean=0 (+/-0).
P2: N=2, mean=0.5 (+/-0.97998).
Game Durations: N=4, mean=20.75 (+/-7.038367).
P1: N=2, mean=20 (+/-3.91992).
P2: N=2, mean=21.5 (+/-16.65966).
=====================================================
=====================================================
Completed 5 games.

Agent 1 (SHUCTAnyTime)
Winning score (between 0 and 1) : N=5, mean=0.8 (+/-0.391992).
P1: N=2, mean=0.5 (+/-0.97998).
P2: N=3, mean=1 (+/-0).
Game Durations: N=5, mean=21.8 (+/-5.82738).
P1: N=2, mean=21.5 (+/-16.65966).
P2: N=3, mean=22 (+/-4.526334).

Agent 2 (SHUCT)
Winning score (between 0 and 1) : N=5, mean=0.2 (+/-0.391992).
P1: N=3, mean=0 (+/-0).
P2: N=2, mean=0.5 (+/-0.97998).
Game Durations: N=5, mean=21.8 (+/-5.82738).
P1: N=3, mean=22 (+/-4.526334).
P2: N=2, mean=21.5 (+/-16.65966).
=====================================================
=====================================================
Completed 10 games.

Agent 1 (SHUCTAnyTime)
Winning score (between 0 and 1) : N=10, mean=0.6 (+/-0.32006).
P1: N=5, mean=0.2 (+/-0.391992).
P2: N=5, mean=1 (+/-0).
Game Durations: N=10, mean=17.9 (+/-4.218343).
P1: N=5, mean=15.4 (+/-7.217338).
P2: N=5, mean=20.4 (+/-3.99755).

Agent 2 (SHUCT)
Winning score (between 0 and 1) : N=10, mean=0.4 (+/-0.32006).
P1: N=5, mean=0 (+/-0).
P2: N=5, mean=0.8 (+/-0.391992).
Game Durations: N=10, mean=17.9 (+/-4.218343).
P1: N=5, mean=20.4 (+/-3.99755).
P2: N=5, mean=15.4 (+/-7.217338).
=====================================================
=====================================================
Completed 20 games.

Agent 1 (SHUCTAnyTime)
Winning score (between 0 and 1) : N=20, mean=0.5 (+/-0.224823).
P1: N=10, mean=0.4 (+/-0.32006).
P2: N=10, mean=0.6 (+/-0.32006).
Game Durations: N=20, mean=17.3 (+/-2.641453).
P1: N=10, mean=16.8 (+/-4.400099).
P2: N=10, mean=17.8 (+/-3.144092).

Agent 2 (SHUCT)
Winning score (between 0 and 1) : N=20, mean=0.5 (+/-0.224823).
P1: N=10, mean=0.4 (+/-0.32006).
P2: N=10, mean=0.6 (+/-0.32006).
Game Durations: N=20, mean=17.3 (+/-2.641453).
P1: N=10, mean=17.8 (+/-3.144092).
P2: N=10, mean=16.8 (+/-4.400099).
=====================================================
=====================================================
Completed 30 games.

Agent 1 (SHUCTAnyTime)
Winning score (between 0 and 1) : N=30, mean=0.433333 (+/-0.180353).
P1: N=15, mean=0.4 (+/-0.256619).
P2: N=15, mean=0.466667 (+/-0.261328).
Game Durations: N=30, mean=17.333333 (+/-2.011839).
P1: N=15, mean=16.8 (+/-3.013377).
P2: N=15, mean=17.866667 (+/-2.744388).

Agent 2 (SHUCT)
Winning score (between 0 and 1) : N=30, mean=0.566667 (+/-0.180353).
P1: N=15, mean=0.533333 (+/-0.261328).
P2: N=15, mean=0.6 (+/-0.256619).
Game Durations: N=30, mean=17.333333 (+/-2.011839).
P1: N=15, mean=17.866667 (+/-2.744388).
P2: N=15, mean=16.8 (+/-3.013377).
=====================================================
=====================================================
Completed 40 games.

Agent 1 (SHUCTAnyTime)
Winning score (between 0 and 1) : N=40, mean=0.4 (+/-0.153752).
P1: N=20, mean=0.3 (+/-0.206054).
P2: N=20, mean=0.5 (+/-0.224823).
Game Durations: N=40, mean=17.55 (+/-1.587865).
P1: N=20, mean=17 (+/-2.270599).
P2: N=20, mean=18.1 (+/-2.252271).

Agent 2 (SHUCT)
Winning score (between 0 and 1) : N=40, mean=0.6 (+/-0.153752).
P1: N=20, mean=0.5 (+/-0.224823).
P2: N=20, mean=0.7 (+/-0.206054).
Game Durations: N=40, mean=17.55 (+/-1.587865).
P1: N=20, mean=18.1 (+/-2.252271).
P2: N=20, mean=17 (+/-2.270599).
=====================================================
=====================================================
Completed 50 games.

Agent 1 (SHUCTAnyTime)
Winning score (between 0 and 1) : N=50, mean=0.38 (+/-0.135905).
P1: N=25, mean=0.28 (+/-0.179633).
P2: N=25, mean=0.48 (+/-0.199877).
Game Durations: N=50, mean=17.88 (+/-1.4229).
P1: N=25, mean=17.48 (+/-2.068416).
P2: N=25, mean=18.28 (+/-1.984373).

Agent 2 (SHUCT)
Winning score (between 0 and 1) : N=50, mean=0.62 (+/-0.135905).
P1: N=25, mean=0.52 (+/-0.199877).
P2: N=25, mean=0.72 (+/-0.179633).
Game Durations: N=50, mean=17.88 (+/-1.4229).
P1: N=25, mean=18.28 (+/-1.984373).
P2: N=25, mean=17.48 (+/-2.068416).
=====================================================
=====================================================
Completed 60 games.

Agent 1 (SHUCTAnyTime)
Winning score (between 0 and 1) : N=60, mean=0.416667 (+/-0.125798).
P1: N=30, mean=0.3 (+/-0.166785).
P2: N=30, mean=0.533333 (+/-0.181573).
Game Durations: N=60, mean=17.916667 (+/-1.242466).
P1: N=30, mean=17.3 (+/-1.834639).
P2: N=30, mean=18.533333 (+/-1.677708).

Agent 2 (SHUCT)
Winning score (between 0 and 1) : N=60, mean=0.583333 (+/-0.125798).
P1: N=30, mean=0.466667 (+/-0.181573).
P2: N=30, mean=0.7 (+/-0.166785).
Game Durations: N=60, mean=17.916667 (+/-1.242466).
P1: N=30, mean=18.533333 (+/-1.677708).
P2: N=30, mean=17.3 (+/-1.834639).
=====================================================
=====================================================
Completed 70 games.

Agent 1 (SHUCTAnyTime)
Winning score (between 0 and 1) : N=70, mean=0.414286 (+/-0.116229).
P1: N=35, mean=0.314286 (+/-0.156042).
P2: N=35, mean=0.514286 (+/-0.167997).
Game Durations: N=70, mean=18.028571 (+/-1.169582).
P1: N=35, mean=17.514286 (+/-1.691892).
P2: N=35, mean=18.542857 (+/-1.621694).

Agent 2 (SHUCT)
Winning score (between 0 and 1) : N=70, mean=0.585714 (+/-0.116229).
P1: N=35, mean=0.485714 (+/-0.167997).
P2: N=35, mean=0.685714 (+/-0.156042).
Game Durations: N=70, mean=18.028571 (+/-1.169582).
P1: N=35, mean=18.542857 (+/-1.621694).
P2: N=35, mean=17.514286 (+/-1.691892).
=====================================================
=====================================================
Completed 80 games.

Agent 1 (SHUCTAnyTime)
Winning score (between 0 and 1) : N=80, mean=0.4 (+/-0.108029).
P1: N=40, mean=0.325 (+/-0.146997).
P2: N=40, mean=0.475 (+/-0.156726).
Game Durations: N=80, mean=17.95 (+/-1.104161).
P1: N=40, mean=17.875 (+/-1.631068).
P2: N=40, mean=18.025 (+/-1.509211).

Agent 2 (SHUCT)
Winning score (between 0 and 1) : N=80, mean=0.6 (+/-0.108029).
P1: N=40, mean=0.525 (+/-0.156726).
P2: N=40, mean=0.675 (+/-0.146997).
Game Durations: N=80, mean=17.95 (+/-1.104161).
P1: N=40, mean=18.025 (+/-1.509211).
P2: N=40, mean=17.875 (+/-1.631068).
=====================================================
=====================================================
Completed 90 games.

Agent 1 (SHUCTAnyTime)
Winning score (between 0 and 1) : N=90, mean=0.4 (+/-0.101779).
P1: N=45, mean=0.333333 (+/-0.139288).
P2: N=45, mean=0.466667 (+/-0.147409).
Game Durations: N=90, mean=18.011111 (+/-1.060025).
P1: N=45, mean=17.577778 (+/-1.489133).
P2: N=45, mean=18.444444 (+/-1.515051).

Agent 2 (SHUCT)
Winning score (between 0 and 1) : N=90, mean=0.6 (+/-0.101779).
P1: N=45, mean=0.533333 (+/-0.147409).
P2: N=45, mean=0.666667 (+/-0.139288).
Game Durations: N=90, mean=18.011111 (+/-1.060025).
P1: N=45, mean=18.444444 (+/-1.515051).
P2: N=45, mean=17.577778 (+/-1.489133).
=====================================================
=====================================================
Completed 100 games.

Agent 1 (SHUCTAnyTime)
Winning score (between 0 and 1) : N=100, mean=0.41 (+/-0.096883).
P1: N=50, mean=0.36 (+/-0.134397).
P2: N=50, mean=0.46 (+/-0.139548).
Game Durations: N=100, mean=18.23 (+/-1.026529).
P1: N=50, mean=17.68 (+/-1.397101).
P2: N=50, mean=18.78 (+/-1.50291).

Agent 2 (SHUCT)
Winning score (between 0 and 1) : N=100, mean=0.59 (+/-0.096883).
P1: N=50, mean=0.54 (+/-0.139548).
P2: N=50, mean=0.64 (+/-0.134397).
Game Durations: N=100, mean=18.23 (+/-1.026529).
P1: N=50, mean=18.78 (+/-1.50291).
P2: N=50, mean=17.68 (+/-1.397101).
=====================================================
