Warming up...
Finished warming up!
=====================================================
Completed 1 games.

Agent 1 (SHUCTAnyTime)
Winning score (between 0 and 1) : N=1, mean=1 (+/-0).
P1: N=1, mean=1 (+/-0).
P2: N=0, mean=0 (+/-0).
Game Durations: N=1, mean=27 (+/-0).
P1: N=1, mean=27 (+/-0).
P2: N=0, mean=0 (+/-0).

Agent 2 (SHUCT)
Winning score (between 0 and 1) : N=1, mean=0 (+/-0).
P1: N=0, mean=0 (+/-0).
P2: N=1, mean=0 (+/-0).
Game Durations: N=1, mean=27 (+/-0).
P1: N=0, mean=0 (+/-0).
P2: N=1, mean=27 (+/-0).
=====================================================
=====================================================
Completed 2 games.

Agent 1 (SHUCTAnyTime)
Winning score (between 0 and 1) : N=2, mean=0.5 (+/-0.97998).
P1: N=1, mean=1 (+/-0).
P2: N=1, mean=0 (+/-0).
Game Durations: N=2, mean=30 (+/-5.87988).
P1: N=1, mean=27 (+/-0).
P2: N=1, mean=33 (+/-0).

Agent 2 (SHUCT)
Winning score (between 0 and 1) : N=2, mean=0.5 (+/-0.97998).
P1: N=1, mean=1 (+/-0).
P2: N=1, mean=0 (+/-0).
Game Durations: N=2, mean=30 (+/-5.87988).
P1: N=1, mean=33 (+/-0).
P2: N=1, mean=27 (+/-0).
=====================================================
=====================================================
Completed 3 games.

Agent 1 (SHUCTAnyTime)
Winning score (between 0 and 1) : N=3, mean=0.666667 (+/-0.65332).
P1: N=2, mean=1 (+/-0).
P2: N=1, mean=0 (+/-0).
Game Durations: N=3, mean=33 (+/-6.789501).
P1: N=2, mean=33 (+/-11.75976).
P2: N=1, mean=33 (+/-0).

Agent 2 (SHUCT)
Winning score (between 0 and 1) : N=3, mean=0.333333 (+/-0.65332).
P1: N=1, mean=1 (+/-0).
P2: N=2, mean=0 (+/-0).
Game Durations: N=3, mean=33 (+/-6.789501).
P1: N=1, mean=33 (+/-0).
P2: N=2, mean=33 (+/-11.75976).
=====================================================
=====================================================
Completed 4 games.

Agent 1 (SHUCTAnyTime)
Winning score (between 0 and 1) : N=4, mean=0.5 (+/-0.565792).
P1: N=2, mean=1 (+/-0).
P2: N=2, mean=0 (+/-0).
Game Durations: N=4, mean=35 (+/-6.197938).
P1: N=2, mean=33 (+/-11.75976).
P2: N=2, mean=37 (+/-7.83984).

Agent 2 (SHUCT)
Winning score (between 0 and 1) : N=4, mean=0.5 (+/-0.565792).
P1: N=2, mean=1 (+/-0).
P2: N=2, mean=0 (+/-0).
Game Durations: N=4, mean=35 (+/-6.197938).
P1: N=2, mean=37 (+/-7.83984).
P2: N=2, mean=33 (+/-11.75976).
=====================================================
=====================================================
Completed 5 games.

Agent 1 (SHUCTAnyTime)
Winning score (between 0 and 1) : N=5, mean=0.6 (+/-0.48009).
P1: N=3, mean=1 (+/-0).
P2: N=2, mean=0 (+/-0).
Game Durations: N=5, mean=34.6 (+/-4.864493).
P1: N=3, mean=33 (+/-6.789501).
P2: N=2, mean=37 (+/-7.83984).

Agent 2 (SHUCT)
Winning score (between 0 and 1) : N=5, mean=0.4 (+/-0.48009).
P1: N=2, mean=1 (+/-0).
P2: N=3, mean=0 (+/-0).
Game Durations: N=5, mean=34.6 (+/-4.864493).
P1: N=2, mean=37 (+/-7.83984).
P2: N=3, mean=33 (+/-6.789501).
=====================================================
=====================================================
Completed 10 games.

Agent 1 (SHUCTAnyTime)
Winning score (between 0 and 1) : N=10, mean=0.6 (+/-0.32006).
P1: N=5, mean=1 (+/-0).
P2: N=5, mean=0.2 (+/-0.391992).
Game Durations: N=10, mean=31.9 (+/-5.788061).
P1: N=5, mean=27.8 (+/-8.461944).
P2: N=5, mean=36 (+/-6.845846).

Agent 2 (SHUCT)
Winning score (between 0 and 1) : N=10, mean=0.4 (+/-0.32006).
P1: N=5, mean=0.8 (+/-0.391992).
P2: N=5, mean=0 (+/-0).
Game Durations: N=10, mean=31.9 (+/-5.788061).
P1: N=5, mean=36 (+/-6.845846).
P2: N=5, mean=27.8 (+/-8.461944).
=====================================================
=====================================================
Completed 20 games.

Agent 1 (SHUCTAnyTime)
Winning score (between 0 and 1) : N=20, mean=0.55 (+/-0.223696).
P1: N=10, mean=0.9 (+/-0.195996).
P2: N=10, mean=0.2 (+/-0.261328).
Game Durations: N=20, mean=33.65 (+/-3.738487).
P1: N=10, mean=32.9 (+/-6.75452).
P2: N=10, mean=34.4 (+/-3.592666).

Agent 2 (SHUCT)
Winning score (between 0 and 1) : N=20, mean=0.45 (+/-0.223696).
P1: N=10, mean=0.8 (+/-0.261328).
P2: N=10, mean=0.1 (+/-0.195996).
Game Durations: N=20, mean=33.65 (+/-3.738487).
P1: N=10, mean=34.4 (+/-3.592666).
P2: N=10, mean=32.9 (+/-6.75452).
=====================================================
=====================================================
Completed 30 games.

Agent 1 (SHUCTAnyTime)
Winning score (between 0 and 1) : N=30, mean=0.6 (+/-0.178301).
P1: N=15, mean=0.866667 (+/-0.178065).
P2: N=15, mean=0.333333 (+/-0.246932).
Game Durations: N=30, mean=31.966667 (+/-3.219149).
P1: N=15, mean=30.733333 (+/-5.425085).
P2: N=15, mean=33.2 (+/-3.558903).

Agent 2 (SHUCT)
Winning score (between 0 and 1) : N=30, mean=0.4 (+/-0.178301).
P1: N=15, mean=0.666667 (+/-0.246932).
P2: N=15, mean=0.133333 (+/-0.178065).
Game Durations: N=30, mean=31.966667 (+/-3.219149).
P1: N=15, mean=33.2 (+/-3.558903).
P2: N=15, mean=30.733333 (+/-5.425085).
=====================================================
=====================================================
Completed 40 games.

Agent 1 (SHUCTAnyTime)
Winning score (between 0 and 1) : N=40, mean=0.55 (+/-0.156136).
P1: N=20, mean=0.8 (+/-0.179858).
P2: N=20, mean=0.3 (+/-0.206054).
Game Durations: N=40, mean=32.55 (+/-3.112408).
P1: N=20, mean=31.2 (+/-4.916583).
P2: N=20, mean=33.9 (+/-3.854646).

Agent 2 (SHUCT)
Winning score (between 0 and 1) : N=40, mean=0.45 (+/-0.156136).
P1: N=20, mean=0.7 (+/-0.206054).
P2: N=20, mean=0.2 (+/-0.179858).
Game Durations: N=40, mean=32.55 (+/-3.112408).
P1: N=20, mean=33.9 (+/-3.854646).
P2: N=20, mean=31.2 (+/-4.916583).
=====================================================
=====================================================
Completed 50 games.

Agent 1 (SHUCTAnyTime)
Winning score (between 0 and 1) : N=50, mean=0.56 (+/-0.138986).
P1: N=25, mean=0.8 (+/-0.16003).
P2: N=25, mean=0.32 (+/-0.186626).
Game Durations: N=50, mean=34.14 (+/-2.979018).
P1: N=25, mean=32.96 (+/-4.60275).
P2: N=25, mean=35.32 (+/-3.821872).

Agent 2 (SHUCT)
Winning score (between 0 and 1) : N=50, mean=0.44 (+/-0.138986).
P1: N=25, mean=0.68 (+/-0.186626).
P2: N=25, mean=0.2 (+/-0.16003).
Game Durations: N=50, mean=34.14 (+/-2.979018).
P1: N=25, mean=35.32 (+/-3.821872).
P2: N=25, mean=32.96 (+/-4.60275).
=====================================================
=====================================================
Completed 60 games.

Agent 1 (SHUCTAnyTime)
Winning score (between 0 and 1) : N=60, mean=0.533333 (+/-0.127299).
P1: N=30, mean=0.766667 (+/-0.153936).
P2: N=30, mean=0.3 (+/-0.166785).
Game Durations: N=60, mean=34 (+/-2.804495).
P1: N=30, mean=33.1 (+/-4.340439).
P2: N=30, mean=34.9 (+/-3.598499).

Agent 2 (SHUCT)
Winning score (between 0 and 1) : N=60, mean=0.466667 (+/-0.127299).
P1: N=30, mean=0.7 (+/-0.166785).
P2: N=30, mean=0.233333 (+/-0.153936).
Game Durations: N=60, mean=34 (+/-2.804495).
P1: N=30, mean=34.9 (+/-3.598499).
P2: N=30, mean=33.1 (+/-4.340439).
=====================================================
=====================================================
Completed 70 games.

Agent 1 (SHUCTAnyTime)
Winning score (between 0 and 1) : N=70, mean=0.542857 (+/-0.117542).
P1: N=35, mean=0.771429 (+/-0.141145).
P2: N=35, mean=0.314286 (+/-0.156042).
Game Durations: N=70, mean=33.871429 (+/-2.552181).
P1: N=35, mean=33.057143 (+/-3.908327).
P2: N=35, mean=34.685714 (+/-3.318556).

Agent 2 (SHUCT)
Winning score (between 0 and 1) : N=70, mean=0.457143 (+/-0.117542).
P1: N=35, mean=0.685714 (+/-0.156042).
P2: N=35, mean=0.228571 (+/-0.141145).
Game Durations: N=70, mean=33.871429 (+/-2.552181).
P1: N=35, mean=34.685714 (+/-3.318556).
P2: N=35, mean=33.057143 (+/-3.908327).
=====================================================
=====================================================
Completed 80 games.

Agent 1 (SHUCTAnyTime)
Winning score (between 0 and 1) : N=80, mean=0.5375 (+/-0.109946).
P1: N=40, mean=0.75 (+/-0.135899).
P2: N=40, mean=0.325 (+/-0.146997).
Game Durations: N=80, mean=33.4125 (+/-2.341668).
P1: N=40, mean=32.6 (+/-3.484808).
P2: N=40, mean=34.225 (+/-3.15292).

Agent 2 (SHUCT)
Winning score (between 0 and 1) : N=80, mean=0.4625 (+/-0.109946).
P1: N=40, mean=0.675 (+/-0.146997).
P2: N=40, mean=0.25 (+/-0.135899).
Game Durations: N=80, mean=33.4125 (+/-2.341668).
P1: N=40, mean=34.225 (+/-3.15292).
P2: N=40, mean=32.6 (+/-3.484808).
=====================================================
=====================================================
Completed 90 games.

Agent 1 (SHUCTAnyTime)
Winning score (between 0 and 1) : N=90, mean=0.544444 (+/-0.103466).
P1: N=45, mean=0.777778 (+/-0.122841).
P2: N=45, mean=0.311111 (+/-0.13679).
Game Durations: N=90, mean=33.866667 (+/-2.426423).
P1: N=45, mean=33.8 (+/-3.792429).
P2: N=45, mean=33.933333 (+/-3.071552).

Agent 2 (SHUCT)
Winning score (between 0 and 1) : N=90, mean=0.455556 (+/-0.103466).
P1: N=45, mean=0.688889 (+/-0.13679).
P2: N=45, mean=0.222222 (+/-0.122841).
Game Durations: N=90, mean=33.866667 (+/-2.426423).
P1: N=45, mean=33.933333 (+/-3.071552).
P2: N=45, mean=33.8 (+/-3.792429).
=====================================================
=====================================================
Completed 100 games.

Agent 1 (SHUCTAnyTime)
Winning score (between 0 and 1) : N=100, mean=0.54 (+/-0.098176).
P1: N=50, mean=0.74 (+/-0.122815).
P2: N=50, mean=0.34 (+/-0.132636).
Game Durations: N=100, mean=33.76 (+/-2.246668).
P1: N=50, mean=33.54 (+/-3.506624).
P2: N=50, mean=33.98 (+/-2.844659).

Agent 2 (SHUCT)
Winning score (between 0 and 1) : N=100, mean=0.46 (+/-0.098176).
P1: N=50, mean=0.66 (+/-0.132636).
P2: N=50, mean=0.26 (+/-0.122815).
Game Durations: N=100, mean=33.76 (+/-2.246668).
P1: N=50, mean=33.98 (+/-2.844659).
P2: N=50, mean=33.54 (+/-3.506624).
=====================================================
