Warming up...
Finished warming up!
=====================================================
Completed 1 games.

Agent 1 (SHUCTAnyTime)
Winning score (between 0 and 1) : N=1, mean=1 (+/-0).
P1: N=1, mean=1 (+/-0).
P2: N=0, mean=0 (+/-0).
Game Durations: N=1, mean=41 (+/-0).
P1: N=1, mean=41 (+/-0).
P2: N=0, mean=0 (+/-0).

Agent 2 (SHUCT)
Winning score (between 0 and 1) : N=1, mean=0 (+/-0).
P1: N=0, mean=0 (+/-0).
P2: N=1, mean=0 (+/-0).
Game Durations: N=1, mean=41 (+/-0).
P1: N=0, mean=0 (+/-0).
P2: N=1, mean=41 (+/-0).
=====================================================
=====================================================
Completed 2 games.

Agent 1 (SHUCTAnyTime)
Winning score (between 0 and 1) : N=2, mean=0.5 (+/-0.97998).
P1: N=1, mean=1 (+/-0).
P2: N=1, mean=0 (+/-0).
Game Durations: N=2, mean=41 (+/-0).
P1: N=1, mean=41 (+/-0).
P2: N=1, mean=41 (+/-0).

Agent 2 (SHUCT)
Winning score (between 0 and 1) : N=2, mean=0.5 (+/-0.97998).
P1: N=1, mean=1 (+/-0).
P2: N=1, mean=0 (+/-0).
Game Durations: N=2, mean=41 (+/-0).
P1: N=1, mean=41 (+/-0).
P2: N=1, mean=41 (+/-0).
=====================================================
=====================================================
Completed 3 games.

Agent 1 (SHUCTAnyTime)
Winning score (between 0 and 1) : N=3, mean=0.666667 (+/-0.65332).
P1: N=2, mean=1 (+/-0).
P2: N=1, mean=0 (+/-0).
Game Durations: N=3, mean=36.333333 (+/-9.14648).
P1: N=2, mean=34 (+/-13.71972).
P2: N=1, mean=41 (+/-0).

Agent 2 (SHUCT)
Winning score (between 0 and 1) : N=3, mean=0.333333 (+/-0.65332).
P1: N=1, mean=1 (+/-0).
P2: N=2, mean=0 (+/-0).
Game Durations: N=3, mean=36.333333 (+/-9.14648).
P1: N=1, mean=41 (+/-0).
P2: N=2, mean=34 (+/-13.71972).
=====================================================
=====================================================
Completed 4 games.

Agent 1 (SHUCTAnyTime)
Winning score (between 0 and 1) : N=4, mean=0.75 (+/-0.48999).
P1: N=2, mean=1 (+/-0).
P2: N=2, mean=0.5 (+/-0.97998).
Game Durations: N=4, mean=36.75 (+/-6.518893).
P1: N=2, mean=34 (+/-13.71972).
P2: N=2, mean=39.5 (+/-2.93994).

Agent 2 (SHUCT)
Winning score (between 0 and 1) : N=4, mean=0.25 (+/-0.48999).
P1: N=2, mean=0.5 (+/-0.97998).
P2: N=2, mean=0 (+/-0).
Game Durations: N=4, mean=36.75 (+/-6.518893).
P1: N=2, mean=39.5 (+/-2.93994).
P2: N=2, mean=34 (+/-13.71972).
=====================================================
=====================================================
Completed 5 games.

Agent 1 (SHUCTAnyTime)
Winning score (between 0 and 1) : N=5, mean=0.8 (+/-0.391992).
P1: N=3, mean=1 (+/-0).
P2: N=2, mean=0.5 (+/-0.97998).
Game Durations: N=5, mean=38.4 (+/-5.996325).
P1: N=3, mean=37.666667 (+/-10.695309).
P2: N=2, mean=39.5 (+/-2.93994).

Agent 2 (SHUCT)
Winning score (between 0 and 1) : N=5, mean=0.2 (+/-0.391992).
P1: N=2, mean=0.5 (+/-0.97998).
P2: N=3, mean=0 (+/-0).
Game Durations: N=5, mean=38.4 (+/-5.996325).
P1: N=2, mean=39.5 (+/-2.93994).
P2: N=3, mean=37.666667 (+/-10.695309).
=====================================================
=====================================================
Completed 10 games.

Agent 1 (SHUCTAnyTime)
Winning score (between 0 and 1) : N=10, mean=0.7 (+/-0.299389).
P1: N=5, mean=1 (+/-0).
P2: N=5, mean=0.4 (+/-0.48009).
Game Durations: N=10, mean=35.6 (+/-7.031617).
P1: N=5, mean=36.6 (+/-12.665649).
P2: N=5, mean=34.6 (+/-7.756094).

Agent 2 (SHUCT)
Winning score (between 0 and 1) : N=10, mean=0.3 (+/-0.299389).
P1: N=5, mean=0.6 (+/-0.48009).
P2: N=5, mean=0 (+/-0).
Game Durations: N=10, mean=35.6 (+/-7.031617).
P1: N=5, mean=34.6 (+/-7.756094).
P2: N=5, mean=36.6 (+/-12.665649).
=====================================================
=====================================================
Completed 20 games.

Agent 1 (SHUCTAnyTime)
Winning score (between 0 and 1) : N=20, mean=0.65 (+/-0.214467).
P1: N=10, mean=0.8 (+/-0.261328).
P2: N=10, mean=0.5 (+/-0.32666).
Game Durations: N=20, mean=36.15 (+/-4.809895).
P1: N=10, mean=33.4 (+/-8.140063).
P2: N=10, mean=38.9 (+/-4.99651).

Agent 2 (SHUCT)
Winning score (between 0 and 1) : N=20, mean=0.35 (+/-0.214467).
P1: N=10, mean=0.5 (+/-0.32666).
P2: N=10, mean=0.2 (+/-0.261328).
Game Durations: N=20, mean=36.15 (+/-4.809895).
P1: N=10, mean=38.9 (+/-4.99651).
P2: N=10, mean=33.4 (+/-8.140063).
=====================================================
=====================================================
Completed 30 games.

Agent 1 (SHUCTAnyTime)
Winning score (between 0 and 1) : N=30, mean=0.633333 (+/-0.175388).
P1: N=15, mean=0.8 (+/-0.209529).
P2: N=15, mean=0.466667 (+/-0.261328).
Game Durations: N=30, mean=34.933333 (+/-4.042946).
P1: N=15, mean=33.6 (+/-6.644621).
P2: N=15, mean=36.266667 (+/-4.752907).

Agent 2 (SHUCT)
Winning score (between 0 and 1) : N=30, mean=0.366667 (+/-0.175388).
P1: N=15, mean=0.533333 (+/-0.261328).
P2: N=15, mean=0.2 (+/-0.209529).
Game Durations: N=30, mean=34.933333 (+/-4.042946).
P1: N=15, mean=36.266667 (+/-4.752907).
P2: N=15, mean=33.6 (+/-6.644621).
=====================================================
=====================================================
Completed 40 games.

Agent 1 (SHUCTAnyTime)
Winning score (between 0 and 1) : N=40, mean=0.65 (+/-0.149694).
P1: N=20, mean=0.8 (+/-0.179858).
P2: N=20, mean=0.5 (+/-0.224823).
Game Durations: N=40, mean=34.35 (+/-3.255941).
P1: N=20, mean=33 (+/-5.425642).
P2: N=20, mean=35.7 (+/-3.653215).

Agent 2 (SHUCT)
Winning score (between 0 and 1) : N=40, mean=0.35 (+/-0.149694).
P1: N=20, mean=0.5 (+/-0.224823).
P2: N=20, mean=0.2 (+/-0.179858).
Game Durations: N=40, mean=34.35 (+/-3.255941).
P1: N=20, mean=35.7 (+/-3.653215).
P2: N=20, mean=33 (+/-5.425642).
=====================================================
=====================================================
Completed 50 games.

Agent 1 (SHUCTAnyTime)
Winning score (between 0 and 1) : N=50, mean=0.62 (+/-0.135905).
P1: N=25, mean=0.8 (+/-0.16003).
P2: N=25, mean=0.44 (+/-0.198592).
Game Durations: N=50, mean=34.64 (+/-2.711617).
P1: N=25, mean=34.08 (+/-4.509214).
P2: N=25, mean=35.2 (+/-3.096902).

Agent 2 (SHUCT)
Winning score (between 0 and 1) : N=50, mean=0.38 (+/-0.135905).
P1: N=25, mean=0.56 (+/-0.198592).
P2: N=25, mean=0.2 (+/-0.16003).
Game Durations: N=50, mean=34.64 (+/-2.711617).
P1: N=25, mean=35.2 (+/-3.096902).
P2: N=25, mean=34.08 (+/-4.509214).
=====================================================
=====================================================
Completed 60 games.

Agent 1 (SHUCTAnyTime)
Winning score (between 0 and 1) : N=60, mean=0.566667 (+/-0.126443).
P1: N=30, mean=0.766667 (+/-0.153936).
P2: N=30, mean=0.366667 (+/-0.175388).
Game Durations: N=60, mean=34.566667 (+/-2.424008).
P1: N=30, mean=34.366667 (+/-3.993).
P2: N=30, mean=34.766667 (+/-2.820257).

Agent 2 (SHUCT)
Winning score (between 0 and 1) : N=60, mean=0.433333 (+/-0.126443).
P1: N=30, mean=0.633333 (+/-0.175388).
P2: N=30, mean=0.233333 (+/-0.153936).
Game Durations: N=60, mean=34.566667 (+/-2.424008).
P1: N=30, mean=34.766667 (+/-2.820257).
P2: N=30, mean=34.366667 (+/-3.993).
=====================================================
=====================================================
Completed 70 games.

Agent 1 (SHUCTAnyTime)
Winning score (between 0 and 1) : N=70, mean=0.557143 (+/-0.117203).
P1: N=35, mean=0.771429 (+/-0.141145).
P2: N=35, mean=0.342857 (+/-0.159549).
Game Durations: N=70, mean=34.942857 (+/-2.253971).
P1: N=35, mean=34.314286 (+/-3.468846).
P2: N=35, mean=35.571429 (+/-2.915169).

Agent 2 (SHUCT)
Winning score (between 0 and 1) : N=70, mean=0.442857 (+/-0.117203).
P1: N=35, mean=0.657143 (+/-0.159549).
P2: N=35, mean=0.228571 (+/-0.141145).
Game Durations: N=70, mean=34.942857 (+/-2.253971).
P1: N=35, mean=35.571429 (+/-2.915169).
P2: N=35, mean=34.314286 (+/-3.468846).
=====================================================
=====================================================
Completed 80 games.

Agent 1 (SHUCTAnyTime)
Winning score (between 0 and 1) : N=80, mean=0.575 (+/-0.109009).
P1: N=40, mean=0.8 (+/-0.125538).
P2: N=40, mean=0.35 (+/-0.149694).
Game Durations: N=80, mean=35.2 (+/-2.147425).
P1: N=40, mean=34.7 (+/-3.108648).
P2: N=40, mean=35.7 (+/-2.994875).

Agent 2 (SHUCT)
Winning score (between 0 and 1) : N=80, mean=0.425 (+/-0.109009).
P1: N=40, mean=0.65 (+/-0.149694).
P2: N=40, mean=0.2 (+/-0.125538).
Game Durations: N=80, mean=35.2 (+/-2.147425).
P1: N=40, mean=35.7 (+/-2.994875).
P2: N=40, mean=34.7 (+/-3.108648).
=====================================================
=====================================================
Completed 90 games.

Agent 1 (SHUCTAnyTime)
Winning score (between 0 and 1) : N=90, mean=0.566667 (+/-0.10295).
P1: N=45, mean=0.777778 (+/-0.122841).
P2: N=45, mean=0.355556 (+/-0.141438).
Game Durations: N=90, mean=35.511111 (+/-1.993981).
P1: N=45, mean=35.311111 (+/-2.8524).
P2: N=45, mean=35.711111 (+/-2.818048).

Agent 2 (SHUCT)
Winning score (between 0 and 1) : N=90, mean=0.433333 (+/-0.10295).
P1: N=45, mean=0.644444 (+/-0.141438).
P2: N=45, mean=0.222222 (+/-0.122841).
Game Durations: N=90, mean=35.511111 (+/-1.993981).
P1: N=45, mean=35.711111 (+/-2.818048).
P2: N=45, mean=35.311111 (+/-2.8524).
=====================================================
=====================================================
Completed 100 games.

Agent 1 (SHUCTAnyTime)
Winning score (between 0 and 1) : N=100, mean=0.56 (+/-0.09778).
P1: N=50, mean=0.74 (+/-0.122815).
P2: N=50, mean=0.38 (+/-0.135905).
Game Durations: N=100, mean=35.52 (+/-1.872167).
P1: N=50, mean=35.42 (+/-2.614667).
P2: N=50, mean=35.62 (+/-2.706483).

Agent 2 (SHUCT)
Winning score (between 0 and 1) : N=100, mean=0.44 (+/-0.09778).
P1: N=50, mean=0.62 (+/-0.135905).
P2: N=50, mean=0.26 (+/-0.122815).
Game Durations: N=100, mean=35.52 (+/-1.872167).
P1: N=50, mean=35.62 (+/-2.706483).
P2: N=50, mean=35.42 (+/-2.614667).
=====================================================
