Warming up...
Finished warming up!
=====================================================
Completed 1 games.

Agent 1 (SHUCTAnyTime)
Winning score (between 0 and 1) : N=1, mean=0 (+/-0).
P1: N=1, mean=0 (+/-0).
P2: N=0, mean=0 (+/-0).
Game Durations: N=1, mean=30 (+/-0).
P1: N=1, mean=30 (+/-0).
P2: N=0, mean=0 (+/-0).

Agent 2 (SHUCT)
Winning score (between 0 and 1) : N=1, mean=1 (+/-0).
P1: N=0, mean=0 (+/-0).
P2: N=1, mean=1 (+/-0).
Game Durations: N=1, mean=30 (+/-0).
P1: N=0, mean=0 (+/-0).
P2: N=1, mean=30 (+/-0).
=====================================================
=====================================================
Completed 2 games.

Agent 1 (SHUCTAnyTime)
Winning score (between 0 and 1) : N=2, mean=0 (+/-0).
P1: N=1, mean=0 (+/-0).
P2: N=1, mean=0 (+/-0).
Game Durations: N=2, mean=33.5 (+/-6.85986).
P1: N=1, mean=30 (+/-0).
P2: N=1, mean=37 (+/-0).

Agent 2 (SHUCT)
Winning score (between 0 and 1) : N=2, mean=1 (+/-0).
P1: N=1, mean=1 (+/-0).
P2: N=1, mean=1 (+/-0).
Game Durations: N=2, mean=33.5 (+/-6.85986).
P1: N=1, mean=37 (+/-0).
P2: N=1, mean=30 (+/-0).
=====================================================
=====================================================
Completed 3 games.

Agent 1 (SHUCTAnyTime)
Winning score (between 0 and 1) : N=3, mean=0.333333 (+/-0.65332).
P1: N=2, mean=0.5 (+/-0.97998).
P2: N=1, mean=0 (+/-0).
Game Durations: N=3, mean=32.666667 (+/-4.284106).
P1: N=2, mean=30.5 (+/-0.97998).
P2: N=1, mean=37 (+/-0).

Agent 2 (SHUCT)
Winning score (between 0 and 1) : N=3, mean=0.666667 (+/-0.65332).
P1: N=1, mean=1 (+/-0).
P2: N=2, mean=0.5 (+/-0.97998).
Game Durations: N=3, mean=32.666667 (+/-4.284106).
P1: N=1, mean=37 (+/-0).
P2: N=2, mean=30.5 (+/-0.97998).
=====================================================
=====================================================
Completed 4 games.

Agent 1 (SHUCTAnyTime)
Winning score (between 0 and 1) : N=4, mean=0.5 (+/-0.565792).
P1: N=2, mean=0.5 (+/-0.97998).
P2: N=2, mean=0.5 (+/-0.97998).
Game Durations: N=4, mean=32.5 (+/-3.046882).
P1: N=2, mean=30.5 (+/-0.97998).
P2: N=2, mean=34.5 (+/-4.8999).

Agent 2 (SHUCT)
Winning score (between 0 and 1) : N=4, mean=0.5 (+/-0.565792).
P1: N=2, mean=0.5 (+/-0.97998).
P2: N=2, mean=0.5 (+/-0.97998).
Game Durations: N=4, mean=32.5 (+/-3.046882).
P1: N=2, mean=34.5 (+/-4.8999).
P2: N=2, mean=30.5 (+/-0.97998).
=====================================================
=====================================================
Completed 5 games.

Agent 1 (SHUCTAnyTime)
Winning score (between 0 and 1) : N=5, mean=0.6 (+/-0.48009).
P1: N=3, mean=0.666667 (+/-0.65332).
P2: N=2, mean=0.5 (+/-0.97998).
Game Durations: N=5, mean=35.8 (+/-6.885013).
P1: N=3, mean=36.666667 (+/-12.099656).
P2: N=2, mean=34.5 (+/-4.8999).

Agent 2 (SHUCT)
Winning score (between 0 and 1) : N=5, mean=0.4 (+/-0.48009).
P1: N=2, mean=0.5 (+/-0.97998).
P2: N=3, mean=0.333333 (+/-0.65332).
Game Durations: N=5, mean=35.8 (+/-6.885013).
P1: N=2, mean=34.5 (+/-4.8999).
P2: N=3, mean=36.666667 (+/-12.099656).
=====================================================
=====================================================
Completed 10 games.

Agent 1 (SHUCTAnyTime)
Winning score (between 0 and 1) : N=10, mean=0.7 (+/-0.299389).
P1: N=5, mean=0.8 (+/-0.391992).
P2: N=5, mean=0.6 (+/-0.48009).
Game Durations: N=10, mean=31.4 (+/-5.881332).
P1: N=5, mean=30.8 (+/-9.689421).
P2: N=5, mean=32 (+/-7.815302).

Agent 2 (SHUCT)
Winning score (between 0 and 1) : N=10, mean=0.3 (+/-0.299389).
P1: N=5, mean=0.4 (+/-0.48009).
P2: N=5, mean=0.2 (+/-0.391992).
Game Durations: N=10, mean=31.4 (+/-5.881332).
P1: N=5, mean=32 (+/-7.815302).
P2: N=5, mean=30.8 (+/-9.689421).
=====================================================
=====================================================
Completed 20 games.

Agent 1 (SHUCTAnyTime)
Winning score (between 0 and 1) : N=20, mean=0.75 (+/-0.194702).
P1: N=10, mean=0.9 (+/-0.195996).
P2: N=10, mean=0.6 (+/-0.32006).
Game Durations: N=20, mean=26.65 (+/-4.266365).
P1: N=10, mean=25.3 (+/-7.000286).
P2: N=10, mean=28 (+/-5.127626).

Agent 2 (SHUCT)
Winning score (between 0 and 1) : N=20, mean=0.25 (+/-0.194702).
P1: N=10, mean=0.4 (+/-0.32006).
P2: N=10, mean=0.1 (+/-0.195996).
Game Durations: N=20, mean=26.65 (+/-4.266365).
P1: N=10, mean=28 (+/-5.127626).
P2: N=10, mean=25.3 (+/-7.000286).
=====================================================
=====================================================
Completed 30 games.

Agent 1 (SHUCTAnyTime)
Winning score (between 0 and 1) : N=30, mean=0.733333 (+/-0.160947).
P1: N=15, mean=0.933333 (+/-0.130664).
P2: N=15, mean=0.533333 (+/-0.261328).
Game Durations: N=30, mean=26.166667 (+/-3.422063).
P1: N=15, mean=24.533333 (+/-4.849679).
P2: N=15, mean=27.8 (+/-4.850936).

Agent 2 (SHUCT)
Winning score (between 0 and 1) : N=30, mean=0.266667 (+/-0.160947).
P1: N=15, mean=0.466667 (+/-0.261328).
P2: N=15, mean=0.066667 (+/-0.130664).
Game Durations: N=30, mean=26.166667 (+/-3.422063).
P1: N=15, mean=27.8 (+/-4.850936).
P2: N=15, mean=24.533333 (+/-4.849679).
=====================================================
=====================================================
Completed 40 games.

Agent 1 (SHUCTAnyTime)
Winning score (between 0 and 1) : N=40, mean=0.775 (+/-0.131056).
P1: N=20, mean=0.9 (+/-0.134894).
P2: N=20, mean=0.65 (+/-0.214467).
Game Durations: N=40, mean=27.975 (+/-3.315847).
P1: N=20, mean=25.3 (+/-4.140892).
P2: N=20, mean=30.65 (+/-5.009616).

Agent 2 (SHUCT)
Winning score (between 0 and 1) : N=40, mean=0.225 (+/-0.131056).
P1: N=20, mean=0.35 (+/-0.214467).
P2: N=20, mean=0.1 (+/-0.134894).
Game Durations: N=40, mean=27.975 (+/-3.315847).
P1: N=20, mean=30.65 (+/-5.009616).
P2: N=20, mean=25.3 (+/-4.140892).
=====================================================
=====================================================
Completed 50 games.

Agent 1 (SHUCTAnyTime)
Winning score (between 0 and 1) : N=50, mean=0.78 (+/-0.115987).
P1: N=25, mean=0.92 (+/-0.108538).
P2: N=25, mean=0.64 (+/-0.192036).
Game Durations: N=50, mean=29.12 (+/-2.995096).
P1: N=25, mean=26.36 (+/-3.715111).
P2: N=25, mean=31.88 (+/-4.515457).

Agent 2 (SHUCT)
Winning score (between 0 and 1) : N=50, mean=0.22 (+/-0.115987).
P1: N=25, mean=0.36 (+/-0.192036).
P2: N=25, mean=0.08 (+/-0.108538).
Game Durations: N=50, mean=29.12 (+/-2.995096).
P1: N=25, mean=31.88 (+/-4.515457).
P2: N=25, mean=26.36 (+/-3.715111).
=====================================================
=====================================================
Completed 60 games.

Agent 1 (SHUCTAnyTime)
Winning score (between 0 and 1) : N=60, mean=0.766667 (+/-0.107923).
P1: N=30, mean=0.9 (+/-0.109187).
P2: N=30, mean=0.633333 (+/-0.175388).
Game Durations: N=60, mean=29.433333 (+/-2.633425).
P1: N=30, mean=27.833333 (+/-3.487247).
P2: N=30, mean=31.033333 (+/-3.92159).

Agent 2 (SHUCT)
Winning score (between 0 and 1) : N=60, mean=0.233333 (+/-0.107923).
P1: N=30, mean=0.366667 (+/-0.175388).
P2: N=30, mean=0.1 (+/-0.109187).
Game Durations: N=60, mean=29.433333 (+/-2.633425).
P1: N=30, mean=31.033333 (+/-3.92159).
P2: N=30, mean=27.833333 (+/-3.487247).
=====================================================
=====================================================
Completed 70 games.

Agent 1 (SHUCTAnyTime)
Winning score (between 0 and 1) : N=70, mean=0.742857 (+/-0.103125).
P1: N=35, mean=0.914286 (+/-0.094097).
P2: N=35, mean=0.571429 (+/-0.166341).
Game Durations: N=70, mean=29.842857 (+/-2.357031).
P1: N=35, mean=28.114286 (+/-3.177425).
P2: N=35, mean=31.571429 (+/-3.431904).

Agent 2 (SHUCT)
Winning score (between 0 and 1) : N=70, mean=0.257143 (+/-0.103125).
P1: N=35, mean=0.428571 (+/-0.166341).
P2: N=35, mean=0.085714 (+/-0.094097).
Game Durations: N=70, mean=29.842857 (+/-2.357031).
P1: N=35, mean=31.571429 (+/-3.431904).
P2: N=35, mean=28.114286 (+/-3.177425).
=====================================================
=====================================================
Completed 80 games.

Agent 1 (SHUCTAnyTime)
Winning score (between 0 and 1) : N=80, mean=0.7375 (+/-0.097024).
P1: N=40, mean=0.9 (+/-0.094153).
P2: N=40, mean=0.575 (+/-0.155147).
Game Durations: N=80, mean=29.5625 (+/-2.224569).
P1: N=40, mean=27.7 (+/-3.023516).
P2: N=40, mean=31.425 (+/-3.197436).

Agent 2 (SHUCT)
Winning score (between 0 and 1) : N=80, mean=0.2625 (+/-0.097024).
P1: N=40, mean=0.425 (+/-0.155147).
P2: N=40, mean=0.1 (+/-0.094153).
Game Durations: N=80, mean=29.5625 (+/-2.224569).
P1: N=40, mean=31.425 (+/-3.197436).
P2: N=40, mean=27.7 (+/-3.023516).
=====================================================
=====================================================
Completed 90 games.

Agent 1 (SHUCTAnyTime)
Winning score (between 0 and 1) : N=90, mean=0.733333 (+/-0.091873).
P1: N=45, mean=0.888889 (+/-0.092859).
P2: N=45, mean=0.577778 (+/-0.145939).
Game Durations: N=90, mean=28.744444 (+/-2.160514).
P1: N=45, mean=26.8 (+/-2.908158).
P2: N=45, mean=30.688889 (+/-3.125042).

Agent 2 (SHUCT)
Winning score (between 0 and 1) : N=90, mean=0.266667 (+/-0.091873).
P1: N=45, mean=0.422222 (+/-0.145939).
P2: N=45, mean=0.111111 (+/-0.092859).
Game Durations: N=90, mean=28.744444 (+/-2.160514).
P1: N=45, mean=30.688889 (+/-3.125042).
P2: N=45, mean=26.8 (+/-2.908158).
=====================================================
=====================================================
Completed 100 games.

Agent 1 (SHUCTAnyTime)
Winning score (between 0 and 1) : N=100, mean=0.73 (+/-0.087453).
P1: N=50, mean=0.88 (+/-0.090987).
P2: N=50, mean=0.58 (+/-0.138194).
Game Durations: N=100, mean=29.09 (+/-2.100455).
P1: N=50, mean=26.8 (+/-2.777453).
P2: N=50, mean=31.38 (+/-3.048154).

Agent 2 (SHUCT)
Winning score (between 0 and 1) : N=100, mean=0.27 (+/-0.087453).
P1: N=50, mean=0.42 (+/-0.138194).
P2: N=50, mean=0.12 (+/-0.090987).
Game Durations: N=100, mean=29.09 (+/-2.100455).
P1: N=50, mean=31.38 (+/-3.048154).
P2: N=50, mean=26.8 (+/-2.777453).
=====================================================
