Warming up...
Finished warming up!
=====================================================
Completed 1 games.

Agent 1 (SHUCTAnyTime)
Winning score (between 0 and 1) : N=1, mean=0 (+/-0).
P1: N=1, mean=0 (+/-0).
P2: N=0, mean=0 (+/-0).
Game Durations: N=1, mean=28 (+/-0).
P1: N=1, mean=28 (+/-0).
P2: N=0, mean=0 (+/-0).

Agent 2 (SHUCT)
Winning score (between 0 and 1) : N=1, mean=1 (+/-0).
P1: N=0, mean=0 (+/-0).
P2: N=1, mean=1 (+/-0).
Game Durations: N=1, mean=28 (+/-0).
P1: N=0, mean=0 (+/-0).
P2: N=1, mean=28 (+/-0).
=====================================================
=====================================================
Completed 2 games.

Agent 1 (SHUCTAnyTime)
Winning score (between 0 and 1) : N=2, mean=0 (+/-0).
P1: N=1, mean=0 (+/-0).
P2: N=1, mean=0 (+/-0).
Game Durations: N=2, mean=19.5 (+/-16.65966).
P1: N=1, mean=28 (+/-0).
P2: N=1, mean=11 (+/-0).

Agent 2 (SHUCT)
Winning score (between 0 and 1) : N=2, mean=1 (+/-0).
P1: N=1, mean=1 (+/-0).
P2: N=1, mean=1 (+/-0).
Game Durations: N=2, mean=19.5 (+/-16.65966).
P1: N=1, mean=11 (+/-0).
P2: N=1, mean=28 (+/-0).
=====================================================
=====================================================
Completed 3 games.

Agent 1 (SHUCTAnyTime)
Winning score (between 0 and 1) : N=3, mean=0.333333 (+/-0.65332).
P1: N=2, mean=0.5 (+/-0.97998).
P2: N=1, mean=0 (+/-0).
Game Durations: N=3, mean=17.333333 (+/-10.51419).
P1: N=2, mean=20.5 (+/-14.6997).
P2: N=1, mean=11 (+/-0).

Agent 2 (SHUCT)
Winning score (between 0 and 1) : N=3, mean=0.666667 (+/-0.65332).
P1: N=1, mean=1 (+/-0).
P2: N=2, mean=0.5 (+/-0.97998).
Game Durations: N=3, mean=17.333333 (+/-10.51419).
P1: N=1, mean=11 (+/-0).
P2: N=2, mean=20.5 (+/-14.6997).
=====================================================
=====================================================
Completed 4 games.

Agent 1 (SHUCTAnyTime)
Winning score (between 0 and 1) : N=4, mean=0.5 (+/-0.565792).
P1: N=2, mean=0.5 (+/-0.97998).
P2: N=2, mean=0.5 (+/-0.97998).
Game Durations: N=4, mean=18 (+/-7.548603).
P1: N=2, mean=20.5 (+/-14.6997).
P2: N=2, mean=15.5 (+/-8.81982).

Agent 2 (SHUCT)
Winning score (between 0 and 1) : N=4, mean=0.5 (+/-0.565792).
P1: N=2, mean=0.5 (+/-0.97998).
P2: N=2, mean=0.5 (+/-0.97998).
Game Durations: N=4, mean=18 (+/-7.548603).
P1: N=2, mean=15.5 (+/-8.81982).
P2: N=2, mean=20.5 (+/-14.6997).
=====================================================
=====================================================
Completed 5 games.

Agent 1 (SHUCTAnyTime)
Winning score (between 0 and 1) : N=5, mean=0.6 (+/-0.48009).
P1: N=3, mean=0.666667 (+/-0.65332).
P2: N=2, mean=0.5 (+/-0.97998).
Game Durations: N=5, mean=17.8 (+/-5.860248).
P1: N=3, mean=19.333333 (+/-8.789522).
P2: N=2, mean=15.5 (+/-8.81982).

Agent 2 (SHUCT)
Winning score (between 0 and 1) : N=5, mean=0.4 (+/-0.48009).
P1: N=2, mean=0.5 (+/-0.97998).
P2: N=3, mean=0.333333 (+/-0.65332).
Game Durations: N=5, mean=17.8 (+/-5.860248).
P1: N=2, mean=15.5 (+/-8.81982).
P2: N=3, mean=19.333333 (+/-8.789522).
=====================================================
=====================================================
Completed 10 games.

Agent 1 (SHUCTAnyTime)
Winning score (between 0 and 1) : N=10, mean=0.5 (+/-0.32666).
P1: N=5, mean=0.6 (+/-0.48009).
P2: N=5, mean=0.4 (+/-0.48009).
Game Durations: N=10, mean=16.2 (+/-3.392235).
P1: N=5, mean=16.2 (+/-6.116834).
P2: N=5, mean=16.2 (+/-3.790382).

Agent 2 (SHUCT)
Winning score (between 0 and 1) : N=10, mean=0.5 (+/-0.32666).
P1: N=5, mean=0.6 (+/-0.48009).
P2: N=5, mean=0.4 (+/-0.48009).
Game Durations: N=10, mean=16.2 (+/-3.392235).
P1: N=5, mean=16.2 (+/-3.790382).
P2: N=5, mean=16.2 (+/-6.116834).
=====================================================
=====================================================
Completed 20 games.

Agent 1 (SHUCTAnyTime)
Winning score (between 0 and 1) : N=20, mean=0.35 (+/-0.214467).
P1: N=10, mean=0.5 (+/-0.32666).
P2: N=10, mean=0.2 (+/-0.261328).
Game Durations: N=20, mean=19.55 (+/-3.604114).
P1: N=10, mean=20.5 (+/-6.554399).
P2: N=10, mean=18.6 (+/-3.333853).

Agent 2 (SHUCT)
Winning score (between 0 and 1) : N=20, mean=0.65 (+/-0.214467).
P1: N=10, mean=0.8 (+/-0.261328).
P2: N=10, mean=0.5 (+/-0.32666).
Game Durations: N=20, mean=19.55 (+/-3.604114).
P1: N=10, mean=18.6 (+/-3.333853).
P2: N=10, mean=20.5 (+/-6.554399).
=====================================================
=====================================================
Completed 30 games.

Agent 1 (SHUCTAnyTime)
Winning score (between 0 and 1) : N=30, mean=0.3 (+/-0.166785).
P1: N=15, mean=0.466667 (+/-0.261328).
P2: N=15, mean=0.133333 (+/-0.178065).
Game Durations: N=30, mean=19.133333 (+/-2.823464).
P1: N=15, mean=20.466667 (+/-5.153247).
P2: N=15, mean=17.8 (+/-2.344161).

Agent 2 (SHUCT)
Winning score (between 0 and 1) : N=30, mean=0.7 (+/-0.166785).
P1: N=15, mean=0.866667 (+/-0.178065).
P2: N=15, mean=0.533333 (+/-0.261328).
Game Durations: N=30, mean=19.133333 (+/-2.823464).
P1: N=15, mean=17.8 (+/-2.344161).
P2: N=15, mean=20.466667 (+/-5.153247).
=====================================================
=====================================================
Completed 40 games.

Agent 1 (SHUCTAnyTime)
Winning score (between 0 and 1) : N=40, mean=0.3 (+/-0.143822).
P1: N=20, mean=0.45 (+/-0.223696).
P2: N=20, mean=0.15 (+/-0.160556).
Game Durations: N=40, mean=18.55 (+/-2.311558).
P1: N=20, mean=19.85 (+/-4.022444).
P2: N=20, mean=17.25 (+/-2.252159).

Agent 2 (SHUCT)
Winning score (between 0 and 1) : N=40, mean=0.7 (+/-0.143822).
P1: N=20, mean=0.85 (+/-0.160556).
P2: N=20, mean=0.55 (+/-0.223696).
Game Durations: N=40, mean=18.55 (+/-2.311558).
P1: N=20, mean=17.25 (+/-2.252159).
P2: N=20, mean=19.85 (+/-4.022444).
=====================================================
=====================================================
Completed 50 games.

Agent 1 (SHUCTAnyTime)
Winning score (between 0 and 1) : N=50, mean=0.32 (+/-0.130611).
P1: N=25, mean=0.48 (+/-0.199877).
P2: N=25, mean=0.16 (+/-0.14667).
Game Durations: N=50, mean=18.38 (+/-2.156421).
P1: N=25, mean=19.84 (+/-3.545452).
P2: N=25, mean=16.92 (+/-2.394897).

Agent 2 (SHUCT)
Winning score (between 0 and 1) : N=50, mean=0.68 (+/-0.130611).
P1: N=25, mean=0.84 (+/-0.14667).
P2: N=25, mean=0.52 (+/-0.199877).
Game Durations: N=50, mean=18.38 (+/-2.156421).
P1: N=25, mean=16.92 (+/-2.394897).
P2: N=25, mean=19.84 (+/-3.545452).
=====================================================
=====================================================
Completed 60 games.

Agent 1 (SHUCTAnyTime)
Winning score (between 0 and 1) : N=60, mean=0.333333 (+/-0.120286).
P1: N=30, mean=0.466667 (+/-0.181573).
P2: N=30, mean=0.2 (+/-0.145582).
Game Durations: N=60, mean=18.7 (+/-1.897108).
P1: N=30, mean=20 (+/-2.967223).
P2: N=30, mean=17.4 (+/-2.3221).

Agent 2 (SHUCT)
Winning score (between 0 and 1) : N=60, mean=0.666667 (+/-0.120286).
P1: N=30, mean=0.8 (+/-0.145582).
P2: N=30, mean=0.533333 (+/-0.181573).
Game Durations: N=60, mean=18.7 (+/-1.897108).
P1: N=30, mean=17.4 (+/-2.3221).
P2: N=30, mean=20 (+/-2.967223).
=====================================================
=====================================================
Completed 70 games.

Agent 1 (SHUCTAnyTime)
Winning score (between 0 and 1) : N=70, mean=0.357143 (+/-0.113058).
P1: N=35, mean=0.485714 (+/-0.167997).
P2: N=35, mean=0.228571 (+/-0.141145).
Game Durations: N=70, mean=19.085714 (+/-1.750655).
P1: N=35, mean=20.314286 (+/-2.744616).
P2: N=35, mean=17.857143 (+/-2.136694).

Agent 2 (SHUCT)
Winning score (between 0 and 1) : N=70, mean=0.642857 (+/-0.113058).
P1: N=35, mean=0.771429 (+/-0.141145).
P2: N=35, mean=0.514286 (+/-0.167997).
Game Durations: N=70, mean=19.085714 (+/-1.750655).
P1: N=35, mean=17.857143 (+/-2.136694).
P2: N=35, mean=20.314286 (+/-2.744616).
=====================================================
=====================================================
Completed 80 games.

Agent 1 (SHUCTAnyTime)
Winning score (between 0 and 1) : N=80, mean=0.375 (+/-0.106755).
P1: N=40, mean=0.475 (+/-0.156726).
P2: N=40, mean=0.275 (+/-0.140136).
Game Durations: N=80, mean=19.4 (+/-1.824934).
P1: N=40, mean=21.325 (+/-2.895537).
P2: N=40, mean=17.475 (+/-2.092415).

Agent 2 (SHUCT)
Winning score (between 0 and 1) : N=80, mean=0.625 (+/-0.106755).
P1: N=40, mean=0.725 (+/-0.140136).
P2: N=40, mean=0.525 (+/-0.156726).
Game Durations: N=80, mean=19.4 (+/-1.824934).
P1: N=40, mean=17.475 (+/-2.092415).
P2: N=40, mean=21.325 (+/-2.895537).
=====================================================
=====================================================
Completed 90 games.

Agent 1 (SHUCTAnyTime)
Winning score (between 0 and 1) : N=90, mean=0.388889 (+/-0.10128).
P1: N=45, mean=0.511111 (+/-0.147701).
P2: N=45, mean=0.266667 (+/-0.130664).
Game Durations: N=90, mean=20.022222 (+/-1.702517).
P1: N=45, mean=21.577778 (+/-2.659997).
P2: N=45, mean=18.466667 (+/-2.05619).

Agent 2 (SHUCT)
Winning score (between 0 and 1) : N=90, mean=0.611111 (+/-0.10128).
P1: N=45, mean=0.733333 (+/-0.130664).
P2: N=45, mean=0.488889 (+/-0.147701).
Game Durations: N=90, mean=20.022222 (+/-1.702517).
P1: N=45, mean=18.466667 (+/-2.05619).
P2: N=45, mean=21.577778 (+/-2.659997).
=====================================================
=====================================================
Completed 100 games.

Agent 1 (SHUCTAnyTime)
Winning score (between 0 and 1) : N=100, mean=0.37 (+/-0.095104).
P1: N=50, mean=0.46 (+/-0.139548).
P2: N=50, mean=0.28 (+/-0.125717).
Game Durations: N=100, mean=19.75 (+/-1.630179).
P1: N=50, mean=21.02 (+/-2.457253).
P2: N=50, mean=18.48 (+/-2.10889).

Agent 2 (SHUCT)
Winning score (between 0 and 1) : N=100, mean=0.63 (+/-0.095104).
P1: N=50, mean=0.72 (+/-0.125717).
P2: N=50, mean=0.54 (+/-0.139548).
Game Durations: N=100, mean=19.75 (+/-1.630179).
P1: N=50, mean=18.48 (+/-2.10889).
P2: N=50, mean=21.02 (+/-2.457253).
=====================================================
