Warming up...
Finished warming up!
=====================================================
Completed 1 games.

Agent 1 (SHUCTAnyTime)
Winning score (between 0 and 1) : N=1, mean=1 (+/-0).
P1: N=1, mean=1 (+/-0).
P2: N=0, mean=0 (+/-0).
Game Durations: N=1, mean=19 (+/-0).
P1: N=1, mean=19 (+/-0).
P2: N=0, mean=0 (+/-0).

Agent 2 (SHUCT)
Winning score (between 0 and 1) : N=1, mean=0 (+/-0).
P1: N=0, mean=0 (+/-0).
P2: N=1, mean=0 (+/-0).
Game Durations: N=1, mean=19 (+/-0).
P1: N=0, mean=0 (+/-0).
P2: N=1, mean=19 (+/-0).
=====================================================
=====================================================
Completed 2 games.

Agent 1 (SHUCTAnyTime)
Winning score (between 0 and 1) : N=2, mean=0.5 (+/-0.97998).
P1: N=1, mean=1 (+/-0).
P2: N=1, mean=0 (+/-0).
Game Durations: N=2, mean=18 (+/-1.95996).
P1: N=1, mean=19 (+/-0).
P2: N=1, mean=17 (+/-0).

Agent 2 (SHUCT)
Winning score (between 0 and 1) : N=2, mean=0.5 (+/-0.97998).
P1: N=1, mean=1 (+/-0).
P2: N=1, mean=0 (+/-0).
Game Durations: N=2, mean=18 (+/-1.95996).
P1: N=1, mean=17 (+/-0).
P2: N=1, mean=19 (+/-0).
=====================================================
=====================================================
Completed 3 games.

Agent 1 (SHUCTAnyTime)
Winning score (between 0 and 1) : N=3, mean=0.666667 (+/-0.65332).
P1: N=2, mean=1 (+/-0).
P2: N=1, mean=0 (+/-0).
Game Durations: N=3, mean=26.333333 (+/-16.372152).
P1: N=2, mean=31 (+/-23.51952).
P2: N=1, mean=17 (+/-0).

Agent 2 (SHUCT)
Winning score (between 0 and 1) : N=3, mean=0.333333 (+/-0.65332).
P1: N=1, mean=1 (+/-0).
P2: N=2, mean=0 (+/-0).
Game Durations: N=3, mean=26.333333 (+/-16.372152).
P1: N=1, mean=17 (+/-0).
P2: N=2, mean=31 (+/-23.51952).
=====================================================
=====================================================
Completed 4 games.

Agent 1 (SHUCTAnyTime)
Winning score (between 0 and 1) : N=4, mean=0.5 (+/-0.565792).
P1: N=2, mean=1 (+/-0).
P2: N=2, mean=0 (+/-0).
Game Durations: N=4, mean=23 (+/-13.293095).
P1: N=2, mean=31 (+/-23.51952).
P2: N=2, mean=15 (+/-3.91992).

Agent 2 (SHUCT)
Winning score (between 0 and 1) : N=4, mean=0.5 (+/-0.565792).
P1: N=2, mean=1 (+/-0).
P2: N=2, mean=0 (+/-0).
Game Durations: N=4, mean=23 (+/-13.293095).
P1: N=2, mean=15 (+/-3.91992).
P2: N=2, mean=31 (+/-23.51952).
=====================================================
=====================================================
Completed 5 games.

Agent 1 (SHUCTAnyTime)
Winning score (between 0 and 1) : N=5, mean=0.6 (+/-0.48009).
P1: N=3, mean=1 (+/-0).
P2: N=2, mean=0 (+/-0).
Game Durations: N=5, mean=25 (+/-11.017695).
P1: N=3, mean=31.666667 (+/-13.641722).
P2: N=2, mean=15 (+/-3.91992).

Agent 2 (SHUCT)
Winning score (between 0 and 1) : N=5, mean=0.4 (+/-0.48009).
P1: N=2, mean=1 (+/-0).
P2: N=3, mean=0 (+/-0).
Game Durations: N=5, mean=25 (+/-11.017695).
P1: N=2, mean=15 (+/-3.91992).
P2: N=3, mean=31.666667 (+/-13.641722).
=====================================================
=====================================================
Completed 10 games.

Agent 1 (SHUCTAnyTime)
Winning score (between 0 and 1) : N=10, mean=0.7 (+/-0.299389).
P1: N=5, mean=1 (+/-0).
P2: N=5, mean=0.4 (+/-0.48009).
Game Durations: N=10, mean=23.4 (+/-6.547557).
P1: N=5, mean=23.8 (+/-12.056542).
P2: N=5, mean=23 (+/-6.873845).

Agent 2 (SHUCT)
Winning score (between 0 and 1) : N=10, mean=0.3 (+/-0.299389).
P1: N=5, mean=0.6 (+/-0.48009).
P2: N=5, mean=0 (+/-0).
Game Durations: N=10, mean=23.4 (+/-6.547557).
P1: N=5, mean=23 (+/-6.873845).
P2: N=5, mean=23.8 (+/-12.056542).
=====================================================
=====================================================
Completed 20 games.

Agent 1 (SHUCTAnyTime)
Winning score (between 0 and 1) : N=20, mean=0.5 (+/-0.224823).
P1: N=10, mean=0.7 (+/-0.299389).
P2: N=10, mean=0.3 (+/-0.299389).
Game Durations: N=20, mean=25.4 (+/-5.76424).
P1: N=10, mean=20.7 (+/-6.44804).
P2: N=10, mean=30.1 (+/-8.936166).

Agent 2 (SHUCT)
Winning score (between 0 and 1) : N=20, mean=0.5 (+/-0.224823).
P1: N=10, mean=0.7 (+/-0.299389).
P2: N=10, mean=0.3 (+/-0.299389).
Game Durations: N=20, mean=25.4 (+/-5.76424).
P1: N=10, mean=30.1 (+/-8.936166).
P2: N=10, mean=20.7 (+/-6.44804).
=====================================================
=====================================================
Completed 30 games.

Agent 1 (SHUCTAnyTime)
Winning score (between 0 and 1) : N=30, mean=0.4 (+/-0.178301).
P1: N=15, mean=0.533333 (+/-0.261328).
P2: N=15, mean=0.266667 (+/-0.231643).
Game Durations: N=30, mean=24.1 (+/-4.330254).
P1: N=15, mean=22.666667 (+/-5.45937).
P2: N=15, mean=25.533333 (+/-6.837468).

Agent 2 (SHUCT)
Winning score (between 0 and 1) : N=30, mean=0.6 (+/-0.178301).
P1: N=15, mean=0.733333 (+/-0.231643).
P2: N=15, mean=0.466667 (+/-0.261328).
Game Durations: N=30, mean=24.1 (+/-4.330254).
P1: N=15, mean=25.533333 (+/-6.837468).
P2: N=15, mean=22.666667 (+/-5.45937).
=====================================================
=====================================================
Completed 40 games.

Agent 1 (SHUCTAnyTime)
Winning score (between 0 and 1) : N=40, mean=0.4 (+/-0.153752).
P1: N=20, mean=0.45 (+/-0.223696).
P2: N=20, mean=0.35 (+/-0.214467).
Game Durations: N=40, mean=23.05 (+/-3.635015).
P1: N=20, mean=22.45 (+/-4.918382).
P2: N=20, mean=23.65 (+/-5.468836).

Agent 2 (SHUCT)
Winning score (between 0 and 1) : N=40, mean=0.6 (+/-0.153752).
P1: N=20, mean=0.65 (+/-0.214467).
P2: N=20, mean=0.55 (+/-0.223696).
Game Durations: N=40, mean=23.05 (+/-3.635015).
P1: N=20, mean=23.65 (+/-5.468836).
P2: N=20, mean=22.45 (+/-4.918382).
=====================================================
=====================================================
Completed 50 games.

Agent 1 (SHUCTAnyTime)
Winning score (between 0 and 1) : N=50, mean=0.36 (+/-0.134397).
P1: N=25, mean=0.4 (+/-0.195996).
P2: N=25, mean=0.32 (+/-0.186626).
Game Durations: N=50, mean=22.82 (+/-3.090959).
P1: N=25, mean=22.88 (+/-4.301982).
P2: N=25, mean=22.76 (+/-4.528144).

Agent 2 (SHUCT)
Winning score (between 0 and 1) : N=50, mean=0.64 (+/-0.134397).
P1: N=25, mean=0.68 (+/-0.186626).
P2: N=25, mean=0.6 (+/-0.195996).
Game Durations: N=50, mean=22.82 (+/-3.090959).
P1: N=25, mean=22.76 (+/-4.528144).
P2: N=25, mean=22.88 (+/-4.301982).
=====================================================
=====================================================
Completed 60 games.

Agent 1 (SHUCTAnyTime)
Winning score (between 0 and 1) : N=60, mean=0.383333 (+/-0.124061).
P1: N=30, mean=0.4 (+/-0.178301).
P2: N=30, mean=0.366667 (+/-0.175388).
Game Durations: N=60, mean=23.05 (+/-2.856795).
P1: N=30, mean=22.733333 (+/-4.019946).
P2: N=30, mean=23.366667 (+/-4.125702).

Agent 2 (SHUCT)
Winning score (between 0 and 1) : N=60, mean=0.616667 (+/-0.124061).
P1: N=30, mean=0.633333 (+/-0.175388).
P2: N=30, mean=0.6 (+/-0.178301).
Game Durations: N=60, mean=23.05 (+/-2.856795).
P1: N=30, mean=23.366667 (+/-4.125702).
P2: N=30, mean=22.733333 (+/-4.019946).
=====================================================
=====================================================
Completed 70 games.

Agent 1 (SHUCTAnyTime)
Winning score (between 0 and 1) : N=70, mean=0.371429 (+/-0.114009).
P1: N=35, mean=0.428571 (+/-0.166341).
P2: N=35, mean=0.314286 (+/-0.156042).
Game Durations: N=70, mean=22.642857 (+/-2.565891).
P1: N=35, mean=22.257143 (+/-3.725998).
P2: N=35, mean=23.028571 (+/-3.578518).

Agent 2 (SHUCT)
Winning score (between 0 and 1) : N=70, mean=0.628571 (+/-0.114009).
P1: N=35, mean=0.685714 (+/-0.156042).
P2: N=35, mean=0.571429 (+/-0.166341).
Game Durations: N=70, mean=22.642857 (+/-2.565891).
P1: N=35, mean=23.028571 (+/-3.578518).
P2: N=35, mean=22.257143 (+/-3.725998).
=====================================================
=====================================================
Completed 80 games.

Agent 1 (SHUCTAnyTime)
Winning score (between 0 and 1) : N=80, mean=0.35 (+/-0.105178).
P1: N=40, mean=0.425 (+/-0.155147).
P2: N=40, mean=0.275 (+/-0.140136).
Game Durations: N=80, mean=22.55 (+/-2.38493).
P1: N=40, mean=21.925 (+/-3.588268).
P2: N=40, mean=23.175 (+/-3.176574).

Agent 2 (SHUCT)
Winning score (between 0 and 1) : N=80, mean=0.65 (+/-0.105178).
P1: N=40, mean=0.725 (+/-0.140136).
P2: N=40, mean=0.575 (+/-0.155147).
Game Durations: N=80, mean=22.55 (+/-2.38493).
P1: N=40, mean=23.175 (+/-3.176574).
P2: N=40, mean=21.925 (+/-3.588268).
=====================================================
=====================================================
Completed 90 games.

Agent 1 (SHUCTAnyTime)
Winning score (between 0 and 1) : N=90, mean=0.388889 (+/-0.10128).
P1: N=45, mean=0.466667 (+/-0.147409).
P2: N=45, mean=0.311111 (+/-0.13679).
Game Durations: N=90, mean=22.488889 (+/-2.213728).
P1: N=45, mean=21.888889 (+/-3.256024).
P2: N=45, mean=23.088889 (+/-3.026643).

Agent 2 (SHUCT)
Winning score (between 0 and 1) : N=90, mean=0.611111 (+/-0.10128).
P1: N=45, mean=0.688889 (+/-0.13679).
P2: N=45, mean=0.533333 (+/-0.147409).
Game Durations: N=90, mean=22.488889 (+/-2.213728).
P1: N=45, mean=23.088889 (+/-3.026643).
P2: N=45, mean=21.888889 (+/-3.256024).
=====================================================
=====================================================
Completed 100 games.

Agent 1 (SHUCTAnyTime)
Winning score (between 0 and 1) : N=100, mean=0.37 (+/-0.095104).
P1: N=50, mean=0.46 (+/-0.139548).
P2: N=50, mean=0.28 (+/-0.125717).
Game Durations: N=100, mean=22.09 (+/-2.074806).
P1: N=50, mean=21.66 (+/-3.033572).
P2: N=50, mean=22.52 (+/-2.857171).

Agent 2 (SHUCT)
Winning score (between 0 and 1) : N=100, mean=0.63 (+/-0.095104).
P1: N=50, mean=0.72 (+/-0.125717).
P2: N=50, mean=0.54 (+/-0.139548).
Game Durations: N=100, mean=22.09 (+/-2.074806).
P1: N=50, mean=22.52 (+/-2.857171).
P2: N=50, mean=21.66 (+/-3.033572).
=====================================================
=====================================================
Completed 110 games.

Agent 1 (SHUCTAnyTime)
Winning score (between 0 and 1) : N=110, mean=0.345455 (+/-0.089269).
P1: N=55, mean=0.418182 (+/-0.131561).
P2: N=55, mean=0.272727 (+/-0.118785).
Game Durations: N=110, mean=22.190909 (+/-2.047971).
P1: N=55, mean=21.836364 (+/-2.848557).
P2: N=55, mean=22.545455 (+/-2.966467).

Agent 2 (SHUCT)
Winning score (between 0 and 1) : N=110, mean=0.654545 (+/-0.089269).
P1: N=55, mean=0.727273 (+/-0.118785).
P2: N=55, mean=0.581818 (+/-0.131561).
Game Durations: N=110, mean=22.190909 (+/-2.047971).
P1: N=55, mean=22.545455 (+/-2.966467).
P2: N=55, mean=21.836364 (+/-2.848557).
=====================================================
=====================================================
Completed 120 games.

Agent 1 (SHUCTAnyTime)
Winning score (between 0 and 1) : N=120, mean=0.341667 (+/-0.085211).
P1: N=60, mean=0.433333 (+/-0.126443).
P2: N=60, mean=0.25 (+/-0.11049).
Game Durations: N=120, mean=21.975 (+/-1.934188).
P1: N=60, mean=21.666667 (+/-2.65734).
P2: N=60, mean=22.283333 (+/-2.831486).

Agent 2 (SHUCT)
Winning score (between 0 and 1) : N=120, mean=0.658333 (+/-0.085211).
P1: N=60, mean=0.75 (+/-0.11049).
P2: N=60, mean=0.566667 (+/-0.126443).
Game Durations: N=120, mean=21.975 (+/-1.934188).
P1: N=60, mean=22.283333 (+/-2.831486).
P2: N=60, mean=21.666667 (+/-2.65734).
=====================================================
=====================================================
Completed 130 games.

Agent 1 (SHUCTAnyTime)
Winning score (between 0 and 1) : N=130, mean=0.369231 (+/-0.083279).
P1: N=65, mean=0.461538 (+/-0.122135).
P2: N=65, mean=0.276923 (+/-0.10963).
Game Durations: N=130, mean=22.161538 (+/-1.865814).
P1: N=65, mean=22.153846 (+/-2.584304).
P2: N=65, mean=22.169231 (+/-2.712047).

Agent 2 (SHUCT)
Winning score (between 0 and 1) : N=130, mean=0.630769 (+/-0.083279).
P1: N=65, mean=0.723077 (+/-0.10963).
P2: N=65, mean=0.538462 (+/-0.122135).
Game Durations: N=130, mean=22.161538 (+/-1.865814).
P1: N=65, mean=22.169231 (+/-2.712047).
P2: N=65, mean=22.153846 (+/-2.584304).
=====================================================
=====================================================
Completed 140 games.

Agent 1 (SHUCTAnyTime)
Winning score (between 0 and 1) : N=140, mean=0.378571 (+/-0.080632).
P1: N=70, mean=0.485714 (+/-0.117928).
P2: N=70, mean=0.271429 (+/-0.104927).
Game Durations: N=140, mean=22.207143 (+/-1.764434).
P1: N=70, mean=22.057143 (+/-2.446522).
P2: N=70, mean=22.357143 (+/-2.560306).

Agent 2 (SHUCT)
Winning score (between 0 and 1) : N=140, mean=0.621429 (+/-0.080632).
P1: N=70, mean=0.728571 (+/-0.104927).
P2: N=70, mean=0.514286 (+/-0.117928).
Game Durations: N=140, mean=22.207143 (+/-1.764434).
P1: N=70, mean=22.357143 (+/-2.560306).
P2: N=70, mean=22.057143 (+/-2.446522).
=====================================================
=====================================================
Completed 150 games.

Agent 1 (SHUCTAnyTime)
Winning score (between 0 and 1) : N=150, mean=0.373333 (+/-0.077664).
P1: N=75, mean=0.48 (+/-0.113829).
P2: N=75, mean=0.266667 (+/-0.100755).
Game Durations: N=150, mean=22.5 (+/-1.699146).
P1: N=75, mean=22.4 (+/-2.387005).
P2: N=75, mean=22.6 (+/-2.434664).

Agent 2 (SHUCT)
Winning score (between 0 and 1) : N=150, mean=0.626667 (+/-0.077664).
P1: N=75, mean=0.733333 (+/-0.100755).
P2: N=75, mean=0.52 (+/-0.113829).
Game Durations: N=150, mean=22.5 (+/-1.699146).
P1: N=75, mean=22.6 (+/-2.434664).
P2: N=75, mean=22.4 (+/-2.387005).
=====================================================
