Warming up...
Finished warming up!
=====================================================
Completed 1 games.

Agent 1 (SHUCTAnyTime)
Winning score (between 0 and 1) : N=1, mean=0 (+/-0).
P1: N=1, mean=0 (+/-0).
P2: N=0, mean=0 (+/-0).
Game Durations: N=1, mean=16 (+/-0).
P1: N=1, mean=16 (+/-0).
P2: N=0, mean=0 (+/-0).

Agent 2 (SHUCT)
Winning score (between 0 and 1) : N=1, mean=1 (+/-0).
P1: N=0, mean=0 (+/-0).
P2: N=1, mean=1 (+/-0).
Game Durations: N=1, mean=16 (+/-0).
P1: N=0, mean=0 (+/-0).
P2: N=1, mean=16 (+/-0).
=====================================================
=====================================================
Completed 2 games.

Agent 1 (SHUCTAnyTime)
Winning score (between 0 and 1) : N=2, mean=0 (+/-0).
P1: N=1, mean=0 (+/-0).
P2: N=1, mean=0 (+/-0).
Game Durations: N=2, mean=17.5 (+/-2.93994).
P1: N=1, mean=16 (+/-0).
P2: N=1, mean=19 (+/-0).

Agent 2 (SHUCT)
Winning score (between 0 and 1) : N=2, mean=1 (+/-0).
P1: N=1, mean=1 (+/-0).
P2: N=1, mean=1 (+/-0).
Game Durations: N=2, mean=17.5 (+/-2.93994).
P1: N=1, mean=19 (+/-0).
P2: N=1, mean=16 (+/-0).
=====================================================
=====================================================
Completed 3 games.

Agent 1 (SHUCTAnyTime)
Winning score (between 0 and 1) : N=3, mean=0.333333 (+/-0.65332).
P1: N=2, mean=0.5 (+/-0.97998).
P2: N=1, mean=0 (+/-0).
Game Durations: N=3, mean=22 (+/-8.981665).
P1: N=2, mean=23.5 (+/-14.6997).
P2: N=1, mean=19 (+/-0).

Agent 2 (SHUCT)
Winning score (between 0 and 1) : N=3, mean=0.666667 (+/-0.65332).
P1: N=1, mean=1 (+/-0).
P2: N=2, mean=0.5 (+/-0.97998).
Game Durations: N=3, mean=22 (+/-8.981665).
P1: N=1, mean=19 (+/-0).
P2: N=2, mean=23.5 (+/-14.6997).
=====================================================
=====================================================
Completed 4 games.

Agent 1 (SHUCTAnyTime)
Winning score (between 0 and 1) : N=4, mean=0.25 (+/-0.48999).
P1: N=2, mean=0.5 (+/-0.97998).
P2: N=2, mean=0 (+/-0).
Game Durations: N=4, mean=19.75 (+/-7.731912).
P1: N=2, mean=23.5 (+/-14.6997).
P2: N=2, mean=16 (+/-5.87988).

Agent 2 (SHUCT)
Winning score (between 0 and 1) : N=4, mean=0.75 (+/-0.48999).
P1: N=2, mean=1 (+/-0).
P2: N=2, mean=0.5 (+/-0.97998).
Game Durations: N=4, mean=19.75 (+/-7.731912).
P1: N=2, mean=16 (+/-5.87988).
P2: N=2, mean=23.5 (+/-14.6997).
=====================================================
=====================================================
Completed 5 games.

Agent 1 (SHUCTAnyTime)
Winning score (between 0 and 1) : N=5, mean=0.2 (+/-0.391992).
P1: N=3, mean=0.333333 (+/-0.65332).
P2: N=2, mean=0 (+/-0).
Game Durations: N=5, mean=19 (+/-6.16687).
P1: N=3, mean=21 (+/-9.7998).
P2: N=2, mean=16 (+/-5.87988).

Agent 2 (SHUCT)
Winning score (between 0 and 1) : N=5, mean=0.8 (+/-0.391992).
P1: N=2, mean=1 (+/-0).
P2: N=3, mean=0.666667 (+/-0.65332).
Game Durations: N=5, mean=19 (+/-6.16687).
P1: N=2, mean=16 (+/-5.87988).
P2: N=3, mean=21 (+/-9.7998).
=====================================================
=====================================================
Completed 10 games.

Agent 1 (SHUCTAnyTime)
Winning score (between 0 and 1) : N=10, mean=0.2 (+/-0.261328).
P1: N=5, mean=0.2 (+/-0.391992).
P2: N=5, mean=0.2 (+/-0.391992).
Game Durations: N=10, mean=16.7 (+/-3.407927).
P1: N=5, mean=19 (+/-5.87988).
P2: N=5, mean=14.4 (+/-2.743944).

Agent 2 (SHUCT)
Winning score (between 0 and 1) : N=10, mean=0.8 (+/-0.261328).
P1: N=5, mean=0.8 (+/-0.391992).
P2: N=5, mean=0.8 (+/-0.391992).
Game Durations: N=10, mean=16.7 (+/-3.407927).
P1: N=5, mean=14.4 (+/-2.743944).
P2: N=5, mean=19 (+/-5.87988).
=====================================================
=====================================================
Completed 20 games.

Agent 1 (SHUCTAnyTime)
Winning score (between 0 and 1) : N=20, mean=0.15 (+/-0.160556).
P1: N=10, mean=0.1 (+/-0.195996).
P2: N=10, mean=0.2 (+/-0.261328).
Game Durations: N=20, mean=15.95 (+/-3.090721).
P1: N=10, mean=18.5 (+/-5.537826).
P2: N=10, mean=13.4 (+/-2.028451).

Agent 2 (SHUCT)
Winning score (between 0 and 1) : N=20, mean=0.85 (+/-0.160556).
P1: N=10, mean=0.8 (+/-0.261328).
P2: N=10, mean=0.9 (+/-0.195996).
Game Durations: N=20, mean=15.95 (+/-3.090721).
P1: N=10, mean=13.4 (+/-2.028451).
P2: N=10, mean=18.5 (+/-5.537826).
=====================================================
=====================================================
Completed 30 games.

Agent 1 (SHUCTAnyTime)
Winning score (between 0 and 1) : N=30, mean=0.266667 (+/-0.160947).
P1: N=15, mean=0.266667 (+/-0.231643).
P2: N=15, mean=0.266667 (+/-0.231643).
Game Durations: N=30, mean=16.766667 (+/-2.205228).
P1: N=15, mean=18 (+/-3.669243).
P2: N=15, mean=15.533333 (+/-2.418419).

Agent 2 (SHUCT)
Winning score (between 0 and 1) : N=30, mean=0.733333 (+/-0.160947).
P1: N=15, mean=0.733333 (+/-0.231643).
P2: N=15, mean=0.733333 (+/-0.231643).
Game Durations: N=30, mean=16.766667 (+/-2.205228).
P1: N=15, mean=15.533333 (+/-2.418419).
P2: N=15, mean=18 (+/-3.669243).
=====================================================
=====================================================
Completed 40 games.

Agent 1 (SHUCTAnyTime)
Winning score (between 0 and 1) : N=40, mean=0.325 (+/-0.146997).
P1: N=20, mean=0.4 (+/-0.22028).
P2: N=20, mean=0.25 (+/-0.194702).
Game Durations: N=40, mean=16.975 (+/-1.767712).
P1: N=20, mean=18.6 (+/-2.908481).
P2: N=20, mean=15.35 (+/-1.816897).

Agent 2 (SHUCT)
Winning score (between 0 and 1) : N=40, mean=0.675 (+/-0.146997).
P1: N=20, mean=0.75 (+/-0.194702).
P2: N=20, mean=0.6 (+/-0.22028).
Game Durations: N=40, mean=16.975 (+/-1.767712).
P1: N=20, mean=15.35 (+/-1.816897).
P2: N=20, mean=18.6 (+/-2.908481).
=====================================================
=====================================================
Completed 50 games.

Agent 1 (SHUCTAnyTime)
Winning score (between 0 and 1) : N=50, mean=0.34 (+/-0.132636).
P1: N=25, mean=0.4 (+/-0.195996).
P2: N=25, mean=0.28 (+/-0.179633).
Game Durations: N=50, mean=17.6 (+/-1.653626).
P1: N=25, mean=18.64 (+/-2.50456).
P2: N=25, mean=16.56 (+/-2.132307).

Agent 2 (SHUCT)
Winning score (between 0 and 1) : N=50, mean=0.66 (+/-0.132636).
P1: N=25, mean=0.72 (+/-0.179633).
P2: N=25, mean=0.6 (+/-0.195996).
Game Durations: N=50, mean=17.6 (+/-1.653626).
P1: N=25, mean=16.56 (+/-2.132307).
P2: N=25, mean=18.64 (+/-2.50456).
=====================================================
=====================================================
Completed 60 games.

Agent 1 (SHUCTAnyTime)
Winning score (between 0 and 1) : N=60, mean=0.316667 (+/-0.118697).
P1: N=30, mean=0.366667 (+/-0.175388).
P2: N=30, mean=0.266667 (+/-0.160947).
Game Durations: N=60, mean=17.25 (+/-1.429551).
P1: N=30, mean=18.033333 (+/-2.214818).
P2: N=30, mean=16.466667 (+/-1.802059).

Agent 2 (SHUCT)
Winning score (between 0 and 1) : N=60, mean=0.683333 (+/-0.118697).
P1: N=30, mean=0.733333 (+/-0.160947).
P2: N=30, mean=0.633333 (+/-0.175388).
Game Durations: N=60, mean=17.25 (+/-1.429551).
P1: N=30, mean=16.466667 (+/-1.802059).
P2: N=30, mean=18.033333 (+/-2.214818).
=====================================================
=====================================================
Completed 70 games.

Agent 1 (SHUCTAnyTime)
Winning score (between 0 and 1) : N=70, mean=0.328571 (+/-0.110825).
P1: N=35, mean=0.371429 (+/-0.162414).
P2: N=35, mean=0.285714 (+/-0.151848).
Game Durations: N=70, mean=17.657143 (+/-1.419572).
P1: N=35, mean=18.485714 (+/-2.18927).
P2: N=35, mean=16.828571 (+/-1.797565).

Agent 2 (SHUCT)
Winning score (between 0 and 1) : N=70, mean=0.671429 (+/-0.110825).
P1: N=35, mean=0.714286 (+/-0.151848).
P2: N=35, mean=0.628571 (+/-0.162414).
Game Durations: N=70, mean=17.657143 (+/-1.419572).
P1: N=35, mean=16.828571 (+/-1.797565).
P2: N=35, mean=18.485714 (+/-2.18927).
=====================================================
=====================================================
Completed 80 games.

Agent 1 (SHUCTAnyTime)
Winning score (between 0 and 1) : N=80, mean=0.3 (+/-0.101052).
P1: N=40, mean=0.325 (+/-0.146997).
P2: N=40, mean=0.275 (+/-0.140136).
Game Durations: N=80, mean=17.2 (+/-1.282675).
P1: N=40, mean=17.925 (+/-1.997774).
P2: N=40, mean=16.475 (+/-1.603356).

Agent 2 (SHUCT)
Winning score (between 0 and 1) : N=80, mean=0.7 (+/-0.101052).
P1: N=40, mean=0.725 (+/-0.140136).
P2: N=40, mean=0.675 (+/-0.146997).
Game Durations: N=80, mean=17.2 (+/-1.282675).
P1: N=40, mean=16.475 (+/-1.603356).
P2: N=40, mean=17.925 (+/-1.997774).
=====================================================
=====================================================
Completed 90 games.

Agent 1 (SHUCTAnyTime)
Winning score (between 0 and 1) : N=90, mean=0.288889 (+/-0.094164).
P1: N=45, mean=0.311111 (+/-0.13679).
P2: N=45, mean=0.266667 (+/-0.130664).
Game Durations: N=90, mean=16.944444 (+/-1.200819).
P1: N=45, mean=17.644444 (+/-1.831157).
P2: N=45, mean=16.244444 (+/-1.547487).

Agent 2 (SHUCT)
Winning score (between 0 and 1) : N=90, mean=0.711111 (+/-0.094164).
P1: N=45, mean=0.733333 (+/-0.130664).
P2: N=45, mean=0.688889 (+/-0.13679).
Game Durations: N=90, mean=16.944444 (+/-1.200819).
P1: N=45, mean=16.244444 (+/-1.547487).
P2: N=45, mean=17.644444 (+/-1.831157).
=====================================================
=====================================================
Completed 100 games.

Agent 1 (SHUCTAnyTime)
Winning score (between 0 and 1) : N=100, mean=0.27 (+/-0.087453).
P1: N=50, mean=0.3 (+/-0.12831).
P2: N=50, mean=0.24 (+/-0.119581).
Game Durations: N=100, mean=16.95 (+/-1.159821).
P1: N=50, mean=17.78 (+/-1.82172).
P2: N=50, mean=16.12 (+/-1.41738).

Agent 2 (SHUCT)
Winning score (between 0 and 1) : N=100, mean=0.73 (+/-0.087453).
P1: N=50, mean=0.76 (+/-0.119581).
P2: N=50, mean=0.7 (+/-0.12831).
Game Durations: N=100, mean=16.95 (+/-1.159821).
P1: N=50, mean=16.12 (+/-1.41738).
P2: N=50, mean=17.78 (+/-1.82172).
=====================================================
=====================================================
Completed 110 games.

Agent 1 (SHUCTAnyTime)
Winning score (between 0 and 1) : N=110, mean=0.263636 (+/-0.082715).
P1: N=55, mean=0.272727 (+/-0.118785).
P2: N=55, mean=0.254545 (+/-0.116183).
Game Durations: N=110, mean=16.909091 (+/-1.08126).
P1: N=55, mean=17.8 (+/-1.710016).
P2: N=55, mean=16.018182 (+/-1.297193).

Agent 2 (SHUCT)
Winning score (between 0 and 1) : N=110, mean=0.736364 (+/-0.082715).
P1: N=55, mean=0.745455 (+/-0.116183).
P2: N=55, mean=0.727273 (+/-0.118785).
Game Durations: N=110, mean=16.909091 (+/-1.08126).
P1: N=55, mean=16.018182 (+/-1.297193).
P2: N=55, mean=17.8 (+/-1.710016).
=====================================================
=====================================================
Completed 120 games.

Agent 1 (SHUCTAnyTime)
Winning score (between 0 and 1) : N=120, mean=0.258333 (+/-0.078644).
P1: N=60, mean=0.266667 (+/-0.112838).
P2: N=60, mean=0.25 (+/-0.11049).
Game Durations: N=120, mean=16.941667 (+/-1.035061).
P1: N=60, mean=17.566667 (+/-1.581452).
P2: N=60, mean=16.316667 (+/-1.330364).

Agent 2 (SHUCT)
Winning score (between 0 and 1) : N=120, mean=0.741667 (+/-0.078644).
P1: N=60, mean=0.75 (+/-0.11049).
P2: N=60, mean=0.733333 (+/-0.112838).
Game Durations: N=120, mean=16.941667 (+/-1.035061).
P1: N=60, mean=16.316667 (+/-1.330364).
P2: N=60, mean=17.566667 (+/-1.581452).
=====================================================
=====================================================
Completed 130 games.

Agent 1 (SHUCTAnyTime)
Winning score (between 0 and 1) : N=130, mean=0.253846 (+/-0.075102).
P1: N=65, mean=0.261538 (+/-0.107669).
P2: N=65, mean=0.246154 (+/-0.105536).
Game Durations: N=130, mean=16.876923 (+/-0.976882).
P1: N=65, mean=17.369231 (+/-1.47847).
P2: N=65, mean=16.384615 (+/-1.277515).

Agent 2 (SHUCT)
Winning score (between 0 and 1) : N=130, mean=0.746154 (+/-0.075102).
P1: N=65, mean=0.753846 (+/-0.105536).
P2: N=65, mean=0.738462 (+/-0.107669).
Game Durations: N=130, mean=16.876923 (+/-0.976882).
P1: N=65, mean=16.384615 (+/-1.277515).
P2: N=65, mean=17.369231 (+/-1.47847).
=====================================================
=====================================================
Completed 140 games.

Agent 1 (SHUCTAnyTime)
Winning score (between 0 and 1) : N=140, mean=0.242857 (+/-0.071286).
P1: N=70, mean=0.242857 (+/-0.101178).
P2: N=70, mean=0.242857 (+/-0.101178).
Game Durations: N=140, mean=17 (+/-0.921962).
P1: N=70, mean=17.385714 (+/-1.389221).
P2: N=70, mean=16.614286 (+/-1.215808).

Agent 2 (SHUCT)
Winning score (between 0 and 1) : N=140, mean=0.757143 (+/-0.071286).
P1: N=70, mean=0.757143 (+/-0.101178).
P2: N=70, mean=0.757143 (+/-0.101178).
Game Durations: N=140, mean=17 (+/-0.921962).
P1: N=70, mean=16.614286 (+/-1.215808).
P2: N=70, mean=17.385714 (+/-1.389221).
=====================================================
=====================================================
Completed 150 games.

Agent 1 (SHUCTAnyTime)
Winning score (between 0 and 1) : N=150, mean=0.24 (+/-0.068575).
P1: N=75, mean=0.253333 (+/-0.099093).
P2: N=75, mean=0.226667 (+/-0.095391).
Game Durations: N=150, mean=17.1 (+/-0.875491).
P1: N=75, mean=17.586667 (+/-1.325447).
P2: N=75, mean=16.613333 (+/-1.142476).

Agent 2 (SHUCT)
Winning score (between 0 and 1) : N=150, mean=0.76 (+/-0.068575).
P1: N=75, mean=0.773333 (+/-0.095391).
P2: N=75, mean=0.746667 (+/-0.099093).
Game Durations: N=150, mean=17.1 (+/-0.875491).
P1: N=75, mean=16.613333 (+/-1.142476).
P2: N=75, mean=17.586667 (+/-1.325447).
=====================================================
