Warming up...
Finished warming up!
=====================================================
Completed 1 games.

Agent 1 (SHUCTAnyTime)
Winning score (between 0 and 1) : N=1, mean=0 (+/-0).
P1: N=1, mean=0 (+/-0).
P2: N=0, mean=0 (+/-0).
Game Durations: N=1, mean=28 (+/-0).
P1: N=1, mean=28 (+/-0).
P2: N=0, mean=0 (+/-0).

Agent 2 (SHUCT)
Winning score (between 0 and 1) : N=1, mean=1 (+/-0).
P1: N=0, mean=0 (+/-0).
P2: N=1, mean=1 (+/-0).
Game Durations: N=1, mean=28 (+/-0).
P1: N=0, mean=0 (+/-0).
P2: N=1, mean=28 (+/-0).
=====================================================
=====================================================
Completed 2 games.

Agent 1 (SHUCTAnyTime)
Winning score (between 0 and 1) : N=2, mean=0.5 (+/-0.97998).
P1: N=1, mean=0 (+/-0).
P2: N=1, mean=1 (+/-0).
Game Durations: N=2, mean=20 (+/-15.67968).
P1: N=1, mean=28 (+/-0).
P2: N=1, mean=12 (+/-0).

Agent 2 (SHUCT)
Winning score (between 0 and 1) : N=2, mean=0.5 (+/-0.97998).
P1: N=1, mean=0 (+/-0).
P2: N=1, mean=1 (+/-0).
Game Durations: N=2, mean=20 (+/-15.67968).
P1: N=1, mean=12 (+/-0).
P2: N=1, mean=28 (+/-0).
=====================================================
=====================================================
Completed 3 games.

Agent 1 (SHUCTAnyTime)
Winning score (between 0 and 1) : N=3, mean=0.666667 (+/-0.65332).
P1: N=2, mean=0.5 (+/-0.97998).
P2: N=1, mean=1 (+/-0).
Game Durations: N=3, mean=28.333333 (+/-18.673984).
P1: N=2, mean=36.5 (+/-16.65966).
P2: N=1, mean=12 (+/-0).

Agent 2 (SHUCT)
Winning score (between 0 and 1) : N=3, mean=0.333333 (+/-0.65332).
P1: N=1, mean=0 (+/-0).
P2: N=2, mean=0.5 (+/-0.97998).
Game Durations: N=3, mean=28.333333 (+/-18.673984).
P1: N=1, mean=12 (+/-0).
P2: N=2, mean=36.5 (+/-16.65966).
=====================================================
=====================================================
Completed 4 games.

Agent 1 (SHUCTAnyTime)
Winning score (between 0 and 1) : N=4, mean=0.5 (+/-0.565792).
P1: N=2, mean=0.5 (+/-0.97998).
P2: N=2, mean=0.5 (+/-0.97998).
Game Durations: N=4, mean=24.5 (+/-15.192324).
P1: N=2, mean=36.5 (+/-16.65966).
P2: N=2, mean=12.5 (+/-0.97998).

Agent 2 (SHUCT)
Winning score (between 0 and 1) : N=4, mean=0.5 (+/-0.565792).
P1: N=2, mean=0.5 (+/-0.97998).
P2: N=2, mean=0.5 (+/-0.97998).
Game Durations: N=4, mean=24.5 (+/-15.192324).
P1: N=2, mean=12.5 (+/-0.97998).
P2: N=2, mean=36.5 (+/-16.65966).
=====================================================
=====================================================
Completed 5 games.

Agent 1 (SHUCTAnyTime)
Winning score (between 0 and 1) : N=5, mean=0.6 (+/-0.48009).
P1: N=3, mean=0.666667 (+/-0.65332).
P2: N=2, mean=0.5 (+/-0.97998).
Game Durations: N=5, mean=26.6 (+/-12.466948).
P1: N=3, mean=36 (+/-9.668253).
P2: N=2, mean=12.5 (+/-0.97998).

Agent 2 (SHUCT)
Winning score (between 0 and 1) : N=5, mean=0.4 (+/-0.48009).
P1: N=2, mean=0.5 (+/-0.97998).
P2: N=3, mean=0.333333 (+/-0.65332).
Game Durations: N=5, mean=26.6 (+/-12.466948).
P1: N=2, mean=12.5 (+/-0.97998).
P2: N=3, mean=36 (+/-9.668253).
=====================================================
=====================================================
Completed 10 games.

Agent 1 (SHUCTAnyTime)
Winning score (between 0 and 1) : N=10, mean=0.6 (+/-0.32006).
P1: N=5, mean=0.8 (+/-0.391992).
P2: N=5, mean=0.4 (+/-0.48009).
Game Durations: N=10, mean=29.3 (+/-6.895854).
P1: N=5, mean=34 (+/-5.814181).
P2: N=5, mean=24.6 (+/-11.736872).

Agent 2 (SHUCT)
Winning score (between 0 and 1) : N=10, mean=0.4 (+/-0.32006).
P1: N=5, mean=0.6 (+/-0.48009).
P2: N=5, mean=0.2 (+/-0.391992).
Game Durations: N=10, mean=29.3 (+/-6.895854).
P1: N=5, mean=24.6 (+/-11.736872).
P2: N=5, mean=34 (+/-5.814181).
=====================================================
=====================================================
Completed 20 games.

Agent 1 (SHUCTAnyTime)
Winning score (between 0 and 1) : N=20, mean=0.45 (+/-0.223696).
P1: N=10, mean=0.7 (+/-0.299389).
P2: N=10, mean=0.2 (+/-0.261328).
Game Durations: N=20, mean=27.65 (+/-4.228283).
P1: N=10, mean=31.7 (+/-4.363571).
P2: N=10, mean=23.6 (+/-6.514881).

Agent 2 (SHUCT)
Winning score (between 0 and 1) : N=20, mean=0.55 (+/-0.223696).
P1: N=10, mean=0.8 (+/-0.261328).
P2: N=10, mean=0.3 (+/-0.299389).
Game Durations: N=20, mean=27.65 (+/-4.228283).
P1: N=10, mean=23.6 (+/-6.514881).
P2: N=10, mean=31.7 (+/-4.363571).
=====================================================
=====================================================
Completed 30 games.

Agent 1 (SHUCTAnyTime)
Winning score (between 0 and 1) : N=30, mean=0.4 (+/-0.178301).
P1: N=15, mean=0.666667 (+/-0.246932).
P2: N=15, mean=0.133333 (+/-0.178065).
Game Durations: N=30, mean=26.3 (+/-3.659095).
P1: N=15, mean=28.666667 (+/-4.605128).
P2: N=15, mean=23.933333 (+/-5.58459).

Agent 2 (SHUCT)
Winning score (between 0 and 1) : N=30, mean=0.6 (+/-0.178301).
P1: N=15, mean=0.866667 (+/-0.178065).
P2: N=15, mean=0.333333 (+/-0.246932).
Game Durations: N=30, mean=26.3 (+/-3.659095).
P1: N=15, mean=23.933333 (+/-5.58459).
P2: N=15, mean=28.666667 (+/-4.605128).
=====================================================
=====================================================
Completed 40 games.

Agent 1 (SHUCTAnyTime)
Winning score (between 0 and 1) : N=40, mean=0.4 (+/-0.153752).
P1: N=20, mean=0.7 (+/-0.206054).
P2: N=20, mean=0.1 (+/-0.134894).
Game Durations: N=40, mean=28.05 (+/-3.487739).
P1: N=20, mean=29.4 (+/-4.774297).
P2: N=20, mean=26.7 (+/-5.138763).

Agent 2 (SHUCT)
Winning score (between 0 and 1) : N=40, mean=0.6 (+/-0.153752).
P1: N=20, mean=0.9 (+/-0.134894).
P2: N=20, mean=0.3 (+/-0.206054).
Game Durations: N=40, mean=28.05 (+/-3.487739).
P1: N=20, mean=26.7 (+/-5.138763).
P2: N=20, mean=29.4 (+/-4.774297).
=====================================================
=====================================================
Completed 50 games.

Agent 1 (SHUCTAnyTime)
Winning score (between 0 and 1) : N=50, mean=0.44 (+/-0.138986).
P1: N=25, mean=0.72 (+/-0.179633).
P2: N=25, mean=0.16 (+/-0.14667).
Game Durations: N=50, mean=28.22 (+/-2.942094).
P1: N=25, mean=28.72 (+/-3.917502).
P2: N=25, mean=27.72 (+/-4.462974).

Agent 2 (SHUCT)
Winning score (between 0 and 1) : N=50, mean=0.56 (+/-0.138986).
P1: N=25, mean=0.84 (+/-0.14667).
P2: N=25, mean=0.28 (+/-0.179633).
Game Durations: N=50, mean=28.22 (+/-2.942094).
P1: N=25, mean=27.72 (+/-4.462974).
P2: N=25, mean=28.72 (+/-3.917502).
=====================================================
=====================================================
Completed 60 games.

Agent 1 (SHUCTAnyTime)
Winning score (between 0 and 1) : N=60, mean=0.483333 (+/-0.127512).
P1: N=30, mean=0.733333 (+/-0.160947).
P2: N=30, mean=0.233333 (+/-0.153936).
Game Durations: N=60, mean=28.183333 (+/-2.691353).
P1: N=30, mean=28.333333 (+/-3.636318).
P2: N=30, mean=28.033333 (+/-4.030422).

Agent 2 (SHUCT)
Winning score (between 0 and 1) : N=60, mean=0.516667 (+/-0.127512).
P1: N=30, mean=0.766667 (+/-0.153936).
P2: N=30, mean=0.266667 (+/-0.160947).
Game Durations: N=60, mean=28.183333 (+/-2.691353).
P1: N=30, mean=28.033333 (+/-4.030422).
P2: N=30, mean=28.333333 (+/-3.636318).
=====================================================
=====================================================
Completed 70 games.

Agent 1 (SHUCTAnyTime)
Winning score (between 0 and 1) : N=70, mean=0.471429 (+/-0.117783).
P1: N=35, mean=0.714286 (+/-0.151848).
P2: N=35, mean=0.228571 (+/-0.141145).
Game Durations: N=70, mean=28.085714 (+/-2.466872).
P1: N=35, mean=28.2 (+/-3.332174).
P2: N=35, mean=27.971429 (+/-3.68693).

Agent 2 (SHUCT)
Winning score (between 0 and 1) : N=70, mean=0.528571 (+/-0.117783).
P1: N=35, mean=0.771429 (+/-0.141145).
P2: N=35, mean=0.285714 (+/-0.151848).
Game Durations: N=70, mean=28.085714 (+/-2.466872).
P1: N=35, mean=27.971429 (+/-3.68693).
P2: N=35, mean=28.2 (+/-3.332174).
=====================================================
=====================================================
Completed 80 games.

Agent 1 (SHUCTAnyTime)
Winning score (between 0 and 1) : N=80, mean=0.4625 (+/-0.109946).
P1: N=40, mean=0.7 (+/-0.143822).
P2: N=40, mean=0.225 (+/-0.131056).
Game Durations: N=80, mean=28.1625 (+/-2.266685).
P1: N=40, mean=28.5 (+/-3.048498).
P2: N=40, mean=27.825 (+/-3.39104).

Agent 2 (SHUCT)
Winning score (between 0 and 1) : N=80, mean=0.5375 (+/-0.109946).
P1: N=40, mean=0.775 (+/-0.131056).
P2: N=40, mean=0.3 (+/-0.143822).
Game Durations: N=80, mean=28.1625 (+/-2.266685).
P1: N=40, mean=27.825 (+/-3.39104).
P2: N=40, mean=28.5 (+/-3.048498).
=====================================================
=====================================================
Completed 90 games.

Agent 1 (SHUCTAnyTime)
Winning score (between 0 and 1) : N=90, mean=0.433333 (+/-0.10295).
P1: N=45, mean=0.666667 (+/-0.139288).
P2: N=45, mean=0.2 (+/-0.11819).
Game Durations: N=90, mean=28.311111 (+/-2.112042).
P1: N=45, mean=28.844444 (+/-2.830642).
P2: N=45, mean=27.777778 (+/-3.159658).

Agent 2 (SHUCT)
Winning score (between 0 and 1) : N=90, mean=0.566667 (+/-0.10295).
P1: N=45, mean=0.8 (+/-0.11819).
P2: N=45, mean=0.333333 (+/-0.139288).
Game Durations: N=90, mean=28.311111 (+/-2.112042).
P1: N=45, mean=27.777778 (+/-3.159658).
P2: N=45, mean=28.844444 (+/-2.830642).
=====================================================
=====================================================
Completed 100 games.

Agent 1 (SHUCTAnyTime)
Winning score (between 0 and 1) : N=100, mean=0.44 (+/-0.09778).
P1: N=50, mean=0.68 (+/-0.130611).
P2: N=50, mean=0.2 (+/-0.111998).
Game Durations: N=100, mean=28.48 (+/-2.051935).
P1: N=50, mean=28.4 (+/-2.716378).
P2: N=50, mean=28.56 (+/-3.103853).

Agent 2 (SHUCT)
Winning score (between 0 and 1) : N=100, mean=0.56 (+/-0.09778).
P1: N=50, mean=0.8 (+/-0.111998).
P2: N=50, mean=0.32 (+/-0.130611).
Game Durations: N=100, mean=28.48 (+/-2.051935).
P1: N=50, mean=28.56 (+/-3.103853).
P2: N=50, mean=28.4 (+/-2.716378).
=====================================================
=====================================================
Completed 110 games.

Agent 1 (SHUCTAnyTime)
Winning score (between 0 and 1) : N=110, mean=0.427273 (+/-0.092867).
P1: N=55, mean=0.672727 (+/-0.125148).
P2: N=55, mean=0.181818 (+/-0.102871).
Game Durations: N=110, mean=27.945455 (+/-2.023315).
P1: N=55, mean=28.018182 (+/-2.801734).
P2: N=55, mean=27.872727 (+/-2.945568).

Agent 2 (SHUCT)
Winning score (between 0 and 1) : N=110, mean=0.572727 (+/-0.092867).
P1: N=55, mean=0.818182 (+/-0.102871).
P2: N=55, mean=0.327273 (+/-0.125148).
Game Durations: N=110, mean=27.945455 (+/-2.023315).
P1: N=55, mean=27.872727 (+/-2.945568).
P2: N=55, mean=28.018182 (+/-2.801734).
=====================================================
=====================================================
Completed 120 games.

Agent 1 (SHUCTAnyTime)
Winning score (between 0 and 1) : N=120, mean=0.441667 (+/-0.089221).
P1: N=60, mean=0.7 (+/-0.116931).
P2: N=60, mean=0.183333 (+/-0.098733).
Game Durations: N=120, mean=27.741667 (+/-1.91715).
P1: N=60, mean=27.733333 (+/-2.611702).
P2: N=60, mean=27.75 (+/-2.82939).

Agent 2 (SHUCT)
Winning score (between 0 and 1) : N=120, mean=0.558333 (+/-0.089221).
P1: N=60, mean=0.816667 (+/-0.098733).
P2: N=60, mean=0.3 (+/-0.116931).
Game Durations: N=120, mean=27.741667 (+/-1.91715).
P1: N=60, mean=27.75 (+/-2.82939).
P2: N=60, mean=27.733333 (+/-2.611702).
=====================================================
=====================================================
Completed 130 games.

Agent 1 (SHUCTAnyTime)
Winning score (between 0 and 1) : N=130, mean=0.438462 (+/-0.085626).
P1: N=65, mean=0.676923 (+/-0.114572).
P2: N=65, mean=0.2 (+/-0.097998).
Game Durations: N=130, mean=27.461538 (+/-1.818103).
P1: N=65, mean=27.323077 (+/-2.487767).
P2: N=65, mean=27.6 (+/-2.670955).

Agent 2 (SHUCT)
Winning score (between 0 and 1) : N=130, mean=0.561538 (+/-0.085626).
P1: N=65, mean=0.8 (+/-0.097998).
P2: N=65, mean=0.323077 (+/-0.114572).
Game Durations: N=130, mean=27.461538 (+/-1.818103).
P1: N=65, mean=27.6 (+/-2.670955).
P2: N=65, mean=27.323077 (+/-2.487767).
=====================================================
=====================================================
Completed 140 games.

Agent 1 (SHUCTAnyTime)
Winning score (between 0 and 1) : N=140, mean=0.435714 (+/-0.082431).
P1: N=70, mean=0.671429 (+/-0.110825).
P2: N=70, mean=0.2 (+/-0.094381).
Game Durations: N=140, mean=27.735714 (+/-1.757159).
P1: N=70, mean=27.614286 (+/-2.479911).
P2: N=70, mean=27.857143 (+/-2.507655).

Agent 2 (SHUCT)
Winning score (between 0 and 1) : N=140, mean=0.564286 (+/-0.082431).
P1: N=70, mean=0.8 (+/-0.094381).
P2: N=70, mean=0.328571 (+/-0.110825).
Game Durations: N=140, mean=27.735714 (+/-1.757159).
P1: N=70, mean=27.857143 (+/-2.507655).
P2: N=70, mean=27.614286 (+/-2.479911).
=====================================================
=====================================================
Completed 150 games.

Agent 1 (SHUCTAnyTime)
Winning score (between 0 and 1) : N=150, mean=0.433333 (+/-0.079566).
P1: N=75, mean=0.653333 (+/-0.108431).
P2: N=75, mean=0.213333 (+/-0.093337).
Game Durations: N=150, mean=27.653333 (+/-1.701596).
P1: N=75, mean=27.906667 (+/-2.419885).
P2: N=75, mean=27.4 (+/-2.407792).

Agent 2 (SHUCT)
Winning score (between 0 and 1) : N=150, mean=0.566667 (+/-0.079566).
P1: N=75, mean=0.786667 (+/-0.093337).
P2: N=75, mean=0.346667 (+/-0.108431).
Game Durations: N=150, mean=27.653333 (+/-1.701596).
P1: N=75, mean=27.4 (+/-2.407792).
P2: N=75, mean=27.906667 (+/-2.419885).
=====================================================
