Warming up...
Finished warming up!
=====================================================
Completed 1 games.

Agent 1 (SHUCTAnyTime)
Winning score (between 0 and 1) : N=1, mean=1 (+/-0).
P1: N=1, mean=1 (+/-0).
P2: N=0, mean=0 (+/-0).
Game Durations: N=1, mean=33 (+/-0).
P1: N=1, mean=33 (+/-0).
P2: N=0, mean=0 (+/-0).

Agent 2 (SHUCT)
Winning score (between 0 and 1) : N=1, mean=0 (+/-0).
P1: N=0, mean=0 (+/-0).
P2: N=1, mean=0 (+/-0).
Game Durations: N=1, mean=33 (+/-0).
P1: N=0, mean=0 (+/-0).
P2: N=1, mean=33 (+/-0).
=====================================================
=====================================================
Completed 2 games.

Agent 1 (SHUCTAnyTime)
Winning score (between 0 and 1) : N=2, mean=1 (+/-0).
P1: N=1, mean=1 (+/-0).
P2: N=1, mean=1 (+/-0).
Game Durations: N=2, mean=34.5 (+/-2.93994).
P1: N=1, mean=33 (+/-0).
P2: N=1, mean=36 (+/-0).

Agent 2 (SHUCT)
Winning score (between 0 and 1) : N=2, mean=0 (+/-0).
P1: N=1, mean=0 (+/-0).
P2: N=1, mean=0 (+/-0).
Game Durations: N=2, mean=34.5 (+/-2.93994).
P1: N=1, mean=36 (+/-0).
P2: N=1, mean=33 (+/-0).
=====================================================
=====================================================
Completed 3 games.

Agent 1 (SHUCTAnyTime)
Winning score (between 0 and 1) : N=3, mean=1 (+/-0).
P1: N=2, mean=1 (+/-0).
P2: N=1, mean=1 (+/-0).
Game Durations: N=3, mean=32 (+/-5.185567).
P1: N=2, mean=30 (+/-5.87988).
P2: N=1, mean=36 (+/-0).

Agent 2 (SHUCT)
Winning score (between 0 and 1) : N=3, mean=0 (+/-0).
P1: N=1, mean=0 (+/-0).
P2: N=2, mean=0 (+/-0).
Game Durations: N=3, mean=32 (+/-5.185567).
P1: N=1, mean=36 (+/-0).
P2: N=2, mean=30 (+/-5.87988).
=====================================================
=====================================================
Completed 4 games.

Agent 1 (SHUCTAnyTime)
Winning score (between 0 and 1) : N=4, mean=1 (+/-0).
P1: N=2, mean=1 (+/-0).
P2: N=2, mean=1 (+/-0).
Game Durations: N=4, mean=32.5 (+/-3.795446).
P1: N=2, mean=30 (+/-5.87988).
P2: N=2, mean=35 (+/-1.95996).

Agent 2 (SHUCT)
Winning score (between 0 and 1) : N=4, mean=0 (+/-0).
P1: N=2, mean=0 (+/-0).
P2: N=2, mean=0 (+/-0).
Game Durations: N=4, mean=32.5 (+/-3.795446).
P1: N=2, mean=35 (+/-1.95996).
P2: N=2, mean=30 (+/-5.87988).
=====================================================
=====================================================
Completed 5 games.

Agent 1 (SHUCTAnyTime)
Winning score (between 0 and 1) : N=5, mean=1 (+/-0).
P1: N=3, mean=1 (+/-0).
P2: N=2, mean=1 (+/-0).
Game Durations: N=5, mean=31.4 (+/-3.645736).
P1: N=3, mean=29 (+/-3.91992).
P2: N=2, mean=35 (+/-1.95996).

Agent 2 (SHUCT)
Winning score (between 0 and 1) : N=5, mean=0 (+/-0).
P1: N=2, mean=0 (+/-0).
P2: N=3, mean=0 (+/-0).
Game Durations: N=5, mean=31.4 (+/-3.645736).
P1: N=2, mean=35 (+/-1.95996).
P2: N=3, mean=29 (+/-3.91992).
=====================================================
=====================================================
Completed 10 games.

Agent 1 (SHUCTAnyTime)
Winning score (between 0 and 1) : N=10, mean=0.8 (+/-0.261328).
P1: N=5, mean=1 (+/-0).
P2: N=5, mean=0.6 (+/-0.48009).
Game Durations: N=10, mean=29.9 (+/-5.570104).
P1: N=5, mean=27 (+/-9.838921).
P2: N=5, mean=32.8 (+/-5.163295).

Agent 2 (SHUCT)
Winning score (between 0 and 1) : N=10, mean=0.2 (+/-0.261328).
P1: N=5, mean=0.4 (+/-0.48009).
P2: N=5, mean=0 (+/-0).
Game Durations: N=10, mean=29.9 (+/-5.570104).
P1: N=5, mean=32.8 (+/-5.163295).
P2: N=5, mean=27 (+/-9.838921).
=====================================================
=====================================================
Completed 20 games.

Agent 1 (SHUCTAnyTime)
Winning score (between 0 and 1) : N=20, mean=0.7 (+/-0.206054).
P1: N=10, mean=1 (+/-0).
P2: N=10, mean=0.4 (+/-0.32006).
Game Durations: N=20, mean=29.7 (+/-4.277782).
P1: N=10, mean=27.8 (+/-6.51226).
P2: N=10, mean=31.6 (+/-5.636755).

Agent 2 (SHUCT)
Winning score (between 0 and 1) : N=20, mean=0.3 (+/-0.206054).
P1: N=10, mean=0.6 (+/-0.32006).
P2: N=10, mean=0 (+/-0).
Game Durations: N=20, mean=29.7 (+/-4.277782).
P1: N=10, mean=31.6 (+/-5.636755).
P2: N=10, mean=27.8 (+/-6.51226).
=====================================================
=====================================================
Completed 30 games.

Agent 1 (SHUCTAnyTime)
Winning score (between 0 and 1) : N=30, mean=0.6 (+/-0.178301).
P1: N=15, mean=0.933333 (+/-0.130664).
P2: N=15, mean=0.266667 (+/-0.231643).
Game Durations: N=30, mean=29.7 (+/-3.515076).
P1: N=15, mean=30 (+/-5.546903).
P2: N=15, mean=29.4 (+/-4.513383).

Agent 2 (SHUCT)
Winning score (between 0 and 1) : N=30, mean=0.4 (+/-0.178301).
P1: N=15, mean=0.733333 (+/-0.231643).
P2: N=15, mean=0.066667 (+/-0.130664).
Game Durations: N=30, mean=29.7 (+/-3.515076).
P1: N=15, mean=29.4 (+/-4.513383).
P2: N=15, mean=30 (+/-5.546903).
=====================================================
=====================================================
Completed 40 games.

Agent 1 (SHUCTAnyTime)
Winning score (between 0 and 1) : N=40, mean=0.55 (+/-0.156136).
P1: N=20, mean=0.8 (+/-0.179858).
P2: N=20, mean=0.3 (+/-0.206054).
Game Durations: N=40, mean=29.75 (+/-2.840035).
P1: N=20, mean=29.8 (+/-4.482045).
P2: N=20, mean=29.7 (+/-3.608669).

Agent 2 (SHUCT)
Winning score (between 0 and 1) : N=40, mean=0.45 (+/-0.156136).
P1: N=20, mean=0.7 (+/-0.206054).
P2: N=20, mean=0.2 (+/-0.179858).
Game Durations: N=40, mean=29.75 (+/-2.840035).
P1: N=20, mean=29.7 (+/-3.608669).
P2: N=20, mean=29.8 (+/-4.482045).
=====================================================
=====================================================
Completed 50 games.

Agent 1 (SHUCTAnyTime)
Winning score (between 0 and 1) : N=50, mean=0.56 (+/-0.138986).
P1: N=25, mean=0.84 (+/-0.14667).
P2: N=25, mean=0.28 (+/-0.179633).
Game Durations: N=50, mean=29.54 (+/-2.626705).
P1: N=25, mean=30.04 (+/-4.023857).
P2: N=25, mean=29.04 (+/-3.449901).

Agent 2 (SHUCT)
Winning score (between 0 and 1) : N=50, mean=0.44 (+/-0.138986).
P1: N=25, mean=0.72 (+/-0.179633).
P2: N=25, mean=0.16 (+/-0.14667).
Game Durations: N=50, mean=29.54 (+/-2.626705).
P1: N=25, mean=29.04 (+/-3.449901).
P2: N=25, mean=30.04 (+/-4.023857).
=====================================================
=====================================================
Completed 60 games.

Agent 1 (SHUCTAnyTime)
Winning score (between 0 and 1) : N=60, mean=0.583333 (+/-0.125798).
P1: N=30, mean=0.866667 (+/-0.123721).
P2: N=30, mean=0.3 (+/-0.166785).
Game Durations: N=60, mean=28.283333 (+/-2.491005).
P1: N=30, mean=28.466667 (+/-3.711314).
P2: N=30, mean=28.1 (+/-3.38609).

Agent 2 (SHUCT)
Winning score (between 0 and 1) : N=60, mean=0.416667 (+/-0.125798).
P1: N=30, mean=0.7 (+/-0.166785).
P2: N=30, mean=0.133333 (+/-0.123721).
Game Durations: N=60, mean=28.283333 (+/-2.491005).
P1: N=30, mean=28.1 (+/-3.38609).
P2: N=30, mean=28.466667 (+/-3.711314).
=====================================================
=====================================================
Completed 70 games.

Agent 1 (SHUCTAnyTime)
Winning score (between 0 and 1) : N=70, mean=0.557143 (+/-0.117203).
P1: N=35, mean=0.857143 (+/-0.117621).
P2: N=35, mean=0.257143 (+/-0.146909).
Game Durations: N=70, mean=27.514286 (+/-2.364815).
P1: N=35, mean=28.342857 (+/-3.488493).
P2: N=35, mean=26.685714 (+/-3.220815).

Agent 2 (SHUCT)
Winning score (between 0 and 1) : N=70, mean=0.442857 (+/-0.117203).
P1: N=35, mean=0.742857 (+/-0.146909).
P2: N=35, mean=0.142857 (+/-0.117621).
Game Durations: N=70, mean=27.514286 (+/-2.364815).
P1: N=35, mean=26.685714 (+/-3.220815).
P2: N=35, mean=28.342857 (+/-3.488493).
=====================================================
=====================================================
Completed 80 games.

Agent 1 (SHUCTAnyTime)
Winning score (between 0 and 1) : N=80, mean=0.55 (+/-0.109704).
P1: N=40, mean=0.85 (+/-0.112065).
P2: N=40, mean=0.25 (+/-0.135899).
Game Durations: N=80, mean=28.525 (+/-2.294545).
P1: N=40, mean=28.6 (+/-3.330158).
P2: N=40, mean=28.45 (+/-3.199793).

Agent 2 (SHUCT)
Winning score (between 0 and 1) : N=80, mean=0.45 (+/-0.109704).
P1: N=40, mean=0.75 (+/-0.135899).
P2: N=40, mean=0.15 (+/-0.112065).
Game Durations: N=80, mean=28.525 (+/-2.294545).
P1: N=40, mean=28.45 (+/-3.199793).
P2: N=40, mean=28.6 (+/-3.330158).
=====================================================
=====================================================
Completed 90 games.

Agent 1 (SHUCTAnyTime)
Winning score (between 0 and 1) : N=90, mean=0.544444 (+/-0.103466).
P1: N=45, mean=0.822222 (+/-0.112968).
P2: N=45, mean=0.266667 (+/-0.130664).
Game Durations: N=90, mean=28.377778 (+/-2.164509).
P1: N=45, mean=28.377778 (+/-3.105404).
P2: N=45, mean=28.377778 (+/-3.051201).

Agent 2 (SHUCT)
Winning score (between 0 and 1) : N=90, mean=0.455556 (+/-0.103466).
P1: N=45, mean=0.733333 (+/-0.130664).
P2: N=45, mean=0.177778 (+/-0.112968).
Game Durations: N=90, mean=28.377778 (+/-2.164509).
P1: N=45, mean=28.377778 (+/-3.051201).
P2: N=45, mean=28.377778 (+/-3.105404).
=====================================================
=====================================================
Completed 100 games.

Agent 1 (SHUCTAnyTime)
Winning score (between 0 and 1) : N=100, mean=0.55 (+/-0.097998).
P1: N=50, mean=0.82 (+/-0.10757).
P2: N=50, mean=0.28 (+/-0.125717).
Game Durations: N=100, mean=28.73 (+/-1.990576).
P1: N=50, mean=28.82 (+/-2.844218).
P2: N=50, mean=28.64 (+/-2.814331).

Agent 2 (SHUCT)
Winning score (between 0 and 1) : N=100, mean=0.45 (+/-0.097998).
P1: N=50, mean=0.72 (+/-0.125717).
P2: N=50, mean=0.18 (+/-0.10757).
Game Durations: N=100, mean=28.73 (+/-1.990576).
P1: N=50, mean=28.64 (+/-2.814331).
P2: N=50, mean=28.82 (+/-2.844218).
=====================================================
=====================================================
Completed 110 games.

Agent 1 (SHUCTAnyTime)
Winning score (between 0 and 1) : N=110, mean=0.554545 (+/-0.093305).
P1: N=55, mean=0.818182 (+/-0.102871).
P2: N=55, mean=0.290909 (+/-0.121138).
Game Durations: N=110, mean=28.472727 (+/-1.888821).
P1: N=55, mean=28.6 (+/-2.77488).
P2: N=55, mean=28.345455 (+/-2.588524).

Agent 2 (SHUCT)
Winning score (between 0 and 1) : N=110, mean=0.445455 (+/-0.093305).
P1: N=55, mean=0.709091 (+/-0.121138).
P2: N=55, mean=0.181818 (+/-0.102871).
Game Durations: N=110, mean=28.472727 (+/-1.888821).
P1: N=55, mean=28.345455 (+/-2.588524).
P2: N=55, mean=28.6 (+/-2.77488).
=====================================================
=====================================================
Completed 120 games.

Agent 1 (SHUCTAnyTime)
Winning score (between 0 and 1) : N=120, mean=0.541667 (+/-0.089522).
P1: N=60, mean=0.816667 (+/-0.098733).
P2: N=60, mean=0.266667 (+/-0.112838).
Game Durations: N=120, mean=27.925 (+/-1.808357).
P1: N=60, mean=28.25 (+/-2.640527).
P2: N=60, mean=27.6 (+/-2.491052).

Agent 2 (SHUCT)
Winning score (between 0 and 1) : N=120, mean=0.458333 (+/-0.089522).
P1: N=60, mean=0.733333 (+/-0.112838).
P2: N=60, mean=0.183333 (+/-0.098733).
Game Durations: N=120, mean=27.925 (+/-1.808357).
P1: N=60, mean=27.6 (+/-2.491052).
P2: N=60, mean=28.25 (+/-2.640527).
=====================================================
=====================================================
Completed 130 games.

Agent 1 (SHUCTAnyTime)
Winning score (between 0 and 1) : N=130, mean=0.538462 (+/-0.086027).
P1: N=65, mean=0.815385 (+/-0.095054).
P2: N=65, mean=0.261538 (+/-0.107669).
Game Durations: N=130, mean=27.915385 (+/-1.750431).
P1: N=65, mean=28.169231 (+/-2.530627).
P2: N=65, mean=27.661538 (+/-2.437206).

Agent 2 (SHUCT)
Winning score (between 0 and 1) : N=130, mean=0.461538 (+/-0.086027).
P1: N=65, mean=0.738462 (+/-0.107669).
P2: N=65, mean=0.184615 (+/-0.095054).
Game Durations: N=130, mean=27.915385 (+/-1.750431).
P1: N=65, mean=27.661538 (+/-2.437206).
P2: N=65, mean=28.169231 (+/-2.530627).
=====================================================
=====================================================
Completed 140 games.

Agent 1 (SHUCTAnyTime)
Winning score (between 0 and 1) : N=140, mean=0.535714 (+/-0.082909).
P1: N=70, mean=0.814286 (+/-0.091756).
P2: N=70, mean=0.257143 (+/-0.103125).
Game Durations: N=140, mean=27.95 (+/-1.63998).
P1: N=70, mean=28.242857 (+/-2.365721).
P2: N=70, mean=27.657143 (+/-2.286899).

Agent 2 (SHUCT)
Winning score (between 0 and 1) : N=140, mean=0.464286 (+/-0.082909).
P1: N=70, mean=0.742857 (+/-0.103125).
P2: N=70, mean=0.185714 (+/-0.091756).
Game Durations: N=140, mean=27.95 (+/-1.63998).
P1: N=70, mean=27.657143 (+/-2.286899).
P2: N=70, mean=28.242857 (+/-2.365721).
=====================================================
=====================================================
Completed 150 games.

Agent 1 (SHUCTAnyTime)
Winning score (between 0 and 1) : N=150, mean=0.546667 (+/-0.079933).
P1: N=75, mean=0.826667 (+/-0.086246).
P2: N=75, mean=0.266667 (+/-0.100755).
Game Durations: N=150, mean=28.06 (+/-1.561843).
P1: N=75, mean=28.24 (+/-2.237589).
P2: N=75, mean=27.88 (+/-2.193894).

Agent 2 (SHUCT)
Winning score (between 0 and 1) : N=150, mean=0.453333 (+/-0.079933).
P1: N=75, mean=0.733333 (+/-0.100755).
P2: N=75, mean=0.173333 (+/-0.086246).
Game Durations: N=150, mean=28.06 (+/-1.561843).
P1: N=75, mean=27.88 (+/-2.193894).
P2: N=75, mean=28.24 (+/-2.237589).
=====================================================
