Warming up...
Finished warming up!
=====================================================
Completed 1 games.

Agent 1 (SHUCTAnyTime)
Winning score (between 0 and 1) : N=1, mean=0 (+/-0).
P1: N=1, mean=0 (+/-0).
P2: N=0, mean=0 (+/-0).
Game Durations: N=1, mean=20 (+/-0).
P1: N=1, mean=20 (+/-0).
P2: N=0, mean=0 (+/-0).

Agent 2 (SHUCT)
Winning score (between 0 and 1) : N=1, mean=1 (+/-0).
P1: N=0, mean=0 (+/-0).
P2: N=1, mean=1 (+/-0).
Game Durations: N=1, mean=20 (+/-0).
P1: N=0, mean=0 (+/-0).
P2: N=1, mean=20 (+/-0).
=====================================================
=====================================================
Completed 2 games.

Agent 1 (SHUCTAnyTime)
Winning score (between 0 and 1) : N=2, mean=0 (+/-0).
P1: N=1, mean=0 (+/-0).
P2: N=1, mean=0 (+/-0).
Game Durations: N=2, mean=26.5 (+/-12.73974).
P1: N=1, mean=20 (+/-0).
P2: N=1, mean=33 (+/-0).

Agent 2 (SHUCT)
Winning score (between 0 and 1) : N=2, mean=1 (+/-0).
P1: N=1, mean=1 (+/-0).
P2: N=1, mean=1 (+/-0).
Game Durations: N=2, mean=26.5 (+/-12.73974).
P1: N=1, mean=33 (+/-0).
P2: N=1, mean=20 (+/-0).
=====================================================
=====================================================
Completed 3 games.

Agent 1 (SHUCTAnyTime)
Winning score (between 0 and 1) : N=3, mean=0.333333 (+/-0.65332).
P1: N=2, mean=0.5 (+/-0.97998).
P2: N=1, mean=0 (+/-0).
Game Durations: N=3, mean=26.666667 (+/-7.362542).
P1: N=2, mean=23.5 (+/-6.85986).
P2: N=1, mean=33 (+/-0).

Agent 2 (SHUCT)
Winning score (between 0 and 1) : N=3, mean=0.666667 (+/-0.65332).
P1: N=1, mean=1 (+/-0).
P2: N=2, mean=0.5 (+/-0.97998).
Game Durations: N=3, mean=26.666667 (+/-7.362542).
P1: N=1, mean=33 (+/-0).
P2: N=2, mean=23.5 (+/-6.85986).
=====================================================
=====================================================
Completed 4 games.

Agent 1 (SHUCTAnyTime)
Winning score (between 0 and 1) : N=4, mean=0.25 (+/-0.48999).
P1: N=2, mean=0.5 (+/-0.97998).
P2: N=2, mean=0 (+/-0).
Game Durations: N=4, mean=22.75 (+/-9.275361).
P1: N=2, mean=23.5 (+/-6.85986).
P2: N=2, mean=22 (+/-21.55956).

Agent 2 (SHUCT)
Winning score (between 0 and 1) : N=4, mean=0.75 (+/-0.48999).
P1: N=2, mean=1 (+/-0).
P2: N=2, mean=0.5 (+/-0.97998).
Game Durations: N=4, mean=22.75 (+/-9.275361).
P1: N=2, mean=22 (+/-21.55956).
P2: N=2, mean=23.5 (+/-6.85986).
=====================================================
=====================================================
Completed 5 games.

Agent 1 (SHUCTAnyTime)
Winning score (between 0 and 1) : N=5, mean=0.4 (+/-0.48009).
P1: N=3, mean=0.666667 (+/-0.65332).
P2: N=2, mean=0 (+/-0).
Game Durations: N=5, mean=20 (+/-8.981665).
P1: N=3, mean=18.666667 (+/-10.26773).
P2: N=2, mean=22 (+/-21.55956).

Agent 2 (SHUCT)
Winning score (between 0 and 1) : N=5, mean=0.6 (+/-0.48009).
P1: N=2, mean=1 (+/-0).
P2: N=3, mean=0.333333 (+/-0.65332).
Game Durations: N=5, mean=20 (+/-8.981665).
P1: N=2, mean=22 (+/-21.55956).
P2: N=3, mean=18.666667 (+/-10.26773).
=====================================================
=====================================================
Completed 10 games.

Agent 1 (SHUCTAnyTime)
Winning score (between 0 and 1) : N=10, mean=0.2 (+/-0.261328).
P1: N=5, mean=0.4 (+/-0.48009).
P2: N=5, mean=0 (+/-0).
Game Durations: N=10, mean=17.3 (+/-4.93289).
P1: N=5, mean=18 (+/-6.470837).
P2: N=5, mean=16.6 (+/-8.166239).

Agent 2 (SHUCT)
Winning score (between 0 and 1) : N=10, mean=0.8 (+/-0.261328).
P1: N=5, mean=1 (+/-0).
P2: N=5, mean=0.6 (+/-0.48009).
Game Durations: N=10, mean=17.3 (+/-4.93289).
P1: N=5, mean=16.6 (+/-8.166239).
P2: N=5, mean=18 (+/-6.470837).
=====================================================
=====================================================
Completed 20 games.

Agent 1 (SHUCTAnyTime)
Winning score (between 0 and 1) : N=20, mean=0.25 (+/-0.194702).
P1: N=10, mean=0.5 (+/-0.32666).
P2: N=10, mean=0 (+/-0).
Game Durations: N=20, mean=16.05 (+/-2.580962).
P1: N=10, mean=16.3 (+/-3.555045).
P2: N=10, mean=15.8 (+/-3.928621).

Agent 2 (SHUCT)
Winning score (between 0 and 1) : N=20, mean=0.75 (+/-0.194702).
P1: N=10, mean=1 (+/-0).
P2: N=10, mean=0.5 (+/-0.32666).
Game Durations: N=20, mean=16.05 (+/-2.580962).
P1: N=10, mean=15.8 (+/-3.928621).
P2: N=10, mean=16.3 (+/-3.555045).
=====================================================
=====================================================
Completed 30 games.

Agent 1 (SHUCTAnyTime)
Winning score (between 0 and 1) : N=30, mean=0.333333 (+/-0.17157).
P1: N=15, mean=0.6 (+/-0.256619).
P2: N=15, mean=0.066667 (+/-0.130664).
Game Durations: N=30, mean=16.1 (+/-2.202557).
P1: N=15, mean=15.933333 (+/-2.814155).
P2: N=15, mean=16.266667 (+/-3.4876).

Agent 2 (SHUCT)
Winning score (between 0 and 1) : N=30, mean=0.666667 (+/-0.17157).
P1: N=15, mean=0.933333 (+/-0.130664).
P2: N=15, mean=0.4 (+/-0.256619).
Game Durations: N=30, mean=16.1 (+/-2.202557).
P1: N=15, mean=16.266667 (+/-3.4876).
P2: N=15, mean=15.933333 (+/-2.814155).
=====================================================
=====================================================
Completed 40 games.

Agent 1 (SHUCTAnyTime)
Winning score (between 0 and 1) : N=40, mean=0.4 (+/-0.153752).
P1: N=20, mean=0.65 (+/-0.214467).
P2: N=20, mean=0.15 (+/-0.160556).
Game Durations: N=40, mean=16.5 (+/-2.205862).
P1: N=20, mean=16.65 (+/-2.83767).
P2: N=20, mean=16.35 (+/-3.451671).

Agent 2 (SHUCT)
Winning score (between 0 and 1) : N=40, mean=0.6 (+/-0.153752).
P1: N=20, mean=0.85 (+/-0.160556).
P2: N=20, mean=0.35 (+/-0.214467).
Game Durations: N=40, mean=16.5 (+/-2.205862).
P1: N=20, mean=16.35 (+/-3.451671).
P2: N=20, mean=16.65 (+/-2.83767).
=====================================================
=====================================================
Completed 50 games.

Agent 1 (SHUCTAnyTime)
Winning score (between 0 and 1) : N=50, mean=0.42 (+/-0.138194).
P1: N=25, mean=0.64 (+/-0.192036).
P2: N=25, mean=0.2 (+/-0.16003).
Game Durations: N=50, mean=16.72 (+/-1.964786).
P1: N=25, mean=16.72 (+/-2.789118).
P2: N=25, mean=16.72 (+/-2.825607).

Agent 2 (SHUCT)
Winning score (between 0 and 1) : N=50, mean=0.58 (+/-0.138194).
P1: N=25, mean=0.8 (+/-0.16003).
P2: N=25, mean=0.36 (+/-0.192036).
Game Durations: N=50, mean=16.72 (+/-1.964786).
P1: N=25, mean=16.72 (+/-2.825607).
P2: N=25, mean=16.72 (+/-2.789118).
=====================================================
=====================================================
Completed 60 games.

Agent 1 (SHUCTAnyTime)
Winning score (between 0 and 1) : N=60, mean=0.433333 (+/-0.126443).
P1: N=30, mean=0.666667 (+/-0.17157).
P2: N=30, mean=0.2 (+/-0.145582).
Game Durations: N=60, mean=17 (+/-1.750564).
P1: N=30, mean=17.2 (+/-2.414939).
P2: N=30, mean=16.8 (+/-2.57424).

Agent 2 (SHUCT)
Winning score (between 0 and 1) : N=60, mean=0.566667 (+/-0.126443).
P1: N=30, mean=0.8 (+/-0.145582).
P2: N=30, mean=0.333333 (+/-0.17157).
Game Durations: N=60, mean=17 (+/-1.750564).
P1: N=30, mean=16.8 (+/-2.57424).
P2: N=30, mean=17.2 (+/-2.414939).
=====================================================
=====================================================
Completed 70 games.

Agent 1 (SHUCTAnyTime)
Winning score (between 0 and 1) : N=70, mean=0.414286 (+/-0.116229).
P1: N=35, mean=0.628571 (+/-0.162414).
P2: N=35, mean=0.2 (+/-0.134452).
Game Durations: N=70, mean=17.342857 (+/-1.728316).
P1: N=35, mean=17.371429 (+/-2.410631).
P2: N=35, mean=17.314286 (+/-2.512508).

Agent 2 (SHUCT)
Winning score (between 0 and 1) : N=70, mean=0.585714 (+/-0.116229).
P1: N=35, mean=0.8 (+/-0.134452).
P2: N=35, mean=0.371429 (+/-0.162414).
Game Durations: N=70, mean=17.342857 (+/-1.728316).
P1: N=35, mean=17.314286 (+/-2.512508).
P2: N=35, mean=17.371429 (+/-2.410631).
=====================================================
=====================================================
Completed 80 games.

Agent 1 (SHUCTAnyTime)
Winning score (between 0 and 1) : N=80, mean=0.4125 (+/-0.108555).
P1: N=40, mean=0.625 (+/-0.151939).
P2: N=40, mean=0.2 (+/-0.125538).
Game Durations: N=80, mean=16.7875 (+/-1.557581).
P1: N=40, mean=16.975 (+/-2.151025).
P2: N=40, mean=16.6 (+/-2.279213).

Agent 2 (SHUCT)
Winning score (between 0 and 1) : N=80, mean=0.5875 (+/-0.108555).
P1: N=40, mean=0.8 (+/-0.125538).
P2: N=40, mean=0.375 (+/-0.151939).
Game Durations: N=80, mean=16.7875 (+/-1.557581).
P1: N=40, mean=16.6 (+/-2.279213).
P2: N=40, mean=16.975 (+/-2.151025).
=====================================================
=====================================================
Completed 90 games.

Agent 1 (SHUCTAnyTime)
Winning score (between 0 and 1) : N=90, mean=0.377778 (+/-0.100726).
P1: N=45, mean=0.577778 (+/-0.145939).
P2: N=45, mean=0.177778 (+/-0.112968).
Game Durations: N=90, mean=16.322222 (+/-1.42626).
P1: N=45, mean=16.444444 (+/-1.962488).
P2: N=45, mean=16.2 (+/-2.091737).

Agent 2 (SHUCT)
Winning score (between 0 and 1) : N=90, mean=0.622222 (+/-0.100726).
P1: N=45, mean=0.822222 (+/-0.112968).
P2: N=45, mean=0.422222 (+/-0.145939).
Game Durations: N=90, mean=16.322222 (+/-1.42626).
P1: N=45, mean=16.2 (+/-2.091737).
P2: N=45, mean=16.444444 (+/-1.962488).
=====================================================
=====================================================
Completed 100 games.

Agent 1 (SHUCTAnyTime)
Winning score (between 0 and 1) : N=100, mean=0.37 (+/-0.095104).
P1: N=50, mean=0.56 (+/-0.138986).
P2: N=50, mean=0.18 (+/-0.10757).
Game Durations: N=100, mean=16.29 (+/-1.330854).
P1: N=50, mean=16.52 (+/-1.878459).
P2: N=50, mean=16.06 (+/-1.902651).

Agent 2 (SHUCT)
Winning score (between 0 and 1) : N=100, mean=0.63 (+/-0.095104).
P1: N=50, mean=0.82 (+/-0.10757).
P2: N=50, mean=0.44 (+/-0.138986).
Game Durations: N=100, mean=16.29 (+/-1.330854).
P1: N=50, mean=16.06 (+/-1.902651).
P2: N=50, mean=16.52 (+/-1.878459).
=====================================================
=====================================================
Completed 110 games.

Agent 1 (SHUCTAnyTime)
Winning score (between 0 and 1) : N=110, mean=0.354545 (+/-0.089805).
P1: N=55, mean=0.545455 (+/-0.132806).
P2: N=55, mean=0.163636 (+/-0.098671).
Game Durations: N=110, mean=16.418182 (+/-1.358556).
P1: N=55, mean=16.763636 (+/-2.097643).
P2: N=55, mean=16.072727 (+/-1.741831).

Agent 2 (SHUCT)
Winning score (between 0 and 1) : N=110, mean=0.645455 (+/-0.089805).
P1: N=55, mean=0.836364 (+/-0.098671).
P2: N=55, mean=0.454545 (+/-0.132806).
Game Durations: N=110, mean=16.418182 (+/-1.358556).
P1: N=55, mean=16.072727 (+/-1.741831).
P2: N=55, mean=16.763636 (+/-2.097643).
=====================================================
=====================================================
Completed 120 games.

Agent 1 (SHUCTAnyTime)
Winning score (between 0 and 1) : N=120, mean=0.375 (+/-0.086982).
P1: N=60, mean=0.566667 (+/-0.126443).
P2: N=60, mean=0.183333 (+/-0.098733).
Game Durations: N=120, mean=16.441667 (+/-1.307558).
P1: N=60, mean=16.433333 (+/-1.945158).
P2: N=60, mean=16.45 (+/-1.76441).

Agent 2 (SHUCT)
Winning score (between 0 and 1) : N=120, mean=0.625 (+/-0.086982).
P1: N=60, mean=0.816667 (+/-0.098733).
P2: N=60, mean=0.433333 (+/-0.126443).
Game Durations: N=120, mean=16.441667 (+/-1.307558).
P1: N=60, mean=16.45 (+/-1.76441).
P2: N=60, mean=16.433333 (+/-1.945158).
=====================================================
=====================================================
Completed 130 games.

Agent 1 (SHUCTAnyTime)
Winning score (between 0 and 1) : N=130, mean=0.369231 (+/-0.083279).
P1: N=65, mean=0.569231 (+/-0.121318).
P2: N=65, mean=0.169231 (+/-0.091862).
Game Durations: N=130, mean=16.5 (+/-1.243508).
P1: N=65, mean=16.661538 (+/-1.828471).
P2: N=65, mean=16.338462 (+/-1.699157).

Agent 2 (SHUCT)
Winning score (between 0 and 1) : N=130, mean=0.630769 (+/-0.083279).
P1: N=65, mean=0.830769 (+/-0.091862).
P2: N=65, mean=0.430769 (+/-0.121318).
Game Durations: N=130, mean=16.5 (+/-1.243508).
P1: N=65, mean=16.338462 (+/-1.699157).
P2: N=65, mean=16.661538 (+/-1.828471).
=====================================================
=====================================================
Completed 140 games.

Agent 1 (SHUCTAnyTime)
Winning score (between 0 and 1) : N=140, mean=0.357143 (+/-0.079656).
P1: N=70, mean=0.542857 (+/-0.117542).
P2: N=70, mean=0.171429 (+/-0.088926).
Game Durations: N=140, mean=16.628571 (+/-1.182929).
P1: N=70, mean=16.942857 (+/-1.754804).
P2: N=70, mean=16.314286 (+/-1.596092).

Agent 2 (SHUCT)
Winning score (between 0 and 1) : N=140, mean=0.642857 (+/-0.079656).
P1: N=70, mean=0.828571 (+/-0.088926).
P2: N=70, mean=0.457143 (+/-0.117542).
Game Durations: N=140, mean=16.628571 (+/-1.182929).
P1: N=70, mean=16.314286 (+/-1.596092).
P2: N=70, mean=16.942857 (+/-1.754804).
=====================================================
=====================================================
Completed 150 games.

Agent 1 (SHUCTAnyTime)
Winning score (between 0 and 1) : N=150, mean=0.353333 (+/-0.076751).
P1: N=75, mean=0.533333 (+/-0.113667).
P2: N=75, mean=0.173333 (+/-0.086246).
Game Durations: N=150, mean=16.693333 (+/-1.165397).
P1: N=75, mean=17.013333 (+/-1.788027).
P2: N=75, mean=16.373333 (+/-1.503875).

Agent 2 (SHUCT)
Winning score (between 0 and 1) : N=150, mean=0.646667 (+/-0.076751).
P1: N=75, mean=0.826667 (+/-0.086246).
P2: N=75, mean=0.466667 (+/-0.113667).
Game Durations: N=150, mean=16.693333 (+/-1.165397).
P1: N=75, mean=16.373333 (+/-1.503875).
P2: N=75, mean=17.013333 (+/-1.788027).
=====================================================
