Warming up...
Finished warming up!
=====================================================
Completed 1 games.

Agent 1 (SHUCTAnyTime)
Winning score (between 0 and 1) : N=1, mean=1 (+/-0).
P1: N=1, mean=1 (+/-0).
P2: N=0, mean=0 (+/-0).
Game Durations: N=1, mean=43 (+/-0).
P1: N=1, mean=43 (+/-0).
P2: N=0, mean=0 (+/-0).

Agent 2 (SHUCT)
Winning score (between 0 and 1) : N=1, mean=0 (+/-0).
P1: N=0, mean=0 (+/-0).
P2: N=1, mean=0 (+/-0).
Game Durations: N=1, mean=43 (+/-0).
P1: N=0, mean=0 (+/-0).
P2: N=1, mean=43 (+/-0).
=====================================================
=====================================================
Completed 2 games.

Agent 1 (SHUCTAnyTime)
Winning score (between 0 and 1) : N=2, mean=0.5 (+/-0.97998).
P1: N=1, mean=1 (+/-0).
P2: N=1, mean=0 (+/-0).
Game Durations: N=2, mean=33 (+/-19.5996).
P1: N=1, mean=43 (+/-0).
P2: N=1, mean=23 (+/-0).

Agent 2 (SHUCT)
Winning score (between 0 and 1) : N=2, mean=0.5 (+/-0.97998).
P1: N=1, mean=1 (+/-0).
P2: N=1, mean=0 (+/-0).
Game Durations: N=2, mean=33 (+/-19.5996).
P1: N=1, mean=23 (+/-0).
P2: N=1, mean=43 (+/-0).
=====================================================
=====================================================
Completed 3 games.

Agent 1 (SHUCTAnyTime)
Winning score (between 0 and 1) : N=3, mean=0.333333 (+/-0.65332).
P1: N=2, mean=0.5 (+/-0.97998).
P2: N=1, mean=0 (+/-0).
Game Durations: N=3, mean=34 (+/-11.484318).
P1: N=2, mean=39.5 (+/-6.85986).
P2: N=1, mean=23 (+/-0).

Agent 2 (SHUCT)
Winning score (between 0 and 1) : N=3, mean=0.666667 (+/-0.65332).
P1: N=1, mean=1 (+/-0).
P2: N=2, mean=0.5 (+/-0.97998).
Game Durations: N=3, mean=34 (+/-11.484318).
P1: N=1, mean=23 (+/-0).
P2: N=2, mean=39.5 (+/-6.85986).
=====================================================
=====================================================
Completed 4 games.

Agent 1 (SHUCTAnyTime)
Winning score (between 0 and 1) : N=4, mean=0.25 (+/-0.48999).
P1: N=2, mean=0.5 (+/-0.97998).
P2: N=2, mean=0 (+/-0).
Game Durations: N=4, mean=31.25 (+/-9.746573).
P1: N=2, mean=39.5 (+/-6.85986).
P2: N=2, mean=23 (+/-0).

Agent 2 (SHUCT)
Winning score (between 0 and 1) : N=4, mean=0.75 (+/-0.48999).
P1: N=2, mean=1 (+/-0).
P2: N=2, mean=0.5 (+/-0.97998).
Game Durations: N=4, mean=31.25 (+/-9.746573).
P1: N=2, mean=23 (+/-0).
P2: N=2, mean=39.5 (+/-6.85986).
=====================================================
=====================================================
Completed 5 games.

Agent 1 (SHUCTAnyTime)
Winning score (between 0 and 1) : N=5, mean=0.4 (+/-0.48009).
P1: N=3, mean=0.666667 (+/-0.65332).
P2: N=2, mean=0 (+/-0).
Game Durations: N=5, mean=33.6 (+/-8.843743).
P1: N=3, mean=40.666667 (+/-4.57324).
P2: N=2, mean=23 (+/-0).

Agent 2 (SHUCT)
Winning score (between 0 and 1) : N=5, mean=0.6 (+/-0.48009).
P1: N=2, mean=1 (+/-0).
P2: N=3, mean=0.333333 (+/-0.65332).
Game Durations: N=5, mean=33.6 (+/-8.843743).
P1: N=2, mean=23 (+/-0).
P2: N=3, mean=40.666667 (+/-4.57324).
=====================================================
=====================================================
Completed 10 games.

Agent 1 (SHUCTAnyTime)
Winning score (between 0 and 1) : N=10, mean=0.5 (+/-0.32666).
P1: N=5, mean=0.8 (+/-0.391992).
P2: N=5, mean=0.2 (+/-0.391992).
Game Durations: N=10, mean=30.2 (+/-5.708985).
P1: N=5, mean=35.6 (+/-8.623824).
P2: N=5, mean=24.8 (+/-4.035805).

Agent 2 (SHUCT)
Winning score (between 0 and 1) : N=10, mean=0.5 (+/-0.32666).
P1: N=5, mean=0.8 (+/-0.391992).
P2: N=5, mean=0.2 (+/-0.391992).
Game Durations: N=10, mean=30.2 (+/-5.708985).
P1: N=5, mean=24.8 (+/-4.035805).
P2: N=5, mean=35.6 (+/-8.623824).
=====================================================
=====================================================
Completed 20 games.

Agent 1 (SHUCTAnyTime)
Winning score (between 0 and 1) : N=20, mean=0.65 (+/-0.214467).
P1: N=10, mean=0.8 (+/-0.261328).
P2: N=10, mean=0.5 (+/-0.32666).
Game Durations: N=20, mean=30.75 (+/-4.176806).
P1: N=10, mean=32 (+/-5.35563).
P2: N=10, mean=29.5 (+/-6.60629).

Agent 2 (SHUCT)
Winning score (between 0 and 1) : N=20, mean=0.35 (+/-0.214467).
P1: N=10, mean=0.5 (+/-0.32666).
P2: N=10, mean=0.2 (+/-0.261328).
Game Durations: N=20, mean=30.75 (+/-4.176806).
P1: N=10, mean=29.5 (+/-6.60629).
P2: N=10, mean=32 (+/-5.35563).
=====================================================
=====================================================
Completed 30 games.

Agent 1 (SHUCTAnyTime)
Winning score (between 0 and 1) : N=30, mean=0.6 (+/-0.178301).
P1: N=15, mean=0.733333 (+/-0.231643).
P2: N=15, mean=0.466667 (+/-0.261328).
Game Durations: N=30, mean=30.366667 (+/-3.297743).
P1: N=15, mean=30.466667 (+/-4.485194).
P2: N=15, mean=30.266667 (+/-4.993153).

Agent 2 (SHUCT)
Winning score (between 0 and 1) : N=30, mean=0.4 (+/-0.178301).
P1: N=15, mean=0.533333 (+/-0.261328).
P2: N=15, mean=0.266667 (+/-0.231643).
Game Durations: N=30, mean=30.366667 (+/-3.297743).
P1: N=15, mean=30.266667 (+/-4.993153).
P2: N=15, mean=30.466667 (+/-4.485194).
=====================================================
=====================================================
Completed 40 games.

Agent 1 (SHUCTAnyTime)
Winning score (between 0 and 1) : N=40, mean=0.625 (+/-0.151939).
P1: N=20, mean=0.8 (+/-0.179858).
P2: N=20, mean=0.45 (+/-0.223696).
Game Durations: N=40, mean=31.225 (+/-2.943696).
P1: N=20, mean=31.3 (+/-3.543653).
P2: N=20, mean=31.15 (+/-4.797268).

Agent 2 (SHUCT)
Winning score (between 0 and 1) : N=40, mean=0.375 (+/-0.151939).
P1: N=20, mean=0.55 (+/-0.223696).
P2: N=20, mean=0.2 (+/-0.179858).
Game Durations: N=40, mean=31.225 (+/-2.943696).
P1: N=20, mean=31.15 (+/-4.797268).
P2: N=20, mean=31.3 (+/-3.543653).
=====================================================
=====================================================
Completed 50 games.

Agent 1 (SHUCTAnyTime)
Winning score (between 0 and 1) : N=50, mean=0.64 (+/-0.134397).
P1: N=25, mean=0.84 (+/-0.14667).
P2: N=25, mean=0.44 (+/-0.198592).
Game Durations: N=50, mean=30.74 (+/-2.793108).
P1: N=25, mean=30.44 (+/-3.123826).
P2: N=25, mean=31.04 (+/-4.697748).

Agent 2 (SHUCT)
Winning score (between 0 and 1) : N=50, mean=0.36 (+/-0.134397).
P1: N=25, mean=0.56 (+/-0.198592).
P2: N=25, mean=0.16 (+/-0.14667).
Game Durations: N=50, mean=30.74 (+/-2.793108).
P1: N=25, mean=31.04 (+/-4.697748).
P2: N=25, mean=30.44 (+/-3.123826).
=====================================================
=====================================================
Completed 60 games.

Agent 1 (SHUCTAnyTime)
Winning score (between 0 and 1) : N=60, mean=0.6 (+/-0.125005).
P1: N=30, mean=0.8 (+/-0.145582).
P2: N=30, mean=0.4 (+/-0.178301).
Game Durations: N=60, mean=30.2 (+/-2.45622).
P1: N=30, mean=29.8 (+/-2.940916).
P2: N=30, mean=30.6 (+/-3.982056).

Agent 2 (SHUCT)
Winning score (between 0 and 1) : N=60, mean=0.4 (+/-0.125005).
P1: N=30, mean=0.6 (+/-0.178301).
P2: N=30, mean=0.2 (+/-0.145582).
Game Durations: N=60, mean=30.2 (+/-2.45622).
P1: N=30, mean=30.6 (+/-3.982056).
P2: N=30, mean=29.8 (+/-2.940916).
=====================================================
=====================================================
Completed 70 games.

Agent 1 (SHUCTAnyTime)
Winning score (between 0 and 1) : N=70, mean=0.571429 (+/-0.116766).
P1: N=35, mean=0.771429 (+/-0.141145).
P2: N=35, mean=0.371429 (+/-0.162414).
Game Durations: N=70, mean=30.957143 (+/-2.31543).
P1: N=35, mean=31.057143 (+/-2.881374).
P2: N=35, mean=30.857143 (+/-3.668195).

Agent 2 (SHUCT)
Winning score (between 0 and 1) : N=70, mean=0.428571 (+/-0.116766).
P1: N=35, mean=0.628571 (+/-0.162414).
P2: N=35, mean=0.228571 (+/-0.141145).
Game Durations: N=70, mean=30.957143 (+/-2.31543).
P1: N=35, mean=30.857143 (+/-3.668195).
P2: N=35, mean=31.057143 (+/-2.881374).
=====================================================
=====================================================
Completed 80 games.

Agent 1 (SHUCTAnyTime)
Winning score (between 0 and 1) : N=80, mean=0.5625 (+/-0.109392).
P1: N=40, mean=0.775 (+/-0.131056).
P2: N=40, mean=0.35 (+/-0.149694).
Game Durations: N=80, mean=31.2125 (+/-2.196204).
P1: N=40, mean=31.275 (+/-2.756647).
P2: N=40, mean=31.15 (+/-3.455536).

Agent 2 (SHUCT)
Winning score (between 0 and 1) : N=80, mean=0.4375 (+/-0.109392).
P1: N=40, mean=0.65 (+/-0.149694).
P2: N=40, mean=0.225 (+/-0.131056).
Game Durations: N=80, mean=31.2125 (+/-2.196204).
P1: N=40, mean=31.15 (+/-3.455536).
P2: N=40, mean=31.275 (+/-2.756647).
=====================================================
=====================================================
Completed 90 games.

Agent 1 (SHUCTAnyTime)
Winning score (between 0 and 1) : N=90, mean=0.566667 (+/-0.10295).
P1: N=45, mean=0.777778 (+/-0.122841).
P2: N=45, mean=0.355556 (+/-0.141438).
Game Durations: N=90, mean=31.088889 (+/-2.064271).
P1: N=45, mean=30.555556 (+/-2.704171).
P2: N=45, mean=31.622222 (+/-3.142665).

Agent 2 (SHUCT)
Winning score (between 0 and 1) : N=90, mean=0.433333 (+/-0.10295).
P1: N=45, mean=0.644444 (+/-0.141438).
P2: N=45, mean=0.222222 (+/-0.122841).
Game Durations: N=90, mean=31.088889 (+/-2.064271).
P1: N=45, mean=31.622222 (+/-3.142665).
P2: N=45, mean=30.555556 (+/-2.704171).
=====================================================
=====================================================
Completed 100 games.

Agent 1 (SHUCTAnyTime)
Winning score (between 0 and 1) : N=100, mean=0.57 (+/-0.097522).
P1: N=50, mean=0.8 (+/-0.111998).
P2: N=50, mean=0.34 (+/-0.132636).
Game Durations: N=100, mean=30.77 (+/-2.001657).
P1: N=50, mean=30.84 (+/-2.664722).
P2: N=50, mean=30.7 (+/-3.014721).

Agent 2 (SHUCT)
Winning score (between 0 and 1) : N=100, mean=0.43 (+/-0.097522).
P1: N=50, mean=0.66 (+/-0.132636).
P2: N=50, mean=0.2 (+/-0.111998).
Game Durations: N=100, mean=30.77 (+/-2.001657).
P1: N=50, mean=30.7 (+/-3.014721).
P2: N=50, mean=30.84 (+/-2.664722).
=====================================================
=====================================================
Completed 110 games.

Agent 1 (SHUCTAnyTime)
Winning score (between 0 and 1) : N=110, mean=0.581818 (+/-0.0926).
P1: N=55, mean=0.8 (+/-0.106687).
P2: N=55, mean=0.363636 (+/-0.128303).
Game Durations: N=110, mean=31.027273 (+/-1.994066).
P1: N=55, mean=30.072727 (+/-2.631949).
P2: N=55, mean=31.981818 (+/-2.99928).

Agent 2 (SHUCT)
Winning score (between 0 and 1) : N=110, mean=0.418182 (+/-0.0926).
P1: N=55, mean=0.636364 (+/-0.128303).
P2: N=55, mean=0.2 (+/-0.106687).
Game Durations: N=110, mean=31.027273 (+/-1.994066).
P1: N=55, mean=31.981818 (+/-2.99928).
P2: N=55, mean=30.072727 (+/-2.631949).
=====================================================
=====================================================
Completed 120 games.

Agent 1 (SHUCTAnyTime)
Winning score (between 0 and 1) : N=120, mean=0.558333 (+/-0.089221).
P1: N=60, mean=0.766667 (+/-0.107923).
P2: N=60, mean=0.35 (+/-0.121706).
Game Durations: N=120, mean=30.725 (+/-1.894774).
P1: N=60, mean=29.933333 (+/-2.551169).
P2: N=60, mean=31.516667 (+/-2.809324).

Agent 2 (SHUCT)
Winning score (between 0 and 1) : N=120, mean=0.441667 (+/-0.089221).
P1: N=60, mean=0.65 (+/-0.121706).
P2: N=60, mean=0.233333 (+/-0.107923).
Game Durations: N=120, mean=30.725 (+/-1.894774).
P1: N=60, mean=31.516667 (+/-2.809324).
P2: N=60, mean=29.933333 (+/-2.551169).
=====================================================
=====================================================
Completed 130 games.

Agent 1 (SHUCTAnyTime)
Winning score (between 0 and 1) : N=130, mean=0.569231 (+/-0.085451).
P1: N=65, mean=0.769231 (+/-0.103223).
P2: N=65, mean=0.369231 (+/-0.118234).
Game Durations: N=130, mean=30.653846 (+/-1.796373).
P1: N=65, mean=29.907692 (+/-2.407643).
P2: N=65, mean=31.4 (+/-2.673029).

Agent 2 (SHUCT)
Winning score (between 0 and 1) : N=130, mean=0.430769 (+/-0.085451).
P1: N=65, mean=0.630769 (+/-0.118234).
P2: N=65, mean=0.230769 (+/-0.103223).
Game Durations: N=130, mean=30.653846 (+/-1.796373).
P1: N=65, mean=31.4 (+/-2.673029).
P2: N=65, mean=29.907692 (+/-2.407643).
=====================================================
=====================================================
Completed 140 games.

Agent 1 (SHUCTAnyTime)
Winning score (between 0 and 1) : N=140, mean=0.571429 (+/-0.082268).
P1: N=70, mean=0.757143 (+/-0.101178).
P2: N=70, mean=0.385714 (+/-0.114853).
Game Durations: N=140, mean=30.871429 (+/-1.735937).
P1: N=70, mean=30.014286 (+/-2.294748).
P2: N=70, mean=31.728571 (+/-2.60645).

Agent 2 (SHUCT)
Winning score (between 0 and 1) : N=140, mean=0.428571 (+/-0.082268).
P1: N=70, mean=0.614286 (+/-0.114853).
P2: N=70, mean=0.242857 (+/-0.101178).
Game Durations: N=140, mean=30.871429 (+/-1.735937).
P1: N=70, mean=31.728571 (+/-2.60645).
P2: N=70, mean=30.014286 (+/-2.294748).
=====================================================
=====================================================
Completed 150 games.

Agent 1 (SHUCTAnyTime)
Winning score (between 0 and 1) : N=150, mean=0.566667 (+/-0.079566).
P1: N=75, mean=0.76 (+/-0.097307).
P2: N=75, mean=0.373333 (+/-0.110204).
Game Durations: N=150, mean=31.106667 (+/-1.645225).
P1: N=75, mean=30.52 (+/-2.225032).
P2: N=75, mean=31.693333 (+/-2.431812).

Agent 2 (SHUCT)
Winning score (between 0 and 1) : N=150, mean=0.433333 (+/-0.079566).
P1: N=75, mean=0.626667 (+/-0.110204).
P2: N=75, mean=0.24 (+/-0.097307).
Game Durations: N=150, mean=31.106667 (+/-1.645225).
P1: N=75, mean=31.693333 (+/-2.431812).
P2: N=75, mean=30.52 (+/-2.225032).
=====================================================
