Warming up...
Finished warming up!
=====================================================
Completed 1 games.

Agent 1 (SHUCTAnyTime)
Winning score (between 0 and 1) : N=1, mean=0 (+/-0).
P1: N=0, mean=0 (+/-0).
P2: N=1, mean=0 (+/-0).
Game Durations: N=1, mean=67 (+/-0).
P1: N=0, mean=0 (+/-0).
P2: N=1, mean=67 (+/-0).

Agent 2 (SHUCT)
Winning score (between 0 and 1) : N=1, mean=1 (+/-0).
P1: N=1, mean=1 (+/-0).
P2: N=0, mean=0 (+/-0).
Game Durations: N=1, mean=67 (+/-0).
P1: N=1, mean=67 (+/-0).
P2: N=0, mean=0 (+/-0).
=====================================================
=====================================================
Completed 2 games.

Agent 1 (SHUCTAnyTime)
Winning score (between 0 and 1) : N=2, mean=0 (+/-0).
P1: N=1, mean=0 (+/-0).
P2: N=1, mean=0 (+/-0).
Game Durations: N=2, mean=56.5 (+/-20.57958).
P1: N=1, mean=46 (+/-0).
P2: N=1, mean=67 (+/-0).

Agent 2 (SHUCT)
Winning score (between 0 and 1) : N=2, mean=1 (+/-0).
P1: N=1, mean=1 (+/-0).
P2: N=1, mean=1 (+/-0).
Game Durations: N=2, mean=56.5 (+/-20.57958).
P1: N=1, mean=67 (+/-0).
P2: N=1, mean=46 (+/-0).
=====================================================
=====================================================
Completed 3 games.

Agent 1 (SHUCTAnyTime)
Winning score (between 0 and 1) : N=3, mean=0 (+/-0).
P1: N=1, mean=0 (+/-0).
P2: N=2, mean=0 (+/-0).
Game Durations: N=3, mean=53.333333 (+/-13.405006).
P1: N=1, mean=46 (+/-0).
P2: N=2, mean=57 (+/-19.5996).

Agent 2 (SHUCT)
Winning score (between 0 and 1) : N=3, mean=1 (+/-0).
P1: N=2, mean=1 (+/-0).
P2: N=1, mean=1 (+/-0).
Game Durations: N=3, mean=53.333333 (+/-13.405006).
P1: N=2, mean=57 (+/-19.5996).
P2: N=1, mean=46 (+/-0).
=====================================================
=====================================================
Completed 4 games.

Agent 1 (SHUCTAnyTime)
Winning score (between 0 and 1) : N=4, mean=0 (+/-0).
P1: N=2, mean=0 (+/-0).
P2: N=2, mean=0 (+/-0).
Game Durations: N=4, mean=54.5 (+/-9.750678).
P1: N=2, mean=52 (+/-11.75976).
P2: N=2, mean=57 (+/-19.5996).

Agent 2 (SHUCT)
Winning score (between 0 and 1) : N=4, mean=1 (+/-0).
P1: N=2, mean=1 (+/-0).
P2: N=2, mean=1 (+/-0).
Game Durations: N=4, mean=54.5 (+/-9.750678).
P1: N=2, mean=57 (+/-19.5996).
P2: N=2, mean=52 (+/-11.75976).
=====================================================
=====================================================
Completed 5 games.

Agent 1 (SHUCTAnyTime)
Winning score (between 0 and 1) : N=5, mean=0 (+/-0).
P1: N=2, mean=0 (+/-0).
P2: N=3, mean=0 (+/-0).
Game Durations: N=5, mean=53.4 (+/-7.854526).
P1: N=2, mean=52 (+/-11.75976).
P2: N=3, mean=54.333333 (+/-12.464551).

Agent 2 (SHUCT)
Winning score (between 0 and 1) : N=5, mean=1 (+/-0).
P1: N=3, mean=1 (+/-0).
P2: N=2, mean=1 (+/-0).
Game Durations: N=5, mean=53.4 (+/-7.854526).
P1: N=3, mean=54.333333 (+/-12.464551).
P2: N=2, mean=52 (+/-11.75976).
=====================================================
=====================================================
Completed 10 games.

Agent 1 (SHUCTAnyTime)
Winning score (between 0 and 1) : N=10, mean=0 (+/-0).
P1: N=5, mean=0 (+/-0).
P2: N=5, mean=0 (+/-0).
Game Durations: N=10, mean=51.5 (+/-4.882447).
P1: N=5, mean=48.4 (+/-5.996325).
P2: N=5, mean=54.6 (+/-7.270369).

Agent 2 (SHUCT)
Winning score (between 0 and 1) : N=10, mean=1 (+/-0).
P1: N=5, mean=1 (+/-0).
P2: N=5, mean=1 (+/-0).
Game Durations: N=10, mean=51.5 (+/-4.882447).
P1: N=5, mean=54.6 (+/-7.270369).
P2: N=5, mean=48.4 (+/-5.996325).
=====================================================
=====================================================
Completed 20 games.

Agent 1 (SHUCTAnyTime)
Winning score (between 0 and 1) : N=20, mean=0 (+/-0).
P1: N=10, mean=0 (+/-0).
P2: N=10, mean=0 (+/-0).
Game Durations: N=20, mean=53 (+/-3.012961).
P1: N=10, mean=51.4 (+/-4.050584).
P2: N=10, mean=54.6 (+/-4.442576).

Agent 2 (SHUCT)
Winning score (between 0 and 1) : N=20, mean=1 (+/-0).
P1: N=10, mean=1 (+/-0).
P2: N=10, mean=1 (+/-0).
Game Durations: N=20, mean=53 (+/-3.012961).
P1: N=10, mean=54.6 (+/-4.442576).
P2: N=10, mean=51.4 (+/-4.050584).
=====================================================
=====================================================
Completed 30 games.

Agent 1 (SHUCTAnyTime)
Winning score (between 0 and 1) : N=30, mean=0 (+/-0).
P1: N=15, mean=0 (+/-0).
P2: N=15, mean=0 (+/-0).
Game Durations: N=30, mean=53.566667 (+/-2.942842).
P1: N=15, mean=52.933333 (+/-5.044182).
P2: N=15, mean=54.2 (+/-3.196026).

Agent 2 (SHUCT)
Winning score (between 0 and 1) : N=30, mean=1 (+/-0).
P1: N=15, mean=1 (+/-0).
P2: N=15, mean=1 (+/-0).
Game Durations: N=30, mean=53.566667 (+/-2.942842).
P1: N=15, mean=54.2 (+/-3.196026).
P2: N=15, mean=52.933333 (+/-5.044182).
=====================================================
=====================================================
Completed 40 games.

Agent 1 (SHUCTAnyTime)
Winning score (between 0 and 1) : N=40, mean=0 (+/-0).
P1: N=20, mean=0 (+/-0).
P2: N=20, mean=0 (+/-0).
Game Durations: N=40, mean=55.45 (+/-2.907048).
P1: N=20, mean=55.2 (+/-4.719352).
P2: N=20, mean=55.7 (+/-3.520757).

Agent 2 (SHUCT)
Winning score (between 0 and 1) : N=40, mean=1 (+/-0).
P1: N=20, mean=1 (+/-0).
P2: N=20, mean=1 (+/-0).
Game Durations: N=40, mean=55.45 (+/-2.907048).
P1: N=20, mean=55.7 (+/-3.520757).
P2: N=20, mean=55.2 (+/-4.719352).
=====================================================
=====================================================
Completed 50 games.

Agent 1 (SHUCTAnyTime)
Winning score (between 0 and 1) : N=50, mean=0.02 (+/-0.039199).
P1: N=25, mean=0 (+/-0).
P2: N=25, mean=0.04 (+/-0.078398).
Game Durations: N=50, mean=55.24 (+/-2.605939).
P1: N=25, mean=54.32 (+/-4.046451).
P2: N=25, mean=56.16 (+/-3.329395).

Agent 2 (SHUCT)
Winning score (between 0 and 1) : N=50, mean=0.98 (+/-0.039199).
P1: N=25, mean=0.96 (+/-0.078398).
P2: N=25, mean=1 (+/-0).
Game Durations: N=50, mean=55.24 (+/-2.605939).
P1: N=25, mean=56.16 (+/-3.329395).
P2: N=25, mean=54.32 (+/-4.046451).
=====================================================
=====================================================
Completed 60 games.

Agent 1 (SHUCTAnyTime)
Winning score (between 0 and 1) : N=60, mean=0.05 (+/-0.055612).
P1: N=30, mean=0.033333 (+/-0.065332).
P2: N=30, mean=0.066667 (+/-0.090786).
Game Durations: N=60, mean=53.283333 (+/-2.60097).
P1: N=30, mean=53.233333 (+/-3.575521).
P2: N=30, mean=53.333333 (+/-3.839495).

Agent 2 (SHUCT)
Winning score (between 0 and 1) : N=60, mean=0.95 (+/-0.055612).
P1: N=30, mean=0.933333 (+/-0.090786).
P2: N=30, mean=0.966667 (+/-0.065332).
Game Durations: N=60, mean=53.283333 (+/-2.60097).
P1: N=30, mean=53.333333 (+/-3.839495).
P2: N=30, mean=53.233333 (+/-3.575521).
=====================================================
=====================================================
Completed 70 games.

Agent 1 (SHUCTAnyTime)
Winning score (between 0 and 1) : N=70, mean=0.057143 (+/-0.054768).
P1: N=35, mean=0.028571 (+/-0.055999).
P2: N=35, mean=0.085714 (+/-0.094097).
Game Durations: N=70, mean=52.642857 (+/-2.351423).
P1: N=35, mean=51.971429 (+/-3.33671).
P2: N=35, mean=53.314286 (+/-3.347611).

Agent 2 (SHUCT)
Winning score (between 0 and 1) : N=70, mean=0.942857 (+/-0.054768).
P1: N=35, mean=0.914286 (+/-0.094097).
P2: N=35, mean=0.971429 (+/-0.055999).
Game Durations: N=70, mean=52.642857 (+/-2.351423).
P1: N=35, mean=53.314286 (+/-3.347611).
P2: N=35, mean=51.971429 (+/-3.33671).
=====================================================
=====================================================
Completed 80 games.

Agent 1 (SHUCTAnyTime)
Winning score (between 0 and 1) : N=80, mean=0.0625 (+/-0.053378).
P1: N=40, mean=0.025 (+/-0.048999).
P2: N=40, mean=0.1 (+/-0.094153).
Game Durations: N=80, mean=52.4125 (+/-2.144676).
P1: N=40, mean=51.475 (+/-3.038779).
P2: N=40, mean=53.35 (+/-3.037614).

Agent 2 (SHUCT)
Winning score (between 0 and 1) : N=80, mean=0.9375 (+/-0.053378).
P1: N=40, mean=0.9 (+/-0.094153).
P2: N=40, mean=0.975 (+/-0.048999).
Game Durations: N=80, mean=52.4125 (+/-2.144676).
P1: N=40, mean=53.35 (+/-3.037614).
P2: N=40, mean=51.475 (+/-3.038779).
=====================================================
=====================================================
Completed 90 games.

Agent 1 (SHUCTAnyTime)
Winning score (between 0 and 1) : N=90, mean=0.1 (+/-0.062327).
P1: N=45, mean=0.066667 (+/-0.073704).
P2: N=45, mean=0.133333 (+/-0.100442).
Game Durations: N=90, mean=53 (+/-2.087226).
P1: N=45, mean=52.6 (+/-3.033416).
P2: N=45, mean=53.4 (+/-2.89733).

Agent 2 (SHUCT)
Winning score (between 0 and 1) : N=90, mean=0.9 (+/-0.062327).
P1: N=45, mean=0.866667 (+/-0.100442).
P2: N=45, mean=0.933333 (+/-0.073704).
Game Durations: N=90, mean=53 (+/-2.087226).
P1: N=45, mean=53.4 (+/-2.89733).
P2: N=45, mean=52.6 (+/-3.033416).
=====================================================
=====================================================
Completed 100 games.

Agent 1 (SHUCTAnyTime)
Winning score (between 0 and 1) : N=100, mean=0.11 (+/-0.061634).
P1: N=50, mean=0.08 (+/-0.075961).
P2: N=50, mean=0.14 (+/-0.097154).
Game Durations: N=100, mean=53.13 (+/-1.976452).
P1: N=50, mean=52.48 (+/-2.869765).
P2: N=50, mean=53.78 (+/-2.735526).

Agent 2 (SHUCT)
Winning score (between 0 and 1) : N=100, mean=0.89 (+/-0.061634).
P1: N=50, mean=0.86 (+/-0.097154).
P2: N=50, mean=0.92 (+/-0.075961).
Game Durations: N=100, mean=53.13 (+/-1.976452).
P1: N=50, mean=53.78 (+/-2.735526).
P2: N=50, mean=52.48 (+/-2.869765).
=====================================================
=====================================================
Completed 110 games.

Agent 1 (SHUCTAnyTime)
Winning score (between 0 and 1) : N=110, mean=0.109091 (+/-0.058525).
P1: N=55, mean=0.090909 (+/-0.076676).
P2: N=55, mean=0.127273 (+/-0.088891).
Game Durations: N=110, mean=53.209091 (+/-1.86602).
P1: N=55, mean=52.563636 (+/-2.686381).
P2: N=55, mean=53.854545 (+/-2.604067).

Agent 2 (SHUCT)
Winning score (between 0 and 1) : N=110, mean=0.890909 (+/-0.058525).
P1: N=55, mean=0.872727 (+/-0.088891).
P2: N=55, mean=0.909091 (+/-0.076676).
Game Durations: N=110, mean=53.209091 (+/-1.86602).
P1: N=55, mean=53.854545 (+/-2.604067).
P2: N=55, mean=52.563636 (+/-2.686381).
=====================================================
=====================================================
Completed 120 games.

Agent 1 (SHUCTAnyTime)
Winning score (between 0 and 1) : N=120, mean=0.108333 (+/-0.055841).
P1: N=60, mean=0.083333 (+/-0.070524).
P2: N=60, mean=0.133333 (+/-0.086739).
Game Durations: N=120, mean=53.008333 (+/-1.81805).
P1: N=60, mean=51.983333 (+/-2.623155).
P2: N=60, mean=54.033333 (+/-2.51307).

Agent 2 (SHUCT)
Winning score (between 0 and 1) : N=120, mean=0.891667 (+/-0.055841).
P1: N=60, mean=0.866667 (+/-0.086739).
P2: N=60, mean=0.916667 (+/-0.070524).
Game Durations: N=120, mean=53.008333 (+/-1.81805).
P1: N=60, mean=54.033333 (+/-2.51307).
P2: N=60, mean=51.983333 (+/-2.623155).
=====================================================
=====================================================
Completed 130 games.

Agent 1 (SHUCTAnyTime)
Winning score (between 0 and 1) : N=130, mean=0.123077 (+/-0.056692).
P1: N=65, mean=0.107692 (+/-0.075946).
P2: N=65, mean=0.138462 (+/-0.084617).
Game Durations: N=130, mean=53.115385 (+/-1.77958).
P1: N=65, mean=52.323077 (+/-2.604903).
P2: N=65, mean=53.907692 (+/-2.430166).

Agent 2 (SHUCT)
Winning score (between 0 and 1) : N=130, mean=0.876923 (+/-0.056692).
P1: N=65, mean=0.861538 (+/-0.084617).
P2: N=65, mean=0.892308 (+/-0.075946).
Game Durations: N=130, mean=53.115385 (+/-1.77958).
P1: N=65, mean=53.907692 (+/-2.430166).
P2: N=65, mean=52.323077 (+/-2.604903).
=====================================================
=====================================================
Completed 140 games.

Agent 1 (SHUCTAnyTime)
Winning score (between 0 and 1) : N=140, mean=0.121429 (+/-0.054299).
P1: N=70, mean=0.1 (+/-0.070785).
P2: N=70, mean=0.142857 (+/-0.082566).
Game Durations: N=140, mean=53.135714 (+/-1.694548).
P1: N=70, mean=52.414286 (+/-2.489258).
P2: N=70, mean=53.857143 (+/-2.305396).

Agent 2 (SHUCT)
Winning score (between 0 and 1) : N=140, mean=0.878571 (+/-0.054299).
P1: N=70, mean=0.857143 (+/-0.082566).
P2: N=70, mean=0.9 (+/-0.070785).
Game Durations: N=140, mean=53.135714 (+/-1.694548).
P1: N=70, mean=53.857143 (+/-2.305396).
P2: N=70, mean=52.414286 (+/-2.489258).
=====================================================
=====================================================
Completed 150 games.

Agent 1 (SHUCTAnyTime)
Winning score (between 0 and 1) : N=150, mean=0.113333 (+/-0.050899).
P1: N=75, mean=0.093333 (+/-0.066279).
P2: N=75, mean=0.133333 (+/-0.077451).
Game Durations: N=150, mean=52.8 (+/-1.651257).
P1: N=75, mean=52.413333 (+/-2.391957).
P2: N=75, mean=53.186667 (+/-2.289829).

Agent 2 (SHUCT)
Winning score (between 0 and 1) : N=150, mean=0.886667 (+/-0.050899).
P1: N=75, mean=0.866667 (+/-0.077451).
P2: N=75, mean=0.906667 (+/-0.066279).
Game Durations: N=150, mean=52.8 (+/-1.651257).
P1: N=75, mean=53.186667 (+/-2.289829).
P2: N=75, mean=52.413333 (+/-2.391957).
=====================================================
