Warming up...
Finished warming up!
=====================================================
Completed 1 games.

Agent 1 (SHUCTAnyTime)
Winning score (between 0 and 1) : N=1, mean=1 (+/-0).
P1: N=1, mean=1 (+/-0).
P2: N=0, mean=0 (+/-0).
Game Durations: N=1, mean=29 (+/-0).
P1: N=1, mean=29 (+/-0).
P2: N=0, mean=0 (+/-0).

Agent 2 (SHUCT)
Winning score (between 0 and 1) : N=1, mean=0 (+/-0).
P1: N=0, mean=0 (+/-0).
P2: N=1, mean=0 (+/-0).
Game Durations: N=1, mean=29 (+/-0).
P1: N=0, mean=0 (+/-0).
P2: N=1, mean=29 (+/-0).
=====================================================
=====================================================
Completed 2 games.

Agent 1 (SHUCTAnyTime)
Winning score (between 0 and 1) : N=2, mean=0.5 (+/-0.97998).
P1: N=1, mean=1 (+/-0).
P2: N=1, mean=0 (+/-0).
Game Durations: N=2, mean=33 (+/-7.83984).
P1: N=1, mean=29 (+/-0).
P2: N=1, mean=37 (+/-0).

Agent 2 (SHUCT)
Winning score (between 0 and 1) : N=2, mean=0.5 (+/-0.97998).
P1: N=1, mean=1 (+/-0).
P2: N=1, mean=0 (+/-0).
Game Durations: N=2, mean=33 (+/-7.83984).
P1: N=1, mean=37 (+/-0).
P2: N=1, mean=29 (+/-0).
=====================================================
=====================================================
Completed 3 games.

Agent 1 (SHUCTAnyTime)
Winning score (between 0 and 1) : N=3, mean=0.333333 (+/-0.65332).
P1: N=2, mean=0.5 (+/-0.97998).
P2: N=1, mean=0 (+/-0).
Game Durations: N=3, mean=35.333333 (+/-6.434456).
P1: N=2, mean=34.5 (+/-10.77978).
P2: N=1, mean=37 (+/-0).

Agent 2 (SHUCT)
Winning score (between 0 and 1) : N=3, mean=0.666667 (+/-0.65332).
P1: N=1, mean=1 (+/-0).
P2: N=2, mean=0.5 (+/-0.97998).
Game Durations: N=3, mean=35.333333 (+/-6.434456).
P1: N=1, mean=37 (+/-0).
P2: N=2, mean=34.5 (+/-10.77978).
=====================================================
=====================================================
Completed 4 games.

Agent 1 (SHUCTAnyTime)
Winning score (between 0 and 1) : N=4, mean=0.5 (+/-0.565792).
P1: N=2, mean=0.5 (+/-0.97998).
P2: N=2, mean=0.5 (+/-0.97998).
Game Durations: N=4, mean=38.5 (+/-7.695599).
P1: N=2, mean=34.5 (+/-10.77978).
P2: N=2, mean=42.5 (+/-10.77978).

Agent 2 (SHUCT)
Winning score (between 0 and 1) : N=4, mean=0.5 (+/-0.565792).
P1: N=2, mean=0.5 (+/-0.97998).
P2: N=2, mean=0.5 (+/-0.97998).
Game Durations: N=4, mean=38.5 (+/-7.695599).
P1: N=2, mean=42.5 (+/-10.77978).
P2: N=2, mean=34.5 (+/-10.77978).
=====================================================
=====================================================
Completed 5 games.

Agent 1 (SHUCTAnyTime)
Winning score (between 0 and 1) : N=5, mean=0.6 (+/-0.48009).
P1: N=3, mean=0.666667 (+/-0.65332).
P2: N=2, mean=0.5 (+/-0.97998).
Game Durations: N=5, mean=39 (+/-6.041002).
P1: N=3, mean=36.666667 (+/-7.534454).
P2: N=2, mean=42.5 (+/-10.77978).

Agent 2 (SHUCT)
Winning score (between 0 and 1) : N=5, mean=0.4 (+/-0.48009).
P1: N=2, mean=0.5 (+/-0.97998).
P2: N=3, mean=0.333333 (+/-0.65332).
Game Durations: N=5, mean=39 (+/-6.041002).
P1: N=2, mean=42.5 (+/-10.77978).
P2: N=3, mean=36.666667 (+/-7.534454).
=====================================================
=====================================================
Completed 10 games.

Agent 1 (SHUCTAnyTime)
Winning score (between 0 and 1) : N=10, mean=0.5 (+/-0.32666).
P1: N=5, mean=0.6 (+/-0.48009).
P2: N=5, mean=0.4 (+/-0.48009).
Game Durations: N=10, mean=37.4 (+/-4.630744).
P1: N=5, mean=33.8 (+/-7.104686).
P2: N=5, mean=41 (+/-4.596514).

Agent 2 (SHUCT)
Winning score (between 0 and 1) : N=10, mean=0.5 (+/-0.32666).
P1: N=5, mean=0.6 (+/-0.48009).
P2: N=5, mean=0.4 (+/-0.48009).
Game Durations: N=10, mean=37.4 (+/-4.630744).
P1: N=5, mean=41 (+/-4.596514).
P2: N=5, mean=33.8 (+/-7.104686).
=====================================================
=====================================================
Completed 20 games.

Agent 1 (SHUCTAnyTime)
Winning score (between 0 and 1) : N=20, mean=0.4 (+/-0.22028).
P1: N=10, mean=0.4 (+/-0.32006).
P2: N=10, mean=0.4 (+/-0.32006).
Game Durations: N=20, mean=36.6 (+/-3.469563).
P1: N=10, mean=36.4 (+/-5.881332).
P2: N=10, mean=36.8 (+/-4.025215).

Agent 2 (SHUCT)
Winning score (between 0 and 1) : N=20, mean=0.6 (+/-0.22028).
P1: N=10, mean=0.6 (+/-0.32006).
P2: N=10, mean=0.6 (+/-0.32006).
Game Durations: N=20, mean=36.6 (+/-3.469563).
P1: N=10, mean=36.8 (+/-4.025215).
P2: N=10, mean=36.4 (+/-5.881332).
=====================================================
=====================================================
Completed 30 games.

Agent 1 (SHUCTAnyTime)
Winning score (between 0 and 1) : N=30, mean=0.433333 (+/-0.180353).
P1: N=15, mean=0.466667 (+/-0.261328).
P2: N=15, mean=0.4 (+/-0.256619).
Game Durations: N=30, mean=35.466667 (+/-2.576526).
P1: N=15, mean=36.466667 (+/-3.965696).
P2: N=15, mean=34.466667 (+/-3.350637).

Agent 2 (SHUCT)
Winning score (between 0 and 1) : N=30, mean=0.566667 (+/-0.180353).
P1: N=15, mean=0.6 (+/-0.256619).
P2: N=15, mean=0.533333 (+/-0.261328).
Game Durations: N=30, mean=35.466667 (+/-2.576526).
P1: N=15, mean=34.466667 (+/-3.350637).
P2: N=15, mean=36.466667 (+/-3.965696).
=====================================================
=====================================================
Completed 40 games.

Agent 1 (SHUCTAnyTime)
Winning score (between 0 and 1) : N=40, mean=0.4 (+/-0.153752).
P1: N=20, mean=0.4 (+/-0.22028).
P2: N=20, mean=0.4 (+/-0.22028).
Game Durations: N=40, mean=35.7 (+/-2.107906).
P1: N=20, mean=35.9 (+/-3.328289).
P2: N=20, mean=35.5 (+/-2.673407).

Agent 2 (SHUCT)
Winning score (between 0 and 1) : N=40, mean=0.6 (+/-0.153752).
P1: N=20, mean=0.6 (+/-0.22028).
P2: N=20, mean=0.6 (+/-0.22028).
Game Durations: N=40, mean=35.7 (+/-2.107906).
P1: N=20, mean=35.5 (+/-2.673407).
P2: N=20, mean=35.9 (+/-3.328289).
=====================================================
=====================================================
Completed 50 games.

Agent 1 (SHUCTAnyTime)
Winning score (between 0 and 1) : N=50, mean=0.4 (+/-0.137169).
P1: N=25, mean=0.4 (+/-0.195996).
P2: N=25, mean=0.4 (+/-0.195996).
Game Durations: N=50, mean=35.62 (+/-1.759193).
P1: N=25, mean=35.6 (+/-2.810795).
P2: N=25, mean=35.64 (+/-2.176291).

Agent 2 (SHUCT)
Winning score (between 0 and 1) : N=50, mean=0.6 (+/-0.137169).
P1: N=25, mean=0.6 (+/-0.195996).
P2: N=25, mean=0.6 (+/-0.195996).
Game Durations: N=50, mean=35.62 (+/-1.759193).
P1: N=25, mean=35.64 (+/-2.176291).
P2: N=25, mean=35.6 (+/-2.810795).
=====================================================
=====================================================
Completed 60 games.

Agent 1 (SHUCTAnyTime)
Winning score (between 0 and 1) : N=60, mean=0.4 (+/-0.125005).
P1: N=30, mean=0.433333 (+/-0.180353).
P2: N=30, mean=0.366667 (+/-0.175388).
Game Durations: N=60, mean=35.533333 (+/-1.692232).
P1: N=30, mean=36.1 (+/-2.80718).
P2: N=30, mean=34.966667 (+/-1.920092).

Agent 2 (SHUCT)
Winning score (between 0 and 1) : N=60, mean=0.6 (+/-0.125005).
P1: N=30, mean=0.633333 (+/-0.175388).
P2: N=30, mean=0.566667 (+/-0.180353).
Game Durations: N=60, mean=35.533333 (+/-1.692232).
P1: N=30, mean=34.966667 (+/-1.920092).
P2: N=30, mean=36.1 (+/-2.80718).
=====================================================
=====================================================
Completed 70 games.

Agent 1 (SHUCTAnyTime)
Winning score (between 0 and 1) : N=70, mean=0.385714 (+/-0.114853).
P1: N=35, mean=0.428571 (+/-0.166341).
P2: N=35, mean=0.342857 (+/-0.159549).
Game Durations: N=70, mean=36.628571 (+/-1.87118).
P1: N=35, mean=37.914286 (+/-3.302564).
P2: N=35, mean=35.342857 (+/-1.711943).

Agent 2 (SHUCT)
Winning score (between 0 and 1) : N=70, mean=0.614286 (+/-0.114853).
P1: N=35, mean=0.657143 (+/-0.159549).
P2: N=35, mean=0.571429 (+/-0.166341).
Game Durations: N=70, mean=36.628571 (+/-1.87118).
P1: N=35, mean=35.342857 (+/-1.711943).
P2: N=35, mean=37.914286 (+/-3.302564).
=====================================================
=====================================================
Completed 80 games.

Agent 1 (SHUCTAnyTime)
Winning score (between 0 and 1) : N=80, mean=0.3625 (+/-0.106005).
P1: N=40, mean=0.375 (+/-0.151939).
P2: N=40, mean=0.35 (+/-0.149694).
Game Durations: N=80, mean=36.9875 (+/-1.792639).
P1: N=40, mean=38.525 (+/-3.125859).
P2: N=40, mean=35.45 (+/-1.668034).

Agent 2 (SHUCT)
Winning score (between 0 and 1) : N=80, mean=0.6375 (+/-0.106005).
P1: N=40, mean=0.65 (+/-0.149694).
P2: N=40, mean=0.625 (+/-0.151939).
Game Durations: N=80, mean=36.9875 (+/-1.792639).
P1: N=40, mean=35.45 (+/-1.668034).
P2: N=40, mean=38.525 (+/-3.125859).
=====================================================
=====================================================
Completed 90 games.

Agent 1 (SHUCTAnyTime)
Winning score (between 0 and 1) : N=90, mean=0.377778 (+/-0.100726).
P1: N=45, mean=0.355556 (+/-0.141438).
P2: N=45, mean=0.4 (+/-0.144753).
Game Durations: N=90, mean=36.9 (+/-1.64844).
P1: N=45, mean=38.311111 (+/-2.818874).
P2: N=45, mean=35.488889 (+/-1.64292).

Agent 2 (SHUCT)
Winning score (between 0 and 1) : N=90, mean=0.622222 (+/-0.100726).
P1: N=45, mean=0.6 (+/-0.144753).
P2: N=45, mean=0.644444 (+/-0.141438).
Game Durations: N=90, mean=36.9 (+/-1.64844).
P1: N=45, mean=35.488889 (+/-1.64292).
P2: N=45, mean=38.311111 (+/-2.818874).
=====================================================
=====================================================
Completed 100 games.

Agent 1 (SHUCTAnyTime)
Winning score (between 0 and 1) : N=100, mean=0.36 (+/-0.094552).
P1: N=50, mean=0.36 (+/-0.134397).
P2: N=50, mean=0.36 (+/-0.134397).
Game Durations: N=100, mean=36.62 (+/-1.54045).
P1: N=50, mean=38.2 (+/-2.580812).
P2: N=50, mean=35.04 (+/-1.592732).

Agent 2 (SHUCT)
Winning score (between 0 and 1) : N=100, mean=0.64 (+/-0.094552).
P1: N=50, mean=0.64 (+/-0.134397).
P2: N=50, mean=0.64 (+/-0.134397).
Game Durations: N=100, mean=36.62 (+/-1.54045).
P1: N=50, mean=35.04 (+/-1.592732).
P2: N=50, mean=38.2 (+/-2.580812).
=====================================================
=====================================================
Completed 110 games.

Agent 1 (SHUCTAnyTime)
Winning score (between 0 and 1) : N=110, mean=0.354545 (+/-0.089805).
P1: N=55, mean=0.363636 (+/-0.128303).
P2: N=55, mean=0.345455 (+/-0.126828).
Game Durations: N=110, mean=36.818182 (+/-1.563954).
P1: N=55, mean=38.218182 (+/-2.600723).
P2: N=55, mean=35.418182 (+/-1.682789).

Agent 2 (SHUCT)
Winning score (between 0 and 1) : N=110, mean=0.645455 (+/-0.089805).
P1: N=55, mean=0.654545 (+/-0.126828).
P2: N=55, mean=0.636364 (+/-0.128303).
Game Durations: N=110, mean=36.818182 (+/-1.563954).
P1: N=55, mean=35.418182 (+/-1.682789).
P2: N=55, mean=38.218182 (+/-2.600723).
=====================================================
=====================================================
Completed 120 games.

Agent 1 (SHUCTAnyTime)
Winning score (between 0 and 1) : N=120, mean=0.35 (+/-0.085697).
P1: N=60, mean=0.35 (+/-0.121706).
P2: N=60, mean=0.35 (+/-0.121706).
Game Durations: N=120, mean=36.4 (+/-1.475113).
P1: N=60, mean=37.683333 (+/-2.440127).
P2: N=60, mean=35.116667 (+/-1.615211).

Agent 2 (SHUCT)
Winning score (between 0 and 1) : N=120, mean=0.65 (+/-0.085697).
P1: N=60, mean=0.65 (+/-0.121706).
P2: N=60, mean=0.65 (+/-0.121706).
Game Durations: N=120, mean=36.4 (+/-1.475113).
P1: N=60, mean=35.116667 (+/-1.615211).
P2: N=60, mean=37.683333 (+/-2.440127).
=====================================================
=====================================================
Completed 130 games.

Agent 1 (SHUCTAnyTime)
Winning score (between 0 and 1) : N=130, mean=0.361538 (+/-0.082908).
P1: N=65, mean=0.369231 (+/-0.118234).
P2: N=65, mean=0.353846 (+/-0.117147).
Game Durations: N=130, mean=36.307692 (+/-1.382317).
P1: N=65, mean=37.538462 (+/-2.267139).
P2: N=65, mean=35.076923 (+/-1.543099).

Agent 2 (SHUCT)
Winning score (between 0 and 1) : N=130, mean=0.638462 (+/-0.082908).
P1: N=65, mean=0.646154 (+/-0.117147).
P2: N=65, mean=0.630769 (+/-0.118234).
Game Durations: N=130, mean=36.307692 (+/-1.382317).
P1: N=65, mean=35.076923 (+/-1.543099).
P2: N=65, mean=37.538462 (+/-2.267139).
=====================================================
=====================================================
Completed 140 games.

Agent 1 (SHUCTAnyTime)
Winning score (between 0 and 1) : N=140, mean=0.371429 (+/-0.080326).
P1: N=70, mean=0.371429 (+/-0.114009).
P2: N=70, mean=0.371429 (+/-0.114009).
Game Durations: N=140, mean=36.271429 (+/-1.337311).
P1: N=70, mean=37.542857 (+/-2.177808).
P2: N=70, mean=35 (+/-1.510826).

Agent 2 (SHUCT)
Winning score (between 0 and 1) : N=140, mean=0.628571 (+/-0.080326).
P1: N=70, mean=0.628571 (+/-0.114009).
P2: N=70, mean=0.628571 (+/-0.114009).
Game Durations: N=140, mean=36.271429 (+/-1.337311).
P1: N=70, mean=35 (+/-1.510826).
P2: N=70, mean=37.542857 (+/-2.177808).
=====================================================
=====================================================
Completed 150 games.

Agent 1 (SHUCTAnyTime)
Winning score (between 0 and 1) : N=150, mean=0.38 (+/-0.077937).
P1: N=75, mean=0.4 (+/-0.111619).
P2: N=75, mean=0.36 (+/-0.109364).
Game Durations: N=150, mean=36.16 (+/-1.275813).
P1: N=75, mean=37.386667 (+/-2.072522).
P2: N=75, mean=34.933333 (+/-1.450248).

Agent 2 (SHUCT)
Winning score (between 0 and 1) : N=150, mean=0.62 (+/-0.077937).
P1: N=75, mean=0.64 (+/-0.109364).
P2: N=75, mean=0.6 (+/-0.111619).
Game Durations: N=150, mean=36.16 (+/-1.275813).
P1: N=75, mean=34.933333 (+/-1.450248).
P2: N=75, mean=37.386667 (+/-2.072522).
=====================================================
