Warming up...
Finished warming up!
=====================================================
Completed 1 games.

Agent 1 (SHUCTAnyTime)
Winning score (between 0 and 1) : N=1, mean=0 (+/-0).
P1: N=1, mean=0 (+/-0).
P2: N=0, mean=0 (+/-0).
Game Durations: N=1, mean=24 (+/-0).
P1: N=1, mean=24 (+/-0).
P2: N=0, mean=0 (+/-0).

Agent 2 (SHUCT)
Winning score (between 0 and 1) : N=1, mean=1 (+/-0).
P1: N=0, mean=0 (+/-0).
P2: N=1, mean=1 (+/-0).
Game Durations: N=1, mean=24 (+/-0).
P1: N=0, mean=0 (+/-0).
P2: N=1, mean=24 (+/-0).
=====================================================
=====================================================
Completed 2 games.

Agent 1 (SHUCTAnyTime)
Winning score (between 0 and 1) : N=2, mean=0.5 (+/-0.97998).
P1: N=1, mean=0 (+/-0).
P2: N=1, mean=1 (+/-0).
Game Durations: N=2, mean=31 (+/-13.71972).
P1: N=1, mean=24 (+/-0).
P2: N=1, mean=38 (+/-0).

Agent 2 (SHUCT)
Winning score (between 0 and 1) : N=2, mean=0.5 (+/-0.97998).
P1: N=1, mean=0 (+/-0).
P2: N=1, mean=1 (+/-0).
Game Durations: N=2, mean=31 (+/-13.71972).
P1: N=1, mean=38 (+/-0).
P2: N=1, mean=24 (+/-0).
=====================================================
=====================================================
Completed 3 games.

Agent 1 (SHUCTAnyTime)
Winning score (between 0 and 1) : N=3, mean=0.333333 (+/-0.65332).
P1: N=2, mean=0 (+/-0).
P2: N=1, mean=1 (+/-0).
Game Durations: N=3, mean=28.666667 (+/-9.14648).
P1: N=2, mean=24 (+/-0).
P2: N=1, mean=38 (+/-0).

Agent 2 (SHUCT)
Winning score (between 0 and 1) : N=3, mean=0.666667 (+/-0.65332).
P1: N=1, mean=0 (+/-0).
P2: N=2, mean=1 (+/-0).
Game Durations: N=3, mean=28.666667 (+/-9.14648).
P1: N=1, mean=38 (+/-0).
P2: N=2, mean=24 (+/-0).
=====================================================
=====================================================
Completed 4 games.

Agent 1 (SHUCTAnyTime)
Winning score (between 0 and 1) : N=4, mean=0.5 (+/-0.565792).
P1: N=2, mean=0 (+/-0).
P2: N=2, mean=1 (+/-0).
Game Durations: N=4, mean=28.5 (+/-6.475782).
P1: N=2, mean=24 (+/-0).
P2: N=2, mean=33 (+/-9.7998).

Agent 2 (SHUCT)
Winning score (between 0 and 1) : N=4, mean=0.5 (+/-0.565792).
P1: N=2, mean=0 (+/-0).
P2: N=2, mean=1 (+/-0).
Game Durations: N=4, mean=28.5 (+/-6.475782).
P1: N=2, mean=33 (+/-9.7998).
P2: N=2, mean=24 (+/-0).
=====================================================
=====================================================
Completed 5 games.

Agent 1 (SHUCTAnyTime)
Winning score (between 0 and 1) : N=5, mean=0.6 (+/-0.48009).
P1: N=3, mean=0.333333 (+/-0.65332).
P2: N=2, mean=1 (+/-0).
Game Durations: N=5, mean=29.8 (+/-5.626144).
P1: N=3, mean=27.666667 (+/-7.18652).
P2: N=2, mean=33 (+/-9.7998).

Agent 2 (SHUCT)
Winning score (between 0 and 1) : N=5, mean=0.4 (+/-0.48009).
P1: N=2, mean=0 (+/-0).
P2: N=3, mean=0.666667 (+/-0.65332).
Game Durations: N=5, mean=29.8 (+/-5.626144).
P1: N=2, mean=33 (+/-9.7998).
P2: N=3, mean=27.666667 (+/-7.18652).
=====================================================
=====================================================
Completed 10 games.

Agent 1 (SHUCTAnyTime)
Winning score (between 0 and 1) : N=10, mean=0.5 (+/-0.32666).
P1: N=5, mean=0.4 (+/-0.48009).
P2: N=5, mean=0.6 (+/-0.48009).
Game Durations: N=10, mean=29.2 (+/-3.184558).
P1: N=5, mean=28 (+/-4.06426).
P2: N=5, mean=30.4 (+/-5.133449).

Agent 2 (SHUCT)
Winning score (between 0 and 1) : N=10, mean=0.5 (+/-0.32666).
P1: N=5, mean=0.4 (+/-0.48009).
P2: N=5, mean=0.6 (+/-0.48009).
Game Durations: N=10, mean=29.2 (+/-3.184558).
P1: N=5, mean=30.4 (+/-5.133449).
P2: N=5, mean=28 (+/-4.06426).
=====================================================
=====================================================
Completed 20 games.

Agent 1 (SHUCTAnyTime)
Winning score (between 0 and 1) : N=20, mean=0.4 (+/-0.22028).
P1: N=10, mean=0.4 (+/-0.32006).
P2: N=10, mean=0.4 (+/-0.32006).
Game Durations: N=20, mean=33.1 (+/-4.760514).
P1: N=10, mean=28.2 (+/-2.061843).
P2: N=10, mean=38 (+/-8.422509).

Agent 2 (SHUCT)
Winning score (between 0 and 1) : N=20, mean=0.6 (+/-0.22028).
P1: N=10, mean=0.6 (+/-0.32006).
P2: N=10, mean=0.6 (+/-0.32006).
Game Durations: N=20, mean=33.1 (+/-4.760514).
P1: N=10, mean=38 (+/-8.422509).
P2: N=10, mean=28.2 (+/-2.061843).
=====================================================
=====================================================
Completed 30 games.

Agent 1 (SHUCTAnyTime)
Winning score (between 0 and 1) : N=30, mean=0.466667 (+/-0.181573).
P1: N=15, mean=0.466667 (+/-0.261328).
P2: N=15, mean=0.466667 (+/-0.261328).
Game Durations: N=30, mean=32.3 (+/-3.367522).
P1: N=15, mean=29.266667 (+/-2.209729).
P2: N=15, mean=35.333333 (+/-6.086755).

Agent 2 (SHUCT)
Winning score (between 0 and 1) : N=30, mean=0.533333 (+/-0.181573).
P1: N=15, mean=0.533333 (+/-0.261328).
P2: N=15, mean=0.533333 (+/-0.261328).
Game Durations: N=30, mean=32.3 (+/-3.367522).
P1: N=15, mean=35.333333 (+/-6.086755).
P2: N=15, mean=29.266667 (+/-2.209729).
=====================================================
=====================================================
Completed 40 games.

Agent 1 (SHUCTAnyTime)
Winning score (between 0 and 1) : N=40, mean=0.45 (+/-0.156136).
P1: N=20, mean=0.45 (+/-0.223696).
P2: N=20, mean=0.45 (+/-0.223696).
Game Durations: N=40, mean=33.15 (+/-2.975366).
P1: N=20, mean=31.65 (+/-3.738487).
P2: N=20, mean=34.65 (+/-4.632169).

Agent 2 (SHUCT)
Winning score (between 0 and 1) : N=40, mean=0.55 (+/-0.156136).
P1: N=20, mean=0.55 (+/-0.223696).
P2: N=20, mean=0.55 (+/-0.223696).
Game Durations: N=40, mean=33.15 (+/-2.975366).
P1: N=20, mean=34.65 (+/-4.632169).
P2: N=20, mean=31.65 (+/-3.738487).
=====================================================
=====================================================
Completed 50 games.

Agent 1 (SHUCTAnyTime)
Winning score (between 0 and 1) : N=50, mean=0.46 (+/-0.139548).
P1: N=25, mean=0.44 (+/-0.198592).
P2: N=25, mean=0.48 (+/-0.199877).
Game Durations: N=50, mean=33.64 (+/-2.551951).
P1: N=25, mean=32.2 (+/-3.202601).
P2: N=25, mean=35.08 (+/-3.958796).

Agent 2 (SHUCT)
Winning score (between 0 and 1) : N=50, mean=0.54 (+/-0.139548).
P1: N=25, mean=0.52 (+/-0.199877).
P2: N=25, mean=0.56 (+/-0.198592).
Game Durations: N=50, mean=33.64 (+/-2.551951).
P1: N=25, mean=35.08 (+/-3.958796).
P2: N=25, mean=32.2 (+/-3.202601).
=====================================================
=====================================================
Completed 60 games.

Agent 1 (SHUCTAnyTime)
Winning score (between 0 and 1) : N=60, mean=0.5 (+/-0.127583).
P1: N=30, mean=0.5 (+/-0.181978).
P2: N=30, mean=0.5 (+/-0.181978).
Game Durations: N=60, mean=32.733333 (+/-2.213164).
P1: N=30, mean=31.7 (+/-2.739999).
P2: N=30, mean=33.766667 (+/-3.484207).

Agent 2 (SHUCT)
Winning score (between 0 and 1) : N=60, mean=0.5 (+/-0.127583).
P1: N=30, mean=0.5 (+/-0.181978).
P2: N=30, mean=0.5 (+/-0.181978).
Game Durations: N=60, mean=32.733333 (+/-2.213164).
P1: N=30, mean=33.766667 (+/-3.484207).
P2: N=30, mean=31.7 (+/-2.739999).
=====================================================
=====================================================
Completed 70 games.

Agent 1 (SHUCTAnyTime)
Winning score (between 0 and 1) : N=70, mean=0.457143 (+/-0.117542).
P1: N=35, mean=0.428571 (+/-0.166341).
P2: N=35, mean=0.485714 (+/-0.167997).
Game Durations: N=70, mean=32.814286 (+/-2.036496).
P1: N=35, mean=31.971429 (+/-2.750155).
P2: N=35, mean=33.657143 (+/-3.018168).

Agent 2 (SHUCT)
Winning score (between 0 and 1) : N=70, mean=0.542857 (+/-0.117542).
P1: N=35, mean=0.514286 (+/-0.167997).
P2: N=35, mean=0.571429 (+/-0.166341).
Game Durations: N=70, mean=32.814286 (+/-2.036496).
P1: N=35, mean=33.657143 (+/-3.018168).
P2: N=35, mean=31.971429 (+/-2.750155).
=====================================================
=====================================================
Completed 80 games.

Agent 1 (SHUCTAnyTime)
Winning score (between 0 and 1) : N=80, mean=0.45 (+/-0.109704).
P1: N=40, mean=0.45 (+/-0.156136).
P2: N=40, mean=0.45 (+/-0.156136).
Game Durations: N=80, mean=32.375 (+/-1.861464).
P1: N=40, mean=31.4 (+/-2.482947).
P2: N=40, mean=33.35 (+/-2.772291).

Agent 2 (SHUCT)
Winning score (between 0 and 1) : N=80, mean=0.55 (+/-0.109704).
P1: N=40, mean=0.55 (+/-0.156136).
P2: N=40, mean=0.55 (+/-0.156136).
Game Durations: N=80, mean=32.375 (+/-1.861464).
P1: N=40, mean=33.35 (+/-2.772291).
P2: N=40, mean=31.4 (+/-2.482947).
=====================================================
=====================================================
Completed 90 games.

Agent 1 (SHUCTAnyTime)
Winning score (between 0 and 1) : N=90, mean=0.477778 (+/-0.103775).
P1: N=45, mean=0.511111 (+/-0.147701).
P2: N=45, mean=0.444444 (+/-0.146823).
Game Durations: N=90, mean=32.488889 (+/-1.724145).
P1: N=45, mean=31.133333 (+/-2.253373).
P2: N=45, mean=33.844444 (+/-2.574352).

Agent 2 (SHUCT)
Winning score (between 0 and 1) : N=90, mean=0.522222 (+/-0.103775).
P1: N=45, mean=0.555556 (+/-0.146823).
P2: N=45, mean=0.488889 (+/-0.147701).
Game Durations: N=90, mean=32.488889 (+/-1.724145).
P1: N=45, mean=33.844444 (+/-2.574352).
P2: N=45, mean=31.133333 (+/-2.253373).
=====================================================
=====================================================
Completed 100 games.

Agent 1 (SHUCTAnyTime)
Winning score (between 0 and 1) : N=100, mean=0.46 (+/-0.098176).
P1: N=50, mean=0.5 (+/-0.139997).
P2: N=50, mean=0.42 (+/-0.138194).
Game Durations: N=100, mean=32.24 (+/-1.644338).
P1: N=50, mean=30.9 (+/-2.11187).
P2: N=50, mean=33.58 (+/-2.48681).

Agent 2 (SHUCT)
Winning score (between 0 and 1) : N=100, mean=0.54 (+/-0.098176).
P1: N=50, mean=0.58 (+/-0.138194).
P2: N=50, mean=0.5 (+/-0.139997).
Game Durations: N=100, mean=32.24 (+/-1.644338).
P1: N=50, mean=33.58 (+/-2.48681).
P2: N=50, mean=30.9 (+/-2.11187).
=====================================================
=====================================================
Completed 110 games.

Agent 1 (SHUCTAnyTime)
Winning score (between 0 and 1) : N=110, mean=0.445455 (+/-0.093305).
P1: N=55, mean=0.472727 (+/-0.13316).
P2: N=55, mean=0.418182 (+/-0.131561).
Game Durations: N=110, mean=31.909091 (+/-1.529437).
P1: N=55, mean=30.581818 (+/-1.976187).
P2: N=55, mean=33.236364 (+/-2.299432).

Agent 2 (SHUCT)
Winning score (between 0 and 1) : N=110, mean=0.554545 (+/-0.093305).
P1: N=55, mean=0.581818 (+/-0.131561).
P2: N=55, mean=0.527273 (+/-0.13316).
Game Durations: N=110, mean=31.909091 (+/-1.529437).
P1: N=55, mean=33.236364 (+/-2.299432).
P2: N=55, mean=30.581818 (+/-1.976187).
=====================================================
=====================================================
Completed 120 games.

Agent 1 (SHUCTAnyTime)
Winning score (between 0 and 1) : N=120, mean=0.433333 (+/-0.089033).
P1: N=60, mean=0.466667 (+/-0.127299).
P2: N=60, mean=0.4 (+/-0.125005).
Game Durations: N=120, mean=31.8 (+/-1.48297).
P1: N=60, mean=30.8 (+/-1.96924).
P2: N=60, mean=32.8 (+/-2.205272).

Agent 2 (SHUCT)
Winning score (between 0 and 1) : N=120, mean=0.566667 (+/-0.089033).
P1: N=60, mean=0.6 (+/-0.125005).
P2: N=60, mean=0.533333 (+/-0.127299).
Game Durations: N=120, mean=31.8 (+/-1.48297).
P1: N=60, mean=32.8 (+/-2.205272).
P2: N=60, mean=30.8 (+/-1.96924).
=====================================================
=====================================================
Completed 130 games.

Agent 1 (SHUCTAnyTime)
Winning score (between 0 and 1) : N=130, mean=0.438462 (+/-0.085626).
P1: N=65, mean=0.476923 (+/-0.122367).
P2: N=65, mean=0.4 (+/-0.120023).
Game Durations: N=130, mean=31.984615 (+/-1.407628).
P1: N=65, mean=31.276923 (+/-1.881355).
P2: N=65, mean=32.692308 (+/-2.094748).

Agent 2 (SHUCT)
Winning score (between 0 and 1) : N=130, mean=0.561538 (+/-0.085626).
P1: N=65, mean=0.6 (+/-0.120023).
P2: N=65, mean=0.523077 (+/-0.122367).
Game Durations: N=130, mean=31.984615 (+/-1.407628).
P1: N=65, mean=32.692308 (+/-2.094748).
P2: N=65, mean=31.276923 (+/-1.881355).
=====================================================
=====================================================
Completed 140 games.

Agent 1 (SHUCTAnyTime)
Winning score (between 0 and 1) : N=140, mean=0.45 (+/-0.082704).
P1: N=70, mean=0.5 (+/-0.117976).
P2: N=70, mean=0.4 (+/-0.115592).
Game Durations: N=140, mean=32.335714 (+/-1.420732).
P1: N=70, mean=31.957143 (+/-2.057532).
P2: N=70, mean=32.714286 (+/-1.97054).

Agent 2 (SHUCT)
Winning score (between 0 and 1) : N=140, mean=0.55 (+/-0.082704).
P1: N=70, mean=0.6 (+/-0.115592).
P2: N=70, mean=0.5 (+/-0.117976).
Game Durations: N=140, mean=32.335714 (+/-1.420732).
P1: N=70, mean=32.714286 (+/-1.97054).
P2: N=70, mean=31.957143 (+/-2.057532).
=====================================================
=====================================================
Completed 150 games.

Agent 1 (SHUCTAnyTime)
Winning score (between 0 and 1) : N=150, mean=0.453333 (+/-0.079933).
P1: N=75, mean=0.506667 (+/-0.11391).
P2: N=75, mean=0.4 (+/-0.111619).
Game Durations: N=150, mean=32.473333 (+/-1.353932).
P1: N=75, mean=32.16 (+/-1.953253).
P2: N=75, mean=32.786667 (+/-1.885917).

Agent 2 (SHUCT)
Winning score (between 0 and 1) : N=150, mean=0.546667 (+/-0.079933).
P1: N=75, mean=0.6 (+/-0.111619).
P2: N=75, mean=0.493333 (+/-0.11391).
Game Durations: N=150, mean=32.473333 (+/-1.353932).
P1: N=75, mean=32.786667 (+/-1.885917).
P2: N=75, mean=32.16 (+/-1.953253).
=====================================================
