Warming up...
Finished warming up!
=====================================================
Completed 1 games.

Agent 1 (SHUCTAnyTime)
Winning score (between 0 and 1) : N=1, mean=0 (+/-0).
P1: N=1, mean=0 (+/-0).
P2: N=0, mean=0 (+/-0).
Game Durations: N=1, mean=32 (+/-0).
P1: N=1, mean=32 (+/-0).
P2: N=0, mean=0 (+/-0).

Agent 2 (SHUCT)
Winning score (between 0 and 1) : N=1, mean=1 (+/-0).
P1: N=0, mean=0 (+/-0).
P2: N=1, mean=1 (+/-0).
Game Durations: N=1, mean=32 (+/-0).
P1: N=0, mean=0 (+/-0).
P2: N=1, mean=32 (+/-0).
=====================================================
=====================================================
Completed 2 games.

Agent 1 (SHUCTAnyTime)
Winning score (between 0 and 1) : N=2, mean=0.5 (+/-0.97998).
P1: N=1, mean=0 (+/-0).
P2: N=1, mean=1 (+/-0).
Game Durations: N=2, mean=32 (+/-0).
P1: N=1, mean=32 (+/-0).
P2: N=1, mean=32 (+/-0).

Agent 2 (SHUCT)
Winning score (between 0 and 1) : N=2, mean=0.5 (+/-0.97998).
P1: N=1, mean=0 (+/-0).
P2: N=1, mean=1 (+/-0).
Game Durations: N=2, mean=32 (+/-0).
P1: N=1, mean=32 (+/-0).
P2: N=1, mean=32 (+/-0).
=====================================================
=====================================================
Completed 3 games.

Agent 1 (SHUCTAnyTime)
Winning score (between 0 and 1) : N=3, mean=0.666667 (+/-0.65332).
P1: N=2, mean=0.5 (+/-0.97998).
P2: N=1, mean=1 (+/-0).
Game Durations: N=3, mean=31 (+/-1.95996).
P1: N=2, mean=30.5 (+/-2.93994).
P2: N=1, mean=32 (+/-0).

Agent 2 (SHUCT)
Winning score (between 0 and 1) : N=3, mean=0.333333 (+/-0.65332).
P1: N=1, mean=0 (+/-0).
P2: N=2, mean=0.5 (+/-0.97998).
Game Durations: N=3, mean=31 (+/-1.95996).
P1: N=1, mean=32 (+/-0).
P2: N=2, mean=30.5 (+/-2.93994).
=====================================================
=====================================================
Completed 4 games.

Agent 1 (SHUCTAnyTime)
Winning score (between 0 and 1) : N=4, mean=0.5 (+/-0.565792).
P1: N=2, mean=0.5 (+/-0.97998).
P2: N=2, mean=0.5 (+/-0.97998).
Game Durations: N=4, mean=30.5 (+/-1.697375).
P1: N=2, mean=30.5 (+/-2.93994).
P2: N=2, mean=30.5 (+/-2.93994).

Agent 2 (SHUCT)
Winning score (between 0 and 1) : N=4, mean=0.5 (+/-0.565792).
P1: N=2, mean=0.5 (+/-0.97998).
P2: N=2, mean=0.5 (+/-0.97998).
Game Durations: N=4, mean=30.5 (+/-1.697375).
P1: N=2, mean=30.5 (+/-2.93994).
P2: N=2, mean=30.5 (+/-2.93994).
=====================================================
=====================================================
Completed 5 games.

Agent 1 (SHUCTAnyTime)
Winning score (between 0 and 1) : N=5, mean=0.6 (+/-0.48009).
P1: N=3, mean=0.666667 (+/-0.65332).
P2: N=2, mean=0.5 (+/-0.97998).
Game Durations: N=5, mean=31.8 (+/-2.867174).
P1: N=3, mean=32.666667 (+/-4.57324).
P2: N=2, mean=30.5 (+/-2.93994).

Agent 2 (SHUCT)
Winning score (between 0 and 1) : N=5, mean=0.4 (+/-0.48009).
P1: N=2, mean=0.5 (+/-0.97998).
P2: N=3, mean=0.333333 (+/-0.65332).
Game Durations: N=5, mean=31.8 (+/-2.867174).
P1: N=2, mean=30.5 (+/-2.93994).
P2: N=3, mean=32.666667 (+/-4.57324).
=====================================================
=====================================================
Completed 10 games.

Agent 1 (SHUCTAnyTime)
Winning score (between 0 and 1) : N=10, mean=0.5 (+/-0.32666).
P1: N=5, mean=0.6 (+/-0.48009).
P2: N=5, mean=0.4 (+/-0.48009).
Game Durations: N=10, mean=30.6 (+/-2.322734).
P1: N=5, mean=31 (+/-3.870611).
P2: N=5, mean=30.2 (+/-2.998162).

Agent 2 (SHUCT)
Winning score (between 0 and 1) : N=10, mean=0.5 (+/-0.32666).
P1: N=5, mean=0.6 (+/-0.48009).
P2: N=5, mean=0.4 (+/-0.48009).
Game Durations: N=10, mean=30.6 (+/-2.322734).
P1: N=5, mean=30.2 (+/-2.998162).
P2: N=5, mean=31 (+/-3.870611).
=====================================================
=====================================================
Completed 20 games.

Agent 1 (SHUCTAnyTime)
Winning score (between 0 and 1) : N=20, mean=0.5 (+/-0.224823).
P1: N=10, mean=0.5 (+/-0.32666).
P2: N=10, mean=0.5 (+/-0.32666).
Game Durations: N=20, mean=28.7 (+/-1.706878).
P1: N=10, mean=29.1 (+/-2.8395).
P2: N=10, mean=28.3 (+/-2.025292).

Agent 2 (SHUCT)
Winning score (between 0 and 1) : N=20, mean=0.5 (+/-0.224823).
P1: N=10, mean=0.5 (+/-0.32666).
P2: N=10, mean=0.5 (+/-0.32666).
Game Durations: N=20, mean=28.7 (+/-1.706878).
P1: N=10, mean=28.3 (+/-2.025292).
P2: N=10, mean=29.1 (+/-2.8395).
=====================================================
=====================================================
Completed 30 games.

Agent 1 (SHUCTAnyTime)
Winning score (between 0 and 1) : N=30, mean=0.5 (+/-0.181978).
P1: N=15, mean=0.533333 (+/-0.261328).
P2: N=15, mean=0.466667 (+/-0.261328).
Game Durations: N=30, mean=29.6 (+/-2.339151).
P1: N=15, mean=30.8 (+/-4.2478).
P2: N=15, mean=28.4 (+/-1.958092).

Agent 2 (SHUCT)
Winning score (between 0 and 1) : N=30, mean=0.5 (+/-0.181978).
P1: N=15, mean=0.533333 (+/-0.261328).
P2: N=15, mean=0.466667 (+/-0.261328).
Game Durations: N=30, mean=29.6 (+/-2.339151).
P1: N=15, mean=28.4 (+/-1.958092).
P2: N=15, mean=30.8 (+/-4.2478).
=====================================================
=====================================================
Completed 40 games.

Agent 1 (SHUCTAnyTime)
Winning score (between 0 and 1) : N=40, mean=0.6 (+/-0.153752).
P1: N=20, mean=0.6 (+/-0.22028).
P2: N=20, mean=0.6 (+/-0.22028).
Game Durations: N=40, mean=29.15 (+/-1.974418).
P1: N=20, mean=29.1 (+/-3.453501).
P2: N=20, mean=29.2 (+/-2.018904).

Agent 2 (SHUCT)
Winning score (between 0 and 1) : N=40, mean=0.4 (+/-0.153752).
P1: N=20, mean=0.4 (+/-0.22028).
P2: N=20, mean=0.4 (+/-0.22028).
Game Durations: N=40, mean=29.15 (+/-1.974418).
P1: N=20, mean=29.2 (+/-2.018904).
P2: N=20, mean=29.1 (+/-3.453501).
=====================================================
=====================================================
Completed 50 games.

Agent 1 (SHUCTAnyTime)
Winning score (between 0 and 1) : N=50, mean=0.58 (+/-0.138194).
P1: N=25, mean=0.56 (+/-0.198592).
P2: N=25, mean=0.6 (+/-0.195996).
Game Durations: N=50, mean=29.76 (+/-1.861118).
P1: N=25, mean=29.36 (+/-3.073827).
P2: N=25, mean=30.16 (+/-2.155006).

Agent 2 (SHUCT)
Winning score (between 0 and 1) : N=50, mean=0.42 (+/-0.138194).
P1: N=25, mean=0.4 (+/-0.195996).
P2: N=25, mean=0.44 (+/-0.198592).
Game Durations: N=50, mean=29.76 (+/-1.861118).
P1: N=25, mean=30.16 (+/-2.155006).
P2: N=25, mean=29.36 (+/-3.073827).
=====================================================
=====================================================
Completed 60 games.

Agent 1 (SHUCTAnyTime)
Winning score (between 0 and 1) : N=60, mean=0.6 (+/-0.125005).
P1: N=30, mean=0.566667 (+/-0.180353).
P2: N=30, mean=0.633333 (+/-0.175388).
Game Durations: N=60, mean=29.866667 (+/-1.68838).
P1: N=30, mean=29.366667 (+/-2.740536).
P2: N=30, mean=30.366667 (+/-2.005575).

Agent 2 (SHUCT)
Winning score (between 0 and 1) : N=60, mean=0.4 (+/-0.125005).
P1: N=30, mean=0.366667 (+/-0.175388).
P2: N=30, mean=0.433333 (+/-0.180353).
Game Durations: N=60, mean=29.866667 (+/-1.68838).
P1: N=30, mean=30.366667 (+/-2.005575).
P2: N=30, mean=29.366667 (+/-2.740536).
=====================================================
=====================================================
Completed 70 games.

Agent 1 (SHUCTAnyTime)
Winning score (between 0 and 1) : N=70, mean=0.585714 (+/-0.116229).
P1: N=35, mean=0.571429 (+/-0.166341).
P2: N=35, mean=0.6 (+/-0.16467).
Game Durations: N=70, mean=29.657143 (+/-1.537898).
P1: N=35, mean=29.314286 (+/-2.420901).
P2: N=35, mean=30 (+/-1.926738).

Agent 2 (SHUCT)
Winning score (between 0 and 1) : N=70, mean=0.414286 (+/-0.116229).
P1: N=35, mean=0.4 (+/-0.16467).
P2: N=35, mean=0.428571 (+/-0.166341).
Game Durations: N=70, mean=29.657143 (+/-1.537898).
P1: N=35, mean=30 (+/-1.926738).
P2: N=35, mean=29.314286 (+/-2.420901).
=====================================================
=====================================================
Completed 80 games.

Agent 1 (SHUCTAnyTime)
Winning score (between 0 and 1) : N=80, mean=0.6 (+/-0.108029).
P1: N=40, mean=0.625 (+/-0.151939).
P2: N=40, mean=0.575 (+/-0.155147).
Game Durations: N=80, mean=29.725 (+/-1.355739).
P1: N=40, mean=29.275 (+/-2.128584).
P2: N=40, mean=30.175 (+/-1.69576).

Agent 2 (SHUCT)
Winning score (between 0 and 1) : N=80, mean=0.4 (+/-0.108029).
P1: N=40, mean=0.425 (+/-0.155147).
P2: N=40, mean=0.375 (+/-0.151939).
Game Durations: N=80, mean=29.725 (+/-1.355739).
P1: N=40, mean=30.175 (+/-1.69576).
P2: N=40, mean=29.275 (+/-2.128584).
=====================================================
=====================================================
Completed 90 games.

Agent 1 (SHUCTAnyTime)
Winning score (between 0 and 1) : N=90, mean=0.611111 (+/-0.10128).
P1: N=45, mean=0.622222 (+/-0.143256).
P2: N=45, mean=0.6 (+/-0.144753).
Game Durations: N=90, mean=29.977778 (+/-1.307732).
P1: N=45, mean=29.2 (+/-1.943658).
P2: N=45, mean=30.755556 (+/-1.742112).

Agent 2 (SHUCT)
Winning score (between 0 and 1) : N=90, mean=0.388889 (+/-0.10128).
P1: N=45, mean=0.4 (+/-0.144753).
P2: N=45, mean=0.377778 (+/-0.143256).
Game Durations: N=90, mean=29.977778 (+/-1.307732).
P1: N=45, mean=30.755556 (+/-1.742112).
P2: N=45, mean=29.2 (+/-1.943658).
=====================================================
=====================================================
Completed 100 games.

Agent 1 (SHUCTAnyTime)
Winning score (between 0 and 1) : N=100, mean=0.59 (+/-0.096883).
P1: N=50, mean=0.62 (+/-0.135905).
P2: N=50, mean=0.56 (+/-0.138986).
Game Durations: N=100, mean=29.75 (+/-1.208963).
P1: N=50, mean=28.98 (+/-1.765066).
P2: N=50, mean=30.52 (+/-1.642438).

Agent 2 (SHUCT)
Winning score (between 0 and 1) : N=100, mean=0.41 (+/-0.096883).
P1: N=50, mean=0.44 (+/-0.138986).
P2: N=50, mean=0.38 (+/-0.135905).
Game Durations: N=100, mean=29.75 (+/-1.208963).
P1: N=50, mean=30.52 (+/-1.642438).
P2: N=50, mean=28.98 (+/-1.765066).
=====================================================
=====================================================
Completed 110 games.

Agent 1 (SHUCTAnyTime)
Winning score (between 0 and 1) : N=110, mean=0.563636 (+/-0.093102).
P1: N=55, mean=0.618182 (+/-0.12958).
P2: N=55, mean=0.509091 (+/-0.133336).
Game Durations: N=110, mean=29.518182 (+/-1.157172).
P1: N=55, mean=29.054545 (+/-1.659358).
P2: N=55, mean=29.981818 (+/-1.619175).

Agent 2 (SHUCT)
Winning score (between 0 and 1) : N=110, mean=0.436364 (+/-0.093102).
P1: N=55, mean=0.490909 (+/-0.133336).
P2: N=55, mean=0.381818 (+/-0.12958).
Game Durations: N=110, mean=29.518182 (+/-1.157172).
P1: N=55, mean=29.981818 (+/-1.619175).
P2: N=55, mean=29.054545 (+/-1.659358).
=====================================================
=====================================================
Completed 120 games.

Agent 1 (SHUCTAnyTime)
Winning score (between 0 and 1) : N=120, mean=0.541667 (+/-0.089522).
P1: N=60, mean=0.583333 (+/-0.125798).
P2: N=60, mean=0.5 (+/-0.127583).
Game Durations: N=120, mean=29.508333 (+/-1.098776).
P1: N=60, mean=29.35 (+/-1.598146).
P2: N=60, mean=29.666667 (+/-1.520797).

Agent 2 (SHUCT)
Winning score (between 0 and 1) : N=120, mean=0.458333 (+/-0.089522).
P1: N=60, mean=0.5 (+/-0.127583).
P2: N=60, mean=0.416667 (+/-0.125798).
Game Durations: N=120, mean=29.508333 (+/-1.098776).
P1: N=60, mean=29.666667 (+/-1.520797).
P2: N=60, mean=29.35 (+/-1.598146).
=====================================================
=====================================================
Completed 130 games.

Agent 1 (SHUCTAnyTime)
Winning score (between 0 and 1) : N=130, mean=0.546154 (+/-0.085914).
P1: N=65, mean=0.6 (+/-0.120023).
P2: N=65, mean=0.492308 (+/-0.122483).
Game Durations: N=130, mean=29.692308 (+/-1.162112).
P1: N=65, mean=29.707692 (+/-1.751315).
P2: N=65, mean=29.676923 (+/-1.541782).

Agent 2 (SHUCT)
Winning score (between 0 and 1) : N=130, mean=0.453846 (+/-0.085914).
P1: N=65, mean=0.507692 (+/-0.122483).
P2: N=65, mean=0.4 (+/-0.120023).
Game Durations: N=130, mean=29.692308 (+/-1.162112).
P1: N=65, mean=29.676923 (+/-1.541782).
P2: N=65, mean=29.707692 (+/-1.751315).
=====================================================
=====================================================
Completed 140 games.

Agent 1 (SHUCTAnyTime)
Winning score (between 0 and 1) : N=140, mean=0.542857 (+/-0.082815).
P1: N=70, mean=0.614286 (+/-0.114853).
P2: N=70, mean=0.471429 (+/-0.117783).
Game Durations: N=140, mean=29.828571 (+/-1.133781).
P1: N=70, mean=29.728571 (+/-1.667915).
P2: N=70, mean=29.928571 (+/-1.547916).

Agent 2 (SHUCT)
Winning score (between 0 and 1) : N=140, mean=0.457143 (+/-0.082815).
P1: N=70, mean=0.528571 (+/-0.117783).
P2: N=70, mean=0.385714 (+/-0.114853).
Game Durations: N=140, mean=29.828571 (+/-1.133781).
P1: N=70, mean=29.928571 (+/-1.547916).
P2: N=70, mean=29.728571 (+/-1.667915).
=====================================================
=====================================================
Completed 150 games.

Agent 1 (SHUCTAnyTime)
Winning score (between 0 and 1) : N=150, mean=0.52 (+/-0.080219).
P1: N=75, mean=0.6 (+/-0.111619).
P2: N=75, mean=0.44 (+/-0.113097).
Game Durations: N=150, mean=29.86 (+/-1.117988).
P1: N=75, mean=29.613333 (+/-1.59549).
P2: N=75, mean=30.106667 (+/-1.575267).

Agent 2 (SHUCT)
Winning score (between 0 and 1) : N=150, mean=0.48 (+/-0.080219).
P1: N=75, mean=0.56 (+/-0.113097).
P2: N=75, mean=0.4 (+/-0.111619).
Game Durations: N=150, mean=29.86 (+/-1.117988).
P1: N=75, mean=30.106667 (+/-1.575267).
P2: N=75, mean=29.613333 (+/-1.59549).
=====================================================
