Warming up...
Finished warming up!
=====================================================
Completed 1 games.

Agent 1 (SHUCTAnyTime)
Winning score (between 0 and 1) : N=1, mean=0 (+/-0).
P1: N=1, mean=0 (+/-0).
P2: N=0, mean=0 (+/-0).
Game Durations: N=1, mean=22 (+/-0).
P1: N=1, mean=22 (+/-0).
P2: N=0, mean=0 (+/-0).

Agent 2 (SHUCT)
Winning score (between 0 and 1) : N=1, mean=1 (+/-0).
P1: N=0, mean=0 (+/-0).
P2: N=1, mean=1 (+/-0).
Game Durations: N=1, mean=22 (+/-0).
P1: N=0, mean=0 (+/-0).
P2: N=1, mean=22 (+/-0).
=====================================================
=====================================================
Completed 2 games.

Agent 1 (SHUCTAnyTime)
Winning score (between 0 and 1) : N=2, mean=0.5 (+/-0.97998).
P1: N=1, mean=0 (+/-0).
P2: N=1, mean=1 (+/-0).
Game Durations: N=2, mean=29 (+/-13.71972).
P1: N=1, mean=22 (+/-0).
P2: N=1, mean=36 (+/-0).

Agent 2 (SHUCT)
Winning score (between 0 and 1) : N=2, mean=0.5 (+/-0.97998).
P1: N=1, mean=0 (+/-0).
P2: N=1, mean=1 (+/-0).
Game Durations: N=2, mean=29 (+/-13.71972).
P1: N=1, mean=36 (+/-0).
P2: N=1, mean=22 (+/-0).
=====================================================
=====================================================
Completed 3 games.

Agent 1 (SHUCTAnyTime)
Winning score (between 0 and 1) : N=3, mean=0.333333 (+/-0.65332).
P1: N=2, mean=0 (+/-0).
P2: N=1, mean=1 (+/-0).
Game Durations: N=3, mean=30 (+/-8.159964).
P1: N=2, mean=27 (+/-9.7998).
P2: N=1, mean=36 (+/-0).

Agent 2 (SHUCT)
Winning score (between 0 and 1) : N=3, mean=0.666667 (+/-0.65332).
P1: N=1, mean=0 (+/-0).
P2: N=2, mean=1 (+/-0).
Game Durations: N=3, mean=30 (+/-8.159964).
P1: N=1, mean=36 (+/-0).
P2: N=2, mean=27 (+/-9.7998).
=====================================================
=====================================================
Completed 4 games.

Agent 1 (SHUCTAnyTime)
Winning score (between 0 and 1) : N=4, mean=0.5 (+/-0.565792).
P1: N=2, mean=0 (+/-0).
P2: N=2, mean=1 (+/-0).
Game Durations: N=4, mean=36 (+/-13.099025).
P1: N=2, mean=27 (+/-9.7998).
P2: N=2, mean=45 (+/-17.63964).

Agent 2 (SHUCT)
Winning score (between 0 and 1) : N=4, mean=0.5 (+/-0.565792).
P1: N=2, mean=0 (+/-0).
P2: N=2, mean=1 (+/-0).
Game Durations: N=4, mean=36 (+/-13.099025).
P1: N=2, mean=45 (+/-17.63964).
P2: N=2, mean=27 (+/-9.7998).
=====================================================
=====================================================
Completed 5 games.

Agent 1 (SHUCTAnyTime)
Winning score (between 0 and 1) : N=5, mean=0.4 (+/-0.48009).
P1: N=3, mean=0 (+/-0).
P2: N=2, mean=1 (+/-0).
Game Durations: N=5, mean=34.4 (+/-10.620018).
P1: N=3, mean=27.333333 (+/-5.695512).
P2: N=2, mean=45 (+/-17.63964).

Agent 2 (SHUCT)
Winning score (between 0 and 1) : N=5, mean=0.6 (+/-0.48009).
P1: N=2, mean=0 (+/-0).
P2: N=3, mean=1 (+/-0).
Game Durations: N=5, mean=34.4 (+/-10.620018).
P1: N=2, mean=45 (+/-17.63964).
P2: N=3, mean=27.333333 (+/-5.695512).
=====================================================
=====================================================
Completed 10 games.

Agent 1 (SHUCTAnyTime)
Winning score (between 0 and 1) : N=10, mean=0.4 (+/-0.32006).
P1: N=5, mean=0.2 (+/-0.391992).
P2: N=5, mean=0.6 (+/-0.48009).
Game Durations: N=10, mean=30.7 (+/-5.762934).
P1: N=5, mean=27.4 (+/-3.800503).
P2: N=5, mean=34 (+/-10.681332).

Agent 2 (SHUCT)
Winning score (between 0 and 1) : N=10, mean=0.6 (+/-0.32006).
P1: N=5, mean=0.4 (+/-0.48009).
P2: N=5, mean=0.8 (+/-0.391992).
Game Durations: N=10, mean=30.7 (+/-5.762934).
P1: N=5, mean=34 (+/-10.681332).
P2: N=5, mean=27.4 (+/-3.800503).
=====================================================
=====================================================
Completed 20 games.

Agent 1 (SHUCTAnyTime)
Winning score (between 0 and 1) : N=20, mean=0.45 (+/-0.223696).
P1: N=10, mean=0.4 (+/-0.32006).
P2: N=10, mean=0.5 (+/-0.32666).
Game Durations: N=20, mean=29.35 (+/-3.255742).
P1: N=10, mean=27.2 (+/-2.387972).
P2: N=10, mean=31.5 (+/-5.925076).

Agent 2 (SHUCT)
Winning score (between 0 and 1) : N=20, mean=0.55 (+/-0.223696).
P1: N=10, mean=0.5 (+/-0.32666).
P2: N=10, mean=0.6 (+/-0.32006).
Game Durations: N=20, mean=29.35 (+/-3.255742).
P1: N=10, mean=31.5 (+/-5.925076).
P2: N=10, mean=27.2 (+/-2.387972).
=====================================================
=====================================================
Completed 30 games.

Agent 1 (SHUCTAnyTime)
Winning score (between 0 and 1) : N=30, mean=0.466667 (+/-0.181573).
P1: N=15, mean=0.333333 (+/-0.246932).
P2: N=15, mean=0.6 (+/-0.256619).
Game Durations: N=30, mean=29.033333 (+/-2.967942).
P1: N=15, mean=25.933333 (+/-1.917183).
P2: N=15, mean=32.133333 (+/-5.248215).

Agent 2 (SHUCT)
Winning score (between 0 and 1) : N=30, mean=0.533333 (+/-0.181573).
P1: N=15, mean=0.4 (+/-0.256619).
P2: N=15, mean=0.666667 (+/-0.246932).
Game Durations: N=30, mean=29.033333 (+/-2.967942).
P1: N=15, mean=32.133333 (+/-5.248215).
P2: N=15, mean=25.933333 (+/-1.917183).
=====================================================
=====================================================
Completed 40 games.

Agent 1 (SHUCTAnyTime)
Winning score (between 0 and 1) : N=40, mean=0.5 (+/-0.156922).
P1: N=20, mean=0.45 (+/-0.223696).
P2: N=20, mean=0.55 (+/-0.223696).
Game Durations: N=40, mean=29.9 (+/-2.834003).
P1: N=20, mean=28.45 (+/-3.790049).
P2: N=20, mean=31.35 (+/-4.213914).

Agent 2 (SHUCT)
Winning score (between 0 and 1) : N=40, mean=0.5 (+/-0.156922).
P1: N=20, mean=0.45 (+/-0.223696).
P2: N=20, mean=0.55 (+/-0.223696).
Game Durations: N=40, mean=29.9 (+/-2.834003).
P1: N=20, mean=31.35 (+/-4.213914).
P2: N=20, mean=28.45 (+/-3.790049).
=====================================================
=====================================================
Completed 50 games.

Agent 1 (SHUCTAnyTime)
Winning score (between 0 and 1) : N=50, mean=0.5 (+/-0.139997).
P1: N=25, mean=0.48 (+/-0.199877).
P2: N=25, mean=0.52 (+/-0.199877).
Game Durations: N=50, mean=30.16 (+/-2.434089).
P1: N=25, mean=29.28 (+/-3.374927).
P2: N=25, mean=31.04 (+/-3.543284).

Agent 2 (SHUCT)
Winning score (between 0 and 1) : N=50, mean=0.5 (+/-0.139997).
P1: N=25, mean=0.48 (+/-0.199877).
P2: N=25, mean=0.52 (+/-0.199877).
Game Durations: N=50, mean=30.16 (+/-2.434089).
P1: N=25, mean=31.04 (+/-3.543284).
P2: N=25, mean=29.28 (+/-3.374927).
=====================================================
=====================================================
Completed 60 games.

Agent 1 (SHUCTAnyTime)
Winning score (between 0 and 1) : N=60, mean=0.5 (+/-0.127583).
P1: N=30, mean=0.5 (+/-0.181978).
P2: N=30, mean=0.5 (+/-0.181978).
Game Durations: N=60, mean=29.8 (+/-2.066574).
P1: N=30, mean=29.166667 (+/-2.845817).
P2: N=30, mean=30.433333 (+/-3.028616).

Agent 2 (SHUCT)
Winning score (between 0 and 1) : N=60, mean=0.5 (+/-0.127583).
P1: N=30, mean=0.5 (+/-0.181978).
P2: N=30, mean=0.5 (+/-0.181978).
Game Durations: N=60, mean=29.8 (+/-2.066574).
P1: N=30, mean=30.433333 (+/-3.028616).
P2: N=30, mean=29.166667 (+/-2.845817).
=====================================================
=====================================================
Completed 70 games.

Agent 1 (SHUCTAnyTime)
Winning score (between 0 and 1) : N=70, mean=0.542857 (+/-0.117542).
P1: N=35, mean=0.542857 (+/-0.167447).
P2: N=35, mean=0.542857 (+/-0.167447).
Game Durations: N=70, mean=29.242857 (+/-1.817827).
P1: N=35, mean=28.714286 (+/-2.500659).
P2: N=35, mean=29.771429 (+/-2.663818).

Agent 2 (SHUCT)
Winning score (between 0 and 1) : N=70, mean=0.457143 (+/-0.117542).
P1: N=35, mean=0.457143 (+/-0.167447).
P2: N=35, mean=0.457143 (+/-0.167447).
Game Durations: N=70, mean=29.242857 (+/-1.817827).
P1: N=35, mean=29.771429 (+/-2.663818).
P2: N=35, mean=28.714286 (+/-2.500659).
=====================================================
=====================================================
Completed 80 games.

Agent 1 (SHUCTAnyTime)
Winning score (between 0 and 1) : N=80, mean=0.55 (+/-0.109704).
P1: N=40, mean=0.575 (+/-0.155147).
P2: N=40, mean=0.525 (+/-0.156726).
Game Durations: N=80, mean=29.1 (+/-1.617653).
P1: N=40, mean=28.725 (+/-2.220313).
P2: N=40, mean=29.475 (+/-2.37569).

Agent 2 (SHUCT)
Winning score (between 0 and 1) : N=80, mean=0.45 (+/-0.109704).
P1: N=40, mean=0.475 (+/-0.156726).
P2: N=40, mean=0.425 (+/-0.155147).
Game Durations: N=80, mean=29.1 (+/-1.617653).
P1: N=40, mean=29.475 (+/-2.37569).
P2: N=40, mean=28.725 (+/-2.220313).
=====================================================
=====================================================
Completed 90 games.

Agent 1 (SHUCTAnyTime)
Winning score (between 0 and 1) : N=90, mean=0.533333 (+/-0.103647).
P1: N=45, mean=0.533333 (+/-0.147409).
P2: N=45, mean=0.533333 (+/-0.147409).
Game Durations: N=90, mean=29.5 (+/-1.660672).
P1: N=45, mean=29.555556 (+/-2.558931).
P2: N=45, mean=29.444444 (+/-2.146627).

Agent 2 (SHUCT)
Winning score (between 0 and 1) : N=90, mean=0.466667 (+/-0.103647).
P1: N=45, mean=0.466667 (+/-0.147409).
P2: N=45, mean=0.466667 (+/-0.147409).
Game Durations: N=90, mean=29.5 (+/-1.660672).
P1: N=45, mean=29.444444 (+/-2.146627).
P2: N=45, mean=29.555556 (+/-2.558931).
=====================================================
=====================================================
Completed 100 games.

Agent 1 (SHUCTAnyTime)
Winning score (between 0 and 1) : N=100, mean=0.53 (+/-0.098314).
P1: N=50, mean=0.54 (+/-0.139548).
P2: N=50, mean=0.52 (+/-0.139885).
Game Durations: N=100, mean=29.49 (+/-1.529001).
P1: N=50, mean=29.74 (+/-2.353158).
P2: N=50, mean=29.24 (+/-1.974752).

Agent 2 (SHUCT)
Winning score (between 0 and 1) : N=100, mean=0.47 (+/-0.098314).
P1: N=50, mean=0.48 (+/-0.139885).
P2: N=50, mean=0.46 (+/-0.139548).
Game Durations: N=100, mean=29.49 (+/-1.529001).
P1: N=50, mean=29.24 (+/-1.974752).
P2: N=50, mean=29.74 (+/-2.353158).
=====================================================
=====================================================
Completed 110 games.

Agent 1 (SHUCTAnyTime)
Winning score (between 0 and 1) : N=110, mean=0.518182 (+/-0.093803).
P1: N=55, mean=0.545455 (+/-0.132806).
P2: N=55, mean=0.490909 (+/-0.133336).
Game Durations: N=110, mean=29.672727 (+/-1.459673).
P1: N=55, mean=30.036364 (+/-2.263718).
P2: N=55, mean=29.309091 (+/-1.859641).

Agent 2 (SHUCT)
Winning score (between 0 and 1) : N=110, mean=0.481818 (+/-0.093803).
P1: N=55, mean=0.509091 (+/-0.133336).
P2: N=55, mean=0.454545 (+/-0.132806).
Game Durations: N=110, mean=29.672727 (+/-1.459673).
P1: N=55, mean=29.309091 (+/-1.859641).
P2: N=55, mean=30.036364 (+/-2.263718).
=====================================================
=====================================================
Completed 120 games.

Agent 1 (SHUCTAnyTime)
Winning score (between 0 and 1) : N=120, mean=0.508333 (+/-0.089822).
P1: N=60, mean=0.533333 (+/-0.127299).
P2: N=60, mean=0.483333 (+/-0.127512).
Game Durations: N=120, mean=29.575 (+/-1.371984).
P1: N=60, mean=29.766667 (+/-2.096067).
P2: N=60, mean=29.383333 (+/-1.787426).

Agent 2 (SHUCT)
Winning score (between 0 and 1) : N=120, mean=0.491667 (+/-0.089822).
P1: N=60, mean=0.516667 (+/-0.127512).
P2: N=60, mean=0.466667 (+/-0.127299).
Game Durations: N=120, mean=29.575 (+/-1.371984).
P1: N=60, mean=29.383333 (+/-1.787426).
P2: N=60, mean=29.766667 (+/-2.096067).
=====================================================
=====================================================
Completed 130 games.

Agent 1 (SHUCTAnyTime)
Winning score (between 0 and 1) : N=130, mean=0.492308 (+/-0.086272).
P1: N=65, mean=0.523077 (+/-0.122367).
P2: N=65, mean=0.461538 (+/-0.122135).
Game Durations: N=130, mean=29.346154 (+/-1.30173).
P1: N=65, mean=29.323077 (+/-1.972222).
P2: N=65, mean=29.369231 (+/-1.715002).

Agent 2 (SHUCT)
Winning score (between 0 and 1) : N=130, mean=0.507692 (+/-0.086272).
P1: N=65, mean=0.538462 (+/-0.122135).
P2: N=65, mean=0.476923 (+/-0.122367).
Game Durations: N=130, mean=29.346154 (+/-1.30173).
P1: N=65, mean=29.369231 (+/-1.715002).
P2: N=65, mean=29.323077 (+/-1.972222).
=====================================================
=====================================================
Completed 140 games.

Agent 1 (SHUCTAnyTime)
Winning score (between 0 and 1) : N=140, mean=0.5 (+/-0.083121).
P1: N=70, mean=0.528571 (+/-0.117783).
P2: N=70, mean=0.471429 (+/-0.117783).
Game Durations: N=140, mean=29.385714 (+/-1.244766).
P1: N=70, mean=29.557143 (+/-1.91091).
P2: N=70, mean=29.214286 (+/-1.608674).

Agent 2 (SHUCT)
Winning score (between 0 and 1) : N=140, mean=0.5 (+/-0.083121).
P1: N=70, mean=0.528571 (+/-0.117783).
P2: N=70, mean=0.471429 (+/-0.117783).
Game Durations: N=140, mean=29.385714 (+/-1.244766).
P1: N=70, mean=29.214286 (+/-1.608674).
P2: N=70, mean=29.557143 (+/-1.91091).
=====================================================
=====================================================
Completed 150 games.

Agent 1 (SHUCTAnyTime)
Winning score (between 0 and 1) : N=150, mean=0.5 (+/-0.080283).
P1: N=75, mean=0.52 (+/-0.113829).
P2: N=75, mean=0.48 (+/-0.113829).
Game Durations: N=150, mean=29.426667 (+/-1.209316).
P1: N=75, mean=29.533333 (+/-1.828539).
P2: N=75, mean=29.32 (+/-1.595171).

Agent 2 (SHUCT)
Winning score (between 0 and 1) : N=150, mean=0.5 (+/-0.080283).
P1: N=75, mean=0.52 (+/-0.113829).
P2: N=75, mean=0.48 (+/-0.113829).
Game Durations: N=150, mean=29.426667 (+/-1.209316).
P1: N=75, mean=29.32 (+/-1.595171).
P2: N=75, mean=29.533333 (+/-1.828539).
=====================================================
