Warming up...
Finished warming up!
=====================================================
Completed 1 games.

Agent 1 (SHUCTAnyTime)
Winning score (between 0 and 1) : N=1, mean=1 (+/-0).
P1: N=1, mean=1 (+/-0).
P2: N=0, mean=0 (+/-0).
Game Durations: N=1, mean=29 (+/-0).
P1: N=1, mean=29 (+/-0).
P2: N=0, mean=0 (+/-0).

Agent 2 (SHUCT)
Winning score (between 0 and 1) : N=1, mean=0 (+/-0).
P1: N=0, mean=0 (+/-0).
P2: N=1, mean=0 (+/-0).
Game Durations: N=1, mean=29 (+/-0).
P1: N=0, mean=0 (+/-0).
P2: N=1, mean=29 (+/-0).
=====================================================
=====================================================
Completed 2 games.

Agent 1 (SHUCTAnyTime)
Winning score (between 0 and 1) : N=2, mean=0.5 (+/-0.97998).
P1: N=1, mean=1 (+/-0).
P2: N=1, mean=0 (+/-0).
Game Durations: N=2, mean=31 (+/-3.91992).
P1: N=1, mean=29 (+/-0).
P2: N=1, mean=33 (+/-0).

Agent 2 (SHUCT)
Winning score (between 0 and 1) : N=2, mean=0.5 (+/-0.97998).
P1: N=1, mean=1 (+/-0).
P2: N=1, mean=0 (+/-0).
Game Durations: N=2, mean=31 (+/-3.91992).
P1: N=1, mean=33 (+/-0).
P2: N=1, mean=29 (+/-0).
=====================================================
=====================================================
Completed 3 games.

Agent 1 (SHUCTAnyTime)
Winning score (between 0 and 1) : N=3, mean=0.666667 (+/-0.65332).
P1: N=2, mean=1 (+/-0).
P2: N=1, mean=0 (+/-0).
Game Durations: N=3, mean=28.333333 (+/-5.695512).
P1: N=2, mean=26 (+/-5.87988).
P2: N=1, mean=33 (+/-0).

Agent 2 (SHUCT)
Winning score (between 0 and 1) : N=3, mean=0.333333 (+/-0.65332).
P1: N=1, mean=1 (+/-0).
P2: N=2, mean=0 (+/-0).
Game Durations: N=3, mean=28.333333 (+/-5.695512).
P1: N=1, mean=33 (+/-0).
P2: N=2, mean=26 (+/-5.87988).
=====================================================
=====================================================
Completed 4 games.

Agent 1 (SHUCTAnyTime)
Winning score (between 0 and 1) : N=4, mean=0.75 (+/-0.48999).
P1: N=2, mean=1 (+/-0).
P2: N=2, mean=0.5 (+/-0.97998).
Game Durations: N=4, mean=33.75 (+/-11.354666).
P1: N=2, mean=26 (+/-5.87988).
P2: N=2, mean=41.5 (+/-16.65966).

Agent 2 (SHUCT)
Winning score (between 0 and 1) : N=4, mean=0.25 (+/-0.48999).
P1: N=2, mean=0.5 (+/-0.97998).
P2: N=2, mean=0 (+/-0).
Game Durations: N=4, mean=33.75 (+/-11.354666).
P1: N=2, mean=41.5 (+/-16.65966).
P2: N=2, mean=26 (+/-5.87988).
=====================================================
=====================================================
Completed 5 games.

Agent 1 (SHUCTAnyTime)
Winning score (between 0 and 1) : N=5, mean=0.6 (+/-0.48009).
P1: N=3, mean=0.666667 (+/-0.65332).
P2: N=2, mean=0.5 (+/-0.97998).
Game Durations: N=5, mean=31.8 (+/-9.589794).
P1: N=3, mean=25.333333 (+/-3.637532).
P2: N=2, mean=41.5 (+/-16.65966).

Agent 2 (SHUCT)
Winning score (between 0 and 1) : N=5, mean=0.4 (+/-0.48009).
P1: N=2, mean=0.5 (+/-0.97998).
P2: N=3, mean=0.333333 (+/-0.65332).
Game Durations: N=5, mean=31.8 (+/-9.589794).
P1: N=2, mean=41.5 (+/-16.65966).
P2: N=3, mean=25.333333 (+/-3.637532).
=====================================================
=====================================================
Completed 10 games.

Agent 1 (SHUCTAnyTime)
Winning score (between 0 and 1) : N=10, mean=0.6 (+/-0.32006).
P1: N=5, mean=0.6 (+/-0.48009).
P2: N=5, mean=0.6 (+/-0.48009).
Game Durations: N=10, mean=28.3 (+/-5.291892).
P1: N=5, mean=24.6 (+/-2.368229).
P2: N=5, mean=32 (+/-9.701307).

Agent 2 (SHUCT)
Winning score (between 0 and 1) : N=10, mean=0.4 (+/-0.32006).
P1: N=5, mean=0.4 (+/-0.48009).
P2: N=5, mean=0.4 (+/-0.48009).
Game Durations: N=10, mean=28.3 (+/-5.291892).
P1: N=5, mean=32 (+/-9.701307).
P2: N=5, mean=24.6 (+/-2.368229).
=====================================================
=====================================================
Completed 20 games.

Agent 1 (SHUCTAnyTime)
Winning score (between 0 and 1) : N=20, mean=0.5 (+/-0.224823).
P1: N=10, mean=0.5 (+/-0.32666).
P2: N=10, mean=0.5 (+/-0.32666).
Game Durations: N=20, mean=28.8 (+/-2.923043).
P1: N=10, mean=27.3 (+/-2.833481).
P2: N=10, mean=30.3 (+/-5.111368).

Agent 2 (SHUCT)
Winning score (between 0 and 1) : N=20, mean=0.5 (+/-0.224823).
P1: N=10, mean=0.5 (+/-0.32666).
P2: N=10, mean=0.5 (+/-0.32666).
Game Durations: N=20, mean=28.8 (+/-2.923043).
P1: N=10, mean=30.3 (+/-5.111368).
P2: N=10, mean=27.3 (+/-2.833481).
=====================================================
=====================================================
Completed 30 games.

Agent 1 (SHUCTAnyTime)
Winning score (between 0 and 1) : N=30, mean=0.5 (+/-0.181978).
P1: N=15, mean=0.533333 (+/-0.261328).
P2: N=15, mean=0.466667 (+/-0.261328).
Game Durations: N=30, mean=28 (+/-2.138787).
P1: N=15, mean=27.2 (+/-1.998775).
P2: N=15, mean=28.8 (+/-3.821623).

Agent 2 (SHUCT)
Winning score (between 0 and 1) : N=30, mean=0.5 (+/-0.181978).
P1: N=15, mean=0.533333 (+/-0.261328).
P2: N=15, mean=0.466667 (+/-0.261328).
Game Durations: N=30, mean=28 (+/-2.138787).
P1: N=15, mean=28.8 (+/-3.821623).
P2: N=15, mean=27.2 (+/-1.998775).
=====================================================
=====================================================
Completed 40 games.

Agent 1 (SHUCTAnyTime)
Winning score (between 0 and 1) : N=40, mean=0.5 (+/-0.156922).
P1: N=20, mean=0.55 (+/-0.223696).
P2: N=20, mean=0.45 (+/-0.223696).
Game Durations: N=40, mean=28.85 (+/-2.26594).
P1: N=20, mean=29.45 (+/-3.378258).
P2: N=20, mean=28.25 (+/-3.085483).

Agent 2 (SHUCT)
Winning score (between 0 and 1) : N=40, mean=0.5 (+/-0.156922).
P1: N=20, mean=0.55 (+/-0.223696).
P2: N=20, mean=0.45 (+/-0.223696).
Game Durations: N=40, mean=28.85 (+/-2.26594).
P1: N=20, mean=28.25 (+/-3.085483).
P2: N=20, mean=29.45 (+/-3.378258).
=====================================================
=====================================================
Completed 50 games.

Agent 1 (SHUCTAnyTime)
Winning score (between 0 and 1) : N=50, mean=0.5 (+/-0.139997).
P1: N=25, mean=0.56 (+/-0.198592).
P2: N=25, mean=0.44 (+/-0.198592).
Game Durations: N=50, mean=28.08 (+/-1.887286).
P1: N=25, mean=28.16 (+/-2.886492).
P2: N=25, mean=28 (+/-2.492054).

Agent 2 (SHUCT)
Winning score (between 0 and 1) : N=50, mean=0.5 (+/-0.139997).
P1: N=25, mean=0.56 (+/-0.198592).
P2: N=25, mean=0.44 (+/-0.198592).
Game Durations: N=50, mean=28.08 (+/-1.887286).
P1: N=25, mean=28 (+/-2.492054).
P2: N=25, mean=28.16 (+/-2.886492).
=====================================================
=====================================================
Completed 60 games.

Agent 1 (SHUCTAnyTime)
Winning score (between 0 and 1) : N=60, mean=0.466667 (+/-0.127299).
P1: N=30, mean=0.5 (+/-0.181978).
P2: N=30, mean=0.433333 (+/-0.180353).
Game Durations: N=60, mean=28.5 (+/-1.705666).
P1: N=30, mean=28.833333 (+/-2.656431).
P2: N=30, mean=28.166667 (+/-2.179854).

Agent 2 (SHUCT)
Winning score (between 0 and 1) : N=60, mean=0.533333 (+/-0.127299).
P1: N=30, mean=0.566667 (+/-0.180353).
P2: N=30, mean=0.5 (+/-0.181978).
Game Durations: N=60, mean=28.5 (+/-1.705666).
P1: N=30, mean=28.166667 (+/-2.179854).
P2: N=30, mean=28.833333 (+/-2.656431).
=====================================================
=====================================================
Completed 70 games.

Agent 1 (SHUCTAnyTime)
Winning score (between 0 and 1) : N=70, mean=0.514286 (+/-0.117928).
P1: N=35, mean=0.514286 (+/-0.167997).
P2: N=35, mean=0.514286 (+/-0.167997).
Game Durations: N=70, mean=28.9 (+/-1.744469).
P1: N=35, mean=28.342857 (+/-2.360368).
P2: N=35, mean=29.457143 (+/-2.590408).

Agent 2 (SHUCT)
Winning score (between 0 and 1) : N=70, mean=0.485714 (+/-0.117928).
P1: N=35, mean=0.485714 (+/-0.167997).
P2: N=35, mean=0.485714 (+/-0.167997).
Game Durations: N=70, mean=28.9 (+/-1.744469).
P1: N=35, mean=29.457143 (+/-2.590408).
P2: N=35, mean=28.342857 (+/-2.360368).
=====================================================
=====================================================
Completed 80 games.

Agent 1 (SHUCTAnyTime)
Winning score (between 0 and 1) : N=80, mean=0.5 (+/-0.110256).
P1: N=40, mean=0.525 (+/-0.156726).
P2: N=40, mean=0.475 (+/-0.156726).
Game Durations: N=80, mean=29.1 (+/-1.651124).
P1: N=40, mean=28.625 (+/-2.145523).
P2: N=40, mean=29.575 (+/-2.529215).

Agent 2 (SHUCT)
Winning score (between 0 and 1) : N=80, mean=0.5 (+/-0.110256).
P1: N=40, mean=0.525 (+/-0.156726).
P2: N=40, mean=0.475 (+/-0.156726).
Game Durations: N=80, mean=29.1 (+/-1.651124).
P1: N=40, mean=29.575 (+/-2.529215).
P2: N=40, mean=28.625 (+/-2.145523).
=====================================================
=====================================================
Completed 90 games.

Agent 1 (SHUCTAnyTime)
Winning score (between 0 and 1) : N=90, mean=0.511111 (+/-0.103852).
P1: N=45, mean=0.555556 (+/-0.146823).
P2: N=45, mean=0.466667 (+/-0.147409).
Game Durations: N=90, mean=28.633333 (+/-1.50404).
P1: N=45, mean=28.155556 (+/-1.967819).
P2: N=45, mean=29.111111 (+/-2.288929).

Agent 2 (SHUCT)
Winning score (between 0 and 1) : N=90, mean=0.488889 (+/-0.103852).
P1: N=45, mean=0.533333 (+/-0.147409).
P2: N=45, mean=0.444444 (+/-0.146823).
Game Durations: N=90, mean=28.633333 (+/-1.50404).
P1: N=45, mean=29.111111 (+/-2.288929).
P2: N=45, mean=28.155556 (+/-1.967819).
=====================================================
=====================================================
Completed 100 games.

Agent 1 (SHUCTAnyTime)
Winning score (between 0 and 1) : N=100, mean=0.51 (+/-0.098472).
P1: N=50, mean=0.56 (+/-0.138986).
P2: N=50, mean=0.46 (+/-0.139548).
Game Durations: N=100, mean=28.45 (+/-1.382081).
P1: N=50, mean=27.96 (+/-1.824876).
P2: N=50, mean=28.94 (+/-2.085843).

Agent 2 (SHUCT)
Winning score (between 0 and 1) : N=100, mean=0.49 (+/-0.098472).
P1: N=50, mean=0.54 (+/-0.139548).
P2: N=50, mean=0.44 (+/-0.138986).
Game Durations: N=100, mean=28.45 (+/-1.382081).
P1: N=50, mean=28.94 (+/-2.085843).
P2: N=50, mean=27.96 (+/-1.824876).
=====================================================
=====================================================
Completed 110 games.

Agent 1 (SHUCTAnyTime)
Winning score (between 0 and 1) : N=110, mean=0.5 (+/-0.093865).
P1: N=55, mean=0.563636 (+/-0.132274).
P2: N=55, mean=0.436364 (+/-0.132274).
Game Durations: N=110, mean=28.545455 (+/-1.298324).
P1: N=55, mean=27.945455 (+/-1.719834).
P2: N=55, mean=29.145455 (+/-1.948323).

Agent 2 (SHUCT)
Winning score (between 0 and 1) : N=110, mean=0.5 (+/-0.093865).
P1: N=55, mean=0.563636 (+/-0.132274).
P2: N=55, mean=0.436364 (+/-0.132274).
Game Durations: N=110, mean=28.545455 (+/-1.298324).
P1: N=55, mean=29.145455 (+/-1.948323).
P2: N=55, mean=27.945455 (+/-1.719834).
=====================================================
=====================================================
Completed 120 games.

Agent 1 (SHUCTAnyTime)
Winning score (between 0 and 1) : N=120, mean=0.5 (+/-0.089835).
P1: N=60, mean=0.566667 (+/-0.126443).
P2: N=60, mean=0.433333 (+/-0.126443).
Game Durations: N=120, mean=28.433333 (+/-1.213429).
P1: N=60, mean=27.9 (+/-1.600775).
P2: N=60, mean=28.966667 (+/-1.827575).

Agent 2 (SHUCT)
Winning score (between 0 and 1) : N=120, mean=0.5 (+/-0.089835).
P1: N=60, mean=0.566667 (+/-0.126443).
P2: N=60, mean=0.433333 (+/-0.126443).
Game Durations: N=120, mean=28.433333 (+/-1.213429).
P1: N=60, mean=28.966667 (+/-1.827575).
P2: N=60, mean=27.9 (+/-1.600775).
=====================================================
=====================================================
Completed 130 games.

Agent 1 (SHUCTAnyTime)
Winning score (between 0 and 1) : N=130, mean=0.484615 (+/-0.086242).
P1: N=65, mean=0.538462 (+/-0.122135).
P2: N=65, mean=0.430769 (+/-0.121318).
Game Durations: N=130, mean=28.4 (+/-1.152961).
P1: N=65, mean=28.107692 (+/-1.547769).
P2: N=65, mean=28.692308 (+/-1.71842).

Agent 2 (SHUCT)
Winning score (between 0 and 1) : N=130, mean=0.515385 (+/-0.086242).
P1: N=65, mean=0.569231 (+/-0.121318).
P2: N=65, mean=0.461538 (+/-0.122135).
Game Durations: N=130, mean=28.4 (+/-1.152961).
P1: N=65, mean=28.692308 (+/-1.71842).
P2: N=65, mean=28.107692 (+/-1.547769).
=====================================================
=====================================================
Completed 140 games.

Agent 1 (SHUCTAnyTime)
Winning score (between 0 and 1) : N=140, mean=0.485714 (+/-0.083087).
P1: N=70, mean=0.542857 (+/-0.117542).
P2: N=70, mean=0.428571 (+/-0.116766).
Game Durations: N=140, mean=28.4 (+/-1.114793).
P1: N=70, mean=28.142857 (+/-1.506232).
P2: N=70, mean=28.657143 (+/-1.652568).

Agent 2 (SHUCT)
Winning score (between 0 and 1) : N=140, mean=0.514286 (+/-0.083087).
P1: N=70, mean=0.571429 (+/-0.116766).
P2: N=70, mean=0.457143 (+/-0.117542).
Game Durations: N=140, mean=28.4 (+/-1.114793).
P1: N=70, mean=28.657143 (+/-1.652568).
P2: N=70, mean=28.142857 (+/-1.506232).
=====================================================
=====================================================
Completed 150 games.

Agent 1 (SHUCTAnyTime)
Winning score (between 0 and 1) : N=150, mean=0.486667 (+/-0.080255).
P1: N=75, mean=0.533333 (+/-0.113667).
P2: N=75, mean=0.44 (+/-0.113097).
Game Durations: N=150, mean=28.44 (+/-1.108175).
P1: N=75, mean=27.946667 (+/-1.450515).
P2: N=75, mean=28.933333 (+/-1.678135).

Agent 2 (SHUCT)
Winning score (between 0 and 1) : N=150, mean=0.513333 (+/-0.080255).
P1: N=75, mean=0.56 (+/-0.113097).
P2: N=75, mean=0.466667 (+/-0.113667).
Game Durations: N=150, mean=28.44 (+/-1.108175).
P1: N=75, mean=28.933333 (+/-1.678135).
P2: N=75, mean=27.946667 (+/-1.450515).
=====================================================
