Warming up...
Finished warming up!
=====================================================
Completed 1 games.

Agent 1 (SHUCTAnyTime)
Winning score (between 0 and 1) : N=1, mean=0 (+/-0).
P1: N=1, mean=0 (+/-0).
P2: N=0, mean=0 (+/-0).
Game Durations: N=1, mean=32 (+/-0).
P1: N=1, mean=32 (+/-0).
P2: N=0, mean=0 (+/-0).

Agent 2 (SHUCT)
Winning score (between 0 and 1) : N=1, mean=1 (+/-0).
P1: N=0, mean=0 (+/-0).
P2: N=1, mean=1 (+/-0).
Game Durations: N=1, mean=32 (+/-0).
P1: N=0, mean=0 (+/-0).
P2: N=1, mean=32 (+/-0).
=====================================================
=====================================================
Completed 2 games.

Agent 1 (SHUCTAnyTime)
Winning score (between 0 and 1) : N=2, mean=0 (+/-0).
P1: N=1, mean=0 (+/-0).
P2: N=1, mean=0 (+/-0).
Game Durations: N=2, mean=31.5 (+/-0.97998).
P1: N=1, mean=32 (+/-0).
P2: N=1, mean=31 (+/-0).

Agent 2 (SHUCT)
Winning score (between 0 and 1) : N=2, mean=1 (+/-0).
P1: N=1, mean=1 (+/-0).
P2: N=1, mean=1 (+/-0).
Game Durations: N=2, mean=31.5 (+/-0.97998).
P1: N=1, mean=31 (+/-0).
P2: N=1, mean=32 (+/-0).
=====================================================
=====================================================
Completed 3 games.

Agent 1 (SHUCTAnyTime)
Winning score (between 0 and 1) : N=3, mean=0 (+/-0).
P1: N=2, mean=0 (+/-0).
P2: N=1, mean=0 (+/-0).
Game Durations: N=3, mean=33.666667 (+/-4.284106).
P1: N=2, mean=35 (+/-5.87988).
P2: N=1, mean=31 (+/-0).

Agent 2 (SHUCT)
Winning score (between 0 and 1) : N=3, mean=1 (+/-0).
P1: N=1, mean=1 (+/-0).
P2: N=2, mean=1 (+/-0).
Game Durations: N=3, mean=33.666667 (+/-4.284106).
P1: N=1, mean=31 (+/-0).
P2: N=2, mean=35 (+/-5.87988).
=====================================================
=====================================================
Completed 4 games.

Agent 1 (SHUCTAnyTime)
Winning score (between 0 and 1) : N=4, mean=0 (+/-0).
P1: N=2, mean=0 (+/-0).
P2: N=2, mean=0 (+/-0).
Game Durations: N=4, mean=33 (+/-3.299104).
P1: N=2, mean=35 (+/-5.87988).
P2: N=2, mean=31 (+/-0).

Agent 2 (SHUCT)
Winning score (between 0 and 1) : N=4, mean=1 (+/-0).
P1: N=2, mean=1 (+/-0).
P2: N=2, mean=1 (+/-0).
Game Durations: N=4, mean=33 (+/-3.299104).
P1: N=2, mean=31 (+/-0).
P2: N=2, mean=35 (+/-5.87988).
=====================================================
=====================================================
Completed 5 games.

Agent 1 (SHUCTAnyTime)
Winning score (between 0 and 1) : N=5, mean=0 (+/-0).
P1: N=3, mean=0 (+/-0).
P2: N=2, mean=0 (+/-0).
Game Durations: N=5, mean=32.4 (+/-2.813072).
P1: N=3, mean=33.333333 (+/-4.711158).
P2: N=2, mean=31 (+/-0).

Agent 2 (SHUCT)
Winning score (between 0 and 1) : N=5, mean=1 (+/-0).
P1: N=2, mean=1 (+/-0).
P2: N=3, mean=1 (+/-0).
Game Durations: N=5, mean=32.4 (+/-2.813072).
P1: N=2, mean=31 (+/-0).
P2: N=3, mean=33.333333 (+/-4.711158).
=====================================================
=====================================================
Completed 10 games.

Agent 1 (SHUCTAnyTime)
Winning score (between 0 and 1) : N=10, mean=0 (+/-0).
P1: N=5, mean=0 (+/-0).
P2: N=5, mean=0 (+/-0).
Game Durations: N=10, mean=32.9 (+/-3.437854).
P1: N=5, mean=36 (+/-4.800902).
P2: N=5, mean=29.8 (+/-3.417307).

Agent 2 (SHUCT)
Winning score (between 0 and 1) : N=10, mean=1 (+/-0).
P1: N=5, mean=1 (+/-0).
P2: N=5, mean=1 (+/-0).
Game Durations: N=10, mean=32.9 (+/-3.437854).
P1: N=5, mean=29.8 (+/-3.417307).
P2: N=5, mean=36 (+/-4.800902).
=====================================================
=====================================================
Completed 20 games.

Agent 1 (SHUCTAnyTime)
Winning score (between 0 and 1) : N=20, mean=0.15 (+/-0.160556).
P1: N=10, mean=0.1 (+/-0.195996).
P2: N=10, mean=0.2 (+/-0.261328).
Game Durations: N=20, mean=35.65 (+/-3.000437).
P1: N=10, mean=37.3 (+/-4.314386).
P2: N=10, mean=34 (+/-4.131958).

Agent 2 (SHUCT)
Winning score (between 0 and 1) : N=20, mean=0.85 (+/-0.160556).
P1: N=10, mean=0.8 (+/-0.261328).
P2: N=10, mean=0.9 (+/-0.195996).
Game Durations: N=20, mean=35.65 (+/-3.000437).
P1: N=10, mean=34 (+/-4.131958).
P2: N=10, mean=37.3 (+/-4.314386).
=====================================================
=====================================================
Completed 30 games.

Agent 1 (SHUCTAnyTime)
Winning score (between 0 and 1) : N=30, mean=0.166667 (+/-0.135638).
P1: N=15, mean=0.133333 (+/-0.178065).
P2: N=15, mean=0.2 (+/-0.209529).
Game Durations: N=30, mean=36.733333 (+/-2.817516).
P1: N=15, mean=35.733333 (+/-3.631492).
P2: N=15, mean=37.733333 (+/-4.376199).

Agent 2 (SHUCT)
Winning score (between 0 and 1) : N=30, mean=0.833333 (+/-0.135638).
P1: N=15, mean=0.8 (+/-0.209529).
P2: N=15, mean=0.866667 (+/-0.178065).
Game Durations: N=30, mean=36.733333 (+/-2.817516).
P1: N=15, mean=37.733333 (+/-4.376199).
P2: N=15, mean=35.733333 (+/-3.631492).
=====================================================
=====================================================
Completed 40 games.

Agent 1 (SHUCTAnyTime)
Winning score (between 0 and 1) : N=40, mean=0.25 (+/-0.135899).
P1: N=20, mean=0.35 (+/-0.214467).
P2: N=20, mean=0.15 (+/-0.160556).
Game Durations: N=40, mean=36.15 (+/-2.331288).
P1: N=20, mean=36.05 (+/-3.100518).
P2: N=20, mean=36.25 (+/-3.562928).

Agent 2 (SHUCT)
Winning score (between 0 and 1) : N=40, mean=0.75 (+/-0.135899).
P1: N=20, mean=0.85 (+/-0.160556).
P2: N=20, mean=0.65 (+/-0.214467).
Game Durations: N=40, mean=36.15 (+/-2.331288).
P1: N=20, mean=36.25 (+/-3.562928).
P2: N=20, mean=36.05 (+/-3.100518).
=====================================================
=====================================================
Completed 50 games.

Agent 1 (SHUCTAnyTime)
Winning score (between 0 and 1) : N=50, mean=0.22 (+/-0.115987).
P1: N=25, mean=0.28 (+/-0.179633).
P2: N=25, mean=0.16 (+/-0.14667).
Game Durations: N=50, mean=36.08 (+/-1.986058).
P1: N=25, mean=35.8 (+/-2.736935).
P2: N=25, mean=36.36 (+/-2.930954).

Agent 2 (SHUCT)
Winning score (between 0 and 1) : N=50, mean=0.78 (+/-0.115987).
P1: N=25, mean=0.84 (+/-0.14667).
P2: N=25, mean=0.72 (+/-0.179633).
Game Durations: N=50, mean=36.08 (+/-1.986058).
P1: N=25, mean=36.36 (+/-2.930954).
P2: N=25, mean=35.8 (+/-2.736935).
=====================================================
=====================================================
Completed 60 games.

Agent 1 (SHUCTAnyTime)
Winning score (between 0 and 1) : N=60, mean=0.216667 (+/-0.105121).
P1: N=30, mean=0.266667 (+/-0.160947).
P2: N=30, mean=0.166667 (+/-0.135638).
Game Durations: N=60, mean=37.116667 (+/-1.910101).
P1: N=30, mean=37.266667 (+/-2.778061).
P2: N=30, mean=36.966667 (+/-2.668703).

Agent 2 (SHUCT)
Winning score (between 0 and 1) : N=60, mean=0.783333 (+/-0.105121).
P1: N=30, mean=0.833333 (+/-0.135638).
P2: N=30, mean=0.733333 (+/-0.160947).
Game Durations: N=60, mean=37.116667 (+/-1.910101).
P1: N=30, mean=36.966667 (+/-2.668703).
P2: N=30, mean=37.266667 (+/-2.778061).
=====================================================
=====================================================
Completed 70 games.

Agent 1 (SHUCTAnyTime)
Winning score (between 0 and 1) : N=70, mean=0.271429 (+/-0.104927).
P1: N=35, mean=0.314286 (+/-0.156042).
P2: N=35, mean=0.228571 (+/-0.141145).
Game Durations: N=70, mean=37.171429 (+/-1.741649).
P1: N=35, mean=37.514286 (+/-2.585454).
P2: N=35, mean=36.828571 (+/-2.366573).

Agent 2 (SHUCT)
Winning score (between 0 and 1) : N=70, mean=0.728571 (+/-0.104927).
P1: N=35, mean=0.771429 (+/-0.141145).
P2: N=35, mean=0.685714 (+/-0.156042).
Game Durations: N=70, mean=37.171429 (+/-1.741649).
P1: N=35, mean=36.828571 (+/-2.366573).
P2: N=35, mean=37.514286 (+/-2.585454).
=====================================================
=====================================================
Completed 80 games.

Agent 1 (SHUCTAnyTime)
Winning score (between 0 and 1) : N=80, mean=0.2375 (+/-0.093839).
P1: N=40, mean=0.275 (+/-0.140136).
P2: N=40, mean=0.2 (+/-0.125538).
Game Durations: N=80, mean=37.2625 (+/-1.633039).
P1: N=40, mean=37.825 (+/-2.499836).
P2: N=40, mean=36.7 (+/-2.119556).

Agent 2 (SHUCT)
Winning score (between 0 and 1) : N=80, mean=0.7625 (+/-0.093839).
P1: N=40, mean=0.8 (+/-0.125538).
P2: N=40, mean=0.725 (+/-0.140136).
Game Durations: N=80, mean=37.2625 (+/-1.633039).
P1: N=40, mean=36.7 (+/-2.119556).
P2: N=40, mean=37.825 (+/-2.499836).
=====================================================
=====================================================
Completed 90 games.

Agent 1 (SHUCTAnyTime)
Winning score (between 0 and 1) : N=90, mean=0.233333 (+/-0.087871).
P1: N=45, mean=0.244444 (+/-0.126983).
P2: N=45, mean=0.222222 (+/-0.122841).
Game Durations: N=90, mean=37.311111 (+/-1.562589).
P1: N=45, mean=38.244444 (+/-2.362286).
P2: N=45, mean=36.377778 (+/-2.035982).

Agent 2 (SHUCT)
Winning score (between 0 and 1) : N=90, mean=0.766667 (+/-0.087871).
P1: N=45, mean=0.777778 (+/-0.122841).
P2: N=45, mean=0.755556 (+/-0.126983).
Game Durations: N=90, mean=37.311111 (+/-1.562589).
P1: N=45, mean=36.377778 (+/-2.035982).
P2: N=45, mean=38.244444 (+/-2.362286).
=====================================================
=====================================================
Completed 100 games.

Agent 1 (SHUCTAnyTime)
Winning score (between 0 and 1) : N=100, mean=0.22 (+/-0.0816).
P1: N=50, mean=0.22 (+/-0.115987).
P2: N=50, mean=0.22 (+/-0.115987).
Game Durations: N=100, mean=37.08 (+/-1.480047).
P1: N=50, mean=37.98 (+/-2.250771).
P2: N=50, mean=36.18 (+/-1.912744).

Agent 2 (SHUCT)
Winning score (between 0 and 1) : N=100, mean=0.78 (+/-0.0816).
P1: N=50, mean=0.78 (+/-0.115987).
P2: N=50, mean=0.78 (+/-0.115987).
Game Durations: N=100, mean=37.08 (+/-1.480047).
P1: N=50, mean=36.18 (+/-1.912744).
P2: N=50, mean=37.98 (+/-2.250771).
=====================================================
=====================================================
Completed 110 games.

Agent 1 (SHUCTAnyTime)
Winning score (between 0 and 1) : N=110, mean=0.227273 (+/-0.078672).
P1: N=55, mean=0.236364 (+/-0.113314).
P2: N=55, mean=0.218182 (+/-0.110157).
Game Durations: N=110, mean=36.654545 (+/-1.404487).
P1: N=55, mean=37.290909 (+/-2.172583).
P2: N=55, mean=36.018182 (+/-1.784841).

Agent 2 (SHUCT)
Winning score (between 0 and 1) : N=110, mean=0.772727 (+/-0.078672).
P1: N=55, mean=0.781818 (+/-0.110157).
P2: N=55, mean=0.763636 (+/-0.113314).
Game Durations: N=110, mean=36.654545 (+/-1.404487).
P1: N=55, mean=36.018182 (+/-1.784841).
P2: N=55, mean=37.290909 (+/-2.172583).
=====================================================
=====================================================
Completed 120 games.

Agent 1 (SHUCTAnyTime)
Winning score (between 0 and 1) : N=120, mean=0.241667 (+/-0.076915).
P1: N=60, mean=0.233333 (+/-0.107923).
P2: N=60, mean=0.25 (+/-0.11049).
Game Durations: N=120, mean=36.591667 (+/-1.335386).
P1: N=60, mean=36.9 (+/-2.054409).
P2: N=60, mean=36.283333 (+/-1.72061).

Agent 2 (SHUCT)
Winning score (between 0 and 1) : N=120, mean=0.758333 (+/-0.076915).
P1: N=60, mean=0.75 (+/-0.11049).
P2: N=60, mean=0.766667 (+/-0.107923).
Game Durations: N=120, mean=36.591667 (+/-1.335386).
P1: N=60, mean=36.283333 (+/-1.72061).
P2: N=60, mean=36.9 (+/-2.054409).
=====================================================
=====================================================
Completed 130 games.

Agent 1 (SHUCTAnyTime)
Winning score (between 0 and 1) : N=130, mean=0.223077 (+/-0.07184).
P1: N=65, mean=0.215385 (+/-0.100715).
P2: N=65, mean=0.230769 (+/-0.103223).
Game Durations: N=130, mean=36.369231 (+/-1.280516).
P1: N=65, mean=36.492308 (+/-1.944409).
P2: N=65, mean=36.246154 (+/-1.681541).

Agent 2 (SHUCT)
Winning score (between 0 and 1) : N=130, mean=0.776923 (+/-0.07184).
P1: N=65, mean=0.769231 (+/-0.103223).
P2: N=65, mean=0.784615 (+/-0.100715).
Game Durations: N=130, mean=36.369231 (+/-1.280516).
P1: N=65, mean=36.246154 (+/-1.681541).
P2: N=65, mean=36.492308 (+/-1.944409).
=====================================================
=====================================================
Completed 140 games.

Agent 1 (SHUCTAnyTime)
Winning score (between 0 and 1) : N=140, mean=0.221429 (+/-0.069025).
P1: N=70, mean=0.228571 (+/-0.099079).
P2: N=70, mean=0.214286 (+/-0.096817).
Game Durations: N=140, mean=36.492857 (+/-1.226218).
P1: N=70, mean=36.6 (+/-1.867874).
P2: N=70, mean=36.385714 (+/-1.602433).

Agent 2 (SHUCT)
Winning score (between 0 and 1) : N=140, mean=0.778571 (+/-0.069025).
P1: N=70, mean=0.785714 (+/-0.096817).
P2: N=70, mean=0.771429 (+/-0.099079).
Game Durations: N=140, mean=36.492857 (+/-1.226218).
P1: N=70, mean=36.385714 (+/-1.602433).
P2: N=70, mean=36.6 (+/-1.867874).
=====================================================
=====================================================
Completed 150 games.

Agent 1 (SHUCTAnyTime)
Winning score (between 0 and 1) : N=150, mean=0.22 (+/-0.066514).
P1: N=75, mean=0.226667 (+/-0.095391).
P2: N=75, mean=0.213333 (+/-0.093337).
Game Durations: N=150, mean=36.6 (+/-1.168351).
P1: N=75, mean=36.866667 (+/-1.776703).
P2: N=75, mean=36.333333 (+/-1.527421).

Agent 2 (SHUCT)
Winning score (between 0 and 1) : N=150, mean=0.78 (+/-0.066514).
P1: N=75, mean=0.786667 (+/-0.093337).
P2: N=75, mean=0.773333 (+/-0.095391).
Game Durations: N=150, mean=36.6 (+/-1.168351).
P1: N=75, mean=36.333333 (+/-1.527421).
P2: N=75, mean=36.866667 (+/-1.776703).
=====================================================
