Warming up...
Finished warming up!
=====================================================
Completed 1 games.

Agent 1 (SHUCTAnyTime)
Winning score (between 0 and 1) : N=1, mean=0 (+/-0).
P1: N=0, mean=0 (+/-0).
P2: N=1, mean=0 (+/-0).
Game Durations: N=1, mean=49 (+/-0).
P1: N=0, mean=0 (+/-0).
P2: N=1, mean=49 (+/-0).

Agent 2 (SHUCT)
Winning score (between 0 and 1) : N=1, mean=1 (+/-0).
P1: N=1, mean=1 (+/-0).
P2: N=0, mean=0 (+/-0).
Game Durations: N=1, mean=49 (+/-0).
P1: N=1, mean=49 (+/-0).
P2: N=0, mean=0 (+/-0).
=====================================================
=====================================================
Completed 2 games.

Agent 1 (SHUCTAnyTime)
Winning score (between 0 and 1) : N=2, mean=0.5 (+/-0.97998).
P1: N=1, mean=1 (+/-0).
P2: N=1, mean=0 (+/-0).
Game Durations: N=2, mean=31 (+/-35.27928).
P1: N=1, mean=13 (+/-0).
P2: N=1, mean=49 (+/-0).

Agent 2 (SHUCT)
Winning score (between 0 and 1) : N=2, mean=0.5 (+/-0.97998).
P1: N=1, mean=1 (+/-0).
P2: N=1, mean=0 (+/-0).
Game Durations: N=2, mean=31 (+/-35.27928).
P1: N=1, mean=49 (+/-0).
P2: N=1, mean=13 (+/-0).
=====================================================
=====================================================
Completed 3 games.

Agent 1 (SHUCTAnyTime)
Winning score (between 0 and 1) : N=3, mean=0.333333 (+/-0.65332).
P1: N=1, mean=1 (+/-0).
P2: N=2, mean=0 (+/-0).
Game Durations: N=3, mean=23 (+/-25.704634).
P1: N=1, mean=13 (+/-0).
P2: N=2, mean=28 (+/-41.15916).

Agent 2 (SHUCT)
Winning score (between 0 and 1) : N=3, mean=0.666667 (+/-0.65332).
P1: N=2, mean=1 (+/-0).
P2: N=1, mean=0 (+/-0).
Game Durations: N=3, mean=23 (+/-25.704634).
P1: N=2, mean=28 (+/-41.15916).
P2: N=1, mean=13 (+/-0).
=====================================================
=====================================================
Completed 4 games.

Agent 1 (SHUCTAnyTime)
Winning score (between 0 and 1) : N=4, mean=0.5 (+/-0.565792).
P1: N=2, mean=1 (+/-0).
P2: N=2, mean=0 (+/-0).
Game Durations: N=4, mean=26 (+/-19.103327).
P1: N=2, mean=24 (+/-21.55956).
P2: N=2, mean=28 (+/-41.15916).

Agent 2 (SHUCT)
Winning score (between 0 and 1) : N=4, mean=0.5 (+/-0.565792).
P1: N=2, mean=1 (+/-0).
P2: N=2, mean=0 (+/-0).
Game Durations: N=4, mean=26 (+/-19.103327).
P1: N=2, mean=28 (+/-41.15916).
P2: N=2, mean=24 (+/-21.55956).
=====================================================
=====================================================
Completed 5 games.

Agent 1 (SHUCTAnyTime)
Winning score (between 0 and 1) : N=5, mean=0.6 (+/-0.48009).
P1: N=2, mean=1 (+/-0).
P2: N=3, mean=0.333333 (+/-0.65332).
Game Durations: N=5, mean=26.4 (+/-14.818127).
P1: N=2, mean=24 (+/-21.55956).
P2: N=3, mean=28 (+/-23.763252).

Agent 2 (SHUCT)
Winning score (between 0 and 1) : N=5, mean=0.4 (+/-0.48009).
P1: N=3, mean=0.666667 (+/-0.65332).
P2: N=2, mean=0 (+/-0).
Game Durations: N=5, mean=26.4 (+/-14.818127).
P1: N=3, mean=28 (+/-23.763252).
P2: N=2, mean=24 (+/-21.55956).
=====================================================
=====================================================
Completed 10 games.

Agent 1 (SHUCTAnyTime)
Winning score (between 0 and 1) : N=10, mean=0.7 (+/-0.299389).
P1: N=5, mean=0.8 (+/-0.391992).
P2: N=5, mean=0.6 (+/-0.48009).
Game Durations: N=10, mean=23 (+/-7.861587).
P1: N=5, mean=22.8 (+/-8.32464).
P2: N=5, mean=23.2 (+/-14.447976).

Agent 2 (SHUCT)
Winning score (between 0 and 1) : N=10, mean=0.3 (+/-0.299389).
P1: N=5, mean=0.4 (+/-0.48009).
P2: N=5, mean=0.2 (+/-0.391992).
Game Durations: N=10, mean=23 (+/-7.861587).
P1: N=5, mean=23.2 (+/-14.447976).
P2: N=5, mean=22.8 (+/-8.32464).
=====================================================
=====================================================
Completed 20 games.

Agent 1 (SHUCTAnyTime)
Winning score (between 0 and 1) : N=20, mean=0.8 (+/-0.179858).
P1: N=10, mean=0.9 (+/-0.195996).
P2: N=10, mean=0.7 (+/-0.299389).
Game Durations: N=20, mean=21.8 (+/-4.173719).
P1: N=10, mean=21.7 (+/-4.564365).
P2: N=10, mean=21.9 (+/-7.260087).

Agent 2 (SHUCT)
Winning score (between 0 and 1) : N=20, mean=0.2 (+/-0.179858).
P1: N=10, mean=0.3 (+/-0.299389).
P2: N=10, mean=0.1 (+/-0.195996).
Game Durations: N=20, mean=21.8 (+/-4.173719).
P1: N=10, mean=21.9 (+/-7.260087).
P2: N=10, mean=21.7 (+/-4.564365).
=====================================================
=====================================================
Completed 30 games.

Agent 1 (SHUCTAnyTime)
Winning score (between 0 and 1) : N=30, mean=0.633333 (+/-0.175388).
P1: N=15, mean=0.8 (+/-0.209529).
P2: N=15, mean=0.466667 (+/-0.261328).
Game Durations: N=30, mean=24.133333 (+/-3.59283).
P1: N=15, mean=23.6 (+/-4.114805).
P2: N=15, mean=24.666667 (+/-6.032417).

Agent 2 (SHUCT)
Winning score (between 0 and 1) : N=30, mean=0.366667 (+/-0.175388).
P1: N=15, mean=0.533333 (+/-0.261328).
P2: N=15, mean=0.2 (+/-0.209529).
Game Durations: N=30, mean=24.133333 (+/-3.59283).
P1: N=15, mean=24.666667 (+/-6.032417).
P2: N=15, mean=23.6 (+/-4.114805).
=====================================================
=====================================================
Completed 40 games.

Agent 1 (SHUCTAnyTime)
Winning score (between 0 and 1) : N=40, mean=0.625 (+/-0.151939).
P1: N=20, mean=0.8 (+/-0.179858).
P2: N=20, mean=0.45 (+/-0.223696).
Game Durations: N=40, mean=24.125 (+/-3.44028).
P1: N=20, mean=22 (+/-3.358826).
P2: N=20, mean=26.25 (+/-5.956532).

Agent 2 (SHUCT)
Winning score (between 0 and 1) : N=40, mean=0.375 (+/-0.151939).
P1: N=20, mean=0.55 (+/-0.223696).
P2: N=20, mean=0.2 (+/-0.179858).
Game Durations: N=40, mean=24.125 (+/-3.44028).
P1: N=20, mean=26.25 (+/-5.956532).
P2: N=20, mean=22 (+/-3.358826).
=====================================================
=====================================================
Completed 50 games.

Agent 1 (SHUCTAnyTime)
Winning score (between 0 and 1) : N=50, mean=0.62 (+/-0.135905).
P1: N=25, mean=0.8 (+/-0.16003).
P2: N=25, mean=0.44 (+/-0.198592).
Game Durations: N=50, mean=24.86 (+/-3.262389).
P1: N=25, mean=21.6 (+/-2.993888).
P2: N=25, mean=28.12 (+/-5.576215).

Agent 2 (SHUCT)
Winning score (between 0 and 1) : N=50, mean=0.38 (+/-0.135905).
P1: N=25, mean=0.56 (+/-0.198592).
P2: N=25, mean=0.2 (+/-0.16003).
Game Durations: N=50, mean=24.86 (+/-3.262389).
P1: N=25, mean=28.12 (+/-5.576215).
P2: N=25, mean=21.6 (+/-2.993888).
=====================================================
=====================================================
Completed 60 games.

Agent 1 (SHUCTAnyTime)
Winning score (between 0 and 1) : N=60, mean=0.6 (+/-0.125005).
P1: N=30, mean=0.733333 (+/-0.160947).
P2: N=30, mean=0.466667 (+/-0.181573).
Game Durations: N=60, mean=23.916667 (+/-2.970707).
P1: N=30, mean=20.733333 (+/-2.695783).
P2: N=30, mean=27.1 (+/-5.094813).

Agent 2 (SHUCT)
Winning score (between 0 and 1) : N=60, mean=0.4 (+/-0.125005).
P1: N=30, mean=0.533333 (+/-0.181573).
P2: N=30, mean=0.266667 (+/-0.160947).
Game Durations: N=60, mean=23.916667 (+/-2.970707).
P1: N=30, mean=27.1 (+/-5.094813).
P2: N=30, mean=20.733333 (+/-2.695783).
=====================================================
=====================================================
Completed 70 games.

Agent 1 (SHUCTAnyTime)
Winning score (between 0 and 1) : N=70, mean=0.6 (+/-0.115592).
P1: N=35, mean=0.714286 (+/-0.151848).
P2: N=35, mean=0.485714 (+/-0.167997).
Game Durations: N=70, mean=24.928571 (+/-2.871947).
P1: N=35, mean=22.171429 (+/-3.196382).
P2: N=35, mean=27.685714 (+/-4.641432).

Agent 2 (SHUCT)
Winning score (between 0 and 1) : N=70, mean=0.4 (+/-0.115592).
P1: N=35, mean=0.514286 (+/-0.167997).
P2: N=35, mean=0.285714 (+/-0.151848).
Game Durations: N=70, mean=24.928571 (+/-2.871947).
P1: N=35, mean=27.685714 (+/-4.641432).
P2: N=35, mean=22.171429 (+/-3.196382).
=====================================================
=====================================================
Completed 80 games.

Agent 1 (SHUCTAnyTime)
Winning score (between 0 and 1) : N=80, mean=0.6 (+/-0.108029).
P1: N=40, mean=0.725 (+/-0.140136).
P2: N=40, mean=0.475 (+/-0.156726).
Game Durations: N=80, mean=24.65 (+/-2.590931).
P1: N=40, mean=22.4 (+/-2.910308).
P2: N=40, mean=26.9 (+/-4.210553).

Agent 2 (SHUCT)
Winning score (between 0 and 1) : N=80, mean=0.4 (+/-0.108029).
P1: N=40, mean=0.525 (+/-0.156726).
P2: N=40, mean=0.275 (+/-0.140136).
Game Durations: N=80, mean=24.65 (+/-2.590931).
P1: N=40, mean=26.9 (+/-4.210553).
P2: N=40, mean=22.4 (+/-2.910308).
=====================================================
=====================================================
Completed 90 games.

Agent 1 (SHUCTAnyTime)
Winning score (between 0 and 1) : N=90, mean=0.588889 (+/-0.102223).
P1: N=45, mean=0.711111 (+/-0.133923).
P2: N=45, mean=0.466667 (+/-0.147409).
Game Durations: N=90, mean=25.044444 (+/-2.441145).
P1: N=45, mean=22.688889 (+/-2.739289).
P2: N=45, mean=27.4 (+/-3.95412).

Agent 2 (SHUCT)
Winning score (between 0 and 1) : N=90, mean=0.411111 (+/-0.102223).
P1: N=45, mean=0.533333 (+/-0.147409).
P2: N=45, mean=0.288889 (+/-0.133923).
Game Durations: N=90, mean=25.044444 (+/-2.441145).
P1: N=45, mean=27.4 (+/-3.95412).
P2: N=45, mean=22.688889 (+/-2.739289).
=====================================================
=====================================================
Completed 100 games.

Agent 1 (SHUCTAnyTime)
Winning score (between 0 and 1) : N=100, mean=0.58 (+/-0.097223).
P1: N=50, mean=0.7 (+/-0.12831).
P2: N=50, mean=0.46 (+/-0.139548).
Game Durations: N=100, mean=25.29 (+/-2.366966).
P1: N=50, mean=23.44 (+/-2.676347).
P2: N=50, mean=27.14 (+/-3.865142).

Agent 2 (SHUCT)
Winning score (between 0 and 1) : N=100, mean=0.42 (+/-0.097223).
P1: N=50, mean=0.54 (+/-0.139548).
P2: N=50, mean=0.3 (+/-0.12831).
Game Durations: N=100, mean=25.29 (+/-2.366966).
P1: N=50, mean=27.14 (+/-3.865142).
P2: N=50, mean=23.44 (+/-2.676347).
=====================================================
=====================================================
Completed 110 games.

Agent 1 (SHUCTAnyTime)
Winning score (between 0 and 1) : N=110, mean=0.590909 (+/-0.092301).
P1: N=55, mean=0.672727 (+/-0.125148).
P2: N=55, mean=0.509091 (+/-0.133336).
Game Durations: N=110, mean=24.936364 (+/-2.186256).
P1: N=55, mean=23.018182 (+/-2.492957).
P2: N=55, mean=26.854545 (+/-3.543664).

Agent 2 (SHUCT)
Winning score (between 0 and 1) : N=110, mean=0.409091 (+/-0.092301).
P1: N=55, mean=0.490909 (+/-0.133336).
P2: N=55, mean=0.327273 (+/-0.125148).
Game Durations: N=110, mean=24.936364 (+/-2.186256).
P1: N=55, mean=26.854545 (+/-3.543664).
P2: N=55, mean=23.018182 (+/-2.492957).
=====================================================
=====================================================
Completed 120 games.

Agent 1 (SHUCTAnyTime)
Winning score (between 0 and 1) : N=120, mean=0.6 (+/-0.08802).
P1: N=60, mean=0.666667 (+/-0.120286).
P2: N=60, mean=0.533333 (+/-0.127299).
Game Durations: N=120, mean=25.016667 (+/-2.153782).
P1: N=60, mean=23.666667 (+/-2.732239).
P2: N=60, mean=26.366667 (+/-3.318116).

Agent 2 (SHUCT)
Winning score (between 0 and 1) : N=120, mean=0.4 (+/-0.08802).
P1: N=60, mean=0.466667 (+/-0.127299).
P2: N=60, mean=0.333333 (+/-0.120286).
Game Durations: N=120, mean=25.016667 (+/-2.153782).
P1: N=60, mean=26.366667 (+/-3.318116).
P2: N=60, mean=23.666667 (+/-2.732239).
=====================================================
=====================================================
Completed 130 games.

Agent 1 (SHUCTAnyTime)
Winning score (between 0 and 1) : N=130, mean=0.576923 (+/-0.085255).
P1: N=65, mean=0.646154 (+/-0.117147).
P2: N=65, mean=0.507692 (+/-0.122483).
Game Durations: N=130, mean=24.4 (+/-2.045021).
P1: N=65, mean=23.261538 (+/-2.572143).
P2: N=65, mean=25.538462 (+/-3.176102).

Agent 2 (SHUCT)
Winning score (between 0 and 1) : N=130, mean=0.423077 (+/-0.085255).
P1: N=65, mean=0.492308 (+/-0.122483).
P2: N=65, mean=0.353846 (+/-0.117147).
Game Durations: N=130, mean=24.4 (+/-2.045021).
P1: N=65, mean=25.538462 (+/-3.176102).
P2: N=65, mean=23.261538 (+/-2.572143).
=====================================================
=====================================================
Completed 140 games.

Agent 1 (SHUCTAnyTime)
Winning score (between 0 and 1) : N=140, mean=0.592857 (+/-0.081675).
P1: N=70, mean=0.657143 (+/-0.111998).
P2: N=70, mean=0.528571 (+/-0.117783).
Game Durations: N=140, mean=24.757143 (+/-2.000322).
P1: N=70, mean=24.1 (+/-2.695916).
P2: N=70, mean=25.414286 (+/-2.967336).

Agent 2 (SHUCT)
Winning score (between 0 and 1) : N=140, mean=0.407143 (+/-0.081675).
P1: N=70, mean=0.471429 (+/-0.117783).
P2: N=70, mean=0.342857 (+/-0.111998).
Game Durations: N=140, mean=24.757143 (+/-2.000322).
P1: N=70, mean=25.414286 (+/-2.967336).
P2: N=70, mean=24.1 (+/-2.695916).
=====================================================
=====================================================
Completed 150 games.

Agent 1 (SHUCTAnyTime)
Winning score (between 0 and 1) : N=150, mean=0.586667 (+/-0.079068).
P1: N=75, mean=0.653333 (+/-0.108431).
P2: N=75, mean=0.52 (+/-0.113829).
Game Durations: N=150, mean=24.706667 (+/-1.910719).
P1: N=75, mean=24.133333 (+/-2.522444).
P2: N=75, mean=25.28 (+/-2.881877).

Agent 2 (SHUCT)
Winning score (between 0 and 1) : N=150, mean=0.413333 (+/-0.079068).
P1: N=75, mean=0.48 (+/-0.113829).
P2: N=75, mean=0.346667 (+/-0.108431).
Game Durations: N=150, mean=24.706667 (+/-1.910719).
P1: N=75, mean=25.28 (+/-2.881877).
P2: N=75, mean=24.133333 (+/-2.522444).
=====================================================
