Warming up...
Finished warming up!
=====================================================
Completed 1 games.

Agent 1 (SHUCTAnyTime)
Winning score (between 0 and 1) : N=1, mean=0 (+/-0).
P1: N=0, mean=0 (+/-0).
P2: N=1, mean=0 (+/-0).
Game Durations: N=1, mean=19 (+/-0).
P1: N=0, mean=0 (+/-0).
P2: N=1, mean=19 (+/-0).

Agent 2 (SHUCT)
Winning score (between 0 and 1) : N=1, mean=1 (+/-0).
P1: N=1, mean=1 (+/-0).
P2: N=0, mean=0 (+/-0).
Game Durations: N=1, mean=19 (+/-0).
P1: N=1, mean=19 (+/-0).
P2: N=0, mean=0 (+/-0).
=====================================================
=====================================================
Completed 2 games.

Agent 1 (SHUCTAnyTime)
Winning score (between 0 and 1) : N=2, mean=0.5 (+/-0.97998).
P1: N=1, mean=1 (+/-0).
P2: N=1, mean=0 (+/-0).
Game Durations: N=2, mean=14 (+/-9.7998).
P1: N=1, mean=9 (+/-0).
P2: N=1, mean=19 (+/-0).

Agent 2 (SHUCT)
Winning score (between 0 and 1) : N=2, mean=0.5 (+/-0.97998).
P1: N=1, mean=1 (+/-0).
P2: N=1, mean=0 (+/-0).
Game Durations: N=2, mean=14 (+/-9.7998).
P1: N=1, mean=19 (+/-0).
P2: N=1, mean=9 (+/-0).
=====================================================
=====================================================
Completed 3 games.

Agent 1 (SHUCTAnyTime)
Winning score (between 0 and 1) : N=3, mean=0.333333 (+/-0.65332).
P1: N=1, mean=1 (+/-0).
P2: N=2, mean=0 (+/-0).
Game Durations: N=3, mean=14.333333 (+/-5.695512).
P1: N=1, mean=9 (+/-0).
P2: N=2, mean=17 (+/-3.91992).

Agent 2 (SHUCT)
Winning score (between 0 and 1) : N=3, mean=0.666667 (+/-0.65332).
P1: N=2, mean=1 (+/-0).
P2: N=1, mean=0 (+/-0).
Game Durations: N=3, mean=14.333333 (+/-5.695512).
P1: N=2, mean=17 (+/-3.91992).
P2: N=1, mean=9 (+/-0).
=====================================================
=====================================================
Completed 4 games.

Agent 1 (SHUCTAnyTime)
Winning score (between 0 and 1) : N=4, mean=0.25 (+/-0.48999).
P1: N=2, mean=0.5 (+/-0.97998).
P2: N=2, mean=0 (+/-0).
Game Durations: N=4, mean=14.75 (+/-4.1093).
P1: N=2, mean=12.5 (+/-6.85986).
P2: N=2, mean=17 (+/-3.91992).

Agent 2 (SHUCT)
Winning score (between 0 and 1) : N=4, mean=0.75 (+/-0.48999).
P1: N=2, mean=1 (+/-0).
P2: N=2, mean=0.5 (+/-0.97998).
Game Durations: N=4, mean=14.75 (+/-4.1093).
P1: N=2, mean=17 (+/-3.91992).
P2: N=2, mean=12.5 (+/-6.85986).
=====================================================
=====================================================
Completed 5 games.

Agent 1 (SHUCTAnyTime)
Winning score (between 0 and 1) : N=5, mean=0.2 (+/-0.391992).
P1: N=2, mean=0.5 (+/-0.97998).
P2: N=3, mean=0 (+/-0).
Game Durations: N=5, mean=15.2 (+/-3.302983).
P1: N=2, mean=12.5 (+/-6.85986).
P2: N=3, mean=17 (+/-2.263167).

Agent 2 (SHUCT)
Winning score (between 0 and 1) : N=5, mean=0.8 (+/-0.391992).
P1: N=3, mean=1 (+/-0).
P2: N=2, mean=0.5 (+/-0.97998).
Game Durations: N=5, mean=15.2 (+/-3.302983).
P1: N=3, mean=17 (+/-2.263167).
P2: N=2, mean=12.5 (+/-6.85986).
=====================================================
=====================================================
Completed 10 games.

Agent 1 (SHUCTAnyTime)
Winning score (between 0 and 1) : N=10, mean=0.3 (+/-0.299389).
P1: N=5, mean=0.4 (+/-0.48009).
P2: N=5, mean=0.2 (+/-0.391992).
Game Durations: N=10, mean=14.4 (+/-2.377223).
P1: N=5, mean=11.6 (+/-2.813072).
P2: N=5, mean=17.2 (+/-1.567968).

Agent 2 (SHUCT)
Winning score (between 0 and 1) : N=10, mean=0.7 (+/-0.299389).
P1: N=5, mean=0.8 (+/-0.391992).
P2: N=5, mean=0.6 (+/-0.48009).
Game Durations: N=10, mean=14.4 (+/-2.377223).
P1: N=5, mean=17.2 (+/-1.567968).
P2: N=5, mean=11.6 (+/-2.813072).
=====================================================
=====================================================
Completed 20 games.

Agent 1 (SHUCTAnyTime)
Winning score (between 0 and 1) : N=20, mean=0.45 (+/-0.223696).
P1: N=10, mean=0.6 (+/-0.32006).
P2: N=10, mean=0.3 (+/-0.299389).
Game Durations: N=20, mean=13.45 (+/-1.73842).
P1: N=10, mean=11.6 (+/-2.516766).
P2: N=10, mean=15.3 (+/-1.871964).

Agent 2 (SHUCT)
Winning score (between 0 and 1) : N=20, mean=0.55 (+/-0.223696).
P1: N=10, mean=0.7 (+/-0.299389).
P2: N=10, mean=0.4 (+/-0.32006).
Game Durations: N=20, mean=13.45 (+/-1.73842).
P1: N=10, mean=15.3 (+/-1.871964).
P2: N=10, mean=11.6 (+/-2.516766).
=====================================================
=====================================================
Completed 30 games.

Agent 1 (SHUCTAnyTime)
Winning score (between 0 and 1) : N=30, mean=0.466667 (+/-0.181573).
P1: N=15, mean=0.533333 (+/-0.261328).
P2: N=15, mean=0.4 (+/-0.256619).
Game Durations: N=30, mean=13.766667 (+/-1.430375).
P1: N=15, mean=12.8 (+/-2.052952).
P2: N=15, mean=14.733333 (+/-1.936172).

Agent 2 (SHUCT)
Winning score (between 0 and 1) : N=30, mean=0.533333 (+/-0.181573).
P1: N=15, mean=0.6 (+/-0.256619).
P2: N=15, mean=0.466667 (+/-0.261328).
Game Durations: N=30, mean=13.766667 (+/-1.430375).
P1: N=15, mean=14.733333 (+/-1.936172).
P2: N=15, mean=12.8 (+/-2.052952).
=====================================================
=====================================================
Completed 40 games.

Agent 1 (SHUCTAnyTime)
Winning score (between 0 and 1) : N=40, mean=0.5 (+/-0.156922).
P1: N=20, mean=0.55 (+/-0.223696).
P2: N=20, mean=0.45 (+/-0.223696).
Game Durations: N=40, mean=13.95 (+/-1.205242).
P1: N=20, mean=12.85 (+/-1.572314).
P2: N=20, mean=15.05 (+/-1.732595).

Agent 2 (SHUCT)
Winning score (between 0 and 1) : N=40, mean=0.5 (+/-0.156922).
P1: N=20, mean=0.55 (+/-0.223696).
P2: N=20, mean=0.45 (+/-0.223696).
Game Durations: N=40, mean=13.95 (+/-1.205242).
P1: N=20, mean=15.05 (+/-1.732595).
P2: N=20, mean=12.85 (+/-1.572314).
=====================================================
=====================================================
Completed 50 games.

Agent 1 (SHUCTAnyTime)
Winning score (between 0 and 1) : N=50, mean=0.5 (+/-0.139997).
P1: N=25, mean=0.56 (+/-0.198592).
P2: N=25, mean=0.44 (+/-0.198592).
Game Durations: N=50, mean=14.04 (+/-1.062445).
P1: N=25, mean=13.04 (+/-1.392721).
P2: N=25, mean=15.04 (+/-1.532784).

Agent 2 (SHUCT)
Winning score (between 0 and 1) : N=50, mean=0.5 (+/-0.139997).
P1: N=25, mean=0.56 (+/-0.198592).
P2: N=25, mean=0.44 (+/-0.198592).
Game Durations: N=50, mean=14.04 (+/-1.062445).
P1: N=25, mean=15.04 (+/-1.532784).
P2: N=25, mean=13.04 (+/-1.392721).
=====================================================
=====================================================
Completed 60 games.

Agent 1 (SHUCTAnyTime)
Winning score (between 0 and 1) : N=60, mean=0.466667 (+/-0.127299).
P1: N=30, mean=0.533333 (+/-0.181573).
P2: N=30, mean=0.4 (+/-0.178301).
Game Durations: N=60, mean=14.433333 (+/-1.036869).
P1: N=30, mean=13.4 (+/-1.370201).
P2: N=30, mean=15.466667 (+/-1.488019).

Agent 2 (SHUCT)
Winning score (between 0 and 1) : N=60, mean=0.533333 (+/-0.127299).
P1: N=30, mean=0.6 (+/-0.178301).
P2: N=30, mean=0.466667 (+/-0.181573).
Game Durations: N=60, mean=14.433333 (+/-1.036869).
P1: N=30, mean=15.466667 (+/-1.488019).
P2: N=30, mean=13.4 (+/-1.370201).
=====================================================
=====================================================
Completed 70 games.

Agent 1 (SHUCTAnyTime)
Winning score (between 0 and 1) : N=70, mean=0.457143 (+/-0.117542).
P1: N=35, mean=0.485714 (+/-0.167997).
P2: N=35, mean=0.428571 (+/-0.166341).
Game Durations: N=70, mean=14.814286 (+/-1.017834).
P1: N=35, mean=14.2 (+/-1.519879).
P2: N=35, mean=15.428571 (+/-1.345207).

Agent 2 (SHUCT)
Winning score (between 0 and 1) : N=70, mean=0.542857 (+/-0.117542).
P1: N=35, mean=0.571429 (+/-0.166341).
P2: N=35, mean=0.514286 (+/-0.167997).
Game Durations: N=70, mean=14.814286 (+/-1.017834).
P1: N=35, mean=15.428571 (+/-1.345207).
P2: N=35, mean=14.2 (+/-1.519879).
=====================================================
=====================================================
Completed 80 games.

Agent 1 (SHUCTAnyTime)
Winning score (between 0 and 1) : N=80, mean=0.4625 (+/-0.109946).
P1: N=40, mean=0.5 (+/-0.156922).
P2: N=40, mean=0.425 (+/-0.155147).
Game Durations: N=80, mean=14.7875 (+/-0.926871).
P1: N=40, mean=14.15 (+/-1.385101).
P2: N=40, mean=15.425 (+/-1.217312).

Agent 2 (SHUCT)
Winning score (between 0 and 1) : N=80, mean=0.5375 (+/-0.109946).
P1: N=40, mean=0.575 (+/-0.155147).
P2: N=40, mean=0.5 (+/-0.156922).
Game Durations: N=80, mean=14.7875 (+/-0.926871).
P1: N=40, mean=15.425 (+/-1.217312).
P2: N=40, mean=14.15 (+/-1.385101).
=====================================================
=====================================================
Completed 90 games.

Agent 1 (SHUCTAnyTime)
Winning score (between 0 and 1) : N=90, mean=0.466667 (+/-0.103647).
P1: N=45, mean=0.511111 (+/-0.147701).
P2: N=45, mean=0.422222 (+/-0.145939).
Game Durations: N=90, mean=15.166667 (+/-0.912049).
P1: N=45, mean=14.644444 (+/-1.364962).
P2: N=45, mean=15.688889 (+/-1.205986).

Agent 2 (SHUCT)
Winning score (between 0 and 1) : N=90, mean=0.533333 (+/-0.103647).
P1: N=45, mean=0.577778 (+/-0.145939).
P2: N=45, mean=0.488889 (+/-0.147701).
Game Durations: N=90, mean=15.166667 (+/-0.912049).
P1: N=45, mean=15.688889 (+/-1.205986).
P2: N=45, mean=14.644444 (+/-1.364962).
=====================================================
=====================================================
Completed 100 games.

Agent 1 (SHUCTAnyTime)
Winning score (between 0 and 1) : N=100, mean=0.47 (+/-0.098314).
P1: N=50, mean=0.54 (+/-0.139548).
P2: N=50, mean=0.4 (+/-0.137169).
Game Durations: N=100, mean=14.97 (+/-0.874506).
P1: N=50, mean=14.46 (+/-1.252435).
P2: N=50, mean=15.48 (+/-1.216916).

Agent 2 (SHUCT)
Winning score (between 0 and 1) : N=100, mean=0.53 (+/-0.098314).
P1: N=50, mean=0.6 (+/-0.137169).
P2: N=50, mean=0.46 (+/-0.139548).
Game Durations: N=100, mean=14.97 (+/-0.874506).
P1: N=50, mean=15.48 (+/-1.216916).
P2: N=50, mean=14.46 (+/-1.252435).
=====================================================
=====================================================
Completed 110 games.

Agent 1 (SHUCTAnyTime)
Winning score (between 0 and 1) : N=110, mean=0.463636 (+/-0.093616).
P1: N=55, mean=0.527273 (+/-0.13316).
P2: N=55, mean=0.4 (+/-0.130664).
Game Durations: N=110, mean=15.036364 (+/-0.821004).
P1: N=55, mean=14.6 (+/-1.156009).
P2: N=55, mean=15.472727 (+/-1.165208).

Agent 2 (SHUCT)
Winning score (between 0 and 1) : N=110, mean=0.536364 (+/-0.093616).
P1: N=55, mean=0.6 (+/-0.130664).
P2: N=55, mean=0.472727 (+/-0.13316).
Game Durations: N=110, mean=15.036364 (+/-0.821004).
P1: N=55, mean=15.472727 (+/-1.165208).
P2: N=55, mean=14.6 (+/-1.156009).
=====================================================
=====================================================
Completed 120 games.

Agent 1 (SHUCTAnyTime)
Winning score (between 0 and 1) : N=120, mean=0.458333 (+/-0.089522).
P1: N=60, mean=0.5 (+/-0.127583).
P2: N=60, mean=0.416667 (+/-0.125798).
Game Durations: N=120, mean=15.091667 (+/-0.79509).
P1: N=60, mean=14.433333 (+/-1.085943).
P2: N=60, mean=15.75 (+/-1.146469).

Agent 2 (SHUCT)
Winning score (between 0 and 1) : N=120, mean=0.541667 (+/-0.089522).
P1: N=60, mean=0.583333 (+/-0.125798).
P2: N=60, mean=0.5 (+/-0.127583).
Game Durations: N=120, mean=15.091667 (+/-0.79509).
P1: N=60, mean=15.75 (+/-1.146469).
P2: N=60, mean=14.433333 (+/-1.085943).
=====================================================
=====================================================
Completed 130 games.

Agent 1 (SHUCTAnyTime)
Winning score (between 0 and 1) : N=130, mean=0.469231 (+/-0.086119).
P1: N=65, mean=0.523077 (+/-0.122367).
P2: N=65, mean=0.415385 (+/-0.120731).
Game Durations: N=130, mean=14.938462 (+/-0.753335).
P1: N=65, mean=14.246154 (+/-1.025141).
P2: N=65, mean=15.630769 (+/-1.085974).

Agent 2 (SHUCT)
Winning score (between 0 and 1) : N=130, mean=0.530769 (+/-0.086119).
P1: N=65, mean=0.584615 (+/-0.120731).
P2: N=65, mean=0.476923 (+/-0.122367).
Game Durations: N=130, mean=14.938462 (+/-0.753335).
P1: N=65, mean=15.630769 (+/-1.085974).
P2: N=65, mean=14.246154 (+/-1.025141).
=====================================================
=====================================================
Completed 140 games.

Agent 1 (SHUCTAnyTime)
Winning score (between 0 and 1) : N=140, mean=0.478571 (+/-0.083044).
P1: N=70, mean=0.542857 (+/-0.117542).
P2: N=70, mean=0.414286 (+/-0.116229).
Game Durations: N=140, mean=14.95 (+/-0.726895).
P1: N=70, mean=14.171429 (+/-0.981781).
P2: N=70, mean=15.728571 (+/-1.047583).

Agent 2 (SHUCT)
Winning score (between 0 and 1) : N=140, mean=0.521429 (+/-0.083044).
P1: N=70, mean=0.585714 (+/-0.116229).
P2: N=70, mean=0.457143 (+/-0.117542).
Game Durations: N=140, mean=14.95 (+/-0.726895).
P1: N=70, mean=15.728571 (+/-1.047583).
P2: N=70, mean=14.171429 (+/-0.981781).
=====================================================
=====================================================
Completed 150 games.

Agent 1 (SHUCTAnyTime)
Winning score (between 0 and 1) : N=150, mean=0.473333 (+/-0.080169).
P1: N=75, mean=0.546667 (+/-0.113423).
P2: N=75, mean=0.4 (+/-0.111619).
Game Durations: N=150, mean=14.906667 (+/-0.698994).
P1: N=75, mean=14.173333 (+/-0.936366).
P2: N=75, mean=15.64 (+/-1.01733).

Agent 2 (SHUCT)
Winning score (between 0 and 1) : N=150, mean=0.526667 (+/-0.080169).
P1: N=75, mean=0.6 (+/-0.111619).
P2: N=75, mean=0.453333 (+/-0.113423).
Game Durations: N=150, mean=14.906667 (+/-0.698994).
P1: N=75, mean=15.64 (+/-1.01733).
P2: N=75, mean=14.173333 (+/-0.936366).
=====================================================
