Warming up...
Finished warming up!
=====================================================
Completed 1 games.

Agent 1 (SHUCTAnyTime)
Winning score (between 0 and 1) : N=1, mean=0 (+/-0).
P1: N=0, mean=0 (+/-0).
P2: N=1, mean=0 (+/-0).
Game Durations: N=1, mean=43 (+/-0).
P1: N=0, mean=0 (+/-0).
P2: N=1, mean=43 (+/-0).

Agent 2 (SHUCT)
Winning score (between 0 and 1) : N=1, mean=1 (+/-0).
P1: N=1, mean=1 (+/-0).
P2: N=0, mean=0 (+/-0).
Game Durations: N=1, mean=43 (+/-0).
P1: N=1, mean=43 (+/-0).
P2: N=0, mean=0 (+/-0).
=====================================================
=====================================================
Completed 2 games.

Agent 1 (SHUCTAnyTime)
Winning score (between 0 and 1) : N=2, mean=0.5 (+/-0.97998).
P1: N=1, mean=1 (+/-0).
P2: N=1, mean=0 (+/-0).
Game Durations: N=2, mean=40 (+/-5.87988).
P1: N=1, mean=37 (+/-0).
P2: N=1, mean=43 (+/-0).

Agent 2 (SHUCT)
Winning score (between 0 and 1) : N=2, mean=0.5 (+/-0.97998).
P1: N=1, mean=1 (+/-0).
P2: N=1, mean=0 (+/-0).
Game Durations: N=2, mean=40 (+/-5.87988).
P1: N=1, mean=43 (+/-0).
P2: N=1, mean=37 (+/-0).
=====================================================
=====================================================
Completed 3 games.

Agent 1 (SHUCTAnyTime)
Winning score (between 0 and 1) : N=3, mean=0.666667 (+/-0.65332).
P1: N=1, mean=1 (+/-0).
P2: N=2, mean=0.5 (+/-0.97998).
Game Durations: N=3, mean=30.666667 (+/-18.605287).
P1: N=1, mean=37 (+/-0).
P2: N=2, mean=27.5 (+/-30.37938).

Agent 2 (SHUCT)
Winning score (between 0 and 1) : N=3, mean=0.333333 (+/-0.65332).
P1: N=2, mean=0.5 (+/-0.97998).
P2: N=1, mean=0 (+/-0).
Game Durations: N=3, mean=30.666667 (+/-18.605287).
P1: N=2, mean=27.5 (+/-30.37938).
P2: N=1, mean=37 (+/-0).
=====================================================
=====================================================
Completed 4 games.

Agent 1 (SHUCTAnyTime)
Winning score (between 0 and 1) : N=4, mean=0.75 (+/-0.48999).
P1: N=2, mean=1 (+/-0).
P2: N=2, mean=0.5 (+/-0.97998).
Game Durations: N=4, mean=27.25 (+/-14.762177).
P1: N=2, mean=27 (+/-19.5996).
P2: N=2, mean=27.5 (+/-30.37938).

Agent 2 (SHUCT)
Winning score (between 0 and 1) : N=4, mean=0.25 (+/-0.48999).
P1: N=2, mean=0.5 (+/-0.97998).
P2: N=2, mean=0 (+/-0).
Game Durations: N=4, mean=27.25 (+/-14.762177).
P1: N=2, mean=27.5 (+/-30.37938).
P2: N=2, mean=27 (+/-19.5996).
=====================================================
=====================================================
Completed 5 games.

Agent 1 (SHUCTAnyTime)
Winning score (between 0 and 1) : N=5, mean=0.6 (+/-0.48009).
P1: N=2, mean=1 (+/-0).
P2: N=3, mean=0.333333 (+/-0.65332).
Game Durations: N=5, mean=25.6 (+/-11.883242).
P1: N=2, mean=27 (+/-19.5996).
P2: N=3, mean=24.666667 (+/-18.397658).

Agent 2 (SHUCT)
Winning score (between 0 and 1) : N=5, mean=0.4 (+/-0.48009).
P1: N=3, mean=0.666667 (+/-0.65332).
P2: N=2, mean=0 (+/-0).
Game Durations: N=5, mean=25.6 (+/-11.883242).
P1: N=3, mean=24.666667 (+/-18.397658).
P2: N=2, mean=27 (+/-19.5996).
=====================================================
=====================================================
Completed 10 games.

Agent 1 (SHUCTAnyTime)
Winning score (between 0 and 1) : N=10, mean=0.5 (+/-0.32666).
P1: N=5, mean=0.8 (+/-0.391992).
P2: N=5, mean=0.2 (+/-0.391992).
Game Durations: N=10, mean=27.4 (+/-8.746684).
P1: N=5, mean=29.6 (+/-9.713179).
P2: N=5, mean=25.2 (+/-15.512189).

Agent 2 (SHUCT)
Winning score (between 0 and 1) : N=10, mean=0.5 (+/-0.32666).
P1: N=5, mean=0.8 (+/-0.391992).
P2: N=5, mean=0.2 (+/-0.391992).
Game Durations: N=10, mean=27.4 (+/-8.746684).
P1: N=5, mean=25.2 (+/-15.512189).
P2: N=5, mean=29.6 (+/-9.713179).
=====================================================
=====================================================
Completed 20 games.

Agent 1 (SHUCTAnyTime)
Winning score (between 0 and 1) : N=20, mean=0.525 (+/-0.218842).
P1: N=10, mean=0.7 (+/-0.299389).
P2: N=10, mean=0.35 (+/-0.293994).
Game Durations: N=20, mean=29.4 (+/-6.014841).
P1: N=10, mean=30.3 (+/-5.938028).
P2: N=10, mean=28.5 (+/-10.807461).

Agent 2 (SHUCT)
Winning score (between 0 and 1) : N=20, mean=0.475 (+/-0.218842).
P1: N=10, mean=0.65 (+/-0.293994).
P2: N=10, mean=0.3 (+/-0.299389).
Game Durations: N=20, mean=29.4 (+/-6.014841).
P1: N=10, mean=28.5 (+/-10.807461).
P2: N=10, mean=30.3 (+/-5.938028).
=====================================================
=====================================================
Completed 30 games.

Agent 1 (SHUCTAnyTime)
Winning score (between 0 and 1) : N=30, mean=0.55 (+/-0.177991).
P1: N=15, mean=0.733333 (+/-0.231643).
P2: N=15, mean=0.366667 (+/-0.2432).
Game Durations: N=30, mean=27.566667 (+/-4.480924).
P1: N=15, mean=27 (+/-4.831288).
P2: N=15, mean=28.133333 (+/-7.724347).

Agent 2 (SHUCT)
Winning score (between 0 and 1) : N=30, mean=0.45 (+/-0.177991).
P1: N=15, mean=0.633333 (+/-0.2432).
P2: N=15, mean=0.266667 (+/-0.231643).
Game Durations: N=30, mean=27.566667 (+/-4.480924).
P1: N=15, mean=28.133333 (+/-7.724347).
P2: N=15, mean=27 (+/-4.831288).
=====================================================
=====================================================
Completed 40 games.

Agent 1 (SHUCTAnyTime)
Winning score (between 0 and 1) : N=40, mean=0.5625 (+/-0.153702).
P1: N=20, mean=0.7 (+/-0.206054).
P2: N=20, mean=0.425 (+/-0.21652).
Game Durations: N=40, mean=28.45 (+/-3.801896).
P1: N=20, mean=27.6 (+/-4.39964).
P2: N=20, mean=29.3 (+/-6.300016).

Agent 2 (SHUCT)
Winning score (between 0 and 1) : N=40, mean=0.4375 (+/-0.153702).
P1: N=20, mean=0.575 (+/-0.21652).
P2: N=20, mean=0.3 (+/-0.206054).
Game Durations: N=40, mean=28.45 (+/-3.801896).
P1: N=20, mean=29.3 (+/-6.300016).
P2: N=20, mean=27.6 (+/-4.39964).
=====================================================
=====================================================
Completed 50 games.

Agent 1 (SHUCTAnyTime)
Winning score (between 0 and 1) : N=50, mean=0.59 (+/-0.13628).
P1: N=25, mean=0.72 (+/-0.179633).
P2: N=25, mean=0.46 (+/-0.195342).
Game Durations: N=50, mean=28.46 (+/-3.386987).
P1: N=25, mean=28.28 (+/-4.393576).
P2: N=25, mean=28.64 (+/-5.24679).

Agent 2 (SHUCT)
Winning score (between 0 and 1) : N=50, mean=0.41 (+/-0.13628).
P1: N=25, mean=0.54 (+/-0.195342).
P2: N=25, mean=0.28 (+/-0.179633).
Game Durations: N=50, mean=28.46 (+/-3.386987).
P1: N=25, mean=28.64 (+/-5.24679).
P2: N=25, mean=28.28 (+/-4.393576).
=====================================================
=====================================================
Completed 60 games.

Agent 1 (SHUCTAnyTime)
Winning score (between 0 and 1) : N=60, mean=0.591667 (+/-0.124334).
P1: N=30, mean=0.733333 (+/-0.160947).
P2: N=30, mean=0.45 (+/-0.177991).
Game Durations: N=60, mean=27.166667 (+/-3.019214).
P1: N=30, mean=27.566667 (+/-3.869679).
P2: N=30, mean=26.766667 (+/-4.698347).

Agent 2 (SHUCT)
Winning score (between 0 and 1) : N=60, mean=0.408333 (+/-0.124334).
P1: N=30, mean=0.55 (+/-0.177991).
P2: N=30, mean=0.266667 (+/-0.160947).
Game Durations: N=60, mean=27.166667 (+/-3.019214).
P1: N=30, mean=26.766667 (+/-4.698347).
P2: N=30, mean=27.566667 (+/-3.869679).
=====================================================
=====================================================
Completed 70 games.

Agent 1 (SHUCTAnyTime)
Winning score (between 0 and 1) : N=70, mean=0.592857 (+/-0.115063).
P1: N=35, mean=0.714286 (+/-0.151848).
P2: N=35, mean=0.471429 (+/-0.165368).
Game Durations: N=70, mean=27.6 (+/-2.872246).
P1: N=35, mean=28.114286 (+/-3.567936).
P2: N=35, mean=27.085714 (+/-4.549125).

Agent 2 (SHUCT)
Winning score (between 0 and 1) : N=70, mean=0.407143 (+/-0.115063).
P1: N=35, mean=0.528571 (+/-0.165368).
P2: N=35, mean=0.285714 (+/-0.151848).
Game Durations: N=70, mean=27.6 (+/-2.872246).
P1: N=35, mean=27.085714 (+/-4.549125).
P2: N=35, mean=28.114286 (+/-3.567936).
=====================================================
=====================================================
Completed 80 games.

Agent 1 (SHUCTAnyTime)
Winning score (between 0 and 1) : N=80, mean=0.58125 (+/-0.10809).
P1: N=40, mean=0.7 (+/-0.143822).
P2: N=40, mean=0.4625 (+/-0.154501).
Game Durations: N=80, mean=27.8625 (+/-2.694351).
P1: N=40, mean=27.925 (+/-3.162979).
P2: N=40, mean=27.8 (+/-4.405133).

Agent 2 (SHUCT)
Winning score (between 0 and 1) : N=80, mean=0.41875 (+/-0.10809).
P1: N=40, mean=0.5375 (+/-0.154501).
P2: N=40, mean=0.3 (+/-0.143822).
Game Durations: N=80, mean=27.8625 (+/-2.694351).
P1: N=40, mean=27.8 (+/-4.405133).
P2: N=40, mean=27.925 (+/-3.162979).
=====================================================
=====================================================
Completed 90 games.

Agent 1 (SHUCTAnyTime)
Winning score (between 0 and 1) : N=90, mean=0.572222 (+/-0.102203).
P1: N=45, mean=0.666667 (+/-0.139288).
P2: N=45, mean=0.477778 (+/-0.145939).
Game Durations: N=90, mean=28.544444 (+/-2.630321).
P1: N=45, mean=28.844444 (+/-3.227737).
P2: N=45, mean=28.244444 (+/-4.189849).

Agent 2 (SHUCT)
Winning score (between 0 and 1) : N=90, mean=0.427778 (+/-0.102203).
P1: N=45, mean=0.522222 (+/-0.145939).
P2: N=45, mean=0.333333 (+/-0.139288).
Game Durations: N=90, mean=28.544444 (+/-2.630321).
P1: N=45, mean=28.244444 (+/-4.189849).
P2: N=45, mean=28.844444 (+/-3.227737).
=====================================================
=====================================================
Completed 100 games.

Agent 1 (SHUCTAnyTime)
Winning score (between 0 and 1) : N=100, mean=0.575 (+/-0.096878).
P1: N=50, mean=0.68 (+/-0.130611).
P2: N=50, mean=0.47 (+/-0.138335).
Game Durations: N=100, mean=27.84 (+/-2.434115).
P1: N=50, mean=27.96 (+/-3.018209).
P2: N=50, mean=27.72 (+/-3.85093).

Agent 2 (SHUCT)
Winning score (between 0 and 1) : N=100, mean=0.425 (+/-0.096878).
P1: N=50, mean=0.53 (+/-0.138335).
P2: N=50, mean=0.32 (+/-0.130611).
Game Durations: N=100, mean=27.84 (+/-2.434115).
P1: N=50, mean=27.72 (+/-3.85093).
P2: N=50, mean=27.96 (+/-3.018209).
=====================================================
=====================================================
Completed 110 games.

Agent 1 (SHUCTAnyTime)
Winning score (between 0 and 1) : N=110, mean=0.559091 (+/-0.092777).
P1: N=55, mean=0.672727 (+/-0.125148).
P2: N=55, mean=0.445455 (+/-0.131337).
Game Durations: N=110, mean=27.354545 (+/-2.271257).
P1: N=55, mean=27.145455 (+/-2.836569).
P2: N=55, mean=27.563636 (+/-3.573955).

Agent 2 (SHUCT)
Winning score (between 0 and 1) : N=110, mean=0.440909 (+/-0.092777).
P1: N=55, mean=0.554545 (+/-0.131337).
P2: N=55, mean=0.327273 (+/-0.125148).
Game Durations: N=110, mean=27.354545 (+/-2.271257).
P1: N=55, mean=27.563636 (+/-3.573955).
P2: N=55, mean=27.145455 (+/-2.836569).
=====================================================
=====================================================
Completed 120 games.

Agent 1 (SHUCTAnyTime)
Winning score (between 0 and 1) : N=120, mean=0.579167 (+/-0.088322).
P1: N=60, mean=0.683333 (+/-0.118697).
P2: N=60, mean=0.475 (+/-0.126354).
Game Durations: N=120, mean=27.383333 (+/-2.140903).
P1: N=60, mean=27.283333 (+/-2.711278).
P2: N=60, mean=27.483333 (+/-3.337201).

Agent 2 (SHUCT)
Winning score (between 0 and 1) : N=120, mean=0.420833 (+/-0.088322).
P1: N=60, mean=0.525 (+/-0.126354).
P2: N=60, mean=0.316667 (+/-0.118697).
Game Durations: N=120, mean=27.383333 (+/-2.140903).
P1: N=60, mean=27.483333 (+/-3.337201).
P2: N=60, mean=27.283333 (+/-2.711278).
=====================================================
=====================================================
Completed 130 games.

Agent 1 (SHUCTAnyTime)
Winning score (between 0 and 1) : N=130, mean=0.596154 (+/-0.084333).
P1: N=65, mean=0.707692 (+/-0.111429).
P2: N=65, mean=0.484615 (+/-0.121493).
Game Durations: N=130, mean=26.946154 (+/-2.024386).
P1: N=65, mean=26.953846 (+/-2.597562).
P2: N=65, mean=26.938462 (+/-3.126226).

Agent 2 (SHUCT)
Winning score (between 0 and 1) : N=130, mean=0.403846 (+/-0.084333).
P1: N=65, mean=0.515385 (+/-0.121493).
P2: N=65, mean=0.292308 (+/-0.111429).
Game Durations: N=130, mean=26.946154 (+/-2.024386).
P1: N=65, mean=26.938462 (+/-3.126226).
P2: N=65, mean=26.953846 (+/-2.597562).
=====================================================
=====================================================
Completed 140 games.

Agent 1 (SHUCTAnyTime)
Winning score (between 0 and 1) : N=140, mean=0.582143 (+/-0.08169).
P1: N=70, mean=0.671429 (+/-0.110825).
P2: N=70, mean=0.492857 (+/-0.117118).
Game Durations: N=140, mean=27.085714 (+/-1.945046).
P1: N=70, mean=27.157143 (+/-2.523258).
P2: N=70, mean=27.014286 (+/-2.979106).

Agent 2 (SHUCT)
Winning score (between 0 and 1) : N=140, mean=0.417857 (+/-0.08169).
P1: N=70, mean=0.507143 (+/-0.117118).
P2: N=70, mean=0.328571 (+/-0.110825).
Game Durations: N=140, mean=27.085714 (+/-1.945046).
P1: N=70, mean=27.014286 (+/-2.979106).
P2: N=70, mean=27.157143 (+/-2.523258).
=====================================================
=====================================================
Completed 150 games.

Agent 1 (SHUCTAnyTime)
Winning score (between 0 and 1) : N=150, mean=0.576667 (+/-0.079062).
P1: N=75, mean=0.666667 (+/-0.107405).
P2: N=75, mean=0.486667 (+/-0.113118).
Game Durations: N=150, mean=27.146667 (+/-1.8378).
P1: N=75, mean=27.066667 (+/-2.397518).
P2: N=75, mean=27.226667 (+/-2.802243).

Agent 2 (SHUCT)
Winning score (between 0 and 1) : N=150, mean=0.423333 (+/-0.079062).
P1: N=75, mean=0.513333 (+/-0.113118).
P2: N=75, mean=0.333333 (+/-0.107405).
Game Durations: N=150, mean=27.146667 (+/-1.8378).
P1: N=75, mean=27.226667 (+/-2.802243).
P2: N=75, mean=27.066667 (+/-2.397518).
=====================================================
