Warming up...
Finished warming up!
=====================================================
Completed 1 games.

Agent 1 (SHUCTAnyTime)
Winning score (between 0 and 1) : N=1, mean=0 (+/-0).
P1: N=0, mean=0 (+/-0).
P2: N=1, mean=0 (+/-0).
Game Durations: N=1, mean=19 (+/-0).
P1: N=0, mean=0 (+/-0).
P2: N=1, mean=19 (+/-0).

Agent 2 (SHUCT)
Winning score (between 0 and 1) : N=1, mean=1 (+/-0).
P1: N=1, mean=1 (+/-0).
P2: N=0, mean=0 (+/-0).
Game Durations: N=1, mean=19 (+/-0).
P1: N=1, mean=19 (+/-0).
P2: N=0, mean=0 (+/-0).
=====================================================
=====================================================
Completed 2 games.

Agent 1 (SHUCTAnyTime)
Winning score (between 0 and 1) : N=2, mean=0.5 (+/-0.97998).
P1: N=1, mean=1 (+/-0).
P2: N=1, mean=0 (+/-0).
Game Durations: N=2, mean=34 (+/-29.3994).
P1: N=1, mean=49 (+/-0).
P2: N=1, mean=19 (+/-0).

Agent 2 (SHUCT)
Winning score (between 0 and 1) : N=2, mean=0.5 (+/-0.97998).
P1: N=1, mean=1 (+/-0).
P2: N=1, mean=0 (+/-0).
Game Durations: N=2, mean=34 (+/-29.3994).
P1: N=1, mean=19 (+/-0).
P2: N=1, mean=49 (+/-0).
=====================================================
=====================================================
Completed 3 games.

Agent 1 (SHUCTAnyTime)
Winning score (between 0 and 1) : N=3, mean=0.333333 (+/-0.65332).
P1: N=1, mean=1 (+/-0).
P2: N=2, mean=0 (+/-0).
Game Durations: N=3, mean=30.333333 (+/-18.432426).
P1: N=1, mean=49 (+/-0).
P2: N=2, mean=21 (+/-3.91992).

Agent 2 (SHUCT)
Winning score (between 0 and 1) : N=3, mean=0.666667 (+/-0.65332).
P1: N=2, mean=1 (+/-0).
P2: N=1, mean=0 (+/-0).
Game Durations: N=3, mean=30.333333 (+/-18.432426).
P1: N=2, mean=21 (+/-3.91992).
P2: N=1, mean=49 (+/-0).
=====================================================
=====================================================
Completed 4 games.

Agent 1 (SHUCTAnyTime)
Winning score (between 0 and 1) : N=4, mean=0.5 (+/-0.565792).
P1: N=2, mean=1 (+/-0).
P2: N=2, mean=0 (+/-0).
Game Durations: N=4, mean=27 (+/-14.579433).
P1: N=2, mean=33 (+/-31.35936).
P2: N=2, mean=21 (+/-3.91992).

Agent 2 (SHUCT)
Winning score (between 0 and 1) : N=4, mean=0.5 (+/-0.565792).
P1: N=2, mean=1 (+/-0).
P2: N=2, mean=0 (+/-0).
Game Durations: N=4, mean=27 (+/-14.579433).
P1: N=2, mean=21 (+/-3.91992).
P2: N=2, mean=33 (+/-31.35936).
=====================================================
=====================================================
Completed 5 games.

Agent 1 (SHUCTAnyTime)
Winning score (between 0 and 1) : N=5, mean=0.4 (+/-0.48009).
P1: N=2, mean=1 (+/-0).
P2: N=3, mean=0 (+/-0).
Game Durations: N=5, mean=27.8 (+/-11.40151).
P1: N=2, mean=33 (+/-31.35936).
P2: N=3, mean=24.333333 (+/-6.914089).

Agent 2 (SHUCT)
Winning score (between 0 and 1) : N=5, mean=0.6 (+/-0.48009).
P1: N=3, mean=1 (+/-0).
P2: N=2, mean=0 (+/-0).
Game Durations: N=5, mean=27.8 (+/-11.40151).
P1: N=3, mean=24.333333 (+/-6.914089).
P2: N=2, mean=33 (+/-31.35936).
=====================================================
=====================================================
Completed 10 games.

Agent 1 (SHUCTAnyTime)
Winning score (between 0 and 1) : N=10, mean=0.4 (+/-0.32006).
P1: N=5, mean=0.6 (+/-0.48009).
P2: N=5, mean=0.2 (+/-0.391992).
Game Durations: N=10, mean=28.1 (+/-6.984416).
P1: N=5, mean=32.2 (+/-13.051038).
P2: N=5, mean=24 (+/-4.111247).

Agent 2 (SHUCT)
Winning score (between 0 and 1) : N=10, mean=0.6 (+/-0.32006).
P1: N=5, mean=0.8 (+/-0.391992).
P2: N=5, mean=0.4 (+/-0.48009).
Game Durations: N=10, mean=28.1 (+/-6.984416).
P1: N=5, mean=24 (+/-4.111247).
P2: N=5, mean=32.2 (+/-13.051038).
=====================================================
=====================================================
Completed 20 games.

Agent 1 (SHUCTAnyTime)
Winning score (between 0 and 1) : N=20, mean=0.45 (+/-0.223696).
P1: N=10, mean=0.6 (+/-0.32006).
P2: N=10, mean=0.3 (+/-0.299389).
Game Durations: N=20, mean=29.45 (+/-6.348568).
P1: N=10, mean=27.6 (+/-7.873523).
P2: N=10, mean=31.3 (+/-10.25962).

Agent 2 (SHUCT)
Winning score (between 0 and 1) : N=20, mean=0.55 (+/-0.223696).
P1: N=10, mean=0.7 (+/-0.299389).
P2: N=10, mean=0.4 (+/-0.32006).
Game Durations: N=20, mean=29.45 (+/-6.348568).
P1: N=10, mean=31.3 (+/-10.25962).
P2: N=10, mean=27.6 (+/-7.873523).
=====================================================
=====================================================
Completed 30 games.

Agent 1 (SHUCTAnyTime)
Winning score (between 0 and 1) : N=30, mean=0.533333 (+/-0.181573).
P1: N=15, mean=0.666667 (+/-0.246932).
P2: N=15, mean=0.4 (+/-0.256619).
Game Durations: N=30, mean=29.5 (+/-5.498619).
P1: N=15, mean=28.066667 (+/-7.88745).
P2: N=15, mean=30.933333 (+/-7.868875).

Agent 2 (SHUCT)
Winning score (between 0 and 1) : N=30, mean=0.466667 (+/-0.181573).
P1: N=15, mean=0.6 (+/-0.256619).
P2: N=15, mean=0.333333 (+/-0.246932).
Game Durations: N=30, mean=29.5 (+/-5.498619).
P1: N=15, mean=30.933333 (+/-7.868875).
P2: N=15, mean=28.066667 (+/-7.88745).
=====================================================
=====================================================
Completed 40 games.

Agent 1 (SHUCTAnyTime)
Winning score (between 0 and 1) : N=40, mean=0.475 (+/-0.156726).
P1: N=20, mean=0.6 (+/-0.22028).
P2: N=20, mean=0.35 (+/-0.214467).
Game Durations: N=40, mean=29.875 (+/-4.834731).
P1: N=20, mean=27.65 (+/-6.260054).
P2: N=20, mean=32.1 (+/-7.400599).

Agent 2 (SHUCT)
Winning score (between 0 and 1) : N=40, mean=0.525 (+/-0.156726).
P1: N=20, mean=0.65 (+/-0.214467).
P2: N=20, mean=0.4 (+/-0.22028).
Game Durations: N=40, mean=29.875 (+/-4.834731).
P1: N=20, mean=32.1 (+/-7.400599).
P2: N=20, mean=27.65 (+/-6.260054).
=====================================================
=====================================================
Completed 50 games.

Agent 1 (SHUCTAnyTime)
Winning score (between 0 and 1) : N=50, mean=0.46 (+/-0.136711).
P1: N=25, mean=0.56 (+/-0.198592).
P2: N=25, mean=0.36 (+/-0.183512).
Game Durations: N=50, mean=30.34 (+/-4.457667).
P1: N=25, mean=27.64 (+/-5.272353).
P2: N=25, mean=33.04 (+/-7.141968).

Agent 2 (SHUCT)
Winning score (between 0 and 1) : N=50, mean=0.54 (+/-0.136711).
P1: N=25, mean=0.64 (+/-0.183512).
P2: N=25, mean=0.44 (+/-0.198592).
Game Durations: N=50, mean=30.34 (+/-4.457667).
P1: N=25, mean=33.04 (+/-7.141968).
P2: N=25, mean=27.64 (+/-5.272353).
=====================================================
=====================================================
Completed 60 games.

Agent 1 (SHUCTAnyTime)
Winning score (between 0 and 1) : N=60, mean=0.466667 (+/-0.125149).
P1: N=30, mean=0.6 (+/-0.178301).
P2: N=30, mean=0.333333 (+/-0.165011).
Game Durations: N=60, mean=30.5 (+/-4.081711).
P1: N=30, mean=28.166667 (+/-5.074609).
P2: N=30, mean=32.833333 (+/-6.371531).

Agent 2 (SHUCT)
Winning score (between 0 and 1) : N=60, mean=0.533333 (+/-0.125149).
P1: N=30, mean=0.666667 (+/-0.165011).
P2: N=30, mean=0.4 (+/-0.178301).
Game Durations: N=60, mean=30.5 (+/-4.081711).
P1: N=30, mean=32.833333 (+/-6.371531).
P2: N=30, mean=28.166667 (+/-5.074609).
=====================================================
=====================================================
Completed 70 games.

Agent 1 (SHUCTAnyTime)
Winning score (between 0 and 1) : N=70, mean=0.471429 (+/-0.116083).
P1: N=35, mean=0.6 (+/-0.16467).
P2: N=35, mean=0.342857 (+/-0.154408).
Game Durations: N=70, mean=30.671429 (+/-3.712496).
P1: N=35, mean=28.857143 (+/-4.64725).
P2: N=35, mean=32.485714 (+/-5.796594).

Agent 2 (SHUCT)
Winning score (between 0 and 1) : N=70, mean=0.528571 (+/-0.116083).
P1: N=35, mean=0.657143 (+/-0.154408).
P2: N=35, mean=0.4 (+/-0.16467).
Game Durations: N=70, mean=30.671429 (+/-3.712496).
P1: N=35, mean=32.485714 (+/-5.796594).
P2: N=35, mean=28.857143 (+/-4.64725).
=====================================================
=====================================================
Completed 80 games.

Agent 1 (SHUCTAnyTime)
Winning score (between 0 and 1) : N=80, mean=0.4625 (+/-0.108555).
P1: N=40, mean=0.6 (+/-0.153752).
P2: N=40, mean=0.325 (+/-0.142748).
Game Durations: N=80, mean=30.25 (+/-3.325925).
P1: N=40, mean=28.925 (+/-4.192141).
P2: N=40, mean=31.575 (+/-5.185988).

Agent 2 (SHUCT)
Winning score (between 0 and 1) : N=80, mean=0.5375 (+/-0.108555).
P1: N=40, mean=0.675 (+/-0.142748).
P2: N=40, mean=0.4 (+/-0.153752).
Game Durations: N=80, mean=30.25 (+/-3.325925).
P1: N=40, mean=31.575 (+/-5.185988).
P2: N=40, mean=28.925 (+/-4.192141).
=====================================================
=====================================================
Completed 90 games.

Agent 1 (SHUCTAnyTime)
Winning score (between 0 and 1) : N=90, mean=0.466667 (+/-0.102483).
P1: N=45, mean=0.6 (+/-0.144753).
P2: N=45, mean=0.333333 (+/-0.135761).
Game Durations: N=90, mean=29.488889 (+/-3.047589).
P1: N=45, mean=28.4 (+/-3.8668).
P2: N=45, mean=30.577778 (+/-4.734363).

Agent 2 (SHUCT)
Winning score (between 0 and 1) : N=90, mean=0.533333 (+/-0.102483).
P1: N=45, mean=0.666667 (+/-0.135761).
P2: N=45, mean=0.4 (+/-0.144753).
Game Durations: N=90, mean=29.488889 (+/-3.047589).
P1: N=45, mean=30.577778 (+/-4.734363).
P2: N=45, mean=28.4 (+/-3.8668).
=====================================================
=====================================================
Completed 100 games.

Agent 1 (SHUCTAnyTime)
Winning score (between 0 and 1) : N=100, mean=0.51 (+/-0.097482).
P1: N=50, mean=0.62 (+/-0.135905).
P2: N=50, mean=0.4 (+/-0.134281).
Game Durations: N=100, mean=29 (+/-2.831495).
P1: N=50, mean=27.32 (+/-3.614179).
P2: N=50, mean=30.68 (+/-4.346478).

Agent 2 (SHUCT)
Winning score (between 0 and 1) : N=100, mean=0.49 (+/-0.097482).
P1: N=50, mean=0.6 (+/-0.134281).
P2: N=50, mean=0.38 (+/-0.135905).
Game Durations: N=100, mean=29 (+/-2.831495).
P1: N=50, mean=30.68 (+/-4.346478).
P2: N=50, mean=27.32 (+/-3.614179).
=====================================================
=====================================================
Completed 110 games.

Agent 1 (SHUCTAnyTime)
Winning score (between 0 and 1) : N=110, mean=0.518182 (+/-0.092945).
P1: N=55, mean=0.6 (+/-0.130664).
P2: N=55, mean=0.436364 (+/-0.129806).
Game Durations: N=110, mean=28.590909 (+/-2.623255).
P1: N=55, mean=27.2 (+/-3.370815).
P2: N=55, mean=29.981818 (+/-4.017847).

Agent 2 (SHUCT)
Winning score (between 0 and 1) : N=110, mean=0.481818 (+/-0.092945).
P1: N=55, mean=0.563636 (+/-0.129806).
P2: N=55, mean=0.4 (+/-0.130664).
Game Durations: N=110, mean=28.590909 (+/-2.623255).
P1: N=55, mean=29.981818 (+/-4.017847).
P2: N=55, mean=27.2 (+/-3.370815).
=====================================================
=====================================================
Completed 120 games.

Agent 1 (SHUCTAnyTime)
Winning score (between 0 and 1) : N=120, mean=0.525 (+/-0.08897).
P1: N=60, mean=0.583333 (+/-0.125798).
P2: N=60, mean=0.466667 (+/-0.125149).
Game Durations: N=120, mean=28.6 (+/-2.542113).
P1: N=60, mean=26.633333 (+/-3.14553).
P2: N=60, mean=30.566667 (+/-3.958587).

Agent 2 (SHUCT)
Winning score (between 0 and 1) : N=120, mean=0.475 (+/-0.08897).
P1: N=60, mean=0.533333 (+/-0.125149).
P2: N=60, mean=0.416667 (+/-0.125798).
Game Durations: N=120, mean=28.6 (+/-2.542113).
P1: N=60, mean=30.566667 (+/-3.958587).
P2: N=60, mean=26.633333 (+/-3.14553).
=====================================================
=====================================================
Completed 130 games.

Agent 1 (SHUCTAnyTime)
Winning score (between 0 and 1) : N=130, mean=0.507692 (+/-0.085606).
P1: N=65, mean=0.553846 (+/-0.121785).
P2: N=65, mean=0.461538 (+/-0.12023).
Game Durations: N=130, mean=28.623077 (+/-2.431056).
P1: N=65, mean=26.476923 (+/-2.939974).
P2: N=65, mean=30.769231 (+/-3.824716).

Agent 2 (SHUCT)
Winning score (between 0 and 1) : N=130, mean=0.492308 (+/-0.085606).
P1: N=65, mean=0.538462 (+/-0.12023).
P2: N=65, mean=0.446154 (+/-0.121785).
Game Durations: N=130, mean=28.623077 (+/-2.431056).
P1: N=65, mean=30.769231 (+/-3.824716).
P2: N=65, mean=26.476923 (+/-2.939974).
=====================================================
=====================================================
Completed 140 games.

Agent 1 (SHUCTAnyTime)
Winning score (between 0 and 1) : N=140, mean=0.521429 (+/-0.082448).
P1: N=70, mean=0.557143 (+/-0.117203).
P2: N=70, mean=0.485714 (+/-0.116229).
Game Durations: N=140, mean=28.378571 (+/-2.297631).
P1: N=70, mean=26 (+/-2.761741).
P2: N=70, mean=30.757143 (+/-3.607255).

Agent 2 (SHUCT)
Winning score (between 0 and 1) : N=140, mean=0.478571 (+/-0.082448).
P1: N=70, mean=0.514286 (+/-0.116229).
P2: N=70, mean=0.442857 (+/-0.117203).
Game Durations: N=140, mean=28.378571 (+/-2.297631).
P1: N=70, mean=30.757143 (+/-3.607255).
P2: N=70, mean=26 (+/-2.761741).
=====================================================
=====================================================
Completed 150 games.

Agent 1 (SHUCTAnyTime)
Winning score (between 0 and 1) : N=150, mean=0.526667 (+/-0.079631).
P1: N=75, mean=0.573333 (+/-0.112688).
P2: N=75, mean=0.48 (+/-0.112299).
Game Durations: N=150, mean=28.466667 (+/-2.241469).
P1: N=75, mean=26.306667 (+/-2.732563).
P2: N=75, mean=30.626667 (+/-3.504459).

Agent 2 (SHUCT)
Winning score (between 0 and 1) : N=150, mean=0.473333 (+/-0.079631).
P1: N=75, mean=0.52 (+/-0.112299).
P2: N=75, mean=0.426667 (+/-0.112688).
Game Durations: N=150, mean=28.466667 (+/-2.241469).
P1: N=75, mean=30.626667 (+/-3.504459).
P2: N=75, mean=26.306667 (+/-2.732563).
=====================================================
