Warming up...
Finished warming up!
=====================================================
Completed 1 games.

Agent 1 (SHUCTAnyTime)
Winning score (between 0 and 1) : N=1, mean=0 (+/-0).
P1: N=0, mean=0 (+/-0).
P2: N=1, mean=0 (+/-0).
Game Durations: N=1, mean=19 (+/-0).
P1: N=0, mean=0 (+/-0).
P2: N=1, mean=19 (+/-0).

Agent 2 (SHUCT)
Winning score (between 0 and 1) : N=1, mean=1 (+/-0).
P1: N=1, mean=1 (+/-0).
P2: N=0, mean=0 (+/-0).
Game Durations: N=1, mean=19 (+/-0).
P1: N=1, mean=19 (+/-0).
P2: N=0, mean=0 (+/-0).
=====================================================
=====================================================
Completed 2 games.

Agent 1 (SHUCTAnyTime)
Winning score (between 0 and 1) : N=2, mean=0.5 (+/-0.97998).
P1: N=1, mean=1 (+/-0).
P2: N=1, mean=0 (+/-0).
Game Durations: N=2, mean=15 (+/-7.83984).
P1: N=1, mean=11 (+/-0).
P2: N=1, mean=19 (+/-0).

Agent 2 (SHUCT)
Winning score (between 0 and 1) : N=2, mean=0.5 (+/-0.97998).
P1: N=1, mean=1 (+/-0).
P2: N=1, mean=0 (+/-0).
Game Durations: N=2, mean=15 (+/-7.83984).
P1: N=1, mean=19 (+/-0).
P2: N=1, mean=11 (+/-0).
=====================================================
=====================================================
Completed 3 games.

Agent 1 (SHUCTAnyTime)
Winning score (between 0 and 1) : N=3, mean=0.666667 (+/-0.65332).
P1: N=1, mean=1 (+/-0).
P2: N=2, mean=0.5 (+/-0.97998).
Game Durations: N=3, mean=18.666667 (+/-8.49316).
P1: N=1, mean=11 (+/-0).
P2: N=2, mean=22.5 (+/-6.85986).

Agent 2 (SHUCT)
Winning score (between 0 and 1) : N=3, mean=0.333333 (+/-0.65332).
P1: N=2, mean=0.5 (+/-0.97998).
P2: N=1, mean=0 (+/-0).
Game Durations: N=3, mean=18.666667 (+/-8.49316).
P1: N=2, mean=22.5 (+/-6.85986).
P2: N=1, mean=11 (+/-0).
=====================================================
=====================================================
Completed 4 games.

Agent 1 (SHUCTAnyTime)
Winning score (between 0 and 1) : N=4, mean=0.5 (+/-0.565792).
P1: N=2, mean=0.5 (+/-0.97998).
P2: N=2, mean=0.5 (+/-0.97998).
Game Durations: N=4, mean=18 (+/-6.146071).
P1: N=2, mean=13.5 (+/-4.8999).
P2: N=2, mean=22.5 (+/-6.85986).

Agent 2 (SHUCT)
Winning score (between 0 and 1) : N=4, mean=0.5 (+/-0.565792).
P1: N=2, mean=0.5 (+/-0.97998).
P2: N=2, mean=0.5 (+/-0.97998).
Game Durations: N=4, mean=18 (+/-6.146071).
P1: N=2, mean=22.5 (+/-6.85986).
P2: N=2, mean=13.5 (+/-4.8999).
=====================================================
=====================================================
Completed 5 games.

Agent 1 (SHUCTAnyTime)
Winning score (between 0 and 1) : N=5, mean=0.6 (+/-0.48009).
P1: N=2, mean=0.5 (+/-0.97998).
P2: N=3, mean=0.666667 (+/-0.65332).
Game Durations: N=5, mean=18 (+/-4.760726).
P1: N=2, mean=13.5 (+/-4.8999).
P2: N=3, mean=21 (+/-4.932458).

Agent 2 (SHUCT)
Winning score (between 0 and 1) : N=5, mean=0.4 (+/-0.48009).
P1: N=3, mean=0.333333 (+/-0.65332).
P2: N=2, mean=0.5 (+/-0.97998).
Game Durations: N=5, mean=18 (+/-4.760726).
P1: N=3, mean=21 (+/-4.932458).
P2: N=2, mean=13.5 (+/-4.8999).
=====================================================
=====================================================
Completed 10 games.

Agent 1 (SHUCTAnyTime)
Winning score (between 0 and 1) : N=10, mean=0.6 (+/-0.32006).
P1: N=5, mean=0.8 (+/-0.391992).
P2: N=5, mean=0.4 (+/-0.48009).
Game Durations: N=10, mean=25.7 (+/-10.477795).
P1: N=5, mean=23.8 (+/-15.987796).
P2: N=5, mean=27.6 (+/-15.214643).

Agent 2 (SHUCT)
Winning score (between 0 and 1) : N=10, mean=0.4 (+/-0.32006).
P1: N=5, mean=0.6 (+/-0.48009).
P2: N=5, mean=0.2 (+/-0.391992).
Game Durations: N=10, mean=25.7 (+/-10.477795).
P1: N=5, mean=27.6 (+/-15.214643).
P2: N=5, mean=23.8 (+/-15.987796).
=====================================================
=====================================================
Completed 20 games.

Agent 1 (SHUCTAnyTime)
Winning score (between 0 and 1) : N=20, mean=0.5 (+/-0.224823).
P1: N=10, mean=0.8 (+/-0.261328).
P2: N=10, mean=0.2 (+/-0.261328).
Game Durations: N=20, mean=28.9 (+/-7.347133).
P1: N=10, mean=23.7 (+/-9.481247).
P2: N=10, mean=34.1 (+/-10.721019).

Agent 2 (SHUCT)
Winning score (between 0 and 1) : N=20, mean=0.5 (+/-0.224823).
P1: N=10, mean=0.8 (+/-0.261328).
P2: N=10, mean=0.2 (+/-0.261328).
Game Durations: N=20, mean=28.9 (+/-7.347133).
P1: N=10, mean=34.1 (+/-10.721019).
P2: N=10, mean=23.7 (+/-9.481247).
=====================================================
=====================================================
Completed 30 games.

Agent 1 (SHUCTAnyTime)
Winning score (between 0 and 1) : N=30, mean=0.416667 (+/-0.17633).
P1: N=15, mean=0.6 (+/-0.256619).
P2: N=15, mean=0.233333 (+/-0.210979).
Game Durations: N=30, mean=30.433333 (+/-5.774314).
P1: N=15, mean=25.333333 (+/-6.966802).
P2: N=15, mean=35.533333 (+/-8.67894).

Agent 2 (SHUCT)
Winning score (between 0 and 1) : N=30, mean=0.583333 (+/-0.17633).
P1: N=15, mean=0.766667 (+/-0.210979).
P2: N=15, mean=0.4 (+/-0.256619).
Game Durations: N=30, mean=30.433333 (+/-5.774314).
P1: N=15, mean=35.533333 (+/-8.67894).
P2: N=15, mean=25.333333 (+/-6.966802).
=====================================================
=====================================================
Completed 40 games.

Agent 1 (SHUCTAnyTime)
Winning score (between 0 and 1) : N=40, mean=0.4375 (+/-0.153702).
P1: N=20, mean=0.55 (+/-0.223696).
P2: N=20, mean=0.325 (+/-0.204515).
Game Durations: N=40, mean=29.7 (+/-4.792277).
P1: N=20, mean=25.05 (+/-6.362883).
P2: N=20, mean=34.35 (+/-6.712044).

Agent 2 (SHUCT)
Winning score (between 0 and 1) : N=40, mean=0.5625 (+/-0.153702).
P1: N=20, mean=0.675 (+/-0.204515).
P2: N=20, mean=0.45 (+/-0.223696).
Game Durations: N=40, mean=29.7 (+/-4.792277).
P1: N=20, mean=34.35 (+/-6.712044).
P2: N=20, mean=25.05 (+/-6.362883).
=====================================================
=====================================================
Completed 50 games.

Agent 1 (SHUCTAnyTime)
Winning score (between 0 and 1) : N=50, mean=0.41 (+/-0.13628).
P1: N=25, mean=0.52 (+/-0.199877).
P2: N=25, mean=0.3 (+/-0.178919).
Game Durations: N=50, mean=29.64 (+/-4.353802).
P1: N=25, mean=26.32 (+/-6.004562).
P2: N=25, mean=32.96 (+/-6.149695).

Agent 2 (SHUCT)
Winning score (between 0 and 1) : N=50, mean=0.59 (+/-0.13628).
P1: N=25, mean=0.7 (+/-0.178919).
P2: N=25, mean=0.48 (+/-0.199877).
Game Durations: N=50, mean=29.64 (+/-4.353802).
P1: N=25, mean=32.96 (+/-6.149695).
P2: N=25, mean=26.32 (+/-6.004562).
=====================================================
=====================================================
Completed 60 games.

Agent 1 (SHUCTAnyTime)
Winning score (between 0 and 1) : N=60, mean=0.441667 (+/-0.125636).
P1: N=30, mean=0.533333 (+/-0.181573).
P2: N=30, mean=0.35 (+/-0.170387).
Game Durations: N=60, mean=29.1 (+/-3.872769).
P1: N=30, mean=26.333333 (+/-5.574845).
P2: N=30, mean=31.866667 (+/-5.284029).

Agent 2 (SHUCT)
Winning score (between 0 and 1) : N=60, mean=0.558333 (+/-0.125636).
P1: N=30, mean=0.65 (+/-0.170387).
P2: N=30, mean=0.466667 (+/-0.181573).
Game Durations: N=60, mean=29.1 (+/-3.872769).
P1: N=30, mean=31.866667 (+/-5.284029).
P2: N=30, mean=26.333333 (+/-5.574845).
=====================================================
=====================================================
Completed 70 games.

Agent 1 (SHUCTAnyTime)
Winning score (between 0 and 1) : N=70, mean=0.464286 (+/-0.116826).
P1: N=35, mean=0.6 (+/-0.16467).
P2: N=35, mean=0.328571 (+/-0.155301).
Game Durations: N=70, mean=28.528571 (+/-3.50148).
P1: N=35, mean=26.085714 (+/-4.887117).
P2: N=35, mean=30.971429 (+/-4.952804).

Agent 2 (SHUCT)
Winning score (between 0 and 1) : N=70, mean=0.535714 (+/-0.116826).
P1: N=35, mean=0.671429 (+/-0.155301).
P2: N=35, mean=0.4 (+/-0.16467).
Game Durations: N=70, mean=28.528571 (+/-3.50148).
P1: N=35, mean=30.971429 (+/-4.952804).
P2: N=35, mean=26.085714 (+/-4.887117).
=====================================================
=====================================================
Completed 80 games.

Agent 1 (SHUCTAnyTime)
Winning score (between 0 and 1) : N=80, mean=0.48125 (+/-0.109487).
P1: N=40, mean=0.575 (+/-0.155147).
P2: N=40, mean=0.3875 (+/-0.150872).
Game Durations: N=80, mean=28.275 (+/-3.140657).
P1: N=40, mean=25.725 (+/-4.317498).
P2: N=40, mean=30.825 (+/-4.476491).

Agent 2 (SHUCT)
Winning score (between 0 and 1) : N=80, mean=0.51875 (+/-0.109487).
P1: N=40, mean=0.6125 (+/-0.150872).
P2: N=40, mean=0.425 (+/-0.155147).
Game Durations: N=80, mean=28.275 (+/-3.140657).
P1: N=40, mean=30.825 (+/-4.476491).
P2: N=40, mean=25.725 (+/-4.317498).
=====================================================
=====================================================
Completed 90 games.

Agent 1 (SHUCTAnyTime)
Winning score (between 0 and 1) : N=90, mean=0.466667 (+/-0.102483).
P1: N=45, mean=0.544444 (+/-0.145495).
P2: N=45, mean=0.388889 (+/-0.14235).
Game Durations: N=90, mean=27.766667 (+/-2.972999).
P1: N=45, mean=26.377778 (+/-4.198237).
P2: N=45, mean=29.155556 (+/-4.218369).

Agent 2 (SHUCT)
Winning score (between 0 and 1) : N=90, mean=0.533333 (+/-0.102483).
P1: N=45, mean=0.611111 (+/-0.14235).
P2: N=45, mean=0.455556 (+/-0.145495).
Game Durations: N=90, mean=27.766667 (+/-2.972999).
P1: N=45, mean=29.155556 (+/-4.218369).
P2: N=45, mean=26.377778 (+/-4.198237).
=====================================================
=====================================================
Completed 100 games.

Agent 1 (SHUCTAnyTime)
Winning score (between 0 and 1) : N=100, mean=0.48 (+/-0.097422).
P1: N=50, mean=0.57 (+/-0.137197).
P2: N=50, mean=0.39 (+/-0.135124).
Game Durations: N=100, mean=27.4 (+/-2.762969).
P1: N=50, mean=26.02 (+/-3.918916).
P2: N=50, mean=28.78 (+/-3.897573).

Agent 2 (SHUCT)
Winning score (between 0 and 1) : N=100, mean=0.52 (+/-0.097422).
P1: N=50, mean=0.61 (+/-0.135124).
P2: N=50, mean=0.43 (+/-0.137197).
Game Durations: N=100, mean=27.4 (+/-2.762969).
P1: N=50, mean=28.78 (+/-3.897573).
P2: N=50, mean=26.02 (+/-3.918916).
=====================================================
=====================================================
Completed 110 games.

Agent 1 (SHUCTAnyTime)
Winning score (between 0 and 1) : N=110, mean=0.490909 (+/-0.092992).
P1: N=55, mean=0.572727 (+/-0.130709).
P2: N=55, mean=0.409091 (+/-0.129897).
Game Durations: N=110, mean=27.227273 (+/-2.555621).
P1: N=55, mean=26.036364 (+/-3.627549).
P2: N=55, mean=28.418182 (+/-3.606353).

Agent 2 (SHUCT)
Winning score (between 0 and 1) : N=110, mean=0.509091 (+/-0.092992).
P1: N=55, mean=0.590909 (+/-0.129897).
P2: N=55, mean=0.427273 (+/-0.130709).
Game Durations: N=110, mean=27.227273 (+/-2.555621).
P1: N=55, mean=28.418182 (+/-3.606353).
P2: N=55, mean=26.036364 (+/-3.627549).
=====================================================
=====================================================
Completed 120 games.

Agent 1 (SHUCTAnyTime)
Winning score (between 0 and 1) : N=120, mean=0.5 (+/-0.089083).
P1: N=60, mean=0.575 (+/-0.125059).
P2: N=60, mean=0.425 (+/-0.125059).
Game Durations: N=120, mean=27.708333 (+/-2.44612).
P1: N=60, mean=26.75 (+/-3.450433).
P2: N=60, mean=28.666667 (+/-3.480195).

Agent 2 (SHUCT)
Winning score (between 0 and 1) : N=120, mean=0.5 (+/-0.089083).
P1: N=60, mean=0.575 (+/-0.125059).
P2: N=60, mean=0.425 (+/-0.125059).
Game Durations: N=120, mean=27.708333 (+/-2.44612).
P1: N=60, mean=28.666667 (+/-3.480195).
P2: N=60, mean=26.75 (+/-3.450433).
=====================================================
=====================================================
Completed 130 games.

Agent 1 (SHUCTAnyTime)
Winning score (between 0 and 1) : N=130, mean=0.507692 (+/-0.085606).
P1: N=65, mean=0.592308 (+/-0.119429).
P2: N=65, mean=0.423077 (+/-0.120082).
Game Durations: N=130, mean=27.669231 (+/-2.337394).
P1: N=65, mean=26.815385 (+/-3.21793).
P2: N=65, mean=28.523077 (+/-3.403202).

Agent 2 (SHUCT)
Winning score (between 0 and 1) : N=130, mean=0.492308 (+/-0.085606).
P1: N=65, mean=0.576923 (+/-0.120082).
P2: N=65, mean=0.407692 (+/-0.119429).
Game Durations: N=130, mean=27.669231 (+/-2.337394).
P1: N=65, mean=28.523077 (+/-3.403202).
P2: N=65, mean=26.815385 (+/-3.21793).
=====================================================
=====================================================
Completed 140 games.

Agent 1 (SHUCTAnyTime)
Winning score (between 0 and 1) : N=140, mean=0.492857 (+/-0.082516).
P1: N=70, mean=0.578571 (+/-0.115654).
P2: N=70, mean=0.407143 (+/-0.115063).
Game Durations: N=140, mean=27.75 (+/-2.234002).
P1: N=70, mean=27.528571 (+/-3.097999).
P2: N=70, mean=27.971429 (+/-3.241091).

Agent 2 (SHUCT)
Winning score (between 0 and 1) : N=140, mean=0.507143 (+/-0.082516).
P1: N=70, mean=0.592857 (+/-0.115063).
P2: N=70, mean=0.421429 (+/-0.115654).
Game Durations: N=140, mean=27.75 (+/-2.234002).
P1: N=70, mean=27.971429 (+/-3.241091).
P2: N=70, mean=27.528571 (+/-3.097999).
=====================================================
=====================================================
Completed 150 games.

Agent 1 (SHUCTAnyTime)
Winning score (between 0 and 1) : N=150, mean=0.513333 (+/-0.079717).
P1: N=75, mean=0.593333 (+/-0.111142).
P2: N=75, mean=0.433333 (+/-0.112134).
Game Durations: N=150, mean=27.713333 (+/-2.159269).
P1: N=75, mean=27.413333 (+/-3.077586).
P2: N=75, mean=28.013333 (+/-3.048754).

Agent 2 (SHUCT)
Winning score (between 0 and 1) : N=150, mean=0.486667 (+/-0.079717).
P1: N=75, mean=0.566667 (+/-0.112134).
P2: N=75, mean=0.406667 (+/-0.111142).
Game Durations: N=150, mean=27.713333 (+/-2.159269).
P1: N=75, mean=28.013333 (+/-3.048754).
P2: N=75, mean=27.413333 (+/-3.077586).
=====================================================
