Warming up...
Finished warming up!
=====================================================
Completed 1 games.

Agent 1 (SHUCTAnyTime)
Winning score (between 0 and 1) : N=1, mean=0 (+/-0).
P1: N=0, mean=0 (+/-0).
P2: N=1, mean=0 (+/-0).
Game Durations: N=1, mean=15 (+/-0).
P1: N=0, mean=0 (+/-0).
P2: N=1, mean=15 (+/-0).

Agent 2 (SHUCT)
Winning score (between 0 and 1) : N=1, mean=1 (+/-0).
P1: N=1, mean=1 (+/-0).
P2: N=0, mean=0 (+/-0).
Game Durations: N=1, mean=15 (+/-0).
P1: N=1, mean=15 (+/-0).
P2: N=0, mean=0 (+/-0).
=====================================================
=====================================================
Completed 2 games.

Agent 1 (SHUCTAnyTime)
Winning score (between 0 and 1) : N=2, mean=0.5 (+/-0.97998).
P1: N=1, mean=1 (+/-0).
P2: N=1, mean=0 (+/-0).
Game Durations: N=2, mean=17 (+/-3.91992).
P1: N=1, mean=19 (+/-0).
P2: N=1, mean=15 (+/-0).

Agent 2 (SHUCT)
Winning score (between 0 and 1) : N=2, mean=0.5 (+/-0.97998).
P1: N=1, mean=1 (+/-0).
P2: N=1, mean=0 (+/-0).
Game Durations: N=2, mean=17 (+/-3.91992).
P1: N=1, mean=15 (+/-0).
P2: N=1, mean=19 (+/-0).
=====================================================
=====================================================
Completed 3 games.

Agent 1 (SHUCTAnyTime)
Winning score (between 0 and 1) : N=3, mean=0.333333 (+/-0.65332).
P1: N=1, mean=1 (+/-0).
P2: N=2, mean=0 (+/-0).
Game Durations: N=3, mean=16.333333 (+/-2.61328).
P1: N=1, mean=19 (+/-0).
P2: N=2, mean=15 (+/-0).

Agent 2 (SHUCT)
Winning score (between 0 and 1) : N=3, mean=0.666667 (+/-0.65332).
P1: N=2, mean=1 (+/-0).
P2: N=1, mean=0 (+/-0).
Game Durations: N=3, mean=16.333333 (+/-2.61328).
P1: N=2, mean=15 (+/-0).
P2: N=1, mean=19 (+/-0).
=====================================================
=====================================================
Completed 4 games.

Agent 1 (SHUCTAnyTime)
Winning score (between 0 and 1) : N=4, mean=0.5 (+/-0.565792).
P1: N=2, mean=1 (+/-0).
P2: N=2, mean=0 (+/-0).
Game Durations: N=4, mean=17.5 (+/-2.93994).
P1: N=2, mean=20 (+/-1.95996).
P2: N=2, mean=15 (+/-0).

Agent 2 (SHUCT)
Winning score (between 0 and 1) : N=4, mean=0.5 (+/-0.565792).
P1: N=2, mean=1 (+/-0).
P2: N=2, mean=0 (+/-0).
Game Durations: N=4, mean=17.5 (+/-2.93994).
P1: N=2, mean=15 (+/-0).
P2: N=2, mean=20 (+/-1.95996).
=====================================================
=====================================================
Completed 5 games.

Agent 1 (SHUCTAnyTime)
Winning score (between 0 and 1) : N=5, mean=0.4 (+/-0.48009).
P1: N=2, mean=1 (+/-0).
P2: N=3, mean=0 (+/-0).
Game Durations: N=5, mean=17.8 (+/-2.351952).
P1: N=2, mean=20 (+/-1.95996).
P2: N=3, mean=16.333333 (+/-2.61328).

Agent 2 (SHUCT)
Winning score (between 0 and 1) : N=5, mean=0.6 (+/-0.48009).
P1: N=3, mean=1 (+/-0).
P2: N=2, mean=0 (+/-0).
Game Durations: N=5, mean=17.8 (+/-2.351952).
P1: N=3, mean=16.333333 (+/-2.61328).
P2: N=2, mean=20 (+/-1.95996).
=====================================================
=====================================================
Completed 10 games.

Agent 1 (SHUCTAnyTime)
Winning score (between 0 and 1) : N=10, mean=0.6 (+/-0.32006).
P1: N=5, mean=0.8 (+/-0.391992).
P2: N=5, mean=0.4 (+/-0.48009).
Game Durations: N=10, mean=19.7 (+/-4.304482).
P1: N=5, mean=22.4 (+/-8.166239).
P2: N=5, mean=17 (+/-1.63982).

Agent 2 (SHUCT)
Winning score (between 0 and 1) : N=10, mean=0.4 (+/-0.32006).
P1: N=5, mean=0.6 (+/-0.48009).
P2: N=5, mean=0.2 (+/-0.391992).
Game Durations: N=10, mean=19.7 (+/-4.304482).
P1: N=5, mean=17 (+/-1.63982).
P2: N=5, mean=22.4 (+/-8.166239).
=====================================================
=====================================================
Completed 20 games.

Agent 1 (SHUCTAnyTime)
Winning score (between 0 and 1) : N=20, mean=0.7 (+/-0.206054).
P1: N=10, mean=0.9 (+/-0.195996).
P2: N=10, mean=0.5 (+/-0.32666).
Game Durations: N=20, mean=19.8 (+/-2.553892).
P1: N=10, mean=20.5 (+/-4.8999).
P2: N=10, mean=19.1 (+/-1.763964).

Agent 2 (SHUCT)
Winning score (between 0 and 1) : N=20, mean=0.3 (+/-0.206054).
P1: N=10, mean=0.5 (+/-0.32666).
P2: N=10, mean=0.1 (+/-0.195996).
Game Durations: N=20, mean=19.8 (+/-2.553892).
P1: N=10, mean=19.1 (+/-1.763964).
P2: N=10, mean=20.5 (+/-4.8999).
=====================================================
=====================================================
Completed 30 games.

Agent 1 (SHUCTAnyTime)
Winning score (between 0 and 1) : N=30, mean=0.733333 (+/-0.160947).
P1: N=15, mean=0.866667 (+/-0.178065).
P2: N=15, mean=0.6 (+/-0.256619).
Game Durations: N=30, mean=19.433333 (+/-2.698648).
P1: N=15, mean=18.466667 (+/-3.905271).
P2: N=15, mean=20.4 (+/-3.795687).

Agent 2 (SHUCT)
Winning score (between 0 and 1) : N=30, mean=0.266667 (+/-0.160947).
P1: N=15, mean=0.4 (+/-0.256619).
P2: N=15, mean=0.133333 (+/-0.178065).
Game Durations: N=30, mean=19.433333 (+/-2.698648).
P1: N=15, mean=20.4 (+/-3.795687).
P2: N=15, mean=18.466667 (+/-3.905271).
=====================================================
=====================================================
Completed 40 games.

Agent 1 (SHUCTAnyTime)
Winning score (between 0 and 1) : N=40, mean=0.7 (+/-0.143822).
P1: N=20, mean=0.75 (+/-0.194702).
P2: N=20, mean=0.65 (+/-0.214467).
Game Durations: N=40, mean=19.05 (+/-2.259846).
P1: N=20, mean=17.95 (+/-3.209459).
P2: N=20, mean=20.15 (+/-3.189871).

Agent 2 (SHUCT)
Winning score (between 0 and 1) : N=40, mean=0.3 (+/-0.143822).
P1: N=20, mean=0.35 (+/-0.214467).
P2: N=20, mean=0.25 (+/-0.194702).
Game Durations: N=40, mean=19.05 (+/-2.259846).
P1: N=20, mean=20.15 (+/-3.189871).
P2: N=20, mean=17.95 (+/-3.209459).
=====================================================
=====================================================
Completed 50 games.

Agent 1 (SHUCTAnyTime)
Winning score (between 0 and 1) : N=50, mean=0.66 (+/-0.132636).
P1: N=25, mean=0.68 (+/-0.186626).
P2: N=25, mean=0.64 (+/-0.192036).
Game Durations: N=50, mean=18.76 (+/-1.946764).
P1: N=25, mean=17.4 (+/-2.653798).
P2: N=25, mean=20.12 (+/-2.800115).

Agent 2 (SHUCT)
Winning score (between 0 and 1) : N=50, mean=0.34 (+/-0.132636).
P1: N=25, mean=0.36 (+/-0.192036).
P2: N=25, mean=0.32 (+/-0.186626).
Game Durations: N=50, mean=18.76 (+/-1.946764).
P1: N=25, mean=20.12 (+/-2.800115).
P2: N=25, mean=17.4 (+/-2.653798).
=====================================================
=====================================================
Completed 60 games.

Agent 1 (SHUCTAnyTime)
Winning score (between 0 and 1) : N=60, mean=0.633333 (+/-0.122963).
P1: N=30, mean=0.666667 (+/-0.17157).
P2: N=30, mean=0.6 (+/-0.178301).
Game Durations: N=60, mean=18.866667 (+/-1.867805).
P1: N=30, mean=18.4 (+/-2.831065).
P2: N=30, mean=19.333333 (+/-2.474421).

Agent 2 (SHUCT)
Winning score (between 0 and 1) : N=60, mean=0.366667 (+/-0.122963).
P1: N=30, mean=0.4 (+/-0.178301).
P2: N=30, mean=0.333333 (+/-0.17157).
Game Durations: N=60, mean=18.866667 (+/-1.867805).
P1: N=30, mean=19.333333 (+/-2.474421).
P2: N=30, mean=18.4 (+/-2.831065).
=====================================================
=====================================================
Completed 70 games.

Agent 1 (SHUCTAnyTime)
Winning score (between 0 and 1) : N=70, mean=0.628571 (+/-0.114009).
P1: N=35, mean=0.685714 (+/-0.156042).
P2: N=35, mean=0.571429 (+/-0.166341).
Game Durations: N=70, mean=18.3 (+/-1.686611).
P1: N=35, mean=18.228571 (+/-2.493568).
P2: N=35, mean=18.371429 (+/-2.308013).

Agent 2 (SHUCT)
Winning score (between 0 and 1) : N=70, mean=0.371429 (+/-0.114009).
P1: N=35, mean=0.428571 (+/-0.166341).
P2: N=35, mean=0.314286 (+/-0.156042).
Game Durations: N=70, mean=18.3 (+/-1.686611).
P1: N=35, mean=18.371429 (+/-2.308013).
P2: N=35, mean=18.228571 (+/-2.493568).
=====================================================
=====================================================
Completed 80 games.

Agent 1 (SHUCTAnyTime)
Winning score (between 0 and 1) : N=80, mean=0.6 (+/-0.108029).
P1: N=40, mean=0.65 (+/-0.149694).
P2: N=40, mean=0.55 (+/-0.156136).
Game Durations: N=80, mean=18.3 (+/-1.625076).
P1: N=40, mean=18.7 (+/-2.500144).
P2: N=40, mean=17.9 (+/-2.101589).

Agent 2 (SHUCT)
Winning score (between 0 and 1) : N=80, mean=0.4 (+/-0.108029).
P1: N=40, mean=0.45 (+/-0.156136).
P2: N=40, mean=0.35 (+/-0.149694).
Game Durations: N=80, mean=18.3 (+/-1.625076).
P1: N=40, mean=17.9 (+/-2.101589).
P2: N=40, mean=18.7 (+/-2.500144).
=====================================================
=====================================================
Completed 90 games.

Agent 1 (SHUCTAnyTime)
Winning score (between 0 and 1) : N=90, mean=0.588889 (+/-0.102223).
P1: N=45, mean=0.666667 (+/-0.139288).
P2: N=45, mean=0.511111 (+/-0.147701).
Game Durations: N=90, mean=19.122222 (+/-1.819841).
P1: N=45, mean=19.111111 (+/-2.335082).
P2: N=45, mean=19.133333 (+/-2.818722).

Agent 2 (SHUCT)
Winning score (between 0 and 1) : N=90, mean=0.411111 (+/-0.102223).
P1: N=45, mean=0.488889 (+/-0.147701).
P2: N=45, mean=0.333333 (+/-0.139288).
Game Durations: N=90, mean=19.122222 (+/-1.819841).
P1: N=45, mean=19.133333 (+/-2.818722).
P2: N=45, mean=19.111111 (+/-2.335082).
=====================================================
=====================================================
Completed 100 games.

Agent 1 (SHUCTAnyTime)
Winning score (between 0 and 1) : N=100, mean=0.6 (+/-0.096502).
P1: N=50, mean=0.66 (+/-0.132636).
P2: N=50, mean=0.54 (+/-0.139548).
Game Durations: N=100, mean=18.81 (+/-1.682726).
P1: N=50, mean=18.82 (+/-2.148262).
P2: N=50, mean=18.8 (+/-2.612813).

Agent 2 (SHUCT)
Winning score (between 0 and 1) : N=100, mean=0.4 (+/-0.096502).
P1: N=50, mean=0.46 (+/-0.139548).
P2: N=50, mean=0.34 (+/-0.132636).
Game Durations: N=100, mean=18.81 (+/-1.682726).
P1: N=50, mean=18.8 (+/-2.612813).
P2: N=50, mean=18.82 (+/-2.148262).
=====================================================
=====================================================
Completed 110 games.

Agent 1 (SHUCTAnyTime)
Winning score (between 0 and 1) : N=110, mean=0.6 (+/-0.091969).
P1: N=55, mean=0.654545 (+/-0.126828).
P2: N=55, mean=0.545455 (+/-0.132806).
Game Durations: N=110, mean=18.909091 (+/-1.62294).
P1: N=55, mean=18.618182 (+/-2.08808).
P2: N=55, mean=19.2 (+/-2.502232).

Agent 2 (SHUCT)
Winning score (between 0 and 1) : N=110, mean=0.4 (+/-0.091969).
P1: N=55, mean=0.454545 (+/-0.132806).
P2: N=55, mean=0.345455 (+/-0.126828).
Game Durations: N=110, mean=18.909091 (+/-1.62294).
P1: N=55, mean=19.2 (+/-2.502232).
P2: N=55, mean=18.618182 (+/-2.08808).
=====================================================
=====================================================
Completed 120 games.

Agent 1 (SHUCTAnyTime)
Winning score (between 0 and 1) : N=120, mean=0.6 (+/-0.08802).
P1: N=60, mean=0.683333 (+/-0.118697).
P2: N=60, mean=0.516667 (+/-0.127512).
Game Durations: N=120, mean=18.991667 (+/-1.565546).
P1: N=60, mean=18.95 (+/-2.085197).
P2: N=60, mean=19.033333 (+/-2.353413).

Agent 2 (SHUCT)
Winning score (between 0 and 1) : N=120, mean=0.4 (+/-0.08802).
P1: N=60, mean=0.483333 (+/-0.127512).
P2: N=60, mean=0.316667 (+/-0.118697).
Game Durations: N=120, mean=18.991667 (+/-1.565546).
P1: N=60, mean=19.033333 (+/-2.353413).
P2: N=60, mean=18.95 (+/-2.085197).
=====================================================
=====================================================
Completed 130 games.

Agent 1 (SHUCTAnyTime)
Winning score (between 0 and 1) : N=130, mean=0.576923 (+/-0.085255).
P1: N=65, mean=0.661538 (+/-0.115928).
P2: N=65, mean=0.492308 (+/-0.122483).
Game Durations: N=130, mean=18.807692 (+/-1.466621).
P1: N=65, mean=18.815385 (+/-1.966494).
P2: N=65, mean=18.8 (+/-2.191808).

Agent 2 (SHUCT)
Winning score (between 0 and 1) : N=130, mean=0.423077 (+/-0.085255).
P1: N=65, mean=0.507692 (+/-0.122483).
P2: N=65, mean=0.338462 (+/-0.115928).
Game Durations: N=130, mean=18.807692 (+/-1.466621).
P1: N=65, mean=18.8 (+/-2.191808).
P2: N=65, mean=18.815385 (+/-1.966494).
=====================================================
=====================================================
Completed 140 games.

Agent 1 (SHUCTAnyTime)
Winning score (between 0 and 1) : N=140, mean=0.564286 (+/-0.082431).
P1: N=70, mean=0.642857 (+/-0.113058).
P2: N=70, mean=0.485714 (+/-0.117928).
Game Durations: N=140, mean=18.714286 (+/-1.404195).
P1: N=70, mean=18.642857 (+/-1.87664).
P2: N=70, mean=18.785714 (+/-2.102823).

Agent 2 (SHUCT)
Winning score (between 0 and 1) : N=140, mean=0.435714 (+/-0.082431).
P1: N=70, mean=0.514286 (+/-0.117928).
P2: N=70, mean=0.357143 (+/-0.113058).
Game Durations: N=140, mean=18.714286 (+/-1.404195).
P1: N=70, mean=18.785714 (+/-2.102823).
P2: N=70, mean=18.642857 (+/-1.87664).
=====================================================
=====================================================
Completed 150 games.

Agent 1 (SHUCTAnyTime)
Winning score (between 0 and 1) : N=150, mean=0.573333 (+/-0.079415).
P1: N=75, mean=0.64 (+/-0.109364).
P2: N=75, mean=0.506667 (+/-0.11391).
Game Durations: N=150, mean=18.653333 (+/-1.348499).
P1: N=75, mean=18.213333 (+/-1.802984).
P2: N=75, mean=19.093333 (+/-2.012982).

Agent 2 (SHUCT)
Winning score (between 0 and 1) : N=150, mean=0.426667 (+/-0.079415).
P1: N=75, mean=0.493333 (+/-0.11391).
P2: N=75, mean=0.36 (+/-0.109364).
Game Durations: N=150, mean=18.653333 (+/-1.348499).
P1: N=75, mean=19.093333 (+/-2.012982).
P2: N=75, mean=18.213333 (+/-1.802984).
=====================================================
