Warming up...
Finished warming up!
=====================================================
Completed 1 games.

Agent 1 (SHUCTAnyTime)
Winning score (between 0 and 1) : N=1, mean=0 (+/-0).
P1: N=0, mean=0 (+/-0).
P2: N=1, mean=0 (+/-0).
Game Durations: N=1, mean=21 (+/-0).
P1: N=0, mean=0 (+/-0).
P2: N=1, mean=21 (+/-0).

Agent 2 (SHUCT)
Winning score (between 0 and 1) : N=1, mean=1 (+/-0).
P1: N=1, mean=1 (+/-0).
P2: N=0, mean=0 (+/-0).
Game Durations: N=1, mean=21 (+/-0).
P1: N=1, mean=21 (+/-0).
P2: N=0, mean=0 (+/-0).
=====================================================
=====================================================
Completed 2 games.

Agent 1 (SHUCTAnyTime)
Winning score (between 0 and 1) : N=2, mean=0 (+/-0).
P1: N=1, mean=0 (+/-0).
P2: N=1, mean=0 (+/-0).
Game Durations: N=2, mean=41 (+/-39.1992).
P1: N=1, mean=61 (+/-0).
P2: N=1, mean=21 (+/-0).

Agent 2 (SHUCT)
Winning score (between 0 and 1) : N=2, mean=1 (+/-0).
P1: N=1, mean=1 (+/-0).
P2: N=1, mean=1 (+/-0).
Game Durations: N=2, mean=41 (+/-39.1992).
P1: N=1, mean=21 (+/-0).
P2: N=1, mean=61 (+/-0).
=====================================================
=====================================================
Completed 3 games.

Agent 1 (SHUCTAnyTime)
Winning score (between 0 and 1) : N=3, mean=0 (+/-0).
P1: N=1, mean=0 (+/-0).
P2: N=2, mean=0 (+/-0).
Game Durations: N=3, mean=46.666667 (+/-25.210027).
P1: N=1, mean=61 (+/-0).
P2: N=2, mean=39.5 (+/-36.25926).

Agent 2 (SHUCT)
Winning score (between 0 and 1) : N=3, mean=1 (+/-0).
P1: N=2, mean=1 (+/-0).
P2: N=1, mean=1 (+/-0).
Game Durations: N=3, mean=46.666667 (+/-25.210027).
P1: N=2, mean=39.5 (+/-36.25926).
P2: N=1, mean=61 (+/-0).
=====================================================
=====================================================
Completed 4 games.

Agent 1 (SHUCTAnyTime)
Winning score (between 0 and 1) : N=4, mean=0.25 (+/-0.48999).
P1: N=2, mean=0.5 (+/-0.97998).
P2: N=2, mean=0 (+/-0).
Game Durations: N=4, mean=38.75 (+/-23.633236).
P1: N=2, mean=38 (+/-45.07908).
P2: N=2, mean=39.5 (+/-36.25926).

Agent 2 (SHUCT)
Winning score (between 0 and 1) : N=4, mean=0.75 (+/-0.48999).
P1: N=2, mean=1 (+/-0).
P2: N=2, mean=0.5 (+/-0.97998).
Game Durations: N=4, mean=38.75 (+/-23.633236).
P1: N=2, mean=39.5 (+/-36.25926).
P2: N=2, mean=38 (+/-45.07908).
=====================================================
=====================================================
Completed 5 games.

Agent 1 (SHUCTAnyTime)
Winning score (between 0 and 1) : N=5, mean=0.2 (+/-0.391992).
P1: N=2, mean=0.5 (+/-0.97998).
P2: N=3, mean=0 (+/-0).
Game Durations: N=5, mean=34 (+/-20.537538).
P1: N=2, mean=38 (+/-45.07908).
P2: N=3, mean=31.333333 (+/-26.352373).

Agent 2 (SHUCT)
Winning score (between 0 and 1) : N=5, mean=0.8 (+/-0.391992).
P1: N=3, mean=1 (+/-0).
P2: N=2, mean=0.5 (+/-0.97998).
Game Durations: N=5, mean=34 (+/-20.537538).
P1: N=3, mean=31.333333 (+/-26.352373).
P2: N=2, mean=38 (+/-45.07908).
=====================================================
=====================================================
Completed 10 games.

Agent 1 (SHUCTAnyTime)
Winning score (between 0 and 1) : N=10, mean=0.6 (+/-0.32006).
P1: N=5, mean=0.8 (+/-0.391992).
P2: N=5, mean=0.4 (+/-0.48009).
Game Durations: N=10, mean=33 (+/-12.406201).
P1: N=5, mean=27.4 (+/-17.238737).
P2: N=5, mean=38.6 (+/-18.308586).

Agent 2 (SHUCT)
Winning score (between 0 and 1) : N=10, mean=0.4 (+/-0.32006).
P1: N=5, mean=0.6 (+/-0.48009).
P2: N=5, mean=0.2 (+/-0.391992).
Game Durations: N=10, mean=33 (+/-12.406201).
P1: N=5, mean=38.6 (+/-18.308586).
P2: N=5, mean=27.4 (+/-17.238737).
=====================================================
=====================================================
Completed 20 games.

Agent 1 (SHUCTAnyTime)
Winning score (between 0 and 1) : N=20, mean=0.55 (+/-0.223696).
P1: N=10, mean=0.8 (+/-0.261328).
P2: N=10, mean=0.3 (+/-0.299389).
Game Durations: N=20, mean=33.9 (+/-7.802227).
P1: N=10, mean=31.8 (+/-11.032407).
P2: N=10, mean=36 (+/-11.469441).

Agent 2 (SHUCT)
Winning score (between 0 and 1) : N=20, mean=0.45 (+/-0.223696).
P1: N=10, mean=0.7 (+/-0.299389).
P2: N=10, mean=0.2 (+/-0.261328).
Game Durations: N=20, mean=33.9 (+/-7.802227).
P1: N=10, mean=36 (+/-11.469441).
P2: N=10, mean=31.8 (+/-11.032407).
=====================================================
=====================================================
Completed 30 games.

Agent 1 (SHUCTAnyTime)
Winning score (between 0 and 1) : N=30, mean=0.566667 (+/-0.180353).
P1: N=15, mean=0.733333 (+/-0.231643).
P2: N=15, mean=0.4 (+/-0.256619).
Game Durations: N=30, mean=30.1 (+/-5.905619).
P1: N=15, mean=29.933333 (+/-8.032231).
P2: N=15, mean=30.266667 (+/-8.941794).

Agent 2 (SHUCT)
Winning score (between 0 and 1) : N=30, mean=0.433333 (+/-0.180353).
P1: N=15, mean=0.6 (+/-0.256619).
P2: N=15, mean=0.266667 (+/-0.231643).
Game Durations: N=30, mean=30.1 (+/-5.905619).
P1: N=15, mean=30.266667 (+/-8.941794).
P2: N=15, mean=29.933333 (+/-8.032231).
=====================================================
=====================================================
Completed 40 games.

Agent 1 (SHUCTAnyTime)
Winning score (between 0 and 1) : N=40, mean=0.55 (+/-0.156136).
P1: N=20, mean=0.75 (+/-0.194702).
P2: N=20, mean=0.35 (+/-0.214467).
Game Durations: N=40, mean=29.4 (+/-4.957257).
P1: N=20, mean=27.95 (+/-6.45907).
P2: N=20, mean=30.85 (+/-7.636401).

Agent 2 (SHUCT)
Winning score (between 0 and 1) : N=40, mean=0.45 (+/-0.156136).
P1: N=20, mean=0.65 (+/-0.214467).
P2: N=20, mean=0.25 (+/-0.194702).
Game Durations: N=40, mean=29.4 (+/-4.957257).
P1: N=20, mean=30.85 (+/-7.636401).
P2: N=20, mean=27.95 (+/-6.45907).
=====================================================
=====================================================
Completed 50 games.

Agent 1 (SHUCTAnyTime)
Winning score (between 0 and 1) : N=50, mean=0.52 (+/-0.139885).
P1: N=25, mean=0.72 (+/-0.179633).
P2: N=25, mean=0.32 (+/-0.186626).
Game Durations: N=50, mean=28.06 (+/-4.318964).
P1: N=25, mean=27.52 (+/-5.966482).
P2: N=25, mean=28.6 (+/-6.362076).

Agent 2 (SHUCT)
Winning score (between 0 and 1) : N=50, mean=0.48 (+/-0.139885).
P1: N=25, mean=0.68 (+/-0.186626).
P2: N=25, mean=0.28 (+/-0.179633).
Game Durations: N=50, mean=28.06 (+/-4.318964).
P1: N=25, mean=28.6 (+/-6.362076).
P2: N=25, mean=27.52 (+/-5.966482).
=====================================================
=====================================================
Completed 60 games.

Agent 1 (SHUCTAnyTime)
Winning score (between 0 and 1) : N=60, mean=0.516667 (+/-0.127512).
P1: N=30, mean=0.666667 (+/-0.17157).
P2: N=30, mean=0.366667 (+/-0.175388).
Game Durations: N=60, mean=28.433333 (+/-3.886661).
P1: N=30, mean=28.233333 (+/-5.542555).
P2: N=30, mean=28.633333 (+/-5.543989).

Agent 2 (SHUCT)
Winning score (between 0 and 1) : N=60, mean=0.483333 (+/-0.127512).
P1: N=30, mean=0.633333 (+/-0.175388).
P2: N=30, mean=0.333333 (+/-0.17157).
Game Durations: N=60, mean=28.433333 (+/-3.886661).
P1: N=30, mean=28.633333 (+/-5.543989).
P2: N=30, mean=28.233333 (+/-5.542555).
=====================================================
=====================================================
Completed 70 games.

Agent 1 (SHUCTAnyTime)
Winning score (between 0 and 1) : N=70, mean=0.535714 (+/-0.116826).
P1: N=35, mean=0.714286 (+/-0.151848).
P2: N=35, mean=0.357143 (+/-0.158534).
Game Durations: N=70, mean=28.028571 (+/-3.684378).
P1: N=35, mean=27.857143 (+/-5.168196).
P2: N=35, mean=28.2 (+/-5.327307).

Agent 2 (SHUCT)
Winning score (between 0 and 1) : N=70, mean=0.464286 (+/-0.116826).
P1: N=35, mean=0.642857 (+/-0.158534).
P2: N=35, mean=0.285714 (+/-0.151848).
Game Durations: N=70, mean=28.028571 (+/-3.684378).
P1: N=35, mean=28.2 (+/-5.327307).
P2: N=35, mean=27.857143 (+/-5.168196).
=====================================================
=====================================================
Completed 80 games.

Agent 1 (SHUCTAnyTime)
Winning score (between 0 and 1) : N=80, mean=0.575 (+/-0.107606).
P1: N=40, mean=0.75 (+/-0.135899).
P2: N=40, mean=0.4 (+/-0.149694).
Game Durations: N=80, mean=27.975 (+/-3.520611).
P1: N=40, mean=26 (+/-4.78446).
P2: N=40, mean=29.95 (+/-5.153151).

Agent 2 (SHUCT)
Winning score (between 0 and 1) : N=80, mean=0.425 (+/-0.107606).
P1: N=40, mean=0.6 (+/-0.149694).
P2: N=40, mean=0.25 (+/-0.135899).
Game Durations: N=80, mean=27.975 (+/-3.520611).
P1: N=40, mean=29.95 (+/-5.153151).
P2: N=40, mean=26 (+/-4.78446).
=====================================================
=====================================================
Completed 90 games.

Agent 1 (SHUCTAnyTime)
Winning score (between 0 and 1) : N=90, mean=0.577778 (+/-0.101438).
P1: N=45, mean=0.733333 (+/-0.130664).
P2: N=45, mean=0.422222 (+/-0.142577).
Game Durations: N=90, mean=27.6 (+/-3.278441).
P1: N=45, mean=25.622222 (+/-4.350742).
P2: N=45, mean=29.577778 (+/-4.885621).

Agent 2 (SHUCT)
Winning score (between 0 and 1) : N=90, mean=0.422222 (+/-0.101438).
P1: N=45, mean=0.577778 (+/-0.142577).
P2: N=45, mean=0.266667 (+/-0.130664).
Game Durations: N=90, mean=27.6 (+/-3.278441).
P1: N=45, mean=29.577778 (+/-4.885621).
P2: N=45, mean=25.622222 (+/-4.350742).
=====================================================
=====================================================
Completed 100 games.

Agent 1 (SHUCTAnyTime)
Winning score (between 0 and 1) : N=100, mean=0.58 (+/-0.09622).
P1: N=50, mean=0.74 (+/-0.122815).
P2: N=50, mean=0.42 (+/-0.135327).
Game Durations: N=100, mean=27.31 (+/-3.004845).
P1: N=50, mean=25.5 (+/-3.98783).
P2: N=50, mean=29.12 (+/-4.479783).

Agent 2 (SHUCT)
Winning score (between 0 and 1) : N=100, mean=0.42 (+/-0.09622).
P1: N=50, mean=0.58 (+/-0.135327).
P2: N=50, mean=0.26 (+/-0.122815).
Game Durations: N=100, mean=27.31 (+/-3.004845).
P1: N=50, mean=29.12 (+/-4.479783).
P2: N=50, mean=25.5 (+/-3.98783).
=====================================================
=====================================================
Completed 110 games.

Agent 1 (SHUCTAnyTime)
Winning score (between 0 and 1) : N=110, mean=0.554545 (+/-0.092442).
P1: N=55, mean=0.690909 (+/-0.123255).
P2: N=55, mean=0.418182 (+/-0.12908).
Game Durations: N=110, mean=26.881818 (+/-2.771771).
P1: N=55, mean=25.163636 (+/-3.707882).
P2: N=55, mean=28.6 (+/-4.104509).

Agent 2 (SHUCT)
Winning score (between 0 and 1) : N=110, mean=0.445455 (+/-0.092442).
P1: N=55, mean=0.581818 (+/-0.12908).
P2: N=55, mean=0.309091 (+/-0.123255).
Game Durations: N=110, mean=26.881818 (+/-2.771771).
P1: N=55, mean=28.6 (+/-4.104509).
P2: N=55, mean=25.163636 (+/-3.707882).
=====================================================
=====================================================
Completed 120 games.

Agent 1 (SHUCTAnyTime)
Winning score (between 0 and 1) : N=120, mean=0.55 (+/-0.088629).
P1: N=60, mean=0.666667 (+/-0.120286).
P2: N=60, mean=0.433333 (+/-0.124279).
Game Durations: N=120, mean=26.65 (+/-2.64808).
P1: N=60, mean=24.6 (+/-3.478802).
P2: N=60, mean=28.7 (+/-3.954455).

Agent 2 (SHUCT)
Winning score (between 0 and 1) : N=120, mean=0.45 (+/-0.088629).
P1: N=60, mean=0.566667 (+/-0.124279).
P2: N=60, mean=0.333333 (+/-0.120286).
Game Durations: N=120, mean=26.65 (+/-2.64808).
P1: N=60, mean=28.7 (+/-3.954455).
P2: N=60, mean=24.6 (+/-3.478802).
=====================================================
=====================================================
Completed 130 games.

Agent 1 (SHUCTAnyTime)
Winning score (between 0 and 1) : N=130, mean=0.542308 (+/-0.084968).
P1: N=65, mean=0.669231 (+/-0.114262).
P2: N=65, mean=0.415385 (+/-0.118803).
Game Durations: N=130, mean=27.338462 (+/-2.618961).
P1: N=65, mean=25.861538 (+/-3.595512).
P2: N=65, mean=28.815385 (+/-3.802712).

Agent 2 (SHUCT)
Winning score (between 0 and 1) : N=130, mean=0.457692 (+/-0.084968).
P1: N=65, mean=0.584615 (+/-0.118803).
P2: N=65, mean=0.330769 (+/-0.114262).
Game Durations: N=130, mean=27.338462 (+/-2.618961).
P1: N=65, mean=28.815385 (+/-3.802712).
P2: N=65, mean=25.861538 (+/-3.595512).
=====================================================
=====================================================
Completed 140 games.

Agent 1 (SHUCTAnyTime)
Winning score (between 0 and 1) : N=140, mean=0.553571 (+/-0.081742).
P1: N=70, mean=0.678571 (+/-0.109289).
P2: N=70, mean=0.428571 (+/-0.11505).
Game Durations: N=140, mean=27.2 (+/-2.497595).
P1: N=70, mean=25.871429 (+/-3.410393).
P2: N=70, mean=28.528571 (+/-3.64766).

Agent 2 (SHUCT)
Winning score (between 0 and 1) : N=140, mean=0.446429 (+/-0.081742).
P1: N=70, mean=0.571429 (+/-0.11505).
P2: N=70, mean=0.321429 (+/-0.109289).
Game Durations: N=140, mean=27.2 (+/-2.497595).
P1: N=70, mean=28.528571 (+/-3.64766).
P2: N=70, mean=25.871429 (+/-3.410393).
=====================================================
=====================================================
Completed 150 games.

Agent 1 (SHUCTAnyTime)
Winning score (between 0 and 1) : N=150, mean=0.54 (+/-0.078945).
P1: N=75, mean=0.666667 (+/-0.105782).
P2: N=75, mean=0.413333 (+/-0.110643).
Game Durations: N=150, mean=27.42 (+/-2.414357).
P1: N=75, mean=26.266667 (+/-3.348837).
P2: N=75, mean=28.573333 (+/-3.481552).

Agent 2 (SHUCT)
Winning score (between 0 and 1) : N=150, mean=0.46 (+/-0.078945).
P1: N=75, mean=0.586667 (+/-0.110643).
P2: N=75, mean=0.333333 (+/-0.105782).
Game Durations: N=150, mean=27.42 (+/-2.414357).
P1: N=75, mean=28.573333 (+/-3.481552).
P2: N=75, mean=26.266667 (+/-3.348837).
=====================================================
