Warming up...
Finished warming up!
=====================================================
Completed 1 games.

Agent 1 (SHUCT)
Winning score (between 0 and 1) : N=1, mean=1 (+/-0).
P1: N=1, mean=1 (+/-0).
P2: N=0, mean=0 (+/-0).
Game Durations: N=1, mean=9 (+/-0).
P1: N=1, mean=9 (+/-0).
P2: N=0, mean=0 (+/-0).

Agent 2 (UCT)
Winning score (between 0 and 1) : N=1, mean=0 (+/-0).
P1: N=0, mean=0 (+/-0).
P2: N=1, mean=0 (+/-0).
Game Durations: N=1, mean=9 (+/-0).
P1: N=0, mean=0 (+/-0).
P2: N=1, mean=9 (+/-0).
=====================================================
=====================================================
Completed 2 games.

Agent 1 (SHUCT)
Winning score (between 0 and 1) : N=2, mean=1 (+/-0).
P1: N=1, mean=1 (+/-0).
P2: N=1, mean=1 (+/-0).
Game Durations: N=2, mean=10.5 (+/-2.93994).
P1: N=1, mean=9 (+/-0).
P2: N=1, mean=12 (+/-0).

Agent 2 (UCT)
Winning score (between 0 and 1) : N=2, mean=0 (+/-0).
P1: N=1, mean=0 (+/-0).
P2: N=1, mean=0 (+/-0).
Game Durations: N=2, mean=10.5 (+/-2.93994).
P1: N=1, mean=12 (+/-0).
P2: N=1, mean=9 (+/-0).
=====================================================
=====================================================
Completed 3 games.

Agent 1 (SHUCT)
Winning score (between 0 and 1) : N=3, mean=1 (+/-0).
P1: N=2, mean=1 (+/-0).
P2: N=1, mean=1 (+/-0).
Game Durations: N=3, mean=10 (+/-1.95996).
P1: N=2, mean=9 (+/-0).
P2: N=1, mean=12 (+/-0).

Agent 2 (UCT)
Winning score (between 0 and 1) : N=3, mean=0 (+/-0).
P1: N=1, mean=0 (+/-0).
P2: N=2, mean=0 (+/-0).
Game Durations: N=3, mean=10 (+/-1.95996).
P1: N=1, mean=12 (+/-0).
P2: N=2, mean=9 (+/-0).
=====================================================
=====================================================
Completed 4 games.

Agent 1 (SHUCT)
Winning score (between 0 and 1) : N=4, mean=1 (+/-0).
P1: N=2, mean=1 (+/-0).
P2: N=2, mean=1 (+/-0).
Game Durations: N=4, mean=10 (+/-1.385901).
P1: N=2, mean=9 (+/-0).
P2: N=2, mean=11 (+/-1.95996).

Agent 2 (UCT)
Winning score (between 0 and 1) : N=4, mean=0 (+/-0).
P1: N=2, mean=0 (+/-0).
P2: N=2, mean=0 (+/-0).
Game Durations: N=4, mean=10 (+/-1.385901).
P1: N=2, mean=11 (+/-1.95996).
P2: N=2, mean=9 (+/-0).
=====================================================
=====================================================
Completed 5 games.

Agent 1 (SHUCT)
Winning score (between 0 and 1) : N=5, mean=1 (+/-0).
P1: N=3, mean=1 (+/-0).
P2: N=2, mean=1 (+/-0).
Game Durations: N=5, mean=9.8 (+/-1.142843).
P1: N=3, mean=9 (+/-0).
P2: N=2, mean=11 (+/-1.95996).

Agent 2 (UCT)
Winning score (between 0 and 1) : N=5, mean=0 (+/-0).
P1: N=2, mean=0 (+/-0).
P2: N=3, mean=0 (+/-0).
Game Durations: N=5, mean=9.8 (+/-1.142843).
P1: N=2, mean=11 (+/-1.95996).
P2: N=3, mean=9 (+/-0).
=====================================================
=====================================================
Completed 10 games.

Agent 1 (SHUCT)
Winning score (between 0 and 1) : N=10, mean=1 (+/-0).
P1: N=5, mean=1 (+/-0).
P2: N=5, mean=1 (+/-0).
Game Durations: N=10, mean=12.1 (+/-2.869406).
P1: N=5, mean=11 (+/-2.479175).
P2: N=5, mean=13.2 (+/-5.346058).

Agent 2 (UCT)
Winning score (between 0 and 1) : N=10, mean=0 (+/-0).
P1: N=5, mean=0 (+/-0).
P2: N=5, mean=0 (+/-0).
Game Durations: N=10, mean=12.1 (+/-2.869406).
P1: N=5, mean=13.2 (+/-5.346058).
P2: N=5, mean=11 (+/-2.479175).
=====================================================
=====================================================
Completed 20 games.

Agent 1 (SHUCT)
Winning score (between 0 and 1) : N=20, mean=0.9 (+/-0.134894).
P1: N=10, mean=0.9 (+/-0.195996).
P2: N=10, mean=0.9 (+/-0.195996).
Game Durations: N=20, mean=12.2 (+/-1.835304).
P1: N=10, mean=10.9 (+/-1.444709).
P2: N=10, mean=13.5 (+/-3.269865).

Agent 2 (UCT)
Winning score (between 0 and 1) : N=20, mean=0.1 (+/-0.134894).
P1: N=10, mean=0.1 (+/-0.195996).
P2: N=10, mean=0.1 (+/-0.195996).
Game Durations: N=20, mean=12.2 (+/-1.835304).
P1: N=10, mean=13.5 (+/-3.269865).
P2: N=10, mean=10.9 (+/-1.444709).
=====================================================
=====================================================
Completed 30 games.

Agent 1 (SHUCT)
Winning score (between 0 and 1) : N=30, mean=0.9 (+/-0.109187).
P1: N=15, mean=0.933333 (+/-0.130664).
P2: N=15, mean=0.866667 (+/-0.178065).
Game Durations: N=30, mean=12.2 (+/-1.410846).
P1: N=15, mean=11.066667 (+/-1.122929).
P2: N=15, mean=13.333333 (+/-2.506084).

Agent 2 (UCT)
Winning score (between 0 and 1) : N=30, mean=0.1 (+/-0.109187).
P1: N=15, mean=0.133333 (+/-0.178065).
P2: N=15, mean=0.066667 (+/-0.130664).
Game Durations: N=30, mean=12.2 (+/-1.410846).
P1: N=15, mean=13.333333 (+/-2.506084).
P2: N=15, mean=11.066667 (+/-1.122929).
=====================================================
=====================================================
Completed 40 games.

Agent 1 (SHUCT)
Winning score (between 0 and 1) : N=40, mean=0.875 (+/-0.103794).
P1: N=20, mean=0.95 (+/-0.097998).
P2: N=20, mean=0.8 (+/-0.179858).
Game Durations: N=40, mean=13.575 (+/-2.278227).
P1: N=20, mean=11.15 (+/-0.946128).
P2: N=20, mean=16 (+/-4.246712).

Agent 2 (UCT)
Winning score (between 0 and 1) : N=40, mean=0.125 (+/-0.103794).
P1: N=20, mean=0.2 (+/-0.179858).
P2: N=20, mean=0.05 (+/-0.097998).
Game Durations: N=40, mean=13.575 (+/-2.278227).
P1: N=20, mean=16 (+/-4.246712).
P2: N=20, mean=11.15 (+/-0.946128).
=====================================================
=====================================================
Completed 50 games.

Agent 1 (SHUCT)
Winning score (between 0 and 1) : N=50, mean=0.9 (+/-0.083998).
P1: N=25, mean=0.96 (+/-0.078398).
P2: N=25, mean=0.84 (+/-0.14667).
Game Durations: N=50, mean=13.16 (+/-1.877724).
P1: N=25, mean=11.44 (+/-1.097578).
P2: N=25, mean=14.88 (+/-3.499357).

Agent 2 (UCT)
Winning score (between 0 and 1) : N=50, mean=0.1 (+/-0.083998).
P1: N=25, mean=0.16 (+/-0.14667).
P2: N=25, mean=0.04 (+/-0.078398).
Game Durations: N=50, mean=13.16 (+/-1.877724).
P1: N=25, mean=14.88 (+/-3.499357).
P2: N=25, mean=11.44 (+/-1.097578).
=====================================================
=====================================================
Completed 60 games.

Agent 1 (SHUCT)
Winning score (between 0 and 1) : N=60, mean=0.916667 (+/-0.070524).
P1: N=30, mean=0.966667 (+/-0.065332).
P2: N=30, mean=0.866667 (+/-0.123721).
Game Durations: N=60, mean=13.583333 (+/-1.641336).
P1: N=30, mean=11.833333 (+/-1.080007).
P2: N=30, mean=15.333333 (+/-2.997328).

Agent 2 (UCT)
Winning score (between 0 and 1) : N=60, mean=0.083333 (+/-0.070524).
P1: N=30, mean=0.133333 (+/-0.123721).
P2: N=30, mean=0.033333 (+/-0.065332).
Game Durations: N=60, mean=13.583333 (+/-1.641336).
P1: N=30, mean=15.333333 (+/-2.997328).
P2: N=30, mean=11.833333 (+/-1.080007).
=====================================================
=====================================================
Completed 70 games.

Agent 1 (SHUCT)
Winning score (between 0 and 1) : N=70, mean=0.914286 (+/-0.066053).
P1: N=35, mean=0.971429 (+/-0.055999).
P2: N=35, mean=0.857143 (+/-0.117621).
Game Durations: N=70, mean=13.357143 (+/-1.453975).
P1: N=35, mean=11.828571 (+/-1.097265).
P2: N=35, mean=14.885714 (+/-2.616975).

Agent 2 (UCT)
Winning score (between 0 and 1) : N=70, mean=0.085714 (+/-0.066053).
P1: N=35, mean=0.142857 (+/-0.117621).
P2: N=35, mean=0.028571 (+/-0.055999).
Game Durations: N=70, mean=13.357143 (+/-1.453975).
P1: N=35, mean=14.885714 (+/-2.616975).
P2: N=35, mean=11.828571 (+/-1.097265).
=====================================================
=====================================================
Completed 80 games.

Agent 1 (SHUCT)
Winning score (between 0 and 1) : N=80, mean=0.9 (+/-0.066154).
P1: N=40, mean=0.95 (+/-0.068401).
P2: N=40, mean=0.85 (+/-0.112065).
Game Durations: N=80, mean=13.45 (+/-1.301726).
P1: N=40, mean=12 (+/-1.047978).
P2: N=40, mean=14.9 (+/-2.313528).

Agent 2 (UCT)
Winning score (between 0 and 1) : N=80, mean=0.1 (+/-0.066154).
P1: N=40, mean=0.15 (+/-0.112065).
P2: N=40, mean=0.05 (+/-0.068401).
Game Durations: N=80, mean=13.45 (+/-1.301726).
P1: N=40, mean=14.9 (+/-2.313528).
P2: N=40, mean=12 (+/-1.047978).
=====================================================
=====================================================
Completed 90 games.

Agent 1 (SHUCT)
Winning score (between 0 and 1) : N=90, mean=0.9 (+/-0.062327).
P1: N=45, mean=0.955556 (+/-0.060892).
P2: N=45, mean=0.844444 (+/-0.10709).
Game Durations: N=90, mean=13.311111 (+/-1.179984).
P1: N=45, mean=11.977778 (+/-0.991766).
P2: N=45, mean=14.644444 (+/-2.082959).

Agent 2 (UCT)
Winning score (between 0 and 1) : N=90, mean=0.1 (+/-0.062327).
P1: N=45, mean=0.155556 (+/-0.10709).
P2: N=45, mean=0.044444 (+/-0.060892).
Game Durations: N=90, mean=13.311111 (+/-1.179984).
P1: N=45, mean=14.644444 (+/-2.082959).
P2: N=45, mean=11.977778 (+/-0.991766).
=====================================================
=====================================================
Completed 100 games.

Agent 1 (SHUCT)
Winning score (between 0 and 1) : N=100, mean=0.89 (+/-0.061634).
P1: N=50, mean=0.94 (+/-0.066495).
P2: N=50, mean=0.84 (+/-0.102648).
Game Durations: N=100, mean=13.49 (+/-1.112388).
P1: N=50, mean=12.5 (+/-1.132853).
P2: N=50, mean=14.48 (+/-1.887618).

Agent 2 (UCT)
Winning score (between 0 and 1) : N=100, mean=0.11 (+/-0.061634).
P1: N=50, mean=0.16 (+/-0.102648).
P2: N=50, mean=0.06 (+/-0.066495).
Game Durations: N=100, mean=13.49 (+/-1.112388).
P1: N=50, mean=14.48 (+/-1.887618).
P2: N=50, mean=12.5 (+/-1.132853).
=====================================================
