Warming up...
Finished warming up!
=====================================================
Completed 1 games.

Agent 1 (SHUCT)
Winning score (between 0 and 1) : N=1, mean=0 (+/-0).
P1: N=1, mean=0 (+/-0).
P2: N=0, mean=0 (+/-0).
Game Durations: N=1, mean=10 (+/-0).
P1: N=1, mean=10 (+/-0).
P2: N=0, mean=0 (+/-0).

Agent 2 (UCT)
Winning score (between 0 and 1) : N=1, mean=1 (+/-0).
P1: N=0, mean=0 (+/-0).
P2: N=1, mean=1 (+/-0).
Game Durations: N=1, mean=10 (+/-0).
P1: N=0, mean=0 (+/-0).
P2: N=1, mean=10 (+/-0).
=====================================================
=====================================================
Completed 2 games.

Agent 1 (SHUCT)
Winning score (between 0 and 1) : N=2, mean=0 (+/-0).
P1: N=1, mean=0 (+/-0).
P2: N=1, mean=0 (+/-0).
Game Durations: N=2, mean=11.5 (+/-2.93994).
P1: N=1, mean=10 (+/-0).
P2: N=1, mean=13 (+/-0).

Agent 2 (UCT)
Winning score (between 0 and 1) : N=2, mean=1 (+/-0).
P1: N=1, mean=1 (+/-0).
P2: N=1, mean=1 (+/-0).
Game Durations: N=2, mean=11.5 (+/-2.93994).
P1: N=1, mean=13 (+/-0).
P2: N=1, mean=10 (+/-0).
=====================================================
=====================================================
Completed 3 games.

Agent 1 (SHUCT)
Winning score (between 0 and 1) : N=3, mean=0.333333 (+/-0.65332).
P1: N=2, mean=0.5 (+/-0.97998).
P2: N=1, mean=0 (+/-0).
Game Durations: N=3, mean=14.666667 (+/-6.434456).
P1: N=2, mean=15.5 (+/-10.77978).
P2: N=1, mean=13 (+/-0).

Agent 2 (UCT)
Winning score (between 0 and 1) : N=3, mean=0.666667 (+/-0.65332).
P1: N=1, mean=1 (+/-0).
P2: N=2, mean=0.5 (+/-0.97998).
Game Durations: N=3, mean=14.666667 (+/-6.434456).
P1: N=1, mean=13 (+/-0).
P2: N=2, mean=15.5 (+/-10.77978).
=====================================================
=====================================================
Completed 4 games.

Agent 1 (SHUCT)
Winning score (between 0 and 1) : N=4, mean=0.25 (+/-0.48999).
P1: N=2, mean=0.5 (+/-0.97998).
P2: N=2, mean=0 (+/-0).
Game Durations: N=4, mean=19.25 (+/-10.069662).
P1: N=2, mean=15.5 (+/-10.77978).
P2: N=2, mean=23 (+/-19.5996).

Agent 2 (UCT)
Winning score (between 0 and 1) : N=4, mean=0.75 (+/-0.48999).
P1: N=2, mean=1 (+/-0).
P2: N=2, mean=0.5 (+/-0.97998).
Game Durations: N=4, mean=19.25 (+/-10.069662).
P1: N=2, mean=23 (+/-19.5996).
P2: N=2, mean=15.5 (+/-10.77978).
=====================================================
=====================================================
Completed 5 games.

Agent 1 (SHUCT)
Winning score (between 0 and 1) : N=5, mean=0.2 (+/-0.391992).
P1: N=3, mean=0.333333 (+/-0.65332).
P2: N=2, mean=0 (+/-0).
Game Durations: N=5, mean=17.8 (+/-8.301535).
P1: N=3, mean=14.333333 (+/-6.630474).
P2: N=2, mean=23 (+/-19.5996).

Agent 2 (UCT)
Winning score (between 0 and 1) : N=5, mean=0.8 (+/-0.391992).
P1: N=2, mean=1 (+/-0).
P2: N=3, mean=0.666667 (+/-0.65332).
Game Durations: N=5, mean=17.8 (+/-8.301535).
P1: N=2, mean=23 (+/-19.5996).
P2: N=3, mean=14.333333 (+/-6.630474).
=====================================================
=====================================================
Completed 10 games.

Agent 1 (SHUCT)
Winning score (between 0 and 1) : N=10, mean=0.2 (+/-0.261328).
P1: N=5, mean=0.4 (+/-0.48009).
P2: N=5, mean=0 (+/-0).
Game Durations: N=10, mean=19.1 (+/-4.614586).
P1: N=5, mean=17.2 (+/-6.423169).
P2: N=5, mean=21 (+/-6.901731).

Agent 2 (UCT)
Winning score (between 0 and 1) : N=10, mean=0.8 (+/-0.261328).
P1: N=5, mean=1 (+/-0).
P2: N=5, mean=0.6 (+/-0.48009).
Game Durations: N=10, mean=19.1 (+/-4.614586).
P1: N=5, mean=21 (+/-6.901731).
P2: N=5, mean=17.2 (+/-6.423169).
=====================================================
=====================================================
Completed 20 games.

Agent 1 (SHUCT)
Winning score (between 0 and 1) : N=20, mean=0.3 (+/-0.206054).
P1: N=10, mean=0.3 (+/-0.299389).
P2: N=10, mean=0.3 (+/-0.299389).
Game Durations: N=20, mean=19.1 (+/-3.045997).
P1: N=10, mean=15.9 (+/-3.474901).
P2: N=10, mean=22.3 (+/-4.284604).

Agent 2 (UCT)
Winning score (between 0 and 1) : N=20, mean=0.7 (+/-0.206054).
P1: N=10, mean=0.7 (+/-0.299389).
P2: N=10, mean=0.7 (+/-0.299389).
Game Durations: N=20, mean=19.1 (+/-3.045997).
P1: N=10, mean=22.3 (+/-4.284604).
P2: N=10, mean=15.9 (+/-3.474901).
=====================================================
=====================================================
Completed 30 games.

Agent 1 (SHUCT)
Winning score (between 0 and 1) : N=30, mean=0.366667 (+/-0.175388).
P1: N=15, mean=0.466667 (+/-0.261328).
P2: N=15, mean=0.266667 (+/-0.231643).
Game Durations: N=30, mean=18.466667 (+/-2.250907).
P1: N=15, mean=16.6 (+/-2.79022).
P2: N=15, mean=20.333333 (+/-3.36045).

Agent 2 (UCT)
Winning score (between 0 and 1) : N=30, mean=0.633333 (+/-0.175388).
P1: N=15, mean=0.733333 (+/-0.231643).
P2: N=15, mean=0.533333 (+/-0.261328).
Game Durations: N=30, mean=18.466667 (+/-2.250907).
P1: N=15, mean=20.333333 (+/-3.36045).
P2: N=15, mean=16.6 (+/-2.79022).
=====================================================
=====================================================
Completed 40 games.

Agent 1 (SHUCT)
Winning score (between 0 and 1) : N=40, mean=0.4 (+/-0.153752).
P1: N=20, mean=0.5 (+/-0.224823).
P2: N=20, mean=0.3 (+/-0.206054).
Game Durations: N=40, mean=18.05 (+/-2.048363).
P1: N=20, mean=17.3 (+/-2.928226).
P2: N=20, mean=18.8 (+/-2.902218).

Agent 2 (UCT)
Winning score (between 0 and 1) : N=40, mean=0.6 (+/-0.153752).
P1: N=20, mean=0.7 (+/-0.206054).
P2: N=20, mean=0.5 (+/-0.224823).
Game Durations: N=40, mean=18.05 (+/-2.048363).
P1: N=20, mean=18.8 (+/-2.902218).
P2: N=20, mean=17.3 (+/-2.928226).
=====================================================
=====================================================
Completed 50 games.

Agent 1 (SHUCT)
Winning score (between 0 and 1) : N=50, mean=0.48 (+/-0.139885).
P1: N=25, mean=0.56 (+/-0.198592).
P2: N=25, mean=0.4 (+/-0.195996).
Game Durations: N=50, mean=17.82 (+/-1.720259).
P1: N=25, mean=17.68 (+/-2.426237).
P2: N=25, mean=17.96 (+/-2.488146).

Agent 2 (UCT)
Winning score (between 0 and 1) : N=50, mean=0.52 (+/-0.139885).
P1: N=25, mean=0.6 (+/-0.195996).
P2: N=25, mean=0.44 (+/-0.198592).
Game Durations: N=50, mean=17.82 (+/-1.720259).
P1: N=25, mean=17.96 (+/-2.488146).
P2: N=25, mean=17.68 (+/-2.426237).
=====================================================
=====================================================
Completed 60 games.

Agent 1 (SHUCT)
Winning score (between 0 and 1) : N=60, mean=0.483333 (+/-0.127512).
P1: N=30, mean=0.533333 (+/-0.181573).
P2: N=30, mean=0.433333 (+/-0.180353).
Game Durations: N=60, mean=17.75 (+/-1.573374).
P1: N=30, mean=17.666667 (+/-2.1229).
P2: N=30, mean=17.833333 (+/-2.358857).

Agent 2 (UCT)
Winning score (between 0 and 1) : N=60, mean=0.516667 (+/-0.127512).
P1: N=30, mean=0.566667 (+/-0.180353).
P2: N=30, mean=0.466667 (+/-0.181573).
Game Durations: N=60, mean=17.75 (+/-1.573374).
P1: N=30, mean=17.833333 (+/-2.358857).
P2: N=30, mean=17.666667 (+/-2.1229).
=====================================================
=====================================================
Completed 70 games.

Agent 1 (SHUCT)
Winning score (between 0 and 1) : N=70, mean=0.5 (+/-0.117976).
P1: N=35, mean=0.542857 (+/-0.167447).
P2: N=35, mean=0.457143 (+/-0.167447).
Game Durations: N=70, mean=17.942857 (+/-1.425163).
P1: N=35, mean=17.971429 (+/-1.890349).
P2: N=35, mean=17.914286 (+/-2.161073).

Agent 2 (UCT)
Winning score (between 0 and 1) : N=70, mean=0.5 (+/-0.117976).
P1: N=35, mean=0.542857 (+/-0.167447).
P2: N=35, mean=0.457143 (+/-0.167447).
Game Durations: N=70, mean=17.942857 (+/-1.425163).
P1: N=35, mean=17.914286 (+/-2.161073).
P2: N=35, mean=17.971429 (+/-1.890349).
=====================================================
=====================================================
Completed 80 games.

Agent 1 (SHUCT)
Winning score (between 0 and 1) : N=80, mean=0.5125 (+/-0.110222).
P1: N=40, mean=0.55 (+/-0.156136).
P2: N=40, mean=0.475 (+/-0.156726).
Game Durations: N=80, mean=17.6125 (+/-1.305267).
P1: N=40, mean=17.6 (+/-1.741485).
P2: N=40, mean=17.625 (+/-1.967093).

Agent 2 (UCT)
Winning score (between 0 and 1) : N=80, mean=0.4875 (+/-0.110222).
P1: N=40, mean=0.525 (+/-0.156726).
P2: N=40, mean=0.45 (+/-0.156136).
Game Durations: N=80, mean=17.6125 (+/-1.305267).
P1: N=40, mean=17.625 (+/-1.967093).
P2: N=40, mean=17.6 (+/-1.741485).
=====================================================
=====================================================
Completed 90 games.

Agent 1 (SHUCT)
Winning score (between 0 and 1) : N=90, mean=0.533333 (+/-0.103647).
P1: N=45, mean=0.555556 (+/-0.146823).
P2: N=45, mean=0.511111 (+/-0.147701).
Game Durations: N=90, mean=17.255556 (+/-1.210049).
P1: N=45, mean=17.4 (+/-1.624844).
P2: N=45, mean=17.111111 (+/-1.810986).

Agent 2 (UCT)
Winning score (between 0 and 1) : N=90, mean=0.466667 (+/-0.103647).
P1: N=45, mean=0.488889 (+/-0.147701).
P2: N=45, mean=0.444444 (+/-0.146823).
Game Durations: N=90, mean=17.255556 (+/-1.210049).
P1: N=45, mean=17.111111 (+/-1.810986).
P2: N=45, mean=17.4 (+/-1.624844).
=====================================================
=====================================================
Completed 100 games.

Agent 1 (SHUCT)
Winning score (between 0 and 1) : N=100, mean=0.55 (+/-0.097998).
P1: N=50, mean=0.58 (+/-0.138194).
P2: N=50, mean=0.52 (+/-0.139885).
Game Durations: N=100, mean=17.29 (+/-1.142943).
P1: N=50, mean=17.5 (+/-1.588088).
P2: N=50, mean=17.08 (+/-1.658209).

Agent 2 (UCT)
Winning score (between 0 and 1) : N=100, mean=0.45 (+/-0.097998).
P1: N=50, mean=0.48 (+/-0.139885).
P2: N=50, mean=0.42 (+/-0.138194).
Game Durations: N=100, mean=17.29 (+/-1.142943).
P1: N=50, mean=17.08 (+/-1.658209).
P2: N=50, mean=17.5 (+/-1.588088).
=====================================================
