Warming up...
Finished warming up!
=====================================================
Completed 1 games.

Agent 1 (SHUCT)
Winning score (between 0 and 1) : N=1, mean=1 (+/-0).
P1: N=0, mean=0 (+/-0).
P2: N=1, mean=1 (+/-0).
Game Durations: N=1, mean=10 (+/-0).
P1: N=0, mean=0 (+/-0).
P2: N=1, mean=10 (+/-0).

Agent 2 (UCT)
Winning score (between 0 and 1) : N=1, mean=0 (+/-0).
P1: N=1, mean=0 (+/-0).
P2: N=0, mean=0 (+/-0).
Game Durations: N=1, mean=10 (+/-0).
P1: N=1, mean=10 (+/-0).
P2: N=0, mean=0 (+/-0).
=====================================================
=====================================================
Completed 2 games.

Agent 1 (SHUCT)
Winning score (between 0 and 1) : N=2, mean=1 (+/-0).
P1: N=1, mean=1 (+/-0).
P2: N=1, mean=1 (+/-0).
Game Durations: N=2, mean=9.5 (+/-0.97998).
P1: N=1, mean=9 (+/-0).
P2: N=1, mean=10 (+/-0).

Agent 2 (UCT)
Winning score (between 0 and 1) : N=2, mean=0 (+/-0).
P1: N=1, mean=0 (+/-0).
P2: N=1, mean=0 (+/-0).
Game Durations: N=2, mean=9.5 (+/-0.97998).
P1: N=1, mean=10 (+/-0).
P2: N=1, mean=9 (+/-0).
=====================================================
=====================================================
Completed 3 games.

Agent 1 (SHUCT)
Winning score (between 0 and 1) : N=3, mean=1 (+/-0).
P1: N=1, mean=1 (+/-0).
P2: N=2, mean=1 (+/-0).
Game Durations: N=3, mean=10.333333 (+/-1.728522).
P1: N=1, mean=9 (+/-0).
P2: N=2, mean=11 (+/-1.95996).

Agent 2 (UCT)
Winning score (between 0 and 1) : N=3, mean=0 (+/-0).
P1: N=2, mean=0 (+/-0).
P2: N=1, mean=0 (+/-0).
Game Durations: N=3, mean=10.333333 (+/-1.728522).
P1: N=2, mean=11 (+/-1.95996).
P2: N=1, mean=9 (+/-0).
=====================================================
=====================================================
Completed 4 games.

Agent 1 (SHUCT)
Winning score (between 0 and 1) : N=4, mean=1 (+/-0).
P1: N=2, mean=1 (+/-0).
P2: N=2, mean=1 (+/-0).
Game Durations: N=4, mean=10.5 (+/-1.265149).
P1: N=2, mean=10 (+/-1.95996).
P2: N=2, mean=11 (+/-1.95996).

Agent 2 (UCT)
Winning score (between 0 and 1) : N=4, mean=0 (+/-0).
P1: N=2, mean=0 (+/-0).
P2: N=2, mean=0 (+/-0).
Game Durations: N=4, mean=10.5 (+/-1.265149).
P1: N=2, mean=11 (+/-1.95996).
P2: N=2, mean=10 (+/-1.95996).
=====================================================
=====================================================
Completed 5 games.

Agent 1 (SHUCT)
Winning score (between 0 and 1) : N=5, mean=1 (+/-0).
P1: N=2, mean=1 (+/-0).
P2: N=3, mean=1 (+/-0).
Game Durations: N=5, mean=10.8 (+/-1.142843).
P1: N=2, mean=10 (+/-1.95996).
P2: N=3, mean=11.333333 (+/-1.30664).

Agent 2 (UCT)
Winning score (between 0 and 1) : N=5, mean=0 (+/-0).
P1: N=3, mean=0 (+/-0).
P2: N=2, mean=0 (+/-0).
Game Durations: N=5, mean=10.8 (+/-1.142843).
P1: N=3, mean=11.333333 (+/-1.30664).
P2: N=2, mean=10 (+/-1.95996).
=====================================================
=====================================================
Completed 10 games.

Agent 1 (SHUCT)
Winning score (between 0 and 1) : N=10, mean=1 (+/-0).
P1: N=5, mean=1 (+/-0).
P2: N=5, mean=1 (+/-0).
Game Durations: N=10, mean=10.3 (+/-0.718652).
P1: N=5, mean=9.8 (+/-0.96018).
P2: N=5, mean=10.8 (+/-0.96018).

Agent 2 (UCT)
Winning score (between 0 and 1) : N=10, mean=0 (+/-0).
P1: N=5, mean=0 (+/-0).
P2: N=5, mean=0 (+/-0).
Game Durations: N=10, mean=10.3 (+/-0.718652).
P1: N=5, mean=10.8 (+/-0.96018).
P2: N=5, mean=9.8 (+/-0.96018).
=====================================================
=====================================================
Completed 20 games.

Agent 1 (SHUCT)
Winning score (between 0 and 1) : N=20, mean=1 (+/-0).
P1: N=10, mean=1 (+/-0).
P2: N=10, mean=1 (+/-0).
Game Durations: N=20, mean=11.8 (+/-1.411916).
P1: N=10, mean=11 (+/-1.753042).
P2: N=10, mean=12.6 (+/-2.190328).

Agent 2 (UCT)
Winning score (between 0 and 1) : N=20, mean=0 (+/-0).
P1: N=10, mean=0 (+/-0).
P2: N=10, mean=0 (+/-0).
Game Durations: N=20, mean=11.8 (+/-1.411916).
P1: N=10, mean=12.6 (+/-2.190328).
P2: N=10, mean=11 (+/-1.753042).
=====================================================
=====================================================
Completed 30 games.

Agent 1 (SHUCT)
Winning score (between 0 and 1) : N=30, mean=1 (+/-0).
P1: N=15, mean=1 (+/-0).
P2: N=15, mean=1 (+/-0).
Game Durations: N=30, mean=12.966667 (+/-2.368943).
P1: N=15, mean=13.8 (+/-4.490629).
P2: N=15, mean=12.133333 (+/-1.643905).

Agent 2 (UCT)
Winning score (between 0 and 1) : N=30, mean=0 (+/-0).
P1: N=15, mean=0 (+/-0).
P2: N=15, mean=0 (+/-0).
Game Durations: N=30, mean=12.966667 (+/-2.368943).
P1: N=15, mean=12.133333 (+/-1.643905).
P2: N=15, mean=13.8 (+/-4.490629).
=====================================================
=====================================================
Completed 40 games.

Agent 1 (SHUCT)
Winning score (between 0 and 1) : N=40, mean=1 (+/-0).
P1: N=20, mean=1 (+/-0).
P2: N=20, mean=1 (+/-0).
Game Durations: N=40, mean=12.55 (+/-1.835321).
P1: N=20, mean=13.3 (+/-3.451159).
P2: N=20, mean=11.8 (+/-1.30009).

Agent 2 (UCT)
Winning score (between 0 and 1) : N=40, mean=0 (+/-0).
P1: N=20, mean=0 (+/-0).
P2: N=20, mean=0 (+/-0).
Game Durations: N=40, mean=12.55 (+/-1.835321).
P1: N=20, mean=11.8 (+/-1.30009).
P2: N=20, mean=13.3 (+/-3.451159).
=====================================================
=====================================================
Completed 50 games.

Agent 1 (SHUCT)
Winning score (between 0 and 1) : N=50, mean=1 (+/-0).
P1: N=25, mean=1 (+/-0).
P2: N=25, mean=1 (+/-0).
Game Durations: N=50, mean=12.54 (+/-1.547039).
P1: N=25, mean=13.32 (+/-2.90427).
P2: N=25, mean=11.76 (+/-1.069212).

Agent 2 (UCT)
Winning score (between 0 and 1) : N=50, mean=0 (+/-0).
P1: N=25, mean=0 (+/-0).
P2: N=25, mean=0 (+/-0).
Game Durations: N=50, mean=12.54 (+/-1.547039).
P1: N=25, mean=11.76 (+/-1.069212).
P2: N=25, mean=13.32 (+/-2.90427).
=====================================================
=====================================================
Completed 60 games.

Agent 1 (SHUCT)
Winning score (between 0 and 1) : N=60, mean=1 (+/-0).
P1: N=30, mean=1 (+/-0).
P2: N=30, mean=1 (+/-0).
Game Durations: N=60, mean=12.433333 (+/-1.338394).
P1: N=30, mean=13.133333 (+/-2.4787).
P2: N=30, mean=11.733333 (+/-1.007455).

Agent 2 (UCT)
Winning score (between 0 and 1) : N=60, mean=0 (+/-0).
P1: N=30, mean=0 (+/-0).
P2: N=30, mean=0 (+/-0).
Game Durations: N=60, mean=12.433333 (+/-1.338394).
P1: N=30, mean=11.733333 (+/-1.007455).
P2: N=30, mean=13.133333 (+/-2.4787).
=====================================================
=====================================================
Completed 70 games.

Agent 1 (SHUCT)
Winning score (between 0 and 1) : N=70, mean=0.985714 (+/-0.027999).
P1: N=35, mean=1 (+/-0).
P2: N=35, mean=0.971429 (+/-0.055999).
Game Durations: N=70, mean=12.285714 (+/-1.174448).
P1: N=35, mean=12.657143 (+/-2.16491).
P2: N=35, mean=11.914286 (+/-0.938319).

Agent 2 (UCT)
Winning score (between 0 and 1) : N=70, mean=0.014286 (+/-0.027999).
P1: N=35, mean=0.028571 (+/-0.055999).
P2: N=35, mean=0 (+/-0).
Game Durations: N=70, mean=12.285714 (+/-1.174448).
P1: N=35, mean=11.914286 (+/-0.938319).
P2: N=35, mean=12.657143 (+/-2.16491).
=====================================================
=====================================================
Completed 80 games.

Agent 1 (SHUCT)
Winning score (between 0 and 1) : N=80, mean=0.9875 (+/-0.024499).
P1: N=40, mean=1 (+/-0).
P2: N=40, mean=0.975 (+/-0.048999).
Game Durations: N=80, mean=12.5625 (+/-1.072293).
P1: N=40, mean=12.95 (+/-1.942228).
P2: N=40, mean=12.175 (+/-0.92541).

Agent 2 (UCT)
Winning score (between 0 and 1) : N=80, mean=0.0125 (+/-0.024499).
P1: N=40, mean=0.025 (+/-0.048999).
P2: N=40, mean=0 (+/-0).
Game Durations: N=80, mean=12.5625 (+/-1.072293).
P1: N=40, mean=12.175 (+/-0.92541).
P2: N=40, mean=12.95 (+/-1.942228).
=====================================================
=====================================================
Completed 90 games.

Agent 1 (SHUCT)
Winning score (between 0 and 1) : N=90, mean=0.988889 (+/-0.021777).
P1: N=45, mean=1 (+/-0).
P2: N=45, mean=0.977778 (+/-0.043555).
Game Durations: N=90, mean=12.533333 (+/-0.990179).
P1: N=45, mean=12.688889 (+/-1.752845).
P2: N=45, mean=12.377778 (+/-0.943238).

Agent 2 (UCT)
Winning score (between 0 and 1) : N=90, mean=0.011111 (+/-0.021777).
P1: N=45, mean=0.022222 (+/-0.043555).
P2: N=45, mean=0 (+/-0).
Game Durations: N=90, mean=12.533333 (+/-0.990179).
P1: N=45, mean=12.377778 (+/-0.943238).
P2: N=45, mean=12.688889 (+/-1.752845).
=====================================================
=====================================================
Completed 100 games.

Agent 1 (SHUCT)
Winning score (between 0 and 1) : N=100, mean=0.99 (+/-0.0196).
P1: N=50, mean=1 (+/-0).
P2: N=50, mean=0.98 (+/-0.039199).
Game Durations: N=100, mean=12.31 (+/-0.904707).
P1: N=50, mean=12.4 (+/-1.600627).
P2: N=50, mean=12.22 (+/-0.862619).

Agent 2 (UCT)
Winning score (between 0 and 1) : N=100, mean=0.01 (+/-0.0196).
P1: N=50, mean=0.02 (+/-0.039199).
P2: N=50, mean=0 (+/-0).
Game Durations: N=100, mean=12.31 (+/-0.904707).
P1: N=50, mean=12.22 (+/-0.862619).
P2: N=50, mean=12.4 (+/-1.600627).
=====================================================
