Warming up...
Finished warming up!
=====================================================
Completed 1 games.

Agent 1 (SHUCT)
Winning score (between 0 and 1) : N=1, mean=1 (+/-0).
P1: N=0, mean=0 (+/-0).
P2: N=1, mean=1 (+/-0).
Game Durations: N=1, mean=36 (+/-0).
P1: N=0, mean=0 (+/-0).
P2: N=1, mean=36 (+/-0).

Agent 2 (UCT)
Winning score (between 0 and 1) : N=1, mean=0 (+/-0).
P1: N=1, mean=0 (+/-0).
P2: N=0, mean=0 (+/-0).
Game Durations: N=1, mean=36 (+/-0).
P1: N=1, mean=36 (+/-0).
P2: N=0, mean=0 (+/-0).
=====================================================
=====================================================
Completed 2 games.

Agent 1 (SHUCT)
Winning score (between 0 and 1) : N=2, mean=1 (+/-0).
P1: N=1, mean=1 (+/-0).
P2: N=1, mean=1 (+/-0).
Game Durations: N=2, mean=25.5 (+/-20.57958).
P1: N=1, mean=15 (+/-0).
P2: N=1, mean=36 (+/-0).

Agent 2 (UCT)
Winning score (between 0 and 1) : N=2, mean=0 (+/-0).
P1: N=1, mean=0 (+/-0).
P2: N=1, mean=0 (+/-0).
Game Durations: N=2, mean=25.5 (+/-20.57958).
P1: N=1, mean=36 (+/-0).
P2: N=1, mean=15 (+/-0).
=====================================================
=====================================================
Completed 3 games.

Agent 1 (SHUCT)
Winning score (between 0 and 1) : N=3, mean=1 (+/-0).
P1: N=1, mean=1 (+/-0).
P2: N=2, mean=1 (+/-0).
Game Durations: N=3, mean=25 (+/-11.921971).
P1: N=1, mean=15 (+/-0).
P2: N=2, mean=30 (+/-11.75976).

Agent 2 (UCT)
Winning score (between 0 and 1) : N=3, mean=0 (+/-0).
P1: N=2, mean=0 (+/-0).
P2: N=1, mean=0 (+/-0).
Game Durations: N=3, mean=25 (+/-11.921971).
P1: N=2, mean=30 (+/-11.75976).
P2: N=1, mean=15 (+/-0).
=====================================================
=====================================================
Completed 4 games.

Agent 1 (SHUCT)
Winning score (between 0 and 1) : N=4, mean=1 (+/-0).
P1: N=2, mean=1 (+/-0).
P2: N=2, mean=1 (+/-0).
Game Durations: N=4, mean=22.5 (+/-9.750678).
P1: N=2, mean=15 (+/-0).
P2: N=2, mean=30 (+/-11.75976).

Agent 2 (UCT)
Winning score (between 0 and 1) : N=4, mean=0 (+/-0).
P1: N=2, mean=0 (+/-0).
P2: N=2, mean=0 (+/-0).
Game Durations: N=4, mean=22.5 (+/-9.750678).
P1: N=2, mean=30 (+/-11.75976).
P2: N=2, mean=15 (+/-0).
=====================================================
=====================================================
Completed 5 games.

Agent 1 (SHUCT)
Winning score (between 0 and 1) : N=5, mean=1 (+/-0).
P1: N=2, mean=1 (+/-0).
P2: N=3, mean=1 (+/-0).
Game Durations: N=5, mean=23.6 (+/-7.854526).
P1: N=2, mean=15 (+/-0).
P2: N=3, mean=29.333333 (+/-6.914089).

Agent 2 (UCT)
Winning score (between 0 and 1) : N=5, mean=0 (+/-0).
P1: N=3, mean=0 (+/-0).
P2: N=2, mean=0 (+/-0).
Game Durations: N=5, mean=23.6 (+/-7.854526).
P1: N=3, mean=29.333333 (+/-6.914089).
P2: N=2, mean=15 (+/-0).
=====================================================
=====================================================
Completed 10 games.

Agent 1 (SHUCT)
Winning score (between 0 and 1) : N=10, mean=0.8 (+/-0.261328).
P1: N=5, mean=0.8 (+/-0.391992).
P2: N=5, mean=0.8 (+/-0.391992).
Game Durations: N=10, mean=19.3 (+/-5.044121).
P1: N=5, mean=15.2 (+/-4.129892).
P2: N=5, mean=23.4 (+/-8.071609).

Agent 2 (UCT)
Winning score (between 0 and 1) : N=10, mean=0.2 (+/-0.261328).
P1: N=5, mean=0.2 (+/-0.391992).
P2: N=5, mean=0.2 (+/-0.391992).
Game Durations: N=10, mean=19.3 (+/-5.044121).
P1: N=5, mean=23.4 (+/-8.071609).
P2: N=5, mean=15.2 (+/-4.129892).
=====================================================
=====================================================
Completed 20 games.

Agent 1 (SHUCT)
Winning score (between 0 and 1) : N=20, mean=0.75 (+/-0.194702).
P1: N=10, mean=0.7 (+/-0.299389).
P2: N=10, mean=0.8 (+/-0.261328).
Game Durations: N=20, mean=18.15 (+/-3.757367).
P1: N=10, mean=16.7 (+/-5.62804).
P2: N=10, mean=19.6 (+/-5.11262).

Agent 2 (UCT)
Winning score (between 0 and 1) : N=20, mean=0.25 (+/-0.194702).
P1: N=10, mean=0.2 (+/-0.261328).
P2: N=10, mean=0.3 (+/-0.299389).
Game Durations: N=20, mean=18.15 (+/-3.757367).
P1: N=10, mean=19.6 (+/-5.11262).
P2: N=10, mean=16.7 (+/-5.62804).
=====================================================
=====================================================
Completed 30 games.

Agent 1 (SHUCT)
Winning score (between 0 and 1) : N=30, mean=0.766667 (+/-0.153936).
P1: N=15, mean=0.733333 (+/-0.231643).
P2: N=15, mean=0.8 (+/-0.209529).
Game Durations: N=30, mean=17.733333 (+/-2.893287).
P1: N=15, mean=15.4 (+/-3.923651).
P2: N=15, mean=20.066667 (+/-4.037013).

Agent 2 (UCT)
Winning score (between 0 and 1) : N=30, mean=0.233333 (+/-0.153936).
P1: N=15, mean=0.2 (+/-0.209529).
P2: N=15, mean=0.266667 (+/-0.231643).
Game Durations: N=30, mean=17.733333 (+/-2.893287).
P1: N=15, mean=20.066667 (+/-4.037013).
P2: N=15, mean=15.4 (+/-3.923651).
=====================================================
=====================================================
Completed 40 games.

Agent 1 (SHUCT)
Winning score (between 0 and 1) : N=40, mean=0.775 (+/-0.131056).
P1: N=20, mean=0.75 (+/-0.194702).
P2: N=20, mean=0.8 (+/-0.179858).
Game Durations: N=40, mean=16.525 (+/-2.297708).
P1: N=20, mean=14.75 (+/-2.982188).
P2: N=20, mean=18.3 (+/-3.392069).

Agent 2 (UCT)
Winning score (between 0 and 1) : N=40, mean=0.225 (+/-0.131056).
P1: N=20, mean=0.2 (+/-0.179858).
P2: N=20, mean=0.25 (+/-0.194702).
Game Durations: N=40, mean=16.525 (+/-2.297708).
P1: N=20, mean=18.3 (+/-3.392069).
P2: N=20, mean=14.75 (+/-2.982188).
=====================================================
=====================================================
Completed 50 games.

Agent 1 (SHUCT)
Winning score (between 0 and 1) : N=50, mean=0.78 (+/-0.115987).
P1: N=25, mean=0.76 (+/-0.170865).
P2: N=25, mean=0.8 (+/-0.16003).
Game Durations: N=50, mean=16.08 (+/-1.921863).
P1: N=25, mean=14.68 (+/-2.524522).
P2: N=25, mean=17.48 (+/-2.842775).

Agent 2 (UCT)
Winning score (between 0 and 1) : N=50, mean=0.22 (+/-0.115987).
P1: N=25, mean=0.2 (+/-0.16003).
P2: N=25, mean=0.24 (+/-0.170865).
Game Durations: N=50, mean=16.08 (+/-1.921863).
P1: N=25, mean=17.48 (+/-2.842775).
P2: N=25, mean=14.68 (+/-2.524522).
=====================================================
=====================================================
Completed 60 games.

Agent 1 (SHUCT)
Winning score (between 0 and 1) : N=60, mean=0.783333 (+/-0.105121).
P1: N=30, mean=0.8 (+/-0.145582).
P2: N=30, mean=0.766667 (+/-0.153936).
Game Durations: N=60, mean=16.15 (+/-1.718548).
P1: N=30, mean=14.8 (+/-2.256132).
P2: N=30, mean=17.5 (+/-2.538573).

Agent 2 (UCT)
Winning score (between 0 and 1) : N=60, mean=0.216667 (+/-0.105121).
P1: N=30, mean=0.233333 (+/-0.153936).
P2: N=30, mean=0.2 (+/-0.145582).
Game Durations: N=60, mean=16.15 (+/-1.718548).
P1: N=30, mean=17.5 (+/-2.538573).
P2: N=30, mean=14.8 (+/-2.256132).
=====================================================
=====================================================
Completed 70 games.

Agent 1 (SHUCT)
Winning score (between 0 and 1) : N=70, mean=0.785714 (+/-0.096817).
P1: N=35, mean=0.771429 (+/-0.141145).
P2: N=35, mean=0.8 (+/-0.134452).
Game Durations: N=70, mean=16.571429 (+/-1.67013).
P1: N=35, mean=15.914286 (+/-2.478356).
P2: N=35, mean=17.228571 (+/-2.254238).

Agent 2 (UCT)
Winning score (between 0 and 1) : N=70, mean=0.214286 (+/-0.096817).
P1: N=35, mean=0.2 (+/-0.134452).
P2: N=35, mean=0.228571 (+/-0.141145).
Game Durations: N=70, mean=16.571429 (+/-1.67013).
P1: N=35, mean=17.228571 (+/-2.254238).
P2: N=35, mean=15.914286 (+/-2.478356).
=====================================================
=====================================================
Completed 80 games.

Agent 1 (SHUCT)
Winning score (between 0 and 1) : N=80, mean=0.775 (+/-0.092082).
P1: N=40, mean=0.775 (+/-0.131056).
P2: N=40, mean=0.775 (+/-0.131056).
Game Durations: N=80, mean=16.725 (+/-1.540031).
P1: N=40, mean=16.025 (+/-2.314259).
P2: N=40, mean=17.425 (+/-2.038648).

Agent 2 (UCT)
Winning score (between 0 and 1) : N=80, mean=0.225 (+/-0.092082).
P1: N=40, mean=0.225 (+/-0.131056).
P2: N=40, mean=0.225 (+/-0.131056).
Game Durations: N=80, mean=16.725 (+/-1.540031).
P1: N=40, mean=17.425 (+/-2.038648).
P2: N=40, mean=16.025 (+/-2.314259).
=====================================================
=====================================================
Completed 90 games.

Agent 1 (SHUCT)
Winning score (between 0 and 1) : N=90, mean=0.766667 (+/-0.087871).
P1: N=45, mean=0.777778 (+/-0.122841).
P2: N=45, mean=0.755556 (+/-0.126983).
Game Durations: N=90, mean=16.866667 (+/-1.429072).
P1: N=45, mean=16.2 (+/-2.083373).
P2: N=45, mean=17.533333 (+/-1.960554).

Agent 2 (UCT)
Winning score (between 0 and 1) : N=90, mean=0.233333 (+/-0.087871).
P1: N=45, mean=0.244444 (+/-0.126983).
P2: N=45, mean=0.222222 (+/-0.122841).
Game Durations: N=90, mean=16.866667 (+/-1.429072).
P1: N=45, mean=17.533333 (+/-1.960554).
P2: N=45, mean=16.2 (+/-2.083373).
=====================================================
=====================================================
Completed 100 games.

Agent 1 (SHUCT)
Winning score (between 0 and 1) : N=100, mean=0.77 (+/-0.082897).
P1: N=50, mean=0.76 (+/-0.119581).
P2: N=50, mean=0.78 (+/-0.115987).
Game Durations: N=100, mean=17.17 (+/-1.419389).
P1: N=50, mean=16.28 (+/-1.982265).
P2: N=50, mean=18.06 (+/-2.021714).

Agent 2 (UCT)
Winning score (between 0 and 1) : N=100, mean=0.23 (+/-0.082897).
P1: N=50, mean=0.22 (+/-0.115987).
P2: N=50, mean=0.24 (+/-0.119581).
Game Durations: N=100, mean=17.17 (+/-1.419389).
P1: N=50, mean=18.06 (+/-2.021714).
P2: N=50, mean=16.28 (+/-1.982265).
=====================================================
