Warming up...
Finished warming up!
=====================================================
Completed 1 games.

Agent 1 (SHUCTAnyTime)
Winning score (between 0 and 1) : N=1, mean=1 (+/-0).
P1: N=1, mean=1 (+/-0).
P2: N=0, mean=0 (+/-0).
Game Durations: N=1, mean=43 (+/-0).
P1: N=1, mean=43 (+/-0).
P2: N=0, mean=0 (+/-0).

Agent 2 (SHUCT)
Winning score (between 0 and 1) : N=1, mean=0 (+/-0).
P1: N=0, mean=0 (+/-0).
P2: N=1, mean=0 (+/-0).
Game Durations: N=1, mean=43 (+/-0).
P1: N=0, mean=0 (+/-0).
P2: N=1, mean=43 (+/-0).
=====================================================
=====================================================
Completed 2 games.

Agent 1 (SHUCTAnyTime)
Winning score (between 0 and 1) : N=2, mean=0.5 (+/-0.97998).
P1: N=1, mean=1 (+/-0).
P2: N=1, mean=0 (+/-0).
Game Durations: N=2, mean=48 (+/-9.7998).
P1: N=1, mean=43 (+/-0).
P2: N=1, mean=53 (+/-0).

Agent 2 (SHUCT)
Winning score (between 0 and 1) : N=2, mean=0.5 (+/-0.97998).
P1: N=1, mean=1 (+/-0).
P2: N=1, mean=0 (+/-0).
Game Durations: N=2, mean=48 (+/-9.7998).
P1: N=1, mean=53 (+/-0).
P2: N=1, mean=43 (+/-0).
=====================================================
=====================================================
Completed 3 games.

Agent 1 (SHUCTAnyTime)
Winning score (between 0 and 1) : N=3, mean=0.333333 (+/-0.65332).
P1: N=2, mean=0.5 (+/-0.97998).
P2: N=1, mean=0 (+/-0).
Game Durations: N=3, mean=51.333333 (+/-8.642611).
P1: N=2, mean=50.5 (+/-14.6997).
P2: N=1, mean=53 (+/-0).

Agent 2 (SHUCT)
Winning score (between 0 and 1) : N=3, mean=0.666667 (+/-0.65332).
P1: N=1, mean=1 (+/-0).
P2: N=2, mean=0.5 (+/-0.97998).
Game Durations: N=3, mean=51.333333 (+/-8.642611).
P1: N=1, mean=53 (+/-0).
P2: N=2, mean=50.5 (+/-14.6997).
=====================================================
=====================================================
Completed 4 games.

Agent 1 (SHUCTAnyTime)
Winning score (between 0 and 1) : N=4, mean=0.5 (+/-0.565792).
P1: N=2, mean=0.5 (+/-0.97998).
P2: N=2, mean=0.5 (+/-0.97998).
Game Durations: N=4, mean=55 (+/-9.433633).
P1: N=2, mean=50.5 (+/-14.6997).
P2: N=2, mean=59.5 (+/-12.73974).

Agent 2 (SHUCT)
Winning score (between 0 and 1) : N=4, mean=0.5 (+/-0.565792).
P1: N=2, mean=0.5 (+/-0.97998).
P2: N=2, mean=0.5 (+/-0.97998).
Game Durations: N=4, mean=55 (+/-9.433633).
P1: N=2, mean=59.5 (+/-12.73974).
P2: N=2, mean=50.5 (+/-14.6997).
=====================================================
=====================================================
Completed 5 games.

Agent 1 (SHUCTAnyTime)
Winning score (between 0 and 1) : N=5, mean=0.6 (+/-0.48009).
P1: N=3, mean=0.666667 (+/-0.65332).
P2: N=2, mean=0.5 (+/-0.97998).
Game Durations: N=5, mean=52.6 (+/-8.690384).
P1: N=3, mean=48 (+/-9.7998).
P2: N=2, mean=59.5 (+/-12.73974).

Agent 2 (SHUCT)
Winning score (between 0 and 1) : N=5, mean=0.4 (+/-0.48009).
P1: N=2, mean=0.5 (+/-0.97998).
P2: N=3, mean=0.333333 (+/-0.65332).
Game Durations: N=5, mean=52.6 (+/-8.690384).
P1: N=2, mean=59.5 (+/-12.73974).
P2: N=3, mean=48 (+/-9.7998).
=====================================================
=====================================================
Completed 10 games.

Agent 1 (SHUCTAnyTime)
Winning score (between 0 and 1) : N=10, mean=0.5 (+/-0.32666).
P1: N=5, mean=0.6 (+/-0.48009).
P2: N=5, mean=0.4 (+/-0.48009).
Game Durations: N=10, mean=56.2 (+/-5.979217).
P1: N=5, mean=51.4 (+/-7.854526).
P2: N=5, mean=61 (+/-7.411656).

Agent 2 (SHUCT)
Winning score (between 0 and 1) : N=10, mean=0.5 (+/-0.32666).
P1: N=5, mean=0.6 (+/-0.48009).
P2: N=5, mean=0.4 (+/-0.48009).
Game Durations: N=10, mean=56.2 (+/-5.979217).
P1: N=5, mean=61 (+/-7.411656).
P2: N=5, mean=51.4 (+/-7.854526).
=====================================================
=====================================================
Completed 20 games.

Agent 1 (SHUCTAnyTime)
Winning score (between 0 and 1) : N=20, mean=0.6 (+/-0.22028).
P1: N=10, mean=0.7 (+/-0.299389).
P2: N=10, mean=0.5 (+/-0.32666).
Game Durations: N=20, mean=60.5 (+/-5.837606).
P1: N=10, mean=58.1 (+/-9.871187).
P2: N=10, mean=62.9 (+/-6.444067).

Agent 2 (SHUCT)
Winning score (between 0 and 1) : N=20, mean=0.4 (+/-0.22028).
P1: N=10, mean=0.5 (+/-0.32666).
P2: N=10, mean=0.3 (+/-0.299389).
Game Durations: N=20, mean=60.5 (+/-5.837606).
P1: N=10, mean=62.9 (+/-6.444067).
P2: N=10, mean=58.1 (+/-9.871187).
=====================================================
=====================================================
Completed 30 games.

Agent 1 (SHUCTAnyTime)
Winning score (between 0 and 1) : N=30, mean=0.666667 (+/-0.17157).
P1: N=15, mean=0.733333 (+/-0.231643).
P2: N=15, mean=0.6 (+/-0.256619).
Game Durations: N=30, mean=61.7 (+/-4.622043).
P1: N=15, mean=60.6 (+/-7.003813).
P2: N=15, mean=62.8 (+/-6.227969).

Agent 2 (SHUCT)
Winning score (between 0 and 1) : N=30, mean=0.333333 (+/-0.17157).
P1: N=15, mean=0.4 (+/-0.256619).
P2: N=15, mean=0.266667 (+/-0.231643).
Game Durations: N=30, mean=61.7 (+/-4.622043).
P1: N=15, mean=62.8 (+/-6.227969).
P2: N=15, mean=60.6 (+/-7.003813).
=====================================================
=====================================================
Completed 40 games.

Agent 1 (SHUCTAnyTime)
Winning score (between 0 and 1) : N=40, mean=0.65 (+/-0.149694).
P1: N=20, mean=0.75 (+/-0.194702).
P2: N=20, mean=0.55 (+/-0.223696).
Game Durations: N=40, mean=60.5 (+/-4.129773).
P1: N=20, mean=58.65 (+/-6.300296).
P2: N=20, mean=62.35 (+/-5.379377).

Agent 2 (SHUCT)
Winning score (between 0 and 1) : N=40, mean=0.35 (+/-0.149694).
P1: N=20, mean=0.45 (+/-0.223696).
P2: N=20, mean=0.25 (+/-0.194702).
Game Durations: N=40, mean=60.5 (+/-4.129773).
P1: N=20, mean=62.35 (+/-5.379377).
P2: N=20, mean=58.65 (+/-6.300296).
=====================================================
=====================================================
Completed 50 games.

Agent 1 (SHUCTAnyTime)
Winning score (between 0 and 1) : N=50, mean=0.6 (+/-0.137169).
P1: N=25, mean=0.68 (+/-0.186626).
P2: N=25, mean=0.52 (+/-0.199877).
Game Durations: N=50, mean=60.42 (+/-3.445678).
P1: N=25, mean=59.32 (+/-5.356491).
P2: N=25, mean=61.52 (+/-4.404637).

Agent 2 (SHUCT)
Winning score (between 0 and 1) : N=50, mean=0.4 (+/-0.137169).
P1: N=25, mean=0.48 (+/-0.199877).
P2: N=25, mean=0.32 (+/-0.186626).
Game Durations: N=50, mean=60.42 (+/-3.445678).
P1: N=25, mean=61.52 (+/-4.404637).
P2: N=25, mean=59.32 (+/-5.356491).
=====================================================
=====================================================
Completed 60 games.

Agent 1 (SHUCTAnyTime)
Winning score (between 0 and 1) : N=60, mean=0.6 (+/-0.125005).
P1: N=30, mean=0.666667 (+/-0.17157).
P2: N=30, mean=0.533333 (+/-0.181573).
Game Durations: N=60, mean=59.933333 (+/-3.074312).
P1: N=30, mean=59.066667 (+/-4.602689).
P2: N=30, mean=60.8 (+/-4.13203).

Agent 2 (SHUCT)
Winning score (between 0 and 1) : N=60, mean=0.4 (+/-0.125005).
P1: N=30, mean=0.466667 (+/-0.181573).
P2: N=30, mean=0.333333 (+/-0.17157).
Game Durations: N=60, mean=59.933333 (+/-3.074312).
P1: N=30, mean=60.8 (+/-4.13203).
P2: N=30, mean=59.066667 (+/-4.602689).
=====================================================
=====================================================
Completed 70 games.

Agent 1 (SHUCTAnyTime)
Winning score (between 0 and 1) : N=70, mean=0.614286 (+/-0.114853).
P1: N=35, mean=0.714286 (+/-0.151848).
P2: N=35, mean=0.514286 (+/-0.167997).
Game Durations: N=70, mean=60.971429 (+/-2.73191).
P1: N=35, mean=59.857143 (+/-3.996696).
P2: N=35, mean=62.085714 (+/-3.746758).

Agent 2 (SHUCT)
Winning score (between 0 and 1) : N=70, mean=0.385714 (+/-0.114853).
P1: N=35, mean=0.485714 (+/-0.167997).
P2: N=35, mean=0.285714 (+/-0.151848).
Game Durations: N=70, mean=60.971429 (+/-2.73191).
P1: N=35, mean=62.085714 (+/-3.746758).
P2: N=35, mean=59.857143 (+/-3.996696).
=====================================================
=====================================================
Completed 80 games.

Agent 1 (SHUCTAnyTime)
Winning score (between 0 and 1) : N=80, mean=0.6375 (+/-0.106005).
P1: N=40, mean=0.725 (+/-0.140136).
P2: N=40, mean=0.55 (+/-0.156136).
Game Durations: N=80, mean=60.4125 (+/-2.670548).
P1: N=40, mean=60.075 (+/-3.982483).
P2: N=40, mean=60.75 (+/-3.606997).

Agent 2 (SHUCT)
Winning score (between 0 and 1) : N=80, mean=0.3625 (+/-0.106005).
P1: N=40, mean=0.45 (+/-0.156136).
P2: N=40, mean=0.275 (+/-0.140136).
Game Durations: N=80, mean=60.4125 (+/-2.670548).
P1: N=40, mean=60.75 (+/-3.606997).
P2: N=40, mean=60.075 (+/-3.982483).
=====================================================
=====================================================
Completed 90 games.

Agent 1 (SHUCTAnyTime)
Winning score (between 0 and 1) : N=90, mean=0.644444 (+/-0.099449).
P1: N=45, mean=0.733333 (+/-0.130664).
P2: N=45, mean=0.555556 (+/-0.146823).
Game Durations: N=90, mean=59.455556 (+/-2.579136).
P1: N=45, mean=58.911111 (+/-3.796122).
P2: N=45, mean=60 (+/-3.528148).

Agent 2 (SHUCT)
Winning score (between 0 and 1) : N=90, mean=0.355556 (+/-0.099449).
P1: N=45, mean=0.444444 (+/-0.146823).
P2: N=45, mean=0.266667 (+/-0.130664).
Game Durations: N=90, mean=59.455556 (+/-2.579136).
P1: N=45, mean=60 (+/-3.528148).
P2: N=45, mean=58.911111 (+/-3.796122).
=====================================================
=====================================================
Completed 100 games.

Agent 1 (SHUCTAnyTime)
Winning score (between 0 and 1) : N=100, mean=0.62 (+/-0.095613).
P1: N=50, mean=0.7 (+/-0.12831).
P2: N=50, mean=0.54 (+/-0.139548).
Game Durations: N=100, mean=59.9 (+/-2.434718).
P1: N=50, mean=58.98 (+/-3.507643).
P2: N=50, mean=60.82 (+/-3.393683).

Agent 2 (SHUCT)
Winning score (between 0 and 1) : N=100, mean=0.38 (+/-0.095613).
P1: N=50, mean=0.46 (+/-0.139548).
P2: N=50, mean=0.3 (+/-0.12831).
Game Durations: N=100, mean=59.9 (+/-2.434718).
P1: N=50, mean=60.82 (+/-3.393683).
P2: N=50, mean=58.98 (+/-3.507643).
=====================================================
=====================================================
Completed 110 games.

Agent 1 (SHUCTAnyTime)
Winning score (between 0 and 1) : N=110, mean=0.590909 (+/-0.092301).
P1: N=55, mean=0.672727 (+/-0.125148).
P2: N=55, mean=0.509091 (+/-0.133336).
Game Durations: N=110, mean=59.672727 (+/-2.284973).
P1: N=55, mean=58.890909 (+/-3.241827).
P2: N=55, mean=60.454545 (+/-3.237494).

Agent 2 (SHUCT)
Winning score (between 0 and 1) : N=110, mean=0.409091 (+/-0.092301).
P1: N=55, mean=0.490909 (+/-0.133336).
P2: N=55, mean=0.327273 (+/-0.125148).
Game Durations: N=110, mean=59.672727 (+/-2.284973).
P1: N=55, mean=60.454545 (+/-3.237494).
P2: N=55, mean=58.890909 (+/-3.241827).
=====================================================
=====================================================
Completed 120 games.

Agent 1 (SHUCTAnyTime)
Winning score (between 0 and 1) : N=120, mean=0.575 (+/-0.088818).
P1: N=60, mean=0.65 (+/-0.121706).
P2: N=60, mean=0.5 (+/-0.127583).
Game Durations: N=120, mean=58.958333 (+/-2.231976).
P1: N=60, mean=58.416667 (+/-3.03217).
P2: N=60, mean=59.5 (+/-3.295978).

Agent 2 (SHUCT)
Winning score (between 0 and 1) : N=120, mean=0.425 (+/-0.088818).
P1: N=60, mean=0.5 (+/-0.127583).
P2: N=60, mean=0.35 (+/-0.121706).
Game Durations: N=120, mean=58.958333 (+/-2.231976).
P1: N=60, mean=59.5 (+/-3.295978).
P2: N=60, mean=58.416667 (+/-3.03217).
=====================================================
=====================================================
Completed 130 games.

Agent 1 (SHUCTAnyTime)
Winning score (between 0 and 1) : N=130, mean=0.561538 (+/-0.085626).
P1: N=65, mean=0.630769 (+/-0.118234).
P2: N=65, mean=0.492308 (+/-0.122483).
Game Durations: N=130, mean=59.369231 (+/-2.134739).
P1: N=65, mean=59.307692 (+/-2.940858).
P2: N=65, mean=59.430769 (+/-3.117972).

Agent 2 (SHUCT)
Winning score (between 0 and 1) : N=130, mean=0.438462 (+/-0.085626).
P1: N=65, mean=0.507692 (+/-0.122483).
P2: N=65, mean=0.369231 (+/-0.118234).
Game Durations: N=130, mean=59.369231 (+/-2.134739).
P1: N=65, mean=59.430769 (+/-3.117972).
P2: N=65, mean=59.307692 (+/-2.940858).
=====================================================
=====================================================
Completed 140 games.

Agent 1 (SHUCTAnyTime)
Winning score (between 0 and 1) : N=140, mean=0.542857 (+/-0.082815).
P1: N=70, mean=0.6 (+/-0.115592).
P2: N=70, mean=0.485714 (+/-0.117928).
Game Durations: N=140, mean=59.2 (+/-2.095116).
P1: N=70, mean=59.6 (+/-2.861427).
P2: N=70, mean=58.8 (+/-3.078911).

Agent 2 (SHUCT)
Winning score (between 0 and 1) : N=140, mean=0.457143 (+/-0.082815).
P1: N=70, mean=0.514286 (+/-0.117928).
P2: N=70, mean=0.4 (+/-0.115592).
Game Durations: N=140, mean=59.2 (+/-2.095116).
P1: N=70, mean=58.8 (+/-3.078911).
P2: N=70, mean=59.6 (+/-2.861427).
=====================================================
=====================================================
Completed 150 games.

Agent 1 (SHUCTAnyTime)
Winning score (between 0 and 1) : N=150, mean=0.54 (+/-0.080026).
P1: N=75, mean=0.613333 (+/-0.110955).
P2: N=75, mean=0.466667 (+/-0.113667).
Game Durations: N=150, mean=59.386667 (+/-2.019715).
P1: N=75, mean=59.76 (+/-2.801321).
P2: N=75, mean=59.013333 (+/-2.926665).

Agent 2 (SHUCT)
Winning score (between 0 and 1) : N=150, mean=0.46 (+/-0.080026).
P1: N=75, mean=0.533333 (+/-0.113667).
P2: N=75, mean=0.386667 (+/-0.110955).
Game Durations: N=150, mean=59.386667 (+/-2.019715).
P1: N=75, mean=59.013333 (+/-2.926665).
P2: N=75, mean=59.76 (+/-2.801321).
=====================================================
