Warming up...
Finished warming up!
=====================================================
Completed 1 games.

Agent 1 (SHUCTAnyTime)
Winning score (between 0 and 1) : N=1, mean=0 (+/-0).
P1: N=0, mean=0 (+/-0).
P2: N=1, mean=0 (+/-0).
Game Durations: N=1, mean=45 (+/-0).
P1: N=0, mean=0 (+/-0).
P2: N=1, mean=45 (+/-0).

Agent 2 (SHUCT)
Winning score (between 0 and 1) : N=1, mean=1 (+/-0).
P1: N=1, mean=1 (+/-0).
P2: N=0, mean=0 (+/-0).
Game Durations: N=1, mean=45 (+/-0).
P1: N=1, mean=45 (+/-0).
P2: N=0, mean=0 (+/-0).
=====================================================
=====================================================
Completed 2 games.

Agent 1 (SHUCTAnyTime)
Winning score (between 0 and 1) : N=2, mean=0.5 (+/-0.97998).
P1: N=1, mean=1 (+/-0).
P2: N=1, mean=0 (+/-0).
Game Durations: N=2, mean=44 (+/-1.95996).
P1: N=1, mean=43 (+/-0).
P2: N=1, mean=45 (+/-0).

Agent 2 (SHUCT)
Winning score (between 0 and 1) : N=2, mean=0.5 (+/-0.97998).
P1: N=1, mean=1 (+/-0).
P2: N=1, mean=0 (+/-0).
Game Durations: N=2, mean=44 (+/-1.95996).
P1: N=1, mean=45 (+/-0).
P2: N=1, mean=43 (+/-0).
=====================================================
=====================================================
Completed 3 games.

Agent 1 (SHUCTAnyTime)
Winning score (between 0 and 1) : N=3, mean=0.333333 (+/-0.65332).
P1: N=1, mean=1 (+/-0).
P2: N=2, mean=0 (+/-0).
Game Durations: N=3, mean=51.666667 (+/-15.068908).
P1: N=1, mean=43 (+/-0).
P2: N=2, mean=56 (+/-21.55956).

Agent 2 (SHUCT)
Winning score (between 0 and 1) : N=3, mean=0.666667 (+/-0.65332).
P1: N=2, mean=1 (+/-0).
P2: N=1, mean=0 (+/-0).
Game Durations: N=3, mean=51.666667 (+/-15.068908).
P1: N=2, mean=56 (+/-21.55956).
P2: N=1, mean=43 (+/-0).
=====================================================
=====================================================
Completed 4 games.

Agent 1 (SHUCTAnyTime)
Winning score (between 0 and 1) : N=4, mean=0.5 (+/-0.565792).
P1: N=2, mean=1 (+/-0).
P2: N=2, mean=0 (+/-0).
Game Durations: N=4, mean=52.5 (+/-10.77978).
P1: N=2, mean=49 (+/-11.75976).
P2: N=2, mean=56 (+/-21.55956).

Agent 2 (SHUCT)
Winning score (between 0 and 1) : N=4, mean=0.5 (+/-0.565792).
P1: N=2, mean=1 (+/-0).
P2: N=2, mean=0 (+/-0).
Game Durations: N=4, mean=52.5 (+/-10.77978).
P1: N=2, mean=56 (+/-21.55956).
P2: N=2, mean=49 (+/-11.75976).
=====================================================
=====================================================
Completed 5 games.

Agent 1 (SHUCTAnyTime)
Winning score (between 0 and 1) : N=5, mean=0.6 (+/-0.48009).
P1: N=2, mean=1 (+/-0).
P2: N=3, mean=0.333333 (+/-0.65332).
Game Durations: N=5, mean=54.8 (+/-9.489122).
P1: N=2, mean=49 (+/-11.75976).
P2: N=3, mean=58.666667 (+/-13.50019).

Agent 2 (SHUCT)
Winning score (between 0 and 1) : N=5, mean=0.4 (+/-0.48009).
P1: N=3, mean=0.666667 (+/-0.65332).
P2: N=2, mean=0 (+/-0).
Game Durations: N=5, mean=54.8 (+/-9.489122).
P1: N=3, mean=58.666667 (+/-13.50019).
P2: N=2, mean=49 (+/-11.75976).
=====================================================
=====================================================
Completed 10 games.

Agent 1 (SHUCTAnyTime)
Winning score (between 0 and 1) : N=10, mean=0.4 (+/-0.32006).
P1: N=5, mean=0.6 (+/-0.48009).
P2: N=5, mean=0.2 (+/-0.391992).
Game Durations: N=10, mean=50.5 (+/-7.698372).
P1: N=5, mean=51.4 (+/-9.079503).
P2: N=5, mean=49.6 (+/-13.516621).

Agent 2 (SHUCT)
Winning score (between 0 and 1) : N=10, mean=0.6 (+/-0.32006).
P1: N=5, mean=0.8 (+/-0.391992).
P2: N=5, mean=0.4 (+/-0.48009).
Game Durations: N=10, mean=50.5 (+/-7.698372).
P1: N=5, mean=49.6 (+/-13.516621).
P2: N=5, mean=51.4 (+/-9.079503).
=====================================================
=====================================================
Completed 20 games.

Agent 1 (SHUCTAnyTime)
Winning score (between 0 and 1) : N=20, mean=0.45 (+/-0.223696).
P1: N=10, mean=0.5 (+/-0.32666).
P2: N=10, mean=0.4 (+/-0.32006).
Game Durations: N=20, mean=51.05 (+/-5.471053).
P1: N=10, mean=54.5 (+/-7.490421).
P2: N=10, mean=47.6 (+/-7.753342).

Agent 2 (SHUCT)
Winning score (between 0 and 1) : N=20, mean=0.55 (+/-0.223696).
P1: N=10, mean=0.6 (+/-0.32006).
P2: N=10, mean=0.5 (+/-0.32666).
Game Durations: N=20, mean=51.05 (+/-5.471053).
P1: N=10, mean=47.6 (+/-7.753342).
P2: N=10, mean=54.5 (+/-7.490421).
=====================================================
=====================================================
Completed 30 games.

Agent 1 (SHUCTAnyTime)
Winning score (between 0 and 1) : N=30, mean=0.533333 (+/-0.181573).
P1: N=15, mean=0.6 (+/-0.256619).
P2: N=15, mean=0.466667 (+/-0.261328).
Game Durations: N=30, mean=52.166667 (+/-4.630569).
P1: N=15, mean=52.733333 (+/-6.774576).
P2: N=15, mean=51.6 (+/-6.53917).

Agent 2 (SHUCT)
Winning score (between 0 and 1) : N=30, mean=0.466667 (+/-0.181573).
P1: N=15, mean=0.533333 (+/-0.261328).
P2: N=15, mean=0.4 (+/-0.256619).
Game Durations: N=30, mean=52.166667 (+/-4.630569).
P1: N=15, mean=51.6 (+/-6.53917).
P2: N=15, mean=52.733333 (+/-6.774576).
=====================================================
=====================================================
Completed 40 games.

Agent 1 (SHUCTAnyTime)
Winning score (between 0 and 1) : N=40, mean=0.525 (+/-0.156726).
P1: N=20, mean=0.65 (+/-0.214467).
P2: N=20, mean=0.4 (+/-0.22028).
Game Durations: N=40, mean=53.025 (+/-4.234863).
P1: N=20, mean=52.25 (+/-6.281978).
P2: N=20, mean=53.8 (+/-5.823909).

Agent 2 (SHUCT)
Winning score (between 0 and 1) : N=40, mean=0.475 (+/-0.156726).
P1: N=20, mean=0.6 (+/-0.22028).
P2: N=20, mean=0.35 (+/-0.214467).
Game Durations: N=40, mean=53.025 (+/-4.234863).
P1: N=20, mean=53.8 (+/-5.823909).
P2: N=20, mean=52.25 (+/-6.281978).
=====================================================
=====================================================
Completed 50 games.

Agent 1 (SHUCTAnyTime)
Winning score (between 0 and 1) : N=50, mean=0.46 (+/-0.139548).
P1: N=25, mean=0.56 (+/-0.198592).
P2: N=25, mean=0.36 (+/-0.192036).
Game Durations: N=50, mean=54.6 (+/-4.193563).
P1: N=25, mean=52.88 (+/-6.107742).
P2: N=25, mean=56.32 (+/-5.792911).

Agent 2 (SHUCT)
Winning score (between 0 and 1) : N=50, mean=0.54 (+/-0.139548).
P1: N=25, mean=0.64 (+/-0.192036).
P2: N=25, mean=0.44 (+/-0.198592).
Game Durations: N=50, mean=54.6 (+/-4.193563).
P1: N=25, mean=56.32 (+/-5.792911).
P2: N=25, mean=52.88 (+/-6.107742).
=====================================================
=====================================================
Completed 60 games.

Agent 1 (SHUCTAnyTime)
Winning score (between 0 and 1) : N=60, mean=0.45 (+/-0.126943).
P1: N=30, mean=0.566667 (+/-0.180353).
P2: N=30, mean=0.333333 (+/-0.17157).
Game Durations: N=60, mean=55.083333 (+/-3.917509).
P1: N=30, mean=53.9 (+/-5.599357).
P2: N=30, mean=56.266667 (+/-5.542754).

Agent 2 (SHUCT)
Winning score (between 0 and 1) : N=60, mean=0.55 (+/-0.126943).
P1: N=30, mean=0.666667 (+/-0.17157).
P2: N=30, mean=0.433333 (+/-0.180353).
Game Durations: N=60, mean=55.083333 (+/-3.917509).
P1: N=30, mean=56.266667 (+/-5.542754).
P2: N=30, mean=53.9 (+/-5.599357).
=====================================================
=====================================================
Completed 70 games.

Agent 1 (SHUCTAnyTime)
Winning score (between 0 and 1) : N=70, mean=0.485714 (+/-0.117928).
P1: N=35, mean=0.571429 (+/-0.166341).
P2: N=35, mean=0.4 (+/-0.16467).
Game Durations: N=70, mean=54.442857 (+/-3.742987).
P1: N=35, mean=54.571429 (+/-5.239622).
P2: N=35, mean=54.314286 (+/-5.42278).

Agent 2 (SHUCT)
Winning score (between 0 and 1) : N=70, mean=0.514286 (+/-0.117928).
P1: N=35, mean=0.6 (+/-0.16467).
P2: N=35, mean=0.428571 (+/-0.166341).
Game Durations: N=70, mean=54.442857 (+/-3.742987).
P1: N=35, mean=54.314286 (+/-5.42278).
P2: N=35, mean=54.571429 (+/-5.239622).
=====================================================
=====================================================
Completed 80 games.

Agent 1 (SHUCTAnyTime)
Winning score (between 0 and 1) : N=80, mean=0.4875 (+/-0.110222).
P1: N=40, mean=0.55 (+/-0.156136).
P2: N=40, mean=0.425 (+/-0.155147).
Game Durations: N=80, mean=54.5625 (+/-3.410086).
P1: N=40, mean=54.6 (+/-4.676077).
P2: N=40, mean=54.525 (+/-5.024452).

Agent 2 (SHUCT)
Winning score (between 0 and 1) : N=80, mean=0.5125 (+/-0.110222).
P1: N=40, mean=0.575 (+/-0.155147).
P2: N=40, mean=0.45 (+/-0.156136).
Game Durations: N=80, mean=54.5625 (+/-3.410086).
P1: N=40, mean=54.525 (+/-5.024452).
P2: N=40, mean=54.6 (+/-4.676077).
=====================================================
=====================================================
Completed 90 games.

Agent 1 (SHUCTAnyTime)
Winning score (between 0 and 1) : N=90, mean=0.488889 (+/-0.103852).
P1: N=45, mean=0.577778 (+/-0.145939).
P2: N=45, mean=0.4 (+/-0.144753).
Game Durations: N=90, mean=55.166667 (+/-3.112365).
P1: N=45, mean=54.711111 (+/-4.197005).
P2: N=45, mean=55.622222 (+/-4.640742).

Agent 2 (SHUCT)
Winning score (between 0 and 1) : N=90, mean=0.511111 (+/-0.103852).
P1: N=45, mean=0.6 (+/-0.144753).
P2: N=45, mean=0.422222 (+/-0.145939).
Game Durations: N=90, mean=55.166667 (+/-3.112365).
P1: N=45, mean=55.622222 (+/-4.640742).
P2: N=45, mean=54.711111 (+/-4.197005).
=====================================================
=====================================================
Completed 100 games.

Agent 1 (SHUCTAnyTime)
Winning score (between 0 and 1) : N=100, mean=0.47 (+/-0.098314).
P1: N=50, mean=0.54 (+/-0.139548).
P2: N=50, mean=0.4 (+/-0.137169).
Game Durations: N=100, mean=55.71 (+/-3.024358).
P1: N=50, mean=55.74 (+/-3.95568).
P2: N=50, mean=55.68 (+/-4.616575).

Agent 2 (SHUCT)
Winning score (between 0 and 1) : N=100, mean=0.53 (+/-0.098314).
P1: N=50, mean=0.6 (+/-0.137169).
P2: N=50, mean=0.46 (+/-0.139548).
Game Durations: N=100, mean=55.71 (+/-3.024358).
P1: N=50, mean=55.68 (+/-4.616575).
P2: N=50, mean=55.74 (+/-3.95568).
=====================================================
=====================================================
Completed 110 games.

Agent 1 (SHUCTAnyTime)
Winning score (between 0 and 1) : N=110, mean=0.490909 (+/-0.09385).
P1: N=55, mean=0.545455 (+/-0.132806).
P2: N=55, mean=0.436364 (+/-0.132274).
Game Durations: N=110, mean=56.118182 (+/-2.829202).
P1: N=55, mean=55.6 (+/-3.70643).
P2: N=55, mean=56.636364 (+/-4.305597).

Agent 2 (SHUCT)
Winning score (between 0 and 1) : N=110, mean=0.509091 (+/-0.09385).
P1: N=55, mean=0.563636 (+/-0.132274).
P2: N=55, mean=0.454545 (+/-0.132806).
Game Durations: N=110, mean=56.118182 (+/-2.829202).
P1: N=55, mean=56.636364 (+/-4.305597).
P2: N=55, mean=55.6 (+/-3.70643).
=====================================================
=====================================================
Completed 120 games.

Agent 1 (SHUCTAnyTime)
Winning score (between 0 and 1) : N=120, mean=0.5 (+/-0.089835).
P1: N=60, mean=0.55 (+/-0.126943).
P2: N=60, mean=0.45 (+/-0.126943).
Game Durations: N=120, mean=56.516667 (+/-2.726692).
P1: N=60, mean=55.883333 (+/-3.520936).
P2: N=60, mean=57.15 (+/-4.188342).

Agent 2 (SHUCT)
Winning score (between 0 and 1) : N=120, mean=0.5 (+/-0.089835).
P1: N=60, mean=0.55 (+/-0.126943).
P2: N=60, mean=0.45 (+/-0.126943).
Game Durations: N=120, mean=56.516667 (+/-2.726692).
P1: N=60, mean=57.15 (+/-4.188342).
P2: N=60, mean=55.883333 (+/-3.520936).
=====================================================
=====================================================
Completed 130 games.

Agent 1 (SHUCTAnyTime)
Winning score (between 0 and 1) : N=130, mean=0.507692 (+/-0.086272).
P1: N=65, mean=0.538462 (+/-0.122135).
P2: N=65, mean=0.476923 (+/-0.122367).
Game Durations: N=130, mean=56.930769 (+/-2.593705).
P1: N=65, mean=56.2 (+/-3.372426).
P2: N=65, mean=57.661538 (+/-3.960063).

Agent 2 (SHUCT)
Winning score (between 0 and 1) : N=130, mean=0.492308 (+/-0.086272).
P1: N=65, mean=0.523077 (+/-0.122367).
P2: N=65, mean=0.461538 (+/-0.122135).
Game Durations: N=130, mean=56.930769 (+/-2.593705).
P1: N=65, mean=57.661538 (+/-3.960063).
P2: N=65, mean=56.2 (+/-3.372426).
=====================================================
=====================================================
Completed 140 games.

Agent 1 (SHUCTAnyTime)
Winning score (between 0 and 1) : N=140, mean=0.514286 (+/-0.083087).
P1: N=70, mean=0.542857 (+/-0.117542).
P2: N=70, mean=0.485714 (+/-0.117928).
Game Durations: N=140, mean=56.714286 (+/-2.474655).
P1: N=70, mean=55.914286 (+/-3.267187).
P2: N=70, mean=57.514286 (+/-3.731944).

Agent 2 (SHUCT)
Winning score (between 0 and 1) : N=140, mean=0.485714 (+/-0.083087).
P1: N=70, mean=0.514286 (+/-0.117928).
P2: N=70, mean=0.457143 (+/-0.117542).
Game Durations: N=140, mean=56.714286 (+/-2.474655).
P1: N=70, mean=57.514286 (+/-3.731944).
P2: N=70, mean=55.914286 (+/-3.267187).
=====================================================
=====================================================
Completed 150 games.

Agent 1 (SHUCTAnyTime)
Winning score (between 0 and 1) : N=150, mean=0.506667 (+/-0.080276).
P1: N=75, mean=0.546667 (+/-0.113423).
P2: N=75, mean=0.466667 (+/-0.113667).
Game Durations: N=150, mean=56.566667 (+/-2.412729).
P1: N=75, mean=55.693333 (+/-3.232229).
P2: N=75, mean=57.44 (+/-3.593868).

Agent 2 (SHUCT)
Winning score (between 0 and 1) : N=150, mean=0.493333 (+/-0.080276).
P1: N=75, mean=0.533333 (+/-0.113667).
P2: N=75, mean=0.453333 (+/-0.113423).
Game Durations: N=150, mean=56.566667 (+/-2.412729).
P1: N=75, mean=57.44 (+/-3.593868).
P2: N=75, mean=55.693333 (+/-3.232229).
=====================================================
