Warming up...
Finished warming up!
=====================================================
Completed 1 games.

Agent 1 (SHUCTAnyTime)
Winning score (between 0 and 1) : N=1, mean=1 (+/-0).
P1: N=1, mean=1 (+/-0).
P2: N=0, mean=0 (+/-0).
Game Durations: N=1, mean=69 (+/-0).
P1: N=1, mean=69 (+/-0).
P2: N=0, mean=0 (+/-0).

Agent 2 (SHUCT)
Winning score (between 0 and 1) : N=1, mean=0 (+/-0).
P1: N=0, mean=0 (+/-0).
P2: N=1, mean=0 (+/-0).
Game Durations: N=1, mean=69 (+/-0).
P1: N=0, mean=0 (+/-0).
P2: N=1, mean=69 (+/-0).
=====================================================
=====================================================
Completed 2 games.

Agent 1 (SHUCTAnyTime)
Winning score (between 0 and 1) : N=2, mean=0.5 (+/-0.97998).
P1: N=1, mean=1 (+/-0).
P2: N=1, mean=0 (+/-0).
Game Durations: N=2, mean=53 (+/-31.35936).
P1: N=1, mean=69 (+/-0).
P2: N=1, mean=37 (+/-0).

Agent 2 (SHUCT)
Winning score (between 0 and 1) : N=2, mean=0.5 (+/-0.97998).
P1: N=1, mean=1 (+/-0).
P2: N=1, mean=0 (+/-0).
Game Durations: N=2, mean=53 (+/-31.35936).
P1: N=1, mean=37 (+/-0).
P2: N=1, mean=69 (+/-0).
=====================================================
=====================================================
Completed 3 games.

Agent 1 (SHUCTAnyTime)
Winning score (between 0 and 1) : N=3, mean=0.666667 (+/-0.65332).
P1: N=2, mean=1 (+/-0).
P2: N=1, mean=0 (+/-0).
Game Durations: N=3, mean=57.666667 (+/-20.284508).
P1: N=2, mean=68 (+/-1.95996).
P2: N=1, mean=37 (+/-0).

Agent 2 (SHUCT)
Winning score (between 0 and 1) : N=3, mean=0.333333 (+/-0.65332).
P1: N=1, mean=1 (+/-0).
P2: N=2, mean=0 (+/-0).
Game Durations: N=3, mean=57.666667 (+/-20.284508).
P1: N=1, mean=37 (+/-0).
P2: N=2, mean=68 (+/-1.95996).
=====================================================
=====================================================
Completed 4 games.

Agent 1 (SHUCTAnyTime)
Winning score (between 0 and 1) : N=4, mean=0.75 (+/-0.48999).
P1: N=2, mean=1 (+/-0).
P2: N=2, mean=0.5 (+/-0.97998).
Game Durations: N=4, mean=59.75 (+/-14.913201).
P1: N=2, mean=68 (+/-1.95996).
P2: N=2, mean=51.5 (+/-28.41942).

Agent 2 (SHUCT)
Winning score (between 0 and 1) : N=4, mean=0.25 (+/-0.48999).
P1: N=2, mean=0.5 (+/-0.97998).
P2: N=2, mean=0 (+/-0).
Game Durations: N=4, mean=59.75 (+/-14.913201).
P1: N=2, mean=51.5 (+/-28.41942).
P2: N=2, mean=68 (+/-1.95996).
=====================================================
=====================================================
Completed 5 games.

Agent 1 (SHUCTAnyTime)
Winning score (between 0 and 1) : N=5, mean=0.6 (+/-0.48009).
P1: N=3, mean=0.666667 (+/-0.65332).
P2: N=2, mean=0.5 (+/-0.97998).
Game Durations: N=5, mean=57.4 (+/-12.436097).
P1: N=3, mean=61.333333 (+/-13.115307).
P2: N=2, mean=51.5 (+/-28.41942).

Agent 2 (SHUCT)
Winning score (between 0 and 1) : N=5, mean=0.4 (+/-0.48009).
P1: N=2, mean=0.5 (+/-0.97998).
P2: N=3, mean=0.333333 (+/-0.65332).
Game Durations: N=5, mean=57.4 (+/-12.436097).
P1: N=2, mean=51.5 (+/-28.41942).
P2: N=3, mean=61.333333 (+/-13.115307).
=====================================================
=====================================================
Completed 10 games.

Agent 1 (SHUCTAnyTime)
Winning score (between 0 and 1) : N=10, mean=0.5 (+/-0.32666).
P1: N=5, mean=0.6 (+/-0.48009).
P2: N=5, mean=0.4 (+/-0.48009).
Game Durations: N=10, mean=59.6 (+/-7.949055).
P1: N=5, mean=65.4 (+/-9.850627).
P2: N=5, mean=53.8 (+/-11.076809).

Agent 2 (SHUCT)
Winning score (between 0 and 1) : N=10, mean=0.5 (+/-0.32666).
P1: N=5, mean=0.6 (+/-0.48009).
P2: N=5, mean=0.4 (+/-0.48009).
Game Durations: N=10, mean=59.6 (+/-7.949055).
P1: N=5, mean=53.8 (+/-11.076809).
P2: N=5, mean=65.4 (+/-9.850627).
=====================================================
=====================================================
Completed 20 games.

Agent 1 (SHUCTAnyTime)
Winning score (between 0 and 1) : N=20, mean=0.6 (+/-0.22028).
P1: N=10, mean=0.6 (+/-0.32006).
P2: N=10, mean=0.6 (+/-0.32006).
Game Durations: N=20, mean=56.5 (+/-5.540868).
P1: N=10, mean=57.2 (+/-8.085346).
P2: N=10, mean=55.8 (+/-7.989759).

Agent 2 (SHUCT)
Winning score (between 0 and 1) : N=20, mean=0.4 (+/-0.22028).
P1: N=10, mean=0.4 (+/-0.32006).
P2: N=10, mean=0.4 (+/-0.32006).
Game Durations: N=20, mean=56.5 (+/-5.540868).
P1: N=10, mean=55.8 (+/-7.989759).
P2: N=10, mean=57.2 (+/-8.085346).
=====================================================
=====================================================
Completed 30 games.

Agent 1 (SHUCTAnyTime)
Winning score (between 0 and 1) : N=30, mean=0.666667 (+/-0.17157).
P1: N=15, mean=0.666667 (+/-0.246932).
P2: N=15, mean=0.666667 (+/-0.246932).
Game Durations: N=30, mean=57.833333 (+/-4.064893).
P1: N=15, mean=59.066667 (+/-6.092162).
P2: N=15, mean=56.6 (+/-5.523108).

Agent 2 (SHUCT)
Winning score (between 0 and 1) : N=30, mean=0.333333 (+/-0.17157).
P1: N=15, mean=0.333333 (+/-0.246932).
P2: N=15, mean=0.333333 (+/-0.246932).
Game Durations: N=30, mean=57.833333 (+/-4.064893).
P1: N=15, mean=56.6 (+/-5.523108).
P2: N=15, mean=59.066667 (+/-6.092162).
=====================================================
=====================================================
Completed 40 games.

Agent 1 (SHUCTAnyTime)
Winning score (between 0 and 1) : N=40, mean=0.675 (+/-0.146997).
P1: N=20, mean=0.65 (+/-0.214467).
P2: N=20, mean=0.7 (+/-0.206054).
Game Durations: N=40, mean=58.925 (+/-3.502139).
P1: N=20, mean=59.15 (+/-5.13714).
P2: N=20, mean=58.7 (+/-4.89288).

Agent 2 (SHUCT)
Winning score (between 0 and 1) : N=40, mean=0.325 (+/-0.146997).
P1: N=20, mean=0.3 (+/-0.206054).
P2: N=20, mean=0.35 (+/-0.214467).
Game Durations: N=40, mean=58.925 (+/-3.502139).
P1: N=20, mean=58.7 (+/-4.89288).
P2: N=20, mean=59.15 (+/-5.13714).
=====================================================
=====================================================
Completed 50 games.

Agent 1 (SHUCTAnyTime)
Winning score (between 0 and 1) : N=50, mean=0.64 (+/-0.134397).
P1: N=25, mean=0.6 (+/-0.195996).
P2: N=25, mean=0.68 (+/-0.186626).
Game Durations: N=50, mean=60.14 (+/-3.357602).
P1: N=25, mean=61.16 (+/-5.387431).
P2: N=25, mean=59.12 (+/-4.083621).

Agent 2 (SHUCT)
Winning score (between 0 and 1) : N=50, mean=0.36 (+/-0.134397).
P1: N=25, mean=0.32 (+/-0.186626).
P2: N=25, mean=0.4 (+/-0.195996).
Game Durations: N=50, mean=60.14 (+/-3.357602).
P1: N=25, mean=59.12 (+/-4.083621).
P2: N=25, mean=61.16 (+/-5.387431).
=====================================================
=====================================================
Completed 60 games.

Agent 1 (SHUCTAnyTime)
Winning score (between 0 and 1) : N=60, mean=0.633333 (+/-0.122963).
P1: N=30, mean=0.6 (+/-0.178301).
P2: N=30, mean=0.666667 (+/-0.17157).
Game Durations: N=60, mean=59.3 (+/-3.061733).
P1: N=30, mean=60.066667 (+/-4.980504).
P2: N=30, mean=58.533333 (+/-3.630728).

Agent 2 (SHUCT)
Winning score (between 0 and 1) : N=60, mean=0.366667 (+/-0.122963).
P1: N=30, mean=0.333333 (+/-0.17157).
P2: N=30, mean=0.4 (+/-0.178301).
Game Durations: N=60, mean=59.3 (+/-3.061733).
P1: N=30, mean=58.533333 (+/-3.630728).
P2: N=30, mean=60.066667 (+/-4.980504).
=====================================================
=====================================================
Completed 70 games.

Agent 1 (SHUCTAnyTime)
Winning score (between 0 and 1) : N=70, mean=0.628571 (+/-0.114009).
P1: N=35, mean=0.628571 (+/-0.162414).
P2: N=35, mean=0.628571 (+/-0.162414).
Game Durations: N=70, mean=58.442857 (+/-3.060006).
P1: N=35, mean=58.914286 (+/-4.740253).
P2: N=35, mean=57.971429 (+/-3.935114).

Agent 2 (SHUCT)
Winning score (between 0 and 1) : N=70, mean=0.371429 (+/-0.114009).
P1: N=35, mean=0.371429 (+/-0.162414).
P2: N=35, mean=0.371429 (+/-0.162414).
Game Durations: N=70, mean=58.442857 (+/-3.060006).
P1: N=35, mean=57.971429 (+/-3.935114).
P2: N=35, mean=58.914286 (+/-4.740253).
=====================================================
=====================================================
Completed 80 games.

Agent 1 (SHUCTAnyTime)
Winning score (between 0 and 1) : N=80, mean=0.625 (+/-0.106755).
P1: N=40, mean=0.65 (+/-0.149694).
P2: N=40, mean=0.6 (+/-0.153752).
Game Durations: N=80, mean=58.35 (+/-2.84882).
P1: N=40, mean=59.4 (+/-4.424989).
P2: N=40, mean=57.3 (+/-3.616848).

Agent 2 (SHUCT)
Winning score (between 0 and 1) : N=80, mean=0.375 (+/-0.106755).
P1: N=40, mean=0.4 (+/-0.153752).
P2: N=40, mean=0.35 (+/-0.149694).
Game Durations: N=80, mean=58.35 (+/-2.84882).
P1: N=40, mean=57.3 (+/-3.616848).
P2: N=40, mean=59.4 (+/-4.424989).
=====================================================
=====================================================
Completed 90 games.

Agent 1 (SHUCTAnyTime)
Winning score (between 0 and 1) : N=90, mean=0.633333 (+/-0.100116).
P1: N=45, mean=0.644444 (+/-0.141438).
P2: N=45, mean=0.622222 (+/-0.143256).
Game Durations: N=90, mean=57.755556 (+/-2.727907).
P1: N=45, mean=59.355556 (+/-4.083383).
P2: N=45, mean=56.155556 (+/-3.603211).

Agent 2 (SHUCT)
Winning score (between 0 and 1) : N=90, mean=0.366667 (+/-0.100116).
P1: N=45, mean=0.377778 (+/-0.143256).
P2: N=45, mean=0.355556 (+/-0.141438).
Game Durations: N=90, mean=57.755556 (+/-2.727907).
P1: N=45, mean=56.155556 (+/-3.603211).
P2: N=45, mean=59.355556 (+/-4.083383).
=====================================================
=====================================================
Completed 100 games.

Agent 1 (SHUCTAnyTime)
Winning score (between 0 and 1) : N=100, mean=0.64 (+/-0.094552).
P1: N=50, mean=0.66 (+/-0.132636).
P2: N=50, mean=0.62 (+/-0.135905).
Game Durations: N=100, mean=57.96 (+/-2.658899).
P1: N=50, mean=59.54 (+/-3.972056).
P2: N=50, mean=56.38 (+/-3.521206).

Agent 2 (SHUCT)
Winning score (between 0 and 1) : N=100, mean=0.36 (+/-0.094552).
P1: N=50, mean=0.38 (+/-0.135905).
P2: N=50, mean=0.34 (+/-0.132636).
Game Durations: N=100, mean=57.96 (+/-2.658899).
P1: N=50, mean=56.38 (+/-3.521206).
P2: N=50, mean=59.54 (+/-3.972056).
=====================================================
=====================================================
Completed 110 games.

Agent 1 (SHUCTAnyTime)
Winning score (between 0 and 1) : N=110, mean=0.636364 (+/-0.090307).
P1: N=55, mean=0.672727 (+/-0.125148).
P2: N=55, mean=0.6 (+/-0.130664).
Game Durations: N=110, mean=58.1 (+/-2.537035).
P1: N=55, mean=59.254545 (+/-3.834931).
P2: N=55, mean=56.945455 (+/-3.3299).

Agent 2 (SHUCT)
Winning score (between 0 and 1) : N=110, mean=0.363636 (+/-0.090307).
P1: N=55, mean=0.4 (+/-0.130664).
P2: N=55, mean=0.327273 (+/-0.125148).
Game Durations: N=110, mean=58.1 (+/-2.537035).
P1: N=55, mean=56.945455 (+/-3.3299).
P2: N=55, mean=59.254545 (+/-3.834931).
=====================================================
=====================================================
Completed 120 games.

Agent 1 (SHUCTAnyTime)
Winning score (between 0 and 1) : N=120, mean=0.641667 (+/-0.086153).
P1: N=60, mean=0.683333 (+/-0.118697).
P2: N=60, mean=0.6 (+/-0.125005).
Game Durations: N=120, mean=58.058333 (+/-2.418348).
P1: N=60, mean=58.883333 (+/-3.616116).
P2: N=60, mean=57.233333 (+/-3.229079).

Agent 2 (SHUCT)
Winning score (between 0 and 1) : N=120, mean=0.358333 (+/-0.086153).
P1: N=60, mean=0.4 (+/-0.125005).
P2: N=60, mean=0.316667 (+/-0.118697).
Game Durations: N=120, mean=58.058333 (+/-2.418348).
P1: N=60, mean=57.233333 (+/-3.229079).
P2: N=60, mean=58.883333 (+/-3.616116).
=====================================================
=====================================================
Completed 130 games.

Agent 1 (SHUCTAnyTime)
Winning score (between 0 and 1) : N=130, mean=0.630769 (+/-0.083279).
P1: N=65, mean=0.676923 (+/-0.114572).
P2: N=65, mean=0.584615 (+/-0.120731).
Game Durations: N=130, mean=57.7 (+/-2.318527).
P1: N=65, mean=58.676923 (+/-3.448485).
P2: N=65, mean=56.723077 (+/-3.10864).

Agent 2 (SHUCT)
Winning score (between 0 and 1) : N=130, mean=0.369231 (+/-0.083279).
P1: N=65, mean=0.415385 (+/-0.120731).
P2: N=65, mean=0.323077 (+/-0.114572).
Game Durations: N=130, mean=57.7 (+/-2.318527).
P1: N=65, mean=56.723077 (+/-3.10864).
P2: N=65, mean=58.676923 (+/-3.448485).
=====================================================
=====================================================
Completed 140 games.

Agent 1 (SHUCTAnyTime)
Winning score (between 0 and 1) : N=140, mean=0.642857 (+/-0.079656).
P1: N=70, mean=0.685714 (+/-0.109536).
P2: N=70, mean=0.6 (+/-0.115592).
Game Durations: N=140, mean=58.028571 (+/-2.214015).
P1: N=70, mean=59.342857 (+/-3.28034).
P2: N=70, mean=56.714286 (+/-2.965902).

Agent 2 (SHUCT)
Winning score (between 0 and 1) : N=140, mean=0.357143 (+/-0.079656).
P1: N=70, mean=0.4 (+/-0.115592).
P2: N=70, mean=0.314286 (+/-0.109536).
Game Durations: N=140, mean=58.028571 (+/-2.214015).
P1: N=70, mean=56.714286 (+/-2.965902).
P2: N=70, mean=59.342857 (+/-3.28034).
=====================================================
=====================================================
Completed 150 games.

Agent 1 (SHUCTAnyTime)
Winning score (between 0 and 1) : N=150, mean=0.62 (+/-0.077937).
P1: N=75, mean=0.666667 (+/-0.107405).
P2: N=75, mean=0.573333 (+/-0.112688).
Game Durations: N=150, mean=57.8 (+/-2.124495).
P1: N=75, mean=59.12 (+/-3.156606).
P2: N=75, mean=56.48 (+/-2.833875).

Agent 2 (SHUCT)
Winning score (between 0 and 1) : N=150, mean=0.38 (+/-0.077937).
P1: N=75, mean=0.426667 (+/-0.112688).
P2: N=75, mean=0.333333 (+/-0.107405).
Game Durations: N=150, mean=57.8 (+/-2.124495).
P1: N=75, mean=56.48 (+/-2.833875).
P2: N=75, mean=59.12 (+/-3.156606).
=====================================================
