Warming up...
Finished warming up!
=====================================================
Completed 1 games.

Agent 1 (SHUCTAnyTime)
Winning score (between 0 and 1) : N=1, mean=0 (+/-0).
P1: N=0, mean=0 (+/-0).
P2: N=1, mean=0 (+/-0).
Game Durations: N=1, mean=67 (+/-0).
P1: N=0, mean=0 (+/-0).
P2: N=1, mean=67 (+/-0).

Agent 2 (SHUCT)
Winning score (between 0 and 1) : N=1, mean=1 (+/-0).
P1: N=1, mean=1 (+/-0).
P2: N=0, mean=0 (+/-0).
Game Durations: N=1, mean=67 (+/-0).
P1: N=1, mean=67 (+/-0).
P2: N=0, mean=0 (+/-0).
=====================================================
=====================================================
Completed 2 games.

Agent 1 (SHUCTAnyTime)
Winning score (between 0 and 1) : N=2, mean=0 (+/-0).
P1: N=1, mean=0 (+/-0).
P2: N=1, mean=0 (+/-0).
Game Durations: N=2, mean=67.5 (+/-0.97998).
P1: N=1, mean=68 (+/-0).
P2: N=1, mean=67 (+/-0).

Agent 2 (SHUCT)
Winning score (between 0 and 1) : N=2, mean=1 (+/-0).
P1: N=1, mean=1 (+/-0).
P2: N=1, mean=1 (+/-0).
Game Durations: N=2, mean=67.5 (+/-0.97998).
P1: N=1, mean=67 (+/-0).
P2: N=1, mean=68 (+/-0).
=====================================================
=====================================================
Completed 3 games.

Agent 1 (SHUCTAnyTime)
Winning score (between 0 and 1) : N=3, mean=0 (+/-0).
P1: N=1, mean=0 (+/-0).
P2: N=2, mean=0 (+/-0).
Game Durations: N=3, mean=62.666667 (+/-9.490021).
P1: N=1, mean=68 (+/-0).
P2: N=2, mean=60 (+/-13.71972).

Agent 2 (SHUCT)
Winning score (between 0 and 1) : N=3, mean=1 (+/-0).
P1: N=2, mean=1 (+/-0).
P2: N=1, mean=1 (+/-0).
Game Durations: N=3, mean=62.666667 (+/-9.490021).
P1: N=2, mean=60 (+/-13.71972).
P2: N=1, mean=68 (+/-0).
=====================================================
=====================================================
Completed 4 games.

Agent 1 (SHUCTAnyTime)
Winning score (between 0 and 1) : N=4, mean=0 (+/-0).
P1: N=2, mean=0 (+/-0).
P2: N=2, mean=0 (+/-0).
Game Durations: N=4, mean=60.5 (+/-7.941265).
P1: N=2, mean=61 (+/-13.71972).
P2: N=2, mean=60 (+/-13.71972).

Agent 2 (SHUCT)
Winning score (between 0 and 1) : N=4, mean=1 (+/-0).
P1: N=2, mean=1 (+/-0).
P2: N=2, mean=1 (+/-0).
Game Durations: N=4, mean=60.5 (+/-7.941265).
P1: N=2, mean=60 (+/-13.71972).
P2: N=2, mean=61 (+/-13.71972).
=====================================================
=====================================================
Completed 5 games.

Agent 1 (SHUCTAnyTime)
Winning score (between 0 and 1) : N=5, mean=0.2 (+/-0.391992).
P1: N=2, mean=0 (+/-0).
P2: N=3, mean=0.333333 (+/-0.65332).
Game Durations: N=5, mean=59.6 (+/-6.399202).
P1: N=2, mean=61 (+/-13.71972).
P2: N=3, mean=58.666667 (+/-8.341031).

Agent 2 (SHUCT)
Winning score (between 0 and 1) : N=5, mean=0.8 (+/-0.391992).
P1: N=3, mean=0.666667 (+/-0.65332).
P2: N=2, mean=1 (+/-0).
Game Durations: N=5, mean=59.6 (+/-6.399202).
P1: N=3, mean=58.666667 (+/-8.341031).
P2: N=2, mean=61 (+/-13.71972).
=====================================================
=====================================================
Completed 10 games.

Agent 1 (SHUCTAnyTime)
Winning score (between 0 and 1) : N=10, mean=0.2 (+/-0.261328).
P1: N=5, mean=0.2 (+/-0.391992).
P2: N=5, mean=0.2 (+/-0.391992).
Game Durations: N=10, mean=54.3 (+/-6.266766).
P1: N=5, mean=51.8 (+/-11.766291).
P2: N=5, mean=56.8 (+/-5.125961).

Agent 2 (SHUCT)
Winning score (between 0 and 1) : N=10, mean=0.8 (+/-0.261328).
P1: N=5, mean=0.8 (+/-0.391992).
P2: N=5, mean=0.8 (+/-0.391992).
Game Durations: N=10, mean=54.3 (+/-6.266766).
P1: N=5, mean=56.8 (+/-5.125961).
P2: N=5, mean=51.8 (+/-11.766291).
=====================================================
=====================================================
Completed 20 games.

Agent 1 (SHUCTAnyTime)
Winning score (between 0 and 1) : N=20, mean=0.35 (+/-0.214467).
P1: N=10, mean=0.4 (+/-0.32006).
P2: N=10, mean=0.3 (+/-0.299389).
Game Durations: N=20, mean=55.55 (+/-4.667389).
P1: N=10, mean=52.2 (+/-6.479406).
P2: N=10, mean=58.9 (+/-6.357378).

Agent 2 (SHUCT)
Winning score (between 0 and 1) : N=20, mean=0.65 (+/-0.214467).
P1: N=10, mean=0.7 (+/-0.299389).
P2: N=10, mean=0.6 (+/-0.32006).
Game Durations: N=20, mean=55.55 (+/-4.667389).
P1: N=10, mean=58.9 (+/-6.357378).
P2: N=10, mean=52.2 (+/-6.479406).
=====================================================
=====================================================
Completed 30 games.

Agent 1 (SHUCTAnyTime)
Winning score (between 0 and 1) : N=30, mean=0.366667 (+/-0.175388).
P1: N=15, mean=0.4 (+/-0.256619).
P2: N=15, mean=0.333333 (+/-0.246932).
Game Durations: N=30, mean=55.466667 (+/-3.424191).
P1: N=15, mean=53.6 (+/-5.001694).
P2: N=15, mean=57.333333 (+/-4.652551).

Agent 2 (SHUCT)
Winning score (between 0 and 1) : N=30, mean=0.633333 (+/-0.175388).
P1: N=15, mean=0.666667 (+/-0.246932).
P2: N=15, mean=0.6 (+/-0.256619).
Game Durations: N=30, mean=55.466667 (+/-3.424191).
P1: N=15, mean=57.333333 (+/-4.652551).
P2: N=15, mean=53.6 (+/-5.001694).
=====================================================
=====================================================
Completed 40 games.

Agent 1 (SHUCTAnyTime)
Winning score (between 0 and 1) : N=40, mean=0.375 (+/-0.151939).
P1: N=20, mean=0.4 (+/-0.22028).
P2: N=20, mean=0.35 (+/-0.214467).
Game Durations: N=40, mean=54.975 (+/-2.899871).
P1: N=20, mean=53.6 (+/-3.884689).
P2: N=20, mean=56.35 (+/-4.320519).

Agent 2 (SHUCT)
Winning score (between 0 and 1) : N=40, mean=0.625 (+/-0.151939).
P1: N=20, mean=0.65 (+/-0.214467).
P2: N=20, mean=0.6 (+/-0.22028).
Game Durations: N=40, mean=54.975 (+/-2.899871).
P1: N=20, mean=56.35 (+/-4.320519).
P2: N=20, mean=53.6 (+/-3.884689).
=====================================================
=====================================================
Completed 50 games.

Agent 1 (SHUCTAnyTime)
Winning score (between 0 and 1) : N=50, mean=0.42 (+/-0.138194).
P1: N=25, mean=0.44 (+/-0.198592).
P2: N=25, mean=0.4 (+/-0.195996).
Game Durations: N=50, mean=54.8 (+/-2.60921).
P1: N=25, mean=52.68 (+/-3.450346).
P2: N=25, mean=56.92 (+/-3.802053).

Agent 2 (SHUCT)
Winning score (between 0 and 1) : N=50, mean=0.58 (+/-0.138194).
P1: N=25, mean=0.6 (+/-0.195996).
P2: N=25, mean=0.56 (+/-0.198592).
Game Durations: N=50, mean=54.8 (+/-2.60921).
P1: N=25, mean=56.92 (+/-3.802053).
P2: N=25, mean=52.68 (+/-3.450346).
=====================================================
=====================================================
Completed 60 games.

Agent 1 (SHUCTAnyTime)
Winning score (between 0 and 1) : N=60, mean=0.466667 (+/-0.127299).
P1: N=30, mean=0.5 (+/-0.181978).
P2: N=30, mean=0.433333 (+/-0.180353).
Game Durations: N=60, mean=54.9 (+/-2.37532).
P1: N=30, mean=52.566667 (+/-3.25353).
P2: N=30, mean=57.233333 (+/-3.306034).

Agent 2 (SHUCT)
Winning score (between 0 and 1) : N=60, mean=0.533333 (+/-0.127299).
P1: N=30, mean=0.566667 (+/-0.180353).
P2: N=30, mean=0.5 (+/-0.181978).
Game Durations: N=60, mean=54.9 (+/-2.37532).
P1: N=30, mean=57.233333 (+/-3.306034).
P2: N=30, mean=52.566667 (+/-3.25353).
=====================================================
=====================================================
Completed 70 games.

Agent 1 (SHUCTAnyTime)
Winning score (between 0 and 1) : N=70, mean=0.457143 (+/-0.117542).
P1: N=35, mean=0.485714 (+/-0.167997).
P2: N=35, mean=0.428571 (+/-0.166341).
Game Durations: N=70, mean=54.585714 (+/-2.150172).
P1: N=35, mean=52.828571 (+/-2.935254).
P2: N=35, mean=56.342857 (+/-3.074332).

Agent 2 (SHUCT)
Winning score (between 0 and 1) : N=70, mean=0.542857 (+/-0.117542).
P1: N=35, mean=0.571429 (+/-0.166341).
P2: N=35, mean=0.514286 (+/-0.167997).
Game Durations: N=70, mean=54.585714 (+/-2.150172).
P1: N=35, mean=56.342857 (+/-3.074332).
P2: N=35, mean=52.828571 (+/-2.935254).
=====================================================
=====================================================
Completed 80 games.

Agent 1 (SHUCTAnyTime)
Winning score (between 0 and 1) : N=80, mean=0.45 (+/-0.109704).
P1: N=40, mean=0.45 (+/-0.156136).
P2: N=40, mean=0.45 (+/-0.156136).
Game Durations: N=80, mean=55.725 (+/-2.252841).
P1: N=40, mean=55.25 (+/-3.473448).
P2: N=40, mean=56.2 (+/-2.90726).

Agent 2 (SHUCT)
Winning score (between 0 and 1) : N=80, mean=0.55 (+/-0.109704).
P1: N=40, mean=0.55 (+/-0.156136).
P2: N=40, mean=0.55 (+/-0.156136).
Game Durations: N=80, mean=55.725 (+/-2.252841).
P1: N=40, mean=56.2 (+/-2.90726).
P2: N=40, mean=55.25 (+/-3.473448).
=====================================================
=====================================================
Completed 90 games.

Agent 1 (SHUCTAnyTime)
Winning score (between 0 and 1) : N=90, mean=0.466667 (+/-0.103647).
P1: N=45, mean=0.466667 (+/-0.147409).
P2: N=45, mean=0.466667 (+/-0.147409).
Game Durations: N=90, mean=55.944444 (+/-2.210501).
P1: N=45, mean=55.4 (+/-3.366284).
P2: N=45, mean=56.488889 (+/-2.89547).

Agent 2 (SHUCT)
Winning score (between 0 and 1) : N=90, mean=0.533333 (+/-0.103647).
P1: N=45, mean=0.533333 (+/-0.147409).
P2: N=45, mean=0.533333 (+/-0.147409).
Game Durations: N=90, mean=55.944444 (+/-2.210501).
P1: N=45, mean=56.488889 (+/-2.89547).
P2: N=45, mean=55.4 (+/-3.366284).
=====================================================
=====================================================
Completed 100 games.

Agent 1 (SHUCTAnyTime)
Winning score (between 0 and 1) : N=100, mean=0.45 (+/-0.097998).
P1: N=50, mean=0.42 (+/-0.138194).
P2: N=50, mean=0.48 (+/-0.139885).
Game Durations: N=100, mean=56.33 (+/-2.101372).
P1: N=50, mean=56.02 (+/-3.301792).
P2: N=50, mean=56.64 (+/-2.631803).

Agent 2 (SHUCT)
Winning score (between 0 and 1) : N=100, mean=0.55 (+/-0.097998).
P1: N=50, mean=0.52 (+/-0.139885).
P2: N=50, mean=0.58 (+/-0.138194).
Game Durations: N=100, mean=56.33 (+/-2.101372).
P1: N=50, mean=56.64 (+/-2.631803).
P2: N=50, mean=56.02 (+/-3.301792).
=====================================================
=====================================================
Completed 110 games.

Agent 1 (SHUCTAnyTime)
Winning score (between 0 and 1) : N=110, mean=0.454545 (+/-0.093476).
P1: N=55, mean=0.436364 (+/-0.132274).
P2: N=55, mean=0.472727 (+/-0.13316).
Game Durations: N=110, mean=55.954545 (+/-2.026724).
P1: N=55, mean=56.327273 (+/-3.157906).
P2: N=55, mean=55.581818 (+/-2.567186).

Agent 2 (SHUCT)
Winning score (between 0 and 1) : N=110, mean=0.545455 (+/-0.093476).
P1: N=55, mean=0.527273 (+/-0.13316).
P2: N=55, mean=0.563636 (+/-0.132274).
Game Durations: N=110, mean=55.954545 (+/-2.026724).
P1: N=55, mean=55.581818 (+/-2.567186).
P2: N=55, mean=56.327273 (+/-3.157906).
=====================================================
=====================================================
Completed 120 games.

Agent 1 (SHUCTAnyTime)
Winning score (between 0 and 1) : N=120, mean=0.466667 (+/-0.089635).
P1: N=60, mean=0.45 (+/-0.126943).
P2: N=60, mean=0.483333 (+/-0.127512).
Game Durations: N=120, mean=56.066667 (+/-1.935755).
P1: N=60, mean=56.65 (+/-3.044503).
P2: N=60, mean=55.483333 (+/-2.408796).

Agent 2 (SHUCT)
Winning score (between 0 and 1) : N=120, mean=0.533333 (+/-0.089635).
P1: N=60, mean=0.516667 (+/-0.127512).
P2: N=60, mean=0.55 (+/-0.126943).
Game Durations: N=120, mean=56.066667 (+/-1.935755).
P1: N=60, mean=55.483333 (+/-2.408796).
P2: N=60, mean=56.65 (+/-3.044503).
=====================================================
=====================================================
Completed 130 games.

Agent 1 (SHUCTAnyTime)
Winning score (between 0 and 1) : N=130, mean=0.461538 (+/-0.086027).
P1: N=65, mean=0.446154 (+/-0.121785).
P2: N=65, mean=0.476923 (+/-0.122367).
Game Durations: N=130, mean=56.361538 (+/-1.90496).
P1: N=65, mean=57.215385 (+/-2.989307).
P2: N=65, mean=55.507692 (+/-2.367575).

Agent 2 (SHUCT)
Winning score (between 0 and 1) : N=130, mean=0.538462 (+/-0.086027).
P1: N=65, mean=0.523077 (+/-0.122367).
P2: N=65, mean=0.553846 (+/-0.121785).
Game Durations: N=130, mean=56.361538 (+/-1.90496).
P1: N=65, mean=55.507692 (+/-2.367575).
P2: N=65, mean=57.215385 (+/-2.989307).
=====================================================
=====================================================
Completed 140 games.

Agent 1 (SHUCTAnyTime)
Winning score (between 0 and 1) : N=140, mean=0.464286 (+/-0.082909).
P1: N=70, mean=0.442857 (+/-0.117203).
P2: N=70, mean=0.485714 (+/-0.117928).
Game Durations: N=140, mean=56.921429 (+/-1.836851).
P1: N=70, mean=57.842857 (+/-2.870649).
P2: N=70, mean=56 (+/-2.29319).

Agent 2 (SHUCT)
Winning score (between 0 and 1) : N=140, mean=0.535714 (+/-0.082909).
P1: N=70, mean=0.514286 (+/-0.117928).
P2: N=70, mean=0.557143 (+/-0.117203).
Game Durations: N=140, mean=56.921429 (+/-1.836851).
P1: N=70, mean=56 (+/-2.29319).
P2: N=70, mean=57.842857 (+/-2.870649).
=====================================================
=====================================================
Completed 150 games.

Agent 1 (SHUCTAnyTime)
Winning score (between 0 and 1) : N=150, mean=0.466667 (+/-0.080104).
P1: N=75, mean=0.44 (+/-0.113097).
P2: N=75, mean=0.493333 (+/-0.11391).
Game Durations: N=150, mean=56.993333 (+/-1.752208).
P1: N=75, mean=57.72 (+/-2.752648).
P2: N=75, mean=56.266667 (+/-2.175319).

Agent 2 (SHUCT)
Winning score (between 0 and 1) : N=150, mean=0.533333 (+/-0.080104).
P1: N=75, mean=0.506667 (+/-0.11391).
P2: N=75, mean=0.56 (+/-0.113097).
Game Durations: N=150, mean=56.993333 (+/-1.752208).
P1: N=75, mean=56.266667 (+/-2.175319).
P2: N=75, mean=57.72 (+/-2.752648).
=====================================================
