Warming up...
Finished warming up!
=====================================================
Completed 1 games.

Agent 1 (SHUCTAnyTime)
Winning score (between 0 and 1) : N=1, mean=0 (+/-0).
P1: N=1, mean=0 (+/-0).
P2: N=0, mean=0 (+/-0).
Game Durations: N=1, mean=62 (+/-0).
P1: N=1, mean=62 (+/-0).
P2: N=0, mean=0 (+/-0).

Agent 2 (SHUCT)
Winning score (between 0 and 1) : N=1, mean=1 (+/-0).
P1: N=0, mean=0 (+/-0).
P2: N=1, mean=1 (+/-0).
Game Durations: N=1, mean=62 (+/-0).
P1: N=0, mean=0 (+/-0).
P2: N=1, mean=62 (+/-0).
=====================================================
=====================================================
Completed 2 games.

Agent 1 (SHUCTAnyTime)
Winning score (between 0 and 1) : N=2, mean=0.5 (+/-0.97998).
P1: N=1, mean=0 (+/-0).
P2: N=1, mean=1 (+/-0).
Game Durations: N=2, mean=61 (+/-1.95996).
P1: N=1, mean=62 (+/-0).
P2: N=1, mean=60 (+/-0).

Agent 2 (SHUCT)
Winning score (between 0 and 1) : N=2, mean=0.5 (+/-0.97998).
P1: N=1, mean=0 (+/-0).
P2: N=1, mean=1 (+/-0).
Game Durations: N=2, mean=61 (+/-1.95996).
P1: N=1, mean=60 (+/-0).
P2: N=1, mean=62 (+/-0).
=====================================================
=====================================================
Completed 3 games.

Agent 1 (SHUCTAnyTime)
Winning score (between 0 and 1) : N=3, mean=0.666667 (+/-0.65332).
P1: N=2, mean=0.5 (+/-0.97998).
P2: N=1, mean=1 (+/-0).
Game Durations: N=3, mean=60.333333 (+/-1.728522).
P1: N=2, mean=60.5 (+/-2.93994).
P2: N=1, mean=60 (+/-0).

Agent 2 (SHUCT)
Winning score (between 0 and 1) : N=3, mean=0.333333 (+/-0.65332).
P1: N=1, mean=0 (+/-0).
P2: N=2, mean=0.5 (+/-0.97998).
Game Durations: N=3, mean=60.333333 (+/-1.728522).
P1: N=1, mean=60 (+/-0).
P2: N=2, mean=60.5 (+/-2.93994).
=====================================================
=====================================================
Completed 4 games.

Agent 1 (SHUCTAnyTime)
Winning score (between 0 and 1) : N=4, mean=0.75 (+/-0.48999).
P1: N=2, mean=0.5 (+/-0.97998).
P2: N=2, mean=1 (+/-0).
Game Durations: N=4, mean=58.25 (+/-4.262256).
P1: N=2, mean=60.5 (+/-2.93994).
P2: N=2, mean=56 (+/-7.83984).

Agent 2 (SHUCT)
Winning score (between 0 and 1) : N=4, mean=0.25 (+/-0.48999).
P1: N=2, mean=0 (+/-0).
P2: N=2, mean=0.5 (+/-0.97998).
Game Durations: N=4, mean=58.25 (+/-4.262256).
P1: N=2, mean=56 (+/-7.83984).
P2: N=2, mean=60.5 (+/-2.93994).
=====================================================
=====================================================
Completed 5 games.

Agent 1 (SHUCTAnyTime)
Winning score (between 0 and 1) : N=5, mean=0.8 (+/-0.391992).
P1: N=3, mean=0.666667 (+/-0.65332).
P2: N=2, mean=1 (+/-0).
Game Durations: N=5, mean=57.6 (+/-3.5388).
P1: N=3, mean=58.666667 (+/-3.97399).
P2: N=2, mean=56 (+/-7.83984).

Agent 2 (SHUCT)
Winning score (between 0 and 1) : N=5, mean=0.2 (+/-0.391992).
P1: N=2, mean=0 (+/-0).
P2: N=3, mean=0.333333 (+/-0.65332).
Game Durations: N=5, mean=57.6 (+/-3.5388).
P1: N=2, mean=56 (+/-7.83984).
P2: N=3, mean=58.666667 (+/-3.97399).
=====================================================
=====================================================
Completed 10 games.

Agent 1 (SHUCTAnyTime)
Winning score (between 0 and 1) : N=10, mean=0.6 (+/-0.32006).
P1: N=5, mean=0.6 (+/-0.48009).
P2: N=5, mean=0.6 (+/-0.48009).
Game Durations: N=10, mean=50.5 (+/-6.970958).
P1: N=5, mean=50.2 (+/-10.397029).
P2: N=5, mean=50.8 (+/-10.507287).

Agent 2 (SHUCT)
Winning score (between 0 and 1) : N=10, mean=0.4 (+/-0.32006).
P1: N=5, mean=0.4 (+/-0.48009).
P2: N=5, mean=0.4 (+/-0.48009).
Game Durations: N=10, mean=50.5 (+/-6.970958).
P1: N=5, mean=50.8 (+/-10.507287).
P2: N=5, mean=50.2 (+/-10.397029).
=====================================================
=====================================================
Completed 20 games.

Agent 1 (SHUCTAnyTime)
Winning score (between 0 and 1) : N=20, mean=0.6 (+/-0.22028).
P1: N=10, mean=0.6 (+/-0.32006).
P2: N=10, mean=0.6 (+/-0.32006).
Game Durations: N=20, mean=54.6 (+/-4.820654).
P1: N=10, mean=53.8 (+/-6.175861).
P2: N=10, mean=55.4 (+/-7.709176).

Agent 2 (SHUCT)
Winning score (between 0 and 1) : N=20, mean=0.4 (+/-0.22028).
P1: N=10, mean=0.4 (+/-0.32006).
P2: N=10, mean=0.4 (+/-0.32006).
Game Durations: N=20, mean=54.6 (+/-4.820654).
P1: N=10, mean=55.4 (+/-7.709176).
P2: N=10, mean=53.8 (+/-6.175861).
=====================================================
=====================================================
Completed 30 games.

Agent 1 (SHUCTAnyTime)
Winning score (between 0 and 1) : N=30, mean=0.533333 (+/-0.181573).
P1: N=15, mean=0.466667 (+/-0.261328).
P2: N=15, mean=0.6 (+/-0.256619).
Game Durations: N=30, mean=55.5 (+/-3.561994).
P1: N=15, mean=54.466667 (+/-4.549981).
P2: N=15, mean=56.533333 (+/-5.592445).

Agent 2 (SHUCT)
Winning score (between 0 and 1) : N=30, mean=0.466667 (+/-0.181573).
P1: N=15, mean=0.4 (+/-0.256619).
P2: N=15, mean=0.533333 (+/-0.261328).
Game Durations: N=30, mean=55.5 (+/-3.561994).
P1: N=15, mean=56.533333 (+/-5.592445).
P2: N=15, mean=54.466667 (+/-4.549981).
=====================================================
=====================================================
Completed 40 games.

Agent 1 (SHUCTAnyTime)
Winning score (between 0 and 1) : N=40, mean=0.575 (+/-0.155147).
P1: N=20, mean=0.55 (+/-0.223696).
P2: N=20, mean=0.6 (+/-0.22028).
Game Durations: N=40, mean=56.275 (+/-2.807102).
P1: N=20, mean=55.65 (+/-3.708623).
P2: N=20, mean=56.9 (+/-4.293822).

Agent 2 (SHUCT)
Winning score (between 0 and 1) : N=40, mean=0.425 (+/-0.155147).
P1: N=20, mean=0.4 (+/-0.22028).
P2: N=20, mean=0.45 (+/-0.223696).
Game Durations: N=40, mean=56.275 (+/-2.807102).
P1: N=20, mean=56.9 (+/-4.293822).
P2: N=20, mean=55.65 (+/-3.708623).
=====================================================
=====================================================
Completed 50 games.

Agent 1 (SHUCTAnyTime)
Winning score (between 0 and 1) : N=50, mean=0.56 (+/-0.138986).
P1: N=25, mean=0.56 (+/-0.198592).
P2: N=25, mean=0.56 (+/-0.198592).
Game Durations: N=50, mean=54.5 (+/-2.962255).
P1: N=25, mean=52.96 (+/-4.375996).
P2: N=25, mean=56.04 (+/-3.990304).

Agent 2 (SHUCT)
Winning score (between 0 and 1) : N=50, mean=0.44 (+/-0.138986).
P1: N=25, mean=0.44 (+/-0.198592).
P2: N=25, mean=0.44 (+/-0.198592).
Game Durations: N=50, mean=54.5 (+/-2.962255).
P1: N=25, mean=56.04 (+/-3.990304).
P2: N=25, mean=52.96 (+/-4.375996).
=====================================================
=====================================================
Completed 60 games.

Agent 1 (SHUCTAnyTime)
Winning score (between 0 and 1) : N=60, mean=0.55 (+/-0.126943).
P1: N=30, mean=0.566667 (+/-0.180353).
P2: N=30, mean=0.533333 (+/-0.181573).
Game Durations: N=60, mean=54.383333 (+/-2.81881).
P1: N=30, mean=52.9 (+/-4.410073).
P2: N=30, mean=55.866667 (+/-3.507006).

Agent 2 (SHUCT)
Winning score (between 0 and 1) : N=60, mean=0.45 (+/-0.126943).
P1: N=30, mean=0.466667 (+/-0.181573).
P2: N=30, mean=0.433333 (+/-0.180353).
Game Durations: N=60, mean=54.383333 (+/-2.81881).
P1: N=30, mean=55.866667 (+/-3.507006).
P2: N=30, mean=52.9 (+/-4.410073).
=====================================================
=====================================================
Completed 70 games.

Agent 1 (SHUCTAnyTime)
Winning score (between 0 and 1) : N=70, mean=0.557143 (+/-0.117203).
P1: N=35, mean=0.542857 (+/-0.167447).
P2: N=35, mean=0.571429 (+/-0.166341).
Game Durations: N=70, mean=54.228571 (+/-2.469909).
P1: N=35, mean=53.114286 (+/-3.871671).
P2: N=35, mean=55.342857 (+/-3.080626).

Agent 2 (SHUCT)
Winning score (between 0 and 1) : N=70, mean=0.442857 (+/-0.117203).
P1: N=35, mean=0.428571 (+/-0.166341).
P2: N=35, mean=0.457143 (+/-0.167447).
Game Durations: N=70, mean=54.228571 (+/-2.469909).
P1: N=35, mean=55.342857 (+/-3.080626).
P2: N=35, mean=53.114286 (+/-3.871671).
=====================================================
=====================================================
Completed 80 games.

Agent 1 (SHUCTAnyTime)
Winning score (between 0 and 1) : N=80, mean=0.575 (+/-0.109009).
P1: N=40, mean=0.55 (+/-0.156136).
P2: N=40, mean=0.6 (+/-0.153752).
Game Durations: N=80, mean=54.475 (+/-2.423127).
P1: N=40, mean=53.15 (+/-3.555288).
P2: N=40, mean=55.8 (+/-3.286541).

Agent 2 (SHUCT)
Winning score (between 0 and 1) : N=80, mean=0.425 (+/-0.109009).
P1: N=40, mean=0.4 (+/-0.153752).
P2: N=40, mean=0.45 (+/-0.156136).
Game Durations: N=80, mean=54.475 (+/-2.423127).
P1: N=40, mean=55.8 (+/-3.286541).
P2: N=40, mean=53.15 (+/-3.555288).
=====================================================
=====================================================
Completed 90 games.

Agent 1 (SHUCTAnyTime)
Winning score (between 0 and 1) : N=90, mean=0.555556 (+/-0.103234).
P1: N=45, mean=0.533333 (+/-0.147409).
P2: N=45, mean=0.577778 (+/-0.145939).
Game Durations: N=90, mean=54.588889 (+/-2.335314).
P1: N=45, mean=54.177778 (+/-3.35178).
P2: N=45, mean=55 (+/-3.286141).

Agent 2 (SHUCT)
Winning score (between 0 and 1) : N=90, mean=0.444444 (+/-0.103234).
P1: N=45, mean=0.422222 (+/-0.145939).
P2: N=45, mean=0.466667 (+/-0.147409).
Game Durations: N=90, mean=54.588889 (+/-2.335314).
P1: N=45, mean=55 (+/-3.286141).
P2: N=45, mean=54.177778 (+/-3.35178).
=====================================================
=====================================================
Completed 100 games.

Agent 1 (SHUCTAnyTime)
Winning score (between 0 and 1) : N=100, mean=0.55 (+/-0.097998).
P1: N=50, mean=0.52 (+/-0.139885).
P2: N=50, mean=0.58 (+/-0.138194).
Game Durations: N=100, mean=55.23 (+/-2.266568).
P1: N=50, mean=54.84 (+/-3.367092).
P2: N=50, mean=55.62 (+/-3.065593).

Agent 2 (SHUCT)
Winning score (between 0 and 1) : N=100, mean=0.45 (+/-0.097998).
P1: N=50, mean=0.42 (+/-0.138194).
P2: N=50, mean=0.48 (+/-0.139885).
Game Durations: N=100, mean=55.23 (+/-2.266568).
P1: N=50, mean=55.62 (+/-3.065593).
P2: N=50, mean=54.84 (+/-3.367092).
=====================================================
=====================================================
Completed 110 games.

Agent 1 (SHUCTAnyTime)
Winning score (between 0 and 1) : N=110, mean=0.527273 (+/-0.093725).
P1: N=55, mean=0.490909 (+/-0.133336).
P2: N=55, mean=0.563636 (+/-0.132274).
Game Durations: N=110, mean=55.772727 (+/-2.161108).
P1: N=55, mean=55 (+/-3.124532).
P2: N=55, mean=56.545455 (+/-3.001145).

Agent 2 (SHUCT)
Winning score (between 0 and 1) : N=110, mean=0.472727 (+/-0.093725).
P1: N=55, mean=0.436364 (+/-0.132274).
P2: N=55, mean=0.509091 (+/-0.133336).
Game Durations: N=110, mean=55.772727 (+/-2.161108).
P1: N=55, mean=56.545455 (+/-3.001145).
P2: N=55, mean=55 (+/-3.124532).
=====================================================
=====================================================
Completed 120 games.

Agent 1 (SHUCTAnyTime)
Winning score (between 0 and 1) : N=120, mean=0.533333 (+/-0.089635).
P1: N=60, mean=0.483333 (+/-0.127512).
P2: N=60, mean=0.583333 (+/-0.125798).
Game Durations: N=120, mean=55.65 (+/-2.027909).
P1: N=60, mean=54.783333 (+/-2.943478).
P2: N=60, mean=56.516667 (+/-2.797712).

Agent 2 (SHUCT)
Winning score (between 0 and 1) : N=120, mean=0.466667 (+/-0.089635).
P1: N=60, mean=0.416667 (+/-0.125798).
P2: N=60, mean=0.516667 (+/-0.127512).
Game Durations: N=120, mean=55.65 (+/-2.027909).
P1: N=60, mean=56.516667 (+/-2.797712).
P2: N=60, mean=54.783333 (+/-2.943478).
=====================================================
=====================================================
Completed 130 games.

Agent 1 (SHUCTAnyTime)
Winning score (between 0 and 1) : N=130, mean=0.515385 (+/-0.086242).
P1: N=65, mean=0.461538 (+/-0.122135).
P2: N=65, mean=0.569231 (+/-0.121318).
Game Durations: N=130, mean=55.369231 (+/-1.995878).
P1: N=65, mean=53.907692 (+/-2.864443).
P2: N=65, mean=56.830769 (+/-2.75629).

Agent 2 (SHUCT)
Winning score (between 0 and 1) : N=130, mean=0.484615 (+/-0.086242).
P1: N=65, mean=0.430769 (+/-0.121318).
P2: N=65, mean=0.538462 (+/-0.122135).
Game Durations: N=130, mean=55.369231 (+/-1.995878).
P1: N=65, mean=56.830769 (+/-2.75629).
P2: N=65, mean=53.907692 (+/-2.864443).
=====================================================
=====================================================
Completed 140 games.

Agent 1 (SHUCTAnyTime)
Winning score (between 0 and 1) : N=140, mean=0.521429 (+/-0.083044).
P1: N=70, mean=0.457143 (+/-0.117542).
P2: N=70, mean=0.585714 (+/-0.116229).
Game Durations: N=140, mean=55.621429 (+/-1.965036).
P1: N=70, mean=54.8 (+/-2.86759).
P2: N=70, mean=56.442857 (+/-2.694289).

Agent 2 (SHUCT)
Winning score (between 0 and 1) : N=140, mean=0.478571 (+/-0.083044).
P1: N=70, mean=0.414286 (+/-0.116229).
P2: N=70, mean=0.542857 (+/-0.117542).
Game Durations: N=140, mean=55.621429 (+/-1.965036).
P1: N=70, mean=56.442857 (+/-2.694289).
P2: N=70, mean=54.8 (+/-2.86759).
=====================================================
=====================================================
Completed 150 games.

Agent 1 (SHUCTAnyTime)
Winning score (between 0 and 1) : N=150, mean=0.513333 (+/-0.080255).
P1: N=75, mean=0.44 (+/-0.113097).
P2: N=75, mean=0.586667 (+/-0.112196).
Game Durations: N=150, mean=55.306667 (+/-1.926433).
P1: N=75, mean=55.026667 (+/-2.795913).
P2: N=75, mean=55.586667 (+/-2.668259).

Agent 2 (SHUCT)
Winning score (between 0 and 1) : N=150, mean=0.486667 (+/-0.080255).
P1: N=75, mean=0.413333 (+/-0.112196).
P2: N=75, mean=0.56 (+/-0.113097).
Game Durations: N=150, mean=55.306667 (+/-1.926433).
P1: N=75, mean=55.586667 (+/-2.668259).
P2: N=75, mean=55.026667 (+/-2.795913).
=====================================================
