Warming up...
Finished warming up!
=====================================================
Completed 1 games.

Agent 1 (SHUCTAnyTime)
Winning score (between 0 and 1) : N=1, mean=1 (+/-0).
P1: N=1, mean=1 (+/-0).
P2: N=0, mean=0 (+/-0).
Game Durations: N=1, mean=59 (+/-0).
P1: N=1, mean=59 (+/-0).
P2: N=0, mean=0 (+/-0).

Agent 2 (SHUCT)
Winning score (between 0 and 1) : N=1, mean=0 (+/-0).
P1: N=0, mean=0 (+/-0).
P2: N=1, mean=0 (+/-0).
Game Durations: N=1, mean=59 (+/-0).
P1: N=0, mean=0 (+/-0).
P2: N=1, mean=59 (+/-0).
=====================================================
=====================================================
Completed 2 games.

Agent 1 (SHUCTAnyTime)
Winning score (between 0 and 1) : N=2, mean=1 (+/-0).
P1: N=1, mean=1 (+/-0).
P2: N=1, mean=1 (+/-0).
Game Durations: N=2, mean=60.5 (+/-2.93994).
P1: N=1, mean=59 (+/-0).
P2: N=1, mean=62 (+/-0).

Agent 2 (SHUCT)
Winning score (between 0 and 1) : N=2, mean=0 (+/-0).
P1: N=1, mean=0 (+/-0).
P2: N=1, mean=0 (+/-0).
Game Durations: N=2, mean=60.5 (+/-2.93994).
P1: N=1, mean=62 (+/-0).
P2: N=1, mean=59 (+/-0).
=====================================================
=====================================================
Completed 3 games.

Agent 1 (SHUCTAnyTime)
Winning score (between 0 and 1) : N=3, mean=1 (+/-0).
P1: N=2, mean=1 (+/-0).
P2: N=1, mean=1 (+/-0).
Game Durations: N=3, mean=64.666667 (+/-8.341031).
P1: N=2, mean=66 (+/-13.71972).
P2: N=1, mean=62 (+/-0).

Agent 2 (SHUCT)
Winning score (between 0 and 1) : N=3, mean=0 (+/-0).
P1: N=1, mean=0 (+/-0).
P2: N=2, mean=0 (+/-0).
Game Durations: N=3, mean=64.666667 (+/-8.341031).
P1: N=1, mean=62 (+/-0).
P2: N=2, mean=66 (+/-13.71972).
=====================================================
=====================================================
Completed 4 games.

Agent 1 (SHUCTAnyTime)
Winning score (between 0 and 1) : N=4, mean=0.75 (+/-0.48999).
P1: N=2, mean=1 (+/-0).
P2: N=2, mean=0.5 (+/-0.97998).
Game Durations: N=4, mean=62.75 (+/-6.992737).
P1: N=2, mean=66 (+/-13.71972).
P2: N=2, mean=59.5 (+/-4.8999).

Agent 2 (SHUCT)
Winning score (between 0 and 1) : N=4, mean=0.25 (+/-0.48999).
P1: N=2, mean=0.5 (+/-0.97998).
P2: N=2, mean=0 (+/-0).
Game Durations: N=4, mean=62.75 (+/-6.992737).
P1: N=2, mean=59.5 (+/-4.8999).
P2: N=2, mean=66 (+/-13.71972).
=====================================================
=====================================================
Completed 5 games.

Agent 1 (SHUCTAnyTime)
Winning score (between 0 and 1) : N=5, mean=0.8 (+/-0.391992).
P1: N=3, mean=1 (+/-0).
P2: N=2, mean=0.5 (+/-0.97998).
Game Durations: N=5, mean=64.4 (+/-6.308514).
P1: N=3, mean=67.666667 (+/-8.568211).
P2: N=2, mean=59.5 (+/-4.8999).

Agent 2 (SHUCT)
Winning score (between 0 and 1) : N=5, mean=0.2 (+/-0.391992).
P1: N=2, mean=0.5 (+/-0.97998).
P2: N=3, mean=0 (+/-0).
Game Durations: N=5, mean=64.4 (+/-6.308514).
P1: N=2, mean=59.5 (+/-4.8999).
P2: N=3, mean=67.666667 (+/-8.568211).
=====================================================
=====================================================
Completed 10 games.

Agent 1 (SHUCTAnyTime)
Winning score (between 0 and 1) : N=10, mean=0.8 (+/-0.261328).
P1: N=5, mean=1 (+/-0).
P2: N=5, mean=0.6 (+/-0.48009).
Game Durations: N=10, mean=55.7 (+/-6.72031).
P1: N=5, mean=59.4 (+/-11.252287).
P2: N=5, mean=52 (+/-7.093864).

Agent 2 (SHUCT)
Winning score (between 0 and 1) : N=10, mean=0.2 (+/-0.261328).
P1: N=5, mean=0.4 (+/-0.48009).
P2: N=5, mean=0 (+/-0).
Game Durations: N=10, mean=55.7 (+/-6.72031).
P1: N=5, mean=52 (+/-7.093864).
P2: N=5, mean=59.4 (+/-11.252287).
=====================================================
=====================================================
Completed 20 games.

Agent 1 (SHUCTAnyTime)
Winning score (between 0 and 1) : N=20, mean=0.7 (+/-0.206054).
P1: N=10, mean=0.9 (+/-0.195996).
P2: N=10, mean=0.5 (+/-0.32666).
Game Durations: N=20, mean=51.3 (+/-6.942768).
P1: N=10, mean=53.1 (+/-11.112011).
P2: N=10, mean=49.5 (+/-8.790736).

Agent 2 (SHUCT)
Winning score (between 0 and 1) : N=20, mean=0.3 (+/-0.206054).
P1: N=10, mean=0.5 (+/-0.32666).
P2: N=10, mean=0.1 (+/-0.195996).
Game Durations: N=20, mean=51.3 (+/-6.942768).
P1: N=10, mean=49.5 (+/-8.790736).
P2: N=10, mean=53.1 (+/-11.112011).
=====================================================
=====================================================
Completed 30 games.

Agent 1 (SHUCTAnyTime)
Winning score (between 0 and 1) : N=30, mean=0.533333 (+/-0.181573).
P1: N=15, mean=0.666667 (+/-0.246932).
P2: N=15, mean=0.4 (+/-0.256619).
Game Durations: N=30, mean=50.633333 (+/-5.075827).
P1: N=15, mean=50.666667 (+/-8.297054).
P2: N=15, mean=50.6 (+/-6.155885).

Agent 2 (SHUCT)
Winning score (between 0 and 1) : N=30, mean=0.466667 (+/-0.181573).
P1: N=15, mean=0.6 (+/-0.256619).
P2: N=15, mean=0.333333 (+/-0.246932).
Game Durations: N=30, mean=50.633333 (+/-5.075827).
P1: N=15, mean=50.6 (+/-6.155885).
P2: N=15, mean=50.666667 (+/-8.297054).
=====================================================
=====================================================
Completed 40 games.

Agent 1 (SHUCTAnyTime)
Winning score (between 0 and 1) : N=40, mean=0.55 (+/-0.156136).
P1: N=20, mean=0.7 (+/-0.206054).
P2: N=20, mean=0.4 (+/-0.22028).
Game Durations: N=40, mean=50.05 (+/-4.053916).
P1: N=20, mean=50 (+/-6.30627).
P2: N=20, mean=50.1 (+/-5.262775).

Agent 2 (SHUCT)
Winning score (between 0 and 1) : N=40, mean=0.45 (+/-0.156136).
P1: N=20, mean=0.6 (+/-0.22028).
P2: N=20, mean=0.3 (+/-0.206054).
Game Durations: N=40, mean=50.05 (+/-4.053916).
P1: N=20, mean=50.1 (+/-5.262775).
P2: N=20, mean=50 (+/-6.30627).
=====================================================
=====================================================
Completed 50 games.

Agent 1 (SHUCTAnyTime)
Winning score (between 0 and 1) : N=50, mean=0.56 (+/-0.138986).
P1: N=25, mean=0.72 (+/-0.179633).
P2: N=25, mean=0.4 (+/-0.195996).
Game Durations: N=50, mean=51.06 (+/-3.430317).
P1: N=25, mean=51.04 (+/-5.311793).
P2: N=25, mean=51.08 (+/-4.453496).

Agent 2 (SHUCT)
Winning score (between 0 and 1) : N=50, mean=0.44 (+/-0.138986).
P1: N=25, mean=0.6 (+/-0.195996).
P2: N=25, mean=0.28 (+/-0.179633).
Game Durations: N=50, mean=51.06 (+/-3.430317).
P1: N=25, mean=51.08 (+/-4.453496).
P2: N=25, mean=51.04 (+/-5.311793).
=====================================================
=====================================================
Completed 60 games.

Agent 1 (SHUCTAnyTime)
Winning score (between 0 and 1) : N=60, mean=0.6 (+/-0.125005).
P1: N=30, mean=0.766667 (+/-0.153936).
P2: N=30, mean=0.433333 (+/-0.180353).
Game Durations: N=60, mean=51.1 (+/-3.089395).
P1: N=30, mean=51.566667 (+/-4.753471).
P2: N=30, mean=50.633333 (+/-4.022746).

Agent 2 (SHUCT)
Winning score (between 0 and 1) : N=60, mean=0.4 (+/-0.125005).
P1: N=30, mean=0.566667 (+/-0.180353).
P2: N=30, mean=0.233333 (+/-0.153936).
Game Durations: N=60, mean=51.1 (+/-3.089395).
P1: N=30, mean=50.633333 (+/-4.022746).
P2: N=30, mean=51.566667 (+/-4.753471).
=====================================================
=====================================================
Completed 70 games.

Agent 1 (SHUCTAnyTime)
Winning score (between 0 and 1) : N=70, mean=0.628571 (+/-0.114009).
P1: N=35, mean=0.742857 (+/-0.146909).
P2: N=35, mean=0.514286 (+/-0.167997).
Game Durations: N=70, mean=51.528571 (+/-2.880906).
P1: N=35, mean=52.057143 (+/-4.558746).
P2: N=35, mean=51 (+/-3.583489).

Agent 2 (SHUCT)
Winning score (between 0 and 1) : N=70, mean=0.371429 (+/-0.114009).
P1: N=35, mean=0.485714 (+/-0.167997).
P2: N=35, mean=0.257143 (+/-0.146909).
Game Durations: N=70, mean=51.528571 (+/-2.880906).
P1: N=35, mean=51 (+/-3.583489).
P2: N=35, mean=52.057143 (+/-4.558746).
=====================================================
=====================================================
Completed 80 games.

Agent 1 (SHUCTAnyTime)
Winning score (between 0 and 1) : N=80, mean=0.625 (+/-0.106755).
P1: N=40, mean=0.75 (+/-0.135899).
P2: N=40, mean=0.5 (+/-0.156922).
Game Durations: N=80, mean=51.85 (+/-2.621251).
P1: N=40, mean=52.45 (+/-4.088995).
P2: N=40, mean=51.25 (+/-3.323459).

Agent 2 (SHUCT)
Winning score (between 0 and 1) : N=80, mean=0.375 (+/-0.106755).
P1: N=40, mean=0.5 (+/-0.156922).
P2: N=40, mean=0.25 (+/-0.135899).
Game Durations: N=80, mean=51.85 (+/-2.621251).
P1: N=40, mean=51.25 (+/-3.323459).
P2: N=40, mean=52.45 (+/-4.088995).
=====================================================
=====================================================
Completed 90 games.

Agent 1 (SHUCTAnyTime)
Winning score (between 0 and 1) : N=90, mean=0.6 (+/-0.101779).
P1: N=45, mean=0.711111 (+/-0.133923).
P2: N=45, mean=0.488889 (+/-0.147701).
Game Durations: N=90, mean=51.477778 (+/-2.419501).
P1: N=45, mean=52.266667 (+/-3.693846).
P2: N=45, mean=50.688889 (+/-3.151009).

Agent 2 (SHUCT)
Winning score (between 0 and 1) : N=90, mean=0.4 (+/-0.101779).
P1: N=45, mean=0.511111 (+/-0.147701).
P2: N=45, mean=0.288889 (+/-0.133923).
Game Durations: N=90, mean=51.477778 (+/-2.419501).
P1: N=45, mean=50.688889 (+/-3.151009).
P2: N=45, mean=52.266667 (+/-3.693846).
=====================================================
=====================================================
Completed 100 games.

Agent 1 (SHUCTAnyTime)
Winning score (between 0 and 1) : N=100, mean=0.58 (+/-0.097223).
P1: N=50, mean=0.68 (+/-0.130611).
P2: N=50, mean=0.48 (+/-0.139885).
Game Durations: N=100, mean=52.02 (+/-2.357551).
P1: N=50, mean=52.72 (+/-3.505206).
P2: N=50, mean=51.32 (+/-3.177381).

Agent 2 (SHUCT)
Winning score (between 0 and 1) : N=100, mean=0.42 (+/-0.097223).
P1: N=50, mean=0.52 (+/-0.139885).
P2: N=50, mean=0.32 (+/-0.130611).
Game Durations: N=100, mean=52.02 (+/-2.357551).
P1: N=50, mean=51.32 (+/-3.177381).
P2: N=50, mean=52.72 (+/-3.505206).
=====================================================
=====================================================
Completed 110 games.

Agent 1 (SHUCTAnyTime)
Winning score (between 0 and 1) : N=110, mean=0.545455 (+/-0.093476).
P1: N=55, mean=0.636364 (+/-0.128303).
P2: N=55, mean=0.454545 (+/-0.132806).
Game Durations: N=110, mean=52.609091 (+/-2.316996).
P1: N=55, mean=52.418182 (+/-3.249008).
P2: N=55, mean=52.8 (+/-3.333387).

Agent 2 (SHUCT)
Winning score (between 0 and 1) : N=110, mean=0.454545 (+/-0.093476).
P1: N=55, mean=0.545455 (+/-0.132806).
P2: N=55, mean=0.363636 (+/-0.128303).
Game Durations: N=110, mean=52.609091 (+/-2.316996).
P1: N=55, mean=52.8 (+/-3.333387).
P2: N=55, mean=52.418182 (+/-3.249008).
=====================================================
=====================================================
Completed 120 games.

Agent 1 (SHUCTAnyTime)
Winning score (between 0 and 1) : N=120, mean=0.533333 (+/-0.089635).
P1: N=60, mean=0.583333 (+/-0.125798).
P2: N=60, mean=0.483333 (+/-0.127512).
Game Durations: N=120, mean=52.383333 (+/-2.214162).
P1: N=60, mean=52.116667 (+/-3.165518).
P2: N=60, mean=52.65 (+/-3.121933).

Agent 2 (SHUCT)
Winning score (between 0 and 1) : N=120, mean=0.466667 (+/-0.089635).
P1: N=60, mean=0.516667 (+/-0.127512).
P2: N=60, mean=0.416667 (+/-0.125798).
Game Durations: N=120, mean=52.383333 (+/-2.214162).
P1: N=60, mean=52.65 (+/-3.121933).
P2: N=60, mean=52.116667 (+/-3.165518).
=====================================================
=====================================================
Completed 130 games.

Agent 1 (SHUCTAnyTime)
Winning score (between 0 and 1) : N=130, mean=0.530769 (+/-0.086119).
P1: N=65, mean=0.569231 (+/-0.121318).
P2: N=65, mean=0.492308 (+/-0.122483).
Game Durations: N=130, mean=51.876923 (+/-2.098471).
P1: N=65, mean=51.646154 (+/-2.961979).
P2: N=65, mean=52.107692 (+/-2.995365).

Agent 2 (SHUCT)
Winning score (between 0 and 1) : N=130, mean=0.469231 (+/-0.086119).
P1: N=65, mean=0.507692 (+/-0.122483).
P2: N=65, mean=0.430769 (+/-0.121318).
Game Durations: N=130, mean=51.876923 (+/-2.098471).
P1: N=65, mean=52.107692 (+/-2.995365).
P2: N=65, mean=51.646154 (+/-2.961979).
=====================================================
=====================================================
Completed 140 games.

Agent 1 (SHUCTAnyTime)
Winning score (between 0 and 1) : N=140, mean=0.507143 (+/-0.083112).
P1: N=70, mean=0.542857 (+/-0.117542).
P2: N=70, mean=0.471429 (+/-0.117783).
Game Durations: N=140, mean=52.035714 (+/-1.995633).
P1: N=70, mean=52 (+/-2.827201).
P2: N=70, mean=52.071429 (+/-2.837681).

Agent 2 (SHUCT)
Winning score (between 0 and 1) : N=140, mean=0.492857 (+/-0.083112).
P1: N=70, mean=0.528571 (+/-0.117783).
P2: N=70, mean=0.457143 (+/-0.117542).
Game Durations: N=140, mean=52.035714 (+/-1.995633).
P1: N=70, mean=52.071429 (+/-2.837681).
P2: N=70, mean=52 (+/-2.827201).
=====================================================
=====================================================
Completed 150 games.

Agent 1 (SHUCTAnyTime)
Winning score (between 0 and 1) : N=150, mean=0.533333 (+/-0.080104).
P1: N=75, mean=0.56 (+/-0.113097).
P2: N=75, mean=0.506667 (+/-0.11391).
Game Durations: N=150, mean=52.633333 (+/-1.936175).
P1: N=75, mean=52.72 (+/-2.765692).
P2: N=75, mean=52.546667 (+/-2.728842).

Agent 2 (SHUCT)
Winning score (between 0 and 1) : N=150, mean=0.466667 (+/-0.080104).
P1: N=75, mean=0.493333 (+/-0.11391).
P2: N=75, mean=0.44 (+/-0.113097).
Game Durations: N=150, mean=52.633333 (+/-1.936175).
P1: N=75, mean=52.546667 (+/-2.728842).
P2: N=75, mean=52.72 (+/-2.765692).
=====================================================
