Warming up...
Finished warming up!
=====================================================
Completed 1 games.

Agent 1 (SHUCTAnyTime)
Winning score (between 0 and 1) : N=1, mean=0 (+/-0).
P1: N=0, mean=0 (+/-0).
P2: N=1, mean=0 (+/-0).
Game Durations: N=1, mean=67 (+/-0).
P1: N=0, mean=0 (+/-0).
P2: N=1, mean=67 (+/-0).

Agent 2 (SHUCT)
Winning score (between 0 and 1) : N=1, mean=1 (+/-0).
P1: N=1, mean=1 (+/-0).
P2: N=0, mean=0 (+/-0).
Game Durations: N=1, mean=67 (+/-0).
P1: N=1, mean=67 (+/-0).
P2: N=0, mean=0 (+/-0).
=====================================================
=====================================================
Completed 2 games.

Agent 1 (SHUCTAnyTime)
Winning score (between 0 and 1) : N=2, mean=0.5 (+/-0.97998).
P1: N=1, mean=1 (+/-0).
P2: N=1, mean=0 (+/-0).
Game Durations: N=2, mean=51 (+/-31.35936).
P1: N=1, mean=35 (+/-0).
P2: N=1, mean=67 (+/-0).

Agent 2 (SHUCT)
Winning score (between 0 and 1) : N=2, mean=0.5 (+/-0.97998).
P1: N=1, mean=1 (+/-0).
P2: N=1, mean=0 (+/-0).
Game Durations: N=2, mean=51 (+/-31.35936).
P1: N=1, mean=67 (+/-0).
P2: N=1, mean=35 (+/-0).
=====================================================
=====================================================
Completed 3 games.

Agent 1 (SHUCTAnyTime)
Winning score (between 0 and 1) : N=3, mean=0.666667 (+/-0.65332).
P1: N=1, mean=1 (+/-0).
P2: N=2, mean=0.5 (+/-0.97998).
Game Durations: N=3, mean=49.333333 (+/-18.397658).
P1: N=1, mean=35 (+/-0).
P2: N=2, mean=56.5 (+/-20.57958).

Agent 2 (SHUCT)
Winning score (between 0 and 1) : N=3, mean=0.333333 (+/-0.65332).
P1: N=2, mean=0.5 (+/-0.97998).
P2: N=1, mean=0 (+/-0).
Game Durations: N=3, mean=49.333333 (+/-18.397658).
P1: N=2, mean=56.5 (+/-20.57958).
P2: N=1, mean=35 (+/-0).
=====================================================
=====================================================
Completed 4 games.

Agent 1 (SHUCTAnyTime)
Winning score (between 0 and 1) : N=4, mean=0.5 (+/-0.565792).
P1: N=2, mean=0.5 (+/-0.97998).
P2: N=2, mean=0.5 (+/-0.97998).
Game Durations: N=4, mean=51.5 (+/-13.684676).
P1: N=2, mean=46.5 (+/-22.53954).
P2: N=2, mean=56.5 (+/-20.57958).

Agent 2 (SHUCT)
Winning score (between 0 and 1) : N=4, mean=0.5 (+/-0.565792).
P1: N=2, mean=0.5 (+/-0.97998).
P2: N=2, mean=0.5 (+/-0.97998).
Game Durations: N=4, mean=51.5 (+/-13.684676).
P1: N=2, mean=56.5 (+/-20.57958).
P2: N=2, mean=46.5 (+/-22.53954).
=====================================================
=====================================================
Completed 5 games.

Agent 1 (SHUCTAnyTime)
Winning score (between 0 and 1) : N=5, mean=0.4 (+/-0.48009).
P1: N=2, mean=0.5 (+/-0.97998).
P2: N=3, mean=0.333333 (+/-0.65332).
Game Durations: N=5, mean=46.6 (+/-14.30368).
P1: N=2, mean=46.5 (+/-22.53954).
P2: N=3, mean=46.666667 (+/-22.641097).

Agent 2 (SHUCT)
Winning score (between 0 and 1) : N=5, mean=0.6 (+/-0.48009).
P1: N=3, mean=0.666667 (+/-0.65332).
P2: N=2, mean=0.5 (+/-0.97998).
Game Durations: N=5, mean=46.6 (+/-14.30368).
P1: N=3, mean=46.666667 (+/-22.641097).
P2: N=2, mean=46.5 (+/-22.53954).
=====================================================
=====================================================
Completed 10 games.

Agent 1 (SHUCTAnyTime)
Winning score (between 0 and 1) : N=10, mean=0.5 (+/-0.32666).
P1: N=5, mean=0.4 (+/-0.48009).
P2: N=5, mean=0.6 (+/-0.48009).
Game Durations: N=10, mean=47.6 (+/-8.72225).
P1: N=5, mean=46 (+/-11.970206).
P2: N=5, mean=49.2 (+/-13.933648).

Agent 2 (SHUCT)
Winning score (between 0 and 1) : N=10, mean=0.5 (+/-0.32666).
P1: N=5, mean=0.4 (+/-0.48009).
P2: N=5, mean=0.6 (+/-0.48009).
Game Durations: N=10, mean=47.6 (+/-8.72225).
P1: N=5, mean=49.2 (+/-13.933648).
P2: N=5, mean=46 (+/-11.970206).
=====================================================
=====================================================
Completed 20 games.

Agent 1 (SHUCTAnyTime)
Winning score (between 0 and 1) : N=20, mean=0.7 (+/-0.206054).
P1: N=10, mean=0.7 (+/-0.299389).
P2: N=10, mean=0.7 (+/-0.299389).
Game Durations: N=20, mean=53.8 (+/-6.870315).
P1: N=10, mean=54.1 (+/-10.929987).
P2: N=10, mean=53.5 (+/-8.930433).

Agent 2 (SHUCT)
Winning score (between 0 and 1) : N=20, mean=0.3 (+/-0.206054).
P1: N=10, mean=0.3 (+/-0.299389).
P2: N=10, mean=0.3 (+/-0.299389).
Game Durations: N=20, mean=53.8 (+/-6.870315).
P1: N=10, mean=53.5 (+/-8.930433).
P2: N=10, mean=54.1 (+/-10.929987).
=====================================================
=====================================================
Completed 30 games.

Agent 1 (SHUCTAnyTime)
Winning score (between 0 and 1) : N=30, mean=0.633333 (+/-0.175388).
P1: N=15, mean=0.6 (+/-0.256619).
P2: N=15, mean=0.666667 (+/-0.246932).
Game Durations: N=30, mean=52.4 (+/-5.142473).
P1: N=15, mean=53.533333 (+/-7.590571).
P2: N=15, mean=51.266667 (+/-7.157955).

Agent 2 (SHUCT)
Winning score (between 0 and 1) : N=30, mean=0.366667 (+/-0.175388).
P1: N=15, mean=0.333333 (+/-0.246932).
P2: N=15, mean=0.4 (+/-0.256619).
Game Durations: N=30, mean=52.4 (+/-5.142473).
P1: N=15, mean=51.266667 (+/-7.157955).
P2: N=15, mean=53.533333 (+/-7.590571).
=====================================================
=====================================================
Completed 40 games.

Agent 1 (SHUCTAnyTime)
Winning score (between 0 and 1) : N=40, mean=0.6 (+/-0.153752).
P1: N=20, mean=0.55 (+/-0.223696).
P2: N=20, mean=0.65 (+/-0.214467).
Game Durations: N=40, mean=55.55 (+/-4.357218).
P1: N=20, mean=55.25 (+/-5.951439).
P2: N=20, mean=55.85 (+/-6.517962).

Agent 2 (SHUCT)
Winning score (between 0 and 1) : N=40, mean=0.4 (+/-0.153752).
P1: N=20, mean=0.35 (+/-0.214467).
P2: N=20, mean=0.45 (+/-0.223696).
Game Durations: N=40, mean=55.55 (+/-4.357218).
P1: N=20, mean=55.85 (+/-6.517962).
P2: N=20, mean=55.25 (+/-5.951439).
=====================================================
=====================================================
Completed 50 games.

Agent 1 (SHUCTAnyTime)
Winning score (between 0 and 1) : N=50, mean=0.58 (+/-0.138194).
P1: N=25, mean=0.56 (+/-0.198592).
P2: N=25, mean=0.6 (+/-0.195996).
Game Durations: N=50, mean=56.52 (+/-4.25121).
P1: N=25, mean=55.44 (+/-6.402283).
P2: N=25, mean=57.6 (+/-5.695137).

Agent 2 (SHUCT)
Winning score (between 0 and 1) : N=50, mean=0.42 (+/-0.138194).
P1: N=25, mean=0.4 (+/-0.195996).
P2: N=25, mean=0.44 (+/-0.198592).
Game Durations: N=50, mean=56.52 (+/-4.25121).
P1: N=25, mean=57.6 (+/-5.695137).
P2: N=25, mean=55.44 (+/-6.402283).
=====================================================
=====================================================
Completed 60 games.

Agent 1 (SHUCTAnyTime)
Winning score (between 0 and 1) : N=60, mean=0.583333 (+/-0.125798).
P1: N=30, mean=0.566667 (+/-0.180353).
P2: N=30, mean=0.6 (+/-0.178301).
Game Durations: N=60, mean=57.316667 (+/-3.799159).
P1: N=30, mean=57.633333 (+/-5.735029).
P2: N=30, mean=57 (+/-5.080623).

Agent 2 (SHUCT)
Winning score (between 0 and 1) : N=60, mean=0.416667 (+/-0.125798).
P1: N=30, mean=0.4 (+/-0.178301).
P2: N=30, mean=0.433333 (+/-0.180353).
Game Durations: N=60, mean=57.316667 (+/-3.799159).
P1: N=30, mean=57 (+/-5.080623).
P2: N=30, mean=57.633333 (+/-5.735029).
=====================================================
=====================================================
Completed 70 games.

Agent 1 (SHUCTAnyTime)
Winning score (between 0 and 1) : N=70, mean=0.585714 (+/-0.116229).
P1: N=35, mean=0.571429 (+/-0.166341).
P2: N=35, mean=0.6 (+/-0.16467).
Game Durations: N=70, mean=57.4 (+/-3.495269).
P1: N=35, mean=57.771429 (+/-5.130547).
P2: N=35, mean=57.028571 (+/-4.820018).

Agent 2 (SHUCT)
Winning score (between 0 and 1) : N=70, mean=0.414286 (+/-0.116229).
P1: N=35, mean=0.4 (+/-0.16467).
P2: N=35, mean=0.428571 (+/-0.166341).
Game Durations: N=70, mean=57.4 (+/-3.495269).
P1: N=35, mean=57.028571 (+/-4.820018).
P2: N=35, mean=57.771429 (+/-5.130547).
=====================================================
=====================================================
Completed 80 games.

Agent 1 (SHUCTAnyTime)
Winning score (between 0 and 1) : N=80, mean=0.575 (+/-0.109009).
P1: N=40, mean=0.55 (+/-0.156136).
P2: N=40, mean=0.6 (+/-0.153752).
Game Durations: N=80, mean=56.975 (+/-3.182377).
P1: N=40, mean=57.75 (+/-4.595308).
P2: N=40, mean=56.2 (+/-4.449075).

Agent 2 (SHUCT)
Winning score (between 0 and 1) : N=80, mean=0.425 (+/-0.109009).
P1: N=40, mean=0.4 (+/-0.153752).
P2: N=40, mean=0.45 (+/-0.156136).
Game Durations: N=80, mean=56.975 (+/-3.182377).
P1: N=40, mean=56.2 (+/-4.449075).
P2: N=40, mean=57.75 (+/-4.595308).
=====================================================
=====================================================
Completed 90 games.

Agent 1 (SHUCTAnyTime)
Winning score (between 0 and 1) : N=90, mean=0.522222 (+/-0.103775).
P1: N=45, mean=0.488889 (+/-0.147701).
P2: N=45, mean=0.555556 (+/-0.146823).
Game Durations: N=90, mean=56.933333 (+/-3.03822).
P1: N=45, mean=58.044444 (+/-4.234435).
P2: N=45, mean=55.822222 (+/-4.381403).

Agent 2 (SHUCT)
Winning score (between 0 and 1) : N=90, mean=0.477778 (+/-0.103775).
P1: N=45, mean=0.444444 (+/-0.146823).
P2: N=45, mean=0.511111 (+/-0.147701).
Game Durations: N=90, mean=56.933333 (+/-3.03822).
P1: N=45, mean=55.822222 (+/-4.381403).
P2: N=45, mean=58.044444 (+/-4.234435).
=====================================================
=====================================================
Completed 100 games.

Agent 1 (SHUCTAnyTime)
Winning score (between 0 and 1) : N=100, mean=0.51 (+/-0.098472).
P1: N=50, mean=0.48 (+/-0.139885).
P2: N=50, mean=0.54 (+/-0.139548).
Game Durations: N=100, mean=57.55 (+/-2.842761).
P1: N=50, mean=59.12 (+/-4.005637).
P2: N=50, mean=55.98 (+/-4.027829).

Agent 2 (SHUCT)
Winning score (between 0 and 1) : N=100, mean=0.49 (+/-0.098472).
P1: N=50, mean=0.46 (+/-0.139548).
P2: N=50, mean=0.52 (+/-0.139885).
Game Durations: N=100, mean=57.55 (+/-2.842761).
P1: N=50, mean=55.98 (+/-4.027829).
P2: N=50, mean=59.12 (+/-4.005637).
=====================================================
=====================================================
Completed 110 games.

Agent 1 (SHUCTAnyTime)
Winning score (between 0 and 1) : N=110, mean=0.490909 (+/-0.09385).
P1: N=55, mean=0.472727 (+/-0.13316).
P2: N=55, mean=0.509091 (+/-0.133336).
Game Durations: N=110, mean=56.772727 (+/-2.693918).
P1: N=55, mean=58.8 (+/-3.698325).
P2: N=55, mean=54.745455 (+/-3.877528).

Agent 2 (SHUCT)
Winning score (between 0 and 1) : N=110, mean=0.509091 (+/-0.09385).
P1: N=55, mean=0.490909 (+/-0.133336).
P2: N=55, mean=0.527273 (+/-0.13316).
Game Durations: N=110, mean=56.772727 (+/-2.693918).
P1: N=55, mean=54.745455 (+/-3.877528).
P2: N=55, mean=58.8 (+/-3.698325).
=====================================================
=====================================================
Completed 120 games.

Agent 1 (SHUCTAnyTime)
Winning score (between 0 and 1) : N=120, mean=0.5 (+/-0.089835).
P1: N=60, mean=0.466667 (+/-0.127299).
P2: N=60, mean=0.533333 (+/-0.127299).
Game Durations: N=120, mean=57.1 (+/-2.632159).
P1: N=60, mean=58.4 (+/-3.620947).
P2: N=60, mean=55.8 (+/-3.823164).

Agent 2 (SHUCT)
Winning score (between 0 and 1) : N=120, mean=0.5 (+/-0.089835).
P1: N=60, mean=0.466667 (+/-0.127299).
P2: N=60, mean=0.533333 (+/-0.127299).
Game Durations: N=120, mean=57.1 (+/-2.632159).
P1: N=60, mean=55.8 (+/-3.823164).
P2: N=60, mean=58.4 (+/-3.620947).
=====================================================
=====================================================
Completed 130 games.

Agent 1 (SHUCTAnyTime)
Winning score (between 0 and 1) : N=130, mean=0.5 (+/-0.086282).
P1: N=65, mean=0.461538 (+/-0.122135).
P2: N=65, mean=0.538462 (+/-0.122135).
Game Durations: N=130, mean=57.492308 (+/-2.525789).
P1: N=65, mean=58.523077 (+/-3.407811).
P2: N=65, mean=56.461538 (+/-3.738594).

Agent 2 (SHUCT)
Winning score (between 0 and 1) : N=130, mean=0.5 (+/-0.086282).
P1: N=65, mean=0.461538 (+/-0.122135).
P2: N=65, mean=0.538462 (+/-0.122135).
Game Durations: N=130, mean=57.492308 (+/-2.525789).
P1: N=65, mean=56.461538 (+/-3.738594).
P2: N=65, mean=58.523077 (+/-3.407811).
=====================================================
=====================================================
Completed 140 games.

Agent 1 (SHUCTAnyTime)
Winning score (between 0 and 1) : N=140, mean=0.514286 (+/-0.083087).
P1: N=70, mean=0.457143 (+/-0.117542).
P2: N=70, mean=0.571429 (+/-0.116766).
Game Durations: N=140, mean=57.628571 (+/-2.458493).
P1: N=70, mean=58.942857 (+/-3.446804).
P2: N=70, mean=56.314286 (+/-3.504164).

Agent 2 (SHUCT)
Winning score (between 0 and 1) : N=140, mean=0.485714 (+/-0.083087).
P1: N=70, mean=0.428571 (+/-0.116766).
P2: N=70, mean=0.542857 (+/-0.117542).
Game Durations: N=140, mean=57.628571 (+/-2.458493).
P1: N=70, mean=56.314286 (+/-3.504164).
P2: N=70, mean=58.942857 (+/-3.446804).
=====================================================
=====================================================
Completed 150 games.

Agent 1 (SHUCTAnyTime)
Winning score (between 0 and 1) : N=150, mean=0.526667 (+/-0.080169).
P1: N=75, mean=0.453333 (+/-0.113423).
P2: N=75, mean=0.6 (+/-0.111619).
Game Durations: N=150, mean=57.52 (+/-2.356385).
P1: N=75, mean=58.906667 (+/-3.308254).
P2: N=75, mean=56.133333 (+/-3.349043).

Agent 2 (SHUCT)
Winning score (between 0 and 1) : N=150, mean=0.473333 (+/-0.080169).
P1: N=75, mean=0.4 (+/-0.111619).
P2: N=75, mean=0.546667 (+/-0.113423).
Game Durations: N=150, mean=57.52 (+/-2.356385).
P1: N=75, mean=56.133333 (+/-3.349043).
P2: N=75, mean=58.906667 (+/-3.308254).
=====================================================
