Warming up...
Finished warming up!
=====================================================
Completed 1 games.

Agent 1 (SHUCTAnyTime)
Winning score (between 0 and 1) : N=1, mean=0 (+/-0).
P1: N=1, mean=0 (+/-0).
P2: N=0, mean=0 (+/-0).
Game Durations: N=1, mean=160 (+/-0).
P1: N=1, mean=160 (+/-0).
P2: N=0, mean=0 (+/-0).

Agent 2 (SHUCT)
Winning score (between 0 and 1) : N=1, mean=1 (+/-0).
P1: N=0, mean=0 (+/-0).
P2: N=1, mean=1 (+/-0).
Game Durations: N=1, mean=160 (+/-0).
P1: N=0, mean=0 (+/-0).
P2: N=1, mean=160 (+/-0).
=====================================================
=====================================================
Completed 2 games.

Agent 1 (SHUCTAnyTime)
Winning score (between 0 and 1) : N=2, mean=0.5 (+/-0.97998).
P1: N=1, mean=0 (+/-0).
P2: N=1, mean=1 (+/-0).
Game Durations: N=2, mean=158 (+/-3.91992).
P1: N=1, mean=160 (+/-0).
P2: N=1, mean=156 (+/-0).

Agent 2 (SHUCT)
Winning score (between 0 and 1) : N=2, mean=0.5 (+/-0.97998).
P1: N=1, mean=0 (+/-0).
P2: N=1, mean=1 (+/-0).
Game Durations: N=2, mean=158 (+/-3.91992).
P1: N=1, mean=156 (+/-0).
P2: N=1, mean=160 (+/-0).
=====================================================
=====================================================
Completed 3 games.

Agent 1 (SHUCTAnyTime)
Winning score (between 0 and 1) : N=3, mean=0.666667 (+/-0.65332).
P1: N=2, mean=0.5 (+/-0.97998).
P2: N=1, mean=1 (+/-0).
Game Durations: N=3, mean=163.333333 (+/-10.695309).
P1: N=2, mean=167 (+/-13.71972).
P2: N=1, mean=156 (+/-0).

Agent 2 (SHUCT)
Winning score (between 0 and 1) : N=3, mean=0.333333 (+/-0.65332).
P1: N=1, mean=0 (+/-0).
P2: N=2, mean=0.5 (+/-0.97998).
Game Durations: N=3, mean=163.333333 (+/-10.695309).
P1: N=1, mean=156 (+/-0).
P2: N=2, mean=167 (+/-13.71972).
=====================================================
=====================================================
Completed 4 games.

Agent 1 (SHUCTAnyTime)
Winning score (between 0 and 1) : N=4, mean=0.75 (+/-0.48999).
P1: N=2, mean=0.5 (+/-0.97998).
P2: N=2, mean=1 (+/-0).
Game Durations: N=4, mean=167.5 (+/-11.130433).
P1: N=2, mean=167 (+/-13.71972).
P2: N=2, mean=168 (+/-23.51952).

Agent 2 (SHUCT)
Winning score (between 0 and 1) : N=4, mean=0.25 (+/-0.48999).
P1: N=2, mean=0 (+/-0).
P2: N=2, mean=0.5 (+/-0.97998).
Game Durations: N=4, mean=167.5 (+/-11.130433).
P1: N=2, mean=168 (+/-23.51952).
P2: N=2, mean=167 (+/-13.71972).
=====================================================
=====================================================
Completed 5 games.

Agent 1 (SHUCTAnyTime)
Winning score (between 0 and 1) : N=5, mean=0.6 (+/-0.48009).
P1: N=3, mean=0.333333 (+/-0.65332).
P2: N=2, mean=1 (+/-0).
Game Durations: N=5, mean=163.6 (+/-11.522165).
P1: N=3, mean=160.666667 (+/-14.725085).
P2: N=2, mean=168 (+/-23.51952).

Agent 2 (SHUCT)
Winning score (between 0 and 1) : N=5, mean=0.4 (+/-0.48009).
P1: N=2, mean=0 (+/-0).
P2: N=3, mean=0.666667 (+/-0.65332).
Game Durations: N=5, mean=163.6 (+/-11.522165).
P1: N=2, mean=168 (+/-23.51952).
P2: N=3, mean=160.666667 (+/-14.725085).
=====================================================
=====================================================
Completed 10 games.

Agent 1 (SHUCTAnyTime)
Winning score (between 0 and 1) : N=10, mean=0.5 (+/-0.32666).
P1: N=5, mean=0.4 (+/-0.48009).
P2: N=5, mean=0.6 (+/-0.48009).
Game Durations: N=10, mean=165.6 (+/-7.317184).
P1: N=5, mean=164 (+/-9.993874).
P2: N=5, mean=167.2 (+/-11.667937).

Agent 2 (SHUCT)
Winning score (between 0 and 1) : N=10, mean=0.5 (+/-0.32666).
P1: N=5, mean=0.4 (+/-0.48009).
P2: N=5, mean=0.6 (+/-0.48009).
Game Durations: N=10, mean=165.6 (+/-7.317184).
P1: N=5, mean=167.2 (+/-11.667937).
P2: N=5, mean=164 (+/-9.993874).
=====================================================
=====================================================
Completed 20 games.

Agent 1 (SHUCTAnyTime)
Winning score (between 0 and 1) : N=20, mean=0.55 (+/-0.223696).
P1: N=10, mean=0.6 (+/-0.32006).
P2: N=10, mean=0.5 (+/-0.32666).
Game Durations: N=20, mean=161.3 (+/-6.173587).
P1: N=10, mean=156 (+/-9.584006).
P2: N=10, mean=166.6 (+/-6.714909).

Agent 2 (SHUCT)
Winning score (between 0 and 1) : N=20, mean=0.45 (+/-0.223696).
P1: N=10, mean=0.5 (+/-0.32666).
P2: N=10, mean=0.4 (+/-0.32006).
Game Durations: N=20, mean=161.3 (+/-6.173587).
P1: N=10, mean=166.6 (+/-6.714909).
P2: N=10, mean=156 (+/-9.584006).
=====================================================
=====================================================
Completed 30 games.

Agent 1 (SHUCTAnyTime)
Winning score (between 0 and 1) : N=30, mean=0.433333 (+/-0.180353).
P1: N=15, mean=0.533333 (+/-0.261328).
P2: N=15, mean=0.333333 (+/-0.246932).
Game Durations: N=30, mean=160.533333 (+/-5.414448).
P1: N=15, mean=157.6 (+/-7.209731).
P2: N=15, mean=163.466667 (+/-8.046793).

Agent 2 (SHUCT)
Winning score (between 0 and 1) : N=30, mean=0.566667 (+/-0.180353).
P1: N=15, mean=0.666667 (+/-0.246932).
P2: N=15, mean=0.466667 (+/-0.261328).
Game Durations: N=30, mean=160.533333 (+/-5.414448).
P1: N=15, mean=163.466667 (+/-8.046793).
P2: N=15, mean=157.6 (+/-7.209731).
=====================================================
=====================================================
Completed 40 games.

Agent 1 (SHUCTAnyTime)
Winning score (between 0 and 1) : N=40, mean=0.45 (+/-0.156136).
P1: N=20, mean=0.6 (+/-0.22028).
P2: N=20, mean=0.3 (+/-0.206054).
Game Durations: N=40, mean=161.5 (+/-4.397748).
P1: N=20, mean=158.4 (+/-6.07005).
P2: N=20, mean=164.6 (+/-6.21813).

Agent 2 (SHUCT)
Winning score (between 0 and 1) : N=40, mean=0.55 (+/-0.156136).
P1: N=20, mean=0.7 (+/-0.206054).
P2: N=20, mean=0.4 (+/-0.22028).
Game Durations: N=40, mean=161.5 (+/-4.397748).
P1: N=20, mean=164.6 (+/-6.21813).
P2: N=20, mean=158.4 (+/-6.07005).
=====================================================
=====================================================
Completed 50 games.

Agent 1 (SHUCTAnyTime)
Winning score (between 0 and 1) : N=50, mean=0.44 (+/-0.138986).
P1: N=25, mean=0.64 (+/-0.192036).
P2: N=25, mean=0.24 (+/-0.170865).
Game Durations: N=50, mean=161.08 (+/-4.166872).
P1: N=25, mean=159.52 (+/-5.107341).
P2: N=25, mean=162.64 (+/-6.635828).

Agent 2 (SHUCT)
Winning score (between 0 and 1) : N=50, mean=0.56 (+/-0.138986).
P1: N=25, mean=0.76 (+/-0.170865).
P2: N=25, mean=0.36 (+/-0.192036).
Game Durations: N=50, mean=161.08 (+/-4.166872).
P1: N=25, mean=162.64 (+/-6.635828).
P2: N=25, mean=159.52 (+/-5.107341).
=====================================================
=====================================================
Completed 60 games.

Agent 1 (SHUCTAnyTime)
Winning score (between 0 and 1) : N=60, mean=0.45 (+/-0.126943).
P1: N=30, mean=0.666667 (+/-0.17157).
P2: N=30, mean=0.233333 (+/-0.153936).
Game Durations: N=60, mean=161.233333 (+/-3.658859).
P1: N=30, mean=159.066667 (+/-4.568023).
P2: N=30, mean=163.4 (+/-5.688737).

Agent 2 (SHUCT)
Winning score (between 0 and 1) : N=60, mean=0.55 (+/-0.126943).
P1: N=30, mean=0.766667 (+/-0.153936).
P2: N=30, mean=0.333333 (+/-0.17157).
Game Durations: N=60, mean=161.233333 (+/-3.658859).
P1: N=30, mean=163.4 (+/-5.688737).
P2: N=30, mean=159.066667 (+/-4.568023).
=====================================================
=====================================================
Completed 70 games.

Agent 1 (SHUCTAnyTime)
Winning score (between 0 and 1) : N=70, mean=0.471429 (+/-0.117783).
P1: N=35, mean=0.628571 (+/-0.162414).
P2: N=35, mean=0.314286 (+/-0.156042).
Game Durations: N=70, mean=160.742857 (+/-3.371167).
P1: N=35, mean=158.742857 (+/-4.294315).
P2: N=35, mean=162.742857 (+/-5.175187).

Agent 2 (SHUCT)
Winning score (between 0 and 1) : N=70, mean=0.528571 (+/-0.117783).
P1: N=35, mean=0.685714 (+/-0.156042).
P2: N=35, mean=0.371429 (+/-0.162414).
Game Durations: N=70, mean=160.742857 (+/-3.371167).
P1: N=35, mean=162.742857 (+/-5.175187).
P2: N=35, mean=158.742857 (+/-4.294315).
=====================================================
=====================================================
Completed 80 games.

Agent 1 (SHUCTAnyTime)
Winning score (between 0 and 1) : N=80, mean=0.475 (+/-0.110118).
P1: N=40, mean=0.6 (+/-0.153752).
P2: N=40, mean=0.35 (+/-0.149694).
Game Durations: N=80, mean=160.4 (+/-3.081976).
P1: N=40, mean=158.3 (+/-3.978656).
P2: N=40, mean=162.5 (+/-4.667221).

Agent 2 (SHUCT)
Winning score (between 0 and 1) : N=80, mean=0.525 (+/-0.110118).
P1: N=40, mean=0.65 (+/-0.149694).
P2: N=40, mean=0.4 (+/-0.153752).
Game Durations: N=80, mean=160.4 (+/-3.081976).
P1: N=40, mean=162.5 (+/-4.667221).
P2: N=40, mean=158.3 (+/-3.978656).
=====================================================
=====================================================
Completed 90 games.

Agent 1 (SHUCTAnyTime)
Winning score (between 0 and 1) : N=90, mean=0.466667 (+/-0.103647).
P1: N=45, mean=0.577778 (+/-0.145939).
P2: N=45, mean=0.355556 (+/-0.141438).
Game Durations: N=90, mean=161.311111 (+/-2.881514).
P1: N=45, mean=160.177778 (+/-3.873762).
P2: N=45, mean=162.444444 (+/-4.28481).

Agent 2 (SHUCT)
Winning score (between 0 and 1) : N=90, mean=0.533333 (+/-0.103647).
P1: N=45, mean=0.644444 (+/-0.141438).
P2: N=45, mean=0.422222 (+/-0.145939).
Game Durations: N=90, mean=161.311111 (+/-2.881514).
P1: N=45, mean=162.444444 (+/-4.28481).
P2: N=45, mean=160.177778 (+/-3.873762).
=====================================================
=====================================================
Completed 100 games.

Agent 1 (SHUCTAnyTime)
Winning score (between 0 and 1) : N=100, mean=0.49 (+/-0.098472).
P1: N=50, mean=0.62 (+/-0.135905).
P2: N=50, mean=0.36 (+/-0.134397).
Game Durations: N=100, mean=161.26 (+/-2.647301).
P1: N=50, mean=160.52 (+/-3.576587).
P2: N=50, mean=162 (+/-3.929508).

Agent 2 (SHUCT)
Winning score (between 0 and 1) : N=100, mean=0.51 (+/-0.098472).
P1: N=50, mean=0.64 (+/-0.134397).
P2: N=50, mean=0.38 (+/-0.135905).
Game Durations: N=100, mean=161.26 (+/-2.647301).
P1: N=50, mean=162 (+/-3.929508).
P2: N=50, mean=160.52 (+/-3.576587).
=====================================================
