Warming up...
Finished warming up!
=====================================================
Completed 1 games.

Agent 1 (SHUCTAnyTime)
Winning score (between 0 and 1) : N=1, mean=1 (+/-0).
P1: N=1, mean=1 (+/-0).
P2: N=0, mean=0 (+/-0).
Game Durations: N=1, mean=134 (+/-0).
P1: N=1, mean=134 (+/-0).
P2: N=0, mean=0 (+/-0).

Agent 2 (SHUCT)
Winning score (between 0 and 1) : N=1, mean=0 (+/-0).
P1: N=0, mean=0 (+/-0).
P2: N=1, mean=0 (+/-0).
Game Durations: N=1, mean=134 (+/-0).
P1: N=0, mean=0 (+/-0).
P2: N=1, mean=134 (+/-0).
=====================================================
=====================================================
Completed 2 games.

Agent 1 (SHUCTAnyTime)
Winning score (between 0 and 1) : N=2, mean=1 (+/-0).
P1: N=1, mean=1 (+/-0).
P2: N=1, mean=1 (+/-0).
Game Durations: N=2, mean=149 (+/-29.3994).
P1: N=1, mean=134 (+/-0).
P2: N=1, mean=164 (+/-0).

Agent 2 (SHUCT)
Winning score (between 0 and 1) : N=2, mean=0 (+/-0).
P1: N=1, mean=0 (+/-0).
P2: N=1, mean=0 (+/-0).
Game Durations: N=2, mean=149 (+/-29.3994).
P1: N=1, mean=164 (+/-0).
P2: N=1, mean=134 (+/-0).
=====================================================
=====================================================
Completed 3 games.

Agent 1 (SHUCTAnyTime)
Winning score (between 0 and 1) : N=3, mean=1 (+/-0).
P1: N=2, mean=1 (+/-0).
P2: N=1, mean=1 (+/-0).
Game Durations: N=3, mean=148 (+/-17.086535).
P1: N=2, mean=140 (+/-11.75976).
P2: N=1, mean=164 (+/-0).

Agent 2 (SHUCT)
Winning score (between 0 and 1) : N=3, mean=0 (+/-0).
P1: N=1, mean=0 (+/-0).
P2: N=2, mean=0 (+/-0).
Game Durations: N=3, mean=148 (+/-17.086535).
P1: N=1, mean=164 (+/-0).
P2: N=2, mean=140 (+/-11.75976).
=====================================================
=====================================================
Completed 4 games.

Agent 1 (SHUCTAnyTime)
Winning score (between 0 and 1) : N=4, mean=0.75 (+/-0.48999).
P1: N=2, mean=1 (+/-0).
P2: N=2, mean=0.5 (+/-0.97998).
Game Durations: N=4, mean=140.5 (+/-19.02777).
P1: N=2, mean=140 (+/-11.75976).
P2: N=2, mean=141 (+/-45.07908).

Agent 2 (SHUCT)
Winning score (between 0 and 1) : N=4, mean=0.25 (+/-0.48999).
P1: N=2, mean=0.5 (+/-0.97998).
P2: N=2, mean=0 (+/-0).
Game Durations: N=4, mean=140.5 (+/-19.02777).
P1: N=2, mean=141 (+/-45.07908).
P2: N=2, mean=140 (+/-11.75976).
=====================================================
=====================================================
Completed 5 games.

Agent 1 (SHUCTAnyTime)
Winning score (between 0 and 1) : N=5, mean=0.8 (+/-0.391992).
P1: N=3, mean=1 (+/-0).
P2: N=2, mean=0.5 (+/-0.97998).
Game Durations: N=5, mean=145.6 (+/-17.808693).
P1: N=3, mean=148.666667 (+/-18.29296).
P2: N=2, mean=141 (+/-45.07908).

Agent 2 (SHUCT)
Winning score (between 0 and 1) : N=5, mean=0.2 (+/-0.391992).
P1: N=2, mean=0.5 (+/-0.97998).
P2: N=3, mean=0 (+/-0).
Game Durations: N=5, mean=145.6 (+/-17.808693).
P1: N=2, mean=141 (+/-45.07908).
P2: N=3, mean=148.666667 (+/-18.29296).
=====================================================
=====================================================
Completed 10 games.

Agent 1 (SHUCTAnyTime)
Winning score (between 0 and 1) : N=10, mean=0.5 (+/-0.32666).
P1: N=5, mean=0.6 (+/-0.48009).
P2: N=5, mean=0.4 (+/-0.48009).
Game Durations: N=10, mean=149.2 (+/-10.505256).
P1: N=5, mean=146 (+/-11.156288).
P2: N=5, mean=152.4 (+/-18.774739).

Agent 2 (SHUCT)
Winning score (between 0 and 1) : N=10, mean=0.5 (+/-0.32666).
P1: N=5, mean=0.6 (+/-0.48009).
P2: N=5, mean=0.4 (+/-0.48009).
Game Durations: N=10, mean=149.2 (+/-10.505256).
P1: N=5, mean=152.4 (+/-18.774739).
P2: N=5, mean=146 (+/-11.156288).
=====================================================
=====================================================
Completed 20 games.

Agent 1 (SHUCTAnyTime)
Winning score (between 0 and 1) : N=20, mean=0.4 (+/-0.22028).
P1: N=10, mean=0.5 (+/-0.32666).
P2: N=10, mean=0.3 (+/-0.299389).
Game Durations: N=20, mean=148.4 (+/-7.660358).
P1: N=10, mean=150.2 (+/-7.493555).
P2: N=10, mean=146.6 (+/-13.742101).

Agent 2 (SHUCT)
Winning score (between 0 and 1) : N=20, mean=0.6 (+/-0.22028).
P1: N=10, mean=0.7 (+/-0.299389).
P2: N=10, mean=0.5 (+/-0.32666).
Game Durations: N=20, mean=148.4 (+/-7.660358).
P1: N=10, mean=146.6 (+/-13.742101).
P2: N=10, mean=150.2 (+/-7.493555).
=====================================================
=====================================================
Completed 30 games.

Agent 1 (SHUCTAnyTime)
Winning score (between 0 and 1) : N=30, mean=0.433333 (+/-0.180353).
P1: N=15, mean=0.6 (+/-0.256619).
P2: N=15, mean=0.266667 (+/-0.231643).
Game Durations: N=30, mean=152.933333 (+/-6.144227).
P1: N=15, mean=152.133333 (+/-6.452058).
P2: N=15, mean=153.733333 (+/-10.696678).

Agent 2 (SHUCT)
Winning score (between 0 and 1) : N=30, mean=0.566667 (+/-0.180353).
P1: N=15, mean=0.733333 (+/-0.231643).
P2: N=15, mean=0.4 (+/-0.256619).
Game Durations: N=30, mean=152.933333 (+/-6.144227).
P1: N=15, mean=153.733333 (+/-10.696678).
P2: N=15, mean=152.133333 (+/-6.452058).
=====================================================
=====================================================
Completed 40 games.

Agent 1 (SHUCTAnyTime)
Winning score (between 0 and 1) : N=40, mean=0.4 (+/-0.153752).
P1: N=20, mean=0.55 (+/-0.223696).
P2: N=20, mean=0.25 (+/-0.194702).
Game Durations: N=40, mean=152 (+/-5.401414).
P1: N=20, mean=152.3 (+/-5.864559).
P2: N=20, mean=151.7 (+/-9.238112).

Agent 2 (SHUCT)
Winning score (between 0 and 1) : N=40, mean=0.6 (+/-0.153752).
P1: N=20, mean=0.75 (+/-0.194702).
P2: N=20, mean=0.45 (+/-0.223696).
Game Durations: N=40, mean=152 (+/-5.401414).
P1: N=20, mean=151.7 (+/-9.238112).
P2: N=20, mean=152.3 (+/-5.864559).
=====================================================
=====================================================
Completed 50 games.

Agent 1 (SHUCTAnyTime)
Winning score (between 0 and 1) : N=50, mean=0.46 (+/-0.139548).
P1: N=25, mean=0.56 (+/-0.198592).
P2: N=25, mean=0.36 (+/-0.192036).
Game Durations: N=50, mean=151.76 (+/-4.7762).
P1: N=25, mean=152.64 (+/-4.915398).
P2: N=25, mean=150.88 (+/-8.290978).

Agent 2 (SHUCT)
Winning score (between 0 and 1) : N=50, mean=0.54 (+/-0.139548).
P1: N=25, mean=0.64 (+/-0.192036).
P2: N=25, mean=0.44 (+/-0.198592).
Game Durations: N=50, mean=151.76 (+/-4.7762).
P1: N=25, mean=150.88 (+/-8.290978).
P2: N=25, mean=152.64 (+/-4.915398).
=====================================================
=====================================================
Completed 60 games.

Agent 1 (SHUCTAnyTime)
Winning score (between 0 and 1) : N=60, mean=0.466667 (+/-0.127299).
P1: N=30, mean=0.6 (+/-0.178301).
P2: N=30, mean=0.333333 (+/-0.17157).
Game Durations: N=60, mean=152.733333 (+/-4.410708).
P1: N=30, mean=153.6 (+/-4.934785).
P2: N=30, mean=151.866667 (+/-7.38972).

Agent 2 (SHUCT)
Winning score (between 0 and 1) : N=60, mean=0.533333 (+/-0.127299).
P1: N=30, mean=0.666667 (+/-0.17157).
P2: N=30, mean=0.4 (+/-0.178301).
Game Durations: N=60, mean=152.733333 (+/-4.410708).
P1: N=30, mean=151.866667 (+/-7.38972).
P2: N=30, mean=153.6 (+/-4.934785).
=====================================================
=====================================================
Completed 70 games.

Agent 1 (SHUCTAnyTime)
Winning score (between 0 and 1) : N=70, mean=0.457143 (+/-0.117542).
P1: N=35, mean=0.571429 (+/-0.166341).
P2: N=35, mean=0.342857 (+/-0.159549).
Game Durations: N=70, mean=152.828571 (+/-3.968711).
P1: N=35, mean=153.714286 (+/-4.559899).
P2: N=35, mean=151.942857 (+/-6.554329).

Agent 2 (SHUCT)
Winning score (between 0 and 1) : N=70, mean=0.542857 (+/-0.117542).
P1: N=35, mean=0.657143 (+/-0.159549).
P2: N=35, mean=0.428571 (+/-0.166341).
Game Durations: N=70, mean=152.828571 (+/-3.968711).
P1: N=35, mean=151.942857 (+/-6.554329).
P2: N=35, mean=153.714286 (+/-4.559899).
=====================================================
=====================================================
Completed 80 games.

Agent 1 (SHUCTAnyTime)
Winning score (between 0 and 1) : N=80, mean=0.45 (+/-0.109704).
P1: N=40, mean=0.575 (+/-0.155147).
P2: N=40, mean=0.325 (+/-0.146997).
Game Durations: N=80, mean=154.5 (+/-3.704679).
P1: N=40, mean=155.25 (+/-4.249527).
P2: N=40, mean=153.75 (+/-6.118263).

Agent 2 (SHUCT)
Winning score (between 0 and 1) : N=80, mean=0.55 (+/-0.109704).
P1: N=40, mean=0.675 (+/-0.146997).
P2: N=40, mean=0.425 (+/-0.155147).
Game Durations: N=80, mean=154.5 (+/-3.704679).
P1: N=40, mean=153.75 (+/-6.118263).
P2: N=40, mean=155.25 (+/-4.249527).
=====================================================
=====================================================
Completed 90 games.

Agent 1 (SHUCTAnyTime)
Winning score (between 0 and 1) : N=90, mean=0.422222 (+/-0.102613).
P1: N=45, mean=0.533333 (+/-0.147409).
P2: N=45, mean=0.311111 (+/-0.13679).
Game Durations: N=90, mean=155.355556 (+/-3.449171).
P1: N=45, mean=156 (+/-4.224823).
P2: N=45, mean=154.711111 (+/-5.496021).

Agent 2 (SHUCT)
Winning score (between 0 and 1) : N=90, mean=0.577778 (+/-0.102613).
P1: N=45, mean=0.688889 (+/-0.13679).
P2: N=45, mean=0.466667 (+/-0.147409).
Game Durations: N=90, mean=155.355556 (+/-3.449171).
P1: N=45, mean=154.711111 (+/-5.496021).
P2: N=45, mean=156 (+/-4.224823).
=====================================================
=====================================================
Completed 100 games.

Agent 1 (SHUCTAnyTime)
Winning score (between 0 and 1) : N=100, mean=0.45 (+/-0.097998).
P1: N=50, mean=0.54 (+/-0.139548).
P2: N=50, mean=0.36 (+/-0.134397).
Game Durations: N=100, mean=156.18 (+/-3.240647).
P1: N=50, mean=156.68 (+/-3.976487).
P2: N=50, mean=155.68 (+/-5.155984).

Agent 2 (SHUCT)
Winning score (between 0 and 1) : N=100, mean=0.55 (+/-0.097998).
P1: N=50, mean=0.64 (+/-0.134397).
P2: N=50, mean=0.46 (+/-0.139548).
Game Durations: N=100, mean=156.18 (+/-3.240647).
P1: N=50, mean=155.68 (+/-5.155984).
P2: N=50, mean=156.68 (+/-3.976487).
=====================================================
