Warming up...
Finished warming up!
=====================================================
Completed 1 games.

Agent 1 (SHUCTAnyTime)
Winning score (between 0 and 1) : N=1, mean=1 (+/-0).
P1: N=0, mean=0 (+/-0).
P2: N=1, mean=1 (+/-0).
Game Durations: N=1, mean=136 (+/-0).
P1: N=0, mean=0 (+/-0).
P2: N=1, mean=136 (+/-0).

Agent 2 (SHUCT)
Winning score (between 0 and 1) : N=1, mean=0 (+/-0).
P1: N=1, mean=0 (+/-0).
P2: N=0, mean=0 (+/-0).
Game Durations: N=1, mean=136 (+/-0).
P1: N=1, mean=136 (+/-0).
P2: N=0, mean=0 (+/-0).
=====================================================
=====================================================
Completed 2 games.

Agent 1 (SHUCTAnyTime)
Winning score (between 0 and 1) : N=2, mean=1 (+/-0).
P1: N=1, mean=1 (+/-0).
P2: N=1, mean=1 (+/-0).
Game Durations: N=2, mean=151 (+/-29.3994).
P1: N=1, mean=166 (+/-0).
P2: N=1, mean=136 (+/-0).

Agent 2 (SHUCT)
Winning score (between 0 and 1) : N=2, mean=0 (+/-0).
P1: N=1, mean=0 (+/-0).
P2: N=1, mean=0 (+/-0).
Game Durations: N=2, mean=151 (+/-29.3994).
P1: N=1, mean=136 (+/-0).
P2: N=1, mean=166 (+/-0).
=====================================================
=====================================================
Completed 3 games.

Agent 1 (SHUCTAnyTime)
Winning score (between 0 and 1) : N=3, mean=1 (+/-0).
P1: N=1, mean=1 (+/-0).
P2: N=2, mean=1 (+/-0).
Game Durations: N=3, mean=155.333333 (+/-18.980042).
P1: N=1, mean=166 (+/-0).
P2: N=2, mean=150 (+/-27.43944).

Agent 2 (SHUCT)
Winning score (between 0 and 1) : N=3, mean=0 (+/-0).
P1: N=2, mean=0 (+/-0).
P2: N=1, mean=0 (+/-0).
Game Durations: N=3, mean=155.333333 (+/-18.980042).
P1: N=2, mean=150 (+/-27.43944).
P2: N=1, mean=166 (+/-0).
=====================================================
=====================================================
Completed 4 games.

Agent 1 (SHUCTAnyTime)
Winning score (between 0 and 1) : N=4, mean=0.75 (+/-0.48999).
P1: N=2, mean=0.5 (+/-0.97998).
P2: N=2, mean=1 (+/-0).
Game Durations: N=4, mean=154.5 (+/-13.519936).
P1: N=2, mean=159 (+/-13.71972).
P2: N=2, mean=150 (+/-27.43944).

Agent 2 (SHUCT)
Winning score (between 0 and 1) : N=4, mean=0.25 (+/-0.48999).
P1: N=2, mean=0 (+/-0).
P2: N=2, mean=0.5 (+/-0.97998).
Game Durations: N=4, mean=154.5 (+/-13.519936).
P1: N=2, mean=150 (+/-27.43944).
P2: N=2, mean=159 (+/-13.71972).
=====================================================
=====================================================
Completed 5 games.

Agent 1 (SHUCTAnyTime)
Winning score (between 0 and 1) : N=5, mean=0.6 (+/-0.48009).
P1: N=2, mean=0.5 (+/-0.97998).
P2: N=3, mean=0.666667 (+/-0.65332).
Game Durations: N=5, mean=156.8 (+/-11.40151).
P1: N=2, mean=159 (+/-13.71972).
P2: N=3, mean=155.333333 (+/-18.980042).

Agent 2 (SHUCT)
Winning score (between 0 and 1) : N=5, mean=0.4 (+/-0.48009).
P1: N=3, mean=0.333333 (+/-0.65332).
P2: N=2, mean=0.5 (+/-0.97998).
Game Durations: N=5, mean=156.8 (+/-11.40151).
P1: N=3, mean=155.333333 (+/-18.980042).
P2: N=2, mean=159 (+/-13.71972).
=====================================================
=====================================================
Completed 10 games.

Agent 1 (SHUCTAnyTime)
Winning score (between 0 and 1) : N=10, mean=0.5 (+/-0.32666).
P1: N=5, mean=0.6 (+/-0.48009).
P2: N=5, mean=0.4 (+/-0.48009).
Game Durations: N=10, mean=147.2 (+/-11.453801).
P1: N=5, mean=149.2 (+/-17.903352).
P2: N=5, mean=145.2 (+/-16.190741).

Agent 2 (SHUCT)
Winning score (between 0 and 1) : N=10, mean=0.5 (+/-0.32666).
P1: N=5, mean=0.6 (+/-0.48009).
P2: N=5, mean=0.4 (+/-0.48009).
Game Durations: N=10, mean=147.2 (+/-11.453801).
P1: N=5, mean=145.2 (+/-16.190741).
P2: N=5, mean=149.2 (+/-17.903352).
=====================================================
=====================================================
Completed 20 games.

Agent 1 (SHUCTAnyTime)
Winning score (between 0 and 1) : N=20, mean=0.4 (+/-0.22028).
P1: N=10, mean=0.4 (+/-0.32006).
P2: N=10, mean=0.4 (+/-0.32006).
Game Durations: N=20, mean=151.2 (+/-7.05471).
P1: N=10, mean=149.2 (+/-8.980715).
P2: N=10, mean=153.2 (+/-11.227984).

Agent 2 (SHUCT)
Winning score (between 0 and 1) : N=20, mean=0.6 (+/-0.22028).
P1: N=10, mean=0.6 (+/-0.32006).
P2: N=10, mean=0.6 (+/-0.32006).
Game Durations: N=20, mean=151.2 (+/-7.05471).
P1: N=10, mean=153.2 (+/-11.227984).
P2: N=10, mean=149.2 (+/-8.980715).
=====================================================
=====================================================
Completed 30 games.

Agent 1 (SHUCTAnyTime)
Winning score (between 0 and 1) : N=30, mean=0.466667 (+/-0.181573).
P1: N=15, mean=0.4 (+/-0.256619).
P2: N=15, mean=0.533333 (+/-0.261328).
Game Durations: N=30, mean=152.466667 (+/-5.593348).
P1: N=15, mean=152.533333 (+/-7.222574).
P2: N=15, mean=152.4 (+/-8.800199).

Agent 2 (SHUCT)
Winning score (between 0 and 1) : N=30, mean=0.533333 (+/-0.181573).
P1: N=15, mean=0.466667 (+/-0.261328).
P2: N=15, mean=0.6 (+/-0.256619).
Game Durations: N=30, mean=152.466667 (+/-5.593348).
P1: N=15, mean=152.4 (+/-8.800199).
P2: N=15, mean=152.533333 (+/-7.222574).
=====================================================
=====================================================
Completed 40 games.

Agent 1 (SHUCTAnyTime)
Winning score (between 0 and 1) : N=40, mean=0.375 (+/-0.151939).
P1: N=20, mean=0.35 (+/-0.214467).
P2: N=20, mean=0.4 (+/-0.22028).
Game Durations: N=40, mean=155.95 (+/-4.791635).
P1: N=20, mean=154.7 (+/-5.836913).
P2: N=20, mean=157.2 (+/-7.717156).

Agent 2 (SHUCT)
Winning score (between 0 and 1) : N=40, mean=0.625 (+/-0.151939).
P1: N=20, mean=0.6 (+/-0.22028).
P2: N=20, mean=0.65 (+/-0.214467).
Game Durations: N=40, mean=155.95 (+/-4.791635).
P1: N=20, mean=157.2 (+/-7.717156).
P2: N=20, mean=154.7 (+/-5.836913).
=====================================================
=====================================================
Completed 50 games.

Agent 1 (SHUCTAnyTime)
Winning score (between 0 and 1) : N=50, mean=0.4 (+/-0.137169).
P1: N=25, mean=0.36 (+/-0.192036).
P2: N=25, mean=0.44 (+/-0.198592).
Game Durations: N=50, mean=155.96 (+/-4.174812).
P1: N=25, mean=154 (+/-5.140927).
P2: N=25, mean=157.92 (+/-6.59619).

Agent 2 (SHUCT)
Winning score (between 0 and 1) : N=50, mean=0.6 (+/-0.137169).
P1: N=25, mean=0.56 (+/-0.198592).
P2: N=25, mean=0.64 (+/-0.192036).
Game Durations: N=50, mean=155.96 (+/-4.174812).
P1: N=25, mean=157.92 (+/-6.59619).
P2: N=25, mean=154 (+/-5.140927).
=====================================================
=====================================================
Completed 60 games.

Agent 1 (SHUCTAnyTime)
Winning score (between 0 and 1) : N=60, mean=0.4 (+/-0.125005).
P1: N=30, mean=0.366667 (+/-0.175388).
P2: N=30, mean=0.433333 (+/-0.180353).
Game Durations: N=60, mean=155.8 (+/-3.70555).
P1: N=30, mean=153.666667 (+/-4.706469).
P2: N=30, mean=157.933333 (+/-5.702175).

Agent 2 (SHUCT)
Winning score (between 0 and 1) : N=60, mean=0.6 (+/-0.125005).
P1: N=30, mean=0.566667 (+/-0.180353).
P2: N=30, mean=0.633333 (+/-0.175388).
Game Durations: N=60, mean=155.8 (+/-3.70555).
P1: N=30, mean=157.933333 (+/-5.702175).
P2: N=30, mean=153.666667 (+/-4.706469).
=====================================================
=====================================================
Completed 70 games.

Agent 1 (SHUCTAnyTime)
Winning score (between 0 and 1) : N=70, mean=0.414286 (+/-0.116229).
P1: N=35, mean=0.4 (+/-0.16467).
P2: N=35, mean=0.428571 (+/-0.166341).
Game Durations: N=70, mean=156.8 (+/-3.419168).
P1: N=35, mean=155.085714 (+/-4.237583).
P2: N=35, mean=158.514286 (+/-5.369298).

Agent 2 (SHUCT)
Winning score (between 0 and 1) : N=70, mean=0.585714 (+/-0.116229).
P1: N=35, mean=0.571429 (+/-0.166341).
P2: N=35, mean=0.6 (+/-0.16467).
Game Durations: N=70, mean=156.8 (+/-3.419168).
P1: N=35, mean=158.514286 (+/-5.369298).
P2: N=35, mean=155.085714 (+/-4.237583).
=====================================================
=====================================================
Completed 80 games.

Agent 1 (SHUCTAnyTime)
Winning score (between 0 and 1) : N=80, mean=0.4 (+/-0.108029).
P1: N=40, mean=0.4 (+/-0.153752).
P2: N=40, mean=0.4 (+/-0.153752).
Game Durations: N=80, mean=155.85 (+/-3.306055).
P1: N=40, mean=154.1 (+/-4.13025).
P2: N=40, mean=157.6 (+/-5.159287).

Agent 2 (SHUCT)
Winning score (between 0 and 1) : N=80, mean=0.6 (+/-0.108029).
P1: N=40, mean=0.6 (+/-0.153752).
P2: N=40, mean=0.6 (+/-0.153752).
Game Durations: N=80, mean=155.85 (+/-3.306055).
P1: N=40, mean=157.6 (+/-5.159287).
P2: N=40, mean=154.1 (+/-4.13025).
=====================================================
=====================================================
Completed 90 games.

Agent 1 (SHUCTAnyTime)
Winning score (between 0 and 1) : N=90, mean=0.4 (+/-0.101779).
P1: N=45, mean=0.4 (+/-0.144753).
P2: N=45, mean=0.4 (+/-0.144753).
Game Durations: N=90, mean=154.955556 (+/-3.166997).
P1: N=45, mean=154.311111 (+/-3.992413).
P2: N=45, mean=155.6 (+/-4.956159).

Agent 2 (SHUCT)
Winning score (between 0 and 1) : N=90, mean=0.6 (+/-0.101779).
P1: N=45, mean=0.6 (+/-0.144753).
P2: N=45, mean=0.6 (+/-0.144753).
Game Durations: N=90, mean=154.955556 (+/-3.166997).
P1: N=45, mean=155.6 (+/-4.956159).
P2: N=45, mean=154.311111 (+/-3.992413).
=====================================================
=====================================================
Completed 100 games.

Agent 1 (SHUCTAnyTime)
Winning score (between 0 and 1) : N=100, mean=0.4 (+/-0.096502).
P1: N=50, mean=0.4 (+/-0.137169).
P2: N=50, mean=0.4 (+/-0.137169).
Game Durations: N=100, mean=154.8 (+/-3.002947).
P1: N=50, mean=153.84 (+/-3.916463).
P2: N=50, mean=155.76 (+/-4.577734).

Agent 2 (SHUCT)
Winning score (between 0 and 1) : N=100, mean=0.6 (+/-0.096502).
P1: N=50, mean=0.6 (+/-0.137169).
P2: N=50, mean=0.6 (+/-0.137169).
Game Durations: N=100, mean=154.8 (+/-3.002947).
P1: N=50, mean=155.76 (+/-4.577734).
P2: N=50, mean=153.84 (+/-3.916463).
=====================================================
