Warming up...
Finished warming up!
=====================================================
Completed 1 games.

Agent 1 (SHUCTAnyTime)
Winning score (between 0 and 1) : N=1, mean=0 (+/-0).
P1: N=0, mean=0 (+/-0).
P2: N=1, mean=0 (+/-0).
Game Durations: N=1, mean=126 (+/-0).
P1: N=0, mean=0 (+/-0).
P2: N=1, mean=126 (+/-0).

Agent 2 (SHUCT)
Winning score (between 0 and 1) : N=1, mean=1 (+/-0).
P1: N=1, mean=1 (+/-0).
P2: N=0, mean=0 (+/-0).
Game Durations: N=1, mean=126 (+/-0).
P1: N=1, mean=126 (+/-0).
P2: N=0, mean=0 (+/-0).
=====================================================
=====================================================
Completed 2 games.

Agent 1 (SHUCTAnyTime)
Winning score (between 0 and 1) : N=2, mean=0.5 (+/-0.97998).
P1: N=1, mean=1 (+/-0).
P2: N=1, mean=0 (+/-0).
Game Durations: N=2, mean=150 (+/-47.03904).
P1: N=1, mean=174 (+/-0).
P2: N=1, mean=126 (+/-0).

Agent 2 (SHUCT)
Winning score (between 0 and 1) : N=2, mean=0.5 (+/-0.97998).
P1: N=1, mean=1 (+/-0).
P2: N=1, mean=0 (+/-0).
Game Durations: N=2, mean=150 (+/-47.03904).
P1: N=1, mean=126 (+/-0).
P2: N=1, mean=174 (+/-0).
=====================================================
=====================================================
Completed 3 games.

Agent 1 (SHUCTAnyTime)
Winning score (between 0 and 1) : N=3, mean=0.666667 (+/-0.65332).
P1: N=1, mean=1 (+/-0).
P2: N=2, mean=0.5 (+/-0.97998).
Game Durations: N=3, mean=158.666667 (+/-32.032673).
P1: N=1, mean=174 (+/-0).
P2: N=2, mean=151 (+/-48.999).

Agent 2 (SHUCT)
Winning score (between 0 and 1) : N=3, mean=0.333333 (+/-0.65332).
P1: N=2, mean=0.5 (+/-0.97998).
P2: N=1, mean=0 (+/-0).
Game Durations: N=3, mean=158.666667 (+/-32.032673).
P1: N=2, mean=151 (+/-48.999).
P2: N=1, mean=174 (+/-0).
=====================================================
=====================================================
Completed 4 games.

Agent 1 (SHUCTAnyTime)
Winning score (between 0 and 1) : N=4, mean=0.5 (+/-0.565792).
P1: N=2, mean=0.5 (+/-0.97998).
P2: N=2, mean=0.5 (+/-0.97998).
Game Durations: N=4, mean=161 (+/-23.107588).
P1: N=2, mean=171 (+/-5.87988).
P2: N=2, mean=151 (+/-48.999).

Agent 2 (SHUCT)
Winning score (between 0 and 1) : N=4, mean=0.5 (+/-0.565792).
P1: N=2, mean=0.5 (+/-0.97998).
P2: N=2, mean=0.5 (+/-0.97998).
Game Durations: N=4, mean=161 (+/-23.107588).
P1: N=2, mean=151 (+/-48.999).
P2: N=2, mean=171 (+/-5.87988).
=====================================================
=====================================================
Completed 5 games.

Agent 1 (SHUCTAnyTime)
Winning score (between 0 and 1) : N=5, mean=0.6 (+/-0.48009).
P1: N=2, mean=0.5 (+/-0.97998).
P2: N=3, mean=0.666667 (+/-0.65332).
Game Durations: N=5, mean=161.6 (+/-17.93765).
P1: N=2, mean=171 (+/-5.87988).
P2: N=3, mean=155.333333 (+/-29.537001).

Agent 2 (SHUCT)
Winning score (between 0 and 1) : N=5, mean=0.4 (+/-0.48009).
P1: N=3, mean=0.333333 (+/-0.65332).
P2: N=2, mean=0.5 (+/-0.97998).
Game Durations: N=5, mean=161.6 (+/-17.93765).
P1: N=3, mean=155.333333 (+/-29.537001).
P2: N=2, mean=171 (+/-5.87988).
=====================================================
=====================================================
Completed 10 games.

Agent 1 (SHUCTAnyTime)
Winning score (between 0 and 1) : N=10, mean=0.6 (+/-0.32006).
P1: N=5, mean=0.6 (+/-0.48009).
P2: N=5, mean=0.6 (+/-0.48009).
Game Durations: N=10, mean=163.4 (+/-9.091248).
P1: N=5, mean=166 (+/-4.800902).
P2: N=5, mean=160.8 (+/-18.32746).

Agent 2 (SHUCT)
Winning score (between 0 and 1) : N=10, mean=0.4 (+/-0.32006).
P1: N=5, mean=0.4 (+/-0.48009).
P2: N=5, mean=0.4 (+/-0.48009).
Game Durations: N=10, mean=163.4 (+/-9.091248).
P1: N=5, mean=160.8 (+/-18.32746).
P2: N=5, mean=166 (+/-4.800902).
=====================================================
=====================================================
Completed 20 games.

Agent 1 (SHUCTAnyTime)
Winning score (between 0 and 1) : N=20, mean=0.6 (+/-0.22028).
P1: N=10, mean=0.5 (+/-0.32666).
P2: N=10, mean=0.7 (+/-0.299389).
Game Durations: N=20, mean=163.2 (+/-5.676231).
P1: N=10, mean=164.2 (+/-4.973821).
P2: N=10, mean=162.2 (+/-10.509318).

Agent 2 (SHUCT)
Winning score (between 0 and 1) : N=20, mean=0.4 (+/-0.22028).
P1: N=10, mean=0.3 (+/-0.299389).
P2: N=10, mean=0.5 (+/-0.32666).
Game Durations: N=20, mean=163.2 (+/-5.676231).
P1: N=10, mean=162.2 (+/-10.509318).
P2: N=10, mean=164.2 (+/-4.973821).
=====================================================
=====================================================
Completed 30 games.

Agent 1 (SHUCTAnyTime)
Winning score (between 0 and 1) : N=30, mean=0.533333 (+/-0.181573).
P1: N=15, mean=0.466667 (+/-0.261328).
P2: N=15, mean=0.6 (+/-0.256619).
Game Durations: N=30, mean=161 (+/-4.682642).
P1: N=15, mean=163.066667 (+/-3.936064).
P2: N=15, mean=158.933333 (+/-8.544267).

Agent 2 (SHUCT)
Winning score (between 0 and 1) : N=30, mean=0.466667 (+/-0.181573).
P1: N=15, mean=0.4 (+/-0.256619).
P2: N=15, mean=0.533333 (+/-0.261328).
Game Durations: N=30, mean=161 (+/-4.682642).
P1: N=15, mean=158.933333 (+/-8.544267).
P2: N=15, mean=163.066667 (+/-3.936064).
=====================================================
=====================================================
Completed 40 games.

Agent 1 (SHUCTAnyTime)
Winning score (between 0 and 1) : N=40, mean=0.5 (+/-0.156922).
P1: N=20, mean=0.45 (+/-0.223696).
P2: N=20, mean=0.55 (+/-0.223696).
Game Durations: N=40, mean=162.2 (+/-3.629761).
P1: N=20, mean=164.3 (+/-3.245869).
P2: N=20, mean=160.1 (+/-6.462865).

Agent 2 (SHUCT)
Winning score (between 0 and 1) : N=40, mean=0.5 (+/-0.156922).
P1: N=20, mean=0.45 (+/-0.223696).
P2: N=20, mean=0.55 (+/-0.223696).
Game Durations: N=40, mean=162.2 (+/-3.629761).
P1: N=20, mean=160.1 (+/-6.462865).
P2: N=20, mean=164.3 (+/-3.245869).
=====================================================
(between 0 and 1) : N=50, mean=0.42 (+/-0.138194).
P1: N=25, mean=0.56 (+/-0.198592).
P2: N=25, mean=0.28 (+/-0.179633).
Game Durations: N=50, mean=160.16 (+/-3.965795).
P1: N=25, mean=159.52 (+/-6.132639).
P2: N=25, mean=160.8 (+/-5.145906).

Agent 2 (SHUCT)
Winning score (between 0 and 1) : N=50, mean=0.58 (+/-0.138194).
P1: N=25, mean=0.72 (+/-0.179633).
P2: N=25, mean=0.44 (+/-0.198592).
Game Durations: N=50, mean=160.16 (+/-3.965795).
P1: N=25, mean=160.8 (+/-5.145906).
P2: N=25, mean=159.52 (+/-6.132639).
=====================================================
=====================================================
Completed 60 games.

Agent 1 (SHUCTAnyTime)
Winning score (between 0 and 1) : N=60, mean=0.433333 (+/-0.126443).
P1: N=30, mean=0.533333 (+/-0.181573).
P2: N=30, mean=0.333333 (+/-0.17157).
Game Durations: N=60, mean=160.6 (+/-3.564161).
P1: N=30, mean=159.866667 (+/-5.44697).
P2: N=30, mean=161.333333 (+/-4.677295).

Agent 2 (SHUCT)
Winning score (between 0 and 1) : N=60, mean=0.566667 (+/-0.126443).
P1: N=30, mean=0.666667 (+/-0.17157).
P2: N=30, mean=0.466667 (+/-0.181573).
Game Durations: N=60, mean=160.6 (+/-3.564161).
P1: N=30, mean=161.333333 (+/-4.677295).
P2: N=30, mean=159.866667 (+/-5.44697).
=====================================================
=====================================================
Completed 70 games.

Agent 1 (SHUCTAnyTime)
Winning score (between 0 and 1) : N=70, mean=0.457143 (+/-0.117542).
P1: N=35, mean=0.571429 (+/-0.166341).
P2: N=35, mean=0.342857 (+/-0.159549).
Game Durations: N=70, mean=160.828571 (+/-3.299941).
P1: N=35, mean=159.885714 (+/-5.212125).
P2: N=35, mean=161.771429 (+/-4.102668).

Agent 2 (SHUCT)
Winning score (between 0 and 1) : N=70, mean=0.542857 (+/-0.117542).
P1: N=35, mean=0.657143 (+/-0.159549).
P2: N=35, mean=0.428571 (+/-0.166341).
Game Durations: N=70, mean=160.828571 (+/-3.299941).
P1: N=35, mean=161.771429 (+/-4.102668).
P2: N=35, mean=159.885714 (+/-5.212125).
=====================================================
=====================================================
Completed 80 games.

Agent 1 (SHUCTAnyTime)
Winning score (between 0 and 1) : N=80, mean=0.4875 (+/-0.110222).
P1: N=40, mean=0.575 (+/-0.155147).
P2: N=40, mean=0.4 (+/-0.153752).
Game Durations: N=80, mean=160.425 (+/-3.124513).
P1: N=40, mean=160.85 (+/-4.734559).
P2: N=40, mean=160 (+/-4.135136).

Agent 2 (SHUCT)
Winning score (between 0 and 1) : N=80, mean=0.5125 (+/-0.110222).
P1: N=40, mean=0.6 (+/-0.153752).
P2: N=40, mean=0.425 (+/-0.155147).
Game Durations: N=80, mean=160.425 (+/-3.124513).
P1: N=40, mean=160 (+/-4.135136).
P2: N=40, mean=160.85 (+/-4.734559).
=====================================================
