Warming up...
Finished warming up!
=====================================================
Completed 1 games.

Agent 1 (SHUCTAnyTime)
Winning score (between 0 and 1) : N=1, mean=0 (+/-0).
P1: N=0, mean=0 (+/-0).
P2: N=1, mean=0 (+/-0).
Game Durations: N=1, mean=166 (+/-0).
P1: N=0, mean=0 (+/-0).
P2: N=1, mean=166 (+/-0).

Agent 2 (SHUCT)
Winning score (between 0 and 1) : N=1, mean=1 (+/-0).
P1: N=1, mean=1 (+/-0).
P2: N=0, mean=0 (+/-0).
Game Durations: N=1, mean=166 (+/-0).
P1: N=1, mean=166 (+/-0).
P2: N=0, mean=0 (+/-0).
=====================================================
=====================================================
Completed 2 games.

Agent 1 (SHUCTAnyTime)
Winning score (between 0 and 1) : N=2, mean=0.5 (+/-0.97998).
P1: N=1, mean=1 (+/-0).
P2: N=1, mean=0 (+/-0).
Game Durations: N=2, mean=168 (+/-3.91992).
P1: N=1, mean=170 (+/-0).
P2: N=1, mean=166 (+/-0).

Agent 2 (SHUCT)
Winning score (between 0 and 1) : N=2, mean=0.5 (+/-0.97998).
P1: N=1, mean=1 (+/-0).
P2: N=1, mean=0 (+/-0).
Game Durations: N=2, mean=168 (+/-3.91992).
P1: N=1, mean=166 (+/-0).
P2: N=1, mean=170 (+/-0).
=====================================================
=====================================================
Completed 3 games.

Agent 1 (SHUCTAnyTime)
Winning score (between 0 and 1) : N=3, mean=0.666667 (+/-0.65332).
P1: N=1, mean=1 (+/-0).
P2: N=2, mean=0.5 (+/-0.97998).
Game Durations: N=3, mean=170.666667 (+/-5.695512).
P1: N=1, mean=170 (+/-0).
P2: N=2, mean=171 (+/-9.7998).

Agent 2 (SHUCT)
Winning score (between 0 and 1) : N=3, mean=0.333333 (+/-0.65332).
P1: N=2, mean=0.5 (+/-0.97998).
P2: N=1, mean=0 (+/-0).
Game Durations: N=3, mean=170.666667 (+/-5.695512).
P1: N=2, mean=171 (+/-9.7998).
P2: N=1, mean=170 (+/-0).
=====================================================
=====================================================
Completed 4 games.

Agent 1 (SHUCTAnyTime)
Winning score (between 0 and 1) : N=4, mean=0.75 (+/-0.48999).
P1: N=2, mean=1 (+/-0).
P2: N=2, mean=0.5 (+/-0.97998).
Game Durations: N=4, mean=164.5 (+/-12.73974).
P1: N=2, mean=158 (+/-23.51952).
P2: N=2, mean=171 (+/-9.7998).

Agent 2 (SHUCT)
Winning score (between 0 and 1) : N=4, mean=0.25 (+/-0.48999).
P1: N=2, mean=0.5 (+/-0.97998).
P2: N=2, mean=0 (+/-0).
Game Durations: N=4, mean=164.5 (+/-12.73974).
P1: N=2, mean=171 (+/-9.7998).
P2: N=2, mean=158 (+/-23.51952).
=====================================================
=====================================================
Completed 5 games.

Agent 1 (SHUCTAnyTime)
Winning score (between 0 and 1) : N=5, mean=0.8 (+/-0.391992).
P1: N=2, mean=1 (+/-0).
P2: N=3, mean=0.666667 (+/-0.65332).
Game Durations: N=5, mean=161.2 (+/-11.798894).
P1: N=2, mean=158 (+/-23.51952).
P2: N=3, mean=163.333333 (+/-16.056261).

Agent 2 (SHUCT)
Winning score (between 0 and 1) : N=5, mean=0.2 (+/-0.391992).
P1: N=3, mean=0.333333 (+/-0.65332).
P2: N=2, mean=0 (+/-0).
Game Durations: N=5, mean=161.2 (+/-11.798894).
P1: N=3, mean=163.333333 (+/-16.056261).
P2: N=2, mean=158 (+/-23.51952).
=====================================================
=====================================================
Completed 10 games.

Agent 1 (SHUCTAnyTime)
Winning score (between 0 and 1) : N=10, mean=0.7 (+/-0.299389).
P1: N=5, mean=0.6 (+/-0.48009).
P2: N=5, mean=0.8 (+/-0.391992).
Game Durations: N=10, mean=164.4 (+/-8.623824).
P1: N=5, mean=167.6 (+/-12.482345).
P2: N=5, mean=161.2 (+/-12.617028).

Agent 2 (SHUCT)
Winning score (between 0 and 1) : N=10, mean=0.3 (+/-0.299389).
P1: N=5, mean=0.2 (+/-0.391992).
P2: N=5, mean=0.4 (+/-0.48009).
Game Durations: N=10, mean=164.4 (+/-8.623824).
P1: N=5, mean=161.2 (+/-12.617028).
P2: N=5, mean=167.6 (+/-12.482345).
=====================================================
=====================================================
Completed 20 games.

Agent 1 (SHUCTAnyTime)
Winning score (between 0 and 1) : N=20, mean=0.5 (+/-0.224823).
P1: N=10, mean=0.4 (+/-0.32006).
P2: N=10, mean=0.6 (+/-0.32006).
Game Durations: N=20, mean=162.2 (+/-5.513617).
P1: N=10, mean=163.6 (+/-8.092734).
P2: N=10, mean=160.8 (+/-7.822399).

Agent 2 (SHUCT)
Winning score (between 0 and 1) : N=20, mean=0.5 (+/-0.224823).
P1: N=10, mean=0.4 (+/-0.32006).
P2: N=10, mean=0.6 (+/-0.32006).
Game Durations: N=20, mean=162.2 (+/-5.513617).
P1: N=10, mean=160.8 (+/-7.822399).
P2: N=10, mean=163.6 (+/-8.092734).
=====================================================
=====================================================
Completed 30 games.

Agent 1 (SHUCTAnyTime)
Winning score (between 0 and 1) : N=30, mean=0.466667 (+/-0.181573).
P1: N=15, mean=0.333333 (+/-0.246932).
P2: N=15, mean=0.6 (+/-0.256619).
Game Durations: N=30, mean=162.066667 (+/-4.002333).
P1: N=15, mean=164.133333 (+/-5.882576).
P2: N=15, mean=160 (+/-5.423512).

Agent 2 (SHUCT)
Winning score (between 0 and 1) : N=30, mean=0.533333 (+/-0.181573).
P1: N=15, mean=0.4 (+/-0.256619).
P2: N=15, mean=0.666667 (+/-0.246932).
Game Durations: N=30, mean=162.066667 (+/-4.002333).
P1: N=15, mean=160 (+/-5.423512).
P2: N=15, mean=164.133333 (+/-5.882576).
=====================================================
=====================================================
Completed 40 games.

Agent 1 (SHUCTAnyTime)
Winning score (between 0 and 1) : N=40, mean=0.5 (+/-0.156922).
P1: N=20, mean=0.4 (+/-0.22028).
P2: N=20, mean=0.6 (+/-0.22028).
Game Durations: N=40, mean=158.3 (+/-4.190856).
P1: N=20, mean=160.8 (+/-6.03531).
P2: N=20, mean=155.8 (+/-5.757572).

Agent 2 (SHUCT)
Winning score (between 0 and 1) : N=40, mean=0.5 (+/-0.156922).
P1: N=20, mean=0.4 (+/-0.22028).
P2: N=20, mean=0.6 (+/-0.22028).
Game Durations: N=40, mean=158.3 (+/-4.190856).
P1: N=20, mean=155.8 (+/-5.757572).
P2: N=20, mean=160.8 (+/-6.03531).
=====================================================
=====================================================
Completed 50 games.

Agent 1 (SHUCTAnyTime)
Winning score (between 0 and 1) : N=50, mean=0.56 (+/-0.138986).
P1: N=25, mean=0.48 (+/-0.199877).
P2: N=25, mean=0.64 (+/-0.192036).
Game Durations: N=50, mean=156.44 (+/-4.135264).
P1: N=25, mean=156.96 (+/-6.33331).
P2: N=25, mean=155.92 (+/-5.443281).

Agent 2 (SHUCT)
Winning score (between 0 and 1) : N=50, mean=0.44 (+/-0.138986).
P1: N=25, mean=0.36 (+/-0.192036).
P2: N=25, mean=0.52 (+/-0.199877).
Game Durations: N=50, mean=156.44 (+/-4.135264).
P1: N=25, mean=155.92 (+/-5.443281).
P2: N=25, mean=156.96 (+/-6.33331).
=====================================================
=====================================================
Completed 60 games.

Agent 1 (SHUCTAnyTime)
Winning score (between 0 and 1) : N=60, mean=0.55 (+/-0.126943).
P1: N=30, mean=0.533333 (+/-0.181573).
P2: N=30, mean=0.566667 (+/-0.180353).
Game Durations: N=60, mean=156.9 (+/-3.715756).
P1: N=30, mean=156.533333 (+/-5.603601).
P2: N=30, mean=157.266667 (+/-4.974294).

Agent 2 (SHUCT)
Winning score (between 0 and 1) : N=60, mean=0.45 (+/-0.126943).
P1: N=30, mean=0.433333 (+/-0.180353).
P2: N=30, mean=0.466667 (+/-0.181573).
Game Durations: N=60, mean=156.9 (+/-3.715756).
P1: N=30, mean=157.266667 (+/-4.974294).
P2: N=30, mean=156.533333 (+/-5.603601).
=====================================================
=====================================================
Completed 70 games.

Agent 1 (SHUCTAnyTime)
Winning score (between 0 and 1) : N=70, mean=0.557143 (+/-0.117203).
P1: N=35, mean=0.514286 (+/-0.167997).
P2: N=35, mean=0.6 (+/-0.16467).
Game Durations: N=70, mean=157.485714 (+/-3.341322).
P1: N=35, mean=156.571429 (+/-5.014211).
P2: N=35, mean=158.4 (+/-4.470263).

Agent 2 (SHUCT)
Winning score (between 0 and 1) : N=70, mean=0.442857 (+/-0.117203).
P1: N=35, mean=0.4 (+/-0.16467).
P2: N=35, mean=0.485714 (+/-0.167997).
Game Durations: N=70, mean=157.485714 (+/-3.341322).
P1: N=35, mean=158.4 (+/-4.470263).
P2: N=35, mean=156.571429 (+/-5.014211).
=====================================================
=====================================================
Completed 80 games.

Agent 1 (SHUCTAnyTime)
Winning score (between 0 and 1) : N=80, mean=0.525 (+/-0.110118).
P1: N=40, mean=0.45 (+/-0.156136).
P2: N=40, mean=0.6 (+/-0.153752).
Game Durations: N=80, mean=158.85 (+/-3.150922).
P1: N=40, mean=158.4 (+/-4.722712).
P2: N=40, mean=159.3 (+/-4.228294).

Agent 2 (SHUCT)
Winning score (between 0 and 1) : N=80, mean=0.475 (+/-0.110118).
P1: N=40, mean=0.4 (+/-0.153752).
P2: N=40, mean=0.55 (+/-0.156136).
Game Durations: N=80, mean=158.85 (+/-3.150922).
P1: N=40, mean=159.3 (+/-4.228294).
P2: N=40, mean=158.4 (+/-4.722712).
=====================================================
=====================================================
Completed 90 games.

Agent 1 (SHUCTAnyTime)
Winning score (between 0 and 1) : N=90, mean=0.522222 (+/-0.103775).
P1: N=45, mean=0.444444 (+/-0.146823).
P2: N=45, mean=0.6 (+/-0.144753).
Game Durations: N=90, mean=157.955556 (+/-3.006502).
P1: N=45, mean=158.4 (+/-4.307771).
P2: N=45, mean=157.511111 (+/-4.239777).

Agent 2 (SHUCT)
Winning score (between 0 and 1) : N=90, mean=0.477778 (+/-0.103775).
P1: N=45, mean=0.4 (+/-0.144753).
P2: N=45, mean=0.555556 (+/-0.146823).
Game Durations: N=90, mean=157.955556 (+/-3.006502).
P1: N=45, mean=157.511111 (+/-4.239777).
P2: N=45, mean=158.4 (+/-4.307771).
=====================================================
=====================================================
Completed 100 games.

Agent 1 (SHUCTAnyTime)
Winning score (between 0 and 1) : N=100, mean=0.52 (+/-0.098413).
P1: N=50, mean=0.46 (+/-0.139548).
P2: N=50, mean=0.58 (+/-0.138194).
Game Durations: N=100, mean=157.28 (+/-2.894795).
P1: N=50, mean=157.56 (+/-4.066443).
P2: N=50, mean=157 (+/-4.160907).

Agent 2 (SHUCT)
Winning score (between 0 and 1) : N=100, mean=0.48 (+/-0.098413).
P1: N=50, mean=0.42 (+/-0.138194).
P2: N=50, mean=0.54 (+/-0.139548).
Game Durations: N=100, mean=157.28 (+/-2.894795).
P1: N=50, mean=157 (+/-4.160907).
P2: N=50, mean=157.56 (+/-4.066443).
=====================================================
