Warming up...
Finished warming up!
=====================================================
Completed 1 games.

Agent 1 (SHUCTAnyTime)
Winning score (between 0 and 1) : N=1, mean=0 (+/-0).
P1: N=1, mean=0 (+/-0).
P2: N=0, mean=0 (+/-0).
Game Durations: N=1, mean=112 (+/-0).
P1: N=1, mean=112 (+/-0).
P2: N=0, mean=0 (+/-0).

Agent 2 (SHUCT)
Winning score (between 0 and 1) : N=1, mean=1 (+/-0).
P1: N=0, mean=0 (+/-0).
P2: N=1, mean=1 (+/-0).
Game Durations: N=1, mean=112 (+/-0).
P1: N=0, mean=0 (+/-0).
P2: N=1, mean=112 (+/-0).
=====================================================
=====================================================
Completed 2 games.

Agent 1 (SHUCTAnyTime)
Winning score (between 0 and 1) : N=2, mean=0.5 (+/-0.97998).
P1: N=1, mean=0 (+/-0).
P2: N=1, mean=1 (+/-0).
Game Durations: N=2, mean=134 (+/-43.11912).
P1: N=1, mean=112 (+/-0).
P2: N=1, mean=156 (+/-0).

Agent 2 (SHUCT)
Winning score (between 0 and 1) : N=2, mean=0.5 (+/-0.97998).
P1: N=1, mean=0 (+/-0).
P2: N=1, mean=1 (+/-0).
Game Durations: N=2, mean=134 (+/-43.11912).
P1: N=1, mean=156 (+/-0).
P2: N=1, mean=112 (+/-0).
=====================================================
=====================================================
Completed 3 games.

Agent 1 (SHUCTAnyTime)
Winning score (between 0 and 1) : N=3, mean=0.333333 (+/-0.65332).
P1: N=2, mean=0 (+/-0).
P2: N=1, mean=1 (+/-0).
Game Durations: N=3, mean=145.333333 (+/-33.364126).
P1: N=2, mean=140 (+/-54.87888).
P2: N=1, mean=156 (+/-0).

Agent 2 (SHUCT)
Winning score (between 0 and 1) : N=3, mean=0.666667 (+/-0.65332).
P1: N=1, mean=0 (+/-0).
P2: N=2, mean=1 (+/-0).
Game Durations: N=3, mean=145.333333 (+/-33.364126).
P1: N=1, mean=156 (+/-0).
P2: N=2, mean=140 (+/-54.87888).
=====================================================
=====================================================
Completed 4 games.

Agent 1 (SHUCTAnyTime)
Winning score (between 0 and 1) : N=4, mean=0.25 (+/-0.48999).
P1: N=2, mean=0 (+/-0).
P2: N=2, mean=0.5 (+/-0.97998).
Game Durations: N=4, mean=144.5 (+/-23.648469).
P1: N=2, mean=140 (+/-54.87888).
P2: N=2, mean=149 (+/-13.71972).

Agent 2 (SHUCT)
Winning score (between 0 and 1) : N=4, mean=0.75 (+/-0.48999).
P1: N=2, mean=0.5 (+/-0.97998).
P2: N=2, mean=1 (+/-0).
Game Durations: N=4, mean=144.5 (+/-23.648469).
P1: N=2, mean=149 (+/-13.71972).
P2: N=2, mean=140 (+/-54.87888).
=====================================================
=====================================================
Completed 5 games.

Agent 1 (SHUCTAnyTime)
Winning score (between 0 and 1) : N=5, mean=0.4 (+/-0.48009).
P1: N=3, mean=0.333333 (+/-0.65332).
P2: N=2, mean=0.5 (+/-0.97998).
Game Durations: N=5, mean=148 (+/-19.560362).
P1: N=3, mean=147.333333 (+/-34.791974).
P2: N=2, mean=149 (+/-13.71972).

Agent 2 (SHUCT)
Winning score (between 0 and 1) : N=5, mean=0.6 (+/-0.48009).
P1: N=2, mean=0.5 (+/-0.97998).
P2: N=3, mean=0.666667 (+/-0.65332).
Game Durations: N=5, mean=148 (+/-19.560362).
P1: N=2, mean=149 (+/-13.71972).
P2: N=3, mean=147.333333 (+/-34.791974).
=====================================================
=====================================================
Completed 10 games.

Agent 1 (SHUCTAnyTime)
Winning score (between 0 and 1) : N=10, mean=0.4 (+/-0.32006).
P1: N=5, mean=0.2 (+/-0.391992).
P2: N=5, mean=0.6 (+/-0.48009).
Game Durations: N=10, mean=148.2 (+/-11.82419).
P1: N=5, mean=150 (+/-22.312576).
P2: N=5, mean=146.4 (+/-11.1838).

Agent 2 (SHUCT)
Winning score (between 0 and 1) : N=10, mean=0.6 (+/-0.32006).
P1: N=5, mean=0.4 (+/-0.48009).
P2: N=5, mean=0.8 (+/-0.391992).
Game Durations: N=10, mean=148.2 (+/-11.82419).
P1: N=5, mean=146.4 (+/-11.1838).
P2: N=5, mean=150 (+/-22.312576).
=====================================================
=====================================================
Completed 20 games.

Agent 1 (SHUCTAnyTime)
Winning score (between 0 and 1) : N=20, mean=0.55 (+/-0.223696).
P1: N=10, mean=0.6 (+/-0.32006).
P2: N=10, mean=0.5 (+/-0.32666).
Game Durations: N=20, mean=147.7 (+/-8.470899).
P1: N=10, mean=147.2 (+/-14.968871).
P2: N=10, mean=148.2 (+/-8.870729).

Agent 2 (SHUCT)
Winning score (between 0 and 1) : N=20, mean=0.45 (+/-0.223696).
P1: N=10, mean=0.5 (+/-0.32666).
P2: N=10, mean=0.4 (+/-0.32006).
Game Durations: N=20, mean=147.7 (+/-8.470899).
P1: N=10, mean=148.2 (+/-8.870729).
P2: N=10, mean=147.2 (+/-14.968871).
=====================================================
=====================================================
Completed 30 games.

Agent 1 (SHUCTAnyTime)
Winning score (between 0 and 1) : N=30, mean=0.566667 (+/-0.180353).
P1: N=15, mean=0.6 (+/-0.256619).
P2: N=15, mean=0.533333 (+/-0.261328).
Game Durations: N=30, mean=151.866667 (+/-6.900281).
P1: N=15, mean=150 (+/-11.457207).
P2: N=15, mean=153.733333 (+/-8.004856).

Agent 2 (SHUCT)
Winning score (between 0 and 1) : N=30, mean=0.433333 (+/-0.180353).
P1: N=15, mean=0.466667 (+/-0.261328).
P2: N=15, mean=0.4 (+/-0.256619).
Game Durations: N=30, mean=151.866667 (+/-6.900281).
P1: N=15, mean=153.733333 (+/-8.004856).
P2: N=15, mean=150 (+/-11.457207).
=====================================================
=====================================================
Completed 40 games.

Agent 1 (SHUCTAnyTime)
Winning score (between 0 and 1) : N=40, mean=0.575 (+/-0.155147).
P1: N=20, mean=0.6 (+/-0.22028).
P2: N=20, mean=0.55 (+/-0.223696).
Game Durations: N=40, mean=152.25 (+/-6.261479).
P1: N=20, mean=151.2 (+/-10.604014).
P2: N=20, mean=153.3 (+/-6.932568).

Agent 2 (SHUCT)
Winning score (between 0 and 1) : N=40, mean=0.425 (+/-0.155147).
P1: N=20, mean=0.45 (+/-0.223696).
P2: N=20, mean=0.4 (+/-0.22028).
Game Durations: N=40, mean=152.25 (+/-6.261479).
P1: N=20, mean=153.3 (+/-6.932568).
P2: N=20, mean=151.2 (+/-10.604014).
=====================================================
=====================================================
Completed 50 games.

Agent 1 (SHUCTAnyTime)
Winning score (between 0 and 1) : N=50, mean=0.62 (+/-0.135905).
P1: N=25, mean=0.68 (+/-0.186626).
P2: N=25, mean=0.56 (+/-0.198592).
Game Durations: N=50, mean=152.16 (+/-5.30051).
P1: N=25, mean=152.56 (+/-8.66388).
P2: N=25, mean=151.76 (+/-6.293557).

Agent 2 (SHUCT)
Winning score (between 0 and 1) : N=50, mean=0.38 (+/-0.135905).
P1: N=25, mean=0.44 (+/-0.198592).
P2: N=25, mean=0.32 (+/-0.186626).
Game Durations: N=50, mean=152.16 (+/-5.30051).
P1: N=25, mean=151.76 (+/-6.293557).
P2: N=25, mean=152.56 (+/-8.66388).
=====================================================
=====================================================
Completed 60 games.

Agent 1 (SHUCTAnyTime)
Winning score (between 0 and 1) : N=60, mean=0.566667 (+/-0.126443).
P1: N=30, mean=0.666667 (+/-0.17157).
P2: N=30, mean=0.466667 (+/-0.181573).
Game Durations: N=60, mean=153.666667 (+/-4.665328).
P1: N=30, mean=153.333333 (+/-7.454919).
P2: N=30, mean=154 (+/-5.740813).

Agent 2 (SHUCT)
Winning score (between 0 and 1) : N=60, mean=0.433333 (+/-0.126443).
P1: N=30, mean=0.533333 (+/-0.181573).
P2: N=30, mean=0.333333 (+/-0.17157).
Game Durations: N=60, mean=153.666667 (+/-4.665328).
P1: N=30, mean=154 (+/-5.740813).
P2: N=30, mean=153.333333 (+/-7.454919).
=====================================================
=====================================================
Completed 70 games.

Agent 1 (SHUCTAnyTime)
Winning score (between 0 and 1) : N=70, mean=0.528571 (+/-0.117783).
P1: N=35, mean=0.6 (+/-0.16467).
P2: N=35, mean=0.457143 (+/-0.167447).
Game Durations: N=70, mean=155.085714 (+/-4.248389).
P1: N=35, mean=154.571429 (+/-6.798189).
P2: N=35, mean=155.6 (+/-5.194399).

Agent 2 (SHUCT)
Winning score (between 0 and 1) : N=70, mean=0.471429 (+/-0.117783).
P1: N=35, mean=0.542857 (+/-0.167447).
P2: N=35, mean=0.4 (+/-0.16467).
Game Durations: N=70, mean=155.085714 (+/-4.248389).
P1: N=35, mean=155.6 (+/-5.194399).
P2: N=35, mean=154.571429 (+/-6.798189).
=====================================================
=====================================================
Completed 80 games.

Agent 1 (SHUCTAnyTime)
Winning score (between 0 and 1) : N=80, mean=0.5125 (+/-0.110222).
P1: N=40, mean=0.6 (+/-0.153752).
P2: N=40, mean=0.425 (+/-0.155147).
Game Durations: N=80, mean=154.625 (+/-3.947482).
P1: N=40, mean=153.8 (+/-6.459105).
P2: N=40, mean=155.45 (+/-4.612531).

Agent 2 (SHUCT)
Winning score (between 0 and 1) : N=80, mean=0.4875 (+/-0.110222).
P1: N=40, mean=0.575 (+/-0.155147).
P2: N=40, mean=0.4 (+/-0.153752).
Game Durations: N=80, mean=154.625 (+/-3.947482).
P1: N=40, mean=155.45 (+/-4.612531).
P2: N=40, mean=153.8 (+/-6.459105).
=====================================================
=====================================================
Completed 90 games.

Agent 1 (SHUCTAnyTime)
Winning score (between 0 and 1) : N=90, mean=0.5 (+/-0.103878).
P1: N=45, mean=0.6 (+/-0.144753).
P2: N=45, mean=0.4 (+/-0.144753).
Game Durations: N=90, mean=155.155556 (+/-3.725194).
P1: N=45, mean=155.422222 (+/-5.987287).
P2: N=45, mean=154.888889 (+/-4.503224).

Agent 2 (SHUCT)
Winning score (between 0 and 1) : N=90, mean=0.5 (+/-0.103878).
P1: N=45, mean=0.6 (+/-0.144753).
P2: N=45, mean=0.4 (+/-0.144753).
Game Durations: N=90, mean=155.155556 (+/-3.725194).
P1: N=45, mean=154.888889 (+/-4.503224).
P2: N=45, mean=155.422222 (+/-5.987287).
=====================================================
=====================================================
Completed 100 games.

Agent 1 (SHUCTAnyTime)
Winning score (between 0 and 1) : N=100, mean=0.52 (+/-0.098413).
P1: N=50, mean=0.64 (+/-0.134397).
P2: N=50, mean=0.4 (+/-0.137169).
Game Durations: N=100, mean=154.96 (+/-3.569904).
P1: N=50, mean=155.44 (+/-5.595449).
P2: N=50, mean=154.48 (+/-4.489083).

Agent 2 (SHUCT)
Winning score (between 0 and 1) : N=100, mean=0.48 (+/-0.098413).
P1: N=50, mean=0.6 (+/-0.137169).
P2: N=50, mean=0.36 (+/-0.134397).
Game Durations: N=100, mean=154.96 (+/-3.569904).
P1: N=50, mean=154.48 (+/-4.489083).
P2: N=50, mean=155.44 (+/-5.595449).
=====================================================
