Warming up...
Finished warming up!
=====================================================
Completed 1 games.

Agent 1 (UCT)
Winning score (between 0 and 1) : N=1, mean=1 (+/-0).
P1: N=0, mean=0 (+/-0).
P2: N=1, mean=1 (+/-0).
Game Durations: N=1, mean=44 (+/-0).
P1: N=0, mean=0 (+/-0).
P2: N=1, mean=44 (+/-0).

Agent 2 (SHUCTAnyTime)
Winning score (between 0 and 1) : N=1, mean=0 (+/-0).
P1: N=1, mean=0 (+/-0).
P2: N=0, mean=0 (+/-0).
Game Durations: N=1, mean=44 (+/-0).
P1: N=1, mean=44 (+/-0).
P2: N=0, mean=0 (+/-0).
=====================================================
=====================================================
Completed 2 games.

Agent 1 (UCT)
Winning score (between 0 and 1) : N=2, mean=0.5 (+/-0.97998).
P1: N=1, mean=0 (+/-0).
P2: N=1, mean=1 (+/-0).
Game Durations: N=2, mean=41 (+/-5.87988).
P1: N=1, mean=38 (+/-0).
P2: N=1, mean=44 (+/-0).

Agent 2 (SHUCTAnyTime)
Winning score (between 0 and 1) : N=2, mean=0.5 (+/-0.97998).
P1: N=1, mean=0 (+/-0).
P2: N=1, mean=1 (+/-0).
Game Durations: N=2, mean=41 (+/-5.87988).
P1: N=1, mean=44 (+/-0).
P2: N=1, mean=38 (+/-0).
=====================================================
=====================================================
Completed 3 games.

Agent 1 (UCT)
Winning score (between 0 and 1) : N=3, mean=0.333333 (+/-0.65332).
P1: N=1, mean=0 (+/-0).
P2: N=2, mean=0.5 (+/-0.97998).
Game Durations: N=3, mean=51.666667 (+/-21.180066).
P1: N=1, mean=38 (+/-0).
P2: N=2, mean=58.5 (+/-28.41942).

Agent 2 (SHUCTAnyTime)
Winning score (between 0 and 1) : N=3, mean=0.666667 (+/-0.65332).
P1: N=2, mean=0.5 (+/-0.97998).
P2: N=1, mean=1 (+/-0).
Game Durations: N=3, mean=51.666667 (+/-21.180066).
P1: N=2, mean=58.5 (+/-28.41942).
P2: N=1, mean=38 (+/-0).
=====================================================
=====================================================
Completed 4 games.

Agent 1 (UCT)
Winning score (between 0 and 1) : N=4, mean=0.5 (+/-0.565792).
P1: N=2, mean=0.5 (+/-0.97998).
P2: N=2, mean=0.5 (+/-0.97998).
Game Durations: N=4, mean=52 (+/-14.990811).
P1: N=2, mean=45.5 (+/-14.6997).
P2: N=2, mean=58.5 (+/-28.41942).

Agent 2 (SHUCTAnyTime)
Winning score (between 0 and 1) : N=4, mean=0.5 (+/-0.565792).
P1: N=2, mean=0.5 (+/-0.97998).
P2: N=2, mean=0.5 (+/-0.97998).
Game Durations: N=4, mean=52 (+/-14.990811).
P1: N=2, mean=58.5 (+/-28.41942).
P2: N=2, mean=45.5 (+/-14.6997).
=====================================================
=====================================================
Completed 5 games.

Agent 1 (UCT)
Winning score (between 0 and 1) : N=5, mean=0.4 (+/-0.48009).
P1: N=2, mean=0.5 (+/-0.97998).
P2: N=3, mean=0.333333 (+/-0.65332).
Game Durations: N=5, mean=54.6 (+/-12.680805).
P1: N=2, mean=45.5 (+/-14.6997).
P2: N=3, mean=60.666667 (+/-16.948587).

Agent 2 (SHUCTAnyTime)
Winning score (between 0 and 1) : N=5, mean=0.6 (+/-0.48009).
P1: N=3, mean=0.666667 (+/-0.65332).
P2: N=2, mean=0.5 (+/-0.97998).
Game Durations: N=5, mean=54.6 (+/-12.680805).
P1: N=3, mean=60.666667 (+/-16.948587).
P2: N=2, mean=45.5 (+/-14.6997).
=====================================================
=====================================================
Completed 10 games.

Agent 1 (UCT)
Winning score (between 0 and 1) : N=10, mean=0.4 (+/-0.32006).
P1: N=5, mean=0.6 (+/-0.48009).
P2: N=5, mean=0.2 (+/-0.391992).
Game Durations: N=10, mean=52.3 (+/-6.957475).
P1: N=5, mean=45.8 (+/-6.715545).
P2: N=5, mean=58.8 (+/-9.569744).

Agent 2 (SHUCTAnyTime)
Winning score (between 0 and 1) : N=10, mean=0.6 (+/-0.32006).
P1: N=5, mean=0.8 (+/-0.391992).
P2: N=5, mean=0.4 (+/-0.48009).
Game Durations: N=10, mean=52.3 (+/-6.957475).
P1: N=5, mean=58.8 (+/-9.569744).
P2: N=5, mean=45.8 (+/-6.715545).
=====================================================
=====================================================
Completed 20 games.

Agent 1 (UCT)
Winning score (between 0 and 1) : N=20, mean=0.6 (+/-0.22028).
P1: N=10, mean=0.7 (+/-0.299389).
P2: N=10, mean=0.5 (+/-0.32666).
Game Durations: N=20, mean=55.8 (+/-4.891847).
P1: N=10, mean=54.7 (+/-7.779996).
P2: N=10, mean=56.9 (+/-6.283091).

Agent 2 (SHUCTAnyTime)
Winning score (between 0 and 1) : N=20, mean=0.4 (+/-0.22028).
P1: N=10, mean=0.5 (+/-0.32666).
P2: N=10, mean=0.3 (+/-0.299389).
Game Durations: N=20, mean=55.8 (+/-4.891847).
P1: N=10, mean=56.9 (+/-6.283091).
P2: N=10, mean=54.7 (+/-7.779996).
=====================================================
=====================================================
Completed 30 games.

Agent 1 (UCT)
Winning score (between 0 and 1) : N=30, mean=0.6 (+/-0.178301).
P1: N=15, mean=0.6 (+/-0.256619).
P2: N=15, mean=0.6 (+/-0.256619).
Game Durations: N=30, mean=57.3 (+/-4.089872).
P1: N=15, mean=57.8 (+/-6.45867).
P2: N=15, mean=56.8 (+/-5.238912).

Agent 2 (SHUCTAnyTime)
Winning score (between 0 and 1) : N=30, mean=0.4 (+/-0.178301).
P1: N=15, mean=0.4 (+/-0.256619).
P2: N=15, mean=0.4 (+/-0.256619).
Game Durations: N=30, mean=57.3 (+/-4.089872).
P1: N=15, mean=56.8 (+/-5.238912).
P2: N=15, mean=57.8 (+/-6.45867).
=====================================================
=====================================================
Completed 40 games.

Agent 1 (UCT)
Winning score (between 0 and 1) : N=40, mean=0.575 (+/-0.155147).
P1: N=20, mean=0.6 (+/-0.22028).
P2: N=20, mean=0.55 (+/-0.223696).
Game Durations: N=40, mean=55.675 (+/-3.377579).
P1: N=20, mean=55.8 (+/-5.26604).
P2: N=20, mean=55.55 (+/-4.369841).

Agent 2 (SHUCTAnyTime)
Winning score (between 0 and 1) : N=40, mean=0.425 (+/-0.155147).
P1: N=20, mean=0.45 (+/-0.223696).
P2: N=20, mean=0.4 (+/-0.22028).
Game Durations: N=40, mean=55.675 (+/-3.377579).
P1: N=20, mean=55.55 (+/-4.369841).
P2: N=20, mean=55.8 (+/-5.26604).
=====================================================
=====================================================
Completed 50 games.

Agent 1 (UCT)
Winning score (between 0 and 1) : N=50, mean=0.62 (+/-0.135905).
P1: N=25, mean=0.64 (+/-0.192036).
P2: N=25, mean=0.6 (+/-0.195996).
Game Durations: N=50, mean=55.8 (+/-2.913017).
P1: N=25, mean=56 (+/-4.423319).
P2: N=25, mean=55.6 (+/-3.882172).

Agent 2 (SHUCTAnyTime)
Winning score (between 0 and 1) : N=50, mean=0.38 (+/-0.135905).
P1: N=25, mean=0.4 (+/-0.195996).
P2: N=25, mean=0.36 (+/-0.192036).
Game Durations: N=50, mean=55.8 (+/-2.913017).
P1: N=25, mean=55.6 (+/-3.882172).
P2: N=25, mean=56 (+/-4.423319).
=====================================================
=====================================================
Completed 60 games.

Agent 1 (UCT)
Winning score (between 0 and 1) : N=60, mean=0.616667 (+/-0.124061).
P1: N=30, mean=0.633333 (+/-0.175388).
P2: N=30, mean=0.6 (+/-0.178301).
Game Durations: N=60, mean=56.883333 (+/-2.985937).
P1: N=30, mean=57.3 (+/-4.758546).
P2: N=30, mean=56.466667 (+/-3.686246).

Agent 2 (SHUCTAnyTime)
Winning score (between 0 and 1) : N=60, mean=0.383333 (+/-0.124061).
P1: N=30, mean=0.4 (+/-0.178301).
P2: N=30, mean=0.366667 (+/-0.175388).
Game Durations: N=60, mean=56.883333 (+/-2.985937).
P1: N=30, mean=56.466667 (+/-3.686246).
P2: N=30, mean=57.3 (+/-4.758546).
=====================================================
=====================================================
Completed 70 games.

Agent 1 (UCT)
Winning score (between 0 and 1) : N=70, mean=0.585714 (+/-0.116229).
P1: N=35, mean=0.542857 (+/-0.167447).
P2: N=35, mean=0.628571 (+/-0.162414).
Game Durations: N=70, mean=57.285714 (+/-2.650393).
P1: N=35, mean=57.342857 (+/-4.158047).
P2: N=35, mean=57.228571 (+/-3.349842).

Agent 2 (SHUCTAnyTime)
Winning score (between 0 and 1) : N=70, mean=0.414286 (+/-0.116229).
P1: N=35, mean=0.371429 (+/-0.162414).
P2: N=35, mean=0.457143 (+/-0.167447).
Game Durations: N=70, mean=57.285714 (+/-2.650393).
P1: N=35, mean=57.228571 (+/-3.349842).
P2: N=35, mean=57.342857 (+/-4.158047).
=====================================================
=====================================================
Completed 80 games.

Agent 1 (UCT)
Winning score (between 0 and 1) : N=80, mean=0.575 (+/-0.109009).
P1: N=40, mean=0.525 (+/-0.156726).
P2: N=40, mean=0.625 (+/-0.151939).
Game Durations: N=80, mean=57.4 (+/-2.424036).
P1: N=40, mean=57.225 (+/-3.878547).
P2: N=40, mean=57.575 (+/-2.959048).

Agent 2 (SHUCTAnyTime)
Winning score (between 0 and 1) : N=80, mean=0.425 (+/-0.109009).
P1: N=40, mean=0.375 (+/-0.151939).
P2: N=40, mean=0.475 (+/-0.156726).
Game Durations: N=80, mean=57.4 (+/-2.424036).
P1: N=40, mean=57.575 (+/-2.959048).
P2: N=40, mean=57.225 (+/-3.878547).
=====================================================
=====================================================
Completed 90 games.

Agent 1 (UCT)
Winning score (between 0 and 1) : N=90, mean=0.577778 (+/-0.102613).
P1: N=45, mean=0.511111 (+/-0.147701).
P2: N=45, mean=0.644444 (+/-0.141438).
Game Durations: N=90, mean=57.744444 (+/-2.190494).
P1: N=45, mean=57.666667 (+/-3.482207).
P2: N=45, mean=57.822222 (+/-2.698952).

Agent 2 (SHUCTAnyTime)
Winning score (between 0 and 1) : N=90, mean=0.422222 (+/-0.102613).
P1: N=45, mean=0.355556 (+/-0.141438).
P2: N=45, mean=0.488889 (+/-0.147701).
Game Durations: N=90, mean=57.744444 (+/-2.190494).
P1: N=45, mean=57.822222 (+/-2.698952).
P2: N=45, mean=57.666667 (+/-3.482207).
=====================================================
=====================================================
Completed 100 games.

Agent 1 (UCT)
Winning score (between 0 and 1) : N=100, mean=0.58 (+/-0.097223).
P1: N=50, mean=0.48 (+/-0.139885).
P2: N=50, mean=0.68 (+/-0.130611).
Game Durations: N=100, mean=56.64 (+/-2.355829).
P1: N=50, mean=57.52 (+/-3.591025).
P2: N=50, mean=55.76 (+/-3.06747).

Agent 2 (SHUCTAnyTime)
Winning score (between 0 and 1) : N=100, mean=0.42 (+/-0.097223).
P1: N=50, mean=0.32 (+/-0.130611).
P2: N=50, mean=0.52 (+/-0.139885).
Game Durations: N=100, mean=56.64 (+/-2.355829).
P1: N=50, mean=55.76 (+/-3.06747).
P2: N=50, mean=57.52 (+/-3.591025).
=====================================================
