Warming up...
Finished warming up!
=====================================================
Completed 1 games.

Agent 1 (UCT)
Winning score (between 0 and 1) : N=1, mean=1 (+/-0).
P1: N=0, mean=0 (+/-0).
P2: N=1, mean=1 (+/-0).
Game Durations: N=1, mean=52 (+/-0).
P1: N=0, mean=0 (+/-0).
P2: N=1, mean=52 (+/-0).

Agent 2 (SHUCTAnyTime)
Winning score (between 0 and 1) : N=1, mean=0 (+/-0).
P1: N=1, mean=0 (+/-0).
P2: N=0, mean=0 (+/-0).
Game Durations: N=1, mean=52 (+/-0).
P1: N=1, mean=52 (+/-0).
P2: N=0, mean=0 (+/-0).
=====================================================
=====================================================
Completed 2 games.

Agent 1 (UCT)
Winning score (between 0 and 1) : N=2, mean=0.5 (+/-0.97998).
P1: N=1, mean=0 (+/-0).
P2: N=1, mean=1 (+/-0).
Game Durations: N=2, mean=48 (+/-7.83984).
P1: N=1, mean=44 (+/-0).
P2: N=1, mean=52 (+/-0).

Agent 2 (SHUCTAnyTime)
Winning score (between 0 and 1) : N=2, mean=0.5 (+/-0.97998).
P1: N=1, mean=0 (+/-0).
P2: N=1, mean=1 (+/-0).
Game Durations: N=2, mean=48 (+/-7.83984).
P1: N=1, mean=52 (+/-0).
P2: N=1, mean=44 (+/-0).
=====================================================
=====================================================
Completed 3 games.

Agent 1 (UCT)
Winning score (between 0 and 1) : N=3, mean=0.666667 (+/-0.65332).
P1: N=1, mean=0 (+/-0).
P2: N=2, mean=1 (+/-0).
Game Durations: N=3, mean=60 (+/-23.951107).
P1: N=1, mean=44 (+/-0).
P2: N=2, mean=68 (+/-31.35936).

Agent 2 (SHUCTAnyTime)
Winning score (between 0 and 1) : N=3, mean=0.333333 (+/-0.65332).
P1: N=2, mean=0 (+/-0).
P2: N=1, mean=1 (+/-0).
Game Durations: N=3, mean=60 (+/-23.951107).
P1: N=2, mean=68 (+/-31.35936).
P2: N=1, mean=44 (+/-0).
=====================================================
=====================================================
Completed 4 games.

Agent 1 (UCT)
Winning score (between 0 and 1) : N=4, mean=0.75 (+/-0.48999).
P1: N=2, mean=0.5 (+/-0.97998).
P2: N=2, mean=1 (+/-0).
Game Durations: N=4, mean=59.25 (+/-16.999664).
P1: N=2, mean=50.5 (+/-12.73974).
P2: N=2, mean=68 (+/-31.35936).

Agent 2 (SHUCTAnyTime)
Winning score (between 0 and 1) : N=4, mean=0.25 (+/-0.48999).
P1: N=2, mean=0 (+/-0).
P2: N=2, mean=0.5 (+/-0.97998).
Game Durations: N=4, mean=59.25 (+/-16.999664).
P1: N=2, mean=68 (+/-31.35936).
P2: N=2, mean=50.5 (+/-12.73974).
=====================================================
=====================================================
Completed 5 games.

Agent 1 (UCT)
Winning score (between 0 and 1) : N=5, mean=0.8 (+/-0.391992).
P1: N=2, mean=0.5 (+/-0.97998).
P2: N=3, mean=1 (+/-0).
Game Durations: N=5, mean=62.6 (+/-14.714066).
P1: N=2, mean=50.5 (+/-12.73974).
P2: N=3, mean=70.666667 (+/-18.84463).

Agent 2 (SHUCTAnyTime)
Winning score (between 0 and 1) : N=5, mean=0.2 (+/-0.391992).
P1: N=3, mean=0 (+/-0).
P2: N=2, mean=0.5 (+/-0.97998).
Game Durations: N=5, mean=62.6 (+/-14.714066).
P1: N=3, mean=70.666667 (+/-18.84463).
P2: N=2, mean=50.5 (+/-12.73974).
=====================================================
=====================================================
Completed 10 games.

Agent 1 (UCT)
Winning score (between 0 and 1) : N=10, mean=0.7 (+/-0.299389).
P1: N=5, mean=0.6 (+/-0.48009).
P2: N=5, mean=0.8 (+/-0.391992).
Game Durations: N=10, mean=60.2 (+/-9.275303).
P1: N=5, mean=51.4 (+/-10.565621).
P2: N=5, mean=69 (+/-11.259113).

Agent 2 (SHUCTAnyTime)
Winning score (between 0 and 1) : N=10, mean=0.3 (+/-0.299389).
P1: N=5, mean=0.2 (+/-0.391992).
P2: N=5, mean=0.4 (+/-0.48009).
Game Durations: N=10, mean=60.2 (+/-9.275303).
P1: N=5, mean=69 (+/-11.259113).
P2: N=5, mean=51.4 (+/-10.565621).
=====================================================
=====================================================
Completed 20 games.

Agent 1 (UCT)
Winning score (between 0 and 1) : N=20, mean=0.55 (+/-0.223696).
P1: N=10, mean=0.5 (+/-0.32666).
P2: N=10, mean=0.6 (+/-0.32006).
Game Durations: N=20, mean=60.15 (+/-6.016311).
P1: N=10, mean=52.9 (+/-6.892139).
P2: N=10, mean=67.4 (+/-7.775331).

Agent 2 (SHUCTAnyTime)
Winning score (between 0 and 1) : N=20, mean=0.45 (+/-0.223696).
P1: N=10, mean=0.4 (+/-0.32006).
P2: N=10, mean=0.5 (+/-0.32666).
Game Durations: N=20, mean=60.15 (+/-6.016311).
P1: N=10, mean=67.4 (+/-7.775331).
P2: N=10, mean=52.9 (+/-6.892139).
=====================================================
=====================================================
Completed 30 games.

Agent 1 (UCT)
Winning score (between 0 and 1) : N=30, mean=0.5 (+/-0.181978).
P1: N=15, mean=0.533333 (+/-0.261328).
P2: N=15, mean=0.466667 (+/-0.261328).
Game Durations: N=30, mean=57.666667 (+/-4.715841).
P1: N=15, mean=51.733333 (+/-5.620505).
P2: N=15, mean=63.6 (+/-6.420605).

Agent 2 (SHUCTAnyTime)
Winning score (between 0 and 1) : N=30, mean=0.5 (+/-0.181978).
P1: N=15, mean=0.533333 (+/-0.261328).
P2: N=15, mean=0.466667 (+/-0.261328).
Game Durations: N=30, mean=57.666667 (+/-4.715841).
P1: N=15, mean=63.6 (+/-6.420605).
P2: N=15, mean=51.733333 (+/-5.620505).
=====================================================
=====================================================
Completed 40 games.

Agent 1 (UCT)
Winning score (between 0 and 1) : N=40, mean=0.475 (+/-0.156726).
P1: N=20, mean=0.55 (+/-0.223696).
P2: N=20, mean=0.4 (+/-0.22028).
Game Durations: N=40, mean=58.775 (+/-4.130063).
P1: N=20, mean=54.45 (+/-5.998137).
P2: N=20, mean=63.1 (+/-5.146233).

Agent 2 (SHUCTAnyTime)
Winning score (between 0 and 1) : N=40, mean=0.525 (+/-0.156726).
P1: N=20, mean=0.6 (+/-0.22028).
P2: N=20, mean=0.45 (+/-0.223696).
Game Durations: N=40, mean=58.775 (+/-4.130063).
P1: N=20, mean=63.1 (+/-5.146233).
P2: N=20, mean=54.45 (+/-5.998137).
=====================================================
=====================================================
Completed 50 games.

Agent 1 (UCT)
Winning score (between 0 and 1) : N=50, mean=0.52 (+/-0.139885).
P1: N=25, mean=0.56 (+/-0.198592).
P2: N=25, mean=0.48 (+/-0.199877).
Game Durations: N=50, mean=58.94 (+/-3.509395).
P1: N=25, mean=55.6 (+/-5.347256).
P2: N=25, mean=62.28 (+/-4.257401).

Agent 2 (SHUCTAnyTime)
Winning score (between 0 and 1) : N=50, mean=0.48 (+/-0.139885).
P1: N=25, mean=0.52 (+/-0.199877).
P2: N=25, mean=0.44 (+/-0.198592).
Game Durations: N=50, mean=58.94 (+/-3.509395).
P1: N=25, mean=62.28 (+/-4.257401).
P2: N=25, mean=55.6 (+/-5.347256).
=====================================================
=====================================================
Completed 60 games.

Agent 1 (UCT)
Winning score (between 0 and 1) : N=60, mean=0.466667 (+/-0.127299).
P1: N=30, mean=0.5 (+/-0.181978).
P2: N=30, mean=0.433333 (+/-0.180353).
Game Durations: N=60, mean=57 (+/-3.251061).
P1: N=30, mean=53.433333 (+/-4.850934).
P2: N=30, mean=60.566667 (+/-4.013075).

Agent 2 (SHUCTAnyTime)
Winning score (between 0 and 1) : N=60, mean=0.533333 (+/-0.127299).
P1: N=30, mean=0.566667 (+/-0.180353).
P2: N=30, mean=0.5 (+/-0.181978).
Game Durations: N=60, mean=57 (+/-3.251061).
P1: N=30, mean=60.566667 (+/-4.013075).
P2: N=30, mean=53.433333 (+/-4.850934).
=====================================================
=====================================================
Completed 70 games.

Agent 1 (UCT)
Winning score (between 0 and 1) : N=70, mean=0.471429 (+/-0.117783).
P1: N=35, mean=0.514286 (+/-0.167997).
P2: N=35, mean=0.428571 (+/-0.166341).
Game Durations: N=70, mean=56.285714 (+/-3.026425).
P1: N=35, mean=53.428571 (+/-4.666758).
P2: N=35, mean=59.142857 (+/-3.681372).

Agent 2 (SHUCTAnyTime)
Winning score (between 0 and 1) : N=70, mean=0.528571 (+/-0.117783).
P1: N=35, mean=0.571429 (+/-0.166341).
P2: N=35, mean=0.485714 (+/-0.167997).
Game Durations: N=70, mean=56.285714 (+/-3.026425).
P1: N=35, mean=59.142857 (+/-3.681372).
P2: N=35, mean=53.428571 (+/-4.666758).
=====================================================
