Warming up...
Finished warming up!
=====================================================
Completed 1 games.

Agent 1 (UCT)
Winning score (between 0 and 1) : N=1, mean=1 (+/-0).
P1: N=1, mean=1 (+/-0).
P2: N=0, mean=0 (+/-0).
Game Durations: N=1, mean=59 (+/-0).
P1: N=1, mean=59 (+/-0).
P2: N=0, mean=0 (+/-0).

Agent 2 (SHUCTAnyTime)
Winning score (between 0 and 1) : N=1, mean=0 (+/-0).
P1: N=0, mean=0 (+/-0).
P2: N=1, mean=0 (+/-0).
Game Durations: N=1, mean=59 (+/-0).
P1: N=0, mean=0 (+/-0).
P2: N=1, mean=59 (+/-0).
=====================================================
=====================================================
Completed 2 games.

Agent 1 (UCT)
Winning score (between 0 and 1) : N=2, mean=1 (+/-0).
P1: N=1, mean=1 (+/-0).
P2: N=1, mean=1 (+/-0).
Game Durations: N=2, mean=56.5 (+/-4.8999).
P1: N=1, mean=59 (+/-0).
P2: N=1, mean=54 (+/-0).

Agent 2 (SHUCTAnyTime)
Winning score (between 0 and 1) : N=2, mean=0 (+/-0).
P1: N=1, mean=0 (+/-0).
P2: N=1, mean=0 (+/-0).
Game Durations: N=2, mean=56.5 (+/-4.8999).
P1: N=1, mean=54 (+/-0).
P2: N=1, mean=59 (+/-0).
=====================================================
=====================================================
Completed 3 games.

Agent 1 (UCT)
Winning score (between 0 and 1) : N=3, mean=1 (+/-0).
P1: N=2, mean=1 (+/-0).
P2: N=1, mean=1 (+/-0).
Game Durations: N=3, mean=54 (+/-5.657917).
P1: N=2, mean=54 (+/-9.7998).
P2: N=1, mean=54 (+/-0).

Agent 2 (SHUCTAnyTime)
Winning score (between 0 and 1) : N=3, mean=0 (+/-0).
P1: N=1, mean=0 (+/-0).
P2: N=2, mean=0 (+/-0).
Game Durations: N=3, mean=54 (+/-5.657917).
P1: N=1, mean=54 (+/-0).
P2: N=2, mean=54 (+/-9.7998).
=====================================================
=====================================================
Completed 4 games.

Agent 1 (UCT)
Winning score (between 0 and 1) : N=4, mean=1 (+/-0).
P1: N=2, mean=1 (+/-0).
P2: N=2, mean=1 (+/-0).
Game Durations: N=4, mean=51.5 (+/-6.325744).
P1: N=2, mean=54 (+/-9.7998).
P2: N=2, mean=49 (+/-9.7998).

Agent 2 (SHUCTAnyTime)
Winning score (between 0 and 1) : N=4, mean=0 (+/-0).
P1: N=2, mean=0 (+/-0).
P2: N=2, mean=0 (+/-0).
Game Durations: N=4, mean=51.5 (+/-6.325744).
P1: N=2, mean=49 (+/-9.7998).
P2: N=2, mean=54 (+/-9.7998).
=====================================================
=====================================================
Completed 5 games.

Agent 1 (UCT)
Winning score (between 0 and 1) : N=5, mean=0.8 (+/-0.391992).
P1: N=3, mean=0.666667 (+/-0.65332).
P2: N=2, mean=1 (+/-0).
Game Durations: N=5, mean=54 (+/-6.929505).
P1: N=3, mean=57.333333 (+/-8.642611).
P2: N=2, mean=49 (+/-9.7998).

Agent 2 (SHUCTAnyTime)
Winning score (between 0 and 1) : N=5, mean=0.2 (+/-0.391992).
P1: N=2, mean=0 (+/-0).
P2: N=3, mean=0.333333 (+/-0.65332).
Game Durations: N=5, mean=54 (+/-6.929505).
P1: N=2, mean=49 (+/-9.7998).
P2: N=3, mean=57.333333 (+/-8.642611).
=====================================================
=====================================================
Completed 10 games.

Agent 1 (UCT)
Winning score (between 0 and 1) : N=10, mean=0.6 (+/-0.32006).
P1: N=5, mean=0.6 (+/-0.48009).
P2: N=5, mean=0.6 (+/-0.48009).
Game Durations: N=10, mean=58.5 (+/-5.537826).
P1: N=5, mean=61 (+/-7.039504).
P2: N=5, mean=56 (+/-8.743267).

Agent 2 (SHUCTAnyTime)
Winning score (between 0 and 1) : N=10, mean=0.4 (+/-0.32006).
P1: N=5, mean=0.4 (+/-0.48009).
P2: N=5, mean=0.4 (+/-0.48009).
Game Durations: N=10, mean=58.5 (+/-5.537826).
P1: N=5, mean=56 (+/-8.743267).
P2: N=5, mean=61 (+/-7.039504).
=====================================================
=====================================================
Completed 20 games.

Agent 1 (UCT)
Winning score (between 0 and 1) : N=20, mean=0.7 (+/-0.206054).
P1: N=10, mean=0.7 (+/-0.299389).
P2: N=10, mean=0.7 (+/-0.299389).
Game Durations: N=20, mean=53.9 (+/-4.923363).
P1: N=10, mean=55.9 (+/-7.998569).
P2: N=10, mean=51.9 (+/-5.912095).

Agent 2 (SHUCTAnyTime)
Winning score (between 0 and 1) : N=20, mean=0.3 (+/-0.206054).
P1: N=10, mean=0.3 (+/-0.299389).
P2: N=10, mean=0.3 (+/-0.299389).
Game Durations: N=20, mean=53.9 (+/-4.923363).
P1: N=10, mean=51.9 (+/-5.912095).
P2: N=10, mean=55.9 (+/-7.998569).
=====================================================
=====================================================
Completed 30 games.

Agent 1 (UCT)
Winning score (between 0 and 1) : N=30, mean=0.766667 (+/-0.153936).
P1: N=15, mean=0.8 (+/-0.209529).
P2: N=15, mean=0.733333 (+/-0.231643).
Game Durations: N=30, mean=54.333333 (+/-3.86357).
P1: N=15, mean=54.933333 (+/-6.022705).
P2: N=15, mean=53.733333 (+/-5.036923).

Agent 2 (SHUCTAnyTime)
Winning score (between 0 and 1) : N=30, mean=0.233333 (+/-0.153936).
P1: N=15, mean=0.266667 (+/-0.231643).
P2: N=15, mean=0.2 (+/-0.209529).
Game Durations: N=30, mean=54.333333 (+/-3.86357).
P1: N=15, mean=53.733333 (+/-5.036923).
P2: N=15, mean=54.933333 (+/-6.022705).
=====================================================
=====================================================
Completed 40 games.

Agent 1 (UCT)
Winning score (between 0 and 1) : N=40, mean=0.8 (+/-0.125538).
P1: N=20, mean=0.85 (+/-0.160556).
P2: N=20, mean=0.75 (+/-0.194702).
Game Durations: N=40, mean=54.5 (+/-3.653293).
P1: N=20, mean=56.65 (+/-5.139108).
P2: N=20, mean=52.35 (+/-5.148934).

Agent 2 (SHUCTAnyTime)
Winning score (between 0 and 1) : N=40, mean=0.2 (+/-0.125538).
P1: N=20, mean=0.25 (+/-0.194702).
P2: N=20, mean=0.15 (+/-0.160556).
Game Durations: N=40, mean=54.5 (+/-3.653293).
P1: N=20, mean=52.35 (+/-5.148934).
P2: N=20, mean=56.65 (+/-5.139108).
=====================================================
=====================================================
Completed 50 games.

Agent 1 (UCT)
Winning score (between 0 and 1) : N=50, mean=0.8 (+/-0.111998).
P1: N=25, mean=0.8 (+/-0.16003).
P2: N=25, mean=0.8 (+/-0.16003).
Game Durations: N=50, mean=54.14 (+/-3.113864).
P1: N=25, mean=55.68 (+/-4.600301).
P2: N=25, mean=52.6 (+/-4.203646).

Agent 2 (SHUCTAnyTime)
Winning score (between 0 and 1) : N=50, mean=0.2 (+/-0.111998).
P1: N=25, mean=0.2 (+/-0.16003).
P2: N=25, mean=0.2 (+/-0.16003).
Game Durations: N=50, mean=54.14 (+/-3.113864).
P1: N=25, mean=52.6 (+/-4.203646).
P2: N=25, mean=55.68 (+/-4.600301).
=====================================================
