Warming up...
Finished warming up!
=====================================================
Completed 1 games.

Agent 1 (SHUCTAnyTime)
Winning score (between 0 and 1) : N=1, mean=1 (+/-0).
P1: N=1, mean=1 (+/-0).
P2: N=0, mean=0 (+/-0).
Game Durations: N=1, mean=13 (+/-0).
P1: N=1, mean=13 (+/-0).
P2: N=0, mean=0 (+/-0).

Agent 2 (UCT)
Winning score (between 0 and 1) : N=1, mean=0 (+/-0).
P1: N=0, mean=0 (+/-0).
P2: N=1, mean=0 (+/-0).
Game Durations: N=1, mean=13 (+/-0).
P1: N=0, mean=0 (+/-0).
P2: N=1, mean=13 (+/-0).
=====================================================
=====================================================
Completed 2 games.

Agent 1 (SHUCTAnyTime)
Winning score (between 0 and 1) : N=2, mean=0.5 (+/-0.97998).
P1: N=1, mean=1 (+/-0).
P2: N=1, mean=0 (+/-0).
Game Durations: N=2, mean=14 (+/-1.95996).
P1: N=1, mean=13 (+/-0).
P2: N=1, mean=15 (+/-0).

Agent 2 (UCT)
Winning score (between 0 and 1) : N=2, mean=0.5 (+/-0.97998).
P1: N=1, mean=1 (+/-0).
P2: N=1, mean=0 (+/-0).
Game Durations: N=2, mean=14 (+/-1.95996).
P1: N=1, mean=15 (+/-0).
P2: N=1, mean=13 (+/-0).
=====================================================
=====================================================
Completed 3 games.

Agent 1 (SHUCTAnyTime)
Winning score (between 0 and 1) : N=3, mean=0.666667 (+/-0.65332).
P1: N=2, mean=1 (+/-0).
P2: N=1, mean=0 (+/-0).
Game Durations: N=3, mean=16.333333 (+/-4.711158).
P1: N=2, mean=17 (+/-7.83984).
P2: N=1, mean=15 (+/-0).

Agent 2 (UCT)
Winning score (between 0 and 1) : N=3, mean=0.333333 (+/-0.65332).
P1: N=1, mean=1 (+/-0).
P2: N=2, mean=0 (+/-0).
Game Durations: N=3, mean=16.333333 (+/-4.711158).
P1: N=1, mean=15 (+/-0).
P2: N=2, mean=17 (+/-7.83984).
=====================================================
=====================================================
Completed 4 games.

Agent 1 (SHUCTAnyTime)
Winning score (between 0 and 1) : N=4, mean=0.5 (+/-0.565792).
P1: N=2, mean=1 (+/-0).
P2: N=2, mean=0 (+/-0).
Game Durations: N=4, mean=21.5 (+/-10.660333).
P1: N=2, mean=17 (+/-7.83984).
P2: N=2, mean=26 (+/-21.55956).

Agent 2 (UCT)
Winning score (between 0 and 1) : N=4, mean=0.5 (+/-0.565792).
P1: N=2, mean=1 (+/-0).
P2: N=2, mean=0 (+/-0).
Game Durations: N=4, mean=21.5 (+/-10.660333).
P1: N=2, mean=26 (+/-21.55956).
P2: N=2, mean=17 (+/-7.83984).
=====================================================
=====================================================
Completed 5 games.

Agent 1 (SHUCTAnyTime)
Winning score (between 0 and 1) : N=5, mean=0.6 (+/-0.48009).
P1: N=3, mean=1 (+/-0).
P2: N=2, mean=0 (+/-0).
Game Durations: N=5, mean=19.4 (+/-9.226396).
P1: N=3, mean=15 (+/-5.987777).
P2: N=2, mean=26 (+/-21.55956).

Agent 2 (UCT)
Winning score (between 0 and 1) : N=5, mean=0.4 (+/-0.48009).
P1: N=2, mean=1 (+/-0).
P2: N=3, mean=0 (+/-0).
Game Durations: N=5, mean=19.4 (+/-9.226396).
P1: N=2, mean=26 (+/-21.55956).
P2: N=3, mean=15 (+/-5.987777).
=====================================================
=====================================================
Completed 10 games.

Agent 1 (SHUCTAnyTime)
Winning score (between 0 and 1) : N=10, mean=0.5 (+/-0.32666).
P1: N=5, mean=0.8 (+/-0.391992).
P2: N=5, mean=0.2 (+/-0.391992).
Game Durations: N=10, mean=20 (+/-5.58961).
P1: N=5, mean=16 (+/-3.506083).
P2: N=5, mean=24 (+/-9.877887).

Agent 2 (UCT)
Winning score (between 0 and 1) : N=10, mean=0.5 (+/-0.32666).
P1: N=5, mean=0.8 (+/-0.391992).
P2: N=5, mean=0.2 (+/-0.391992).
Game Durations: N=10, mean=20 (+/-5.58961).
P1: N=5, mean=24 (+/-9.877887).
P2: N=5, mean=16 (+/-3.506083).
=====================================================
=====================================================
Completed 20 games.

Agent 1 (SHUCTAnyTime)
Winning score (between 0 and 1) : N=20, mean=0.45 (+/-0.223696).
P1: N=10, mean=0.6 (+/-0.32006).
P2: N=10, mean=0.3 (+/-0.299389).
Game Durations: N=20, mean=22.55 (+/-4.74898).
P1: N=10, mean=19.6 (+/-4.092517).
P2: N=10, mean=25.5 (+/-8.428841).

Agent 2 (UCT)
Winning score (between 0 and 1) : N=20, mean=0.55 (+/-0.223696).
P1: N=10, mean=0.7 (+/-0.299389).
P2: N=10, mean=0.4 (+/-0.32006).
Game Durations: N=20, mean=22.55 (+/-4.74898).
P1: N=10, mean=25.5 (+/-8.428841).
P2: N=10, mean=19.6 (+/-4.092517).
=====================================================
=====================================================
Completed 30 games.

Agent 1 (SHUCTAnyTime)
Winning score (between 0 and 1) : N=30, mean=0.5 (+/-0.181978).
P1: N=15, mean=0.666667 (+/-0.246932).
P2: N=15, mean=0.333333 (+/-0.246932).
Game Durations: N=30, mean=20.933333 (+/-3.650376).
P1: N=15, mean=17.733333 (+/-3.477094).
P2: N=15, mean=24.133333 (+/-6.12331).

Agent 2 (UCT)
Winning score (between 0 and 1) : N=30, mean=0.5 (+/-0.181978).
P1: N=15, mean=0.666667 (+/-0.246932).
P2: N=15, mean=0.333333 (+/-0.246932).
Game Durations: N=30, mean=20.933333 (+/-3.650376).
P1: N=15, mean=24.133333 (+/-6.12331).
P2: N=15, mean=17.733333 (+/-3.477094).
=====================================================
=====================================================
Completed 40 games.

Agent 1 (SHUCTAnyTime)
Winning score (between 0 and 1) : N=40, mean=0.45 (+/-0.156136).
P1: N=20, mean=0.65 (+/-0.214467).
P2: N=20, mean=0.25 (+/-0.194702).
Game Durations: N=40, mean=21.9 (+/-3.246284).
P1: N=20, mean=19.75 (+/-3.783108).
P2: N=20, mean=24.05 (+/-5.204005).

Agent 2 (UCT)
Winning score (between 0 and 1) : N=40, mean=0.55 (+/-0.156136).
P1: N=20, mean=0.75 (+/-0.194702).
P2: N=20, mean=0.35 (+/-0.214467).
Game Durations: N=40, mean=21.9 (+/-3.246284).
P1: N=20, mean=24.05 (+/-5.204005).
P2: N=20, mean=19.75 (+/-3.783108).
=====================================================
=====================================================
Completed 50 games.

Agent 1 (SHUCTAnyTime)
Winning score (between 0 and 1) : N=50, mean=0.44 (+/-0.138986).
P1: N=25, mean=0.6 (+/-0.195996).
P2: N=25, mean=0.28 (+/-0.179633).
Game Durations: N=50, mean=21.22 (+/-2.760062).
P1: N=25, mean=18.92 (+/-3.269708).
P2: N=25, mean=23.52 (+/-4.326912).

Agent 2 (UCT)
Winning score (between 0 and 1) : N=50, mean=0.56 (+/-0.138986).
P1: N=25, mean=0.72 (+/-0.179633).
P2: N=25, mean=0.4 (+/-0.195996).
Game Durations: N=50, mean=21.22 (+/-2.760062).
P1: N=25, mean=23.52 (+/-4.326912).
P2: N=25, mean=18.92 (+/-3.269708).
=====================================================
=====================================================
Completed 60 games.

Agent 1 (SHUCTAnyTime)
Winning score (between 0 and 1) : N=60, mean=0.433333 (+/-0.126443).
P1: N=30, mean=0.566667 (+/-0.180353).
P2: N=30, mean=0.3 (+/-0.166785).
Game Durations: N=60, mean=21.133333 (+/-2.44589).
P1: N=30, mean=18.566667 (+/-2.787185).
P2: N=30, mean=23.7 (+/-3.850768).

Agent 2 (UCT)
Winning score (between 0 and 1) : N=60, mean=0.566667 (+/-0.126443).
P1: N=30, mean=0.7 (+/-0.166785).
P2: N=30, mean=0.433333 (+/-0.180353).
Game Durations: N=60, mean=21.133333 (+/-2.44589).
P1: N=30, mean=23.7 (+/-3.850768).
P2: N=30, mean=18.566667 (+/-2.787185).
=====================================================
=====================================================
Completed 70 games.

Agent 1 (SHUCTAnyTime)
Winning score (between 0 and 1) : N=70, mean=0.442857 (+/-0.117203).
P1: N=35, mean=0.571429 (+/-0.166341).
P2: N=35, mean=0.314286 (+/-0.156042).
Game Durations: N=70, mean=20.485714 (+/-2.160228).
P1: N=35, mean=18 (+/-2.473961).
P2: N=35, mean=22.971429 (+/-3.379965).

Agent 2 (UCT)
Winning score (between 0 and 1) : N=70, mean=0.557143 (+/-0.117203).
P1: N=35, mean=0.685714 (+/-0.156042).
P2: N=35, mean=0.428571 (+/-0.166341).
Game Durations: N=70, mean=20.485714 (+/-2.160228).
P1: N=35, mean=22.971429 (+/-3.379965).
P2: N=35, mean=18 (+/-2.473961).
=====================================================
=====================================================
Completed 80 games.

Agent 1 (SHUCTAnyTime)
Winning score (between 0 and 1) : N=80, mean=0.4625 (+/-0.109946).
P1: N=40, mean=0.625 (+/-0.151939).
P2: N=40, mean=0.3 (+/-0.143822).
Game Durations: N=80, mean=20.5625 (+/-1.964867).
P1: N=40, mean=18.725 (+/-2.406585).
P2: N=40, mean=22.4 (+/-3.030512).

Agent 2 (UCT)
Winning score (between 0 and 1) : N=80, mean=0.5375 (+/-0.109946).
P1: N=40, mean=0.7 (+/-0.143822).
P2: N=40, mean=0.375 (+/-0.151939).
Game Durations: N=80, mean=20.5625 (+/-1.964867).
P1: N=40, mean=22.4 (+/-3.030512).
P2: N=40, mean=18.725 (+/-2.406585).
=====================================================
=====================================================
Completed 90 games.

Agent 1 (SHUCTAnyTime)
Winning score (between 0 and 1) : N=90, mean=0.455556 (+/-0.103466).
P1: N=45, mean=0.6 (+/-0.144753).
P2: N=45, mean=0.311111 (+/-0.13679).
Game Durations: N=90, mean=20.755556 (+/-1.879599).
P1: N=45, mean=19.133333 (+/-2.375754).
P2: N=45, mean=22.377778 (+/-2.861545).

Agent 2 (UCT)
Winning score (between 0 and 1) : N=90, mean=0.544444 (+/-0.103466).
P1: N=45, mean=0.688889 (+/-0.13679).
P2: N=45, mean=0.4 (+/-0.144753).
Game Durations: N=90, mean=20.755556 (+/-1.879599).
P1: N=45, mean=22.377778 (+/-2.861545).
P2: N=45, mean=19.133333 (+/-2.375754).
=====================================================
=====================================================
Completed 100 games.

Agent 1 (SHUCTAnyTime)
Winning score (between 0 and 1) : N=100, mean=0.44 (+/-0.09778).
P1: N=50, mean=0.58 (+/-0.138194).
P2: N=50, mean=0.3 (+/-0.12831).
Game Durations: N=100, mean=20.82 (+/-1.73667).
P1: N=50, mean=19.42 (+/-2.231602).
P2: N=50, mean=22.22 (+/-2.626752).

Agent 2 (UCT)
Winning score (between 0 and 1) : N=100, mean=0.56 (+/-0.09778).
P1: N=50, mean=0.7 (+/-0.12831).
P2: N=50, mean=0.42 (+/-0.138194).
Game Durations: N=100, mean=20.82 (+/-1.73667).
P1: N=50, mean=22.22 (+/-2.626752).
P2: N=50, mean=19.42 (+/-2.231602).
=====================================================
=====================================================
Completed 110 games.

Agent 1 (SHUCTAnyTime)
Winning score (between 0 and 1) : N=110, mean=0.436364 (+/-0.093102).
P1: N=55, mean=0.563636 (+/-0.132274).
P2: N=55, mean=0.309091 (+/-0.123255).
Game Durations: N=110, mean=20.536364 (+/-1.609884).
P1: N=55, mean=19.109091 (+/-2.058247).
P2: N=55, mean=21.963636 (+/-2.436531).

Agent 2 (UCT)
Winning score (between 0 and 1) : N=110, mean=0.563636 (+/-0.093102).
P1: N=55, mean=0.690909 (+/-0.123255).
P2: N=55, mean=0.436364 (+/-0.132274).
Game Durations: N=110, mean=20.536364 (+/-1.609884).
P1: N=55, mean=21.963636 (+/-2.436531).
P2: N=55, mean=19.109091 (+/-2.058247).
=====================================================
=====================================================
Completed 120 games.

Agent 1 (SHUCTAnyTime)
Winning score (between 0 and 1) : N=120, mean=0.433333 (+/-0.089033).
P1: N=60, mean=0.55 (+/-0.126943).
P2: N=60, mean=0.316667 (+/-0.118697).
Game Durations: N=120, mean=19.85 (+/-1.538534).
P1: N=60, mean=18.45 (+/-1.96793).
P2: N=60, mean=21.25 (+/-2.328221).

Agent 2 (UCT)
Winning score (between 0 and 1) : N=120, mean=0.566667 (+/-0.089033).
P1: N=60, mean=0.683333 (+/-0.118697).
P2: N=60, mean=0.45 (+/-0.126943).
Game Durations: N=120, mean=19.85 (+/-1.538534).
P1: N=60, mean=21.25 (+/-2.328221).
P2: N=60, mean=18.45 (+/-1.96793).
=====================================================
=====================================================
Completed 130 games.

Agent 1 (SHUCTAnyTime)
Winning score (between 0 and 1) : N=130, mean=0.461538 (+/-0.086027).
P1: N=65, mean=0.569231 (+/-0.121318).
P2: N=65, mean=0.353846 (+/-0.117147).
Game Durations: N=130, mean=20.438462 (+/-1.522398).
P1: N=65, mean=19.369231 (+/-2.1069).
P2: N=65, mean=21.507692 (+/-2.183333).

Agent 2 (UCT)
Winning score (between 0 and 1) : N=130, mean=0.538462 (+/-0.086027).
P1: N=65, mean=0.646154 (+/-0.117147).
P2: N=65, mean=0.430769 (+/-0.121318).
Game Durations: N=130, mean=20.438462 (+/-1.522398).
P1: N=65, mean=21.507692 (+/-2.183333).
P2: N=65, mean=19.369231 (+/-2.1069).
=====================================================
=====================================================
Completed 140 games.

Agent 1 (SHUCTAnyTime)
Winning score (between 0 and 1) : N=140, mean=0.457143 (+/-0.082815).
P1: N=70, mean=0.571429 (+/-0.116766).
P2: N=70, mean=0.342857 (+/-0.111998).
Game Durations: N=140, mean=20.514286 (+/-1.488037).
P1: N=70, mean=19.857143 (+/-2.133385).
P2: N=70, mean=21.171429 (+/-2.078888).

Agent 2 (UCT)
Winning score (between 0 and 1) : N=140, mean=0.542857 (+/-0.082815).
P1: N=70, mean=0.657143 (+/-0.111998).
P2: N=70, mean=0.428571 (+/-0.116766).
Game Durations: N=140, mean=20.514286 (+/-1.488037).
P1: N=70, mean=21.171429 (+/-2.078888).
P2: N=70, mean=19.857143 (+/-2.133385).
=====================================================
=====================================================
Completed 150 games.

Agent 1 (SHUCTAnyTime)
Winning score (between 0 and 1) : N=150, mean=0.466667 (+/-0.080104).
P1: N=75, mean=0.586667 (+/-0.112196).
P2: N=75, mean=0.346667 (+/-0.108431).
Game Durations: N=150, mean=20.646667 (+/-1.475944).
P1: N=75, mean=20.133333 (+/-2.097895).
P2: N=75, mean=21.16 (+/-2.084227).

Agent 2 (UCT)
Winning score (between 0 and 1) : N=150, mean=0.533333 (+/-0.080104).
P1: N=75, mean=0.653333 (+/-0.108431).
P2: N=75, mean=0.413333 (+/-0.112196).
Game Durations: N=150, mean=20.646667 (+/-1.475944).
P1: N=75, mean=21.16 (+/-2.084227).
P2: N=75, mean=20.133333 (+/-2.097895).
=====================================================
