Warming up...
Finished warming up!
=====================================================
Completed 1 games.

Agent 1 (SHUCTAnyTime)
Winning score (between 0 and 1) : N=1, mean=0 (+/-0).
P1: N=0, mean=0 (+/-0).
P2: N=1, mean=0 (+/-0).
Game Durations: N=1, mean=37 (+/-0).
P1: N=0, mean=0 (+/-0).
P2: N=1, mean=37 (+/-0).

Agent 2 (UCT)
Winning score (between 0 and 1) : N=1, mean=1 (+/-0).
P1: N=1, mean=1 (+/-0).
P2: N=0, mean=0 (+/-0).
Game Durations: N=1, mean=37 (+/-0).
P1: N=1, mean=37 (+/-0).
P2: N=0, mean=0 (+/-0).
=====================================================
=====================================================
Completed 2 games.

Agent 1 (SHUCTAnyTime)
Winning score (between 0 and 1) : N=2, mean=0.5 (+/-0.97998).
P1: N=1, mean=1 (+/-0).
P2: N=1, mean=0 (+/-0).
Game Durations: N=2, mean=27 (+/-19.5996).
P1: N=1, mean=17 (+/-0).
P2: N=1, mean=37 (+/-0).

Agent 2 (UCT)
Winning score (between 0 and 1) : N=2, mean=0.5 (+/-0.97998).
P1: N=1, mean=1 (+/-0).
P2: N=1, mean=0 (+/-0).
Game Durations: N=2, mean=27 (+/-19.5996).
P1: N=1, mean=37 (+/-0).
P2: N=1, mean=17 (+/-0).
=====================================================
=====================================================
Completed 3 games.

Agent 1 (SHUCTAnyTime)
Winning score (between 0 and 1) : N=3, mean=0.333333 (+/-0.65332).
P1: N=1, mean=1 (+/-0).
P2: N=2, mean=0 (+/-0).
Game Durations: N=3, mean=28.333333 (+/-11.61367).
P1: N=1, mean=17 (+/-0).
P2: N=2, mean=34 (+/-5.87988).

Agent 2 (UCT)
Winning score (between 0 and 1) : N=3, mean=0.666667 (+/-0.65332).
P1: N=2, mean=1 (+/-0).
P2: N=1, mean=0 (+/-0).
Game Durations: N=3, mean=28.333333 (+/-11.61367).
P1: N=2, mean=34 (+/-5.87988).
P2: N=1, mean=17 (+/-0).
=====================================================
=====================================================
Completed 4 games.

Agent 1 (SHUCTAnyTime)
Winning score (between 0 and 1) : N=4, mean=0.5 (+/-0.565792).
P1: N=2, mean=1 (+/-0).
P2: N=2, mean=0 (+/-0).
Game Durations: N=4, mean=29.5 (+/-8.524512).
P1: N=2, mean=25 (+/-15.67968).
P2: N=2, mean=34 (+/-5.87988).

Agent 2 (UCT)
Winning score (between 0 and 1) : N=4, mean=0.5 (+/-0.565792).
P1: N=2, mean=1 (+/-0).
P2: N=2, mean=0 (+/-0).
Game Durations: N=4, mean=29.5 (+/-8.524512).
P1: N=2, mean=34 (+/-5.87988).
P2: N=2, mean=25 (+/-15.67968).
=====================================================
=====================================================
Completed 5 games.

Agent 1 (SHUCTAnyTime)
Winning score (between 0 and 1) : N=5, mean=0.4 (+/-0.48009).
P1: N=2, mean=1 (+/-0).
P2: N=3, mean=0 (+/-0).
Game Durations: N=5, mean=26.2 (+/-9.243035).
P1: N=2, mean=25 (+/-15.67968).
P2: N=3, mean=27 (+/-14.133473).

Agent 2 (UCT)
Winning score (between 0 and 1) : N=5, mean=0.6 (+/-0.48009).
P1: N=3, mean=1 (+/-0).
P2: N=2, mean=0 (+/-0).
Game Durations: N=5, mean=26.2 (+/-9.243035).
P1: N=3, mean=27 (+/-14.133473).
P2: N=2, mean=25 (+/-15.67968).
=====================================================
=====================================================
Completed 10 games.

Agent 1 (SHUCTAnyTime)
Winning score (between 0 and 1) : N=10, mean=0.5 (+/-0.32666).
P1: N=5, mean=0.8 (+/-0.391992).
P2: N=5, mean=0.2 (+/-0.391992).
Game Durations: N=10, mean=32.6 (+/-6.828366).
P1: N=5, mean=33.6 (+/-9.472915).
P2: N=5, mean=31.6 (+/-10.870271).

Agent 2 (UCT)
Winning score (between 0 and 1) : N=10, mean=0.5 (+/-0.32666).
P1: N=5, mean=0.8 (+/-0.391992).
P2: N=5, mean=0.2 (+/-0.391992).
Game Durations: N=10, mean=32.6 (+/-6.828366).
P1: N=5, mean=31.6 (+/-10.870271).
P2: N=5, mean=33.6 (+/-9.472915).
=====================================================
=====================================================
Completed 20 games.

Agent 1 (SHUCTAnyTime)
Winning score (between 0 and 1) : N=20, mean=0.4 (+/-0.22028).
P1: N=10, mean=0.6 (+/-0.32006).
P2: N=10, mean=0.2 (+/-0.261328).
Game Durations: N=20, mean=31.9 (+/-4.201).
P1: N=10, mean=30.4 (+/-5.636755).
P2: N=10, mean=33.4 (+/-6.389189).

Agent 2 (UCT)
Winning score (between 0 and 1) : N=20, mean=0.6 (+/-0.22028).
P1: N=10, mean=0.8 (+/-0.261328).
P2: N=10, mean=0.4 (+/-0.32006).
Game Durations: N=20, mean=31.9 (+/-4.201).
P1: N=10, mean=33.4 (+/-6.389189).
P2: N=10, mean=30.4 (+/-5.636755).
=====================================================
=====================================================
Completed 30 games.

Agent 1 (SHUCTAnyTime)
Winning score (between 0 and 1) : N=30, mean=0.433333 (+/-0.180353).
P1: N=15, mean=0.6 (+/-0.256619).
P2: N=15, mean=0.266667 (+/-0.231643).
Game Durations: N=30, mean=31.066667 (+/-3.871105).
P1: N=15, mean=28.6 (+/-4.629427).
P2: N=15, mean=33.533333 (+/-6.108355).

Agent 2 (UCT)
Winning score (between 0 and 1) : N=30, mean=0.566667 (+/-0.180353).
P1: N=15, mean=0.733333 (+/-0.231643).
P2: N=15, mean=0.4 (+/-0.256619).
Game Durations: N=30, mean=31.066667 (+/-3.871105).
P1: N=15, mean=33.533333 (+/-6.108355).
P2: N=15, mean=28.6 (+/-4.629427).
=====================================================
=====================================================
Completed 40 games.

Agent 1 (SHUCTAnyTime)
Winning score (between 0 and 1) : N=40, mean=0.475 (+/-0.156726).
P1: N=20, mean=0.65 (+/-0.214467).
P2: N=20, mean=0.3 (+/-0.206054).
Game Durations: N=40, mean=30.775 (+/-3.288254).
P1: N=20, mean=29.55 (+/-4.351295).
P2: N=20, mean=32 (+/-4.984784).

Agent 2 (UCT)
Winning score (between 0 and 1) : N=40, mean=0.525 (+/-0.156726).
P1: N=20, mean=0.7 (+/-0.206054).
P2: N=20, mean=0.35 (+/-0.214467).
Game Durations: N=40, mean=30.775 (+/-3.288254).
P1: N=20, mean=32 (+/-4.984784).
P2: N=20, mean=29.55 (+/-4.351295).
=====================================================
=====================================================
Completed 50 games.

Agent 1 (SHUCTAnyTime)
Winning score (between 0 and 1) : N=50, mean=0.46 (+/-0.139548).
P1: N=25, mean=0.6 (+/-0.195996).
P2: N=25, mean=0.32 (+/-0.186626).
Game Durations: N=50, mean=29.84 (+/-2.964958).
P1: N=25, mean=27.8 (+/-3.957308).
P2: N=25, mean=31.88 (+/-4.347873).

Agent 2 (UCT)
Winning score (between 0 and 1) : N=50, mean=0.54 (+/-0.139548).
P1: N=25, mean=0.68 (+/-0.186626).
P2: N=25, mean=0.4 (+/-0.195996).
Game Durations: N=50, mean=29.84 (+/-2.964958).
P1: N=25, mean=31.88 (+/-4.347873).
P2: N=25, mean=27.8 (+/-3.957308).
=====================================================
=====================================================
Completed 60 games.

Agent 1 (SHUCTAnyTime)
Winning score (between 0 and 1) : N=60, mean=0.45 (+/-0.126943).
P1: N=30, mean=0.6 (+/-0.178301).
P2: N=30, mean=0.3 (+/-0.166785).
Game Durations: N=60, mean=29.816667 (+/-2.653591).
P1: N=30, mean=28.533333 (+/-3.58668).
P2: N=30, mean=31.1 (+/-3.918061).

Agent 2 (UCT)
Winning score (between 0 and 1) : N=60, mean=0.55 (+/-0.126943).
P1: N=30, mean=0.7 (+/-0.166785).
P2: N=30, mean=0.4 (+/-0.178301).
Game Durations: N=60, mean=29.816667 (+/-2.653591).
P1: N=30, mean=31.1 (+/-3.918061).
P2: N=30, mean=28.533333 (+/-3.58668).
=====================================================
=====================================================
Completed 70 games.

Agent 1 (SHUCTAnyTime)
Winning score (between 0 and 1) : N=70, mean=0.485714 (+/-0.117928).
P1: N=35, mean=0.628571 (+/-0.162414).
P2: N=35, mean=0.342857 (+/-0.159549).
Game Durations: N=70, mean=29.1 (+/-2.529402).
P1: N=35, mean=27.371429 (+/-3.357542).
P2: N=35, mean=30.828571 (+/-3.74427).

Agent 2 (UCT)
Winning score (between 0 and 1) : N=70, mean=0.514286 (+/-0.117928).
P1: N=35, mean=0.657143 (+/-0.159549).
P2: N=35, mean=0.371429 (+/-0.162414).
Game Durations: N=70, mean=29.1 (+/-2.529402).
P1: N=35, mean=30.828571 (+/-3.74427).
P2: N=35, mean=27.371429 (+/-3.357542).
=====================================================
=====================================================
Completed 80 games.

Agent 1 (SHUCTAnyTime)
Winning score (between 0 and 1) : N=80, mean=0.475 (+/-0.110118).
P1: N=40, mean=0.625 (+/-0.151939).
P2: N=40, mean=0.325 (+/-0.146997).
Game Durations: N=80, mean=28.975 (+/-2.291098).
P1: N=40, mean=27.775 (+/-3.031071).
P2: N=40, mean=30.175 (+/-3.434333).

Agent 2 (UCT)
Winning score (between 0 and 1) : N=80, mean=0.525 (+/-0.110118).
P1: N=40, mean=0.675 (+/-0.146997).
P2: N=40, mean=0.375 (+/-0.151939).
Game Durations: N=80, mean=28.975 (+/-2.291098).
P1: N=40, mean=30.175 (+/-3.434333).
P2: N=40, mean=27.775 (+/-3.031071).
=====================================================
=====================================================
Completed 90 games.

Agent 1 (SHUCTAnyTime)
Winning score (between 0 and 1) : N=90, mean=0.5 (+/-0.103878).
P1: N=45, mean=0.666667 (+/-0.139288).
P2: N=45, mean=0.333333 (+/-0.139288).
Game Durations: N=90, mean=28.955556 (+/-2.182675).
P1: N=45, mean=27.911111 (+/-2.874083).
P2: N=45, mean=30 (+/-3.289682).

Agent 2 (UCT)
Winning score (between 0 and 1) : N=90, mean=0.5 (+/-0.103878).
P1: N=45, mean=0.666667 (+/-0.139288).
P2: N=45, mean=0.333333 (+/-0.139288).
Game Durations: N=90, mean=28.955556 (+/-2.182675).
P1: N=45, mean=30 (+/-3.289682).
P2: N=45, mean=27.911111 (+/-2.874083).
=====================================================
=====================================================
Completed 100 games.

Agent 1 (SHUCTAnyTime)
Winning score (between 0 and 1) : N=100, mean=0.51 (+/-0.098472).
P1: N=50, mean=0.66 (+/-0.132636).
P2: N=50, mean=0.36 (+/-0.134397).
Game Durations: N=100, mean=28.89 (+/-2.032826).
P1: N=50, mean=27.46 (+/-2.654612).
P2: N=50, mean=30.32 (+/-3.054603).

Agent 2 (UCT)
Winning score (between 0 and 1) : N=100, mean=0.49 (+/-0.098472).
P1: N=50, mean=0.64 (+/-0.134397).
P2: N=50, mean=0.34 (+/-0.132636).
Game Durations: N=100, mean=28.89 (+/-2.032826).
P1: N=50, mean=30.32 (+/-3.054603).
P2: N=50, mean=27.46 (+/-2.654612).
=====================================================
=====================================================
Completed 110 games.

Agent 1 (SHUCTAnyTime)
Winning score (between 0 and 1) : N=110, mean=0.527273 (+/-0.093725).
P1: N=55, mean=0.690909 (+/-0.123255).
P2: N=55, mean=0.363636 (+/-0.128303).
Game Durations: N=110, mean=28.663636 (+/-1.924207).
P1: N=55, mean=27.2 (+/-2.540704).
P2: N=55, mean=30.127273 (+/-2.861374).

Agent 2 (UCT)
Winning score (between 0 and 1) : N=110, mean=0.472727 (+/-0.093725).
P1: N=55, mean=0.636364 (+/-0.128303).
P2: N=55, mean=0.309091 (+/-0.123255).
Game Durations: N=110, mean=28.663636 (+/-1.924207).
P1: N=55, mean=30.127273 (+/-2.861374).
P2: N=55, mean=27.2 (+/-2.540704).
=====================================================
=====================================================
Completed 120 games.

Agent 1 (SHUCTAnyTime)
Winning score (between 0 and 1) : N=120, mean=0.516667 (+/-0.089785).
P1: N=60, mean=0.666667 (+/-0.120286).
P2: N=60, mean=0.366667 (+/-0.122963).
Game Durations: N=120, mean=28.766667 (+/-1.826942).
P1: N=60, mean=27.466667 (+/-2.518031).
P2: N=60, mean=30.066667 (+/-2.627443).

Agent 2 (UCT)
Winning score (between 0 and 1) : N=120, mean=0.483333 (+/-0.089785).
P1: N=60, mean=0.633333 (+/-0.122963).
P2: N=60, mean=0.333333 (+/-0.120286).
Game Durations: N=120, mean=28.766667 (+/-1.826942).
P1: N=60, mean=30.066667 (+/-2.627443).
P2: N=60, mean=27.466667 (+/-2.518031).
=====================================================
=====================================================
Completed 130 games.

Agent 1 (SHUCTAnyTime)
Winning score (between 0 and 1) : N=130, mean=0.523077 (+/-0.08619).
P1: N=65, mean=0.646154 (+/-0.117147).
P2: N=65, mean=0.4 (+/-0.120023).
Game Durations: N=130, mean=29.007692 (+/-1.771305).
P1: N=65, mean=27.753846 (+/-2.438249).
P2: N=65, mean=30.261538 (+/-2.552321).

Agent 2 (UCT)
Winning score (between 0 and 1) : N=130, mean=0.476923 (+/-0.08619).
P1: N=65, mean=0.6 (+/-0.120023).
P2: N=65, mean=0.353846 (+/-0.117147).
Game Durations: N=130, mean=29.007692 (+/-1.771305).
P1: N=65, mean=30.261538 (+/-2.552321).
P2: N=65, mean=27.753846 (+/-2.438249).
=====================================================
=====================================================
Completed 140 games.

Agent 1 (SHUCTAnyTime)
Winning score (between 0 and 1) : N=140, mean=0.507143 (+/-0.083112).
P1: N=70, mean=0.642857 (+/-0.113058).
P2: N=70, mean=0.371429 (+/-0.114009).
Game Durations: N=140, mean=28.764286 (+/-1.684078).
P1: N=70, mean=27.7 (+/-2.334216).
P2: N=70, mean=29.828571 (+/-2.419089).

Agent 2 (UCT)
Winning score (between 0 and 1) : N=140, mean=0.492857 (+/-0.083112).
P1: N=70, mean=0.628571 (+/-0.114009).
P2: N=70, mean=0.357143 (+/-0.113058).
Game Durations: N=140, mean=28.764286 (+/-1.684078).
P1: N=70, mean=29.828571 (+/-2.419089).
P2: N=70, mean=27.7 (+/-2.334216).
=====================================================
=====================================================
Completed 150 games.

Agent 1 (SHUCTAnyTime)
Winning score (between 0 and 1) : N=150, mean=0.52 (+/-0.080219).
P1: N=75, mean=0.653333 (+/-0.108431).
P2: N=75, mean=0.386667 (+/-0.110955).
Game Durations: N=150, mean=28.78 (+/-1.626493).
P1: N=75, mean=27.746667 (+/-2.307415).
P2: N=75, mean=29.813333 (+/-2.284382).

Agent 2 (UCT)
Winning score (between 0 and 1) : N=150, mean=0.48 (+/-0.080219).
P1: N=75, mean=0.613333 (+/-0.110955).
P2: N=75, mean=0.346667 (+/-0.108431).
Game Durations: N=150, mean=28.78 (+/-1.626493).
P1: N=75, mean=29.813333 (+/-2.284382).
P2: N=75, mean=27.746667 (+/-2.307415).
=====================================================
