Warming up...
Finished warming up!
=====================================================
Completed 1 games.

Agent 1 (UCT)
Winning score (between 0 and 1) : N=1, mean=1 (+/-0).
P1: N=1, mean=1 (+/-0).
P2: N=0, mean=0 (+/-0).
Game Durations: N=1, mean=130 (+/-0).
P1: N=1, mean=130 (+/-0).
P2: N=0, mean=0 (+/-0).

Agent 2 (SHUCTAnyTime)
Winning score (between 0 and 1) : N=1, mean=0 (+/-0).
P1: N=0, mean=0 (+/-0).
P2: N=1, mean=0 (+/-0).
Game Durations: N=1, mean=130 (+/-0).
P1: N=0, mean=0 (+/-0).
P2: N=1, mean=130 (+/-0).
=====================================================
=====================================================
Completed 2 games.

Agent 1 (UCT)
Winning score (between 0 and 1) : N=2, mean=0.5 (+/-0.97998).
P1: N=1, mean=1 (+/-0).
P2: N=1, mean=0 (+/-0).
Game Durations: N=2, mean=148 (+/-35.27928).
P1: N=1, mean=130 (+/-0).
P2: N=1, mean=166 (+/-0).

Agent 2 (SHUCTAnyTime)
Winning score (between 0 and 1) : N=2, mean=0.5 (+/-0.97998).
P1: N=1, mean=1 (+/-0).
P2: N=1, mean=0 (+/-0).
Game Durations: N=2, mean=148 (+/-35.27928).
P1: N=1, mean=166 (+/-0).
P2: N=1, mean=130 (+/-0).
=====================================================
=====================================================
Completed 3 games.

Agent 1 (UCT)
Winning score (between 0 and 1) : N=3, mean=0.333333 (+/-0.65332).
P1: N=2, mean=0.5 (+/-0.97998).
P2: N=1, mean=0 (+/-0).
Game Durations: N=3, mean=156 (+/-25.704634).
P1: N=2, mean=151 (+/-41.15916).
P2: N=1, mean=166 (+/-0).

Agent 2 (SHUCTAnyTime)
Winning score (between 0 and 1) : N=3, mean=0.666667 (+/-0.65332).
P1: N=1, mean=1 (+/-0).
P2: N=2, mean=0.5 (+/-0.97998).
Game Durations: N=3, mean=156 (+/-25.704634).
P1: N=1, mean=166 (+/-0).
P2: N=2, mean=151 (+/-41.15916).
=====================================================
=====================================================
Completed 4 games.

Agent 1 (UCT)
Winning score (between 0 and 1) : N=4, mean=0.5 (+/-0.565792).
P1: N=2, mean=0.5 (+/-0.97998).
P2: N=2, mean=0.5 (+/-0.97998).
Game Durations: N=4, mean=160 (+/-19.794626).
P1: N=2, mean=151 (+/-41.15916).
P2: N=2, mean=169 (+/-5.87988).

Agent 2 (SHUCTAnyTime)
Winning score (between 0 and 1) : N=4, mean=0.5 (+/-0.565792).
P1: N=2, mean=0.5 (+/-0.97998).
P2: N=2, mean=0.5 (+/-0.97998).
Game Durations: N=4, mean=160 (+/-19.794626).
P1: N=2, mean=169 (+/-5.87988).
P2: N=2, mean=151 (+/-41.15916).
=====================================================
=====================================================
Completed 5 games.

Agent 1 (UCT)
Winning score (between 0 and 1) : N=5, mean=0.6 (+/-0.48009).
P1: N=3, mean=0.666667 (+/-0.65332).
P2: N=2, mean=0.5 (+/-0.97998).
Game Durations: N=5, mean=158.8 (+/-15.512189).
P1: N=3, mean=152 (+/-23.843942).
P2: N=2, mean=169 (+/-5.87988).

Agent 2 (SHUCTAnyTime)
Winning score (between 0 and 1) : N=5, mean=0.4 (+/-0.48009).
P1: N=2, mean=0.5 (+/-0.97998).
P2: N=3, mean=0.333333 (+/-0.65332).
Game Durations: N=5, mean=158.8 (+/-15.512189).
P1: N=2, mean=169 (+/-5.87988).
P2: N=3, mean=152 (+/-23.843942).
=====================================================
=====================================================
Completed 10 games.

Agent 1 (UCT)
Winning score (between 0 and 1) : N=10, mean=0.7 (+/-0.299389).
P1: N=5, mean=0.8 (+/-0.391992).
P2: N=5, mean=0.6 (+/-0.48009).
Game Durations: N=10, mean=154 (+/-13.248067).
P1: N=5, mean=146.4 (+/-19.219604).
P2: N=5, mean=161.6 (+/-17.591665).

Agent 2 (SHUCTAnyTime)
Winning score (between 0 and 1) : N=10, mean=0.3 (+/-0.299389).
P1: N=5, mean=0.4 (+/-0.48009).
P2: N=5, mean=0.2 (+/-0.391992).
Game Durations: N=10, mean=154 (+/-13.248067).
P1: N=5, mean=161.6 (+/-17.591665).
P2: N=5, mean=146.4 (+/-19.219604).
=====================================================
=====================================================
Completed 20 games.

Agent 1 (UCT)
Winning score (between 0 and 1) : N=20, mean=0.6 (+/-0.22028).
P1: N=10, mean=0.7 (+/-0.299389).
P2: N=10, mean=0.5 (+/-0.32666).
Game Durations: N=20, mean=158.8 (+/-8.571147).
P1: N=10, mean=154.6 (+/-12.601457).
P2: N=10, mean=163 (+/-11.675982).

Agent 2 (SHUCTAnyTime)
Winning score (between 0 and 1) : N=20, mean=0.4 (+/-0.22028).
P1: N=10, mean=0.5 (+/-0.32666).
P2: N=10, mean=0.3 (+/-0.299389).
Game Durations: N=20, mean=158.8 (+/-8.571147).
P1: N=10, mean=163 (+/-11.675982).
P2: N=10, mean=154.6 (+/-12.601457).
=====================================================
=====================================================
Completed 30 games.

Agent 1 (UCT)
Winning score (between 0 and 1) : N=30, mean=0.633333 (+/-0.175388).
P1: N=15, mean=0.666667 (+/-0.246932).
P2: N=15, mean=0.6 (+/-0.256619).
Game Durations: N=30, mean=158.933333 (+/-6.164316).
P1: N=15, mean=153.6 (+/-8.973107).
P2: N=15, mean=164.266667 (+/-7.829255).

Agent 2 (SHUCTAnyTime)
Winning score (between 0 and 1) : N=30, mean=0.366667 (+/-0.175388).
P1: N=15, mean=0.4 (+/-0.256619).
P2: N=15, mean=0.333333 (+/-0.246932).
Game Durations: N=30, mean=158.933333 (+/-6.164316).
P1: N=15, mean=164.266667 (+/-7.829255).
P2: N=15, mean=153.6 (+/-8.973107).
=====================================================
=====================================================
Completed 40 games.

Agent 1 (UCT)
Winning score (between 0 and 1) : N=40, mean=0.55 (+/-0.156136).
P1: N=20, mean=0.6 (+/-0.22028).
P2: N=20, mean=0.5 (+/-0.224823).
Game Durations: N=40, mean=159.2 (+/-5.281179).
P1: N=20, mean=156.2 (+/-7.436982).
P2: N=20, mean=162.2 (+/-7.453275).

Agent 2 (SHUCTAnyTime)
Winning score (between 0 and 1) : N=40, mean=0.45 (+/-0.156136).
P1: N=20, mean=0.5 (+/-0.224823).
P2: N=20, mean=0.4 (+/-0.22028).
Game Durations: N=40, mean=159.2 (+/-5.281179).
P1: N=20, mean=162.2 (+/-7.453275).
P2: N=20, mean=156.2 (+/-7.436982).
=====================================================
=====================================================
Completed 50 games.

Agent 1 (UCT)
Winning score (between 0 and 1) : N=50, mean=0.56 (+/-0.138986).
P1: N=25, mean=0.56 (+/-0.198592).
P2: N=25, mean=0.56 (+/-0.198592).
Game Durations: N=50, mean=157.24 (+/-5.460265).
P1: N=25, mean=154.88 (+/-7.28121).
P2: N=25, mean=159.6 (+/-8.181904).

Agent 2 (SHUCTAnyTime)
Winning score (between 0 and 1) : N=50, mean=0.44 (+/-0.138986).
P1: N=25, mean=0.44 (+/-0.198592).
P2: N=25, mean=0.44 (+/-0.198592).
Game Durations: N=50, mean=157.24 (+/-5.460265).
P1: N=25, mean=159.6 (+/-8.181904).
P2: N=25, mean=154.88 (+/-7.28121).
=====================================================
=====================================================
Completed 60 games.

Agent 1 (UCT)
Winning score (between 0 and 1) : N=60, mean=0.533333 (+/-0.127299).
P1: N=30, mean=0.566667 (+/-0.180353).
P2: N=30, mean=0.5 (+/-0.181978).
Game Durations: N=60, mean=158.066667 (+/-4.954818).
P1: N=30, mean=156.066667 (+/-6.714909).
P2: N=30, mean=160.066667 (+/-7.33105).

Agent 2 (SHUCTAnyTime)
Winning score (between 0 and 1) : N=60, mean=0.466667 (+/-0.127299).
P1: N=30, mean=0.5 (+/-0.181978).
P2: N=30, mean=0.433333 (+/-0.180353).
Game Durations: N=60, mean=158.066667 (+/-4.954818).
P1: N=30, mean=160.066667 (+/-7.33105).
P2: N=30, mean=156.066667 (+/-6.714909).
=====================================================
=====================================================
Completed 70 games.

Agent 1 (UCT)
Winning score (between 0 and 1) : N=70, mean=0.514286 (+/-0.117928).
P1: N=35, mean=0.542857 (+/-0.167447).
P2: N=35, mean=0.485714 (+/-0.167997).
Game Durations: N=70, mean=158.428571 (+/-4.448987).
P1: N=35, mean=157.771429 (+/-6.012392).
P2: N=35, mean=159.085714 (+/-6.640168).

Agent 2 (SHUCTAnyTime)
Winning score (between 0 and 1) : N=70, mean=0.485714 (+/-0.117928).
P1: N=35, mean=0.514286 (+/-0.167997).
P2: N=35, mean=0.457143 (+/-0.167447).
Game Durations: N=70, mean=158.428571 (+/-4.448987).
P1: N=35, mean=159.085714 (+/-6.640168).
P2: N=35, mean=157.771429 (+/-6.012392).
=====================================================
=====================================================
Completed 80 games.

Agent 1 (UCT)
Winning score (between 0 and 1) : N=80, mean=0.55 (+/-0.109704).
P1: N=40, mean=0.575 (+/-0.155147).
P2: N=40, mean=0.525 (+/-0.156726).
Game Durations: N=80, mean=158.2 (+/-4.018296).
P1: N=40, mean=158.05 (+/-5.436834).
P2: N=40, mean=158.35 (+/-5.987592).

Agent 2 (SHUCTAnyTime)
Winning score (between 0 and 1) : N=80, mean=0.45 (+/-0.109704).
P1: N=40, mean=0.475 (+/-0.156726).
P2: N=40, mean=0.425 (+/-0.155147).
Game Durations: N=80, mean=158.2 (+/-4.018296).
P1: N=40, mean=158.35 (+/-5.987592).
P2: N=40, mean=158.05 (+/-5.436834).
=====================================================
=====================================================
Completed 90 games.

Agent 1 (UCT)
Winning score (between 0 and 1) : N=90, mean=0.577778 (+/-0.102613).
P1: N=45, mean=0.577778 (+/-0.145939).
P2: N=45, mean=0.577778 (+/-0.145939).
Game Durations: N=90, mean=157.888889 (+/-3.798313).
P1: N=45, mean=158.577778 (+/-5.190237).
P2: N=45, mean=157.2 (+/-5.598488).

Agent 2 (SHUCTAnyTime)
Winning score (between 0 and 1) : N=90, mean=0.422222 (+/-0.102613).
P1: N=45, mean=0.422222 (+/-0.145939).
P2: N=45, mean=0.422222 (+/-0.145939).
Game Durations: N=90, mean=157.888889 (+/-3.798313).
P1: N=45, mean=157.2 (+/-5.598488).
P2: N=45, mean=158.577778 (+/-5.190237).
=====================================================
=====================================================
Completed 100 games.

Agent 1 (UCT)
Winning score (between 0 and 1) : N=100, mean=0.58 (+/-0.097223).
P1: N=50, mean=0.56 (+/-0.138986).
P2: N=50, mean=0.6 (+/-0.137169).
Game Durations: N=100, mean=157.8 (+/-3.583799).
P1: N=50, mean=158 (+/-4.88572).
P2: N=50, mean=157.6 (+/-5.293595).

Agent 2 (SHUCTAnyTime)
Winning score (between 0 and 1) : N=100, mean=0.42 (+/-0.097223).
P1: N=50, mean=0.4 (+/-0.137169).
P2: N=50, mean=0.44 (+/-0.138986).
Game Durations: N=100, mean=157.8 (+/-3.583799).
P1: N=50, mean=157.6 (+/-5.293595).
P2: N=50, mean=158 (+/-4.88572).
=====================================================
