Warming up...
Finished warming up!
=====================================================
Completed 1 games.

Agent 1 (SHUCTAnyTime)
Winning score (between 0 and 1) : N=1, mean=1 (+/-0).
P1: N=0, mean=0 (+/-0).
P2: N=1, mean=1 (+/-0).
Game Durations: N=1, mean=100 (+/-0).
P1: N=0, mean=0 (+/-0).
P2: N=1, mean=100 (+/-0).

Agent 2 (UCT)
Winning score (between 0 and 1) : N=1, mean=0 (+/-0).
P1: N=1, mean=0 (+/-0).
P2: N=0, mean=0 (+/-0).
Game Durations: N=1, mean=100 (+/-0).
P1: N=1, mean=100 (+/-0).
P2: N=0, mean=0 (+/-0).
=====================================================
=====================================================
Completed 2 games.

Agent 1 (SHUCTAnyTime)
Winning score (between 0 and 1) : N=2, mean=1 (+/-0).
P1: N=1, mean=1 (+/-0).
P2: N=1, mean=1 (+/-0).
Game Durations: N=2, mean=123 (+/-45.07908).
P1: N=1, mean=146 (+/-0).
P2: N=1, mean=100 (+/-0).

Agent 2 (UCT)
Winning score (between 0 and 1) : N=2, mean=0 (+/-0).
P1: N=1, mean=0 (+/-0).
P2: N=1, mean=0 (+/-0).
Game Durations: N=2, mean=123 (+/-45.07908).
P1: N=1, mean=100 (+/-0).
P2: N=1, mean=146 (+/-0).
=====================================================
=====================================================
Completed 3 games.

Agent 1 (SHUCTAnyTime)
Winning score (between 0 and 1) : N=3, mean=1 (+/-0).
P1: N=1, mean=1 (+/-0).
P2: N=2, mean=1 (+/-0).
Game Durations: N=3, mean=123.333333 (+/-26.034618).
P1: N=1, mean=146 (+/-0).
P2: N=2, mean=112 (+/-23.51952).

Agent 2 (UCT)
Winning score (between 0 and 1) : N=3, mean=0 (+/-0).
P1: N=2, mean=0 (+/-0).
P2: N=1, mean=0 (+/-0).
Game Durations: N=3, mean=123.333333 (+/-26.034618).
P1: N=2, mean=112 (+/-23.51952).
P2: N=1, mean=146 (+/-0).
=====================================================
=====================================================
Completed 4 games.

Agent 1 (SHUCTAnyTime)
Winning score (between 0 and 1) : N=4, mean=1 (+/-0).
P1: N=2, mean=1 (+/-0).
P2: N=2, mean=1 (+/-0).
Game Durations: N=4, mean=122 (+/-18.593813).
P1: N=2, mean=132 (+/-27.43944).
P2: N=2, mean=112 (+/-23.51952).

Agent 2 (UCT)
Winning score (between 0 and 1) : N=4, mean=0 (+/-0).
P1: N=2, mean=0 (+/-0).
P2: N=2, mean=0 (+/-0).
Game Durations: N=4, mean=122 (+/-18.593813).
P1: N=2, mean=112 (+/-23.51952).
P2: N=2, mean=132 (+/-27.43944).
=====================================================
=====================================================
Completed 5 games.

Agent 1 (SHUCTAnyTime)
Winning score (between 0 and 1) : N=5, mean=1 (+/-0).
P1: N=2, mean=1 (+/-0).
P2: N=3, mean=1 (+/-0).
Game Durations: N=5, mean=123.2 (+/-14.593478).
P1: N=2, mean=132 (+/-27.43944).
P2: N=3, mean=117.333333 (+/-17.136423).

Agent 2 (UCT)
Winning score (between 0 and 1) : N=5, mean=0 (+/-0).
P1: N=3, mean=0 (+/-0).
P2: N=2, mean=0 (+/-0).
Game Durations: N=5, mean=123.2 (+/-14.593478).
P1: N=3, mean=117.333333 (+/-17.136423).
P2: N=2, mean=132 (+/-27.43944).
=====================================================
=====================================================
Completed 10 games.

Agent 1 (SHUCTAnyTime)
Winning score (between 0 and 1) : N=10, mean=1 (+/-0).
P1: N=5, mean=1 (+/-0).
P2: N=5, mean=1 (+/-0).
Game Durations: N=10, mean=128.2 (+/-13.858394).
P1: N=5, mean=125.2 (+/-13.442525).
P2: N=5, mean=131.2 (+/-25.812011).

Agent 2 (UCT)
Winning score (between 0 and 1) : N=10, mean=0 (+/-0).
P1: N=5, mean=0 (+/-0).
P2: N=5, mean=0 (+/-0).
Game Durations: N=10, mean=128.2 (+/-13.858394).
P1: N=5, mean=131.2 (+/-25.812011).
P2: N=5, mean=125.2 (+/-13.442525).
=====================================================
=====================================================
Completed 20 games.

Agent 1 (SHUCTAnyTime)
Winning score (between 0 and 1) : N=20, mean=0.95 (+/-0.097998).
P1: N=10, mean=0.9 (+/-0.195996).
P2: N=10, mean=1 (+/-0).
Game Durations: N=20, mean=131.9 (+/-8.590351).
P1: N=10, mean=130.6 (+/-12.313652).
P2: N=10, mean=133.2 (+/-12.589936).

Agent 2 (UCT)
Winning score (between 0 and 1) : N=20, mean=0.05 (+/-0.097998).
P1: N=10, mean=0 (+/-0).
P2: N=10, mean=0.1 (+/-0.195996).
Game Durations: N=20, mean=131.9 (+/-8.590351).
P1: N=10, mean=133.2 (+/-12.589936).
P2: N=10, mean=130.6 (+/-12.313652).
=====================================================
=====================================================
Completed 30 games.

Agent 1 (SHUCTAnyTime)
Winning score (between 0 and 1) : N=30, mean=0.966667 (+/-0.065332).
P1: N=15, mean=0.933333 (+/-0.130664).
P2: N=15, mean=1 (+/-0).
Game Durations: N=30, mean=132.4 (+/-6.217569).
P1: N=15, mean=130.933333 (+/-8.713857).
P2: N=15, mean=133.866667 (+/-9.112819).

Agent 2 (UCT)
Winning score (between 0 and 1) : N=30, mean=0.033333 (+/-0.065332).
P1: N=15, mean=0 (+/-0).
P2: N=15, mean=0.066667 (+/-0.130664).
Game Durations: N=30, mean=132.4 (+/-6.217569).
P1: N=15, mean=133.866667 (+/-9.112819).
P2: N=15, mean=130.933333 (+/-8.713857).
=====================================================
=====================================================
Completed 40 games.

Agent 1 (SHUCTAnyTime)
Winning score (between 0 and 1) : N=40, mean=0.925 (+/-0.082664).
P1: N=20, mean=0.9 (+/-0.134894).
P2: N=20, mean=0.95 (+/-0.097998).
Game Durations: N=40, mean=134.65 (+/-5.767213).
P1: N=20, mean=132.2 (+/-8.187503).
P2: N=20, mean=137.1 (+/-8.190342).

Agent 2 (UCT)
Winning score (between 0 and 1) : N=40, mean=0.075 (+/-0.082664).
P1: N=20, mean=0.05 (+/-0.097998).
P2: N=20, mean=0.1 (+/-0.134894).
Game Durations: N=40, mean=134.65 (+/-5.767213).
P1: N=20, mean=137.1 (+/-8.190342).
P2: N=20, mean=132.2 (+/-8.187503).
=====================================================
=====================================================
Completed 50 games.

Agent 1 (SHUCTAnyTime)
Winning score (between 0 and 1) : N=50, mean=0.94 (+/-0.066495).
P1: N=25, mean=0.92 (+/-0.108538).
P2: N=25, mean=0.96 (+/-0.078398).
Game Durations: N=50, mean=136 (+/-4.78061).
P1: N=25, mean=134 (+/-6.875708).
P2: N=25, mean=138 (+/-6.690711).

Agent 2 (UCT)
Winning score (between 0 and 1) : N=50, mean=0.06 (+/-0.066495).
P1: N=25, mean=0.04 (+/-0.078398).
P2: N=25, mean=0.08 (+/-0.108538).
Game Durations: N=50, mean=136 (+/-4.78061).
P1: N=25, mean=138 (+/-6.690711).
P2: N=25, mean=134 (+/-6.875708).
=====================================================
=====================================================
Completed 60 games.

Agent 1 (SHUCTAnyTime)
Winning score (between 0 and 1) : N=60, mean=0.933333 (+/-0.063649).
P1: N=30, mean=0.933333 (+/-0.090786).
P2: N=30, mean=0.933333 (+/-0.090786).
Game Durations: N=60, mean=137.933333 (+/-4.610861).
P1: N=30, mean=136.4 (+/-6.169089).
P2: N=30, mean=139.466667 (+/-6.915621).

Agent 2 (UCT)
Winning score (between 0 and 1) : N=60, mean=0.066667 (+/-0.063649).
P1: N=30, mean=0.066667 (+/-0.090786).
P2: N=30, mean=0.066667 (+/-0.090786).
Game Durations: N=60, mean=137.933333 (+/-4.610861).
P1: N=30, mean=139.466667 (+/-6.915621).
P2: N=30, mean=136.4 (+/-6.169089).
=====================================================
=====================================================
Completed 70 games.

Agent 1 (SHUCTAnyTime)
Winning score (between 0 and 1) : N=70, mean=0.942857 (+/-0.054768).
P1: N=35, mean=0.942857 (+/-0.078021).
P2: N=35, mean=0.942857 (+/-0.078021).
Game Durations: N=70, mean=138.028571 (+/-4.295163).
P1: N=35, mean=135.714286 (+/-5.794477).
P2: N=35, mean=140.342857 (+/-6.331878).

Agent 2 (UCT)
Winning score (between 0 and 1) : N=70, mean=0.057143 (+/-0.054768).
P1: N=35, mean=0.057143 (+/-0.078021).
P2: N=35, mean=0.057143 (+/-0.078021).
Game Durations: N=70, mean=138.028571 (+/-4.295163).
P1: N=35, mean=140.342857 (+/-6.331878).
P2: N=35, mean=135.714286 (+/-5.794477).
=====================================================
=====================================================
Completed 80 games.

Agent 1 (SHUCTAnyTime)
Winning score (between 0 and 1) : N=80, mean=0.9375 (+/-0.053378).
P1: N=40, mean=0.95 (+/-0.068401).
P2: N=40, mean=0.925 (+/-0.082664).
Game Durations: N=80, mean=138.225 (+/-4.063059).
P1: N=40, mean=136.1 (+/-5.249658).
P2: N=40, mean=140.35 (+/-6.199348).

Agent 2 (UCT)
Winning score (between 0 and 1) : N=80, mean=0.0625 (+/-0.053378).
P1: N=40, mean=0.075 (+/-0.082664).
P2: N=40, mean=0.05 (+/-0.068401).
Game Durations: N=80, mean=138.225 (+/-4.063059).
P1: N=40, mean=140.35 (+/-6.199348).
P2: N=40, mean=136.1 (+/-5.249658).
=====================================================
=====================================================
Completed 90 games.

Agent 1 (SHUCTAnyTime)
Winning score (between 0 and 1) : N=90, mean=0.944444 (+/-0.047589).
P1: N=45, mean=0.955556 (+/-0.060892).
P2: N=45, mean=0.933333 (+/-0.073704).
Game Durations: N=90, mean=138.133333 (+/-3.786901).
P1: N=45, mean=135.777778 (+/-4.794791).
P2: N=45, mean=140.488889 (+/-5.835705).

Agent 2 (UCT)
Winning score (between 0 and 1) : N=90, mean=0.055556 (+/-0.047589).
P1: N=45, mean=0.066667 (+/-0.073704).
P2: N=45, mean=0.044444 (+/-0.060892).
Game Durations: N=90, mean=138.133333 (+/-3.786901).
P1: N=45, mean=140.488889 (+/-5.835705).
P2: N=45, mean=135.777778 (+/-4.794791).
=====================================================
=====================================================
Completed 100 games.

Agent 1 (SHUCTAnyTime)
Winning score (between 0 and 1) : N=100, mean=0.95 (+/-0.042932).
P1: N=50, mean=0.96 (+/-0.054867).
P2: N=50, mean=0.94 (+/-0.066495).
Game Durations: N=100, mean=138.86 (+/-3.475517).
P1: N=50, mean=136.64 (+/-4.419924).
P2: N=50, mean=141.08 (+/-5.338674).

Agent 2 (UCT)
Winning score (between 0 and 1) : N=100, mean=0.05 (+/-0.042932).
P1: N=50, mean=0.06 (+/-0.066495).
P2: N=50, mean=0.04 (+/-0.054867).
Game Durations: N=100, mean=138.86 (+/-3.475517).
P1: N=50, mean=141.08 (+/-5.338674).
P2: N=50, mean=136.64 (+/-4.419924).
=====================================================
