Warming up...
Finished warming up!
=====================================================
Completed 1 games.

Agent 1 (SHUCTAnyTime)
Winning score (between 0 and 1) : N=1, mean=0 (+/-0).
P1: N=0, mean=0 (+/-0).
P2: N=1, mean=0 (+/-0).
Game Durations: N=1, mean=170 (+/-0).
P1: N=0, mean=0 (+/-0).
P2: N=1, mean=170 (+/-0).

Agent 2 (UCT)
Winning score (between 0 and 1) : N=1, mean=1 (+/-0).
P1: N=1, mean=1 (+/-0).
P2: N=0, mean=0 (+/-0).
Game Durations: N=1, mean=170 (+/-0).
P1: N=1, mean=170 (+/-0).
P2: N=0, mean=0 (+/-0).
=====================================================
=====================================================
Completed 2 games.

Agent 1 (SHUCTAnyTime)
Winning score (between 0 and 1) : N=2, mean=0.5 (+/-0.97998).
P1: N=1, mean=1 (+/-0).
P2: N=1, mean=0 (+/-0).
Game Durations: N=2, mean=150 (+/-39.1992).
P1: N=1, mean=130 (+/-0).
P2: N=1, mean=170 (+/-0).

Agent 2 (UCT)
Winning score (between 0 and 1) : N=2, mean=0.5 (+/-0.97998).
P1: N=1, mean=1 (+/-0).
P2: N=1, mean=0 (+/-0).
Game Durations: N=2, mean=150 (+/-39.1992).
P1: N=1, mean=170 (+/-0).
P2: N=1, mean=130 (+/-0).
=====================================================
=====================================================
Completed 3 games.

Agent 1 (SHUCTAnyTime)
Winning score (between 0 and 1) : N=3, mean=0.666667 (+/-0.65332).
P1: N=1, mean=1 (+/-0).
P2: N=2, mean=0.5 (+/-0.97998).
Game Durations: N=3, mean=154.666667 (+/-24.41005).
P1: N=1, mean=130 (+/-0).
P2: N=2, mean=167 (+/-5.87988).

Agent 2 (UCT)
Winning score (between 0 and 1) : N=3, mean=0.333333 (+/-0.65332).
P1: N=2, mean=0.5 (+/-0.97998).
P2: N=1, mean=0 (+/-0).
Game Durations: N=3, mean=154.666667 (+/-24.41005).
P1: N=2, mean=167 (+/-5.87988).
P2: N=1, mean=130 (+/-0).
=====================================================
=====================================================
Completed 4 games.

Agent 1 (SHUCTAnyTime)
Winning score (between 0 and 1) : N=4, mean=0.5 (+/-0.565792).
P1: N=2, mean=0.5 (+/-0.97998).
P2: N=2, mean=0.5 (+/-0.97998).
Game Durations: N=4, mean=157 (+/-17.856085).
P1: N=2, mean=147 (+/-33.31932).
P2: N=2, mean=167 (+/-5.87988).

Agent 2 (UCT)
Winning score (between 0 and 1) : N=4, mean=0.5 (+/-0.565792).
P1: N=2, mean=0.5 (+/-0.97998).
P2: N=2, mean=0.5 (+/-0.97998).
Game Durations: N=4, mean=157 (+/-17.856085).
P1: N=2, mean=167 (+/-5.87988).
P2: N=2, mean=147 (+/-33.31932).
=====================================================
=====================================================
Completed 5 games.

Agent 1 (SHUCTAnyTime)
Winning score (between 0 and 1) : N=5, mean=0.4 (+/-0.48009).
P1: N=2, mean=0.5 (+/-0.97998).
P2: N=3, mean=0.333333 (+/-0.65332).
Game Durations: N=5, mean=154 (+/-15.0292).
P1: N=2, mean=147 (+/-33.31932).
P2: N=3, mean=158.666667 (+/-16.682063).

Agent 2 (UCT)
Winning score (between 0 and 1) : N=5, mean=0.6 (+/-0.48009).
P1: N=3, mean=0.666667 (+/-0.65332).
P2: N=2, mean=0.5 (+/-0.97998).
Game Durations: N=5, mean=154 (+/-15.0292).
P1: N=3, mean=158.666667 (+/-16.682063).
P2: N=2, mean=147 (+/-33.31932).
=====================================================
=====================================================
Completed 10 games.

Agent 1 (SHUCTAnyTime)
Winning score (between 0 and 1) : N=10, mean=0.6 (+/-0.32006).
P1: N=5, mean=0.6 (+/-0.48009).
P2: N=5, mean=0.6 (+/-0.48009).
Game Durations: N=10, mean=149.4 (+/-10.289323).
P1: N=5, mean=146 (+/-16.304229).
P2: N=5, mean=152.8 (+/-13.725319).

Agent 2 (UCT)
Winning score (between 0 and 1) : N=10, mean=0.4 (+/-0.32006).
P1: N=5, mean=0.4 (+/-0.48009).
P2: N=5, mean=0.4 (+/-0.48009).
Game Durations: N=10, mean=149.4 (+/-10.289323).
P1: N=5, mean=152.8 (+/-13.725319).
P2: N=5, mean=146 (+/-16.304229).
=====================================================
=====================================================
Completed 20 games.

Agent 1 (SHUCTAnyTime)
Winning score (between 0 and 1) : N=20, mean=0.45 (+/-0.223696).
P1: N=10, mean=0.5 (+/-0.32666).
P2: N=10, mean=0.4 (+/-0.32006).
Game Durations: N=20, mean=153.5 (+/-8.454654).
P1: N=10, mean=144.2 (+/-11.664278).
P2: N=10, mean=162.8 (+/-9.587568).

Agent 2 (UCT)
Winning score (between 0 and 1) : N=20, mean=0.55 (+/-0.223696).
P1: N=10, mean=0.6 (+/-0.32006).
P2: N=10, mean=0.5 (+/-0.32666).
Game Durations: N=20, mean=153.5 (+/-8.454654).
P1: N=10, mean=162.8 (+/-9.587568).
P2: N=10, mean=144.2 (+/-11.664278).
=====================================================
=====================================================
Completed 30 games.

Agent 1 (SHUCTAnyTime)
Winning score (between 0 and 1) : N=30, mean=0.5 (+/-0.181978).
P1: N=15, mean=0.6 (+/-0.256619).
P2: N=15, mean=0.4 (+/-0.256619).
Game Durations: N=30, mean=154.266667 (+/-6.300343).
P1: N=15, mean=144.666667 (+/-8.16594).
P2: N=15, mean=163.866667 (+/-6.869497).

Agent 2 (UCT)
Winning score (between 0 and 1) : N=30, mean=0.5 (+/-0.181978).
P1: N=15, mean=0.6 (+/-0.256619).
P2: N=15, mean=0.4 (+/-0.256619).
Game Durations: N=30, mean=154.266667 (+/-6.300343).
P1: N=15, mean=163.866667 (+/-6.869497).
P2: N=15, mean=144.666667 (+/-8.16594).
=====================================================
=====================================================
Completed 40 games.

Agent 1 (SHUCTAnyTime)
Winning score (between 0 and 1) : N=40, mean=0.45 (+/-0.156136).
P1: N=20, mean=0.55 (+/-0.223696).
P2: N=20, mean=0.35 (+/-0.214467).
Game Durations: N=40, mean=153.4 (+/-5.37069).
P1: N=20, mean=145.1 (+/-7.3965).
P2: N=20, mean=161.7 (+/-5.987383).

Agent 2 (UCT)
Winning score (between 0 and 1) : N=40, mean=0.55 (+/-0.156136).
P1: N=20, mean=0.65 (+/-0.214467).
P2: N=20, mean=0.45 (+/-0.223696).
Game Durations: N=40, mean=153.4 (+/-5.37069).
P1: N=20, mean=161.7 (+/-5.987383).
P2: N=20, mean=145.1 (+/-7.3965).
=====================================================
=====================================================
Completed 50 games.

Agent 1 (SHUCTAnyTime)
Winning score (between 0 and 1) : N=50, mean=0.48 (+/-0.139885).
P1: N=25, mean=0.56 (+/-0.198592).
P2: N=25, mean=0.4 (+/-0.195996).
Game Durations: N=50, mean=154.52 (+/-4.58618).
P1: N=25, mean=147.04 (+/-6.637371).
P2: N=25, mean=162 (+/-4.890745).

Agent 2 (UCT)
Winning score (between 0 and 1) : N=50, mean=0.52 (+/-0.139885).
P1: N=25, mean=0.6 (+/-0.195996).
P2: N=25, mean=0.44 (+/-0.198592).
Game Durations: N=50, mean=154.52 (+/-4.58618).
P1: N=25, mean=162 (+/-4.890745).
P2: N=25, mean=147.04 (+/-6.637371).
=====================================================
=====================================================
Completed 60 games.

Agent 1 (SHUCTAnyTime)
Winning score (between 0 and 1) : N=60, mean=0.466667 (+/-0.127299).
P1: N=30, mean=0.533333 (+/-0.181573).
P2: N=30, mean=0.4 (+/-0.178301).
Game Durations: N=60, mean=155 (+/-4.189165).
P1: N=30, mean=150.666667 (+/-6.525085).
P2: N=30, mean=159.333333 (+/-4.88418).

Agent 2 (UCT)
Winning score (between 0 and 1) : N=60, mean=0.533333 (+/-0.127299).
P1: N=30, mean=0.6 (+/-0.178301).
P2: N=30, mean=0.466667 (+/-0.181573).
Game Durations: N=60, mean=155 (+/-4.189165).
P1: N=30, mean=159.333333 (+/-4.88418).
P2: N=30, mean=150.666667 (+/-6.525085).
=====================================================
=====================================================
Completed 70 games.

Agent 1 (SHUCTAnyTime)
Winning score (between 0 and 1) : N=70, mean=0.457143 (+/-0.117542).
P1: N=35, mean=0.514286 (+/-0.167997).
P2: N=35, mean=0.4 (+/-0.16467).
Game Durations: N=70, mean=154.657143 (+/-3.96087).
P1: N=35, mean=150.628571 (+/-6.200586).
P2: N=35, mean=158.685714 (+/-4.643518).

Agent 2 (UCT)
Winning score (between 0 and 1) : N=70, mean=0.542857 (+/-0.117542).
P1: N=35, mean=0.6 (+/-0.16467).
P2: N=35, mean=0.485714 (+/-0.167997).
Game Durations: N=70, mean=154.657143 (+/-3.96087).
P1: N=35, mean=158.685714 (+/-4.643518).
P2: N=35, mean=150.628571 (+/-6.200586).
=====================================================
=====================================================
Completed 80 games.

Agent 1 (SHUCTAnyTime)
Winning score (between 0 and 1) : N=80, mean=0.5 (+/-0.110256).
P1: N=40, mean=0.525 (+/-0.156726).
P2: N=40, mean=0.475 (+/-0.156726).
Game Durations: N=80, mean=154.75 (+/-3.57433).
P1: N=40, mean=150.25 (+/-5.552814).
P2: N=40, mean=159.25 (+/-4.115288).

Agent 2 (UCT)
Winning score (between 0 and 1) : N=80, mean=0.5 (+/-0.110256).
P1: N=40, mean=0.525 (+/-0.156726).
P2: N=40, mean=0.475 (+/-0.156726).
Game Durations: N=80, mean=154.75 (+/-3.57433).
P1: N=40, mean=159.25 (+/-4.115288).
P2: N=40, mean=150.25 (+/-5.552814).
=====================================================
=====================================================
Completed 90 games.

Agent 1 (SHUCTAnyTime)
Winning score (between 0 and 1) : N=90, mean=0.5 (+/-0.103878).
P1: N=45, mean=0.533333 (+/-0.147409).
P2: N=45, mean=0.466667 (+/-0.147409).
Game Durations: N=90, mean=154.977778 (+/-3.297574).
P1: N=45, mean=151.644444 (+/-5.138645).
P2: N=45, mean=158.311111 (+/-3.955308).

Agent 2 (UCT)
Winning score (between 0 and 1) : N=90, mean=0.5 (+/-0.103878).
P1: N=45, mean=0.533333 (+/-0.147409).
P2: N=45, mean=0.466667 (+/-0.147409).
Game Durations: N=90, mean=154.977778 (+/-3.297574).
P1: N=45, mean=158.311111 (+/-3.955308).
P2: N=45, mean=151.644444 (+/-5.138645).
=====================================================
=====================================================
Completed 100 games.

Agent 1 (SHUCTAnyTime)
Winning score (between 0 and 1) : N=100, mean=0.5 (+/-0.098492).
P1: N=50, mean=0.56 (+/-0.138986).
P2: N=50, mean=0.44 (+/-0.138986).
Game Durations: N=100, mean=154.68 (+/-3.146914).
P1: N=50, mean=151.52 (+/-4.938782).
P2: N=50, mean=157.84 (+/-3.749566).

Agent 2 (UCT)
Winning score (between 0 and 1) : N=100, mean=0.5 (+/-0.098492).
P1: N=50, mean=0.56 (+/-0.138986).
P2: N=50, mean=0.44 (+/-0.138986).
Game Durations: N=100, mean=154.68 (+/-3.146914).
P1: N=50, mean=157.84 (+/-3.749566).
P2: N=50, mean=151.52 (+/-4.938782).
=====================================================
