Warming up...
Finished warming up!
=====================================================
Completed 1 games.

Agent 1 (SHUCT)
Winning score (between 0 and 1) : N=1, mean=1 (+/-0).
P1: N=0, mean=0 (+/-0).
P2: N=1, mean=1 (+/-0).
Game Durations: N=1, mean=34 (+/-0).
P1: N=0, mean=0 (+/-0).
P2: N=1, mean=34 (+/-0).

Agent 2 (UCT)
Winning score (between 0 and 1) : N=1, mean=0 (+/-0).
P1: N=1, mean=0 (+/-0).
P2: N=0, mean=0 (+/-0).
Game Durations: N=1, mean=34 (+/-0).
P1: N=1, mean=34 (+/-0).
P2: N=0, mean=0 (+/-0).
=====================================================
=====================================================
Completed 2 games.

Agent 1 (SHUCT)
Winning score (between 0 and 1) : N=2, mean=0.5 (+/-0.97998).
P1: N=1, mean=0 (+/-0).
P2: N=1, mean=1 (+/-0).
Game Durations: N=2, mean=34 (+/-0).
P1: N=1, mean=34 (+/-0).
P2: N=1, mean=34 (+/-0).

Agent 2 (UCT)
Winning score (between 0 and 1) : N=2, mean=0.5 (+/-0.97998).
P1: N=1, mean=0 (+/-0).
P2: N=1, mean=1 (+/-0).
Game Durations: N=2, mean=34 (+/-0).
P1: N=1, mean=34 (+/-0).
P2: N=1, mean=34 (+/-0).
=====================================================
=====================================================
Completed 3 games.

Agent 1 (SHUCT)
Winning score (between 0 and 1) : N=3, mean=0.666667 (+/-0.65332).
P1: N=1, mean=0 (+/-0).
P2: N=2, mean=1 (+/-0).
Game Durations: N=3, mean=34 (+/-0).
P1: N=1, mean=34 (+/-0).
P2: N=2, mean=34 (+/-0).

Agent 2 (UCT)
Winning score (between 0 and 1) : N=3, mean=0.333333 (+/-0.65332).
P1: N=2, mean=0 (+/-0).
P2: N=1, mean=1 (+/-0).
Game Durations: N=3, mean=34 (+/-0).
P1: N=2, mean=34 (+/-0).
P2: N=1, mean=34 (+/-0).
=====================================================
=====================================================
Completed 4 games.

Agent 1 (SHUCT)
Winning score (between 0 and 1) : N=4, mean=0.75 (+/-0.48999).
P1: N=2, mean=0.5 (+/-0.97998).
P2: N=2, mean=1 (+/-0).
Game Durations: N=4, mean=34.25 (+/-0.48999).
P1: N=2, mean=34.5 (+/-0.97998).
P2: N=2, mean=34 (+/-0).

Agent 2 (UCT)
Winning score (between 0 and 1) : N=4, mean=0.25 (+/-0.48999).
P1: N=2, mean=0 (+/-0).
P2: N=2, mean=0.5 (+/-0.97998).
Game Durations: N=4, mean=34.25 (+/-0.48999).
P1: N=2, mean=34 (+/-0).
P2: N=2, mean=34.5 (+/-0.97998).
=====================================================
=====================================================
Completed 5 games.

Agent 1 (SHUCT)
Winning score (between 0 and 1) : N=5, mean=0.6 (+/-0.48009).
P1: N=2, mean=0.5 (+/-0.97998).
P2: N=3, mean=0.666667 (+/-0.65332).
Game Durations: N=5, mean=35.2 (+/-1.900252).
P1: N=2, mean=34.5 (+/-0.97998).
P2: N=3, mean=35.666667 (+/-3.2666).

Agent 2 (UCT)
Winning score (between 0 and 1) : N=5, mean=0.4 (+/-0.48009).
P1: N=3, mean=0.333333 (+/-0.65332).
P2: N=2, mean=0.5 (+/-0.97998).
Game Durations: N=5, mean=35.2 (+/-1.900252).
P1: N=3, mean=35.666667 (+/-3.2666).
P2: N=2, mean=34.5 (+/-0.97998).
=====================================================
=====================================================
Completed 10 games.

Agent 1 (SHUCT)
Winning score (between 0 and 1) : N=10, mean=0.7 (+/-0.299389).
P1: N=5, mean=0.8 (+/-0.391992).
P2: N=5, mean=0.6 (+/-0.48009).
Game Durations: N=10, mean=34.4 (+/-1.313157).
P1: N=5, mean=34 (+/-0.876521).
P2: N=5, mean=34.8 (+/-2.585365).

Agent 2 (UCT)
Winning score (between 0 and 1) : N=10, mean=0.3 (+/-0.299389).
P1: N=5, mean=0.4 (+/-0.48009).
P2: N=5, mean=0.2 (+/-0.391992).
Game Durations: N=10, mean=34.4 (+/-1.313157).
P1: N=5, mean=34.8 (+/-2.585365).
P2: N=5, mean=34 (+/-0.876521).
=====================================================
=====================================================
Completed 20 games.

Agent 1 (SHUCT)
Winning score (between 0 and 1) : N=20, mean=0.65 (+/-0.214467).
P1: N=10, mean=0.8 (+/-0.261328).
P2: N=10, mean=0.5 (+/-0.32666).
Game Durations: N=20, mean=33.65 (+/-1.018177).
P1: N=10, mean=33 (+/-1.460868).
P2: N=10, mean=34.3 (+/-1.371972).

Agent 2 (UCT)
Winning score (between 0 and 1) : N=20, mean=0.35 (+/-0.214467).
P1: N=10, mean=0.5 (+/-0.32666).
P2: N=10, mean=0.2 (+/-0.261328).
Game Durations: N=20, mean=33.65 (+/-1.018177).
P1: N=10, mean=34.3 (+/-1.371972).
P2: N=10, mean=33 (+/-1.460868).
=====================================================
=====================================================
Completed 30 games.

Agent 1 (SHUCT)
Winning score (between 0 and 1) : N=30, mean=0.6 (+/-0.178301).
P1: N=15, mean=0.733333 (+/-0.231643).
P2: N=15, mean=0.466667 (+/-0.261328).
Game Durations: N=30, mean=33.766667 (+/-0.854499).
P1: N=15, mean=33.266667 (+/-1.289731).
P2: N=15, mean=34.266667 (+/-1.106519).

Agent 2 (UCT)
Winning score (between 0 and 1) : N=30, mean=0.4 (+/-0.178301).
P1: N=15, mean=0.533333 (+/-0.261328).
P2: N=15, mean=0.266667 (+/-0.231643).
Game Durations: N=30, mean=33.766667 (+/-0.854499).
P1: N=15, mean=34.266667 (+/-1.106519).
P2: N=15, mean=33.266667 (+/-1.289731).
=====================================================
=====================================================
Completed 40 games.

Agent 1 (SHUCT)
Winning score (between 0 and 1) : N=40, mean=0.65 (+/-0.149694).
P1: N=20, mean=0.75 (+/-0.194702).
P2: N=20, mean=0.55 (+/-0.223696).
Game Durations: N=40, mean=33.5 (+/-0.739369).
P1: N=20, mean=33.05 (+/-1.176621).
P2: N=20, mean=33.95 (+/-0.881982).

Agent 2 (UCT)
Winning score (between 0 and 1) : N=40, mean=0.35 (+/-0.149694).
P1: N=20, mean=0.45 (+/-0.223696).
P2: N=20, mean=0.25 (+/-0.194702).
Game Durations: N=40, mean=33.5 (+/-0.739369).
P1: N=20, mean=33.95 (+/-0.881982).
P2: N=20, mean=33.05 (+/-1.176621).
=====================================================
=====================================================
Completed 50 games.

Agent 1 (SHUCT)
Winning score (between 0 and 1) : N=50, mean=0.6 (+/-0.137169).
P1: N=25, mean=0.68 (+/-0.186626).
P2: N=25, mean=0.52 (+/-0.199877).
Game Durations: N=50, mean=33.42 (+/-0.633777).
P1: N=25, mean=33.08 (+/-0.998875).
P2: N=25, mean=33.76 (+/-0.778082).

Agent 2 (UCT)
Winning score (between 0 and 1) : N=50, mean=0.4 (+/-0.137169).
P1: N=25, mean=0.48 (+/-0.199877).
P2: N=25, mean=0.32 (+/-0.186626).
Game Durations: N=50, mean=33.42 (+/-0.633777).
P1: N=25, mean=33.76 (+/-0.778082).
P2: N=25, mean=33.08 (+/-0.998875).
=====================================================
=====================================================
Completed 60 games.

Agent 1 (SHUCT)
Winning score (between 0 and 1) : N=60, mean=0.616667 (+/-0.124061).
P1: N=30, mean=0.7 (+/-0.166785).
P2: N=30, mean=0.533333 (+/-0.181573).
Game Durations: N=60, mean=33.616667 (+/-0.583898).
P1: N=30, mean=33.3 (+/-0.877276).
P2: N=30, mean=33.933333 (+/-0.768818).

Agent 2 (UCT)
Winning score (between 0 and 1) : N=60, mean=0.383333 (+/-0.124061).
P1: N=30, mean=0.466667 (+/-0.181573).
P2: N=30, mean=0.3 (+/-0.166785).
Game Durations: N=60, mean=33.616667 (+/-0.583898).
P1: N=30, mean=33.933333 (+/-0.768818).
P2: N=30, mean=33.3 (+/-0.877276).
=====================================================
=====================================================
Completed 70 games.

Agent 1 (SHUCT)
Winning score (between 0 and 1) : N=70, mean=0.628571 (+/-0.114009).
P1: N=35, mean=0.685714 (+/-0.156042).
P2: N=35, mean=0.571429 (+/-0.166341).
Game Durations: N=70, mean=33.7 (+/-0.547358).
P1: N=35, mean=33.371429 (+/-0.799824).
P2: N=35, mean=34.028571 (+/-0.742909).

Agent 2 (UCT)
Winning score (between 0 and 1) : N=70, mean=0.371429 (+/-0.114009).
P1: N=35, mean=0.428571 (+/-0.166341).
P2: N=35, mean=0.314286 (+/-0.156042).
Game Durations: N=70, mean=33.7 (+/-0.547358).
P1: N=35, mean=34.028571 (+/-0.742909).
P2: N=35, mean=33.371429 (+/-0.799824).
=====================================================
=====================================================
Completed 80 games.

Agent 1 (SHUCT)
Winning score (between 0 and 1) : N=80, mean=0.6 (+/-0.108029).
P1: N=40, mean=0.65 (+/-0.149694).
P2: N=40, mean=0.55 (+/-0.156136).
Game Durations: N=80, mean=33.75 (+/-0.539581).
P1: N=40, mean=33.45 (+/-0.73251).
P2: N=40, mean=34.05 (+/-0.790708).

Agent 2 (UCT)
Winning score (between 0 and 1) : N=80, mean=0.4 (+/-0.108029).
P1: N=40, mean=0.45 (+/-0.156136).
P2: N=40, mean=0.35 (+/-0.149694).
Game Durations: N=80, mean=33.75 (+/-0.539581).
P1: N=40, mean=34.05 (+/-0.790708).
P2: N=40, mean=33.45 (+/-0.73251).
=====================================================
=====================================================
Completed 90 games.

Agent 1 (SHUCT)
Winning score (between 0 and 1) : N=90, mean=0.577778 (+/-0.102613).
P1: N=45, mean=0.622222 (+/-0.143256).
P2: N=45, mean=0.533333 (+/-0.147409).
Game Durations: N=90, mean=33.855556 (+/-0.493159).
P1: N=45, mean=33.688889 (+/-0.681865).
P2: N=45, mean=34.022222 (+/-0.717).

Agent 2 (UCT)
Winning score (between 0 and 1) : N=90, mean=0.422222 (+/-0.102613).
P1: N=45, mean=0.466667 (+/-0.147409).
P2: N=45, mean=0.377778 (+/-0.143256).
Game Durations: N=90, mean=33.855556 (+/-0.493159).
P1: N=45, mean=34.022222 (+/-0.717).
P2: N=45, mean=33.688889 (+/-0.681865).
=====================================================
=====================================================
Completed 100 games.

Agent 1 (SHUCT)
Winning score (between 0 and 1) : N=100, mean=0.56 (+/-0.09778).
P1: N=50, mean=0.58 (+/-0.138194).
P2: N=50, mean=0.54 (+/-0.139548).
Game Durations: N=100, mean=33.92 (+/-0.475771).
P1: N=50, mean=33.78 (+/-0.684218).
P2: N=50, mean=34.06 (+/-0.665916).

Agent 2 (UCT)
Winning score (between 0 and 1) : N=100, mean=0.44 (+/-0.09778).
P1: N=50, mean=0.46 (+/-0.139548).
P2: N=50, mean=0.42 (+/-0.138194).
Game Durations: N=100, mean=33.92 (+/-0.475771).
P1: N=50, mean=34.06 (+/-0.665916).
P2: N=50, mean=33.78 (+/-0.684218).
=====================================================
