Warming up...
Finished warming up!
=====================================================
Completed 1 games.

Agent 1 (SHUCT)
Winning score (between 0 and 1) : N=1, mean=1 (+/-0).
P1: N=0, mean=0 (+/-0).
P2: N=1, mean=1 (+/-0).
Game Durations: N=1, mean=32 (+/-0).
P1: N=0, mean=0 (+/-0).
P2: N=1, mean=32 (+/-0).

Agent 2 (UCT)
Winning score (between 0 and 1) : N=1, mean=0 (+/-0).
P1: N=1, mean=0 (+/-0).
P2: N=0, mean=0 (+/-0).
Game Durations: N=1, mean=32 (+/-0).
P1: N=1, mean=32 (+/-0).
P2: N=0, mean=0 (+/-0).
=====================================================
=====================================================
Completed 2 games.

Agent 1 (SHUCT)
Winning score (between 0 and 1) : N=2, mean=1 (+/-0).
P1: N=1, mean=1 (+/-0).
P2: N=1, mean=1 (+/-0).
Game Durations: N=2, mean=32.5 (+/-0.97998).
P1: N=1, mean=33 (+/-0).
P2: N=1, mean=32 (+/-0).

Agent 2 (UCT)
Winning score (between 0 and 1) : N=2, mean=0 (+/-0).
P1: N=1, mean=0 (+/-0).
P2: N=1, mean=0 (+/-0).
Game Durations: N=2, mean=32.5 (+/-0.97998).
P1: N=1, mean=32 (+/-0).
P2: N=1, mean=33 (+/-0).
=====================================================
=====================================================
Completed 3 games.

Agent 1 (SHUCT)
Winning score (between 0 and 1) : N=3, mean=0.666667 (+/-0.65332).
P1: N=1, mean=1 (+/-0).
P2: N=2, mean=0.5 (+/-0.97998).
Game Durations: N=3, mean=32.666667 (+/-0.65332).
P1: N=1, mean=33 (+/-0).
P2: N=2, mean=32.5 (+/-0.97998).

Agent 2 (UCT)
Winning score (between 0 and 1) : N=3, mean=0.333333 (+/-0.65332).
P1: N=2, mean=0.5 (+/-0.97998).
P2: N=1, mean=0 (+/-0).
Game Durations: N=3, mean=32.666667 (+/-0.65332).
P1: N=2, mean=32.5 (+/-0.97998).
P2: N=1, mean=33 (+/-0).
=====================================================
=====================================================
Completed 4 games.

Agent 1 (SHUCT)
Winning score (between 0 and 1) : N=4, mean=0.75 (+/-0.48999).
P1: N=2, mean=1 (+/-0).
P2: N=2, mean=0.5 (+/-0.97998).
Game Durations: N=4, mean=32.25 (+/-0.938259).
P1: N=2, mean=32 (+/-1.95996).
P2: N=2, mean=32.5 (+/-0.97998).

Agent 2 (UCT)
Winning score (between 0 and 1) : N=4, mean=0.25 (+/-0.48999).
P1: N=2, mean=0.5 (+/-0.97998).
P2: N=2, mean=0 (+/-0).
Game Durations: N=4, mean=32.25 (+/-0.938259).
P1: N=2, mean=32.5 (+/-0.97998).
P2: N=2, mean=32 (+/-1.95996).
=====================================================
=====================================================
Completed 5 games.

Agent 1 (SHUCT)
Winning score (between 0 and 1) : N=5, mean=0.8 (+/-0.391992).
P1: N=2, mean=1 (+/-0).
P2: N=3, mean=0.666667 (+/-0.65332).
Game Durations: N=5, mean=32.6 (+/-0.999387).
P1: N=2, mean=32 (+/-1.95996).
P2: N=3, mean=33 (+/-1.131583).

Agent 2 (UCT)
Winning score (between 0 and 1) : N=5, mean=0.2 (+/-0.391992).
P1: N=3, mean=0.333333 (+/-0.65332).
P2: N=2, mean=0 (+/-0).
Game Durations: N=5, mean=32.6 (+/-0.999387).
P1: N=3, mean=33 (+/-1.131583).
P2: N=2, mean=32 (+/-1.95996).
=====================================================
=====================================================
Completed 10 games.

Agent 1 (SHUCT)
Winning score (between 0 and 1) : N=10, mean=0.7 (+/-0.299389).
P1: N=5, mean=1 (+/-0).
P2: N=5, mean=0.4 (+/-0.48009).
Game Durations: N=10, mean=33 (+/-1.053447).
P1: N=5, mean=33 (+/-1.753042).
P2: N=5, mean=33 (+/-1.385901).

Agent 2 (UCT)
Winning score (between 0 and 1) : N=10, mean=0.3 (+/-0.299389).
P1: N=5, mean=0.6 (+/-0.48009).
P2: N=5, mean=0 (+/-0).
Game Durations: N=10, mean=33 (+/-1.053447).
P1: N=5, mean=33 (+/-1.385901).
P2: N=5, mean=33 (+/-1.753042).
=====================================================
=====================================================
Completed 20 games.

Agent 1 (SHUCT)
Winning score (between 0 and 1) : N=20, mean=0.8 (+/-0.179858).
P1: N=10, mean=1 (+/-0).
P2: N=10, mean=0.6 (+/-0.32006).
Game Durations: N=20, mean=32.5 (+/-0.785272).
P1: N=10, mean=33 (+/-1.012119).
P2: N=10, mean=32 (+/-1.168694).

Agent 2 (UCT)
Winning score (between 0 and 1) : N=20, mean=0.2 (+/-0.179858).
P1: N=10, mean=0.4 (+/-0.32006).
P2: N=10, mean=0 (+/-0).
Game Durations: N=20, mean=32.5 (+/-0.785272).
P1: N=10, mean=32 (+/-1.168694).
P2: N=10, mean=33 (+/-1.012119).
=====================================================
=====================================================
Completed 30 games.

Agent 1 (SHUCT)
Winning score (between 0 and 1) : N=30, mean=0.833333 (+/-0.135638).
P1: N=15, mean=0.933333 (+/-0.130664).
P2: N=15, mean=0.733333 (+/-0.231643).
Game Durations: N=30, mean=32.666667 (+/-0.71773).
P1: N=15, mean=32.933333 (+/-0.865319).
P2: N=15, mean=32.4 (+/-1.160316).

Agent 2 (UCT)
Winning score (between 0 and 1) : N=30, mean=0.166667 (+/-0.135638).
P1: N=15, mean=0.266667 (+/-0.231643).
P2: N=15, mean=0.066667 (+/-0.130664).
Game Durations: N=30, mean=32.666667 (+/-0.71773).
P1: N=15, mean=32.4 (+/-1.160316).
P2: N=15, mean=32.933333 (+/-0.865319).
=====================================================
=====================================================
Completed 40 games.

Agent 1 (SHUCT)
Winning score (between 0 and 1) : N=40, mean=0.825 (+/-0.119251).
P1: N=20, mean=0.95 (+/-0.097998).
P2: N=20, mean=0.7 (+/-0.206054).
Game Durations: N=40, mean=32.775 (+/-0.744307).
P1: N=20, mean=32.85 (+/-0.879687).
P2: N=20, mean=32.7 (+/-1.223995).

Agent 2 (UCT)
Winning score (between 0 and 1) : N=40, mean=0.175 (+/-0.119251).
P1: N=20, mean=0.3 (+/-0.206054).
P2: N=20, mean=0.05 (+/-0.097998).
Game Durations: N=40, mean=32.775 (+/-0.744307).
P1: N=20, mean=32.7 (+/-1.223995).
P2: N=20, mean=32.85 (+/-0.879687).
=====================================================
=====================================================
Completed 50 games.

Agent 1 (SHUCT)
Winning score (between 0 and 1) : N=50, mean=0.84 (+/-0.102648).
P1: N=25, mean=0.96 (+/-0.078398).
P2: N=25, mean=0.72 (+/-0.179633).
Game Durations: N=50, mean=32.78 (+/-0.614178).
P1: N=25, mean=32.8 (+/-0.750608).
P2: N=25, mean=32.76 (+/-0.988307).

Agent 2 (UCT)
Winning score (between 0 and 1) : N=50, mean=0.16 (+/-0.102648).
P1: N=25, mean=0.28 (+/-0.179633).
P2: N=25, mean=0.04 (+/-0.078398).
Game Durations: N=50, mean=32.78 (+/-0.614178).
P1: N=25, mean=32.76 (+/-0.988307).
P2: N=25, mean=32.8 (+/-0.750608).
=====================================================
=====================================================
Completed 60 games.

Agent 1 (SHUCT)
Winning score (between 0 and 1) : N=60, mean=0.85 (+/-0.091112).
P1: N=30, mean=0.966667 (+/-0.065332).
P2: N=30, mean=0.733333 (+/-0.160947).
Game Durations: N=60, mean=32.616667 (+/-0.545464).
P1: N=30, mean=32.7 (+/-0.697871).
P2: N=30, mean=32.533333 (+/-0.849576).

Agent 2 (UCT)
Winning score (between 0 and 1) : N=60, mean=0.15 (+/-0.091112).
P1: N=30, mean=0.266667 (+/-0.160947).
P2: N=30, mean=0.033333 (+/-0.065332).
Game Durations: N=60, mean=32.616667 (+/-0.545464).
P1: N=30, mean=32.533333 (+/-0.849576).
P2: N=30, mean=32.7 (+/-0.697871).
=====================================================
=====================================================
Completed 70 games.

Agent 1 (SHUCT)
Winning score (between 0 and 1) : N=70, mean=0.828571 (+/-0.088926).
P1: N=35, mean=0.942857 (+/-0.078021).
P2: N=35, mean=0.714286 (+/-0.151848).
Game Durations: N=70, mean=32.785714 (+/-0.510586).
P1: N=35, mean=32.885714 (+/-0.656575).
P2: N=35, mean=32.685714 (+/-0.790428).

Agent 2 (UCT)
Winning score (between 0 and 1) : N=70, mean=0.171429 (+/-0.088926).
P1: N=35, mean=0.285714 (+/-0.151848).
P2: N=35, mean=0.057143 (+/-0.078021).
Game Durations: N=70, mean=32.785714 (+/-0.510586).
P1: N=35, mean=32.685714 (+/-0.790428).
P2: N=35, mean=32.885714 (+/-0.656575).
=====================================================
=====================================================
Completed 80 games.

Agent 1 (SHUCT)
Winning score (between 0 and 1) : N=80, mean=0.825 (+/-0.083788).
P1: N=40, mean=0.925 (+/-0.082664).
P2: N=40, mean=0.725 (+/-0.140136).
Game Durations: N=80, mean=32.7 (+/-0.483622).
P1: N=40, mean=32.675 (+/-0.640841).
P2: N=40, mean=32.725 (+/-0.732636).

Agent 2 (UCT)
Winning score (between 0 and 1) : N=80, mean=0.175 (+/-0.083788).
P1: N=40, mean=0.275 (+/-0.140136).
P2: N=40, mean=0.075 (+/-0.082664).
Game Durations: N=80, mean=32.7 (+/-0.483622).
P1: N=40, mean=32.725 (+/-0.732636).
P2: N=40, mean=32.675 (+/-0.640841).
=====================================================
=====================================================
Completed 90 games.

Agent 1 (SHUCT)
Winning score (between 0 and 1) : N=90, mean=0.833333 (+/-0.077426).
P1: N=45, mean=0.911111 (+/-0.084087).
P2: N=45, mean=0.755556 (+/-0.126983).
Game Durations: N=90, mean=32.755556 (+/-0.491942).
P1: N=45, mean=32.733333 (+/-0.71676).
P2: N=45, mean=32.777778 (+/-0.682054).

Agent 2 (UCT)
Winning score (between 0 and 1) : N=90, mean=0.166667 (+/-0.077426).
P1: N=45, mean=0.244444 (+/-0.126983).
P2: N=45, mean=0.088889 (+/-0.084087).
Game Durations: N=90, mean=32.755556 (+/-0.491942).
P1: N=45, mean=32.777778 (+/-0.682054).
P2: N=45, mean=32.733333 (+/-0.71676).
=====================================================
=====================================================
Completed 100 games.

Agent 1 (SHUCT)
Winning score (between 0 and 1) : N=100, mean=0.85 (+/-0.070337).
P1: N=50, mean=0.92 (+/-0.075961).
P2: N=50, mean=0.78 (+/-0.115987).
Game Durations: N=100, mean=32.85 (+/-0.458066).
P1: N=50, mean=32.88 (+/-0.671146).
P2: N=50, mean=32.82 (+/-0.630304).

Agent 2 (UCT)
Winning score (between 0 and 1) : N=100, mean=0.15 (+/-0.070337).
P1: N=50, mean=0.22 (+/-0.115987).
P2: N=50, mean=0.08 (+/-0.075961).
Game Durations: N=100, mean=32.85 (+/-0.458066).
P1: N=50, mean=32.82 (+/-0.630304).
P2: N=50, mean=32.88 (+/-0.671146).
=====================================================
