Warming up...
Finished warming up!
=====================================================
Completed 1 games.

Agent 1 (SHUCT)
Winning score (between 0 and 1) : N=1, mean=1 (+/-0).
P1: N=1, mean=1 (+/-0).
P2: N=0, mean=0 (+/-0).
Game Durations: N=1, mean=31 (+/-0).
P1: N=1, mean=31 (+/-0).
P2: N=0, mean=0 (+/-0).

Agent 2 (UCT)
Winning score (between 0 and 1) : N=1, mean=0 (+/-0).
P1: N=0, mean=0 (+/-0).
P2: N=1, mean=0 (+/-0).
Game Durations: N=1, mean=31 (+/-0).
P1: N=0, mean=0 (+/-0).
P2: N=1, mean=31 (+/-0).
=====================================================
=====================================================
Completed 2 games.

Agent 1 (SHUCT)
Winning score (between 0 and 1) : N=2, mean=1 (+/-0).
P1: N=1, mean=1 (+/-0).
P2: N=1, mean=1 (+/-0).
Game Durations: N=2, mean=33.5 (+/-4.8999).
P1: N=1, mean=31 (+/-0).
P2: N=1, mean=36 (+/-0).

Agent 2 (UCT)
Winning score (between 0 and 1) : N=2, mean=0 (+/-0).
P1: N=1, mean=0 (+/-0).
P2: N=1, mean=0 (+/-0).
Game Durations: N=2, mean=33.5 (+/-4.8999).
P1: N=1, mean=36 (+/-0).
P2: N=1, mean=31 (+/-0).
=====================================================
=====================================================
Completed 3 games.

Agent 1 (SHUCT)
Winning score (between 0 and 1) : N=3, mean=1 (+/-0).
P1: N=2, mean=1 (+/-0).
P2: N=1, mean=1 (+/-0).
Game Durations: N=3, mean=32.666667 (+/-3.2666).
P1: N=2, mean=31 (+/-0).
P2: N=1, mean=36 (+/-0).

Agent 2 (UCT)
Winning score (between 0 and 1) : N=3, mean=0 (+/-0).
P1: N=1, mean=0 (+/-0).
P2: N=2, mean=0 (+/-0).
Game Durations: N=3, mean=32.666667 (+/-3.2666).
P1: N=1, mean=36 (+/-0).
P2: N=2, mean=31 (+/-0).
=====================================================
=====================================================
Completed 4 games.

Agent 1 (SHUCT)
Winning score (between 0 and 1) : N=4, mean=1 (+/-0).
P1: N=2, mean=1 (+/-0).
P2: N=2, mean=1 (+/-0).
Game Durations: N=4, mean=33 (+/-2.400451).
P1: N=2, mean=31 (+/-0).
P2: N=2, mean=35 (+/-1.95996).

Agent 2 (UCT)
Winning score (between 0 and 1) : N=4, mean=0 (+/-0).
P1: N=2, mean=0 (+/-0).
P2: N=2, mean=0 (+/-0).
Game Durations: N=4, mean=33 (+/-2.400451).
P1: N=2, mean=35 (+/-1.95996).
P2: N=2, mean=31 (+/-0).
=====================================================
=====================================================
Completed 5 games.

Agent 1 (SHUCT)
Winning score (between 0 and 1) : N=5, mean=1 (+/-0).
P1: N=3, mean=1 (+/-0).
P2: N=2, mean=1 (+/-0).
Game Durations: N=5, mean=33 (+/-1.859381).
P1: N=3, mean=31.666667 (+/-1.30664).
P2: N=2, mean=35 (+/-1.95996).

Agent 2 (UCT)
Winning score (between 0 and 1) : N=5, mean=0 (+/-0).
P1: N=2, mean=0 (+/-0).
P2: N=3, mean=0 (+/-0).
Game Durations: N=5, mean=33 (+/-1.859381).
P1: N=2, mean=35 (+/-1.95996).
P2: N=3, mean=31.666667 (+/-1.30664).
=====================================================
=====================================================
Completed 10 games.

Agent 1 (SHUCT)
Winning score (between 0 and 1) : N=10, mean=0.8 (+/-0.261328).
P1: N=5, mean=0.8 (+/-0.391992).
P2: N=5, mean=0.8 (+/-0.391992).
Game Durations: N=10, mean=32.7 (+/-1.241308).
P1: N=5, mean=31.6 (+/-1.708654).
P2: N=5, mean=33.8 (+/-1.30009).

Agent 2 (UCT)
Winning score (between 0 and 1) : N=10, mean=0.2 (+/-0.261328).
P1: N=5, mean=0.2 (+/-0.391992).
P2: N=5, mean=0.2 (+/-0.391992).
Game Durations: N=10, mean=32.7 (+/-1.241308).
P1: N=5, mean=33.8 (+/-1.30009).
P2: N=5, mean=31.6 (+/-1.708654).
=====================================================
=====================================================
Completed 20 games.

Agent 1 (SHUCT)
Winning score (between 0 and 1) : N=20, mean=0.7 (+/-0.206054).
P1: N=10, mean=0.7 (+/-0.299389).
P2: N=10, mean=0.7 (+/-0.299389).
Game Durations: N=20, mean=32.7 (+/-0.98615).
P1: N=10, mean=32.5 (+/-1.37818).
P2: N=10, mean=32.9 (+/-1.473957).

Agent 2 (UCT)
Winning score (between 0 and 1) : N=20, mean=0.3 (+/-0.206054).
P1: N=10, mean=0.3 (+/-0.299389).
P2: N=10, mean=0.3 (+/-0.299389).
Game Durations: N=20, mean=32.7 (+/-0.98615).
P1: N=10, mean=32.9 (+/-1.473957).
P2: N=10, mean=32.5 (+/-1.37818).
=====================================================
=====================================================
Completed 30 games.

Agent 1 (SHUCT)
Winning score (between 0 and 1) : N=30, mean=0.733333 (+/-0.160947).
P1: N=15, mean=0.733333 (+/-0.231643).
P2: N=15, mean=0.733333 (+/-0.231643).
Game Durations: N=30, mean=33.033333 (+/-0.918261).
P1: N=15, mean=32.333333 (+/-1.219753).
P2: N=15, mean=33.733333 (+/-1.317792).

Agent 2 (UCT)
Winning score (between 0 and 1) : N=30, mean=0.266667 (+/-0.160947).
P1: N=15, mean=0.266667 (+/-0.231643).
P2: N=15, mean=0.266667 (+/-0.231643).
Game Durations: N=30, mean=33.033333 (+/-0.918261).
P1: N=15, mean=33.733333 (+/-1.317792).
P2: N=15, mean=32.333333 (+/-1.219753).
=====================================================
=====================================================
Completed 40 games.

Agent 1 (SHUCT)
Winning score (between 0 and 1) : N=40, mean=0.775 (+/-0.131056).
P1: N=20, mean=0.75 (+/-0.194702).
P2: N=20, mean=0.8 (+/-0.179858).
Game Durations: N=40, mean=32.675 (+/-0.782687).
P1: N=20, mean=31.75 (+/-1.072337).
P2: N=20, mean=33.6 (+/-1.009452).

Agent 2 (UCT)
Winning score (between 0 and 1) : N=40, mean=0.225 (+/-0.131056).
P1: N=20, mean=0.2 (+/-0.179858).
P2: N=20, mean=0.25 (+/-0.194702).
Game Durations: N=40, mean=32.675 (+/-0.782687).
P1: N=20, mean=33.6 (+/-1.009452).
P2: N=20, mean=31.75 (+/-1.072337).
=====================================================
=====================================================
Completed 50 games.

Agent 1 (SHUCT)
Winning score (between 0 and 1) : N=50, mean=0.72 (+/-0.125717).
P1: N=25, mean=0.72 (+/-0.179633).
P2: N=25, mean=0.72 (+/-0.179633).
Game Durations: N=50, mean=32.7 (+/-0.681831).
P1: N=25, mean=31.92 (+/-0.952952).
P2: N=25, mean=33.48 (+/-0.891872).

Agent 2 (UCT)
Winning score (between 0 and 1) : N=50, mean=0.28 (+/-0.125717).
P1: N=25, mean=0.28 (+/-0.179633).
P2: N=25, mean=0.28 (+/-0.179633).
Game Durations: N=50, mean=32.7 (+/-0.681831).
P1: N=25, mean=33.48 (+/-0.891872).
P2: N=25, mean=31.92 (+/-0.952952).
=====================================================
=====================================================
Completed 60 games.

Agent 1 (SHUCT)
Winning score (between 0 and 1) : N=60, mean=0.75 (+/-0.11049).
P1: N=30, mean=0.766667 (+/-0.153936).
P2: N=30, mean=0.733333 (+/-0.160947).
Game Durations: N=60, mean=32.683333 (+/-0.617147).
P1: N=30, mean=32.166667 (+/-0.846191).
P2: N=30, mean=33.2 (+/-0.873493).

Agent 2 (UCT)
Winning score (between 0 and 1) : N=60, mean=0.25 (+/-0.11049).
P1: N=30, mean=0.266667 (+/-0.160947).
P2: N=30, mean=0.233333 (+/-0.153936).
Game Durations: N=60, mean=32.683333 (+/-0.617147).
P1: N=30, mean=33.2 (+/-0.873493).
P2: N=30, mean=32.166667 (+/-0.846191).
=====================================================
=====================================================
Completed 70 games.

Agent 1 (SHUCT)
Winning score (between 0 and 1) : N=70, mean=0.714286 (+/-0.106592).
P1: N=35, mean=0.742857 (+/-0.146909).
P2: N=35, mean=0.685714 (+/-0.156042).
Game Durations: N=70, mean=32.757143 (+/-0.547483).
P1: N=35, mean=32.171429 (+/-0.738551).
P2: N=35, mean=33.342857 (+/-0.770456).

Agent 2 (UCT)
Winning score (between 0 and 1) : N=70, mean=0.285714 (+/-0.106592).
P1: N=35, mean=0.314286 (+/-0.156042).
P2: N=35, mean=0.257143 (+/-0.146909).
Game Durations: N=70, mean=32.757143 (+/-0.547483).
P1: N=35, mean=33.342857 (+/-0.770456).
P2: N=35, mean=32.171429 (+/-0.738551).
=====================================================
=====================================================
Completed 80 games.

Agent 1 (SHUCT)
Winning score (between 0 and 1) : N=80, mean=0.75 (+/-0.095485).
P1: N=40, mean=0.775 (+/-0.131056).
P2: N=40, mean=0.725 (+/-0.140136).
Game Durations: N=80, mean=32.8 (+/-0.502121).
P1: N=40, mean=32.375 (+/-0.675632).
P2: N=40, mean=33.225 (+/-0.727577).

Agent 2 (UCT)
Winning score (between 0 and 1) : N=80, mean=0.25 (+/-0.095485).
P1: N=40, mean=0.275 (+/-0.140136).
P2: N=40, mean=0.225 (+/-0.131056).
Game Durations: N=80, mean=32.8 (+/-0.502121).
P1: N=40, mean=33.225 (+/-0.727577).
P2: N=40, mean=32.375 (+/-0.675632).
=====================================================
=====================================================
Completed 90 games.

Agent 1 (SHUCT)
Winning score (between 0 and 1) : N=90, mean=0.733333 (+/-0.091873).
P1: N=45, mean=0.755556 (+/-0.126983).
P2: N=45, mean=0.711111 (+/-0.133923).
Game Durations: N=90, mean=32.855556 (+/-0.501835).
P1: N=45, mean=32.355556 (+/-0.716098).
P2: N=45, mean=33.355556 (+/-0.679965).

Agent 2 (UCT)
Winning score (between 0 and 1) : N=90, mean=0.266667 (+/-0.091873).
P1: N=45, mean=0.288889 (+/-0.133923).
P2: N=45, mean=0.244444 (+/-0.126983).
Game Durations: N=90, mean=32.855556 (+/-0.501835).
P1: N=45, mean=33.355556 (+/-0.679965).
P2: N=45, mean=32.355556 (+/-0.716098).
=====================================================
=====================================================
Completed 100 games.

Agent 1 (SHUCT)
Winning score (between 0 and 1) : N=100, mean=0.74 (+/-0.086404).
P1: N=50, mean=0.74 (+/-0.122815).
P2: N=50, mean=0.74 (+/-0.122815).
Game Durations: N=100, mean=32.86 (+/-0.467826).
P1: N=50, mean=32.38 (+/-0.683301).
P2: N=50, mean=33.34 (+/-0.617538).

Agent 2 (UCT)
Winning score (between 0 and 1) : N=100, mean=0.26 (+/-0.086404).
P1: N=50, mean=0.26 (+/-0.122815).
P2: N=50, mean=0.26 (+/-0.122815).
Game Durations: N=100, mean=32.86 (+/-0.467826).
P1: N=50, mean=33.34 (+/-0.617538).
P2: N=50, mean=32.38 (+/-0.683301).
=====================================================
