Warming up...
Finished warming up!
=====================================================
Completed 1 games.

Agent 1 (SHUCTAnyTime)
Winning score (between 0 and 1) : N=1, mean=0 (+/-0).
P1: N=0, mean=0 (+/-0).
P2: N=1, mean=0 (+/-0).
Game Durations: N=1, mean=45 (+/-0).
P1: N=0, mean=0 (+/-0).
P2: N=1, mean=45 (+/-0).

Agent 2 (SHUCT)
Winning score (between 0 and 1) : N=1, mean=1 (+/-0).
P1: N=1, mean=1 (+/-0).
P2: N=0, mean=0 (+/-0).
Game Durations: N=1, mean=45 (+/-0).
P1: N=1, mean=45 (+/-0).
P2: N=0, mean=0 (+/-0).
=====================================================
=====================================================
Completed 2 games.

Agent 1 (SHUCTAnyTime)
Winning score (between 0 and 1) : N=2, mean=0 (+/-0).
P1: N=1, mean=0 (+/-0).
P2: N=1, mean=0 (+/-0).
Game Durations: N=2, mean=41.5 (+/-6.85986).
P1: N=1, mean=38 (+/-0).
P2: N=1, mean=45 (+/-0).

Agent 2 (SHUCT)
Winning score (between 0 and 1) : N=2, mean=1 (+/-0).
P1: N=1, mean=1 (+/-0).
P2: N=1, mean=1 (+/-0).
Game Durations: N=2, mean=41.5 (+/-6.85986).
P1: N=1, mean=45 (+/-0).
P2: N=1, mean=38 (+/-0).
=====================================================
=====================================================
Completed 3 games.

Agent 1 (SHUCTAnyTime)
Winning score (between 0 and 1) : N=3, mean=0 (+/-0).
P1: N=1, mean=0 (+/-0).
P2: N=2, mean=0 (+/-0).
Game Durations: N=3, mean=36 (+/-11.484318).
P1: N=1, mean=38 (+/-0).
P2: N=2, mean=35 (+/-19.5996).

Agent 2 (SHUCT)
Winning score (between 0 and 1) : N=3, mean=1 (+/-0).
P1: N=2, mean=1 (+/-0).
P2: N=1, mean=1 (+/-0).
Game Durations: N=3, mean=36 (+/-11.484318).
P1: N=2, mean=35 (+/-19.5996).
P2: N=1, mean=38 (+/-0).
=====================================================
=====================================================
Completed 4 games.

Agent 1 (SHUCTAnyTime)
Winning score (between 0 and 1) : N=4, mean=0 (+/-0).
P1: N=2, mean=0 (+/-0).
P2: N=2, mean=0 (+/-0).
Game Durations: N=4, mean=34 (+/-9.017236).
P1: N=2, mean=33 (+/-9.7998).
P2: N=2, mean=35 (+/-19.5996).

Agent 2 (SHUCT)
Winning score (between 0 and 1) : N=4, mean=1 (+/-0).
P1: N=2, mean=1 (+/-0).
P2: N=2, mean=1 (+/-0).
Game Durations: N=4, mean=34 (+/-9.017236).
P1: N=2, mean=35 (+/-19.5996).
P2: N=2, mean=33 (+/-9.7998).
=====================================================
=====================================================
Completed 5 games.

Agent 1 (SHUCTAnyTime)
Winning score (between 0 and 1) : N=5, mean=0 (+/-0).
P1: N=2, mean=0 (+/-0).
P2: N=3, mean=0 (+/-0).
Game Durations: N=5, mean=36.2 (+/-8.208466).
P1: N=2, mean=33 (+/-9.7998).
P2: N=3, mean=38.333333 (+/-13.0664).

Agent 2 (SHUCT)
Winning score (between 0 and 1) : N=5, mean=1 (+/-0).
P1: N=3, mean=1 (+/-0).
P2: N=2, mean=1 (+/-0).
Game Durations: N=5, mean=36.2 (+/-8.208466).
P1: N=3, mean=38.333333 (+/-13.0664).
P2: N=2, mean=33 (+/-9.7998).
=====================================================
=====================================================
Completed 10 games.

Agent 1 (SHUCTAnyTime)
Winning score (between 0 and 1) : N=10, mean=0.1 (+/-0.195996).
P1: N=5, mean=0 (+/-0).
P2: N=5, mean=0.2 (+/-0.391992).
Game Durations: N=10, mean=33.6 (+/-5.808305).
P1: N=5, mean=30.8 (+/-6.148154).
P2: N=5, mean=36.4 (+/-9.947642).

Agent 2 (SHUCT)
Winning score (between 0 and 1) : N=10, mean=0.9 (+/-0.195996).
P1: N=5, mean=0.8 (+/-0.391992).
P2: N=5, mean=1 (+/-0).
Game Durations: N=10, mean=33.6 (+/-5.808305).
P1: N=5, mean=36.4 (+/-9.947642).
P2: N=5, mean=30.8 (+/-6.148154).
=====================================================
=====================================================
Completed 20 games.

Agent 1 (SHUCTAnyTime)
Winning score (between 0 and 1) : N=20, mean=0.3 (+/-0.206054).
P1: N=10, mean=0.3 (+/-0.299389).
P2: N=10, mean=0.3 (+/-0.299389).
Game Durations: N=20, mean=30.2 (+/-4.22906).
P1: N=10, mean=28.7 (+/-4.684355).
P2: N=10, mean=31.7 (+/-7.186817).

Agent 2 (SHUCT)
Winning score (between 0 and 1) : N=20, mean=0.7 (+/-0.206054).
P1: N=10, mean=0.7 (+/-0.299389).
P2: N=10, mean=0.7 (+/-0.299389).
Game Durations: N=20, mean=30.2 (+/-4.22906).
P1: N=10, mean=31.7 (+/-7.186817).
P2: N=10, mean=28.7 (+/-4.684355).
=====================================================
=====================================================
Completed 30 games.

Agent 1 (SHUCTAnyTime)
Winning score (between 0 and 1) : N=30, mean=0.4 (+/-0.178301).
P1: N=15, mean=0.533333 (+/-0.261328).
P2: N=15, mean=0.266667 (+/-0.231643).
Game Durations: N=30, mean=31.7 (+/-3.83353).
P1: N=15, mean=30.133333 (+/-5.016545).
P2: N=15, mean=33.266667 (+/-5.86264).

Agent 2 (SHUCT)
Winning score (between 0 and 1) : N=30, mean=0.6 (+/-0.178301).
P1: N=15, mean=0.733333 (+/-0.231643).
P2: N=15, mean=0.466667 (+/-0.261328).
Game Durations: N=30, mean=31.7 (+/-3.83353).
P1: N=15, mean=33.266667 (+/-5.86264).
P2: N=15, mean=30.133333 (+/-5.016545).
=====================================================
=====================================================
Completed 40 games.

Agent 1 (SHUCTAnyTime)
Winning score (between 0 and 1) : N=40, mean=0.425 (+/-0.155147).
P1: N=20, mean=0.55 (+/-0.223696).
P2: N=20, mean=0.3 (+/-0.206054).
Game Durations: N=40, mean=31.425 (+/-3.119471).
P1: N=20, mean=29.15 (+/-3.946329).
P2: N=20, mean=33.7 (+/-4.720423).

Agent 2 (SHUCT)
Winning score (between 0 and 1) : N=40, mean=0.575 (+/-0.155147).
P1: N=20, mean=0.7 (+/-0.206054).
P2: N=20, mean=0.45 (+/-0.223696).
Game Durations: N=40, mean=31.425 (+/-3.119471).
P1: N=20, mean=33.7 (+/-4.720423).
P2: N=20, mean=29.15 (+/-3.946329).
=====================================================
=====================================================
Completed 50 games.

Agent 1 (SHUCTAnyTime)
Winning score (between 0 and 1) : N=50, mean=0.42 (+/-0.138194).
P1: N=25, mean=0.56 (+/-0.198592).
P2: N=25, mean=0.28 (+/-0.179633).
Game Durations: N=50, mean=31.36 (+/-2.640725).
P1: N=25, mean=29.84 (+/-3.466932).
P2: N=25, mean=32.88 (+/-3.964291).

Agent 2 (SHUCT)
Winning score (between 0 and 1) : N=50, mean=0.58 (+/-0.138194).
P1: N=25, mean=0.72 (+/-0.179633).
P2: N=25, mean=0.44 (+/-0.198592).
Game Durations: N=50, mean=31.36 (+/-2.640725).
P1: N=25, mean=32.88 (+/-3.964291).
P2: N=25, mean=29.84 (+/-3.466932).
=====================================================
=====================================================
Completed 60 games.

Agent 1 (SHUCTAnyTime)
Winning score (between 0 and 1) : N=60, mean=0.4 (+/-0.125005).
P1: N=30, mean=0.466667 (+/-0.181573).
P2: N=30, mean=0.333333 (+/-0.17157).
Game Durations: N=60, mean=31.4 (+/-2.362724).
P1: N=30, mean=29.2 (+/-2.949911).
P2: N=30, mean=33.6 (+/-3.568001).

Agent 2 (SHUCT)
Winning score (between 0 and 1) : N=60, mean=0.6 (+/-0.125005).
P1: N=30, mean=0.666667 (+/-0.17157).
P2: N=30, mean=0.533333 (+/-0.181573).
Game Durations: N=60, mean=31.4 (+/-2.362724).
P1: N=30, mean=33.6 (+/-3.568001).
P2: N=30, mean=29.2 (+/-2.949911).
=====================================================
=====================================================
Completed 70 games.

Agent 1 (SHUCTAnyTime)
Winning score (between 0 and 1) : N=70, mean=0.357143 (+/-0.113058).
P1: N=35, mean=0.4 (+/-0.16467).
P2: N=35, mean=0.314286 (+/-0.156042).
Game Durations: N=70, mean=31.342857 (+/-2.110371).
P1: N=35, mean=29.2 (+/-2.595956).
P2: N=35, mean=33.485714 (+/-3.209369).

Agent 2 (SHUCT)
Winning score (between 0 and 1) : N=70, mean=0.642857 (+/-0.113058).
P1: N=35, mean=0.685714 (+/-0.156042).
P2: N=35, mean=0.6 (+/-0.16467).
Game Durations: N=70, mean=31.342857 (+/-2.110371).
P1: N=35, mean=33.485714 (+/-3.209369).
P2: N=35, mean=29.2 (+/-2.595956).
=====================================================
=====================================================
Completed 80 games.

Agent 1 (SHUCTAnyTime)
Winning score (between 0 and 1) : N=80, mean=0.3125 (+/-0.10221).
P1: N=40, mean=0.35 (+/-0.149694).
P2: N=40, mean=0.275 (+/-0.140136).
Game Durations: N=80, mean=31.9125 (+/-2.130316).
P1: N=40, mean=29.65 (+/-2.505407).
P2: N=40, mean=34.175 (+/-3.331701).

Agent 2 (SHUCT)
Winning score (between 0 and 1) : N=80, mean=0.6875 (+/-0.10221).
P1: N=40, mean=0.725 (+/-0.140136).
P2: N=40, mean=0.65 (+/-0.149694).
Game Durations: N=80, mean=31.9125 (+/-2.130316).
P1: N=40, mean=34.175 (+/-3.331701).
P2: N=40, mean=29.65 (+/-2.505407).
=====================================================
=====================================================
Completed 90 games.

Agent 1 (SHUCTAnyTime)
Winning score (between 0 and 1) : N=90, mean=0.322222 (+/-0.09709).
P1: N=45, mean=0.355556 (+/-0.141438).
P2: N=45, mean=0.288889 (+/-0.133923).
Game Durations: N=90, mean=32.088889 (+/-1.989261).
P1: N=45, mean=29.955556 (+/-2.381753).
P2: N=45, mean=34.222222 (+/-3.088866).

Agent 2 (SHUCT)
Winning score (between 0 and 1) : N=90, mean=0.677778 (+/-0.09709).
P1: N=45, mean=0.711111 (+/-0.133923).
P2: N=45, mean=0.644444 (+/-0.141438).
Game Durations: N=90, mean=32.088889 (+/-1.989261).
P1: N=45, mean=34.222222 (+/-3.088866).
P2: N=45, mean=29.955556 (+/-2.381753).
=====================================================
=====================================================
Completed 100 games.

Agent 1 (SHUCTAnyTime)
Winning score (between 0 and 1) : N=100, mean=0.32 (+/-0.091888).
P1: N=50, mean=0.38 (+/-0.135905).
P2: N=50, mean=0.26 (+/-0.122815).
Game Durations: N=100, mean=32.1 (+/-1.838922).
P1: N=50, mean=30.06 (+/-2.199986).
P2: N=50, mean=34.14 (+/-2.858691).

Agent 2 (SHUCT)
Winning score (between 0 and 1) : N=100, mean=0.68 (+/-0.091888).
P1: N=50, mean=0.74 (+/-0.122815).
P2: N=50, mean=0.62 (+/-0.135905).
Game Durations: N=100, mean=32.1 (+/-1.838922).
P1: N=50, mean=34.14 (+/-2.858691).
P2: N=50, mean=30.06 (+/-2.199986).
=====================================================
=====================================================
Completed 110 games.

Agent 1 (SHUCTAnyTime)
Winning score (between 0 and 1) : N=110, mean=0.309091 (+/-0.086754).
P1: N=55, mean=0.363636 (+/-0.128303).
P2: N=55, mean=0.254545 (+/-0.116183).
Game Durations: N=110, mean=31.972727 (+/-1.726237).
P1: N=55, mean=30.218182 (+/-2.062653).
P2: N=55, mean=33.727273 (+/-2.708769).

Agent 2 (SHUCT)
Winning score (between 0 and 1) : N=110, mean=0.690909 (+/-0.086754).
P1: N=55, mean=0.745455 (+/-0.116183).
P2: N=55, mean=0.636364 (+/-0.128303).
Game Durations: N=110, mean=31.972727 (+/-1.726237).
P1: N=55, mean=33.727273 (+/-2.708769).
P2: N=55, mean=30.218182 (+/-2.062653).
=====================================================
=====================================================
Completed 120 games.

Agent 1 (SHUCTAnyTime)
Winning score (between 0 and 1) : N=120, mean=0.3 (+/-0.082335).
P1: N=60, mean=0.35 (+/-0.121706).
P2: N=60, mean=0.25 (+/-0.11049).
Game Durations: N=120, mean=32.316667 (+/-1.625814).
P1: N=60, mean=30.95 (+/-2.011021).
P2: N=60, mean=33.683333 (+/-2.524927).

Agent 2 (SHUCT)
Winning score (between 0 and 1) : N=120, mean=0.7 (+/-0.082335).
P1: N=60, mean=0.75 (+/-0.11049).
P2: N=60, mean=0.65 (+/-0.121706).
Game Durations: N=120, mean=32.316667 (+/-1.625814).
P1: N=60, mean=33.683333 (+/-2.524927).
P2: N=60, mean=30.95 (+/-2.011021).
=====================================================
=====================================================
Completed 130 games.

Agent 1 (SHUCTAnyTime)
Winning score (between 0 and 1) : N=130, mean=0.323077 (+/-0.0807).
P1: N=65, mean=0.369231 (+/-0.118234).
P2: N=65, mean=0.276923 (+/-0.10963).
Game Durations: N=130, mean=32.130769 (+/-1.602073).
P1: N=65, mean=30.369231 (+/-1.957871).
P2: N=65, mean=33.892308 (+/-2.478103).

Agent 2 (SHUCT)
Winning score (between 0 and 1) : N=130, mean=0.676923 (+/-0.0807).
P1: N=65, mean=0.723077 (+/-0.10963).
P2: N=65, mean=0.630769 (+/-0.118234).
Game Durations: N=130, mean=32.130769 (+/-1.602073).
P1: N=65, mean=33.892308 (+/-2.478103).
P2: N=65, mean=30.369231 (+/-1.957871).
=====================================================
=====================================================
Completed 140 games.

Agent 1 (SHUCTAnyTime)
Winning score (between 0 and 1) : N=140, mean=0.314286 (+/-0.077174).
P1: N=70, mean=0.357143 (+/-0.113058).
P2: N=70, mean=0.271429 (+/-0.104927).
Game Durations: N=140, mean=31.985714 (+/-1.517917).
P1: N=70, mean=30.3 (+/-1.872106).
P2: N=70, mean=33.671429 (+/-2.337067).

Agent 2 (SHUCT)
Winning score (between 0 and 1) : N=140, mean=0.685714 (+/-0.077174).
P1: N=70, mean=0.728571 (+/-0.104927).
P2: N=70, mean=0.642857 (+/-0.113058).
Game Durations: N=140, mean=31.985714 (+/-1.517917).
P1: N=70, mean=33.671429 (+/-2.337067).
P2: N=70, mean=30.3 (+/-1.872106).
=====================================================
=====================================================
Completed 150 games.

Agent 1 (SHUCTAnyTime)
Winning score (between 0 and 1) : N=150, mean=0.32 (+/-0.0749).
P1: N=75, mean=0.346667 (+/-0.108431).
P2: N=75, mean=0.293333 (+/-0.103734).
Game Durations: N=150, mean=31.753333 (+/-1.448177).
P1: N=75, mean=30.266667 (+/-1.782925).
P2: N=75, mean=33.24 (+/-2.244384).

Agent 2 (SHUCT)
Winning score (between 0 and 1) : N=150, mean=0.68 (+/-0.0749).
P1: N=75, mean=0.706667 (+/-0.103734).
P2: N=75, mean=0.653333 (+/-0.108431).
Game Durations: N=150, mean=31.753333 (+/-1.448177).
P1: N=75, mean=33.24 (+/-2.244384).
P2: N=75, mean=30.266667 (+/-1.782925).
=====================================================
