Warming up...
Finished warming up!
=====================================================
Completed 1 games.

Agent 1 (SHUCTAnyTime)
Winning score (between 0 and 1) : N=1, mean=0 (+/-0).
P1: N=0, mean=0 (+/-0).
P2: N=1, mean=0 (+/-0).
Game Durations: N=1, mean=15 (+/-0).
P1: N=0, mean=0 (+/-0).
P2: N=1, mean=15 (+/-0).

Agent 2 (SHUCT)
Winning score (between 0 and 1) : N=1, mean=1 (+/-0).
P1: N=1, mean=1 (+/-0).
P2: N=0, mean=0 (+/-0).
Game Durations: N=1, mean=15 (+/-0).
P1: N=1, mean=15 (+/-0).
P2: N=0, mean=0 (+/-0).
=====================================================
=====================================================
Completed 2 games.

Agent 1 (SHUCTAnyTime)
Winning score (between 0 and 1) : N=2, mean=0.5 (+/-0.97998).
P1: N=1, mean=1 (+/-0).
P2: N=1, mean=0 (+/-0).
Game Durations: N=2, mean=16 (+/-1.95996).
P1: N=1, mean=17 (+/-0).
P2: N=1, mean=15 (+/-0).

Agent 2 (SHUCT)
Winning score (between 0 and 1) : N=2, mean=0.5 (+/-0.97998).
P1: N=1, mean=1 (+/-0).
P2: N=1, mean=0 (+/-0).
Game Durations: N=2, mean=16 (+/-1.95996).
P1: N=1, mean=15 (+/-0).
P2: N=1, mean=17 (+/-0).
=====================================================
=====================================================
Completed 3 games.

Agent 1 (SHUCTAnyTime)
Winning score (between 0 and 1) : N=3, mean=0.333333 (+/-0.65332).
P1: N=1, mean=1 (+/-0).
P2: N=2, mean=0 (+/-0).
Game Durations: N=3, mean=18.333333 (+/-4.711158).
P1: N=1, mean=17 (+/-0).
P2: N=2, mean=19 (+/-7.83984).

Agent 2 (SHUCT)
Winning score (between 0 and 1) : N=3, mean=0.666667 (+/-0.65332).
P1: N=2, mean=1 (+/-0).
P2: N=1, mean=0 (+/-0).
Game Durations: N=3, mean=18.333333 (+/-4.711158).
P1: N=2, mean=19 (+/-7.83984).
P2: N=1, mean=17 (+/-0).
=====================================================
=====================================================
Completed 4 games.

Agent 1 (SHUCTAnyTime)
Winning score (between 0 and 1) : N=4, mean=0.5 (+/-0.565792).
P1: N=2, mean=1 (+/-0).
P2: N=2, mean=0 (+/-0).
Game Durations: N=4, mean=20 (+/-4.665638).
P1: N=2, mean=21 (+/-7.83984).
P2: N=2, mean=19 (+/-7.83984).

Agent 2 (SHUCT)
Winning score (between 0 and 1) : N=4, mean=0.5 (+/-0.565792).
P1: N=2, mean=1 (+/-0).
P2: N=2, mean=0 (+/-0).
Game Durations: N=4, mean=20 (+/-4.665638).
P1: N=2, mean=19 (+/-7.83984).
P2: N=2, mean=21 (+/-7.83984).
=====================================================
=====================================================
Completed 5 games.

Agent 1 (SHUCTAnyTime)
Winning score (between 0 and 1) : N=5, mean=0.4 (+/-0.48009).
P1: N=2, mean=1 (+/-0).
P2: N=3, mean=0 (+/-0).
Game Durations: N=5, mean=19.8 (+/-3.635184).
P1: N=2, mean=21 (+/-7.83984).
P2: N=3, mean=19 (+/-4.526334).

Agent 2 (SHUCT)
Winning score (between 0 and 1) : N=5, mean=0.6 (+/-0.48009).
P1: N=3, mean=1 (+/-0).
P2: N=2, mean=0 (+/-0).
Game Durations: N=5, mean=19.8 (+/-3.635184).
P1: N=3, mean=19 (+/-4.526334).
P2: N=2, mean=21 (+/-7.83984).
=====================================================
=====================================================
Completed 10 games.

Agent 1 (SHUCTAnyTime)
Winning score (between 0 and 1) : N=10, mean=0.3 (+/-0.299389).
P1: N=5, mean=0.6 (+/-0.48009).
P2: N=5, mean=0 (+/-0).
Game Durations: N=10, mean=19.2 (+/-2.162874).
P1: N=5, mean=20.2 (+/-3.244311).
P2: N=5, mean=18.2 (+/-2.9334).

Agent 2 (SHUCT)
Winning score (between 0 and 1) : N=10, mean=0.7 (+/-0.299389).
P1: N=5, mean=1 (+/-0).
P2: N=5, mean=0.4 (+/-0.48009).
Game Durations: N=10, mean=19.2 (+/-2.162874).
P1: N=5, mean=18.2 (+/-2.9334).
P2: N=5, mean=20.2 (+/-3.244311).
=====================================================
=====================================================
Completed 20 games.

Agent 1 (SHUCTAnyTime)
Winning score (between 0 and 1) : N=20, mean=0.25 (+/-0.194702).
P1: N=10, mean=0.4 (+/-0.32006).
P2: N=10, mean=0.1 (+/-0.195996).
Game Durations: N=20, mean=17.65 (+/-2.07654).
P1: N=10, mean=18.8 (+/-2.626314).
P2: N=10, mean=16.5 (+/-3.190584).

Agent 2 (SHUCT)
Winning score (between 0 and 1) : N=20, mean=0.75 (+/-0.194702).
P1: N=10, mean=0.9 (+/-0.195996).
P2: N=10, mean=0.6 (+/-0.32006).
Game Durations: N=20, mean=17.65 (+/-2.07654).
P1: N=10, mean=16.5 (+/-3.190584).
P2: N=10, mean=18.8 (+/-2.626314).
=====================================================
=====================================================
Completed 30 games.

Agent 1 (SHUCTAnyTime)
Winning score (between 0 and 1) : N=30, mean=0.266667 (+/-0.160947).
P1: N=15, mean=0.4 (+/-0.256619).
P2: N=15, mean=0.133333 (+/-0.178065).
Game Durations: N=30, mean=17.7 (+/-1.654964).
P1: N=15, mean=19.466667 (+/-1.939947).
P2: N=15, mean=15.933333 (+/-2.422953).

Agent 2 (SHUCT)
Winning score (between 0 and 1) : N=30, mean=0.733333 (+/-0.160947).
P1: N=15, mean=0.866667 (+/-0.178065).
P2: N=15, mean=0.6 (+/-0.256619).
Game Durations: N=30, mean=17.7 (+/-1.654964).
P1: N=15, mean=15.933333 (+/-2.422953).
P2: N=15, mean=19.466667 (+/-1.939947).
=====================================================
=====================================================
Completed 40 games.

Agent 1 (SHUCTAnyTime)
Winning score (between 0 and 1) : N=40, mean=0.25 (+/-0.135899).
P1: N=20, mean=0.3 (+/-0.206054).
P2: N=20, mean=0.2 (+/-0.179858).
Game Durations: N=40, mean=17.3 (+/-1.322624).
P1: N=20, mean=18.8 (+/-1.649654).
P2: N=20, mean=15.8 (+/-1.884225).

Agent 2 (SHUCT)
Winning score (between 0 and 1) : N=40, mean=0.75 (+/-0.135899).
P1: N=20, mean=0.8 (+/-0.179858).
P2: N=20, mean=0.7 (+/-0.206054).
Game Durations: N=40, mean=17.3 (+/-1.322624).
P1: N=20, mean=15.8 (+/-1.884225).
P2: N=20, mean=18.8 (+/-1.649654).
=====================================================
=====================================================
Completed 50 games.

Agent 1 (SHUCTAnyTime)
Winning score (between 0 and 1) : N=50, mean=0.3 (+/-0.12831).
P1: N=25, mean=0.32 (+/-0.186626).
P2: N=25, mean=0.28 (+/-0.179633).
Game Durations: N=50, mean=17.48 (+/-1.203962).
P1: N=25, mean=18.8 (+/-1.551549).
P2: N=25, mean=16.16 (+/-1.718666).

Agent 2 (SHUCT)
Winning score (between 0 and 1) : N=50, mean=0.7 (+/-0.12831).
P1: N=25, mean=0.72 (+/-0.179633).
P2: N=25, mean=0.68 (+/-0.186626).
Game Durations: N=50, mean=17.48 (+/-1.203962).
P1: N=25, mean=16.16 (+/-1.718666).
P2: N=25, mean=18.8 (+/-1.551549).
=====================================================
=====================================================
Completed 60 games.

Agent 1 (SHUCTAnyTime)
Winning score (between 0 and 1) : N=60, mean=0.25 (+/-0.11049).
P1: N=30, mean=0.266667 (+/-0.160947).
P2: N=30, mean=0.233333 (+/-0.153936).
Game Durations: N=60, mean=17.383333 (+/-1.039717).
P1: N=30, mean=18.333333 (+/-1.394899).
P2: N=30, mean=16.433333 (+/-1.487871).

Agent 2 (SHUCT)
Winning score (between 0 and 1) : N=60, mean=0.75 (+/-0.11049).
P1: N=30, mean=0.766667 (+/-0.153936).
P2: N=30, mean=0.733333 (+/-0.160947).
Game Durations: N=60, mean=17.383333 (+/-1.039717).
P1: N=30, mean=16.433333 (+/-1.487871).
P2: N=30, mean=18.333333 (+/-1.394899).
=====================================================
=====================================================
Completed 70 games.

Agent 1 (SHUCTAnyTime)
Winning score (between 0 and 1) : N=70, mean=0.228571 (+/-0.099079).
P1: N=35, mean=0.257143 (+/-0.146909).
P2: N=35, mean=0.2 (+/-0.134452).
Game Durations: N=70, mean=17.414286 (+/-0.942535).
P1: N=35, mean=18.314286 (+/-1.251952).
P2: N=35, mean=16.514286 (+/-1.362105).

Agent 2 (SHUCT)
Winning score (between 0 and 1) : N=70, mean=0.771429 (+/-0.099079).
P1: N=35, mean=0.8 (+/-0.134452).
P2: N=35, mean=0.742857 (+/-0.146909).
Game Durations: N=70, mean=17.414286 (+/-0.942535).
P1: N=35, mean=16.514286 (+/-1.362105).
P2: N=35, mean=18.314286 (+/-1.251952).
=====================================================
=====================================================
Completed 80 games.

Agent 1 (SHUCTAnyTime)
Winning score (between 0 and 1) : N=80, mean=0.225 (+/-0.092082).
P1: N=40, mean=0.25 (+/-0.135899).
P2: N=40, mean=0.2 (+/-0.125538).
Game Durations: N=80, mean=17.575 (+/-0.881896).
P1: N=40, mean=18.65 (+/-1.150039).
P2: N=40, mean=16.5 (+/-1.265149).

Agent 2 (SHUCT)
Winning score (between 0 and 1) : N=80, mean=0.775 (+/-0.092082).
P1: N=40, mean=0.8 (+/-0.125538).
P2: N=40, mean=0.75 (+/-0.135899).
Game Durations: N=80, mean=17.575 (+/-0.881896).
P1: N=40, mean=16.5 (+/-1.265149).
P2: N=40, mean=18.65 (+/-1.150039).
=====================================================
=====================================================
Completed 90 games.

Agent 1 (SHUCTAnyTime)
Winning score (between 0 and 1) : N=90, mean=0.2 (+/-0.083102).
P1: N=45, mean=0.222222 (+/-0.122841).
P2: N=45, mean=0.177778 (+/-0.112968).
Game Durations: N=90, mean=17.522222 (+/-0.834033).
P1: N=45, mean=18.622222 (+/-1.125203).
P2: N=45, mean=16.422222 (+/-1.156158).

Agent 2 (SHUCT)
Winning score (between 0 and 1) : N=90, mean=0.8 (+/-0.083102).
P1: N=45, mean=0.822222 (+/-0.112968).
P2: N=45, mean=0.777778 (+/-0.122841).
Game Durations: N=90, mean=17.522222 (+/-0.834033).
P1: N=45, mean=16.422222 (+/-1.156158).
P2: N=45, mean=18.622222 (+/-1.125203).
=====================================================
=====================================================
Completed 100 games.

Agent 1 (SHUCTAnyTime)
Winning score (between 0 and 1) : N=100, mean=0.19 (+/-0.077277).
P1: N=50, mean=0.2 (+/-0.111998).
P2: N=50, mean=0.18 (+/-0.10757).
Game Durations: N=100, mean=17.69 (+/-0.822011).
P1: N=50, mean=18.48 (+/-1.070208).
P2: N=50, mean=16.9 (+/-1.219503).

Agent 2 (SHUCT)
Winning score (between 0 and 1) : N=100, mean=0.81 (+/-0.077277).
P1: N=50, mean=0.82 (+/-0.10757).
P2: N=50, mean=0.8 (+/-0.111998).
Game Durations: N=100, mean=17.69 (+/-0.822011).
P1: N=50, mean=16.9 (+/-1.219503).
P2: N=50, mean=18.48 (+/-1.070208).
=====================================================
=====================================================
Completed 110 games.

Agent 1 (SHUCTAnyTime)
Winning score (between 0 and 1) : N=110, mean=0.172727 (+/-0.070964).
P1: N=55, mean=0.181818 (+/-0.102871).
P2: N=55, mean=0.163636 (+/-0.098671).
Game Durations: N=110, mean=17.545455 (+/-0.805526).
P1: N=55, mean=18.618182 (+/-1.02038).
P2: N=55, mean=16.472727 (+/-1.189378).

Agent 2 (SHUCT)
Winning score (between 0 and 1) : N=110, mean=0.827273 (+/-0.070964).
P1: N=55, mean=0.836364 (+/-0.098671).
P2: N=55, mean=0.818182 (+/-0.102871).
Game Durations: N=110, mean=17.545455 (+/-0.805526).
P1: N=55, mean=16.472727 (+/-1.189378).
P2: N=55, mean=18.618182 (+/-1.02038).
=====================================================
=====================================================
Completed 120 games.

Agent 1 (SHUCTAnyTime)
Winning score (between 0 and 1) : N=120, mean=0.166667 (+/-0.066959).
P1: N=60, mean=0.183333 (+/-0.098733).
P2: N=60, mean=0.15 (+/-0.091112).
Game Durations: N=120, mean=17.433333 (+/-0.766402).
P1: N=60, mean=18.583333 (+/-0.958474).
P2: N=60, mean=16.283333 (+/-1.130712).

Agent 2 (SHUCT)
Winning score (between 0 and 1) : N=120, mean=0.833333 (+/-0.066959).
P1: N=60, mean=0.85 (+/-0.091112).
P2: N=60, mean=0.816667 (+/-0.098733).
Game Durations: N=120, mean=17.433333 (+/-0.766402).
P1: N=60, mean=16.283333 (+/-1.130712).
P2: N=60, mean=18.583333 (+/-0.958474).
=====================================================
=====================================================
Completed 130 games.

Agent 1 (SHUCTAnyTime)
Winning score (between 0 and 1) : N=130, mean=0.153846 (+/-0.062262).
P1: N=65, mean=0.169231 (+/-0.091862).
P2: N=65, mean=0.138462 (+/-0.084617).
Game Durations: N=130, mean=17.453846 (+/-0.75314).
P1: N=65, mean=18.538462 (+/-0.983814).
P2: N=65, mean=16.369231 (+/-1.085124).

Agent 2 (SHUCT)
Winning score (between 0 and 1) : N=130, mean=0.846154 (+/-0.062262).
P1: N=65, mean=0.861538 (+/-0.084617).
P2: N=65, mean=0.830769 (+/-0.091862).
Game Durations: N=130, mean=17.453846 (+/-0.75314).
P1: N=65, mean=16.369231 (+/-1.085124).
P2: N=65, mean=18.538462 (+/-0.983814).
=====================================================
=====================================================
Completed 140 games.

Agent 1 (SHUCTAnyTime)
Winning score (between 0 and 1) : N=140, mean=0.171429 (+/-0.062654).
P1: N=70, mean=0.171429 (+/-0.088926).
P2: N=70, mean=0.171429 (+/-0.088926).
Game Durations: N=140, mean=17.485714 (+/-0.716545).
P1: N=70, mean=18.485714 (+/-0.921414).
P2: N=70, mean=16.485714 (+/-1.052749).

Agent 2 (SHUCT)
Winning score (between 0 and 1) : N=140, mean=0.828571 (+/-0.062654).
P1: N=70, mean=0.828571 (+/-0.088926).
P2: N=70, mean=0.828571 (+/-0.088926).
Game Durations: N=140, mean=17.485714 (+/-0.716545).
P1: N=70, mean=16.485714 (+/-1.052749).
P2: N=70, mean=18.485714 (+/-0.921414).
=====================================================
=====================================================
Completed 150 games.

Agent 1 (SHUCTAnyTime)
Winning score (between 0 and 1) : N=150, mean=0.173333 (+/-0.06078).
P1: N=75, mean=0.173333 (+/-0.086246).
P2: N=75, mean=0.173333 (+/-0.086246).
Game Durations: N=150, mean=17.54 (+/-0.684655).
P1: N=75, mean=18.44 (+/-0.86878).
P2: N=75, mean=16.64 (+/-1.024111).

Agent 2 (SHUCT)
Winning score (between 0 and 1) : N=150, mean=0.826667 (+/-0.06078).
P1: N=75, mean=0.826667 (+/-0.086246).
P2: N=75, mean=0.826667 (+/-0.086246).
Game Durations: N=150, mean=17.54 (+/-0.684655).
P1: N=75, mean=16.64 (+/-1.024111).
P2: N=75, mean=18.44 (+/-0.86878).
=====================================================
