Warming up...
Finished warming up!
=====================================================
Completed 1 games.

Agent 1 (SHUCTAnyTime)
Winning score (between 0 and 1) : N=1, mean=1 (+/-0).
P1: N=0, mean=0 (+/-0).
P2: N=1, mean=1 (+/-0).
Game Durations: N=1, mean=20 (+/-0).
P1: N=0, mean=0 (+/-0).
P2: N=1, mean=20 (+/-0).

Agent 2 (SHUCT)
Winning score (between 0 and 1) : N=1, mean=0 (+/-0).
P1: N=1, mean=0 (+/-0).
P2: N=0, mean=0 (+/-0).
Game Durations: N=1, mean=20 (+/-0).
P1: N=1, mean=20 (+/-0).
P2: N=0, mean=0 (+/-0).
=====================================================
=====================================================
Completed 2 games.

Agent 1 (SHUCTAnyTime)
Winning score (between 0 and 1) : N=2, mean=1 (+/-0).
P1: N=1, mean=1 (+/-0).
P2: N=1, mean=1 (+/-0).
Game Durations: N=2, mean=14.5 (+/-10.77978).
P1: N=1, mean=9 (+/-0).
P2: N=1, mean=20 (+/-0).

Agent 2 (SHUCT)
Winning score (between 0 and 1) : N=2, mean=0 (+/-0).
P1: N=1, mean=0 (+/-0).
P2: N=1, mean=0 (+/-0).
Game Durations: N=2, mean=14.5 (+/-10.77978).
P1: N=1, mean=20 (+/-0).
P2: N=1, mean=9 (+/-0).
=====================================================
=====================================================
Completed 3 games.

Agent 1 (SHUCTAnyTime)
Winning score (between 0 and 1) : N=3, mean=0.666667 (+/-0.65332).
P1: N=1, mean=1 (+/-0).
P2: N=2, mean=0.5 (+/-0.97998).
Game Durations: N=3, mean=13.333333 (+/-6.630474).
P1: N=1, mean=9 (+/-0).
P2: N=2, mean=15.5 (+/-8.81982).

Agent 2 (SHUCT)
Winning score (between 0 and 1) : N=3, mean=0.333333 (+/-0.65332).
P1: N=2, mean=0.5 (+/-0.97998).
P2: N=1, mean=0 (+/-0).
Game Durations: N=3, mean=13.333333 (+/-6.630474).
P1: N=2, mean=15.5 (+/-8.81982).
P2: N=1, mean=9 (+/-0).
=====================================================
=====================================================
Completed 4 games.

Agent 1 (SHUCTAnyTime)
Winning score (between 0 and 1) : N=4, mean=0.5 (+/-0.565792).
P1: N=2, mean=0.5 (+/-0.97998).
P2: N=2, mean=0.5 (+/-0.97998).
Game Durations: N=4, mean=12.5 (+/-4.964802).
P1: N=2, mean=9.5 (+/-0.97998).
P2: N=2, mean=15.5 (+/-8.81982).

Agent 2 (SHUCT)
Winning score (between 0 and 1) : N=4, mean=0.5 (+/-0.565792).
P1: N=2, mean=0.5 (+/-0.97998).
P2: N=2, mean=0.5 (+/-0.97998).
Game Durations: N=4, mean=12.5 (+/-4.964802).
P1: N=2, mean=15.5 (+/-8.81982).
P2: N=2, mean=9.5 (+/-0.97998).
=====================================================
=====================================================
Completed 5 games.

Agent 1 (SHUCTAnyTime)
Winning score (between 0 and 1) : N=5, mean=0.4 (+/-0.48009).
P1: N=2, mean=0.5 (+/-0.97998).
P2: N=3, mean=0.333333 (+/-0.65332).
Game Durations: N=5, mean=13 (+/-3.968617).
P1: N=2, mean=9.5 (+/-0.97998).
P2: N=3, mean=15.333333 (+/-5.102592).

Agent 2 (SHUCT)
Winning score (between 0 and 1) : N=5, mean=0.6 (+/-0.48009).
P1: N=3, mean=0.666667 (+/-0.65332).
P2: N=2, mean=0.5 (+/-0.97998).
Game Durations: N=5, mean=13 (+/-3.968617).
P1: N=3, mean=15.333333 (+/-5.102592).
P2: N=2, mean=9.5 (+/-0.97998).
=====================================================
=====================================================
Completed 10 games.

Agent 1 (SHUCTAnyTime)
Winning score (between 0 and 1) : N=10, mean=0.2 (+/-0.261328).
P1: N=5, mean=0.2 (+/-0.391992).
P2: N=5, mean=0.2 (+/-0.391992).
Game Durations: N=10, mean=13.7 (+/-2.26411).
P1: N=5, mean=13 (+/-3.39475).
P2: N=5, mean=14.4 (+/-3.25613).

Agent 2 (SHUCT)
Winning score (between 0 and 1) : N=10, mean=0.8 (+/-0.261328).
P1: N=5, mean=0.8 (+/-0.391992).
P2: N=5, mean=0.8 (+/-0.391992).
Game Durations: N=10, mean=13.7 (+/-2.26411).
P1: N=5, mean=14.4 (+/-3.25613).
P2: N=5, mean=13 (+/-3.39475).
=====================================================
=====================================================
Completed 20 games.

Agent 1 (SHUCTAnyTime)
Winning score (between 0 and 1) : N=20, mean=0.1 (+/-0.134894).
P1: N=10, mean=0.1 (+/-0.195996).
P2: N=10, mean=0.1 (+/-0.195996).
Game Durations: N=20, mean=13.9 (+/-1.385171).
P1: N=10, mean=13.9 (+/-2.11599).
P2: N=10, mean=13.9 (+/-1.903618).

Agent 2 (SHUCT)
Winning score (between 0 and 1) : N=20, mean=0.9 (+/-0.134894).
P1: N=10, mean=0.9 (+/-0.195996).
P2: N=10, mean=0.9 (+/-0.195996).
Game Durations: N=20, mean=13.9 (+/-1.385171).
P1: N=10, mean=13.9 (+/-1.903618).
P2: N=10, mean=13.9 (+/-2.11599).
=====================================================
=====================================================
Completed 30 games.

Agent 1 (SHUCTAnyTime)
Winning score (between 0 and 1) : N=30, mean=0.066667 (+/-0.090786).
P1: N=15, mean=0.066667 (+/-0.130664).
P2: N=15, mean=0.066667 (+/-0.130664).
Game Durations: N=30, mean=14.033333 (+/-1.237746).
P1: N=15, mean=14.733333 (+/-1.954976).
P2: N=15, mean=13.333333 (+/-1.502027).

Agent 2 (SHUCT)
Winning score (between 0 and 1) : N=30, mean=0.933333 (+/-0.090786).
P1: N=15, mean=0.933333 (+/-0.130664).
P2: N=15, mean=0.933333 (+/-0.130664).
Game Durations: N=30, mean=14.033333 (+/-1.237746).
P1: N=15, mean=13.333333 (+/-1.502027).
P2: N=15, mean=14.733333 (+/-1.954976).
=====================================================
=====================================================
Completed 40 games.

Agent 1 (SHUCTAnyTime)
Winning score (between 0 and 1) : N=40, mean=0.1 (+/-0.094153).
P1: N=20, mean=0.1 (+/-0.134894).
P2: N=20, mean=0.1 (+/-0.134894).
Game Durations: N=40, mean=14.1 (+/-1.016489).
P1: N=20, mean=14.2 (+/-1.535393).
P2: N=20, mean=14 (+/-1.371235).

Agent 2 (SHUCT)
Winning score (between 0 and 1) : N=40, mean=0.9 (+/-0.094153).
P1: N=20, mean=0.9 (+/-0.134894).
P2: N=20, mean=0.9 (+/-0.134894).
Game Durations: N=40, mean=14.1 (+/-1.016489).
P1: N=20, mean=14 (+/-1.371235).
P2: N=20, mean=14.2 (+/-1.535393).
=====================================================
=====================================================
Completed 50 games.

Agent 1 (SHUCTAnyTime)
Winning score (between 0 and 1) : N=50, mean=0.12 (+/-0.090987).
P1: N=25, mean=0.16 (+/-0.14667).
P2: N=25, mean=0.08 (+/-0.108538).
Game Durations: N=50, mean=14.66 (+/-0.957908).
P1: N=25, mean=14.72 (+/-1.438135).
P2: N=25, mean=14.6 (+/-1.295156).

Agent 2 (SHUCT)
Winning score (between 0 and 1) : N=50, mean=0.88 (+/-0.090987).
P1: N=25, mean=0.92 (+/-0.108538).
P2: N=25, mean=0.84 (+/-0.14667).
Game Durations: N=50, mean=14.66 (+/-0.957908).
P1: N=25, mean=14.6 (+/-1.295156).
P2: N=25, mean=14.72 (+/-1.438135).
=====================================================
=====================================================
Completed 60 games.

Agent 1 (SHUCTAnyTime)
Winning score (between 0 and 1) : N=60, mean=0.133333 (+/-0.086739).
P1: N=30, mean=0.2 (+/-0.145582).
P2: N=30, mean=0.066667 (+/-0.090786).
Game Durations: N=60, mean=14.3 (+/-0.859392).
P1: N=30, mean=14.333333 (+/-1.244328).
P2: N=30, mean=14.266667 (+/-1.20686).

Agent 2 (SHUCT)
Winning score (between 0 and 1) : N=60, mean=0.866667 (+/-0.086739).
P1: N=30, mean=0.933333 (+/-0.090786).
P2: N=30, mean=0.8 (+/-0.145582).
Game Durations: N=60, mean=14.3 (+/-0.859392).
P1: N=30, mean=14.266667 (+/-1.20686).
P2: N=30, mean=14.333333 (+/-1.244328).
=====================================================
=====================================================
Completed 70 games.

Agent 1 (SHUCTAnyTime)
Winning score (between 0 and 1) : N=70, mean=0.114286 (+/-0.07507).
P1: N=35, mean=0.171429 (+/-0.126682).
P2: N=35, mean=0.057143 (+/-0.078021).
Game Durations: N=70, mean=14.214286 (+/-0.791549).
P1: N=35, mean=14.457143 (+/-1.13446).
P2: N=35, mean=13.971429 (+/-1.114777).

Agent 2 (SHUCT)
Winning score (between 0 and 1) : N=70, mean=0.885714 (+/-0.07507).
P1: N=35, mean=0.942857 (+/-0.078021).
P2: N=35, mean=0.828571 (+/-0.126682).
Game Durations: N=70, mean=14.214286 (+/-0.791549).
P1: N=35, mean=13.971429 (+/-1.114777).
P2: N=35, mean=14.457143 (+/-1.13446).
=====================================================
=====================================================
Completed 80 games.

Agent 1 (SHUCTAnyTime)
Winning score (between 0 and 1) : N=80, mean=0.1 (+/-0.066154).
P1: N=40, mean=0.15 (+/-0.112065).
P2: N=40, mean=0.05 (+/-0.068401).
Game Durations: N=80, mean=13.975 (+/-0.724658).
P1: N=40, mean=14.35 (+/-1.018304).
P2: N=40, mean=13.6 (+/-1.030922).

Agent 2 (SHUCT)
Winning score (between 0 and 1) : N=80, mean=0.9 (+/-0.066154).
P1: N=40, mean=0.95 (+/-0.068401).
P2: N=40, mean=0.85 (+/-0.112065).
Game Durations: N=80, mean=13.975 (+/-0.724658).
P1: N=40, mean=13.6 (+/-1.030922).
P2: N=40, mean=14.35 (+/-1.018304).
=====================================================
=====================================================
Completed 90 games.

Agent 1 (SHUCTAnyTime)
Winning score (between 0 and 1) : N=90, mean=0.088889 (+/-0.059124).
P1: N=45, mean=0.133333 (+/-0.100442).
P2: N=45, mean=0.044444 (+/-0.060892).
Game Durations: N=90, mean=14.144444 (+/-0.686649).
P1: N=45, mean=14.533333 (+/-0.990025).
P2: N=45, mean=13.755556 (+/-0.949116).

Agent 2 (SHUCT)
Winning score (between 0 and 1) : N=90, mean=0.911111 (+/-0.059124).
P1: N=45, mean=0.955556 (+/-0.060892).
P2: N=45, mean=0.866667 (+/-0.100442).
Game Durations: N=90, mean=14.144444 (+/-0.686649).
P1: N=45, mean=13.755556 (+/-0.949116).
P2: N=45, mean=14.533333 (+/-0.990025).
=====================================================
=====================================================
Completed 100 games.

Agent 1 (SHUCTAnyTime)
Winning score (between 0 and 1) : N=100, mean=0.09 (+/-0.056373).
P1: N=50, mean=0.14 (+/-0.097154).
P2: N=50, mean=0.04 (+/-0.054867).
Game Durations: N=100, mean=13.93 (+/-0.651688).
P1: N=50, mean=14.3 (+/-0.932427).
P2: N=50, mean=13.56 (+/-0.908425).

Agent 2 (SHUCT)
Winning score (between 0 and 1) : N=100, mean=0.91 (+/-0.056373).
P1: N=50, mean=0.96 (+/-0.054867).
P2: N=50, mean=0.86 (+/-0.097154).
Game Durations: N=100, mean=13.93 (+/-0.651688).
P1: N=50, mean=13.56 (+/-0.908425).
P2: N=50, mean=14.3 (+/-0.932427).
=====================================================
=====================================================
Completed 110 games.

Agent 1 (SHUCTAnyTime)
Winning score (between 0 and 1) : N=110, mean=0.090909 (+/-0.053969).
P1: N=55, mean=0.145455 (+/-0.094033).
P2: N=55, mean=0.036364 (+/-0.049928).
Game Durations: N=110, mean=13.9 (+/-0.650292).
P1: N=55, mean=14.472727 (+/-0.959445).
P2: N=55, mean=13.327273 (+/-0.860218).

Agent 2 (SHUCT)
Winning score (between 0 and 1) : N=110, mean=0.909091 (+/-0.053969).
P1: N=55, mean=0.963636 (+/-0.049928).
P2: N=55, mean=0.854545 (+/-0.094033).
Game Durations: N=110, mean=13.9 (+/-0.650292).
P1: N=55, mean=13.327273 (+/-0.860218).
P2: N=55, mean=14.472727 (+/-0.959445).
=====================================================
=====================================================
Completed 120 games.

Agent 1 (SHUCTAnyTime)
Winning score (between 0 and 1) : N=120, mean=0.091667 (+/-0.051844).
P1: N=60, mean=0.15 (+/-0.091112).
P2: N=60, mean=0.033333 (+/-0.045804).
Game Durations: N=120, mean=14.041667 (+/-0.640875).
P1: N=60, mean=14.45 (+/-0.908647).
P2: N=60, mean=13.633333 (+/-0.899696).

Agent 2 (SHUCT)
Winning score (between 0 and 1) : N=120, mean=0.908333 (+/-0.051844).
P1: N=60, mean=0.966667 (+/-0.045804).
P2: N=60, mean=0.85 (+/-0.091112).
Game Durations: N=120, mean=14.041667 (+/-0.640875).
P1: N=60, mean=13.633333 (+/-0.899696).
P2: N=60, mean=14.45 (+/-0.908647).
=====================================================
=====================================================
Completed 130 games.

Agent 1 (SHUCTAnyTime)
Winning score (between 0 and 1) : N=130, mean=0.1 (+/-0.051769).
P1: N=65, mean=0.153846 (+/-0.088394).
P2: N=65, mean=0.046154 (+/-0.051404).
Game Durations: N=130, mean=14.123077 (+/-0.613298).
P1: N=65, mean=14.430769 (+/-0.869082).
P2: N=65, mean=13.815385 (+/-0.865807).

Agent 2 (SHUCT)
Winning score (between 0 and 1) : N=130, mean=0.9 (+/-0.051769).
P1: N=65, mean=0.953846 (+/-0.051404).
P2: N=65, mean=0.846154 (+/-0.088394).
Game Durations: N=130, mean=14.123077 (+/-0.613298).
P1: N=65, mean=13.815385 (+/-0.865807).
P2: N=65, mean=14.430769 (+/-0.869082).
=====================================================
=====================================================
Completed 140 games.

Agent 1 (SHUCTAnyTime)
Winning score (between 0 and 1) : N=140, mean=0.1 (+/-0.049872).
P1: N=70, mean=0.142857 (+/-0.082566).
P2: N=70, mean=0.057143 (+/-0.054768).
Game Durations: N=140, mean=14.357143 (+/-0.625523).
P1: N=70, mean=14.685714 (+/-0.901166).
P2: N=70, mean=14.028571 (+/-0.867373).

Agent 2 (SHUCT)
Winning score (between 0 and 1) : N=140, mean=0.9 (+/-0.049872).
P1: N=70, mean=0.942857 (+/-0.054768).
P2: N=70, mean=0.857143 (+/-0.082566).
Game Durations: N=140, mean=14.357143 (+/-0.625523).
P1: N=70, mean=14.028571 (+/-0.867373).
P2: N=70, mean=14.685714 (+/-0.901166).
=====================================================
=====================================================
Completed 150 games.

Agent 1 (SHUCTAnyTime)
Winning score (between 0 and 1) : N=150, mean=0.093333 (+/-0.046709).
P1: N=75, mean=0.133333 (+/-0.077451).
P2: N=75, mean=0.053333 (+/-0.051195).
Game Durations: N=150, mean=14.42 (+/-0.599429).
P1: N=75, mean=14.8 (+/-0.870181).
P2: N=75, mean=14.04 (+/-0.821441).

Agent 2 (SHUCT)
Winning score (between 0 and 1) : N=150, mean=0.906667 (+/-0.046709).
P1: N=75, mean=0.946667 (+/-0.051195).
P2: N=75, mean=0.866667 (+/-0.077451).
Game Durations: N=150, mean=14.42 (+/-0.599429).
P1: N=75, mean=14.04 (+/-0.821441).
P2: N=75, mean=14.8 (+/-0.870181).
=====================================================
