Warming up...
Finished warming up!
=====================================================
Completed 1 games.

Agent 1 (SHUCTAnyTime)
Winning score (between 0 and 1) : N=1, mean=0 (+/-0).
P1: N=1, mean=0 (+/-0).
P2: N=0, mean=0 (+/-0).
Game Durations: N=1, mean=14 (+/-0).
P1: N=1, mean=14 (+/-0).
P2: N=0, mean=0 (+/-0).

Agent 2 (SHUCT)
Winning score (between 0 and 1) : N=1, mean=1 (+/-0).
P1: N=0, mean=0 (+/-0).
P2: N=1, mean=1 (+/-0).
Game Durations: N=1, mean=14 (+/-0).
P1: N=0, mean=0 (+/-0).
P2: N=1, mean=14 (+/-0).
=====================================================
=====================================================
Completed 2 games.

Agent 1 (SHUCTAnyTime)
Winning score (between 0 and 1) : N=2, mean=0 (+/-0).
P1: N=1, mean=0 (+/-0).
P2: N=1, mean=0 (+/-0).
Game Durations: N=2, mean=14.5 (+/-0.97998).
P1: N=1, mean=14 (+/-0).
P2: N=1, mean=15 (+/-0).

Agent 2 (SHUCT)
Winning score (between 0 and 1) : N=2, mean=1 (+/-0).
P1: N=1, mean=1 (+/-0).
P2: N=1, mean=1 (+/-0).
Game Durations: N=2, mean=14.5 (+/-0.97998).
P1: N=1, mean=15 (+/-0).
P2: N=1, mean=14 (+/-0).
=====================================================
=====================================================
Completed 3 games.

Agent 1 (SHUCTAnyTime)
Winning score (between 0 and 1) : N=3, mean=0 (+/-0).
P1: N=2, mean=0 (+/-0).
P2: N=1, mean=0 (+/-0).
Game Durations: N=3, mean=14.333333 (+/-0.65332).
P1: N=2, mean=14 (+/-0).
P2: N=1, mean=15 (+/-0).

Agent 2 (SHUCT)
Winning score (between 0 and 1) : N=3, mean=1 (+/-0).
P1: N=1, mean=1 (+/-0).
P2: N=2, mean=1 (+/-0).
Game Durations: N=3, mean=14.333333 (+/-0.65332).
P1: N=1, mean=15 (+/-0).
P2: N=2, mean=14 (+/-0).
=====================================================
=====================================================
Completed 4 games.

Agent 1 (SHUCTAnyTime)
Winning score (between 0 and 1) : N=4, mean=0.25 (+/-0.48999).
P1: N=2, mean=0 (+/-0).
P2: N=2, mean=0.5 (+/-0.97998).
Game Durations: N=4, mean=17.75 (+/-6.712446).
P1: N=2, mean=14 (+/-0).
P2: N=2, mean=21.5 (+/-12.73974).

Agent 2 (SHUCT)
Winning score (between 0 and 1) : N=4, mean=0.75 (+/-0.48999).
P1: N=2, mean=0.5 (+/-0.97998).
P2: N=2, mean=1 (+/-0).
Game Durations: N=4, mean=17.75 (+/-6.712446).
P1: N=2, mean=21.5 (+/-12.73974).
P2: N=2, mean=14 (+/-0).
=====================================================
=====================================================
Completed 5 games.

Agent 1 (SHUCTAnyTime)
Winning score (between 0 and 1) : N=5, mean=0.2 (+/-0.391992).
P1: N=3, mean=0 (+/-0).
P2: N=2, mean=0.5 (+/-0.97998).
Game Durations: N=5, mean=17.4 (+/-5.244496).
P1: N=3, mean=14.666667 (+/-1.30664).
P2: N=2, mean=21.5 (+/-12.73974).

Agent 2 (SHUCT)
Winning score (between 0 and 1) : N=5, mean=0.8 (+/-0.391992).
P1: N=2, mean=0.5 (+/-0.97998).
P2: N=3, mean=1 (+/-0).
Game Durations: N=5, mean=17.4 (+/-5.244496).
P1: N=2, mean=21.5 (+/-12.73974).
P2: N=3, mean=14.666667 (+/-1.30664).
=====================================================
=====================================================
Completed 10 games.

Agent 1 (SHUCTAnyTime)
Winning score (between 0 and 1) : N=10, mean=0.2 (+/-0.261328).
P1: N=5, mean=0 (+/-0).
P2: N=5, mean=0.4 (+/-0.48009).
Game Durations: N=10, mean=16.1 (+/-2.669034).
P1: N=5, mean=14.8 (+/-0.96018).
P2: N=5, mean=17.4 (+/-5.280992).

Agent 2 (SHUCT)
Winning score (between 0 and 1) : N=10, mean=0.8 (+/-0.261328).
P1: N=5, mean=0.6 (+/-0.48009).
P2: N=5, mean=1 (+/-0).
Game Durations: N=10, mean=16.1 (+/-2.669034).
P1: N=5, mean=17.4 (+/-5.280992).
P2: N=5, mean=14.8 (+/-0.96018).
=====================================================
=====================================================
Completed 20 games.

Agent 1 (SHUCTAnyTime)
Winning score (between 0 and 1) : N=20, mean=0.25 (+/-0.194702).
P1: N=10, mean=0.2 (+/-0.261328).
P2: N=10, mean=0.3 (+/-0.299389).
Game Durations: N=20, mean=15.25 (+/-1.901714).
P1: N=10, mean=14 (+/-1.131583).
P2: N=10, mean=16.5 (+/-3.557446).

Agent 2 (SHUCT)
Winning score (between 0 and 1) : N=20, mean=0.75 (+/-0.194702).
P1: N=10, mean=0.7 (+/-0.299389).
P2: N=10, mean=0.8 (+/-0.261328).
Game Durations: N=20, mean=15.25 (+/-1.901714).
P1: N=10, mean=16.5 (+/-3.557446).
P2: N=10, mean=14 (+/-1.131583).
=====================================================
=====================================================
Completed 30 games.

Agent 1 (SHUCTAnyTime)
Winning score (between 0 and 1) : N=30, mean=0.3 (+/-0.166785).
P1: N=15, mean=0.333333 (+/-0.246932).
P2: N=15, mean=0.266667 (+/-0.231643).
Game Durations: N=30, mean=14.8 (+/-1.432586).
P1: N=15, mean=13.8 (+/-1.271639).
P2: N=15, mean=15.8 (+/-2.517251).

Agent 2 (SHUCT)
Winning score (between 0 and 1) : N=30, mean=0.7 (+/-0.166785).
P1: N=15, mean=0.733333 (+/-0.231643).
P2: N=15, mean=0.666667 (+/-0.246932).
Game Durations: N=30, mean=14.8 (+/-1.432586).
P1: N=15, mean=15.8 (+/-2.517251).
P2: N=15, mean=13.8 (+/-1.271639).
=====================================================
=====================================================
Completed 40 games.

Agent 1 (SHUCTAnyTime)
Winning score (between 0 and 1) : N=40, mean=0.275 (+/-0.140136).
P1: N=20, mean=0.25 (+/-0.194702).
P2: N=20, mean=0.3 (+/-0.206054).
Game Durations: N=40, mean=14.875 (+/-1.223969).
P1: N=20, mean=14.15 (+/-1.289746).
P2: N=20, mean=15.6 (+/-2.067392).

Agent 2 (SHUCT)
Winning score (between 0 and 1) : N=40, mean=0.725 (+/-0.140136).
P1: N=20, mean=0.7 (+/-0.206054).
P2: N=20, mean=0.75 (+/-0.194702).
Game Durations: N=40, mean=14.875 (+/-1.223969).
P1: N=20, mean=15.6 (+/-2.067392).
P2: N=20, mean=14.15 (+/-1.289746).
=====================================================
=====================================================
Completed 50 games.

Agent 1 (SHUCTAnyTime)
Winning score (between 0 and 1) : N=50, mean=0.3 (+/-0.12831).
P1: N=25, mean=0.24 (+/-0.170865).
P2: N=25, mean=0.36 (+/-0.192036).
Game Durations: N=50, mean=14.88 (+/-1.205784).
P1: N=25, mean=14.24 (+/-1.133167).
P2: N=25, mean=15.52 (+/-2.126414).

Agent 2 (SHUCT)
Winning score (between 0 and 1) : N=50, mean=0.7 (+/-0.12831).
P1: N=25, mean=0.64 (+/-0.192036).
P2: N=25, mean=0.76 (+/-0.170865).
Game Durations: N=50, mean=14.88 (+/-1.205784).
P1: N=25, mean=15.52 (+/-2.126414).
P2: N=25, mean=14.24 (+/-1.133167).
=====================================================
=====================================================
Completed 60 games.

Agent 1 (SHUCTAnyTime)
Winning score (between 0 and 1) : N=60, mean=0.316667 (+/-0.118697).
P1: N=30, mean=0.3 (+/-0.166785).
P2: N=30, mean=0.333333 (+/-0.17157).
Game Durations: N=60, mean=14.75 (+/-1.051686).
P1: N=30, mean=14.233333 (+/-1.010737).
P2: N=30, mean=15.266667 (+/-1.846115).

Agent 2 (SHUCT)
Winning score (between 0 and 1) : N=60, mean=0.683333 (+/-0.118697).
P1: N=30, mean=0.666667 (+/-0.17157).
P2: N=30, mean=0.7 (+/-0.166785).
Game Durations: N=60, mean=14.75 (+/-1.051686).
P1: N=30, mean=15.266667 (+/-1.846115).
P2: N=30, mean=14.233333 (+/-1.010737).
=====================================================
=====================================================
Completed 70 games.

Agent 1 (SHUCTAnyTime)
Winning score (between 0 and 1) : N=70, mean=0.314286 (+/-0.109536).
P1: N=35, mean=0.285714 (+/-0.151848).
P2: N=35, mean=0.342857 (+/-0.159549).
Game Durations: N=70, mean=14.585714 (+/-0.962574).
P1: N=35, mean=14.457143 (+/-0.994994).
P2: N=35, mean=14.714286 (+/-1.663414).

Agent 2 (SHUCT)
Winning score (between 0 and 1) : N=70, mean=0.685714 (+/-0.109536).
P1: N=35, mean=0.657143 (+/-0.159549).
P2: N=35, mean=0.714286 (+/-0.151848).
Game Durations: N=70, mean=14.585714 (+/-0.962574).
P1: N=35, mean=14.714286 (+/-1.663414).
P2: N=35, mean=14.457143 (+/-0.994994).
=====================================================
=====================================================
Completed 80 games.

Agent 1 (SHUCTAnyTime)
Winning score (between 0 and 1) : N=80, mean=0.2875 (+/-0.099803).
P1: N=40, mean=0.275 (+/-0.140136).
P2: N=40, mean=0.3 (+/-0.143822).
Game Durations: N=80, mean=14.4625 (+/-0.89501).
P1: N=40, mean=14.375 (+/-0.900596).
P2: N=40, mean=14.55 (+/-1.559701).

Agent 2 (SHUCT)
Winning score (between 0 and 1) : N=80, mean=0.7125 (+/-0.099803).
P1: N=40, mean=0.7 (+/-0.143822).
P2: N=40, mean=0.725 (+/-0.140136).
Game Durations: N=80, mean=14.4625 (+/-0.89501).
P1: N=40, mean=14.55 (+/-1.559701).
P2: N=40, mean=14.375 (+/-0.900596).
=====================================================
=====================================================
Completed 90 games.

Agent 1 (SHUCTAnyTime)
Winning score (between 0 and 1) : N=90, mean=0.288889 (+/-0.094164).
P1: N=45, mean=0.288889 (+/-0.133923).
P2: N=45, mean=0.288889 (+/-0.133923).
Game Durations: N=90, mean=14.522222 (+/-0.840334).
P1: N=45, mean=14.6 (+/-0.868516).
P2: N=45, mean=14.444444 (+/-1.44961).

Agent 2 (SHUCT)
Winning score (between 0 and 1) : N=90, mean=0.711111 (+/-0.094164).
P1: N=45, mean=0.711111 (+/-0.133923).
P2: N=45, mean=0.711111 (+/-0.133923).
Game Durations: N=90, mean=14.522222 (+/-0.840334).
P1: N=45, mean=14.444444 (+/-1.44961).
P2: N=45, mean=14.6 (+/-0.868516).
=====================================================
=====================================================
Completed 100 games.

Agent 1 (SHUCTAnyTime)
Winning score (between 0 and 1) : N=100, mean=0.28 (+/-0.088445).
P1: N=50, mean=0.28 (+/-0.125717).
P2: N=50, mean=0.28 (+/-0.125717).
Game Durations: N=100, mean=14.5 (+/-0.77327).
P1: N=50, mean=14.6 (+/-0.791943).
P2: N=50, mean=14.4 (+/-1.336954).

Agent 2 (SHUCT)
Winning score (between 0 and 1) : N=100, mean=0.72 (+/-0.088445).
P1: N=50, mean=0.72 (+/-0.125717).
P2: N=50, mean=0.72 (+/-0.125717).
Game Durations: N=100, mean=14.5 (+/-0.77327).
P1: N=50, mean=14.4 (+/-1.336954).
P2: N=50, mean=14.6 (+/-0.791943).
=====================================================
=====================================================
Completed 110 games.

Agent 1 (SHUCTAnyTime)
Winning score (between 0 and 1) : N=110, mean=0.272727 (+/-0.083608).
P1: N=55, mean=0.272727 (+/-0.118785).
P2: N=55, mean=0.272727 (+/-0.118785).
Game Durations: N=110, mean=14.481818 (+/-0.724308).
P1: N=55, mean=14.672727 (+/-0.763006).
P2: N=55, mean=14.290909 (+/-1.237157).

Agent 2 (SHUCT)
Winning score (between 0 and 1) : N=110, mean=0.727273 (+/-0.083608).
P1: N=55, mean=0.727273 (+/-0.118785).
P2: N=55, mean=0.727273 (+/-0.118785).
Game Durations: N=110, mean=14.481818 (+/-0.724308).
P1: N=55, mean=14.290909 (+/-1.237157).
P2: N=55, mean=14.672727 (+/-0.763006).
=====================================================
=====================================================
Completed 120 games.

Agent 1 (SHUCTAnyTime)
Winning score (between 0 and 1) : N=120, mean=0.25 (+/-0.077799).
P1: N=60, mean=0.25 (+/-0.11049).
P2: N=60, mean=0.25 (+/-0.11049).
Game Durations: N=120, mean=14.483333 (+/-0.690416).
P1: N=60, mean=14.783333 (+/-0.769865).
P2: N=60, mean=14.183333 (+/-1.148235).

Agent 2 (SHUCT)
Winning score (between 0 and 1) : N=120, mean=0.75 (+/-0.077799).
P1: N=60, mean=0.75 (+/-0.11049).
P2: N=60, mean=0.75 (+/-0.11049).
Game Durations: N=120, mean=14.483333 (+/-0.690416).
P1: N=60, mean=14.183333 (+/-1.148235).
P2: N=60, mean=14.783333 (+/-0.769865).
=====================================================
=====================================================
Completed 130 games.

Agent 1 (SHUCTAnyTime)
Winning score (between 0 and 1) : N=130, mean=0.253846 (+/-0.075102).
P1: N=65, mean=0.261538 (+/-0.107669).
P2: N=65, mean=0.246154 (+/-0.105536).
Game Durations: N=130, mean=14.323077 (+/-0.664634).
P1: N=65, mean=14.692308 (+/-0.777031).
P2: N=65, mean=13.953846 (+/-1.077319).

Agent 2 (SHUCT)
Winning score (between 0 and 1) : N=130, mean=0.746154 (+/-0.075102).
P1: N=65, mean=0.753846 (+/-0.105536).
P2: N=65, mean=0.738462 (+/-0.107669).
Game Durations: N=130, mean=14.323077 (+/-0.664634).
P1: N=65, mean=13.953846 (+/-1.077319).
P2: N=65, mean=14.692308 (+/-0.777031).
=====================================================
=====================================================
Completed 140 games.

Agent 1 (SHUCTAnyTime)
Winning score (between 0 and 1) : N=140, mean=0.25 (+/-0.071985).
P1: N=70, mean=0.271429 (+/-0.104927).
P2: N=70, mean=0.228571 (+/-0.099079).
Game Durations: N=140, mean=14.207143 (+/-0.633807).
P1: N=70, mean=14.5 (+/-0.753305).
P2: N=70, mean=13.914286 (+/-1.020526).

Agent 2 (SHUCT)
Winning score (between 0 and 1) : N=140, mean=0.75 (+/-0.071985).
P1: N=70, mean=0.771429 (+/-0.099079).
P2: N=70, mean=0.728571 (+/-0.104927).
Game Durations: N=140, mean=14.207143 (+/-0.633807).
P1: N=70, mean=13.914286 (+/-1.020526).
P2: N=70, mean=14.5 (+/-0.753305).
=====================================================
=====================================================
Completed 150 games.

Agent 1 (SHUCTAnyTime)
Winning score (between 0 and 1) : N=150, mean=0.246667 (+/-0.069215).
P1: N=75, mean=0.28 (+/-0.1023).
P2: N=75, mean=0.213333 (+/-0.093337).
Game Durations: N=150, mean=14.12 (+/-0.610129).
P1: N=75, mean=14.386667 (+/-0.714605).
P2: N=75, mean=13.853333 (+/-0.990478).

Agent 2 (SHUCT)
Winning score (between 0 and 1) : N=150, mean=0.753333 (+/-0.069215).
P1: N=75, mean=0.786667 (+/-0.093337).
P2: N=75, mean=0.72 (+/-0.1023).
Game Durations: N=150, mean=14.12 (+/-0.610129).
P1: N=75, mean=13.853333 (+/-0.990478).
P2: N=75, mean=14.386667 (+/-0.714605).
=====================================================
