Warming up...
Finished warming up!
=====================================================
Completed 1 games.

Agent 1 (SHUCTAnyTime)
Winning score (between 0 and 1) : N=1, mean=1 (+/-0).
P1: N=1, mean=1 (+/-0).
P2: N=0, mean=0 (+/-0).
Game Durations: N=1, mean=23 (+/-0).
P1: N=1, mean=23 (+/-0).
P2: N=0, mean=0 (+/-0).

Agent 2 (SHUCT)
Winning score (between 0 and 1) : N=1, mean=0 (+/-0).
P1: N=0, mean=0 (+/-0).
P2: N=1, mean=0 (+/-0).
Game Durations: N=1, mean=23 (+/-0).
P1: N=0, mean=0 (+/-0).
P2: N=1, mean=23 (+/-0).
=====================================================
=====================================================
Completed 2 games.

Agent 1 (SHUCTAnyTime)
Winning score (between 0 and 1) : N=2, mean=0.5 (+/-0.97998).
P1: N=1, mean=1 (+/-0).
P2: N=1, mean=0 (+/-0).
Game Durations: N=2, mean=17 (+/-11.75976).
P1: N=1, mean=23 (+/-0).
P2: N=1, mean=11 (+/-0).

Agent 2 (SHUCT)
Winning score (between 0 and 1) : N=2, mean=0.5 (+/-0.97998).
P1: N=1, mean=1 (+/-0).
P2: N=1, mean=0 (+/-0).
Game Durations: N=2, mean=17 (+/-11.75976).
P1: N=1, mean=11 (+/-0).
P2: N=1, mean=23 (+/-0).
=====================================================
=====================================================
Completed 3 games.

Agent 1 (SHUCTAnyTime)
Winning score (between 0 and 1) : N=3, mean=0.333333 (+/-0.65332).
P1: N=2, mean=0.5 (+/-0.97998).
P2: N=1, mean=0 (+/-0).
Game Durations: N=3, mean=17.333333 (+/-6.820861).
P1: N=2, mean=20.5 (+/-4.8999).
P2: N=1, mean=11 (+/-0).

Agent 2 (SHUCT)
Winning score (between 0 and 1) : N=3, mean=0.666667 (+/-0.65332).
P1: N=1, mean=1 (+/-0).
P2: N=2, mean=0.5 (+/-0.97998).
Game Durations: N=3, mean=17.333333 (+/-6.820861).
P1: N=1, mean=11 (+/-0).
P2: N=2, mean=20.5 (+/-4.8999).
=====================================================
=====================================================
Completed 4 games.

Agent 1 (SHUCTAnyTime)
Winning score (between 0 and 1) : N=4, mean=0.25 (+/-0.48999).
P1: N=2, mean=0.5 (+/-0.97998).
P2: N=2, mean=0 (+/-0).
Game Durations: N=4, mean=18.75 (+/-5.565217).
P1: N=2, mean=20.5 (+/-4.8999).
P2: N=2, mean=17 (+/-11.75976).

Agent 2 (SHUCT)
Winning score (between 0 and 1) : N=4, mean=0.75 (+/-0.48999).
P1: N=2, mean=1 (+/-0).
P2: N=2, mean=0.5 (+/-0.97998).
Game Durations: N=4, mean=18.75 (+/-5.565217).
P1: N=2, mean=17 (+/-11.75976).
P2: N=2, mean=20.5 (+/-4.8999).
=====================================================
=====================================================
Completed 5 games.

Agent 1 (SHUCTAnyTime)
Winning score (between 0 and 1) : N=5, mean=0.2 (+/-0.391992).
P1: N=3, mean=0.333333 (+/-0.65332).
P2: N=2, mean=0 (+/-0).
Game Durations: N=5, mean=17.4 (+/-5.058064).
P1: N=3, mean=17.666667 (+/-6.232276).
P2: N=2, mean=17 (+/-11.75976).

Agent 2 (SHUCT)
Winning score (between 0 and 1) : N=5, mean=0.8 (+/-0.391992).
P1: N=2, mean=1 (+/-0).
P2: N=3, mean=0.666667 (+/-0.65332).
Game Durations: N=5, mean=17.4 (+/-5.058064).
P1: N=2, mean=17 (+/-11.75976).
P2: N=3, mean=17.666667 (+/-6.232276).
=====================================================
=====================================================
Completed 10 games.

Agent 1 (SHUCTAnyTime)
Winning score (between 0 and 1) : N=10, mean=0.2 (+/-0.261328).
P1: N=5, mean=0.2 (+/-0.391992).
P2: N=5, mean=0.2 (+/-0.391992).
Game Durations: N=10, mean=15.9 (+/-3.070604).
P1: N=5, mean=17.8 (+/-3.635184).
P2: N=5, mean=14 (+/-4.720209).

Agent 2 (SHUCT)
Winning score (between 0 and 1) : N=10, mean=0.8 (+/-0.261328).
P1: N=5, mean=0.8 (+/-0.391992).
P2: N=5, mean=0.8 (+/-0.391992).
Game Durations: N=10, mean=15.9 (+/-3.070604).
P1: N=5, mean=14 (+/-4.720209).
P2: N=5, mean=17.8 (+/-3.635184).
=====================================================
=====================================================
Completed 20 games.

Agent 1 (SHUCTAnyTime)
Winning score (between 0 and 1) : N=20, mean=0.25 (+/-0.194702).
P1: N=10, mean=0.3 (+/-0.299389).
P2: N=10, mean=0.2 (+/-0.261328).
Game Durations: N=20, mean=15.35 (+/-2.095923).
P1: N=10, mean=16.1 (+/-2.604281).
P2: N=10, mean=14.6 (+/-3.359361).

Agent 2 (SHUCT)
Winning score (between 0 and 1) : N=20, mean=0.75 (+/-0.194702).
P1: N=10, mean=0.8 (+/-0.261328).
P2: N=10, mean=0.7 (+/-0.299389).
Game Durations: N=20, mean=15.35 (+/-2.095923).
P1: N=10, mean=14.6 (+/-3.359361).
P2: N=10, mean=16.1 (+/-2.604281).
=====================================================
=====================================================
Completed 30 games.

Agent 1 (SHUCTAnyTime)
Winning score (between 0 and 1) : N=30, mean=0.233333 (+/-0.153936).
P1: N=15, mean=0.2 (+/-0.209529).
P2: N=15, mean=0.266667 (+/-0.231643).
Game Durations: N=30, mean=14.733333 (+/-1.597355).
P1: N=15, mean=15.8 (+/-2.052952).
P2: N=15, mean=13.666667 (+/-2.394092).

Agent 2 (SHUCT)
Winning score (between 0 and 1) : N=30, mean=0.766667 (+/-0.153936).
P1: N=15, mean=0.733333 (+/-0.231643).
P2: N=15, mean=0.8 (+/-0.209529).
Game Durations: N=30, mean=14.733333 (+/-1.597355).
P1: N=15, mean=13.666667 (+/-2.394092).
P2: N=15, mean=15.8 (+/-2.052952).
=====================================================
=====================================================
Completed 40 games.

Agent 1 (SHUCTAnyTime)
Winning score (between 0 and 1) : N=40, mean=0.175 (+/-0.119251).
P1: N=20, mean=0.15 (+/-0.160556).
P2: N=20, mean=0.2 (+/-0.179858).
Game Durations: N=40, mean=14.425 (+/-1.331323).
P1: N=20, mean=15.75 (+/-1.75808).
P2: N=20, mean=13.1 (+/-1.864268).

Agent 2 (SHUCT)
Winning score (between 0 and 1) : N=40, mean=0.825 (+/-0.119251).
P1: N=20, mean=0.8 (+/-0.179858).
P2: N=20, mean=0.85 (+/-0.160556).
Game Durations: N=40, mean=14.425 (+/-1.331323).
P1: N=20, mean=13.1 (+/-1.864268).
P2: N=20, mean=15.75 (+/-1.75808).
=====================================================
=====================================================
Completed 50 games.

Agent 1 (SHUCTAnyTime)
Winning score (between 0 and 1) : N=50, mean=0.16 (+/-0.102648).
P1: N=25, mean=0.12 (+/-0.130009).
P2: N=25, mean=0.2 (+/-0.16003).
Game Durations: N=50, mean=14.02 (+/-1.146938).
P1: N=25, mean=15.16 (+/-1.554352).
P2: N=25, mean=12.88 (+/-1.593565).

Agent 2 (SHUCT)
Winning score (between 0 and 1) : N=50, mean=0.84 (+/-0.102648).
P1: N=25, mean=0.8 (+/-0.16003).
P2: N=25, mean=0.88 (+/-0.130009).
Game Durations: N=50, mean=14.02 (+/-1.146938).
P1: N=25, mean=12.88 (+/-1.593565).
P2: N=25, mean=15.16 (+/-1.554352).
=====================================================
=====================================================
Completed 60 games.

Agent 1 (SHUCTAnyTime)
Winning score (between 0 and 1) : N=60, mean=0.183333 (+/-0.098733).
P1: N=30, mean=0.133333 (+/-0.123721).
P2: N=30, mean=0.233333 (+/-0.153936).
Game Durations: N=60, mean=14.083333 (+/-1.026271).
P1: N=30, mean=14.733333 (+/-1.393632).
P2: N=30, mean=13.433333 (+/-1.493795).

Agent 2 (SHUCT)
Winning score (between 0 and 1) : N=60, mean=0.816667 (+/-0.098733).
P1: N=30, mean=0.766667 (+/-0.153936).
P2: N=30, mean=0.866667 (+/-0.123721).
Game Durations: N=60, mean=14.083333 (+/-1.026271).
P1: N=30, mean=13.433333 (+/-1.493795).
P2: N=30, mean=14.733333 (+/-1.393632).
=====================================================
=====================================================
Completed 70 games.

Agent 1 (SHUCTAnyTime)
Winning score (between 0 and 1) : N=70, mean=0.185714 (+/-0.091756).
P1: N=35, mean=0.142857 (+/-0.117621).
P2: N=35, mean=0.228571 (+/-0.141145).
Game Durations: N=70, mean=14.142857 (+/-0.939825).
P1: N=35, mean=14.942857 (+/-1.272847).
P2: N=35, mean=13.342857 (+/-1.349178).

Agent 2 (SHUCT)
Winning score (between 0 and 1) : N=70, mean=0.814286 (+/-0.091756).
P1: N=35, mean=0.771429 (+/-0.141145).
P2: N=35, mean=0.857143 (+/-0.117621).
Game Durations: N=70, mean=14.142857 (+/-0.939825).
P1: N=35, mean=13.342857 (+/-1.349178).
P2: N=35, mean=14.942857 (+/-1.272847).
=====================================================
=====================================================
Completed 80 games.

Agent 1 (SHUCTAnyTime)
Winning score (between 0 and 1) : N=80, mean=0.1875 (+/-0.086069).
P1: N=40, mean=0.15 (+/-0.112065).
P2: N=40, mean=0.225 (+/-0.131056).
Game Durations: N=80, mean=14.3625 (+/-0.88153).
P1: N=40, mean=15 (+/-1.225603).
P2: N=40, mean=13.725 (+/-1.251425).

Agent 2 (SHUCT)
Winning score (between 0 and 1) : N=80, mean=0.8125 (+/-0.086069).
P1: N=40, mean=0.775 (+/-0.131056).
P2: N=40, mean=0.85 (+/-0.112065).
Game Durations: N=80, mean=14.3625 (+/-0.88153).
P1: N=40, mean=13.725 (+/-1.251425).
P2: N=40, mean=15 (+/-1.225603).
=====================================================
=====================================================
Completed 90 games.

Agent 1 (SHUCTAnyTime)
Winning score (between 0 and 1) : N=90, mean=0.166667 (+/-0.077426).
P1: N=45, mean=0.133333 (+/-0.100442).
P2: N=45, mean=0.2 (+/-0.11819).
Game Durations: N=90, mean=14.422222 (+/-0.833889).
P1: N=45, mean=15.111111 (+/-1.126811).
P2: N=45, mean=13.733333 (+/-1.208522).

Agent 2 (SHUCT)
Winning score (between 0 and 1) : N=90, mean=0.833333 (+/-0.077426).
P1: N=45, mean=0.8 (+/-0.11819).
P2: N=45, mean=0.866667 (+/-0.100442).
Game Durations: N=90, mean=14.422222 (+/-0.833889).
P1: N=45, mean=13.733333 (+/-1.208522).
P2: N=45, mean=15.111111 (+/-1.126811).
=====================================================
=====================================================
Completed 100 games.

Agent 1 (SHUCTAnyTime)
Winning score (between 0 and 1) : N=100, mean=0.18 (+/-0.075679).
P1: N=50, mean=0.16 (+/-0.102648).
P2: N=50, mean=0.2 (+/-0.111998).
Game Durations: N=100, mean=14.32 (+/-0.79815).
P1: N=50, mean=14.72 (+/-1.072842).
P2: N=50, mean=13.92 (+/-1.182412).

Agent 2 (SHUCT)
Winning score (between 0 and 1) : N=100, mean=0.82 (+/-0.075679).
P1: N=50, mean=0.8 (+/-0.111998).
P2: N=50, mean=0.84 (+/-0.102648).
Game Durations: N=100, mean=14.32 (+/-0.79815).
P1: N=50, mean=13.92 (+/-1.182412).
P2: N=50, mean=14.72 (+/-1.072842).
=====================================================
=====================================================
Completed 110 games.

Agent 1 (SHUCTAnyTime)
Winning score (between 0 and 1) : N=110, mean=0.172727 (+/-0.070964).
P1: N=55, mean=0.163636 (+/-0.098671).
P2: N=55, mean=0.181818 (+/-0.102871).
Game Durations: N=110, mean=14.254545 (+/-0.759168).
P1: N=55, mean=14.6 (+/-1.033115).
P2: N=55, mean=13.909091 (+/-1.114623).

Agent 2 (SHUCT)
Winning score (between 0 and 1) : N=110, mean=0.827273 (+/-0.070964).
P1: N=55, mean=0.818182 (+/-0.102871).
P2: N=55, mean=0.836364 (+/-0.098671).
Game Durations: N=110, mean=14.254545 (+/-0.759168).
P1: N=55, mean=13.909091 (+/-1.114623).
P2: N=55, mean=14.6 (+/-1.033115).
=====================================================
=====================================================
Completed 120 games.

Agent 1 (SHUCTAnyTime)
Winning score (between 0 and 1) : N=120, mean=0.175 (+/-0.068268).
P1: N=60, mean=0.183333 (+/-0.098733).
P2: N=60, mean=0.166667 (+/-0.095094).
Game Durations: N=120, mean=14.108333 (+/-0.730482).
P1: N=60, mean=14.516667 (+/-1.013717).
P2: N=60, mean=13.7 (+/-1.050318).

Agent 2 (SHUCT)
Winning score (between 0 and 1) : N=120, mean=0.825 (+/-0.068268).
P1: N=60, mean=0.833333 (+/-0.095094).
P2: N=60, mean=0.816667 (+/-0.098733).
Game Durations: N=120, mean=14.108333 (+/-0.730482).
P1: N=60, mean=13.7 (+/-1.050318).
P2: N=60, mean=14.516667 (+/-1.013717).
=====================================================
=====================================================
Completed 130 games.

Agent 1 (SHUCTAnyTime)
Winning score (between 0 and 1) : N=130, mean=0.169231 (+/-0.064704).
P1: N=65, mean=0.184615 (+/-0.095054).
P2: N=65, mean=0.153846 (+/-0.088394).
Game Durations: N=130, mean=14.084615 (+/-0.698518).
P1: N=65, mean=14.615385 (+/-0.956801).
P2: N=65, mean=13.553846 (+/-1.008796).

Agent 2 (SHUCT)
Winning score (between 0 and 1) : N=130, mean=0.830769 (+/-0.064704).
P1: N=65, mean=0.846154 (+/-0.088394).
P2: N=65, mean=0.815385 (+/-0.095054).
Game Durations: N=130, mean=14.084615 (+/-0.698518).
P1: N=65, mean=13.553846 (+/-1.008796).
P2: N=65, mean=14.615385 (+/-0.956801).
=====================================================
=====================================================
Completed 140 games.

Agent 1 (SHUCTAnyTime)
Winning score (between 0 and 1) : N=140, mean=0.178571 (+/-0.063669).
P1: N=70, mean=0.185714 (+/-0.091756).
P2: N=70, mean=0.171429 (+/-0.088926).
Game Durations: N=140, mean=14.192857 (+/-0.686841).
P1: N=70, mean=14.728571 (+/-0.925013).
P2: N=70, mean=13.657143 (+/-1.006513).

Agent 2 (SHUCT)
Winning score (between 0 and 1) : N=140, mean=0.821429 (+/-0.063669).
P1: N=70, mean=0.828571 (+/-0.088926).
P2: N=70, mean=0.814286 (+/-0.091756).
Game Durations: N=140, mean=14.192857 (+/-0.686841).
P1: N=70, mean=13.657143 (+/-1.006513).
P2: N=70, mean=14.728571 (+/-0.925013).
=====================================================
=====================================================
Completed 150 games.

Agent 1 (SHUCTAnyTime)
Winning score (between 0 and 1) : N=150, mean=0.173333 (+/-0.06078).
P1: N=75, mean=0.173333 (+/-0.086246).
P2: N=75, mean=0.173333 (+/-0.086246).
Game Durations: N=150, mean=14.326667 (+/-0.679076).
P1: N=75, mean=14.733333 (+/-0.920682).
P2: N=75, mean=13.92 (+/-0.996099).

Agent 2 (SHUCT)
Winning score (between 0 and 1) : N=150, mean=0.826667 (+/-0.06078).
P1: N=75, mean=0.826667 (+/-0.086246).
P2: N=75, mean=0.826667 (+/-0.086246).
Game Durations: N=150, mean=14.326667 (+/-0.679076).
P1: N=75, mean=13.92 (+/-0.996099).
P2: N=75, mean=14.733333 (+/-0.920682).
=====================================================
