Warming up...
Finished warming up!
=====================================================
Completed 1 games.

Agent 1 (SHUCTAnyTime)
Winning score (between 0 and 1) : N=1, mean=0 (+/-0).
P1: N=0, mean=0 (+/-0).
P2: N=1, mean=0 (+/-0).
Game Durations: N=1, mean=9 (+/-0).
P1: N=0, mean=0 (+/-0).
P2: N=1, mean=9 (+/-0).

Agent 2 (SHUCT)
Winning score (between 0 and 1) : N=1, mean=1 (+/-0).
P1: N=1, mean=1 (+/-0).
P2: N=0, mean=0 (+/-0).
Game Durations: N=1, mean=9 (+/-0).
P1: N=1, mean=9 (+/-0).
P2: N=0, mean=0 (+/-0).
=====================================================
=====================================================
Completed 2 games.

Agent 1 (SHUCTAnyTime)
Winning score (between 0 and 1) : N=2, mean=0 (+/-0).
P1: N=1, mean=0 (+/-0).
P2: N=1, mean=0 (+/-0).
Game Durations: N=2, mean=10.5 (+/-2.93994).
P1: N=1, mean=12 (+/-0).
P2: N=1, mean=9 (+/-0).

Agent 2 (SHUCT)
Winning score (between 0 and 1) : N=2, mean=1 (+/-0).
P1: N=1, mean=1 (+/-0).
P2: N=1, mean=1 (+/-0).
Game Durations: N=2, mean=10.5 (+/-2.93994).
P1: N=1, mean=9 (+/-0).
P2: N=1, mean=12 (+/-0).
=====================================================
=====================================================
Completed 3 games.

Agent 1 (SHUCTAnyTime)
Winning score (between 0 and 1) : N=3, mean=0 (+/-0).
P1: N=1, mean=0 (+/-0).
P2: N=2, mean=0 (+/-0).
Game Durations: N=3, mean=13.333333 (+/-5.806835).
P1: N=1, mean=12 (+/-0).
P2: N=2, mean=14 (+/-9.7998).

Agent 2 (SHUCT)
Winning score (between 0 and 1) : N=3, mean=1 (+/-0).
P1: N=2, mean=1 (+/-0).
P2: N=1, mean=1 (+/-0).
Game Durations: N=3, mean=13.333333 (+/-5.806835).
P1: N=2, mean=14 (+/-9.7998).
P2: N=1, mean=12 (+/-0).
=====================================================
=====================================================
Completed 4 games.

Agent 1 (SHUCTAnyTime)
Winning score (between 0 and 1) : N=4, mean=0.25 (+/-0.48999).
P1: N=2, mean=0.5 (+/-0.97998).
P2: N=2, mean=0 (+/-0).
Game Durations: N=4, mean=12.75 (+/-4.262256).
P1: N=2, mean=11.5 (+/-0.97998).
P2: N=2, mean=14 (+/-9.7998).

Agent 2 (SHUCT)
Winning score (between 0 and 1) : N=4, mean=0.75 (+/-0.48999).
P1: N=2, mean=1 (+/-0).
P2: N=2, mean=0.5 (+/-0.97998).
Game Durations: N=4, mean=12.75 (+/-4.262256).
P1: N=2, mean=14 (+/-9.7998).
P2: N=2, mean=11.5 (+/-0.97998).
=====================================================
=====================================================
Completed 5 games.

Agent 1 (SHUCTAnyTime)
Winning score (between 0 and 1) : N=5, mean=0.2 (+/-0.391992).
P1: N=2, mean=0.5 (+/-0.97998).
P2: N=3, mean=0 (+/-0).
Game Durations: N=5, mean=12 (+/-3.613988).
P1: N=2, mean=11.5 (+/-0.97998).
P2: N=3, mean=12.333333 (+/-6.5332).

Agent 2 (SHUCT)
Winning score (between 0 and 1) : N=5, mean=0.8 (+/-0.391992).
P1: N=3, mean=1 (+/-0).
P2: N=2, mean=0.5 (+/-0.97998).
Game Durations: N=5, mean=12 (+/-3.613988).
P1: N=3, mean=12.333333 (+/-6.5332).
P2: N=2, mean=11.5 (+/-0.97998).
=====================================================
=====================================================
Completed 10 games.

Agent 1 (SHUCTAnyTime)
Winning score (between 0 and 1) : N=10, mean=0.2 (+/-0.261328).
P1: N=5, mean=0.4 (+/-0.48009).
P2: N=5, mean=0 (+/-0).
Game Durations: N=10, mean=13.3 (+/-2.356485).
P1: N=5, mean=12 (+/-1.073514).
P2: N=5, mean=14.6 (+/-4.537635).

Agent 2 (SHUCT)
Winning score (between 0 and 1) : N=10, mean=0.8 (+/-0.261328).
P1: N=5, mean=1 (+/-0).
P2: N=5, mean=0.6 (+/-0.48009).
Game Durations: N=10, mean=13.3 (+/-2.356485).
P1: N=5, mean=14.6 (+/-4.537635).
P2: N=5, mean=12 (+/-1.073514).
=====================================================
=====================================================
Completed 20 games.

Agent 1 (SHUCTAnyTime)
Winning score (between 0 and 1) : N=20, mean=0.2 (+/-0.179858).
P1: N=10, mean=0.3 (+/-0.299389).
P2: N=10, mean=0.1 (+/-0.195996).
Game Durations: N=20, mean=13.9 (+/-1.681819).
P1: N=10, mean=14.1 (+/-2.012607).
P2: N=10, mean=13.7 (+/-2.803192).

Agent 2 (SHUCT)
Winning score (between 0 and 1) : N=20, mean=0.8 (+/-0.179858).
P1: N=10, mean=0.9 (+/-0.195996).
P2: N=10, mean=0.7 (+/-0.299389).
Game Durations: N=20, mean=13.9 (+/-1.681819).
P1: N=10, mean=13.7 (+/-2.803192).
P2: N=10, mean=14.1 (+/-2.012607).
=====================================================
=====================================================
Completed 30 games.

Agent 1 (SHUCTAnyTime)
Winning score (between 0 and 1) : N=30, mean=0.3 (+/-0.166785).
P1: N=15, mean=0.466667 (+/-0.261328).
P2: N=15, mean=0.133333 (+/-0.178065).
Game Durations: N=30, mean=13.533333 (+/-1.344612).
P1: N=15, mean=13.133333 (+/-1.833292).
P2: N=15, mean=13.933333 (+/-2.010334).

Agent 2 (SHUCT)
Winning score (between 0 and 1) : N=30, mean=0.7 (+/-0.166785).
P1: N=15, mean=0.866667 (+/-0.178065).
P2: N=15, mean=0.533333 (+/-0.261328).
Game Durations: N=30, mean=13.533333 (+/-1.344612).
P1: N=15, mean=13.933333 (+/-2.010334).
P2: N=15, mean=13.133333 (+/-1.833292).
=====================================================
=====================================================
Completed 40 games.

Agent 1 (SHUCTAnyTime)
Winning score (between 0 and 1) : N=40, mean=0.25 (+/-0.135899).
P1: N=20, mean=0.4 (+/-0.22028).
P2: N=20, mean=0.1 (+/-0.134894).
Game Durations: N=40, mean=13.85 (+/-1.24068).
P1: N=20, mean=13 (+/-1.596084).
P2: N=20, mean=14.7 (+/-1.865352).

Agent 2 (SHUCT)
Winning score (between 0 and 1) : N=40, mean=0.75 (+/-0.135899).
P1: N=20, mean=0.9 (+/-0.134894).
P2: N=20, mean=0.6 (+/-0.22028).
Game Durations: N=40, mean=13.85 (+/-1.24068).
P1: N=20, mean=14.7 (+/-1.865352).
P2: N=20, mean=13 (+/-1.596084).
=====================================================
=====================================================
Completed 50 games.

Agent 1 (SHUCTAnyTime)
Winning score (between 0 and 1) : N=50, mean=0.2 (+/-0.111998).
P1: N=25, mean=0.32 (+/-0.186626).
P2: N=25, mean=0.08 (+/-0.108538).
Game Durations: N=50, mean=13.58 (+/-1.037249).
P1: N=25, mean=13.04 (+/-1.321968).
P2: N=25, mean=14.12 (+/-1.597578).

Agent 2 (SHUCT)
Winning score (between 0 and 1) : N=50, mean=0.8 (+/-0.111998).
P1: N=25, mean=0.92 (+/-0.108538).
P2: N=25, mean=0.68 (+/-0.186626).
Game Durations: N=50, mean=13.58 (+/-1.037249).
P1: N=25, mean=14.12 (+/-1.597578).
P2: N=25, mean=13.04 (+/-1.321968).
=====================================================
=====================================================
Completed 60 games.

Agent 1 (SHUCTAnyTime)
Winning score (between 0 and 1) : N=60, mean=0.233333 (+/-0.107923).
P1: N=30, mean=0.333333 (+/-0.17157).
P2: N=30, mean=0.133333 (+/-0.123721).
Game Durations: N=60, mean=13.766667 (+/-0.995216).
P1: N=30, mean=13.4 (+/-1.43628).
P2: N=30, mean=14.133333 (+/-1.389825).

Agent 2 (SHUCT)
Winning score (between 0 and 1) : N=60, mean=0.766667 (+/-0.107923).
P1: N=30, mean=0.866667 (+/-0.123721).
P2: N=30, mean=0.666667 (+/-0.17157).
Game Durations: N=60, mean=13.766667 (+/-0.995216).
P1: N=30, mean=14.133333 (+/-1.389825).
P2: N=30, mean=13.4 (+/-1.43628).
=====================================================
=====================================================
Completed 70 games.

Agent 1 (SHUCTAnyTime)
Winning score (between 0 and 1) : N=70, mean=0.242857 (+/-0.101178).
P1: N=35, mean=0.371429 (+/-0.162414).
P2: N=35, mean=0.114286 (+/-0.106943).
Game Durations: N=70, mean=13.571429 (+/-0.903835).
P1: N=35, mean=13.571429 (+/-1.293832).
P2: N=35, mean=13.571429 (+/-1.281297).

Agent 2 (SHUCT)
Winning score (between 0 and 1) : N=70, mean=0.757143 (+/-0.101178).
P1: N=35, mean=0.885714 (+/-0.106943).
P2: N=35, mean=0.628571 (+/-0.162414).
Game Durations: N=70, mean=13.571429 (+/-0.903835).
P1: N=35, mean=13.571429 (+/-1.281297).
P2: N=35, mean=13.571429 (+/-1.293832).
=====================================================
=====================================================
Completed 80 games.

Agent 1 (SHUCTAnyTime)
Winning score (between 0 and 1) : N=80, mean=0.225 (+/-0.092082).
P1: N=40, mean=0.325 (+/-0.146997).
P2: N=40, mean=0.125 (+/-0.103794).
Game Durations: N=80, mean=13.575 (+/-0.85885).
P1: N=40, mean=13.675 (+/-1.260054).
P2: N=40, mean=13.475 (+/-1.182632).

Agent 2 (SHUCT)
Winning score (between 0 and 1) : N=80, mean=0.775 (+/-0.092082).
P1: N=40, mean=0.875 (+/-0.103794).
P2: N=40, mean=0.675 (+/-0.146997).
Game Durations: N=80, mean=13.575 (+/-0.85885).
P1: N=40, mean=13.475 (+/-1.182632).
P2: N=40, mean=13.675 (+/-1.260054).
=====================================================
=====================================================
Completed 90 games.

Agent 1 (SHUCTAnyTime)
Winning score (between 0 and 1) : N=90, mean=0.255556 (+/-0.090617).
P1: N=45, mean=0.355556 (+/-0.141438).
P2: N=45, mean=0.155556 (+/-0.10709).
Game Durations: N=90, mean=13.777778 (+/-0.874208).
P1: N=45, mean=13.955556 (+/-1.367518).
P2: N=45, mean=13.6 (+/-1.102755).

Agent 2 (SHUCT)
Winning score (between 0 and 1) : N=90, mean=0.744444 (+/-0.090617).
P1: N=45, mean=0.844444 (+/-0.10709).
P2: N=45, mean=0.644444 (+/-0.141438).
Game Durations: N=90, mean=13.777778 (+/-0.874208).
P1: N=45, mean=13.6 (+/-1.102755).
P2: N=45, mean=13.955556 (+/-1.367518).
=====================================================
=====================================================
Completed 100 games.

Agent 1 (SHUCTAnyTime)
Winning score (between 0 and 1) : N=100, mean=0.26 (+/-0.086404).
P1: N=50, mean=0.34 (+/-0.132636).
P2: N=50, mean=0.18 (+/-0.10757).
Game Durations: N=100, mean=13.82 (+/-0.828914).
P1: N=50, mean=14.02 (+/-1.330477).
P2: N=50, mean=13.62 (+/-0.999999).

Agent 2 (SHUCT)
Winning score (between 0 and 1) : N=100, mean=0.74 (+/-0.086404).
P1: N=50, mean=0.82 (+/-0.10757).
P2: N=50, mean=0.66 (+/-0.132636).
Game Durations: N=100, mean=13.82 (+/-0.828914).
P1: N=50, mean=13.62 (+/-0.999999).
P2: N=50, mean=14.02 (+/-1.330477).
=====================================================
=====================================================
Completed 110 games.

Agent 1 (SHUCTAnyTime)
Winning score (between 0 and 1) : N=110, mean=0.236364 (+/-0.079757).
P1: N=55, mean=0.309091 (+/-0.123255).
P2: N=55, mean=0.163636 (+/-0.098671).
Game Durations: N=110, mean=13.9 (+/-0.84068).
P1: N=55, mean=14.345455 (+/-1.375332).
P2: N=55, mean=13.454545 (+/-0.966114).

Agent 2 (SHUCT)
Winning score (between 0 and 1) : N=110, mean=0.763636 (+/-0.079757).
P1: N=55, mean=0.836364 (+/-0.098671).
P2: N=55, mean=0.690909 (+/-0.123255).
Game Durations: N=110, mean=13.9 (+/-0.84068).
P1: N=55, mean=13.454545 (+/-0.966114).
P2: N=55, mean=14.345455 (+/-1.375332).
=====================================================
=====================================================
Completed 120 games.

Agent 1 (SHUCTAnyTime)
Winning score (between 0 and 1) : N=120, mean=0.266667 (+/-0.079453).
P1: N=60, mean=0.35 (+/-0.121706).
P2: N=60, mean=0.183333 (+/-0.098733).
Game Durations: N=120, mean=13.966667 (+/-0.819724).
P1: N=60, mean=14.516667 (+/-1.352208).
P2: N=60, mean=13.416667 (+/-0.917994).

Agent 2 (SHUCT)
Winning score (between 0 and 1) : N=120, mean=0.733333 (+/-0.079453).
P1: N=60, mean=0.816667 (+/-0.098733).
P2: N=60, mean=0.65 (+/-0.121706).
Game Durations: N=120, mean=13.966667 (+/-0.819724).
P1: N=60, mean=13.416667 (+/-0.917994).
P2: N=60, mean=14.516667 (+/-1.352208).
=====================================================
=====================================================
Completed 130 games.

Agent 1 (SHUCTAnyTime)
Winning score (between 0 and 1) : N=130, mean=0.246154 (+/-0.074336).
P1: N=65, mean=0.323077 (+/-0.114572).
P2: N=65, mean=0.169231 (+/-0.091862).
Game Durations: N=130, mean=13.884615 (+/-0.788946).
P1: N=65, mean=14.661538 (+/-1.283705).
P2: N=65, mean=13.107692 (+/-0.888162).

Agent 2 (SHUCT)
Winning score (between 0 and 1) : N=130, mean=0.753846 (+/-0.074336).
P1: N=65, mean=0.830769 (+/-0.091862).
P2: N=65, mean=0.676923 (+/-0.114572).
Game Durations: N=130, mean=13.884615 (+/-0.788946).
P1: N=65, mean=13.107692 (+/-0.888162).
P2: N=65, mean=14.661538 (+/-1.283705).
=====================================================
=====================================================
Completed 140 games.

Agent 1 (SHUCTAnyTime)
Winning score (between 0 and 1) : N=140, mean=0.257143 (+/-0.072657).
P1: N=70, mean=0.328571 (+/-0.110825).
P2: N=70, mean=0.185714 (+/-0.091756).
Game Durations: N=140, mean=14.014286 (+/-0.779232).
P1: N=70, mean=14.928571 (+/-1.284533).
P2: N=70, mean=13.1 (+/-0.838636).

Agent 2 (SHUCT)
Winning score (between 0 and 1) : N=140, mean=0.742857 (+/-0.072657).
P1: N=70, mean=0.814286 (+/-0.091756).
P2: N=70, mean=0.671429 (+/-0.110825).
Game Durations: N=140, mean=14.014286 (+/-0.779232).
P1: N=70, mean=13.1 (+/-0.838636).
P2: N=70, mean=14.928571 (+/-1.284533).
=====================================================
=====================================================
Completed 150 games.

Agent 1 (SHUCTAnyTime)
Winning score (between 0 and 1) : N=150, mean=0.26 (+/-0.07043).
P1: N=75, mean=0.346667 (+/-0.108431).
P2: N=75, mean=0.173333 (+/-0.086246).
Game Durations: N=150, mean=14.08 (+/-0.744288).
P1: N=75, mean=14.96 (+/-1.21616).
P2: N=75, mean=13.2 (+/-0.819382).

Agent 2 (SHUCT)
Winning score (between 0 and 1) : N=150, mean=0.74 (+/-0.07043).
P1: N=75, mean=0.826667 (+/-0.086246).
P2: N=75, mean=0.653333 (+/-0.108431).
Game Durations: N=150, mean=14.08 (+/-0.744288).
P1: N=75, mean=13.2 (+/-0.819382).
P2: N=75, mean=14.96 (+/-1.21616).
=====================================================
