Warming up...
Finished warming up!
=====================================================
Completed 1 games.

Agent 1 (SHUCTAnyTime)
Winning score (between 0 and 1) : N=1, mean=1 (+/-0).
P1: N=1, mean=1 (+/-0).
P2: N=0, mean=0 (+/-0).
Game Durations: N=1, mean=15 (+/-0).
P1: N=1, mean=15 (+/-0).
P2: N=0, mean=0 (+/-0).

Agent 2 (SHUCT)
Winning score (between 0 and 1) : N=1, mean=0 (+/-0).
P1: N=0, mean=0 (+/-0).
P2: N=1, mean=0 (+/-0).
Game Durations: N=1, mean=15 (+/-0).
P1: N=0, mean=0 (+/-0).
P2: N=1, mean=15 (+/-0).
=====================================================
=====================================================
Completed 2 games.

Agent 1 (SHUCTAnyTime)
Winning score (between 0 and 1) : N=2, mean=0.5 (+/-0.97998).
P1: N=1, mean=1 (+/-0).
P2: N=1, mean=0 (+/-0).
Game Durations: N=2, mean=19 (+/-7.83984).
P1: N=1, mean=15 (+/-0).
P2: N=1, mean=23 (+/-0).

Agent 2 (SHUCT)
Winning score (between 0 and 1) : N=2, mean=0.5 (+/-0.97998).
P1: N=1, mean=1 (+/-0).
P2: N=1, mean=0 (+/-0).
Game Durations: N=2, mean=19 (+/-7.83984).
P1: N=1, mean=23 (+/-0).
P2: N=1, mean=15 (+/-0).
=====================================================
=====================================================
Completed 3 games.

Agent 1 (SHUCTAnyTime)
Winning score (between 0 and 1) : N=3, mean=0.666667 (+/-0.65332).
P1: N=2, mean=1 (+/-0).
P2: N=1, mean=0 (+/-0).
Game Durations: N=3, mean=18.333333 (+/-4.711158).
P1: N=2, mean=16 (+/-1.95996).
P2: N=1, mean=23 (+/-0).

Agent 2 (SHUCT)
Winning score (between 0 and 1) : N=3, mean=0.333333 (+/-0.65332).
P1: N=1, mean=1 (+/-0).
P2: N=2, mean=0 (+/-0).
Game Durations: N=3, mean=18.333333 (+/-4.711158).
P1: N=1, mean=23 (+/-0).
P2: N=2, mean=16 (+/-1.95996).
=====================================================
=====================================================
Completed 4 games.

Agent 1 (SHUCTAnyTime)
Winning score (between 0 and 1) : N=4, mean=0.75 (+/-0.48999).
P1: N=2, mean=1 (+/-0).
P2: N=2, mean=0.5 (+/-0.97998).
Game Durations: N=4, mean=19.25 (+/-3.784889).
P1: N=2, mean=16 (+/-1.95996).
P2: N=2, mean=22.5 (+/-0.97998).

Agent 2 (SHUCT)
Winning score (between 0 and 1) : N=4, mean=0.25 (+/-0.48999).
P1: N=2, mean=0.5 (+/-0.97998).
P2: N=2, mean=0 (+/-0).
Game Durations: N=4, mean=19.25 (+/-3.784889).
P1: N=2, mean=22.5 (+/-0.97998).
P2: N=2, mean=16 (+/-1.95996).
=====================================================
=====================================================
Completed 5 games.

Agent 1 (SHUCTAnyTime)
Winning score (between 0 and 1) : N=5, mean=0.6 (+/-0.48009).
P1: N=3, mean=0.666667 (+/-0.65332).
P2: N=2, mean=0.5 (+/-0.97998).
Game Durations: N=5, mean=18.2 (+/-3.581958).
P1: N=3, mean=15.333333 (+/-1.728522).
P2: N=2, mean=22.5 (+/-0.97998).

Agent 2 (SHUCT)
Winning score (between 0 and 1) : N=5, mean=0.4 (+/-0.48009).
P1: N=2, mean=0.5 (+/-0.97998).
P2: N=3, mean=0.333333 (+/-0.65332).
Game Durations: N=5, mean=18.2 (+/-3.581958).
P1: N=2, mean=22.5 (+/-0.97998).
P2: N=3, mean=15.333333 (+/-1.728522).
=====================================================
=====================================================
Completed 10 games.

Agent 1 (SHUCTAnyTime)
Winning score (between 0 and 1) : N=10, mean=0.4 (+/-0.32006).
P1: N=5, mean=0.4 (+/-0.48009).
P2: N=5, mean=0.4 (+/-0.48009).
Game Durations: N=10, mean=19.9 (+/-3.125711).
P1: N=5, mean=17.2 (+/-2.729908).
P2: N=5, mean=22.6 (+/-4.744561).

Agent 2 (SHUCT)
Winning score (between 0 and 1) : N=10, mean=0.6 (+/-0.32006).
P1: N=5, mean=0.6 (+/-0.48009).
P2: N=5, mean=0.6 (+/-0.48009).
Game Durations: N=10, mean=19.9 (+/-3.125711).
P1: N=5, mean=22.6 (+/-4.744561).
P2: N=5, mean=17.2 (+/-2.729908).
=====================================================
=====================================================
Completed 20 games.

Agent 1 (SHUCTAnyTime)
Winning score (between 0 and 1) : N=20, mean=0.45 (+/-0.223696).
P1: N=10, mean=0.4 (+/-0.32006).
P2: N=10, mean=0.5 (+/-0.32666).
Game Durations: N=20, mean=19.05 (+/-2.038215).
P1: N=10, mean=17.2 (+/-2.423456).
P2: N=10, mean=20.9 (+/-2.957311).

Agent 2 (SHUCT)
Winning score (between 0 and 1) : N=20, mean=0.55 (+/-0.223696).
P1: N=10, mean=0.5 (+/-0.32666).
P2: N=10, mean=0.6 (+/-0.32006).
Game Durations: N=20, mean=19.05 (+/-2.038215).
P1: N=10, mean=20.9 (+/-2.957311).
P2: N=10, mean=17.2 (+/-2.423456).
=====================================================
=====================================================
Completed 30 games.

Agent 1 (SHUCTAnyTime)
Winning score (between 0 and 1) : N=30, mean=0.366667 (+/-0.175388).
P1: N=15, mean=0.4 (+/-0.256619).
P2: N=15, mean=0.333333 (+/-0.246932).
Game Durations: N=30, mean=18.733333 (+/-1.561006).
P1: N=15, mean=18.133333 (+/-1.958715).
P2: N=15, mean=19.333333 (+/-2.461898).

Agent 2 (SHUCT)
Winning score (between 0 and 1) : N=30, mean=0.633333 (+/-0.175388).
P1: N=15, mean=0.666667 (+/-0.246932).
P2: N=15, mean=0.6 (+/-0.256619).
Game Durations: N=30, mean=18.733333 (+/-1.561006).
P1: N=15, mean=19.333333 (+/-2.461898).
P2: N=15, mean=18.133333 (+/-1.958715).
=====================================================
=====================================================
Completed 40 games.

Agent 1 (SHUCTAnyTime)
Winning score (between 0 and 1) : N=40, mean=0.35 (+/-0.149694).
P1: N=20, mean=0.4 (+/-0.22028).
P2: N=20, mean=0.3 (+/-0.206054).
Game Durations: N=40, mean=18.85 (+/-1.528766).
P1: N=20, mean=19 (+/-2.010877).
P2: N=20, mean=18.7 (+/-2.3541).

Agent 2 (SHUCT)
Winning score (between 0 and 1) : N=40, mean=0.65 (+/-0.149694).
P1: N=20, mean=0.7 (+/-0.206054).
P2: N=20, mean=0.6 (+/-0.22028).
Game Durations: N=40, mean=18.85 (+/-1.528766).
P1: N=20, mean=18.7 (+/-2.3541).
P2: N=20, mean=19 (+/-2.010877).
=====================================================
=====================================================
Completed 50 games.

Agent 1 (SHUCTAnyTime)
Winning score (between 0 and 1) : N=50, mean=0.34 (+/-0.132636).
P1: N=25, mean=0.36 (+/-0.192036).
P2: N=25, mean=0.32 (+/-0.186626).
Game Durations: N=50, mean=18.24 (+/-1.37575).
P1: N=25, mean=18.2 (+/-1.933651).
P2: N=25, mean=18.28 (+/-1.997237).

Agent 2 (SHUCT)
Winning score (between 0 and 1) : N=50, mean=0.66 (+/-0.132636).
P1: N=25, mean=0.68 (+/-0.186626).
P2: N=25, mean=0.64 (+/-0.192036).
Game Durations: N=50, mean=18.24 (+/-1.37575).
P1: N=25, mean=18.28 (+/-1.997237).
P2: N=25, mean=18.2 (+/-1.933651).
=====================================================
=====================================================
Completed 60 games.

Agent 1 (SHUCTAnyTime)
Winning score (between 0 and 1) : N=60, mean=0.333333 (+/-0.120286).
P1: N=30, mean=0.366667 (+/-0.175388).
P2: N=30, mean=0.3 (+/-0.166785).
Game Durations: N=60, mean=18.7 (+/-1.330207).
P1: N=30, mean=18.9 (+/-1.974214).
P2: N=30, mean=18.5 (+/-1.81431).

Agent 2 (SHUCT)
Winning score (between 0 and 1) : N=60, mean=0.666667 (+/-0.120286).
P1: N=30, mean=0.7 (+/-0.166785).
P2: N=30, mean=0.633333 (+/-0.175388).
Game Durations: N=60, mean=18.7 (+/-1.330207).
P1: N=30, mean=18.5 (+/-1.81431).
P2: N=30, mean=18.9 (+/-1.974214).
=====================================================
=====================================================
Completed 70 games.

Agent 1 (SHUCTAnyTime)
Winning score (between 0 and 1) : N=70, mean=0.357143 (+/-0.113058).
P1: N=35, mean=0.371429 (+/-0.162414).
P2: N=35, mean=0.342857 (+/-0.159549).
Game Durations: N=70, mean=18.885714 (+/-1.236081).
P1: N=35, mean=19.342857 (+/-1.847962).
P2: N=35, mean=18.428571 (+/-1.655076).

Agent 2 (SHUCT)
Winning score (between 0 and 1) : N=70, mean=0.642857 (+/-0.113058).
P1: N=35, mean=0.657143 (+/-0.159549).
P2: N=35, mean=0.628571 (+/-0.162414).
Game Durations: N=70, mean=18.885714 (+/-1.236081).
P1: N=35, mean=18.428571 (+/-1.655076).
P2: N=35, mean=19.342857 (+/-1.847962).
=====================================================
=====================================================
Completed 80 games.

Agent 1 (SHUCTAnyTime)
Winning score (between 0 and 1) : N=80, mean=0.35 (+/-0.105178).
P1: N=40, mean=0.375 (+/-0.151939).
P2: N=40, mean=0.325 (+/-0.146997).
Game Durations: N=80, mean=19.1 (+/-1.194947).
P1: N=40, mean=19.525 (+/-1.706039).
P2: N=40, mean=18.675 (+/-1.684834).

Agent 2 (SHUCT)
Winning score (between 0 and 1) : N=80, mean=0.65 (+/-0.105178).
P1: N=40, mean=0.675 (+/-0.146997).
P2: N=40, mean=0.625 (+/-0.151939).
Game Durations: N=80, mean=19.1 (+/-1.194947).
P1: N=40, mean=18.675 (+/-1.684834).
P2: N=40, mean=19.525 (+/-1.706039).
=====================================================
=====================================================
Completed 90 games.

Agent 1 (SHUCTAnyTime)
Winning score (between 0 and 1) : N=90, mean=0.333333 (+/-0.097937).
P1: N=45, mean=0.377778 (+/-0.143256).
P2: N=45, mean=0.288889 (+/-0.133923).
Game Durations: N=90, mean=19.277778 (+/-1.123941).
P1: N=45, mean=19.755556 (+/-1.591981).
P2: N=45, mean=18.8 (+/-1.592523).

Agent 2 (SHUCT)
Winning score (between 0 and 1) : N=90, mean=0.666667 (+/-0.097937).
P1: N=45, mean=0.711111 (+/-0.133923).
P2: N=45, mean=0.622222 (+/-0.143256).
Game Durations: N=90, mean=19.277778 (+/-1.123941).
P1: N=45, mean=18.8 (+/-1.592523).
P2: N=45, mean=19.755556 (+/-1.591981).
=====================================================
=====================================================
Completed 100 games.

Agent 1 (SHUCTAnyTime)
Winning score (between 0 and 1) : N=100, mean=0.34 (+/-0.093313).
P1: N=50, mean=0.38 (+/-0.135905).
P2: N=50, mean=0.3 (+/-0.12831).
Game Durations: N=100, mean=19.46 (+/-1.069683).
P1: N=50, mean=20.26 (+/-1.51488).
P2: N=50, mean=18.66 (+/-1.492777).

Agent 2 (SHUCT)
Winning score (between 0 and 1) : N=100, mean=0.66 (+/-0.093313).
P1: N=50, mean=0.7 (+/-0.12831).
P2: N=50, mean=0.62 (+/-0.135905).
Game Durations: N=100, mean=19.46 (+/-1.069683).
P1: N=50, mean=18.66 (+/-1.492777).
P2: N=50, mean=20.26 (+/-1.51488).
=====================================================
=====================================================
Completed 110 games.

Agent 1 (SHUCTAnyTime)
Winning score (between 0 and 1) : N=110, mean=0.345455 (+/-0.089269).
P1: N=55, mean=0.418182 (+/-0.131561).
P2: N=55, mean=0.272727 (+/-0.118785).
Game Durations: N=110, mean=19.590909 (+/-0.999258).
P1: N=55, mean=20.527273 (+/-1.414861).
P2: N=55, mean=18.654545 (+/-1.380026).

Agent 2 (SHUCT)
Winning score (between 0 and 1) : N=110, mean=0.654545 (+/-0.089269).
P1: N=55, mean=0.727273 (+/-0.118785).
P2: N=55, mean=0.581818 (+/-0.131561).
Game Durations: N=110, mean=19.590909 (+/-0.999258).
P1: N=55, mean=18.654545 (+/-1.380026).
P2: N=55, mean=20.527273 (+/-1.414861).
=====================================================
=====================================================
Completed 120 games.

Agent 1 (SHUCTAnyTime)
Winning score (between 0 and 1) : N=120, mean=0.35 (+/-0.085697).
P1: N=60, mean=0.433333 (+/-0.126443).
P2: N=60, mean=0.266667 (+/-0.112838).
Game Durations: N=120, mean=19.55 (+/-0.951526).
P1: N=60, mean=20.233333 (+/-1.331892).
P2: N=60, mean=18.866667 (+/-1.348169).

Agent 2 (SHUCT)
Winning score (between 0 and 1) : N=120, mean=0.65 (+/-0.085697).
P1: N=60, mean=0.733333 (+/-0.112838).
P2: N=60, mean=0.566667 (+/-0.126443).
Game Durations: N=120, mean=19.55 (+/-0.951526).
P1: N=60, mean=18.866667 (+/-1.348169).
P2: N=60, mean=20.233333 (+/-1.331892).
=====================================================
=====================================================
Completed 130 games.

Agent 1 (SHUCTAnyTime)
Winning score (between 0 and 1) : N=130, mean=0.346154 (+/-0.082097).
P1: N=65, mean=0.430769 (+/-0.121318).
P2: N=65, mean=0.261538 (+/-0.107669).
Game Durations: N=130, mean=19.384615 (+/-0.900341).
P1: N=65, mean=20.030769 (+/-1.246992).
P2: N=65, mean=18.738462 (+/-1.289447).

Agent 2 (SHUCT)
Winning score (between 0 and 1) : N=130, mean=0.653846 (+/-0.082097).
P1: N=65, mean=0.738462 (+/-0.107669).
P2: N=65, mean=0.569231 (+/-0.121318).
Game Durations: N=130, mean=19.384615 (+/-0.900341).
P1: N=65, mean=18.738462 (+/-1.289447).
P2: N=65, mean=20.030769 (+/-1.246992).
=====================================================
=====================================================
Completed 140 games.

Agent 1 (SHUCTAnyTime)
Winning score (between 0 and 1) : N=140, mean=0.328571 (+/-0.078083).
P1: N=70, mean=0.4 (+/-0.115592).
P2: N=70, mean=0.257143 (+/-0.103125).
Game Durations: N=140, mean=19.314286 (+/-0.854416).
P1: N=70, mean=19.8 (+/-1.196891).
P2: N=70, mean=18.828571 (+/-1.217559).

Agent 2 (SHUCT)
Winning score (between 0 and 1) : N=140, mean=0.671429 (+/-0.078083).
P1: N=70, mean=0.742857 (+/-0.103125).
P2: N=70, mean=0.6 (+/-0.115592).
Game Durations: N=140, mean=19.314286 (+/-0.854416).
P1: N=70, mean=18.828571 (+/-1.217559).
P2: N=70, mean=19.8 (+/-1.196891).
=====================================================
=====================================================
Completed 150 games.

Agent 1 (SHUCTAnyTime)
Winning score (between 0 and 1) : N=150, mean=0.313333 (+/-0.074478).
P1: N=75, mean=0.386667 (+/-0.110955).
P2: N=75, mean=0.24 (+/-0.097307).
Game Durations: N=150, mean=19.373333 (+/-0.84223).
P1: N=75, mean=19.586667 (+/-1.152849).
P2: N=75, mean=19.16 (+/-1.234014).

Agent 2 (SHUCT)
Winning score (between 0 and 1) : N=150, mean=0.686667 (+/-0.074478).
P1: N=75, mean=0.76 (+/-0.097307).
P2: N=75, mean=0.613333 (+/-0.110955).
Game Durations: N=150, mean=19.373333 (+/-0.84223).
P1: N=75, mean=19.16 (+/-1.234014).
P2: N=75, mean=19.586667 (+/-1.152849).
=====================================================
