Warming up...
Finished warming up!
=====================================================
Completed 1 games.

Agent 1 (Example UCT)
Winning score (between 0 and 1) : N=1, mean=1 (+/-0).
P1: N=1, mean=1 (+/-0).
P2: N=0, mean=0 (+/-0).
Game Durations: N=1, mean=61 (+/-0).
P1: N=1, mean=61 (+/-0).
P2: N=0, mean=0 (+/-0).

Agent 2 (SHUCT)
Winning score (between 0 and 1) : N=1, mean=0 (+/-0).
P1: N=0, mean=0 (+/-0).
P2: N=1, mean=0 (+/-0).
Game Durations: N=1, mean=61 (+/-0).
P1: N=0, mean=0 (+/-0).
P2: N=1, mean=61 (+/-0).
=====================================================
=====================================================
Completed 2 games.

Agent 1 (Example UCT)
Winning score (between 0 and 1) : N=2, mean=0.5 (+/-0.97998).
P1: N=1, mean=1 (+/-0).
P2: N=1, mean=0 (+/-0).
Game Durations: N=2, mean=49 (+/-23.51952).
P1: N=1, mean=61 (+/-0).
P2: N=1, mean=37 (+/-0).

Agent 2 (SHUCT)
Winning score (between 0 and 1) : N=2, mean=0.5 (+/-0.97998).
P1: N=1, mean=1 (+/-0).
P2: N=1, mean=0 (+/-0).
Game Durations: N=2, mean=49 (+/-23.51952).
P1: N=1, mean=37 (+/-0).
P2: N=1, mean=61 (+/-0).
=====================================================
=====================================================
Completed 3 games.

Agent 1 (Example UCT)
Winning score (between 0 and 1) : N=3, mean=0.333333 (+/-0.65332).
P1: N=2, mean=0.5 (+/-0.97998).
P2: N=1, mean=0 (+/-0).
Game Durations: N=3, mean=49.333333 (+/-13.594709).
P1: N=2, mean=55.5 (+/-10.77978).
P2: N=1, mean=37 (+/-0).

Agent 2 (SHUCT)
Winning score (between 0 and 1) : N=3, mean=0.666667 (+/-0.65332).
P1: N=1, mean=1 (+/-0).
P2: N=2, mean=0.5 (+/-0.97998).
Game Durations: N=3, mean=49.333333 (+/-13.594709).
P1: N=1, mean=37 (+/-0).
P2: N=2, mean=55.5 (+/-10.77978).
=====================================================
=====================================================
Completed 4 games.

Agent 1 (Example UCT)
Winning score (between 0 and 1) : N=4, mean=0.25 (+/-0.48999).
P1: N=2, mean=0.5 (+/-0.97998).
P2: N=2, mean=0 (+/-0).
Game Durations: N=4, mean=49.75 (+/-9.647537).
P1: N=2, mean=55.5 (+/-10.77978).
P2: N=2, mean=44 (+/-13.71972).

Agent 2 (SHUCT)
Winning score (between 0 and 1) : N=4, mean=0.75 (+/-0.48999).
P1: N=2, mean=1 (+/-0).
P2: N=2, mean=0.5 (+/-0.97998).
Game Durations: N=4, mean=49.75 (+/-9.647537).
P1: N=2, mean=44 (+/-13.71972).
P2: N=2, mean=55.5 (+/-10.77978).
=====================================================
=====================================================
Completed 5 games.

Agent 1 (Example UCT)
Winning score (between 0 and 1) : N=5, mean=0.2 (+/-0.391992).
P1: N=3, mean=0.333333 (+/-0.65332).
P2: N=2, mean=0 (+/-0).
Game Durations: N=5, mean=50.6 (+/-7.656398).
P1: N=3, mean=55 (+/-6.30039).
P2: N=2, mean=44 (+/-13.71972).

Agent 2 (SHUCT)
Winning score (between 0 and 1) : N=5, mean=0.8 (+/-0.391992).
P1: N=2, mean=1 (+/-0).
P2: N=3, mean=0.666667 (+/-0.65332).
Game Durations: N=5, mean=50.6 (+/-7.656398).
P1: N=2, mean=44 (+/-13.71972).
P2: N=3, mean=55 (+/-6.30039).
=====================================================
=====================================================
Completed 10 games.

Agent 1 (Example UCT)
Winning score (between 0 and 1) : N=10, mean=0.2 (+/-0.261328).
P1: N=5, mean=0.2 (+/-0.391992).
P2: N=5, mean=0.2 (+/-0.391992).
Game Durations: N=10, mean=51.9 (+/-4.15719).
P1: N=5, mean=54.2 (+/-4.035805).
P2: N=5, mean=49.6 (+/-7.163915).

Agent 2 (SHUCT)
Winning score (between 0 and 1) : N=10, mean=0.8 (+/-0.261328).
P1: N=5, mean=0.8 (+/-0.391992).
P2: N=5, mean=0.8 (+/-0.391992).
Game Durations: N=10, mean=51.9 (+/-4.15719).
P1: N=5, mean=49.6 (+/-7.163915).
P2: N=5, mean=54.2 (+/-4.035805).
=====================================================
=====================================================
Completed 20 games.

Agent 1 (Example UCT)
Winning score (between 0 and 1) : N=20, mean=0.2 (+/-0.179858).
P1: N=10, mean=0.1 (+/-0.195996).
P2: N=10, mean=0.3 (+/-0.299389).
Game Durations: N=20, mean=52.5 (+/-3.59576).
P1: N=10, mean=52.9 (+/-5.698883).
P2: N=10, mean=52.1 (+/-4.687998).

Agent 2 (SHUCT)
Winning score (between 0 and 1) : N=20, mean=0.8 (+/-0.179858).
P1: N=10, mean=0.7 (+/-0.299389).
P2: N=10, mean=0.9 (+/-0.195996).
Game Durations: N=20, mean=52.5 (+/-3.59576).
P1: N=10, mean=52.1 (+/-4.687998).
P2: N=10, mean=52.9 (+/-5.698883).
=====================================================
=====================================================
Completed 30 games.

Agent 1 (Example UCT)
Winning score (between 0 and 1) : N=30, mean=0.2 (+/-0.145582).
P1: N=15, mean=0.133333 (+/-0.178065).
P2: N=15, mean=0.266667 (+/-0.231643).
Game Durations: N=30, mean=52.966667 (+/-3.09752).
P1: N=15, mean=53.333333 (+/-4.660407).
P2: N=15, mean=52.6 (+/-4.237452).

Agent 2 (SHUCT)
Winning score (between 0 and 1) : N=30, mean=0.8 (+/-0.145582).
P1: N=15, mean=0.733333 (+/-0.231643).
P2: N=15, mean=0.866667 (+/-0.178065).
Game Durations: N=30, mean=52.966667 (+/-3.09752).
P1: N=15, mean=52.6 (+/-4.237452).
P2: N=15, mean=53.333333 (+/-4.660407).
=====================================================
=====================================================
Completed 40 games.

Agent 1 (Example UCT)
Winning score (between 0 and 1) : N=40, mean=0.225 (+/-0.131056).
P1: N=20, mean=0.15 (+/-0.160556).
P2: N=20, mean=0.3 (+/-0.206054).
Game Durations: N=40, mean=52.825 (+/-2.682306).
P1: N=20, mean=52.85 (+/-3.930929).
P2: N=20, mean=52.8 (+/-3.752858).

Agent 2 (SHUCT)
Winning score (between 0 and 1) : N=40, mean=0.775 (+/-0.131056).
P1: N=20, mean=0.7 (+/-0.206054).
P2: N=20, mean=0.85 (+/-0.160556).
Game Durations: N=40, mean=52.825 (+/-2.682306).
P1: N=20, mean=52.8 (+/-3.752858).
P2: N=20, mean=52.85 (+/-3.930929).
=====================================================
=====================================================
Completed 50 games.

Agent 1 (Example UCT)
Winning score (between 0 and 1) : N=50, mean=0.26 (+/-0.122815).
P1: N=25, mean=0.16 (+/-0.14667).
P2: N=25, mean=0.36 (+/-0.192036).
Game Durations: N=50, mean=52.64 (+/-2.444631).
P1: N=25, mean=52.64 (+/-3.335543).
P2: N=25, mean=52.64 (+/-3.643769).

Agent 2 (SHUCT)
Winning score (between 0 and 1) : N=50, mean=0.74 (+/-0.122815).
P1: N=25, mean=0.64 (+/-0.192036).
P2: N=25, mean=0.84 (+/-0.14667).
Game Durations: N=50, mean=52.64 (+/-2.444631).
P1: N=25, mean=52.64 (+/-3.643769).
P2: N=25, mean=52.64 (+/-3.335543).
=====================================================
=====================================================
Completed 60 games.

Agent 1 (Example UCT)
Winning score (between 0 and 1) : N=60, mean=0.216667 (+/-0.105121).
P1: N=30, mean=0.133333 (+/-0.123721).
P2: N=30, mean=0.3 (+/-0.166785).
Game Durations: N=60, mean=52.55 (+/-2.139649).
P1: N=30, mean=52.933333 (+/-2.97307).
P2: N=30, mean=52.166667 (+/-3.122508).

Agent 2 (SHUCT)
Winning score (between 0 and 1) : N=60, mean=0.783333 (+/-0.105121).
P1: N=30, mean=0.7 (+/-0.166785).
P2: N=30, mean=0.866667 (+/-0.123721).
Game Durations: N=60, mean=52.55 (+/-2.139649).
P1: N=30, mean=52.166667 (+/-3.122508).
P2: N=30, mean=52.933333 (+/-2.97307).
=====================================================
=====================================================
Completed 70 games.

Agent 1 (Example UCT)
Winning score (between 0 and 1) : N=70, mean=0.214286 (+/-0.096817).
P1: N=35, mean=0.142857 (+/-0.117621).
P2: N=35, mean=0.285714 (+/-0.151848).
Game Durations: N=70, mean=52.942857 (+/-1.952188).
P1: N=35, mean=53 (+/-2.75662).
P2: N=35, mean=52.885714 (+/-2.80511).

Agent 2 (SHUCT)
Winning score (between 0 and 1) : N=70, mean=0.785714 (+/-0.096817).
P1: N=35, mean=0.714286 (+/-0.151848).
P2: N=35, mean=0.857143 (+/-0.117621).
Game Durations: N=70, mean=52.942857 (+/-1.952188).
P1: N=35, mean=52.885714 (+/-2.80511).
P2: N=35, mean=53 (+/-2.75662).
=====================================================
=====================================================
Completed 80 games.

Agent 1 (Example UCT)
Winning score (between 0 and 1) : N=80, mean=0.1875 (+/-0.086069).
P1: N=40, mean=0.125 (+/-0.103794).
P2: N=40, mean=0.25 (+/-0.135899).
Game Durations: N=80, mean=52.3625 (+/-1.792893).
P1: N=40, mean=52.275 (+/-2.550641).
P2: N=40, mean=52.45 (+/-2.552535).

Agent 2 (SHUCT)
Winning score (between 0 and 1) : N=80, mean=0.8125 (+/-0.086069).
P1: N=40, mean=0.75 (+/-0.135899).
P2: N=40, mean=0.875 (+/-0.103794).
Game Durations: N=80, mean=52.3625 (+/-1.792893).
P1: N=40, mean=52.45 (+/-2.552535).
P2: N=40, mean=52.275 (+/-2.550641).
=====================================================
=====================================================
Completed 90 games.

Agent 1 (Example UCT)
Winning score (between 0 and 1) : N=90, mean=0.2 (+/-0.083102).
P1: N=45, mean=0.155556 (+/-0.10709).
P2: N=45, mean=0.244444 (+/-0.126983).
Game Durations: N=90, mean=52.588889 (+/-1.710083).
P1: N=45, mean=52.377778 (+/-2.380395).
P2: N=45, mean=52.8 (+/-2.481209).

Agent 2 (SHUCT)
Winning score (between 0 and 1) : N=90, mean=0.8 (+/-0.083102).
P1: N=45, mean=0.755556 (+/-0.126983).
P2: N=45, mean=0.844444 (+/-0.10709).
Game Durations: N=90, mean=52.588889 (+/-1.710083).
P1: N=45, mean=52.8 (+/-2.481209).
P2: N=45, mean=52.377778 (+/-2.380395).
=====================================================
=====================================================
Completed 100 games.

Agent 1 (Example UCT)
Winning score (between 0 and 1) : N=100, mean=0.2 (+/-0.078793).
P1: N=50, mean=0.16 (+/-0.102648).
P2: N=50, mean=0.24 (+/-0.119581).
Game Durations: N=100, mean=52.34 (+/-1.638452).
P1: N=50, mean=52.2 (+/-2.242053).
P2: N=50, mean=52.48 (+/-2.412011).

Agent 2 (SHUCT)
Winning score (between 0 and 1) : N=100, mean=0.8 (+/-0.078793).
P1: N=50, mean=0.76 (+/-0.119581).
P2: N=50, mean=0.84 (+/-0.102648).
Game Durations: N=100, mean=52.34 (+/-1.638452).
P1: N=50, mean=52.48 (+/-2.412011).
P2: N=50, mean=52.2 (+/-2.242053).
=====================================================
=====================================================
Completed 110 games.

Agent 1 (Example UCT)
Winning score (between 0 and 1) : N=110, mean=0.218182 (+/-0.077535).
P1: N=55, mean=0.163636 (+/-0.098671).
P2: N=55, mean=0.272727 (+/-0.118785).
Game Durations: N=110, mean=52.609091 (+/-1.677218).
P1: N=55, mean=52.672727 (+/-2.367111).
P2: N=55, mean=52.545455 (+/-2.398466).

Agent 2 (SHUCT)
Winning score (between 0 and 1) : N=110, mean=0.781818 (+/-0.077535).
P1: N=55, mean=0.727273 (+/-0.118785).
P2: N=55, mean=0.836364 (+/-0.098671).
Game Durations: N=110, mean=52.609091 (+/-1.677218).
P1: N=55, mean=52.545455 (+/-2.398466).
P2: N=55, mean=52.672727 (+/-2.367111).
=====================================================
=====================================================
Completed 120 games.

Agent 1 (Example UCT)
Winning score (between 0 and 1) : N=120, mean=0.208333 (+/-0.072967).
P1: N=60, mean=0.166667 (+/-0.095094).
P2: N=60, mean=0.25 (+/-0.11049).
Game Durations: N=120, mean=52.525 (+/-1.598108).
P1: N=60, mean=52.333333 (+/-2.30576).
P2: N=60, mean=52.716667 (+/-2.231827).

Agent 2 (SHUCT)
Winning score (between 0 and 1) : N=120, mean=0.791667 (+/-0.072967).
P1: N=60, mean=0.75 (+/-0.11049).
P2: N=60, mean=0.833333 (+/-0.095094).
Game Durations: N=120, mean=52.525 (+/-1.598108).
P1: N=60, mean=52.716667 (+/-2.231827).
P2: N=60, mean=52.333333 (+/-2.30576).
=====================================================
=====================================================
Completed 130 games.

Agent 1 (Example UCT)
Winning score (between 0 and 1) : N=130, mean=0.207692 (+/-0.070002).
P1: N=65, mean=0.169231 (+/-0.091862).
P2: N=65, mean=0.246154 (+/-0.105536).
Game Durations: N=130, mean=52.615385 (+/-1.562258).
P1: N=65, mean=52.384615 (+/-2.244878).
P2: N=65, mean=52.846154 (+/-2.189291).

Agent 2 (SHUCT)
Winning score (between 0 and 1) : N=130, mean=0.792308 (+/-0.070002).
P1: N=65, mean=0.753846 (+/-0.105536).
P2: N=65, mean=0.830769 (+/-0.091862).
Game Durations: N=130, mean=52.615385 (+/-1.562258).
P1: N=65, mean=52.846154 (+/-2.189291).
P2: N=65, mean=52.384615 (+/-2.244878).
=====================================================
=====================================================
Completed 140 games.

Agent 1 (Example UCT)
Winning score (between 0 and 1) : N=140, mean=0.214286 (+/-0.068213).
P1: N=70, mean=0.171429 (+/-0.088926).
P2: N=70, mean=0.257143 (+/-0.103125).
Game Durations: N=140, mean=52.371429 (+/-1.487752).
P1: N=70, mean=51.914286 (+/-2.170513).
P2: N=70, mean=52.828571 (+/-2.045334).

Agent 2 (SHUCT)
Winning score (between 0 and 1) : N=140, mean=0.785714 (+/-0.068213).
P1: N=70, mean=0.742857 (+/-0.103125).
P2: N=70, mean=0.828571 (+/-0.088926).
Game Durations: N=140, mean=52.371429 (+/-1.487752).
P1: N=70, mean=52.828571 (+/-2.045334).
P2: N=70, mean=51.914286 (+/-2.170513).
=====================================================
=====================================================
Completed 150 games.

Agent 1 (Example UCT)
Winning score (between 0 and 1) : N=150, mean=0.2 (+/-0.064226).
P1: N=75, mean=0.16 (+/-0.083528).
P2: N=75, mean=0.24 (+/-0.097307).
Game Durations: N=150, mean=52.406667 (+/-1.432324).
P1: N=75, mean=52.106667 (+/-2.092689).
P2: N=75, mean=52.706667 (+/-1.967986).

Agent 2 (SHUCT)
Winning score (between 0 and 1) : N=150, mean=0.8 (+/-0.064226).
P1: N=75, mean=0.76 (+/-0.097307).
P2: N=75, mean=0.84 (+/-0.083528).
Game Durations: N=150, mean=52.406667 (+/-1.432324).
P1: N=75, mean=52.706667 (+/-1.967986).
P2: N=75, mean=52.106667 (+/-2.092689).
=====================================================
