Warming up...
Finished warming up!
=====================================================
Completed 1 games.

Agent 1 (Example UCT)
Winning score (between 0 and 1) : N=1, mean=1 (+/-0).
P1: N=1, mean=1 (+/-0).
P2: N=0, mean=0 (+/-0).
Game Durations: N=1, mean=39 (+/-0).
P1: N=1, mean=39 (+/-0).
P2: N=0, mean=0 (+/-0).

Agent 2 (SHUCT)
Winning score (between 0 and 1) : N=1, mean=0 (+/-0).
P1: N=0, mean=0 (+/-0).
P2: N=1, mean=0 (+/-0).
Game Durations: N=1, mean=39 (+/-0).
P1: N=0, mean=0 (+/-0).
P2: N=1, mean=39 (+/-0).
=====================================================
=====================================================
Completed 2 games.

Agent 1 (Example UCT)
Winning score (between 0 and 1) : N=2, mean=0.5 (+/-0.97998).
P1: N=1, mean=1 (+/-0).
P2: N=1, mean=0 (+/-0).
Game Durations: N=2, mean=32 (+/-13.71972).
P1: N=1, mean=39 (+/-0).
P2: N=1, mean=25 (+/-0).

Agent 2 (SHUCT)
Winning score (between 0 and 1) : N=2, mean=0.5 (+/-0.97998).
P1: N=1, mean=1 (+/-0).
P2: N=1, mean=0 (+/-0).
Game Durations: N=2, mean=32 (+/-13.71972).
P1: N=1, mean=25 (+/-0).
P2: N=1, mean=39 (+/-0).
=====================================================
=====================================================
Completed 3 games.

Agent 1 (Example UCT)
Winning score (between 0 and 1) : N=3, mean=0.333333 (+/-0.65332).
P1: N=2, mean=0.5 (+/-0.97998).
P2: N=1, mean=0 (+/-0).
Game Durations: N=3, mean=29.333333 (+/-9.490021).
P1: N=2, mean=31.5 (+/-14.6997).
P2: N=1, mean=25 (+/-0).

Agent 2 (SHUCT)
Winning score (between 0 and 1) : N=3, mean=0.666667 (+/-0.65332).
P1: N=1, mean=1 (+/-0).
P2: N=2, mean=0.5 (+/-0.97998).
Game Durations: N=3, mean=29.333333 (+/-9.490021).
P1: N=1, mean=25 (+/-0).
P2: N=2, mean=31.5 (+/-14.6997).
=====================================================
=====================================================
Completed 4 games.

Agent 1 (Example UCT)
Winning score (between 0 and 1) : N=4, mean=0.5 (+/-0.565792).
P1: N=2, mean=0.5 (+/-0.97998).
P2: N=2, mean=0.5 (+/-0.97998).
Game Durations: N=4, mean=33 (+/-9.832412).
P1: N=2, mean=31.5 (+/-14.6997).
P2: N=2, mean=34.5 (+/-18.61962).

Agent 2 (SHUCT)
Winning score (between 0 and 1) : N=4, mean=0.5 (+/-0.565792).
P1: N=2, mean=0.5 (+/-0.97998).
P2: N=2, mean=0.5 (+/-0.97998).
Game Durations: N=4, mean=33 (+/-9.832412).
P1: N=2, mean=34.5 (+/-18.61962).
P2: N=2, mean=31.5 (+/-14.6997).
=====================================================
=====================================================
Completed 5 games.

Agent 1 (Example UCT)
Winning score (between 0 and 1) : N=5, mean=0.6 (+/-0.48009).
P1: N=3, mean=0.666667 (+/-0.65332).
P2: N=2, mean=0.5 (+/-0.97998).
Game Durations: N=5, mean=31.8 (+/-7.971039).
P1: N=3, mean=30 (+/-8.981665).
P2: N=2, mean=34.5 (+/-18.61962).

Agent 2 (SHUCT)
Winning score (between 0 and 1) : N=5, mean=0.4 (+/-0.48009).
P1: N=2, mean=0.5 (+/-0.97998).
P2: N=3, mean=0.333333 (+/-0.65332).
Game Durations: N=5, mean=31.8 (+/-7.971039).
P1: N=2, mean=34.5 (+/-18.61962).
P2: N=3, mean=30 (+/-8.981665).
=====================================================
=====================================================
Completed 10 games.

Agent 1 (Example UCT)
Winning score (between 0 and 1) : N=10, mean=0.6 (+/-0.32006).
P1: N=5, mean=0.6 (+/-0.48009).
P2: N=5, mean=0.6 (+/-0.48009).
Game Durations: N=10, mean=32.3 (+/-5.680879).
P1: N=5, mean=30.2 (+/-5.163295).
P2: N=5, mean=34.4 (+/-10.492653).

Agent 2 (SHUCT)
Winning score (between 0 and 1) : N=10, mean=0.4 (+/-0.32006).
P1: N=5, mean=0.4 (+/-0.48009).
P2: N=5, mean=0.4 (+/-0.48009).
Game Durations: N=10, mean=32.3 (+/-5.680879).
P1: N=5, mean=34.4 (+/-10.492653).
P2: N=5, mean=30.2 (+/-5.163295).
=====================================================
=====================================================
Completed 20 games.

Agent 1 (Example UCT)
Winning score (between 0 and 1) : N=20, mean=0.65 (+/-0.214467).
P1: N=10, mean=0.6 (+/-0.32006).
P2: N=10, mean=0.7 (+/-0.299389).
Game Durations: N=20, mean=32.05 (+/-3.136178).
P1: N=10, mean=32.4 (+/-3.384677).
P2: N=10, mean=31.7 (+/-5.47426).

Agent 2 (SHUCT)
Winning score (between 0 and 1) : N=20, mean=0.35 (+/-0.214467).
P1: N=10, mean=0.3 (+/-0.299389).
P2: N=10, mean=0.4 (+/-0.32006).
Game Durations: N=20, mean=32.05 (+/-3.136178).
P1: N=10, mean=31.7 (+/-5.47426).
P2: N=10, mean=32.4 (+/-3.384677).
=====================================================
=====================================================
Completed 30 games.

Agent 1 (Example UCT)
Winning score (between 0 and 1) : N=30, mean=0.466667 (+/-0.181573).
P1: N=15, mean=0.4 (+/-0.256619).
P2: N=15, mean=0.533333 (+/-0.261328).
Game Durations: N=30, mean=32.033333 (+/-2.23664).
P1: N=15, mean=32.4 (+/-2.676449).
P2: N=15, mean=31.666667 (+/-3.672565).

Agent 2 (SHUCT)
Winning score (between 0 and 1) : N=30, mean=0.533333 (+/-0.181573).
P1: N=15, mean=0.466667 (+/-0.261328).
P2: N=15, mean=0.6 (+/-0.256619).
Game Durations: N=30, mean=32.033333 (+/-2.23664).
P1: N=15, mean=31.666667 (+/-3.672565).
P2: N=15, mean=32.4 (+/-2.676449).
=====================================================
=====================================================
Completed 40 games.

Agent 1 (Example UCT)
Winning score (between 0 and 1) : N=40, mean=0.425 (+/-0.155147).
P1: N=20, mean=0.35 (+/-0.214467).
P2: N=20, mean=0.5 (+/-0.224823).
Game Durations: N=40, mean=32.775 (+/-2.046604).
P1: N=20, mean=33.25 (+/-2.771346).
P2: N=20, mean=32.3 (+/-3.069799).

Agent 2 (SHUCT)
Winning score (between 0 and 1) : N=40, mean=0.575 (+/-0.155147).
P1: N=20, mean=0.5 (+/-0.224823).
P2: N=20, mean=0.65 (+/-0.214467).
Game Durations: N=40, mean=32.775 (+/-2.046604).
P1: N=20, mean=32.3 (+/-3.069799).
P2: N=20, mean=33.25 (+/-2.771346).
=====================================================
=====================================================
Completed 50 games.

Agent 1 (Example UCT)
Winning score (between 0 and 1) : N=50, mean=0.42 (+/-0.138194).
P1: N=25, mean=0.44 (+/-0.198592).
P2: N=25, mean=0.4 (+/-0.195996).
Game Durations: N=50, mean=33.68 (+/-2.397144).
P1: N=25, mean=35 (+/-3.396636).
P2: N=25, mean=32.36 (+/-3.371815).

Agent 2 (SHUCT)
Winning score (between 0 and 1) : N=50, mean=0.58 (+/-0.138194).
P1: N=25, mean=0.6 (+/-0.195996).
P2: N=25, mean=0.56 (+/-0.198592).
Game Durations: N=50, mean=33.68 (+/-2.397144).
P1: N=25, mean=32.36 (+/-3.371815).
P2: N=25, mean=35 (+/-3.396636).
=====================================================
=====================================================
Completed 60 games.

Agent 1 (Example UCT)
Winning score (between 0 and 1) : N=60, mean=0.4 (+/-0.125005).
P1: N=30, mean=0.433333 (+/-0.180353).
P2: N=30, mean=0.366667 (+/-0.175388).
Game Durations: N=60, mean=33.733333 (+/-2.089586).
P1: N=30, mean=34.433333 (+/-2.908128).
P2: N=30, mean=33.033333 (+/-3.029782).

Agent 2 (SHUCT)
Winning score (between 0 and 1) : N=60, mean=0.6 (+/-0.125005).
P1: N=30, mean=0.633333 (+/-0.175388).
P2: N=30, mean=0.566667 (+/-0.180353).
Game Durations: N=60, mean=33.733333 (+/-2.089586).
P1: N=30, mean=33.033333 (+/-3.029782).
P2: N=30, mean=34.433333 (+/-2.908128).
=====================================================
=====================================================
Completed 70 games.

Agent 1 (Example UCT)
Winning score (between 0 and 1) : N=70, mean=0.4 (+/-0.115592).
P1: N=35, mean=0.457143 (+/-0.167447).
P2: N=35, mean=0.342857 (+/-0.159549).
Game Durations: N=70, mean=34.385714 (+/-2.133761).
P1: N=35, mean=35.771429 (+/-3.26888).
P2: N=35, mean=33 (+/-2.712946).

Agent 2 (SHUCT)
Winning score (between 0 and 1) : N=70, mean=0.6 (+/-0.115592).
P1: N=35, mean=0.657143 (+/-0.159549).
P2: N=35, mean=0.542857 (+/-0.167447).
Game Durations: N=70, mean=34.385714 (+/-2.133761).
P1: N=35, mean=33 (+/-2.712946).
P2: N=35, mean=35.771429 (+/-3.26888).
=====================================================
=====================================================
Completed 80 games.

Agent 1 (Example UCT)
Winning score (between 0 and 1) : N=80, mean=0.4125 (+/-0.108555).
P1: N=40, mean=0.475 (+/-0.156726).
P2: N=40, mean=0.35 (+/-0.149694).
Game Durations: N=80, mean=34.0875 (+/-1.938191).
P1: N=40, mean=35.525 (+/-2.943278).
P2: N=40, mean=32.65 (+/-2.479721).

Agent 2 (SHUCT)
Winning score (between 0 and 1) : N=80, mean=0.5875 (+/-0.108555).
P1: N=40, mean=0.65 (+/-0.149694).
P2: N=40, mean=0.525 (+/-0.156726).
Game Durations: N=80, mean=34.0875 (+/-1.938191).
P1: N=40, mean=32.65 (+/-2.479721).
P2: N=40, mean=35.525 (+/-2.943278).
=====================================================
=====================================================
Completed 90 games.

Agent 1 (Example UCT)
Winning score (between 0 and 1) : N=90, mean=0.422222 (+/-0.102613).
P1: N=45, mean=0.488889 (+/-0.147701).
P2: N=45, mean=0.355556 (+/-0.141438).
Game Durations: N=90, mean=34.7 (+/-1.848763).
P1: N=45, mean=35.733333 (+/-2.765776).
P2: N=45, mean=33.666667 (+/-2.447672).

Agent 2 (SHUCT)
Winning score (between 0 and 1) : N=90, mean=0.577778 (+/-0.102613).
P1: N=45, mean=0.644444 (+/-0.141438).
P2: N=45, mean=0.511111 (+/-0.147701).
Game Durations: N=90, mean=34.7 (+/-1.848763).
P1: N=45, mean=33.666667 (+/-2.447672).
P2: N=45, mean=35.733333 (+/-2.765776).
=====================================================
=====================================================
Completed 100 games.

Agent 1 (Example UCT)
Winning score (between 0 and 1) : N=100, mean=0.42 (+/-0.097223).
P1: N=50, mean=0.5 (+/-0.139997).
P2: N=50, mean=0.34 (+/-0.132636).
Game Durations: N=100, mean=35 (+/-1.755475).
P1: N=50, mean=36.3 (+/-2.620752).
P2: N=50, mean=33.7 (+/-2.306344).

Agent 2 (SHUCT)
Winning score (between 0 and 1) : N=100, mean=0.58 (+/-0.097223).
P1: N=50, mean=0.66 (+/-0.132636).
P2: N=50, mean=0.5 (+/-0.139997).
Game Durations: N=100, mean=35 (+/-1.755475).
P1: N=50, mean=33.7 (+/-2.306344).
P2: N=50, mean=36.3 (+/-2.620752).
=====================================================
=====================================================
Completed 110 games.

Agent 1 (Example UCT)
Winning score (between 0 and 1) : N=110, mean=0.427273 (+/-0.092867).
P1: N=55, mean=0.527273 (+/-0.13316).
P2: N=55, mean=0.327273 (+/-0.125148).
Game Durations: N=110, mean=35.181818 (+/-1.674941).
P1: N=55, mean=36.563636 (+/-2.467547).
P2: N=55, mean=33.8 (+/-2.228264).

Agent 2 (SHUCT)
Winning score (between 0 and 1) : N=110, mean=0.572727 (+/-0.092867).
P1: N=55, mean=0.672727 (+/-0.125148).
P2: N=55, mean=0.472727 (+/-0.13316).
Game Durations: N=110, mean=35.181818 (+/-1.674941).
P1: N=55, mean=33.8 (+/-2.228264).
P2: N=55, mean=36.563636 (+/-2.467547).
=====================================================
=====================================================
Completed 120 games.

Agent 1 (Example UCT)
Winning score (between 0 and 1) : N=120, mean=0.433333 (+/-0.089033).
P1: N=60, mean=0.533333 (+/-0.127299).
P2: N=60, mean=0.333333 (+/-0.120286).
Game Durations: N=120, mean=35.05 (+/-1.616).
P1: N=60, mean=36.033333 (+/-2.412611).
P2: N=60, mean=34.066667 (+/-2.141901).

Agent 2 (SHUCT)
Winning score (between 0 and 1) : N=120, mean=0.566667 (+/-0.089033).
P1: N=60, mean=0.666667 (+/-0.120286).
P2: N=60, mean=0.466667 (+/-0.127299).
Game Durations: N=120, mean=35.05 (+/-1.616).
P1: N=60, mean=34.066667 (+/-2.141901).
P2: N=60, mean=36.033333 (+/-2.412611).
=====================================================
=====================================================
Completed 130 games.

Agent 1 (Example UCT)
Winning score (between 0 and 1) : N=130, mean=0.438462 (+/-0.085626).
P1: N=65, mean=0.538462 (+/-0.122135).
P2: N=65, mean=0.338462 (+/-0.115928).
Game Durations: N=130, mean=34.861538 (+/-1.532558).
P1: N=65, mean=35.707692 (+/-2.324117).
P2: N=65, mean=34.015385 (+/-1.995211).

Agent 2 (SHUCT)
Winning score (between 0 and 1) : N=130, mean=0.561538 (+/-0.085626).
P1: N=65, mean=0.661538 (+/-0.115928).
P2: N=65, mean=0.461538 (+/-0.122135).
Game Durations: N=130, mean=34.861538 (+/-1.532558).
P1: N=65, mean=34.015385 (+/-1.995211).
P2: N=65, mean=35.707692 (+/-2.324117).
=====================================================
=====================================================
Completed 140 games.

Agent 1 (Example UCT)
Winning score (between 0 and 1) : N=140, mean=0.435714 (+/-0.082431).
P1: N=70, mean=0.528571 (+/-0.117783).
P2: N=70, mean=0.342857 (+/-0.111998).
Game Durations: N=140, mean=34.907143 (+/-1.441873).
P1: N=70, mean=35.757143 (+/-2.176621).
P2: N=70, mean=34.057143 (+/-1.886299).

Agent 2 (SHUCT)
Winning score (between 0 and 1) : N=140, mean=0.564286 (+/-0.082431).
P1: N=70, mean=0.657143 (+/-0.111998).
P2: N=70, mean=0.471429 (+/-0.117783).
Game Durations: N=140, mean=34.907143 (+/-1.441873).
P1: N=70, mean=34.057143 (+/-1.886299).
P2: N=70, mean=35.757143 (+/-2.176621).
=====================================================
=====================================================
Completed 150 games.

Agent 1 (Example UCT)
Winning score (between 0 and 1) : N=150, mean=0.42 (+/-0.079249).
P1: N=75, mean=0.493333 (+/-0.11391).
P2: N=75, mean=0.346667 (+/-0.108431).
Game Durations: N=150, mean=34.853333 (+/-1.405712).
P1: N=75, mean=35.293333 (+/-2.092093).
P2: N=75, mean=34.413333 (+/-1.886944).

Agent 2 (SHUCT)
Winning score (between 0 and 1) : N=150, mean=0.58 (+/-0.079249).
P1: N=75, mean=0.653333 (+/-0.108431).
P2: N=75, mean=0.506667 (+/-0.11391).
Game Durations: N=150, mean=34.853333 (+/-1.405712).
P1: N=75, mean=34.413333 (+/-1.886944).
P2: N=75, mean=35.293333 (+/-2.092093).
=====================================================
