Warming up...
Finished warming up!
=====================================================
Completed 1 games.

Agent 1 (Example UCT)
Winning score (between 0 and 1) : N=1, mean=1 (+/-0).
P1: N=0, mean=0 (+/-0).
P2: N=1, mean=1 (+/-0).
Game Durations: N=1, mean=40 (+/-0).
P1: N=0, mean=0 (+/-0).
P2: N=1, mean=40 (+/-0).

Agent 2 (SHUCT)
Winning score (between 0 and 1) : N=1, mean=0 (+/-0).
P1: N=1, mean=0 (+/-0).
P2: N=0, mean=0 (+/-0).
Game Durations: N=1, mean=40 (+/-0).
P1: N=1, mean=40 (+/-0).
P2: N=0, mean=0 (+/-0).
=====================================================
=====================================================
Completed 2 games.

Agent 1 (Example UCT)
Winning score (between 0 and 1) : N=2, mean=0.5 (+/-0.97998).
P1: N=1, mean=0 (+/-0).
P2: N=1, mean=1 (+/-0).
Game Durations: N=2, mean=35 (+/-9.7998).
P1: N=1, mean=30 (+/-0).
P2: N=1, mean=40 (+/-0).

Agent 2 (SHUCT)
Winning score (between 0 and 1) : N=2, mean=0.5 (+/-0.97998).
P1: N=1, mean=0 (+/-0).
P2: N=1, mean=1 (+/-0).
Game Durations: N=2, mean=35 (+/-9.7998).
P1: N=1, mean=40 (+/-0).
P2: N=1, mean=30 (+/-0).
=====================================================
=====================================================
Completed 3 games.

Agent 1 (Example UCT)
Winning score (between 0 and 1) : N=3, mean=0.333333 (+/-0.65332).
P1: N=1, mean=0 (+/-0).
P2: N=2, mean=0.5 (+/-0.97998).
Game Durations: N=3, mean=35 (+/-5.657917).
P1: N=1, mean=30 (+/-0).
P2: N=2, mean=37.5 (+/-4.8999).

Agent 2 (SHUCT)
Winning score (between 0 and 1) : N=3, mean=0.666667 (+/-0.65332).
P1: N=2, mean=0.5 (+/-0.97998).
P2: N=1, mean=1 (+/-0).
Game Durations: N=3, mean=35 (+/-5.657917).
P1: N=2, mean=37.5 (+/-4.8999).
P2: N=1, mean=30 (+/-0).
=====================================================
=====================================================
Completed 4 games.

Agent 1 (Example UCT)
Winning score (between 0 and 1) : N=4, mean=0.5 (+/-0.565792).
P1: N=2, mean=0.5 (+/-0.97998).
P2: N=2, mean=0.5 (+/-0.97998).
Game Durations: N=4, mean=35 (+/-4.000752).
P1: N=2, mean=32.5 (+/-4.8999).
P2: N=2, mean=37.5 (+/-4.8999).

Agent 2 (SHUCT)
Winning score (between 0 and 1) : N=4, mean=0.5 (+/-0.565792).
P1: N=2, mean=0.5 (+/-0.97998).
P2: N=2, mean=0.5 (+/-0.97998).
Game Durations: N=4, mean=35 (+/-4.000752).
P1: N=2, mean=37.5 (+/-4.8999).
P2: N=2, mean=32.5 (+/-4.8999).
=====================================================
=====================================================
Completed 5 games.

Agent 1 (Example UCT)
Winning score (between 0 and 1) : N=5, mean=0.4 (+/-0.48009).
P1: N=2, mean=0.5 (+/-0.97998).
P2: N=3, mean=0.333333 (+/-0.65332).
Game Durations: N=5, mean=35 (+/-3.098969).
P1: N=2, mean=32.5 (+/-4.8999).
P2: N=3, mean=36.666667 (+/-3.2666).

Agent 2 (SHUCT)
Winning score (between 0 and 1) : N=5, mean=0.6 (+/-0.48009).
P1: N=3, mean=0.666667 (+/-0.65332).
P2: N=2, mean=0.5 (+/-0.97998).
Game Durations: N=5, mean=35 (+/-3.098969).
P1: N=3, mean=36.666667 (+/-3.2666).
P2: N=2, mean=32.5 (+/-4.8999).
=====================================================
=====================================================
Completed 10 games.

Agent 1 (Example UCT)
Winning score (between 0 and 1) : N=10, mean=0.5 (+/-0.32666).
P1: N=5, mean=0.8 (+/-0.391992).
P2: N=5, mean=0.2 (+/-0.391992).
Game Durations: N=10, mean=39 (+/-5.102592).
P1: N=5, mean=36.8 (+/-8.461944).
P2: N=5, mean=41.2 (+/-6.021895).

Agent 2 (SHUCT)
Winning score (between 0 and 1) : N=10, mean=0.5 (+/-0.32666).
P1: N=5, mean=0.8 (+/-0.391992).
P2: N=5, mean=0.2 (+/-0.391992).
Game Durations: N=10, mean=39 (+/-5.102592).
P1: N=5, mean=41.2 (+/-6.021895).
P2: N=5, mean=36.8 (+/-8.461944).
=====================================================
=====================================================
Completed 20 games.

Agent 1 (Example UCT)
Winning score (between 0 and 1) : N=20, mean=0.5 (+/-0.224823).
P1: N=10, mean=0.7 (+/-0.299389).
P2: N=10, mean=0.3 (+/-0.299389).
Game Durations: N=20, mean=36.7 (+/-3.322818).
P1: N=10, mean=35.5 (+/-4.471783).
P2: N=10, mean=37.9 (+/-5.039042).

Agent 2 (SHUCT)
Winning score (between 0 and 1) : N=20, mean=0.5 (+/-0.224823).
P1: N=10, mean=0.7 (+/-0.299389).
P2: N=10, mean=0.3 (+/-0.299389).
Game Durations: N=20, mean=36.7 (+/-3.322818).
P1: N=10, mean=37.9 (+/-5.039042).
P2: N=10, mean=35.5 (+/-4.471783).
=====================================================
=====================================================
Completed 30 games.

Agent 1 (Example UCT)
Winning score (between 0 and 1) : N=30, mean=0.433333 (+/-0.180353).
P1: N=15, mean=0.533333 (+/-0.261328).
P2: N=15, mean=0.333333 (+/-0.246932).
Game Durations: N=30, mean=34 (+/-2.805055).
P1: N=15, mean=32.266667 (+/-3.91743).
P2: N=15, mean=35.733333 (+/-3.949982).

Agent 2 (SHUCT)
Winning score (between 0 and 1) : N=30, mean=0.566667 (+/-0.180353).
P1: N=15, mean=0.666667 (+/-0.246932).
P2: N=15, mean=0.466667 (+/-0.261328).
Game Durations: N=30, mean=34 (+/-2.805055).
P1: N=15, mean=35.733333 (+/-3.949982).
P2: N=15, mean=32.266667 (+/-3.91743).
=====================================================
=====================================================
Completed 40 games.

Agent 1 (Example UCT)
Winning score (between 0 and 1) : N=40, mean=0.45 (+/-0.156136).
P1: N=20, mean=0.55 (+/-0.223696).
P2: N=20, mean=0.35 (+/-0.214467).
Game Durations: N=40, mean=34.1 (+/-2.426773).
P1: N=20, mean=33.15 (+/-3.512636).
P2: N=20, mean=35.05 (+/-3.387223).

Agent 2 (SHUCT)
Winning score (between 0 and 1) : N=40, mean=0.55 (+/-0.156136).
P1: N=20, mean=0.65 (+/-0.214467).
P2: N=20, mean=0.45 (+/-0.223696).
Game Durations: N=40, mean=34.1 (+/-2.426773).
P1: N=20, mean=35.05 (+/-3.387223).
P2: N=20, mean=33.15 (+/-3.512636).
=====================================================
=====================================================
Completed 50 games.

Agent 1 (Example UCT)
Winning score (between 0 and 1) : N=50, mean=0.44 (+/-0.138986).
P1: N=25, mean=0.52 (+/-0.199877).
P2: N=25, mean=0.36 (+/-0.192036).
Game Durations: N=50, mean=34.5 (+/-2.126667).
P1: N=25, mean=33.72 (+/-3.106233).
P2: N=25, mean=35.28 (+/-2.936715).

Agent 2 (SHUCT)
Winning score (between 0 and 1) : N=50, mean=0.56 (+/-0.138986).
P1: N=25, mean=0.64 (+/-0.192036).
P2: N=25, mean=0.48 (+/-0.199877).
Game Durations: N=50, mean=34.5 (+/-2.126667).
P1: N=25, mean=35.28 (+/-2.936715).
P2: N=25, mean=33.72 (+/-3.106233).
=====================================================
=====================================================
Completed 60 games.

Agent 1 (Example UCT)
Winning score (between 0 and 1) : N=60, mean=0.45 (+/-0.126943).
P1: N=30, mean=0.533333 (+/-0.181573).
P2: N=30, mean=0.366667 (+/-0.175388).
Game Durations: N=60, mean=35.116667 (+/-2.146064).
P1: N=30, mean=34.733333 (+/-3.541087).
P2: N=30, mean=35.5 (+/-2.48229).

Agent 2 (SHUCT)
Winning score (between 0 and 1) : N=60, mean=0.55 (+/-0.126943).
P1: N=30, mean=0.633333 (+/-0.175388).
P2: N=30, mean=0.466667 (+/-0.181573).
Game Durations: N=60, mean=35.116667 (+/-2.146064).
P1: N=30, mean=35.5 (+/-2.48229).
P2: N=30, mean=34.733333 (+/-3.541087).
=====================================================
=====================================================
Completed 70 games.

Agent 1 (Example UCT)
Winning score (between 0 and 1) : N=70, mean=0.442857 (+/-0.117203).
P1: N=35, mean=0.514286 (+/-0.167997).
P2: N=35, mean=0.371429 (+/-0.162414).
Game Durations: N=70, mean=35 (+/-1.971289).
P1: N=35, mean=35.2 (+/-3.269585).
P2: N=35, mean=34.8 (+/-2.252396).

Agent 2 (SHUCT)
Winning score (between 0 and 1) : N=70, mean=0.557143 (+/-0.117203).
P1: N=35, mean=0.628571 (+/-0.162414).
P2: N=35, mean=0.485714 (+/-0.167997).
Game Durations: N=70, mean=35 (+/-1.971289).
P1: N=35, mean=34.8 (+/-2.252396).
P2: N=35, mean=35.2 (+/-3.269585).
=====================================================
=====================================================
Completed 80 games.

Agent 1 (Example UCT)
Winning score (between 0 and 1) : N=80, mean=0.4375 (+/-0.109392).
P1: N=40, mean=0.525 (+/-0.156726).
P2: N=40, mean=0.35 (+/-0.149694).
Game Durations: N=80, mean=34.7625 (+/-1.792893).
P1: N=40, mean=34.825 (+/-2.906148).
P2: N=40, mean=34.7 (+/-2.139215).

Agent 2 (SHUCT)
Winning score (between 0 and 1) : N=80, mean=0.5625 (+/-0.109392).
P1: N=40, mean=0.65 (+/-0.149694).
P2: N=40, mean=0.475 (+/-0.156726).
Game Durations: N=80, mean=34.7625 (+/-1.792893).
P1: N=40, mean=34.7 (+/-2.139215).
P2: N=40, mean=34.825 (+/-2.906148).
=====================================================
=====================================================
Completed 90 games.

Agent 1 (Example UCT)
Winning score (between 0 and 1) : N=90, mean=0.444444 (+/-0.103234).
P1: N=45, mean=0.488889 (+/-0.147701).
P2: N=45, mean=0.4 (+/-0.144753).
Game Durations: N=90, mean=34.633333 (+/-1.680537).
P1: N=45, mean=34.355556 (+/-2.750833).
P2: N=45, mean=34.911111 (+/-1.960774).

Agent 2 (SHUCT)
Winning score (between 0 and 1) : N=90, mean=0.555556 (+/-0.103234).
P1: N=45, mean=0.6 (+/-0.144753).
P2: N=45, mean=0.511111 (+/-0.147701).
Game Durations: N=90, mean=34.633333 (+/-1.680537).
P1: N=45, mean=34.911111 (+/-1.960774).
P2: N=45, mean=34.355556 (+/-2.750833).
=====================================================
=====================================================
Completed 100 games.

Agent 1 (Example UCT)
Winning score (between 0 and 1) : N=100, mean=0.44 (+/-0.09778).
P1: N=50, mean=0.5 (+/-0.139997).
P2: N=50, mean=0.38 (+/-0.135905).
Game Durations: N=100, mean=34.88 (+/-1.761274).
P1: N=50, mean=34.82 (+/-2.883637).
P2: N=50, mean=34.94 (+/-2.054029).

Agent 2 (SHUCT)
Winning score (between 0 and 1) : N=100, mean=0.56 (+/-0.09778).
P1: N=50, mean=0.62 (+/-0.135905).
P2: N=50, mean=0.5 (+/-0.139997).
Game Durations: N=100, mean=34.88 (+/-1.761274).
P1: N=50, mean=34.94 (+/-2.054029).
P2: N=50, mean=34.82 (+/-2.883637).
=====================================================
=====================================================
Completed 110 games.

Agent 1 (Example UCT)
Winning score (between 0 and 1) : N=110, mean=0.445455 (+/-0.093305).
P1: N=55, mean=0.527273 (+/-0.13316).
P2: N=55, mean=0.363636 (+/-0.128303).
Game Durations: N=110, mean=34.854545 (+/-1.650985).
P1: N=55, mean=34.854545 (+/-2.671247).
P2: N=55, mean=34.854545 (+/-1.966823).

Agent 2 (SHUCT)
Winning score (between 0 and 1) : N=110, mean=0.554545 (+/-0.093305).
P1: N=55, mean=0.636364 (+/-0.128303).
P2: N=55, mean=0.472727 (+/-0.13316).
Game Durations: N=110, mean=34.854545 (+/-1.650985).
P1: N=55, mean=34.854545 (+/-1.966823).
P2: N=55, mean=34.854545 (+/-2.671247).
=====================================================
=====================================================
Completed 120 games.

Agent 1 (Example UCT)
Winning score (between 0 and 1) : N=120, mean=0.458333 (+/-0.089522).
P1: N=60, mean=0.516667 (+/-0.127512).
P2: N=60, mean=0.4 (+/-0.125005).
Game Durations: N=120, mean=35.125 (+/-1.584007).
P1: N=60, mean=35.116667 (+/-2.514851).
P2: N=60, mean=35.133333 (+/-1.948558).

Agent 2 (SHUCT)
Winning score (between 0 and 1) : N=120, mean=0.541667 (+/-0.089522).
P1: N=60, mean=0.6 (+/-0.125005).
P2: N=60, mean=0.483333 (+/-0.127512).
Game Durations: N=120, mean=35.125 (+/-1.584007).
P1: N=60, mean=35.133333 (+/-1.948558).
P2: N=60, mean=35.116667 (+/-2.514851).
=====================================================
=====================================================
Completed 130 games.

Agent 1 (Example UCT)
Winning score (between 0 and 1) : N=130, mean=0.469231 (+/-0.086119).
P1: N=65, mean=0.507692 (+/-0.122483).
P2: N=65, mean=0.430769 (+/-0.121318).
Game Durations: N=130, mean=35.153846 (+/-1.519002).
P1: N=65, mean=35.246154 (+/-2.448453).
P2: N=65, mean=35.061538 (+/-1.818139).

Agent 2 (SHUCT)
Winning score (between 0 and 1) : N=130, mean=0.530769 (+/-0.086119).
P1: N=65, mean=0.569231 (+/-0.121318).
P2: N=65, mean=0.492308 (+/-0.122483).
Game Durations: N=130, mean=35.153846 (+/-1.519002).
P1: N=65, mean=35.061538 (+/-1.818139).
P2: N=65, mean=35.246154 (+/-2.448453).
=====================================================
=====================================================
Completed 140 games.

Agent 1 (Example UCT)
Winning score (between 0 and 1) : N=140, mean=0.478571 (+/-0.083044).
P1: N=70, mean=0.514286 (+/-0.117928).
P2: N=70, mean=0.442857 (+/-0.117203).
Game Durations: N=140, mean=34.792857 (+/-1.468408).
P1: N=70, mean=34.685714 (+/-2.355987).
P2: N=70, mean=34.9 (+/-1.770714).

Agent 2 (SHUCT)
Winning score (between 0 and 1) : N=140, mean=0.521429 (+/-0.083044).
P1: N=70, mean=0.557143 (+/-0.117203).
P2: N=70, mean=0.485714 (+/-0.117928).
Game Durations: N=140, mean=34.792857 (+/-1.468408).
P1: N=70, mean=34.9 (+/-1.770714).
P2: N=70, mean=34.685714 (+/-2.355987).
=====================================================
=====================================================
Completed 150 games.

Agent 1 (Example UCT)
Winning score (between 0 and 1) : N=150, mean=0.466667 (+/-0.080104).
P1: N=75, mean=0.493333 (+/-0.11391).
P2: N=75, mean=0.44 (+/-0.113097).
Game Durations: N=150, mean=34.673333 (+/-1.398247).
P1: N=75, mean=34.413333 (+/-2.257684).
P2: N=75, mean=34.933333 (+/-1.664052).

Agent 2 (SHUCT)
Winning score (between 0 and 1) : N=150, mean=0.533333 (+/-0.080104).
P1: N=75, mean=0.56 (+/-0.113097).
P2: N=75, mean=0.506667 (+/-0.11391).
Game Durations: N=150, mean=34.673333 (+/-1.398247).
P1: N=75, mean=34.933333 (+/-1.664052).
P2: N=75, mean=34.413333 (+/-2.257684).
=====================================================
