Warming up...
Finished warming up!
=====================================================
Completed 1 games.

Agent 1 (Example UCT)
Winning score (between 0 and 1) : N=1, mean=1 (+/-0).
P1: N=1, mean=1 (+/-0).
P2: N=0, mean=0 (+/-0).
Game Durations: N=1, mean=25 (+/-0).
P1: N=1, mean=25 (+/-0).
P2: N=0, mean=0 (+/-0).

Agent 2 (SHUCT)
Winning score (between 0 and 1) : N=1, mean=0 (+/-0).
P1: N=0, mean=0 (+/-0).
P2: N=1, mean=0 (+/-0).
Game Durations: N=1, mean=25 (+/-0).
P1: N=0, mean=0 (+/-0).
P2: N=1, mean=25 (+/-0).
=====================================================
=====================================================
Completed 2 games.

Agent 1 (Example UCT)
Winning score (between 0 and 1) : N=2, mean=0.5 (+/-0.97998).
P1: N=1, mean=1 (+/-0).
P2: N=1, mean=0 (+/-0).
Game Durations: N=2, mean=34 (+/-17.63964).
P1: N=1, mean=25 (+/-0).
P2: N=1, mean=43 (+/-0).

Agent 2 (SHUCT)
Winning score (between 0 and 1) : N=2, mean=0.5 (+/-0.97998).
P1: N=1, mean=1 (+/-0).
P2: N=1, mean=0 (+/-0).
Game Durations: N=2, mean=34 (+/-17.63964).
P1: N=1, mean=43 (+/-0).
P2: N=1, mean=25 (+/-0).
=====================================================
=====================================================
Completed 3 games.

Agent 1 (Example UCT)
Winning score (between 0 and 1) : N=3, mean=0.333333 (+/-0.65332).
P1: N=2, mean=0.5 (+/-0.97998).
P2: N=1, mean=0 (+/-0).
Game Durations: N=3, mean=30.666667 (+/-12.099656).
P1: N=2, mean=24.5 (+/-0.97998).
P2: N=1, mean=43 (+/-0).

Agent 2 (SHUCT)
Winning score (between 0 and 1) : N=3, mean=0.666667 (+/-0.65332).
P1: N=1, mean=1 (+/-0).
P2: N=2, mean=0.5 (+/-0.97998).
Game Durations: N=3, mean=30.666667 (+/-12.099656).
P1: N=1, mean=43 (+/-0).
P2: N=2, mean=24.5 (+/-0.97998).
=====================================================
=====================================================
Completed 4 games.

Agent 1 (Example UCT)
Winning score (between 0 and 1) : N=4, mean=0.5 (+/-0.565792).
P1: N=2, mean=0.5 (+/-0.97998).
P2: N=2, mean=0.5 (+/-0.97998).
Game Durations: N=4, mean=29 (+/-9.158139).
P1: N=2, mean=24.5 (+/-0.97998).
P2: N=2, mean=33.5 (+/-18.61962).

Agent 2 (SHUCT)
Winning score (between 0 and 1) : N=4, mean=0.5 (+/-0.565792).
P1: N=2, mean=0.5 (+/-0.97998).
P2: N=2, mean=0.5 (+/-0.97998).
Game Durations: N=4, mean=29 (+/-9.158139).
P1: N=2, mean=33.5 (+/-18.61962).
P2: N=2, mean=24.5 (+/-0.97998).
=====================================================
=====================================================
Completed 5 games.

Agent 1 (Example UCT)
Winning score (between 0 and 1) : N=5, mean=0.4 (+/-0.48009).
P1: N=3, mean=0.333333 (+/-0.65332).
P2: N=2, mean=0.5 (+/-0.97998).
Game Durations: N=5, mean=28 (+/-7.359643).
P1: N=3, mean=24.333333 (+/-0.65332).
P2: N=2, mean=33.5 (+/-18.61962).

Agent 2 (SHUCT)
Winning score (between 0 and 1) : N=5, mean=0.6 (+/-0.48009).
P1: N=2, mean=0.5 (+/-0.97998).
P2: N=3, mean=0.666667 (+/-0.65332).
Game Durations: N=5, mean=28 (+/-7.359643).
P1: N=2, mean=33.5 (+/-18.61962).
P2: N=3, mean=24.333333 (+/-0.65332).
=====================================================
=====================================================
Completed 10 games.

Agent 1 (Example UCT)
Winning score (between 0 and 1) : N=10, mean=0.5 (+/-0.32666).
P1: N=5, mean=0.6 (+/-0.48009).
P2: N=5, mean=0.4 (+/-0.48009).
Game Durations: N=10, mean=28.8 (+/-4.467486).
P1: N=5, mean=25 (+/-3.220543).
P2: N=5, mean=32.6 (+/-7.190676).

Agent 2 (SHUCT)
Winning score (between 0 and 1) : N=10, mean=0.5 (+/-0.32666).
P1: N=5, mean=0.6 (+/-0.48009).
P2: N=5, mean=0.4 (+/-0.48009).
Game Durations: N=10, mean=28.8 (+/-4.467486).
P1: N=5, mean=32.6 (+/-7.190676).
P2: N=5, mean=25 (+/-3.220543).
=====================================================
=====================================================
Completed 20 games.

Agent 1 (Example UCT)
Winning score (between 0 and 1) : N=20, mean=0.65 (+/-0.214467).
P1: N=10, mean=0.7 (+/-0.299389).
P2: N=10, mean=0.6 (+/-0.32006).
Game Durations: N=20, mean=31.35 (+/-3.711348).
P1: N=10, mean=27.1 (+/-2.669034).
P2: N=10, mean=35.6 (+/-5.967784).

Agent 2 (SHUCT)
Winning score (between 0 and 1) : N=20, mean=0.35 (+/-0.214467).
P1: N=10, mean=0.4 (+/-0.32006).
P2: N=10, mean=0.3 (+/-0.299389).
Game Durations: N=20, mean=31.35 (+/-3.711348).
P1: N=10, mean=35.6 (+/-5.967784).
P2: N=10, mean=27.1 (+/-2.669034).
=====================================================
=====================================================
Completed 30 games.

Agent 1 (Example UCT)
Winning score (between 0 and 1) : N=30, mean=0.6 (+/-0.178301).
P1: N=15, mean=0.533333 (+/-0.261328).
P2: N=15, mean=0.666667 (+/-0.246932).
Game Durations: N=30, mean=30.833333 (+/-2.65144).
P1: N=15, mean=27.733333 (+/-2.306929).
P2: N=15, mean=33.933333 (+/-4.304552).

Agent 2 (SHUCT)
Winning score (between 0 and 1) : N=30, mean=0.4 (+/-0.178301).
P1: N=15, mean=0.333333 (+/-0.246932).
P2: N=15, mean=0.466667 (+/-0.261328).
Game Durations: N=30, mean=30.833333 (+/-2.65144).
P1: N=15, mean=33.933333 (+/-4.304552).
P2: N=15, mean=27.733333 (+/-2.306929).
=====================================================
=====================================================
Completed 40 games.

Agent 1 (Example UCT)
Winning score (between 0 and 1) : N=40, mean=0.625 (+/-0.151939).
P1: N=20, mean=0.6 (+/-0.22028).
P2: N=20, mean=0.65 (+/-0.214467).
Game Durations: N=40, mean=31.575 (+/-2.443043).
P1: N=20, mean=30 (+/-3.346766).
P2: N=20, mean=33.15 (+/-3.506876).

Agent 2 (SHUCT)
Winning score (between 0 and 1) : N=40, mean=0.375 (+/-0.151939).
P1: N=20, mean=0.35 (+/-0.214467).
P2: N=20, mean=0.4 (+/-0.22028).
Game Durations: N=40, mean=31.575 (+/-2.443043).
P1: N=20, mean=33.15 (+/-3.506876).
P2: N=20, mean=30 (+/-3.346766).
=====================================================
=====================================================
Completed 50 games.

Agent 1 (Example UCT)
Winning score (between 0 and 1) : N=50, mean=0.62 (+/-0.135905).
P1: N=25, mean=0.64 (+/-0.192036).
P2: N=25, mean=0.6 (+/-0.195996).
Game Durations: N=50, mean=31.52 (+/-2.052371).
P1: N=25, mean=30.16 (+/-2.757165).
P2: N=25, mean=32.88 (+/-3.00098).

Agent 2 (SHUCT)
Winning score (between 0 and 1) : N=50, mean=0.38 (+/-0.135905).
P1: N=25, mean=0.4 (+/-0.195996).
P2: N=25, mean=0.36 (+/-0.192036).
Game Durations: N=50, mean=31.52 (+/-2.052371).
P1: N=25, mean=32.88 (+/-3.00098).
P2: N=25, mean=30.16 (+/-2.757165).
=====================================================
=====================================================
Completed 60 games.

Agent 1 (Example UCT)
Winning score (between 0 and 1) : N=60, mean=0.6 (+/-0.125005).
P1: N=30, mean=0.633333 (+/-0.175388).
P2: N=30, mean=0.566667 (+/-0.180353).
Game Durations: N=60, mean=30.866667 (+/-1.805171).
P1: N=30, mean=29.633333 (+/-2.416919).
P2: N=30, mean=32.1 (+/-2.648552).

Agent 2 (SHUCT)
Winning score (between 0 and 1) : N=60, mean=0.4 (+/-0.125005).
P1: N=30, mean=0.433333 (+/-0.180353).
P2: N=30, mean=0.366667 (+/-0.175388).
Game Durations: N=60, mean=30.866667 (+/-1.805171).
P1: N=30, mean=32.1 (+/-2.648552).
P2: N=30, mean=29.633333 (+/-2.416919).
=====================================================
=====================================================
Completed 70 games.

Agent 1 (Example UCT)
Winning score (between 0 and 1) : N=70, mean=0.6 (+/-0.115592).
P1: N=35, mean=0.628571 (+/-0.162414).
P2: N=35, mean=0.571429 (+/-0.166341).
Game Durations: N=70, mean=31.042857 (+/-1.745055).
P1: N=35, mean=30 (+/-2.41453).
P2: N=35, mean=32.085714 (+/-2.506848).

Agent 2 (SHUCT)
Winning score (between 0 and 1) : N=70, mean=0.4 (+/-0.115592).
P1: N=35, mean=0.428571 (+/-0.166341).
P2: N=35, mean=0.371429 (+/-0.162414).
Game Durations: N=70, mean=31.042857 (+/-1.745055).
P1: N=35, mean=32.085714 (+/-2.506848).
P2: N=35, mean=30 (+/-2.41453).
=====================================================
=====================================================
Completed 80 games.

Agent 1 (Example UCT)
Winning score (between 0 and 1) : N=80, mean=0.575 (+/-0.109009).
P1: N=40, mean=0.625 (+/-0.151939).
P2: N=40, mean=0.525 (+/-0.156726).
Game Durations: N=80, mean=30.5 (+/-1.612912).
P1: N=40, mean=29.925 (+/-2.179344).
P2: N=40, mean=31.075 (+/-2.392629).

Agent 2 (SHUCT)
Winning score (between 0 and 1) : N=80, mean=0.425 (+/-0.109009).
P1: N=40, mean=0.475 (+/-0.156726).
P2: N=40, mean=0.375 (+/-0.151939).
Game Durations: N=80, mean=30.5 (+/-1.612912).
P1: N=40, mean=31.075 (+/-2.392629).
P2: N=40, mean=29.925 (+/-2.179344).
=====================================================
=====================================================
Completed 90 games.

Agent 1 (Example UCT)
Winning score (between 0 and 1) : N=90, mean=0.577778 (+/-0.102613).
P1: N=45, mean=0.644444 (+/-0.141438).
P2: N=45, mean=0.511111 (+/-0.147701).
Game Durations: N=90, mean=30.122222 (+/-1.476486).
P1: N=45, mean=29.622222 (+/-2.010089).
P2: N=45, mean=30.622222 (+/-2.17601).

Agent 2 (SHUCT)
Winning score (between 0 and 1) : N=90, mean=0.422222 (+/-0.102613).
P1: N=45, mean=0.488889 (+/-0.147701).
P2: N=45, mean=0.355556 (+/-0.141438).
Game Durations: N=90, mean=30.122222 (+/-1.476486).
P1: N=45, mean=30.622222 (+/-2.17601).
P2: N=45, mean=29.622222 (+/-2.010089).
=====================================================
=====================================================
Completed 100 games.

Agent 1 (Example UCT)
Winning score (between 0 and 1) : N=100, mean=0.54 (+/-0.098176).
P1: N=50, mean=0.6 (+/-0.137169).
P2: N=50, mean=0.48 (+/-0.139885).
Game Durations: N=100, mean=30.28 (+/-1.374961).
P1: N=50, mean=29.92 (+/-1.889777).
P2: N=50, mean=30.64 (+/-2.011879).

Agent 2 (SHUCT)
Winning score (between 0 and 1) : N=100, mean=0.46 (+/-0.098176).
P1: N=50, mean=0.52 (+/-0.139885).
P2: N=50, mean=0.4 (+/-0.137169).
Game Durations: N=100, mean=30.28 (+/-1.374961).
P1: N=50, mean=30.64 (+/-2.011879).
P2: N=50, mean=29.92 (+/-1.889777).
=====================================================
=====================================================
Completed 110 games.

Agent 1 (Example UCT)
Winning score (between 0 and 1) : N=110, mean=0.563636 (+/-0.093102).
P1: N=55, mean=0.6 (+/-0.130664).
P2: N=55, mean=0.527273 (+/-0.13316).
Game Durations: N=110, mean=30.518182 (+/-1.328594).
P1: N=55, mean=30.090909 (+/-1.842451).
P2: N=55, mean=30.945455 (+/-1.924948).

Agent 2 (SHUCT)
Winning score (between 0 and 1) : N=110, mean=0.436364 (+/-0.093102).
P1: N=55, mean=0.472727 (+/-0.13316).
P2: N=55, mean=0.4 (+/-0.130664).
Game Durations: N=110, mean=30.518182 (+/-1.328594).
P1: N=55, mean=30.945455 (+/-1.924948).
P2: N=55, mean=30.090909 (+/-1.842451).
=====================================================
=====================================================
Completed 120 games.

Agent 1 (Example UCT)
Winning score (between 0 and 1) : N=120, mean=0.533333 (+/-0.089635).
P1: N=60, mean=0.583333 (+/-0.125798).
P2: N=60, mean=0.483333 (+/-0.127512).
Game Durations: N=120, mean=30.666667 (+/-1.298586).
P1: N=60, mean=30.35 (+/-1.850504).
P2: N=60, mean=30.983333 (+/-1.834405).

Agent 2 (SHUCT)
Winning score (between 0 and 1) : N=120, mean=0.466667 (+/-0.089635).
P1: N=60, mean=0.516667 (+/-0.127512).
P2: N=60, mean=0.416667 (+/-0.125798).
Game Durations: N=120, mean=30.666667 (+/-1.298586).
P1: N=60, mean=30.983333 (+/-1.834405).
P2: N=60, mean=30.35 (+/-1.850504).
=====================================================
=====================================================
Completed 130 games.

Agent 1 (Example UCT)
Winning score (between 0 and 1) : N=130, mean=0.523077 (+/-0.08619).
P1: N=65, mean=0.584615 (+/-0.120731).
P2: N=65, mean=0.461538 (+/-0.122135).
Game Durations: N=130, mean=30.684615 (+/-1.256115).
P1: N=65, mean=30.4 (+/-1.744487).
P2: N=65, mean=30.969231 (+/-1.818694).

Agent 2 (SHUCT)
Winning score (between 0 and 1) : N=130, mean=0.476923 (+/-0.08619).
P1: N=65, mean=0.538462 (+/-0.122135).
P2: N=65, mean=0.415385 (+/-0.120731).
Game Durations: N=130, mean=30.684615 (+/-1.256115).
P1: N=65, mean=30.969231 (+/-1.818694).
P2: N=65, mean=30.4 (+/-1.744487).
=====================================================
=====================================================
Completed 140 games.

Agent 1 (Example UCT)
Winning score (between 0 and 1) : N=140, mean=0.535714 (+/-0.082909).
P1: N=70, mean=0.6 (+/-0.115592).
P2: N=70, mean=0.471429 (+/-0.117783).
Game Durations: N=140, mean=30.907143 (+/-1.214474).
P1: N=70, mean=30.485714 (+/-1.703686).
P2: N=70, mean=31.328571 (+/-1.737878).

Agent 2 (SHUCT)
Winning score (between 0 and 1) : N=140, mean=0.464286 (+/-0.082909).
P1: N=70, mean=0.528571 (+/-0.117783).
P2: N=70, mean=0.4 (+/-0.115592).
Game Durations: N=140, mean=30.907143 (+/-1.214474).
P1: N=70, mean=31.328571 (+/-1.737878).
P2: N=70, mean=30.485714 (+/-1.703686).
=====================================================
=====================================================
Completed 150 games.

Agent 1 (Example UCT)
Winning score (between 0 and 1) : N=150, mean=0.513333 (+/-0.080255).
P1: N=75, mean=0.573333 (+/-0.112688).
P2: N=75, mean=0.453333 (+/-0.113423).
Game Durations: N=150, mean=30.88 (+/-1.164951).
P1: N=75, mean=30.2 (+/-1.620928).
P2: N=75, mean=31.56 (+/-1.670241).

Agent 2 (SHUCT)
Winning score (between 0 and 1) : N=150, mean=0.486667 (+/-0.080255).
P1: N=75, mean=0.546667 (+/-0.113423).
P2: N=75, mean=0.426667 (+/-0.112688).
Game Durations: N=150, mean=30.88 (+/-1.164951).
P1: N=75, mean=31.56 (+/-1.670241).
P2: N=75, mean=30.2 (+/-1.620928).
=====================================================
