Warming up...
Finished warming up!
=====================================================
Completed 1 games.

Agent 1 (Example UCT)
Winning score (between 0 and 1) : N=1, mean=0 (+/-0).
P1: N=0, mean=0 (+/-0).
P2: N=1, mean=0 (+/-0).
Game Durations: N=1, mean=41 (+/-0).
P1: N=0, mean=0 (+/-0).
P2: N=1, mean=41 (+/-0).

Agent 2 (SHUCT)
Winning score (between 0 and 1) : N=1, mean=1 (+/-0).
P1: N=1, mean=1 (+/-0).
P2: N=0, mean=0 (+/-0).
Game Durations: N=1, mean=41 (+/-0).
P1: N=1, mean=41 (+/-0).
P2: N=0, mean=0 (+/-0).
=====================================================
=====================================================
Completed 2 games.

Agent 1 (Example UCT)
Winning score (between 0 and 1) : N=2, mean=0.5 (+/-0.97998).
P1: N=1, mean=1 (+/-0).
P2: N=1, mean=0 (+/-0).
Game Durations: N=2, mean=34 (+/-13.71972).
P1: N=1, mean=27 (+/-0).
P2: N=1, mean=41 (+/-0).

Agent 2 (SHUCT)
Winning score (between 0 and 1) : N=2, mean=0.5 (+/-0.97998).
P1: N=1, mean=1 (+/-0).
P2: N=1, mean=0 (+/-0).
Game Durations: N=2, mean=34 (+/-13.71972).
P1: N=1, mean=41 (+/-0).
P2: N=1, mean=27 (+/-0).
=====================================================
=====================================================
Completed 3 games.

Agent 1 (Example UCT)
Winning score (between 0 and 1) : N=3, mean=0.333333 (+/-0.65332).
P1: N=1, mean=1 (+/-0).
P2: N=2, mean=0 (+/-0).
Game Durations: N=3, mean=31 (+/-9.864916).
P1: N=1, mean=27 (+/-0).
P2: N=2, mean=33 (+/-15.67968).

Agent 2 (SHUCT)
Winning score (between 0 and 1) : N=3, mean=0.666667 (+/-0.65332).
P1: N=2, mean=1 (+/-0).
P2: N=1, mean=0 (+/-0).
Game Durations: N=3, mean=31 (+/-9.864916).
P1: N=2, mean=33 (+/-15.67968).
P2: N=1, mean=27 (+/-0).
=====================================================
=====================================================
Completed 4 games.

Agent 1 (Example UCT)
Winning score (between 0 and 1) : N=4, mean=0.25 (+/-0.48999).
P1: N=2, mean=0.5 (+/-0.97998).
P2: N=2, mean=0 (+/-0).
Game Durations: N=4, mean=29.25 (+/-7.773204).
P1: N=2, mean=25.5 (+/-2.93994).
P2: N=2, mean=33 (+/-15.67968).

Agent 2 (SHUCT)
Winning score (between 0 and 1) : N=4, mean=0.75 (+/-0.48999).
P1: N=2, mean=1 (+/-0).
P2: N=2, mean=0.5 (+/-0.97998).
Game Durations: N=4, mean=29.25 (+/-7.773204).
P1: N=2, mean=33 (+/-15.67968).
P2: N=2, mean=25.5 (+/-2.93994).
=====================================================
=====================================================
Completed 5 games.

Agent 1 (Example UCT)
Winning score (between 0 and 1) : N=5, mean=0.4 (+/-0.48009).
P1: N=2, mean=0.5 (+/-0.97998).
P2: N=3, mean=0.333333 (+/-0.65332).
Game Durations: N=5, mean=31.4 (+/-7.349197).
P1: N=2, mean=25.5 (+/-2.93994).
P2: N=3, mean=35.333333 (+/-10.142254).

Agent 2 (SHUCT)
Winning score (between 0 and 1) : N=5, mean=0.6 (+/-0.48009).
P1: N=3, mean=0.666667 (+/-0.65332).
P2: N=2, mean=0.5 (+/-0.97998).
Game Durations: N=5, mean=31.4 (+/-7.349197).
P1: N=3, mean=35.333333 (+/-10.142254).
P2: N=2, mean=25.5 (+/-2.93994).
=====================================================
=====================================================
Completed 10 games.

Agent 1 (Example UCT)
Winning score (between 0 and 1) : N=10, mean=0.5 (+/-0.32666).
P1: N=5, mean=0.6 (+/-0.48009).
P2: N=5, mean=0.4 (+/-0.48009).
Game Durations: N=10, mean=31 (+/-4.488456).
P1: N=5, mean=27.4 (+/-3.5388).
P2: N=5, mean=34.6 (+/-7.296739).

Agent 2 (SHUCT)
Winning score (between 0 and 1) : N=10, mean=0.5 (+/-0.32666).
P1: N=5, mean=0.6 (+/-0.48009).
P2: N=5, mean=0.4 (+/-0.48009).
Game Durations: N=10, mean=31 (+/-4.488456).
P1: N=5, mean=34.6 (+/-7.296739).
P2: N=5, mean=27.4 (+/-3.5388).
=====================================================
=====================================================
Completed 20 games.

Agent 1 (Example UCT)
Winning score (between 0 and 1) : N=20, mean=0.4 (+/-0.22028).
P1: N=10, mean=0.5 (+/-0.32666).
P2: N=10, mean=0.3 (+/-0.299389).
Game Durations: N=20, mean=30.7 (+/-3.053289).
P1: N=10, mean=29.5 (+/-4.345929).
P2: N=10, mean=31.9 (+/-4.386984).

Agent 2 (SHUCT)
Winning score (between 0 and 1) : N=20, mean=0.6 (+/-0.22028).
P1: N=10, mean=0.7 (+/-0.299389).
P2: N=10, mean=0.5 (+/-0.32666).
Game Durations: N=20, mean=30.7 (+/-3.053289).
P1: N=10, mean=31.9 (+/-4.386984).
P2: N=10, mean=29.5 (+/-4.345929).
=====================================================
=====================================================
Completed 30 games.

Agent 1 (Example UCT)
Winning score (between 0 and 1) : N=30, mean=0.4 (+/-0.178301).
P1: N=15, mean=0.466667 (+/-0.261328).
P2: N=15, mean=0.333333 (+/-0.246932).
Game Durations: N=30, mean=30.366667 (+/-2.208829).
P1: N=15, mean=29.4 (+/-3.147581).
P2: N=15, mean=31.333333 (+/-3.129318).

Agent 2 (SHUCT)
Winning score (between 0 and 1) : N=30, mean=0.6 (+/-0.178301).
P1: N=15, mean=0.666667 (+/-0.246932).
P2: N=15, mean=0.533333 (+/-0.261328).
Game Durations: N=30, mean=30.366667 (+/-2.208829).
P1: N=15, mean=31.333333 (+/-3.129318).
P2: N=15, mean=29.4 (+/-3.147581).
=====================================================
=====================================================
Completed 40 games.

Agent 1 (Example UCT)
Winning score (between 0 and 1) : N=40, mean=0.35 (+/-0.149694).
P1: N=20, mean=0.35 (+/-0.214467).
P2: N=20, mean=0.35 (+/-0.214467).
Game Durations: N=40, mean=29.65 (+/-1.946787).
P1: N=20, mean=29.05 (+/-2.722028).
P2: N=20, mean=30.25 (+/-2.829107).

Agent 2 (SHUCT)
Winning score (between 0 and 1) : N=40, mean=0.65 (+/-0.149694).
P1: N=20, mean=0.65 (+/-0.214467).
P2: N=20, mean=0.65 (+/-0.214467).
Game Durations: N=40, mean=29.65 (+/-1.946787).
P1: N=20, mean=30.25 (+/-2.829107).
P2: N=20, mean=29.05 (+/-2.722028).
=====================================================
=====================================================
Completed 50 games.

Agent 1 (Example UCT)
Winning score (between 0 and 1) : N=50, mean=0.32 (+/-0.130611).
P1: N=25, mean=0.32 (+/-0.186626).
P2: N=25, mean=0.32 (+/-0.186626).
Game Durations: N=50, mean=29.18 (+/-1.634255).
P1: N=25, mean=28.48 (+/-2.243619).
P2: N=25, mean=29.88 (+/-2.390616).

Agent 2 (SHUCT)
Winning score (between 0 and 1) : N=50, mean=0.68 (+/-0.130611).
P1: N=25, mean=0.68 (+/-0.186626).
P2: N=25, mean=0.68 (+/-0.186626).
Game Durations: N=50, mean=29.18 (+/-1.634255).
P1: N=25, mean=29.88 (+/-2.390616).
P2: N=25, mean=28.48 (+/-2.243619).
=====================================================
=====================================================
Completed 60 games.

Agent 1 (Example UCT)
Winning score (between 0 and 1) : N=60, mean=0.35 (+/-0.121706).
P1: N=30, mean=0.333333 (+/-0.17157).
P2: N=30, mean=0.366667 (+/-0.175388).
Game Durations: N=60, mean=28.983333 (+/-1.458011).
P1: N=30, mean=28 (+/-1.937301).
P2: N=30, mean=29.966667 (+/-2.15418).

Agent 2 (SHUCT)
Winning score (between 0 and 1) : N=60, mean=0.65 (+/-0.121706).
P1: N=30, mean=0.633333 (+/-0.175388).
P2: N=30, mean=0.666667 (+/-0.17157).
Game Durations: N=60, mean=28.983333 (+/-1.458011).
P1: N=30, mean=29.966667 (+/-2.15418).
P2: N=30, mean=28 (+/-1.937301).
=====================================================
=====================================================
Completed 70 games.

Agent 1 (Example UCT)
Winning score (between 0 and 1) : N=70, mean=0.371429 (+/-0.114009).
P1: N=35, mean=0.371429 (+/-0.162414).
P2: N=35, mean=0.371429 (+/-0.162414).
Game Durations: N=70, mean=28.671429 (+/-1.292188).
P1: N=35, mean=27.857143 (+/-1.697171).
P2: N=35, mean=29.485714 (+/-1.935716).

Agent 2 (SHUCT)
Winning score (between 0 and 1) : N=70, mean=0.628571 (+/-0.114009).
P1: N=35, mean=0.628571 (+/-0.162414).
P2: N=35, mean=0.628571 (+/-0.162414).
Game Durations: N=70, mean=28.671429 (+/-1.292188).
P1: N=35, mean=29.485714 (+/-1.935716).
P2: N=35, mean=27.857143 (+/-1.697171).
=====================================================
=====================================================
Completed 80 games.

Agent 1 (Example UCT)
Winning score (between 0 and 1) : N=80, mean=0.3875 (+/-0.107429).
P1: N=40, mean=0.4 (+/-0.153752).
P2: N=40, mean=0.375 (+/-0.151939).
Game Durations: N=80, mean=28.5125 (+/-1.167882).
P1: N=40, mean=27.7 (+/-1.547417).
P2: N=40, mean=29.325 (+/-1.732394).

Agent 2 (SHUCT)
Winning score (between 0 and 1) : N=80, mean=0.6125 (+/-0.107429).
P1: N=40, mean=0.625 (+/-0.151939).
P2: N=40, mean=0.6 (+/-0.153752).
Game Durations: N=80, mean=28.5125 (+/-1.167882).
P1: N=40, mean=29.325 (+/-1.732394).
P2: N=40, mean=27.7 (+/-1.547417).
=====================================================
=====================================================
Completed 90 games.

Agent 1 (Example UCT)
Winning score (between 0 and 1) : N=90, mean=0.388889 (+/-0.10128).
P1: N=45, mean=0.422222 (+/-0.145939).
P2: N=45, mean=0.355556 (+/-0.141438).
Game Durations: N=90, mean=28.311111 (+/-1.106142).
P1: N=45, mean=27.622222 (+/-1.41539).
P2: N=45, mean=29 (+/-1.692224).

Agent 2 (SHUCT)
Winning score (between 0 and 1) : N=90, mean=0.611111 (+/-0.10128).
P1: N=45, mean=0.644444 (+/-0.141438).
P2: N=45, mean=0.577778 (+/-0.145939).
Game Durations: N=90, mean=28.311111 (+/-1.106142).
P1: N=45, mean=29 (+/-1.692224).
P2: N=45, mean=27.622222 (+/-1.41539).
=====================================================
=====================================================
Completed 100 games.

Agent 1 (Example UCT)
Winning score (between 0 and 1) : N=100, mean=0.4 (+/-0.096502).
P1: N=50, mean=0.42 (+/-0.138194).
P2: N=50, mean=0.38 (+/-0.135905).
Game Durations: N=100, mean=28.68 (+/-1.113219).
P1: N=50, mean=27.78 (+/-1.440042).
P2: N=50, mean=29.58 (+/-1.675377).

Agent 2 (SHUCT)
Winning score (between 0 and 1) : N=100, mean=0.6 (+/-0.096502).
P1: N=50, mean=0.62 (+/-0.135905).
P2: N=50, mean=0.58 (+/-0.138194).
Game Durations: N=100, mean=28.68 (+/-1.113219).
P1: N=50, mean=29.58 (+/-1.675377).
P2: N=50, mean=27.78 (+/-1.440042).
=====================================================
=====================================================
Completed 110 games.

Agent 1 (Example UCT)
Winning score (between 0 and 1) : N=110, mean=0.390909 (+/-0.091604).
P1: N=55, mean=0.418182 (+/-0.131561).
P2: N=55, mean=0.363636 (+/-0.128303).
Game Durations: N=110, mean=28.654545 (+/-1.097987).
P1: N=55, mean=27.945455 (+/-1.503125).
P2: N=55, mean=29.363636 (+/-1.592493).

Agent 2 (SHUCT)
Winning score (between 0 and 1) : N=110, mean=0.609091 (+/-0.091604).
P1: N=55, mean=0.636364 (+/-0.128303).
P2: N=55, mean=0.581818 (+/-0.131561).
Game Durations: N=110, mean=28.654545 (+/-1.097987).
P1: N=55, mean=29.363636 (+/-1.592493).
P2: N=55, mean=27.945455 (+/-1.503125).
=====================================================
=====================================================
Completed 120 games.

Agent 1 (Example UCT)
Winning score (between 0 and 1) : N=120, mean=0.408333 (+/-0.088312).
P1: N=60, mean=0.433333 (+/-0.126443).
P2: N=60, mean=0.383333 (+/-0.124061).
Game Durations: N=120, mean=28.941667 (+/-1.106656).
P1: N=60, mean=27.866667 (+/-1.449783).
P2: N=60, mean=30.016667 (+/-1.639484).

Agent 2 (SHUCT)
Winning score (between 0 and 1) : N=120, mean=0.591667 (+/-0.088312).
P1: N=60, mean=0.616667 (+/-0.124061).
P2: N=60, mean=0.566667 (+/-0.126443).
Game Durations: N=120, mean=28.941667 (+/-1.106656).
P1: N=60, mean=30.016667 (+/-1.639484).
P2: N=60, mean=27.866667 (+/-1.449783).
=====================================================
=====================================================
Completed 130 games.

Agent 1 (Example UCT)
Winning score (between 0 and 1) : N=130, mean=0.415385 (+/-0.085038).
P1: N=65, mean=0.446154 (+/-0.121785).
P2: N=65, mean=0.384615 (+/-0.119191).
Game Durations: N=130, mean=28.915385 (+/-1.078737).
P1: N=65, mean=27.738462 (+/-1.412483).
P2: N=65, mean=30.092308 (+/-1.590494).

Agent 2 (SHUCT)
Winning score (between 0 and 1) : N=130, mean=0.584615 (+/-0.085038).
P1: N=65, mean=0.615385 (+/-0.119191).
P2: N=65, mean=0.553846 (+/-0.121785).
Game Durations: N=130, mean=28.915385 (+/-1.078737).
P1: N=65, mean=30.092308 (+/-1.590494).
P2: N=65, mean=27.738462 (+/-1.412483).
=====================================================
=====================================================
Completed 140 games.

Agent 1 (Example UCT)
Winning score (between 0 and 1) : N=140, mean=0.407143 (+/-0.081675).
P1: N=70, mean=0.414286 (+/-0.116229).
P2: N=70, mean=0.4 (+/-0.115592).
Game Durations: N=140, mean=28.721429 (+/-1.027681).
P1: N=70, mean=27.557143 (+/-1.333333).
P2: N=70, mean=29.885714 (+/-1.525257).

Agent 2 (SHUCT)
Winning score (between 0 and 1) : N=140, mean=0.592857 (+/-0.081675).
P1: N=70, mean=0.6 (+/-0.115592).
P2: N=70, mean=0.585714 (+/-0.116229).
Game Durations: N=140, mean=28.721429 (+/-1.027681).
P1: N=70, mean=29.885714 (+/-1.525257).
P2: N=70, mean=27.557143 (+/-1.333333).
=====================================================
=====================================================
Completed 150 games.

Agent 1 (Example UCT)
Winning score (between 0 and 1) : N=150, mean=0.406667 (+/-0.078872).
P1: N=75, mean=0.426667 (+/-0.112688).
P2: N=75, mean=0.386667 (+/-0.110955).
Game Durations: N=150, mean=28.72 (+/-0.973711).
P1: N=75, mean=27.733333 (+/-1.264647).
P2: N=75, mean=29.706667 (+/-1.455222).

Agent 2 (SHUCT)
Winning score (between 0 and 1) : N=150, mean=0.593333 (+/-0.078872).
P1: N=75, mean=0.613333 (+/-0.110955).
P2: N=75, mean=0.573333 (+/-0.112688).
Game Durations: N=150, mean=28.72 (+/-0.973711).
P1: N=75, mean=29.706667 (+/-1.455222).
P2: N=75, mean=27.733333 (+/-1.264647).
=====================================================
