Warming up...
Finished warming up!
=====================================================
Completed 1 games.

Agent 1 (Example UCT)
Winning score (between 0 and 1) : N=1, mean=0 (+/-0).
P1: N=1, mean=0 (+/-0).
P2: N=0, mean=0 (+/-0).
Game Durations: N=1, mean=28 (+/-0).
P1: N=1, mean=28 (+/-0).
P2: N=0, mean=0 (+/-0).

Agent 2 (SHUCT)
Winning score (between 0 and 1) : N=1, mean=1 (+/-0).
P1: N=0, mean=0 (+/-0).
P2: N=1, mean=1 (+/-0).
Game Durations: N=1, mean=28 (+/-0).
P1: N=0, mean=0 (+/-0).
P2: N=1, mean=28 (+/-0).
=====================================================
=====================================================
Completed 2 games.

Agent 1 (Example UCT)
Winning score (between 0 and 1) : N=2, mean=0.5 (+/-0.97998).
P1: N=1, mean=0 (+/-0).
P2: N=1, mean=1 (+/-0).
Game Durations: N=2, mean=29 (+/-1.95996).
P1: N=1, mean=28 (+/-0).
P2: N=1, mean=30 (+/-0).

Agent 2 (SHUCT)
Winning score (between 0 and 1) : N=2, mean=0.5 (+/-0.97998).
P1: N=1, mean=0 (+/-0).
P2: N=1, mean=1 (+/-0).
Game Durations: N=2, mean=29 (+/-1.95996).
P1: N=1, mean=30 (+/-0).
P2: N=1, mean=28 (+/-0).
=====================================================
=====================================================
Completed 3 games.

Agent 1 (Example UCT)
Winning score (between 0 and 1) : N=3, mean=0.666667 (+/-0.65332).
P1: N=2, mean=0.5 (+/-0.97998).
P2: N=1, mean=1 (+/-0).
Game Durations: N=3, mean=31 (+/-4.079982).
P1: N=2, mean=31.5 (+/-6.85986).
P2: N=1, mean=30 (+/-0).

Agent 2 (SHUCT)
Winning score (between 0 and 1) : N=3, mean=0.333333 (+/-0.65332).
P1: N=1, mean=0 (+/-0).
P2: N=2, mean=0.5 (+/-0.97998).
Game Durations: N=3, mean=31 (+/-4.079982).
P1: N=1, mean=30 (+/-0).
P2: N=2, mean=31.5 (+/-6.85986).
=====================================================
=====================================================
Completed 4 games.

Agent 1 (Example UCT)
Winning score (between 0 and 1) : N=4, mean=0.5 (+/-0.565792).
P1: N=2, mean=0.5 (+/-0.97998).
P2: N=2, mean=0.5 (+/-0.97998).
Game Durations: N=4, mean=29 (+/-4.867124).
P1: N=2, mean=31.5 (+/-6.85986).
P2: N=2, mean=26.5 (+/-6.85986).

Agent 2 (SHUCT)
Winning score (between 0 and 1) : N=4, mean=0.5 (+/-0.565792).
P1: N=2, mean=0.5 (+/-0.97998).
P2: N=2, mean=0.5 (+/-0.97998).
Game Durations: N=4, mean=29 (+/-4.867124).
P1: N=2, mean=26.5 (+/-6.85986).
P2: N=2, mean=31.5 (+/-6.85986).
=====================================================
=====================================================
Completed 5 games.

Agent 1 (Example UCT)
Winning score (between 0 and 1) : N=5, mean=0.6 (+/-0.48009).
P1: N=3, mean=0.666667 (+/-0.65332).
P2: N=2, mean=0.5 (+/-0.97998).
Game Durations: N=5, mean=31.8 (+/-6.658097).
P1: N=3, mean=35.333333 (+/-8.49316).
P2: N=2, mean=26.5 (+/-6.85986).

Agent 2 (SHUCT)
Winning score (between 0 and 1) : N=5, mean=0.4 (+/-0.48009).
P1: N=2, mean=0.5 (+/-0.97998).
P2: N=3, mean=0.333333 (+/-0.65332).
Game Durations: N=5, mean=31.8 (+/-6.658097).
P1: N=2, mean=26.5 (+/-6.85986).
P2: N=3, mean=35.333333 (+/-8.49316).
=====================================================
=====================================================
Completed 10 games.

Agent 1 (Example UCT)
Winning score (between 0 and 1) : N=10, mean=0.5 (+/-0.32666).
P1: N=5, mean=0.4 (+/-0.48009).
P2: N=5, mean=0.6 (+/-0.48009).
Game Durations: N=10, mean=35.4 (+/-5.028442).
P1: N=5, mean=35.2 (+/-5.5919).
P2: N=5, mean=35.6 (+/-9.079503).

Agent 2 (SHUCT)
Winning score (between 0 and 1) : N=10, mean=0.5 (+/-0.32666).
P1: N=5, mean=0.4 (+/-0.48009).
P2: N=5, mean=0.6 (+/-0.48009).
Game Durations: N=10, mean=35.4 (+/-5.028442).
P1: N=5, mean=35.6 (+/-9.079503).
P2: N=5, mean=35.2 (+/-5.5919).
=====================================================
=====================================================
Completed 20 games.

Agent 1 (Example UCT)
Winning score (between 0 and 1) : N=20, mean=0.4 (+/-0.22028).
P1: N=10, mean=0.3 (+/-0.299389).
P2: N=10, mean=0.5 (+/-0.32666).
Game Durations: N=20, mean=37.8 (+/-4.274236).
P1: N=10, mean=36.1 (+/-4.866686).
P2: N=10, mean=39.5 (+/-7.140342).

Agent 2 (SHUCT)
Winning score (between 0 and 1) : N=20, mean=0.6 (+/-0.22028).
P1: N=10, mean=0.5 (+/-0.32666).
P2: N=10, mean=0.7 (+/-0.299389).
Game Durations: N=20, mean=37.8 (+/-4.274236).
P1: N=10, mean=39.5 (+/-7.140342).
P2: N=10, mean=36.1 (+/-4.866686).
=====================================================
=====================================================
Completed 30 games.

Agent 1 (Example UCT)
Winning score (between 0 and 1) : N=30, mean=0.4 (+/-0.178301).
P1: N=15, mean=0.266667 (+/-0.231643).
P2: N=15, mean=0.533333 (+/-0.261328).
Game Durations: N=30, mean=38.9 (+/-3.405594).
P1: N=15, mean=37.733333 (+/-4.667467).
P2: N=15, mean=40.066667 (+/-5.051429).

Agent 2 (SHUCT)
Winning score (between 0 and 1) : N=30, mean=0.6 (+/-0.178301).
P1: N=15, mean=0.466667 (+/-0.261328).
P2: N=15, mean=0.733333 (+/-0.231643).
Game Durations: N=30, mean=38.9 (+/-3.405594).
P1: N=15, mean=40.066667 (+/-5.051429).
P2: N=15, mean=37.733333 (+/-4.667467).
=====================================================
=====================================================
Completed 40 games.

Agent 1 (Example UCT)
Winning score (between 0 and 1) : N=40, mean=0.325 (+/-0.146997).
P1: N=20, mean=0.25 (+/-0.194702).
P2: N=20, mean=0.4 (+/-0.22028).
Game Durations: N=40, mean=37.675 (+/-2.770369).
P1: N=20, mean=37.25 (+/-3.844076).
P2: N=20, mean=38.1 (+/-4.081386).

Agent 2 (SHUCT)
Winning score (between 0 and 1) : N=40, mean=0.675 (+/-0.146997).
P1: N=20, mean=0.6 (+/-0.22028).
P2: N=20, mean=0.75 (+/-0.194702).
Game Durations: N=40, mean=37.675 (+/-2.770369).
P1: N=20, mean=38.1 (+/-4.081386).
P2: N=20, mean=37.25 (+/-3.844076).
=====================================================
=====================================================
Completed 50 games.

Agent 1 (Example UCT)
Winning score (between 0 and 1) : N=50, mean=0.3 (+/-0.12831).
P1: N=25, mean=0.24 (+/-0.170865).
P2: N=25, mean=0.36 (+/-0.192036).
Game Durations: N=50, mean=38.24 (+/-2.421301).
P1: N=25, mean=37.76 (+/-3.244864).
P2: N=25, mean=38.72 (+/-3.651913).

Agent 2 (SHUCT)
Winning score (between 0 and 1) : N=50, mean=0.7 (+/-0.12831).
P1: N=25, mean=0.64 (+/-0.192036).
P2: N=25, mean=0.76 (+/-0.170865).
Game Durations: N=50, mean=38.24 (+/-2.421301).
P1: N=25, mean=38.72 (+/-3.651913).
P2: N=25, mean=37.76 (+/-3.244864).
=====================================================
=====================================================
Completed 60 games.

Agent 1 (Example UCT)
Winning score (between 0 and 1) : N=60, mean=0.283333 (+/-0.114982).
P1: N=30, mean=0.233333 (+/-0.153936).
P2: N=30, mean=0.333333 (+/-0.17157).
Game Durations: N=60, mean=37.816667 (+/-2.131044).
P1: N=30, mean=37.9 (+/-2.910658).
P2: N=30, mean=37.733333 (+/-3.163041).

Agent 2 (SHUCT)
Winning score (between 0 and 1) : N=60, mean=0.716667 (+/-0.114982).
P1: N=30, mean=0.666667 (+/-0.17157).
P2: N=30, mean=0.766667 (+/-0.153936).
Game Durations: N=60, mean=37.816667 (+/-2.131044).
P1: N=30, mean=37.733333 (+/-3.163041).
P2: N=30, mean=37.9 (+/-2.910658).
=====================================================
=====================================================
Completed 70 games.

Agent 1 (Example UCT)
Winning score (between 0 and 1) : N=70, mean=0.3 (+/-0.108127).
P1: N=35, mean=0.257143 (+/-0.146909).
P2: N=35, mean=0.342857 (+/-0.159549).
Game Durations: N=70, mean=38 (+/-1.889296).
P1: N=35, mean=38.028571 (+/-2.523679).
P2: N=35, mean=37.971429 (+/-2.849314).

Agent 2 (SHUCT)
Winning score (between 0 and 1) : N=70, mean=0.7 (+/-0.108127).
P1: N=35, mean=0.657143 (+/-0.159549).
P2: N=35, mean=0.742857 (+/-0.146909).
Game Durations: N=70, mean=38 (+/-1.889296).
P1: N=35, mean=37.971429 (+/-2.849314).
P2: N=35, mean=38.028571 (+/-2.523679).
=====================================================
=====================================================
Completed 80 games.

Agent 1 (Example UCT)
Winning score (between 0 and 1) : N=80, mean=0.3125 (+/-0.10221).
P1: N=40, mean=0.275 (+/-0.140136).
P2: N=40, mean=0.35 (+/-0.149694).
Game Durations: N=80, mean=38.7125 (+/-1.850926).
P1: N=40, mean=38.775 (+/-2.404026).
P2: N=40, mean=38.65 (+/-2.845925).

Agent 2 (SHUCT)
Winning score (between 0 and 1) : N=80, mean=0.6875 (+/-0.10221).
P1: N=40, mean=0.65 (+/-0.149694).
P2: N=40, mean=0.725 (+/-0.140136).
Game Durations: N=80, mean=38.7125 (+/-1.850926).
P1: N=40, mean=38.65 (+/-2.845925).
P2: N=40, mean=38.775 (+/-2.404026).
=====================================================
=====================================================
Completed 90 games.

Agent 1 (Example UCT)
Winning score (between 0 and 1) : N=90, mean=0.344444 (+/-0.098723).
P1: N=45, mean=0.311111 (+/-0.13679).
P2: N=45, mean=0.377778 (+/-0.143256).
Game Durations: N=90, mean=38.866667 (+/-1.750084).
P1: N=45, mean=38.444444 (+/-2.222122).
P2: N=45, mean=39.288889 (+/-2.724233).

Agent 2 (SHUCT)
Winning score (between 0 and 1) : N=90, mean=0.655556 (+/-0.098723).
P1: N=45, mean=0.622222 (+/-0.143256).
P2: N=45, mean=0.688889 (+/-0.13679).
Game Durations: N=90, mean=38.866667 (+/-1.750084).
P1: N=45, mean=39.288889 (+/-2.724233).
P2: N=45, mean=38.444444 (+/-2.222122).
=====================================================
=====================================================
Completed 100 games.

Agent 1 (Example UCT)
Winning score (between 0 and 1) : N=100, mean=0.34 (+/-0.093313).
P1: N=50, mean=0.3 (+/-0.12831).
P2: N=50, mean=0.38 (+/-0.135905).
Game Durations: N=100, mean=39.12 (+/-1.683091).
P1: N=50, mean=38.34 (+/-2.054944).
P2: N=50, mean=39.9 (+/-2.669948).

Agent 2 (SHUCT)
Winning score (between 0 and 1) : N=100, mean=0.66 (+/-0.093313).
P1: N=50, mean=0.62 (+/-0.135905).
P2: N=50, mean=0.7 (+/-0.12831).
Game Durations: N=100, mean=39.12 (+/-1.683091).
P1: N=50, mean=39.9 (+/-2.669948).
P2: N=50, mean=38.34 (+/-2.054944).
=====================================================
=====================================================
Completed 110 games.

Agent 1 (Example UCT)
Winning score (between 0 and 1) : N=110, mean=0.354545 (+/-0.089805).
P1: N=55, mean=0.290909 (+/-0.121138).
P2: N=55, mean=0.418182 (+/-0.131561).
Game Durations: N=110, mean=39.018182 (+/-1.584267).
P1: N=55, mean=38.181818 (+/-1.899701).
P2: N=55, mean=39.854545 (+/-2.534597).

Agent 2 (SHUCT)
Winning score (between 0 and 1) : N=110, mean=0.645455 (+/-0.089805).
P1: N=55, mean=0.581818 (+/-0.131561).
P2: N=55, mean=0.709091 (+/-0.121138).
Game Durations: N=110, mean=39.018182 (+/-1.584267).
P1: N=55, mean=39.854545 (+/-2.534597).
P2: N=55, mean=38.181818 (+/-1.899701).
=====================================================
=====================================================
Completed 120 games.

Agent 1 (Example UCT)
Winning score (between 0 and 1) : N=120, mean=0.341667 (+/-0.085211).
P1: N=60, mean=0.3 (+/-0.116931).
P2: N=60, mean=0.383333 (+/-0.124061).
Game Durations: N=120, mean=38.775 (+/-1.505985).
P1: N=60, mean=38.233333 (+/-1.83374).
P2: N=60, mean=39.316667 (+/-2.397507).

Agent 2 (SHUCT)
Winning score (between 0 and 1) : N=120, mean=0.658333 (+/-0.085211).
P1: N=60, mean=0.616667 (+/-0.124061).
P2: N=60, mean=0.7 (+/-0.116931).
Game Durations: N=120, mean=38.775 (+/-1.505985).
P1: N=60, mean=39.316667 (+/-2.397507).
P2: N=60, mean=38.233333 (+/-1.83374).
=====================================================
=====================================================
Completed 130 games.

Agent 1 (Example UCT)
Winning score (between 0 and 1) : N=130, mean=0.346154 (+/-0.082097).
P1: N=65, mean=0.307692 (+/-0.113075).
P2: N=65, mean=0.384615 (+/-0.119191).
Game Durations: N=130, mean=38.615385 (+/-1.434451).
P1: N=65, mean=38.246154 (+/-1.749894).
P2: N=65, mean=38.984615 (+/-2.283946).

Agent 2 (SHUCT)
Winning score (between 0 and 1) : N=130, mean=0.653846 (+/-0.082097).
P1: N=65, mean=0.615385 (+/-0.119191).
P2: N=65, mean=0.692308 (+/-0.113075).
Game Durations: N=130, mean=38.615385 (+/-1.434451).
P1: N=65, mean=38.984615 (+/-2.283946).
P2: N=65, mean=38.246154 (+/-1.749894).
=====================================================
=====================================================
Completed 140 games.

Agent 1 (Example UCT)
Winning score (between 0 and 1) : N=140, mean=0.35 (+/-0.079292).
P1: N=70, mean=0.328571 (+/-0.110825).
P2: N=70, mean=0.371429 (+/-0.114009).
Game Durations: N=140, mean=38.492857 (+/-1.370359).
P1: N=70, mean=38.471429 (+/-1.653932).
P2: N=70, mean=38.514286 (+/-2.197823).

Agent 2 (SHUCT)
Winning score (between 0 and 1) : N=140, mean=0.65 (+/-0.079292).
P1: N=70, mean=0.628571 (+/-0.114009).
P2: N=70, mean=0.671429 (+/-0.110825).
Game Durations: N=140, mean=38.492857 (+/-1.370359).
P1: N=70, mean=38.514286 (+/-2.197823).
P2: N=70, mean=38.471429 (+/-1.653932).
=====================================================
=====================================================
Completed 150 games.

Agent 1 (Example UCT)
Winning score (between 0 and 1) : N=150, mean=0.366667 (+/-0.077376).
P1: N=75, mean=0.346667 (+/-0.108431).
P2: N=75, mean=0.386667 (+/-0.110955).
Game Durations: N=150, mean=38.44 (+/-1.312522).
P1: N=75, mean=38.48 (+/-1.610802).
P2: N=75, mean=38.4 (+/-2.083881).

Agent 2 (SHUCT)
Winning score (between 0 and 1) : N=150, mean=0.633333 (+/-0.077376).
P1: N=75, mean=0.613333 (+/-0.110955).
P2: N=75, mean=0.653333 (+/-0.108431).
Game Durations: N=150, mean=38.44 (+/-1.312522).
P1: N=75, mean=38.4 (+/-2.083881).
P2: N=75, mean=38.48 (+/-1.610802).
=====================================================
