Warming up...
Finished warming up!
=====================================================
Completed 1 games.

Agent 1 (Example UCT)
Winning score (between 0 and 1) : N=1, mean=1 (+/-0).
P1: N=1, mean=1 (+/-0).
P2: N=0, mean=0 (+/-0).
Game Durations: N=1, mean=25 (+/-0).
P1: N=1, mean=25 (+/-0).
P2: N=0, mean=0 (+/-0).

Agent 2 (SHUCT)
Winning score (between 0 and 1) : N=1, mean=0 (+/-0).
P1: N=0, mean=0 (+/-0).
P2: N=1, mean=0 (+/-0).
Game Durations: N=1, mean=25 (+/-0).
P1: N=0, mean=0 (+/-0).
P2: N=1, mean=25 (+/-0).
=====================================================
=====================================================
Completed 2 games.

Agent 1 (Example UCT)
Winning score (between 0 and 1) : N=2, mean=1 (+/-0).
P1: N=1, mean=1 (+/-0).
P2: N=1, mean=1 (+/-0).
Game Durations: N=2, mean=25.5 (+/-0.97998).
P1: N=1, mean=25 (+/-0).
P2: N=1, mean=26 (+/-0).

Agent 2 (SHUCT)
Winning score (between 0 and 1) : N=2, mean=0 (+/-0).
P1: N=1, mean=0 (+/-0).
P2: N=1, mean=0 (+/-0).
Game Durations: N=2, mean=25.5 (+/-0.97998).
P1: N=1, mean=26 (+/-0).
P2: N=1, mean=25 (+/-0).
=====================================================
=====================================================
Completed 3 games.

Agent 1 (Example UCT)
Winning score (between 0 and 1) : N=3, mean=1 (+/-0).
P1: N=2, mean=1 (+/-0).
P2: N=1, mean=1 (+/-0).
Game Durations: N=3, mean=26 (+/-1.131583).
P1: N=2, mean=26 (+/-1.95996).
P2: N=1, mean=26 (+/-0).

Agent 2 (SHUCT)
Winning score (between 0 and 1) : N=3, mean=0 (+/-0).
P1: N=1, mean=0 (+/-0).
P2: N=2, mean=0 (+/-0).
Game Durations: N=3, mean=26 (+/-1.131583).
P1: N=1, mean=26 (+/-0).
P2: N=2, mean=26 (+/-1.95996).
=====================================================
=====================================================
Completed 4 games.

Agent 1 (Example UCT)
Winning score (between 0 and 1) : N=4, mean=0.75 (+/-0.48999).
P1: N=2, mean=1 (+/-0).
P2: N=2, mean=0.5 (+/-0.97998).
Game Durations: N=4, mean=25.75 (+/-0.938259).
P1: N=2, mean=26 (+/-1.95996).
P2: N=2, mean=25.5 (+/-0.97998).

Agent 2 (SHUCT)
Winning score (between 0 and 1) : N=4, mean=0.25 (+/-0.48999).
P1: N=2, mean=0.5 (+/-0.97998).
P2: N=2, mean=0 (+/-0).
Game Durations: N=4, mean=25.75 (+/-0.938259).
P1: N=2, mean=25.5 (+/-0.97998).
P2: N=2, mean=26 (+/-1.95996).
=====================================================
=====================================================
Completed 5 games.

Agent 1 (Example UCT)
Winning score (between 0 and 1) : N=5, mean=0.8 (+/-0.391992).
P1: N=3, mean=1 (+/-0).
P2: N=2, mean=0.5 (+/-0.97998).
Game Durations: N=5, mean=27.6 (+/-3.698045).
P1: N=3, mean=29 (+/-5.987777).
P2: N=2, mean=25.5 (+/-0.97998).

Agent 2 (SHUCT)
Winning score (between 0 and 1) : N=5, mean=0.2 (+/-0.391992).
P1: N=2, mean=0.5 (+/-0.97998).
P2: N=3, mean=0 (+/-0).
Game Durations: N=5, mean=27.6 (+/-3.698045).
P1: N=2, mean=25.5 (+/-0.97998).
P2: N=3, mean=29 (+/-5.987777).
=====================================================
=====================================================
Completed 10 games.

Agent 1 (Example UCT)
Winning score (between 0 and 1) : N=10, mean=0.5 (+/-0.32666).
P1: N=5, mean=0.6 (+/-0.48009).
P2: N=5, mean=0.4 (+/-0.48009).
Game Durations: N=10, mean=31.2 (+/-5.058908).
P1: N=5, mean=33.4 (+/-7.951739).
P2: N=5, mean=29 (+/-6.529933).

Agent 2 (SHUCT)
Winning score (between 0 and 1) : N=10, mean=0.5 (+/-0.32666).
P1: N=5, mean=0.6 (+/-0.48009).
P2: N=5, mean=0.4 (+/-0.48009).
Game Durations: N=10, mean=31.2 (+/-5.058908).
P1: N=5, mean=29 (+/-6.529933).
P2: N=5, mean=33.4 (+/-7.951739).
=====================================================
=====================================================
Completed 20 games.

Agent 1 (Example UCT)
Winning score (between 0 and 1) : N=20, mean=0.65 (+/-0.214467).
P1: N=10, mean=0.8 (+/-0.261328).
P2: N=10, mean=0.5 (+/-0.32666).
Game Durations: N=20, mean=29.45 (+/-3.209459).
P1: N=10, mean=28.8 (+/-4.825731).
P2: N=10, mean=30.1 (+/-4.454569).

Agent 2 (SHUCT)
Winning score (between 0 and 1) : N=20, mean=0.35 (+/-0.214467).
P1: N=10, mean=0.5 (+/-0.32666).
P2: N=10, mean=0.2 (+/-0.261328).
Game Durations: N=20, mean=29.45 (+/-3.209459).
P1: N=10, mean=30.1 (+/-4.454569).
P2: N=10, mean=28.8 (+/-4.825731).
=====================================================
=====================================================
Completed 30 games.

Agent 1 (Example UCT)
Winning score (between 0 and 1) : N=30, mean=0.533333 (+/-0.181573).
P1: N=15, mean=0.6 (+/-0.256619).
P2: N=15, mean=0.466667 (+/-0.261328).
Game Durations: N=30, mean=29.033333 (+/-2.81681).
P1: N=15, mean=26.6 (+/-3.556846).
P2: N=15, mean=31.466667 (+/-4.119544).

Agent 2 (SHUCT)
Winning score (between 0 and 1) : N=30, mean=0.466667 (+/-0.181573).
P1: N=15, mean=0.533333 (+/-0.261328).
P2: N=15, mean=0.4 (+/-0.256619).
Game Durations: N=30, mean=29.033333 (+/-2.81681).
P1: N=15, mean=31.466667 (+/-4.119544).
P2: N=15, mean=26.6 (+/-3.556846).
=====================================================
=====================================================
Completed 40 games.

Agent 1 (Example UCT)
Winning score (between 0 and 1) : N=40, mean=0.475 (+/-0.156726).
P1: N=20, mean=0.55 (+/-0.223696).
P2: N=20, mean=0.4 (+/-0.22028).
Game Durations: N=40, mean=28.175 (+/-2.300813).
P1: N=20, mean=26.25 (+/-2.803983).
P2: N=20, mean=30.1 (+/-3.51731).

Agent 2 (SHUCT)
Winning score (between 0 and 1) : N=40, mean=0.525 (+/-0.156726).
P1: N=20, mean=0.6 (+/-0.22028).
P2: N=20, mean=0.45 (+/-0.223696).
Game Durations: N=40, mean=28.175 (+/-2.300813).
P1: N=20, mean=30.1 (+/-3.51731).
P2: N=20, mean=26.25 (+/-2.803983).
=====================================================
=====================================================
Completed 50 games.

Agent 1 (Example UCT)
Winning score (between 0 and 1) : N=50, mean=0.5 (+/-0.139997).
P1: N=25, mean=0.6 (+/-0.195996).
P2: N=25, mean=0.4 (+/-0.195996).
Game Durations: N=50, mean=28.48 (+/-1.972909).
P1: N=25, mean=27.64 (+/-2.724932).
P2: N=25, mean=29.32 (+/-2.871012).

Agent 2 (SHUCT)
Winning score (between 0 and 1) : N=50, mean=0.5 (+/-0.139997).
P1: N=25, mean=0.6 (+/-0.195996).
P2: N=25, mean=0.4 (+/-0.195996).
Game Durations: N=50, mean=28.48 (+/-1.972909).
P1: N=25, mean=29.32 (+/-2.871012).
P2: N=25, mean=27.64 (+/-2.724932).
=====================================================
=====================================================
Completed 60 games.

Agent 1 (Example UCT)
Winning score (between 0 and 1) : N=60, mean=0.5 (+/-0.127583).
P1: N=30, mean=0.6 (+/-0.178301).
P2: N=30, mean=0.4 (+/-0.178301).
Game Durations: N=60, mean=27.933333 (+/-1.709077).
P1: N=30, mean=27.333333 (+/-2.340535).
P2: N=30, mean=28.533333 (+/-2.512318).

Agent 2 (SHUCT)
Winning score (between 0 and 1) : N=60, mean=0.5 (+/-0.127583).
P1: N=30, mean=0.6 (+/-0.178301).
P2: N=30, mean=0.4 (+/-0.178301).
Game Durations: N=60, mean=27.933333 (+/-1.709077).
P1: N=30, mean=28.533333 (+/-2.512318).
P2: N=30, mean=27.333333 (+/-2.340535).
=====================================================
=====================================================
Completed 70 games.

Agent 1 (Example UCT)
Winning score (between 0 and 1) : N=70, mean=0.485714 (+/-0.117928).
P1: N=35, mean=0.571429 (+/-0.166341).
P2: N=35, mean=0.4 (+/-0.16467).
Game Durations: N=70, mean=28.128571 (+/-1.502868).
P1: N=35, mean=27.828571 (+/-2.125094).
P2: N=35, mean=28.428571 (+/-2.151963).

Agent 2 (SHUCT)
Winning score (between 0 and 1) : N=70, mean=0.514286 (+/-0.117928).
P1: N=35, mean=0.6 (+/-0.16467).
P2: N=35, mean=0.428571 (+/-0.166341).
Game Durations: N=70, mean=28.128571 (+/-1.502868).
P1: N=35, mean=28.428571 (+/-2.151963).
P2: N=35, mean=27.828571 (+/-2.125094).
=====================================================
=====================================================
Completed 80 games.

Agent 1 (Example UCT)
Winning score (between 0 and 1) : N=80, mean=0.45 (+/-0.109704).
P1: N=40, mean=0.525 (+/-0.156726).
P2: N=40, mean=0.375 (+/-0.151939).
Game Durations: N=80, mean=27.775 (+/-1.381937).
P1: N=40, mean=27.525 (+/-1.921883).
P2: N=40, mean=28.025 (+/-2.007733).

Agent 2 (SHUCT)
Winning score (between 0 and 1) : N=80, mean=0.55 (+/-0.109704).
P1: N=40, mean=0.625 (+/-0.151939).
P2: N=40, mean=0.475 (+/-0.156726).
Game Durations: N=80, mean=27.775 (+/-1.381937).
P1: N=40, mean=28.025 (+/-2.007733).
P2: N=40, mean=27.525 (+/-1.921883).
=====================================================
=====================================================
Completed 90 games.

Agent 1 (Example UCT)
Winning score (between 0 and 1) : N=90, mean=0.444444 (+/-0.103234).
P1: N=45, mean=0.533333 (+/-0.147409).
P2: N=45, mean=0.355556 (+/-0.141438).
Game Durations: N=90, mean=27.766667 (+/-1.290408).
P1: N=45, mean=27.422222 (+/-1.801606).
P2: N=45, mean=28.111111 (+/-1.86274).

Agent 2 (SHUCT)
Winning score (between 0 and 1) : N=90, mean=0.555556 (+/-0.103234).
P1: N=45, mean=0.644444 (+/-0.141438).
P2: N=45, mean=0.466667 (+/-0.147409).
Game Durations: N=90, mean=27.766667 (+/-1.290408).
P1: N=45, mean=28.111111 (+/-1.86274).
P2: N=45, mean=27.422222 (+/-1.801606).
=====================================================
=====================================================
Completed 100 games.

Agent 1 (Example UCT)
Winning score (between 0 and 1) : N=100, mean=0.44 (+/-0.09778).
P1: N=50, mean=0.56 (+/-0.138986).
P2: N=50, mean=0.32 (+/-0.130611).
Game Durations: N=100, mean=27.84 (+/-1.18705).
P1: N=50, mean=27.64 (+/-1.646747).
P2: N=50, mean=28.04 (+/-1.725056).

Agent 2 (SHUCT)
Winning score (between 0 and 1) : N=100, mean=0.56 (+/-0.09778).
P1: N=50, mean=0.68 (+/-0.130611).
P2: N=50, mean=0.44 (+/-0.138986).
Game Durations: N=100, mean=27.84 (+/-1.18705).
P1: N=50, mean=28.04 (+/-1.725056).
P2: N=50, mean=27.64 (+/-1.646747).
=====================================================
=====================================================
Completed 110 games.

Agent 1 (Example UCT)
Winning score (between 0 and 1) : N=110, mean=0.481818 (+/-0.093803).
P1: N=55, mean=0.6 (+/-0.130664).
P2: N=55, mean=0.363636 (+/-0.128303).
Game Durations: N=110, mean=27.8 (+/-1.102171).
P1: N=55, mean=27.690909 (+/-1.518922).
P2: N=55, mean=27.909091 (+/-1.610992).

Agent 2 (SHUCT)
Winning score (between 0 and 1) : N=110, mean=0.518182 (+/-0.093803).
P1: N=55, mean=0.636364 (+/-0.128303).
P2: N=55, mean=0.4 (+/-0.130664).
Game Durations: N=110, mean=27.8 (+/-1.102171).
P1: N=55, mean=27.909091 (+/-1.610992).
P2: N=55, mean=27.690909 (+/-1.518922).
=====================================================
=====================================================
Completed 120 games.

Agent 1 (Example UCT)
Winning score (between 0 and 1) : N=120, mean=0.466667 (+/-0.089635).
P1: N=60, mean=0.566667 (+/-0.126443).
P2: N=60, mean=0.366667 (+/-0.122963).
Game Durations: N=120, mean=27.816667 (+/-1.092389).
P1: N=60, mean=28.166667 (+/-1.561982).
P2: N=60, mean=27.466667 (+/-1.535567).

Agent 2 (SHUCT)
Winning score (between 0 and 1) : N=120, mean=0.533333 (+/-0.089635).
P1: N=60, mean=0.633333 (+/-0.122963).
P2: N=60, mean=0.433333 (+/-0.126443).
Game Durations: N=120, mean=27.816667 (+/-1.092389).
P1: N=60, mean=27.466667 (+/-1.535567).
P2: N=60, mean=28.166667 (+/-1.561982).
=====================================================
=====================================================
Completed 130 games.

Agent 1 (Example UCT)
Winning score (between 0 and 1) : N=130, mean=0.453846 (+/-0.085914).
P1: N=65, mean=0.553846 (+/-0.121785).
P2: N=65, mean=0.353846 (+/-0.117147).
Game Durations: N=130, mean=27.8 (+/-1.053026).
P1: N=65, mean=28.430769 (+/-1.527861).
P2: N=65, mean=27.169231 (+/-1.444988).

Agent 2 (SHUCT)
Winning score (between 0 and 1) : N=130, mean=0.546154 (+/-0.085914).
P1: N=65, mean=0.646154 (+/-0.117147).
P2: N=65, mean=0.446154 (+/-0.121785).
Game Durations: N=130, mean=27.8 (+/-1.053026).
P1: N=65, mean=27.169231 (+/-1.444988).
P2: N=65, mean=28.430769 (+/-1.527861).
=====================================================
=====================================================
Completed 140 games.

Agent 1 (Example UCT)
Winning score (between 0 and 1) : N=140, mean=0.45 (+/-0.082704).
P1: N=70, mean=0.557143 (+/-0.117203).
P2: N=70, mean=0.342857 (+/-0.111998).
Game Durations: N=140, mean=27.978571 (+/-1.056362).
P1: N=70, mean=28.557143 (+/-1.443875).
P2: N=70, mean=27.4 (+/-1.540747).

Agent 2 (SHUCT)
Winning score (between 0 and 1) : N=140, mean=0.55 (+/-0.082704).
P1: N=70, mean=0.657143 (+/-0.111998).
P2: N=70, mean=0.442857 (+/-0.117203).
Game Durations: N=140, mean=27.978571 (+/-1.056362).
P1: N=70, mean=27.4 (+/-1.540747).
P2: N=70, mean=28.557143 (+/-1.443875).
=====================================================
=====================================================
Completed 150 games.

Agent 1 (Example UCT)
Winning score (between 0 and 1) : N=150, mean=0.453333 (+/-0.079933).
P1: N=75, mean=0.573333 (+/-0.112688).
P2: N=75, mean=0.333333 (+/-0.107405).
Game Durations: N=150, mean=28.366667 (+/-1.099758).
P1: N=75, mean=29.026667 (+/-1.507644).
P2: N=75, mean=27.706667 (+/-1.597605).

Agent 2 (SHUCT)
Winning score (between 0 and 1) : N=150, mean=0.546667 (+/-0.079933).
P1: N=75, mean=0.666667 (+/-0.107405).
P2: N=75, mean=0.426667 (+/-0.112688).
Game Durations: N=150, mean=28.366667 (+/-1.099758).
P1: N=75, mean=27.706667 (+/-1.597605).
P2: N=75, mean=29.026667 (+/-1.507644).
=====================================================
