Warming up...
Finished warming up!
=====================================================
Completed 1 games.

Agent 1 (UCT)
Winning score (between 0 and 1) : N=1, mean=0 (+/-0).
P1: N=0, mean=0 (+/-0).
P2: N=1, mean=0 (+/-0).
Game Durations: N=1, mean=35 (+/-0).
P1: N=0, mean=0 (+/-0).
P2: N=1, mean=35 (+/-0).

Agent 2 (SHUCTAnyTime)
Winning score (between 0 and 1) : N=1, mean=1 (+/-0).
P1: N=1, mean=1 (+/-0).
P2: N=0, mean=0 (+/-0).
Game Durations: N=1, mean=35 (+/-0).
P1: N=1, mean=35 (+/-0).
P2: N=0, mean=0 (+/-0).
=====================================================
=====================================================
Completed 2 games.

Agent 1 (UCT)
Winning score (between 0 and 1) : N=2, mean=0.5 (+/-0.97998).
P1: N=1, mean=1 (+/-0).
P2: N=1, mean=0 (+/-0).
Game Durations: N=2, mean=31 (+/-7.83984).
P1: N=1, mean=27 (+/-0).
P2: N=1, mean=35 (+/-0).

Agent 2 (SHUCTAnyTime)
Winning score (between 0 and 1) : N=2, mean=0.5 (+/-0.97998).
P1: N=1, mean=1 (+/-0).
P2: N=1, mean=0 (+/-0).
Game Durations: N=2, mean=31 (+/-7.83984).
P1: N=1, mean=35 (+/-0).
P2: N=1, mean=27 (+/-0).
=====================================================
=====================================================
Completed 3 games.

Agent 1 (UCT)
Winning score (between 0 and 1) : N=3, mean=0.333333 (+/-0.65332).
P1: N=1, mean=1 (+/-0).
P2: N=2, mean=0 (+/-0).
Game Durations: N=3, mean=25.666667 (+/-11.391023).
P1: N=1, mean=27 (+/-0).
P2: N=2, mean=25 (+/-19.5996).

Agent 2 (SHUCTAnyTime)
Winning score (between 0 and 1) : N=3, mean=0.666667 (+/-0.65332).
P1: N=2, mean=1 (+/-0).
P2: N=1, mean=0 (+/-0).
Game Durations: N=3, mean=25.666667 (+/-11.391023).
P1: N=2, mean=25 (+/-19.5996).
P2: N=1, mean=27 (+/-0).
=====================================================
=====================================================
Completed 4 games.

Agent 1 (UCT)
Winning score (between 0 and 1) : N=4, mean=0.25 (+/-0.48999).
P1: N=2, mean=0.5 (+/-0.97998).
P2: N=2, mean=0 (+/-0).
Game Durations: N=4, mean=22.25 (+/-10.47479).
P1: N=2, mean=19.5 (+/-14.6997).
P2: N=2, mean=25 (+/-19.5996).

Agent 2 (SHUCTAnyTime)
Winning score (between 0 and 1) : N=4, mean=0.75 (+/-0.48999).
P1: N=2, mean=1 (+/-0).
P2: N=2, mean=0.5 (+/-0.97998).
Game Durations: N=4, mean=22.25 (+/-10.47479).
P1: N=2, mean=25 (+/-19.5996).
P2: N=2, mean=19.5 (+/-14.6997).
=====================================================
=====================================================
Completed 5 games.

Agent 1 (UCT)
Winning score (between 0 and 1) : N=5, mean=0.2 (+/-0.391992).
P1: N=2, mean=0.5 (+/-0.97998).
P2: N=3, mean=0 (+/-0).
Game Durations: N=5, mean=23.2 (+/-8.32464).
P1: N=2, mean=19.5 (+/-14.6997).
P2: N=3, mean=25.666667 (+/-11.391023).

Agent 2 (SHUCTAnyTime)
Winning score (between 0 and 1) : N=5, mean=0.8 (+/-0.391992).
P1: N=3, mean=1 (+/-0).
P2: N=2, mean=0.5 (+/-0.97998).
Game Durations: N=5, mean=23.2 (+/-8.32464).
P1: N=3, mean=25.666667 (+/-11.391023).
P2: N=2, mean=19.5 (+/-14.6997).
=====================================================
=====================================================
Completed 10 games.

Agent 1 (UCT)
Winning score (between 0 and 1) : N=10, mean=0.2 (+/-0.261328).
P1: N=5, mean=0.4 (+/-0.48009).
P2: N=5, mean=0 (+/-0).
Game Durations: N=10, mean=24.7 (+/-6.694857).
P1: N=5, mean=24.4 (+/-11.438512).
P2: N=5, mean=25 (+/-8.407292).

Agent 2 (SHUCTAnyTime)
Winning score (between 0 and 1) : N=10, mean=0.8 (+/-0.261328).
P1: N=5, mean=1 (+/-0).
P2: N=5, mean=0.6 (+/-0.48009).
Game Durations: N=10, mean=24.7 (+/-6.694857).
P1: N=5, mean=25 (+/-8.407292).
P2: N=5, mean=24.4 (+/-11.438512).
=====================================================
=====================================================
Completed 20 games.

Agent 1 (UCT)
Winning score (between 0 and 1) : N=20, mean=0.3 (+/-0.206054).
P1: N=10, mean=0.4 (+/-0.32006).
P2: N=10, mean=0.2 (+/-0.261328).
Game Durations: N=20, mean=28.2 (+/-5.118066).
P1: N=10, mean=25.6 (+/-6.871982).
P2: N=10, mean=30.8 (+/-7.589768).

Agent 2 (SHUCTAnyTime)
Winning score (between 0 and 1) : N=20, mean=0.7 (+/-0.206054).
P1: N=10, mean=0.8 (+/-0.261328).
P2: N=10, mean=0.6 (+/-0.32006).
Game Durations: N=20, mean=28.2 (+/-5.118066).
P1: N=10, mean=30.8 (+/-7.589768).
P2: N=10, mean=25.6 (+/-6.871982).
=====================================================
=====================================================
Completed 30 games.

Agent 1 (UCT)
Winning score (between 0 and 1) : N=30, mean=0.3 (+/-0.166785).
P1: N=15, mean=0.4 (+/-0.256619).
P2: N=15, mean=0.2 (+/-0.209529).
Game Durations: N=30, mean=31 (+/-3.87004).
P1: N=15, mean=29.733333 (+/-5.558323).
P2: N=15, mean=32.266667 (+/-5.502092).

Agent 2 (SHUCTAnyTime)
Winning score (between 0 and 1) : N=30, mean=0.7 (+/-0.166785).
P1: N=15, mean=0.8 (+/-0.209529).
P2: N=15, mean=0.6 (+/-0.256619).
Game Durations: N=30, mean=31 (+/-3.87004).
P1: N=15, mean=32.266667 (+/-5.502092).
P2: N=15, mean=29.733333 (+/-5.558323).
=====================================================
=====================================================
Completed 40 games.

Agent 1 (UCT)
Winning score (between 0 and 1) : N=40, mean=0.35 (+/-0.149694).
P1: N=20, mean=0.45 (+/-0.223696).
P2: N=20, mean=0.25 (+/-0.194702).
Game Durations: N=40, mean=30.35 (+/-3.163105).
P1: N=20, mean=29.95 (+/-4.365212).
P2: N=20, mean=30.75 (+/-4.685547).

Agent 2 (SHUCTAnyTime)
Winning score (between 0 and 1) : N=40, mean=0.65 (+/-0.149694).
P1: N=20, mean=0.75 (+/-0.194702).
P2: N=20, mean=0.55 (+/-0.223696).
Game Durations: N=40, mean=30.35 (+/-3.163105).
P1: N=20, mean=30.75 (+/-4.685547).
P2: N=20, mean=29.95 (+/-4.365212).
=====================================================
=====================================================
Completed 50 games.

Agent 1 (UCT)
Winning score (between 0 and 1) : N=50, mean=0.32 (+/-0.130611).
P1: N=25, mean=0.4 (+/-0.195996).
P2: N=25, mean=0.24 (+/-0.170865).
Game Durations: N=50, mean=29.86 (+/-2.901157).
P1: N=25, mean=30.24 (+/-3.900731).
P2: N=25, mean=29.48 (+/-4.371077).

Agent 2 (SHUCTAnyTime)
Winning score (between 0 and 1) : N=50, mean=0.68 (+/-0.130611).
P1: N=25, mean=0.76 (+/-0.170865).
P2: N=25, mean=0.6 (+/-0.195996).
Game Durations: N=50, mean=29.86 (+/-2.901157).
P1: N=25, mean=29.48 (+/-4.371077).
P2: N=25, mean=30.24 (+/-3.900731).
=====================================================
=====================================================
Completed 60 games.

Agent 1 (UCT)
Winning score (between 0 and 1) : N=60, mean=0.366667 (+/-0.122963).
P1: N=30, mean=0.466667 (+/-0.181573).
P2: N=30, mean=0.266667 (+/-0.160947).
Game Durations: N=60, mean=30.433333 (+/-2.682013).
P1: N=30, mean=31.533333 (+/-3.708934).
P2: N=30, mean=29.333333 (+/-3.897704).

Agent 2 (SHUCTAnyTime)
Winning score (between 0 and 1) : N=60, mean=0.633333 (+/-0.122963).
P1: N=30, mean=0.733333 (+/-0.160947).
P2: N=30, mean=0.533333 (+/-0.181573).
Game Durations: N=60, mean=30.433333 (+/-2.682013).
P1: N=30, mean=29.333333 (+/-3.897704).
P2: N=30, mean=31.533333 (+/-3.708934).
=====================================================
=====================================================
Completed 70 games.

Agent 1 (UCT)
Winning score (between 0 and 1) : N=70, mean=0.385714 (+/-0.114853).
P1: N=35, mean=0.485714 (+/-0.167997).
P2: N=35, mean=0.285714 (+/-0.151848).
Game Durations: N=70, mean=30.285714 (+/-2.525623).
P1: N=35, mean=30.542857 (+/-3.451654).
P2: N=35, mean=30.028571 (+/-3.736503).

Agent 2 (SHUCTAnyTime)
Winning score (between 0 and 1) : N=70, mean=0.614286 (+/-0.114853).
P1: N=35, mean=0.714286 (+/-0.151848).
P2: N=35, mean=0.514286 (+/-0.167997).
Game Durations: N=70, mean=30.285714 (+/-2.525623).
P1: N=35, mean=30.028571 (+/-3.736503).
P2: N=35, mean=30.542857 (+/-3.451654).
=====================================================
=====================================================
Completed 80 games.

Agent 1 (UCT)
Winning score (between 0 and 1) : N=80, mean=0.35 (+/-0.105178).
P1: N=40, mean=0.45 (+/-0.156136).
P2: N=40, mean=0.25 (+/-0.135899).
Game Durations: N=80, mean=31.275 (+/-2.345372).
P1: N=40, mean=31.9 (+/-3.304176).
P2: N=40, mean=30.65 (+/-3.360155).

Agent 2 (SHUCTAnyTime)
Winning score (between 0 and 1) : N=80, mean=0.65 (+/-0.105178).
P1: N=40, mean=0.75 (+/-0.135899).
P2: N=40, mean=0.55 (+/-0.156136).
Game Durations: N=80, mean=31.275 (+/-2.345372).
P1: N=40, mean=30.65 (+/-3.360155).
P2: N=40, mean=31.9 (+/-3.304176).
=====================================================
=====================================================
Completed 90 games.

Agent 1 (UCT)
Winning score (between 0 and 1) : N=90, mean=0.355556 (+/-0.099449).
P1: N=45, mean=0.466667 (+/-0.147409).
P2: N=45, mean=0.244444 (+/-0.126983).
Game Durations: N=90, mean=31.3 (+/-2.161599).
P1: N=45, mean=31.533333 (+/-3.055212).
P2: N=45, mean=31.066667 (+/-3.091698).

Agent 2 (SHUCTAnyTime)
Winning score (between 0 and 1) : N=90, mean=0.644444 (+/-0.099449).
P1: N=45, mean=0.755556 (+/-0.126983).
P2: N=45, mean=0.533333 (+/-0.147409).
Game Durations: N=90, mean=31.3 (+/-2.161599).
P1: N=45, mean=31.066667 (+/-3.091698).
P2: N=45, mean=31.533333 (+/-3.055212).
=====================================================
=====================================================
Completed 100 games.

Agent 1 (UCT)
Winning score (between 0 and 1) : N=100, mean=0.35 (+/-0.093955).
P1: N=50, mean=0.46 (+/-0.139548).
P2: N=50, mean=0.24 (+/-0.119581).
Game Durations: N=100, mean=31.57 (+/-2.063208).
P1: N=50, mean=31.54 (+/-2.821259).
P2: N=50, mean=31.6 (+/-3.03997).

Agent 2 (SHUCTAnyTime)
Winning score (between 0 and 1) : N=100, mean=0.65 (+/-0.093955).
P1: N=50, mean=0.76 (+/-0.119581).
P2: N=50, mean=0.54 (+/-0.139548).
Game Durations: N=100, mean=31.57 (+/-2.063208).
P1: N=50, mean=31.6 (+/-3.03997).
P2: N=50, mean=31.54 (+/-2.821259).
=====================================================
