Warming up...
Finished warming up!
=====================================================
Completed 1 games.

Agent 1 (SHUCTAnyTime)
Winning score (between 0 and 1) : N=1, mean=0 (+/-0).
P1: N=0, mean=0 (+/-0).
P2: N=1, mean=0 (+/-0).
Game Durations: N=1, mean=11 (+/-0).
P1: N=0, mean=0 (+/-0).
P2: N=1, mean=11 (+/-0).

Agent 2 (UCT)
Winning score (between 0 and 1) : N=1, mean=1 (+/-0).
P1: N=1, mean=1 (+/-0).
P2: N=0, mean=0 (+/-0).
Game Durations: N=1, mean=11 (+/-0).
P1: N=1, mean=11 (+/-0).
P2: N=0, mean=0 (+/-0).
=====================================================
=====================================================
Completed 2 games.

Agent 1 (SHUCTAnyTime)
Winning score (between 0 and 1) : N=2, mean=0.5 (+/-0.97998).
P1: N=1, mean=1 (+/-0).
P2: N=1, mean=0 (+/-0).
Game Durations: N=2, mean=14 (+/-5.87988).
P1: N=1, mean=17 (+/-0).
P2: N=1, mean=11 (+/-0).

Agent 2 (UCT)
Winning score (between 0 and 1) : N=2, mean=0.5 (+/-0.97998).
P1: N=1, mean=1 (+/-0).
P2: N=1, mean=0 (+/-0).
Game Durations: N=2, mean=14 (+/-5.87988).
P1: N=1, mean=11 (+/-0).
P2: N=1, mean=17 (+/-0).
=====================================================
=====================================================
Completed 3 games.

Agent 1 (SHUCTAnyTime)
Winning score (between 0 and 1) : N=3, mean=0.333333 (+/-0.65332).
P1: N=1, mean=1 (+/-0).
P2: N=2, mean=0 (+/-0).
Game Durations: N=3, mean=15 (+/-3.91992).
P1: N=1, mean=17 (+/-0).
P2: N=2, mean=14 (+/-5.87988).

Agent 2 (UCT)
Winning score (between 0 and 1) : N=3, mean=0.666667 (+/-0.65332).
P1: N=2, mean=1 (+/-0).
P2: N=1, mean=0 (+/-0).
Game Durations: N=3, mean=15 (+/-3.91992).
P1: N=2, mean=14 (+/-5.87988).
P2: N=1, mean=17 (+/-0).
=====================================================
=====================================================
Completed 4 games.

Agent 1 (SHUCTAnyTime)
Winning score (between 0 and 1) : N=4, mean=0.5 (+/-0.565792).
P1: N=2, mean=1 (+/-0).
P2: N=2, mean=0 (+/-0).
Game Durations: N=4, mean=14 (+/-3.39475).
P1: N=2, mean=14 (+/-5.87988).
P2: N=2, mean=14 (+/-5.87988).

Agent 2 (UCT)
Winning score (between 0 and 1) : N=4, mean=0.5 (+/-0.565792).
P1: N=2, mean=1 (+/-0).
P2: N=2, mean=0 (+/-0).
Game Durations: N=4, mean=14 (+/-3.39475).
P1: N=2, mean=14 (+/-5.87988).
P2: N=2, mean=14 (+/-5.87988).
=====================================================
=====================================================
Completed 5 games.

Agent 1 (SHUCTAnyTime)
Winning score (between 0 and 1) : N=5, mean=0.4 (+/-0.48009).
P1: N=2, mean=1 (+/-0).
P2: N=3, mean=0 (+/-0).
Game Durations: N=5, mean=13.4 (+/-2.880541).
P1: N=2, mean=14 (+/-5.87988).
P2: N=3, mean=13 (+/-3.91992).

Agent 2 (UCT)
Winning score (between 0 and 1) : N=5, mean=0.6 (+/-0.48009).
P1: N=3, mean=1 (+/-0).
P2: N=2, mean=0 (+/-0).
Game Durations: N=5, mean=13.4 (+/-2.880541).
P1: N=3, mean=13 (+/-3.91992).
P2: N=2, mean=14 (+/-5.87988).
=====================================================
=====================================================
Completed 10 games.

Agent 1 (SHUCTAnyTime)
Winning score (between 0 and 1) : N=10, mean=0.6 (+/-0.32006).
P1: N=5, mean=1 (+/-0).
P2: N=5, mean=0.2 (+/-0.391992).
Game Durations: N=10, mean=15.5 (+/-2.431369).
P1: N=5, mean=15.8 (+/-3.184558).
P2: N=5, mean=15.2 (+/-4.035805).

Agent 2 (UCT)
Winning score (between 0 and 1) : N=10, mean=0.4 (+/-0.32006).
P1: N=5, mean=0.8 (+/-0.391992).
P2: N=5, mean=0 (+/-0).
Game Durations: N=10, mean=15.5 (+/-2.431369).
P1: N=5, mean=15.2 (+/-4.035805).
P2: N=5, mean=15.8 (+/-3.184558).
=====================================================
=====================================================
Completed 20 games.

Agent 1 (SHUCTAnyTime)
Winning score (between 0 and 1) : N=20, mean=0.35 (+/-0.214467).
P1: N=10, mean=0.6 (+/-0.32006).
P2: N=10, mean=0.1 (+/-0.195996).
Game Durations: N=20, mean=15.75 (+/-1.825777).
P1: N=10, mean=16 (+/-2.003041).
P2: N=10, mean=15.5 (+/-3.163715).

Agent 2 (UCT)
Winning score (between 0 and 1) : N=20, mean=0.65 (+/-0.214467).
P1: N=10, mean=0.9 (+/-0.195996).
P2: N=10, mean=0.4 (+/-0.32006).
Game Durations: N=20, mean=15.75 (+/-1.825777).
P1: N=10, mean=15.5 (+/-3.163715).
P2: N=10, mean=16 (+/-2.003041).
=====================================================
=====================================================
Completed 30 games.

Agent 1 (SHUCTAnyTime)
Winning score (between 0 and 1) : N=30, mean=0.366667 (+/-0.175388).
P1: N=15, mean=0.533333 (+/-0.261328).
P2: N=15, mean=0.2 (+/-0.209529).
Game Durations: N=30, mean=16.533333 (+/-1.616042).
P1: N=15, mean=16.4 (+/-1.539714).
P2: N=15, mean=16.666667 (+/-2.904992).

Agent 2 (UCT)
Winning score (between 0 and 1) : N=30, mean=0.633333 (+/-0.175388).
P1: N=15, mean=0.8 (+/-0.209529).
P2: N=15, mean=0.466667 (+/-0.261328).
Game Durations: N=30, mean=16.533333 (+/-1.616042).
P1: N=15, mean=16.666667 (+/-2.904992).
P2: N=15, mean=16.4 (+/-1.539714).
=====================================================
=====================================================
Completed 40 games.

Agent 1 (SHUCTAnyTime)
Winning score (between 0 and 1) : N=40, mean=0.375 (+/-0.151939).
P1: N=20, mean=0.55 (+/-0.223696).
P2: N=20, mean=0.2 (+/-0.179858).
Game Durations: N=40, mean=17.275 (+/-1.318498).
P1: N=20, mean=16.85 (+/-1.273974).
P2: N=20, mean=17.7 (+/-2.33253).

Agent 2 (UCT)
Winning score (between 0 and 1) : N=40, mean=0.625 (+/-0.151939).
P1: N=20, mean=0.8 (+/-0.179858).
P2: N=20, mean=0.45 (+/-0.223696).
Game Durations: N=40, mean=17.275 (+/-1.318498).
P1: N=20, mean=17.7 (+/-2.33253).
P2: N=20, mean=16.85 (+/-1.273974).
=====================================================
=====================================================
Completed 50 games.

Agent 1 (SHUCTAnyTime)
Winning score (between 0 and 1) : N=50, mean=0.4 (+/-0.137169).
P1: N=25, mean=0.56 (+/-0.198592).
P2: N=25, mean=0.24 (+/-0.170865).
Game Durations: N=50, mean=17.18 (+/-1.213626).
P1: N=25, mean=17.36 (+/-1.328731).
P2: N=25, mean=17 (+/-2.058736).

Agent 2 (UCT)
Winning score (between 0 and 1) : N=50, mean=0.6 (+/-0.137169).
P1: N=25, mean=0.76 (+/-0.170865).
P2: N=25, mean=0.44 (+/-0.198592).
Game Durations: N=50, mean=17.18 (+/-1.213626).
P1: N=25, mean=17 (+/-2.058736).
P2: N=25, mean=17.36 (+/-1.328731).
=====================================================
=====================================================
Completed 60 games.

Agent 1 (SHUCTAnyTime)
Winning score (between 0 and 1) : N=60, mean=0.416667 (+/-0.125798).
P1: N=30, mean=0.533333 (+/-0.181573).
P2: N=30, mean=0.3 (+/-0.166785).
Game Durations: N=60, mean=17.183333 (+/-1.056695).
P1: N=30, mean=17.6 (+/-1.223814).
P2: N=30, mean=16.766667 (+/-1.731967).

Agent 2 (UCT)
Winning score (between 0 and 1) : N=60, mean=0.583333 (+/-0.125798).
P1: N=30, mean=0.7 (+/-0.166785).
P2: N=30, mean=0.466667 (+/-0.181573).
Game Durations: N=60, mean=17.183333 (+/-1.056695).
P1: N=30, mean=16.766667 (+/-1.731967).
P2: N=30, mean=17.6 (+/-1.223814).
=====================================================
=====================================================
Completed 70 games.

Agent 1 (SHUCTAnyTime)
Winning score (between 0 and 1) : N=70, mean=0.442857 (+/-0.117203).
P1: N=35, mean=0.542857 (+/-0.167447).
P2: N=35, mean=0.342857 (+/-0.159549).
Game Durations: N=70, mean=17.285714 (+/-1.009871).
P1: N=35, mean=17.457143 (+/-1.114363).
P2: N=35, mean=17.114286 (+/-1.700266).

Agent 2 (UCT)
Winning score (between 0 and 1) : N=70, mean=0.557143 (+/-0.117203).
P1: N=35, mean=0.657143 (+/-0.159549).
P2: N=35, mean=0.457143 (+/-0.167447).
Game Durations: N=70, mean=17.285714 (+/-1.009871).
P1: N=35, mean=17.114286 (+/-1.700266).
P2: N=35, mean=17.457143 (+/-1.114363).
=====================================================
=====================================================
Completed 80 games.

Agent 1 (SHUCTAnyTime)
Winning score (between 0 and 1) : N=80, mean=0.45 (+/-0.109704).
P1: N=40, mean=0.575 (+/-0.155147).
P2: N=40, mean=0.325 (+/-0.146997).
Game Durations: N=80, mean=17.55 (+/-1.012259).
P1: N=40, mean=17.375 (+/-1.09551).
P2: N=40, mean=17.725 (+/-1.716113).

Agent 2 (UCT)
Winning score (between 0 and 1) : N=80, mean=0.55 (+/-0.109704).
P1: N=40, mean=0.675 (+/-0.146997).
P2: N=40, mean=0.425 (+/-0.155147).
Game Durations: N=80, mean=17.55 (+/-1.012259).
P1: N=40, mean=17.725 (+/-1.716113).
P2: N=40, mean=17.375 (+/-1.09551).
=====================================================
=====================================================
Completed 90 games.

Agent 1 (SHUCTAnyTime)
Winning score (between 0 and 1) : N=90, mean=0.433333 (+/-0.10295).
P1: N=45, mean=0.511111 (+/-0.147701).
P2: N=45, mean=0.355556 (+/-0.141438).
Game Durations: N=90, mean=18 (+/-0.988143).
P1: N=45, mean=17.666667 (+/-1.03299).
P2: N=45, mean=18.333333 (+/-1.692224).

Agent 2 (UCT)
Winning score (between 0 and 1) : N=90, mean=0.566667 (+/-0.10295).
P1: N=45, mean=0.644444 (+/-0.141438).
P2: N=45, mean=0.488889 (+/-0.147701).
Game Durations: N=90, mean=18 (+/-0.988143).
P1: N=45, mean=18.333333 (+/-1.692224).
P2: N=45, mean=17.666667 (+/-1.03299).
=====================================================
=====================================================
Completed 100 games.

Agent 1 (SHUCTAnyTime)
Winning score (between 0 and 1) : N=100, mean=0.42 (+/-0.097223).
P1: N=50, mean=0.48 (+/-0.139885).
P2: N=50, mean=0.36 (+/-0.134397).
Game Durations: N=100, mean=18.04 (+/-0.976974).
P1: N=50, mean=17.36 (+/-1.013811).
P2: N=50, mean=18.72 (+/-1.660288).

Agent 2 (UCT)
Winning score (between 0 and 1) : N=100, mean=0.58 (+/-0.097223).
P1: N=50, mean=0.64 (+/-0.134397).
P2: N=50, mean=0.52 (+/-0.139885).
Game Durations: N=100, mean=18.04 (+/-0.976974).
P1: N=50, mean=18.72 (+/-1.660288).
P2: N=50, mean=17.36 (+/-1.013811).
=====================================================
