Warming up...
Finished warming up!
=====================================================
Completed 1 games.

Agent 1 (UCT)
Winning score (between 0 and 1) : N=1, mean=1 (+/-0).
P1: N=0, mean=0 (+/-0).
P2: N=1, mean=1 (+/-0).
Game Durations: N=1, mean=38 (+/-0).
P1: N=0, mean=0 (+/-0).
P2: N=1, mean=38 (+/-0).

Agent 2 (SHUCTAnyTime)
Winning score (between 0 and 1) : N=1, mean=0 (+/-0).
P1: N=1, mean=0 (+/-0).
P2: N=0, mean=0 (+/-0).
Game Durations: N=1, mean=38 (+/-0).
P1: N=1, mean=38 (+/-0).
P2: N=0, mean=0 (+/-0).
=====================================================
=====================================================
Completed 2 games.

Agent 1 (UCT)
Winning score (between 0 and 1) : N=2, mean=1 (+/-0).
P1: N=1, mean=1 (+/-0).
P2: N=1, mean=1 (+/-0).
Game Durations: N=2, mean=29.5 (+/-16.65966).
P1: N=1, mean=21 (+/-0).
P2: N=1, mean=38 (+/-0).

Agent 2 (SHUCTAnyTime)
Winning score (between 0 and 1) : N=2, mean=0 (+/-0).
P1: N=1, mean=0 (+/-0).
P2: N=1, mean=0 (+/-0).
Game Durations: N=2, mean=29.5 (+/-16.65966).
P1: N=1, mean=38 (+/-0).
P2: N=1, mean=21 (+/-0).
=====================================================
=====================================================
Completed 3 games.

Agent 1 (UCT)
Winning score (between 0 and 1) : N=3, mean=1 (+/-0).
P1: N=1, mean=1 (+/-0).
P2: N=2, mean=1 (+/-0).
Game Durations: N=3, mean=32.333333 (+/-11.10644).
P1: N=1, mean=21 (+/-0).
P2: N=2, mean=38 (+/-0).

Agent 2 (SHUCTAnyTime)
Winning score (between 0 and 1) : N=3, mean=0 (+/-0).
P1: N=2, mean=0 (+/-0).
P2: N=1, mean=0 (+/-0).
Game Durations: N=3, mean=32.333333 (+/-11.10644).
P1: N=2, mean=38 (+/-0).
P2: N=1, mean=21 (+/-0).
=====================================================
=====================================================
Completed 4 games.

Agent 1 (UCT)
Winning score (between 0 and 1) : N=4, mean=1 (+/-0).
P1: N=2, mean=1 (+/-0).
P2: N=2, mean=1 (+/-0).
Game Durations: N=4, mean=28 (+/-11.567639).
P1: N=2, mean=18 (+/-5.87988).
P2: N=2, mean=38 (+/-0).

Agent 2 (SHUCTAnyTime)
Winning score (between 0 and 1) : N=4, mean=0 (+/-0).
P1: N=2, mean=0 (+/-0).
P2: N=2, mean=0 (+/-0).
Game Durations: N=4, mean=28 (+/-11.567639).
P1: N=2, mean=38 (+/-0).
P2: N=2, mean=18 (+/-5.87988).
=====================================================
=====================================================
Completed 5 games.

Agent 1 (UCT)
Winning score (between 0 and 1) : N=5, mean=0.8 (+/-0.391992).
P1: N=2, mean=1 (+/-0).
P2: N=3, mean=0.666667 (+/-0.65332).
Game Durations: N=5, mean=31 (+/-10.717236).
P1: N=2, mean=18 (+/-5.87988).
P2: N=3, mean=39.666667 (+/-3.2666).

Agent 2 (SHUCTAnyTime)
Winning score (between 0 and 1) : N=5, mean=0.2 (+/-0.391992).
P1: N=3, mean=0.333333 (+/-0.65332).
P2: N=2, mean=0 (+/-0).
Game Durations: N=5, mean=31 (+/-10.717236).
P1: N=3, mean=39.666667 (+/-3.2666).
P2: N=2, mean=18 (+/-5.87988).
=====================================================
=====================================================
Completed 10 games.

Agent 1 (UCT)
Winning score (between 0 and 1) : N=10, mean=0.6 (+/-0.32006).
P1: N=5, mean=0.8 (+/-0.391992).
P2: N=5, mean=0.4 (+/-0.48009).
Game Durations: N=10, mean=31.5 (+/-7.819397).
P1: N=5, mean=27.6 (+/-7.927548).
P2: N=5, mean=35.4 (+/-13.530823).

Agent 2 (SHUCTAnyTime)
Winning score (between 0 and 1) : N=10, mean=0.4 (+/-0.32006).
P1: N=5, mean=0.6 (+/-0.48009).
P2: N=5, mean=0.2 (+/-0.391992).
Game Durations: N=10, mean=31.5 (+/-7.819397).
P1: N=5, mean=35.4 (+/-13.530823).
P2: N=5, mean=27.6 (+/-7.927548).
=====================================================
=====================================================
Completed 20 games.

Agent 1 (UCT)
Winning score (between 0 and 1) : N=20, mean=0.5 (+/-0.224823).
P1: N=10, mean=0.8 (+/-0.261328).
P2: N=10, mean=0.2 (+/-0.261328).
Game Durations: N=20, mean=29.4 (+/-4.8935).
P1: N=10, mean=28.2 (+/-5.663949).
P2: N=10, mean=30.6 (+/-8.233906).

Agent 2 (SHUCTAnyTime)
Winning score (between 0 and 1) : N=20, mean=0.5 (+/-0.224823).
P1: N=10, mean=0.8 (+/-0.261328).
P2: N=10, mean=0.2 (+/-0.261328).
Game Durations: N=20, mean=29.4 (+/-4.8935).
P1: N=10, mean=30.6 (+/-8.233906).
P2: N=10, mean=28.2 (+/-5.663949).
=====================================================
=====================================================
Completed 30 games.

Agent 1 (UCT)
Winning score (between 0 and 1) : N=30, mean=0.566667 (+/-0.180353).
P1: N=15, mean=0.733333 (+/-0.231643).
P2: N=15, mean=0.4 (+/-0.256619).
Game Durations: N=30, mean=32.666667 (+/-4.195585).
P1: N=15, mean=32.2 (+/-5.948544).
P2: N=15, mean=33.133333 (+/-6.117332).

Agent 2 (SHUCTAnyTime)
Winning score (between 0 and 1) : N=30, mean=0.433333 (+/-0.180353).
P1: N=15, mean=0.6 (+/-0.256619).
P2: N=15, mean=0.266667 (+/-0.231643).
Game Durations: N=30, mean=32.666667 (+/-4.195585).
P1: N=15, mean=33.133333 (+/-6.117332).
P2: N=15, mean=32.2 (+/-5.948544).
=====================================================
=====================================================
Completed 40 games.

Agent 1 (UCT)
Winning score (between 0 and 1) : N=40, mean=0.575 (+/-0.155147).
P1: N=20, mean=0.8 (+/-0.179858).
P2: N=20, mean=0.35 (+/-0.214467).
Game Durations: N=40, mean=32.075 (+/-3.71637).
P1: N=20, mean=31.5 (+/-4.850132).
P2: N=20, mean=32.65 (+/-5.748215).

Agent 2 (SHUCTAnyTime)
Winning score (between 0 and 1) : N=40, mean=0.425 (+/-0.155147).
P1: N=20, mean=0.65 (+/-0.214467).
P2: N=20, mean=0.2 (+/-0.179858).
Game Durations: N=40, mean=32.075 (+/-3.71637).
P1: N=20, mean=32.65 (+/-5.748215).
P2: N=20, mean=31.5 (+/-4.850132).
=====================================================
=====================================================
Completed 50 games.

Agent 1 (UCT)
Winning score (between 0 and 1) : N=50, mean=0.56 (+/-0.138986).
P1: N=25, mean=0.76 (+/-0.170865).
P2: N=25, mean=0.36 (+/-0.192036).
Game Durations: N=50, mean=31.78 (+/-3.145068).
P1: N=25, mean=31.48 (+/-4.335781).
P2: N=25, mean=32.08 (+/-4.64352).

Agent 2 (SHUCTAnyTime)
Winning score (between 0 and 1) : N=50, mean=0.44 (+/-0.138986).
P1: N=25, mean=0.64 (+/-0.192036).
P2: N=25, mean=0.24 (+/-0.170865).
Game Durations: N=50, mean=31.78 (+/-3.145068).
P1: N=25, mean=32.08 (+/-4.64352).
P2: N=25, mean=31.48 (+/-4.335781).
=====================================================
=====================================================
Completed 60 games.

Agent 1 (UCT)
Winning score (between 0 and 1) : N=60, mean=0.583333 (+/-0.125798).
P1: N=30, mean=0.766667 (+/-0.153936).
P2: N=30, mean=0.4 (+/-0.178301).
Game Durations: N=60, mean=32.316667 (+/-2.75511).
P1: N=30, mean=31.566667 (+/-3.755018).
P2: N=30, mean=33.066667 (+/-4.078828).

Agent 2 (SHUCTAnyTime)
Winning score (between 0 and 1) : N=60, mean=0.416667 (+/-0.125798).
P1: N=30, mean=0.6 (+/-0.178301).
P2: N=30, mean=0.233333 (+/-0.153936).
Game Durations: N=60, mean=32.316667 (+/-2.75511).
P1: N=30, mean=33.066667 (+/-4.078828).
P2: N=30, mean=31.566667 (+/-3.755018).
=====================================================
=====================================================
Completed 70 games.

Agent 1 (UCT)
Winning score (between 0 and 1) : N=70, mean=0.528571 (+/-0.117783).
P1: N=35, mean=0.714286 (+/-0.151848).
P2: N=35, mean=0.342857 (+/-0.159549).
Game Durations: N=70, mean=32.114286 (+/-2.506467).
P1: N=35, mean=31.914286 (+/-3.570287).
P2: N=35, mean=32.314286 (+/-3.569745).

Agent 2 (SHUCTAnyTime)
Winning score (between 0 and 1) : N=70, mean=0.471429 (+/-0.117783).
P1: N=35, mean=0.657143 (+/-0.159549).
P2: N=35, mean=0.285714 (+/-0.151848).
Game Durations: N=70, mean=32.114286 (+/-2.506467).
P1: N=35, mean=32.314286 (+/-3.569745).
P2: N=35, mean=31.914286 (+/-3.570287).
=====================================================
=====================================================
Completed 80 games.

Agent 1 (UCT)
Winning score (between 0 and 1) : N=80, mean=0.5125 (+/-0.110222).
P1: N=40, mean=0.675 (+/-0.146997).
P2: N=40, mean=0.35 (+/-0.149694).
Game Durations: N=80, mean=31.3625 (+/-2.355011).
P1: N=40, mean=31.875 (+/-3.280532).
P2: N=40, mean=30.85 (+/-3.413955).

Agent 2 (SHUCTAnyTime)
Winning score (between 0 and 1) : N=80, mean=0.4875 (+/-0.110222).
P1: N=40, mean=0.65 (+/-0.149694).
P2: N=40, mean=0.325 (+/-0.146997).
Game Durations: N=80, mean=31.3625 (+/-2.355011).
P1: N=40, mean=30.85 (+/-3.413955).
P2: N=40, mean=31.875 (+/-3.280532).
=====================================================
=====================================================
Completed 90 games.

Agent 1 (UCT)
Winning score (between 0 and 1) : N=90, mean=0.522222 (+/-0.103775).
P1: N=45, mean=0.711111 (+/-0.133923).
P2: N=45, mean=0.333333 (+/-0.139288).
Game Durations: N=90, mean=31.111111 (+/-2.349145).
P1: N=45, mean=31.733333 (+/-3.135936).
P2: N=45, mean=30.488889 (+/-3.524639).

Agent 2 (SHUCTAnyTime)
Winning score (between 0 and 1) : N=90, mean=0.477778 (+/-0.103775).
P1: N=45, mean=0.666667 (+/-0.139288).
P2: N=45, mean=0.288889 (+/-0.133923).
Game Durations: N=90, mean=31.111111 (+/-2.349145).
P1: N=45, mean=30.488889 (+/-3.524639).
P2: N=45, mean=31.733333 (+/-3.135936).
=====================================================
=====================================================
Completed 100 games.

Agent 1 (UCT)
Winning score (between 0 and 1) : N=100, mean=0.52 (+/-0.098413).
P1: N=50, mean=0.72 (+/-0.125717).
P2: N=50, mean=0.32 (+/-0.130611).
Game Durations: N=100, mean=31.12 (+/-2.137661).
P1: N=50, mean=31.92 (+/-2.840992).
P2: N=50, mean=30.32 (+/-3.208319).

Agent 2 (SHUCTAnyTime)
Winning score (between 0 and 1) : N=100, mean=0.48 (+/-0.098413).
P1: N=50, mean=0.68 (+/-0.130611).
P2: N=50, mean=0.28 (+/-0.125717).
Game Durations: N=100, mean=31.12 (+/-2.137661).
P1: N=50, mean=30.32 (+/-3.208319).
P2: N=50, mean=31.92 (+/-2.840992).
=====================================================
