Warming up...
Finished warming up!
=====================================================
Completed 1 games.

Agent 1 (UCT)
Winning score (between 0 and 1) : N=1, mean=0 (+/-0).
P1: N=0, mean=0 (+/-0).
P2: N=1, mean=0 (+/-0).
Game Durations: N=1, mean=11 (+/-0).
P1: N=0, mean=0 (+/-0).
P2: N=1, mean=11 (+/-0).

Agent 2 (SHUCTAnyTime)
Winning score (between 0 and 1) : N=1, mean=1 (+/-0).
P1: N=1, mean=1 (+/-0).
P2: N=0, mean=0 (+/-0).
Game Durations: N=1, mean=11 (+/-0).
P1: N=1, mean=11 (+/-0).
P2: N=0, mean=0 (+/-0).
=====================================================
=====================================================
Completed 2 games.

Agent 1 (UCT)
Winning score (between 0 and 1) : N=2, mean=0.5 (+/-0.97998).
P1: N=1, mean=1 (+/-0).
P2: N=1, mean=0 (+/-0).
Game Durations: N=2, mean=24 (+/-25.47948).
P1: N=1, mean=37 (+/-0).
P2: N=1, mean=11 (+/-0).

Agent 2 (SHUCTAnyTime)
Winning score (between 0 and 1) : N=2, mean=0.5 (+/-0.97998).
P1: N=1, mean=1 (+/-0).
P2: N=1, mean=0 (+/-0).
Game Durations: N=2, mean=24 (+/-25.47948).
P1: N=1, mean=11 (+/-0).
P2: N=1, mean=37 (+/-0).
=====================================================
=====================================================
Completed 3 games.

Agent 1 (UCT)
Winning score (between 0 and 1) : N=3, mean=0.333333 (+/-0.65332).
P1: N=1, mean=1 (+/-0).
P2: N=2, mean=0 (+/-0).
Game Durations: N=3, mean=20.333333 (+/-16.372152).
P1: N=1, mean=37 (+/-0).
P2: N=2, mean=12 (+/-1.95996).

Agent 2 (SHUCTAnyTime)
Winning score (between 0 and 1) : N=3, mean=0.666667 (+/-0.65332).
P1: N=2, mean=1 (+/-0).
P2: N=1, mean=0 (+/-0).
Game Durations: N=3, mean=20.333333 (+/-16.372152).
P1: N=2, mean=12 (+/-1.95996).
P2: N=1, mean=37 (+/-0).
=====================================================
=====================================================
Completed 4 games.

Agent 1 (UCT)
Winning score (between 0 and 1) : N=4, mean=0.5 (+/-0.565792).
P1: N=2, mean=1 (+/-0).
P2: N=2, mean=0 (+/-0).
Game Durations: N=4, mean=19.5 (+/-11.691508).
P1: N=2, mean=27 (+/-19.5996).
P2: N=2, mean=12 (+/-1.95996).

Agent 2 (SHUCTAnyTime)
Winning score (between 0 and 1) : N=4, mean=0.5 (+/-0.565792).
P1: N=2, mean=1 (+/-0).
P2: N=2, mean=0 (+/-0).
Game Durations: N=4, mean=19.5 (+/-11.691508).
P1: N=2, mean=12 (+/-1.95996).
P2: N=2, mean=27 (+/-19.5996).
=====================================================
=====================================================
Completed 5 games.

Agent 1 (UCT)
Winning score (between 0 and 1) : N=5, mean=0.4 (+/-0.48009).
P1: N=2, mean=1 (+/-0).
P2: N=3, mean=0 (+/-0).
Game Durations: N=5, mean=23.4 (+/-11.850872).
P1: N=2, mean=27 (+/-19.5996).
P2: N=3, mean=21 (+/-17.675898).

Agent 2 (SHUCTAnyTime)
Winning score (between 0 and 1) : N=5, mean=0.6 (+/-0.48009).
P1: N=3, mean=1 (+/-0).
P2: N=2, mean=0 (+/-0).
Game Durations: N=5, mean=23.4 (+/-11.850872).
P1: N=3, mean=21 (+/-17.675898).
P2: N=2, mean=27 (+/-19.5996).
=====================================================
=====================================================
Completed 10 games.

Agent 1 (UCT)
Winning score (between 0 and 1) : N=10, mean=0.4 (+/-0.32006).
P1: N=5, mean=0.6 (+/-0.48009).
P2: N=5, mean=0.2 (+/-0.391992).
Game Durations: N=10, mean=26.1 (+/-9.501034).
P1: N=5, mean=21 (+/-10.499972).
P2: N=5, mean=31.2 (+/-15.684579).

Agent 2 (SHUCTAnyTime)
Winning score (between 0 and 1) : N=10, mean=0.6 (+/-0.32006).
P1: N=5, mean=0.8 (+/-0.391992).
P2: N=5, mean=0.4 (+/-0.48009).
Game Durations: N=10, mean=26.1 (+/-9.501034).
P1: N=5, mean=31.2 (+/-15.684579).
P2: N=5, mean=21 (+/-10.499972).
=====================================================
=====================================================
Completed 20 games.

Agent 1 (UCT)
Winning score (between 0 and 1) : N=20, mean=0.5 (+/-0.224823).
P1: N=10, mean=0.7 (+/-0.299389).
P2: N=10, mean=0.3 (+/-0.299389).
Game Durations: N=20, mean=26.3 (+/-5.975552).
P1: N=10, mean=20.1 (+/-5.523936).
P2: N=10, mean=32.5 (+/-9.350696).

Agent 2 (SHUCTAnyTime)
Winning score (between 0 and 1) : N=20, mean=0.5 (+/-0.224823).
P1: N=10, mean=0.7 (+/-0.299389).
P2: N=10, mean=0.3 (+/-0.299389).
Game Durations: N=20, mean=26.3 (+/-5.975552).
P1: N=10, mean=32.5 (+/-9.350696).
P2: N=10, mean=20.1 (+/-5.523936).
=====================================================
=====================================================
Completed 30 games.

Agent 1 (UCT)
Winning score (between 0 and 1) : N=30, mean=0.5 (+/-0.181978).
P1: N=15, mean=0.733333 (+/-0.231643).
P2: N=15, mean=0.266667 (+/-0.231643).
Game Durations: N=30, mean=25.266667 (+/-4.380521).
P1: N=15, mean=21.266667 (+/-4.196968).
P2: N=15, mean=29.266667 (+/-7.287123).

Agent 2 (SHUCTAnyTime)
Winning score (between 0 and 1) : N=30, mean=0.5 (+/-0.181978).
P1: N=15, mean=0.733333 (+/-0.231643).
P2: N=15, mean=0.266667 (+/-0.231643).
Game Durations: N=30, mean=25.266667 (+/-4.380521).
P1: N=15, mean=29.266667 (+/-7.287123).
P2: N=15, mean=21.266667 (+/-4.196968).
=====================================================
=====================================================
Completed 40 games.

Agent 1 (UCT)
Winning score (between 0 and 1) : N=40, mean=0.525 (+/-0.156726).
P1: N=20, mean=0.65 (+/-0.214467).
P2: N=20, mean=0.4 (+/-0.22028).
Game Durations: N=40, mean=25.625 (+/-3.861495).
P1: N=20, mean=21.55 (+/-3.643171).
P2: N=20, mean=29.7 (+/-6.420808).

Agent 2 (SHUCTAnyTime)
Winning score (between 0 and 1) : N=40, mean=0.475 (+/-0.156726).
P1: N=20, mean=0.6 (+/-0.22028).
P2: N=20, mean=0.35 (+/-0.214467).
Game Durations: N=40, mean=25.625 (+/-3.861495).
P1: N=20, mean=29.7 (+/-6.420808).
P2: N=20, mean=21.55 (+/-3.643171).
=====================================================
=====================================================
Completed 50 games.

Agent 1 (UCT)
Winning score (between 0 and 1) : N=50, mean=0.46 (+/-0.139548).
P1: N=25, mean=0.6 (+/-0.195996).
P2: N=25, mean=0.32 (+/-0.186626).
Game Durations: N=50, mean=25.52 (+/-3.361909).
P1: N=25, mean=23.08 (+/-3.685767).
P2: N=25, mean=27.96 (+/-5.537225).

Agent 2 (SHUCTAnyTime)
Winning score (between 0 and 1) : N=50, mean=0.54 (+/-0.139548).
P1: N=25, mean=0.68 (+/-0.186626).
P2: N=25, mean=0.4 (+/-0.195996).
Game Durations: N=50, mean=25.52 (+/-3.361909).
P1: N=25, mean=27.96 (+/-5.537225).
P2: N=25, mean=23.08 (+/-3.685767).
=====================================================
=====================================================
Completed 60 games.

Agent 1 (UCT)
Winning score (between 0 and 1) : N=60, mean=0.466667 (+/-0.127299).
P1: N=30, mean=0.633333 (+/-0.175388).
P2: N=30, mean=0.3 (+/-0.166785).
Game Durations: N=60, mean=26.4 (+/-2.927623).
P1: N=30, mean=24.366667 (+/-3.327069).
P2: N=30, mean=28.433333 (+/-4.765531).

Agent 2 (SHUCTAnyTime)
Winning score (between 0 and 1) : N=60, mean=0.533333 (+/-0.127299).
P1: N=30, mean=0.7 (+/-0.166785).
P2: N=30, mean=0.366667 (+/-0.175388).
Game Durations: N=60, mean=26.4 (+/-2.927623).
P1: N=30, mean=28.433333 (+/-4.765531).
P2: N=30, mean=24.366667 (+/-3.327069).
=====================================================
=====================================================
Completed 70 games.

Agent 1 (UCT)
Winning score (between 0 and 1) : N=70, mean=0.457143 (+/-0.117542).
P1: N=35, mean=0.657143 (+/-0.159549).
P2: N=35, mean=0.257143 (+/-0.146909).
Game Durations: N=70, mean=25.842857 (+/-2.606668).
P1: N=35, mean=24.257143 (+/-2.980932).
P2: N=35, mean=27.428571 (+/-4.257278).

Agent 2 (SHUCTAnyTime)
Winning score (between 0 and 1) : N=70, mean=0.542857 (+/-0.117542).
P1: N=35, mean=0.742857 (+/-0.146909).
P2: N=35, mean=0.342857 (+/-0.159549).
Game Durations: N=70, mean=25.842857 (+/-2.606668).
P1: N=35, mean=27.428571 (+/-4.257278).
P2: N=35, mean=24.257143 (+/-2.980932).
=====================================================
=====================================================
Completed 80 games.

Agent 1 (UCT)
Winning score (between 0 and 1) : N=80, mean=0.45 (+/-0.109704).
P1: N=40, mean=0.65 (+/-0.149694).
P2: N=40, mean=0.25 (+/-0.135899).
Game Durations: N=80, mean=25.8 (+/-2.382762).
P1: N=40, mean=24.15 (+/-2.786466).
P2: N=40, mean=27.45 (+/-3.834144).

Agent 2 (SHUCTAnyTime)
Winning score (between 0 and 1) : N=80, mean=0.55 (+/-0.109704).
P1: N=40, mean=0.75 (+/-0.135899).
P2: N=40, mean=0.35 (+/-0.149694).
Game Durations: N=80, mean=25.8 (+/-2.382762).
P1: N=40, mean=27.45 (+/-3.834144).
P2: N=40, mean=24.15 (+/-2.786466).
=====================================================
=====================================================
Completed 90 games.

Agent 1 (UCT)
Winning score (between 0 and 1) : N=90, mean=0.422222 (+/-0.102613).
P1: N=45, mean=0.6 (+/-0.144753).
P2: N=45, mean=0.244444 (+/-0.126983).
Game Durations: N=90, mean=25.922222 (+/-2.231203).
P1: N=45, mean=24.6 (+/-2.775579).
P2: N=45, mean=27.244444 (+/-3.482851).

Agent 2 (SHUCTAnyTime)
Winning score (between 0 and 1) : N=90, mean=0.577778 (+/-0.102613).
P1: N=45, mean=0.755556 (+/-0.126983).
P2: N=45, mean=0.4 (+/-0.144753).
Game Durations: N=90, mean=25.922222 (+/-2.231203).
P1: N=45, mean=27.244444 (+/-3.482851).
P2: N=45, mean=24.6 (+/-2.775579).
=====================================================
=====================================================
Completed 100 games.

Agent 1 (UCT)
Winning score (between 0 and 1) : N=100, mean=0.45 (+/-0.097998).
P1: N=50, mean=0.64 (+/-0.134397).
P2: N=50, mean=0.26 (+/-0.122815).
Game Durations: N=100, mean=25.93 (+/-2.119427).
P1: N=50, mean=24.6 (+/-2.572902).
P2: N=50, mean=27.26 (+/-3.354705).

Agent 2 (SHUCTAnyTime)
Winning score (between 0 and 1) : N=100, mean=0.55 (+/-0.097998).
P1: N=50, mean=0.74 (+/-0.122815).
P2: N=50, mean=0.36 (+/-0.134397).
Game Durations: N=100, mean=25.93 (+/-2.119427).
P1: N=50, mean=27.26 (+/-3.354705).
P2: N=50, mean=24.6 (+/-2.572902).
=====================================================
