Warming up...
Finished warming up!
=====================================================
Completed 1 games.

Agent 1 (SHUCTAnyTime)
Winning score (between 0 and 1) : N=1, mean=1 (+/-0).
P1: N=1, mean=1 (+/-0).
P2: N=0, mean=0 (+/-0).
Game Durations: N=1, mean=25 (+/-0).
P1: N=1, mean=25 (+/-0).
P2: N=0, mean=0 (+/-0).

Agent 2 (UCT)
Winning score (between 0 and 1) : N=1, mean=0 (+/-0).
P1: N=0, mean=0 (+/-0).
P2: N=1, mean=0 (+/-0).
Game Durations: N=1, mean=25 (+/-0).
P1: N=0, mean=0 (+/-0).
P2: N=1, mean=25 (+/-0).
=====================================================
=====================================================
Completed 2 games.

Agent 1 (SHUCTAnyTime)
Winning score (between 0 and 1) : N=2, mean=0.5 (+/-0.97998).
P1: N=1, mean=1 (+/-0).
P2: N=1, mean=0 (+/-0).
Game Durations: N=2, mean=18 (+/-13.71972).
P1: N=1, mean=25 (+/-0).
P2: N=1, mean=11 (+/-0).

Agent 2 (UCT)
Winning score (between 0 and 1) : N=2, mean=0.5 (+/-0.97998).
P1: N=1, mean=1 (+/-0).
P2: N=1, mean=0 (+/-0).
Game Durations: N=2, mean=18 (+/-13.71972).
P1: N=1, mean=11 (+/-0).
P2: N=1, mean=25 (+/-0).
=====================================================
=====================================================
Completed 3 games.

Agent 1 (SHUCTAnyTime)
Winning score (between 0 and 1) : N=3, mean=0.333333 (+/-0.65332).
P1: N=2, mean=0.5 (+/-0.97998).
P2: N=1, mean=0 (+/-0).
Game Durations: N=3, mean=17.333333 (+/-8.028131).
P1: N=2, mean=20.5 (+/-8.81982).
P2: N=1, mean=11 (+/-0).

Agent 2 (UCT)
Winning score (between 0 and 1) : N=3, mean=0.666667 (+/-0.65332).
P1: N=1, mean=1 (+/-0).
P2: N=2, mean=0.5 (+/-0.97998).
Game Durations: N=3, mean=17.333333 (+/-8.028131).
P1: N=1, mean=11 (+/-0).
P2: N=2, mean=20.5 (+/-8.81982).
=====================================================
=====================================================
Completed 4 games.

Agent 1 (SHUCTAnyTime)
Winning score (between 0 and 1) : N=4, mean=0.25 (+/-0.48999).
P1: N=2, mean=0.5 (+/-0.97998).
P2: N=2, mean=0 (+/-0).
Game Durations: N=4, mean=18.75 (+/-6.319415).
P1: N=2, mean=20.5 (+/-8.81982).
P2: N=2, mean=17 (+/-11.75976).

Agent 2 (UCT)
Winning score (between 0 and 1) : N=4, mean=0.75 (+/-0.48999).
P1: N=2, mean=1 (+/-0).
P2: N=2, mean=0.5 (+/-0.97998).
Game Durations: N=4, mean=18.75 (+/-6.319415).
P1: N=2, mean=17 (+/-11.75976).
P2: N=2, mean=20.5 (+/-8.81982).
=====================================================
=====================================================
Completed 5 games.

Agent 1 (SHUCTAnyTime)
Winning score (between 0 and 1) : N=5, mean=0.4 (+/-0.48009).
P1: N=3, mean=0.666667 (+/-0.65332).
P2: N=2, mean=0 (+/-0).
Game Durations: N=5, mean=18.4 (+/-4.942831).
P1: N=3, mean=19.333333 (+/-5.581969).
P2: N=2, mean=17 (+/-11.75976).

Agent 2 (UCT)
Winning score (between 0 and 1) : N=5, mean=0.6 (+/-0.48009).
P1: N=2, mean=1 (+/-0).
P2: N=3, mean=0.333333 (+/-0.65332).
Game Durations: N=5, mean=18.4 (+/-4.942831).
P1: N=2, mean=17 (+/-11.75976).
P2: N=3, mean=19.333333 (+/-5.581969).
=====================================================
=====================================================
Completed 10 games.

Agent 1 (SHUCTAnyTime)
Winning score (between 0 and 1) : N=10, mean=0.6 (+/-0.32006).
P1: N=5, mean=0.8 (+/-0.391992).
P2: N=5, mean=0.4 (+/-0.48009).
Game Durations: N=10, mean=15.9 (+/-3.246284).
P1: N=5, mean=16 (+/-5.035228).
P2: N=5, mean=15.8 (+/-4.69573).

Agent 2 (UCT)
Winning score (between 0 and 1) : N=10, mean=0.4 (+/-0.32006).
P1: N=5, mean=0.6 (+/-0.48009).
P2: N=5, mean=0.2 (+/-0.391992).
Game Durations: N=10, mean=15.9 (+/-3.246284).
P1: N=5, mean=15.8 (+/-4.69573).
P2: N=5, mean=16 (+/-5.035228).
=====================================================
=====================================================
Completed 20 games.

Agent 1 (SHUCTAnyTime)
Winning score (between 0 and 1) : N=20, mean=0.55 (+/-0.223696).
P1: N=10, mean=0.8 (+/-0.261328).
P2: N=10, mean=0.3 (+/-0.299389).
Game Durations: N=20, mean=16.45 (+/-2.38556).
P1: N=10, mean=14.6 (+/-2.648969).
P2: N=10, mean=18.3 (+/-3.753606).

Agent 2 (UCT)
Winning score (between 0 and 1) : N=20, mean=0.45 (+/-0.223696).
P1: N=10, mean=0.7 (+/-0.299389).
P2: N=10, mean=0.2 (+/-0.261328).
Game Durations: N=20, mean=16.45 (+/-2.38556).
P1: N=10, mean=18.3 (+/-3.753606).
P2: N=10, mean=14.6 (+/-2.648969).
=====================================================
=====================================================
Completed 30 games.

Agent 1 (SHUCTAnyTime)
Winning score (between 0 and 1) : N=30, mean=0.6 (+/-0.178301).
P1: N=15, mean=0.8 (+/-0.209529).
P2: N=15, mean=0.4 (+/-0.256619).
Game Durations: N=30, mean=17.766667 (+/-2.862216).
P1: N=15, mean=15.066667 (+/-1.868867).
P2: N=15, mean=20.466667 (+/-5.142587).

Agent 2 (UCT)
Winning score (between 0 and 1) : N=30, mean=0.4 (+/-0.178301).
P1: N=15, mean=0.6 (+/-0.256619).
P2: N=15, mean=0.2 (+/-0.209529).
Game Durations: N=30, mean=17.766667 (+/-2.862216).
P1: N=15, mean=20.466667 (+/-5.142587).
P2: N=15, mean=15.066667 (+/-1.868867).
=====================================================
=====================================================
Completed 40 games.

Agent 1 (SHUCTAnyTime)
Winning score (between 0 and 1) : N=40, mean=0.525 (+/-0.156726).
P1: N=20, mean=0.7 (+/-0.206054).
P2: N=20, mean=0.35 (+/-0.214467).
Game Durations: N=40, mean=17.075 (+/-2.252684).
P1: N=20, mean=15.1 (+/-1.639204).
P2: N=20, mean=19.05 (+/-4.070411).

Agent 2 (UCT)
Winning score (between 0 and 1) : N=40, mean=0.475 (+/-0.156726).
P1: N=20, mean=0.65 (+/-0.214467).
P2: N=20, mean=0.3 (+/-0.206054).
Game Durations: N=40, mean=17.075 (+/-2.252684).
P1: N=20, mean=19.05 (+/-4.070411).
P2: N=20, mean=15.1 (+/-1.639204).
=====================================================
=====================================================
Completed 50 games.

Agent 1 (SHUCTAnyTime)
Winning score (between 0 and 1) : N=50, mean=0.5 (+/-0.139997).
P1: N=25, mean=0.64 (+/-0.192036).
P2: N=25, mean=0.36 (+/-0.192036).
Game Durations: N=50, mean=17.16 (+/-1.904258).
P1: N=25, mean=15.76 (+/-1.728325).
P2: N=25, mean=18.56 (+/-3.345509).

Agent 2 (UCT)
Winning score (between 0 and 1) : N=50, mean=0.5 (+/-0.139997).
P1: N=25, mean=0.64 (+/-0.192036).
P2: N=25, mean=0.36 (+/-0.192036).
Game Durations: N=50, mean=17.16 (+/-1.904258).
P1: N=25, mean=18.56 (+/-3.345509).
P2: N=25, mean=15.76 (+/-1.728325).
=====================================================
=====================================================
Completed 60 games.

Agent 1 (SHUCTAnyTime)
Winning score (between 0 and 1) : N=60, mean=0.5 (+/-0.127583).
P1: N=30, mean=0.666667 (+/-0.17157).
P2: N=30, mean=0.333333 (+/-0.17157).
Game Durations: N=60, mean=17.733333 (+/-1.844655).
P1: N=30, mean=16.4 (+/-1.850097).
P2: N=30, mean=19.066667 (+/-3.154654).

Agent 2 (UCT)
Winning score (between 0 and 1) : N=60, mean=0.5 (+/-0.127583).
P1: N=30, mean=0.666667 (+/-0.17157).
P2: N=30, mean=0.333333 (+/-0.17157).
Game Durations: N=60, mean=17.733333 (+/-1.844655).
P1: N=30, mean=19.066667 (+/-3.154654).
P2: N=30, mean=16.4 (+/-1.850097).
=====================================================
=====================================================
Completed 70 games.

Agent 1 (SHUCTAnyTime)
Winning score (between 0 and 1) : N=70, mean=0.485714 (+/-0.117928).
P1: N=35, mean=0.628571 (+/-0.162414).
P2: N=35, mean=0.342857 (+/-0.159549).
Game Durations: N=70, mean=17.1 (+/-1.669453).
P1: N=35, mean=16.114286 (+/-1.73968).
P2: N=35, mean=18.085714 (+/-2.840106).

Agent 2 (UCT)
Winning score (between 0 and 1) : N=70, mean=0.514286 (+/-0.117928).
P1: N=35, mean=0.657143 (+/-0.159549).
P2: N=35, mean=0.371429 (+/-0.162414).
Game Durations: N=70, mean=17.1 (+/-1.669453).
P1: N=35, mean=18.085714 (+/-2.840106).
P2: N=35, mean=16.114286 (+/-1.73968).
=====================================================
=====================================================
Completed 80 games.

Agent 1 (SHUCTAnyTime)
Winning score (between 0 and 1) : N=80, mean=0.4875 (+/-0.110222).
P1: N=40, mean=0.65 (+/-0.149694).
P2: N=40, mean=0.325 (+/-0.146997).
Game Durations: N=80, mean=17.0875 (+/-1.501752).
P1: N=40, mean=15.7 (+/-1.567968).
P2: N=40, mean=18.475 (+/-2.509765).

Agent 2 (UCT)
Winning score (between 0 and 1) : N=80, mean=0.5125 (+/-0.110222).
P1: N=40, mean=0.675 (+/-0.146997).
P2: N=40, mean=0.35 (+/-0.149694).
Game Durations: N=80, mean=17.0875 (+/-1.501752).
P1: N=40, mean=18.475 (+/-2.509765).
P2: N=40, mean=15.7 (+/-1.567968).
=====================================================
=====================================================
Completed 90 games.

Agent 1 (SHUCTAnyTime)
Winning score (between 0 and 1) : N=90, mean=0.522222 (+/-0.103775).
P1: N=45, mean=0.644444 (+/-0.141438).
P2: N=45, mean=0.4 (+/-0.144753).
Game Durations: N=90, mean=17.288889 (+/-1.384774).
P1: N=45, mean=16.111111 (+/-1.484871).
P2: N=45, mean=18.466667 (+/-2.304453).

Agent 2 (UCT)
Winning score (between 0 and 1) : N=90, mean=0.477778 (+/-0.103775).
P1: N=45, mean=0.6 (+/-0.144753).
P2: N=45, mean=0.355556 (+/-0.141438).
Game Durations: N=90, mean=17.288889 (+/-1.384774).
P1: N=45, mean=18.466667 (+/-2.304453).
P2: N=45, mean=16.111111 (+/-1.484871).
=====================================================
=====================================================
Completed 100 games.

Agent 1 (SHUCTAnyTime)
Winning score (between 0 and 1) : N=100, mean=0.52 (+/-0.098413).
P1: N=50, mean=0.64 (+/-0.134397).
P2: N=50, mean=0.4 (+/-0.137169).
Game Durations: N=100, mean=17.52 (+/-1.317134).
P1: N=50, mean=16.52 (+/-1.536901).
P2: N=50, mean=18.52 (+/-2.119274).

Agent 2 (UCT)
Winning score (between 0 and 1) : N=100, mean=0.48 (+/-0.098413).
P1: N=50, mean=0.6 (+/-0.137169).
P2: N=50, mean=0.36 (+/-0.134397).
Game Durations: N=100, mean=17.52 (+/-1.317134).
P1: N=50, mean=18.52 (+/-2.119274).
P2: N=50, mean=16.52 (+/-1.536901).
=====================================================
=====================================================
Completed 110 games.

Agent 1 (SHUCTAnyTime)
Winning score (between 0 and 1) : N=110, mean=0.527273 (+/-0.093725).
P1: N=55, mean=0.654545 (+/-0.126828).
P2: N=55, mean=0.4 (+/-0.130664).
Game Durations: N=110, mean=17.790909 (+/-1.304591).
P1: N=55, mean=16.436364 (+/-1.449994).
P2: N=55, mean=19.145455 (+/-2.12305).

Agent 2 (UCT)
Winning score (between 0 and 1) : N=110, mean=0.472727 (+/-0.093725).
P1: N=55, mean=0.6 (+/-0.130664).
P2: N=55, mean=0.345455 (+/-0.126828).
Game Durations: N=110, mean=17.790909 (+/-1.304591).
P1: N=55, mean=19.145455 (+/-2.12305).
P2: N=55, mean=16.436364 (+/-1.449994).
=====================================================
=====================================================
Completed 120 games.

Agent 1 (SHUCTAnyTime)
Winning score (between 0 and 1) : N=120, mean=0.541667 (+/-0.089522).
P1: N=60, mean=0.666667 (+/-0.120286).
P2: N=60, mean=0.416667 (+/-0.125798).
Game Durations: N=120, mean=17.658333 (+/-1.261635).
P1: N=60, mean=16.133333 (+/-1.359391).
P2: N=60, mean=19.183333 (+/-2.066413).

Agent 2 (UCT)
Winning score (between 0 and 1) : N=120, mean=0.458333 (+/-0.089522).
P1: N=60, mean=0.583333 (+/-0.125798).
P2: N=60, mean=0.333333 (+/-0.120286).
Game Durations: N=120, mean=17.658333 (+/-1.261635).
P1: N=60, mean=19.183333 (+/-2.066413).
P2: N=60, mean=16.133333 (+/-1.359391).
=====================================================
=====================================================
Completed 130 games.

Agent 1 (SHUCTAnyTime)
Winning score (between 0 and 1) : N=130, mean=0.530769 (+/-0.086119).
P1: N=65, mean=0.646154 (+/-0.117147).
P2: N=65, mean=0.415385 (+/-0.120731).
Game Durations: N=130, mean=17.615385 (+/-1.182539).
P1: N=65, mean=16.153846 (+/-1.290846).
P2: N=65, mean=19.076923 (+/-1.927324).

Agent 2 (UCT)
Winning score (between 0 and 1) : N=130, mean=0.469231 (+/-0.086119).
P1: N=65, mean=0.584615 (+/-0.120731).
P2: N=65, mean=0.353846 (+/-0.117147).
Game Durations: N=130, mean=17.615385 (+/-1.182539).
P1: N=65, mean=19.076923 (+/-1.927324).
P2: N=65, mean=16.153846 (+/-1.290846).
=====================================================
=====================================================
Completed 140 games.

Agent 1 (SHUCTAnyTime)
Winning score (between 0 and 1) : N=140, mean=0.535714 (+/-0.082909).
P1: N=70, mean=0.642857 (+/-0.113058).
P2: N=70, mean=0.428571 (+/-0.116766).
Game Durations: N=140, mean=18.207143 (+/-1.220894).
P1: N=70, mean=16.928571 (+/-1.449201).
P2: N=70, mean=19.485714 (+/-1.929592).

Agent 2 (UCT)
Winning score (between 0 and 1) : N=140, mean=0.464286 (+/-0.082909).
P1: N=70, mean=0.571429 (+/-0.116766).
P2: N=70, mean=0.357143 (+/-0.113058).
Game Durations: N=140, mean=18.207143 (+/-1.220894).
P1: N=70, mean=19.485714 (+/-1.929592).
P2: N=70, mean=16.928571 (+/-1.449201).
=====================================================
=====================================================
Completed 150 games.

Agent 1 (SHUCTAnyTime)
Winning score (between 0 and 1) : N=150, mean=0.553333 (+/-0.079825).
P1: N=75, mean=0.653333 (+/-0.108431).
P2: N=75, mean=0.453333 (+/-0.113423).
Game Durations: N=150, mean=18.093333 (+/-1.148371).
P1: N=75, mean=16.76 (+/-1.368482).
P2: N=75, mean=19.426667 (+/-1.803706).

Agent 2 (UCT)
Winning score (between 0 and 1) : N=150, mean=0.446667 (+/-0.079825).
P1: N=75, mean=0.546667 (+/-0.113423).
P2: N=75, mean=0.346667 (+/-0.108431).
Game Durations: N=150, mean=18.093333 (+/-1.148371).
P1: N=75, mean=19.426667 (+/-1.803706).
P2: N=75, mean=16.76 (+/-1.368482).
=====================================================
=====================================================
Completed 160 games.

Agent 1 (SHUCTAnyTime)
Winning score (between 0 and 1) : N=160, mean=0.55625 (+/-0.077224).
P1: N=80, mean=0.6625 (+/-0.104271).
P2: N=80, mean=0.45 (+/-0.109704).
Game Durations: N=160, mean=18.28125 (+/-1.148822).
P1: N=80, mean=17.3875 (+/-1.485597).
P2: N=80, mean=19.175 (+/-1.740087).

Agent 2 (UCT)
Winning score (between 0 and 1) : N=160, mean=0.44375 (+/-0.077224).
P1: N=80, mean=0.55 (+/-0.109704).
P2: N=80, mean=0.3375 (+/-0.104271).
Game Durations: N=160, mean=18.28125 (+/-1.148822).
P1: N=80, mean=19.175 (+/-1.740087).
P2: N=80, mean=17.3875 (+/-1.485597).
=====================================================
=====================================================
Completed 170 games.

Agent 1 (SHUCTAnyTime)
Winning score (between 0 and 1) : N=170, mean=0.558824 (+/-0.07486).
P1: N=85, mean=0.670588 (+/-0.100509).
P2: N=85, mean=0.447059 (+/-0.106324).
Game Durations: N=170, mean=18.223529 (+/-1.09427).
P1: N=85, mean=17.494118 (+/-1.423673).
P2: N=85, mean=18.952941 (+/-1.656113).

Agent 2 (UCT)
Winning score (between 0 and 1) : N=170, mean=0.441176 (+/-0.07486).
P1: N=85, mean=0.552941 (+/-0.106324).
P2: N=85, mean=0.329412 (+/-0.100509).
Game Durations: N=170, mean=18.223529 (+/-1.09427).
P1: N=85, mean=18.952941 (+/-1.656113).
P2: N=85, mean=17.494118 (+/-1.423673).
=====================================================
=====================================================
Completed 180 games.

Agent 1 (SHUCTAnyTime)
Winning score (between 0 and 1) : N=180, mean=0.555556 (+/-0.072794).
P1: N=90, mean=0.666667 (+/-0.097937).
P2: N=90, mean=0.444444 (+/-0.103234).
Game Durations: N=180, mean=18.355556 (+/-1.063766).
P1: N=90, mean=17.466667 (+/-1.370835).
P2: N=90, mean=19.244444 (+/-1.613822).

Agent 2 (UCT)
Winning score (between 0 and 1) : N=180, mean=0.444444 (+/-0.072794).
P1: N=90, mean=0.555556 (+/-0.103234).
P2: N=90, mean=0.333333 (+/-0.097937).
Game Durations: N=180, mean=18.355556 (+/-1.063766).
P1: N=90, mean=19.244444 (+/-1.613822).
P2: N=90, mean=17.466667 (+/-1.370835).
=====================================================
=====================================================
Completed 190 games.

Agent 1 (SHUCTAnyTime)
Winning score (between 0 and 1) : N=190, mean=0.547368 (+/-0.070962).
P1: N=95, mean=0.663158 (+/-0.095544).
P2: N=95, mean=0.431579 (+/-0.100126).
Game Durations: N=190, mean=18.226316 (+/-1.060595).
P1: N=95, mean=17.568421 (+/-1.430547).
P2: N=95, mean=18.884211 (+/-1.562544).

Agent 2 (UCT)
Winning score (between 0 and 1) : N=190, mean=0.452632 (+/-0.070962).
P1: N=95, mean=0.568421 (+/-0.100126).
P2: N=95, mean=0.336842 (+/-0.095544).
Game Durations: N=190, mean=18.226316 (+/-1.060595).
P1: N=95, mean=18.884211 (+/-1.562544).
P2: N=95, mean=17.568421 (+/-1.430547).
=====================================================
=====================================================
Completed 200 games.

Agent 1 (SHUCTAnyTime)
Winning score (between 0 and 1) : N=200, mean=0.545 (+/-0.069187).
P1: N=100, mean=0.66 (+/-0.093313).
P2: N=100, mean=0.43 (+/-0.097522).
Game Durations: N=200, mean=18.395 (+/-1.057928).
P1: N=100, mean=17.76 (+/-1.468846).
P2: N=100, mean=19.03 (+/-1.520083).

Agent 2 (UCT)
Winning score (between 0 and 1) : N=200, mean=0.455 (+/-0.069187).
P1: N=100, mean=0.57 (+/-0.097522).
P2: N=100, mean=0.34 (+/-0.093313).
Game Durations: N=200, mean=18.395 (+/-1.057928).
P1: N=100, mean=19.03 (+/-1.520083).
P2: N=100, mean=17.76 (+/-1.468846).
=====================================================
