Warming up...
Finished warming up!
78
65
54
42
33
29
24
19
13
13
10
8
9
7
4
=====================================================
Completed 1 games.

Agent 1 (SHUCT)
Winning score (between 0 and 1) : N=1, mean=0 (+/-0).
P1: N=0, mean=0 (+/-0).
P2: N=1, mean=0 (+/-0).
Game Durations: N=1, mean=31 (+/-0).
P1: N=0, mean=0 (+/-0).
P2: N=1, mean=31 (+/-0).

Agent 2 (SHUCTAnyTime)
Winning score (between 0 and 1) : N=1, mean=1 (+/-0).
P1: N=1, mean=1 (+/-0).
P2: N=0, mean=0 (+/-0).
Game Durations: N=1, mean=31 (+/-0).
P1: N=1, mean=31 (+/-0).
P2: N=0, mean=0 (+/-0).
=====================================================
84
72
63
53
43
38
28
22
17
15
13
11
10
7
4
2
1
=====================================================
Completed 2 games.

Agent 1 (SHUCT)
Winning score (between 0 and 1) : N=2, mean=0 (+/-0).
P1: N=1, mean=0 (+/-0).
P2: N=1, mean=0 (+/-0).
Game Durations: N=2, mean=32.5 (+/-2.93994).
P1: N=1, mean=34 (+/-0).
P2: N=1, mean=31 (+/-0).

Agent 2 (SHUCTAnyTime)
Winning score (between 0 and 1) : N=2, mean=1 (+/-0).
P1: N=1, mean=1 (+/-0).
P2: N=1, mean=1 (+/-0).
Game Durations: N=2, mean=32.5 (+/-2.93994).
P1: N=1, mean=31 (+/-0).
P2: N=1, mean=34 (+/-0).
=====================================================
77
66
58
47
43
34
29
24
17
16
10
9
8
5
3
1
=====================================================
Completed 3 games.

Agent 1 (SHUCT)
Winning score (between 0 and 1) : N=3, mean=0 (+/-0).
P1: N=1, mean=0 (+/-0).
P2: N=2, mean=0 (+/-0).
Game Durations: N=3, mean=32.666667 (+/-1.728522).
P1: N=1, mean=34 (+/-0).
P2: N=2, mean=32 (+/-1.95996).

Agent 2 (SHUCTAnyTime)
Winning score (between 0 and 1) : N=3, mean=1 (+/-0).
P1: N=2, mean=1 (+/-0).
P2: N=1, mean=1 (+/-0).
Game Durations: N=3, mean=32.666667 (+/-1.728522).
P1: N=2, mean=32 (+/-1.95996).
P2: N=1, mean=34 (+/-0).
=====================================================
84
70
58
47
37
29
26
26
21
19
17
12
10
9
7
7
5
5
3
1
=====================================================
Completed 4 games.

Agent 1 (SHUCT)
Winning score (between 0 and 1) : N=4, mean=0 (+/-0).
P1: N=2, mean=0 (+/-0).
P2: N=2, mean=0 (+/-0).
Game Durations: N=4, mean=34.5 (+/-3.795446).
P1: N=2, mean=37 (+/-5.87988).
P2: N=2, mean=32 (+/-1.95996).

Agent 2 (SHUCTAnyTime)
Winning score (between 0 and 1) : N=4, mean=1 (+/-0).
P1: N=2, mean=1 (+/-0).
P2: N=2, mean=1 (+/-0).
Game Durations: N=4, mean=34.5 (+/-3.795446).
P1: N=2, mean=32 (+/-1.95996).
P2: N=2, mean=37 (+/-5.87988).
=====================================================
77
66
56
44
36
30
28
23
20
14
15
13
11
9
7
2
1
=====================================================
Completed 5 games.

Agent 1 (SHUCT)
Winning score (between 0 and 1) : N=5, mean=0.2 (+/-0.391992).
P1: N=2, mean=0 (+/-0).
P2: N=3, mean=0.333333 (+/-0.65332).
Game Durations: N=5, mean=34.4 (+/-2.946466).
P1: N=2, mean=37 (+/-5.87988).
P2: N=3, mean=32.666667 (+/-1.728522).

Agent 2 (SHUCTAnyTime)
Winning score (between 0 and 1) : N=5, mean=0.8 (+/-0.391992).
P1: N=3, mean=0.666667 (+/-0.65332).
P2: N=2, mean=1 (+/-0).
Game Durations: N=5, mean=34.4 (+/-2.946466).
P1: N=3, mean=32.666667 (+/-1.728522).
P2: N=2, mean=37 (+/-5.87988).
=====================================================
84
71
59
57
45
34
25
20
17
16
12
10
8
9
8
3
1
79
67
55
45
34
27
22
20
18
13
10
9
8
7
6
1
84
71
59
52
43
32
29
26
19
18
16
11
10
8
7
5
4
1
78
67
54
46
40
35
24
18
15
13
10
11
9
6
3
3
2
84
70
58
49
40
35
28
24
18
16
12
8
10
5
3
2
1
=====================================================
Completed 10 games.

Agent 1 (SHUCT)
Winning score (between 0 and 1) : N=10, mean=0.4 (+/-0.32006).
P1: N=5, mean=0.4 (+/-0.48009).
P2: N=5, mean=0.4 (+/-0.48009).
Game Durations: N=10, mean=34.1 (+/-1.502636).
P1: N=5, mean=35.2 (+/-2.432246).
P2: N=5, mean=33 (+/-1.385901).

Agent 2 (SHUCTAnyTime)
Winning score (between 0 and 1) : N=10, mean=0.6 (+/-0.32006).
P1: N=5, mean=0.6 (+/-0.48009).
P2: N=5, mean=0.6 (+/-0.48009).
Game Durations: N=10, mean=34.1 (+/-1.502636).
P1: N=5, mean=33 (+/-1.385901).
P2: N=5, mean=35.2 (+/-2.432246).
=====================================================
79
65
54
45
36
34
27
28
22
16
12
8
7
7
4
5
2
84
74
64
53
41
33
28
23
21
11
10
8
7
5
5
1
78
64
56
46
33
30
28
23
19
19
16
14
12
10
7
5
4
1
84
73
62
50
44
36
28
24
16
13
13
9
7
5
4
2
79
67
58
54
44
31
25
20
17
17
14
11
8
7
5
3
1
84
70
60
52
47
46
39
39
32
30
23
17
9
7
6
5
2
1
77
63
53
44
36
28
25
18
12
10
11
10
8
7
7
6
3
1
84
71
61
52
44
38
31
28
20
19
16
13
8
6
4
3
79
66
55
44
34
32
25
21
18
17
13
10
7
6
4
2
2
84
72
59
49
40
30
26
27
24
20
21
17
10
4
3
2
=====================================================
Completed 20 games.

Agent 1 (SHUCT)
Winning score (between 0 and 1) : N=20, mean=0.35 (+/-0.214467).
P1: N=10, mean=0.4 (+/-0.32006).
P2: N=10, mean=0.3 (+/-0.299389).
Game Durations: N=20, mean=34.05 (+/-0.958863).
P1: N=10, mean=33.8 (+/-1.594957).
P2: N=10, mean=34.3 (+/-1.133468).

Agent 2 (SHUCTAnyTime)
Winning score (between 0 and 1) : N=20, mean=0.65 (+/-0.214467).
P1: N=10, mean=0.7 (+/-0.299389).
P2: N=10, mean=0.6 (+/-0.32006).
Game Durations: N=20, mean=34.05 (+/-0.958863).
P1: N=10, mean=34.3 (+/-1.133468).
P2: N=10, mean=33.8 (+/-1.594957).
=====================================================
78
70
69
59
45
35
27
18
13
14
12
9
8
6
4
3
2
84
72
60
56
47
42
33
25
19
15
14
9
8
7
4
2
2
77
67
54
44
39
34
27
20
12
13
10
7
6
6
6
3
2
1
84
71
59
53
45
34
27
25
18
13
13
11
10
8
7
5
3
79
67
59
50
45
35
24
22
19
12
8
6
5
4
3
1
84
71
60
52
45
39
33
27
23
19
15
11
9
6
3
1
78
65
59
49
37
30
25
20
14
11
8
6
4
5
4
1
84
74
62
53
45
41
32
29
26
25
18
15
10
8
6
2
1
79
67
56
48
38
31
19
17
13
12
10
10
9
9
5
4
3
2
84
72
60
48
37
26
21
18
17
13
13
8
7
4
1
=====================================================
Completed 30 games.

Agent 1 (SHUCT)
Winning score (between 0 and 1) : N=30, mean=0.4 (+/-0.178301).
P1: N=15, mean=0.466667 (+/-0.261328).
P2: N=15, mean=0.333333 (+/-0.246932).
Game Durations: N=30, mean=33.833333 (+/-0.786701).
P1: N=15, mean=33.266667 (+/-1.231692).
P2: N=15, mean=34.4 (+/-0.933128).

Agent 2 (SHUCTAnyTime)
Winning score (between 0 and 1) : N=30, mean=0.6 (+/-0.178301).
P1: N=15, mean=0.666667 (+/-0.246932).
P2: N=15, mean=0.533333 (+/-0.261328).
Game Durations: N=30, mean=33.833333 (+/-0.786701).
P1: N=15, mean=34.4 (+/-0.933128).
P2: N=15, mean=33.266667 (+/-1.231692).
=====================================================
77
67
58
46
44
38
28
21
13
7
5
4
2
1
84
71
59
54
50
43
33
25
18
15
9
10
7
4
2
1
79
68
59
49
48
36
30
20
16
12
10
8
6
3
84
70
60
48
46
35
25
19
16
17
16
16
12
10
8
5
2
77
65
56
45
37
33
26
18
17
13
11
7
6
4
84
76
63
54
49
43
40
35
29
22
22
14
12
11
7
5
3
77
65
56
49
39
33
28
25
24
18
12
9
6
3
84
73
62
49
39
31
26
21
17
13
8
9
7
6
4
1
79
67
57
44
38
32
24
23
20
15
11
10
10
9
7
4
2
2
84
70
58
48
40
36
31
27
23
17
17
13
10
9
8
5
3
1
=====================================================
Completed 40 games.

Agent 1 (SHUCT)
Winning score (between 0 and 1) : N=40, mean=0.375 (+/-0.151939).
P1: N=20, mean=0.5 (+/-0.224823).
P2: N=20, mean=0.25 (+/-0.194702).
Game Durations: N=40, mean=33.325 (+/-0.785827).
P1: N=20, mean=33.2 (+/-0.991262).
P2: N=20, mean=33.45 (+/-1.243455).

Agent 2 (SHUCTAnyTime)
Winning score (between 0 and 1) : N=40, mean=0.625 (+/-0.151939).
P1: N=20, mean=0.75 (+/-0.194702).
P2: N=20, mean=0.5 (+/-0.224823).
Game Durations: N=40, mean=33.325 (+/-0.785827).
P1: N=20, mean=33.45 (+/-1.243455).
P2: N=20, mean=33.2 (+/-0.991262).
=====================================================
79
70
59
50
40
30
24
16
15
12
11
9
9
7
5
4
3
2
84
70
58
49
38
36
26
19
16
14
12
8
6
4
3
1
77
65
55
46
39
36
28
21
21
18
14
16
10
9
8
4
3
1
84
71
67
55
50
46
34
27
23
17
13
11
9
7
6
3
2
77
63
55
48
39
32
28
25
21
18
15
13
10
8
5
2
84
71
60
56
44
34
31
24
19
16
12
8
8
6
5
5
2
77
66
56
45
35
30
25
18
14
13
8
6
5
5
2
84
73
60
49
41
35
30
22
16
14
11
11
9
6
5
3
1
78
69
58
50
45
35
24
23
20
12
8
7
6
4
3
84
71
61
48
42
32
25
21
18
16
13
10
11
9
7
6
3
=====================================================
Completed 50 games.

Agent 1 (SHUCT)
Winning score (between 0 and 1) : N=50, mean=0.4 (+/-0.137169).
P1: N=25, mean=0.48 (+/-0.199877).
P2: N=25, mean=0.32 (+/-0.186626).
Game Durations: N=50, mean=33.3 (+/-0.667891).
P1: N=25, mean=33.2 (+/-0.815996).
P2: N=25, mean=33.4 (+/-1.073514).

Agent 2 (SHUCTAnyTime)
Winning score (between 0 and 1) : N=50, mean=0.6 (+/-0.137169).
P1: N=25, mean=0.68 (+/-0.186626).
P2: N=25, mean=0.52 (+/-0.199877).
Game Durations: N=50, mean=33.3 (+/-0.667891).
P1: N=25, mean=33.4 (+/-1.073514).
P2: N=25, mean=33.2 (+/-0.815996).
=====================================================
78
69
60
48
38
31
29
23
19
16
8
7
5
4
3
2
2
84
71
61
52
41
36
32
30
24
17
13
12
9
8
6
3
2
77
66
56
47
42
38
32
29
22
18
10
8
6
5
2
84
73
60
51
46
38
30
28
19
14
12
11
12
10
7
6
4
2
77
65
56
50
40
31
24
19
16
10
8
6
6
6
2
84
71
59
52
44
37
38
32
25
16
12
8
8
7
6
4
77
67
57
46
40
31
25
22
15
14
13
12
7
2
84
73
61
52
49
39
34
31
27
23
15
13
12
9
6
3
1
78
65
55
48
49
45
41
29
27
23
13
9
8
5
4
2
84
72
61
49
42
35
32
26
22
16
10
8
11
5
4
4
2
1
=====================================================
Completed 60 games.

Agent 1 (SHUCT)
Winning score (between 0 and 1) : N=60, mean=0.433333 (+/-0.126443).
P1: N=30, mean=0.533333 (+/-0.181573).
P2: N=30, mean=0.333333 (+/-0.17157).
Game Durations: N=60, mean=33.166667 (+/-0.605924).
P1: N=30, mean=33.266667 (+/-0.70281).
P2: N=30, mean=33.066667 (+/-0.998651).

Agent 2 (SHUCTAnyTime)
Winning score (between 0 and 1) : N=60, mean=0.566667 (+/-0.126443).
P1: N=30, mean=0.666667 (+/-0.17157).
P2: N=30, mean=0.466667 (+/-0.181573).
Game Durations: N=60, mean=33.166667 (+/-0.605924).
P1: N=30, mean=33.066667 (+/-0.998651).
P2: N=30, mean=33.266667 (+/-0.70281).
=====================================================
77
67
54
43
35
28
24
22
23
22
16
13
8
7
6
5
4
1
84
73
59
52
42
32
26
25
23
21
12
10
10
8
6
4
4
1
78
66
55
44
40
29
26
21
20
18
15
11
10
7
6
6
5
3
1
84
73
60
50
41
36
31
22
21
18
13
15
11
10
8
8
7
6
4
1
79
67
57
47
38
29
22
10
9
6
4
3
2
1
84
72
60
49
39
30
27
22
18
14
14
10
7
6
4
2
2
77
64
58
51
43
34
30
27
21
19
18
10
5
4
2
1
84
71
59
49
43
35
25
19
19
15
12
10
10
8
5
5
4
1
79
65
52
45
39
29
22
22
17
15
15
13
10
9
8
4
2
84
72
65
56
46
35
31
30
23
16
12
9
8
6
5
4
3
2
=====================================================
Completed 70 games.

Agent 1 (SHUCT)
Winning score (between 0 and 1) : N=70, mean=0.428571 (+/-0.116766).
P1: N=35, mean=0.514286 (+/-0.167997).
P2: N=35, mean=0.342857 (+/-0.159549).
Game Durations: N=70, mean=33.442857 (+/-0.604378).
P1: N=35, mean=33.657143 (+/-0.731776).
P2: N=35, mean=33.228571 (+/-0.967834).

Agent 2 (SHUCTAnyTime)
Winning score (between 0 and 1) : N=70, mean=0.571429 (+/-0.116766).
P1: N=35, mean=0.657143 (+/-0.159549).
P2: N=35, mean=0.485714 (+/-0.167997).
Game Durations: N=70, mean=33.442857 (+/-0.604378).
P1: N=35, mean=33.228571 (+/-0.967834).
P2: N=35, mean=33.657143 (+/-0.731776).
=====================================================
79
67
55
43
36
33
28
23
17
13
10
7
7
5
1
84
72
59
50
40
34
29
22
15
15
10
8
6
4
2
78
64
55
49
39
31
31
26
24
21
13
11
12
9
7
5
3
3
84
72
61
57
46
36
27
19
13
14
9
10
9
8
5
3
1
79
67
54
42
35
30
31
24
20
16
12
12
8
6
4
1
84
71
61
49
42
34
32
29
22
22
18
18
11
10
7
5
4
2
1
77
64
53
43
37
33
25
22
16
11
10
7
5
4
2
1
84
75
61
52
45
36
32
28
19
15
13
14
11
7
6
4
3
3
1
79
70
60
49
37
29
15
14
15
13
12
9
6
6
4
2
84
73
62
50
40
32
25
22
20
17
15
11
9
7
5
1
=====================================================
Completed 80 games.

Agent 1 (SHUCT)
Winning score (between 0 and 1) : N=80, mean=0.4375 (+/-0.109392).
P1: N=40, mean=0.55 (+/-0.156136).
P2: N=40, mean=0.325 (+/-0.146997).
Game Durations: N=80, mean=33.4375 (+/-0.56634).
P1: N=40, mean=33.65 (+/-0.717566).
P2: N=40, mean=33.225 (+/-0.88069).

Agent 2 (SHUCTAnyTime)
Winning score (between 0 and 1) : N=80, mean=0.5625 (+/-0.109392).
P1: N=40, mean=0.675 (+/-0.146997).
P2: N=40, mean=0.45 (+/-0.156136).
Game Durations: N=80, mean=33.4375 (+/-0.56634).
P1: N=40, mean=33.225 (+/-0.88069).
P2: N=40, mean=33.65 (+/-0.717566).
=====================================================
78
67
59
45
37
27
21
17
11
10
7
6
4
4
3
2
1
84
70
57
47
37
27
22
18
15
12
14
10
6
4
2
78
65
55
44
34
23
23
19
16
12
10
9
6
4
2
84
71
58
48
40
34
27
26
24
18
13
11
10
9
6
4
5
2
77
66
57
48
38
29
22
18
11
11
11
10
7
7
6
6
4
2
84
70
60
50
45
37
30
25
16
16
9
10
8
8
6
3
3
1
79
67
56
48
36
27
17
13
14
12
8
6
5
4
1
84
72
60
48
38
35
30
25
19
18
18
12
10
9
7
6
5
3
1
77
67
57
48
40
34
27
21
16
16
14
15
12
10
7
7
5
3
2
84
72
63
55
44
36
28
24
19
15
13
13
8
7
5
1
=====================================================
Completed 90 games.

Agent 1 (SHUCT)
Winning score (between 0 and 1) : N=90, mean=0.444444 (+/-0.103234).
P1: N=45, mean=0.555556 (+/-0.146823).
P2: N=45, mean=0.333333 (+/-0.139288).
Game Durations: N=90, mean=33.5 (+/-0.549014).
P1: N=45, mean=33.666667 (+/-0.69365).
P2: N=45, mean=33.333333 (+/-0.856368).

Agent 2 (SHUCTAnyTime)
Winning score (between 0 and 1) : N=90, mean=0.555556 (+/-0.103234).
P1: N=45, mean=0.666667 (+/-0.139288).
P2: N=45, mean=0.444444 (+/-0.146823).
Game Durations: N=90, mean=33.5 (+/-0.549014).
P1: N=45, mean=33.333333 (+/-0.856368).
P2: N=45, mean=33.666667 (+/-0.69365).
=====================================================
79
67
56
48
37
26
22
18
16
16
15
11
7
5
4
3
2
2
84
70
61
50
44
36
26
19
13
11
9
9
8
7
7
5
5
3
78
66
56
43
34
28
24
20
19
16
14
11
7
6
4
2
2
84
73
64
51
41
33
28
23
22
20
16
15
10
6
5
5
5
4
3
1
78
69
56
44
35
28
22
20
15
13
13
12
10
7
6
4
2
1
84
70
61
51
39
29
24
20
14
13
10
9
7
5
4
2
79
65
56
43
34
29
23
17
14
12
10
6
6
3
2
1
84
72
61
53
41
32
28
22
13
8
8
8
6
6
2
1
78
67
58
53
42
39
30
28
23
21
15
11
7
5
3
1
84
71
60
56
45
36
30
27
18
19
15
14
12
9
7
5
2
3
=====================================================
Completed 100 games.

Agent 1 (SHUCT)
Winning score (between 0 and 1) : N=100, mean=0.45 (+/-0.097998).
P1: N=50, mean=0.54 (+/-0.139548).
P2: N=50, mean=0.36 (+/-0.134397).
Game Durations: N=100, mean=33.61 (+/-0.522578).
P1: N=50, mean=33.78 (+/-0.681923).
P2: N=50, mean=33.44 (+/-0.796208).

Agent 2 (SHUCTAnyTime)
Winning score (between 0 and 1) : N=100, mean=0.55 (+/-0.097998).
P1: N=50, mean=0.64 (+/-0.134397).
P2: N=50, mean=0.46 (+/-0.139548).
Game Durations: N=100, mean=33.61 (+/-0.522578).
P1: N=50, mean=33.44 (+/-0.796208).
P2: N=50, mean=33.78 (+/-0.681923).
=====================================================
