Warming up...
Finished warming up!
77
66
58
48
41
31
29
25
21
17
17
11
8
4
4
3
1
=====================================================
Completed 1 games.

Agent 1 (SHUCT)
Winning score (between 0 and 1) : N=1, mean=1 (+/-0).
P1: N=0, mean=0 (+/-0).
P2: N=1, mean=1 (+/-0).
Game Durations: N=1, mean=34 (+/-0).
P1: N=0, mean=0 (+/-0).
P2: N=1, mean=34 (+/-0).

Agent 2 (SHUCTAnyTime)
Winning score (between 0 and 1) : N=1, mean=0 (+/-0).
P1: N=1, mean=0 (+/-0).
P2: N=0, mean=0 (+/-0).
Game Durations: N=1, mean=34 (+/-0).
P1: N=1, mean=34 (+/-0).
P2: N=0, mean=0 (+/-0).
=====================================================
84
74
60
48
41
32
25
15
11
11
11
7
6
5
3
2
1
=====================================================
Completed 2 games.

Agent 1 (SHUCT)
Winning score (between 0 and 1) : N=2, mean=0.5 (+/-0.97998).
P1: N=1, mean=0 (+/-0).
P2: N=1, mean=1 (+/-0).
Game Durations: N=2, mean=34 (+/-0).
P1: N=1, mean=34 (+/-0).
P2: N=1, mean=34 (+/-0).

Agent 2 (SHUCTAnyTime)
Winning score (between 0 and 1) : N=2, mean=0.5 (+/-0.97998).
P1: N=1, mean=0 (+/-0).
P2: N=1, mean=1 (+/-0).
Game Durations: N=2, mean=34 (+/-0).
P1: N=1, mean=34 (+/-0).
P2: N=1, mean=34 (+/-0).
=====================================================
77
68
58
45
34
29
24
20
17
12
10
8
8
5
4
2
1
=====================================================
Completed 3 games.

Agent 1 (SHUCT)
Winning score (between 0 and 1) : N=3, mean=0.666667 (+/-0.65332).
P1: N=1, mean=0 (+/-0).
P2: N=2, mean=1 (+/-0).
Game Durations: N=3, mean=34 (+/-0).
P1: N=1, mean=34 (+/-0).
P2: N=2, mean=34 (+/-0).

Agent 2 (SHUCTAnyTime)
Winning score (between 0 and 1) : N=3, mean=0.333333 (+/-0.65332).
P1: N=2, mean=0 (+/-0).
P2: N=1, mean=1 (+/-0).
Game Durations: N=3, mean=34 (+/-0).
P1: N=2, mean=34 (+/-0).
P2: N=1, mean=34 (+/-0).
=====================================================
84
70
60
52
47
36
29
26
17
12
7
5
4
5
3
1
=====================================================
Completed 4 games.

Agent 1 (SHUCT)
Winning score (between 0 and 1) : N=4, mean=0.5 (+/-0.565792).
P1: N=2, mean=0 (+/-0).
P2: N=2, mean=1 (+/-0).
Game Durations: N=4, mean=33.5 (+/-0.97998).
P1: N=2, mean=33 (+/-1.95996).
P2: N=2, mean=34 (+/-0).

Agent 2 (SHUCTAnyTime)
Winning score (between 0 and 1) : N=4, mean=0.5 (+/-0.565792).
P1: N=2, mean=0 (+/-0).
P2: N=2, mean=1 (+/-0).
Game Durations: N=4, mean=33.5 (+/-0.97998).
P1: N=2, mean=34 (+/-0).
P2: N=2, mean=33 (+/-1.95996).
=====================================================
78
67
59
51
43
34
27
22
20
18
13
12
13
9
8
7
5
3
=====================================================
Completed 5 games.

Agent 1 (SHUCT)
Winning score (between 0 and 1) : N=5, mean=0.4 (+/-0.48009).
P1: N=2, mean=0 (+/-0).
P2: N=3, mean=0.666667 (+/-0.65332).
Game Durations: N=5, mean=34.2 (+/-1.567968).
P1: N=2, mean=33 (+/-1.95996).
P2: N=3, mean=35 (+/-1.95996).

Agent 2 (SHUCTAnyTime)
Winning score (between 0 and 1) : N=5, mean=0.6 (+/-0.48009).
P1: N=3, mean=0.333333 (+/-0.65332).
P2: N=2, mean=1 (+/-0).
Game Durations: N=5, mean=34.2 (+/-1.567968).
P1: N=3, mean=35 (+/-1.95996).
P2: N=2, mean=33 (+/-1.95996).
=====================================================
84
70
59
47
37
30
25
22
19
14
14
9
9
6
4
1
80
70
56
46
36
33
25
16
12
11
10
7
6
3
2
84
73
62
56
44
35
27
20
16
13
12
12
9
6
5
4
3
80
69
58
46
38
27
24
12
14
11
9
8
10
8
5
1
84
71
59
49
36
31
30
26
19
17
15
11
9
8
7
4
3
1
=====================================================
Completed 10 games.

Agent 1 (SHUCT)
Winning score (between 0 and 1) : N=10, mean=0.6 (+/-0.32006).
P1: N=5, mean=0.4 (+/-0.48009).
P2: N=5, mean=0.8 (+/-0.391992).
Game Durations: N=10, mean=33.3 (+/-1.27523).
P1: N=5, mean=33.2 (+/-1.440271).
P2: N=5, mean=33.4 (+/-2.285686).

Agent 2 (SHUCTAnyTime)
Winning score (between 0 and 1) : N=10, mean=0.4 (+/-0.32006).
P1: N=5, mean=0.2 (+/-0.391992).
P2: N=5, mean=0.6 (+/-0.48009).
Game Durations: N=10, mean=33.3 (+/-1.27523).
P1: N=5, mean=33.4 (+/-2.285686).
P2: N=5, mean=33.2 (+/-1.440271).
=====================================================
79
67
59
48
39
31
24
18
16
14
12
10
8
6
3
2
84
71
61
53
42
34
28
22
17
14
12
11
7
7
7
4
4
3
77
65
56
47
39
32
27
18
17
17
12
6
5
4
2
84
71
59
47
41
32
24
23
22
20
18
16
13
9
8
5
3
1
79
69
65
53
41
33
22
17
14
10
7
7
4
3
1
84
71
61
51
41
35
27
22
21
18
16
13
11
8
7
5
3
3
78
68
58
45
37
26
24
21
16
13
12
12
9
8
7
4
3
1
84
71
59
47
42
32
24
17
11
10
10
8
5
3
2
78
69
58
52
41
32
31
24
19
17
16
11
8
7
4
3
1
84
74
64
53
42
33
25
18
13
12
9
8
8
6
5
3
1
=====================================================
Completed 20 games.

Agent 1 (SHUCT)
Winning score (between 0 and 1) : N=20, mean=0.55 (+/-0.223696).
P1: N=10, mean=0.3 (+/-0.299389).
P2: N=10, mean=0.8 (+/-0.261328).
Game Durations: N=20, mean=33.35 (+/-0.987942).
P1: N=10, mean=33.7 (+/-1.340501).
P2: N=10, mean=33 (+/-1.489799).

Agent 2 (SHUCTAnyTime)
Winning score (between 0 and 1) : N=20, mean=0.45 (+/-0.223696).
P1: N=10, mean=0.2 (+/-0.261328).
P2: N=10, mean=0.7 (+/-0.299389).
Game Durations: N=20, mean=33.35 (+/-0.987942).
P1: N=10, mean=33 (+/-1.489799).
P2: N=10, mean=33.7 (+/-1.340501).
=====================================================
77
65
58
48
38
29
21
16
17
13
13
8
6
4
3
1
84
71
60
50
39
29
26
19
18
13
12
9
7
5
6
5
2
77
65
55
45
35
30
31
24
19
13
12
10
9
7
5
3
2
84
72
61
53
42
31
28
24
21
16
16
11
5
5
5
3
2
77
67
58
54
44
42
36
28
22
22
17
10
7
5
4
2
1
84
75
67
55
44
36
27
21
16
13
9
6
4
3
2
79
70
58
47
35
25
17
15
15
12
10
7
4
5
1
84
70
62
51
41
38
30
30
26
20
13
13
9
6
5
4
3
77
66
54
47
41
35
27
23
16
12
11
10
8
5
4
84
73
60
50
45
37
30
22
17
15
11
10
6
5
5
1
=====================================================
Completed 30 games.

Agent 1 (SHUCT)
Winning score (between 0 and 1) : N=30, mean=0.566667 (+/-0.180353).
P1: N=15, mean=0.4 (+/-0.256619).
P2: N=15, mean=0.733333 (+/-0.231643).
Game Durations: N=30, mean=33 (+/-0.77492).
P1: N=15, mean=33.2 (+/-1.118576).
P2: N=15, mean=32.8 (+/-1.102102).

Agent 2 (SHUCTAnyTime)
Winning score (between 0 and 1) : N=30, mean=0.433333 (+/-0.180353).
P1: N=15, mean=0.266667 (+/-0.231643).
P2: N=15, mean=0.6 (+/-0.256619).
Game Durations: N=30, mean=33 (+/-0.77492).
P1: N=15, mean=32.8 (+/-1.102102).
P2: N=15, mean=33.2 (+/-1.118576).
=====================================================
77
64
51
44
34
29
20
15
12
10
12
9
8
9
4
4
3
2
84
70
60
52
46
36
28
18
12
11
11
8
4
4
1
78
66
55
44
37
26
25
22
19
17
15
12
10
8
7
4
3
84
72
61
49
39
30
22
16
15
12
13
10
7
5
2
80
67
56
46
39
37
29
22
15
13
13
9
8
7
4
2
84
72
60
53
44
34
29
24
15
13
9
8
8
6
5
3
1
79
71
58
49
42
31
21
14
12
11
11
9
9
7
5
3
84
71
59
46
38
31
24
20
16
14
14
12
11
7
3
80
68
56
44
38
34
30
20
16
12
12
11
8
7
4
2
2
1
84
73
62
51
40
31
22
17
12
10
10
8
7
3
1
=====================================================
Completed 40 games.

Agent 1 (SHUCT)
Winning score (between 0 and 1) : N=40, mean=0.55 (+/-0.156136).
P1: N=20, mean=0.4 (+/-0.22028).
P2: N=20, mean=0.7 (+/-0.206054).
Game Durations: N=40, mean=32.85 (+/-0.717566).
P1: N=20, mean=32.5 (+/-1.078212).
P2: N=20, mean=33.2 (+/-0.949594).

Agent 2 (SHUCTAnyTime)
Winning score (between 0 and 1) : N=40, mean=0.45 (+/-0.156136).
P1: N=20, mean=0.3 (+/-0.206054).
P2: N=20, mean=0.6 (+/-0.22028).
Game Durations: N=40, mean=32.85 (+/-0.717566).
P1: N=20, mean=33.2 (+/-0.949594).
P2: N=20, mean=32.5 (+/-1.078212).
=====================================================
77
66
55
45
38
30
22
14
14
13
14
10
10
8
5
3
1
84
71
61
49
38
34
28
26
23
17
14
9
7
5
3
2
79
65
51
40
33
30
27
24
14
14
10
8
7
6
5
3
2
84
74
61
51
39
29
19
14
10
6
4
2
79
67
58
48
41
31
24
20
18
11
11
9
8
6
3
2
84
73
60
52
47
46
33
24
24
16
14
10
8
7
5
3
2
77
65
54
44
36
31
20
19
16
13
12
9
8
5
3
1
84
72
62
53
45
36
26
24
16
12
12
10
7
5
5
4
2
79
66
56
47
40
30
22
17
15
14
11
9
10
8
7
5
3
1
84
72
64
52
44
34
33
26
22
17
14
12
10
7
6
6
3
2
=====================================================
Completed 50 games.

Agent 1 (SHUCT)
Winning score (between 0 and 1) : N=50, mean=0.58 (+/-0.138194).
P1: N=25, mean=0.44 (+/-0.198592).
P2: N=25, mean=0.72 (+/-0.179633).
Game Durations: N=50, mean=32.8 (+/-0.719318).
P1: N=25, mean=32.28 (+/-1.178804).
P2: N=25, mean=33.32 (+/-0.797907).

Agent 2 (SHUCTAnyTime)
Winning score (between 0 and 1) : N=50, mean=0.42 (+/-0.138194).
P1: N=25, mean=0.28 (+/-0.179633).
P2: N=25, mean=0.56 (+/-0.198592).
Game Durations: N=50, mean=32.8 (+/-0.719318).
P1: N=25, mean=33.32 (+/-0.797907).
P2: N=25, mean=32.28 (+/-1.178804).
=====================================================
78
66
58
45
39
36
29
26
19
15
13
11
9
7
5
4
2
1
84
71
59
50
41
31
29
22
21
18
16
11
8
6
5
6
3
78
66
53
42
33
24
19
15
14
12
9
9
6
5
4
2
1
84
72
66
57
45
35
24
20
16
17
12
9
8
7
7
4
1
77
63
54
43
36
33
28
23
16
15
13
9
6
3
1
84
71
59
46
36
30
22
19
18
14
11
9
9
6
6
4
77
66
56
44
36
26
21
20
18
13
11
7
7
5
3
1
84
72
62
51
39
36
37
34
25
18
14
13
11
9
6
6
5
2
79
65
54
44
37
31
21
18
17
11
9
7
7
6
5
3
3
84
72
61
51
39
34
30
23
17
16
13
10
6
4
3
2
1
=====================================================
Completed 60 games.

Agent 1 (SHUCT)
Winning score (between 0 and 1) : N=60, mean=0.516667 (+/-0.127512).
P1: N=30, mean=0.4 (+/-0.178301).
P2: N=30, mean=0.633333 (+/-0.175388).
Game Durations: N=60, mean=32.983333 (+/-0.629335).
P1: N=30, mean=32.533333 (+/-1.019653).
P2: N=30, mean=33.433333 (+/-0.71988).

Agent 2 (SHUCTAnyTime)
Winning score (between 0 and 1) : N=60, mean=0.483333 (+/-0.127512).
P1: N=30, mean=0.366667 (+/-0.175388).
P2: N=30, mean=0.6 (+/-0.178301).
Game Durations: N=60, mean=32.983333 (+/-0.629335).
P1: N=30, mean=33.433333 (+/-0.71988).
P2: N=30, mean=32.533333 (+/-1.019653).
=====================================================
77
63
54
44
36
30
29
20
16
12
9
10
10
8
5
3
84
72
61
50
44
36
28
26
22
16
9
9
9
9
9
6
5
2
77
66
55
49
38
27
24
21
18
18
16
14
12
9
8
5
6
3
84
72
59
48
43
39
33
25
21
17
13
10
6
5
4
3
77
66
58
45
34
27
19
14
15
12
10
8
7
4
84
71
60
51
47
40
33
22
13
10
10
9
8
7
6
5
2
3
77
66
59
46
39
30
28
19
18
16
17
13
10
8
6
5
3
2
1
84
74
62
49
41
28
20
16
15
11
9
5
7
4
2
78
64
58
46
42
36
30
25
17
14
12
9
9
8
7
2
1
84
70
62
51
44
42
32
24
20
13
11
7
5
4
3
2
1
=====================================================
Completed 70 games.

Agent 1 (SHUCT)
Winning score (between 0 and 1) : N=70, mean=0.5 (+/-0.117976).
P1: N=35, mean=0.4 (+/-0.16467).
P2: N=35, mean=0.6 (+/-0.16467).
Game Durations: N=70, mean=33.085714 (+/-0.603201).
P1: N=35, mean=32.628571 (+/-0.937335).
P2: N=35, mean=33.542857 (+/-0.742288).

Agent 2 (SHUCTAnyTime)
Winning score (between 0 and 1) : N=70, mean=0.5 (+/-0.117976).
P1: N=35, mean=0.4 (+/-0.16467).
P2: N=35, mean=0.6 (+/-0.16467).
Game Durations: N=70, mean=33.085714 (+/-0.603201).
P1: N=35, mean=33.542857 (+/-0.742288).
P2: N=35, mean=32.628571 (+/-0.937335).
=====================================================
79
67
56
49
40
33
25
24
19
19
16
10
10
8
6
3
84
73
62
52
41
31
29
22
18
14
13
12
8
5
4
3
1
77
65
55
44
35
29
24
20
16
14
12
11
7
5
4
3
84
72
63
52
42
33
25
23
16
9
6
6
4
3
2
1
77
70
56
47
37
30
23
21
16
15
13
8
6
7
5
3
84
74
63
49
38
31
30
27
20
15
14
14
12
9
6
8
3
1
77
66
56
44
36
30
24
18
15
14
13
11
10
8
6
3
1
84
74
62
52
41
34
24
20
14
15
13
10
7
9
7
4
77
68
58
46
39
30
20
18
17
12
11
8
6
4
3
2
84
73
59
51
46
36
28
21
19
16
14
12
12
9
8
8
7
6
4
1
=====================================================
Completed 80 games.

Agent 1 (SHUCT)
Winning score (between 0 and 1) : N=80, mean=0.4875 (+/-0.110222).
P1: N=40, mean=0.425 (+/-0.155147).
P2: N=40, mean=0.55 (+/-0.156136).
Game Durations: N=80, mean=33.1625 (+/-0.552871).
P1: N=40, mean=32.825 (+/-0.890146).
P2: N=40, mean=33.5 (+/-0.650802).

Agent 2 (SHUCTAnyTime)
Winning score (between 0 and 1) : N=80, mean=0.5125 (+/-0.110222).
P1: N=40, mean=0.45 (+/-0.156136).
P2: N=40, mean=0.575 (+/-0.155147).
Game Durations: N=80, mean=33.1625 (+/-0.552871).
P1: N=40, mean=33.5 (+/-0.650802).
P2: N=40, mean=32.825 (+/-0.890146).
=====================================================
78
68
57
46
39
30
21
18
18
11
12
10
7
5
4
2
2
84
71
61
48
42
35
29
25
22
17
11
11
9
8
4
3
2
2
78
67
60
54
43
35
28
19
15
9
7
6
4
3
2
1
84
70
57
50
42
31
21
17
18
16
11
12
11
11
8
6
5
4
2
1
78
65
55
45
37
32
33
26
21
17
14
9
10
7
6
4
3
1
84
72
59
50
39
34
27
23
14
11
8
6
5
4
3
2
78
68
59
51
42
36
27
18
15
15
14
11
9
7
5
3
2
1
84
74
63
51
43
34
25
20
16
14
12
10
7
6
6
4
3
2
1
80
67
56
46
40
31
24
19
13
11
10
9
6
5
4
5
2
84
70
60
53
41
30
23
19
17
14
15
12
9
6
4
3
2
1
=====================================================
Completed 90 games.

Agent 1 (SHUCT)
Winning score (between 0 and 1) : N=90, mean=0.5 (+/-0.103878).
P1: N=45, mean=0.466667 (+/-0.147409).
P2: N=45, mean=0.533333 (+/-0.147409).
Game Durations: N=90, mean=33.4 (+/-0.526314).
P1: N=45, mean=33.133333 (+/-0.862238).
P2: N=45, mean=33.666667 (+/-0.60394).

Agent 2 (SHUCTAnyTime)
Winning score (between 0 and 1) : N=90, mean=0.5 (+/-0.103878).
P1: N=45, mean=0.466667 (+/-0.147409).
P2: N=45, mean=0.533333 (+/-0.147409).
Game Durations: N=90, mean=33.4 (+/-0.526314).
P1: N=45, mean=33.666667 (+/-0.60394).
P2: N=45, mean=33.133333 (+/-0.862238).
=====================================================
77
66
55
47
42
32
25
20
14
10
8
7
5
2
1
84
72
65
58
49
39
33
24
25
19
17
15
12
9
6
3
2
78
67
54
44
38
29
21
21
17
12
12
11
8
7
4
4
84
74
62
49
40
32
26
19
14
10
10
8
6
4
5
2
78
68
57
46
43
39
30
28
21
17
12
12
10
6
5
3
3
1
84
73
64
59
48
43
34
23
19
16
11
11
8
7
4
3
77
65
56
46
40
31
24
20
17
15
10
9
6
4
3
1
84
73
63
53
46
40
31
26
22
16
13
12
9
7
5
4
3
1
80
68
57
46
38
32
32
24
16
14
13
10
9
6
4
3
84
73
60
51
43
37
29
27
21
14
12
12
12
11
6
4
3
2
2
=====================================================
Completed 100 games.

Agent 1 (SHUCT)
Winning score (between 0 and 1) : N=100, mean=0.48 (+/-0.098413).
P1: N=50, mean=0.44 (+/-0.138986).
P2: N=50, mean=0.52 (+/-0.139885).
Game Durations: N=100, mean=33.42 (+/-0.49378).
P1: N=50, mean=33.24 (+/-0.808713).
P2: N=50, mean=33.6 (+/-0.571079).

Agent 2 (SHUCTAnyTime)
Winning score (between 0 and 1) : N=100, mean=0.52 (+/-0.098413).
P1: N=50, mean=0.48 (+/-0.139885).
P2: N=50, mean=0.56 (+/-0.138986).
Game Durations: N=100, mean=33.42 (+/-0.49378).
P1: N=50, mean=33.6 (+/-0.571079).
P2: N=50, mean=33.24 (+/-0.808713).
=====================================================
