Warming up...
Finished warming up!
78
65
52
43
34
25
18
16
14
11
9
7
8
7
4
3
2
2
=====================================================
Completed 1 games.

Agent 1 (SHUCT)
Winning score (between 0 and 1) : N=1, mean=0 (+/-0).
P1: N=0, mean=0 (+/-0).
P2: N=1, mean=0 (+/-0).
Game Durations: N=1, mean=37 (+/-0).
P1: N=0, mean=0 (+/-0).
P2: N=1, mean=37 (+/-0).

Agent 2 (SHUCTAnyTime)
Winning score (between 0 and 1) : N=1, mean=1 (+/-0).
P1: N=1, mean=1 (+/-0).
P2: N=0, mean=0 (+/-0).
Game Durations: N=1, mean=37 (+/-0).
P1: N=1, mean=37 (+/-0).
P2: N=0, mean=0 (+/-0).
=====================================================
84
72
62
50
39
33
26
19
14
10
9
8
7
5
3
=====================================================
Completed 2 games.

Agent 1 (SHUCT)
Winning score (between 0 and 1) : N=2, mean=0 (+/-0).
P1: N=1, mean=0 (+/-0).
P2: N=1, mean=0 (+/-0).
Game Durations: N=2, mean=33.5 (+/-6.85986).
P1: N=1, mean=30 (+/-0).
P2: N=1, mean=37 (+/-0).

Agent 2 (SHUCTAnyTime)
Winning score (between 0 and 1) : N=2, mean=1 (+/-0).
P1: N=1, mean=1 (+/-0).
P2: N=1, mean=1 (+/-0).
Game Durations: N=2, mean=33.5 (+/-6.85986).
P1: N=1, mean=37 (+/-0).
P2: N=1, mean=30 (+/-0).
=====================================================
77
64
54
45
34
27
20
17
15
12
11
10
7
8
6
5
3
2
=====================================================
Completed 3 games.

Agent 1 (SHUCT)
Winning score (between 0 and 1) : N=3, mean=0.333333 (+/-0.65332).
P1: N=1, mean=0 (+/-0).
P2: N=2, mean=0.5 (+/-0.97998).
Game Durations: N=3, mean=34.333333 (+/-4.284106).
P1: N=1, mean=30 (+/-0).
P2: N=2, mean=36.5 (+/-0.97998).

Agent 2 (SHUCTAnyTime)
Winning score (between 0 and 1) : N=3, mean=0.666667 (+/-0.65332).
P1: N=2, mean=0.5 (+/-0.97998).
P2: N=1, mean=1 (+/-0).
Game Durations: N=3, mean=34.333333 (+/-4.284106).
P1: N=2, mean=36.5 (+/-0.97998).
P2: N=1, mean=30 (+/-0).
=====================================================
84
73
63
54
42
33
30
27
25
22
19
14
10
7
5
4
3
=====================================================
Completed 4 games.

Agent 1 (SHUCT)
Winning score (between 0 and 1) : N=4, mean=0.25 (+/-0.48999).
P1: N=2, mean=0 (+/-0).
P2: N=2, mean=0.5 (+/-0.97998).
Game Durations: N=4, mean=34.25 (+/-3.03372).
P1: N=2, mean=32 (+/-3.91992).
P2: N=2, mean=36.5 (+/-0.97998).

Agent 2 (SHUCTAnyTime)
Winning score (between 0 and 1) : N=4, mean=0.75 (+/-0.48999).
P1: N=2, mean=0.5 (+/-0.97998).
P2: N=2, mean=1 (+/-0).
Game Durations: N=4, mean=34.25 (+/-3.03372).
P1: N=2, mean=36.5 (+/-0.97998).
P2: N=2, mean=32 (+/-3.91992).
=====================================================
78
68
56
47
43
39
33
23
14
11
11
6
5
3
2
=====================================================
Completed 5 games.

Agent 1 (SHUCT)
Winning score (between 0 and 1) : N=5, mean=0.2 (+/-0.391992).
P1: N=2, mean=0 (+/-0).
P2: N=3, mean=0.333333 (+/-0.65332).
Game Durations: N=5, mean=33.6 (+/-2.673029).
P1: N=2, mean=32 (+/-3.91992).
P2: N=3, mean=34.666667 (+/-3.637532).

Agent 2 (SHUCTAnyTime)
Winning score (between 0 and 1) : N=5, mean=0.8 (+/-0.391992).
P1: N=3, mean=0.666667 (+/-0.65332).
P2: N=2, mean=1 (+/-0).
Game Durations: N=5, mean=33.6 (+/-2.673029).
P1: N=3, mean=34.666667 (+/-3.637532).
P2: N=2, mean=32 (+/-3.91992).
=====================================================
84
73
63
52
45
37
29
22
19
16
13
10
9
4
3
79
68
57
48
39
36
29
25
17
13
8
6
4
3
4
2
84
75
62
51
40
32
27
21
15
11
11
6
6
5
5
2
77
69
58
47
38
29
20
18
15
12
10
9
9
6
3
2
84
72
64
54
44
32
25
20
18
13
11
9
7
5
4
3
2
=====================================================
Completed 10 games.

Agent 1 (SHUCT)
Winning score (between 0 and 1) : N=10, mean=0.4 (+/-0.32006).
P1: N=5, mean=0.4 (+/-0.48009).
P2: N=5, mean=0.4 (+/-0.48009).
Game Durations: N=10, mean=32.7 (+/-1.547417).
P1: N=5, mean=31.6 (+/-1.817592).
P2: N=5, mean=33.8 (+/-2.268818).

Agent 2 (SHUCTAnyTime)
Winning score (between 0 and 1) : N=10, mean=0.6 (+/-0.32006).
P1: N=5, mean=0.6 (+/-0.48009).
P2: N=5, mean=0.6 (+/-0.48009).
Game Durations: N=10, mean=32.7 (+/-1.547417).
P1: N=5, mean=33.8 (+/-2.268818).
P2: N=5, mean=31.6 (+/-1.817592).
=====================================================
77
66
52
45
40
31
25
16
11
8
5
4
1
84
72
64
53
45
33
31
25
19
16
12
10
9
6
6
4
1
77
64
51
43
38
32
27
24
21
19
14
12
11
10
7
5
2
1
84
74
63
51
40
29
28
25
19
17
11
6
5
3
2
78
67
55
43
32
28
21
18
14
12
12
10
9
7
4
3
2
1
84
70
60
49
40
40
27
21
16
15
11
11
7
6
3
3
1
77
64
56
44
36
30
22
17
14
13
11
7
5
5
4
84
72
60
48
38
29
22
19
17
13
10
11
7
4
3
2
77
65
55
44
37
29
26
24
20
14
12
12
10
5
2
1
84
73
60
50
42
34
28
22
17
14
14
12
11
8
5
4
2
1
=====================================================
Completed 20 games.

Agent 1 (SHUCT)
Winning score (between 0 and 1) : N=20, mean=0.5 (+/-0.224823).
P1: N=10, mean=0.5 (+/-0.32666).
P2: N=10, mean=0.5 (+/-0.32666).
Game Durations: N=20, mean=32.6 (+/-1.167348).
P1: N=10, mean=32.1 (+/-1.321258).
P2: N=10, mean=33.1 (+/-1.947946).

Agent 2 (SHUCTAnyTime)
Winning score (between 0 and 1) : N=20, mean=0.5 (+/-0.224823).
P1: N=10, mean=0.5 (+/-0.32666).
P2: N=10, mean=0.5 (+/-0.32666).
Game Durations: N=20, mean=32.6 (+/-1.167348).
P1: N=10, mean=33.1 (+/-1.947946).
P2: N=10, mean=32.1 (+/-1.321258).
=====================================================
78
65
56
47
38
31
28
20
17
13
10
9
4
3
2
84
71
58
48
40
31
25
20
18
14
12
9
6
3
2
2
78
66
53
41
32
29
23
18
14
11
10
10
7
6
5
3
2
84
70
60
51
39
34
29
25
21
17
13
10
8
6
4
3
1
78
67
54
46
41
33
29
26
26
19
15
10
7
6
5
2
84
72
61
53
43
36
24
21
17
11
9
8
8
7
5
4
2
79
65
57
46
37
29
29
24
21
17
12
8
9
7
5
3
84
70
60
49
38
33
25
19
15
12
9
7
6
5
3
4
3
1
78
66
55
47
41
32
27
21
17
15
14
12
8
8
6
4
3
1
84
71
58
52
44
37
30
23
21
16
11
9
6
7
5
4
2
1
=====================================================
Completed 30 games.

Agent 1 (SHUCT)
Winning score (between 0 and 1) : N=30, mean=0.433333 (+/-0.180353).
P1: N=15, mean=0.4 (+/-0.256619).
P2: N=15, mean=0.466667 (+/-0.261328).
Game Durations: N=30, mean=33 (+/-0.861276).
P1: N=15, mean=32.8 (+/-1.085377).
P2: N=15, mean=33.2 (+/-1.368635).

Agent 2 (SHUCTAnyTime)
Winning score (between 0 and 1) : N=30, mean=0.566667 (+/-0.180353).
P1: N=15, mean=0.533333 (+/-0.261328).
P2: N=15, mean=0.6 (+/-0.256619).
Game Durations: N=30, mean=33 (+/-0.861276).
P1: N=15, mean=33.2 (+/-1.368635).
P2: N=15, mean=32.8 (+/-1.085377).
=====================================================
77
68
58
47
37
33
25
18
12
10
9
7
6
3
3
1
84
72
62
53
44
38
31
29
23
15
15
10
11
9
6
5
3
2
1
80
68
59
53
40
30
21
13
10
6
7
5
4
3
2
84
71
58
49
42
35
30
23
21
16
13
11
11
9
6
3
2
1
77
65
53
43
36
28
21
17
12
12
12
9
5
3
84
73
60
48
38
29
23
19
16
13
12
9
7
5
4
4
1
77
66
53
44
35
26
22
17
14
11
10
7
5
5
4
3
2
84
73
64
51
41
36
27
25
20
17
11
10
9
5
6
4
4
2
1
77
66
56
44
33
27
23
16
16
13
10
9
7
4
3
2
84
72
60
50
43
35
31
26
20
16
13
11
9
7
4
3
2
=====================================================
Completed 40 games.

Agent 1 (SHUCT)
Winning score (between 0 and 1) : N=40, mean=0.475 (+/-0.156726).
P1: N=20, mean=0.5 (+/-0.224823).
P2: N=20, mean=0.45 (+/-0.223696).
Game Durations: N=40, mean=33.125 (+/-0.772554).
P1: N=20, mean=33.4 (+/-1.039061).
P2: N=20, mean=32.85 (+/-1.157565).

Agent 2 (SHUCTAnyTime)
Winning score (between 0 and 1) : N=40, mean=0.525 (+/-0.156726).
P1: N=20, mean=0.55 (+/-0.223696).
P2: N=20, mean=0.5 (+/-0.224823).
Game Durations: N=40, mean=33.125 (+/-0.772554).
P1: N=20, mean=32.85 (+/-1.157565).
P2: N=20, mean=33.4 (+/-1.039061).
=====================================================
77
65
55
46
42
33
25
19
16
15
12
10
8
4
3
1
84
75
63
52
45
39
32
26
24
20
14
10
8
7
5
4
2
77
65
54
43
37
31
25
18
14
13
11
9
9
7
7
6
4
3
1
84
71
60
47
38
29
27
22
16
15
15
9
8
6
4
3
2
78
67
56
45
34
28
25
21
17
10
11
9
10
9
6
5
4
2
1
84
71
63
51
41
35
28
19
18
16
11
9
7
6
5
3
2
4
77
67
55
50
39
31
23
19
15
12
10
9
7
4
3
2
84
73
60
49
42
34
26
23
19
16
15
11
10
8
7
4
1
77
68
59
47
44
31
26
26
21
18
13
8
8
6
3
2
84
71
60
50
42
36
29
23
20
16
14
10
8
5
3
3
1
=====================================================
Completed 50 games.

Agent 1 (SHUCT)
Winning score (between 0 and 1) : N=50, mean=0.48 (+/-0.139885).
P1: N=25, mean=0.52 (+/-0.199877).
P2: N=25, mean=0.44 (+/-0.198592).
Game Durations: N=50, mean=33.38 (+/-0.681002).
P1: N=25, mean=33.48 (+/-0.855226).
P2: N=25, mean=33.28 (+/-1.076611).

Agent 2 (SHUCTAnyTime)
Winning score (between 0 and 1) : N=50, mean=0.52 (+/-0.139885).
P1: N=25, mean=0.56 (+/-0.198592).
P2: N=25, mean=0.48 (+/-0.199877).
Game Durations: N=50, mean=33.38 (+/-0.681002).
P1: N=25, mean=33.28 (+/-1.076611).
P2: N=25, mean=33.48 (+/-0.855226).
=====================================================
79
66
55
47
36
28
18
14
10
7
6
7
4
4
4
4
1
84
72
62
53
44
34
28
28
22
20
16
13
9
7
5
3
77
66
55
43
35
28
19
17
12
10
7
7
8
7
5
1
84
72
62
48
41
34
28
21
12
13
10
10
8
5
4
4
2
2
77
67
59
50
43
39
28
23
22
16
14
11
8
5
3
1
84
73
61
51
40
33
28
26
20
15
12
11
7
6
6
6
3
2
77
66
54
44
37
27
21
14
12
9
7
6
3
2
1
84
73
60
56
45
35
29
21
16
13
10
9
8
7
6
3
1
78
69
60
46
37
33
29
23
16
11
8
6
6
4
3
2
1
84
72
63
54
44
34
25
22
15
14
13
10
11
7
6
3
1
=====================================================
Completed 60 games.

Agent 1 (SHUCT)
Winning score (between 0 and 1) : N=60, mean=0.483333 (+/-0.127512).
P1: N=30, mean=0.5 (+/-0.181978).
P2: N=30, mean=0.466667 (+/-0.181573).
Game Durations: N=60, mean=33.383333 (+/-0.589447).
P1: N=30, mean=33.566667 (+/-0.755786).
P2: N=30, mean=33.2 (+/-0.913037).

Agent 2 (SHUCTAnyTime)
Winning score (between 0 and 1) : N=60, mean=0.516667 (+/-0.127512).
P1: N=30, mean=0.533333 (+/-0.181573).
P2: N=30, mean=0.5 (+/-0.181978).
Game Durations: N=60, mean=33.383333 (+/-0.589447).
P1: N=30, mean=33.2 (+/-0.913037).
P2: N=30, mean=33.566667 (+/-0.755786).
=====================================================
77
65
54
44
38
30
24
23
16
15
10
10
7
6
3
4
1
84
73
62
53
40
37
29
25
21
15
14
10
5
5
6
5
3
80
71
58
52
43
38
32
30
24
21
16
13
8
8
7
5
3
2
84
73
60
50
43
33
30
20
14
12
9
7
6
4
1
77
68
56
47
37
31
24
19
11
10
11
14
11
10
4
3
1
84
71
60
51
39
31
28
20
15
12
11
7
6
4
4
78
65
53
42
33
27
24
17
13
11
9
7
5
5
5
5
3
2
84
72
60
49
42
38
32
24
18
14
11
8
6
4
3
2
1
77
66
58
46
35
26
24
20
21
17
14
11
8
6
5
3
1
84
71
62
50
41
37
27
20
14
13
10
7
8
5
4
1
=====================================================
Completed 70 games.

Agent 1 (SHUCT)
Winning score (between 0 and 1) : N=70, mean=0.471429 (+/-0.117783).
P1: N=35, mean=0.457143 (+/-0.167447).
P2: N=35, mean=0.485714 (+/-0.167997).
Game Durations: N=70, mean=33.4 (+/-0.544517).
P1: N=35, mean=33.314286 (+/-0.71765).
P2: N=35, mean=33.485714 (+/-0.828707).

Agent 2 (SHUCTAnyTime)
Winning score (between 0 and 1) : N=70, mean=0.528571 (+/-0.117783).
P1: N=35, mean=0.514286 (+/-0.167997).
P2: N=35, mean=0.542857 (+/-0.167447).
Game Durations: N=70, mean=33.4 (+/-0.544517).
P1: N=35, mean=33.485714 (+/-0.828707).
P2: N=35, mean=33.314286 (+/-0.71765).
=====================================================
77
65
54
44
34
28
26
20
17
14
11
9
7
6
6
5
1
84
74
62
53
41
34
26
20
13
13
8
7
5
2
1
80
69
57
47
40
34
28
23
20
19
14
10
6
4
1
84
72
62
51
40
34
28
21
16
15
13
10
8
8
8
6
5
3
2
1
77
65
55
48
42
40
33
26
18
15
16
15
11
8
6
2
1
84
77
64
53
46
37
32
24
20
17
16
11
10
9
8
4
3
1
77
64
54
44
36
31
22
16
14
14
12
10
10
7
4
1
84
72
61
50
42
36
31
25
22
18
14
11
7
4
2
1
77
68
56
45
36
25
21
17
15
12
11
7
6
4
1
84
72
60
50
40
33
28
22
19
14
7
7
7
6
4
3
1
=====================================================
Completed 80 games.

Agent 1 (SHUCT)
Winning score (between 0 and 1) : N=80, mean=0.4875 (+/-0.110222).
P1: N=40, mean=0.45 (+/-0.156136).
P2: N=40, mean=0.525 (+/-0.156726).
Game Durations: N=80, mean=33.3625 (+/-0.519779).
P1: N=40, mean=33.4 (+/-0.721843).
P2: N=40, mean=33.325 (+/-0.7571).

Agent 2 (SHUCTAnyTime)
Winning score (between 0 and 1) : N=80, mean=0.5125 (+/-0.110222).
P1: N=40, mean=0.475 (+/-0.156726).
P2: N=40, mean=0.55 (+/-0.156136).
Game Durations: N=80, mean=33.3625 (+/-0.519779).
P1: N=40, mean=33.325 (+/-0.7571).
P2: N=40, mean=33.4 (+/-0.721843).
=====================================================
77
64
56
47
34
29
22
19
15
13
9
8
8
4
3
1
84
73
61
50
42
34
25
20
15
12
9
7
7
8
8
4
4
1
77
65
55
44
41
38
33
27
23
17
13
10
8
8
6
3
2
1
84
71
60
50
38
30
20
17
12
11
9
6
5
5
5
5
4
1
77
66
54
46
36
29
24
20
15
13
12
10
6
4
3
1
84
72
61
52
44
34
27
22
17
10
7
7
6
5
4
79
65
54
44
37
35
24
22
14
11
8
6
4
3
2
84
70
60
51
44
41
32
25
18
13
11
8
9
7
4
1
78
69
58
46
36
26
23
18
17
18
14
13
8
7
6
5
2
2
84
73
61
49
38
32
26
24
19
17
15
15
12
6
6
3
2
=====================================================
Completed 90 games.

Agent 1 (SHUCT)
Winning score (between 0 and 1) : N=90, mean=0.5 (+/-0.103878).
P1: N=45, mean=0.444444 (+/-0.146823).
P2: N=45, mean=0.555556 (+/-0.146823).
Game Durations: N=90, mean=33.355556 (+/-0.489009).
P1: N=45, mean=33.377778 (+/-0.680346).
P2: N=45, mean=33.333333 (+/-0.710234).

Agent 2 (SHUCTAnyTime)
Winning score (between 0 and 1) : N=90, mean=0.5 (+/-0.103878).
P1: N=45, mean=0.444444 (+/-0.146823).
P2: N=45, mean=0.555556 (+/-0.146823).
Game Durations: N=90, mean=33.355556 (+/-0.489009).
P1: N=45, mean=33.333333 (+/-0.710234).
P2: N=45, mean=33.377778 (+/-0.680346).
=====================================================
78
67
56
50
39
36
27
21
19
17
12
12
8
5
2
84
72
61
51
44
37
33
24
21
16
13
12
9
7
6
4
4
1
77
67
58
51
41
31
23
20
16
13
13
9
8
8
5
5
4
3
1
84
71
62
48
41
34
31
21
18
19
13
10
8
7
6
3
2
80
68
57
48
36
30
25
21
17
17
10
9
6
5
3
3
1
84
72
60
49
39
32
29
20
18
13
14
12
11
9
5
5
5
3
1
79
66
57
49
43
35
28
23
16
14
14
13
11
10
6
3
1
84
73
64
51
39
33
29
23
19
15
13
14
9
7
4
3
79
68
56
46
38
31
28
20
14
10
10
8
7
5
5
4
1
84
72
59
51
42
31
25
23
20
17
14
10
8
4
3
=====================================================
Completed 100 games.

Agent 1 (SHUCT)
Winning score (between 0 and 1) : N=100, mean=0.51 (+/-0.098472).
P1: N=50, mean=0.44 (+/-0.138986).
P2: N=50, mean=0.58 (+/-0.138194).
Game Durations: N=100, mean=33.41 (+/-0.464559).
P1: N=50, mean=33.4 (+/-0.648234).
P2: N=50, mean=33.42 (+/-0.672196).

Agent 2 (SHUCTAnyTime)
Winning score (between 0 and 1) : N=100, mean=0.49 (+/-0.098472).
P1: N=50, mean=0.42 (+/-0.138194).
P2: N=50, mean=0.56 (+/-0.138986).
Game Durations: N=100, mean=33.41 (+/-0.464559).
P1: N=50, mean=33.42 (+/-0.672196).
P2: N=50, mean=33.4 (+/-0.648234).
=====================================================
