Warming up...
Finished warming up!
78
69
58
46
37
29
26
23
22
15
14
8
6
3
3
1
=====================================================
Completed 1 games.

Agent 1 (SHUCT)
Winning score (between 0 and 1) : N=1, mean=0 (+/-0).
P1: N=0, mean=0 (+/-0).
P2: N=1, mean=0 (+/-0).
Game Durations: N=1, mean=33 (+/-0).
P1: N=0, mean=0 (+/-0).
P2: N=1, mean=33 (+/-0).

Agent 2 (SHUCTAnyTime)
Winning score (between 0 and 1) : N=1, mean=1 (+/-0).
P1: N=1, mean=1 (+/-0).
P2: N=0, mean=0 (+/-0).
Game Durations: N=1, mean=33 (+/-0).
P1: N=1, mean=33 (+/-0).
P2: N=0, mean=0 (+/-0).
=====================================================
84
72
61
51
44
37
28
25
23
19
11
11
9
7
7
1
=====================================================
Completed 2 games.

Agent 1 (SHUCT)
Winning score (between 0 and 1) : N=2, mean=0.5 (+/-0.97998).
P1: N=1, mean=1 (+/-0).
P2: N=1, mean=0 (+/-0).
Game Durations: N=2, mean=32 (+/-1.95996).
P1: N=1, mean=31 (+/-0).
P2: N=1, mean=33 (+/-0).

Agent 2 (SHUCTAnyTime)
Winning score (between 0 and 1) : N=2, mean=0.5 (+/-0.97998).
P1: N=1, mean=1 (+/-0).
P2: N=1, mean=0 (+/-0).
Game Durations: N=2, mean=32 (+/-1.95996).
P1: N=1, mean=33 (+/-0).
P2: N=1, mean=31 (+/-0).
=====================================================
79
67
55
46
36
31
28
24
13
12
8
8
7
8
6
4
3
1
=====================================================
Completed 3 games.

Agent 1 (SHUCT)
Winning score (between 0 and 1) : N=3, mean=0.333333 (+/-0.65332).
P1: N=1, mean=1 (+/-0).
P2: N=2, mean=0 (+/-0).
Game Durations: N=3, mean=33.666667 (+/-3.457044).
P1: N=1, mean=31 (+/-0).
P2: N=2, mean=35 (+/-3.91992).

Agent 2 (SHUCTAnyTime)
Winning score (between 0 and 1) : N=3, mean=0.666667 (+/-0.65332).
P1: N=2, mean=1 (+/-0).
P2: N=1, mean=0 (+/-0).
Game Durations: N=3, mean=33.666667 (+/-3.457044).
P1: N=2, mean=35 (+/-3.91992).
P2: N=1, mean=31 (+/-0).
=====================================================
84
70
59
50
42
38
34
34
32
26
16
15
12
8
9
7
4
3
2
1
=====================================================
Completed 4 games.

Agent 1 (SHUCT)
Winning score (between 0 and 1) : N=4, mean=0.5 (+/-0.565792).
P1: N=2, mean=1 (+/-0).
P2: N=2, mean=0 (+/-0).
Game Durations: N=4, mean=35 (+/-3.578381).
P1: N=2, mean=35 (+/-7.83984).
P2: N=2, mean=35 (+/-3.91992).

Agent 2 (SHUCTAnyTime)
Winning score (between 0 and 1) : N=4, mean=0.5 (+/-0.565792).
P1: N=2, mean=1 (+/-0).
P2: N=2, mean=0 (+/-0).
Game Durations: N=4, mean=35 (+/-3.578381).
P1: N=2, mean=35 (+/-3.91992).
P2: N=2, mean=35 (+/-7.83984).
=====================================================
79
68
59
47
38
29
23
19
12
11
8
6
4
1
=====================================================
Completed 5 games.

Agent 1 (SHUCT)
Winning score (between 0 and 1) : N=5, mean=0.6 (+/-0.48009).
P1: N=2, mean=1 (+/-0).
P2: N=3, mean=0.333333 (+/-0.65332).
Game Durations: N=5, mean=33.6 (+/-3.900271).
P1: N=2, mean=35 (+/-7.83984).
P2: N=3, mean=32.666667 (+/-5.102592).

Agent 2 (SHUCTAnyTime)
Winning score (between 0 and 1) : N=5, mean=0.4 (+/-0.48009).
P1: N=3, mean=0.666667 (+/-0.65332).
P2: N=2, mean=0 (+/-0).
Game Durations: N=5, mean=33.6 (+/-3.900271).
P1: N=3, mean=32.666667 (+/-5.102592).
P2: N=2, mean=35 (+/-7.83984).
=====================================================
84
72
61
56
46
37
30
27
21
16
12
13
10
10
7
4
2
1
79
67
57
45
39
36
26
19
19
14
13
11
7
9
6
3
1
84
71
60
51
40
33
30
21
12
10
11
9
8
6
4
1
79
70
61
52
46
35
30
25
20
13
11
7
6
6
4
3
84
72
61
50
40
33
29
26
17
14
13
11
11
10
9
6
3
1
=====================================================
Completed 10 games.

Agent 1 (SHUCT)
Winning score (between 0 and 1) : N=10, mean=0.6 (+/-0.32006).
P1: N=5, mean=0.8 (+/-0.391992).
P2: N=5, mean=0.4 (+/-0.48009).
Game Durations: N=10, mean=33.7 (+/-1.917024).
P1: N=5, mean=34.4 (+/-2.743944).
P2: N=5, mean=33 (+/-2.840252).

Agent 2 (SHUCTAnyTime)
Winning score (between 0 and 1) : N=10, mean=0.4 (+/-0.32006).
P1: N=5, mean=0.6 (+/-0.48009).
P2: N=5, mean=0.2 (+/-0.391992).
Game Durations: N=10, mean=33.7 (+/-1.917024).
P1: N=5, mean=33 (+/-2.840252).
P2: N=5, mean=34.4 (+/-2.743944).
=====================================================
79
67
57
47
40
37
29
22
17
13
10
10
8
4
2
1
84
72
62
58
51
41
32
28
18
12
8
7
5
4
3
2
79
66
58
50
40
30
27
21
13
9
7
6
5
4
2
84
76
64
52
39
32
28
27
22
18
15
14
10
7
4
3
77
65
55
47
43
34
23
18
12
12
10
8
7
4
1
84
70
60
51
41
37
25
19
17
16
15
12
10
8
6
4
2
77
66
53
45
36
32
24
18
14
12
9
7
6
4
2
84
72
64
57
44
39
31
28
19
14
13
10
7
7
5
3
2
78
65
56
46
37
31
25
22
21
19
14
10
9
6
3
3
2
1
84
75
64
52
42
37
34
24
20
15
11
12
11
9
8
4
2
=====================================================
Completed 20 games.

Agent 1 (SHUCT)
Winning score (between 0 and 1) : N=20, mean=0.55 (+/-0.223696).
P1: N=10, mean=0.6 (+/-0.32006).
P2: N=10, mean=0.5 (+/-0.32666).
Game Durations: N=20, mean=33.05 (+/-1.105754).
P1: N=10, mean=33.6 (+/-1.437304).
P2: N=10, mean=32.5 (+/-1.684755).

Agent 2 (SHUCTAnyTime)
Winning score (between 0 and 1) : N=20, mean=0.45 (+/-0.223696).
P1: N=10, mean=0.5 (+/-0.32666).
P2: N=10, mean=0.4 (+/-0.32006).
Game Durations: N=20, mean=33.05 (+/-1.105754).
P1: N=10, mean=32.5 (+/-1.684755).
P2: N=10, mean=33.6 (+/-1.437304).
=====================================================
77
64
52
44
37
35
32
27
20
14
11
11
9
7
7
4
2
84
72
62
53
47
40
30
21
16
12
8
7
5
5
3
2
78
67
55
45
34
26
24
20
14
11
8
7
4
1
84
74
63
51
45
36
27
26
21
13
12
8
8
6
3
1
79
68
57
51
41
40
31
21
19
16
11
10
6
5
4
2
84
72
62
51
40
31
27
26
18
15
13
9
7
5
4
3
2
1
78
68
59
51
43
38
32
25
19
16
12
13
12
12
9
8
4
1
84
72
61
50
41
34
28
25
22
17
11
10
8
6
5
3
1
77
65
55
44
36
31
28
26
20
19
16
12
8
7
5
4
2
84
71
63
53
43
35
32
27
18
14
9
7
6
4
2
=====================================================
Completed 30 games.

Agent 1 (SHUCT)
Winning score (between 0 and 1) : N=30, mean=0.533333 (+/-0.181573).
P1: N=15, mean=0.533333 (+/-0.261328).
P2: N=15, mean=0.533333 (+/-0.261328).
Game Durations: N=30, mean=32.966667 (+/-0.888942).
P1: N=15, mean=33.2 (+/-1.102102).
P2: N=15, mean=32.733333 (+/-1.42452).

Agent 2 (SHUCTAnyTime)
Winning score (between 0 and 1) : N=30, mean=0.466667 (+/-0.181573).
P1: N=15, mean=0.466667 (+/-0.261328).
P2: N=15, mean=0.466667 (+/-0.261328).
Game Durations: N=30, mean=32.966667 (+/-0.888942).
P1: N=15, mean=32.733333 (+/-1.42452).
P2: N=15, mean=33.2 (+/-1.102102).
=====================================================
79
67
55
44
38
27
22
16
10
7
5
4
2
84
71
62
49
39
32
22
18
17
14
11
9
5
4
1
79
67
56
47
40
33
22
19
16
13
11
10
5
4
2
1
84
73
60
47
43
40
33
29
23
22
21
17
12
9
7
2
79
68
58
49
43
35
28
21
14
14
9
8
8
7
4
2
84
72
63
51
38
28
23
23
17
14
12
9
6
5
4
2
1
77
64
57
48
44
35
24
20
20
18
16
12
11
10
8
6
4
1
84
72
62
54
46
44
32
20
15
11
9
7
7
6
4
3
79
68
56
48
38
33
27
22
20
17
14
8
6
4
3
2
84
73
65
52
45
35
23
15
12
12
12
12
9
6
3
2
1
=====================================================
Completed 40 games.

Agent 1 (SHUCT)
Winning score (between 0 and 1) : N=40, mean=0.55 (+/-0.156136).
P1: N=20, mean=0.6 (+/-0.22028).
P2: N=20, mean=0.5 (+/-0.224823).
Game Durations: N=40, mean=32.7 (+/-0.772594).
P1: N=20, mean=32.8 (+/-0.938888).
P2: N=20, mean=32.6 (+/-1.250953).

Agent 2 (SHUCTAnyTime)
Winning score (between 0 and 1) : N=40, mean=0.45 (+/-0.156136).
P1: N=20, mean=0.5 (+/-0.224823).
P2: N=20, mean=0.4 (+/-0.22028).
Game Durations: N=40, mean=32.7 (+/-0.772594).
P1: N=20, mean=32.6 (+/-1.250953).
P2: N=20, mean=32.8 (+/-0.938888).
=====================================================
78
66
55
43
36
33
25
21
16
14
13
9
9
8
6
4
3
84
73
61
49
42
32
25
21
16
15
12
9
6
6
4
1
77
67
58
50
45
41
29
23
20
17
17
11
11
8
6
4
2
3
84
70
63
52
43
33
29
25
21
12
12
9
10
11
9
10
7
3
77
68
58
47
37
33
29
23
20
14
12
8
5
5
2
84
72
60
52
44
37
29
24
19
14
13
10
6
6
5
4
2
2
78
66
54
44
45
39
34
27
20
15
12
10
7
5
4
2
2
84
74
62
52
44
34
29
26
27
18
18
17
14
9
6
5
5
3
78
65
55
47
41
31
24
22
19
16
12
12
9
9
7
5
3
2
2
84
72
62
54
44
38
36
29
24
20
16
13
12
8
6
4
3
=====================================================
Completed 50 games.

Agent 1 (SHUCT)
Winning score (between 0 and 1) : N=50, mean=0.44 (+/-0.138986).
P1: N=25, mean=0.48 (+/-0.199877).
P2: N=25, mean=0.4 (+/-0.195996).
Game Durations: N=50, mean=33.18 (+/-0.727317).
P1: N=25, mean=33.2 (+/-0.861788).
P2: N=25, mean=33.16 (+/-1.190477).

Agent 2 (SHUCTAnyTime)
Winning score (between 0 and 1) : N=50, mean=0.56 (+/-0.138986).
P1: N=25, mean=0.6 (+/-0.195996).
P2: N=25, mean=0.52 (+/-0.199877).
Game Durations: N=50, mean=33.18 (+/-0.727317).
P1: N=25, mean=33.16 (+/-1.190477).
P2: N=25, mean=33.2 (+/-0.861788).
=====================================================
78
65
54
46
36
28
24
20
15
13
12
10
9
5
3
2
84
71
62
51
40
31
28
23
17
14
14
10
5
4
3
2
1
79
69
55
46
36
32
25
22
19
14
14
13
10
8
6
4
2
1
84
71
58
52
43
37
29
25
23
16
9
8
5
5
5
5
1
77
66
56
47
40
34
25
21
19
14
13
11
9
6
5
5
2
84
73
64
60
53
43
36
28
27
19
10
7
7
5
5
4
2
3
77
66
62
51
40
38
32
23
23
19
15
13
10
8
5
2
84
72
61
51
41
33
25
16
14
12
10
7
6
4
2
79
65
54
45
40
33
27
19
17
12
7
6
4
2
1
84
71
61
53
43
36
32
28
21
18
14
9
5
6
1
=====================================================
Completed 60 games.

Agent 1 (SHUCT)
Winning score (between 0 and 1) : N=60, mean=0.483333 (+/-0.127512).
P1: N=30, mean=0.5 (+/-0.181978).
P2: N=30, mean=0.466667 (+/-0.181573).
Game Durations: N=60, mean=33.083333 (+/-0.662597).
P1: N=30, mean=33.033333 (+/-0.837801).
P2: N=30, mean=33.133333 (+/-1.041079).

Agent 2 (SHUCTAnyTime)
Winning score (between 0 and 1) : N=60, mean=0.516667 (+/-0.127512).
P1: N=30, mean=0.533333 (+/-0.181573).
P2: N=30, mean=0.5 (+/-0.181978).
Game Durations: N=60, mean=33.083333 (+/-0.662597).
P1: N=30, mean=33.133333 (+/-1.041079).
P2: N=30, mean=33.033333 (+/-0.837801).
=====================================================
78
66
57
48
45
38
33
25
21
18
14
12
11
9
6
3
1
84
73
60
48
44
34
34
32
26
17
18
15
14
11
8
5
4
2
2
77
65
57
49
39
28
19
16
13
13
9
9
8
8
5
4
2
1
84
71
59
48
40
36
28
19
19
16
15
11
9
9
6
4
3
78
68
56
48
39
35
29
28
22
16
11
8
9
7
4
2
3
84
70
62
50
39
36
30
27
24
16
11
10
9
7
6
3
1
79
65
55
44
35
29
21
20
15
13
10
9
5
4
2
84
72
60
50
38
37
31
28
21
19
17
18
14
10
6
3
2
1
79
68
56
46
39
29
22
24
21
16
13
9
8
6
6
4
2
1
84
74
61
54
41
30
24
19
18
11
13
9
6
5
4
3
4
2
=====================================================
Completed 70 games.

Agent 1 (SHUCT)
Winning score (between 0 and 1) : N=70, mean=0.471429 (+/-0.117783).
P1: N=35, mean=0.457143 (+/-0.167447).
P2: N=35, mean=0.485714 (+/-0.167997).
Game Durations: N=70, mean=33.342857 (+/-0.615138).
P1: N=35, mean=33.371429 (+/-0.799824).
P2: N=35, mean=33.314286 (+/-0.94654).

Agent 2 (SHUCTAnyTime)
Winning score (between 0 and 1) : N=70, mean=0.528571 (+/-0.117783).
P1: N=35, mean=0.514286 (+/-0.167997).
P2: N=35, mean=0.542857 (+/-0.167447).
Game Durations: N=70, mean=33.342857 (+/-0.615138).
P1: N=35, mean=33.314286 (+/-0.94654).
P2: N=35, mean=33.371429 (+/-0.799824).
=====================================================
78
69
62
53
48
39
34
26
22
16
14
9
6
7
5
3
2
2
84
72
62
54
51
40
33
24
15
12
12
9
7
6
5
5
4
2
77
66
56
45
35
30
24
20
19
16
13
7
4
3
84
70
63
52
46
42
32
27
19
18
13
8
7
6
4
2
78
66
56
48
39
34
34
31
21
20
15
11
11
7
6
5
1
84
72
62
55
43
36
27
14
10
9
7
6
3
2
78
70
62
51
39
33
24
17
18
16
15
13
12
10
7
3
2
1
84
72
59
48
38
28
22
18
18
16
14
12
9
4
4
1
77
67
55
50
43
33
24
20
19
17
13
10
8
4
1
84
71
60
54
51
40
29
25
21
19
18
12
8
10
9
9
5
2
1
=====================================================
Completed 80 games.

Agent 1 (SHUCT)
Winning score (between 0 and 1) : N=80, mean=0.4875 (+/-0.110222).
P1: N=40, mean=0.45 (+/-0.156136).
P2: N=40, mean=0.525 (+/-0.156726).
Game Durations: N=80, mean=33.2875 (+/-0.600056).
P1: N=40, mean=33.3 (+/-0.791486).
P2: N=40, mean=33.275 (+/-0.912278).

Agent 2 (SHUCTAnyTime)
Winning score (between 0 and 1) : N=80, mean=0.5125 (+/-0.110222).
P1: N=40, mean=0.475 (+/-0.156726).
P2: N=40, mean=0.55 (+/-0.156136).
Game Durations: N=80, mean=33.2875 (+/-0.600056).
P1: N=40, mean=33.275 (+/-0.912278).
P2: N=40, mean=33.3 (+/-0.791486).
=====================================================
77
66
56
51
40
34
28
25
18
12
11
9
7
5
4
3
1
84
73
62
53
50
37
36
37
36
34
28
18
16
11
8
6
5
1
77
64
54
45
40
38
32
24
16
14
11
9
7
6
4
2
1
84
72
62
49
43
34
26
22
22
16
14
11
8
6
4
2
77
67
57
45
38
30
20
22
19
12
9
10
8
6
4
3
84
73
69
59
47
39
30
24
20
17
14
12
11
9
6
4
3
1
78
67
60
51
40
32
27
20
15
11
8
6
3
1
84
70
59
49
42
37
29
29
27
25
19
18
12
9
8
8
6
3
2
77
67
55
46
34
33
28
21
19
15
12
8
6
5
3
1
84
73
62
52
41
31
24
19
18
18
14
11
8
7
7
4
1
=====================================================
Completed 90 games.

Agent 1 (SHUCT)
Winning score (between 0 and 1) : N=90, mean=0.477778 (+/-0.103775).
P1: N=45, mean=0.444444 (+/-0.146823).
P2: N=45, mean=0.511111 (+/-0.147701).
Game Durations: N=90, mean=33.333333 (+/-0.558326).
P1: N=45, mean=33.466667 (+/-0.735991).
P2: N=45, mean=33.2 (+/-0.846341).

Agent 2 (SHUCTAnyTime)
Winning score (between 0 and 1) : N=90, mean=0.522222 (+/-0.103775).
P1: N=45, mean=0.488889 (+/-0.147701).
P2: N=45, mean=0.555556 (+/-0.146823).
Game Durations: N=90, mean=33.333333 (+/-0.558326).
P1: N=45, mean=33.2 (+/-0.846341).
P2: N=45, mean=33.466667 (+/-0.735991).
=====================================================
78
65
59
47
39
32
28
23
20
15
13
7
5
6
5
4
3
1
84
72
64
54
45
39
40
31
26
17
15
9
6
7
6
4
1
79
66
56
50
45
35
30
20
14
12
11
10
6
5
2
1
84
72
60
49
44
34
34
25
21
15
11
10
9
7
3
1
79
68
56
46
38
34
25
27
21
19
13
10
8
6
5
4
3
84
70
59
48
39
30
27
21
18
16
12
9
8
6
4
1
78
66
60
55
45
41
36
31
22
17
15
16
13
10
7
6
5
1
84
71
61
53
43
33
28
18
12
13
11
11
8
4
3
79
67
55
47
42
32
29
24
25
20
17
10
9
8
7
4
3
84
72
60
49
40
35
37
30
23
17
14
9
8
7
4
1
=====================================================
Completed 100 games.

Agent 1 (SHUCT)
Winning score (between 0 and 1) : N=100, mean=0.49 (+/-0.098472).
P1: N=50, mean=0.46 (+/-0.139548).
P2: N=50, mean=0.52 (+/-0.139885).
Game Durations: N=100, mean=33.31 (+/-0.520942).
P1: N=50, mean=33.26 (+/-0.694499).
P2: N=50, mean=33.36 (+/-0.783504).

Agent 2 (SHUCTAnyTime)
Winning score (between 0 and 1) : N=100, mean=0.51 (+/-0.098472).
P1: N=50, mean=0.48 (+/-0.139885).
P2: N=50, mean=0.54 (+/-0.139548).
Game Durations: N=100, mean=33.31 (+/-0.520942).
P1: N=50, mean=33.36 (+/-0.783504).
P2: N=50, mean=33.26 (+/-0.694499).
=====================================================
