Warming up...
Finished warming up!
77
64
57
49
40
31
25
20
16
14
12
10
7
5
5
2
=====================================================
Completed 1 games.

Agent 1 (SHUCT)
Winning score (between 0 and 1) : N=1, mean=0 (+/-0).
P1: N=0, mean=0 (+/-0).
P2: N=1, mean=0 (+/-0).
Game Durations: N=1, mean=33 (+/-0).
P1: N=0, mean=0 (+/-0).
P2: N=1, mean=33 (+/-0).

Agent 2 (SHUCTAnyTime)
Winning score (between 0 and 1) : N=1, mean=1 (+/-0).
P1: N=1, mean=1 (+/-0).
P2: N=0, mean=0 (+/-0).
Game Durations: N=1, mean=33 (+/-0).
P1: N=1, mean=33 (+/-0).
P2: N=0, mean=0 (+/-0).
=====================================================
84
72
61
49
46
40
30
25
23
13
14
10
9
6
5
4
2
1
=====================================================
Completed 2 games.

Agent 1 (SHUCT)
Winning score (between 0 and 1) : N=2, mean=0 (+/-0).
P1: N=1, mean=0 (+/-0).
P2: N=1, mean=0 (+/-0).
Game Durations: N=2, mean=34.5 (+/-2.93994).
P1: N=1, mean=36 (+/-0).
P2: N=1, mean=33 (+/-0).

Agent 2 (SHUCTAnyTime)
Winning score (between 0 and 1) : N=2, mean=1 (+/-0).
P1: N=1, mean=1 (+/-0).
P2: N=1, mean=1 (+/-0).
Game Durations: N=2, mean=34.5 (+/-2.93994).
P1: N=1, mean=33 (+/-0).
P2: N=1, mean=36 (+/-0).
=====================================================
77
67
56
47
37
32
27
22
14
13
10
9
8
5
3
2
1
=====================================================
Completed 3 games.

Agent 1 (SHUCT)
Winning score (between 0 and 1) : N=3, mean=0.333333 (+/-0.65332).
P1: N=1, mean=0 (+/-0).
P2: N=2, mean=0.5 (+/-0.97998).
Game Durations: N=3, mean=34.333333 (+/-1.728522).
P1: N=1, mean=36 (+/-0).
P2: N=2, mean=33.5 (+/-0.97998).

Agent 2 (SHUCTAnyTime)
Winning score (between 0 and 1) : N=3, mean=0.666667 (+/-0.65332).
P1: N=2, mean=0.5 (+/-0.97998).
P2: N=1, mean=1 (+/-0).
Game Durations: N=3, mean=34.333333 (+/-1.728522).
P1: N=2, mean=33.5 (+/-0.97998).
P2: N=1, mean=36 (+/-0).
=====================================================
84
70
59
50
41
38
31
23
19
15
13
13
10
9
6
3
1
=====================================================
Completed 4 games.

Agent 1 (SHUCT)
Winning score (between 0 and 1) : N=4, mean=0.5 (+/-0.565792).
P1: N=2, mean=0.5 (+/-0.97998).
P2: N=2, mean=0.5 (+/-0.97998).
Game Durations: N=4, mean=34 (+/-1.385901).
P1: N=2, mean=34.5 (+/-2.93994).
P2: N=2, mean=33.5 (+/-0.97998).

Agent 2 (SHUCTAnyTime)
Winning score (between 0 and 1) : N=4, mean=0.5 (+/-0.565792).
P1: N=2, mean=0.5 (+/-0.97998).
P2: N=2, mean=0.5 (+/-0.97998).
Game Durations: N=4, mean=34 (+/-1.385901).
P1: N=2, mean=33.5 (+/-0.97998).
P2: N=2, mean=34.5 (+/-2.93994).
=====================================================
79
68
56
46
35
25
22
16
12
11
10
8
6
4
3
2
=====================================================
Completed 5 games.

Agent 1 (SHUCT)
Winning score (between 0 and 1) : N=5, mean=0.4 (+/-0.48009).
P1: N=2, mean=0.5 (+/-0.97998).
P2: N=3, mean=0.333333 (+/-0.65332).
Game Durations: N=5, mean=33.8 (+/-1.142843).
P1: N=2, mean=34.5 (+/-2.93994).
P2: N=3, mean=33.333333 (+/-0.65332).

Agent 2 (SHUCTAnyTime)
Winning score (between 0 and 1) : N=5, mean=0.6 (+/-0.48009).
P1: N=3, mean=0.666667 (+/-0.65332).
P2: N=2, mean=0.5 (+/-0.97998).
Game Durations: N=5, mean=33.8 (+/-1.142843).
P1: N=3, mean=33.333333 (+/-0.65332).
P2: N=2, mean=34.5 (+/-2.93994).
=====================================================
84
74
63
54
51
39
30
26
25
17
13
10
10
5
4
3
3
2
1
77
63
52
46
43
37
27
25
18
15
13
11
10
6
4
5
4
3
1
84
73
62
51
40
37
28
24
23
16
13
10
10
5
4
4
2
77
63
54
44
34
31
23
19
16
17
17
13
8
6
6
1
84
71
61
52
47
36
28
25
20
14
12
12
10
8
4
1
=====================================================
Completed 10 games.

Agent 1 (SHUCT)
Winning score (between 0 and 1) : N=10, mean=0.7 (+/-0.299389).
P1: N=5, mean=0.8 (+/-0.391992).
P2: N=5, mean=0.6 (+/-0.48009).
Game Durations: N=10, mean=34 (+/-1.401215).
P1: N=5, mean=34 (+/-2.147029).
P2: N=5, mean=34 (+/-2.055623).

Agent 2 (SHUCTAnyTime)
Winning score (between 0 and 1) : N=10, mean=0.3 (+/-0.299389).
P1: N=5, mean=0.4 (+/-0.48009).
P2: N=5, mean=0.2 (+/-0.391992).
Game Durations: N=10, mean=34 (+/-1.401215).
P1: N=5, mean=34 (+/-2.055623).
P2: N=5, mean=34 (+/-2.147029).
=====================================================
77
66
55
43
36
33
25
20
15
14
13
12
9
8
6
4
1
84
75
61
51
42
36
28
25
17
15
13
11
9
5
4
2
77
65
54
44
36
26
17
13
11
9
9
6
5
4
3
2
84
73
60
49
42
37
30
26
22
18
17
13
11
10
8
5
4
1
77
68
57
47
41
31
24
20
15
14
12
9
5
4
5
2
84
72
64
53
46
38
28
25
19
12
11
9
6
4
3
1
79
66
55
44
37
28
24
22
18
14
11
7
5
3
1
84
72
61
53
45
34
24
16
18
14
10
9
6
5
6
1
77
63
55
46
41
34
27
18
13
10
8
7
5
3
2
1
84
72
61
51
46
36
28
25
23
18
12
9
8
5
2
1
=====================================================
Completed 20 games.

Agent 1 (SHUCT)
Winning score (between 0 and 1) : N=20, mean=0.75 (+/-0.194702).
P1: N=10, mean=0.8 (+/-0.261328).
P2: N=10, mean=0.7 (+/-0.299389).
Game Durations: N=20, mean=33.05 (+/-0.948262).
P1: N=10, mean=33 (+/-1.401215).
P2: N=10, mean=33.1 (+/-1.353177).

Agent 2 (SHUCTAnyTime)
Winning score (between 0 and 1) : N=20, mean=0.25 (+/-0.194702).
P1: N=10, mean=0.3 (+/-0.299389).
P2: N=10, mean=0.2 (+/-0.261328).
Game Durations: N=20, mean=33.05 (+/-0.948262).
P1: N=10, mean=33.1 (+/-1.353177).
P2: N=10, mean=33 (+/-1.401215).
=====================================================
77
65
54
45
37
29
19
14
11
7
5
4
3
2
84
72
60
54
46
35
29
25
21
21
16
15
8
7
5
3
2
77
70
61
50
45
39
33
27
23
19
14
8
6
3
1
84
72
60
48
38
32
32
21
18
16
14
11
7
6
5
3
79
70
58
50
43
35
27
23
19
15
13
11
10
7
5
5
2
84
74
64
51
39
31
27
21
18
14
13
9
7
7
5
3
1
78
70
57
46
35
32
23
18
13
11
7
5
4
3
84
72
60
49
39
34
31
29
26
20
17
13
9
7
5
1
77
68
57
45
36
32
28
22
16
17
11
10
8
6
4
2
84
73
59
49
42
35
31
26
21
16
14
11
11
12
8
4
2
=====================================================
Completed 30 games.

Agent 1 (SHUCT)
Winning score (between 0 and 1) : N=30, mean=0.566667 (+/-0.180353).
P1: N=15, mean=0.666667 (+/-0.246932).
P2: N=15, mean=0.466667 (+/-0.261328).
Game Durations: N=30, mean=32.733333 (+/-0.768818).
P1: N=15, mean=32.933333 (+/-0.984016).
P2: N=15, mean=32.533333 (+/-1.207696).

Agent 2 (SHUCTAnyTime)
Winning score (between 0 and 1) : N=30, mean=0.433333 (+/-0.180353).
P1: N=15, mean=0.533333 (+/-0.261328).
P2: N=15, mean=0.333333 (+/-0.246932).
Game Durations: N=30, mean=32.733333 (+/-0.768818).
P1: N=15, mean=32.533333 (+/-1.207696).
P2: N=15, mean=32.933333 (+/-0.984016).
=====================================================
78
68
58
53
47
37
28
24
19
20
15
10
8
5
3
3
84
71
61
49
40
32
24
22
20
15
11
7
6
6
7
4
1
78
68
57
48
42
35
28
23
20
18
17
11
9
8
5
4
2
84
73
66
53
41
34
26
19
14
11
11
5
4
2
77
64
55
46
37
31
26
19
16
9
6
7
5
4
2
84
72
61
48
42
37
31
23
19
16
14
14
12
10
9
7
6
5
2
78
67
55
49
45
34
27
25
23
23
17
14
10
9
8
6
3
2
84
73
60
49
38
36
33
24
18
17
14
11
8
6
3
2
79
66
55
46
36
36
30
21
14
13
14
11
7
5
4
4
3
1
84
72
61
55
49
40
38
30
22
21
16
15
12
10
7
6
5
2
1
=====================================================
Completed 40 games.

Agent 1 (SHUCT)
Winning score (between 0 and 1) : N=40, mean=0.525 (+/-0.156726).
P1: N=20, mean=0.65 (+/-0.214467).
P2: N=20, mean=0.4 (+/-0.22028).
Game Durations: N=40, mean=33.025 (+/-0.79238).
P1: N=20, mean=33.05 (+/-1.167997).
P2: N=20, mean=33 (+/-1.101402).

Agent 2 (SHUCTAnyTime)
Winning score (between 0 and 1) : N=40, mean=0.475 (+/-0.156726).
P1: N=20, mean=0.6 (+/-0.22028).
P2: N=20, mean=0.35 (+/-0.214467).
Game Durations: N=40, mean=33.025 (+/-0.79238).
P1: N=20, mean=33 (+/-1.101402).
P2: N=20, mean=33.05 (+/-1.167997).
=====================================================
77
69
61
50
43
36
30
23
20
17
11
9
8
5
1
84
73
62
49
38
29
23
18
15
15
14
8
6
5
4
5
3
80
66
54
47
37
33
27
19
17
9
9
8
8
7
7
4
2
84
71
62
56
46
39
31
27
21
18
12
11
11
8
5
3
3
78
71
61
54
46
37
31
23
16
12
6
4
3
2
1
84
73
62
51
39
31
25
22
19
15
15
10
8
7
5
2
1
77
69
57
44
40
37
29
27
22
17
14
11
8
6
4
3
1
84
73
64
56
52
40
29
28
21
16
12
8
8
6
5
5
4
3
1
78
67
60
49
43
35
30
21
16
14
12
10
9
7
5
6
3
84
73
62
50
46
34
34
28
22
16
16
13
14
13
9
6
3
1
=====================================================
Completed 50 games.

Agent 1 (SHUCT)
Winning score (between 0 and 1) : N=50, mean=0.52 (+/-0.139885).
P1: N=25, mean=0.6 (+/-0.195996).
P2: N=25, mean=0.44 (+/-0.198592).
Game Durations: N=50, mean=33.18 (+/-0.689696).
P1: N=25, mean=33.4 (+/-0.99296).
P2: N=25, mean=32.96 (+/-0.969999).

Agent 2 (SHUCTAnyTime)
Winning score (between 0 and 1) : N=50, mean=0.48 (+/-0.139885).
P1: N=25, mean=0.56 (+/-0.198592).
P2: N=25, mean=0.4 (+/-0.195996).
Game Durations: N=50, mean=33.18 (+/-0.689696).
P1: N=25, mean=32.96 (+/-0.969999).
P2: N=25, mean=33.4 (+/-0.99296).
=====================================================
79
68
62
54
41
37
30
27
21
19
19
16
14
7
4
2
3
84
75
61
56
47
38
31
29
23
16
13
11
5
6
5
3
2
1
79
68
57
45
40
36
27
22
19
17
13
10
8
5
3
2
84
75
63
53
43
36
25
22
18
19
15
11
7
6
6
5
2
1
77
66
59
48
36
28
23
18
17
15
13
13
9
5
3
84
71
58
48
38
33
25
22
18
13
11
9
9
8
6
5
5
4
3
2
77
67
53
45
37
28
22
19
18
15
14
14
10
9
7
5
4
3
84
73
64
55
54
44
34
25
19
13
13
13
12
9
7
5
4
1
79
67
57
48
38
31
27
18
11
12
10
7
5
4
3
2
1
84
71
62
51
40
33
31
26
21
14
12
11
9
4
2
=====================================================
Completed 60 games.

Agent 1 (SHUCT)
Winning score (between 0 and 1) : N=60, mean=0.5 (+/-0.127583).
P1: N=30, mean=0.633333 (+/-0.175388).
P2: N=30, mean=0.366667 (+/-0.175388).
Game Durations: N=60, mean=33.4 (+/-0.642489).
P1: N=30, mean=33.633333 (+/-0.946673).
P2: N=30, mean=33.166667 (+/-0.87694).

Agent 2 (SHUCTAnyTime)
Winning score (between 0 and 1) : N=60, mean=0.5 (+/-0.127583).
P1: N=30, mean=0.633333 (+/-0.175388).
P2: N=30, mean=0.366667 (+/-0.175388).
Game Durations: N=60, mean=33.4 (+/-0.642489).
P1: N=30, mean=33.166667 (+/-0.87694).
P2: N=30, mean=33.633333 (+/-0.946673).
=====================================================
79
67
57
47
34
24
22
22
17
16
13
12
8
6
3
2
84
72
61
51
44
36
26
23
20
19
15
10
10
8
7
6
1
77
67
58
46
35
30
24
23
17
14
12
11
8
6
5
3
84
72
60
51
41
32
27
22
18
16
13
10
9
8
4
2
1
79
67
57
48
44
31
27
20
17
17
12
9
7
6
5
3
84
74
64
56
46
37
28
19
12
10
7
5
5
3
1
78
64
54
45
37
36
33
31
23
22
15
12
11
8
7
4
1
84
73
59
53
49
39
35
24
19
15
15
12
11
9
9
7
4
1
77
65
55
45
35
29
25
18
18
19
13
11
8
7
4
3
84
70
61
53
44
37
30
23
17
15
12
12
8
7
6
5
2
=====================================================
Completed 70 games.

Agent 1 (SHUCT)
Winning score (between 0 and 1) : N=70, mean=0.514286 (+/-0.117928).
P1: N=35, mean=0.685714 (+/-0.156042).
P2: N=35, mean=0.342857 (+/-0.159549).
Game Durations: N=70, mean=33.328571 (+/-0.566454).
P1: N=35, mean=33.485714 (+/-0.85554).
P2: N=35, mean=33.171429 (+/-0.751549).

Agent 2 (SHUCTAnyTime)
Winning score (between 0 and 1) : N=70, mean=0.485714 (+/-0.117928).
P1: N=35, mean=0.657143 (+/-0.159549).
P2: N=35, mean=0.314286 (+/-0.156042).
Game Durations: N=70, mean=33.328571 (+/-0.566454).
P1: N=35, mean=33.171429 (+/-0.751549).
P2: N=35, mean=33.485714 (+/-0.85554).
=====================================================
77
66
55
43
35
31
25
18
12
10
9
8
5
5
2
84
71
59
46
39
35
29
21
19
16
11
12
7
7
4
4
2
3
78
64
56
45
35
30
23
23
16
15
11
10
6
6
4
2
84
70
59
53
43
38
27
23
15
12
10
11
10
10
7
5
1
77
66
55
46
44
39
33
29
24
19
12
13
10
8
5
5
2
84
74
62
53
43
38
27
20
12
10
9
10
7
8
7
6
6
5
4
77
67
55
43
36
24
18
20
17
14
13
12
13
8
6
4
5
2
84
70
61
49
43
32
31
27
23
18
13
12
9
8
8
7
7
4
3
77
67
57
48
44
37
28
18
13
12
12
10
9
7
5
1
84
72
59
49
38
32
27
23
20
14
12
10
9
7
5
3
2
2
=====================================================
Completed 80 games.

Agent 1 (SHUCT)
Winning score (between 0 and 1) : N=80, mean=0.5 (+/-0.110256).
P1: N=40, mean=0.65 (+/-0.149694).
P2: N=40, mean=0.35 (+/-0.149694).
Game Durations: N=80, mean=33.5 (+/-0.537888).
P1: N=40, mean=33.8 (+/-0.819009).
P2: N=40, mean=33.2 (+/-0.695434).

Agent 2 (SHUCTAnyTime)
Winning score (between 0 and 1) : N=80, mean=0.5 (+/-0.110256).
P1: N=40, mean=0.65 (+/-0.149694).
P2: N=40, mean=0.35 (+/-0.149694).
Game Durations: N=80, mean=33.5 (+/-0.537888).
P1: N=40, mean=33.2 (+/-0.695434).
P2: N=40, mean=33.8 (+/-0.819009).
=====================================================
78
66
53
42
34
31
24
17
14
13
13
11
10
7
5
1
84
72
60
49
39
29
24
18
16
15
11
9
5
4
4
79
67
57
45
36
29
23
16
12
9
7
8
5
3
84
71
60
51
46
36
34
33
27
20
17
14
11
8
6
4
3
77
68
59
48
36
27
22
23
17
14
12
9
8
5
3
3
2
84
73
60
52
40
32
27
20
13
12
12
12
8
8
5
3
2
1
77
65
56
45
38
31
27
20
14
10
10
11
11
9
6
3
1
84
72
58
51
45
37
31
28
21
18
12
10
9
7
7
5
4
3
1
79
67
54
43
35
29
23
21
17
17
14
13
12
10
8
5
3
84
70
61
53
45
40
33
28
19
16
14
12
9
6
4
3
1
=====================================================
Completed 90 games.

Agent 1 (SHUCT)
Winning score (between 0 and 1) : N=90, mean=0.511111 (+/-0.103852).
P1: N=45, mean=0.644444 (+/-0.141438).
P2: N=45, mean=0.377778 (+/-0.143256).
Game Durations: N=90, mean=33.477778 (+/-0.509109).
P1: N=45, mean=33.8 (+/-0.761895).
P2: N=45, mean=33.155556 (+/-0.670773).

Agent 2 (SHUCTAnyTime)
Winning score (between 0 and 1) : N=90, mean=0.488889 (+/-0.103852).
P1: N=45, mean=0.622222 (+/-0.143256).
P2: N=45, mean=0.355556 (+/-0.141438).
Game Durations: N=90, mean=33.477778 (+/-0.509109).
P1: N=45, mean=33.155556 (+/-0.670773).
P2: N=45, mean=33.8 (+/-0.761895).
=====================================================
78
64
55
45
39
35
25
17
14
13
8
8
8
6
5
3
2
84
72
59
51
43
34
29
21
19
18
11
9
7
7
4
3
77
69
55
46
42
29
21
18
14
9
10
11
9
8
7
6
3
84
71
61
53
42
30
28
24
23
21
15
12
11
8
5
2
1
79
67
53
46
37
33
30
27
22
17
13
6
5
4
2
84
72
61
51
43
38
26
19
14
14
11
8
7
5
3
1
77
68
61
49
42
35
29
27
20
16
11
11
10
8
6
4
2
1
84
71
60
52
39
37
35
28
21
16
14
8
7
3
2
79
68
58
48
39
33
28
26
20
17
11
9
8
9
5
2
84
72
59
49
42
34
29
25
16
14
12
10
8
6
5
3
2
=====================================================
Completed 100 games.

Agent 1 (SHUCT)
Winning score (between 0 and 1) : N=100, mean=0.49 (+/-0.098472).
P1: N=50, mean=0.62 (+/-0.135905).
P2: N=50, mean=0.36 (+/-0.134397).
Game Durations: N=100, mean=33.43 (+/-0.475424).
P1: N=50, mean=33.62 (+/-0.716895).
P2: N=50, mean=33.24 (+/-0.627487).

Agent 2 (SHUCTAnyTime)
Winning score (between 0 and 1) : N=100, mean=0.51 (+/-0.098472).
P1: N=50, mean=0.64 (+/-0.134397).
P2: N=50, mean=0.38 (+/-0.135905).
Game Durations: N=100, mean=33.43 (+/-0.475424).
P1: N=50, mean=33.24 (+/-0.627487).
P2: N=50, mean=33.62 (+/-0.716895).
=====================================================
