Warming up...
Finished warming up!
84
73
63
53
43
34
28
26
22
16
13
10
9
8
4
3
2
=====================================================
Completed 1 games.

Agent 1 (SHUCT)
Winning score (between 0 and 1) : N=1, mean=0 (+/-0).
P1: N=1, mean=0 (+/-0).
P2: N=0, mean=0 (+/-0).
Game Durations: N=1, mean=34 (+/-0).
P1: N=1, mean=34 (+/-0).
P2: N=0, mean=0 (+/-0).

Agent 2 (SHUCTAnyTime)
Winning score (between 0 and 1) : N=1, mean=1 (+/-0).
P1: N=0, mean=0 (+/-0).
P2: N=1, mean=1 (+/-0).
Game Durations: N=1, mean=34 (+/-0).
P1: N=0, mean=0 (+/-0).
P2: N=1, mean=34 (+/-0).
=====================================================
79
67
55
47
38
30
21
15
11
9
10
9
8
8
4
1
=====================================================
Completed 2 games.

Agent 1 (SHUCT)
Winning score (between 0 and 1) : N=2, mean=0.5 (+/-0.97998).
P1: N=1, mean=0 (+/-0).
P2: N=1, mean=1 (+/-0).
Game Durations: N=2, mean=33 (+/-1.95996).
P1: N=1, mean=34 (+/-0).
P2: N=1, mean=32 (+/-0).

Agent 2 (SHUCTAnyTime)
Winning score (between 0 and 1) : N=2, mean=0.5 (+/-0.97998).
P1: N=1, mean=0 (+/-0).
P2: N=1, mean=1 (+/-0).
Game Durations: N=2, mean=33 (+/-1.95996).
P1: N=1, mean=32 (+/-0).
P2: N=1, mean=34 (+/-0).
=====================================================
84
73
61
51
39
32
22
17
10
11
9
6
5
2
1
=====================================================
Completed 3 games.

Agent 1 (SHUCT)
Winning score (between 0 and 1) : N=3, mean=0.333333 (+/-0.65332).
P1: N=2, mean=0 (+/-0).
P2: N=1, mean=1 (+/-0).
Game Durations: N=3, mean=32 (+/-2.263167).
P1: N=2, mean=32 (+/-3.91992).
P2: N=1, mean=32 (+/-0).

Agent 2 (SHUCTAnyTime)
Winning score (between 0 and 1) : N=3, mean=0.666667 (+/-0.65332).
P1: N=1, mean=0 (+/-0).
P2: N=2, mean=1 (+/-0).
Game Durations: N=3, mean=32 (+/-2.263167).
P1: N=1, mean=32 (+/-0).
P2: N=2, mean=32 (+/-3.91992).
=====================================================
77
64
59
49
40
31
26
19
19
16
12
11
10
8
5
4
2
1
=====================================================
Completed 4 games.

Agent 1 (SHUCT)
Winning score (between 0 and 1) : N=4, mean=0.25 (+/-0.48999).
P1: N=2, mean=0 (+/-0).
P2: N=2, mean=0.5 (+/-0.97998).
Game Durations: N=4, mean=33.25 (+/-2.926298).
P1: N=2, mean=32 (+/-3.91992).
P2: N=2, mean=34.5 (+/-4.8999).

Agent 2 (SHUCTAnyTime)
Winning score (between 0 and 1) : N=4, mean=0.75 (+/-0.48999).
P1: N=2, mean=0.5 (+/-0.97998).
P2: N=2, mean=1 (+/-0).
Game Durations: N=4, mean=33.25 (+/-2.926298).
P1: N=2, mean=34.5 (+/-4.8999).
P2: N=2, mean=32 (+/-3.91992).
=====================================================
84
73
62
50
40
30
26
21
18
17
11
8
7
8
5
3
2
=====================================================
Completed 5 games.

Agent 1 (SHUCT)
Winning score (between 0 and 1) : N=5, mean=0.4 (+/-0.48009).
P1: N=3, mean=0.333333 (+/-0.65332).
P2: N=2, mean=0.5 (+/-0.97998).
Game Durations: N=5, mean=33.2 (+/-2.268818).
P1: N=3, mean=32.333333 (+/-2.355579).
P2: N=2, mean=34.5 (+/-4.8999).

Agent 2 (SHUCTAnyTime)
Winning score (between 0 and 1) : N=5, mean=0.6 (+/-0.48009).
P1: N=2, mean=0.5 (+/-0.97998).
P2: N=3, mean=0.666667 (+/-0.65332).
Game Durations: N=5, mean=33.2 (+/-2.268818).
P1: N=2, mean=34.5 (+/-4.8999).
P2: N=3, mean=32.333333 (+/-2.355579).
=====================================================
79
68
55
48
37
32
22
19
17
15
12
10
7
5
3
2
84
73
62
52
42
34
27
23
19
14
12
13
8
6
5
3
1
79
68
57
44
36
34
27
21
15
14
13
9
8
6
4
1
84
71
62
58
49
38
34
25
20
15
12
11
12
10
7
7
4
2
77
67
53
44
38
28
24
17
14
10
7
5
4
3
2
1
=====================================================
Completed 10 games.

Agent 1 (SHUCT)
Winning score (between 0 and 1) : N=10, mean=0.4 (+/-0.32006).
P1: N=5, mean=0.4 (+/-0.48009).
P2: N=5, mean=0.4 (+/-0.48009).
Game Durations: N=10, mean=33.3 (+/-1.241308).
P1: N=5, mean=33.2 (+/-1.900252).
P2: N=5, mean=33.4 (+/-1.817592).

Agent 2 (SHUCTAnyTime)
Winning score (between 0 and 1) : N=10, mean=0.6 (+/-0.32006).
P1: N=5, mean=0.6 (+/-0.48009).
P2: N=5, mean=0.6 (+/-0.48009).
Game Durations: N=10, mean=33.3 (+/-1.241308).
P1: N=5, mean=33.4 (+/-1.817592).
P2: N=5, mean=33.2 (+/-1.900252).
=====================================================
84
72
59
50
47
41
33
26
22
15
13
10
8
7
4
1
77
67
56
47
38
30
24
24
20
14
12
8
7
6
5
2
84
72
63
53
42
38
27
28
20
18
15
12
9
7
5
3
2
1
78
65
54
42
35
31
28
24
22
16
14
9
8
8
5
3
2
1
84
72
62
51
39
33
28
23
18
11
9
9
8
8
6
6
5
2
77
66
55
46
37
29
20
17
16
14
13
11
7
7
6
4
2
1
84
74
63
52
46
39
29
26
24
15
13
10
10
10
7
5
4
2
3
78
64
52
46
38
33
26
23
19
15
13
12
10
9
7
6
5
1
84
70
62
54
44
31
25
19
18
14
13
10
10
7
6
5
3
1
79
65
53
45
37
28
20
18
14
15
16
14
13
11
8
5
3
2
=====================================================
Completed 20 games.

Agent 1 (SHUCT)
Winning score (between 0 and 1) : N=20, mean=0.45 (+/-0.223696).
P1: N=10, mean=0.3 (+/-0.299389).
P2: N=10, mean=0.6 (+/-0.32006).
Game Durations: N=20, mean=34.35 (+/-0.924511).
P1: N=10, mean=34.3 (+/-1.462328).
P2: N=10, mean=34.4 (+/-1.211728).

Agent 2 (SHUCTAnyTime)
Winning score (between 0 and 1) : N=20, mean=0.55 (+/-0.223696).
P1: N=10, mean=0.4 (+/-0.32006).
P2: N=10, mean=0.7 (+/-0.299389).
Game Durations: N=20, mean=34.35 (+/-0.924511).
P1: N=10, mean=34.4 (+/-1.211728).
P2: N=10, mean=34.3 (+/-1.462328).
=====================================================
84
71
60
49
40
32
24
15
11
11
8
5
4
4
2
78
67
54
44
35
26
16
13
8
6
6
4
3
2
84
72
59
50
42
31
20
14
8
9
7
3
4
6
4
3
2
1
79
67
53
42
32
28
26
19
12
12
10
11
12
9
5
2
1
84
73
60
50
43
33
29
22
17
15
12
10
8
6
5
3
1
79
66
53
45
36
27
20
17
14
14
11
11
12
9
5
5
2
1
84
72
61
51
42
35
30
23
19
16
13
11
8
8
6
1
77
65
55
48
36
31
29
21
17
15
10
6
4
3
2
84
73
62
52
45
36
32
26
21
16
14
12
10
8
9
5
3
1
78
65
54
41
34
28
21
18
15
16
12
10
9
6
5
6
3
=====================================================
Completed 30 games.

Agent 1 (SHUCT)
Winning score (between 0 and 1) : N=30, mean=0.433333 (+/-0.180353).
P1: N=15, mean=0.333333 (+/-0.246932).
P2: N=15, mean=0.533333 (+/-0.261328).
Game Durations: N=30, mean=33.933333 (+/-0.829591).
P1: N=15, mean=33.933333 (+/-1.21675).
P2: N=15, mean=33.933333 (+/-1.170779).

Agent 2 (SHUCTAnyTime)
Winning score (between 0 and 1) : N=30, mean=0.566667 (+/-0.180353).
P1: N=15, mean=0.466667 (+/-0.261328).
P2: N=15, mean=0.666667 (+/-0.246932).
Game Durations: N=30, mean=33.933333 (+/-0.829591).
P1: N=15, mean=33.933333 (+/-1.170779).
P2: N=15, mean=33.933333 (+/-1.21675).
=====================================================
84
72
59
50
42
35
28
24
21
20
14
14
14
12
9
6
2
2
79
68
55
46
35
30
21
15
14
10
9
6
3
2
1
84
70
58
50
47
36
27
24
20
15
12
12
9
8
6
3
1
79
68
58
47
38
28
19
16
13
13
8
6
5
3
1
84
72
59
50
43
35
29
29
24
19
12
10
9
7
6
3
2
77
65
52
43
35
26
25
23
18
16
12
11
7
6
4
2
84
73
63
56
46
36
28
24
18
17
14
11
11
7
6
5
4
1
77
66
55
49
40
31
23
16
13
8
8
8
9
7
5
4
3
2
1
84
73
61
52
44
36
28
24
19
14
13
12
8
5
4
3
2
78
71
61
51
41
31
26
19
16
16
16
12
12
9
7
5
4
2
=====================================================
Completed 40 games.

Agent 1 (SHUCT)
Winning score (between 0 and 1) : N=40, mean=0.45 (+/-0.156136).
P1: N=20, mean=0.35 (+/-0.214467).
P2: N=20, mean=0.55 (+/-0.223696).
Game Durations: N=40, mean=33.95 (+/-0.729141).
P1: N=20, mean=34.05 (+/-0.915722).
P2: N=20, mean=33.85 (+/-1.157565).

Agent 2 (SHUCTAnyTime)
Winning score (between 0 and 1) : N=40, mean=0.55 (+/-0.156136).
P1: N=20, mean=0.45 (+/-0.223696).
P2: N=20, mean=0.65 (+/-0.214467).
Game Durations: N=40, mean=33.95 (+/-0.729141).
P1: N=20, mean=33.85 (+/-1.157565).
P2: N=20, mean=34.05 (+/-0.915722).
=====================================================
84
70
61
52
45
36
27
24
19
14
10
9
7
5
4
3
2
78
65
56
49
38
34
25
21
19
15
11
7
5
3
1
84
72
61
48
40
29
24
23
15
10
10
10
8
7
4
3
2
1
78
65
57
49
41
33
22
18
17
12
11
14
9
6
5
2
84
72
61
52
40
34
28
25
21
19
16
10
9
8
6
3
2
77
63
55
47
45
36
31
29
23
14
12
9
8
5
6
4
3
84
73
61
52
41
31
24
19
20
15
13
11
8
6
4
4
1
77
64
52
44
37
33
25
22
14
13
12
14
12
10
9
5
4
2
1
84
70
61
48
38
29
22
15
14
8
7
4
4
2
78
66
56
47
41
33
26
25
22
15
11
11
8
6
3
2
=====================================================
Completed 50 games.

Agent 1 (SHUCT)
Winning score (between 0 and 1) : N=50, mean=0.48 (+/-0.139885).
P1: N=25, mean=0.44 (+/-0.198592).
P2: N=25, mean=0.52 (+/-0.199877).
Game Durations: N=50, mean=33.78 (+/-0.667984).
P1: N=25, mean=33.72 (+/-0.880311).
P2: N=25, mean=33.84 (+/-1.022691).

Agent 2 (SHUCTAnyTime)
Winning score (between 0 and 1) : N=50, mean=0.52 (+/-0.139885).
P1: N=25, mean=0.48 (+/-0.199877).
P2: N=25, mean=0.56 (+/-0.198592).
Game Durations: N=50, mean=33.78 (+/-0.667984).
P1: N=25, mean=33.84 (+/-1.022691).
P2: N=25, mean=33.72 (+/-0.880311).
=====================================================
84
72
60
50
40
35
29
23
20
18
15
10
8
8
6
4
2
77
63
52
45
35
31
27
22
18
15
12
11
8
7
6
2
84
70
58
48
36
29
21
14
13
10
10
9
6
6
4
2
1
77
65
56
46
35
27
25
18
10
8
6
5
4
2
2
84
71
63
53
46
36
33
28
21
13
10
10
7
6
5
5
1
80
67
57
47
36
30
22
21
18
16
14
13
9
6
4
4
2
2
84
70
58
47
36
28
23
19
16
14
13
9
6
4
3
2
1
78
66
53
43
36
29
21
17
13
13
14
12
9
6
7
4
1
84
72
61
50
41
40
37
28
24
21
16
11
8
8
7
5
2
77
64
57
46
34
28
22
17
15
14
12
9
8
6
4
1
=====================================================
Completed 60 games.

Agent 1 (SHUCT)
Winning score (between 0 and 1) : N=60, mean=0.5 (+/-0.127583).
P1: N=30, mean=0.533333 (+/-0.181573).
P2: N=30, mean=0.466667 (+/-0.181573).
Game Durations: N=60, mean=33.7 (+/-0.580559).
P1: N=30, mean=33.6 (+/-0.737552).
P2: N=30, mean=33.8 (+/-0.908189).

Agent 2 (SHUCTAnyTime)
Winning score (between 0 and 1) : N=60, mean=0.5 (+/-0.127583).
P1: N=30, mean=0.533333 (+/-0.181573).
P2: N=30, mean=0.466667 (+/-0.181573).
Game Durations: N=60, mean=33.7 (+/-0.580559).
P1: N=30, mean=33.8 (+/-0.908189).
P2: N=30, mean=33.6 (+/-0.737552).
=====================================================
84
73
62
49
37
32
26
18
14
11
7
8
7
6
4
2
1
79
67
54
42
32
23
16
13
10
8
6
5
3
4
1
84
72
60
49
39
30
22
18
17
14
11
10
8
7
5
3
1
79
68
59
49
38
29
28
19
16
15
12
10
10
6
4
2
84
74
60
50
41
31
22
16
13
12
14
10
9
7
4
4
78
69
57
48
37
28
24
17
13
9
9
9
8
6
7
4
3
1
84
77
66
54
48
37
27
22
23
16
15
9
11
7
5
3
2
77
69
59
47
37
28
23
18
15
15
15
14
9
7
6
4
3
1
84
71
57
47
41
32
28
23
20
15
14
10
6
6
5
4
4
3
1
79
68
57
47
44
37
29
24
17
12
9
7
5
4
2
=====================================================
Completed 70 games.

Agent 1 (SHUCT)
Winning score (between 0 and 1) : N=70, mean=0.514286 (+/-0.117928).
P1: N=35, mean=0.542857 (+/-0.167447).
P2: N=35, mean=0.485714 (+/-0.167997).
Game Durations: N=70, mean=33.671429 (+/-0.54206).
P1: N=35, mean=33.628571 (+/-0.667856).
P2: N=35, mean=33.714286 (+/-0.863802).

Agent 2 (SHUCTAnyTime)
Winning score (between 0 and 1) : N=70, mean=0.485714 (+/-0.117928).
P1: N=35, mean=0.514286 (+/-0.167997).
P2: N=35, mean=0.457143 (+/-0.167447).
Game Durations: N=70, mean=33.671429 (+/-0.54206).
P1: N=35, mean=33.714286 (+/-0.863802).
P2: N=35, mean=33.628571 (+/-0.667856).
=====================================================
84
74
66
54
44
36
28
24
18
16
14
10
8
6
5
5
2
78
65
56
49
38
35
26
22
18
13
12
9
7
5
5
5
4
4
1
84
70
57
47
37
33
26
23
18
11
11
9
8
4
2
1
77
67
58
50
39
30
28
22
17
16
16
14
11
8
5
1
84
74
66
59
47
38
29
23
19
13
13
13
11
8
7
5
2
1
79
65
56
49
38
28
25
22
18
14
13
12
10
9
7
5
4
3
84
73
62
51
39
30
21
17
14
12
10
9
5
5
3
1
79
67
56
45
35
26
20
18
12
9
8
7
5
3
2
84
71
58
48
38
29
22
17
15
14
14
11
7
7
5
4
1
77
64
56
48
45
40
33
28
21
17
15
11
10
8
5
4
1
=====================================================
Completed 80 games.

Agent 1 (SHUCT)
Winning score (between 0 and 1) : N=80, mean=0.5125 (+/-0.110222).
P1: N=40, mean=0.55 (+/-0.156136).
P2: N=40, mean=0.475 (+/-0.156726).
Game Durations: N=80, mean=33.6875 (+/-0.507172).
P1: N=40, mean=33.55 (+/-0.607555).
P2: N=40, mean=33.825 (+/-0.818068).

Agent 2 (SHUCTAnyTime)
Winning score (between 0 and 1) : N=80, mean=0.4875 (+/-0.110222).
P1: N=40, mean=0.525 (+/-0.156726).
P2: N=40, mean=0.45 (+/-0.156136).
Game Durations: N=80, mean=33.6875 (+/-0.507172).
P1: N=40, mean=33.825 (+/-0.818068).
P2: N=40, mean=33.55 (+/-0.607555).
=====================================================
84
70
59
49
37
32
27
26
18
11
10
10
10
9
7
5
3
2
1
78
67
58
45
37
32
25
24
15
13
13
8
6
5
4
4
2
2
84
73
61
52
44
35
26
19
15
14
9
6
5
4
4
2
79
65
56
47
40
33
29
22
16
10
10
7
5
3
2
84
72
59
48
39
30
26
20
18
15
12
10
8
5
3
2
78
65
52
40
35
26
21
17
13
9
5
5
3
1
84
70
59
48
37
31
29
25
19
13
13
14
9
6
4
3
2
77
66
56
48
36
27
20
14
9
9
7
5
3
1
84
73
61
53
51
41
32
23
17
13
11
8
4
3
2
77
63
55
46
37
34
28
24
15
14
10
8
7
5
5
4
2
=====================================================
Completed 90 games.

Agent 1 (SHUCT)
Winning score (between 0 and 1) : N=90, mean=0.488889 (+/-0.103852).
P1: N=45, mean=0.533333 (+/-0.147409).
P2: N=45, mean=0.444444 (+/-0.146823).
Game Durations: N=90, mean=33.544444 (+/-0.496648).
P1: N=45, mean=33.466667 (+/-0.589635).
P2: N=45, mean=33.622222 (+/-0.805681).

Agent 2 (SHUCTAnyTime)
Winning score (between 0 and 1) : N=90, mean=0.511111 (+/-0.103852).
P1: N=45, mean=0.555556 (+/-0.146823).
P2: N=45, mean=0.466667 (+/-0.147409).
Game Durations: N=90, mean=33.544444 (+/-0.496648).
P1: N=45, mean=33.622222 (+/-0.805681).
P2: N=45, mean=33.466667 (+/-0.589635).
=====================================================
84
71
58
46
36
26
21
19
16
17
15
10
8
7
5
3
2
78
66
55
45
36
26
22
17
16
15
14
10
10
10
6
3
84
73
62
52
41
37
31
23
18
15
11
7
8
5
4
2
2
80
68
60
48
39
33
32
26
22
16
14
12
10
9
7
5
4
2
84
72
62
53
43
37
34
22
18
14
9
5
4
3
3
1
78
66
57
47
36
29
25
20
15
16
17
16
11
9
4
2
2
84
72
63
52
44
33
26
19
18
15
12
8
6
5
4
1
79
67
56
46
42
36
28
22
17
12
10
9
5
1
84
74
62
50
39
34
29
21
18
15
14
11
9
6
5
4
3
80
68
60
48
37
29
22
23
16
15
14
9
8
7
5
3
=====================================================
Completed 100 games.

Agent 1 (SHUCT)
Winning score (between 0 and 1) : N=100, mean=0.48 (+/-0.098413).
P1: N=50, mean=0.52 (+/-0.139885).
P2: N=50, mean=0.44 (+/-0.138986).
Game Durations: N=100, mean=33.48 (+/-0.467378).
P1: N=50, mean=33.4 (+/-0.542929).
P2: N=50, mean=33.56 (+/-0.7661).

Agent 2 (SHUCTAnyTime)
Winning score (between 0 and 1) : N=100, mean=0.52 (+/-0.098413).
P1: N=50, mean=0.56 (+/-0.138986).
P2: N=50, mean=0.48 (+/-0.139885).
Game Durations: N=100, mean=33.48 (+/-0.467378).
P1: N=50, mean=33.56 (+/-0.7661).
P2: N=50, mean=33.4 (+/-0.542929).
=====================================================
